router contains 73 entries 
 
  Index   Key(hex)    Mask(hex)    Route(hex)    Src. Core -> [Cores][Links]
------------------------------------------------------------------------------
    0     0x00056C00       0xFFFFFF00      0x00000004         (0, 5, 13)      [] [N]
    1     0x00056300       0xFFFFFF00      0x00000020         (0, 5, 12)      [] [S]
    2     0x00022E80       0xFFFFFF80      0x00200000         (0, 2, 5)      [15] []
    3     0x00020E00       0xFFFFFF80      0x00FFFF80         (0, 2, 1)      [1, 2, 3, 4, 5, 6, 7, 8, 9, 10, 11, 12, 13, 14, 15, 16, 17] []
    4     0x00053600       0xFFFFFF00      0x00000010         (0, 5, 6)      [] [SW]
    5     0x00022F00       0xFFFFFF80      0x00400000         (0, 2, 5)      [16] []
    6     0x00052B00       0xFFFFFF00      0x00000010         (0, 5, 5)      [] [SW]
    7     0x00053200       0xFFFFFF00      0x00000010         (0, 5, 6)      [] [SW]
    8     0x00020C80       0xFFFFFF80      0x00000002         (0, 2, 1)      [] [NE]
    9     0x00052500       0xFFFFFF00      0x00000010         (0, 5, 4)      [] [SW]
    10     0x00022C00       0xFFFFFF80      0x00010000         (0, 2, 5)      [10] []
    11     0x00056900       0xFFFFFF00      0x00000020         (0, 5, 13)      [] [S]
    12     0x00051F00       0xFFFFFF00      0x00000010         (0, 5, 3)      [] [SW]
    13     0x00051E00       0xFFFFFF00      0x00000010         (0, 5, 3)      [] [SW]
    14     0x00056100       0xFFFFFF00      0x00000020         (0, 5, 12)      [] [S]
    15     0x00056D00       0xFFFFFF00      0x00000004         (0, 5, 13)      [] [N]
    16     0x00033900       0xFFFFFF00      0x00000020         (0, 3, 7)      [] [S]
    17     0x00051C00       0xFFFFFF00      0x00000010         (0, 5, 3)      [] [SW]
    18     0x00052C00       0xFFFFFF00      0x00000010         (0, 5, 5)      [] [SW]
    19     0x00056E00       0xFFFFFF00      0x00000004         (0, 5, 13)      [] [N]
    20     0x00052600       0xFFFFFF00      0x00000010         (0, 5, 4)      [] [SW]
    21     0x00051B00       0xFFFFFF00      0x00000010         (0, 5, 3)      [] [SW]
    22     0x00056800       0xFFFFFF00      0x00000020         (0, 5, 13)      [] [S]
    23     0x00052000       0xFFFFFF00      0x00000010         (0, 5, 4)      [] [SW]
    24     0x00056200       0xFFFFFF00      0x00000020         (0, 5, 12)      [] [S]
    25     0x00052D00       0xFFFFFF00      0x00000010         (0, 5, 5)      [] [SW]
    26     0x00053400       0xFFFFFF00      0x00000010         (0, 5, 6)      [] [SW]
    27     0x00033A00       0xFFFFFF00      0x00000020         (0, 3, 7)      [] [S]
    28     0x00022880       0xFFFFFF80      0x00000200         (0, 2, 5)      [3] []
    29     0x00022780       0xFFFFFF80      0x00000080         (0, 2, 4)      [1] []
    30     0x00022A80       0xFFFFFF80      0x00002000         (0, 2, 5)      [7] []
    31     0x00022C80       0xFFFFFF80      0x00020000         (0, 2, 5)      [11] []
    32     0x00056000       0xFFFFFF00      0x00000020         (0, 5, 12)      [] [S]
    33     0x00052700       0xFFFFFF00      0x00000010         (0, 5, 4)      [] [SW]
    34     0x00022980       0xFFFFFF80      0x00000800         (0, 2, 5)      [5] []
    35     0x00033800       0xFFFFFF00      0x00000020         (0, 3, 7)      [] [S]
    36     0x00052100       0xFFFFFF00      0x00000010         (0, 5, 4)      [] [SW]
    37     0x00055F00       0xFFFFFF00      0x00000020         (0, 5, 11)      [] [S]
    38     0x00053300       0xFFFFFF00      0x00000010         (0, 5, 6)      [] [SW]
    39     0x00033600       0xFFFFFF00      0x00000020         (0, 3, 6)      [] [S]
    40     0x00052E00       0xFFFFFF00      0x00000010         (0, 5, 5)      [] [SW]
    41     0x00033B00       0xFFFFFF00      0x00000020         (0, 3, 7)      [] [S]
    42     0x00052A00       0xFFFFFF00      0x00000010         (0, 5, 5)      [] [SW]
    43     0x00056A00       0xFFFFFF00      0x00000004         (0, 5, 13)      [] [N]
    44     0x00033500       0xFFFFFF00      0x00000020         (0, 3, 6)      [] [S]
    45     0x00052800       0xFFFFFF00      0x00000010         (0, 5, 5)      [] [SW]
    46     0x00056400       0xFFFFFF00      0x00000020         (0, 5, 12)      [] [S]
    47     0x00052200       0xFFFFFF00      0x00000010         (0, 5, 4)      [] [SW]
    48     0x00052F00       0xFFFFFF00      0x00000010         (0, 5, 5)      [] [SW]
    49     0x00022D00       0xFFFFFF80      0x00040000         (0, 2, 5)      [12] []
    50     0x00033C00       0xFFFFFF00      0x00000020         (0, 3, 7)      [] [S]
    51     0x00056500       0xFFFFFF00      0x00000020         (0, 5, 12)      [] [S]
    52     0x00022B00       0xFFFFFF80      0x00004000         (0, 2, 5)      [8] []
    53     0x00053100       0xFFFFFF00      0x00000010         (0, 5, 6)      [] [SW]
    54     0x00020D00       0xFFFFFF80      0x00000002         (0, 2, 1)      [] [NE]
    55     0x00052900       0xFFFFFF00      0x00000010         (0, 5, 5)      [] [SW]
    56     0x00022F80       0xFFFFFF80      0x00800000         (0, 2, 5)      [17] []
    57     0x00055E00       0xFFFFFF00      0x00000020         (0, 5, 11)      [] [S]
    58     0x00056600       0xFFFFFF00      0x00000020         (0, 5, 12)      [] [S]
    59     0x00052300       0xFFFFFF00      0x00000010         (0, 5, 4)      [] [SW]
    60     0x00022A00       0xFFFFFF80      0x00001000         (0, 2, 5)      [6] []
    61     0x00051D00       0xFFFFFF00      0x00000010         (0, 5, 3)      [] [SW]
    62     0x00056B00       0xFFFFFF00      0x00000004         (0, 5, 13)      [] [N]
    63     0x00022D80       0xFFFFFF80      0x00080000         (0, 2, 5)      [13] []
    64     0x00056700       0xFFFFFF00      0x00000020         (0, 5, 12)      [] [S]
    65     0x00053000       0xFFFFFF00      0x00000010         (0, 5, 6)      [] [SW]
    66     0x00033700       0xFFFFFF00      0x00000020         (0, 3, 6)      [] [S]
    67     0x00022800       0xFFFFFF80      0x00000100         (0, 2, 5)      [2] []
    68     0x00022900       0xFFFFFF80      0x00000400         (0, 2, 5)      [4] []
    69     0x00022B80       0xFFFFFF80      0x00008000         (0, 2, 5)      [9] []
    70     0x00053500       0xFFFFFF00      0x00000010         (0, 5, 6)      [] [SW]
    71     0x00052400       0xFFFFFF00      0x00000010         (0, 5, 4)      [] [SW]
    72     0x00022E00       0xFFFFFF80      0x00100000         (0, 2, 5)      [14] []
