router contains 278 entries 
 
  Index   Key(hex)    Mask(hex)    Route(hex)    Src. Core -> [Cores][Links]
------------------------------------------------------------------------------
    0     0x00022980       0xFFFFFF80      0x00000018         (0, 2, 5)      [] [W, SW]
    1     0x00013E80       0xFFFFFF80      0x00000006         (0, 1, 7)      [] [NE, N]
    2     0x0004E500       0xFFFFFF00      0x00000020         (0, 4, 12)      [] [S]
    3     0x00021380       0xFFFFFF80      0x00F00000         (0, 2, 2)      [16, 17, 14, 15] []
    4     0x00022400       0xFFFFFF80      0x00000010         (0, 2, 4)      [] [SW]
    5     0x00008980       0xFFFFFF80      0x00000020         (0, 0, 1)      [] [S]
    6     0x00015A80       0xFFFFFF80      0x00000006         (0, 1, 11)      [] [NE, N]
    7     0x00013200       0xFFFFFF80      0x00000006         (0, 1, 6)      [] [NE, N]
    8     0x00022C80       0xFFFFFF80      0x00100808         (0, 2, 5)      [5, 14] [W]
    9     0x00022B00       0xFFFFFF80      0x00000018         (0, 2, 5)      [] [W, SW]
    10     0x00014900       0xFFFFFF80      0x00000002         (0, 1, 9)      [] [NE]
    11     0x00021300       0xFFFFFF80      0x000FFC00         (0, 2, 2)      [4, 5, 6, 7, 8, 9, 10, 11, 12, 13] []
    12     0x00008800       0xFFFFFF80      0x00000020         (0, 0, 1)      [] [S]
    13     0x0000EC00       0xFFFFFF80      0x00000002         (0, 0, 13)      [] [NE]
    14     0x0001DE00       0xFFFFFF80      0x00000010         (0, 1, 11)      [] [SW]
    15     0x00013B00       0xFFFFFF80      0x00000002         (0, 1, 7)      [] [NE]
    16     0x0001A680       0xFFFFFF80      0x00000010         (0, 1, 4)      [] [SW]
    17     0x00014A80       0xFFFFFF80      0x00000002         (0, 1, 9)      [] [NE]
    18     0x00008700       0xFFFFFF80      0x00000020         (0, 0, 0)      [] [S]
    19     0x0005FF00       0xFFFFFF00      0x00000002         (0, 5, 15)      [] [NE]
    20     0x0001DD80       0xFFFFFF80      0x00000010         (0, 1, 11)      [] [SW]
    21     0x0001E380       0xFFFFFF80      0x00000010         (0, 1, 12)      [] [SW]
    22     0x00015C80       0xFFFFFF80      0x00000004         (0, 1, 11)      [] [N]
    23     0x00008780       0xFFFFFF80      0x00000020         (0, 0, 0)      [] [S]
    24     0x00060200       0xFFFFFF00      0x00000002         (0, 6, 0)      [] [NE]
    25     0x00013000       0xFFFFFF80      0x00000006         (0, 1, 6)      [] [NE, N]
    26     0x0000FB00       0xFFFFFF80      0x00000002         (0, 0, 15)      [] [NE]
    27     0x0001A900       0xFFFFFF80      0x00000010         (0, 1, 5)      [] [SW]
    28     0x0001B580       0xFFFFFF80      0x00000010         (0, 1, 6)      [] [SW]
    29     0x00018800       0xFFFFFF80      0x00000002         (0, 1, 1)      [] [NE]
    30     0x00014700       0xFFFFFF80      0x00000002         (0, 1, 8)      [] [NE]
    31     0x00008680       0xFFFFFF80      0x00000020         (0, 0, 0)      [] [S]
    32     0x0001B400       0xFFFFFF80      0x00000010         (0, 1, 6)      [] [SW]
    33     0x00016080       0xFFFFFF80      0x00000006         (0, 1, 12)      [] [NE, N]
    34     0x0001B200       0xFFFFFF80      0x00000010         (0, 1, 6)      [] [SW]
    35     0x0004D000       0xFFFFFF00      0x00000010         (0, 4, 10)      [] [SW]
    36     0x00023000       0xFFFFFF80      0x00040100         (0, 2, 6)      [2, 12] []
    37     0x00018880       0xFFFFFF80      0x00000002         (0, 1, 1)      [] [NE]
    38     0x00022700       0xFFFFFF80      0x00000018         (0, 2, 4)      [] [W, SW]
    39     0x0001A800       0xFFFFFF80      0x00000010         (0, 1, 5)      [] [SW]
    40     0x0004E800       0xFFFFFF00      0x00000020         (0, 4, 13)      [] [S]
    41     0x00022380       0xFFFFFF80      0x00000010         (0, 2, 4)      [] [SW]
    42     0x0004E300       0xFFFFFF00      0x00000020         (0, 4, 12)      [] [S]
    43     0x0001E700       0xFFFFFF80      0x00000010         (0, 1, 12)      [] [SW]
    44     0x00022B80       0xFFFFFF80      0x00000018         (0, 2, 5)      [] [W, SW]
    45     0x00013F00       0xFFFFFF80      0x00000006         (0, 1, 7)      [] [NE, N]
    46     0x00008900       0xFFFFFF80      0x00000020         (0, 0, 1)      [] [S]
    47     0x0001D500       0xFFFFFF80      0x00000010         (0, 1, 10)      [] [SW]
    48     0x00043700       0xFFFFFF00      0x00000010         (0, 4, 6)      [] [SW]
    49     0x0001AD80       0xFFFFFF80      0x00000010         (0, 1, 5)      [] [SW]
    50     0x0001D800       0xFFFFFF80      0x00000010         (0, 1, 11)      [] [SW]
    51     0x00022F80       0xFFFFFF80      0x00020080         (0, 2, 5)      [1, 11] []
    52     0x00014880       0xFFFFFF80      0x00000002         (0, 1, 9)      [] [NE]
    53     0x00042E00       0xFFFFFF00      0x00000010         (0, 4, 5)      [] [SW]
    54     0x00042A00       0xFFFFFF00      0x00000010         (0, 4, 5)      [] [SW]
    55     0x0001D100       0xFFFFFF80      0x00000010         (0, 1, 10)      [] [SW]
    56     0x0004E900       0xFFFFFF00      0x00000020         (0, 4, 13)      [] [S]
    57     0x00022A00       0xFFFFFF80      0x00000018         (0, 2, 5)      [] [W, SW]
    58     0x00013980       0xFFFFFF80      0x00000002         (0, 1, 7)      [] [NE]
    59     0x00014980       0xFFFFFF80      0x00000002         (0, 1, 9)      [] [NE]
    60     0x00022A80       0xFFFFFF80      0x00000018         (0, 2, 5)      [] [W, SW]
    61     0x0000FA00       0xFFFFFF80      0x00000002         (0, 0, 15)      [] [NE]
    62     0x0001D200       0xFFFFFF80      0x00000010         (0, 1, 10)      [] [SW]
    63     0x0001AB80       0xFFFFFF80      0x00000010         (0, 1, 5)      [] [SW]
    64     0x0001AA00       0xFFFFFF80      0x00000010         (0, 1, 5)      [] [SW]
    65     0x0001AE80       0xFFFFFF80      0x00000010         (0, 1, 5)      [] [SW]
    66     0x00015880       0xFFFFFF80      0x00000006         (0, 1, 11)      [] [NE, N]
    67     0x0001E300       0xFFFFFF80      0x00000010         (0, 1, 12)      [] [SW]
    68     0x00014F00       0xFFFFFF80      0x00000002         (0, 1, 9)      [] [NE]
    69     0x00013080       0xFFFFFF80      0x00000006         (0, 1, 6)      [] [NE, N]
    70     0x0001E600       0xFFFFFF80      0x00000010         (0, 1, 12)      [] [SW]
    71     0x00015F00       0xFFFFFF80      0x00000004         (0, 1, 11)      [] [N]
    72     0x0001D180       0xFFFFFF80      0x00000010         (0, 1, 10)      [] [SW]
    73     0x0001D700       0xFFFFFF80      0x00000010         (0, 1, 10)      [] [SW]
    74     0x00018680       0xFFFFFF80      0x00000002         (0, 1, 0)      [] [NE]
    75     0x00013A80       0xFFFFFF80      0x00000002         (0, 1, 7)      [] [NE]
    76     0x00012F00       0xFFFFFF80      0x00000006         (0, 1, 5)      [] [NE, N]
    77     0x0001AD00       0xFFFFFF80      0x00000010         (0, 1, 5)      [] [SW]
    78     0x0001AF80       0xFFFFFF80      0x00000010         (0, 1, 5)      [] [SW]
    79     0x00043300       0xFFFFFF00      0x00000010         (0, 4, 6)      [] [SW]
    80     0x00015A00       0xFFFFFF80      0x00000006         (0, 1, 11)      [] [NE, N]
    81     0x0004E200       0xFFFFFF00      0x00000020         (0, 4, 12)      [] [S]
    82     0x00013F80       0xFFFFFF80      0x00000002         (0, 1, 7)      [] [NE]
    83     0x00022200       0xFFFFFF80      0x00000010         (0, 2, 4)      [] [SW]
    84     0x0001DF00       0xFFFFFF80      0x00000010         (0, 1, 11)      [] [SW]
    85     0x00022D00       0xFFFFFF80      0x00201008         (0, 2, 5)      [6, 15] [W]
    86     0x0004CD00       0xFFFFFF00      0x00000010         (0, 4, 9)      [] [SW]
    87     0x0001D600       0xFFFFFF80      0x00000010         (0, 1, 10)      [] [SW]
    88     0x0004C800       0xFFFFFF00      0x00000010         (0, 4, 9)      [] [SW]
    89     0x0000F980       0xFFFFFF80      0x00000002         (0, 0, 15)      [] [NE]
    90     0x0001D880       0xFFFFFF80      0x00000010         (0, 1, 11)      [] [SW]
    91     0x00018B00       0xFFFFFF80      0x00000002         (0, 1, 1)      [] [NE]
    92     0x00022480       0xFFFFFF80      0x00000010         (0, 2, 4)      [] [SW]
    93     0x0001A780       0xFFFFFF80      0x00000010         (0, 1, 4)      [] [SW]
    94     0x00022280       0xFFFFFF80      0x00000010         (0, 2, 4)      [] [SW]
    95     0x00015D80       0xFFFFFF80      0x00000004         (0, 1, 11)      [] [N]
    96     0x0004F200       0xFFFFFF00      0x00000020         (0, 4, 14)      [] [S]
    97     0x00042F00       0xFFFFFF00      0x00000010         (0, 4, 5)      [] [SW]
    98     0x00060000       0xFFFFFF00      0x00000002         (0, 6, 0)      [] [NE]
    99     0x00022D80       0xFFFFFF80      0x00402008         (0, 2, 5)      [16, 7] [W]
    100     0x0001DB80       0xFFFFFF80      0x00000010         (0, 1, 11)      [] [SW]
    101     0x00022580       0xFFFFFF80      0x00000018         (0, 2, 4)      [] [W, SW]
    102     0x00015E80       0xFFFFFF80      0x00000004         (0, 1, 11)      [] [N]
    103     0x00022E00       0xFFFFFF80      0x00804000         (0, 2, 5)      [8, 17] []
    104     0x0004E400       0xFFFFFF00      0x00000020         (0, 4, 12)      [] [S]
    105     0x00022900       0xFFFFFF80      0x00000018         (0, 2, 5)      [] [W, SW]
    106     0x00043800       0xFFFFFF00      0x00000010         (0, 4, 7)      [] [SW]
    107     0x00022100       0xFFFFFF80      0x00000010         (0, 2, 4)      [] [SW]
    108     0x0004CE00       0xFFFFFF00      0x00000010         (0, 4, 9)      [] [SW]
    109     0x00018900       0xFFFFFF80      0x00000002         (0, 1, 1)      [] [NE]
    110     0x0001CF80       0xFFFFFF80      0x00000010         (0, 1, 9)      [] [SW]
    111     0x0001B080       0xFFFFFF80      0x00000010         (0, 1, 6)      [] [SW]
    112     0x0001A500       0xFFFFFF80      0x00000010         (0, 1, 4)      [] [SW]
    113     0x0004CC00       0xFFFFFF00      0x00000010         (0, 4, 9)      [] [SW]
    114     0x00012F80       0xFFFFFF80      0x00000006         (0, 1, 5)      [] [NE, N]
    115     0x00015B00       0xFFFFFF80      0x00000006         (0, 1, 11)      [] [NE, N]
    116     0x00018500       0xFFFFFF80      0x00000002         (0, 1, 0)      [] [NE]
    117     0x0001B380       0xFFFFFF80      0x00000010         (0, 1, 6)      [] [SW]
    118     0x00042B00       0xFFFFFF00      0x00000010         (0, 4, 5)      [] [SW]
    119     0x00008600       0xFFFFFF80      0x00000020         (0, 0, 0)      [] [S]
    120     0x0001E400       0xFFFFFF80      0x00000010         (0, 1, 12)      [] [SW]
    121     0x00023080       0xFFFFFF80      0x00080200         (0, 2, 6)      [3, 13] []
    122     0x00022500       0xFFFFFF80      0x00000010         (0, 2, 4)      [] [SW]
    123     0x0001A700       0xFFFFFF80      0x00000010         (0, 1, 4)      [] [SW]
    124     0x00018600       0xFFFFFF80      0x00000002         (0, 1, 0)      [] [NE]
    125     0x0001B500       0xFFFFFF80      0x00000010         (0, 1, 6)      [] [SW]
    126     0x0001E100       0xFFFFFF80      0x00000010         (0, 1, 12)      [] [SW]
    127     0x00015D00       0xFFFFFF80      0x00000004         (0, 1, 11)      [] [N]
    128     0x0000ED00       0xFFFFFF80      0x00000002         (0, 0, 13)      [] [NE]
    129     0x0001DE80       0xFFFFFF80      0x00000010         (0, 1, 11)      [] [SW]
    130     0x0005FD00       0xFFFFFF00      0x00000002         (0, 5, 15)      [] [NE]
    131     0x0004E700       0xFFFFFF00      0x00000020         (0, 4, 12)      [] [S]
    132     0x0004F000       0xFFFFFF00      0x00000020         (0, 4, 14)      [] [S]
    133     0x00042900       0xFFFFFF00      0x00000010         (0, 4, 5)      [] [SW]
    134     0x0001DF80       0xFFFFFF80      0x00000010         (0, 1, 11)      [] [SW]
    135     0x0001B300       0xFFFFFF80      0x00000010         (0, 1, 6)      [] [SW]
    136     0x00015E00       0xFFFFFF80      0x00000004         (0, 1, 11)      [] [N]
    137     0x0001D400       0xFFFFFF80      0x00000010         (0, 1, 10)      [] [SW]
    138     0x00060500       0xFFFFFF00      0x00000002         (0, 6, 0)      [] [NE]
    139     0x0001D080       0xFFFFFF80      0x00000010         (0, 1, 10)      [] [SW]
    140     0x0005F700       0xFFFFFF00      0x00000002         (0, 5, 14)      [] [NE]
    141     0x0001E200       0xFFFFFF80      0x00000010         (0, 1, 12)      [] [SW]
    142     0x00022600       0xFFFFFF80      0x00000018         (0, 2, 4)      [] [W, SW]
    143     0x00018A80       0xFFFFFF80      0x00000002         (0, 1, 1)      [] [NE]
    144     0x00014E80       0xFFFFFF80      0x00000002         (0, 1, 9)      [] [NE]
    145     0x00013B80       0xFFFFFF80      0x00000006         (0, 1, 7)      [] [NE, N]
    146     0x0001B180       0xFFFFFF80      0x00000010         (0, 1, 6)      [] [SW]
    147     0x00014D80       0xFFFFFF80      0x00000002         (0, 1, 9)      [] [NE]
    148     0x0001A880       0xFFFFFF80      0x00000010         (0, 1, 5)      [] [SW]
    149     0x0001D680       0xFFFFFF80      0x00000010         (0, 1, 10)      [] [SW]
    150     0x0005F600       0xFFFFFF00      0x00000002         (0, 5, 14)      [] [NE]
    151     0x00014B80       0xFFFFFF80      0x00000002         (0, 1, 9)      [] [NE]
    152     0x00014100       0xFFFFFF80      0x00000002         (0, 1, 8)      [] [NE]
    153     0x00008A00       0xFFFFFF80      0x00000020         (0, 0, 1)      [] [S]
    154     0x0001E780       0xFFFFFF80      0x00000010         (0, 1, 12)      [] [SW]
    155     0x00014080       0xFFFFFF80      0x00000002         (0, 1, 8)      [] [NE]
    156     0x00013380       0xFFFFFF80      0x00000006         (0, 1, 6)      [] [NE, N]
    157     0x00018980       0xFFFFFF80      0x00000002         (0, 1, 1)      [] [NE]
    158     0x0001D980       0xFFFFFF80      0x00000010         (0, 1, 11)      [] [SW]
    159     0x0000ED80       0xFFFFFF80      0x00000002         (0, 0, 13)      [] [NE]
    160     0x0001AE00       0xFFFFFF80      0x00000010         (0, 1, 5)      [] [SW]
    161     0x00013300       0xFFFFFF80      0x00000006         (0, 1, 6)      [] [NE, N]
    162     0x0001DB00       0xFFFFFF80      0x00000010         (0, 1, 11)      [] [SW]
    163     0x0005F800       0xFFFFFF00      0x00000002         (0, 5, 15)      [] [NE]
    164     0x00020A80       0xFFFFFF80      0x00000010         (0, 2, 1)      [] [SW]
    165     0x00060400       0xFFFFFF00      0x00000002         (0, 6, 0)      [] [NE]
    166     0x0000FA80       0xFFFFFF80      0x00000002         (0, 0, 15)      [] [NE]
    167     0x0001D000       0xFFFFFF80      0x00000010         (0, 1, 10)      [] [SW]
    168     0x0004C900       0xFFFFFF00      0x00000010         (0, 4, 9)      [] [SW]
    169     0x00014000       0xFFFFFF80      0x00000002         (0, 1, 8)      [] [NE]
    170     0x0005F900       0xFFFFFF00      0x00000002         (0, 5, 15)      [] [NE]
    171     0x0001E500       0xFFFFFF80      0x00000010         (0, 1, 12)      [] [SW]
    172     0x00015900       0xFFFFFF80      0x00000006         (0, 1, 11)      [] [NE, N]
    173     0x00018A00       0xFFFFFF80      0x00000002         (0, 1, 1)      [] [NE]
    174     0x0001DD00       0xFFFFFF80      0x00000010         (0, 1, 11)      [] [SW]
    175     0x00015980       0xFFFFFF80      0x00000006         (0, 1, 11)      [] [NE, N]
    176     0x00022E80       0xFFFFFF80      0x00008000         (0, 2, 5)      [9] []
    177     0x0001AC80       0xFFFFFF80      0x00000010         (0, 1, 5)      [] [SW]
    178     0x0005FA00       0xFFFFFF00      0x00000002         (0, 5, 15)      [] [NE]
    179     0x00013C80       0xFFFFFF80      0x00000006         (0, 1, 7)      [] [NE, N]
    180     0x00042C00       0xFFFFFF00      0x00000010         (0, 4, 5)      [] [SW]
    181     0x00022F00       0xFFFFFF80      0x00010000         (0, 2, 5)      [10] []
    182     0x00018400       0xFFFFFF80      0x00000002         (0, 1, 0)      [] [NE]
    183     0x00013D00       0xFFFFFF80      0x00000006         (0, 1, 7)      [] [NE, N]
    184     0x0004E600       0xFFFFFF00      0x00000020         (0, 4, 12)      [] [S]
    185     0x00020D00       0xFFFFFF80      0x00000010         (0, 2, 1)      [] [SW]
    186     0x00013280       0xFFFFFF80      0x00000006         (0, 1, 6)      [] [NE, N]
    187     0x0001D380       0xFFFFFF80      0x00000010         (0, 1, 10)      [] [SW]
    188     0x00014800       0xFFFFFF80      0x00000002         (0, 1, 9)      [] [NE]
    189     0x00022C00       0xFFFFFF80      0x00000408         (0, 2, 5)      [4] [W]
    190     0x0001E580       0xFFFFFF80      0x00000010         (0, 1, 12)      [] [SW]
    191     0x0004CB00       0xFFFFFF00      0x00000010         (0, 4, 9)      [] [SW]
    192     0x0001D580       0xFFFFFF80      0x00000010         (0, 1, 10)      [] [SW]
    193     0x00043000       0xFFFFFF00      0x00000010         (0, 4, 6)      [] [SW]
    194     0x0001DA00       0xFFFFFF80      0x00000010         (0, 1, 11)      [] [SW]
    195     0x00043500       0xFFFFFF00      0x00000010         (0, 4, 6)      [] [SW]
    196     0x00013C00       0xFFFFFF80      0x00000006         (0, 1, 7)      [] [NE, N]
    197     0x0004C700       0xFFFFFF00      0x00000010         (0, 4, 8)      [] [SW]
    198     0x0000EC80       0xFFFFFF80      0x00000002         (0, 0, 13)      [] [NE]
    199     0x0001E280       0xFFFFFF80      0x00000010         (0, 1, 12)      [] [SW]
    200     0x0001D900       0xFFFFFF80      0x00000010         (0, 1, 11)      [] [SW]
    201     0x0005FE00       0xFFFFFF00      0x00000002         (0, 5, 15)      [] [NE]
    202     0x00014C80       0xFFFFFF80      0x00000002         (0, 1, 9)      [] [NE]
    203     0x00022780       0xFFFFFF80      0x00000018         (0, 2, 4)      [] [W, SW]
    204     0x00022880       0xFFFFFF80      0x00000018         (0, 2, 5)      [] [W, SW]
    205     0x00014780       0xFFFFFF80      0x00000002         (0, 1, 8)      [] [NE]
    206     0x0001E680       0xFFFFFF80      0x00000010         (0, 1, 12)      [] [SW]
    207     0x00018700       0xFFFFFF80      0x00000002         (0, 1, 0)      [] [NE]
    208     0x00022180       0xFFFFFF80      0x00000010         (0, 2, 4)      [] [SW]
    209     0x0005FC00       0xFFFFFF00      0x00000002         (0, 5, 15)      [] [NE]
    210     0x0001E000       0xFFFFFF80      0x00000010         (0, 1, 12)      [] [SW]
    211     0x0001E180       0xFFFFFF80      0x00000010         (0, 1, 12)      [] [SW]
    212     0x00014C00       0xFFFFFF80      0x00000002         (0, 1, 9)      [] [NE]
    213     0x0001A600       0xFFFFFF80      0x00000010         (0, 1, 4)      [] [SW]
    214     0x0001B280       0xFFFFFF80      0x00000010         (0, 1, 6)      [] [SW]
    215     0x0001B480       0xFFFFFF80      0x00000010         (0, 1, 6)      [] [SW]
    216     0x00022800       0xFFFFFF80      0x00000018         (0, 2, 5)      [] [W, SW]
    217     0x00018480       0xFFFFFF80      0x00000002         (0, 1, 0)      [] [NE]
    218     0x00043100       0xFFFFFF00      0x00000010         (0, 4, 6)      [] [SW]
    219     0x0001AB00       0xFFFFFF80      0x00000010         (0, 1, 5)      [] [SW]
    220     0x0001B100       0xFFFFFF80      0x00000010         (0, 1, 6)      [] [SW]
    221     0x0001A580       0xFFFFFF80      0x00000010         (0, 1, 4)      [] [SW]
    222     0x0001AA80       0xFFFFFF80      0x00000010         (0, 1, 5)      [] [SW]
    223     0x00060100       0xFFFFFF00      0x00000002         (0, 6, 0)      [] [NE]
    224     0x0005F500       0xFFFFFF00      0x00000002         (0, 5, 14)      [] [NE]
    225     0x00014D00       0xFFFFFF80      0x00000002         (0, 1, 9)      [] [NE]
    226     0x0001E800       0xFFFFFF80      0x00000010         (0, 1, 13)      [] [SW]
    227     0x0001D780       0xFFFFFF80      0x00000010         (0, 1, 10)      [] [SW]
    228     0x00008880       0xFFFFFF80      0x00000020         (0, 0, 1)      [] [S]
    229     0x0004EA00       0xFFFFFF00      0x00000020         (0, 4, 13)      [] [S]
    230     0x00014E00       0xFFFFFF80      0x00000002         (0, 1, 9)      [] [NE]
    231     0x00014180       0xFFFFFF80      0x00000002         (0, 1, 8)      [] [NE]
    232     0x00012E80       0xFFFFFF80      0x00000006         (0, 1, 5)      [] [NE, N]
    233     0x00018380       0xFFFFFF80      0x00000002         (0, 1, 0)      [] [NE]
    234     0x00043200       0xFFFFFF00      0x00000010         (0, 4, 6)      [] [SW]
    235     0x00014A00       0xFFFFFF80      0x00000002         (0, 1, 9)      [] [NE]
    236     0x00013E00       0xFFFFFF80      0x00000006         (0, 1, 7)      [] [NE, N]
    237     0x0004F100       0xFFFFFF00      0x00000020         (0, 4, 14)      [] [S]
    238     0x0001DC00       0xFFFFFF80      0x00000010         (0, 1, 11)      [] [SW]
    239     0x00013180       0xFFFFFF80      0x00000006         (0, 1, 6)      [] [NE, N]
    240     0x0004EB00       0xFFFFFF00      0x00000020         (0, 4, 13)      [] [S]
    241     0x00060300       0xFFFFFF00      0x00000002         (0, 6, 0)      [] [NE]
    242     0x00020B00       0xFFFFFF80      0x00000010         (0, 2, 1)      [] [SW]
    243     0x00022680       0xFFFFFF80      0x00000018         (0, 2, 4)      [] [W, SW]
    244     0x0001E080       0xFFFFFF80      0x00000010         (0, 1, 12)      [] [SW]
    245     0x00018580       0xFFFFFF80      0x00000002         (0, 1, 0)      [] [NE]
    246     0x00018300       0xFFFFFF80      0x00000002         (0, 1, 0)      [] [NE]
    247     0x0004EE00       0xFFFFFF00      0x00000020         (0, 4, 13)      [] [S]
    248     0x0001AF00       0xFFFFFF80      0x00000010         (0, 1, 5)      [] [SW]
    249     0x00042D00       0xFFFFFF00      0x00000010         (0, 4, 5)      [] [SW]
    250     0x0004EC00       0xFFFFFF00      0x00000020         (0, 4, 13)      [] [S]
    251     0x0001AC00       0xFFFFFF80      0x00000010         (0, 1, 5)      [] [SW]
    252     0x0001DC80       0xFFFFFF80      0x00000010         (0, 1, 11)      [] [SW]
    253     0x0001DA80       0xFFFFFF80      0x00000010         (0, 1, 11)      [] [SW]
    254     0x00015F80       0xFFFFFF80      0x00000004         (0, 1, 11)      [] [N]
    255     0x00015C00       0xFFFFFF80      0x00000006         (0, 1, 11)      [] [NE, N]
    256     0x00043400       0xFFFFFF00      0x00000010         (0, 4, 6)      [] [SW]
    257     0x0001B000       0xFFFFFF80      0x00000010         (0, 1, 6)      [] [SW]
    258     0x00015B80       0xFFFFFF80      0x00000006         (0, 1, 11)      [] [NE, N]
    259     0x00021280       0xFFFFFF80      0x00000380         (0, 2, 2)      [1, 2, 3] []
    260     0x0004CF00       0xFFFFFF00      0x00000010         (0, 4, 9)      [] [SW]
    261     0x0004ED00       0xFFFFFF00      0x00000020         (0, 4, 13)      [] [S]
    262     0x0001E480       0xFFFFFF80      0x00000010         (0, 1, 12)      [] [SW]
    263     0x00013D80       0xFFFFFF80      0x00000006         (0, 1, 7)      [] [NE, N]
    264     0x0005FB00       0xFFFFFF00      0x00000002         (0, 5, 15)      [] [NE]
    265     0x00022300       0xFFFFFF80      0x00000010         (0, 2, 4)      [] [SW]
    266     0x00013100       0xFFFFFF80      0x00000006         (0, 1, 6)      [] [NE, N]
    267     0x0001D480       0xFFFFFF80      0x00000010         (0, 1, 10)      [] [SW]
    268     0x00013A00       0xFFFFFF80      0x00000002         (0, 1, 7)      [] [NE]
    269     0x0001D300       0xFFFFFF80      0x00000010         (0, 1, 10)      [] [SW]
    270     0x00014B00       0xFFFFFF80      0x00000002         (0, 1, 9)      [] [NE]
    271     0x0004CA00       0xFFFFFF00      0x00000010         (0, 4, 9)      [] [SW]
    272     0x0000FB80       0xFFFFFF80      0x00000002         (0, 0, 15)      [] [NE]
    273     0x00018780       0xFFFFFF80      0x00000002         (0, 1, 0)      [] [NE]
    274     0x00016000       0xFFFFFF80      0x00000006         (0, 1, 12)      [] [NE, N]
    275     0x00043600       0xFFFFFF00      0x00000010         (0, 4, 6)      [] [SW]
    276     0x0001D280       0xFFFFFF80      0x00000010         (0, 1, 10)      [] [SW]
    277     0x0004EF00       0xFFFFFF00      0x00000020         (0, 4, 13)      [] [S]
