router contains 57 entries 
 
  Index   Key(hex)    Mask(hex)    Route(hex)    Src. Core -> [Cores][Links]
------------------------------------------------------------------------------
    0     0x0001C780       0xFFFFFF80      0x00000008         (0, 1, 8)      [] [W]
    1     0x00020600       0xFFFFFF80      0x00000002         (0, 2, 0)      [] [NE]
    2     0x0001CE00       0xFFFFFF80      0x00000008         (0, 1, 9)      [] [W]
    3     0x00023080       0xFFFFFF80      0x00000020         (0, 2, 6)      [] [S]
    4     0x00016780       0xFFFFFF80      0x00000020         (0, 1, 12)      [] [S]
    5     0x0001FC80       0xFFFFFF80      0x00000008         (0, 1, 15)      [] [W]
    6     0x00062A00       0xFFFFFF00      0x00000020         (0, 6, 5)      [] [S]
    7     0x0001C880       0xFFFFFF80      0x00000008         (0, 1, 9)      [] [W]
    8     0x00062E00       0xFFFFFF00      0x00000020         (0, 6, 5)      [] [S]
    9     0x00062600       0xFFFFFF00      0x00000020         (0, 6, 4)      [] [S]
    10     0x00020580       0xFFFFFF80      0x00000002         (0, 2, 0)      [] [NE]
    11     0x00022C80       0xFFFFFF80      0x00000020         (0, 2, 5)      [] [S]
    12     0x00020500       0xFFFFFF80      0x00000002         (0, 2, 0)      [] [NE]
    13     0x00062800       0xFFFFFF00      0x00000020         (0, 6, 5)      [] [S]
    14     0x00016880       0xFFFFFF80      0x00000020         (0, 1, 13)      [] [S]
    15     0x0001CF00       0xFFFFFF80      0x00000008         (0, 1, 9)      [] [W]
    16     0x0001FA00       0xFFFFFF80      0x00000008         (0, 1, 15)      [] [W]
    17     0x0001CA00       0xFFFFFF80      0x00000008         (0, 1, 9)      [] [W]
    18     0x0001C800       0xFFFFFF80      0x00000008         (0, 1, 9)      [] [W]
    19     0x0001FD80       0xFFFFFF80      0x00000008         (0, 1, 15)      [] [W]
    20     0x00016800       0xFFFFFF80      0x00000020         (0, 1, 13)      [] [S]
    21     0x0001CA80       0xFFFFFF80      0x00000008         (0, 1, 9)      [] [W]
    22     0x0001FE80       0xFFFFFF80      0x00000008         (0, 1, 15)      [] [W]
    23     0x00022C00       0xFFFFFF80      0x00000020         (0, 2, 5)      [] [S]
    24     0x00062700       0xFFFFFF00      0x00000020         (0, 6, 4)      [] [S]
    25     0x0001FA80       0xFFFFFF80      0x00000008         (0, 1, 15)      [] [W]
    26     0x00062500       0xFFFFFF00      0x00000020         (0, 6, 4)      [] [S]
    27     0x00062D00       0xFFFFFF00      0x00000020         (0, 6, 5)      [] [S]
    28     0x0001CC80       0xFFFFFF80      0x00000008         (0, 1, 9)      [] [W]
    29     0x00023000       0xFFFFFF80      0x00000020         (0, 2, 6)      [] [S]
    30     0x0001CE80       0xFFFFFF80      0x00000008         (0, 1, 9)      [] [W]
    31     0x0001C700       0xFFFFFF80      0x00000008         (0, 1, 8)      [] [W]
    32     0x0001C900       0xFFFFFF80      0x00000008         (0, 1, 9)      [] [W]
    33     0x0001CB80       0xFFFFFF80      0x00000008         (0, 1, 9)      [] [W]
    34     0x0001CD80       0xFFFFFF80      0x00000008         (0, 1, 9)      [] [W]
    35     0x0001FB00       0xFFFFFF80      0x00000008         (0, 1, 15)      [] [W]
    36     0x0001FD00       0xFFFFFF80      0x00000008         (0, 1, 15)      [] [W]
    37     0x0001FB80       0xFFFFFF80      0x00000008         (0, 1, 15)      [] [W]
    38     0x00022D00       0xFFFFFF80      0x00000020         (0, 2, 5)      [] [S]
    39     0x00062B00       0xFFFFFF00      0x00000020         (0, 6, 5)      [] [S]
    40     0x00022E00       0xFFFFFF80      0x00000020         (0, 2, 5)      [] [S]
    41     0x00062300       0xFFFFFF00      0x00000020         (0, 6, 4)      [] [S]
    42     0x00022D80       0xFFFFFF80      0x00000020         (0, 2, 5)      [] [S]
    43     0x0001CC00       0xFFFFFF80      0x00000008         (0, 1, 9)      [] [W]
    44     0x00062C00       0xFFFFFF00      0x00000020         (0, 6, 5)      [] [S]
    45     0x00062900       0xFFFFFF00      0x00000020         (0, 6, 5)      [] [S]
    46     0x0001F900       0xFFFFFF80      0x00000008         (0, 1, 15)      [] [W]
    47     0x00016700       0xFFFFFF80      0x00000020         (0, 1, 12)      [] [S]
    48     0x00062400       0xFFFFFF00      0x00000020         (0, 6, 4)      [] [S]
    49     0x0001F980       0xFFFFFF80      0x00000008         (0, 1, 15)      [] [W]
    50     0x00020A80       0xFFFFFF80      0x00000002         (0, 2, 1)      [] [NE]
    51     0x00020100       0xFFFFFF80      0x00000004         (0, 2, 0)      [] [N]
    52     0x0001FE00       0xFFFFFF80      0x00000008         (0, 1, 15)      [] [W]
    53     0x0001C980       0xFFFFFF80      0x00000008         (0, 1, 9)      [] [W]
    54     0x0001FC00       0xFFFFFF80      0x00000008         (0, 1, 15)      [] [W]
    55     0x0001CD00       0xFFFFFF80      0x00000008         (0, 1, 9)      [] [W]
    56     0x0001CB00       0xFFFFFF80      0x00000008         (0, 1, 9)      [] [W]
