router contains 754 entries 
 
  Index   Key(hex)    Mask(hex)    Route(hex)    Src. Core -> [Cores][Links]
------------------------------------------------------------------------------
    0     0x00017580       0xFFFFFF80      0x00000008         (0, 1, 14)      [] [W]
    1     0x0000FC00       0xFFFFFF80      0x00006020         (0, 0, 15)      [8, 7] [S]
    2     0x00041400       0xFFFFFF00      0x00100000         (0, 4, 2)      [14] []
    3     0x0000EF00       0xFFFFFF80      0x00FFE038         (0, 0, 13)      [7, 8, 9, 10, 11, 12, 13, 14, 15, 16, 17] [W, SW, S]
    4     0x00019200       0xFFFFFF80      0x00000820         (0, 1, 2)      [5] [S]
    5     0x00006000       0xFFFFFF80      0x00000002         (0, 0, 12)      [] [NE]
    6     0x00018280       0xFFFFFF80      0x00000008         (0, 1, 0)      [] [W]
    7     0x00002400       0xFFFFFF80      0x00004000         (0, 0, 4)      [8] []
    8     0x00010780       0xFFFFFF80      0x00000421         (0, 1, 0)      [4] [E, S]
    9     0x00031300       0xFFFFFF00      0x00000010         (0, 3, 2)      [] [SW]
    10     0x00016A00       0xFFFFFF80      0x00000008         (0, 1, 13)      [] [W]
    11     0x0000B880       0xFFFFFF80      0x00004000         (0, 0, 7)      [8] []
    12     0x0001AF00       0xFFFFFF80      0x00001000         (0, 1, 5)      [6] []
    13     0x0000E600       0xFFFFFF80      0x00001F8E         (0, 0, 12)      [1, 2, 3, 4, 5, 6] [NE, N, W]
    14     0x00011F00       0xFFFFFF80      0x00000008         (0, 1, 3)      [] [W]
    15     0x00009600       0xFFFFFF80      0x00000002         (0, 0, 2)      [] [NE]
    16     0x0001A580       0xFFFFFF80      0x00000801         (0, 1, 4)      [5] [E]
    17     0x00015100       0xFFFFFF80      0x00800020         (0, 1, 10)      [17] [S]
    18     0x0000CE00       0xFFFFFF80      0x0000000E         (0, 0, 9)      [] [NE, N, W]
    19     0x00019100       0xFFFFFF80      0x00000220         (0, 1, 2)      [3] [S]
    20     0x00009400       0xFFFFFF80      0x00400002         (0, 0, 2)      [16] [NE]
    21     0x00011A80       0xFFFFFF80      0x00200008         (0, 1, 3)      [15] [W]
    22     0x0000F300       0xFFFFFF80      0x00FFE03F         (0, 0, 14)      [7, 8, 9, 10, 11, 12, 13, 14, 15, 16, 17] [E, NE, N, W, SW, S]
    23     0x00040C00       0xFFFFFF00      0x00001000         (0, 4, 1)      [6] []
    24     0x0000C900       0xFFFFFF80      0x00100001         (0, 0, 9)      [14] [E]
    25     0x00022200       0xFFFFFF80      0x00010010         (0, 2, 4)      [10] [SW]
    26     0x00015780       0xFFFFFF80      0x00000220         (0, 1, 10)      [3] [S]
    27     0x0000D780       0xFFFFFF80      0x0040000E         (0, 0, 10)      [16] [NE, N, W]
    28     0x00011400       0xFFFFFF80      0x00000118         (0, 1, 2)      [2] [W, SW]
    29     0x00003700       0xFFFFFF80      0x00000003         (0, 0, 6)      [] [E, NE]
    30     0x00007B80       0xFFFFFF80      0x00000001         (0, 0, 15)      [] [E]
    31     0x00016280       0xFFFFFF80      0x00000008         (0, 1, 12)      [] [W]
    32     0x00022280       0xFFFFFF80      0x00020010         (0, 2, 4)      [11] [SW]
    33     0x00004F80       0xFFFFFF80      0x00100002         (0, 0, 9)      [14] [NE]
    34     0x00041000       0xFFFFFF00      0x00010000         (0, 4, 2)      [10] []
    35     0x00010A80       0xFFFFFF80      0x00010021         (0, 1, 1)      [10] [E, S]
    36     0x00001700       0xFFFFFF80      0x00008000         (0, 0, 2)      [9] []
    37     0x00016E00       0xFFFFFF80      0x00000008         (0, 1, 13)      [] [W]
    38     0x0000D580       0xFFFFFF80      0x00040008         (0, 0, 10)      [12] [W]
    39     0x00008680       0xFFFFFF80      0x00400002         (0, 0, 0)      [16] [NE]
    40     0x00008F80       0xFFFFFF80      0x00002000         (0, 0, 1)      [7] []
    41     0x00009980       0xFFFFFF80      0x00000002         (0, 0, 3)      [] [NE]
    42     0x00003500       0xFFFFFF80      0x00200003         (0, 0, 6)      [15] [E, NE]
    43     0x00000A80       0xFFFFFF80      0x00020000         (0, 0, 1)      [11] []
    44     0x00004380       0xFFFFFF80      0x00800001         (0, 0, 8)      [17] [E]
    45     0x00011C80       0xFFFFFF80      0x00000008         (0, 1, 3)      [] [W]
    46     0x0000CC00       0xFFFFFF80      0x0000000E         (0, 0, 9)      [] [NE, N, W]
    47     0x00007980       0xFFFFFF80      0x00800001         (0, 0, 15)      [17] [E]
    48     0x00018780       0xFFFFFF80      0x00000820         (0, 1, 0)      [5] [S]
    49     0x00002700       0xFFFFFF80      0x00100000         (0, 0, 4)      [14] []
    50     0x0000F480       0xFFFFFF80      0x00FFE021         (0, 0, 14)      [7, 8, 9, 10, 11, 12, 13, 14, 15, 16, 17] [E, S]
    51     0x00016E80       0xFFFFFF80      0x00000008         (0, 1, 13)      [] [W]
    52     0x00005D80       0xFFFFFF80      0x00200002         (0, 0, 11)      [15] [NE]
    53     0x00042000       0xFFFFFF00      0x00000008         (0, 4, 4)      [] [W]
    54     0x0000AB80       0xFFFFFF80      0x00008000         (0, 0, 5)      [9] []
    55     0x00010400       0xFFFFFF80      0x00000021         (0, 1, 0)      [] [E, S]
    56     0x00015880       0xFFFFFF80      0x00000800         (0, 1, 11)      [5] []
    57     0x0001AC80       0xFFFFFF80      0x00000081         (0, 1, 5)      [1] [E]
    58     0x00014280       0xFFFFFF80      0x00100030         (0, 1, 8)      [14] [SW, S]
    59     0x00002980       0xFFFFFF80      0x00000002         (0, 0, 5)      [] [NE]
    60     0x00008200       0xFFFFFF80      0x00002000         (0, 0, 0)      [7] []
    61     0x00012E00       0xFFFFFF80      0x00000008         (0, 1, 5)      [] [W]
    62     0x00010680       0xFFFFFF80      0x00000121         (0, 1, 0)      [2] [E, S]
    63     0x0001D880       0xFFFFFF80      0x00000100         (0, 1, 11)      [2] []
    64     0x00012980       0xFFFFFF80      0x00000008         (0, 1, 5)      [] [W]
    65     0x00012400       0xFFFFFF80      0x00000008         (0, 1, 4)      [] [W]
    66     0x00003400       0xFFFFFF80      0x00080001         (0, 0, 6)      [13] [E]
    67     0x00004400       0xFFFFFF80      0x00000001         (0, 0, 8)      [] [E]
    68     0x0000BD00       0xFFFFFF80      0x00800001         (0, 0, 7)      [17] [E]
    69     0x00006E80       0xFFFFFF80      0x00000001         (0, 0, 13)      [] [E]
    70     0x0001C580       0xFFFFFF80      0x00000208         (0, 1, 8)      [3] [W]
    71     0x00040F00       0xFFFFFF00      0x00008000         (0, 4, 1)      [9] []
    72     0x00010D00       0xFFFFFF80      0x00200018         (0, 1, 1)      [15] [W, SW]
    73     0x00040900       0xFFFFFF00      0x00000200         (0, 4, 1)      [3] []
    74     0x00006980       0xFFFFFF80      0x00040001         (0, 0, 13)      [12] [E]
    75     0x00022C00       0xFFFFFF80      0x00000200         (0, 2, 5)      [3] []
    76     0x00015280       0xFFFFFF80      0x00000020         (0, 1, 10)      [] [S]
    77     0x0000B900       0xFFFFFF80      0x00008000         (0, 0, 7)      [9] []
    78     0x00032300       0xFFFFFF00      0x00000010         (0, 3, 4)      [] [SW]
    79     0x00001B00       0xFFFFFF80      0x00800001         (0, 0, 3)      [17] [E]
    80     0x00011B80       0xFFFFFF80      0x00800008         (0, 1, 3)      [17] [W]
    81     0x00005B00       0xFFFFFF80      0x00010000         (0, 0, 11)      [10] []
    82     0x00010B80       0xFFFFFF80      0x00040021         (0, 1, 1)      [12] [E, S]
    83     0x00031D00       0xFFFFFF00      0x00000010         (0, 3, 3)      [] [SW]
    84     0x00012800       0xFFFFFF80      0x00200008         (0, 1, 5)      [15] [W]
    85     0x00040B00       0xFFFFFF00      0x00000800         (0, 4, 1)      [5] []
    86     0x00016480       0xFFFFFF80      0x00000408         (0, 1, 12)      [4] [W]
    87     0x0001CF00       0xFFFFFF80      0x00000001         (0, 1, 9)      [] [E]
    88     0x00022100       0xFFFFFF80      0x00004010         (0, 2, 4)      [8] [SW]
    89     0x0000A780       0xFFFFFF80      0x00000082         (0, 0, 4)      [1] [NE]
    90     0x0001AE80       0xFFFFFF80      0x00000800         (0, 1, 5)      [5] []
    91     0x00019B80       0xFFFFFF80      0x00000400         (0, 1, 3)      [4] []
    92     0x00017680       0xFFFFFF80      0x00000008         (0, 1, 14)      [] [W]
    93     0x00007C00       0xFFFFFF80      0x00000001         (0, 0, 15)      [] [E]
    94     0x00014B80       0xFFFFFF80      0x00000820         (0, 1, 9)      [5] [S]
    95     0x0001F200       0xFFFFFF80      0x00000008         (0, 1, 14)      [] [W]
    96     0x00017C80       0xFFFFFF80      0x00000808         (0, 1, 15)      [5] [W]
    97     0x00015380       0xFFFFFF80      0x00000020         (0, 1, 10)      [] [S]
    98     0x0001AD00       0xFFFFFF80      0x00000101         (0, 1, 5)      [2] [E]
    99     0x00013B00       0xFFFFFF80      0x00000018         (0, 1, 7)      [] [W, SW]
    100     0x00041100       0xFFFFFF00      0x00020000         (0, 4, 2)      [11] []
    101     0x0001A700       0xFFFFFF80      0x00000001         (0, 1, 4)      [] [E]
    102     0x00011800       0xFFFFFF80      0x00010008         (0, 1, 3)      [10] [W]
    103     0x0000EA80       0xFFFFFF80      0x00001F8E         (0, 0, 13)      [1, 2, 3, 4, 5, 6] [NE, N, W]
    104     0x0000BE80       0xFFFFFF80      0x00000001         (0, 0, 7)      [] [E]
    105     0x00007A80       0xFFFFFF80      0x00000001         (0, 0, 15)      [] [E]
    106     0x00031F00       0xFFFFFF00      0x00000010         (0, 3, 3)      [] [SW]
    107     0x00008A80       0xFFFFFF80      0x00000002         (0, 0, 1)      [] [NE]
    108     0x00016B80       0xFFFFFF80      0x00000008         (0, 1, 13)      [] [W]
    109     0x00010000       0xFFFFFF80      0x00600021         (0, 1, 0)      [16, 15] [E, S]
    110     0x00022C80       0xFFFFFF80      0x00000400         (0, 2, 5)      [4] []
    111     0x00006C00       0xFFFFFF80      0x00800003         (0, 0, 13)      [17] [E, NE]
    112     0x00018180       0xFFFFFF80      0x00000008         (0, 1, 0)      [] [W]
    113     0x0000E000       0xFFFFFF80      0x00003F80         (0, 0, 12)      [1, 2, 3, 4, 5, 6, 7] []
    114     0x00013E80       0xFFFFFF80      0x00001018         (0, 1, 7)      [6] [W, SW]
    115     0x0000E800       0xFFFFFF80      0x00001F8E         (0, 0, 13)      [1, 2, 3, 4, 5, 6] [NE, N, W]
    116     0x00005F80       0xFFFFFF80      0x00000002         (0, 0, 11)      [] [NE]
    117     0x0000DC00       0xFFFFFF80      0x0000000E         (0, 0, 11)      [] [NE, N, W]
    118     0x0001C680       0xFFFFFF80      0x00000808         (0, 1, 8)      [5] [W]
    119     0x0001C000       0xFFFFFF80      0x00000008         (0, 1, 8)      [] [W]
    120     0x00007580       0xFFFFFF80      0x00008000         (0, 0, 14)      [9] []
    121     0x00015000       0xFFFFFF80      0x00200020         (0, 1, 10)      [15] [S]
    122     0x0000BB80       0xFFFFFF80      0x00100001         (0, 0, 7)      [14] [E]
    123     0x00018700       0xFFFFFF80      0x00000420         (0, 1, 0)      [4] [S]
    124     0x0000AE00       0xFFFFFF80      0x00100003         (0, 0, 5)      [14] [E, NE]
    125     0x0001D280       0xFFFFFF80      0x00000100         (0, 1, 10)      [2] []
    126     0x00006B80       0xFFFFFF80      0x00400003         (0, 0, 13)      [16] [E, NE]
    127     0x0001C400       0xFFFFFF80      0x00000008         (0, 1, 8)      [] [W]
    128     0x00012680       0xFFFFFF80      0x00040008         (0, 1, 4)      [12] [W]
    129     0x00013480       0xFFFFFF80      0x00080008         (0, 1, 6)      [13] [W]
    130     0x0000FD80       0xFFFFFF80      0x00030021         (0, 0, 15)      [10, 11] [E, S]
    131     0x00017D00       0xFFFFFF80      0x00001008         (0, 1, 15)      [6] [W]
    132     0x00000C00       0xFFFFFF80      0x00100000         (0, 0, 1)      [14] []
    133     0x00000900       0xFFFFFF80      0x00004000         (0, 0, 1)      [8] []
    134     0x0000DA80       0xFFFFFF80      0x0000000E         (0, 0, 11)      [] [NE, N, W]
    135     0x0000F100       0xFFFFFF80      0x00FFE03D         (0, 0, 14)      [7, 8, 9, 10, 11, 12, 13, 14, 15, 16, 17] [E, N, W, SW, S]
    136     0x0000D380       0xFFFFFF80      0x00004008         (0, 0, 10)      [8] [W]
    137     0x00014300       0xFFFFFF80      0x00200030         (0, 1, 8)      [15] [SW, S]
    138     0x00010900       0xFFFFFF80      0x00000001         (0, 1, 1)      [] [E]
    139     0x00007600       0xFFFFFF80      0x00010000         (0, 0, 14)      [10] []
    140     0x00012000       0xFFFFFF80      0x00000008         (0, 1, 4)      [] [W]
    141     0x00004000       0xFFFFFF80      0x00010000         (0, 0, 8)      [10] []
    142     0x00017C00       0xFFFFFF80      0x00000408         (0, 1, 15)      [4] [W]
    143     0x0000DE00       0xFFFFFF80      0x0000030E         (0, 0, 11)      [2, 3] [NE, N, W]
    144     0x00009000       0xFFFFFF80      0x00004000         (0, 0, 2)      [8] []
    145     0x0000A480       0xFFFFFF80      0x00000002         (0, 0, 4)      [] [NE]
    146     0x0000D400       0xFFFFFF80      0x00008008         (0, 0, 10)      [9] [W]
    147     0x00011C00       0xFFFFFF80      0x00000008         (0, 1, 3)      [] [W]
    148     0x0001CD80       0xFFFFFF80      0x00000801         (0, 1, 9)      [5] [E]
    149     0x00002580       0xFFFFFF80      0x00020000         (0, 0, 4)      [11] []
    150     0x0000E680       0xFFFFFF80      0x00001F8E         (0, 0, 12)      [1, 2, 3, 4, 5, 6] [NE, N, W]
    151     0x00013C00       0xFFFFFF80      0x00000098         (0, 1, 7)      [1] [W, SW]
    152     0x00008600       0xFFFFFF80      0x00200002         (0, 0, 0)      [15] [NE]
    153     0x00014C00       0xFFFFFF80      0x00001000         (0, 1, 9)      [6] []
    154     0x00010800       0xFFFFFF80      0x00000821         (0, 1, 1)      [5] [E, S]
    155     0x00016D00       0xFFFFFF80      0x00000008         (0, 1, 13)      [] [W]
    156     0x00015180       0xFFFFFF80      0x00000020         (0, 1, 10)      [] [S]
    157     0x0000F980       0xFFFFFF80      0x00FFE321         (0, 0, 15)      [2, 3, 7, 8, 9, 10, 11, 12, 13, 14, 15, 16, 17] [E, S]
    158     0x00010080       0xFFFFFF80      0x00C00021         (0, 1, 0)      [16, 17] [E, S]
    159     0x0000B580       0xFFFFFF80      0x00000101         (0, 0, 6)      [2] [E]
    160     0x0001C600       0xFFFFFF80      0x00000408         (0, 1, 8)      [4] [W]
    161     0x00017200       0xFFFFFF80      0x00000008         (0, 1, 14)      [] [W]
    162     0x00009480       0xFFFFFF80      0x00800002         (0, 0, 2)      [17] [NE]
    163     0x0001D900       0xFFFFFF80      0x00000200         (0, 1, 11)      [3] []
    164     0x00009D00       0xFFFFFF80      0x00002000         (0, 0, 3)      [7] []
    165     0x00002780       0xFFFFFF80      0x00200000         (0, 0, 4)      [15] []
    166     0x0000AC00       0xFFFFFF80      0x00010000         (0, 0, 5)      [10] []
    167     0x00009700       0xFFFFFF80      0x00000002         (0, 0, 2)      [] [NE]
    168     0x0001CE00       0xFFFFFF80      0x00001001         (0, 1, 9)      [6] [E]
    169     0x00012D80       0xFFFFFF80      0x00000008         (0, 1, 5)      [] [W]
    170     0x0001D980       0xFFFFFF80      0x00000400         (0, 1, 11)      [4] []
    171     0x0000D800       0xFFFFFF80      0x0080000E         (0, 0, 11)      [17] [NE, N, W]
    172     0x0000F180       0xFFFFFF80      0x00FFE03F         (0, 0, 14)      [7, 8, 9, 10, 11, 12, 13, 14, 15, 16, 17] [E, NE, N, W, SW, S]
    173     0x00012B00       0xFFFFFF80      0x00000008         (0, 1, 5)      [] [W]
    174     0x0000E980       0xFFFFFF80      0x00001F8E         (0, 0, 13)      [1, 2, 3, 4, 5, 6] [NE, N, W]
    175     0x00009280       0xFFFFFF80      0x00080000         (0, 0, 2)      [13] []
    176     0x00011980       0xFFFFFF80      0x00080008         (0, 1, 3)      [13] [W]
    177     0x00004D00       0xFFFFFF80      0x00008000         (0, 0, 9)      [9] []
    178     0x00003300       0xFFFFFF80      0x00020000         (0, 0, 6)      [11] []
    179     0x00013B80       0xFFFFFF80      0x00000018         (0, 1, 7)      [] [W, SW]
    180     0x0001D300       0xFFFFFF80      0x00000200         (0, 1, 10)      [3] []
    181     0x0000DB00       0xFFFFFF80      0x0000000E         (0, 0, 11)      [] [NE, N, W]
    182     0x00010F80       0xFFFFFF80      0x00000018         (0, 1, 1)      [] [W, SW]
    183     0x0001BD00       0xFFFFFF80      0x00000080         (0, 1, 7)      [1] []
    184     0x00012180       0xFFFFFF80      0x00000108         (0, 1, 4)      [2] [W]
    185     0x0001DE00       0xFFFFFF80      0x00000100         (0, 1, 11)      [2] []
    186     0x00008280       0xFFFFFF80      0x00004000         (0, 0, 0)      [8] []
    187     0x00012F80       0xFFFFFF80      0x00000208         (0, 1, 5)      [3] [W]
    188     0x00003380       0xFFFFFF80      0x00040001         (0, 0, 6)      [12] [E]
    189     0x0000A500       0xFFFFFF80      0x00000002         (0, 0, 4)      [] [NE]
    190     0x0000DD00       0xFFFFFF80      0x0000008E         (0, 0, 11)      [1] [NE, N, W]
    191     0x00011100       0xFFFFFF80      0x00000018         (0, 1, 2)      [] [W, SW]
    192     0x0000B980       0xFFFFFF80      0x00010000         (0, 0, 7)      [10] []
    193     0x0001BD80       0xFFFFFF80      0x00000100         (0, 1, 7)      [2] []
    194     0x00003480       0xFFFFFF80      0x00100003         (0, 0, 6)      [14] [E, NE]
    195     0x0000A000       0xFFFFFF80      0x00080000         (0, 0, 4)      [13] []
    196     0x00006900       0xFFFFFF80      0x00020000         (0, 0, 13)      [11] []
    197     0x00017500       0xFFFFFF80      0x00800008         (0, 1, 14)      [17] [W]
    198     0x00014980       0xFFFFFF80      0x000000A0         (0, 1, 9)      [1] [S]
    199     0x00010380       0xFFFFFF80      0x00000021         (0, 1, 0)      [] [E, S]
    200     0x00008A00       0xFFFFFF80      0x00000002         (0, 0, 1)      [] [NE]
    201     0x00005D00       0xFFFFFF80      0x00100002         (0, 0, 11)      [14] [NE]
    202     0x00012880       0xFFFFFF80      0x00400008         (0, 1, 5)      [16] [W]
    203     0x00006D00       0xFFFFFF80      0x00000001         (0, 0, 13)      [] [E]
    204     0x00018480       0xFFFFFF80      0x00000020         (0, 1, 0)      [] [S]
    205     0x00013D80       0xFFFFFF80      0x00000418         (0, 1, 7)      [4] [W, SW]
    206     0x0000D980       0xFFFFFF80      0x0000000E         (0, 0, 11)      [] [NE, N, W]
    207     0x00012C80       0xFFFFFF80      0x00000008         (0, 1, 5)      [] [W]
    208     0x0000C800       0xFFFFFF80      0x00040001         (0, 0, 9)      [12] [E]
    209     0x00013680       0xFFFFFF80      0x00800008         (0, 1, 6)      [17] [W]
    210     0x00040D00       0xFFFFFF00      0x00002000         (0, 4, 1)      [7] []
    211     0x0000F080       0xFFFFFF80      0x00FFE039         (0, 0, 14)      [7, 8, 9, 10, 11, 12, 13, 14, 15, 16, 17] [E, W, SW, S]
    212     0x00013900       0xFFFFFF80      0x00000018         (0, 1, 7)      [] [W, SW]
    213     0x00003780       0xFFFFFF80      0x00000003         (0, 0, 6)      [] [E, NE]
    214     0x00004E00       0xFFFFFF80      0x00020000         (0, 0, 9)      [11] []
    215     0x00015200       0xFFFFFF80      0x00000020         (0, 1, 10)      [] [S]
    216     0x00004280       0xFFFFFF80      0x00200001         (0, 0, 8)      [15] [E]
    217     0x00016600       0xFFFFFF80      0x00000008         (0, 1, 12)      [] [W]
    218     0x00013980       0xFFFFFF80      0x00000018         (0, 1, 7)      [] [W, SW]
    219     0x0000EF80       0xFFFFFF80      0x00FFE039         (0, 0, 13)      [7, 8, 9, 10, 11, 12, 13, 14, 15, 16, 17] [E, W, SW, S]
    220     0x00040800       0xFFFFFF00      0x00000100         (0, 4, 1)      [2] []
    221     0x0001F780       0xFFFFFF80      0x00000008         (0, 1, 14)      [] [W]
    222     0x00014780       0xFFFFFF80      0x00000020         (0, 1, 8)      [] [S]
    223     0x0000A600       0xFFFFFF80      0x00000002         (0, 0, 4)      [] [NE]
    224     0x00003100       0xFFFFFF80      0x00002000         (0, 0, 6)      [7] []
    225     0x00013A80       0xFFFFFF80      0x00000018         (0, 1, 7)      [] [W, SW]
    226     0x00031A00       0xFFFFFF00      0x00000010         (0, 3, 3)      [] [SW]
    227     0x0000A380       0xFFFFFF80      0x00000002         (0, 0, 4)      [] [NE]
    228     0x0001F100       0xFFFFFF80      0x00001008         (0, 1, 14)      [6] [W]
    229     0x00040700       0xFFFFFF00      0x00000080         (0, 4, 0)      [1] []
    230     0x0000B000       0xFFFFFF80      0x00000003         (0, 0, 6)      [] [E, NE]
    231     0x0000F680       0xFFFFFF80      0x00FFE021         (0, 0, 14)      [7, 8, 9, 10, 11, 12, 13, 14, 15, 16, 17] [E, S]
    232     0x00011480       0xFFFFFF80      0x00000218         (0, 1, 2)      [3] [W, SW]
    233     0x00008500       0xFFFFFF80      0x00080001         (0, 0, 0)      [13] [E]
    234     0x00018F80       0xFFFFFF80      0x00000020         (0, 1, 1)      [] [S]
    235     0x00017600       0xFFFFFF80      0x00000008         (0, 1, 14)      [] [W]
    236     0x00006100       0xFFFFFF80      0x00000002         (0, 0, 12)      [] [NE]
    237     0x00003180       0xFFFFFF80      0x00004000         (0, 0, 6)      [8] []
    238     0x00012080       0xFFFFFF80      0x00000008         (0, 1, 4)      [] [W]
    239     0x00004500       0xFFFFFF80      0x00000001         (0, 0, 8)      [] [E]
    240     0x00018100       0xFFFFFF80      0x00000008         (0, 1, 0)      [] [W]
    241     0x0001BE80       0xFFFFFF80      0x00000408         (0, 1, 7)      [4] [W]
    242     0x0000FF00       0xFFFFFF80      0x00180021         (0, 0, 15)      [13, 14] [E, S]
    243     0x00011380       0xFFFFFF80      0x00000098         (0, 1, 2)      [1] [W, SW]
    244     0x00041B00       0xFFFFFF00      0x00000008         (0, 4, 3)      [] [W]
    245     0x00005280       0xFFFFFF80      0x00000002         (0, 0, 10)      [] [NE]
    246     0x0001AE00       0xFFFFFF80      0x00000400         (0, 1, 5)      [4] []
    247     0x0000E400       0xFFFFFF80      0x00301F8E         (0, 0, 12)      [1, 2, 3, 4, 5, 6, 14, 15] [NE, N, W]
    248     0x00016C00       0xFFFFFF80      0x00000008         (0, 1, 13)      [] [W]
    249     0x00015680       0xFFFFFF80      0x000000A0         (0, 1, 10)      [1] [S]
    250     0x00013A00       0xFFFFFF80      0x00000018         (0, 1, 7)      [] [W, SW]
    251     0x0000E300       0xFFFFFF80      0x000C1F88         (0, 0, 12)      [1, 2, 3, 4, 5, 6, 12, 13] [W]
    252     0x00032000       0xFFFFFF00      0x00000010         (0, 3, 4)      [] [SW]
    253     0x0000F780       0xFFFFFF80      0x00FFE021         (0, 0, 14)      [7, 8, 9, 10, 11, 12, 13, 14, 15, 16, 17] [E, S]
    254     0x0001AD80       0xFFFFFF80      0x00000200         (0, 1, 5)      [3] []
    255     0x00019080       0xFFFFFF80      0x00000120         (0, 1, 2)      [2] [S]
    256     0x00006D80       0xFFFFFF80      0x00000001         (0, 0, 13)      [] [E]
    257     0x00007680       0xFFFFFF80      0x00020000         (0, 0, 14)      [11] []
    258     0x00019280       0xFFFFFF80      0x00001000         (0, 1, 2)      [6] []
    259     0x00004080       0xFFFFFF80      0x00020000         (0, 0, 8)      [11] []
    260     0x00009080       0xFFFFFF80      0x00008000         (0, 0, 2)      [9] []
    261     0x00031900       0xFFFFFF00      0x00000010         (0, 3, 3)      [] [SW]
    262     0x00013C80       0xFFFFFF80      0x00000118         (0, 1, 7)      [2] [W, SW]
    263     0x00005000       0xFFFFFF80      0x00200002         (0, 0, 10)      [15] [NE]
    264     0x00011F80       0xFFFFFF80      0x00000008         (0, 1, 3)      [] [W]
    265     0x00018E80       0xFFFFFF80      0x00000020         (0, 1, 1)      [] [S]
    266     0x0001B580       0xFFFFFF80      0x00000100         (0, 1, 6)      [2] []
    267     0x00015C80       0xFFFFFF80      0x00200010         (0, 1, 11)      [15] [SW]
    268     0x00017100       0xFFFFFF80      0x00000808         (0, 1, 14)      [5] [W]
    269     0x00019A80       0xFFFFFF80      0x00000100         (0, 1, 3)      [2] []
    270     0x00011700       0xFFFFFF80      0x00000008         (0, 1, 2)      [] [W]
    271     0x00015800       0xFFFFFF80      0x00000420         (0, 1, 11)      [4] [S]
    272     0x0001E900       0xFFFFFF80      0x00000800         (0, 1, 13)      [5] []
    273     0x0000D600       0xFFFFFF80      0x0008000C         (0, 0, 10)      [13] [N, W]
    274     0x00009D80       0xFFFFFF80      0x00004000         (0, 0, 3)      [8] []
    275     0x00005E00       0xFFFFFF80      0x00400002         (0, 0, 11)      [16] [NE]
    276     0x00001980       0xFFFFFF80      0x00100001         (0, 0, 3)      [14] [E]
    277     0x0001B680       0xFFFFFF80      0x00000400         (0, 1, 6)      [4] []
    278     0x00013100       0xFFFFFF80      0x00001008         (0, 1, 6)      [6] [W]
    279     0x00019C00       0xFFFFFF80      0x00000800         (0, 1, 3)      [5] []
    280     0x00005100       0xFFFFFF80      0x00800002         (0, 0, 10)      [17] [NE]
    281     0x0000CF80       0xFFFFFF80      0x0000000E         (0, 0, 9)      [] [NE, N, W]
    282     0x00022B80       0xFFFFFF80      0x00000100         (0, 2, 5)      [2] []
    283     0x0001A600       0xFFFFFF80      0x00001001         (0, 1, 4)      [6] [E]
    284     0x00009880       0xFFFFFF80      0x00000002         (0, 0, 3)      [] [NE]
    285     0x00005380       0xFFFFFF80      0x00000002         (0, 0, 10)      [] [NE]
    286     0x00031E00       0xFFFFFF00      0x00000010         (0, 3, 3)      [] [SW]
    287     0x0001DE80       0xFFFFFF80      0x00000200         (0, 1, 11)      [3] []
    288     0x0000A200       0xFFFFFF80      0x00800002         (0, 0, 4)      [17] [NE]
    289     0x00013600       0xFFFFFF80      0x00400008         (0, 1, 6)      [16] [W]
    290     0x0001B780       0xFFFFFF80      0x00001000         (0, 1, 6)      [6] []
    291     0x00001A80       0xFFFFFF80      0x00400001         (0, 0, 3)      [16] [E]
    292     0x00016900       0xFFFFFF80      0x00400008         (0, 1, 13)      [16] [W]
    293     0x00008300       0xFFFFFF80      0x00008000         (0, 0, 0)      [9] []
    294     0x00017880       0xFFFFFF80      0x00000008         (0, 1, 15)      [] [W]
    295     0x0000C280       0xFFFFFF80      0x00000081         (0, 0, 8)      [1] [E]
    296     0x0001CE80       0xFFFFFF80      0x00000001         (0, 1, 9)      [] [E]
    297     0x00008800       0xFFFFFF80      0x00000002         (0, 0, 1)      [] [NE]
    298     0x00001B80       0xFFFFFF80      0x00000001         (0, 0, 3)      [] [E]
    299     0x0000DF80       0xFFFFFF80      0x0000180E         (0, 0, 11)      [5, 6] [NE, N, W]
    300     0x00010E80       0xFFFFFF80      0x00000018         (0, 1, 1)      [] [W, SW]
    301     0x00021E00       0xFFFFFF80      0x00000010         (0, 2, 3)      [] [SW]
    302     0x00019180       0xFFFFFF80      0x00000420         (0, 1, 2)      [4] [S]
    303     0x00010200       0xFFFFFF80      0x00000021         (0, 1, 0)      [] [E, S]
    304     0x0001C980       0xFFFFFF80      0x00000001         (0, 1, 9)      [] [E]
    305     0x0000FE00       0xFFFFFF80      0x00060021         (0, 0, 15)      [11, 12] [E, S]
    306     0x00015E80       0xFFFFFF80      0x00000010         (0, 1, 11)      [] [SW]
    307     0x0000DF00       0xFFFFFF80      0x00000C0E         (0, 0, 11)      [4, 5] [NE, N, W]
    308     0x00021F80       0xFFFFFF80      0x00000010         (0, 2, 3)      [] [SW]
    309     0x00022480       0xFFFFFF80      0x00200010         (0, 2, 4)      [15] [SW]
    310     0x00019C80       0xFFFFFF80      0x00001000         (0, 1, 3)      [6] []
    311     0x00015600       0xFFFFFF80      0x00000020         (0, 1, 10)      [] [S]
    312     0x0000FB00       0xFFFFFF80      0x00FFF801         (0, 0, 15)      [5, 6, 7, 8, 9, 10, 11, 12, 13, 14, 15, 16, 17] [E]
    313     0x0000D180       0xFFFFFF80      0x0000040E         (0, 0, 10)      [4] [NE, N, W]
    314     0x00010C00       0xFFFFFF80      0x00080021         (0, 1, 1)      [13] [E, S]
    315     0x00013880       0xFFFFFF80      0x00000018         (0, 1, 7)      [] [W, SW]
    316     0x0000F800       0xFFFFFF80      0x00FFE021         (0, 0, 15)      [7, 8, 9, 10, 11, 12, 13, 14, 15, 16, 17] [E, S]
    317     0x00005C00       0xFFFFFF80      0x00040000         (0, 0, 11)      [12] []
    318     0x0000D680       0xFFFFFF80      0x0010000E         (0, 0, 10)      [14] [NE, N, W]
    319     0x00018080       0xFFFFFF80      0x00000008         (0, 1, 0)      [] [W]
    320     0x00006180       0xFFFFFF80      0x00000002         (0, 0, 12)      [] [NE]
    321     0x00008900       0xFFFFFF80      0x00000002         (0, 0, 1)      [] [NE]
    322     0x00005E80       0xFFFFFF80      0x00800002         (0, 0, 11)      [17] [NE]
    323     0x00007880       0xFFFFFF80      0x00200001         (0, 0, 15)      [15] [E]
    324     0x0000EC00       0xFFFFFF80      0x00001FBF         (0, 0, 13)      [1, 2, 3, 4, 5, 6] [E, NE, N, W, SW, S]
    325     0x00002500       0xFFFFFF80      0x00010000         (0, 0, 4)      [10] []
    326     0x0001BF80       0xFFFFFF80      0x00001008         (0, 1, 7)      [6] [W]
    327     0x00014480       0xFFFFFF80      0x00000030         (0, 1, 8)      [] [SW, S]
    328     0x0000CB00       0xFFFFFF80      0x0000000E         (0, 0, 9)      [] [NE, N, W]
    329     0x00022000       0xFFFFFF80      0x00000010         (0, 2, 4)      [] [SW]
    330     0x00012A00       0xFFFFFF80      0x00000008         (0, 1, 5)      [] [W]
    331     0x00000D00       0xFFFFFF80      0x00400000         (0, 0, 1)      [16] []
    332     0x0001C700       0xFFFFFF80      0x00001001         (0, 1, 8)      [6] [E]
    333     0x0000BD80       0xFFFFFF80      0x00000001         (0, 0, 7)      [] [E]
    334     0x00031700       0xFFFFFF00      0x00000010         (0, 3, 2)      [] [SW]
    335     0x0001D800       0xFFFFFF80      0x00000080         (0, 1, 11)      [1] []
    336     0x00010B00       0xFFFFFF80      0x00020021         (0, 1, 1)      [11] [E, S]
    337     0x00015480       0xFFFFFF80      0x00000020         (0, 1, 10)      [] [S]
    338     0x0000F380       0xFFFFFF80      0x00FFE021         (0, 0, 14)      [7, 8, 9, 10, 11, 12, 13, 14, 15, 16, 17] [E, S]
    339     0x0000C880       0xFFFFFF80      0x00080001         (0, 0, 9)      [13] [E]
    340     0x00014600       0xFFFFFF80      0x00000020         (0, 1, 8)      [] [S]
    341     0x00010500       0xFFFFFF80      0x00000021         (0, 1, 0)      [] [E, S]
    342     0x0000E580       0xFFFFFF80      0x00801F8E         (0, 0, 12)      [1, 2, 3, 4, 5, 6, 17] [NE, N, W]
    343     0x00002800       0xFFFFFF80      0x00400000         (0, 0, 5)      [16] []
    344     0x00017A80       0xFFFFFF80      0x00000088         (0, 1, 15)      [1] [W]
    345     0x00005C80       0xFFFFFF80      0x00080000         (0, 0, 11)      [13] []
    346     0x00016A80       0xFFFFFF80      0x00000008         (0, 1, 13)      [] [W]
    347     0x0000AE80       0xFFFFFF80      0x00200003         (0, 0, 5)      [15] [E, NE]
    348     0x00011B00       0xFFFFFF80      0x00400008         (0, 1, 3)      [16] [W]
    349     0x0000DA00       0xFFFFFF80      0x0000000E         (0, 0, 11)      [] [NE, N, W]
    350     0x00012700       0xFFFFFF80      0x00080008         (0, 1, 4)      [13] [W]
    351     0x00022600       0xFFFFFF80      0x00000010         (0, 2, 4)      [] [SW]
    352     0x00004580       0xFFFFFF80      0x00000001         (0, 0, 8)      [] [E]
    353     0x0000A680       0xFFFFFF80      0x00000002         (0, 0, 4)      [] [NE]
    354     0x00010280       0xFFFFFF80      0x00000021         (0, 1, 0)      [] [E, S]
    355     0x00004300       0xFFFFFF80      0x00400001         (0, 0, 8)      [16] [E]
    356     0x0000D100       0xFFFFFF80      0x0000020E         (0, 0, 10)      [3] [NE, N, W]
    357     0x0000FE80       0xFFFFFF80      0x000C0021         (0, 0, 15)      [12, 13] [E, S]
    358     0x0000F000       0xFFFFFF80      0x00FFE039         (0, 0, 14)      [7, 8, 9, 10, 11, 12, 13, 14, 15, 16, 17] [E, W, SW, S]
    359     0x00000880       0xFFFFFF80      0x00002000         (0, 0, 1)      [7] []
    360     0x00009300       0xFFFFFF80      0x00100002         (0, 0, 2)      [14] [NE]
    361     0x0000DC80       0xFFFFFF80      0x0000000E         (0, 0, 11)      [] [NE, N, W]
    362     0x0000D480       0xFFFFFF80      0x00010008         (0, 0, 10)      [10] [W]
    363     0x0001A500       0xFFFFFF80      0x00000401         (0, 1, 4)      [4] [E]
    364     0x00017000       0xFFFFFF80      0x00000208         (0, 1, 14)      [3] [W]
    365     0x00015500       0xFFFFFF80      0x00000020         (0, 1, 10)      [] [S]
    366     0x00013180       0xFFFFFF80      0x00000008         (0, 1, 6)      [] [W]
    367     0x00011E80       0xFFFFFF80      0x00000008         (0, 1, 3)      [] [W]
    368     0x00022300       0xFFFFFF80      0x00040010         (0, 2, 4)      [12] [SW]
    369     0x0000BE00       0xFFFFFF80      0x00000001         (0, 0, 7)      [] [E]
    370     0x00017780       0xFFFFFF80      0x00000008         (0, 1, 14)      [] [W]
    371     0x0000CF00       0xFFFFFF80      0x0000000E         (0, 0, 9)      [] [NE, N, W]
    372     0x00018C80       0xFFFFFF80      0x00000020         (0, 1, 1)      [] [S]
    373     0x00018380       0xFFFFFF80      0x00000020         (0, 1, 0)      [] [S]
    374     0x0001C880       0xFFFFFF80      0x00000001         (0, 1, 9)      [] [E]
    375     0x0000F500       0xFFFFFF80      0x00FFE021         (0, 0, 14)      [7, 8, 9, 10, 11, 12, 13, 14, 15, 16, 17] [E, S]
    376     0x00015900       0xFFFFFF80      0x00001000         (0, 1, 11)      [6] []
    377     0x0000E380       0xFFFFFF80      0x00181F8C         (0, 0, 12)      [1, 2, 3, 4, 5, 6, 13, 14] [N, W]
    378     0x00012380       0xFFFFFF80      0x00001008         (0, 1, 4)      [6] [W]
    379     0x00009680       0xFFFFFF80      0x00000002         (0, 0, 2)      [] [NE]
    380     0x00032200       0xFFFFFF00      0x00000010         (0, 3, 4)      [] [SW]
    381     0x0001A800       0xFFFFFF80      0x00000001         (0, 1, 5)      [] [E]
    382     0x00013E00       0xFFFFFF80      0x00000818         (0, 1, 7)      [5] [W, SW]
    383     0x00008700       0xFFFFFF80      0x00800002         (0, 0, 0)      [17] [NE]
    384     0x0000CC80       0xFFFFFF80      0x0000000E         (0, 0, 9)      [] [NE, N, W]
    385     0x00015D00       0xFFFFFF80      0x00400010         (0, 1, 11)      [16] [SW]
    386     0x00011E00       0xFFFFFF80      0x00000008         (0, 1, 3)      [] [W]
    387     0x00010980       0xFFFFFF80      0x00000001         (0, 1, 1)      [] [E]
    388     0x0000E700       0xFFFFFF80      0x00001F8E         (0, 0, 12)      [1, 2, 3, 4, 5, 6] [NE, N, W]
    389     0x00010C80       0xFFFFFF80      0x00100018         (0, 1, 1)      [14] [W, SW]
    390     0x00013800       0xFFFFFF80      0x00000018         (0, 1, 7)      [] [W, SW]
    391     0x00014680       0xFFFFFF80      0x00000020         (0, 1, 8)      [] [S]
    392     0x00005B80       0xFFFFFF80      0x00020000         (0, 0, 11)      [11] []
    393     0x0001A400       0xFFFFFF80      0x00000100         (0, 1, 4)      [2] []
    394     0x00006A00       0xFFFFFF80      0x00080001         (0, 0, 13)      [13] [E]
    395     0x00014380       0xFFFFFF80      0x00400030         (0, 1, 8)      [16] [SW, S]
    396     0x0001E500       0xFFFFFF80      0x00001000         (0, 1, 12)      [6] []
    397     0x0001F480       0xFFFFFF80      0x00000008         (0, 1, 14)      [] [W]
    398     0x0001F180       0xFFFFFF80      0x00000008         (0, 1, 14)      [] [W]
    399     0x00008380       0xFFFFFF80      0x00010000         (0, 0, 0)      [10] []
    400     0x00041900       0xFFFFFF00      0x00000008         (0, 4, 3)      [] [W]
    401     0x00014700       0xFFFFFF80      0x00000020         (0, 1, 8)      [] [S]
    402     0x00017280       0xFFFFFF80      0x00000008         (0, 1, 14)      [] [W]
    403     0x0000A700       0xFFFFFF80      0x00000002         (0, 0, 4)      [] [NE]
    404     0x0001A680       0xFFFFFF80      0x00000001         (0, 1, 4)      [] [E]
    405     0x00021F00       0xFFFFFF80      0x00000010         (0, 2, 3)      [] [SW]
    406     0x0000E080       0xFFFFFF80      0x00007F80         (0, 0, 12)      [1, 2, 3, 4, 5, 6, 7, 8] []
    407     0x0000E500       0xFFFFFF80      0x00C01F8E         (0, 0, 12)      [1, 2, 3, 4, 5, 6, 16, 17] [NE, N, W]
    408     0x00010100       0xFFFFFF80      0x00800021         (0, 1, 0)      [17] [E, S]
    409     0x0000B200       0xFFFFFF80      0x00000001         (0, 0, 6)      [] [E]
    410     0x00011600       0xFFFFFF80      0x00001008         (0, 1, 2)      [6] [W]
    411     0x0000F580       0xFFFFFF80      0x00FFE021         (0, 0, 14)      [7, 8, 9, 10, 11, 12, 13, 14, 15, 16, 17] [E, S]
    412     0x00010700       0xFFFFFF80      0x00000221         (0, 1, 0)      [3] [E, S]
    413     0x0000B500       0xFFFFFF80      0x00000081         (0, 0, 6)      [1] [E]
    414     0x00016500       0xFFFFFF80      0x00000808         (0, 1, 12)      [5] [W]
    415     0x0001DF00       0xFFFFFF80      0x00000400         (0, 1, 11)      [4] []
    416     0x0000EA00       0xFFFFFF80      0x00001F8E         (0, 0, 13)      [1, 2, 3, 4, 5, 6] [NE, N, W]
    417     0x00031C00       0xFFFFFF00      0x00000010         (0, 3, 3)      [] [SW]
    418     0x0000A280       0xFFFFFF80      0x00000002         (0, 0, 4)      [] [NE]
    419     0x0000FC80       0xFFFFFF80      0x0000C020         (0, 0, 15)      [8, 9] [S]
    420     0x00005180       0xFFFFFF80      0x00000002         (0, 0, 10)      [] [NE]
    421     0x00001680       0xFFFFFF80      0x00004000         (0, 0, 2)      [8] []
    422     0x00018D00       0xFFFFFF80      0x00000020         (0, 1, 1)      [] [S]
    423     0x0000EB80       0xFFFFFF80      0x00001FBF         (0, 0, 13)      [1, 2, 3, 4, 5, 6] [E, NE, N, W, SW, S]
    424     0x0001C800       0xFFFFFF80      0x00000001         (0, 1, 9)      [] [E]
    425     0x0000E100       0xFFFFFF80      0x0000DF88         (0, 0, 12)      [1, 2, 3, 4, 5, 6, 8, 9] [W]
    426     0x0000A580       0xFFFFFF80      0x00000002         (0, 0, 4)      [] [NE]
    427     0x0000ED80       0xFFFFFF80      0x00001FBF         (0, 0, 13)      [1, 2, 3, 4, 5, 6] [E, NE, N, W, SW, S]
    428     0x00002680       0xFFFFFF80      0x00080000         (0, 0, 4)      [13] []
    429     0x00016B00       0xFFFFFF80      0x00000008         (0, 1, 13)      [] [W]
    430     0x00006780       0xFFFFFF80      0x00004000         (0, 0, 12)      [8] []
    431     0x00015400       0xFFFFFF80      0x00000020         (0, 1, 10)      [] [S]
    432     0x0000FF80       0xFFFFFF80      0x00300021         (0, 0, 15)      [14, 15] [E, S]
    433     0x00016F00       0xFFFFFF80      0x00000088         (0, 1, 13)      [1] [W]
    434     0x0001BF00       0xFFFFFF80      0x00000808         (0, 1, 7)      [5] [W]
    435     0x00013F00       0xFFFFFF80      0x00000018         (0, 1, 7)      [] [W, SW]
    436     0x0001A380       0xFFFFFF80      0x00000080         (0, 1, 4)      [1] []
    437     0x00016180       0xFFFFFF80      0x00000008         (0, 1, 12)      [] [W]
    438     0x00003200       0xFFFFFF80      0x00008000         (0, 0, 6)      [9] []
    439     0x00016F80       0xFFFFFF80      0x00000108         (0, 1, 13)      [2] [W]
    440     0x0001B700       0xFFFFFF80      0x00000800         (0, 1, 6)      [5] []
    441     0x00018580       0xFFFFFF80      0x000000A0         (0, 1, 0)      [1] [S]
    442     0x0000E880       0xFFFFFF80      0x00001F8E         (0, 0, 13)      [1, 2, 3, 4, 5, 6] [NE, N, W]
    443     0x00012280       0xFFFFFF80      0x00000408         (0, 1, 4)      [4] [W]
    444     0x00009900       0xFFFFFF80      0x00000002         (0, 0, 3)      [] [NE]
    445     0x0000F900       0xFFFFFF80      0x00FFE1A1         (0, 0, 15)      [1, 2, 7, 8, 9, 10, 11, 12, 13, 14, 15, 16, 17] [E, S]
    446     0x00011D80       0xFFFFFF80      0x00000008         (0, 1, 3)      [] [W]
    447     0x00009380       0xFFFFFF80      0x00200002         (0, 0, 2)      [15] [NE]
    448     0x0001ED80       0xFFFFFF80      0x00001000         (0, 1, 13)      [6] []
    449     0x00022B00       0xFFFFFF80      0x00000080         (0, 2, 5)      [1] []
    450     0x00017B00       0xFFFFFF80      0x00000108         (0, 1, 15)      [2] [W]
    451     0x00022380       0xFFFFFF80      0x00080010         (0, 2, 4)      [13] [SW]
    452     0x0000D700       0xFFFFFF80      0x0020000E         (0, 0, 10)      [15] [NE, N, W]
    453     0x00041600       0xFFFFFF00      0x00400000         (0, 4, 2)      [16] []
    454     0x00013D00       0xFFFFFF80      0x00000218         (0, 1, 7)      [3] [W, SW]
    455     0x0001BE00       0xFFFFFF80      0x00000200         (0, 1, 7)      [3] []
    456     0x00012C00       0xFFFFFF80      0x00000008         (0, 1, 5)      [] [W]
    457     0x00022180       0xFFFFFF80      0x00008010         (0, 2, 4)      [9] [SW]
    458     0x0000DD80       0xFFFFFF80      0x0000018E         (0, 0, 11)      [1, 2] [NE, N, W]
    459     0x00010580       0xFFFFFF80      0x00000021         (0, 1, 0)      [] [E, S]
    460     0x0000B080       0xFFFFFF80      0x00000001         (0, 0, 6)      [] [E]
    461     0x0001CC80       0xFFFFFF80      0x00000201         (0, 1, 9)      [3] [E]
    462     0x00011680       0xFFFFFF80      0x00000008         (0, 1, 2)      [] [W]
    463     0x00041D00       0xFFFFFF00      0x00000008         (0, 4, 3)      [] [W]
    464     0x00012D00       0xFFFFFF80      0x00000008         (0, 1, 5)      [] [W]
    465     0x00031400       0xFFFFFF00      0x00000010         (0, 3, 2)      [] [SW]
    466     0x00006080       0xFFFFFF80      0x00000002         (0, 0, 12)      [] [NE]
    467     0x0000A400       0xFFFFFF80      0x00000002         (0, 0, 4)      [] [NE]
    468     0x0000FB80       0xFFFFFF80      0x00FFF001         (0, 0, 15)      [6, 7, 8, 9, 10, 11, 12, 13, 14, 15, 16, 17] [E]
    469     0x00010600       0xFFFFFF80      0x000000A1         (0, 1, 0)      [1] [E, S]
    470     0x00000B80       0xFFFFFF80      0x00080000         (0, 0, 1)      [13] []
    471     0x00002380       0xFFFFFF80      0x00002000         (0, 0, 4)      [7] []
    472     0x0000BA00       0xFFFFFF80      0x00020000         (0, 0, 7)      [11] []
    473     0x00015E00       0xFFFFFF80      0x00000010         (0, 1, 11)      [] [SW]
    474     0x0000AC80       0xFFFFFF80      0x00020000         (0, 0, 5)      [11] []
    475     0x00007900       0xFFFFFF80      0x00400001         (0, 0, 15)      [16] [E]
    476     0x0000FA00       0xFFFFFF80      0x00FFE621         (0, 0, 15)      [3, 4, 7, 8, 9, 10, 11, 12, 13, 14, 15, 16, 17] [E, S]
    477     0x00011000       0xFFFFFF80      0x00000018         (0, 1, 2)      [] [W, SW]
    478     0x00031500       0xFFFFFF00      0x00000010         (0, 3, 2)      [] [SW]
    479     0x0000BF00       0xFFFFFF80      0x00000001         (0, 0, 7)      [] [E]
    480     0x00000A00       0xFFFFFF80      0x00010000         (0, 0, 1)      [10] []
    481     0x00011280       0xFFFFFF80      0x00000018         (0, 1, 2)      [] [W, SW]
    482     0x00012A80       0xFFFFFF80      0x00000008         (0, 1, 5)      [] [W]
    483     0x00018C00       0xFFFFFF80      0x00000020         (0, 1, 1)      [] [S]
    484     0x0001C480       0xFFFFFF80      0x00000088         (0, 1, 8)      [1] [W]
    485     0x00004100       0xFFFFFF80      0x00040001         (0, 0, 8)      [12] [E]
    486     0x00002880       0xFFFFFF80      0x00800000         (0, 0, 5)      [17] []
    487     0x00012780       0xFFFFFF80      0x00100008         (0, 1, 4)      [14] [W]
    488     0x0001B500       0xFFFFFF80      0x00000080         (0, 1, 6)      [1] []
    489     0x00031600       0xFFFFFF00      0x00000010         (0, 3, 2)      [] [SW]
    490     0x00017180       0xFFFFFF80      0x00001008         (0, 1, 14)      [6] [W]
    491     0x00041300       0xFFFFFF00      0x00080000         (0, 4, 2)      [13] []
    492     0x00040A00       0xFFFFFF00      0x00000400         (0, 4, 1)      [4] []
    493     0x00012100       0xFFFFFF80      0x00000088         (0, 1, 4)      [1] [W]
    494     0x00003680       0xFFFFFF80      0x00000003         (0, 0, 6)      [] [E, NE]
    495     0x00014A80       0xFFFFFF80      0x00000220         (0, 1, 9)      [3] [S]
    496     0x00014880       0xFFFFFF80      0x00000020         (0, 1, 9)      [] [S]
    497     0x00009E80       0xFFFFFF80      0x00010000         (0, 0, 3)      [10] []
    498     0x00016400       0xFFFFFF80      0x00000208         (0, 1, 12)      [3] [W]
    499     0x0000F200       0xFFFFFF80      0x00FFE03F         (0, 0, 14)      [7, 8, 9, 10, 11, 12, 13, 14, 15, 16, 17] [E, NE, N, W, SW, S]
    500     0x0000A080       0xFFFFFF80      0x00100002         (0, 0, 4)      [14] [NE]
    501     0x00018600       0xFFFFFF80      0x00000120         (0, 1, 0)      [2] [S]
    502     0x00014500       0xFFFFFF80      0x00000030         (0, 1, 8)      [] [SW, S]
    503     0x00011580       0xFFFFFF80      0x00000808         (0, 1, 2)      [5] [W]
    504     0x00012480       0xFFFFFF80      0x00000008         (0, 1, 4)      [] [W]
    505     0x0001D380       0xFFFFFF80      0x00000400         (0, 1, 10)      [4] []
    506     0x00016D80       0xFFFFFF80      0x00000008         (0, 1, 13)      [] [W]
    507     0x00009100       0xFFFFFF80      0x00010000         (0, 0, 2)      [10] []
    508     0x0001E000       0xFFFFFF80      0x00001000         (0, 1, 12)      [6] []
    509     0x00019000       0xFFFFFF80      0x000000A0         (0, 1, 2)      [1] [S]
    510     0x00001900       0xFFFFFF80      0x00080001         (0, 0, 3)      [13] [E]
    511     0x0000BC00       0xFFFFFF80      0x00200001         (0, 0, 7)      [15] [E]
    512     0x00007A00       0xFFFFFF80      0x00000001         (0, 0, 15)      [] [E]
    513     0x00009800       0xFFFFFF80      0x00000002         (0, 0, 3)      [] [NE]
    514     0x00015700       0xFFFFFF80      0x00000120         (0, 1, 10)      [2] [S]
    515     0x00031800       0xFFFFFF00      0x00000010         (0, 3, 3)      [] [SW]
    516     0x00011780       0xFFFFFF80      0x00000008         (0, 1, 2)      [] [W]
    517     0x00005A00       0xFFFFFF80      0x00004000         (0, 0, 11)      [8] []
    518     0x0000DB80       0xFFFFFF80      0x0000000E         (0, 0, 11)      [] [NE, N, W]
    519     0x00010480       0xFFFFFF80      0x00000021         (0, 1, 0)      [] [E, S]
    520     0x00011D00       0xFFFFFF80      0x00000008         (0, 1, 3)      [] [W]
    521     0x0001C780       0xFFFFFF80      0x00000001         (0, 1, 8)      [] [E]
    522     0x00017A00       0xFFFFFF80      0x00000008         (0, 1, 15)      [] [W]
    523     0x0001E380       0xFFFFFF80      0x00000200         (0, 1, 12)      [3] []
    524     0x00017980       0xFFFFFF80      0x00000008         (0, 1, 15)      [] [W]
    525     0x0000CE80       0xFFFFFF80      0x0000000E         (0, 0, 9)      [] [NE, N, W]
    526     0x0000E780       0xFFFFFF80      0x00001F8E         (0, 0, 12)      [1, 2, 3, 4, 5, 6] [NE, N, W]
    527     0x00041200       0xFFFFFF00      0x00040000         (0, 4, 2)      [12] []
    528     0x00015D80       0xFFFFFF80      0x00800010         (0, 1, 11)      [17] [SW]
    529     0x00017B80       0xFFFFFF80      0x00000208         (0, 1, 15)      [3] [W]
    530     0x00020780       0xFFFFFF80      0x00FFE000         (0, 2, 0)      [7, 8, 9, 10, 11, 12, 13, 14, 15, 16, 17] []
    531     0x00013080       0xFFFFFF80      0x00000808         (0, 1, 6)      [5] [W]
    532     0x00004480       0xFFFFFF80      0x00000001         (0, 0, 8)      [] [E]
    533     0x00016200       0xFFFFFF80      0x00000008         (0, 1, 12)      [] [W]
    534     0x00016680       0xFFFFFF80      0x00000008         (0, 1, 12)      [] [W]
    535     0x0000EE00       0xFFFFFF80      0x00FFE038         (0, 0, 13)      [7, 8, 9, 10, 11, 12, 13, 14, 15, 16, 17] [W, SW, S]
    536     0x0000E180       0xFFFFFF80      0x00019F88         (0, 0, 12)      [1, 2, 3, 4, 5, 6, 9, 10] [W]
    537     0x00018D80       0xFFFFFF80      0x00000020         (0, 1, 1)      [] [S]
    538     0x0000EB00       0xFFFFFF80      0x00001FBF         (0, 0, 13)      [1, 2, 3, 4, 5, 6] [E, NE, N, W, SW, S]
    539     0x00022D80       0xFFFFFF80      0x00001000         (0, 2, 5)      [6] []
    540     0x0000D080       0xFFFFFF80      0x0000010E         (0, 0, 10)      [2] [NE, N, W]
    541     0x00022D00       0xFFFFFF80      0x00000800         (0, 2, 5)      [5] []
    542     0x0000AD80       0xFFFFFF80      0x00080001         (0, 0, 5)      [13] [E]
    543     0x00007480       0xFFFFFF80      0x00002000         (0, 0, 14)      [7] []
    544     0x0001A880       0xFFFFFF80      0x00000001         (0, 1, 5)      [] [E]
    545     0x00003280       0xFFFFFF80      0x00010000         (0, 0, 6)      [10] []
    546     0x00000B00       0xFFFFFF80      0x00040000         (0, 0, 1)      [12] []
    547     0x00010300       0xFFFFFF80      0x00000021         (0, 1, 0)      [] [E, S]
    548     0x00008B00       0xFFFFFF80      0x00000002         (0, 0, 1)      [] [NE]
    549     0x0001C300       0xFFFFFF80      0x00000008         (0, 1, 8)      [] [W]
    550     0x00022500       0xFFFFFF80      0x00400010         (0, 2, 4)      [16] [SW]
    551     0x00014A00       0xFFFFFF80      0x00000120         (0, 1, 9)      [2] [S]
    552     0x00003E80       0xFFFFFF80      0x00002000         (0, 0, 7)      [7] []
    553     0x0000CB80       0xFFFFFF80      0x0000000E         (0, 0, 9)      [] [NE, N, W]
    554     0x00012900       0xFFFFFF80      0x00800008         (0, 1, 5)      [17] [W]
    555     0x0001DA80       0xFFFFFF80      0x00001000         (0, 1, 11)      [6] []
    556     0x00013400       0xFFFFFF80      0x00040008         (0, 1, 6)      [12] [W]
    557     0x00006800       0xFFFFFF80      0x00008000         (0, 0, 13)      [9] []
    558     0x0000AF00       0xFFFFFF80      0x00400003         (0, 0, 5)      [16] [E, NE]
    559     0x00014800       0xFFFFFF80      0x00000020         (0, 1, 9)      [] [S]
    560     0x0000A100       0xFFFFFF80      0x00200002         (0, 0, 4)      [15] [NE]
    561     0x00009E00       0xFFFFFF80      0x00008000         (0, 0, 3)      [9] []
    562     0x0000FD00       0xFFFFFF80      0x00018021         (0, 0, 15)      [9, 10] [E, S]
    563     0x00041A00       0xFFFFFF00      0x00000008         (0, 4, 3)      [] [W]
    564     0x00000D80       0xFFFFFF80      0x00800000         (0, 0, 1)      [17] []
    565     0x0000AD00       0xFFFFFF80      0x00040001         (0, 0, 5)      [12] [E]
    566     0x00009780       0xFFFFFF80      0x00000002         (0, 0, 2)      [] [NE]
    567     0x0001D480       0xFFFFFF80      0x00001000         (0, 1, 10)      [6] []
    568     0x0000EC80       0xFFFFFF80      0x00001FBF         (0, 0, 13)      [1, 2, 3, 4, 5, 6] [E, NE, N, W, SW, S]
    569     0x0001C380       0xFFFFFF80      0x00000008         (0, 1, 8)      [] [W]
    570     0x00001800       0xFFFFFF80      0x00020000         (0, 0, 3)      [11] []
    571     0x0001A780       0xFFFFFF80      0x00000001         (0, 1, 4)      [] [E]
    572     0x00001880       0xFFFFFF80      0x00040001         (0, 0, 3)      [12] [E]
    573     0x00005980       0xFFFFFF80      0x00002000         (0, 0, 11)      [7] []
    574     0x0000F700       0xFFFFFF80      0x00FFE021         (0, 0, 14)      [7, 8, 9, 10, 11, 12, 13, 14, 15, 16, 17] [E, S]
    575     0x0001A480       0xFFFFFF80      0x00000200         (0, 1, 4)      [3] []
    576     0x00010D80       0xFFFFFF80      0x00400018         (0, 1, 1)      [16] [W, SW]
    577     0x0000A300       0xFFFFFF80      0x00000002         (0, 0, 4)      [] [NE]
    578     0x00009500       0xFFFFFF80      0x00000002         (0, 0, 2)      [] [NE]
    579     0x00013700       0xFFFFFF80      0x00000018         (0, 1, 6)      [] [W, SW]
    580     0x0000AA80       0xFFFFFF80      0x00002000         (0, 0, 5)      [7] []
    581     0x00012F00       0xFFFFFF80      0x00000108         (0, 1, 5)      [2] [W]
    582     0x00011080       0xFFFFFF80      0x00000018         (0, 1, 2)      [] [W, SW]
    583     0x00002480       0xFFFFFF80      0x00008000         (0, 0, 4)      [9] []
    584     0x0000E900       0xFFFFFF80      0x00001F8E         (0, 0, 13)      [1, 2, 3, 4, 5, 6] [NE, N, W]
    585     0x00020700       0xFFFFFF80      0x00001F80         (0, 2, 0)      [1, 2, 3, 4, 5, 6] []
    586     0x00005300       0xFFFFFF80      0x00000002         (0, 0, 10)      [] [NE]
    587     0x0000CD80       0xFFFFFF80      0x0000000E         (0, 0, 9)      [] [NE, N, W]
    588     0x0000D880       0xFFFFFF80      0x0000000E         (0, 0, 11)      [] [NE, N, W]
    589     0x00008980       0xFFFFFF80      0x00000002         (0, 0, 1)      [] [NE]
    590     0x00010E00       0xFFFFFF80      0x00800018         (0, 1, 1)      [17] [W, SW]
    591     0x00014F80       0xFFFFFF80      0x00100020         (0, 1, 9)      [14] [S]
    592     0x00011300       0xFFFFFF80      0x00000018         (0, 1, 2)      [] [W, SW]
    593     0x00018F00       0xFFFFFF80      0x00000020         (0, 1, 1)      [] [S]
    594     0x0001C900       0xFFFFFF80      0x00000001         (0, 1, 9)      [] [E]
    595     0x00014900       0xFFFFFF80      0x00000020         (0, 1, 9)      [] [S]
    596     0x00014580       0xFFFFFF80      0x00000030         (0, 1, 8)      [] [SW, S]
    597     0x0000CA00       0xFFFFFF80      0x0040000E         (0, 0, 9)      [16] [NE, N, W]
    598     0x0000C600       0xFFFFFF80      0x00004000         (0, 0, 8)      [8] []
    599     0x00008400       0xFFFFFF80      0x00020000         (0, 0, 0)      [11] []
    600     0x00018400       0xFFFFFF80      0x00000020         (0, 1, 0)      [] [S]
    601     0x0000BA80       0xFFFFFF80      0x00040001         (0, 0, 7)      [12] [E]
    602     0x00004180       0xFFFFFF80      0x00080001         (0, 0, 8)      [13] [E]
    603     0x0000DE80       0xFFFFFF80      0x0000060E         (0, 0, 11)      [3, 4] [NE, N, W]
    604     0x00001A00       0xFFFFFF80      0x00200001         (0, 0, 3)      [15] [E]
    605     0x0001E400       0xFFFFFF80      0x00000400         (0, 1, 12)      [4] []
    606     0x00007780       0xFFFFFF80      0x00080001         (0, 0, 14)      [13] [E]
    607     0x00011900       0xFFFFFF80      0x00040008         (0, 1, 3)      [12] [W]
    608     0x00008B80       0xFFFFFF80      0x00000002         (0, 0, 1)      [] [NE]
    609     0x00009F00       0xFFFFFF80      0x00020000         (0, 0, 3)      [11] []
    610     0x00004D80       0xFFFFFF80      0x00010000         (0, 0, 9)      [10] []
    611     0x00009200       0xFFFFFF80      0x00040000         (0, 0, 2)      [12] []
    612     0x00003600       0xFFFFFF80      0x00800003         (0, 0, 6)      [17] [E, NE]
    613     0x00001780       0xFFFFFF80      0x00010000         (0, 0, 2)      [10] []
    614     0x00016100       0xFFFFFF80      0x00000008         (0, 1, 12)      [] [W]
    615     0x00018200       0xFFFFFF80      0x00000008         (0, 1, 0)      [] [W]
    616     0x00011500       0xFFFFFF80      0x00000408         (0, 1, 2)      [4] [W]
    617     0x0000C580       0xFFFFFF80      0x00002000         (0, 0, 8)      [7] []
    618     0x00041800       0xFFFFFF00      0x00000008         (0, 4, 3)      [] [W]
    619     0x0000C780       0xFFFFFF80      0x00020000         (0, 0, 8)      [11] []
    620     0x00009580       0xFFFFFF80      0x00000002         (0, 0, 2)      [] [NE]
    621     0x0001E480       0xFFFFFF80      0x00000800         (0, 1, 12)      [5] []
    622     0x00041500       0xFFFFFF00      0x00200000         (0, 4, 2)      [15] []
    623     0x0000FA80       0xFFFFFF80      0x00FFEC21         (0, 0, 15)      [4, 5, 7, 8, 9, 10, 11, 12, 13, 14, 15, 16, 17] [E, S]
    624     0x0000D900       0xFFFFFF80      0x0000000E         (0, 0, 11)      [] [NE, N, W]
    625     0x00011200       0xFFFFFF80      0x00000018         (0, 1, 2)      [] [W, SW]
    626     0x0001D200       0xFFFFFF80      0x00000080         (0, 1, 10)      [1] []
    627     0x0001ED00       0xFFFFFF80      0x00000800         (0, 1, 13)      [5] []
    628     0x00008780       0xFFFFFF80      0x00000002         (0, 0, 0)      [] [NE]
    629     0x0000F280       0xFFFFFF80      0x00FFE03F         (0, 0, 14)      [7, 8, 9, 10, 11, 12, 13, 14, 15, 16, 17] [E, NE, N, W, SW, S]
    630     0x00015F00       0xFFFFFF80      0x00000010         (0, 1, 11)      [] [SW]
    631     0x00006C80       0xFFFFFF80      0x00000003         (0, 0, 13)      [] [E, NE]
    632     0x00017D80       0xFFFFFF80      0x00000008         (0, 1, 15)      [] [W]
    633     0x00017800       0xFFFFFF80      0x00000008         (0, 1, 15)      [] [W]
    634     0x0000CD00       0xFFFFFF80      0x0000000E         (0, 0, 9)      [] [NE, N, W]
    635     0x0000C300       0xFFFFFF80      0x00000101         (0, 0, 8)      [2] [E]
    636     0x00012600       0xFFFFFF80      0x00020008         (0, 1, 4)      [11] [W]
    637     0x00003580       0xFFFFFF80      0x00400003         (0, 0, 6)      [16] [E, NE]
    638     0x00010A00       0xFFFFFF80      0x00008021         (0, 1, 1)      [9] [E, S]
    639     0x00013000       0xFFFFFF80      0x00000408         (0, 1, 6)      [4] [W]
    640     0x00006A80       0xFFFFFF80      0x00100003         (0, 0, 13)      [14] [E, NE]
    641     0x00012200       0xFFFFFF80      0x00000208         (0, 1, 4)      [3] [W]
    642     0x00002600       0xFFFFFF80      0x00040000         (0, 0, 4)      [12] []
    643     0x0000D300       0xFFFFFF80      0x00002000         (0, 0, 10)      [7] []
    644     0x00004F00       0xFFFFFF80      0x00080000         (0, 0, 9)      [13] []
    645     0x00004E80       0xFFFFFF80      0x00040000         (0, 0, 9)      [12] []
    646     0x0000CA80       0xFFFFFF80      0x0080000E         (0, 0, 9)      [17] [NE, N, W]
    647     0x00008880       0xFFFFFF80      0x00000002         (0, 0, 1)      [] [NE]
    648     0x00007700       0xFFFFFF80      0x00040001         (0, 0, 14)      [12] [E]
    649     0x00016580       0xFFFFFF80      0x00001008         (0, 1, 12)      [6] [W]
    650     0x00017900       0xFFFFFF80      0x00000008         (0, 1, 15)      [] [W]
    651     0x00041F00       0xFFFFFF00      0x00000008         (0, 4, 3)      [] [W]
    652     0x00040E00       0xFFFFFF00      0x00004000         (0, 4, 1)      [8] []
    653     0x00018300       0xFFFFFF80      0x00000020         (0, 1, 0)      [] [S]
    654     0x00031B00       0xFFFFFF00      0x00000010         (0, 3, 3)      [] [SW]
    655     0x0000E200       0xFFFFFF80      0x00031F88         (0, 0, 12)      [1, 2, 3, 4, 5, 6, 10, 11] [W]
    656     0x00003F00       0xFFFFFF80      0x00004000         (0, 0, 7)      [8] []
    657     0x00012E80       0xFFFFFF80      0x00000088         (0, 1, 5)      [1] [W]
    658     0x00014400       0xFFFFFF80      0x00800030         (0, 1, 8)      [17] [SW, S]
    659     0x00007500       0xFFFFFF80      0x00004000         (0, 0, 14)      [8] []
    660     0x00015580       0xFFFFFF80      0x00000020         (0, 1, 10)      [] [S]
    661     0x00002900       0xFFFFFF80      0x00000002         (0, 0, 5)      [] [NE]
    662     0x0000D500       0xFFFFFF80      0x00020008         (0, 0, 10)      [11] [W]
    663     0x00018500       0xFFFFFF80      0x00000020         (0, 1, 0)      [] [S]
    664     0x00011180       0xFFFFFF80      0x00000018         (0, 1, 2)      [] [W, SW]
    665     0x00014200       0xFFFFFF80      0x00080030         (0, 1, 8)      [13] [SW, S]
    666     0x00007800       0xFFFFFF80      0x00100001         (0, 0, 15)      [14] [E]
    667     0x0000B800       0xFFFFFF80      0x00002000         (0, 0, 7)      [7] []
    668     0x00016980       0xFFFFFF80      0x00800008         (0, 1, 13)      [17] [W]
    669     0x00006880       0xFFFFFF80      0x00010000         (0, 0, 13)      [10] []
    670     0x00006E00       0xFFFFFF80      0x00000001         (0, 0, 13)      [] [E]
    671     0x0000BC80       0xFFFFFF80      0x00400001         (0, 0, 7)      [16] [E]
    672     0x00019B00       0xFFFFFF80      0x00000200         (0, 1, 3)      [3] []
    673     0x00008480       0xFFFFFF80      0x00040001         (0, 0, 0)      [12] [E]
    674     0x00009180       0xFFFFFF80      0x00020000         (0, 0, 2)      [11] []
    675     0x00018E00       0xFFFFFF80      0x00000020         (0, 1, 1)      [] [S]
    676     0x00003F80       0xFFFFFF80      0x00008000         (0, 0, 7)      [9] []
    677     0x00013780       0xFFFFFF80      0x00000018         (0, 1, 6)      [] [W, SW]
    678     0x0001B600       0xFFFFFF80      0x00000200         (0, 1, 6)      [3] []
    679     0x0001DA00       0xFFFFFF80      0x00000800         (0, 1, 11)      [5] []
    680     0x00012300       0xFFFFFF80      0x00000808         (0, 1, 4)      [5] [W]
    681     0x00019A00       0xFFFFFF80      0x00000080         (0, 1, 3)      [1] []
    682     0x00014B00       0xFFFFFF80      0x00000420         (0, 1, 9)      [4] [S]
    683     0x0000C700       0xFFFFFF80      0x00010000         (0, 0, 8)      [10] []
    684     0x0001CC00       0xFFFFFF80      0x00000101         (0, 1, 9)      [2] [E]
    685     0x00011880       0xFFFFFF80      0x00020008         (0, 1, 3)      [11] [W]
    686     0x00018800       0xFFFFFF80      0x00001000         (0, 1, 1)      [6] []
    687     0x00008580       0xFFFFFF80      0x00100001         (0, 0, 0)      [14] [E]
    688     0x00006B00       0xFFFFFF80      0x00200003         (0, 0, 13)      [15] [E, NE]
    689     0x0000AB00       0xFFFFFF80      0x00004000         (0, 0, 5)      [8] []
    690     0x00017080       0xFFFFFF80      0x00000408         (0, 1, 14)      [4] [W]
    691     0x0000B100       0xFFFFFF80      0x00000001         (0, 0, 6)      [] [E]
    692     0x00005080       0xFFFFFF80      0x00400002         (0, 0, 10)      [16] [NE]
    693     0x0001CB80       0xFFFFFF80      0x00000081         (0, 1, 9)      [1] [E]
    694     0x00017700       0xFFFFFF80      0x00000008         (0, 1, 14)      [] [W]
    695     0x00015300       0xFFFFFF80      0x00000020         (0, 1, 10)      [] [S]
    696     0x0001F500       0xFFFFFF80      0x00000008         (0, 1, 14)      [] [W]
    697     0x0001E980       0xFFFFFF80      0x00001000         (0, 1, 13)      [6] []
    698     0x0000E480       0xFFFFFF80      0x00601F8E         (0, 0, 12)      [1, 2, 3, 4, 5, 6, 15, 16] [NE, N, W]
    699     0x0001CD00       0xFFFFFF80      0x00000401         (0, 1, 9)      [4] [E]
    700     0x00015080       0xFFFFFF80      0x00400020         (0, 1, 10)      [16] [S]
    701     0x00018B80       0xFFFFFF80      0x00000020         (0, 1, 1)      [] [S]
    702     0x0000A180       0xFFFFFF80      0x00400002         (0, 0, 4)      [16] [NE]
    703     0x00006700       0xFFFFFF80      0x00002000         (0, 0, 12)      [7] []
    704     0x00016C80       0xFFFFFF80      0x00000008         (0, 1, 13)      [] [W]
    705     0x00013200       0xFFFFFF80      0x00000008         (0, 1, 6)      [] [W]
    706     0x00011A00       0xFFFFFF80      0x00100008         (0, 1, 3)      [14] [W]
    707     0x00012B80       0xFFFFFF80      0x00000008         (0, 1, 5)      [] [W]
    708     0x0000E280       0xFFFFFF80      0x00061F88         (0, 0, 12)      [1, 2, 3, 4, 5, 6, 11, 12] [W]
    709     0x00004C00       0xFFFFFF80      0x00002000         (0, 0, 9)      [7] []
    710     0x00017E00       0xFFFFFF80      0x00000008         (0, 1, 15)      [] [W]
    711     0x0001DF80       0xFFFFFF80      0x00000800         (0, 1, 11)      [5] []
    712     0x00021E80       0xFFFFFF80      0x00000010         (0, 2, 3)      [] [SW]
    713     0x00016300       0xFFFFFF80      0x00000088         (0, 1, 12)      [1] [W]
    714     0x0000AF80       0xFFFFFF80      0x00800003         (0, 0, 5)      [17] [E, NE]
    715     0x0001D400       0xFFFFFF80      0x00000800         (0, 1, 10)      [5] []
    716     0x00010F00       0xFFFFFF80      0x00000018         (0, 1, 1)      [] [W, SW]
    717     0x00005A80       0xFFFFFF80      0x00008000         (0, 0, 11)      [9] []
    718     0x0000BF80       0xFFFFFF80      0x00000001         (0, 0, 7)      [] [E]
    719     0x00041E00       0xFFFFFF00      0x00000008         (0, 4, 3)      [] [W]
    720     0x0000C680       0xFFFFFF80      0x00008000         (0, 0, 8)      [9] []
    721     0x00004C80       0xFFFFFF80      0x00004000         (0, 0, 9)      [8] []
    722     0x00010180       0xFFFFFF80      0x00000021         (0, 1, 0)      [] [E, S]
    723     0x0000BB00       0xFFFFFF80      0x00080001         (0, 0, 7)      [13] [E]
    724     0x00041C00       0xFFFFFF00      0x00000008         (0, 4, 3)      [] [W]
    725     0x00009F80       0xFFFFFF80      0x00040000         (0, 0, 3)      [12] []
    726     0x00005F00       0xFFFFFF80      0x00000002         (0, 0, 11)      [] [NE]
    727     0x00022400       0xFFFFFF80      0x00100010         (0, 2, 4)      [14] [SW]
    728     0x0000ED00       0xFFFFFF80      0x00001FBF         (0, 0, 13)      [1, 2, 3, 4, 5, 6] [E, NE, N, W, SW, S]
    729     0x0001E880       0xFFFFFF80      0x00000400         (0, 1, 13)      [4] []
    730     0x0000D000       0xFFFFFF80      0x0000008E         (0, 0, 10)      [1] [NE, N, W]
    731     0x00007B00       0xFFFFFF80      0x00000001         (0, 0, 15)      [] [E]
    732     0x0000B180       0xFFFFFF80      0x00000001         (0, 0, 6)      [] [E]
    733     0x00004200       0xFFFFFF80      0x00100001         (0, 0, 8)      [14] [E]
    734     0x00016380       0xFFFFFF80      0x00000108         (0, 1, 12)      [2] [W]
    735     0x00018680       0xFFFFFF80      0x00000220         (0, 1, 0)      [3] [S]
    736     0x0000F600       0xFFFFFF80      0x00FFE021         (0, 0, 14)      [7, 8, 9, 10, 11, 12, 13, 14, 15, 16, 17] [E, S]
    737     0x0000F880       0xFFFFFF80      0x00FFE0A1         (0, 0, 15)      [1, 7, 8, 9, 10, 11, 12, 13, 14, 15, 16, 17] [E, S]
    738     0x0001C500       0xFFFFFF80      0x00000108         (0, 1, 8)      [2] [W]
    739     0x0000EE80       0xFFFFFF80      0x00FFE038         (0, 0, 13)      [7, 8, 9, 10, 11, 12, 13, 14, 15, 16, 17] [W, SW, S]
    740     0x0000C980       0xFFFFFF80      0x00200001         (0, 0, 9)      [15] [E]
    741     0x00000C80       0xFFFFFF80      0x00200000         (0, 0, 1)      [15] []
    742     0x00013580       0xFFFFFF80      0x00200008         (0, 1, 6)      [15] [W]
    743     0x0000C380       0xFFFFFF80      0x00000201         (0, 0, 8)      [3] [E]
    744     0x00022080       0xFFFFFF80      0x00002010         (0, 2, 4)      [7] [SW]
    745     0x00010880       0xFFFFFF80      0x00001001         (0, 1, 1)      [6] [E]
    746     0x00005200       0xFFFFFF80      0x00000002         (0, 0, 10)      [] [NE]
    747     0x00001600       0xFFFFFF80      0x00002000         (0, 0, 2)      [7] []
    748     0x00041700       0xFFFFFF00      0x00800000         (0, 4, 2)      [17] []
    749     0x00032100       0xFFFFFF00      0x00000010         (0, 3, 4)      [] [SW]
    750     0x00013500       0xFFFFFF80      0x00100008         (0, 1, 6)      [14] [W]
    751     0x00022580       0xFFFFFF80      0x00800010         (0, 2, 4)      [17] [SW]
    752     0x0000F400       0xFFFFFF80      0x00FFE021         (0, 0, 14)      [7, 8, 9, 10, 11, 12, 13, 14, 15, 16, 17] [E, S]
    753     0x00000980       0xFFFFFF80      0x00008000         (0, 0, 1)      [9] []
