router contains 613 entries 
 
  Index   Key(hex)    Mask(hex)    Route(hex)    Src. Core -> [Cores][Links]
------------------------------------------------------------------------------
    0     0x0000FC00       0xFFFFFF80      0x000FFF80         (0, 0, 15)      [1, 2, 3, 4, 5, 6, 7, 8, 9, 10, 11, 12, 13] []
    1     0x00007B80       0xFFFFFF80      0x00000002         (0, 0, 15)      [] [NE]
    2     0x0001A680       0xFFFFFF80      0x00020002         (0, 1, 4)      [11] [NE]
    3     0x00018900       0xFFFFFF80      0x00040000         (0, 1, 1)      [12] []
    4     0x00010F80       0xFFFFFF80      0x00F80000         (0, 1, 1)      [16, 17, 13, 14, 15] []
    5     0x0001D100       0xFFFFFF80      0x00000002         (0, 1, 10)      [] [NE]
    6     0x0000DD00       0xFFFFFF80      0x00000400         (0, 0, 11)      [4] []
    7     0x0000BA00       0xFFFFFF80      0x00200000         (0, 0, 7)      [15] []
    8     0x00010D00       0xFFFFFF80      0x00F80000         (0, 1, 1)      [16, 17, 13, 14, 15] []
    9     0x0001BD80       0xFFFFFF80      0x00001000         (0, 1, 7)      [6] []
    10     0x00010200       0xFFFFFF80      0x0007FF80         (0, 1, 0)      [1, 2, 3, 4, 5, 6, 7, 8, 9, 10, 11, 12] []
    11     0x0001D300       0xFFFFFF80      0x00002003         (0, 1, 10)      [7] [E, NE]
    12     0x0001C980       0xFFFFFF80      0x00000003         (0, 1, 9)      [] [E, NE]
    13     0x0003B100       0xFFFFFF00      0x00000020         (0, 3, 6)      [] [S]
    14     0x00022380       0xFFFFFF80      0x00800008         (0, 2, 4)      [17] [W]
    15     0x0001E080       0xFFFFFF80      0x00020000         (0, 1, 12)      [11] []
    16     0x0001A280       0xFFFFFF80      0x00000202         (0, 1, 4)      [3] [NE]
    17     0x00014880       0xFFFFFF80      0x00000200         (0, 1, 9)      [3] []
    18     0x0001BF00       0xFFFFFF80      0x00008000         (0, 1, 7)      [9] []
    19     0x0000C900       0xFFFFFF80      0x00000003         (0, 0, 9)      [] [E, NE]
    20     0x00010800       0xFFFFFF80      0x0007FFB3         (0, 1, 1)      [1, 2, 3, 4, 5, 6, 7, 8, 9, 10, 11, 12] [E, NE, SW, S]
    21     0x00011380       0xFFFFFF80      0x00F80C00         (0, 1, 2)      [4, 5, 13, 14, 15, 16, 17] []
    22     0x00022B80       0xFFFFFF80      0x00001000         (0, 2, 5)      [6] []
    23     0x00003380       0xFFFFFF80      0x00400000         (0, 0, 6)      [16] []
    24     0x00019800       0xFFFFFF80      0x00000082         (0, 1, 3)      [1] [NE]
    25     0x00001700       0xFFFFFF80      0x00080000         (0, 0, 2)      [13] []
    26     0x00022700       0xFFFFFF80      0x00000008         (0, 2, 4)      [] [W]
    27     0x00043900       0xFFFFFF00      0x00000080         (0, 4, 7)      [1] []
    28     0x00004380       0xFFFFFF80      0x00000002         (0, 0, 8)      [] [NE]
    29     0x0000EB80       0xFFFFFF80      0x00001000         (0, 0, 13)      [6] []
    30     0x00007B00       0xFFFFFF80      0x00000002         (0, 0, 15)      [] [NE]
    31     0x00003600       0xFFFFFF80      0x00000002         (0, 0, 6)      [] [NE]
    32     0x00006E80       0xFFFFFF80      0x00000002         (0, 0, 13)      [] [NE]
    33     0x00008500       0xFFFFFF80      0x00800003         (0, 0, 0)      [17] [E, NE]
    34     0x00000A80       0xFFFFFF80      0x00200000         (0, 0, 1)      [15] []
    35     0x0001B800       0xFFFFFF80      0x00020000         (0, 1, 7)      [11] []
    36     0x0000AC80       0xFFFFFF80      0x00200000         (0, 0, 5)      [15] []
    37     0x00007980       0xFFFFFF80      0x00000002         (0, 0, 15)      [] [NE]
    38     0x00013D00       0xFFFFFF80      0x00002000         (0, 1, 7)      [7] []
    39     0x0001DA00       0xFFFFFF80      0x00008000         (0, 1, 11)      [9] []
    40     0x0000BD00       0xFFFFFF80      0x00000002         (0, 0, 7)      [] [NE]
    41     0x0000AB80       0xFFFFFF80      0x00080000         (0, 0, 5)      [13] []
    42     0x00017D00       0xFFFFFF80      0x00010000         (0, 1, 15)      [10] []
    43     0x00003400       0xFFFFFF80      0x00800000         (0, 0, 6)      [17] []
    44     0x00002980       0xFFFFFF80      0x00000002         (0, 0, 5)      [] [NE]
    45     0x00011580       0xFFFFFF80      0x00F8C000         (0, 1, 2)      [8, 9, 13, 14, 15, 16, 17] []
    46     0x00043B00       0xFFFFFF00      0x00000200         (0, 4, 7)      [3] []
    47     0x00008200       0xFFFFFF80      0x00000001         (0, 0, 0)      [] [E]
    48     0x00012400       0xFFFFFF80      0x00020000         (0, 1, 4)      [11] []
    49     0x00006980       0xFFFFFF80      0x00400000         (0, 0, 13)      [16] []
    50     0x00016E80       0xFFFFFF80      0x00000400         (0, 1, 13)      [4] []
    51     0x00010780       0xFFFFFF80      0x0007FFB3         (0, 1, 0)      [1, 2, 3, 4, 5, 6, 7, 8, 9, 10, 11, 12] [E, NE, SW, S]
    52     0x00009800       0xFFFFFF80      0x00000080         (0, 0, 3)      [1] []
    53     0x0001CD80       0xFFFFFF80      0x00008003         (0, 1, 9)      [9] [E, NE]
    54     0x0001A300       0xFFFFFF80      0x00000402         (0, 1, 4)      [4] [NE]
    55     0x00019180       0xFFFFFF80      0x00004010         (0, 1, 2)      [8] [SW]
    56     0x0000DC00       0xFFFFFF80      0x00000100         (0, 0, 11)      [2] []
    57     0x00018580       0xFFFFFF80      0x00000800         (0, 1, 0)      [5] []
    58     0x0001EA00       0xFFFFFF80      0x00020000         (0, 1, 13)      [11] []
    59     0x00019200       0xFFFFFF80      0x00008010         (0, 1, 2)      [9] [SW]
    60     0x00007600       0xFFFFFF80      0x00100000         (0, 0, 14)      [14] []
    61     0x00001B00       0xFFFFFF80      0x00000002         (0, 0, 3)      [] [NE]
    62     0x00016480       0xFFFFFF80      0x00004000         (0, 1, 12)      [8] []
    63     0x0001A600       0xFFFFFF80      0x00010002         (0, 1, 4)      [10] [NE]
    64     0x0000A780       0xFFFFFF80      0x00000800         (0, 0, 4)      [5] []
    65     0x0001BC00       0xFFFFFF80      0x00000200         (0, 1, 7)      [3] []
    66     0x00006D00       0xFFFFFF80      0x00000002         (0, 0, 13)      [] [NE]
    67     0x0003A300       0xFFFFFF00      0x00000020         (0, 3, 4)      [] [S]
    68     0x0000B300       0xFFFFFF80      0x00000080         (0, 0, 6)      [1] []
    69     0x00017880       0xFFFFFF80      0x00000080         (0, 1, 15)      [1] []
    70     0x0000F880       0xFFFFFF80      0x00001800         (0, 0, 15)      [5, 6] []
    71     0x00020780       0xFFFFFF80      0x00000001         (0, 2, 0)      [] [E]
    72     0x00010380       0xFFFFFF80      0x0007FF80         (0, 1, 0)      [1, 2, 3, 4, 5, 6, 7, 8, 9, 10, 11, 12] []
    73     0x00008480       0xFFFFFF80      0x00400001         (0, 0, 0)      [16] [E]
    74     0x00009880       0xFFFFFF80      0x00000100         (0, 0, 3)      [2] []
    75     0x00002600       0xFFFFFF80      0x00400000         (0, 0, 4)      [16] []
    76     0x00015A00       0xFFFFFF80      0x00040000         (0, 1, 11)      [12] []
    77     0x0001A980       0xFFFFFF80      0x00000002         (0, 1, 5)      [] [NE]
    78     0x00019600       0xFFFFFF80      0x00000002         (0, 1, 2)      [] [NE]
    79     0x0000E280       0xFFFFFF80      0x00200000         (0, 0, 12)      [15] []
    80     0x00012600       0xFFFFFF80      0x00200000         (0, 1, 4)      [15] []
    81     0x0000C100       0xFFFFFF80      0x00000102         (0, 0, 8)      [2] [NE]
    82     0x0001CD00       0xFFFFFF80      0x00004003         (0, 1, 9)      [8] [E, NE]
    83     0x0000F100       0xFFFFFF80      0x00800000         (0, 0, 14)      [17] []
    84     0x0000C380       0xFFFFFF80      0x00002003         (0, 0, 8)      [7] [E, NE]
    85     0x00010B00       0xFFFFFF80      0x00F80033         (0, 1, 1)      [16, 17, 13, 14, 15] [E, NE, SW, S]
    86     0x0001C500       0xFFFFFF80      0x00001000         (0, 1, 8)      [6] []
    87     0x00013B80       0xFFFFFF80      0x00000400         (0, 1, 7)      [4] []
    88     0x00007580       0xFFFFFF80      0x00080000         (0, 0, 14)      [13] []
    89     0x00014B80       0xFFFFFF80      0x00008000         (0, 1, 9)      [9] []
    90     0x0000BE80       0xFFFFFF80      0x00000002         (0, 0, 7)      [] [NE]
    91     0x0001B500       0xFFFFFF80      0x00000802         (0, 1, 6)      [5] [NE]
    92     0x00022200       0xFFFFFF80      0x00100000         (0, 2, 4)      [14] []
    93     0x00017080       0xFFFFFF80      0x00004000         (0, 1, 14)      [8] []
    94     0x00013480       0xFFFFFF80      0x00800000         (0, 1, 6)      [17] []
    95     0x00006E00       0xFFFFFF80      0x00000002         (0, 0, 13)      [] [NE]
    96     0x00010680       0xFFFFFF80      0x0007FFB3         (0, 1, 0)      [1, 2, 3, 4, 5, 6, 7, 8, 9, 10, 11, 12] [E, NE, SW, S]
    97     0x0000F980       0xFFFFFF80      0x00006000         (0, 0, 15)      [8, 7] []
    98     0x00019B80       0xFFFFFF80      0x00004002         (0, 1, 3)      [8] [NE]
    99     0x00012080       0xFFFFFF80      0x00000400         (0, 1, 4)      [4] []
    100     0x0000B900       0xFFFFFF80      0x00080000         (0, 0, 7)      [13] []
    101     0x0001DB80       0xFFFFFF80      0x00040000         (0, 1, 11)      [12] []
    102     0x00019780       0xFFFFFF80      0x00000002         (0, 1, 2)      [] [NE]
    103     0x00012680       0xFFFFFF80      0x00400000         (0, 1, 4)      [16] []
    104     0x00004000       0xFFFFFF80      0x00100000         (0, 0, 8)      [14] []
    105     0x00010080       0xFFFFFF80      0x0007FF80         (0, 1, 0)      [1, 2, 3, 4, 5, 6, 7, 8, 9, 10, 11, 12] []
    106     0x0001DF80       0xFFFFFF80      0x00008000         (0, 1, 11)      [9] []
    107     0x00019000       0xFFFFFF80      0x00000810         (0, 1, 2)      [5] [SW]
    108     0x0001EE80       0xFFFFFF80      0x00040000         (0, 1, 13)      [12] []
    109     0x0000C280       0xFFFFFF80      0x00000803         (0, 0, 8)      [5] [E, NE]
    110     0x0000D400       0xFFFFFF80      0x00080000         (0, 0, 10)      [13] []
    111     0x00017980       0xFFFFFF80      0x00000200         (0, 1, 15)      [3] []
    112     0x00002580       0xFFFFFF80      0x00200000         (0, 0, 4)      [15] []
    113     0x0000B480       0xFFFFFF80      0x00000400         (0, 0, 6)      [4] []
    114     0x00017C00       0xFFFFFF80      0x00004000         (0, 1, 15)      [8] []
    115     0x0001B700       0xFFFFFF80      0x00008000         (0, 1, 6)      [9] []
    116     0x00013F80       0xFFFFFF80      0x00040000         (0, 1, 7)      [12] []
    117     0x0000B980       0xFFFFFF80      0x00100000         (0, 0, 7)      [14] []
    118     0x00010A00       0xFFFFFF80      0x00F80033         (0, 1, 1)      [16, 17, 13, 14, 15] [E, NE, SW, S]
    119     0x0000A600       0xFFFFFF80      0x00000100         (0, 0, 4)      [2] []
    120     0x0000CF80       0xFFFFFF80      0x00000400         (0, 0, 9)      [4] []
    121     0x00015680       0xFFFFFF80      0x00000810         (0, 1, 10)      [5] [SW]
    122     0x00019C80       0xFFFFFF80      0x00010000         (0, 1, 3)      [10] []
    123     0x00017200       0xFFFFFF80      0x00020000         (0, 1, 14)      [11] []
    124     0x00019300       0xFFFFFF80      0x00020010         (0, 1, 2)      [11] [SW]
    125     0x0000D600       0xFFFFFF80      0x00800000         (0, 0, 10)      [17] []
    126     0x00044900       0xFFFFFF00      0x00800000         (0, 4, 9)      [17] []
    127     0x0000E980       0xFFFFFF80      0x00000100         (0, 0, 13)      [2] []
    128     0x0001A080       0xFFFFFF80      0x00000002         (0, 1, 4)      [] [NE]
    129     0x00018480       0xFFFFFF80      0x00000200         (0, 1, 0)      [3] []
    130     0x0000AC00       0xFFFFFF80      0x00100000         (0, 0, 5)      [14] []
    131     0x0001E500       0xFFFFFF80      0x00010000         (0, 1, 12)      [10] []
    132     0x00012D80       0xFFFFFF80      0x00000200         (0, 1, 5)      [3] []
    133     0x00016280       0xFFFFFF80      0x00000400         (0, 1, 12)      [4] []
    134     0x00008280       0xFFFFFF80      0x00000001         (0, 0, 0)      [] [E]
    135     0x00007D00       0xFFFFFF80      0x00000082         (0, 0, 15)      [1] [NE]
    136     0x00009280       0xFFFFFF80      0x00800000         (0, 0, 2)      [17] []
    137     0x00001B80       0xFFFFFF80      0x00000002         (0, 0, 3)      [] [NE]
    138     0x00004D00       0xFFFFFF80      0x00080000         (0, 0, 9)      [13] []
    139     0x00011400       0xFFFFFF80      0x00F81800         (0, 1, 2)      [5, 6, 13, 14, 15, 16, 17] []
    140     0x0001EA80       0xFFFFFF80      0x00040000         (0, 1, 13)      [12] []
    141     0x00001880       0xFFFFFF80      0x00400000         (0, 0, 3)      [16] []
    142     0x0001F180       0xFFFFFF80      0x00020000         (0, 1, 14)      [11] []
    143     0x0001AE80       0xFFFFFF80      0x00008000         (0, 1, 5)      [9] []
    144     0x0001AB00       0xFFFFFF80      0x00000102         (0, 1, 5)      [2] [NE]
    145     0x00003780       0xFFFFFF80      0x00000002         (0, 0, 6)      [] [NE]
    146     0x0000C800       0xFFFFFF80      0x00400001         (0, 0, 9)      [16] [E]
    147     0x00005B80       0xFFFFFF80      0x00200000         (0, 0, 11)      [15] []
    148     0x00044400       0xFFFFFF00      0x00040000         (0, 4, 8)      [12] []
    149     0x00015780       0xFFFFFF80      0x00002010         (0, 1, 10)      [7] [SW]
    150     0x00007D80       0xFFFFFF80      0x00000103         (0, 0, 15)      [2] [E, NE]
    151     0x0000FF00       0xFFFFFF80      0x0007FF80         (0, 0, 15)      [1, 2, 3, 4, 5, 6, 7, 8, 9, 10, 11, 12] []
    152     0x00010A80       0xFFFFFF80      0x00F80033         (0, 1, 1)      [16, 17, 13, 14, 15] [E, NE, SW, S]
    153     0x00004500       0xFFFFFF80      0x00000002         (0, 0, 8)      [] [NE]
    154     0x00044000       0xFFFFFF00      0x00004000         (0, 4, 8)      [8] []
    155     0x00010100       0xFFFFFF80      0x0007FF80         (0, 1, 0)      [1, 2, 3, 4, 5, 6, 7, 8, 9, 10, 11, 12] []
    156     0x00016180       0xFFFFFF80      0x00000100         (0, 1, 12)      [2] []
    157     0x0000A000       0xFFFFFF80      0x00800000         (0, 0, 4)      [17] []
    158     0x0003A900       0xFFFFFF00      0x00000020         (0, 3, 5)      [] [S]
    159     0x00002680       0xFFFFFF80      0x00800000         (0, 0, 4)      [17] []
    160     0x00011500       0xFFFFFF80      0x00F86000         (0, 1, 2)      [7, 8, 13, 14, 15, 16, 17] []
    161     0x0000FC80       0xFFFFFF80      0x001FFF80         (0, 0, 15)      [1, 2, 3, 4, 5, 6, 7, 8, 9, 10, 11, 12, 13, 14] []
    162     0x00018800       0xFFFFFF80      0x00010000         (0, 1, 1)      [10] []
    163     0x00000A00       0xFFFFFF80      0x00100000         (0, 0, 1)      [14] []
    164     0x00022D80       0xFFFFFF80      0x00010000         (0, 2, 5)      [10] []
    165     0x0001D980       0xFFFFFF80      0x00004000         (0, 1, 11)      [8] []
    166     0x00011100       0xFFFFFF80      0x00F80000         (0, 1, 2)      [16, 17, 13, 14, 15] []
    167     0x0000ED80       0xFFFFFF80      0x00010000         (0, 0, 13)      [10] []
    168     0x0001AF80       0xFFFFFF80      0x00020000         (0, 1, 5)      [11] []
    169     0x00043C00       0xFFFFFF00      0x00000400         (0, 4, 7)      [4] []
    170     0x00022A00       0xFFFFFF80      0x00000200         (0, 2, 5)      [3] []
    171     0x00017A00       0xFFFFFF80      0x00000400         (0, 1, 15)      [4] []
    172     0x0000D580       0xFFFFFF80      0x00400000         (0, 0, 10)      [16] []
    173     0x00012E80       0xFFFFFF80      0x00000800         (0, 1, 5)      [5] []
    174     0x00011780       0xFFFFFF80      0x00FC0000         (0, 1, 2)      [12, 13, 14, 15, 16, 17] []
    175     0x00013E80       0xFFFFFF80      0x00010000         (0, 1, 7)      [10] []
    176     0x0000E300       0xFFFFFF80      0x00400000         (0, 0, 12)      [16] []
    177     0x00022780       0xFFFFFF80      0x00000008         (0, 2, 4)      [] [W]
    178     0x0001EE00       0xFFFFFF80      0x00020000         (0, 1, 13)      [11] []
    179     0x0001B280       0xFFFFFF80      0x00000002         (0, 1, 6)      [] [NE]
    180     0x0001BE80       0xFFFFFF80      0x00004000         (0, 1, 7)      [8] []
    181     0x0000FD00       0xFFFFFF80      0x0037FF80         (0, 0, 15)      [1, 2, 3, 4, 5, 6, 7, 8, 9, 10, 11, 12, 14, 15] []
    182     0x0000C180       0xFFFFFF80      0x00000203         (0, 0, 8)      [3] [E, NE]
    183     0x0000D180       0xFFFFFF80      0x00004000         (0, 0, 10)      [8] []
    184     0x00010480       0xFFFFFF80      0x0007FFB3         (0, 1, 0)      [1, 2, 3, 4, 5, 6, 7, 8, 9, 10, 11, 12] [E, NE, SW, S]
    185     0x0001E980       0xFFFFFF80      0x00010000         (0, 1, 13)      [10] []
    186     0x0000D500       0xFFFFFF80      0x00200000         (0, 0, 10)      [15] []
    187     0x00010D80       0xFFFFFF80      0x00F80000         (0, 1, 1)      [16, 17, 13, 14, 15] []
    188     0x00009980       0xFFFFFF80      0x00000400         (0, 0, 3)      [4] []
    189     0x00011300       0xFFFFFF80      0x00F80600         (0, 1, 2)      [3, 4, 13, 14, 15, 16, 17] []
    190     0x0001DA80       0xFFFFFF80      0x00010000         (0, 1, 11)      [10] []
    191     0x00012C80       0xFFFFFF80      0x00000080         (0, 1, 5)      [1] []
    192     0x00008300       0xFFFFFF80      0x00080001         (0, 0, 0)      [13] [E]
    193     0x0001D580       0xFFFFFF80      0x00040002         (0, 1, 10)      [12] [NE]
    194     0x00010900       0xFFFFFF80      0x0007FFB3         (0, 1, 1)      [1, 2, 3, 4, 5, 6, 7, 8, 9, 10, 11, 12] [E, NE, SW, S]
    195     0x0001D680       0xFFFFFF80      0x00000002         (0, 1, 10)      [] [NE]
    196     0x00007680       0xFFFFFF80      0x00200000         (0, 0, 14)      [15] []
    197     0x00044500       0xFFFFFF00      0x00080000         (0, 4, 8)      [13] []
    198     0x00004080       0xFFFFFF80      0x00200000         (0, 0, 8)      [15] []
    199     0x00009080       0xFFFFFF80      0x00080000         (0, 0, 2)      [13] []
    200     0x00013C80       0xFFFFFF80      0x00001000         (0, 1, 7)      [6] []
    201     0x0000DD80       0xFFFFFF80      0x00000800         (0, 0, 11)      [5] []
    202     0x0001B480       0xFFFFFF80      0x00000402         (0, 1, 6)      [4] [NE]
    203     0x00011900       0xFFFFFF80      0x00600000         (0, 1, 3)      [16, 15] []
    204     0x0001B300       0xFFFFFF80      0x00000082         (0, 1, 6)      [1] [NE]
    205     0x00018380       0xFFFFFF80      0x00000080         (0, 1, 0)      [1] []
    206     0x0001E580       0xFFFFFF80      0x00020000         (0, 1, 12)      [11] []
    207     0x00020700       0xFFFFFF80      0x00000001         (0, 2, 0)      [] [E]
    208     0x0001AC80       0xFFFFFF80      0x00000802         (0, 1, 5)      [5] [NE]
    209     0x0000C980       0xFFFFFF80      0x00000003         (0, 0, 9)      [] [E, NE]
    210     0x0000D480       0xFFFFFF80      0x00100000         (0, 0, 10)      [14] []
    211     0x0001B680       0xFFFFFF80      0x00004000         (0, 1, 6)      [8] []
    212     0x0003AA00       0xFFFFFF00      0x00000020         (0, 3, 5)      [] [S]
    213     0x0001A000       0xFFFFFF80      0x00000002         (0, 1, 4)      [] [NE]
    214     0x00011800       0xFFFFFF80      0x00180000         (0, 1, 3)      [13, 14] []
    215     0x0001DF00       0xFFFFFF80      0x00004000         (0, 1, 11)      [8] []
    216     0x00013A00       0xFFFFFF80      0x00000080         (0, 1, 7)      [1] []
    217     0x0003B200       0xFFFFFF00      0x00000020         (0, 3, 6)      [] [S]
    218     0x00011F80       0xFFFFFF80      0x00000100         (0, 1, 3)      [2] []
    219     0x0001A100       0xFFFFFF80      0x00000002         (0, 1, 4)      [] [NE]
    220     0x00012F80       0xFFFFFF80      0x00002000         (0, 1, 5)      [7] []
    221     0x00043A00       0xFFFFFF00      0x00000100         (0, 4, 7)      [2] []
    222     0x0001D780       0xFFFFFF80      0x00000002         (0, 1, 10)      [] [NE]
    223     0x00006900       0xFFFFFF80      0x00200000         (0, 0, 13)      [15] []
    224     0x0000C000       0xFFFFFF80      0x00000002         (0, 0, 8)      [] [NE]
    225     0x00016100       0xFFFFFF80      0x00000080         (0, 1, 12)      [1] []
    226     0x00022180       0xFFFFFF80      0x00080000         (0, 2, 4)      [13] []
    227     0x00022500       0xFFFFFF80      0x00000008         (0, 2, 4)      [] [W]
    228     0x00004D80       0xFFFFFF80      0x00100000         (0, 0, 9)      [14] []
    229     0x00003280       0xFFFFFF80      0x00100000         (0, 0, 6)      [14] []
    230     0x00011680       0xFFFFFF80      0x00FB0000         (0, 1, 2)      [10, 11, 13, 14, 15, 16, 17] []
    231     0x00010E80       0xFFFFFF80      0x00F80000         (0, 1, 1)      [16, 17, 13, 14, 15] []
    232     0x0001C380       0xFFFFFF80      0x00000200         (0, 1, 8)      [3] []
    233     0x00012700       0xFFFFFF80      0x00800000         (0, 1, 4)      [17] []
    234     0x00001A80       0xFFFFFF80      0x00000002         (0, 0, 3)      [] [NE]
    235     0x0001ED80       0xFFFFFF80      0x00010000         (0, 1, 13)      [10] []
    236     0x00013D80       0xFFFFFF80      0x00004000         (0, 1, 7)      [8] []
    237     0x00013A80       0xFFFFFF80      0x00000100         (0, 1, 7)      [2] []
    238     0x0000FB00       0xFFFFFF80      0x00030000         (0, 0, 15)      [10, 11] []
    239     0x0001BB80       0xFFFFFF80      0x00000100         (0, 1, 7)      [2] []
    240     0x0001E600       0xFFFFFF80      0x00040000         (0, 1, 12)      [12] []
    241     0x0000EF80       0xFFFFFF80      0x00100000         (0, 0, 13)      [14] []
    242     0x00010C00       0xFFFFFF80      0x00F80033         (0, 1, 1)      [16, 17, 13, 14, 15] [E, NE, SW, S]
    243     0x0001DE00       0xFFFFFF80      0x00001000         (0, 1, 11)      [6] []
    244     0x00010180       0xFFFFFF80      0x0007FF80         (0, 1, 0)      [1, 2, 3, 4, 5, 6, 7, 8, 9, 10, 11, 12] []
    245     0x00019900       0xFFFFFF80      0x00000202         (0, 1, 3)      [3] [NE]
    246     0x00018700       0xFFFFFF80      0x00004000         (0, 1, 0)      [8] []
    247     0x0001F100       0xFFFFFF80      0x00010000         (0, 1, 14)      [10] []
    248     0x0000DE00       0xFFFFFF80      0x00001000         (0, 0, 11)      [6] []
    249     0x00009200       0xFFFFFF80      0x00400000         (0, 0, 2)      [16] []
    250     0x00002780       0xFFFFFF80      0x00000002         (0, 0, 4)      [] [NE]
    251     0x0001D180       0xFFFFFF80      0x00000403         (0, 1, 10)      [4] [E, NE]
    252     0x0001AD00       0xFFFFFF80      0x00001002         (0, 1, 5)      [6] [NE]
    253     0x00010C80       0xFFFFFF80      0x00F80000         (0, 1, 1)      [16, 17, 13, 14, 15] []
    254     0x0001D500       0xFFFFFF80      0x00020003         (0, 1, 10)      [11] [E, NE]
    255     0x00013F00       0xFFFFFF80      0x00020000         (0, 1, 7)      [11] []
    256     0x0000DC80       0xFFFFFF80      0x00000200         (0, 0, 11)      [3] []
    257     0x0001CF80       0xFFFFFF80      0x00000002         (0, 1, 9)      [] [NE]
    258     0x00022880       0xFFFFFF80      0x00000008         (0, 2, 5)      [] [W]
    259     0x00009180       0xFFFFFF80      0x00200000         (0, 0, 2)      [15] []
    260     0x0001B380       0xFFFFFF80      0x00000102         (0, 1, 6)      [2] [NE]
    261     0x00013080       0xFFFFFF80      0x00008000         (0, 1, 6)      [9] []
    262     0x00014C00       0xFFFFFF80      0x00010000         (0, 1, 9)      [10] []
    263     0x0001CA80       0xFFFFFF80      0x00000203         (0, 1, 9)      [3] [E, NE]
    264     0x0000BC00       0xFFFFFF80      0x00000002         (0, 0, 7)      [] [NE]
    265     0x0003B000       0xFFFFFF00      0x00000020         (0, 3, 6)      [] [S]
    266     0x0000B380       0xFFFFFF80      0x00000100         (0, 0, 6)      [2] []
    267     0x0000FF80       0xFFFFFF80      0x0007FF80         (0, 0, 15)      [1, 2, 3, 4, 5, 6, 7, 8, 9, 10, 11, 12] []
    268     0x0000D100       0xFFFFFF80      0x00002000         (0, 0, 10)      [7] []
    269     0x00017C80       0xFFFFFF80      0x00008000         (0, 1, 15)      [9] []
    270     0x00014A80       0xFFFFFF80      0x00002000         (0, 1, 9)      [7] []
    271     0x00019980       0xFFFFFF80      0x00000402         (0, 1, 3)      [4] [NE]
    272     0x0001CA00       0xFFFFFF80      0x00000002         (0, 1, 9)      [] [NE]
    273     0x00020800       0xFFFFFF80      0x0007FF81         (0, 2, 1)      [1, 2, 3, 4, 5, 6, 7, 8, 9, 10, 11, 12] [E]
    274     0x00017B80       0xFFFFFF80      0x00002000         (0, 1, 15)      [7] []
    275     0x00000980       0xFFFFFF80      0x00080000         (0, 0, 1)      [13] []
    276     0x00005C80       0xFFFFFF80      0x00800000         (0, 0, 11)      [17] []
    277     0x00000D00       0xFFFFFF80      0x00000002         (0, 0, 1)      [] [NE]
    278     0x0001B880       0xFFFFFF80      0x00040000         (0, 1, 7)      [12] []
    279     0x0000F600       0xFFFFFF80      0x00000080         (0, 0, 14)      [1] []
    280     0x00019100       0xFFFFFF80      0x00002010         (0, 1, 2)      [7] [SW]
    281     0x0000C880       0xFFFFFF80      0x00800003         (0, 0, 9)      [17] [E, NE]
    282     0x0001CF00       0xFFFFFF80      0x00040003         (0, 1, 9)      [12] [E, NE]
    283     0x00001800       0xFFFFFF80      0x00200000         (0, 0, 3)      [15] []
    284     0x00017A80       0xFFFFFF80      0x00000800         (0, 1, 15)      [5] []
    285     0x00010280       0xFFFFFF80      0x0007FF80         (0, 1, 0)      [1, 2, 3, 4, 5, 6, 7, 8, 9, 10, 11, 12] []
    286     0x00008B80       0xFFFFFF80      0x00000200         (0, 0, 1)      [3] []
    287     0x0000C600       0xFFFFFF80      0x00000001         (0, 0, 8)      [] [E]
    288     0x0000DF80       0xFFFFFF80      0x00008000         (0, 0, 11)      [9] []
    289     0x00010500       0xFFFFFF80      0x0007FFB3         (0, 1, 0)      [1, 2, 3, 4, 5, 6, 7, 8, 9, 10, 11, 12] [E, NE, SW, S]
    290     0x0000BF00       0xFFFFFF80      0x00000002         (0, 0, 7)      [] [NE]
    291     0x00013180       0xFFFFFF80      0x00020000         (0, 1, 6)      [11] []
    292     0x00012180       0xFFFFFF80      0x00001000         (0, 1, 4)      [6] []
    293     0x00022300       0xFFFFFF80      0x00400000         (0, 2, 4)      [16] []
    294     0x0001C680       0xFFFFFF80      0x00008000         (0, 1, 8)      [9] []
    295     0x00018F80       0xFFFFFF80      0x00000410         (0, 1, 1)      [4] [SW]
    296     0x00005C00       0xFFFFFF80      0x00400000         (0, 0, 11)      [16] []
    297     0x00015500       0xFFFFFF80      0x00000110         (0, 1, 10)      [2] [SW]
    298     0x0001C800       0xFFFFFF80      0x00040003         (0, 1, 9)      [12] [E, NE]
    299     0x00007880       0xFFFFFF80      0x00000002         (0, 0, 15)      [] [NE]
    300     0x00012380       0xFFFFFF80      0x00010000         (0, 1, 4)      [10] []
    301     0x00003680       0xFFFFFF80      0x00000002         (0, 0, 6)      [] [NE]
    302     0x0001AA00       0xFFFFFF80      0x00000002         (0, 1, 5)      [] [NE]
    303     0x00010580       0xFFFFFF80      0x0007FFB3         (0, 1, 0)      [1, 2, 3, 4, 5, 6, 7, 8, 9, 10, 11, 12] [E, NE, SW, S]
    304     0x00006A00       0xFFFFFF80      0x00800000         (0, 0, 13)      [17] []
    305     0x0001E880       0xFFFFFF80      0x00004000         (0, 1, 13)      [8] []
    306     0x00007C00       0xFFFFFF80      0x00000002         (0, 0, 15)      [] [NE]
    307     0x00011F00       0xFFFFFF80      0x00000080         (0, 1, 3)      [1] []
    308     0x00009E00       0xFFFFFF80      0x00080000         (0, 0, 3)      [13] []
    309     0x0001E900       0xFFFFFF80      0x00008000         (0, 1, 13)      [9] []
    310     0x00018880       0xFFFFFF80      0x00020000         (0, 1, 1)      [11] []
    311     0x0000C680       0xFFFFFF80      0x00080001         (0, 0, 8)      [13] [E]
    312     0x00016E00       0xFFFFFF80      0x00000200         (0, 1, 13)      [3] []
    313     0x0003AE00       0xFFFFFF00      0x00000020         (0, 3, 5)      [] [S]
    314     0x00000B80       0xFFFFFF80      0x00800000         (0, 0, 1)      [17] []
    315     0x00012D00       0xFFFFFF80      0x00000100         (0, 1, 5)      [2] []
    316     0x00011700       0xFFFFFF80      0x00FE0000         (0, 1, 2)      [11, 12, 13, 14, 15, 16, 17] []
    317     0x0000B500       0xFFFFFF80      0x00000800         (0, 0, 6)      [5] []
    318     0x0001B400       0xFFFFFF80      0x00000202         (0, 1, 6)      [3] [NE]
    319     0x0001F500       0xFFFFFF80      0x00040000         (0, 1, 14)      [12] []
    320     0x00017280       0xFFFFFF80      0x00040000         (0, 1, 14)      [12] []
    321     0x0003AD00       0xFFFFFF00      0x00000020         (0, 3, 5)      [] [S]
    322     0x00008380       0xFFFFFF80      0x00100001         (0, 0, 0)      [14] [E]
    323     0x0001D000       0xFFFFFF80      0x00000002         (0, 1, 10)      [] [NE]
    324     0x0000F680       0xFFFFFF80      0x00000180         (0, 0, 14)      [1, 2] []
    325     0x0001A700       0xFFFFFF80      0x00040002         (0, 1, 4)      [12] [NE]
    326     0x0001CB00       0xFFFFFF80      0x00000403         (0, 1, 9)      [4] [E, NE]
    327     0x0000A700       0xFFFFFF80      0x00000400         (0, 0, 4)      [4] []
    328     0x0001DE80       0xFFFFFF80      0x00002000         (0, 1, 11)      [7] []
    329     0x0001B580       0xFFFFFF80      0x00001002         (0, 1, 6)      [6] [NE]
    330     0x00022580       0xFFFFFF80      0x00000008         (0, 2, 4)      [] [W]
    331     0x0000DE80       0xFFFFFF80      0x00002000         (0, 0, 11)      [7] []
    332     0x00007C80       0xFFFFFF80      0x00000002         (0, 0, 15)      [] [NE]
    333     0x0000EA00       0xFFFFFF80      0x00000200         (0, 0, 13)      [3] []
    334     0x00016500       0xFFFFFF80      0x00008000         (0, 1, 12)      [9] []
    335     0x0000B400       0xFFFFFF80      0x00000200         (0, 0, 6)      [3] []
    336     0x0001C080       0xFFFFFF80      0x00040000         (0, 1, 8)      [12] []
    337     0x00016600       0xFFFFFF80      0x00020000         (0, 1, 12)      [11] []
    338     0x00019C00       0xFFFFFF80      0x00008000         (0, 1, 3)      [9] []
    339     0x0003AF00       0xFFFFFF00      0x00000020         (0, 3, 5)      [] [S]
    340     0x00002500       0xFFFFFF80      0x00100000         (0, 0, 4)      [14] []
    341     0x00016680       0xFFFFFF80      0x00040000         (0, 1, 12)      [12] []
    342     0x00014980       0xFFFFFF80      0x00000800         (0, 1, 9)      [5] []
    343     0x0000A580       0xFFFFFF80      0x00000080         (0, 0, 4)      [1] []
    344     0x00022A80       0xFFFFFF80      0x00000400         (0, 2, 5)      [4] []
    345     0x0001C400       0xFFFFFF80      0x00000400         (0, 1, 8)      [4] []
    346     0x00006880       0xFFFFFF80      0x00100000         (0, 0, 13)      [14] []
    347     0x0001F780       0xFFFFFF80      0x00040000         (0, 1, 14)      [12] []
    348     0x0000F900       0xFFFFFF80      0x00003000         (0, 0, 15)      [6, 7] []
    349     0x00004280       0xFFFFFF80      0x00000002         (0, 0, 8)      [] [NE]
    350     0x0003AC00       0xFFFFFF00      0x00000020         (0, 3, 5)      [] [S]
    351     0x0000C080       0xFFFFFF80      0x00000082         (0, 0, 8)      [1] [NE]
    352     0x0000EB00       0xFFFFFF80      0x00000800         (0, 0, 13)      [5] []
    353     0x0001C600       0xFFFFFF80      0x00004000         (0, 1, 8)      [8] []
    354     0x00003200       0xFFFFFF80      0x00080000         (0, 0, 6)      [13] []
    355     0x0001D400       0xFFFFFF80      0x00008003         (0, 1, 10)      [9] [E, NE]
    356     0x0003A800       0xFFFFFF00      0x00000020         (0, 3, 5)      [] [S]
    357     0x00009900       0xFFFFFF80      0x00000200         (0, 0, 3)      [3] []
    358     0x0001CC00       0xFFFFFF80      0x00001003         (0, 1, 9)      [6] [E, NE]
    359     0x00010600       0xFFFFFF80      0x0007FFB3         (0, 1, 0)      [1, 2, 3, 4, 5, 6, 7, 8, 9, 10, 11, 12] [E, NE, SW, S]
    360     0x0001AB80       0xFFFFFF80      0x00000202         (0, 1, 5)      [3] [NE]
    361     0x0000FB80       0xFFFFFF80      0x00060000         (0, 0, 15)      [11, 12] []
    362     0x00012280       0xFFFFFF80      0x00004000         (0, 1, 4)      [8] []
    363     0x00004580       0xFFFFFF80      0x00000002         (0, 0, 8)      [] [NE]
    364     0x00017B00       0xFFFFFF80      0x00001000         (0, 1, 15)      [6] []
    365     0x0000CE80       0xFFFFFF80      0x00000100         (0, 0, 9)      [2] []
    366     0x00022400       0xFFFFFF80      0x00000008         (0, 2, 4)      [] [W]
    367     0x0000FD80       0xFFFFFF80      0x0067FF80         (0, 0, 15)      [1, 2, 3, 4, 5, 6, 7, 8, 9, 10, 11, 12, 15, 16] []
    368     0x0000FA00       0xFFFFFF80      0x0000C000         (0, 0, 15)      [8, 9] []
    369     0x0001D080       0xFFFFFF80      0x00000002         (0, 1, 10)      [] [NE]
    370     0x0001C300       0xFFFFFF80      0x00000100         (0, 1, 8)      [2] []
    371     0x00022280       0xFFFFFF80      0x00200000         (0, 2, 4)      [15] []
    372     0x00007900       0xFFFFFF80      0x00000002         (0, 0, 15)      [] [NE]
    373     0x0000BD80       0xFFFFFF80      0x00000002         (0, 0, 7)      [] [NE]
    374     0x0003B300       0xFFFFFF00      0x00000020         (0, 3, 6)      [] [S]
    375     0x0001A180       0xFFFFFF80      0x00000082         (0, 1, 4)      [1] [NE]
    376     0x00020880       0xFFFFFF80      0x00F80000         (0, 2, 1)      [16, 17, 13, 14, 15] []
    377     0x00009100       0xFFFFFF80      0x00100000         (0, 0, 2)      [14] []
    378     0x00022B00       0xFFFFFF80      0x00000800         (0, 2, 5)      [5] []
    379     0x00015800       0xFFFFFF80      0x00004010         (0, 1, 11)      [8] [SW]
    380     0x00010000       0xFFFFFF80      0x0007FF80         (0, 1, 0)      [1, 2, 3, 4, 5, 6, 7, 8, 9, 10, 11, 12] []
    381     0x0001A200       0xFFFFFF80      0x00000102         (0, 1, 4)      [2] [NE]
    382     0x00006F00       0xFFFFFF80      0x00000002         (0, 0, 13)      [] [NE]
    383     0x00007700       0xFFFFFF80      0x00400000         (0, 0, 14)      [16] []
    384     0x0000E900       0xFFFFFF80      0x00000080         (0, 0, 13)      [1] []
    385     0x00019280       0xFFFFFF80      0x00010010         (0, 1, 2)      [10] [SW]
    386     0x00011000       0xFFFFFF80      0x00F80000         (0, 1, 2)      [16, 17, 13, 14, 15] []
    387     0x00005B00       0xFFFFFF80      0x00100000         (0, 0, 11)      [14] []
    388     0x00002880       0xFFFFFF80      0x00000002         (0, 0, 5)      [] [NE]
    389     0x0000F000       0xFFFFFF80      0x00200000         (0, 0, 14)      [15] []
    390     0x0000EC00       0xFFFFFF80      0x00002000         (0, 0, 13)      [7] []
    391     0x0001E100       0xFFFFFF80      0x00040000         (0, 1, 12)      [12] []
    392     0x00018F00       0xFFFFFF80      0x00000210         (0, 1, 1)      [3] [SW]
    393     0x00044600       0xFFFFFF00      0x00100000         (0, 4, 8)      [14] []
    394     0x0000DB80       0xFFFFFF80      0x00000080         (0, 0, 11)      [1] []
    395     0x0003A600       0xFFFFFF00      0x00000020         (0, 3, 4)      [] [S]
    396     0x0003A500       0xFFFFFF00      0x00000020         (0, 3, 4)      [] [S]
    397     0x00004480       0xFFFFFF80      0x00000002         (0, 0, 8)      [] [NE]
    398     0x0000C200       0xFFFFFF80      0x00000403         (0, 0, 8)      [4] [E, NE]
    399     0x0001D380       0xFFFFFF80      0x00004003         (0, 1, 10)      [8] [E, NE]
    400     0x00011200       0xFFFFFF80      0x00F80180         (0, 1, 2)      [1, 2, 13, 14, 15, 16, 17] []
    401     0x00017D80       0xFFFFFF80      0x00020000         (0, 1, 15)      [11] []
    402     0x0000EC80       0xFFFFFF80      0x00004000         (0, 0, 13)      [8] []
    403     0x00044700       0xFFFFFF00      0x00200000         (0, 4, 8)      [15] []
    404     0x00016400       0xFFFFFF80      0x00002000         (0, 1, 12)      [7] []
    405     0x00022680       0xFFFFFF80      0x00000008         (0, 2, 4)      [] [W]
    406     0x00001900       0xFFFFFF80      0x00800000         (0, 0, 3)      [17] []
    407     0x0000C700       0xFFFFFF80      0x00100001         (0, 0, 8)      [14] [E]
    408     0x00043F00       0xFFFFFF00      0x00002000         (0, 4, 7)      [7] []
    409     0x00018600       0xFFFFFF80      0x00001000         (0, 1, 0)      [6] []
    410     0x0000AD00       0xFFFFFF80      0x00400000         (0, 0, 5)      [16] []
    411     0x00044800       0xFFFFFF00      0x00400000         (0, 4, 9)      [16] []
    412     0x00018400       0xFFFFFF80      0x00000100         (0, 1, 0)      [2] []
    413     0x0001E000       0xFFFFFF80      0x00010000         (0, 1, 12)      [10] []
    414     0x0003A700       0xFFFFFF00      0x00000020         (0, 3, 4)      [] [S]
    415     0x00003500       0xFFFFFF80      0x00000002         (0, 0, 6)      [] [NE]
    416     0x0000FA80       0xFFFFFF80      0x00018000         (0, 0, 15)      [9, 10] []
    417     0x00016D80       0xFFFFFF80      0x00000100         (0, 1, 13)      [2] []
    418     0x00019D80       0xFFFFFF80      0x00040000         (0, 1, 3)      [12] []
    419     0x0001DB00       0xFFFFFF80      0x00020000         (0, 1, 11)      [11] []
    420     0x00014D00       0xFFFFFF80      0x00040000         (0, 1, 9)      [12] []
    421     0x00002480       0xFFFFFF80      0x00080000         (0, 0, 4)      [13] []
    422     0x00013B00       0xFFFFFF80      0x00000200         (0, 1, 7)      [3] []
    423     0x00012E00       0xFFFFFF80      0x00000400         (0, 1, 5)      [4] []
    424     0x00043D00       0xFFFFFF00      0x00000800         (0, 4, 7)      [5] []
    425     0x00006F80       0xFFFFFF80      0x00000082         (0, 0, 13)      [1] [NE]
    426     0x0000D080       0xFFFFFF80      0x00001000         (0, 0, 10)      [6] []
    427     0x00012000       0xFFFFFF80      0x00000200         (0, 1, 4)      [3] []
    428     0x0000E180       0xFFFFFF80      0x00080000         (0, 0, 12)      [13] []
    429     0x00017900       0xFFFFFF80      0x00000100         (0, 1, 15)      [2] []
    430     0x0003A400       0xFFFFFF00      0x00000020         (0, 3, 4)      [] [S]
    431     0x00016200       0xFFFFFF80      0x00000200         (0, 1, 12)      [3] []
    432     0x0001C580       0xFFFFFF80      0x00002000         (0, 1, 8)      [7] []
    433     0x00010F00       0xFFFFFF80      0x00F80000         (0, 1, 1)      [16, 17, 13, 14, 15] []
    434     0x00000D80       0xFFFFFF80      0x00000002         (0, 0, 1)      [] [NE]
    435     0x0000AD80       0xFFFFFF80      0x00800000         (0, 0, 5)      [17] []
    436     0x00010B80       0xFFFFFF80      0x00F80033         (0, 1, 1)      [16, 17, 13, 14, 15] [E, NE, SW, S]
    437     0x0000BE00       0xFFFFFF80      0x00000002         (0, 0, 7)      [] [NE]
    438     0x00019700       0xFFFFFF80      0x00000002         (0, 1, 2)      [] [NE]
    439     0x00013E00       0xFFFFFF80      0x00008000         (0, 1, 7)      [9] []
    440     0x00014A00       0xFFFFFF80      0x00001000         (0, 1, 9)      [6] []
    441     0x00004E00       0xFFFFFF80      0x00200000         (0, 0, 9)      [15] []
    442     0x00008B00       0xFFFFFF80      0x00000100         (0, 0, 1)      [2] []
    443     0x00015900       0xFFFFFF80      0x00010000         (0, 1, 11)      [10] []
    444     0x00022E00       0xFFFFFF80      0x00020000         (0, 2, 5)      [11] []
    445     0x00016F00       0xFFFFFF80      0x00000800         (0, 1, 13)      [5] []
    446     0x00010400       0xFFFFFF80      0x0007FFB3         (0, 1, 0)      [1, 2, 3, 4, 5, 6, 7, 8, 9, 10, 11, 12] [E, NE, SW, S]
    447     0x0001AE00       0xFFFFFF80      0x00004002         (0, 1, 5)      [8] [NE]
    448     0x0001A580       0xFFFFFF80      0x00008002         (0, 1, 4)      [9] [NE]
    449     0x0001AF00       0xFFFFFF80      0x00010000         (0, 1, 5)      [10] []
    450     0x00018E80       0xFFFFFF80      0x00000110         (0, 1, 1)      [2] [SW]
    451     0x0001B000       0xFFFFFF80      0x00040000         (0, 1, 6)      [12] []
    452     0x0001E380       0xFFFFFF80      0x00002000         (0, 1, 12)      [7] []
    453     0x0003AB00       0xFFFFFF00      0x00000020         (0, 3, 5)      [] [S]
    454     0x00006800       0xFFFFFF80      0x00080000         (0, 0, 13)      [13] []
    455     0x0000A680       0xFFFFFF80      0x00000200         (0, 0, 4)      [3] []
    456     0x00013400       0xFFFFFF80      0x00400000         (0, 1, 6)      [16] []
    457     0x0001C900       0xFFFFFF80      0x00000003         (0, 1, 9)      [] [E, NE]
    458     0x0001BE00       0xFFFFFF80      0x00002000         (0, 1, 7)      [7] []
    459     0x0001A500       0xFFFFFF80      0x00004002         (0, 1, 4)      [8] [NE]
    460     0x0001BF80       0xFFFFFF80      0x00010000         (0, 1, 7)      [10] []
    461     0x00013C00       0xFFFFFF80      0x00000800         (0, 1, 7)      [5] []
    462     0x00010700       0xFFFFFF80      0x0007FFB3         (0, 1, 0)      [1, 2, 3, 4, 5, 6, 7, 8, 9, 10, 11, 12] [E, NE, SW, S]
    463     0x00043E00       0xFFFFFF00      0x00001000         (0, 4, 7)      [6] []
    464     0x0001CB80       0xFFFFFF80      0x00000803         (0, 1, 9)      [5] [E, NE]
    465     0x00019380       0xFFFFFF80      0x00040010         (0, 1, 2)      [12] [SW]
    466     0x0001C000       0xFFFFFF80      0x00020000         (0, 1, 8)      [11] []
    467     0x00006D80       0xFFFFFF80      0x00000002         (0, 0, 13)      [] [NE]
    468     0x00019880       0xFFFFFF80      0x00000102         (0, 1, 3)      [2] [NE]
    469     0x0000EF00       0xFFFFFF80      0x00080000         (0, 0, 13)      [13] []
    470     0x00012100       0xFFFFFF80      0x00000800         (0, 1, 4)      [5] []
    471     0x00011980       0xFFFFFF80      0x00C00000         (0, 1, 3)      [16, 17] []
    472     0x00022C80       0xFFFFFF80      0x00004008         (0, 2, 5)      [8] [W]
    473     0x00012F00       0xFFFFFF80      0x00001000         (0, 1, 5)      [6] []
    474     0x00022480       0xFFFFFF80      0x00000008         (0, 2, 4)      [] [W]
    475     0x0001BD00       0xFFFFFF80      0x00000800         (0, 1, 7)      [5] []
    476     0x00014C80       0xFFFFFF80      0x00020000         (0, 1, 9)      [11] []
    477     0x0001CE00       0xFFFFFF80      0x00010003         (0, 1, 9)      [10] [E, NE]
    478     0x0000BA80       0xFFFFFF80      0x00400000         (0, 0, 7)      [16] []
    479     0x00004300       0xFFFFFF80      0x00000002         (0, 0, 8)      [] [NE]
    480     0x00000C80       0xFFFFFF80      0x00000002         (0, 0, 1)      [] [NE]
    481     0x00019D00       0xFFFFFF80      0x00020000         (0, 1, 3)      [11] []
    482     0x00014780       0xFFFFFF80      0x00000080         (0, 1, 8)      [1] []
    483     0x00009E80       0xFFFFFF80      0x00100000         (0, 0, 3)      [14] []
    484     0x00004100       0xFFFFFF80      0x00400000         (0, 0, 8)      [16] []
    485     0x00044300       0xFFFFFF00      0x00020000         (0, 4, 8)      [11] []
    486     0x00010E00       0xFFFFFF80      0x00F80000         (0, 1, 1)      [16, 17, 13, 14, 15] []
    487     0x0000CF00       0xFFFFFF80      0x00000200         (0, 0, 9)      [3] []
    488     0x00010300       0xFFFFFF80      0x0007FF80         (0, 1, 0)      [1, 2, 3, 4, 5, 6, 7, 8, 9, 10, 11, 12] []
    489     0x00007780       0xFFFFFF80      0x00800000         (0, 0, 14)      [17] []
    490     0x00022980       0xFFFFFF80      0x00000100         (0, 2, 5)      [2] []
    491     0x00004180       0xFFFFFF80      0x00800000         (0, 0, 8)      [17] []
    492     0x00016D00       0xFFFFFF80      0x00000080         (0, 1, 13)      [1] []
    493     0x00016F80       0xFFFFFF80      0x00001000         (0, 1, 13)      [6] []
    494     0x00014900       0xFFFFFF80      0x00000400         (0, 1, 9)      [4] []
    495     0x0001B780       0xFFFFFF80      0x00010000         (0, 1, 6)      [10] []
    496     0x00004400       0xFFFFFF80      0x00000002         (0, 0, 8)      [] [NE]
    497     0x00001A00       0xFFFFFF80      0x00000002         (0, 0, 3)      [] [NE]
    498     0x00011080       0xFFFFFF80      0x00F80000         (0, 1, 2)      [16, 17, 13, 14, 15] []
    499     0x0001D200       0xFFFFFF80      0x00000803         (0, 1, 10)      [5] [E, NE]
    500     0x00015700       0xFFFFFF80      0x00001010         (0, 1, 10)      [6] [SW]
    501     0x00010880       0xFFFFFF80      0x0007FFB3         (0, 1, 1)      [1, 2, 3, 4, 5, 6, 7, 8, 9, 10, 11, 12] [E, NE, SW, S]
    502     0x00003700       0xFFFFFF80      0x00000002         (0, 0, 6)      [] [NE]
    503     0x00009F00       0xFFFFFF80      0x00200000         (0, 0, 3)      [15] []
    504     0x00022E80       0xFFFFFF80      0x00040000         (0, 2, 5)      [12] []
    505     0x00011480       0xFFFFFF80      0x00F83000         (0, 1, 2)      [6, 7, 13, 14, 15, 16, 17] []
    506     0x0000C300       0xFFFFFF80      0x00001003         (0, 0, 8)      [6] [E, NE]
    507     0x00015980       0xFFFFFF80      0x00020000         (0, 1, 11)      [11] []
    508     0x0001A400       0xFFFFFF80      0x00001002         (0, 1, 4)      [6] [NE]
    509     0x0000ED00       0xFFFFFF80      0x00008000         (0, 0, 13)      [9] []
    510     0x0001E480       0xFFFFFF80      0x00008000         (0, 1, 12)      [9] []
    511     0x0000E380       0xFFFFFF80      0x00800000         (0, 0, 12)      [17] []
    512     0x00044200       0xFFFFFF00      0x00010000         (0, 4, 8)      [10] []
    513     0x00015580       0xFFFFFF80      0x00000210         (0, 1, 10)      [3] [SW]
    514     0x0000C780       0xFFFFFF80      0x00200001         (0, 0, 8)      [15] [E]
    515     0x0000B580       0xFFFFFF80      0x00001000         (0, 0, 6)      [6] []
    516     0x00017000       0xFFFFFF80      0x00002000         (0, 1, 14)      [7] []
    517     0x0001A480       0xFFFFFF80      0x00002002         (0, 1, 4)      [7] [NE]
    518     0x00022D00       0xFFFFFF80      0x00008000         (0, 2, 5)      [9] []
    519     0x00013000       0xFFFFFF80      0x00004000         (0, 1, 6)      [8] []
    520     0x00018780       0xFFFFFF80      0x00008000         (0, 1, 0)      [9] []
    521     0x0001C480       0xFFFFFF80      0x00000800         (0, 1, 8)      [5] []
    522     0x00012200       0xFFFFFF80      0x00002000         (0, 1, 4)      [7] []
    523     0x0001D800       0xFFFFFF80      0x00000800         (0, 1, 11)      [5] []
    524     0x00019680       0xFFFFFF80      0x00000002         (0, 1, 2)      [] [NE]
    525     0x0000F080       0xFFFFFF80      0x00400000         (0, 0, 14)      [16] []
    526     0x00011A00       0xFFFFFF80      0x00800000         (0, 1, 3)      [17] []
    527     0x0000E200       0xFFFFFF80      0x00100000         (0, 0, 12)      [14] []
    528     0x0001D280       0xFFFFFF80      0x00001003         (0, 1, 10)      [6] [E, NE]
    529     0x0001D600       0xFFFFFF80      0x00000002         (0, 1, 10)      [] [NE]
    530     0x00004F00       0xFFFFFF80      0x00800000         (0, 0, 9)      [17] []
    531     0x00003580       0xFFFFFF80      0x00000002         (0, 0, 6)      [] [NE]
    532     0x00002800       0xFFFFFF80      0x00000002         (0, 0, 5)      [] [NE]
    533     0x00016580       0xFFFFFF80      0x00010000         (0, 1, 12)      [10] []
    534     0x0000F700       0xFFFFFF80      0x00000300         (0, 0, 14)      [2, 3] []
    535     0x0000CE00       0xFFFFFF80      0x00000080         (0, 0, 9)      [1] []
    536     0x0001D900       0xFFFFFF80      0x00002000         (0, 1, 11)      [7] []
    537     0x00044100       0xFFFFFF00      0x00008000         (0, 4, 8)      [9] []
    538     0x0000DF00       0xFFFFFF80      0x00004000         (0, 0, 11)      [8] []
    539     0x00019080       0xFFFFFF80      0x00001010         (0, 1, 2)      [6] [SW]
    540     0x00007A00       0xFFFFFF80      0x00000002         (0, 0, 15)      [] [NE]
    541     0x00003300       0xFFFFFF80      0x00200000         (0, 0, 6)      [15] []
    542     0x00018680       0xFFFFFF80      0x00002000         (0, 1, 0)      [7] []
    543     0x00015600       0xFFFFFF80      0x00000410         (0, 1, 10)      [4] [SW]
    544     0x00014200       0xFFFFFF80      0x00800000         (0, 1, 8)      [17] []
    545     0x00001780       0xFFFFFF80      0x00100000         (0, 0, 2)      [14] []
    546     0x00002900       0xFFFFFF80      0x00000002         (0, 0, 5)      [] [NE]
    547     0x0000FE00       0xFFFFFF80      0x00C7FF80         (0, 0, 15)      [1, 2, 3, 4, 5, 6, 7, 8, 9, 10, 11, 12, 16, 17] []
    548     0x00013100       0xFFFFFF80      0x00010000         (0, 1, 6)      [10] []
    549     0x0001AA80       0xFFFFFF80      0x00000082         (0, 1, 5)      [1] [NE]
    550     0x0000BC80       0xFFFFFF80      0x00000002         (0, 0, 7)      [] [NE]
    551     0x00012300       0xFFFFFF80      0x00008000         (0, 1, 4)      [9] []
    552     0x00017180       0xFFFFFF80      0x00010000         (0, 1, 14)      [10] []
    553     0x00003F80       0xFFFFFF80      0x00080000         (0, 0, 7)      [13] []
    554     0x0001AD80       0xFFFFFF80      0x00002002         (0, 1, 5)      [7] [NE]
    555     0x00014B00       0xFFFFFF80      0x00004000         (0, 1, 9)      [8] []
    556     0x0000F800       0xFFFFFF80      0x00000C00         (0, 0, 15)      [4, 5] []
    557     0x00004E80       0xFFFFFF80      0x00400000         (0, 0, 9)      [16] []
    558     0x00008580       0xFFFFFF80      0x00000003         (0, 0, 0)      [] [E, NE]
    559     0x00018E00       0xFFFFFF80      0x00000080         (0, 1, 1)      [1] []
    560     0x00010980       0xFFFFFF80      0x0007FFB3         (0, 1, 1)      [1, 2, 3, 4, 5, 6, 7, 8, 9, 10, 11, 12] [E, NE, SW, S]
    561     0x00011880       0xFFFFFF80      0x00300000         (0, 1, 3)      [14, 15] []
    562     0x0000FE80       0xFFFFFF80      0x0087FF80         (0, 0, 15)      [1, 2, 3, 4, 5, 6, 7, 8, 9, 10, 11, 12, 17] []
    563     0x00011600       0xFFFFFF80      0x00F98000         (0, 1, 2)      [9, 10, 13, 14, 15, 16, 17] []
    564     0x0000BF80       0xFFFFFF80      0x00000002         (0, 0, 7)      [] [NE]
    565     0x00019A00       0xFFFFFF80      0x00000802         (0, 1, 3)      [5] [NE]
    566     0x00019A80       0xFFFFFF80      0x00001002         (0, 1, 3)      [6] [NE]
    567     0x00013200       0xFFFFFF80      0x00040000         (0, 1, 6)      [12] []
    568     0x0001A380       0xFFFFFF80      0x00000802         (0, 1, 4)      [5] [NE]
    569     0x0001F480       0xFFFFFF80      0x00020000         (0, 1, 14)      [11] []
    570     0x00008400       0xFFFFFF80      0x00200001         (0, 0, 0)      [15] [E]
    571     0x0001AC00       0xFFFFFF80      0x00000402         (0, 1, 5)      [4] [NE]
    572     0x0001C700       0xFFFFFF80      0x00010003         (0, 1, 8)      [10] [E, NE]
    573     0x00018500       0xFFFFFF80      0x00000400         (0, 1, 0)      [4] []
    574     0x0001B600       0xFFFFFF80      0x00002000         (0, 1, 6)      [7] []
    575     0x0000BB00       0xFFFFFF80      0x00800000         (0, 0, 7)      [17] []
    576     0x0001BC80       0xFFFFFF80      0x00000400         (0, 1, 7)      [4] []
    577     0x0000C580       0xFFFFFF80      0x00000001         (0, 0, 8)      [] [E]
    578     0x00015000       0xFFFFFF80      0x00000010         (0, 1, 10)      [] [SW]
    579     0x0001C880       0xFFFFFF80      0x00000003         (0, 1, 9)      [] [E, NE]
    580     0x0001D880       0xFFFFFF80      0x00001000         (0, 1, 11)      [6] []
    581     0x00015480       0xFFFFFF80      0x00000080         (0, 1, 10)      [1] []
    582     0x0001D480       0xFFFFFF80      0x00010003         (0, 1, 10)      [10] [E, NE]
    583     0x0000D000       0xFFFFFF80      0x00000800         (0, 0, 10)      [5] []
    584     0x0001C780       0xFFFFFF80      0x00020003         (0, 1, 8)      [11] [E, NE]
    585     0x0001CC80       0xFFFFFF80      0x00002003         (0, 1, 9)      [7] [E, NE]
    586     0x00017100       0xFFFFFF80      0x00008000         (0, 1, 14)      [9] []
    587     0x00005A80       0xFFFFFF80      0x00080000         (0, 0, 11)      [13] []
    588     0x0001E400       0xFFFFFF80      0x00004000         (0, 1, 12)      [8] []
    589     0x0000F780       0xFFFFFF80      0x00000600         (0, 0, 14)      [3, 4] []
    590     0x00022C00       0xFFFFFF80      0x00002008         (0, 2, 5)      [7] [W]
    591     0x00000B00       0xFFFFFF80      0x00400000         (0, 0, 1)      [16] []
    592     0x0001CE80       0xFFFFFF80      0x00020003         (0, 1, 9)      [11] [E, NE]
    593     0x00022900       0xFFFFFF80      0x00000080         (0, 2, 5)      [1] []
    594     0x00016380       0xFFFFFF80      0x00001000         (0, 1, 12)      [6] []
    595     0x00009F80       0xFFFFFF80      0x00400000         (0, 0, 3)      [16] []
    596     0x00007A80       0xFFFFFF80      0x00000002         (0, 0, 15)      [] [NE]
    597     0x0001BB00       0xFFFFFF80      0x00000080         (0, 1, 7)      [1] []
    598     0x00015880       0xFFFFFF80      0x00008000         (0, 1, 11)      [9] []
    599     0x00019B00       0xFFFFFF80      0x00002002         (0, 1, 3)      [7] [NE]
    600     0x00022600       0xFFFFFF80      0x00000008         (0, 2, 4)      [] [W]
    601     0x0001D700       0xFFFFFF80      0x00000002         (0, 1, 10)      [] [NE]
    602     0x00016300       0xFFFFFF80      0x00000800         (0, 1, 12)      [5] []
    603     0x00011180       0xFFFFFF80      0x00F80080         (0, 1, 2)      [1, 13, 14, 15, 16, 17] []
    604     0x00017E00       0xFFFFFF80      0x00040000         (0, 1, 15)      [12] []
    605     0x00012480       0xFFFFFF80      0x00040000         (0, 1, 4)      [12] []
    606     0x00022800       0xFFFFFF80      0x00000008         (0, 2, 5)      [] [W]
    607     0x00011280       0xFFFFFF80      0x00F80300         (0, 1, 2)      [2, 3, 13, 14, 15, 16, 17] []
    608     0x00014800       0xFFFFFF80      0x00000100         (0, 1, 9)      [2] []
    609     0x0001ED00       0xFFFFFF80      0x00008000         (0, 1, 13)      [9] []
    610     0x0001F200       0xFFFFFF80      0x00040000         (0, 1, 14)      [12] []
    611     0x0000EA80       0xFFFFFF80      0x00000400         (0, 0, 13)      [4] []
    612     0x00008A80       0xFFFFFF80      0x00000080         (0, 0, 1)      [1] []
