router contains 754 entries 
 
  Index   Key(hex)    Mask(hex)    Route(hex)    Src. Core -> [Cores][Links]
------------------------------------------------------------------------------
    0     0x00008680       0xFFFFFF80      0x00000008         (0, 0, 0)      [] [W]
    1     0x00013A80       0xFFFFFF80      0x00000008         (0, 1, 7)      [] [W]
    2     0x00007980       0xFFFFFF80      0x00FFE021         (0, 0, 15)      [7, 8, 9, 10, 11, 12, 13, 14, 15, 16, 17] [E, S]
    3     0x00004880       0xFFFFFF80      0x00008000         (0, 0, 9)      [9] []
    4     0x00005B80       0xFFFFFF80      0x00000008         (0, 0, 11)      [] [W]
    5     0x00006900       0xFFFFFF80      0x00001F88         (0, 0, 13)      [1, 2, 3, 4, 5, 6] [W]
    6     0x00005580       0xFFFFFF80      0x00004008         (0, 0, 10)      [8] [W]
    7     0x00013F80       0xFFFFFF80      0x00000010         (0, 1, 7)      [] [SW]
    8     0x00012C80       0xFFFFFF80      0x00001008         (0, 1, 5)      [6] [W]
    9     0x00009700       0xFFFFFF80      0x00000408         (0, 0, 2)      [4] [W]
    10     0x00003380       0xFFFFFF80      0x0000000C         (0, 0, 6)      [] [N, W]
    11     0x0001BC00       0xFFFFFF80      0x00000003         (0, 1, 7)      [] [E, NE]
    12     0x00010780       0xFFFFFF80      0x00000030         (0, 1, 0)      [] [SW, S]
    13     0x00004780       0xFFFFFF80      0x00002000         (0, 0, 8)      [7] []
    14     0x00005F00       0xFFFFFF80      0x00000088         (0, 0, 11)      [1] [W]
    15     0x0001D800       0xFFFFFF80      0x00000001         (0, 1, 11)      [] [E]
    16     0x0000B880       0xFFFFFF80      0x00800018         (0, 0, 7)      [17] [W, SW]
    17     0x00015780       0xFFFFFF80      0x00000010         (0, 1, 10)      [] [SW]
    18     0x00014700       0xFFFFFF80      0x00000818         (0, 1, 8)      [5] [W, SW]
    19     0x0000F600       0xFFFFFF80      0x00000818         (0, 0, 14)      [5] [W, SW]
    20     0x0000A980       0xFFFFFF80      0x00100008         (0, 0, 5)      [14] [W]
    21     0x00008900       0xFFFFFF80      0x00000208         (0, 0, 1)      [3] [W]
    22     0x0001BD00       0xFFFFFF80      0x00000003         (0, 1, 7)      [] [E, NE]
    23     0x00006980       0xFFFFFF80      0x00001F88         (0, 0, 13)      [1, 2, 3, 4, 5, 6] [W]
    24     0x00019180       0xFFFFFF80      0x00000010         (0, 1, 2)      [] [SW]
    25     0x00000500       0xFFFFFF80      0x00008000         (0, 0, 0)      [9] []
    26     0x00019980       0xFFFFFF80      0x00000003         (0, 1, 3)      [] [E, NE]
    27     0x0001AC00       0xFFFFFF80      0x00000001         (0, 1, 5)      [] [E]
    28     0x00002980       0xFFFFFF80      0x0000008E         (0, 0, 5)      [1] [NE, N, W]
    29     0x00009C80       0xFFFFFF80      0x00200008         (0, 0, 3)      [15] [W]
    30     0x00032100       0xFFFFFF00      0x00000008         (0, 3, 4)      [] [W]
    31     0x0001BB80       0xFFFFFF80      0x00000003         (0, 1, 7)      [] [E, NE]
    32     0x00006F80       0xFFFFFF80      0x00001FBF         (0, 0, 13)      [1, 2, 3, 4, 5, 6] [E, NE, N, W, SW, S]
    33     0x00002700       0xFFFFFF80      0x0000000E         (0, 0, 4)      [] [NE, N, W]
    34     0x00015900       0xFFFFFF80      0x00000010         (0, 1, 11)      [] [SW]
    35     0x00010180       0xFFFFFF80      0x00000080         (0, 1, 0)      [1] []
    36     0x00003600       0xFFFFFF80      0x0000000E         (0, 0, 6)      [] [NE, N, W]
    37     0x00012900       0xFFFFFF80      0x00000008         (0, 1, 5)      [] [W]
    38     0x00005B00       0xFFFFFF80      0x00000008         (0, 0, 11)      [] [W]
    39     0x00020300       0xFFFFFF80      0x00FFE000         (0, 2, 0)      [7, 8, 9, 10, 11, 12, 13, 14, 15, 16, 17] []
    40     0x0000AB80       0xFFFFFF80      0x00000008         (0, 0, 5)      [] [W]
    41     0x00004500       0xFFFFFF80      0x00000101         (0, 0, 8)      [2] [E]
    42     0x0000B780       0xFFFFFF80      0x00200018         (0, 0, 6)      [15] [W, SW]
    43     0x0000D780       0xFFFFFF80      0x00000008         (0, 0, 10)      [] [W]
    44     0x00001400       0xFFFFFF80      0x00040002         (0, 0, 2)      [12] [NE]
    45     0x00011C80       0xFFFFFF80      0x00000088         (0, 1, 3)      [1] [W]
    46     0x00008A00       0xFFFFFF80      0x00000808         (0, 0, 1)      [5] [W]
    47     0x00007180       0xFFFFFF80      0x00FFE039         (0, 0, 14)      [7, 8, 9, 10, 11, 12, 13, 14, 15, 16, 17] [E, W, SW, S]
    48     0x00001B00       0xFFFFFF80      0x00000003         (0, 0, 3)      [] [E, NE]
    49     0x0000F880       0xFFFFFF80      0x00000010         (0, 0, 15)      [] [SW]
    50     0x00010080       0xFFFFFF80      0x00000010         (0, 1, 0)      [] [SW]
    51     0x00014E80       0xFFFFFF80      0x00000010         (0, 1, 9)      [] [SW]
    52     0x00013780       0xFFFFFF80      0x00000088         (0, 1, 6)      [1] [W]
    53     0x00007100       0xFFFFFF80      0x00FFE039         (0, 0, 14)      [7, 8, 9, 10, 11, 12, 13, 14, 15, 16, 17] [E, W, SW, S]
    54     0x00013500       0xFFFFFF80      0x00000008         (0, 1, 6)      [] [W]
    55     0x0000FC80       0xFFFFFF80      0x00000010         (0, 0, 15)      [] [SW]
    56     0x00017580       0xFFFFFF80      0x00000008         (0, 1, 14)      [] [W]
    57     0x00018180       0xFFFFFF80      0x00000108         (0, 1, 0)      [2] [W]
    58     0x0000AE00       0xFFFFFF80      0x00000008         (0, 0, 5)      [] [W]
    59     0x00018B80       0xFFFFFF80      0x00000090         (0, 1, 1)      [1] [SW]
    60     0x00030E00       0xFFFFFF00      0x00000400         (0, 3, 1)      [4] []
    61     0x00018200       0xFFFFFF80      0x00000208         (0, 1, 0)      [3] [W]
    62     0x0000C780       0xFFFFFF80      0x00000020         (0, 0, 8)      [] [S]
    63     0x00009500       0xFFFFFF80      0x00000008         (0, 0, 2)      [] [W]
    64     0x00008200       0xFFFFFF80      0x00600021         (0, 0, 0)      [16, 15] [E, S]
    65     0x00019A00       0xFFFFFF80      0x00000003         (0, 1, 3)      [] [E, NE]
    66     0x00011D80       0xFFFFFF80      0x00000208         (0, 1, 3)      [3] [W]
    67     0x0000C100       0xFFFFFF80      0x00000030         (0, 0, 8)      [] [SW, S]
    68     0x00003400       0xFFFFFF80      0x0000000E         (0, 0, 6)      [] [NE, N, W]
    69     0x00008480       0xFFFFFF80      0x00000021         (0, 0, 0)      [] [E, S]
    70     0x00008F80       0xFFFFFF80      0x00400008         (0, 0, 1)      [16] [W]
    71     0x00018100       0xFFFFFF80      0x00000088         (0, 1, 0)      [1] [W]
    72     0x0001AE00       0xFFFFFF80      0x00000001         (0, 1, 5)      [] [E]
    73     0x0000AA00       0xFFFFFF80      0x00200008         (0, 0, 5)      [15] [W]
    74     0x00006B80       0xFFFFFF80      0x00001F88         (0, 0, 13)      [1, 2, 3, 4, 5, 6] [W]
    75     0x00031100       0xFFFFFF00      0x00002000         (0, 3, 2)      [7] []
    76     0x00002880       0xFFFFFF80      0x0000000E         (0, 0, 5)      [] [NE, N, W]
    77     0x0000B080       0xFFFFFF80      0x00000098         (0, 0, 6)      [1] [W, SW]
    78     0x00004F80       0xFFFFFF80      0x00000008         (0, 0, 9)      [] [W]
    79     0x00005680       0xFFFFFF80      0x00010008         (0, 0, 10)      [10] [W]
    80     0x00006080       0xFFFFFF80      0x00000608         (0, 0, 12)      [3, 4] [W]
    81     0x00004900       0xFFFFFF80      0x00010000         (0, 0, 9)      [10] []
    82     0x00006E80       0xFFFFFF80      0x00001FBF         (0, 0, 13)      [1, 2, 3, 4, 5, 6] [E, NE, N, W, SW, S]
    83     0x00005600       0xFFFFFF80      0x00008008         (0, 0, 10)      [9] [W]
    84     0x00010200       0xFFFFFF80      0x00000110         (0, 1, 0)      [2] [SW]
    85     0x00021C00       0xFFFFFF80      0x00002000         (0, 2, 3)      [7] []
    86     0x0001AC80       0xFFFFFF80      0x00000001         (0, 1, 5)      [] [E]
    87     0x00003F00       0xFFFFFF80      0x00800003         (0, 0, 7)      [17] [E, NE]
    88     0x00015180       0xFFFFFF80      0x00000010         (0, 1, 10)      [] [SW]
    89     0x0000FE00       0xFFFFFF80      0x00000010         (0, 0, 15)      [] [SW]
    90     0x0000DB00       0xFFFFFF80      0x00000808         (0, 0, 11)      [5] [W]
    91     0x00010500       0xFFFFFF80      0x00000030         (0, 1, 0)      [] [SW, S]
    92     0x0000B900       0xFFFFFF80      0x00000030         (0, 0, 7)      [] [SW, S]
    93     0x0001A300       0xFFFFFF80      0x00000002         (0, 1, 4)      [] [NE]
    94     0x00004800       0xFFFFFF80      0x00004000         (0, 0, 9)      [8] []
    95     0x00003000       0xFFFFFF80      0x0010000E         (0, 0, 6)      [14] [NE, N, W]
    96     0x00014780       0xFFFFFF80      0x00001010         (0, 1, 8)      [6] [SW]
    97     0x0000D380       0xFFFFFF80      0x00800008         (0, 0, 10)      [17] [W]
    98     0x0001BD80       0xFFFFFF80      0x00000003         (0, 1, 7)      [] [E, NE]
    99     0x0000E680       0xFFFFFF80      0x00000088         (0, 0, 12)      [1] [W]
    100     0x00031000       0xFFFFFF00      0x00001000         (0, 3, 2)      [6] []
    101     0x00007580       0xFFFFFF80      0x00FFE021         (0, 0, 14)      [7, 8, 9, 10, 11, 12, 13, 14, 15, 16, 17] [E, S]
    102     0x00016900       0xFFFFFF80      0x00000008         (0, 1, 13)      [] [W]
    103     0x00010A00       0xFFFFFF80      0x00000030         (0, 1, 1)      [] [SW, S]
    104     0x00005800       0xFFFFFF80      0x00080008         (0, 0, 11)      [13] [W]
    105     0x00009000       0xFFFFFF80      0x00800008         (0, 0, 2)      [17] [W]
    106     0x0000B980       0xFFFFFF80      0x00000030         (0, 0, 7)      [] [SW, S]
    107     0x0000DC00       0xFFFFFF80      0x00000008         (0, 0, 11)      [] [W]
    108     0x00014280       0xFFFFFF80      0x00000018         (0, 1, 8)      [] [W, SW]
    109     0x0001C380       0xFFFFFF80      0x00000002         (0, 1, 8)      [] [NE]
    110     0x00022800       0xFFFFFF80      0x00000400         (0, 2, 5)      [4] []
    111     0x0000F980       0xFFFFFF80      0x00000010         (0, 0, 15)      [] [SW]
    112     0x00009A00       0xFFFFFF80      0x00010008         (0, 0, 3)      [10] [W]
    113     0x00011180       0xFFFFFF80      0x00001008         (0, 1, 2)      [6] [W]
    114     0x0000D400       0xFFFFFF80      0x00000008         (0, 0, 10)      [] [W]
    115     0x00007600       0xFFFFFF80      0x00FFE021         (0, 0, 14)      [7, 8, 9, 10, 11, 12, 13, 14, 15, 16, 17] [E, S]
    116     0x0000FD00       0xFFFFFF80      0x00000010         (0, 0, 15)      [] [SW]
    117     0x00015500       0xFFFFFF80      0x00000010         (0, 1, 10)      [] [SW]
    118     0x00015B80       0xFFFFFF80      0x00000018         (0, 1, 11)      [] [W, SW]
    119     0x0000F180       0xFFFFFF80      0x00000008         (0, 0, 14)      [] [W]
    120     0x00015C00       0xFFFFFF80      0x00000018         (0, 1, 11)      [] [W, SW]
    121     0x00006580       0xFFFFFF80      0x00181F88         (0, 0, 12)      [1, 2, 3, 4, 5, 6, 13, 14] [W]
    122     0x0001CA80       0xFFFFFF80      0x00000001         (0, 1, 9)      [] [E]
    123     0x00013800       0xFFFFFF80      0x00000108         (0, 1, 7)      [2] [W]
    124     0x0000AC00       0xFFFFFF80      0x00000008         (0, 0, 5)      [] [W]
    125     0x00013880       0xFFFFFF80      0x00000208         (0, 1, 7)      [3] [W]
    126     0x00006100       0xFFFFFF80      0x00000C08         (0, 0, 12)      [4, 5] [W]
    127     0x00019B80       0xFFFFFF80      0x00000003         (0, 1, 3)      [] [E, NE]
    128     0x00003C00       0xFFFFFF80      0x00020002         (0, 0, 7)      [11] [NE]
    129     0x0001AB00       0xFFFFFF80      0x00000001         (0, 1, 5)      [] [E]
    130     0x0000D600       0xFFFFFF80      0x00000008         (0, 0, 10)      [] [W]
    131     0x00006D80       0xFFFFFF80      0x00001FBF         (0, 0, 13)      [1, 2, 3, 4, 5, 6] [E, NE, N, W, SW, S]
    132     0x00009280       0xFFFFFF80      0x00000008         (0, 0, 2)      [] [W]
    133     0x0000E980       0xFFFFFF80      0x00000008         (0, 0, 13)      [] [W]
    134     0x00011100       0xFFFFFF80      0x00000808         (0, 1, 2)      [5] [W]
    135     0x00007D00       0xFFFFFF80      0x00FFF801         (0, 0, 15)      [5, 6, 7, 8, 9, 10, 11, 12, 13, 14, 15, 16, 17] [E]
    136     0x00015F00       0xFFFFFF80      0x00000118         (0, 1, 11)      [2] [W, SW]
    137     0x00009D00       0xFFFFFF80      0x00400008         (0, 0, 3)      [16] [W]
    138     0x00002580       0xFFFFFF80      0x0000000C         (0, 0, 4)      [] [N, W]
    139     0x00016A80       0xFFFFFF80      0x00000088         (0, 1, 13)      [1] [W]
    140     0x00004D00       0xFFFFFF80      0x00000008         (0, 0, 9)      [] [W]
    141     0x0000C000       0xFFFFFF80      0x00000830         (0, 0, 8)      [5] [SW, S]
    142     0x00012A00       0xFFFFFF80      0x00000088         (0, 1, 5)      [1] [W]
    143     0x0000FB00       0xFFFFFF80      0x00000010         (0, 0, 15)      [] [SW]
    144     0x00010C00       0xFFFFFF80      0x00000030         (0, 1, 1)      [] [SW, S]
    145     0x00007280       0xFFFFFF80      0x00FFE03B         (0, 0, 14)      [7, 8, 9, 10, 11, 12, 13, 14, 15, 16, 17] [E, NE, W, SW, S]
    146     0x0001B280       0xFFFFFF80      0x00000801         (0, 1, 6)      [5] [E]
    147     0x00000900       0xFFFFFF80      0x00800002         (0, 0, 1)      [17] [NE]
    148     0x00031500       0xFFFFFF00      0x00020000         (0, 3, 2)      [11] []
    149     0x0000BE80       0xFFFFFF80      0x00000130         (0, 0, 7)      [2] [SW, S]
    150     0x00016180       0xFFFFFF80      0x00000008         (0, 1, 12)      [] [W]
    151     0x00011E00       0xFFFFFF80      0x00000408         (0, 1, 3)      [4] [W]
    152     0x00002100       0xFFFFFF80      0x00020002         (0, 0, 4)      [11] [NE]
    153     0x00001580       0xFFFFFF80      0x00200002         (0, 0, 2)      [15] [NE]
    154     0x00019780       0xFFFFFF80      0x00000803         (0, 1, 2)      [5] [E, NE]
    155     0x0000CD80       0xFFFFFF80      0x00000808         (0, 0, 9)      [5] [W]
    156     0x00004D80       0xFFFFFF80      0x00000008         (0, 0, 9)      [] [W]
    157     0x00002280       0xFFFFFF80      0x0010000E         (0, 0, 4)      [14] [NE, N, W]
    158     0x00014100       0xFFFFFF80      0x00000018         (0, 1, 8)      [] [W, SW]
    159     0x00000700       0xFFFFFF80      0x00080002         (0, 0, 0)      [13] [NE]
    160     0x00000C00       0xFFFFFF80      0x00000002         (0, 0, 1)      [] [NE]
    161     0x00015400       0xFFFFFF80      0x00000810         (0, 1, 10)      [5] [SW]
    162     0x0000EF00       0xFFFFFF80      0x00000008         (0, 0, 13)      [] [W]
    163     0x00015680       0xFFFFFF80      0x00000010         (0, 1, 10)      [] [SW]
    164     0x00011980       0xFFFFFF80      0x00000008         (0, 1, 3)      [] [W]
    165     0x0000E700       0xFFFFFF80      0x00000108         (0, 0, 12)      [2] [W]
    166     0x0000CD00       0xFFFFFF80      0x00000408         (0, 0, 9)      [4] [W]
    167     0x0000E800       0xFFFFFF80      0x00000408         (0, 0, 13)      [4] [W]
    168     0x00008E00       0xFFFFFF80      0x00080008         (0, 0, 1)      [13] [W]
    169     0x0000A000       0xFFFFFF80      0x00000008         (0, 0, 4)      [] [W]
    170     0x00009300       0xFFFFFF80      0x00000008         (0, 0, 2)      [] [W]
    171     0x0000BC00       0xFFFFFF80      0x00000030         (0, 0, 7)      [] [SW, S]
    172     0x00004980       0xFFFFFF80      0x00020000         (0, 0, 9)      [11] []
    173     0x00011080       0xFFFFFF80      0x00000408         (0, 1, 2)      [4] [W]
    174     0x0001C480       0xFFFFFF80      0x00000002         (0, 1, 8)      [] [NE]
    175     0x0001A480       0xFFFFFF80      0x00000002         (0, 1, 4)      [] [NE]
    176     0x0001CB80       0xFFFFFF80      0x00000001         (0, 1, 9)      [] [E]
    177     0x0000E400       0xFFFFFF80      0x00000008         (0, 0, 12)      [] [W]
    178     0x00019400       0xFFFFFF80      0x00000001         (0, 1, 2)      [] [E]
    179     0x00008280       0xFFFFFF80      0x00C00021         (0, 0, 0)      [16, 17] [E, S]
    180     0x0001C500       0xFFFFFF80      0x00000002         (0, 1, 8)      [] [NE]
    181     0x00012C00       0xFFFFFF80      0x00000808         (0, 1, 5)      [5] [W]
    182     0x00014400       0xFFFFFF80      0x00000018         (0, 1, 8)      [] [W, SW]
    183     0x0000D300       0xFFFFFF80      0x00400008         (0, 0, 10)      [16] [W]
    184     0x00013400       0xFFFFFF80      0x00000008         (0, 1, 6)      [] [W]
    185     0x0000E200       0xFFFFFF80      0x00000008         (0, 0, 12)      [] [W]
    186     0x00019280       0xFFFFFF80      0x00000010         (0, 1, 2)      [] [SW]
    187     0x0000FE80       0xFFFFFF80      0x00000010         (0, 0, 15)      [] [SW]
    188     0x00010E80       0xFFFFFF80      0x00000008         (0, 1, 1)      [] [W]
    189     0x0001B380       0xFFFFFF80      0x00000001         (0, 1, 6)      [] [E]
    190     0x00031800       0xFFFFFF00      0x00100000         (0, 3, 3)      [14] []
    191     0x00010B00       0xFFFFFF80      0x00000030         (0, 1, 1)      [] [SW, S]
    192     0x00003780       0xFFFFFF80      0x0000010E         (0, 0, 6)      [2] [NE, N, W]
    193     0x0000A800       0xFFFFFF80      0x00020008         (0, 0, 5)      [11] [W]
    194     0x0000C680       0xFFFFFF80      0x00000020         (0, 0, 8)      [] [S]
    195     0x00004280       0xFFFFFF80      0x00000003         (0, 0, 8)      [] [E, NE]
    196     0x00007F00       0xFFFFFF80      0x00018021         (0, 0, 15)      [9, 10] [E, S]
    197     0x0001AE80       0xFFFFFF80      0x00000001         (0, 1, 5)      [] [E]
    198     0x0000A380       0xFFFFFF80      0x00000108         (0, 0, 4)      [2] [W]
    199     0x00013980       0xFFFFFF80      0x00000808         (0, 1, 7)      [5] [W]
    200     0x00021F00       0xFFFFFF80      0x00080001         (0, 2, 3)      [13] [E]
    201     0x00011E80       0xFFFFFF80      0x00000808         (0, 1, 3)      [5] [W]
    202     0x0000E300       0xFFFFFF80      0x00000008         (0, 0, 12)      [] [W]
    203     0x00006880       0xFFFFFF80      0x00001F88         (0, 0, 13)      [1, 2, 3, 4, 5, 6] [W]
    204     0x00007E80       0xFFFFFF80      0x0000C021         (0, 0, 15)      [8, 9] [E, S]
    205     0x00005F80       0xFFFFFF80      0x00000188         (0, 0, 11)      [1, 2] [W]
    206     0x00014200       0xFFFFFF80      0x00000018         (0, 1, 8)      [] [W, SW]
    207     0x00004E80       0xFFFFFF80      0x00000008         (0, 0, 9)      [] [W]
    208     0x0000F900       0xFFFFFF80      0x00000010         (0, 0, 15)      [] [SW]
    209     0x00005280       0xFFFFFF80      0x00000108         (0, 0, 10)      [2] [W]
    210     0x00000B80       0xFFFFFF80      0x00000002         (0, 0, 1)      [] [NE]
    211     0x00007880       0xFFFFFF80      0x00FFE021         (0, 0, 15)      [7, 8, 9, 10, 11, 12, 13, 14, 15, 16, 17] [E, S]
    212     0x00008500       0xFFFFFF80      0x00000021         (0, 0, 0)      [] [E, S]
    213     0x00003100       0xFFFFFF80      0x0040000E         (0, 0, 6)      [16] [NE, N, W]
    214     0x00015D00       0xFFFFFF80      0x00000018         (0, 1, 11)      [] [W, SW]
    215     0x00006D00       0xFFFFFF80      0x00001FBF         (0, 0, 13)      [1, 2, 3, 4, 5, 6] [E, NE, N, W, SW, S]
    216     0x00003180       0xFFFFFF80      0x0080000E         (0, 0, 6)      [17] [NE, N, W]
    217     0x00015880       0xFFFFFF80      0x00000010         (0, 1, 11)      [] [SW]
    218     0x00014380       0xFFFFFF80      0x00000018         (0, 1, 8)      [] [W, SW]
    219     0x0001AD00       0xFFFFFF80      0x00000001         (0, 1, 5)      [] [E]
    220     0x00020000       0xFFFFFF80      0x00000020         (0, 2, 0)      [] [S]
    221     0x00016000       0xFFFFFF80      0x00000408         (0, 1, 12)      [4] [W]
    222     0x0000A500       0xFFFFFF80      0x00000808         (0, 0, 4)      [5] [W]
    223     0x00013480       0xFFFFFF80      0x00000008         (0, 1, 6)      [] [W]
    224     0x00002680       0xFFFFFF80      0x0000000E         (0, 0, 4)      [] [NE, N, W]
    225     0x0000CA00       0xFFFFFF80      0x00000008         (0, 0, 9)      [] [W]
    226     0x00005380       0xFFFFFF80      0x00000408         (0, 0, 10)      [4] [W]
    227     0x0000B300       0xFFFFFF80      0x00001018         (0, 0, 6)      [6] [W, SW]
    228     0x00018E00       0xFFFFFF80      0x00001010         (0, 1, 1)      [6] [SW]
    229     0x00009080       0xFFFFFF80      0x00000008         (0, 0, 2)      [] [W]
    230     0x0000BB80       0xFFFFFF80      0x00000030         (0, 0, 7)      [] [SW, S]
    231     0x0000F280       0xFFFFFF80      0x00000008         (0, 0, 14)      [] [W]
    232     0x00003D00       0xFFFFFF80      0x00080003         (0, 0, 7)      [13] [E, NE]
    233     0x00006600       0xFFFFFF80      0x00301F88         (0, 0, 12)      [1, 2, 3, 4, 5, 6, 14, 15] [W]
    234     0x00011C00       0xFFFFFF80      0x00000008         (0, 1, 3)      [] [W]
    235     0x00014A00       0xFFFFFF80      0x00000010         (0, 1, 9)      [] [SW]
    236     0x00001380       0xFFFFFF80      0x00020000         (0, 0, 2)      [11] []
    237     0x00031D00       0xFFFFFF00      0x00000008         (0, 3, 3)      [] [W]
    238     0x00005100       0xFFFFFF80      0x00000008         (0, 0, 10)      [] [W]
    239     0x00011200       0xFFFFFF80      0x00000008         (0, 1, 2)      [] [W]
    240     0x00003B80       0xFFFFFF80      0x00010000         (0, 0, 7)      [10] []
    241     0x00020100       0xFFFFFF80      0x00000020         (0, 2, 0)      [] [S]
    242     0x00010A80       0xFFFFFF80      0x00000030         (0, 1, 1)      [] [SW, S]
    243     0x00001980       0xFFFFFF80      0x00000003         (0, 0, 3)      [] [E, NE]
    244     0x0000D500       0xFFFFFF80      0x00000008         (0, 0, 10)      [] [W]
    245     0x00007300       0xFFFFFF80      0x00FFE03F         (0, 0, 14)      [7, 8, 9, 10, 11, 12, 13, 14, 15, 16, 17] [E, NE, N, W, SW, S]
    246     0x0000A200       0xFFFFFF80      0x00000008         (0, 0, 4)      [] [W]
    247     0x0000B580       0xFFFFFF80      0x00000010         (0, 0, 6)      [] [SW]
    248     0x0000B600       0xFFFFFF80      0x00040018         (0, 0, 6)      [12] [W, SW]
    249     0x00020280       0xFFFFFF80      0x00001F81         (0, 2, 0)      [1, 2, 3, 4, 5, 6] [E]
    250     0x00019900       0xFFFFFF80      0x00000003         (0, 1, 3)      [] [E, NE]
    251     0x0000BB00       0xFFFFFF80      0x00000030         (0, 0, 7)      [] [SW, S]
    252     0x00003B00       0xFFFFFF80      0x00008000         (0, 0, 7)      [9] []
    253     0x0000E100       0xFFFFFF80      0x00800008         (0, 0, 12)      [17] [W]
    254     0x0000DB80       0xFFFFFF80      0x00001008         (0, 0, 11)      [6] [W]
    255     0x0000B000       0xFFFFFF80      0x00000008         (0, 0, 6)      [] [W]
    256     0x00004480       0xFFFFFF80      0x00000081         (0, 0, 8)      [1] [E]
    257     0x0001B580       0xFFFFFF80      0x00000001         (0, 1, 6)      [] [E]
    258     0x00004080       0xFFFFFF80      0x00000003         (0, 0, 8)      [] [E, NE]
    259     0x00010300       0xFFFFFF80      0x00000410         (0, 1, 0)      [4] [SW]
    260     0x00020080       0xFFFFFF80      0x00000020         (0, 2, 0)      [] [S]
    261     0x00012880       0xFFFFFF80      0x00000008         (0, 1, 5)      [] [W]
    262     0x00015A00       0xFFFFFF80      0x00000010         (0, 1, 11)      [] [SW]
    263     0x00021F80       0xFFFFFF80      0x00100001         (0, 2, 3)      [14] [E]
    264     0x0000E500       0xFFFFFF80      0x00000008         (0, 0, 12)      [] [W]
    265     0x0000CB00       0xFFFFFF80      0x00000008         (0, 0, 9)      [] [W]
    266     0x00019880       0xFFFFFF80      0x00000003         (0, 1, 3)      [] [E, NE]
    267     0x00001200       0xFFFFFF80      0x00004000         (0, 0, 2)      [8] []
    268     0x00007B00       0xFFFFFF80      0x00FFE1A1         (0, 0, 15)      [1, 2, 7, 8, 9, 10, 11, 12, 13, 14, 15, 16, 17] [E, S]
    269     0x00021C80       0xFFFFFF80      0x00004000         (0, 2, 3)      [8] []
    270     0x00003480       0xFFFFFF80      0x0000000E         (0, 0, 6)      [] [NE, N, W]
    271     0x00007B80       0xFFFFFF80      0x00FFE301         (0, 0, 15)      [2, 3, 7, 8, 9, 10, 11, 12, 13, 14, 15, 16, 17] [E]
    272     0x00005780       0xFFFFFF80      0x00040008         (0, 0, 10)      [12] [W]
    273     0x00005700       0xFFFFFF80      0x00020008         (0, 0, 10)      [11] [W]
    274     0x0001AA80       0xFFFFFF80      0x00001001         (0, 1, 5)      [6] [E]
    275     0x0000E000       0xFFFFFF80      0x00200008         (0, 0, 12)      [15] [W]
    276     0x00019480       0xFFFFFF80      0x00000001         (0, 1, 2)      [] [E]
    277     0x00019700       0xFFFFFF80      0x00000403         (0, 1, 2)      [4] [E, NE]
    278     0x00003A00       0xFFFFFF80      0x00002000         (0, 0, 7)      [7] []
    279     0x0001CC00       0xFFFFFF80      0x00000001         (0, 1, 9)      [] [E]
    280     0x0000E900       0xFFFFFF80      0x00001008         (0, 0, 13)      [6] [W]
    281     0x00005C00       0xFFFFFF80      0x00000008         (0, 0, 11)      [] [W]
    282     0x00011000       0xFFFFFF80      0x00000208         (0, 1, 2)      [3] [W]
    283     0x00022000       0xFFFFFF80      0x00200001         (0, 2, 4)      [15] [E]
    284     0x0000EF80       0xFFFFFF80      0x00000008         (0, 0, 13)      [] [W]
    285     0x0000DA00       0xFFFFFF80      0x00000208         (0, 0, 11)      [3] [W]
    286     0x0000C880       0xFFFFFF80      0x00000020         (0, 0, 9)      [] [S]
    287     0x00013680       0xFFFFFF80      0x00000008         (0, 1, 6)      [] [W]
    288     0x00006A00       0xFFFFFF80      0x00001F88         (0, 0, 13)      [1, 2, 3, 4, 5, 6] [W]
    289     0x00008800       0xFFFFFF80      0x00000088         (0, 0, 1)      [1] [W]
    290     0x0000AE80       0xFFFFFF80      0x00000008         (0, 0, 5)      [] [W]
    291     0x00010100       0xFFFFFF80      0x00000010         (0, 1, 0)      [] [SW]
    292     0x00031C00       0xFFFFFF00      0x00000008         (0, 3, 3)      [] [W]
    293     0x00022180       0xFFFFFF80      0x00000001         (0, 2, 4)      [] [E]
    294     0x00007F80       0xFFFFFF80      0x00030021         (0, 0, 15)      [10, 11] [E, S]
    295     0x00031A00       0xFFFFFF00      0x00400000         (0, 3, 3)      [16] []
    296     0x00009180       0xFFFFFF80      0x00000008         (0, 0, 2)      [] [W]
    297     0x0000E580       0xFFFFFF80      0x00000008         (0, 0, 12)      [] [W]
    298     0x0000CC80       0xFFFFFF80      0x00000208         (0, 0, 9)      [3] [W]
    299     0x00019D00       0xFFFFFF80      0x00000002         (0, 1, 3)      [] [NE]
    300     0x00014480       0xFFFFFF80      0x00000018         (0, 1, 8)      [] [W, SW]
    301     0x00019C80       0xFFFFFF80      0x00000002         (0, 1, 3)      [] [NE]
    302     0x00016080       0xFFFFFF80      0x00000808         (0, 1, 12)      [5] [W]
    303     0x00008300       0xFFFFFF80      0x00800021         (0, 0, 0)      [17] [E, S]
    304     0x0000A080       0xFFFFFF80      0x00000008         (0, 0, 4)      [] [W]
    305     0x00015200       0xFFFFFF80      0x00000080         (0, 1, 10)      [1] []
    306     0x00014880       0xFFFFFF80      0x00000010         (0, 1, 9)      [] [SW]
    307     0x0000F380       0xFFFFFF80      0x00000018         (0, 0, 14)      [] [W, SW]
    308     0x00010E00       0xFFFFFF80      0x00000008         (0, 1, 1)      [] [W]
    309     0x0000F500       0xFFFFFF80      0x00000218         (0, 0, 14)      [3] [W, SW]
    310     0x00005C80       0xFFFFFF80      0x00000008         (0, 0, 11)      [] [W]
    311     0x0000D580       0xFFFFFF80      0x00000008         (0, 0, 10)      [] [W]
    312     0x00008B80       0xFFFFFF80      0x00000008         (0, 0, 1)      [] [W]
    313     0x00002500       0xFFFFFF80      0x0000000C         (0, 0, 4)      [] [N, W]
    314     0x00010480       0xFFFFFF80      0x00000030         (0, 1, 0)      [] [SW, S]
    315     0x00011B00       0xFFFFFF80      0x00000008         (0, 1, 3)      [] [W]
    316     0x00016D00       0xFFFFFF80      0x00001008         (0, 1, 13)      [6] [W]
    317     0x00014B80       0xFFFFFF80      0x00000010         (0, 1, 9)      [] [SW]
    318     0x00016C00       0xFFFFFF80      0x00000408         (0, 1, 13)      [4] [W]
    319     0x00002780       0xFFFFFF80      0x0000000E         (0, 0, 4)      [] [NE, N, W]
    320     0x0000B480       0xFFFFFF80      0x00000010         (0, 0, 6)      [] [SW]
    321     0x00011F00       0xFFFFFF80      0x00001008         (0, 1, 3)      [6] [W]
    322     0x00010900       0xFFFFFF80      0x00000030         (0, 1, 1)      [] [SW, S]
    323     0x00015E80       0xFFFFFF80      0x00000098         (0, 1, 11)      [1] [W, SW]
    324     0x00022780       0xFFFFFF80      0x00000200         (0, 2, 4)      [3] []
    325     0x00017780       0xFFFFFF80      0x00000408         (0, 1, 14)      [4] [W]
    326     0x00019380       0xFFFFFF80      0x00000010         (0, 1, 2)      [] [SW]
    327     0x0001B600       0xFFFFFF80      0x00000001         (0, 1, 6)      [] [E]
    328     0x00003E80       0xFFFFFF80      0x00400003         (0, 0, 7)      [16] [E, NE]
    329     0x00002D00       0xFFFFFF80      0x00004008         (0, 0, 5)      [8] [W]
    330     0x00000880       0xFFFFFF80      0x00400002         (0, 0, 1)      [16] [NE]
    331     0x00015480       0xFFFFFF80      0x00001010         (0, 1, 10)      [6] [SW]
    332     0x0000E380       0xFFFFFF80      0x00000008         (0, 0, 12)      [] [W]
    333     0x00000480       0xFFFFFF80      0x00004000         (0, 0, 0)      [8] []
    334     0x0000CE80       0xFFFFFF80      0x00000008         (0, 0, 9)      [] [W]
    335     0x00019680       0xFFFFFF80      0x00000203         (0, 1, 2)      [3] [E, NE]
    336     0x0001A100       0xFFFFFF80      0x00000802         (0, 1, 4)      [5] [NE]
    337     0x0000F800       0xFFFFFF80      0x00000010         (0, 0, 15)      [] [SW]
    338     0x00013380       0xFFFFFF80      0x00000008         (0, 1, 6)      [] [W]
    339     0x00010380       0xFFFFFF80      0x00000810         (0, 1, 0)      [5] [SW]
    340     0x0000FF80       0xFFFFFF80      0x00000010         (0, 0, 15)      [] [SW]
    341     0x00009100       0xFFFFFF80      0x00000008         (0, 0, 2)      [] [W]
    342     0x0001A400       0xFFFFFF80      0x00000002         (0, 1, 4)      [] [NE]
    343     0x00008D00       0xFFFFFF80      0x00020008         (0, 0, 1)      [11] [W]
    344     0x00018E80       0xFFFFFF80      0x00000010         (0, 1, 1)      [] [SW]
    345     0x00008C80       0xFFFFFF80      0x00010008         (0, 0, 1)      [10] [W]
    346     0x0000F000       0xFFFFFF80      0x00000008         (0, 0, 14)      [] [W]
    347     0x0001A200       0xFFFFFF80      0x00000002         (0, 1, 4)      [] [NE]
    348     0x0001BB00       0xFFFFFF80      0x00001003         (0, 1, 7)      [6] [E, NE]
    349     0x00015600       0xFFFFFF80      0x00000010         (0, 1, 10)      [] [SW]
    350     0x0000AB00       0xFFFFFF80      0x00800008         (0, 0, 5)      [17] [W]
    351     0x00008700       0xFFFFFF80      0x00000008         (0, 0, 0)      [] [W]
    352     0x00007A00       0xFFFFFF80      0x00FFE021         (0, 0, 15)      [7, 8, 9, 10, 11, 12, 13, 14, 15, 16, 17] [E, S]
    353     0x0000B100       0xFFFFFF80      0x00000118         (0, 0, 6)      [2] [W, SW]
    354     0x00012D00       0xFFFFFF80      0x00000008         (0, 1, 5)      [] [W]
    355     0x00000D00       0xFFFFFF80      0x00000002         (0, 0, 1)      [] [NE]
    356     0x0001A980       0xFFFFFF80      0x00000401         (0, 1, 5)      [4] [E]
    357     0x00003680       0xFFFFFF80      0x0000000E         (0, 0, 6)      [] [NE, N, W]
    358     0x0000F780       0xFFFFFF80      0x00000010         (0, 0, 14)      [] [SW]
    359     0x00010280       0xFFFFFF80      0x00000210         (0, 1, 0)      [3] [SW]
    360     0x00006500       0xFFFFFF80      0x000C1F88         (0, 0, 12)      [1, 2, 3, 4, 5, 6, 12, 13] [W]
    361     0x00003A80       0xFFFFFF80      0x00004008         (0, 0, 7)      [8] [W]
    362     0x00014000       0xFFFFFF80      0x00000018         (0, 1, 8)      [] [W, SW]
    363     0x00016100       0xFFFFFF80      0x00001008         (0, 1, 12)      [6] [W]
    364     0x00005E80       0xFFFFFF80      0x00000008         (0, 0, 11)      [] [W]
    365     0x0001CC80       0xFFFFFF80      0x00000001         (0, 1, 9)      [] [E]
    366     0x0000AC80       0xFFFFFF80      0x00000008         (0, 0, 5)      [] [W]
    367     0x00002800       0xFFFFFF80      0x0000000E         (0, 0, 5)      [] [NE, N, W]
    368     0x0001A380       0xFFFFFF80      0x00000002         (0, 1, 4)      [] [NE]
    369     0x00009480       0xFFFFFF80      0x00000008         (0, 0, 2)      [] [W]
    370     0x00030C00       0xFFFFFF00      0x00000100         (0, 3, 1)      [2] []
    371     0x0001D180       0xFFFFFF80      0x00000001         (0, 1, 10)      [] [E]
    372     0x00004E00       0xFFFFFF80      0x00000008         (0, 0, 9)      [] [W]
    373     0x00005880       0xFFFFFF80      0x00100008         (0, 0, 11)      [14] [W]
    374     0x00004A00       0xFFFFFF80      0x00040001         (0, 0, 9)      [12] [E]
    375     0x00011F80       0xFFFFFF80      0x00000008         (0, 1, 3)      [] [W]
    376     0x00010700       0xFFFFFF80      0x00000030         (0, 1, 0)      [] [SW, S]
    377     0x00004A80       0xFFFFFF80      0x00080001         (0, 0, 9)      [13] [E]
    378     0x0001CB00       0xFFFFFF80      0x00000001         (0, 1, 9)      [] [E]
    379     0x00006180       0xFFFFFF80      0x00001808         (0, 0, 12)      [5, 6] [W]
    380     0x0001C400       0xFFFFFF80      0x00000002         (0, 1, 8)      [] [NE]
    381     0x00031F00       0xFFFFFF00      0x00000008         (0, 3, 3)      [] [W]
    382     0x0000D700       0xFFFFFF80      0x00000008         (0, 0, 10)      [] [W]
    383     0x0000A580       0xFFFFFF80      0x00001008         (0, 0, 4)      [6] [W]
    384     0x00017500       0xFFFFFF80      0x00000008         (0, 1, 14)      [] [W]
    385     0x0000E080       0xFFFFFF80      0x00400008         (0, 0, 12)      [16] [W]
    386     0x00005180       0xFFFFFF80      0x00000008         (0, 0, 10)      [] [W]
    387     0x00013700       0xFFFFFF80      0x00000008         (0, 1, 6)      [] [W]
    388     0x0000A280       0xFFFFFF80      0x00000008         (0, 0, 4)      [] [W]
    389     0x00015700       0xFFFFFF80      0x00000010         (0, 1, 10)      [] [SW]
    390     0x00014980       0xFFFFFF80      0x00000010         (0, 1, 9)      [] [SW]
    391     0x0000FD80       0xFFFFFF80      0x00000010         (0, 0, 15)      [] [SW]
    392     0x00013A00       0xFFFFFF80      0x00001008         (0, 1, 7)      [6] [W]
    393     0x00008000       0xFFFFFF80      0x00060021         (0, 0, 0)      [11, 12] [E, S]
    394     0x00032300       0xFFFFFF00      0x00000008         (0, 3, 4)      [] [W]
    395     0x0000F680       0xFFFFFF80      0x00001018         (0, 0, 14)      [6] [W, SW]
    396     0x00007C00       0xFFFFFF80      0x00FFE601         (0, 0, 15)      [3, 4, 7, 8, 9, 10, 11, 12, 13, 14, 15, 16, 17] [E]
    397     0x00006E00       0xFFFFFF80      0x00001FBF         (0, 0, 13)      [1, 2, 3, 4, 5, 6] [E, NE, N, W, SW, S]
    398     0x00009A80       0xFFFFFF80      0x00020008         (0, 0, 3)      [11] [W]
    399     0x00030F00       0xFFFFFF00      0x00000800         (0, 3, 1)      [5] []
    400     0x00008380       0xFFFFFF80      0x00000021         (0, 0, 0)      [] [E, S]
    401     0x0001A080       0xFFFFFF80      0x00000402         (0, 1, 4)      [4] [NE]
    402     0x00008080       0xFFFFFF80      0x000C0021         (0, 0, 0)      [12, 13] [E, S]
    403     0x00018F00       0xFFFFFF80      0x00000010         (0, 1, 1)      [] [SW]
    404     0x0000F300       0xFFFFFF80      0x00000008         (0, 0, 14)      [] [W]
    405     0x00006000       0xFFFFFF80      0x00000308         (0, 0, 12)      [2, 3] [W]
    406     0x00004580       0xFFFFFF80      0x00000201         (0, 0, 8)      [3] [E]
    407     0x00016A00       0xFFFFFF80      0x00000008         (0, 1, 13)      [] [W]
    408     0x0000E880       0xFFFFFF80      0x00000808         (0, 0, 13)      [5] [W]
    409     0x0000D900       0xFFFFFF80      0x00000088         (0, 0, 11)      [1] [W]
    410     0x00009380       0xFFFFFF80      0x00000008         (0, 0, 2)      [] [W]
    411     0x00007080       0xFFFFFF80      0x00FFE039         (0, 0, 14)      [7, 8, 9, 10, 11, 12, 13, 14, 15, 16, 17] [E, W, SW, S]
    412     0x0000C800       0xFFFFFF80      0x00000020         (0, 0, 9)      [] [S]
    413     0x00009680       0xFFFFFF80      0x00000208         (0, 0, 2)      [3] [W]
    414     0x00003E00       0xFFFFFF80      0x00200003         (0, 0, 7)      [15] [E, NE]
    415     0x00010600       0xFFFFFF80      0x00000030         (0, 1, 0)      [] [SW, S]
    416     0x0000B200       0xFFFFFF80      0x00000418         (0, 0, 6)      [4] [W, SW]
    417     0x0000C980       0xFFFFFF80      0x00000020         (0, 0, 9)      [] [S]
    418     0x00006680       0xFFFFFF80      0x00601F88         (0, 0, 12)      [1, 2, 3, 4, 5, 6, 15, 16] [W]
    419     0x00006780       0xFFFFFF80      0x00801F88         (0, 0, 12)      [1, 2, 3, 4, 5, 6, 17] [W]
    420     0x00019080       0xFFFFFF80      0x00000010         (0, 1, 2)      [] [SW]
    421     0x00003D80       0xFFFFFF80      0x00100003         (0, 0, 7)      [14] [E, NE]
    422     0x00014300       0xFFFFFF80      0x00000018         (0, 1, 8)      [] [W, SW]
    423     0x00031E00       0xFFFFFF00      0x00000008         (0, 3, 3)      [] [W]
    424     0x00019B00       0xFFFFFF80      0x00000003         (0, 1, 3)      [] [E, NE]
    425     0x00014B00       0xFFFFFF80      0x00000010         (0, 1, 9)      [] [SW]
    426     0x0000BA00       0xFFFFFF80      0x00000030         (0, 0, 7)      [] [SW, S]
    427     0x00022100       0xFFFFFF80      0x00800001         (0, 2, 4)      [17] [E]
    428     0x00007900       0xFFFFFF80      0x00FFE021         (0, 0, 15)      [7, 8, 9, 10, 11, 12, 13, 14, 15, 16, 17] [E, S]
    429     0x0000BD80       0xFFFFFF80      0x00000030         (0, 0, 7)      [] [SW, S]
    430     0x00018380       0xFFFFFF80      0x00001000         (0, 1, 0)      [6] []
    431     0x00009600       0xFFFFFF80      0x00000108         (0, 0, 2)      [2] [W]
    432     0x00003200       0xFFFFFF80      0x0000000C         (0, 0, 6)      [] [N, W]
    433     0x0000FA00       0xFFFFFF80      0x00000010         (0, 0, 15)      [] [SW]
    434     0x0000A400       0xFFFFFF80      0x00000208         (0, 0, 4)      [3] [W]
    435     0x00001500       0xFFFFFF80      0x00100002         (0, 0, 2)      [14] [NE]
    436     0x00002080       0xFFFFFF80      0x00010000         (0, 0, 4)      [10] []
    437     0x00018D80       0xFFFFFF80      0x00000810         (0, 1, 1)      [5] [SW]
    438     0x0000B700       0xFFFFFF80      0x00100018         (0, 0, 6)      [14] [W, SW]
    439     0x00015F80       0xFFFFFF80      0x00000218         (0, 1, 11)      [3] [W, SW]
    440     0x0000A880       0xFFFFFF80      0x00040008         (0, 0, 5)      [12] [W]
    441     0x0001BC80       0xFFFFFF80      0x00000003         (0, 1, 7)      [] [E, NE]
    442     0x00002200       0xFFFFFF80      0x0008000E         (0, 0, 4)      [13] [NE, N, W]
    443     0x00031300       0xFFFFFF00      0x00008000         (0, 3, 2)      [9] []
    444     0x0000B500       0xFFFFFF80      0x00000010         (0, 0, 6)      [] [SW]
    445     0x00012700       0xFFFFFF80      0x00000008         (0, 1, 4)      [] [W]
    446     0x00001A80       0xFFFFFF80      0x00000003         (0, 0, 3)      [] [E, NE]
    447     0x0000FF00       0xFFFFFF80      0x00000010         (0, 0, 15)      [] [SW]
    448     0x0000BA80       0xFFFFFF80      0x00000030         (0, 0, 7)      [] [SW, S]
    449     0x00007C80       0xFFFFFF80      0x00FFEC01         (0, 0, 15)      [4, 5, 7, 8, 9, 10, 11, 12, 13, 14, 15, 16, 17] [E]
    450     0x0000C080       0xFFFFFF80      0x00001030         (0, 0, 8)      [6] [SW, S]
    451     0x00010D80       0xFFFFFF80      0x00000008         (0, 1, 1)      [] [W]
    452     0x0000C700       0xFFFFFF80      0x00000020         (0, 0, 8)      [] [S]
    453     0x00010B80       0xFFFFFF80      0x00000030         (0, 1, 1)      [] [SW, S]
    454     0x00015380       0xFFFFFF80      0x00000410         (0, 1, 10)      [4] [SW]
    455     0x00002380       0xFFFFFF80      0x0040000E         (0, 0, 4)      [16] [NE, N, W]
    456     0x0001CD80       0xFFFFFF80      0x00000001         (0, 1, 9)      [] [E]
    457     0x00004100       0xFFFFFF80      0x00000003         (0, 0, 8)      [] [E, NE]
    458     0x00003080       0xFFFFFF80      0x0020000E         (0, 0, 6)      [15] [NE, N, W]
    459     0x0000F580       0xFFFFFF80      0x00000418         (0, 0, 14)      [4] [W, SW]
    460     0x00014900       0xFFFFFF80      0x00000010         (0, 1, 9)      [] [SW]
    461     0x00001680       0xFFFFFF80      0x00800002         (0, 0, 2)      [17] [NE]
    462     0x00015300       0xFFFFFF80      0x00000210         (0, 1, 10)      [3] [SW]
    463     0x00009E80       0xFFFFFF80      0x00000008         (0, 0, 3)      [] [W]
    464     0x00019C00       0xFFFFFF80      0x00000003         (0, 1, 3)      [] [E, NE]
    465     0x00021D80       0xFFFFFF80      0x00010000         (0, 2, 3)      [10] []
    466     0x0000D480       0xFFFFFF80      0x00000008         (0, 0, 10)      [] [W]
    467     0x00011A00       0xFFFFFF80      0x00000008         (0, 1, 3)      [] [W]
    468     0x00001A00       0xFFFFFF80      0x00000003         (0, 0, 3)      [] [E, NE]
    469     0x0000D980       0xFFFFFF80      0x00000108         (0, 0, 11)      [2] [W]
    470     0x00001180       0xFFFFFF80      0x00002000         (0, 0, 2)      [7] []
    471     0x0000E280       0xFFFFFF80      0x00000008         (0, 0, 12)      [] [W]
    472     0x00002180       0xFFFFFF80      0x0004000A         (0, 0, 4)      [12] [NE, W]
    473     0x00016B00       0xFFFFFF80      0x00000108         (0, 1, 13)      [2] [W]
    474     0x00005900       0xFFFFFF80      0x00200008         (0, 0, 11)      [15] [W]
    475     0x00014500       0xFFFFFF80      0x00000098         (0, 1, 8)      [1] [W, SW]
    476     0x0000C400       0xFFFFFF80      0x00080020         (0, 0, 8)      [13] [S]
    477     0x00004B00       0xFFFFFF80      0x00100001         (0, 0, 9)      [14] [E]
    478     0x00031900       0xFFFFFF00      0x00200000         (0, 3, 3)      [15] []
    479     0x00009800       0xFFFFFF80      0x00001008         (0, 0, 3)      [6] [W]
    480     0x00018F80       0xFFFFFF80      0x00000010         (0, 1, 1)      [] [SW]
    481     0x00004B80       0xFFFFFF80      0x00200001         (0, 0, 9)      [15] [E]
    482     0x00012800       0xFFFFFF80      0x00000008         (0, 1, 5)      [] [W]
    483     0x00010980       0xFFFFFF80      0x00000030         (0, 1, 1)      [] [SW, S]
    484     0x0000A480       0xFFFFFF80      0x00000408         (0, 0, 4)      [4] [W]
    485     0x00018080       0xFFFFFF80      0x00000008         (0, 1, 0)      [] [W]
    486     0x00000600       0xFFFFFF80      0x00020000         (0, 0, 0)      [11] []
    487     0x00010000       0xFFFFFF80      0x00000010         (0, 1, 0)      [] [SW]
    488     0x00009B80       0xFFFFFF80      0x00080008         (0, 0, 3)      [13] [W]
    489     0x0000BE00       0xFFFFFF80      0x000000A0         (0, 0, 7)      [1] [S]
    490     0x00009B00       0xFFFFFF80      0x00040008         (0, 0, 3)      [12] [W]
    491     0x00016980       0xFFFFFF80      0x00000008         (0, 1, 13)      [] [W]
    492     0x00011D00       0xFFFFFF80      0x00000108         (0, 1, 3)      [2] [W]
    493     0x00005A00       0xFFFFFF80      0x00800008         (0, 0, 11)      [17] [W]
    494     0x0001B300       0xFFFFFF80      0x00001001         (0, 1, 6)      [6] [E]
    495     0x00001900       0xFFFFFF80      0x00000003         (0, 0, 3)      [] [E, NE]
    496     0x00000C80       0xFFFFFF80      0x00000002         (0, 0, 1)      [] [NE]
    497     0x00013280       0xFFFFFF80      0x00000008         (0, 1, 6)      [] [W]
    498     0x00015C80       0xFFFFFF80      0x00000018         (0, 1, 11)      [] [W, SW]
    499     0x00015A80       0xFFFFFF80      0x00000018         (0, 1, 11)      [] [W, SW]
    500     0x00007000       0xFFFFFF80      0x00FFE039         (0, 0, 14)      [7, 8, 9, 10, 11, 12, 13, 14, 15, 16, 17] [E, W, SW, S]
    501     0x00018D00       0xFFFFFF80      0x00000410         (0, 1, 1)      [4] [SW]
    502     0x0000AD80       0xFFFFFF80      0x00000008         (0, 0, 5)      [] [W]
    503     0x0000BC80       0xFFFFFF80      0x00000030         (0, 0, 7)      [] [SW, S]
    504     0x00012600       0xFFFFFF80      0x00000008         (0, 1, 4)      [] [W]
    505     0x00000800       0xFFFFFF80      0x00200002         (0, 0, 1)      [15] [NE]
    506     0x00005000       0xFFFFFF80      0x00000008         (0, 0, 10)      [] [W]
    507     0x0000E180       0xFFFFFF80      0x00000008         (0, 0, 12)      [] [W]
    508     0x00001B80       0xFFFFFF80      0x00000003         (0, 0, 3)      [] [E, NE]
    509     0x00007700       0xFFFFFF80      0x00FFE021         (0, 0, 14)      [7, 8, 9, 10, 11, 12, 13, 14, 15, 16, 17] [E, S]
    510     0x00019A80       0xFFFFFF80      0x00000003         (0, 1, 3)      [] [E, NE]
    511     0x00022880       0xFFFFFF80      0x00000800         (0, 2, 5)      [5] []
    512     0x00007800       0xFFFFFF80      0x00FFE021         (0, 0, 15)      [7, 8, 9, 10, 11, 12, 13, 14, 15, 16, 17] [E, S]
    513     0x0000D680       0xFFFFFF80      0x00000008         (0, 0, 10)      [] [W]
    514     0x0000EE00       0xFFFFFF80      0x00400008         (0, 0, 13)      [16] [W]
    515     0x0000CA80       0xFFFFFF80      0x00000008         (0, 0, 9)      [] [W]
    516     0x00010D00       0xFFFFFF80      0x00000008         (0, 1, 1)      [] [W]
    517     0x00017680       0xFFFFFF80      0x00000108         (0, 1, 14)      [2] [W]
    518     0x00031400       0xFFFFFF00      0x00010000         (0, 3, 2)      [10] []
    519     0x00006F00       0xFFFFFF80      0x00001FBF         (0, 0, 13)      [1, 2, 3, 4, 5, 6] [E, NE, N, W, SW, S]
    520     0x00014A80       0xFFFFFF80      0x00000010         (0, 1, 9)      [] [SW]
    521     0x00018C00       0xFFFFFF80      0x00000110         (0, 1, 1)      [2] [SW]
    522     0x00003500       0xFFFFFF80      0x0000000E         (0, 0, 6)      [] [NE, N, W]
    523     0x00012B80       0xFFFFFF80      0x00000408         (0, 1, 5)      [4] [W]
    524     0x00017700       0xFFFFFF80      0x00000208         (0, 1, 14)      [3] [W]
    525     0x00001300       0xFFFFFF80      0x00010000         (0, 0, 2)      [10] []
    526     0x00009580       0xFFFFFF80      0x00000088         (0, 0, 2)      [1] [W]
    527     0x0000A100       0xFFFFFF80      0x00000008         (0, 0, 4)      [] [W]
    528     0x00006800       0xFFFFFF80      0x00001F88         (0, 0, 13)      [1, 2, 3, 4, 5, 6] [W]
    529     0x00015E00       0xFFFFFF80      0x00000018         (0, 1, 11)      [] [W, SW]
    530     0x00010400       0xFFFFFF80      0x00001030         (0, 1, 0)      [6] [SW, S]
    531     0x00007380       0xFFFFFF80      0x00FFE03F         (0, 0, 14)      [7, 8, 9, 10, 11, 12, 13, 14, 15, 16, 17] [E, NE, N, W, SW, S]
    532     0x00008D80       0xFFFFFF80      0x00040008         (0, 0, 1)      [12] [W]
    533     0x00019600       0xFFFFFF80      0x00000103         (0, 1, 2)      [2] [E, NE]
    534     0x00018280       0xFFFFFF80      0x00000408         (0, 1, 0)      [4] [W]
    535     0x0000AF00       0xFFFFFF80      0x00000008         (0, 0, 5)      [] [W]
    536     0x00014F80       0xFFFFFF80      0x00000010         (0, 1, 9)      [] [SW]
    537     0x0000A900       0xFFFFFF80      0x00080008         (0, 0, 5)      [13] [W]
    538     0x00002000       0xFFFFFF80      0x00008000         (0, 0, 4)      [9] []
    539     0x00004300       0xFFFFFF80      0x00000003         (0, 0, 8)      [] [E, NE]
    540     0x00000400       0xFFFFFF80      0x00002000         (0, 0, 0)      [7] []
    541     0x00009E00       0xFFFFFF80      0x00000008         (0, 0, 3)      [] [W]
    542     0x00003280       0xFFFFFF80      0x0000000C         (0, 0, 6)      [] [N, W]
    543     0x00007400       0xFFFFFF80      0x00FFE03F         (0, 0, 14)      [7, 8, 9, 10, 11, 12, 13, 14, 15, 16, 17] [E, NE, N, W, SW, S]
    544     0x00021D00       0xFFFFFF80      0x00008000         (0, 2, 3)      [9] []
    545     0x0000A600       0xFFFFFF80      0x00000008         (0, 0, 4)      [] [W]
    546     0x00022200       0xFFFFFF80      0x00000001         (0, 2, 4)      [] [E]
    547     0x00006200       0xFFFFFF80      0x00003F80         (0, 0, 12)      [1, 2, 3, 4, 5, 6, 7] []
    548     0x00006C80       0xFFFFFF80      0x00001F88         (0, 0, 13)      [1, 2, 3, 4, 5, 6] [W]
    549     0x00021E80       0xFFFFFF80      0x00040001         (0, 2, 3)      [12] [E]
    550     0x0001A180       0xFFFFFF80      0x00001002         (0, 1, 4)      [6] [NE]
    551     0x00005300       0xFFFFFF80      0x00000208         (0, 0, 10)      [3] [W]
    552     0x00014580       0xFFFFFF80      0x00000118         (0, 1, 8)      [2] [W, SW]
    553     0x00007480       0xFFFFFF80      0x00FFE03F         (0, 0, 14)      [7, 8, 9, 10, 11, 12, 13, 14, 15, 16, 17] [E, NE, N, W, SW, S]
    554     0x00031700       0xFFFFFF00      0x00080000         (0, 3, 2)      [13] []
    555     0x00019300       0xFFFFFF80      0x00000010         (0, 1, 2)      [] [SW]
    556     0x00000680       0xFFFFFF80      0x00040002         (0, 0, 0)      [12] [NE]
    557     0x00019800       0xFFFFFF80      0x00001003         (0, 1, 3)      [6] [E, NE]
    558     0x0000AA80       0xFFFFFF80      0x00400008         (0, 0, 5)      [16] [W]
    559     0x00031200       0xFFFFFF00      0x00004000         (0, 3, 2)      [8] []
    560     0x0000E480       0xFFFFFF80      0x00000008         (0, 0, 12)      [] [W]
    561     0x00014600       0xFFFFFF80      0x00000218         (0, 1, 8)      [3] [W, SW]
    562     0x00006C00       0xFFFFFF80      0x00001F88         (0, 0, 13)      [1, 2, 3, 4, 5, 6] [W]
    563     0x00008980       0xFFFFFF80      0x00000408         (0, 0, 1)      [4] [W]
    564     0x0001BE00       0xFFFFFF80      0x00000001         (0, 1, 7)      [] [E]
    565     0x00002D80       0xFFFFFF80      0x00008008         (0, 0, 5)      [9] [W]
    566     0x00006A80       0xFFFFFF80      0x00001F88         (0, 0, 13)      [1, 2, 3, 4, 5, 6] [W]
    567     0x0000B380       0xFFFFFF80      0x00000018         (0, 0, 6)      [] [W, SW]
    568     0x0001B400       0xFFFFFF80      0x00000001         (0, 1, 6)      [] [E]
    569     0x00011800       0xFFFFFF80      0x00000008         (0, 1, 3)      [] [W]
    570     0x00007200       0xFFFFFF80      0x00FFE03B         (0, 0, 14)      [7, 8, 9, 10, 11, 12, 13, 14, 15, 16, 17] [E, NE, W, SW, S]
    571     0x00005980       0xFFFFFF80      0x00400008         (0, 0, 11)      [16] [W]
    572     0x0001B480       0xFFFFFF80      0x00000001         (0, 1, 6)      [] [E]
    573     0x0000C480       0xFFFFFF80      0x00100020         (0, 0, 8)      [14] [S]
    574     0x0000FA80       0xFFFFFF80      0x00000010         (0, 0, 15)      [] [SW]
    575     0x00005500       0xFFFFFF80      0x00002000         (0, 0, 10)      [7] []
    576     0x0000F200       0xFFFFFF80      0x00000008         (0, 0, 14)      [] [W]
    577     0x00009F00       0xFFFFFF80      0x00000008         (0, 0, 3)      [] [W]
    578     0x00004180       0xFFFFFF80      0x00000003         (0, 0, 8)      [] [E, NE]
    579     0x0001CD00       0xFFFFFF80      0x00000001         (0, 1, 9)      [] [E]
    580     0x00009200       0xFFFFFF80      0x00000008         (0, 0, 2)      [] [W]
    581     0x00002480       0xFFFFFF80      0x0000000C         (0, 0, 4)      [] [N, W]
    582     0x00010680       0xFFFFFF80      0x00000030         (0, 1, 0)      [] [SW, S]
    583     0x00017800       0xFFFFFF80      0x00000808         (0, 1, 15)      [5] [W]
    584     0x0000C580       0xFFFFFF80      0x00400020         (0, 0, 8)      [16] [S]
    585     0x00011A80       0xFFFFFF80      0x00000008         (0, 1, 3)      [] [W]
    586     0x00007780       0xFFFFFF80      0x00FFE021         (0, 0, 14)      [7, 8, 9, 10, 11, 12, 13, 14, 15, 16, 17] [E, S]
    587     0x00005E00       0xFFFFFF80      0x00000008         (0, 0, 11)      [] [W]
    588     0x00000780       0xFFFFFF80      0x00100002         (0, 0, 0)      [14] [NE]
    589     0x0000AD00       0xFFFFFF80      0x00000008         (0, 0, 5)      [] [W]
    590     0x00000D80       0xFFFFFF80      0x00000002         (0, 0, 1)      [] [NE]
    591     0x00022900       0xFFFFFF80      0x00001000         (0, 2, 5)      [6] []
    592     0x00022280       0xFFFFFF80      0x00000001         (0, 2, 4)      [] [E]
    593     0x00006380       0xFFFFFF80      0x00019F88         (0, 0, 12)      [1, 2, 3, 4, 5, 6, 9, 10] [W]
    594     0x00008780       0xFFFFFF80      0x00000008         (0, 0, 0)      [] [W]
    595     0x0000D800       0xFFFFFF80      0x00000008         (0, 0, 11)      [] [W]
    596     0x0000F700       0xFFFFFF80      0x00000018         (0, 0, 14)      [] [W, SW]
    597     0x00008100       0xFFFFFF80      0x00180021         (0, 0, 0)      [13, 14] [E, S]
    598     0x0001D200       0xFFFFFF80      0x00000001         (0, 1, 10)      [] [E]
    599     0x00012A80       0xFFFFFF80      0x00000108         (0, 1, 5)      [2] [W]
    600     0x0000CE00       0xFFFFFF80      0x00001008         (0, 0, 9)      [6] [W]
    601     0x00015000       0xFFFFFF80      0x00000010         (0, 1, 10)      [] [SW]
    602     0x00009780       0xFFFFFF80      0x00000808         (0, 0, 2)      [5] [W]
    603     0x00006300       0xFFFFFF80      0x0000DF88         (0, 0, 12)      [1, 2, 3, 4, 5, 6, 8, 9] [W]
    604     0x0000B400       0xFFFFFF80      0x00000010         (0, 0, 6)      [] [SW]
    605     0x00004000       0xFFFFFF80      0x00000003         (0, 0, 8)      [] [E, NE]
    606     0x00004F00       0xFFFFFF80      0x00000008         (0, 0, 9)      [] [W]
    607     0x0001B500       0xFFFFFF80      0x00000001         (0, 1, 6)      [] [E]
    608     0x00001600       0xFFFFFF80      0x00400002         (0, 0, 2)      [16] [NE]
    609     0x00003700       0xFFFFFF80      0x0000008E         (0, 0, 6)      [1] [NE, N, W]
    610     0x00004380       0xFFFFFF80      0x00000001         (0, 0, 8)      [] [E]
    611     0x00003C80       0xFFFFFF80      0x00040003         (0, 0, 7)      [12] [E, NE]
    612     0x00008880       0xFFFFFF80      0x00000108         (0, 0, 1)      [2] [W]
    613     0x00017600       0xFFFFFF80      0x00000088         (0, 1, 14)      [1] [W]
    614     0x0000F080       0xFFFFFF80      0x00000008         (0, 0, 14)      [] [W]
    615     0x00015980       0xFFFFFF80      0x00000010         (0, 1, 11)      [] [SW]
    616     0x0000B680       0xFFFFFF80      0x00080018         (0, 0, 6)      [13] [W, SW]
    617     0x00005D00       0xFFFFFF80      0x00000008         (0, 0, 11)      [] [W]
    618     0x00014F00       0xFFFFFF80      0x00000010         (0, 1, 9)      [] [SW]
    619     0x00002300       0xFFFFFF80      0x0020000E         (0, 0, 4)      [15] [NE, N, W]
    620     0x00010C80       0xFFFFFF80      0x00000008         (0, 1, 1)      [] [W]
    621     0x00010880       0xFFFFFF80      0x00000030         (0, 1, 1)      [] [SW, S]
    622     0x0001A280       0xFFFFFF80      0x00000002         (0, 1, 4)      [] [NE]
    623     0x00021E00       0xFFFFFF80      0x00020000         (0, 2, 3)      [11] []
    624     0x00016B80       0xFFFFFF80      0x00000208         (0, 1, 13)      [3] [W]
    625     0x00012680       0xFFFFFF80      0x00000008         (0, 1, 4)      [] [W]
    626     0x0000D880       0xFFFFFF80      0x00000008         (0, 0, 11)      [] [W]
    627     0x0000F480       0xFFFFFF80      0x00000118         (0, 0, 14)      [2] [W, SW]
    628     0x0001B680       0xFFFFFF80      0x00000001         (0, 1, 6)      [] [E]
    629     0x0000B280       0xFFFFFF80      0x00000818         (0, 0, 6)      [5] [W, SW]
    630     0x0000E600       0xFFFFFF80      0x00000008         (0, 0, 12)      [] [W]
    631     0x00008580       0xFFFFFF80      0x00000021         (0, 0, 0)      [] [E, S]
    632     0x0001C300       0xFFFFFF80      0x00000002         (0, 1, 8)      [] [NE]
    633     0x00002900       0xFFFFFF80      0x0000000E         (0, 0, 5)      [] [NE, N, W]
    634     0x00015280       0xFFFFFF80      0x00000110         (0, 1, 10)      [2] [SW]
    635     0x00031B00       0xFFFFFF00      0x00800000         (0, 3, 3)      [17] []
    636     0x00002600       0xFFFFFF80      0x0000000C         (0, 0, 4)      [] [N, W]
    637     0x00014080       0xFFFFFF80      0x00000018         (0, 1, 8)      [] [W, SW]
    638     0x0000C600       0xFFFFFF80      0x00800020         (0, 0, 8)      [17] [S]
    639     0x00008E80       0xFFFFFF80      0x00100008         (0, 0, 1)      [14] [W]
    640     0x00005080       0xFFFFFF80      0x00000008         (0, 0, 10)      [] [W]
    641     0x00015100       0xFFFFFF80      0x00000010         (0, 1, 10)      [] [SW]
    642     0x00012780       0xFFFFFF80      0x00000008         (0, 1, 4)      [] [W]
    643     0x0000B800       0xFFFFFF80      0x00400018         (0, 0, 7)      [16] [W, SW]
    644     0x00007E00       0xFFFFFF80      0x00006021         (0, 0, 15)      [8, 7] [E, S]
    645     0x00016C80       0xFFFFFF80      0x00000808         (0, 1, 13)      [5] [W]
    646     0x00022680       0xFFFFFF80      0x00000080         (0, 2, 4)      [1] []
    647     0x00014E00       0xFFFFFF80      0x00000010         (0, 1, 9)      [] [SW]
    648     0x0000CC00       0xFFFFFF80      0x00000108         (0, 0, 9)      [2] [W]
    649     0x00015800       0xFFFFFF80      0x00000010         (0, 1, 11)      [] [SW]
    650     0x00013580       0xFFFFFF80      0x00000008         (0, 1, 6)      [] [W]
    651     0x00013300       0xFFFFFF80      0x00000008         (0, 1, 6)      [] [W]
    652     0x0001A500       0xFFFFFF80      0x00000001         (0, 1, 4)      [] [E]
    653     0x00002E00       0xFFFFFF80      0x00010008         (0, 0, 5)      [10] [W]
    654     0x0000C900       0xFFFFFF80      0x00000020         (0, 0, 9)      [] [S]
    655     0x00003580       0xFFFFFF80      0x0000000E         (0, 0, 6)      [] [NE, N, W]
    656     0x00015B00       0xFFFFFF80      0x00000018         (0, 1, 11)      [] [W, SW]
    657     0x00015580       0xFFFFFF80      0x00000010         (0, 1, 10)      [] [SW]
    658     0x00008F00       0xFFFFFF80      0x00200008         (0, 0, 1)      [15] [W]
    659     0x00014180       0xFFFFFF80      0x00000018         (0, 1, 8)      [] [W, SW]
    660     0x00003300       0xFFFFFF80      0x0000000C         (0, 0, 6)      [] [N, W]
    661     0x00014800       0xFFFFFF80      0x00000010         (0, 1, 9)      [] [SW]
    662     0x0000AF80       0xFFFFFF80      0x00000008         (0, 0, 5)      [] [W]
    663     0x00002F80       0xFFFFFF80      0x0008000E         (0, 0, 5)      [13] [NE, N, W]
    664     0x00015D80       0xFFFFFF80      0x00000018         (0, 1, 11)      [] [W, SW]
    665     0x0000A180       0xFFFFFF80      0x00000008         (0, 0, 4)      [] [W]
    666     0x00001F00       0xFFFFFF80      0x00002000         (0, 0, 3)      [7] []
    667     0x00007500       0xFFFFFF80      0x00FFE03F         (0, 0, 14)      [7, 8, 9, 10, 11, 12, 13, 14, 15, 16, 17] [E, NE, N, W, SW, S]
    668     0x00032000       0xFFFFFF00      0x00000008         (0, 3, 4)      [] [W]
    669     0x00022700       0xFFFFFF80      0x00000100         (0, 2, 4)      [2] []
    670     0x00007680       0xFFFFFF80      0x00FFE021         (0, 0, 14)      [7, 8, 9, 10, 11, 12, 13, 14, 15, 16, 17] [E, S]
    671     0x00008C00       0xFFFFFF80      0x00008008         (0, 0, 1)      [9] [W]
    672     0x00011900       0xFFFFFF80      0x00000008         (0, 1, 3)      [] [W]
    673     0x0000C500       0xFFFFFF80      0x00200020         (0, 0, 8)      [15] [S]
    674     0x00020480       0xFFFFFF80      0x00000001         (0, 2, 0)      [] [E]
    675     0x00031600       0xFFFFFF00      0x00040000         (0, 3, 2)      [12] []
    676     0x00000580       0xFFFFFF80      0x00010000         (0, 0, 0)      [10] []
    677     0x00008400       0xFFFFFF80      0x00000021         (0, 0, 0)      [] [E, S]
    678     0x00030B00       0xFFFFFF00      0x00000080         (0, 3, 1)      [1] []
    679     0x00007D80       0xFFFFFF80      0x00FFF001         (0, 0, 15)      [6, 7, 8, 9, 10, 11, 12, 13, 14, 15, 16, 17] [E]
    680     0x00009C00       0xFFFFFF80      0x00100008         (0, 0, 3)      [14] [W]
    681     0x00015080       0xFFFFFF80      0x00000010         (0, 1, 10)      [] [SW]
    682     0x00022080       0xFFFFFF80      0x00400001         (0, 2, 4)      [16] [E]
    683     0x00004C00       0xFFFFFF80      0x00400008         (0, 0, 9)      [16] [W]
    684     0x00002400       0xFFFFFF80      0x0080000E         (0, 0, 4)      [17] [NE, N, W]
    685     0x00006480       0xFFFFFF80      0x00061F88         (0, 0, 12)      [1, 2, 3, 4, 5, 6, 11, 12] [W]
    686     0x00005A80       0xFFFFFF80      0x00000008         (0, 0, 11)      [] [W]
    687     0x00019100       0xFFFFFF80      0x00000010         (0, 1, 2)      [] [SW]
    688     0x00004400       0xFFFFFF80      0x00000001         (0, 0, 8)      [] [E]
    689     0x00012B00       0xFFFFFF80      0x00000208         (0, 1, 5)      [3] [W]
    690     0x00010800       0xFFFFFF80      0x00000030         (0, 1, 1)      [] [SW, S]
    691     0x00019000       0xFFFFFF80      0x00000010         (0, 1, 2)      [] [SW]
    692     0x00007A80       0xFFFFFF80      0x00FFE0A1         (0, 0, 15)      [1, 7, 8, 9, 10, 11, 12, 13, 14, 15, 16, 17] [E, S]
    693     0x0000CB80       0xFFFFFF80      0x00000088         (0, 0, 9)      [1] [W]
    694     0x00002C80       0xFFFFFF80      0x00002000         (0, 0, 5)      [7] []
    695     0x00013600       0xFFFFFF80      0x00000008         (0, 1, 6)      [] [W]
    696     0x00019200       0xFFFFFF80      0x00000010         (0, 1, 2)      [] [SW]
    697     0x00017880       0xFFFFFF80      0x00001008         (0, 1, 15)      [6] [W]
    698     0x00006B00       0xFFFFFF80      0x00001F88         (0, 0, 13)      [1, 2, 3, 4, 5, 6] [W]
    699     0x00012980       0xFFFFFF80      0x00000008         (0, 1, 5)      [] [W]
    700     0x00004C80       0xFFFFFF80      0x00800008         (0, 0, 9)      [17] [W]
    701     0x00001480       0xFFFFFF80      0x00080002         (0, 0, 2)      [13] [NE]
    702     0x00014680       0xFFFFFF80      0x00000418         (0, 1, 8)      [4] [W, SW]
    703     0x00013900       0xFFFFFF80      0x00000408         (0, 1, 7)      [4] [W]
    704     0x0001AA00       0xFFFFFF80      0x00000801         (0, 1, 5)      [5] [E]
    705     0x0000BF00       0xFFFFFF80      0x00000230         (0, 0, 7)      [3] [SW, S]
    706     0x00009F80       0xFFFFFF80      0x00000008         (0, 0, 3)      [] [W]
    707     0x00030D00       0xFFFFFF00      0x00000200         (0, 3, 1)      [3] []
    708     0x00011880       0xFFFFFF80      0x00000008         (0, 1, 3)      [] [W]
    709     0x0000D280       0xFFFFFF80      0x00200008         (0, 0, 10)      [15] [W]
    710     0x0001AD80       0xFFFFFF80      0x00000001         (0, 1, 5)      [] [E]
    711     0x0001A580       0xFFFFFF80      0x00000001         (0, 1, 4)      [] [E]
    712     0x00014D80       0xFFFFFF80      0x00000010         (0, 1, 9)      [] [SW]
    713     0x00022300       0xFFFFFF80      0x00000001         (0, 2, 4)      [] [E]
    714     0x00010F80       0xFFFFFF80      0x00000108         (0, 1, 1)      [2] [W]
    715     0x00008180       0xFFFFFF80      0x00300021         (0, 0, 0)      [14, 15] [E, S]
    716     0x00008A80       0xFFFFFF80      0x00001008         (0, 0, 1)      [6] [W]
    717     0x0000F100       0xFFFFFF80      0x00000008         (0, 0, 14)      [] [W]
    718     0x0000A300       0xFFFFFF80      0x00000088         (0, 0, 4)      [1] [W]
    719     0x00018300       0xFFFFFF80      0x00000800         (0, 1, 0)      [5] []
    720     0x00005200       0xFFFFFF80      0x00000088         (0, 0, 10)      [1] [W]
    721     0x00009D80       0xFFFFFF80      0x00800008         (0, 0, 3)      [17] [W]
    722     0x0001A000       0xFFFFFF80      0x00000202         (0, 1, 4)      [3] [NE]
    723     0x0000EE80       0xFFFFFF80      0x00800008         (0, 0, 13)      [17] [W]
    724     0x0000FB80       0xFFFFFF80      0x00000010         (0, 0, 15)      [] [SW]
    725     0x00006280       0xFFFFFF80      0x00007F80         (0, 0, 12)      [1, 2, 3, 4, 5, 6, 7, 8] []
    726     0x00008600       0xFFFFFF80      0x00000008         (0, 0, 0)      [] [W]
    727     0x00001280       0xFFFFFF80      0x00008000         (0, 0, 2)      [9] []
    728     0x0000FC00       0xFFFFFF80      0x00800010         (0, 0, 15)      [17] [SW]
    729     0x00010F00       0xFFFFFF80      0x00000088         (0, 1, 1)      [1] [W]
    730     0x0000F400       0xFFFFFF80      0x00000098         (0, 0, 14)      [1] [W, SW]
    731     0x0000D200       0xFFFFFF80      0x00100008         (0, 0, 10)      [14] [W]
    732     0x00010580       0xFFFFFF80      0x00000030         (0, 1, 0)      [] [SW, S]
    733     0x0000DA80       0xFFFFFF80      0x00000408         (0, 0, 11)      [4] [W]
    734     0x00009880       0xFFFFFF80      0x00000008         (0, 0, 3)      [] [W]
    735     0x00009400       0xFFFFFF80      0x00000008         (0, 0, 2)      [] [W]
    736     0x00004200       0xFFFFFF80      0x00000003         (0, 0, 8)      [] [E, NE]
    737     0x0000B180       0xFFFFFF80      0x00000218         (0, 0, 6)      [3] [W, SW]
    738     0x00032200       0xFFFFFF00      0x00000008         (0, 3, 4)      [] [W]
    739     0x0001AB80       0xFFFFFF80      0x00000001         (0, 1, 5)      [] [E]
    740     0x0000E780       0xFFFFFF80      0x00000208         (0, 0, 12)      [3] [W]
    741     0x0000BF80       0xFFFFFF80      0x00000430         (0, 0, 7)      [4] [SW, S]
    742     0x0000BD00       0xFFFFFF80      0x00000030         (0, 0, 7)      [] [SW, S]
    743     0x00002E80       0xFFFFFF80      0x00020008         (0, 0, 5)      [11] [W]
    744     0x00001F80       0xFFFFFF80      0x00004000         (0, 0, 3)      [8] []
    745     0x00006700       0xFFFFFF80      0x00C01F88         (0, 0, 12)      [1, 2, 3, 4, 5, 6, 16, 17] [W]
    746     0x00011B80       0xFFFFFF80      0x00000008         (0, 1, 3)      [] [W]
    747     0x00002F00       0xFFFFFF80      0x0004000A         (0, 0, 5)      [12] [NE, W]
    748     0x0001B700       0xFFFFFF80      0x00000001         (0, 1, 6)      [] [E]
    749     0x00006400       0xFFFFFF80      0x00031F88         (0, 0, 12)      [1, 2, 3, 4, 5, 6, 10, 11] [W]
    750     0x00003F80       0xFFFFFF80      0x00000003         (0, 0, 7)      [] [E, NE]
    751     0x00005D80       0xFFFFFF80      0x00000008         (0, 0, 11)      [] [W]
    752     0x00018C80       0xFFFFFF80      0x00000210         (0, 1, 1)      [3] [SW]
    753     0x00008B00       0xFFFFFF80      0x00000008         (0, 0, 1)      [] [W]
