router contains 104 entries 
 
  Index   Key(hex)    Mask(hex)    Route(hex)    Src. Core -> [Cores][Links]
------------------------------------------------------------------------------
    0     0x0001FA80       0xFFFFFF80      0x00000008         (0, 1, 15)      [] [W]
    1     0x00020380       0xFFFFFF80      0x00000004         (0, 2, 0)      [] [N]
    2     0x00020400       0xFFFFFF80      0x00000004         (0, 2, 0)      [] [N]
    3     0x00053500       0xFFFFFF00      0x00000008         (0, 5, 6)      [] [W]
    4     0x00020580       0xFFFFFF80      0x00000002         (0, 2, 0)      [] [NE]
    5     0x00020280       0xFFFFFF80      0x00000004         (0, 2, 0)      [] [N]
    6     0x0001A780       0xFFFFFF80      0x00000008         (0, 1, 4)      [] [W]
    7     0x0001F980       0xFFFFFF80      0x00000008         (0, 1, 15)      [] [W]
    8     0x00053200       0xFFFFFF00      0x00000008         (0, 5, 6)      [] [W]
    9     0x00023080       0xFFFFFF80      0x00000020         (0, 2, 6)      [] [S]
    10     0x0001CC00       0xFFFFFF80      0x00000008         (0, 1, 9)      [] [W]
    11     0x0001A600       0xFFFFFF80      0x00000008         (0, 1, 4)      [] [W]
    12     0x0001FC00       0xFFFFFF80      0x00000008         (0, 1, 15)      [] [W]
    13     0x0001C980       0xFFFFFF80      0x00000008         (0, 1, 9)      [] [W]
    14     0x0001D480       0xFFFFFF80      0x00000008         (0, 1, 10)      [] [W]
    15     0x00052C00       0xFFFFFF00      0x00000008         (0, 5, 5)      [] [W]
    16     0x0001CD80       0xFFFFFF80      0x00000008         (0, 1, 9)      [] [W]
    17     0x0001CE00       0xFFFFFF80      0x00000008         (0, 1, 9)      [] [W]
    18     0x0001A880       0xFFFFFF80      0x00000008         (0, 1, 5)      [] [W]
    19     0x0001D200       0xFFFFFF80      0x00000008         (0, 1, 10)      [] [W]
    20     0x0001CF80       0xFFFFFF80      0x00000008         (0, 1, 9)      [] [W]
    21     0x0001C780       0xFFFFFF80      0x00000008         (0, 1, 8)      [] [W]
    22     0x00020500       0xFFFFFF80      0x00000002         (0, 2, 0)      [] [NE]
    23     0x0001CF00       0xFFFFFF80      0x00000008         (0, 1, 9)      [] [W]
    24     0x00017D80       0xFFFFFF80      0x00000021         (0, 1, 15)      [] [E, S]
    25     0x0001A800       0xFFFFFF80      0x00000008         (0, 1, 5)      [] [W]
    26     0x00053600       0xFFFFFF00      0x00000008         (0, 5, 6)      [] [W]
    27     0x00017A80       0xFFFFFF80      0x00000021         (0, 1, 15)      [] [E, S]
    28     0x00052600       0xFFFFFF00      0x00000008         (0, 5, 4)      [] [W]
    29     0x0001D400       0xFFFFFF80      0x00000008         (0, 1, 10)      [] [W]
    30     0x00022C80       0xFFFFFF80      0x00000020         (0, 2, 5)      [] [S]
    31     0x0001C880       0xFFFFFF80      0x00000008         (0, 1, 9)      [] [W]
    32     0x0001D680       0xFFFFFF80      0x00000008         (0, 1, 10)      [] [W]
    33     0x0001CB80       0xFFFFFF80      0x00000008         (0, 1, 9)      [] [W]
    34     0x0001AC80       0xFFFFFF80      0x00000008         (0, 1, 5)      [] [W]
    35     0x00022F00       0xFFFFFF80      0x00000020         (0, 2, 5)      [] [S]
    36     0x0001FA00       0xFFFFFF80      0x00000008         (0, 1, 15)      [] [W]
    37     0x00022E80       0xFFFFFF80      0x00000020         (0, 2, 5)      [] [S]
    38     0x00052D00       0xFFFFFF00      0x00000008         (0, 5, 5)      [] [W]
    39     0x00052A00       0xFFFFFF00      0x00000008         (0, 5, 5)      [] [W]
    40     0x00017E80       0xFFFFFF80      0x00000021         (0, 1, 15)      [] [E, S]
    41     0x0001D380       0xFFFFFF80      0x00000008         (0, 1, 10)      [] [W]
    42     0x00052B00       0xFFFFFF00      0x00000008         (0, 5, 5)      [] [W]
    43     0x0001D280       0xFFFFFF80      0x00000008         (0, 1, 10)      [] [W]
    44     0x00020200       0xFFFFFF80      0x00000004         (0, 2, 0)      [] [N]
    45     0x0001C900       0xFFFFFF80      0x00000008         (0, 1, 9)      [] [W]
    46     0x0001CA00       0xFFFFFF80      0x00000008         (0, 1, 9)      [] [W]
    47     0x00020980       0xFFFFFF80      0x0000000C         (0, 2, 1)      [] [N, W]
    48     0x00017F80       0xFFFFFF80      0x00000021         (0, 1, 15)      [] [E, S]
    49     0x00052800       0xFFFFFF00      0x00000008         (0, 5, 5)      [] [W]
    50     0x00017B80       0xFFFFFF80      0x00000021         (0, 1, 15)      [] [E, S]
    51     0x00018000       0xFFFFFF80      0x00000021         (0, 1, 0)      [] [E, S]
    52     0x0001D000       0xFFFFFF80      0x00000008         (0, 1, 10)      [] [W]
    53     0x0001FE00       0xFFFFFF80      0x00000008         (0, 1, 15)      [] [W]
    54     0x0001A700       0xFFFFFF80      0x00000008         (0, 1, 4)      [] [W]
    55     0x00022D00       0xFFFFFF80      0x00000020         (0, 2, 5)      [] [S]
    56     0x00017D00       0xFFFFFF80      0x00000021         (0, 1, 15)      [] [E, S]
    57     0x00052700       0xFFFFFF00      0x00000008         (0, 5, 4)      [] [W]
    58     0x00053300       0xFFFFFF00      0x00000008         (0, 5, 6)      [] [W]
    59     0x0001A900       0xFFFFFF80      0x00000008         (0, 1, 5)      [] [W]
    60     0x0001CD00       0xFFFFFF80      0x00000008         (0, 1, 9)      [] [W]
    61     0x00052E00       0xFFFFFF00      0x00000008         (0, 5, 5)      [] [W]
    62     0x0001CC80       0xFFFFFF80      0x00000008         (0, 1, 9)      [] [W]
    63     0x00022D80       0xFFFFFF80      0x00000020         (0, 2, 5)      [] [S]
    64     0x0001FB00       0xFFFFFF80      0x00000008         (0, 1, 15)      [] [W]
    65     0x0001D300       0xFFFFFF80      0x00000008         (0, 1, 10)      [] [W]
    66     0x0001C700       0xFFFFFF80      0x00000008         (0, 1, 8)      [] [W]
    67     0x00022C00       0xFFFFFF80      0x00000020         (0, 2, 5)      [] [S]
    68     0x0001A580       0xFFFFFF80      0x00000008         (0, 1, 4)      [] [W]
    69     0x00020900       0xFFFFFF80      0x00000004         (0, 2, 1)      [] [N]
    70     0x0001D100       0xFFFFFF80      0x00000008         (0, 1, 10)      [] [W]
    71     0x00020A80       0xFFFFFF80      0x00000002         (0, 2, 1)      [] [NE]
    72     0x0001CE80       0xFFFFFF80      0x00000008         (0, 1, 9)      [] [W]
    73     0x0001A500       0xFFFFFF80      0x00000008         (0, 1, 4)      [] [W]
    74     0x0001FD00       0xFFFFFF80      0x00000008         (0, 1, 15)      [] [W]
    75     0x0001FE80       0xFFFFFF80      0x00000008         (0, 1, 15)      [] [W]
    76     0x0001FC80       0xFFFFFF80      0x00000008         (0, 1, 15)      [] [W]
    77     0x0001C800       0xFFFFFF80      0x00000008         (0, 1, 9)      [] [W]
    78     0x00052900       0xFFFFFF00      0x00000008         (0, 5, 5)      [] [W]
    79     0x00017B00       0xFFFFFF80      0x00000021         (0, 1, 15)      [] [E, S]
    80     0x0001D600       0xFFFFFF80      0x00000008         (0, 1, 10)      [] [W]
    81     0x00053000       0xFFFFFF00      0x00000008         (0, 5, 6)      [] [W]
    82     0x00017C00       0xFFFFFF80      0x00000021         (0, 1, 15)      [] [E, S]
    83     0x00053400       0xFFFFFF00      0x00000008         (0, 5, 6)      [] [W]
    84     0x0001FB80       0xFFFFFF80      0x00000008         (0, 1, 15)      [] [W]
    85     0x0001A980       0xFFFFFF80      0x00000008         (0, 1, 5)      [] [W]
    86     0x0001D580       0xFFFFFF80      0x00000008         (0, 1, 10)      [] [W]
    87     0x0001A680       0xFFFFFF80      0x00000008         (0, 1, 4)      [] [W]
    88     0x00017C80       0xFFFFFF80      0x00000021         (0, 1, 15)      [] [E, S]
    89     0x00022F80       0xFFFFFF80      0x00000020         (0, 2, 5)      [] [S]
    90     0x00052F00       0xFFFFFF00      0x00000008         (0, 5, 5)      [] [W]
    91     0x0001D080       0xFFFFFF80      0x00000008         (0, 1, 10)      [] [W]
    92     0x00023000       0xFFFFFF80      0x00000020         (0, 2, 6)      [] [S]
    93     0x00017E00       0xFFFFFF80      0x00000021         (0, 1, 15)      [] [E, S]
    94     0x0001D780       0xFFFFFF80      0x00000008         (0, 1, 10)      [] [W]
    95     0x0001D500       0xFFFFFF80      0x00000008         (0, 1, 10)      [] [W]
    96     0x00020600       0xFFFFFF80      0x00000002         (0, 2, 0)      [] [NE]
    97     0x00017F00       0xFFFFFF80      0x00000021         (0, 1, 15)      [] [E, S]
    98     0x00053100       0xFFFFFF00      0x00000008         (0, 5, 6)      [] [W]
    99     0x0001FD80       0xFFFFFF80      0x00000008         (0, 1, 15)      [] [W]
    100     0x0001D700       0xFFFFFF80      0x00000008         (0, 1, 10)      [] [W]
    101     0x0001AD00       0xFFFFFF80      0x00000008         (0, 1, 5)      [] [W]
    102     0x00020480       0xFFFFFF80      0x00000004         (0, 2, 0)      [] [N]
    103     0x0001F900       0xFFFFFF80      0x00000008         (0, 1, 15)      [] [W]
