router contains 624 entries 
 
  Index   Key(hex)    Mask(hex)    Route(hex)    Src. Core -> [Cores][Links]
------------------------------------------------------------------------------
    0     0x00012200       0xFFFFFF80      0x00002000         (0, 1, 4)      [7] []
    1     0x00011F80       0xFFFFFF80      0x00000100         (0, 1, 3)      [2] []
    2     0x0000B580       0xFFFFFF80      0x00001000         (0, 0, 6)      [6] []
    3     0x00003580       0xFFFFFF80      0x00800000         (0, 0, 6)      [17] []
    4     0x00046300       0xFFFFFF00      0x00000020         (0, 4, 12)      [] [S]
    5     0x00017580       0xFFFFFF80      0x0000000C         (0, 1, 14)      [] [N, W]
    6     0x00022A80       0xFFFFFF80      0x00000410         (0, 2, 5)      [4] [SW]
    7     0x00047000       0xFFFFFF00      0x00000020         (0, 4, 14)      [] [S]
    8     0x00014A00       0xFFFFFF80      0x00001020         (0, 1, 9)      [6] [S]
    9     0x0001FA00       0xFFFFFF80      0x00080000         (0, 1, 15)      [13] []
    10     0x00016B80       0xFFFFFF80      0x0080000C         (0, 1, 13)      [17] [N, W]
    11     0x00012500       0xFFFFFF80      0x00080000         (0, 1, 4)      [13] []
    12     0x0004A100       0xFFFFFF00      0x00000008         (0, 4, 4)      [] [W]
    13     0x0001E380       0xFFFFFF80      0x00002010         (0, 1, 12)      [7] [SW]
    14     0x0000CE00       0xFFFFFF80      0x00000080         (0, 0, 9)      [1] []
    15     0x00047100       0xFFFFFF00      0x00000020         (0, 4, 14)      [] [S]
    16     0x0001C100       0xFFFFFF80      0x00080010         (0, 1, 8)      [13] [SW]
    17     0x00022A00       0xFFFFFF80      0x00000210         (0, 2, 5)      [3] [SW]
    18     0x0000D780       0xFFFFFF80      0x00800000         (0, 0, 10)      [17] []
    19     0x00007900       0xFFFFFF80      0x00800000         (0, 0, 15)      [17] []
    20     0x00022B80       0xFFFFFF80      0x00001010         (0, 2, 5)      [6] [SW]
    21     0x00014900       0xFFFFFF80      0x00000420         (0, 1, 9)      [4] [S]
    22     0x0000F880       0xFFFFFF80      0x00000800         (0, 0, 15)      [5] []
    23     0x0000DD00       0xFFFFFF80      0x00000400         (0, 0, 11)      [4] []
    24     0x00010680       0xFFFFFF80      0x00001000         (0, 1, 0)      [6] []
    25     0x0004AB00       0xFFFFFF00      0x00000008         (0, 4, 5)      [] [W]
    26     0x00014700       0xFFFFFF80      0x00000020         (0, 1, 8)      [] [S]
    27     0x00009400       0xFFFFFF80      0x00800000         (0, 0, 2)      [17] []
    28     0x0001BA80       0xFFFFFF80      0x00400000         (0, 1, 7)      [16] []
    29     0x00046D00       0xFFFFFF00      0x00000020         (0, 4, 13)      [] [S]
    30     0x0001CE80       0xFFFFFF80      0x00020000         (0, 1, 9)      [11] []
    31     0x00011780       0xFFFFFF80      0x00080000         (0, 1, 2)      [13] []
    32     0x0001CD80       0xFFFFFF80      0x00008000         (0, 1, 9)      [9] []
    33     0x00018400       0xFFFFFF80      0x00000120         (0, 1, 0)      [2] [S]
    34     0x0001EB80       0xFFFFFF80      0x00100010         (0, 1, 13)      [14] [SW]
    35     0x00018A80       0xFFFFFF80      0x00200020         (0, 1, 1)      [15] [S]
    36     0x00023000       0xFFFFFF80      0x00200010         (0, 2, 6)      [15] [SW]
    37     0x00018000       0xFFFFFF80      0x0040000C         (0, 1, 0)      [16] [N, W]
    38     0x00010E00       0xFFFFFF80      0x00000030         (0, 1, 1)      [] [SW, S]
    39     0x0004FB00       0xFFFFFF00      0x00008000         (0, 4, 15)      [9] []
    40     0x00009980       0xFFFFFF80      0x00000400         (0, 0, 3)      [4] []
    41     0x00019500       0xFFFFFF80      0x00200010         (0, 1, 2)      [15] [SW]
    42     0x0000EB80       0xFFFFFF80      0x00001000         (0, 0, 13)      [6] []
    43     0x0000D180       0xFFFFFF80      0x00004000         (0, 0, 10)      [8] []
    44     0x00008B80       0xFFFFFF80      0x00000200         (0, 0, 1)      [3] []
    45     0x00015C80       0xFFFFFF80      0x00FFFF80         (0, 1, 11)      [1, 2, 3, 4, 5, 6, 7, 8, 9, 10, 11, 12, 13, 14, 15, 16, 17] []
    46     0x0001B900       0xFFFFFF80      0x00080010         (0, 1, 7)      [13] [SW]
    47     0x0001BF00       0xFFFFFF80      0x00008010         (0, 1, 7)      [9] [SW]
    48     0x00017300       0xFFFFFF80      0x008C000C         (0, 1, 14)      [17, 12, 13] [N, W]
    49     0x00013D00       0xFFFFFF80      0x00002020         (0, 1, 7)      [7] [S]
    50     0x0004FC00       0xFFFFFF00      0x00010000         (0, 4, 15)      [10] []
    51     0x0001E000       0xFFFFFF80      0x00010010         (0, 1, 12)      [10] [SW]
    52     0x00016900       0xFFFFFF80      0x0080003C         (0, 1, 13)      [17] [N, W, SW, S]
    53     0x0000DE00       0xFFFFFF80      0x00001000         (0, 0, 11)      [6] []
    54     0x0000F680       0xFFFFFF80      0x00000080         (0, 0, 14)      [1] []
    55     0x0001AB80       0xFFFFFF80      0x00000200         (0, 1, 5)      [3] []
    56     0x00011080       0xFFFFFF80      0x00000030         (0, 1, 2)      [] [SW, S]
    57     0x00012400       0xFFFFFF80      0x00020000         (0, 1, 4)      [11] []
    58     0x00017C00       0xFFFFFF80      0x0000400C         (0, 1, 15)      [8] [N, W]
    59     0x0004A900       0xFFFFFF00      0x00000008         (0, 4, 5)      [] [W]
    60     0x00010D00       0xFFFFFF80      0x00000030         (0, 1, 1)      [] [SW, S]
    61     0x00047300       0xFFFFFF00      0x00000020         (0, 4, 14)      [] [S]
    62     0x00016580       0xFFFFFF80      0x007FFFBC         (0, 1, 12)      [1, 2, 3, 4, 5, 6, 7, 8, 9, 10, 11, 12, 13, 14, 15, 16] [N, W, SW, S]
    63     0x0001C180       0xFFFFFF80      0x00100010         (0, 1, 8)      [14] [SW]
    64     0x0001A600       0xFFFFFF80      0x00010000         (0, 1, 4)      [10] []
    65     0x0001F100       0xFFFFFF80      0x00010010         (0, 1, 14)      [10] [SW]
    66     0x00019480       0xFFFFFF80      0x00100010         (0, 1, 2)      [14] [SW]
    67     0x00017D00       0xFFFFFF80      0x0001000C         (0, 1, 15)      [10] [N, W]
    68     0x0001C680       0xFFFFFF80      0x00008010         (0, 1, 8)      [9] [SW]
    69     0x00010000       0xFFFFFF80      0x00800000         (0, 1, 0)      [17] []
    70     0x0004FE00       0xFFFFFF00      0x00040000         (0, 4, 15)      [12] []
    71     0x0001C900       0xFFFFFF80      0x00100000         (0, 1, 9)      [14] []
    72     0x00012D80       0xFFFFFF80      0x00000200         (0, 1, 5)      [3] []
    73     0x0001DB00       0xFFFFFF80      0x00020010         (0, 1, 11)      [11] [SW]
    74     0x00015B00       0xFFFFFF80      0x00300020         (0, 1, 11)      [14, 15] [S]
    75     0x00016080       0xFFFFFF80      0x007FFFA0         (0, 1, 12)      [1, 2, 3, 4, 5, 6, 7, 8, 9, 10, 11, 12, 13, 14, 15, 16] [S]
    76     0x0000DC00       0xFFFFFF80      0x00000100         (0, 0, 11)      [2] []
    77     0x00018580       0xFFFFFF80      0x00000820         (0, 1, 0)      [5] [S]
    78     0x0001A480       0xFFFFFF80      0x00002010         (0, 1, 4)      [7] [SW]
    79     0x0001ED00       0xFFFFFF80      0x00008010         (0, 1, 13)      [9] [SW]
    80     0x00014400       0xFFFFFF80      0x00000020         (0, 1, 8)      [] [S]
    81     0x0000A780       0xFFFFFF80      0x00000800         (0, 0, 4)      [5] []
    82     0x00010F00       0xFFFFFF80      0x00000030         (0, 1, 1)      [] [SW, S]
    83     0x00022D00       0xFFFFFF80      0x00008010         (0, 2, 5)      [9] [SW]
    84     0x00019980       0xFFFFFF80      0x00000400         (0, 1, 3)      [4] []
    85     0x0001D200       0xFFFFFF80      0x00000800         (0, 1, 10)      [5] []
    86     0x00015380       0xFFFFFF80      0x00000020         (0, 1, 10)      [] [S]
    87     0x00012580       0xFFFFFF80      0x00100000         (0, 1, 4)      [14] []
    88     0x0000C100       0xFFFFFF80      0x00000100         (0, 0, 8)      [2] []
    89     0x00022480       0xFFFFFF80      0x00000010         (0, 2, 4)      [] [SW]
    90     0x00046600       0xFFFFFF00      0x00000020         (0, 4, 12)      [] [S]
    91     0x0000EA80       0xFFFFFF80      0x00000400         (0, 0, 13)      [4] []
    92     0x0001D600       0xFFFFFF80      0x00080000         (0, 1, 10)      [13] []
    93     0x00011680       0xFFFFFF80      0x00020000         (0, 1, 2)      [11] []
    94     0x0001EE00       0xFFFFFF80      0x00020010         (0, 1, 13)      [11] [SW]
    95     0x0001C500       0xFFFFFF80      0x00001010         (0, 1, 8)      [6] [SW]
    96     0x00009880       0xFFFFFF80      0x00000100         (0, 0, 3)      [2] []
    97     0x0004B300       0xFFFFFF00      0x00000008         (0, 4, 6)      [] [W]
    98     0x0000FB00       0xFFFFFF80      0x00010000         (0, 0, 15)      [10] []
    99     0x00011400       0xFFFFFF80      0x00001030         (0, 1, 2)      [6] [SW, S]
    100     0x00017A00       0xFFFFFF80      0x0000040C         (0, 1, 15)      [4] [N, W]
    101     0x0001E480       0xFFFFFF80      0x00008010         (0, 1, 12)      [9] [SW]
    102     0x00006B80       0xFFFFFF80      0x00800000         (0, 0, 13)      [17] []
    103     0x00014100       0xFFFFFF80      0x00200020         (0, 1, 8)      [15] [S]
    104     0x00015880       0xFFFFFF80      0x00018020         (0, 1, 11)      [9, 10] [S]
    105     0x00013F00       0xFFFFFF80      0x00020020         (0, 1, 7)      [11] [S]
    106     0x0000C380       0xFFFFFF80      0x00002000         (0, 0, 8)      [7] []
    107     0x00017900       0xFFFFFF80      0x0000010C         (0, 1, 15)      [2] [N, W]
    108     0x0001E980       0xFFFFFF80      0x00010010         (0, 1, 13)      [10] [SW]
    109     0x00013B80       0xFFFFFF80      0x00000420         (0, 1, 7)      [4] [S]
    110     0x00010800       0xFFFFFF80      0x00008000         (0, 1, 1)      [9] []
    111     0x0001CF80       0xFFFFFF80      0x00080000         (0, 1, 9)      [13] []
    112     0x0001CC80       0xFFFFFF80      0x00002000         (0, 1, 9)      [7] []
    113     0x0001F800       0xFFFFFF80      0x00080010         (0, 1, 15)      [13] [SW]
    114     0x00018200       0xFFFFFF80      0x0000000C         (0, 1, 0)      [] [N, W]
    115     0x0001B300       0xFFFFFF80      0x00000080         (0, 1, 6)      [1] []
    116     0x00015F00       0xFFFFFF80      0x007FFFA0         (0, 1, 11)      [1, 2, 3, 4, 5, 6, 7, 8, 9, 10, 11, 12, 13, 14, 15, 16] [S]
    117     0x00016E80       0xFFFFFF80      0x0080060C         (0, 1, 13)      [17, 3, 4] [N, W]
    118     0x0001A800       0xFFFFFF80      0x00100000         (0, 1, 5)      [14] []
    119     0x00017200       0xFFFFFF80      0x0083000C         (0, 1, 14)      [17, 10, 11] [N, W]
    120     0x00012080       0xFFFFFF80      0x00000400         (0, 1, 4)      [4] []
    121     0x00015C00       0xFFFFFF80      0x00400020         (0, 1, 11)      [16] [S]
    122     0x00013380       0xFFFFFF80      0x00200000         (0, 1, 6)      [15] []
    123     0x00010F80       0xFFFFFF80      0x00000030         (0, 1, 1)      [] [SW, S]
    124     0x0001E280       0xFFFFFF80      0x00200010         (0, 1, 12)      [15] [SW]
    125     0x00015B80       0xFFFFFF80      0x00600020         (0, 1, 11)      [16, 15] [S]
    126     0x00018600       0xFFFFFF80      0x00001020         (0, 1, 0)      [6] [S]
    127     0x00015D00       0xFFFFFF80      0x00FFFFA0         (0, 1, 11)      [1, 2, 3, 4, 5, 6, 7, 8, 9, 10, 11, 12, 13, 14, 15, 16, 17] [S]
    128     0x00010900       0xFFFFFF80      0x00020000         (0, 1, 1)      [11] []
    129     0x0001B080       0xFFFFFF80      0x00080010         (0, 1, 6)      [13] [SW]
    130     0x00018980       0xFFFFFF80      0x00080020         (0, 1, 1)      [13] [S]
    131     0x0001EE80       0xFFFFFF80      0x00040010         (0, 1, 13)      [12] [SW]
    132     0x00016100       0xFFFFFF80      0x007FFFBC         (0, 1, 12)      [1, 2, 3, 4, 5, 6, 7, 8, 9, 10, 11, 12, 13, 14, 15, 16] [N, W, SW, S]
    133     0x00010E80       0xFFFFFF80      0x00000030         (0, 1, 1)      [] [SW, S]
    134     0x0001EF80       0xFFFFFF80      0x00100010         (0, 1, 13)      [14] [SW]
    135     0x0004B500       0xFFFFFF00      0x00000008         (0, 4, 6)      [] [W]
    136     0x0001C480       0xFFFFFF80      0x00000810         (0, 1, 8)      [5] [SW]
    137     0x00013F80       0xFFFFFF80      0x00040020         (0, 1, 7)      [12] [S]
    138     0x0001AD00       0xFFFFFF80      0x00001000         (0, 1, 5)      [6] []
    139     0x00015680       0xFFFFFF80      0x00001820         (0, 1, 10)      [5, 6] [S]
    140     0x00015480       0xFFFFFF80      0x000001A0         (0, 1, 10)      [1, 2] [S]
    141     0x0001E400       0xFFFFFF80      0x00004010         (0, 1, 12)      [8] [SW]
    142     0x00018B00       0xFFFFFF80      0x00400020         (0, 1, 1)      [16] [S]
    143     0x0001B580       0xFFFFFF80      0x00001010         (0, 1, 6)      [6] [SW]
    144     0x00015180       0xFFFFFF80      0x00000020         (0, 1, 10)      [] [S]
    145     0x00016680       0xFFFFFF80      0x007FFFBC         (0, 1, 12)      [1, 2, 3, 4, 5, 6, 7, 8, 9, 10, 11, 12, 13, 14, 15, 16] [N, W, SW, S]
    146     0x0000CF80       0xFFFFFF80      0x00000400         (0, 0, 9)      [4] []
    147     0x0004F400       0xFFFFFF00      0x00000100         (0, 4, 14)      [2] []
    148     0x0004F600       0xFFFFFF00      0x00000400         (0, 4, 14)      [4] []
    149     0x00007D00       0xFFFFFF80      0x00000080         (0, 0, 15)      [1] []
    150     0x00013C80       0xFFFFFF80      0x00001020         (0, 1, 7)      [6] [S]
    151     0x0001DC80       0xFFFFFF80      0x00100010         (0, 1, 11)      [14] [SW]
    152     0x00011580       0xFFFFFF80      0x00008000         (0, 1, 2)      [9] []
    153     0x00046800       0xFFFFFF00      0x00000020         (0, 4, 13)      [] [S]
    154     0x0001D800       0xFFFFFF80      0x00000810         (0, 1, 11)      [5] [SW]
    155     0x0001E500       0xFFFFFF80      0x00010010         (0, 1, 12)      [10] [SW]
    156     0x0004A000       0xFFFFFF00      0x00000008         (0, 4, 4)      [] [W]
    157     0x0000E980       0xFFFFFF80      0x00000100         (0, 0, 13)      [2] []
    158     0x0001B380       0xFFFFFF80      0x00000100         (0, 1, 6)      [2] []
    159     0x0000EC80       0xFFFFFF80      0x00004000         (0, 0, 13)      [8] []
    160     0x00022980       0xFFFFFF80      0x00000110         (0, 2, 5)      [2] [SW]
    161     0x00014B80       0xFFFFFF80      0x00008020         (0, 1, 9)      [9] [S]
    162     0x00018900       0xFFFFFF80      0x00040020         (0, 1, 1)      [12] [S]
    163     0x00017080       0xFFFFFF80      0x0080600C         (0, 1, 14)      [8, 17, 7] [N, W]
    164     0x0000B300       0xFFFFFF80      0x00000080         (0, 0, 6)      [1] []
    165     0x00014E00       0xFFFFFF80      0x00100020         (0, 1, 9)      [14] [S]
    166     0x00019C80       0xFFFFFF80      0x00010010         (0, 1, 3)      [10] [SW]
    167     0x0001D080       0xFFFFFF80      0x00200000         (0, 1, 10)      [15] []
    168     0x0001B500       0xFFFFFF80      0x00000810         (0, 1, 6)      [5] [SW]
    169     0x00015780       0xFFFFFF80      0x00006020         (0, 1, 10)      [8, 7] [S]
    170     0x00015100       0xFFFFFF80      0x00000020         (0, 1, 10)      [] [S]
    171     0x00013280       0xFFFFFF80      0x00080000         (0, 1, 6)      [13] []
    172     0x00013E00       0xFFFFFF80      0x00008020         (0, 1, 7)      [9] [S]
    173     0x00016A80       0xFFFFFF80      0x0080000C         (0, 1, 13)      [17] [N, W]
    174     0x00017480       0xFFFFFF80      0x00E0000C         (0, 1, 14)      [16, 17, 15] [N, W]
    175     0x00022400       0xFFFFFF80      0x00000010         (0, 2, 4)      [] [SW]
    176     0x00012880       0xFFFFFF80      0x00800000         (0, 1, 5)      [17] []
    177     0x0001E580       0xFFFFFF80      0x00020010         (0, 1, 12)      [11] [SW]
    178     0x0001FA80       0xFFFFFF80      0x00100000         (0, 1, 15)      [14] []
    179     0x00050000       0xFFFFFF00      0x00100000         (0, 5, 0)      [14] []
    180     0x00014980       0xFFFFFF80      0x00000820         (0, 1, 9)      [5] [S]
    181     0x0000DD80       0xFFFFFF80      0x00000800         (0, 0, 11)      [5] []
    182     0x0001B180       0xFFFFFF80      0x00200010         (0, 1, 6)      [15] [SW]
    183     0x0001D100       0xFFFFFF80      0x00400000         (0, 1, 10)      [16] []
    184     0x00015580       0xFFFFFF80      0x00000620         (0, 1, 10)      [3, 4] [S]
    185     0x00015E00       0xFFFFFF80      0x007FFFA0         (0, 1, 11)      [1, 2, 3, 4, 5, 6, 7, 8, 9, 10, 11, 12, 13, 14, 15, 16] [S]
    186     0x00005E00       0xFFFFFF80      0x00800000         (0, 0, 11)      [17] []
    187     0x00016380       0xFFFFFF80      0x007FFFBC         (0, 1, 12)      [1, 2, 3, 4, 5, 6, 7, 8, 9, 10, 11, 12, 13, 14, 15, 16] [N, W, SW, S]
    188     0x0001D880       0xFFFFFF80      0x00001010         (0, 1, 11)      [6] [SW]
    189     0x00011300       0xFFFFFF80      0x00000430         (0, 1, 2)      [4] [SW, S]
    190     0x0000ED80       0xFFFFFF80      0x00010000         (0, 0, 13)      [10] []
    191     0x0001E700       0xFFFFFF80      0x00100010         (0, 1, 12)      [14] [SW]
    192     0x0001EC00       0xFFFFFF80      0x00200010         (0, 1, 13)      [15] [SW]
    193     0x00012E80       0xFFFFFF80      0x00000800         (0, 1, 5)      [5] []
    194     0x0001C600       0xFFFFFF80      0x00004010         (0, 1, 8)      [8] [SW]
    195     0x00017600       0xFFFFFF80      0x0000000C         (0, 1, 14)      [] [N, W]
    196     0x00012E00       0xFFFFFF80      0x00000400         (0, 1, 5)      [4] []
    197     0x00018C00       0xFFFFFF80      0x00000020         (0, 1, 1)      [] [S]
    198     0x0001E100       0xFFFFFF80      0x00040010         (0, 1, 12)      [12] [SW]
    199     0x00022B00       0xFFFFFF80      0x00000810         (0, 2, 5)      [5] [SW]
    200     0x00013E80       0xFFFFFF80      0x00010020         (0, 1, 7)      [10] [S]
    201     0x0004F900       0xFFFFFF00      0x00002000         (0, 4, 15)      [7] []
    202     0x00013980       0xFFFFFF80      0x00000020         (0, 1, 7)      [] [S]
    203     0x00014780       0xFFFFFF80      0x000000A0         (0, 1, 8)      [1] [S]
    204     0x00019580       0xFFFFFF80      0x00400000         (0, 1, 2)      [16] []
    205     0x0001D580       0xFFFFFF80      0x00040000         (0, 1, 10)      [12] []
    206     0x00016600       0xFFFFFF80      0x007FFFBC         (0, 1, 12)      [1, 2, 3, 4, 5, 6, 7, 8, 9, 10, 11, 12, 13, 14, 15, 16] [N, W, SW, S]
    207     0x0004A600       0xFFFFFF00      0x00000008         (0, 4, 4)      [] [W]
    208     0x0000C180       0xFFFFFF80      0x00000200         (0, 0, 8)      [3] []
    209     0x00016480       0xFFFFFF80      0x007FFFBC         (0, 1, 12)      [1, 2, 3, 4, 5, 6, 7, 8, 9, 10, 11, 12, 13, 14, 15, 16] [N, W, SW, S]
    210     0x00016180       0xFFFFFF80      0x007FFFBC         (0, 1, 12)      [1, 2, 3, 4, 5, 6, 7, 8, 9, 10, 11, 12, 13, 14, 15, 16] [N, W, SW, S]
    211     0x0001BE80       0xFFFFFF80      0x00004010         (0, 1, 7)      [8] [SW]
    212     0x00019D80       0xFFFFFF80      0x00040010         (0, 1, 3)      [12] [SW]
    213     0x00019F80       0xFFFFFF80      0x00400000         (0, 1, 3)      [16] []
    214     0x00016C00       0xFFFFFF80      0x0080000C         (0, 1, 13)      [17] [N, W]
    215     0x0001B400       0xFFFFFF80      0x00000200         (0, 1, 6)      [3] []
    216     0x0004A700       0xFFFFFF00      0x00000008         (0, 4, 4)      [] [W]
    217     0x00013800       0xFFFFFF80      0x00000020         (0, 1, 7)      [] [S]
    218     0x0001CD00       0xFFFFFF80      0x00004000         (0, 1, 9)      [8] []
    219     0x0001E600       0xFFFFFF80      0x00040010         (0, 1, 12)      [12] [SW]
    220     0x0001A700       0xFFFFFF80      0x00040000         (0, 1, 4)      [12] []
    221     0x00046F00       0xFFFFFF00      0x00000020         (0, 4, 13)      [] [S]
    222     0x00016300       0xFFFFFF80      0x007FFFBC         (0, 1, 12)      [1, 2, 3, 4, 5, 6, 7, 8, 9, 10, 11, 12, 13, 14, 15, 16] [N, W, SW, S]
    223     0x00017B80       0xFFFFFF80      0x0000200C         (0, 1, 15)      [7] [N, W]
    224     0x00019300       0xFFFFFF80      0x00020020         (0, 1, 2)      [11] [S]
    225     0x00019400       0xFFFFFF80      0x00080010         (0, 1, 2)      [13] [SW]
    226     0x00016F80       0xFFFFFF80      0x0080180C         (0, 1, 13)      [17, 5, 6] [N, W]
    227     0x00014880       0xFFFFFF80      0x00000220         (0, 1, 9)      [3] [S]
    228     0x0001D300       0xFFFFFF80      0x00002000         (0, 1, 10)      [7] []
    229     0x00016D00       0xFFFFFF80      0x0080008C         (0, 1, 13)      [17, 1] [N, W]
    230     0x00013600       0xFFFFFF80      0x00800000         (0, 1, 6)      [17] []
    231     0x00015280       0xFFFFFF80      0x00000020         (0, 1, 10)      [] [S]
    232     0x00015A00       0xFFFFFF80      0x000C0020         (0, 1, 11)      [12, 13] [S]
    233     0x0001B200       0xFFFFFF80      0x00400000         (0, 1, 6)      [16] []
    234     0x0001B480       0xFFFFFF80      0x00000400         (0, 1, 6)      [4] []
    235     0x00013180       0xFFFFFF80      0x00020000         (0, 1, 6)      [11] []
    236     0x0001D780       0xFFFFFF80      0x00400000         (0, 1, 10)      [16] []
    237     0x00016280       0xFFFFFF80      0x007FFFBC         (0, 1, 12)      [1, 2, 3, 4, 5, 6, 7, 8, 9, 10, 11, 12, 13, 14, 15, 16] [N, W, SW, S]
    238     0x0000C280       0xFFFFFF80      0x00000800         (0, 0, 8)      [5] []
    239     0x0000B480       0xFFFFFF80      0x00000400         (0, 0, 6)      [4] []
    240     0x00012180       0xFFFFFF80      0x00001000         (0, 1, 4)      [6] []
    241     0x0001F000       0xFFFFFF80      0x00200010         (0, 1, 14)      [15] [SW]
    242     0x00012F80       0xFFFFFF80      0x00002000         (0, 1, 5)      [7] []
    243     0x0001FC00       0xFFFFFF80      0x00100000         (0, 1, 15)      [14] []
    244     0x0001A580       0xFFFFFF80      0x00008000         (0, 1, 4)      [9] []
    245     0x0001BC00       0xFFFFFF80      0x00000210         (0, 1, 7)      [3] [SW]
    246     0x00019100       0xFFFFFF80      0x00002020         (0, 1, 2)      [7] [S]
    247     0x00014000       0xFFFFFF80      0x00080020         (0, 1, 8)      [13] [S]
    248     0x0001EC80       0xFFFFFF80      0x00400000         (0, 1, 13)      [16] []
    249     0x0000E500       0xFFFFFF80      0x00800000         (0, 0, 12)      [17] []
    250     0x0001D000       0xFFFFFF80      0x00100000         (0, 1, 10)      [14] []
    251     0x00013D80       0xFFFFFF80      0x00004020         (0, 1, 7)      [8] [S]
    252     0x0004AE00       0xFFFFFF00      0x00000008         (0, 4, 5)      [] [W]
    253     0x0001E080       0xFFFFFF80      0x00020010         (0, 1, 12)      [11] [SW]
    254     0x00022F00       0xFFFFFF80      0x00080010         (0, 2, 5)      [13] [SW]
    255     0x0001F580       0xFFFFFF80      0x00080010         (0, 1, 14)      [13] [SW]
    256     0x00018F80       0xFFFFFF80      0x00000420         (0, 1, 1)      [4] [S]
    257     0x00046700       0xFFFFFF00      0x00000020         (0, 4, 12)      [] [S]
    258     0x0001C700       0xFFFFFF80      0x00010000         (0, 1, 8)      [10] []
    259     0x0001C800       0xFFFFFF80      0x00040000         (0, 1, 9)      [12] []
    260     0x0001ED80       0xFFFFFF80      0x00010010         (0, 1, 13)      [10] [SW]
    261     0x0001F380       0xFFFFFF80      0x00200010         (0, 1, 14)      [15] [SW]
    262     0x0001BB80       0xFFFFFF80      0x00000110         (0, 1, 7)      [2] [SW]
    263     0x0001B800       0xFFFFFF80      0x00020010         (0, 1, 7)      [11] [SW]
    264     0x00014480       0xFFFFFF80      0x00000020         (0, 1, 8)      [] [S]
    265     0x00010500       0xFFFFFF80      0x00000200         (0, 1, 0)      [3] []
    266     0x00010D80       0xFFFFFF80      0x00800030         (0, 1, 1)      [17] [SW, S]
    267     0x00022300       0xFFFFFF80      0x00000010         (0, 2, 4)      [] [SW]
    268     0x0001BA00       0xFFFFFF80      0x00200010         (0, 1, 7)      [15] [SW]
    269     0x00018700       0xFFFFFF80      0x00004020         (0, 1, 0)      [8] [S]
    270     0x00012280       0xFFFFFF80      0x00004000         (0, 1, 4)      [8] []
    271     0x00018480       0xFFFFFF80      0x00000220         (0, 1, 0)      [3] [S]
    272     0x00016700       0xFFFFFF80      0x007FFFBD         (0, 1, 12)      [1, 2, 3, 4, 5, 6, 7, 8, 9, 10, 11, 12, 13, 14, 15, 16] [E, N, W, SW, S]
    273     0x0000DC80       0xFFFFFF80      0x00000200         (0, 0, 11)      [3] []
    274     0x0000F800       0xFFFFFF80      0x00000400         (0, 0, 15)      [4] []
    275     0x0000DF00       0xFFFFFF80      0x00004000         (0, 0, 11)      [8] []
    276     0x00004300       0xFFFFFF80      0x00800000         (0, 0, 8)      [17] []
    277     0x0001C780       0xFFFFFF80      0x00020000         (0, 1, 8)      [11] []
    278     0x0000B380       0xFFFFFF80      0x00000100         (0, 0, 6)      [2] []
    279     0x00014D00       0xFFFFFF80      0x00040020         (0, 1, 9)      [12] [S]
    280     0x00015300       0xFFFFFF80      0x00000020         (0, 1, 10)      [] [S]
    281     0x00007D80       0xFFFFFF80      0x00000100         (0, 0, 15)      [2] []
    282     0x00050200       0xFFFFFF00      0x00400000         (0, 5, 0)      [16] []
    283     0x0000D100       0xFFFFFF80      0x00002000         (0, 0, 10)      [7] []
    284     0x0000BC80       0xFFFFFF80      0x00800000         (0, 0, 7)      [17] []
    285     0x00013700       0xFFFFFF80      0x00000020         (0, 1, 6)      [] [S]
    286     0x0001DF00       0xFFFFFF80      0x00004010         (0, 1, 11)      [8] [SW]
    287     0x00014C80       0xFFFFFF80      0x00020020         (0, 1, 9)      [11] [S]
    288     0x00019380       0xFFFFFF80      0x00040020         (0, 1, 2)      [12] [S]
    289     0x00014A80       0xFFFFFF80      0x00002020         (0, 1, 9)      [7] [S]
    290     0x0004AD00       0xFFFFFF00      0x00000008         (0, 4, 5)      [] [W]
    291     0x0004AC00       0xFFFFFF00      0x00000008         (0, 4, 5)      [] [W]
    292     0x00011700       0xFFFFFF80      0x00040000         (0, 1, 2)      [12] []
    293     0x00000D00       0xFFFFFF80      0x00800000         (0, 0, 1)      [17] []
    294     0x0001CA80       0xFFFFFF80      0x00000200         (0, 1, 9)      [3] []
    295     0x0004A400       0xFFFFFF00      0x00000008         (0, 4, 4)      [] [W]
    296     0x0000A680       0xFFFFFF80      0x00000200         (0, 0, 4)      [3] []
    297     0x0001F700       0xFFFFFF80      0x00400000         (0, 1, 14)      [16] []
    298     0x00018880       0xFFFFFF80      0x00020020         (0, 1, 1)      [11] [S]
    299     0x0000FB80       0xFFFFFF80      0x00020000         (0, 0, 15)      [11] []
    300     0x00016F00       0xFFFFFF80      0x00800C0C         (0, 1, 13)      [17, 4, 5] [N, W]
    301     0x00012C80       0xFFFFFF80      0x00000080         (0, 1, 5)      [1] []
    302     0x0001AD80       0xFFFFFF80      0x00002010         (0, 1, 5)      [7] [SW]
    303     0x00011480       0xFFFFFF80      0x00002030         (0, 1, 2)      [7] [SW, S]
    304     0x0001F280       0xFFFFFF80      0x00080010         (0, 1, 14)      [13] [SW]
    305     0x0000CF00       0xFFFFFF80      0x00000200         (0, 0, 9)      [3] []
    306     0x00011F00       0xFFFFFF80      0x00000080         (0, 1, 3)      [1] []
    307     0x00046B00       0xFFFFFF00      0x00000020         (0, 4, 13)      [] [S]
    308     0x0001FC80       0xFFFFFF80      0x00200000         (0, 1, 15)      [15] []
    309     0x00010600       0xFFFFFF80      0x00000800         (0, 1, 0)      [5] []
    310     0x0000A600       0xFFFFFF80      0x00000100         (0, 0, 4)      [2] []
    311     0x0004FD00       0xFFFFFF00      0x00020000         (0, 4, 15)      [11] []
    312     0x0001C880       0xFFFFFF80      0x00080000         (0, 1, 9)      [13] []
    313     0x00013A80       0xFFFFFF80      0x00000120         (0, 1, 7)      [2] [S]
    314     0x00010480       0xFFFFFF80      0x00000100         (0, 1, 0)      [2] []
    315     0x00017F00       0xFFFFFF80      0x0010000C         (0, 1, 15)      [14] [N, W]
    316     0x00012380       0xFFFFFF80      0x00010000         (0, 1, 4)      [10] []
    317     0x00001A80       0xFFFFFF80      0x00800000         (0, 0, 3)      [17] []
    318     0x00018E80       0xFFFFFF80      0x00000120         (0, 1, 1)      [2] [S]
    319     0x0001F880       0xFFFFFF80      0x00100010         (0, 1, 15)      [14] [SW]
    320     0x0001DD00       0xFFFFFF80      0x00200010         (0, 1, 11)      [15] [SW]
    321     0x0001FD00       0xFFFFFF80      0x00400000         (0, 1, 15)      [16] []
    322     0x0001D900       0xFFFFFF80      0x00002010         (0, 1, 11)      [7] [SW]
    323     0x00016980       0xFFFFFF80      0x0080000C         (0, 1, 13)      [17] [N, W]
    324     0x0001DE00       0xFFFFFF80      0x00001010         (0, 1, 11)      [6] [SW]
    325     0x00010C80       0xFFFFFF80      0x00000030         (0, 1, 1)      [] [SW, S]
    326     0x00013880       0xFFFFFF80      0x00000020         (0, 1, 7)      [] [S]
    327     0x0000FA00       0xFFFFFF80      0x00004000         (0, 0, 15)      [8] []
    328     0x00010700       0xFFFFFF80      0x00002000         (0, 1, 0)      [7] []
    329     0x0000F780       0xFFFFFF80      0x00000200         (0, 0, 14)      [3] []
    330     0x0001A900       0xFFFFFF80      0x00400000         (0, 1, 5)      [16] []
    331     0x00017C80       0xFFFFFF80      0x0000800C         (0, 1, 15)      [9] [N, W]
    332     0x00050100       0xFFFFFF00      0x00200000         (0, 5, 0)      [15] []
    333     0x00012D00       0xFFFFFF80      0x00000100         (0, 1, 5)      [2] []
    334     0x0004AA00       0xFFFFFF00      0x00000008         (0, 4, 5)      [] [W]
    335     0x0001EA80       0xFFFFFF80      0x00040010         (0, 1, 13)      [12] [SW]
    336     0x00017780       0xFFFFFF80      0x0000000C         (0, 1, 14)      [] [N, W]
    337     0x0004FF00       0xFFFFFF00      0x00080000         (0, 4, 15)      [13] []
    338     0x00008680       0xFFFFFF80      0x00800000         (0, 0, 0)      [17] []
    339     0x00019E80       0xFFFFFF80      0x00100010         (0, 1, 3)      [14] [SW]
    340     0x0000B500       0xFFFFFF80      0x00000800         (0, 0, 6)      [5] []
    341     0x0001C400       0xFFFFFF80      0x00000410         (0, 1, 8)      [4] [SW]
    342     0x00010980       0xFFFFFF80      0x00040000         (0, 1, 1)      [12] []
    343     0x00014680       0xFFFFFF80      0x00000020         (0, 1, 8)      [] [S]
    344     0x0000A700       0xFFFFFF80      0x00000400         (0, 0, 4)      [4] []
    345     0x00016800       0xFFFFFF80      0x007FFFBD         (0, 1, 13)      [1, 2, 3, 4, 5, 6, 7, 8, 9, 10, 11, 12, 13, 14, 15, 16] [E, N, W, SW, S]
    346     0x0001FE00       0xFFFFFF80      0x00400000         (0, 1, 15)      [16] []
    347     0x00012300       0xFFFFFF80      0x00008000         (0, 1, 4)      [9] []
    348     0x0000DE80       0xFFFFFF80      0x00002000         (0, 0, 11)      [7] []
    349     0x00019C00       0xFFFFFF80      0x00008010         (0, 1, 3)      [9] [SW]
    350     0x0001C300       0xFFFFFF80      0x00000110         (0, 1, 8)      [2] [SW]
    351     0x0000EA00       0xFFFFFF80      0x00000200         (0, 0, 13)      [3] []
    352     0x0001A680       0xFFFFFF80      0x00020000         (0, 1, 4)      [11] []
    353     0x0001C380       0xFFFFFF80      0x00000210         (0, 1, 8)      [3] [SW]
    354     0x0000C080       0xFFFFFF80      0x00000080         (0, 0, 8)      [1] []
    355     0x00017100       0xFFFFFF80      0x0080C00C         (0, 1, 14)      [8, 17, 9] [N, W]
    356     0x00022800       0xFFFFFF80      0x00000010         (0, 2, 5)      [] [SW]
    357     0x0001C200       0xFFFFFF80      0x00200010         (0, 1, 8)      [15] [SW]
    358     0x00015A80       0xFFFFFF80      0x00180020         (0, 1, 11)      [13, 14] [S]
    359     0x0000CE80       0xFFFFFF80      0x00000100         (0, 0, 9)      [2] []
    360     0x00015080       0xFFFFFF80      0x00800000         (0, 1, 10)      [17] []
    361     0x00016200       0xFFFFFF80      0x007FFFBC         (0, 1, 12)      [1, 2, 3, 4, 5, 6, 7, 8, 9, 10, 11, 12, 13, 14, 15, 16] [N, W, SW, S]
    362     0x0000A580       0xFFFFFF80      0x00000080         (0, 0, 4)      [1] []
    363     0x0001D180       0xFFFFFF80      0x00000400         (0, 1, 10)      [4] []
    364     0x00046900       0xFFFFFF00      0x00000020         (0, 4, 13)      [] [S]
    365     0x00017500       0xFFFFFF80      0x0080000C         (0, 1, 14)      [17] [N, W]
    366     0x00011B00       0xFFFFFF80      0x00800000         (0, 1, 3)      [17] []
    367     0x00047200       0xFFFFFF00      0x00000020         (0, 4, 14)      [] [S]
    368     0x00018180       0xFFFFFF80      0x0000000C         (0, 1, 0)      [] [N, W]
    369     0x00019180       0xFFFFFF80      0x00004020         (0, 1, 2)      [8] [S]
    370     0x0001C080       0xFFFFFF80      0x00040010         (0, 1, 8)      [12] [SW]
    371     0x0004A800       0xFFFFFF00      0x00000008         (0, 4, 5)      [] [W]
    372     0x0004F700       0xFFFFFF00      0x00000800         (0, 4, 14)      [5] []
    373     0x00019280       0xFFFFFF80      0x00010020         (0, 1, 2)      [10] [S]
    374     0x0000EB00       0xFFFFFF80      0x00000800         (0, 0, 13)      [5] []
    375     0x00016B00       0xFFFFFF80      0x0080000C         (0, 1, 13)      [17] [N, W]
    376     0x00022780       0xFFFFFF80      0x00000010         (0, 2, 4)      [] [SW]
    377     0x00009900       0xFFFFFF80      0x00000200         (0, 0, 3)      [3] []
    378     0x00017880       0xFFFFFF80      0x0000008C         (0, 1, 15)      [1] [N, W]
    379     0x00018B80       0xFFFFFF80      0x00000020         (0, 1, 1)      [] [S]
    380     0x0000F900       0xFFFFFF80      0x00001000         (0, 0, 15)      [6] []
    381     0x00002800       0xFFFFFF80      0x00800000         (0, 0, 5)      [17] []
    382     0x0001AF80       0xFFFFFF80      0x00020010         (0, 1, 5)      [11] [SW]
    383     0x0000DF80       0xFFFFFF80      0x00008000         (0, 0, 11)      [9] []
    384     0x00014F00       0xFFFFFF80      0x00400020         (0, 1, 9)      [16] [S]
    385     0x00018280       0xFFFFFF80      0x0000000C         (0, 1, 0)      [] [N, W]
    386     0x0001B700       0xFFFFFF80      0x00008010         (0, 1, 6)      [9] [SW]
    387     0x00018C80       0xFFFFFF80      0x00000020         (0, 1, 1)      [] [S]
    388     0x00011100       0xFFFFFF80      0x00000030         (0, 1, 2)      [] [SW, S]
    389     0x0004B200       0xFFFFFF00      0x00000008         (0, 4, 6)      [] [W]
    390     0x00022700       0xFFFFFF80      0x00000010         (0, 2, 4)      [] [SW]
    391     0x00017680       0xFFFFFF80      0x0000000C         (0, 1, 14)      [] [N, W]
    392     0x00019880       0xFFFFFF80      0x00000100         (0, 1, 3)      [2] []
    393     0x0001DF80       0xFFFFFF80      0x00008010         (0, 1, 11)      [9] [SW]
    394     0x00008B00       0xFFFFFF80      0x00000100         (0, 0, 1)      [2] []
    395     0x00018A00       0xFFFFFF80      0x00100020         (0, 1, 1)      [14] [S]
    396     0x0001C980       0xFFFFFF80      0x00200000         (0, 1, 9)      [15] []
    397     0x00015400       0xFFFFFF80      0x000000A0         (0, 1, 10)      [1] [S]
    398     0x00019A00       0xFFFFFF80      0x00000810         (0, 1, 3)      [5] [SW]
    399     0x0001A400       0xFFFFFF80      0x00001010         (0, 1, 4)      [6] [SW]
    400     0x0001F300       0xFFFFFF80      0x00100010         (0, 1, 14)      [14] [SW]
    401     0x00022680       0xFFFFFF80      0x00000010         (0, 2, 4)      [] [SW]
    402     0x0001E200       0xFFFFFF80      0x00100010         (0, 1, 12)      [14] [SW]
    403     0x00022E80       0xFFFFFF80      0x00040010         (0, 2, 5)      [12] [SW]
    404     0x00019A80       0xFFFFFF80      0x00001010         (0, 1, 3)      [6] [SW]
    405     0x0001F080       0xFFFFFF80      0x00400000         (0, 1, 14)      [16] []
    406     0x00020B80       0xFFFFFF80      0x007FFF80         (0, 2, 1)      [1, 2, 3, 4, 5, 6, 7, 8, 9, 10, 11, 12, 13, 14, 15, 16] []
    407     0x00016880       0xFFFFFF80      0x007FFFBD         (0, 1, 13)      [1, 2, 3, 4, 5, 6, 7, 8, 9, 10, 11, 12, 13, 14, 15, 16] [E, N, W, SW, S]
    408     0x00010400       0xFFFFFF80      0x00000080         (0, 1, 0)      [1] []
    409     0x00017E80       0xFFFFFF80      0x0008000C         (0, 1, 15)      [13] [N, W]
    410     0x0004A200       0xFFFFFF00      0x00000008         (0, 4, 4)      [] [W]
    411     0x0001B880       0xFFFFFF80      0x00040010         (0, 1, 7)      [12] [SW]
    412     0x0001A300       0xFFFFFF80      0x00000400         (0, 1, 4)      [4] []
    413     0x0001FB80       0xFFFFFF80      0x00400000         (0, 1, 15)      [16] []
    414     0x0001CB80       0xFFFFFF80      0x00000800         (0, 1, 9)      [5] []
    415     0x0000EC00       0xFFFFFF80      0x00002000         (0, 0, 13)      [7] []
    416     0x00019200       0xFFFFFF80      0x00008020         (0, 1, 2)      [9] [S]
    417     0x00018500       0xFFFFFF80      0x00000420         (0, 1, 0)      [4] [S]
    418     0x0000DB80       0xFFFFFF80      0x00000080         (0, 0, 11)      [1] []
    419     0x0000C200       0xFFFFFF80      0x00000400         (0, 0, 8)      [4] []
    420     0x0001AE80       0xFFFFFF80      0x00008010         (0, 1, 5)      [9] [SW]
    421     0x00046400       0xFFFFFF00      0x00000020         (0, 4, 12)      [] [S]
    422     0x0001B780       0xFFFFFF80      0x00010010         (0, 1, 6)      [10] [SW]
    423     0x00012480       0xFFFFFF80      0x00040000         (0, 1, 4)      [12] []
    424     0x0001A500       0xFFFFFF80      0x00004000         (0, 1, 4)      [8] []
    425     0x00017D80       0xFFFFFF80      0x0002000C         (0, 1, 15)      [11] [N, W]
    426     0x0001E880       0xFFFFFF80      0x00004010         (0, 1, 13)      [8] [SW]
    427     0x00006F80       0xFFFFFF80      0x00000080         (0, 0, 13)      [1] []
    428     0x0001AE00       0xFFFFFF80      0x00004010         (0, 1, 5)      [8] [SW]
    429     0x0001DC00       0xFFFFFF80      0x00080010         (0, 1, 11)      [13] [SW]
    430     0x00015500       0xFFFFFF80      0x00000320         (0, 1, 10)      [2, 3] [S]
    431     0x0001CA00       0xFFFFFF80      0x00400000         (0, 1, 9)      [16] []
    432     0x0001E180       0xFFFFFF80      0x00080010         (0, 1, 12)      [13] [SW]
    433     0x00022F80       0xFFFFFF80      0x00100010         (0, 2, 5)      [14] [SW]
    434     0x0004F300       0xFFFFFF00      0x00000080         (0, 4, 14)      [1] []
    435     0x00019080       0xFFFFFF80      0x00001020         (0, 1, 2)      [6] [S]
    436     0x00009800       0xFFFFFF80      0x00000080         (0, 0, 3)      [1] []
    437     0x00022D80       0xFFFFFF80      0x00010010         (0, 2, 5)      [10] [SW]
    438     0x00015D80       0xFFFFFF80      0x007FFFA0         (0, 1, 11)      [1, 2, 3, 4, 5, 6, 7, 8, 9, 10, 11, 12, 13, 14, 15, 16] [S]
    439     0x0001BB00       0xFFFFFF80      0x00000090         (0, 1, 7)      [1] [SW]
    440     0x00013B00       0xFFFFFF80      0x00000220         (0, 1, 7)      [3] [S]
    441     0x0001D680       0xFFFFFF80      0x00100000         (0, 1, 10)      [14] []
    442     0x00017400       0xFFFFFF80      0x00B0000C         (0, 1, 14)      [17, 14, 15] [N, W]
    443     0x0001DA00       0xFFFFFF80      0x00008010         (0, 1, 11)      [9] [SW]
    444     0x0000FA80       0xFFFFFF80      0x00008000         (0, 0, 15)      [9] []
    445     0x0001D500       0xFFFFFF80      0x00020000         (0, 1, 10)      [11] []
    446     0x00020C00       0xFFFFFF80      0x00800000         (0, 2, 1)      [17] []
    447     0x0000D080       0xFFFFFF80      0x00001000         (0, 0, 10)      [6] []
    448     0x00022880       0xFFFFFF80      0x00000010         (0, 2, 5)      [] [SW]
    449     0x00022C00       0xFFFFFF80      0x00002010         (0, 2, 5)      [7] [SW]
    450     0x00014080       0xFFFFFF80      0x00100020         (0, 1, 8)      [14] [S]
    451     0x00015800       0xFFFFFF80      0x0000C020         (0, 1, 11)      [8, 9] [S]
    452     0x00017B00       0xFFFFFF80      0x0000100C         (0, 1, 15)      [6] [N, W]
    453     0x00011280       0xFFFFFF80      0x00000230         (0, 1, 2)      [3] [SW, S]
    454     0x0001CB00       0xFFFFFF80      0x00000400         (0, 1, 9)      [4] []
    455     0x00013300       0xFFFFFF80      0x00100000         (0, 1, 6)      [14] []
    456     0x0001E800       0xFFFFFF80      0x00400000         (0, 1, 13)      [16] []
    457     0x0001CF00       0xFFFFFF80      0x00040000         (0, 1, 9)      [12] []
    458     0x0001F600       0xFFFFFF80      0x00100010         (0, 1, 14)      [14] [SW]
    459     0x0001DD80       0xFFFFFF80      0x00400000         (0, 1, 11)      [16] []
    460     0x00019B80       0xFFFFFF80      0x00004010         (0, 1, 3)      [8] [SW]
    461     0x00015900       0xFFFFFF80      0x00030020         (0, 1, 11)      [10, 11] [S]
    462     0x00013080       0xFFFFFF80      0x00008000         (0, 1, 6)      [9] []
    463     0x00011200       0xFFFFFF80      0x00000130         (0, 1, 2)      [2] [SW, S]
    464     0x00017E00       0xFFFFFF80      0x0004000C         (0, 1, 15)      [12] [N, W]
    465     0x0001D280       0xFFFFFF80      0x00001000         (0, 1, 10)      [6] []
    466     0x00014500       0xFFFFFF80      0x00000020         (0, 1, 8)      [] [S]
    467     0x00019900       0xFFFFFF80      0x00000200         (0, 1, 3)      [3] []
    468     0x0001BF80       0xFFFFFF80      0x00010010         (0, 1, 7)      [10] [SW]
    469     0x00013200       0xFFFFFF80      0x00040000         (0, 1, 6)      [12] []
    470     0x00017F80       0xFFFFFF80      0x0020000C         (0, 1, 15)      [15] [N, W]
    471     0x00046500       0xFFFFFF00      0x00000020         (0, 4, 12)      [] [S]
    472     0x00014800       0xFFFFFF80      0x00000120         (0, 1, 9)      [2] [S]
    473     0x00010880       0xFFFFFF80      0x00010000         (0, 1, 1)      [10] []
    474     0x00017280       0xFFFFFF80      0x0086000C         (0, 1, 14)      [17, 11, 12] [N, W]
    475     0x0001F200       0xFFFFFF80      0x00040010         (0, 1, 14)      [12] [SW]
    476     0x0001D400       0xFFFFFF80      0x00008000         (0, 1, 10)      [9] []
    477     0x00011000       0xFFFFFF80      0x00000030         (0, 1, 2)      [] [SW, S]
    478     0x00013C00       0xFFFFFF80      0x00000820         (0, 1, 7)      [5] [S]
    479     0x0000CA00       0xFFFFFF80      0x00800000         (0, 0, 9)      [17] []
    480     0x0000AF00       0xFFFFFF80      0x00800000         (0, 0, 5)      [17] []
    481     0x0004F800       0xFFFFFF00      0x00001000         (0, 4, 15)      [6] []
    482     0x0001B980       0xFFFFFF80      0x00100010         (0, 1, 7)      [14] [SW]
    483     0x0001AC00       0xFFFFFF80      0x00000400         (0, 1, 5)      [4] []
    484     0x0000B400       0xFFFFFF80      0x00000200         (0, 0, 6)      [3] []
    485     0x00016500       0xFFFFFF80      0x007FFFBC         (0, 1, 12)      [1, 2, 3, 4, 5, 6, 7, 8, 9, 10, 11, 12, 13, 14, 15, 16] [N, W, SW, S]
    486     0x00012100       0xFFFFFF80      0x00000800         (0, 1, 4)      [5] []
    487     0x00012F00       0xFFFFFF80      0x00001000         (0, 1, 5)      [6] []
    488     0x0004B000       0xFFFFFF00      0x00000008         (0, 4, 6)      [] [W]
    489     0x0000F700       0xFFFFFF80      0x00000100         (0, 0, 14)      [2] []
    490     0x0000E900       0xFFFFFF80      0x00000080         (0, 0, 13)      [1] []
    491     0x0001DE80       0xFFFFFF80      0x00002010         (0, 1, 11)      [7] [SW]
    492     0x0001D380       0xFFFFFF80      0x00004000         (0, 1, 10)      [8] []
    493     0x00018100       0xFFFFFF80      0x0000000C         (0, 1, 0)      [] [N, W]
    494     0x0001EB00       0xFFFFFF80      0x00080010         (0, 1, 13)      [13] [SW]
    495     0x00019000       0xFFFFFF80      0x00000820         (0, 1, 2)      [5] [S]
    496     0x0001FB00       0xFFFFFF80      0x00200000         (0, 1, 15)      [15] []
    497     0x0001F900       0xFFFFFF80      0x00200000         (0, 1, 15)      [15] []
    498     0x0001A180       0xFFFFFF80      0x00000080         (0, 1, 4)      [1] []
    499     0x00014380       0xFFFFFF80      0x00800000         (0, 1, 8)      [17] []
    500     0x0004A300       0xFFFFFF00      0x00000008         (0, 4, 4)      [] [W]
    501     0x00014E80       0xFFFFFF80      0x00200020         (0, 1, 9)      [15] [S]
    502     0x0001C000       0xFFFFFF80      0x00020010         (0, 1, 8)      [11] [SW]
    503     0x00022500       0xFFFFFF80      0x00800010         (0, 2, 4)      [17] [SW]
    504     0x0004FA00       0xFFFFFF00      0x00004000         (0, 4, 15)      [8] []
    505     0x0000F980       0xFFFFFF80      0x00002000         (0, 0, 15)      [7] []
    506     0x0001A880       0xFFFFFF80      0x00200000         (0, 1, 5)      [15] []
    507     0x00011600       0xFFFFFF80      0x00010000         (0, 1, 2)      [10] []
    508     0x00010780       0xFFFFFF80      0x00004000         (0, 1, 0)      [8] []
    509     0x00015F80       0xFFFFFF80      0x007FFFA0         (0, 1, 11)      [1, 2, 3, 4, 5, 6, 7, 8, 9, 10, 11, 12, 13, 14, 15, 16] [S]
    510     0x00017000       0xFFFFFF80      0x0080300C         (0, 1, 14)      [17, 6, 7] [N, W]
    511     0x00014C00       0xFFFFFF80      0x00010020         (0, 1, 9)      [10] [S]
    512     0x0004B400       0xFFFFFF00      0x00000008         (0, 4, 6)      [] [W]
    513     0x00011380       0xFFFFFF80      0x00000830         (0, 1, 2)      [5] [SW, S]
    514     0x0001F780       0xFFFFFF80      0x00040010         (0, 1, 14)      [12] [SW]
    515     0x00016A00       0xFFFFFF80      0x0080000C         (0, 1, 13)      [17] [N, W]
    516     0x00018F00       0xFFFFFF80      0x00000220         (0, 1, 1)      [3] [S]
    517     0x00016D80       0xFFFFFF80      0x0080018C         (0, 1, 13)      [17, 2, 1] [N, W]
    518     0x0001BD00       0xFFFFFF80      0x00000810         (0, 1, 7)      [5] [SW]
    519     0x0001BD80       0xFFFFFF80      0x00001010         (0, 1, 7)      [6] [SW]
    520     0x0000C300       0xFFFFFF80      0x00001000         (0, 0, 8)      [6] []
    521     0x00022900       0xFFFFFF80      0x00000090         (0, 2, 5)      [1] [SW]
    522     0x0001C280       0xFFFFFF80      0x00400000         (0, 1, 8)      [16] []
    523     0x0000ED00       0xFFFFFF80      0x00008000         (0, 0, 13)      [9] []
    524     0x0001D980       0xFFFFFF80      0x00004010         (0, 1, 11)      [8] [SW]
    525     0x00019D00       0xFFFFFF80      0x00020010         (0, 1, 3)      [11] [SW]
    526     0x00018680       0xFFFFFF80      0x00002020         (0, 1, 0)      [7] [S]
    527     0x00022C80       0xFFFFFF80      0x00004010         (0, 2, 5)      [8] [SW]
    528     0x0001F480       0xFFFFFF80      0x00020010         (0, 1, 14)      [11] [SW]
    529     0x0001A780       0xFFFFFF80      0x00080000         (0, 1, 4)      [13] []
    530     0x0001E300       0xFFFFFF80      0x00400000         (0, 1, 12)      [16] []
    531     0x00013000       0xFFFFFF80      0x00004000         (0, 1, 6)      [8] []
    532     0x00049F00       0xFFFFFF00      0x00000008         (0, 4, 3)      [] [W]
    533     0x00015E80       0xFFFFFF80      0x007FFFA0         (0, 1, 11)      [1, 2, 3, 4, 5, 6, 7, 8, 9, 10, 11, 12, 13, 14, 15, 16] [S]
    534     0x00017800       0xFFFFFF80      0x0000000C         (0, 1, 15)      [] [N, W]
    535     0x0001AB00       0xFFFFFF80      0x00000100         (0, 1, 5)      [2] []
    536     0x0001C580       0xFFFFFF80      0x00002010         (0, 1, 8)      [7] [SW]
    537     0x00013900       0xFFFFFF80      0x00000020         (0, 1, 7)      [] [S]
    538     0x0001A280       0xFFFFFF80      0x00000200         (0, 1, 4)      [3] []
    539     0x0004F500       0xFFFFFF00      0x00000200         (0, 4, 14)      [3] []
    540     0x0001A200       0xFFFFFF80      0x00000100         (0, 1, 4)      [2] []
    541     0x0001F180       0xFFFFFF80      0x00020010         (0, 1, 14)      [11] [SW]
    542     0x00018780       0xFFFFFF80      0x00008020         (0, 1, 0)      [9] [S]
    543     0x00017980       0xFFFFFF80      0x0000020C         (0, 1, 15)      [3] [N, W]
    544     0x00018800       0xFFFFFF80      0x00010020         (0, 1, 1)      [10] [S]
    545     0x00023080       0xFFFFFF80      0x00400000         (0, 2, 6)      [16] []
    546     0x0001B100       0xFFFFFF80      0x00100010         (0, 1, 6)      [14] [SW]
    547     0x0001F980       0xFFFFFF80      0x00400000         (0, 1, 15)      [16] []
    548     0x0004AF00       0xFFFFFF00      0x00000008         (0, 4, 5)      [] [W]
    549     0x0001EF00       0xFFFFFF80      0x00080010         (0, 1, 13)      [13] [SW]
    550     0x00017180       0xFFFFFF80      0x0081800C         (0, 1, 14)      [17, 10, 9] [N, W]
    551     0x00015600       0xFFFFFF80      0x00000C20         (0, 1, 10)      [4, 5] [S]
    552     0x0001AC80       0xFFFFFF80      0x00000800         (0, 1, 5)      [5] []
    553     0x0001E680       0xFFFFFF80      0x00080010         (0, 1, 12)      [13] [SW]
    554     0x0001AA80       0xFFFFFF80      0x00000080         (0, 1, 5)      [1] []
    555     0x0001B680       0xFFFFFF80      0x00004010         (0, 1, 6)      [8] [SW]
    556     0x00016780       0xFFFFFF80      0x007FFFBD         (0, 1, 12)      [1, 2, 3, 4, 5, 6, 7, 8, 9, 10, 11, 12, 13, 14, 15, 16] [E, N, W, SW, S]
    557     0x0001DA80       0xFFFFFF80      0x00010010         (0, 1, 11)      [10] [SW]
    558     0x0004B100       0xFFFFFF00      0x00000008         (0, 4, 6)      [] [W]
    559     0x0000A180       0xFFFFFF80      0x00800000         (0, 0, 4)      [17] []
    560     0x00046E00       0xFFFFFF00      0x00000020         (0, 4, 13)      [] [S]
    561     0x00010580       0xFFFFFF80      0x00000400         (0, 1, 0)      [4] []
    562     0x00018380       0xFFFFFF80      0x000000A0         (0, 1, 0)      [1] [S]
    563     0x00022600       0xFFFFFF80      0x00000010         (0, 2, 4)      [] [SW]
    564     0x00014180       0xFFFFFF80      0x00400020         (0, 1, 8)      [16] [S]
    565     0x00015700       0xFFFFFF80      0x00003020         (0, 1, 10)      [6, 7] [S]
    566     0x00014D80       0xFFFFFF80      0x00080020         (0, 1, 9)      [13] [S]
    567     0x0001CE00       0xFFFFFF80      0x00010000         (0, 1, 9)      [10] []
    568     0x0001FE80       0xFFFFFF80      0x00400000         (0, 1, 15)      [16] []
    569     0x00022380       0xFFFFFF80      0x00000010         (0, 2, 4)      [] [SW]
    570     0x00013780       0xFFFFFF80      0x00000020         (0, 1, 6)      [] [S]
    571     0x00050300       0xFFFFFF00      0x00800000         (0, 5, 0)      [17] []
    572     0x00018300       0xFFFFFF80      0x00000020         (0, 1, 0)      [] [S]
    573     0x00013100       0xFFFFFF80      0x00010000         (0, 1, 6)      [10] []
    574     0x00013A00       0xFFFFFF80      0x000000A0         (0, 1, 7)      [1] [S]
    575     0x0001B000       0xFFFFFF80      0x00040010         (0, 1, 6)      [12] [SW]
    576     0x00011500       0xFFFFFF80      0x00004000         (0, 1, 2)      [8] []
    577     0x0001EA00       0xFFFFFF80      0x00020010         (0, 1, 13)      [11] [SW]
    578     0x00016C80       0xFFFFFF80      0x0080000C         (0, 1, 13)      [17] [N, W]
    579     0x00012000       0xFFFFFF80      0x00000200         (0, 1, 4)      [3] []
    580     0x00016400       0xFFFFFF80      0x007FFFBC         (0, 1, 12)      [1, 2, 3, 4, 5, 6, 7, 8, 9, 10, 11, 12, 13, 14, 15, 16] [N, W, SW, S]
    581     0x00017A80       0xFFFFFF80      0x0000080C         (0, 1, 15)      [5] [N, W]
    582     0x00018D80       0xFFFFFF80      0x00000020         (0, 1, 1)      [] [S]
    583     0x0001AF00       0xFFFFFF80      0x00010010         (0, 1, 5)      [10] [SW]
    584     0x00015200       0xFFFFFF80      0x00000020         (0, 1, 10)      [] [S]
    585     0x00015980       0xFFFFFF80      0x00060020         (0, 1, 11)      [11, 12] [S]
    586     0x0001FD80       0xFFFFFF80      0x00200000         (0, 1, 15)      [15] []
    587     0x00014580       0xFFFFFF80      0x00000020         (0, 1, 8)      [] [S]
    588     0x00014B00       0xFFFFFF80      0x00004020         (0, 1, 9)      [8] [S]
    589     0x0001A380       0xFFFFFF80      0x00000810         (0, 1, 4)      [5] [SW]
    590     0x00018D00       0xFFFFFF80      0x00000020         (0, 1, 1)      [] [S]
    591     0x00018E00       0xFFFFFF80      0x000000A0         (0, 1, 1)      [1] [S]
    592     0x0001F400       0xFFFFFF80      0x00400000         (0, 1, 14)      [16] []
    593     0x00022E00       0xFFFFFF80      0x00020010         (0, 2, 5)      [11] [SW]
    594     0x00017700       0xFFFFFF80      0x0000000C         (0, 1, 14)      [] [N, W]
    595     0x00022580       0xFFFFFF80      0x00000010         (0, 2, 4)      [] [SW]
    596     0x0001E900       0xFFFFFF80      0x00008010         (0, 1, 13)      [9] [SW]
    597     0x00016000       0xFFFFFF80      0x007FFFA0         (0, 1, 12)      [1, 2, 3, 4, 5, 6, 7, 8, 9, 10, 11, 12, 13, 14, 15, 16] [S]
    598     0x00005080       0xFFFFFF80      0x00800000         (0, 0, 10)      [17] []
    599     0x00019800       0xFFFFFF80      0x00000080         (0, 1, 3)      [1] []
    600     0x00046C00       0xFFFFFF00      0x00000020         (0, 4, 13)      [] [S]
    601     0x00011180       0xFFFFFF80      0x000000B0         (0, 1, 2)      [1] [SW, S]
    602     0x0001E780       0xFFFFFF80      0x00200010         (0, 1, 12)      [15] [SW]
    603     0x0001D480       0xFFFFFF80      0x00010000         (0, 1, 10)      [10] []
    604     0x00019E00       0xFFFFFF80      0x00080010         (0, 1, 3)      [13] [SW]
    605     0x0000F280       0xFFFFFF80      0x00800000         (0, 0, 14)      [17] []
    606     0x00046A00       0xFFFFFF00      0x00000020         (0, 4, 13)      [] [S]
    607     0x00019F00       0xFFFFFF80      0x00200010         (0, 1, 3)      [15] [SW]
    608     0x00016E00       0xFFFFFF80      0x0080030C         (0, 1, 13)      [17, 2, 3] [N, W]
    609     0x00017380       0xFFFFFF80      0x0098000C         (0, 1, 14)      [17, 13, 14] [N, W]
    610     0x0001F500       0xFFFFFF80      0x00040010         (0, 1, 14)      [12] [SW]
    611     0x0001DB80       0xFFFFFF80      0x00040010         (0, 1, 11)      [12] [SW]
    612     0x00018080       0xFFFFFF80      0x0000000C         (0, 1, 0)      [] [N, W]
    613     0x0004A500       0xFFFFFF00      0x00000008         (0, 4, 4)      [] [W]
    614     0x0001B600       0xFFFFFF80      0x00002010         (0, 1, 6)      [7] [SW]
    615     0x0000D000       0xFFFFFF80      0x00000800         (0, 0, 10)      [5] []
    616     0x0001CC00       0xFFFFFF80      0x00001000         (0, 1, 9)      [6] []
    617     0x00014600       0xFFFFFF80      0x00000020         (0, 1, 8)      [] [S]
    618     0x0001D700       0xFFFFFF80      0x00200000         (0, 1, 10)      [15] []
    619     0x00019B00       0xFFFFFF80      0x00002010         (0, 1, 3)      [7] [SW]
    620     0x0001BE00       0xFFFFFF80      0x00002010         (0, 1, 7)      [7] [SW]
    621     0x0001BC80       0xFFFFFF80      0x00000410         (0, 1, 7)      [4] [SW]
    622     0x0001F680       0xFFFFFF80      0x00200010         (0, 1, 14)      [15] [SW]
    623     0x00008A80       0xFFFFFF80      0x00000080         (0, 0, 1)      [1] []
