router contains 183 entries 
 
  Index   Key(hex)    Mask(hex)    Route(hex)    Src. Core -> [Cores][Links]
------------------------------------------------------------------------------
    0     0x00017480       0xFFFFFF80      0x00000021         (0, 1, 14)      [] [E, S]
    1     0x0001B080       0xFFFFFF80      0x00000008         (0, 1, 6)      [] [W]
    2     0x0001A880       0xFFFFFF80      0x00000008         (0, 1, 5)      [] [W]
    3     0x00051C00       0xFFFFFF00      0x00000008         (0, 5, 3)      [] [W]
    4     0x00020580       0xFFFFFF80      0x00000004         (0, 2, 0)      [] [N]
    5     0x0001A780       0xFFFFFF80      0x00000008         (0, 1, 4)      [] [W]
    6     0x00058800       0xFFFFFF00      0x00000001         (0, 5, 1)      [] [E]
    7     0x00058E00       0xFFFFFF00      0x00000020         (0, 5, 1)      [] [S]
    8     0x0003FE00       0xFFFFFF00      0x00000008         (0, 3, 15)      [] [W]
    9     0x0003F900       0xFFFFFF00      0x00000008         (0, 3, 15)      [] [W]
    10     0x00058F00       0xFFFFFF00      0x00000020         (0, 5, 1)      [] [S]
    11     0x00022B00       0xFFFFFF80      0x00040002         (0, 2, 5)      [12] [NE]
    12     0x00022D80       0xFFFFFF80      0x00800000         (0, 2, 5)      [17] []
    13     0x00020380       0xFFFFFF80      0x00000004         (0, 2, 0)      [] [N]
    14     0x0001D100       0xFFFFFF80      0x0000000C         (0, 1, 10)      [] [N, W]
    15     0x0001FC80       0xFFFFFF80      0x00000008         (0, 1, 15)      [] [W]
    16     0x0003F700       0xFFFFFF00      0x00000008         (0, 3, 14)      [] [W]
    17     0x00020500       0xFFFFFF80      0x00000004         (0, 2, 0)      [] [N]
    18     0x0001C880       0xFFFFFF80      0x00000008         (0, 1, 9)      [] [W]
    19     0x0001B200       0xFFFFFF80      0x00000008         (0, 1, 6)      [] [W]
    20     0x00017300       0xFFFFFF80      0x00000021         (0, 1, 14)      [] [E, S]
    21     0x0001D600       0xFFFFFF80      0x0000000C         (0, 1, 10)      [] [N, W]
    22     0x0001B400       0xFFFFFF80      0x00000008         (0, 1, 6)      [] [W]
    23     0x0001B180       0xFFFFFF80      0x00000008         (0, 1, 6)      [] [W]
    24     0x00022F80       0xFFFFFF80      0x00000200         (0, 2, 5)      [3] []
    25     0x00023000       0xFFFFFF80      0x00000400         (0, 2, 6)      [4] []
    26     0x00020F00       0xFFFFFF80      0x00FFF000         (0, 2, 1)      [6, 7, 8, 9, 10, 11, 12, 13, 14, 15, 16, 17] []
    27     0x00018000       0xFFFFFF80      0x00000020         (0, 1, 0)      [] [S]
    28     0x0001FA00       0xFFFFFF80      0x00000008         (0, 1, 15)      [] [W]
    29     0x00022F00       0xFFFFFF80      0x00000100         (0, 2, 5)      [2] []
    30     0x00022C00       0xFFFFFF80      0x00100000         (0, 2, 5)      [14] []
    31     0x0003FF00       0xFFFFFF00      0x00000008         (0, 3, 15)      [] [W]
    32     0x0003FA00       0xFFFFFF00      0x00000008         (0, 3, 15)      [] [W]
    33     0x00057F00       0xFFFFFF00      0x00000001         (0, 5, 15)      [] [E]
    34     0x0001CA00       0xFFFFFF80      0x00000008         (0, 1, 9)      [] [W]
    35     0x0001FD80       0xFFFFFF80      0x00000008         (0, 1, 15)      [] [W]
    36     0x00004500       0xFFFFFF80      0x00000008         (0, 0, 8)      [] [W]
    37     0x00020200       0xFFFFFF80      0x00000004         (0, 2, 0)      [] [N]
    38     0x0001D380       0xFFFFFF80      0x00000004         (0, 1, 10)      [] [N]
    39     0x0001A700       0xFFFFFF80      0x00000008         (0, 1, 4)      [] [W]
    40     0x00023080       0xFFFFFF80      0x00000800         (0, 2, 6)      [5] []
    41     0x0001CB00       0xFFFFFF80      0x00000008         (0, 1, 9)      [] [W]
    42     0x0001B300       0xFFFFFF80      0x00000008         (0, 1, 6)      [] [W]
    43     0x00017780       0xFFFFFF80      0x00000001         (0, 1, 14)      [] [E]
    44     0x00022A80       0xFFFFFF80      0x00020002         (0, 2, 5)      [11] [NE]
    45     0x00020400       0xFFFFFF80      0x00000004         (0, 2, 0)      [] [N]
    46     0x0001D580       0xFFFFFF80      0x0000000C         (0, 1, 10)      [] [N, W]
    47     0x00019580       0xFFFFFF80      0x00000008         (0, 1, 2)      [] [W]
    48     0x00017380       0xFFFFFF80      0x00000021         (0, 1, 14)      [] [E, S]
    49     0x0001FA80       0xFFFFFF80      0x00000008         (0, 1, 15)      [] [W]
    50     0x00017D00       0xFFFFFF80      0x00000020         (0, 1, 15)      [] [S]
    51     0x0001FC00       0xFFFFFF80      0x00000008         (0, 1, 15)      [] [W]
    52     0x00019880       0xFFFFFF80      0x00000008         (0, 1, 3)      [] [W]
    53     0x00020700       0xFFFFFF80      0x00000008         (0, 2, 0)      [] [W]
    54     0x00016E80       0xFFFFFF80      0x00000001         (0, 1, 13)      [] [E]
    55     0x00019800       0xFFFFFF80      0x00000008         (0, 1, 3)      [] [W]
    56     0x0001D200       0xFFFFFF80      0x00000004         (0, 1, 10)      [] [N]
    57     0x0001A800       0xFFFFFF80      0x00000008         (0, 1, 5)      [] [W]
    58     0x00052200       0xFFFFFF00      0x00000008         (0, 5, 4)      [] [W]
    59     0x00022980       0xFFFFFF80      0x00008002         (0, 2, 5)      [9] [NE]
    60     0x00017F80       0xFFFFFF80      0x00000020         (0, 1, 15)      [] [S]
    61     0x0001FB00       0xFFFFFF80      0x00000008         (0, 1, 15)      [] [W]
    62     0x00004400       0xFFFFFF80      0x00000008         (0, 0, 8)      [] [W]
    63     0x00058000       0xFFFFFF00      0x00000001         (0, 5, 0)      [] [E]
    64     0x0003F800       0xFFFFFF00      0x00000008         (0, 3, 15)      [] [W]
    65     0x00019400       0xFFFFFF80      0x00000008         (0, 1, 2)      [] [W]
    66     0x00051F00       0xFFFFFF00      0x00000008         (0, 5, 3)      [] [W]
    67     0x00058300       0xFFFFFF00      0x00000001         (0, 5, 0)      [] [E]
    68     0x0001FB80       0xFFFFFF80      0x00000008         (0, 1, 15)      [] [W]
    69     0x00058900       0xFFFFFF00      0x00000001         (0, 5, 1)      [] [E]
    70     0x00017B00       0xFFFFFF80      0x00000020         (0, 1, 15)      [] [S]
    71     0x0001A900       0xFFFFFF80      0x00000008         (0, 1, 5)      [] [W]
    72     0x0001A680       0xFFFFFF80      0x00000008         (0, 1, 4)      [] [W]
    73     0x00020480       0xFFFFFF80      0x00000004         (0, 2, 0)      [] [N]
    74     0x0001CA80       0xFFFFFF80      0x00000008         (0, 1, 9)      [] [W]
    75     0x00051B00       0xFFFFFF00      0x00000008         (0, 5, 3)      [] [W]
    76     0x00052300       0xFFFFFF00      0x00000008         (0, 5, 4)      [] [W]
    77     0x0003FC00       0xFFFFFF00      0x00000008         (0, 3, 15)      [] [W]
    78     0x00017280       0xFFFFFF80      0x00000021         (0, 1, 14)      [] [E, S]
    79     0x00052100       0xFFFFFF00      0x00000008         (0, 5, 4)      [] [W]
    80     0x00017C80       0xFFFFFF80      0x00000020         (0, 1, 15)      [] [S]
    81     0x00020E80       0xFFFFFF80      0x00000F82         (0, 2, 1)      [1, 2, 3, 4, 5] [NE]
    82     0x00022900       0xFFFFFF80      0x00004002         (0, 2, 5)      [8] [NE]
    83     0x00019500       0xFFFFFF80      0x00000008         (0, 1, 2)      [] [W]
    84     0x0001B480       0xFFFFFF80      0x00000008         (0, 1, 6)      [] [W]
    85     0x00004380       0xFFFFFF80      0x00000008         (0, 0, 8)      [] [W]
    86     0x0001CF80       0xFFFFFF80      0x0000000C         (0, 1, 9)      [] [N, W]
    87     0x00012E00       0xFFFFFF80      0x00000020         (0, 1, 5)      [] [S]
    88     0x0000C180       0xFFFFFF80      0x00000008         (0, 0, 8)      [] [W]
    89     0x0001AB80       0xFFFFFF80      0x00000008         (0, 1, 5)      [] [W]
    90     0x00022A00       0xFFFFFF80      0x00010002         (0, 2, 5)      [10] [NE]
    91     0x0001F980       0xFFFFFF80      0x00000008         (0, 1, 15)      [] [W]
    92     0x00019980       0xFFFFFF80      0x00000008         (0, 1, 3)      [] [W]
    93     0x00058200       0xFFFFFF00      0x00000001         (0, 5, 0)      [] [E]
    94     0x00017A00       0xFFFFFF80      0x00000021         (0, 1, 15)      [] [E, S]
    95     0x00022780       0xFFFFFF80      0x00000002         (0, 2, 4)      [] [NE]
    96     0x00019700       0xFFFFFF80      0x00000008         (0, 1, 2)      [] [W]
    97     0x0001C980       0xFFFFFF80      0x00000008         (0, 1, 9)      [] [W]
    98     0x00017C00       0xFFFFFF80      0x00000020         (0, 1, 15)      [] [S]
    99     0x00020C80       0xFFFFFF80      0x00000002         (0, 2, 1)      [] [NE]
    100     0x0001D280       0xFFFFFF80      0x00000004         (0, 1, 10)      [] [N]
    101     0x00022800       0xFFFFFF80      0x00001002         (0, 2, 5)      [6] [NE]
    102     0x00052000       0xFFFFFF00      0x00000008         (0, 5, 4)      [] [W]
    103     0x00020980       0xFFFFFF80      0x0000000C         (0, 2, 1)      [] [N, W]
    104     0x0001AF80       0xFFFFFF80      0x00000008         (0, 1, 5)      [] [W]
    105     0x00052500       0xFFFFFF00      0x00000008         (0, 5, 4)      [] [W]
    106     0x00020600       0xFFFFFF80      0x00000004         (0, 2, 0)      [] [N]
    107     0x0001C780       0xFFFFFF80      0x00000008         (0, 1, 8)      [] [W]
    108     0x0001CF00       0xFFFFFF80      0x00000008         (0, 1, 9)      [] [W]
    109     0x0001AB00       0xFFFFFF80      0x00000008         (0, 1, 5)      [] [W]
    110     0x00004580       0xFFFFFF80      0x00000008         (0, 0, 8)      [] [W]
    111     0x00017980       0xFFFFFF80      0x00000021         (0, 1, 15)      [] [E, S]
    112     0x0001D400       0xFFFFFF80      0x00000004         (0, 1, 10)      [] [N]
    113     0x00019680       0xFFFFFF80      0x00000008         (0, 1, 2)      [] [W]
    114     0x00017000       0xFFFFFF80      0x00000001         (0, 1, 14)      [] [E]
    115     0x00017D80       0xFFFFFF80      0x00000020         (0, 1, 15)      [] [S]
    116     0x00016F00       0xFFFFFF80      0x00000001         (0, 1, 13)      [] [E]
    117     0x00017800       0xFFFFFF80      0x00000021         (0, 1, 15)      [] [E, S]
    118     0x00019900       0xFFFFFF80      0x00000008         (0, 1, 3)      [] [W]
    119     0x00017880       0xFFFFFF80      0x00000021         (0, 1, 15)      [] [E, S]
    120     0x0001D180       0xFFFFFF80      0x00000008         (0, 1, 10)      [] [W]
    121     0x00017200       0xFFFFFF80      0x00000021         (0, 1, 14)      [] [E, S]
    122     0x00016F80       0xFFFFFF80      0x00000001         (0, 1, 13)      [] [E]
    123     0x0001AA80       0xFFFFFF80      0x00000008         (0, 1, 5)      [] [W]
    124     0x00019600       0xFFFFFF80      0x00000008         (0, 1, 2)      [] [W]
    125     0x00017E00       0xFFFFFF80      0x00000020         (0, 1, 15)      [] [S]
    126     0x0001D780       0xFFFFFF80      0x0000000C         (0, 1, 10)      [] [N, W]
    127     0x00058100       0xFFFFFF00      0x00000001         (0, 5, 0)      [] [E]
    128     0x00022C80       0xFFFFFF80      0x00200000         (0, 2, 5)      [15] []
    129     0x00020D00       0xFFFFFF80      0x00000002         (0, 2, 1)      [] [NE]
    130     0x0001B100       0xFFFFFF80      0x00000008         (0, 1, 6)      [] [W]
    131     0x00019480       0xFFFFFF80      0x00000008         (0, 1, 2)      [] [W]
    132     0x00017B80       0xFFFFFF80      0x00000020         (0, 1, 15)      [] [S]
    133     0x0001B380       0xFFFFFF80      0x00000008         (0, 1, 6)      [] [W]
    134     0x00058600       0xFFFFFF00      0x00000001         (0, 5, 0)      [] [E]
    135     0x00017E80       0xFFFFFF80      0x00000020         (0, 1, 15)      [] [S]
    136     0x0001FE80       0xFFFFFF80      0x00000008         (0, 1, 15)      [] [W]
    137     0x00022E80       0xFFFFFF80      0x00000080         (0, 2, 5)      [1] []
    138     0x00022B80       0xFFFFFF80      0x00080002         (0, 2, 5)      [13] [NE]
    139     0x00022880       0xFFFFFF80      0x00002002         (0, 2, 5)      [7] [NE]
    140     0x00004480       0xFFFFFF80      0x00000008         (0, 0, 8)      [] [W]
    141     0x0001AA00       0xFFFFFF80      0x00000008         (0, 1, 5)      [] [W]
    142     0x00058400       0xFFFFFF00      0x00000001         (0, 5, 0)      [] [E]
    143     0x0001D300       0xFFFFFF80      0x00000004         (0, 1, 10)      [] [N]
    144     0x00058A00       0xFFFFFF00      0x00000001         (0, 5, 1)      [] [E]
    145     0x0001FD00       0xFFFFFF80      0x00000008         (0, 1, 15)      [] [W]
    146     0x0001B000       0xFFFFFF80      0x00000008         (0, 1, 6)      [] [W]
    147     0x00058B00       0xFFFFFF00      0x00000001         (0, 5, 1)      [] [E]
    148     0x0001D700       0xFFFFFF80      0x0000000C         (0, 1, 10)      [] [N, W]
    149     0x0001D000       0xFFFFFF80      0x0000000C         (0, 1, 10)      [] [N, W]
    150     0x0001F900       0xFFFFFF80      0x00000008         (0, 1, 15)      [] [W]
    151     0x00017900       0xFFFFFF80      0x00000021         (0, 1, 15)      [] [E, S]
    152     0x0000C200       0xFFFFFF80      0x00000008         (0, 0, 8)      [] [W]
    153     0x00052400       0xFFFFFF00      0x00000008         (0, 5, 4)      [] [W]
    154     0x0001C900       0xFFFFFF80      0x00000008         (0, 1, 9)      [] [W]
    155     0x0001AC00       0xFFFFFF80      0x00000008         (0, 1, 5)      [] [W]
    156     0x0001CE80       0xFFFFFF80      0x00000008         (0, 1, 9)      [] [W]
    157     0x00017400       0xFFFFFF80      0x00000021         (0, 1, 14)      [] [E, S]
    158     0x00058500       0xFFFFFF00      0x00000001         (0, 5, 0)      [] [E]
    159     0x0001FE00       0xFFFFFF80      0x00000008         (0, 1, 15)      [] [W]
    160     0x00020E00       0xFFFFFF80      0x00000002         (0, 2, 1)      [] [NE]
    161     0x0001A980       0xFFFFFF80      0x00000008         (0, 1, 5)      [] [W]
    162     0x00022D00       0xFFFFFF80      0x00400000         (0, 2, 5)      [16] []
    163     0x0001D480       0xFFFFFF80      0x00000004         (0, 1, 10)      [] [N]
    164     0x00058C00       0xFFFFFF00      0x00000020         (0, 5, 1)      [] [S]
    165     0x00020280       0xFFFFFF80      0x00000004         (0, 2, 0)      [] [N]
    166     0x00051D00       0xFFFFFF00      0x00000008         (0, 5, 3)      [] [W]
    167     0x00019780       0xFFFFFF80      0x00000008         (0, 1, 2)      [] [W]
    168     0x00017F00       0xFFFFFF80      0x00000020         (0, 1, 15)      [] [S]
    169     0x0001B280       0xFFFFFF80      0x00000008         (0, 1, 6)      [] [W]
    170     0x00058700       0xFFFFFF00      0x00000001         (0, 5, 0)      [] [E]
    171     0x0003FD00       0xFFFFFF00      0x00000008         (0, 3, 15)      [] [W]
    172     0x0001D080       0xFFFFFF80      0x0000000C         (0, 1, 10)      [] [N, W]
    173     0x00020900       0xFFFFFF80      0x00000004         (0, 2, 1)      [] [N]
    174     0x0001D680       0xFFFFFF80      0x0000000C         (0, 1, 10)      [] [N, W]
    175     0x00016E00       0xFFFFFF80      0x00000001         (0, 1, 13)      [] [E]
    176     0x00017A80       0xFFFFFF80      0x00000020         (0, 1, 15)      [] [S]
    177     0x0003FB00       0xFFFFFF00      0x00000008         (0, 3, 15)      [] [W]
    178     0x0001D500       0xFFFFFF80      0x0000000C         (0, 1, 10)      [] [N, W]
    179     0x00007D80       0xFFFFFF80      0x00000008         (0, 0, 15)      [] [W]
    180     0x0001C800       0xFFFFFF80      0x00000008         (0, 1, 9)      [] [W]
    181     0x00058D00       0xFFFFFF00      0x00000020         (0, 5, 1)      [] [S]
    182     0x00051E00       0xFFFFFF00      0x00000008         (0, 5, 3)      [] [W]
