router contains 209 entries 
 
  Index   Key(hex)    Mask(hex)    Route(hex)    Src. Core -> [Cores][Links]
------------------------------------------------------------------------------
    0     0x00041500       0xFFFFFF00      0x00000004         (0, 4, 2)      [] [N]
    1     0x00041E00       0xFFFFFF00      0x00000004         (0, 4, 3)      [] [N]
    2     0x0005A900       0xFFFFFF00      0x00000001         (0, 5, 5)      [] [E]
    3     0x00011500       0xFFFFFF80      0x00000001         (0, 1, 2)      [] [E]
    4     0x0001CD80       0xFFFFFF80      0x00000008         (0, 1, 9)      [] [W]
    5     0x00022680       0xFFFFFF80      0x0000000C         (0, 2, 4)      [] [N, W]
    6     0x0000C800       0xFFFFFF80      0x00000008         (0, 0, 9)      [] [W]
    7     0x0001E880       0xFFFFFF80      0x00000008         (0, 1, 13)      [] [W]
    8     0x0001B000       0xFFFFFF80      0x00000008         (0, 1, 6)      [] [W]
    9     0x00041100       0xFFFFFF00      0x00000004         (0, 4, 2)      [] [N]
    10     0x00020F80       0xFFFFFF80      0x00001F80         (0, 2, 1)      [1, 2, 3, 4, 5, 6] []
    11     0x0001EE80       0xFFFFFF80      0x00000008         (0, 1, 13)      [] [W]
    12     0x00019400       0xFFFFFF80      0x00000008         (0, 1, 2)      [] [W]
    13     0x0001A680       0xFFFFFF80      0x00000008         (0, 1, 4)      [] [W]
    14     0x00041900       0xFFFFFF00      0x00000004         (0, 4, 3)      [] [N]
    15     0x0005BF00       0xFFFFFF00      0x00000001         (0, 5, 7)      [] [E]
    16     0x0000C780       0xFFFFFF80      0x00000008         (0, 0, 8)      [] [W]
    17     0x00022B80       0xFFFFFF80      0x00040006         (0, 2, 5)      [12] [NE, N]
    18     0x0003DC00       0xFFFFFF00      0x00000008         (0, 3, 11)      [] [W]
    19     0x00004400       0xFFFFFF80      0x00000008         (0, 0, 8)      [] [W]
    20     0x0003E100       0xFFFFFF00      0x00000008         (0, 3, 12)      [] [W]
    21     0x00011780       0xFFFFFF80      0x00000001         (0, 1, 2)      [] [E]
    22     0x00021F80       0xFFFFFF80      0x00000008         (0, 2, 3)      [] [W]
    23     0x0000D080       0xFFFFFF80      0x00000001         (0, 0, 10)      [] [E]
    24     0x00004380       0xFFFFFF80      0x00000008         (0, 0, 8)      [] [W]
    25     0x0001D580       0xFFFFFF80      0x00000008         (0, 1, 10)      [] [W]
    26     0x0005B100       0xFFFFFF00      0x00000001         (0, 5, 6)      [] [E]
    27     0x00021780       0xFFFFFF80      0x00000004         (0, 2, 2)      [] [N]
    28     0x0001D380       0xFFFFFF80      0x00000008         (0, 1, 10)      [] [W]
    29     0x00022E80       0xFFFFFF80      0x0000010A         (0, 2, 5)      [2] [NE, W]
    30     0x00021E00       0xFFFFFF80      0x00000008         (0, 2, 3)      [] [W]
    31     0x00041800       0xFFFFFF00      0x00000004         (0, 4, 3)      [] [N]
    32     0x0005AD00       0xFFFFFF00      0x00000001         (0, 5, 5)      [] [E]
    33     0x00022F00       0xFFFFFF80      0x0000020A         (0, 2, 5)      [3] [NE, W]
    34     0x0001DF80       0xFFFFFF80      0x00000008         (0, 1, 11)      [] [W]
    35     0x0001BF00       0xFFFFFF80      0x00000008         (0, 1, 7)      [] [W]
    36     0x00008380       0xFFFFFF80      0x00000008         (0, 0, 0)      [] [W]
    37     0x0001D980       0xFFFFFF80      0x00000008         (0, 1, 11)      [] [W]
    38     0x0001C700       0xFFFFFF80      0x00000008         (0, 1, 8)      [] [W]
    39     0x00022F80       0xFFFFFF80      0x00000402         (0, 2, 5)      [4] [NE]
    40     0x00023000       0xFFFFFF80      0x00000802         (0, 2, 6)      [5] [NE]
    41     0x0001E480       0xFFFFFF80      0x00000008         (0, 1, 12)      [] [W]
    42     0x00021F00       0xFFFFFF80      0x00000008         (0, 2, 3)      [] [W]
    43     0x0003E300       0xFFFFFF00      0x00000008         (0, 3, 12)      [] [W]
    44     0x0001AE80       0xFFFFFF80      0x00000008         (0, 1, 5)      [] [W]
    45     0x00041B00       0xFFFFFF00      0x00000004         (0, 4, 3)      [] [N]
    46     0x0001E900       0xFFFFFF80      0x00000008         (0, 1, 13)      [] [W]
    47     0x0001AF80       0xFFFFFF80      0x00000008         (0, 1, 5)      [] [W]
    48     0x00021500       0xFFFFFF80      0x00000004         (0, 2, 2)      [] [N]
    49     0x00011700       0xFFFFFF80      0x00000001         (0, 1, 2)      [] [E]
    50     0x00019C00       0xFFFFFF80      0x00000008         (0, 1, 3)      [] [W]
    51     0x0001E600       0xFFFFFF80      0x00000008         (0, 1, 12)      [] [W]
    52     0x0000D180       0xFFFFFF80      0x00000001         (0, 0, 10)      [] [E]
    53     0x0003DD00       0xFFFFFF00      0x00000008         (0, 3, 11)      [] [W]
    54     0x00008500       0xFFFFFF80      0x00000008         (0, 0, 0)      [] [W]
    55     0x0000D100       0xFFFFFF80      0x00000001         (0, 0, 10)      [] [E]
    56     0x00022180       0xFFFFFF80      0x0000000C         (0, 2, 4)      [] [N, W]
    57     0x0001CD00       0xFFFFFF80      0x00000008         (0, 1, 9)      [] [W]
    58     0x0000C900       0xFFFFFF80      0x00000008         (0, 0, 9)      [] [W]
    59     0x0005A500       0xFFFFFF00      0x00000001         (0, 5, 4)      [] [E]
    60     0x0001E580       0xFFFFFF80      0x00000008         (0, 1, 12)      [] [W]
    61     0x00022600       0xFFFFFF80      0x0000000C         (0, 2, 4)      [] [N, W]
    62     0x00041000       0xFFFFFF00      0x00000004         (0, 4, 2)      [] [N]
    63     0x0001E980       0xFFFFFF80      0x00000008         (0, 1, 13)      [] [W]
    64     0x00023080       0xFFFFFF80      0x00001002         (0, 2, 6)      [6] [NE]
    65     0x00041A00       0xFFFFFF00      0x00000004         (0, 4, 3)      [] [N]
    66     0x0000C980       0xFFFFFF80      0x00000008         (0, 0, 9)      [] [W]
    67     0x00020680       0xFFFFFF80      0x00000008         (0, 2, 0)      [] [W]
    68     0x0001EA80       0xFFFFFF80      0x00000008         (0, 1, 13)      [] [W]
    69     0x0003DE00       0xFFFFFF00      0x00000008         (0, 3, 11)      [] [W]
    70     0x0003DA00       0xFFFFFF00      0x00000008         (0, 3, 11)      [] [W]
    71     0x00008400       0xFFFFFF80      0x00000008         (0, 0, 0)      [] [W]
    72     0x00022980       0xFFFFFF80      0x0000400E         (0, 2, 5)      [8] [NE, N, W]
    73     0x00041400       0xFFFFFF00      0x00000004         (0, 4, 2)      [] [N]
    74     0x0001C680       0xFFFFFF80      0x00000008         (0, 1, 8)      [] [W]
    75     0x0001A780       0xFFFFFF80      0x00000008         (0, 1, 4)      [] [W]
    76     0x0000D000       0xFFFFFF80      0x00000001         (0, 0, 10)      [] [E]
    77     0x0005AE00       0xFFFFFF00      0x00000001         (0, 5, 5)      [] [E]
    78     0x00020400       0xFFFFFF80      0x00000008         (0, 2, 0)      [] [W]
    79     0x00021580       0xFFFFFF80      0x00000004         (0, 2, 2)      [] [N]
    80     0x0001D400       0xFFFFFF80      0x00000008         (0, 1, 10)      [] [W]
    81     0x00022300       0xFFFFFF80      0x0000000C         (0, 2, 4)      [] [N, W]
    82     0x0005AC00       0xFFFFFF00      0x00000001         (0, 5, 5)      [] [E]
    83     0x0001C100       0xFFFFFF80      0x00000008         (0, 1, 8)      [] [W]
    84     0x0001A700       0xFFFFFF80      0x00000008         (0, 1, 4)      [] [W]
    85     0x00021480       0xFFFFFF80      0x00000004         (0, 2, 2)      [] [N]
    86     0x0000CF00       0xFFFFFF80      0x00000001         (0, 0, 9)      [] [E]
    87     0x0001EE00       0xFFFFFF80      0x00000008         (0, 1, 13)      [] [W]
    88     0x0001AE00       0xFFFFFF80      0x00000008         (0, 1, 5)      [] [W]
    89     0x00022000       0xFFFFFF80      0x0000000C         (0, 2, 4)      [] [N, W]
    90     0x0001DA00       0xFFFFFF80      0x00000008         (0, 1, 11)      [] [W]
    91     0x0005A300       0xFFFFFF00      0x00000001         (0, 5, 4)      [] [E]
    92     0x0001BE80       0xFFFFFF80      0x00000008         (0, 1, 7)      [] [W]
    93     0x00022100       0xFFFFFF80      0x0000000C         (0, 2, 4)      [] [N, W]
    94     0x0001B800       0xFFFFFF80      0x00000008         (0, 1, 7)      [] [W]
    95     0x00004500       0xFFFFFF80      0x00000008         (0, 0, 8)      [] [W]
    96     0x00022D00       0xFFFFFF80      0x0020000A         (0, 2, 5)      [15] [NE, W]
    97     0x0005A100       0xFFFFFF00      0x00000001         (0, 5, 4)      [] [E]
    98     0x0001E180       0xFFFFFF80      0x00000008         (0, 1, 12)      [] [W]
    99     0x00022780       0xFFFFFF80      0x0000000E         (0, 2, 4)      [] [NE, N, W]
    100     0x0001E080       0xFFFFFF80      0x00000008         (0, 1, 12)      [] [W]
    101     0x0003E000       0xFFFFFF00      0x00000008         (0, 3, 12)      [] [W]
    102     0x0001CE80       0xFFFFFF80      0x00000008         (0, 1, 9)      [] [W]
    103     0x0003DF00       0xFFFFFF00      0x00000008         (0, 3, 11)      [] [W]
    104     0x00021000       0xFFFFFF80      0x00FFE000         (0, 2, 2)      [7, 8, 9, 10, 11, 12, 13, 14, 15, 16, 17] []
    105     0x00041D00       0xFFFFFF00      0x00000004         (0, 4, 3)      [] [N]
    106     0x0001AF00       0xFFFFFF80      0x00000008         (0, 1, 5)      [] [W]
    107     0x0005C000       0xFFFFFF00      0x00000001         (0, 5, 8)      [] [E]
    108     0x00022C00       0xFFFFFF80      0x00080002         (0, 2, 5)      [13] [NE]
    109     0x0001ED00       0xFFFFFF80      0x00000008         (0, 1, 13)      [] [W]
    110     0x00020900       0xFFFFFF80      0x00000008         (0, 2, 1)      [] [W]
    111     0x00022500       0xFFFFFF80      0x00000008         (0, 2, 4)      [] [W]
    112     0x0001C800       0xFFFFFF80      0x00000008         (0, 1, 9)      [] [W]
    113     0x00004480       0xFFFFFF80      0x00000008         (0, 0, 8)      [] [W]
    114     0x0001A580       0xFFFFFF80      0x00000008         (0, 1, 4)      [] [W]
    115     0x00008480       0xFFFFFF80      0x00000008         (0, 0, 0)      [] [W]
    116     0x0001A600       0xFFFFFF80      0x00000008         (0, 1, 4)      [] [W]
    117     0x00021700       0xFFFFFF80      0x00000004         (0, 2, 2)      [] [N]
    118     0x0001EA00       0xFFFFFF80      0x00000008         (0, 1, 13)      [] [W]
    119     0x0005A700       0xFFFFFF00      0x00000001         (0, 5, 4)      [] [E]
    120     0x00008580       0xFFFFFF80      0x00000008         (0, 0, 0)      [] [W]
    121     0x0001B680       0xFFFFFF80      0x00000008         (0, 1, 6)      [] [W]
    122     0x0005B000       0xFFFFFF00      0x00000001         (0, 5, 6)      [] [E]
    123     0x00041700       0xFFFFFF00      0x00000004         (0, 4, 2)      [] [N]
    124     0x0001B780       0xFFFFFF80      0x00000008         (0, 1, 6)      [] [W]
    125     0x00019600       0xFFFFFF80      0x00000008         (0, 1, 2)      [] [W]
    126     0x0001A500       0xFFFFFF80      0x00000008         (0, 1, 4)      [] [W]
    127     0x0001D480       0xFFFFFF80      0x00000008         (0, 1, 10)      [] [W]
    128     0x0003E200       0xFFFFFF00      0x00000008         (0, 3, 12)      [] [W]
    129     0x0001CE00       0xFFFFFF80      0x00000008         (0, 1, 9)      [] [W]
    130     0x0001DA80       0xFFFFFF80      0x00000008         (0, 1, 11)      [] [W]
    131     0x00022580       0xFFFFFF80      0x0000000C         (0, 2, 4)      [] [N, W]
    132     0x0001C780       0xFFFFFF80      0x00000008         (0, 1, 8)      [] [W]
    133     0x0001E100       0xFFFFFF80      0x00000008         (0, 1, 12)      [] [W]
    134     0x00011600       0xFFFFFF80      0x00000001         (0, 1, 2)      [] [E]
    135     0x0005AA00       0xFFFFFF00      0x00000001         (0, 5, 5)      [] [E]
    136     0x00041C00       0xFFFFFF00      0x00000004         (0, 4, 3)      [] [N]
    137     0x00022E00       0xFFFFFF80      0x0080008A         (0, 2, 5)      [1, 17] [NE, W]
    138     0x00041200       0xFFFFFF00      0x00000004         (0, 4, 2)      [] [N]
    139     0x0001DC00       0xFFFFFF80      0x00000008         (0, 1, 11)      [] [W]
    140     0x00022D80       0xFFFFFF80      0x0040000A         (0, 2, 5)      [16] [NE, W]
    141     0x0003D800       0xFFFFFF00      0x00000008         (0, 3, 11)      [] [W]
    142     0x00022900       0xFFFFFF80      0x0000200E         (0, 2, 5)      [7] [NE, N, W]
    143     0x00022280       0xFFFFFF80      0x0000000C         (0, 2, 4)      [] [N, W]
    144     0x00022A00       0xFFFFFF80      0x0000800E         (0, 2, 5)      [9] [NE, N, W]
    145     0x00019B80       0xFFFFFF80      0x00000008         (0, 1, 3)      [] [W]
    146     0x0000C700       0xFFFFFF80      0x00000008         (0, 0, 8)      [] [W]
    147     0x0003D900       0xFFFFFF00      0x00000008         (0, 3, 11)      [] [W]
    148     0x0001E400       0xFFFFFF80      0x00000008         (0, 1, 12)      [] [W]
    149     0x0005A600       0xFFFFFF00      0x00000001         (0, 5, 4)      [] [E]
    150     0x0003DB00       0xFFFFFF00      0x00000008         (0, 3, 11)      [] [W]
    151     0x0001E680       0xFFFFFF80      0x00000008         (0, 1, 12)      [] [W]
    152     0x0003D600       0xFFFFFF00      0x00000008         (0, 3, 10)      [] [W]
    153     0x0001C000       0xFFFFFF80      0x00000008         (0, 1, 8)      [] [W]
    154     0x0001B080       0xFFFFFF80      0x00000008         (0, 1, 6)      [] [W]
    155     0x00041300       0xFFFFFF00      0x00000004         (0, 4, 2)      [] [N]
    156     0x00022800       0xFFFFFF80      0x0000000E         (0, 2, 5)      [] [NE, N, W]
    157     0x00021600       0xFFFFFF80      0x00000004         (0, 2, 2)      [] [N]
    158     0x00042000       0xFFFFFF00      0x00000004         (0, 4, 4)      [] [N]
    159     0x0001CF00       0xFFFFFF80      0x00000008         (0, 1, 9)      [] [W]
    160     0x00022700       0xFFFFFF80      0x0000000C         (0, 2, 4)      [] [N, W]
    161     0x0000C880       0xFFFFFF80      0x00000008         (0, 0, 9)      [] [W]
    162     0x0001C600       0xFFFFFF80      0x00000008         (0, 1, 8)      [] [W]
    163     0x0001C080       0xFFFFFF80      0x00000008         (0, 1, 8)      [] [W]
    164     0x0001C880       0xFFFFFF80      0x00000008         (0, 1, 9)      [] [W]
    165     0x0003D700       0xFFFFFF00      0x00000008         (0, 3, 10)      [] [W]
    166     0x0005AB00       0xFFFFFF00      0x00000001         (0, 5, 5)      [] [E]
    167     0x00021E80       0xFFFFFF80      0x00000008         (0, 2, 3)      [] [W]
    168     0x0001DB00       0xFFFFFF80      0x00000008         (0, 1, 11)      [] [W]
    169     0x00041600       0xFFFFFF00      0x00000004         (0, 4, 2)      [] [N]
    170     0x0001B900       0xFFFFFF80      0x00000008         (0, 1, 7)      [] [W]
    171     0x00021D80       0xFFFFFF80      0x00000008         (0, 2, 3)      [] [W]
    172     0x0003E400       0xFFFFFF00      0x00000008         (0, 3, 12)      [] [W]
    173     0x0001FA00       0xFFFFFF80      0x00000008         (0, 1, 15)      [] [W]
    174     0x00022080       0xFFFFFF80      0x0000000C         (0, 2, 4)      [] [N, W]
    175     0x0001EB00       0xFFFFFF80      0x00000008         (0, 1, 13)      [] [W]
    176     0x00022200       0xFFFFFF80      0x0000000C         (0, 2, 4)      [] [N, W]
    177     0x0001E000       0xFFFFFF80      0x00000008         (0, 1, 12)      [] [W]
    178     0x00020480       0xFFFFFF80      0x00000008         (0, 2, 0)      [] [W]
    179     0x0001D600       0xFFFFFF80      0x00000008         (0, 1, 10)      [] [W]
    180     0x0001D500       0xFFFFFF80      0x00000008         (0, 1, 10)      [] [W]
    181     0x0001B700       0xFFFFFF80      0x00000008         (0, 1, 6)      [] [W]
    182     0x0001ED80       0xFFFFFF80      0x00000008         (0, 1, 13)      [] [W]
    183     0x00022B00       0xFFFFFF80      0x00020006         (0, 2, 5)      [11] [NE, N]
    184     0x0001EF00       0xFFFFFF80      0x00000008         (0, 1, 13)      [] [W]
    185     0x0005A800       0xFFFFFF00      0x00000001         (0, 5, 5)      [] [E]
    186     0x0001BF80       0xFFFFFF80      0x00000008         (0, 1, 7)      [] [W]
    187     0x0000CF80       0xFFFFFF80      0x00000001         (0, 0, 9)      [] [E]
    188     0x00020880       0xFFFFFF80      0x00000008         (0, 2, 1)      [] [W]
    189     0x00011580       0xFFFFFF80      0x00000001         (0, 1, 2)      [] [E]
    190     0x0005AF00       0xFFFFFF00      0x00000001         (0, 5, 5)      [] [E]
    191     0x00021680       0xFFFFFF80      0x00000004         (0, 2, 2)      [] [N]
    192     0x0001E500       0xFFFFFF80      0x00000008         (0, 1, 12)      [] [W]
    193     0x00022C80       0xFFFFFF80      0x0010000A         (0, 2, 5)      [14] [NE, W]
    194     0x00041F00       0xFFFFFF00      0x00000004         (0, 4, 3)      [] [N]
    195     0x00011680       0xFFFFFF80      0x00000001         (0, 1, 2)      [] [E]
    196     0x00022400       0xFFFFFF80      0x00000008         (0, 2, 4)      [] [W]
    197     0x0005A400       0xFFFFFF00      0x00000001         (0, 5, 4)      [] [E]
    198     0x0003E500       0xFFFFFF00      0x00000008         (0, 3, 12)      [] [W]
    199     0x00022480       0xFFFFFF80      0x00000008         (0, 2, 4)      [] [W]
    200     0x0001DF00       0xFFFFFF80      0x00000008         (0, 1, 11)      [] [W]
    201     0x00022880       0xFFFFFF80      0x0000000E         (0, 2, 5)      [] [NE, N, W]
    202     0x0001B880       0xFFFFFF80      0x00000008         (0, 1, 7)      [] [W]
    203     0x0005C100       0xFFFFFF00      0x00000001         (0, 5, 8)      [] [E]
    204     0x00022380       0xFFFFFF80      0x00000008         (0, 2, 4)      [] [W]
    205     0x0001DB80       0xFFFFFF80      0x00000008         (0, 1, 11)      [] [W]
    206     0x00022A80       0xFFFFFF80      0x0001000E         (0, 2, 5)      [10] [NE, N, W]
    207     0x0001CF80       0xFFFFFF80      0x00000008         (0, 1, 9)      [] [W]
    208     0x0005A200       0xFFFFFF00      0x00000001         (0, 5, 4)      [] [E]
