router contains 653 entries 
 
  Index   Key(hex)    Mask(hex)    Route(hex)    Src. Core -> [Cores][Links]
------------------------------------------------------------------------------
    0     0x0000D180       0xFFFFFF80      0x00000008         (0, 0, 10)      [] [W]
    1     0x00008980       0xFFFFFF80      0x00000008         (0, 0, 1)      [] [W]
    2     0x00002080       0xFFFFFF80      0x00FFE027         (0, 0, 4)      [7, 8, 9, 10, 11, 12, 13, 14, 15, 16, 17] [E, NE, N, S]
    3     0x00001980       0xFFFFFF80      0x00001FA7         (0, 0, 3)      [1, 2, 3, 4, 5, 6] [E, NE, N, S]
    4     0x0000DF80       0xFFFFFF80      0x00000008         (0, 0, 11)      [] [W]
    5     0x00013B00       0xFFFFFF80      0x00000008         (0, 1, 7)      [] [W]
    6     0x00021F80       0xFFFFFF80      0x00000001         (0, 2, 3)      [] [E]
    7     0x00014700       0xFFFFFF80      0x00000018         (0, 1, 8)      [] [W, SW]
    8     0x00001400       0xFFFFFF80      0x00001F80         (0, 0, 2)      [1, 2, 3, 4, 5, 6] []
    9     0x00055E00       0xFFFFFF00      0x00000010         (0, 5, 11)      [] [SW]
    10     0x00000700       0xFFFFFF80      0x00000006         (0, 0, 0)      [] [NE, N]
    11     0x00021E00       0xFFFFFF80      0x00800001         (0, 2, 3)      [17] [E]
    12     0x00004380       0xFFFFFF80      0x00000820         (0, 0, 8)      [5] [S]
    13     0x0002BC00       0xFFFFFF00      0x00000004         (0, 2, 7)      [] [N]
    14     0x00000500       0xFFFFFF80      0x00200006         (0, 0, 0)      [15] [NE, N]
    15     0x00014A00       0xFFFFFF80      0x00000010         (0, 1, 9)      [] [SW]
    16     0x00007180       0xFFFFFF80      0x00400000         (0, 0, 14)      [16] []
    17     0x0002B200       0xFFFFFF00      0x00000002         (0, 2, 6)      [] [NE]
    18     0x0001C300       0xFFFFFF80      0x00000002         (0, 1, 8)      [] [NE]
    19     0x00010300       0xFFFFFF80      0x00000010         (0, 1, 0)      [] [SW]
    20     0x00007B80       0xFFFFFF80      0x00000010         (0, 0, 15)      [] [SW]
    21     0x00026500       0xFFFFFF00      0x00000200         (0, 2, 12)      [3] []
    22     0x00007100       0xFFFFFF80      0x00200000         (0, 0, 14)      [15] []
    23     0x00026800       0xFFFFFF00      0x00001000         (0, 2, 13)      [6] []
    24     0x00003500       0xFFFFFF80      0x00000200         (0, 0, 6)      [3] []
    25     0x00019400       0xFFFFFF80      0x00000002         (0, 1, 2)      [] [NE]
    26     0x00002480       0xFFFFFF80      0x00FFE000         (0, 0, 4)      [7, 8, 9, 10, 11, 12, 13, 14, 15, 16, 17] []
    27     0x00000280       0xFFFFFF80      0x00010004         (0, 0, 0)      [10] [N]
    28     0x0000F600       0xFFFFFF80      0x00000018         (0, 0, 14)      [] [W, SW]
    29     0x0000F300       0xFFFFFF80      0x00000800         (0, 0, 14)      [5] []
    30     0x0002C200       0xFFFFFF00      0x00000004         (0, 2, 8)      [] [N]
    31     0x0000D780       0xFFFFFF80      0x00000400         (0, 0, 10)      [4] []
    32     0x0000BC80       0xFFFFFF80      0x00000400         (0, 0, 7)      [4] []
    33     0x0000DA80       0xFFFFFF80      0x00000008         (0, 0, 11)      [] [W]
    34     0x0000CE00       0xFFFFFF80      0x00000008         (0, 0, 9)      [] [W]
    35     0x00026A00       0xFFFFFF00      0x00004000         (0, 2, 13)      [8] []
    36     0x00018F00       0xFFFFFF80      0x00000010         (0, 1, 1)      [] [SW]
    37     0x00002C00       0xFFFFFF80      0x00060000         (0, 0, 5)      [11, 12] []
    38     0x00008C00       0xFFFFFF80      0x00200000         (0, 0, 1)      [15] []
    39     0x00017C00       0xFFFFFF80      0x00000008         (0, 1, 15)      [] [W]
    40     0x00026B00       0xFFFFFF00      0x00008000         (0, 2, 13)      [9] []
    41     0x00014780       0xFFFFFF80      0x00000010         (0, 1, 8)      [] [SW]
    42     0x00018000       0xFFFFFF80      0x00000008         (0, 1, 0)      [] [W]
    43     0x00007000       0xFFFFFF80      0x00080000         (0, 0, 14)      [13] []
    44     0x0001BC00       0xFFFFFF80      0x00000002         (0, 1, 7)      [] [NE]
    45     0x00010E00       0xFFFFFF80      0x00000800         (0, 1, 1)      [5] []
    46     0x00003600       0xFFFFFF80      0x00000800         (0, 0, 6)      [5] []
    47     0x0002AB00       0xFFFFFF00      0x00000002         (0, 2, 5)      [] [NE]
    48     0x00019C00       0xFFFFFF80      0x00000002         (0, 1, 3)      [] [NE]
    49     0x0000DD00       0xFFFFFF80      0x00000008         (0, 0, 11)      [] [W]
    50     0x00018D80       0xFFFFFF80      0x00000010         (0, 1, 1)      [] [SW]
    51     0x00005680       0xFFFFFF80      0x00400000         (0, 0, 10)      [16] []
    52     0x00009700       0xFFFFFF80      0x00000008         (0, 0, 2)      [] [W]
    53     0x00008A00       0xFFFFFF80      0x00000008         (0, 0, 1)      [] [W]
    54     0x00004F80       0xFFFFFF80      0x00000100         (0, 0, 9)      [2] []
    55     0x0000F480       0xFFFFFF80      0x00000010         (0, 0, 14)      [] [SW]
    56     0x0001B700       0xFFFFFF80      0x00000002         (0, 1, 6)      [] [NE]
    57     0x00005600       0xFFFFFF80      0x00200000         (0, 0, 10)      [15] []
    58     0x0000C180       0xFFFFFF80      0x00000010         (0, 0, 8)      [] [SW]
    59     0x00018B80       0xFFFFFF80      0x00000010         (0, 1, 1)      [] [SW]
    60     0x00026D00       0xFFFFFF00      0x00020000         (0, 2, 13)      [11] []
    61     0x00015C80       0xFFFFFF80      0x00000200         (0, 1, 11)      [3] []
    62     0x00012C80       0xFFFFFF80      0x00000008         (0, 1, 5)      [] [W]
    63     0x00010E80       0xFFFFFF80      0x00001000         (0, 1, 1)      [6] []
    64     0x00001780       0xFFFFFF80      0x00001F80         (0, 0, 2)      [1, 2, 3, 4, 5, 6] []
    65     0x00010780       0xFFFFFF80      0x00000010         (0, 1, 0)      [] [SW]
    66     0x00007C00       0xFFFFFF80      0x00000010         (0, 0, 15)      [] [SW]
    67     0x00018C80       0xFFFFFF80      0x00000010         (0, 1, 1)      [] [SW]
    68     0x00010680       0xFFFFFF80      0x00000010         (0, 1, 0)      [] [SW]
    69     0x00015E00       0xFFFFFF80      0x00001000         (0, 1, 11)      [6] []
    70     0x0000BE80       0xFFFFFF80      0x00000010         (0, 0, 7)      [] [SW]
    71     0x00002700       0xFFFFFF80      0x00FFE180         (0, 0, 4)      [1, 2, 7, 8, 9, 10, 11, 12, 13, 14, 15, 16, 17] []
    72     0x00009980       0xFFFFFF80      0x00000008         (0, 0, 3)      [] [W]
    73     0x00026F00       0xFFFFFF00      0x00080000         (0, 2, 13)      [13] []
    74     0x0002B300       0xFFFFFF00      0x00000002         (0, 2, 6)      [] [NE]
    75     0x00018D00       0xFFFFFF80      0x00000010         (0, 1, 1)      [] [SW]
    76     0x00014100       0xFFFFFF80      0x00000018         (0, 1, 8)      [] [W, SW]
    77     0x00013980       0xFFFFFF80      0x00000008         (0, 1, 7)      [] [W]
    78     0x00000F80       0xFFFFFF80      0x00019F80         (0, 0, 1)      [1, 2, 3, 4, 5, 6, 9, 10] []
    79     0x00007E00       0xFFFFFF80      0x00100020         (0, 0, 15)      [14] [S]
    80     0x00022000       0xFFFFFF80      0x00000001         (0, 2, 4)      [] [E]
    81     0x00008600       0xFFFFFF80      0x00000200         (0, 0, 0)      [3] []
    82     0x00009480       0xFFFFFF80      0x00000800         (0, 0, 2)      [5] []
    83     0x00007F00       0xFFFFFF80      0x00400020         (0, 0, 15)      [16] [S]
    84     0x00055C00       0xFFFFFF00      0x00000010         (0, 5, 11)      [] [SW]
    85     0x00002B00       0xFFFFFF80      0x00018000         (0, 0, 5)      [9, 10] []
    86     0x00007E80       0xFFFFFF80      0x00200020         (0, 0, 15)      [15] [S]
    87     0x00013500       0xFFFFFF80      0x00000100         (0, 1, 6)      [2] []
    88     0x0001A180       0xFFFFFF80      0x00000002         (0, 1, 4)      [] [NE]
    89     0x00015480       0xFFFFFF80      0x00000010         (0, 1, 10)      [] [SW]
    90     0x00004800       0xFFFFFF80      0x00100020         (0, 0, 9)      [14] [S]
    91     0x0000DE00       0xFFFFFF80      0x00000008         (0, 0, 11)      [] [W]
    92     0x0001AA80       0xFFFFFF80      0x00000001         (0, 1, 5)      [] [E]
    93     0x0000D600       0xFFFFFF80      0x00000080         (0, 0, 10)      [1] []
    94     0x00003C00       0xFFFFFF80      0x00800000         (0, 0, 7)      [17] []
    95     0x0000B280       0xFFFFFF80      0x00000018         (0, 0, 6)      [] [W, SW]
    96     0x00022400       0xFFFFFF80      0x00000100         (0, 2, 4)      [2] []
    97     0x00007D00       0xFFFFFF80      0x00000010         (0, 0, 15)      [] [SW]
    98     0x00013680       0xFFFFFF80      0x00000800         (0, 1, 6)      [5] []
    99     0x00019780       0xFFFFFF80      0x00000003         (0, 1, 2)      [] [E, NE]
    100     0x0001A300       0xFFFFFF80      0x00000002         (0, 1, 4)      [] [NE]
    101     0x0001FF80       0xFFFFFF80      0x00001FA0         (0, 1, 15)      [1, 2, 3, 4, 5, 6] [S]
    102     0x00001580       0xFFFFFF80      0x00001F80         (0, 0, 2)      [1, 2, 3, 4, 5, 6] []
    103     0x00009280       0xFFFFFF80      0x00000080         (0, 0, 2)      [1] []
    104     0x00027300       0xFFFFFF00      0x00800000         (0, 2, 14)      [17] []
    105     0x00056300       0xFFFFFF00      0x00000010         (0, 5, 12)      [] [SW]
    106     0x00006100       0xFFFFFF80      0x00000008         (0, 0, 12)      [] [W]
    107     0x0000DC00       0xFFFFFF80      0x00000008         (0, 0, 11)      [] [W]
    108     0x00012580       0xFFFFFF80      0x00000008         (0, 1, 4)      [] [W]
    109     0x0000C100       0xFFFFFF80      0x00000010         (0, 0, 8)      [] [SW]
    110     0x00015580       0xFFFFFF80      0x00000010         (0, 1, 10)      [] [SW]
    111     0x00022600       0xFFFFFF80      0x00001000         (0, 2, 4)      [6] []
    112     0x00001C80       0xFFFFFF80      0x00FFE021         (0, 0, 3)      [7, 8, 9, 10, 11, 12, 13, 14, 15, 16, 17] [E, S]
    113     0x00022280       0xFFFFFF80      0x00000001         (0, 2, 4)      [] [E]
    114     0x00011F80       0xFFFFFF80      0x00000008         (0, 1, 3)      [] [W]
    115     0x0000A780       0xFFFFFF80      0x00000008         (0, 0, 4)      [] [W]
    116     0x00017500       0xFFFFFF80      0x00000800         (0, 1, 14)      [5] []
    117     0x0001A400       0xFFFFFF80      0x00000002         (0, 1, 4)      [] [NE]
    118     0x00009880       0xFFFFFF80      0x00000008         (0, 0, 3)      [] [W]
    119     0x00002680       0xFFFFFF80      0x00FFE080         (0, 0, 4)      [1, 7, 8, 9, 10, 11, 12, 13, 14, 15, 16, 17] []
    120     0x00010600       0xFFFFFF80      0x00000010         (0, 1, 0)      [] [SW]
    121     0x0000A000       0xFFFFFF80      0x00000080         (0, 0, 4)      [1] []
    122     0x00001800       0xFFFFFF80      0x00001F80         (0, 0, 3)      [1, 2, 3, 4, 5, 6] []
    123     0x0000E800       0xFFFFFF80      0x00000008         (0, 0, 13)      [] [W]
    124     0x0000EA80       0xFFFFFF80      0x00000008         (0, 0, 13)      [] [W]
    125     0x00008A80       0xFFFFFF80      0x00000008         (0, 0, 1)      [] [W]
    126     0x00018C00       0xFFFFFF80      0x00000010         (0, 1, 1)      [] [SW]
    127     0x00002100       0xFFFFFF80      0x00FFE027         (0, 0, 4)      [7, 8, 9, 10, 11, 12, 13, 14, 15, 16, 17] [E, NE, N, S]
    128     0x0000FB00       0xFFFFFF80      0x00000018         (0, 0, 15)      [] [W, SW]
    129     0x00019300       0xFFFFFF80      0x00000010         (0, 1, 2)      [] [SW]
    130     0x00007880       0xFFFFFF80      0x00000200         (0, 0, 15)      [3] []
    131     0x0000C880       0xFFFFFF80      0x00000080         (0, 0, 9)      [1] []
    132     0x00009300       0xFFFFFF80      0x00000100         (0, 0, 2)      [2] []
    133     0x00010080       0xFFFFFF80      0x00000800         (0, 1, 0)      [5] []
    134     0x00006200       0xFFFFFF80      0x00040000         (0, 0, 12)      [12] []
    135     0x00012180       0xFFFFFF80      0x00000008         (0, 1, 4)      [] [W]
    136     0x0002B800       0xFFFFFF00      0x00000004         (0, 2, 7)      [] [N]
    137     0x00001000       0xFFFFFF80      0x00031F80         (0, 0, 2)      [1, 2, 3, 4, 5, 6, 10, 11] []
    138     0x00013000       0xFFFFFF80      0x00000008         (0, 1, 6)      [] [W]
    139     0x00013480       0xFFFFFF80      0x00000080         (0, 1, 6)      [1] []
    140     0x00002B80       0xFFFFFF80      0x00030000         (0, 0, 5)      [10, 11] []
    141     0x0002B400       0xFFFFFF00      0x00000002         (0, 2, 6)      [] [NE]
    142     0x0002AE00       0xFFFFFF00      0x00000002         (0, 2, 5)      [] [NE]
    143     0x00004980       0xFFFFFF80      0x00800020         (0, 0, 9)      [17] [S]
    144     0x00000C00       0xFFFFFF80      0x00000300         (0, 0, 1)      [2, 3] []
    145     0x00056000       0xFFFFFF00      0x00000010         (0, 5, 12)      [] [SW]
    146     0x00017D80       0xFFFFFF80      0x00000008         (0, 1, 15)      [] [W]
    147     0x00010380       0xFFFFFF80      0x00000010         (0, 1, 0)      [] [SW]
    148     0x00019D00       0xFFFFFF80      0x00000002         (0, 1, 3)      [] [NE]
    149     0x00002180       0xFFFFFF80      0x00FFE000         (0, 0, 4)      [7, 8, 9, 10, 11, 12, 13, 14, 15, 16, 17] []
    150     0x00012500       0xFFFFFF80      0x00000008         (0, 1, 4)      [] [W]
    151     0x0000E400       0xFFFFFF80      0x00000100         (0, 0, 12)      [2] []
    152     0x0000BC00       0xFFFFFF80      0x00000200         (0, 0, 7)      [3] []
    153     0x0000AE80       0xFFFFFF80      0x00000200         (0, 0, 5)      [3] []
    154     0x00012900       0xFFFFFF80      0x00000800         (0, 1, 5)      [5] []
    155     0x00004880       0xFFFFFF80      0x00200020         (0, 0, 9)      [15] [S]
    156     0x00010C00       0xFFFFFF80      0x00000080         (0, 1, 1)      [1] []
    157     0x0000E380       0xFFFFFF80      0x00000080         (0, 0, 12)      [1] []
    158     0x0001BC80       0xFFFFFF80      0x00000002         (0, 1, 7)      [] [NE]
    159     0x0000F180       0xFFFFFF80      0x00000100         (0, 0, 14)      [2] []
    160     0x00001180       0xFFFFFF80      0x00181F80         (0, 0, 2)      [1, 2, 3, 4, 5, 6, 13, 14] []
    161     0x00017D00       0xFFFFFF80      0x00000008         (0, 1, 15)      [] [W]
    162     0x0000EB80       0xFFFFFF80      0x00000008         (0, 0, 13)      [] [W]
    163     0x00014B80       0xFFFFFF80      0x00000010         (0, 1, 9)      [] [SW]
    164     0x00012480       0xFFFFFF80      0x00000008         (0, 1, 4)      [] [W]
    165     0x00000E80       0xFFFFFF80      0x00007F80         (0, 0, 1)      [1, 2, 3, 4, 5, 6, 7, 8] []
    166     0x00003980       0xFFFFFF80      0x00040000         (0, 0, 7)      [12] []
    167     0x00013C80       0xFFFFFF80      0x00000008         (0, 1, 7)      [] [W]
    168     0x00012400       0xFFFFFF80      0x00000008         (0, 1, 4)      [] [W]
    169     0x0000B100       0xFFFFFF80      0x00000010         (0, 0, 6)      [] [SW]
    170     0x00026600       0xFFFFFF00      0x00000400         (0, 2, 12)      [4] []
    171     0x00002980       0xFFFFFF80      0x00FFF000         (0, 0, 5)      [6, 7, 8, 9, 10, 11, 12, 13, 14, 15, 16, 17] []
    172     0x00000680       0xFFFFFF80      0x00000006         (0, 0, 0)      [] [NE, N]
    173     0x00005000       0xFFFFFF80      0x00000200         (0, 0, 10)      [3] []
    174     0x00007200       0xFFFFFF80      0x00800000         (0, 0, 14)      [17] []
    175     0x0001A000       0xFFFFFF80      0x00000002         (0, 1, 4)      [] [NE]
    176     0x0000DB00       0xFFFFFF80      0x00000008         (0, 0, 11)      [] [W]
    177     0x00056700       0xFFFFFF00      0x00000010         (0, 5, 12)      [] [SW]
    178     0x0000CF00       0xFFFFFF80      0x00000008         (0, 0, 9)      [] [W]
    179     0x00015000       0xFFFFFF80      0x00000200         (0, 1, 10)      [3] []
    180     0x00002E80       0xFFFFFF80      0x00C00000         (0, 0, 5)      [16, 17] []
    181     0x00017F00       0xFFFFFF80      0x00000008         (0, 1, 15)      [] [W]
    182     0x00010480       0xFFFFFF80      0x00000010         (0, 1, 0)      [] [SW]
    183     0x00005E00       0xFFFFFF80      0x00000400         (0, 0, 11)      [4] []
    184     0x0000C380       0xFFFFFF80      0x00000010         (0, 0, 8)      [] [SW]
    185     0x00000B80       0xFFFFFF80      0x00000180         (0, 0, 1)      [1, 2] []
    186     0x00003B80       0xFFFFFF80      0x00400000         (0, 0, 7)      [16] []
    187     0x0000DD80       0xFFFFFF80      0x00000008         (0, 0, 11)      [] [W]
    188     0x00017E00       0xFFFFFF80      0x00000008         (0, 1, 15)      [] [W]
    189     0x0000F800       0xFFFFFF80      0x00000018         (0, 0, 15)      [] [W, SW]
    190     0x00014F00       0xFFFFFF80      0x00000010         (0, 1, 9)      [] [SW]
    191     0x00002A80       0xFFFFFF80      0x0000C000         (0, 0, 5)      [8, 9] []
    192     0x0001A980       0xFFFFFF80      0x00000001         (0, 1, 5)      [] [E]
    193     0x00005100       0xFFFFFF80      0x00000800         (0, 0, 10)      [5] []
    194     0x00018E80       0xFFFFFF80      0x00000010         (0, 1, 1)      [] [SW]
    195     0x0000F900       0xFFFFFF80      0x00000018         (0, 0, 15)      [] [W, SW]
    196     0x00003B00       0xFFFFFF80      0x00200000         (0, 0, 7)      [15] []
    197     0x00007D80       0xFFFFFF80      0x00000030         (0, 0, 15)      [] [SW, S]
    198     0x0000A500       0xFFFFFF80      0x00000008         (0, 0, 4)      [] [W]
    199     0x00019A80       0xFFFFFF80      0x00000003         (0, 1, 3)      [] [E, NE]
    200     0x00022380       0xFFFFFF80      0x00000080         (0, 2, 4)      [1] []
    201     0x00020000       0xFFFFFF80      0x00FFE020         (0, 2, 0)      [7, 8, 9, 10, 11, 12, 13, 14, 15, 16, 17] [S]
    202     0x0000B300       0xFFFFFF80      0x00000018         (0, 0, 6)      [] [W, SW]
    203     0x0002B000       0xFFFFFF00      0x00000002         (0, 2, 6)      [] [NE]
    204     0x0001A280       0xFFFFFF80      0x00000002         (0, 1, 4)      [] [NE]
    205     0x0000BB80       0xFFFFFF80      0x00000100         (0, 0, 7)      [2] []
    206     0x0000E500       0xFFFFFF80      0x00000400         (0, 0, 12)      [4] []
    207     0x00004180       0xFFFFFF80      0x00000080         (0, 0, 8)      [1] []
    208     0x00004280       0xFFFFFF80      0x00000200         (0, 0, 8)      [3] []
    209     0x00014900       0xFFFFFF80      0x00000010         (0, 1, 9)      [] [SW]
    210     0x00004700       0xFFFFFF80      0x00040020         (0, 0, 8)      [12] [S]
    211     0x00026900       0xFFFFFF00      0x00002000         (0, 2, 13)      [7] []
    212     0x0002B100       0xFFFFFF00      0x00000002         (0, 2, 6)      [] [NE]
    213     0x00000580       0xFFFFFF80      0x00400006         (0, 0, 0)      [16] [NE, N]
    214     0x00006D80       0xFFFFFF80      0x00000010         (0, 0, 13)      [] [SW]
    215     0x0000CB00       0xFFFFFF80      0x00001000         (0, 0, 9)      [6] []
    216     0x00019900       0xFFFFFF80      0x00000003         (0, 1, 3)      [] [E, NE]
    217     0x0001BD00       0xFFFFFF80      0x00000002         (0, 1, 7)      [] [NE]
    218     0x0000B580       0xFFFFFF80      0x00000018         (0, 0, 6)      [] [W, SW]
    219     0x00002A00       0xFFFFFF80      0x00006000         (0, 0, 5)      [8, 7] []
    220     0x00003880       0xFFFFFF80      0x00010000         (0, 0, 7)      [10] []
    221     0x00001F00       0xFFFFFF80      0x00FFE027         (0, 0, 3)      [7, 8, 9, 10, 11, 12, 13, 14, 15, 16, 17] [E, NE, N, S]
    222     0x00001700       0xFFFFFF80      0x00001F80         (0, 0, 2)      [1, 2, 3, 4, 5, 6] []
    223     0x0001FF00       0xFFFFFF80      0x00000020         (0, 1, 15)      [] [S]
    224     0x00008680       0xFFFFFF80      0x00000400         (0, 0, 0)      [4] []
    225     0x00003A00       0xFFFFFF80      0x00080000         (0, 0, 7)      [13] []
    226     0x00013E80       0xFFFFFF80      0x00000008         (0, 1, 7)      [] [W]
    227     0x0002C500       0xFFFFFF00      0x00000004         (0, 2, 8)      [] [N]
    228     0x00007F80       0xFFFFFF80      0x00800020         (0, 0, 15)      [17] [S]
    229     0x00026300       0xFFFFFF00      0x00000080         (0, 2, 12)      [1] []
    230     0x0001B680       0xFFFFFF80      0x00000002         (0, 1, 6)      [] [NE]
    231     0x00004680       0xFFFFFF80      0x00020020         (0, 0, 8)      [11] [S]
    232     0x0001A480       0xFFFFFF80      0x00000002         (0, 1, 4)      [] [NE]
    233     0x0000F500       0xFFFFFF80      0x00000010         (0, 0, 14)      [] [SW]
    234     0x00022480       0xFFFFFF80      0x00000200         (0, 2, 4)      [3] []
    235     0x00007080       0xFFFFFF80      0x00100000         (0, 0, 14)      [14] []
    236     0x00001200       0xFFFFFF80      0x00301F80         (0, 0, 2)      [1, 2, 3, 4, 5, 6, 14, 15] []
    237     0x00013280       0xFFFFFF80      0x00000008         (0, 1, 6)      [] [W]
    238     0x0001A100       0xFFFFFF80      0x00000002         (0, 1, 4)      [] [NE]
    239     0x0000A080       0xFFFFFF80      0x00000100         (0, 0, 4)      [2] []
    240     0x00009A00       0xFFFFFF80      0x00400000         (0, 0, 3)      [16] []
    241     0x00012E80       0xFFFFFF80      0x00000008         (0, 1, 5)      [] [W]
    242     0x00013E00       0xFFFFFF80      0x00000008         (0, 1, 7)      [] [W]
    243     0x00004300       0xFFFFFF80      0x00000400         (0, 0, 8)      [4] []
    244     0x00003800       0xFFFFFF80      0x00008000         (0, 0, 7)      [9] []
    245     0x00026C00       0xFFFFFF00      0x00010000         (0, 2, 13)      [10] []
    246     0x00022300       0xFFFFFF80      0x00000001         (0, 2, 4)      [] [E]
    247     0x0000E580       0xFFFFFF80      0x00000800         (0, 0, 12)      [5] []
    248     0x0000AE00       0xFFFFFF80      0x00000100         (0, 0, 5)      [2] []
    249     0x00015280       0xFFFFFF80      0x00000010         (0, 1, 10)      [] [SW]
    250     0x00014300       0xFFFFFF80      0x00000200         (0, 1, 8)      [3] []
    251     0x00005C80       0xFFFFFF80      0x00000080         (0, 0, 11)      [1] []
    252     0x00014600       0xFFFFFF80      0x00000010         (0, 1, 8)      [] [SW]
    253     0x0000CA80       0xFFFFFF80      0x00000800         (0, 0, 9)      [5] []
    254     0x0000C280       0xFFFFFF80      0x00000010         (0, 0, 8)      [] [SW]
    255     0x00021C00       0xFFFFFF80      0x00080001         (0, 2, 3)      [13] [E]
    256     0x00010100       0xFFFFFF80      0x00001000         (0, 1, 0)      [6] []
    257     0x00014E00       0xFFFFFF80      0x00000010         (0, 1, 9)      [] [SW]
    258     0x0002C400       0xFFFFFF00      0x00000004         (0, 2, 8)      [] [N]
    259     0x00014880       0xFFFFFF80      0x00000010         (0, 1, 9)      [] [SW]
    260     0x00056800       0xFFFFFF00      0x00000010         (0, 5, 13)      [] [SW]
    261     0x00007800       0xFFFFFF80      0x00000100         (0, 0, 15)      [2] []
    262     0x00001B80       0xFFFFFF80      0x00001FB7         (0, 0, 3)      [1, 2, 3, 4, 5, 6] [E, NE, N, SW, S]
    263     0x00012700       0xFFFFFF80      0x00000080         (0, 1, 4)      [1] []
    264     0x00010200       0xFFFFFF80      0x00000010         (0, 1, 0)      [] [SW]
    265     0x0000C000       0xFFFFFF80      0x00000010         (0, 0, 8)      [] [SW]
    266     0x0000B480       0xFFFFFF80      0x00000018         (0, 0, 6)      [] [W, SW]
    267     0x0001C480       0xFFFFFF80      0x00000002         (0, 1, 8)      [] [NE]
    268     0x0000E980       0xFFFFFF80      0x00000008         (0, 0, 13)      [] [W]
    269     0x0002C600       0xFFFFFF00      0x00000004         (0, 2, 8)      [] [N]
    270     0x00018080       0xFFFFFF80      0x00001000         (0, 1, 0)      [6] []
    271     0x00027200       0xFFFFFF00      0x00400000         (0, 2, 14)      [16] []
    272     0x00013180       0xFFFFFF80      0x00000008         (0, 1, 6)      [] [W]
    273     0x00007A00       0xFFFFFF80      0x00001000         (0, 0, 15)      [6] []
    274     0x00002400       0xFFFFFF80      0x00FFE000         (0, 0, 4)      [7, 8, 9, 10, 11, 12, 13, 14, 15, 16, 17] []
    275     0x00020180       0xFFFFFF80      0x00000020         (0, 2, 0)      [] [S]
    276     0x0000F380       0xFFFFFF80      0x00001000         (0, 0, 14)      [6] []
    277     0x00000F00       0xFFFFFF80      0x0000DF80         (0, 0, 1)      [1, 2, 3, 4, 5, 6, 8, 9] []
    278     0x0002A900       0xFFFFFF00      0x00000002         (0, 2, 5)      [] [NE]
    279     0x00018F80       0xFFFFFF80      0x00000010         (0, 1, 1)      [] [SW]
    280     0x00006A00       0xFFFFFF80      0x00000080         (0, 0, 13)      [1] []
    281     0x00005480       0xFFFFFF80      0x00040000         (0, 0, 10)      [12] []
    282     0x00021980       0xFFFFFF80      0x00004001         (0, 2, 3)      [8] [E]
    283     0x00013700       0xFFFFFF80      0x00001000         (0, 1, 6)      [6] []
    284     0x00008700       0xFFFFFF80      0x00000800         (0, 0, 0)      [5] []
    285     0x00011A00       0xFFFFFF80      0x00000100         (0, 1, 3)      [2] []
    286     0x0002A800       0xFFFFFF00      0x00000002         (0, 2, 5)      [] [NE]
    287     0x00011A80       0xFFFFFF80      0x00000200         (0, 1, 3)      [3] []
    288     0x00002780       0xFFFFFF80      0x00FFE300         (0, 0, 4)      [2, 3, 7, 8, 9, 10, 11, 12, 13, 14, 15, 16, 17] []
    289     0x00015300       0xFFFFFF80      0x00000010         (0, 1, 10)      [] [SW]
    290     0x00021A80       0xFFFFFF80      0x00010001         (0, 2, 3)      [10] [E]
    291     0x00003A80       0xFFFFFF80      0x00100000         (0, 0, 7)      [14] []
    292     0x00015D00       0xFFFFFF80      0x00000400         (0, 1, 11)      [4] []
    293     0x00008D00       0xFFFFFF80      0x00800000         (0, 0, 1)      [17] []
    294     0x00008C80       0xFFFFFF80      0x00400000         (0, 0, 1)      [16] []
    295     0x00008500       0xFFFFFF80      0x00000080         (0, 0, 0)      [1] []
    296     0x00019680       0xFFFFFF80      0x00000003         (0, 1, 2)      [] [E, NE]
    297     0x00000200       0xFFFFFF80      0x00008000         (0, 0, 0)      [9] []
    298     0x0001B600       0xFFFFFF80      0x00000002         (0, 1, 6)      [] [NE]
    299     0x00021B80       0xFFFFFF80      0x00040001         (0, 2, 3)      [12] [E]
    300     0x0000CD80       0xFFFFFF80      0x00000008         (0, 0, 9)      [] [W]
    301     0x00015500       0xFFFFFF80      0x00000010         (0, 1, 10)      [] [SW]
    302     0x00008000       0xFFFFFF80      0x00000020         (0, 0, 0)      [] [S]
    303     0x00005E80       0xFFFFFF80      0x00000800         (0, 0, 11)      [5] []
    304     0x0001A080       0xFFFFFF80      0x00000002         (0, 1, 4)      [] [NE]
    305     0x00004A80       0xFFFFFF80      0x00000020         (0, 0, 9)      [] [S]
    306     0x0000EA00       0xFFFFFF80      0x00000008         (0, 0, 13)      [] [W]
    307     0x00006180       0xFFFFFF80      0x00000008         (0, 0, 12)      [] [W]
    308     0x00004B00       0xFFFFFF80      0x00000020         (0, 0, 9)      [] [S]
    309     0x0001BB80       0xFFFFFF80      0x00000002         (0, 1, 7)      [] [NE]
    310     0x00015180       0xFFFFFF80      0x00001000         (0, 1, 10)      [6] []
    311     0x0000EC80       0xFFFFFF80      0x00000008         (0, 0, 13)      [] [W]
    312     0x00012280       0xFFFFFF80      0x00000008         (0, 1, 4)      [] [W]
    313     0x00019100       0xFFFFFF80      0x00000010         (0, 1, 2)      [] [SW]
    314     0x00019A00       0xFFFFFF80      0x00000003         (0, 1, 3)      [] [E, NE]
    315     0x00022200       0xFFFFFF80      0x00000001         (0, 2, 4)      [] [E]
    316     0x00019800       0xFFFFFF80      0x00000003         (0, 1, 3)      [] [E, NE]
    317     0x00014000       0xFFFFFF80      0x00000018         (0, 1, 8)      [] [W, SW]
    318     0x00015080       0xFFFFFF80      0x00000400         (0, 1, 10)      [4] []
    319     0x00010500       0xFFFFFF80      0x00000010         (0, 1, 0)      [] [SW]
    320     0x00017A80       0xFFFFFF80      0x00000008         (0, 1, 15)      [] [W]
    321     0x00005180       0xFFFFFF80      0x00001000         (0, 0, 10)      [6] []
    322     0x0000D700       0xFFFFFF80      0x00000200         (0, 0, 10)      [3] []
    323     0x00015780       0xFFFFFF80      0x00000010         (0, 1, 10)      [] [SW]
    324     0x0000DC80       0xFFFFFF80      0x00000008         (0, 0, 11)      [] [W]
    325     0x00013380       0xFFFFFF80      0x00000008         (0, 1, 6)      [] [W]
    326     0x00019280       0xFFFFFF80      0x00000010         (0, 1, 2)      [] [SW]
    327     0x00009380       0xFFFFFF80      0x00000200         (0, 0, 2)      [3] []
    328     0x00010C80       0xFFFFFF80      0x00000100         (0, 1, 1)      [2] []
    329     0x0000C980       0xFFFFFF80      0x00000200         (0, 0, 9)      [3] []
    330     0x00002380       0xFFFFFF80      0x00FFE000         (0, 0, 4)      [7, 8, 9, 10, 11, 12, 13, 14, 15, 16, 17] []
    331     0x00056100       0xFFFFFF00      0x00000010         (0, 5, 12)      [] [SW]
    332     0x00022080       0xFFFFFF80      0x00000001         (0, 2, 4)      [] [E]
    333     0x00006B80       0xFFFFFF80      0x00000400         (0, 0, 13)      [4] []
    334     0x00007900       0xFFFFFF80      0x00000400         (0, 0, 15)      [4] []
    335     0x0000F680       0xFFFFFF80      0x00000018         (0, 0, 14)      [] [W, SW]
    336     0x00001500       0xFFFFFF80      0x00001F80         (0, 0, 2)      [1, 2, 3, 4, 5, 6] []
    337     0x00021C80       0xFFFFFF80      0x00100001         (0, 2, 3)      [14] [E]
    338     0x00001100       0xFFFFFF80      0x000C1F80         (0, 0, 2)      [1, 2, 3, 4, 5, 6, 12, 13] []
    339     0x00013A80       0xFFFFFF80      0x00000008         (0, 1, 7)      [] [W]
    340     0x0000F880       0xFFFFFF80      0x00000018         (0, 0, 15)      [] [W, SW]
    341     0x0000A680       0xFFFFFF80      0x00000008         (0, 0, 4)      [] [W]
    342     0x00009900       0xFFFFFF80      0x00000008         (0, 0, 3)      [] [W]
    343     0x00000480       0xFFFFFF80      0x00100006         (0, 0, 0)      [14] [NE, N]
    344     0x00017C80       0xFFFFFF80      0x00000008         (0, 1, 15)      [] [W]
    345     0x00017F80       0xFFFFFF80      0x00000008         (0, 1, 15)      [] [W]
    346     0x00012380       0xFFFFFF80      0x00000008         (0, 1, 4)      [] [W]
    347     0x00021E80       0xFFFFFF80      0x00000001         (0, 2, 3)      [] [E]
    348     0x0002A700       0xFFFFFF00      0x00000002         (0, 2, 4)      [] [NE]
    349     0x0000FB80       0xFFFFFF80      0x00000018         (0, 0, 15)      [] [W, SW]
    350     0x00006E80       0xFFFFFF80      0x00000018         (0, 0, 13)      [] [W, SW]
    351     0x0000B200       0xFFFFFF80      0x00000018         (0, 0, 6)      [] [W, SW]
    352     0x00008B80       0xFFFFFF80      0x00000008         (0, 0, 1)      [] [W]
    353     0x0000BD80       0xFFFFFF80      0x00001000         (0, 0, 7)      [6] []
    354     0x00011980       0xFFFFFF80      0x00000080         (0, 1, 3)      [1] []
    355     0x0002AC00       0xFFFFFF00      0x00000002         (0, 2, 5)      [] [NE]
    356     0x00010D00       0xFFFFFF80      0x00000200         (0, 1, 1)      [3] []
    357     0x00010D80       0xFFFFFF80      0x00000400         (0, 1, 1)      [4] []
    358     0x0002BB00       0xFFFFFF00      0x00000004         (0, 2, 7)      [] [N]
    359     0x00011F00       0xFFFFFF80      0x00000008         (0, 1, 3)      [] [W]
    360     0x00019700       0xFFFFFF80      0x00000003         (0, 1, 2)      [] [E, NE]
    361     0x00021D80       0xFFFFFF80      0x00400001         (0, 2, 3)      [16] [E]
    362     0x00017B00       0xFFFFFF80      0x00000008         (0, 1, 15)      [] [W]
    363     0x00012D00       0xFFFFFF80      0x00000008         (0, 1, 5)      [] [W]
    364     0x00001680       0xFFFFFF80      0x00001F80         (0, 0, 2)      [1, 2, 3, 4, 5, 6] []
    365     0x00007C80       0xFFFFFF80      0x00000010         (0, 0, 15)      [] [SW]
    366     0x00009800       0xFFFFFF80      0x00000008         (0, 0, 3)      [] [W]
    367     0x00003480       0xFFFFFF80      0x00000100         (0, 0, 6)      [2] []
    368     0x00005400       0xFFFFFF80      0x00020000         (0, 0, 10)      [11] []
    369     0x00026700       0xFFFFFF00      0x00000800         (0, 2, 12)      [5] []
    370     0x00001E00       0xFFFFFF80      0x00FFE027         (0, 0, 3)      [7, 8, 9, 10, 11, 12, 13, 14, 15, 16, 17] [E, NE, N, S]
    371     0x00003680       0xFFFFFF80      0x00001000         (0, 0, 6)      [6] []
    372     0x0000FA00       0xFFFFFF80      0x00000018         (0, 0, 15)      [] [W, SW]
    373     0x00010700       0xFFFFFF80      0x00000010         (0, 1, 0)      [] [SW]
    374     0x0001C400       0xFFFFFF80      0x00000002         (0, 1, 8)      [] [NE]
    375     0x00021D00       0xFFFFFF80      0x00200001         (0, 2, 3)      [15] [E]
    376     0x00014D80       0xFFFFFF80      0x00000010         (0, 1, 9)      [] [SW]
    377     0x00012B80       0xFFFFFF80      0x00000008         (0, 1, 5)      [] [W]
    378     0x00014680       0xFFFFFF80      0x00000018         (0, 1, 8)      [] [W, SW]
    379     0x00004580       0xFFFFFF80      0x00000030         (0, 0, 8)      [] [SW, S]
    380     0x00015400       0xFFFFFF80      0x00000010         (0, 1, 10)      [] [SW]
    381     0x0000C080       0xFFFFFF80      0x00000010         (0, 0, 8)      [] [SW]
    382     0x00008080       0xFFFFFF80      0x00000020         (0, 0, 0)      [] [S]
    383     0x00003580       0xFFFFFF80      0x00000400         (0, 0, 6)      [4] []
    384     0x00016980       0xFFFFFF80      0x00000800         (0, 1, 13)      [5] []
    385     0x00014180       0xFFFFFF80      0x00000018         (0, 1, 8)      [] [W, SW]
    386     0x00016A00       0xFFFFFF80      0x00001000         (0, 1, 13)      [6] []
    387     0x00008780       0xFFFFFF80      0x00001000         (0, 0, 0)      [6] []
    388     0x00008100       0xFFFFFF80      0x00000020         (0, 0, 0)      [] [S]
    389     0x00006A80       0xFFFFFF80      0x00000100         (0, 0, 13)      [2] []
    390     0x0000B500       0xFFFFFF80      0x00000018         (0, 0, 6)      [] [W, SW]
    391     0x0000A280       0xFFFFFF80      0x00001000         (0, 0, 4)      [6] []
    392     0x0000A700       0xFFFFFF80      0x00000008         (0, 0, 4)      [] [W]
    393     0x00013D80       0xFFFFFF80      0x00000008         (0, 1, 7)      [] [W]
    394     0x0000F780       0xFFFFFF80      0x00000018         (0, 0, 14)      [] [W, SW]
    395     0x00019180       0xFFFFFF80      0x00000010         (0, 1, 2)      [] [SW]
    396     0x00015D80       0xFFFFFF80      0x00000800         (0, 1, 11)      [5] []
    397     0x00009A80       0xFFFFFF80      0x00800000         (0, 0, 3)      [17] []
    398     0x00014B00       0xFFFFFF80      0x00000010         (0, 1, 9)      [] [SW]
    399     0x00002280       0xFFFFFF80      0x00FFE000         (0, 0, 4)      [7, 8, 9, 10, 11, 12, 13, 14, 15, 16, 17] []
    400     0x00004500       0xFFFFFF80      0x00000030         (0, 0, 8)      [] [SW, S]
    401     0x00021F00       0xFFFFFF80      0x00000001         (0, 2, 3)      [] [E]
    402     0x00014380       0xFFFFFF80      0x00000400         (0, 1, 8)      [4] []
    403     0x00010980       0xFFFFFF80      0x00000010         (0, 1, 1)      [] [SW]
    404     0x00004480       0xFFFFFF80      0x00000020         (0, 0, 8)      [] [S]
    405     0x00001A80       0xFFFFFF80      0x00001FB7         (0, 0, 3)      [1, 2, 3, 4, 5, 6] [E, NE, N, SW, S]
    406     0x00013600       0xFFFFFF80      0x00000400         (0, 1, 6)      [4] []
    407     0x00004400       0xFFFFFF80      0x00001020         (0, 0, 8)      [6] [S]
    408     0x00002800       0xFFFFFF80      0x00FFE600         (0, 0, 5)      [3, 4, 7, 8, 9, 10, 11, 12, 13, 14, 15, 16, 17] []
    409     0x00000800       0xFFFFFF80      0x00000006         (0, 0, 1)      [] [NE, N]
    410     0x00056200       0xFFFFFF00      0x00000010         (0, 5, 12)      [] [SW]
    411     0x0000A580       0xFFFFFF80      0x00000008         (0, 0, 4)      [] [W]
    412     0x0000BF00       0xFFFFFF80      0x00000010         (0, 0, 7)      [] [SW]
    413     0x00019B00       0xFFFFFF80      0x00000003         (0, 1, 3)      [] [E, NE]
    414     0x0000AD80       0xFFFFFF80      0x00000080         (0, 0, 5)      [1] []
    415     0x00027100       0xFFFFFF00      0x00200000         (0, 2, 14)      [15] []
    416     0x00006C00       0xFFFFFF80      0x00000800         (0, 0, 13)      [5] []
    417     0x00010000       0xFFFFFF80      0x00000400         (0, 1, 0)      [4] []
    418     0x00000E00       0xFFFFFF80      0x00003F80         (0, 0, 1)      [1, 2, 3, 4, 5, 6, 7] []
    419     0x00004900       0xFFFFFF80      0x00400020         (0, 0, 9)      [16] [S]
    420     0x0000E880       0xFFFFFF80      0x00000008         (0, 0, 13)      [] [W]
    421     0x00010280       0xFFFFFF80      0x00000010         (0, 1, 0)      [] [SW]
    422     0x00013580       0xFFFFFF80      0x00000200         (0, 1, 6)      [3] []
    423     0x0000D080       0xFFFFFF80      0x00000008         (0, 0, 10)      [] [W]
    424     0x00013F00       0xFFFFFF80      0x00000008         (0, 1, 7)      [] [W]
    425     0x00015800       0xFFFFFF80      0x00000010         (0, 1, 11)      [] [SW]
    426     0x00056900       0xFFFFFF00      0x00000010         (0, 5, 13)      [] [SW]
    427     0x00011C00       0xFFFFFF80      0x00001000         (0, 1, 3)      [6] []
    428     0x0000FE80       0xFFFFFF80      0x00000080         (0, 0, 15)      [1] []
    429     0x0000A800       0xFFFFFF80      0x00800000         (0, 0, 5)      [17] []
    430     0x00056400       0xFFFFFF00      0x00000010         (0, 5, 12)      [] [SW]
    431     0x00010900       0xFFFFFF80      0x00000010         (0, 1, 1)      [] [SW]
    432     0x0000A100       0xFFFFFF80      0x00000200         (0, 0, 4)      [3] []
    433     0x00026E00       0xFFFFFF00      0x00040000         (0, 2, 13)      [12] []
    434     0x0000D880       0xFFFFFF80      0x00001000         (0, 0, 11)      [6] []
    435     0x00009400       0xFFFFFF80      0x00000400         (0, 0, 2)      [4] []
    436     0x0000AF00       0xFFFFFF80      0x00000400         (0, 0, 5)      [4] []
    437     0x00008B00       0xFFFFFF80      0x00000008         (0, 0, 1)      [] [W]
    438     0x0000FF00       0xFFFFFF80      0x00000100         (0, 0, 15)      [2] []
    439     0x00000100       0xFFFFFF80      0x00002000         (0, 0, 0)      [7] []
    440     0x00021A00       0xFFFFFF80      0x00008001         (0, 2, 3)      [9] [E]
    441     0x00011B80       0xFFFFFF80      0x00000800         (0, 1, 3)      [5] []
    442     0x00015600       0xFFFFFF80      0x00000010         (0, 1, 10)      [] [SW]
    443     0x00019600       0xFFFFFF80      0x00000003         (0, 1, 2)      [] [E, NE]
    444     0x00001900       0xFFFFFF80      0x00001F87         (0, 0, 3)      [1, 2, 3, 4, 5, 6] [E, NE, N]
    445     0x00001380       0xFFFFFF80      0x00801F80         (0, 0, 2)      [1, 2, 3, 4, 5, 6, 17] []
    446     0x0000ED80       0xFFFFFF80      0x00000008         (0, 0, 13)      [] [W]
    447     0x00001E80       0xFFFFFF80      0x00FFE027         (0, 0, 3)      [7, 8, 9, 10, 11, 12, 13, 14, 15, 16, 17] [E, NE, N, S]
    448     0x00010400       0xFFFFFF80      0x00000010         (0, 1, 0)      [] [SW]
    449     0x00006400       0xFFFFFF80      0x00400000         (0, 0, 12)      [16] []
    450     0x0000C200       0xFFFFFF80      0x00000010         (0, 0, 8)      [] [SW]
    451     0x0002B900       0xFFFFFF00      0x00000004         (0, 2, 7)      [] [N]
    452     0x0000DB80       0xFFFFFF80      0x00000008         (0, 0, 11)      [] [W]
    453     0x00026400       0xFFFFFF00      0x00000100         (0, 2, 12)      [2] []
    454     0x0000CA00       0xFFFFFF80      0x00000400         (0, 0, 9)      [4] []
    455     0x00017580       0xFFFFFF80      0x00001000         (0, 1, 14)      [6] []
    456     0x00006C80       0xFFFFFF80      0x00001000         (0, 0, 13)      [6] []
    457     0x0000D800       0xFFFFFF80      0x00000800         (0, 0, 11)      [5] []
    458     0x00001300       0xFFFFFF80      0x00C01F80         (0, 0, 2)      [1, 2, 3, 4, 5, 6, 16, 17] []
    459     0x0000F100       0xFFFFFF80      0x00000080         (0, 0, 14)      [1] []
    460     0x00002880       0xFFFFFF80      0x00FFEC00         (0, 0, 5)      [4, 5, 7, 8, 9, 10, 11, 12, 13, 14, 15, 16, 17] []
    461     0x0000FF80       0xFFFFFF80      0x00000200         (0, 0, 15)      [3] []
    462     0x00000400       0xFFFFFF80      0x00080006         (0, 0, 0)      [13] [NE, N]
    463     0x0001C500       0xFFFFFF80      0x00000002         (0, 1, 8)      [] [NE]
    464     0x00002000       0xFFFFFF80      0x00FFE027         (0, 0, 4)      [7, 8, 9, 10, 11, 12, 13, 14, 15, 16, 17] [E, NE, N, S]
    465     0x00007780       0xFFFFFF80      0x00000080         (0, 0, 14)      [1] []
    466     0x00006F80       0xFFFFFF80      0x00000018         (0, 0, 13)      [] [W, SW]
    467     0x00019880       0xFFFFFF80      0x00000003         (0, 1, 3)      [] [E, NE]
    468     0x00003400       0xFFFFFF80      0x00000080         (0, 0, 6)      [1] []
    469     0x00016900       0xFFFFFF80      0x00000400         (0, 1, 13)      [4] []
    470     0x00004B80       0xFFFFFF80      0x00000020         (0, 0, 9)      [] [S]
    471     0x00014F80       0xFFFFFF80      0x00000100         (0, 1, 9)      [2] []
    472     0x0000F980       0xFFFFFF80      0x00000018         (0, 0, 15)      [] [W, SW]
    473     0x00019980       0xFFFFFF80      0x00000003         (0, 1, 3)      [] [E, NE]
    474     0x0000F280       0xFFFFFF80      0x00000400         (0, 0, 14)      [4] []
    475     0x0002B500       0xFFFFFF00      0x00000002         (0, 2, 6)      [] [NE]
    476     0x00015700       0xFFFFFF80      0x00000010         (0, 1, 10)      [] [SW]
    477     0x00019200       0xFFFFFF80      0x00000010         (0, 1, 2)      [] [SW]
    478     0x00000180       0xFFFFFF80      0x00004000         (0, 0, 0)      [8] []
    479     0x0001A200       0xFFFFFF80      0x00000002         (0, 1, 4)      [] [NE]
    480     0x00013B80       0xFFFFFF80      0x00000008         (0, 1, 7)      [] [W]
    481     0x0000EC00       0xFFFFFF80      0x00000008         (0, 0, 13)      [] [W]
    482     0x0000A480       0xFFFFFF80      0x00000008         (0, 0, 4)      [] [W]
    483     0x0000A200       0xFFFFFF80      0x00000800         (0, 0, 4)      [5] []
    484     0x0000F200       0xFFFFFF80      0x00000200         (0, 0, 14)      [3] []
    485     0x00011E00       0xFFFFFF80      0x00000008         (0, 1, 3)      [] [W]
    486     0x00014980       0xFFFFFF80      0x00000010         (0, 1, 9)      [] [SW]
    487     0x00005500       0xFFFFFF80      0x00080000         (0, 0, 10)      [13] []
    488     0x00004A00       0xFFFFFF80      0x00000020         (0, 0, 9)      [] [S]
    489     0x0001BE00       0xFFFFFF80      0x00000002         (0, 1, 7)      [] [NE]
    490     0x00000300       0xFFFFFF80      0x00020004         (0, 0, 0)      [11] [N]
    491     0x0000B000       0xFFFFFF80      0x00001000         (0, 0, 6)      [6] []
    492     0x00006380       0xFFFFFF80      0x00200000         (0, 0, 12)      [15] []
    493     0x0002BD00       0xFFFFFF00      0x00000004         (0, 2, 7)      [] [N]
    494     0x00000600       0xFFFFFF80      0x00800006         (0, 0, 0)      [17] [NE, N]
    495     0x0000B380       0xFFFFFF80      0x00000018         (0, 0, 6)      [] [W, SW]
    496     0x00002D80       0xFFFFFF80      0x00300000         (0, 0, 5)      [14, 15] []
    497     0x00056500       0xFFFFFF00      0x00000010         (0, 5, 12)      [] [SW]
    498     0x00001480       0xFFFFFF80      0x00001F80         (0, 0, 2)      [1, 2, 3, 4, 5, 6] []
    499     0x00000780       0xFFFFFF80      0x00000006         (0, 0, 0)      [] [NE, N]
    500     0x0002BF00       0xFFFFFF00      0x00000004         (0, 2, 7)      [] [N]
    501     0x00012000       0xFFFFFF80      0x00000008         (0, 1, 4)      [] [W]
    502     0x00006300       0xFFFFFF80      0x00100000         (0, 0, 12)      [14] []
    503     0x00005380       0xFFFFFF80      0x00000008         (0, 0, 10)      [] [W]
    504     0x00002D00       0xFFFFFF80      0x00180000         (0, 0, 5)      [13, 14] []
    505     0x00013200       0xFFFFFF80      0x00000008         (0, 1, 6)      [] [W]
    506     0x0000D000       0xFFFFFF80      0x00000008         (0, 0, 10)      [] [W]
    507     0x0000F580       0xFFFFFF80      0x00000018         (0, 0, 14)      [] [W, SW]
    508     0x0000CE80       0xFFFFFF80      0x00000008         (0, 0, 9)      [] [W]
    509     0x0000C300       0xFFFFFF80      0x00000010         (0, 0, 8)      [] [SW]
    510     0x00001B00       0xFFFFFF80      0x00001FB7         (0, 0, 3)      [1, 2, 3, 4, 5, 6] [E, NE, N, SW, S]
    511     0x00004F00       0xFFFFFF80      0x00000080         (0, 0, 9)      [1] []
    512     0x00000C80       0xFFFFFF80      0x00000600         (0, 0, 1)      [3, 4] []
    513     0x0001C380       0xFFFFFF80      0x00000002         (0, 1, 8)      [] [NE]
    514     0x00013C00       0xFFFFFF80      0x00000008         (0, 1, 7)      [] [W]
    515     0x00004600       0xFFFFFF80      0x00010020         (0, 0, 8)      [10] [S]
    516     0x00005D00       0xFFFFFF80      0x00000100         (0, 0, 11)      [2] []
    517     0x0002B600       0xFFFFFF00      0x00000002         (0, 2, 6)      [] [NE]
    518     0x00014800       0xFFFFFF80      0x00000010         (0, 1, 9)      [] [SW]
    519     0x00008580       0xFFFFFF80      0x00000100         (0, 0, 0)      [2] []
    520     0x00015100       0xFFFFFF80      0x00000800         (0, 1, 10)      [5] []
    521     0x00022180       0xFFFFFF80      0x00000001         (0, 2, 4)      [] [E]
    522     0x00014080       0xFFFFFF80      0x00000018         (0, 1, 8)      [] [W, SW]
    523     0x0002C000       0xFFFFFF00      0x00000004         (0, 2, 8)      [] [N]
    524     0x00018280       0xFFFFFF80      0x00000008         (0, 1, 0)      [] [W]
    525     0x00014580       0xFFFFFF80      0x00000010         (0, 1, 8)      [] [SW]
    526     0x00002500       0xFFFFFF80      0x00FFE000         (0, 0, 4)      [7, 8, 9, 10, 11, 12, 13, 14, 15, 16, 17] []
    527     0x0001AA00       0xFFFFFF80      0x00000001         (0, 1, 5)      [] [E]
    528     0x0000B400       0xFFFFFF80      0x00000018         (0, 0, 6)      [] [W, SW]
    529     0x0002AF00       0xFFFFFF00      0x00000002         (0, 2, 5)      [] [NE]
    530     0x00012100       0xFFFFFF80      0x00000008         (0, 1, 4)      [] [W]
    531     0x00022500       0xFFFFFF80      0x00000400         (0, 2, 4)      [4] []
    532     0x00012E00       0xFFFFFF80      0x00000008         (0, 1, 5)      [] [W]
    533     0x00000D80       0xFFFFFF80      0x00001800         (0, 0, 1)      [5, 6] []
    534     0x0000E900       0xFFFFFF80      0x00000008         (0, 0, 13)      [] [W]
    535     0x00001C00       0xFFFFFF80      0x00FFE021         (0, 0, 3)      [7, 8, 9, 10, 11, 12, 13, 14, 15, 16, 17] [E, S]
    536     0x00010880       0xFFFFFF80      0x00000010         (0, 1, 1)      [] [SW]
    537     0x0000F700       0xFFFFFF80      0x00000018         (0, 0, 14)      [] [W, SW]
    538     0x0000C900       0xFFFFFF80      0x00000100         (0, 0, 9)      [2] []
    539     0x00014A80       0xFFFFFF80      0x00000010         (0, 1, 9)      [] [SW]
    540     0x00055B00       0xFFFFFF00      0x00000010         (0, 5, 11)      [] [SW]
    541     0x00013F80       0xFFFFFF80      0x00000008         (0, 1, 7)      [] [W]
    542     0x00012F80       0xFFFFFF80      0x00000008         (0, 1, 5)      [] [W]
    543     0x00014E80       0xFFFFFF80      0x00000010         (0, 1, 9)      [] [SW]
    544     0x00019080       0xFFFFFF80      0x00000010         (0, 1, 2)      [] [SW]
    545     0x0000FA80       0xFFFFFF80      0x00000018         (0, 0, 15)      [] [W, SW]
    546     0x00000380       0xFFFFFF80      0x00040004         (0, 0, 0)      [12] [N]
    547     0x00001A00       0xFFFFFF80      0x00001FB7         (0, 0, 3)      [1, 2, 3, 4, 5, 6] [E, NE, N, SW, S]
    548     0x00005080       0xFFFFFF80      0x00000400         (0, 0, 10)      [4] []
    549     0x0000CD00       0xFFFFFF80      0x00000008         (0, 0, 9)      [] [W]
    550     0x00012F00       0xFFFFFF80      0x00000008         (0, 1, 5)      [] [W]
    551     0x00012D80       0xFFFFFF80      0x00000008         (0, 1, 5)      [] [W]
    552     0x00005D80       0xFFFFFF80      0x00000200         (0, 0, 11)      [3] []
    553     0x0000A180       0xFFFFFF80      0x00000400         (0, 0, 4)      [4] []
    554     0x00005580       0xFFFFFF80      0x00100000         (0, 0, 10)      [14] []
    555     0x00055A00       0xFFFFFF00      0x00000010         (0, 5, 11)      [] [SW]
    556     0x00019000       0xFFFFFF80      0x00000010         (0, 1, 2)      [] [SW]
    557     0x00019380       0xFFFFFF80      0x00000010         (0, 1, 2)      [] [SW]
    558     0x00002200       0xFFFFFF80      0x00FFE000         (0, 0, 4)      [7, 8, 9, 10, 11, 12, 13, 14, 15, 16, 17] []
    559     0x0000AF80       0xFFFFFF80      0x00000800         (0, 0, 5)      [5] []
    560     0x00002580       0xFFFFFF80      0x00FFE000         (0, 0, 4)      [7, 8, 9, 10, 11, 12, 13, 14, 15, 16, 17] []
    561     0x00012880       0xFFFFFF80      0x00000400         (0, 1, 5)      [4] []
    562     0x00008180       0xFFFFFF80      0x00000020         (0, 0, 0)      [] [S]
    563     0x0000CF80       0xFFFFFF80      0x00000008         (0, 0, 9)      [] [W]
    564     0x00022580       0xFFFFFF80      0x00000800         (0, 2, 4)      [5] []
    565     0x00012800       0xFFFFFF80      0x00000200         (0, 1, 5)      [3] []
    566     0x0001BB00       0xFFFFFF80      0x00000002         (0, 1, 7)      [] [NE]
    567     0x0002AD00       0xFFFFFF00      0x00000002         (0, 2, 5)      [] [NE]
    568     0x0000E480       0xFFFFFF80      0x00000200         (0, 0, 12)      [3] []
    569     0x00009500       0xFFFFFF80      0x00001000         (0, 0, 2)      [6] []
    570     0x00002F00       0xFFFFFF80      0x00800000         (0, 0, 5)      [17] []
    571     0x00027000       0xFFFFFF00      0x00100000         (0, 2, 14)      [14] []
    572     0x00002300       0xFFFFFF80      0x00FFE000         (0, 0, 4)      [7, 8, 9, 10, 11, 12, 13, 14, 15, 16, 17] []
    573     0x00022100       0xFFFFFF80      0x00000001         (0, 2, 4)      [] [E]
    574     0x00002E00       0xFFFFFF80      0x00600000         (0, 0, 5)      [16, 15] []
    575     0x00017E80       0xFFFFFF80      0x00000008         (0, 1, 15)      [] [W]
    576     0x00019480       0xFFFFFF80      0x00000002         (0, 1, 2)      [] [NE]
    577     0x00001D00       0xFFFFFF80      0x00FFE023         (0, 0, 3)      [7, 8, 9, 10, 11, 12, 13, 14, 15, 16, 17] [E, NE, S]
    578     0x0000BB00       0xFFFFFF80      0x00000080         (0, 0, 7)      [1] []
    579     0x00014200       0xFFFFFF80      0x00000080         (0, 1, 8)      [1] []
    580     0x00055D00       0xFFFFFF00      0x00000010         (0, 5, 11)      [] [SW]
    581     0x00004200       0xFFFFFF80      0x00000100         (0, 0, 8)      [2] []
    582     0x0000EB00       0xFFFFFF80      0x00000008         (0, 0, 13)      [] [W]
    583     0x0000ED00       0xFFFFFF80      0x00000008         (0, 0, 13)      [] [W]
    584     0x0002AA00       0xFFFFFF00      0x00000002         (0, 2, 5)      [] [NE]
    585     0x00005F00       0xFFFFFF80      0x00001000         (0, 0, 11)      [6] []
    586     0x0001A380       0xFFFFFF80      0x00000002         (0, 1, 4)      [] [NE]
    587     0x00006E00       0xFFFFFF80      0x00000010         (0, 0, 13)      [] [SW]
    588     0x0000D680       0xFFFFFF80      0x00000100         (0, 0, 10)      [2] []
    589     0x00012C00       0xFFFFFF80      0x00000008         (0, 1, 5)      [] [W]
    590     0x00006B00       0xFFFFFF80      0x00000200         (0, 0, 13)      [3] []
    591     0x0002C700       0xFFFFFF00      0x00000004         (0, 2, 8)      [] [N]
    592     0x00014400       0xFFFFFF80      0x00000800         (0, 1, 8)      [5] []
    593     0x00013300       0xFFFFFF80      0x00000008         (0, 1, 6)      [] [W]
    594     0x00002C80       0xFFFFFF80      0x000C0000         (0, 0, 5)      [12, 13] []
    595     0x00002900       0xFFFFFF80      0x00FFF800         (0, 0, 5)      [5, 6, 7, 8, 9, 10, 11, 12, 13, 14, 15, 16, 17] []
    596     0x00006F00       0xFFFFFF80      0x00000018         (0, 0, 13)      [] [W, SW]
    597     0x0002B700       0xFFFFFF00      0x00000002         (0, 2, 6)      [] [NE]
    598     0x00055900       0xFFFFFF00      0x00000010         (0, 5, 11)      [] [SW]
    599     0x00014280       0xFFFFFF80      0x00000100         (0, 1, 8)      [2] []
    600     0x00001600       0xFFFFFF80      0x00001F80         (0, 0, 2)      [1, 2, 3, 4, 5, 6] []
    601     0x0002C300       0xFFFFFF00      0x00000004         (0, 2, 8)      [] [N]
    602     0x00015680       0xFFFFFF80      0x00000010         (0, 1, 10)      [] [SW]
    603     0x00012780       0xFFFFFF80      0x00000100         (0, 1, 4)      [2] []
    604     0x00012980       0xFFFFFF80      0x00001000         (0, 1, 5)      [6] []
    605     0x00006280       0xFFFFFF80      0x00080000         (0, 0, 12)      [13] []
    606     0x0001BD80       0xFFFFFF80      0x00000002         (0, 1, 7)      [] [NE]
    607     0x0000E600       0xFFFFFF80      0x00001000         (0, 0, 12)      [6] []
    608     0x00000D00       0xFFFFFF80      0x00000C00         (0, 0, 1)      [4, 5] []
    609     0x00001080       0xFFFFFF80      0x00061F80         (0, 0, 2)      [1, 2, 3, 4, 5, 6, 11, 12] []
    610     0x0000DE80       0xFFFFFF80      0x00000008         (0, 0, 11)      [] [W]
    611     0x00003900       0xFFFFFF80      0x00020000         (0, 0, 7)      [11] []
    612     0x00013A00       0xFFFFFF80      0x00000008         (0, 1, 7)      [] [W]
    613     0x0000A600       0xFFFFFF80      0x00000008         (0, 0, 4)      [] [W]
    614     0x00012300       0xFFFFFF80      0x00000008         (0, 1, 4)      [] [W]
    615     0x0000DF00       0xFFFFFF80      0x00000008         (0, 0, 11)      [] [W]
    616     0x00055F00       0xFFFFFF00      0x00000010         (0, 5, 11)      [] [SW]
    617     0x00010580       0xFFFFFF80      0x00000010         (0, 1, 0)      [] [SW]
    618     0x00018E00       0xFFFFFF80      0x00000010         (0, 1, 1)      [] [SW]
    619     0x00012080       0xFFFFFF80      0x00000008         (0, 1, 4)      [] [W]
    620     0x0000BF80       0xFFFFFF80      0x00000010         (0, 0, 7)      [] [SW]
    621     0x00015380       0xFFFFFF80      0x00000010         (0, 1, 10)      [] [SW]
    622     0x00013100       0xFFFFFF80      0x00000008         (0, 1, 6)      [] [W]
    623     0x0000BD00       0xFFFFFF80      0x00000800         (0, 0, 7)      [5] []
    624     0x00013900       0xFFFFFF80      0x00000008         (0, 1, 7)      [] [W]
    625     0x00007B00       0xFFFFFF80      0x00000010         (0, 0, 15)      [] [SW]
    626     0x0000B180       0xFFFFFF80      0x00000010         (0, 0, 6)      [] [SW]
    627     0x00011E80       0xFFFFFF80      0x00000008         (0, 1, 3)      [] [W]
    628     0x0002BA00       0xFFFFFF00      0x00000004         (0, 2, 7)      [] [N]
    629     0x0001AB00       0xFFFFFF80      0x00000001         (0, 1, 5)      [] [E]
    630     0x00011B00       0xFFFFFF80      0x00000400         (0, 1, 3)      [4] []
    631     0x00001280       0xFFFFFF80      0x00601F80         (0, 0, 2)      [1, 2, 3, 4, 5, 6, 15, 16] []
    632     0x00009780       0xFFFFFF80      0x00000008         (0, 0, 2)      [] [W]
    633     0x00010800       0xFFFFFF80      0x00000010         (0, 1, 1)      [] [SW]
    634     0x00001D80       0xFFFFFF80      0x00FFE027         (0, 0, 3)      [7, 8, 9, 10, 11, 12, 13, 14, 15, 16, 17] [E, NE, N, S]
    635     0x00021B00       0xFFFFFF80      0x00020001         (0, 2, 3)      [11] [E]
    636     0x00056600       0xFFFFFF00      0x00000010         (0, 5, 12)      [] [SW]
    637     0x00021900       0xFFFFFF80      0x00002000         (0, 2, 3)      [7] []
    638     0x00000B00       0xFFFFFF80      0x00000080         (0, 0, 1)      [1] []
    639     0x00002600       0xFFFFFF80      0x00FFE000         (0, 0, 4)      [7, 8, 9, 10, 11, 12, 13, 14, 15, 16, 17] []
    640     0x0001AB80       0xFFFFFF80      0x00000001         (0, 1, 5)      [] [E]
    641     0x0002C100       0xFFFFFF00      0x00000004         (0, 2, 8)      [] [N]
    642     0x00019C80       0xFFFFFF80      0x00000002         (0, 1, 3)      [] [NE]
    643     0x00001F80       0xFFFFFF80      0x00FFE027         (0, 0, 3)      [7, 8, 9, 10, 11, 12, 13, 14, 15, 16, 17] [E, NE, N, S]
    644     0x00004780       0xFFFFFF80      0x00080020         (0, 0, 8)      [13] [S]
    645     0x00019B80       0xFFFFFF80      0x00000003         (0, 1, 3)      [] [E, NE]
    646     0x00013080       0xFFFFFF80      0x00000008         (0, 1, 6)      [] [W]
    647     0x0002BE00       0xFFFFFF00      0x00000004         (0, 2, 7)      [] [N]
    648     0x00006480       0xFFFFFF80      0x00800000         (0, 0, 12)      [17] []
    649     0x00005700       0xFFFFFF80      0x00800000         (0, 0, 10)      [17] []
    650     0x00014480       0xFFFFFF80      0x00001000         (0, 1, 8)      [6] []
    651     0x00007980       0xFFFFFF80      0x00000800         (0, 0, 15)      [5] []
    652     0x00001880       0xFFFFFF80      0x00001F80         (0, 0, 3)      [1, 2, 3, 4, 5, 6] []
