router contains 542 entries 
 
  Index   Key(hex)    Mask(hex)    Route(hex)    Src. Core -> [Cores][Links]
------------------------------------------------------------------------------
    0     0x0001E100       0xFFFFFF80      0x00000800         (0, 1, 12)      [5] []
    1     0x00010E00       0xFFFFFF80      0x00000002         (0, 1, 1)      [] [NE]
    2     0x00021080       0xFFFFFF80      0x00FF0000         (0, 2, 2)      [10, 11, 12, 13, 14, 15, 16, 17] []
    3     0x0001DC00       0xFFFFFF80      0x00001000         (0, 1, 11)      [6] []
    4     0x0001A680       0xFFFFFF80      0x00000410         (0, 1, 4)      [4] [SW]
    5     0x00004380       0xFFFFFF80      0x00000010         (0, 0, 8)      [] [SW]
    6     0x00017E00       0xFFFFFF80      0x00000802         (0, 1, 15)      [5] [NE]
    7     0x00016800       0xFFFFFF80      0x00004002         (0, 1, 13)      [8] [NE]
    8     0x00023080       0xFFFFFF80      0x00008000         (0, 2, 6)      [9] []
    9     0x00014900       0xFFFFFF80      0x00040000         (0, 1, 9)      [12] []
    10     0x0000ED80       0xFFFFFF80      0x00000200         (0, 0, 13)      [3] []
    11     0x00011180       0xFFFFFF80      0x00000002         (0, 1, 2)      [] [NE]
    12     0x00022A00       0xFFFFFF80      0x00020001         (0, 2, 5)      [11] [E]
    13     0x0001EB00       0xFFFFFF80      0x00001000         (0, 1, 13)      [6] []
    14     0x00013200       0xFFFFFF80      0x00000802         (0, 1, 6)      [5] [NE]
    15     0x0001D580       0xFFFFFF80      0x00000830         (0, 1, 10)      [5] [SW, S]
    16     0x00013B00       0xFFFFFF80      0x00020002         (0, 1, 7)      [11] [NE]
    17     0x00022F80       0xFFFFFF80      0x00002000         (0, 2, 5)      [7] []
    18     0x00022D80       0xFFFFFF80      0x00000200         (0, 2, 5)      [3] []
    19     0x00012400       0xFFFFFF80      0x00000400         (0, 1, 4)      [4] []
    20     0x00022480       0xFFFFFF80      0x00000021         (0, 2, 4)      [] [E, S]
    21     0x0001E380       0xFFFFFF80      0x00200000         (0, 1, 12)      [15] []
    22     0x00017300       0xFFFFFF80      0x00001002         (0, 1, 14)      [6] [NE]
    23     0x00018880       0xFFFFFF80      0x00000400         (0, 1, 1)      [4] []
    24     0x00018900       0xFFFFFF80      0x00000800         (0, 1, 1)      [5] []
    25     0x0000B580       0xFFFFFF80      0x00100000         (0, 0, 6)      [14] []
    26     0x00012200       0xFFFFFF80      0x00200000         (0, 1, 4)      [15] []
    27     0x0005BE00       0xFFFFFF00      0x00800000         (0, 5, 7)      [17] []
    28     0x00013000       0xFFFFFF80      0x00400080         (0, 1, 6)      [16, 1] []
    29     0x00014A00       0xFFFFFF80      0x00100000         (0, 1, 9)      [14] []
    30     0x00019C80       0xFFFFFF80      0x00000218         (0, 1, 3)      [3] [W, SW]
    31     0x00011F80       0xFFFFFF80      0x00010000         (0, 1, 3)      [10] []
    32     0x00010D00       0xFFFFFF80      0x00000002         (0, 1, 1)      [] [NE]
    33     0x00022A80       0xFFFFFF80      0x00040001         (0, 2, 5)      [12] [E]
    34     0x00001B00       0xFFFFFF80      0x00000010         (0, 0, 3)      [] [SW]
    35     0x0001DD80       0xFFFFFF80      0x00008000         (0, 1, 11)      [9] []
    36     0x0001DE00       0xFFFFFF80      0x00100000         (0, 1, 11)      [14] []
    37     0x0001D000       0xFFFFFF80      0x00002030         (0, 1, 10)      [7] [SW, S]
    38     0x00012500       0xFFFFFF80      0x00001000         (0, 1, 4)      [6] []
    39     0x0002A500       0xFFFFFF00      0x00000002         (0, 2, 4)      [] [NE]
    40     0x0000F880       0xFFFFFF80      0x00080000         (0, 0, 15)      [13] []
    41     0x00004500       0xFFFFFF80      0x00000010         (0, 0, 8)      [] [SW]
    42     0x00016100       0xFFFFFF80      0x00000002         (0, 1, 12)      [] [NE]
    43     0x00015780       0xFFFFFF80      0x00200000         (0, 1, 10)      [15] []
    44     0x0000DD00       0xFFFFFF80      0x00040000         (0, 0, 11)      [12] []
    45     0x0001EB80       0xFFFFFF80      0x00002000         (0, 1, 13)      [7] []
    46     0x00019800       0xFFFFFF80      0x00000010         (0, 1, 3)      [] [SW]
    47     0x00021000       0xFFFFFF80      0x0000FF80         (0, 2, 2)      [1, 2, 3, 4, 5, 6, 7, 8, 9] []
    48     0x0001A200       0xFFFFFF80      0x00010010         (0, 1, 4)      [10] [SW]
    49     0x0001CB80       0xFFFFFF80      0x000C0010         (0, 1, 9)      [12, 13] [SW]
    50     0x0001A500       0xFFFFFF80      0x00400090         (0, 1, 4)      [16, 1] [SW]
    51     0x0001A800       0xFFFFFF80      0x00002010         (0, 1, 5)      [7] [SW]
    52     0x0000DD80       0xFFFFFF80      0x00080000         (0, 0, 11)      [13] []
    53     0x00022B00       0xFFFFFF80      0x00080001         (0, 2, 5)      [13] [E]
    54     0x00017C00       0xFFFFFF80      0x00400080         (0, 1, 15)      [16, 1] []
    55     0x00012100       0xFFFFFF80      0x00080000         (0, 1, 4)      [13] []
    56     0x0001AF80       0xFFFFFF80      0x00000430         (0, 1, 5)      [4] [SW, S]
    57     0x00012F00       0xFFFFFF80      0x00100002         (0, 1, 5)      [14] [NE]
    58     0x0001B180       0xFFFFFF80      0x00004030         (0, 1, 6)      [8] [SW, S]
    59     0x00016D80       0xFFFFFF80      0x00010000         (0, 1, 13)      [10] []
    60     0x0000F980       0xFFFFFF80      0x00200000         (0, 0, 15)      [15] []
    61     0x00011380       0xFFFFFF80      0x00080002         (0, 1, 2)      [13] [NE]
    62     0x0001DA00       0xFFFFFF80      0x00800100         (0, 1, 11)      [17, 2] []
    63     0x00020880       0xFFFFFF80      0x00000010         (0, 2, 1)      [] [SW]
    64     0x0001C900       0xFFFFFF80      0x00FF3010         (0, 1, 9)      [6, 7, 10, 11, 12, 13, 14, 15, 16, 17] [SW]
    65     0x00015880       0xFFFFFF80      0x00800100         (0, 1, 11)      [17, 2] []
    66     0x0001BD00       0xFFFFFF80      0x0018FFB0         (0, 1, 7)      [1, 2, 3, 4, 5, 6, 7, 8, 9, 13, 14] [SW, S]
    67     0x00013D00       0xFFFFFF80      0x00200002         (0, 1, 7)      [15] [NE]
    68     0x0001C600       0xFFFFFF80      0x00FF00BE         (0, 1, 8)      [1, 10, 11, 12, 13, 14, 15, 16, 17] [NE, N, W, SW, S]
    69     0x00018580       0xFFFFFF80      0x00080000         (0, 1, 0)      [13] []
    70     0x0000DC00       0xFFFFFF80      0x00010000         (0, 0, 11)      [10] []
    71     0x00015B80       0xFFFFFF80      0x00004000         (0, 1, 11)      [8] []
    72     0x00021B80       0xFFFFFF80      0x00000020         (0, 2, 3)      [] [S]
    73     0x00018280       0xFFFFFF80      0x00000002         (0, 1, 0)      [] [NE]
    74     0x00029900       0xFFFFFF00      0x00000002         (0, 2, 3)      [] [NE]
    75     0x0000DE00       0xFFFFFF80      0x00100000         (0, 0, 11)      [14] []
    76     0x00013F80       0xFFFFFF80      0x00000800         (0, 1, 7)      [5] []
    77     0x00018680       0xFFFFFF80      0x00200000         (0, 1, 0)      [15] []
    78     0x0005B800       0xFFFFFF00      0x00020000         (0, 5, 7)      [11] []
    79     0x00019780       0xFFFFFF80      0x00000010         (0, 1, 2)      [] [SW]
    80     0x00019F00       0xFFFFFF80      0x00004018         (0, 1, 3)      [8] [W, SW]
    81     0x00018200       0xFFFFFF80      0x00000002         (0, 1, 0)      [] [NE]
    82     0x0001D680       0xFFFFFF80      0x00002030         (0, 1, 10)      [7] [SW, S]
    83     0x0001C680       0xFFFFFF80      0x00FF01BC         (0, 1, 8)      [1, 2, 10, 11, 12, 13, 14, 15, 16, 17] [N, W, SW, S]
    84     0x00017200       0xFFFFFF80      0x00000402         (0, 1, 14)      [4] [NE]
    85     0x00019000       0xFFFFFF80      0x00080000         (0, 1, 2)      [13] []
    86     0x00016E80       0xFFFFFF80      0x00040000         (0, 1, 13)      [12] []
    87     0x0000D080       0xFFFFFF80      0x00100000         (0, 0, 10)      [14] []
    88     0x0002A600       0xFFFFFF00      0x00000002         (0, 2, 4)      [] [NE]
    89     0x00012D80       0xFFFFFF80      0x00020000         (0, 1, 5)      [11] []
    90     0x0000A780       0xFFFFFF80      0x00080000         (0, 0, 4)      [13] []
    91     0x0000DF80       0xFFFFFF80      0x00800100         (0, 0, 11)      [17, 2] []
    92     0x0000C100       0xFFFFFF80      0x00010000         (0, 0, 8)      [10] []
    93     0x0001C780       0xFFFFFF80      0x00FF0610         (0, 1, 8)      [3, 4, 10, 11, 12, 13, 14, 15, 16, 17] [SW]
    94     0x00015680       0xFFFFFF80      0x00080000         (0, 1, 10)      [13] []
    95     0x0001ED00       0xFFFFFF80      0x00800100         (0, 1, 13)      [17, 2] []
    96     0x0000CF80       0xFFFFFF80      0x00040000         (0, 0, 9)      [12] []
    97     0x0001A100       0xFFFFFF80      0x00000010         (0, 1, 4)      [] [SW]
    98     0x0000EA80       0xFFFFFF80      0x00040000         (0, 0, 13)      [12] []
    99     0x00014C80       0xFFFFFF80      0x00000400         (0, 1, 9)      [4] []
    100     0x0001E000       0xFFFFFF80      0x00000200         (0, 1, 12)      [3] []
    101     0x00010980       0xFFFFFF80      0x00000800         (0, 1, 1)      [5] []
    102     0x00015A00       0xFFFFFF80      0x00000800         (0, 1, 11)      [5] []
    103     0x00019300       0xFFFFFF80      0x00000400         (0, 1, 2)      [4] []
    104     0x0000C380       0xFFFFFF80      0x00200000         (0, 0, 8)      [15] []
    105     0x00022C80       0xFFFFFF80      0x00400080         (0, 2, 5)      [16, 1] []
    106     0x00014100       0xFFFFFF80      0x00004000         (0, 1, 8)      [8] []
    107     0x0000FB00       0xFFFFFF80      0x00000200         (0, 0, 15)      [3] []
    108     0x0001F400       0xFFFFFF80      0x00008002         (0, 1, 14)      [9] [NE]
    109     0x0001E480       0xFFFFFF80      0x00800100         (0, 1, 12)      [17, 2] []
    110     0x0001EE00       0xFFFFFF80      0x00000400         (0, 1, 13)      [4] []
    111     0x0001F800       0xFFFFFF80      0x00001002         (0, 1, 15)      [6] [NE]
    112     0x0001C500       0xFFFFFF80      0x00FF0036         (0, 1, 8)      [10, 11, 12, 13, 14, 15, 16, 17] [NE, N, SW, S]
    113     0x0001B300       0xFFFFFF80      0x00000030         (0, 1, 6)      [] [SW, S]
    114     0x0001E400       0xFFFFFF80      0x00400080         (0, 1, 12)      [16, 1] []
    115     0x00029600       0xFFFFFF00      0x00000002         (0, 2, 2)      [] [NE]
    116     0x0001B980       0xFFFFFF80      0x00006030         (0, 1, 7)      [8, 7] [SW, S]
    117     0x00017080       0xFFFFFF80      0x00400080         (0, 1, 14)      [16, 1] []
    118     0x00011500       0xFFFFFF80      0x00400080         (0, 1, 2)      [16, 1] []
    119     0x00014B00       0xFFFFFF80      0x00400080         (0, 1, 9)      [16, 1] []
    120     0x00011780       0xFFFFFF80      0x00001000         (0, 1, 2)      [6] []
    121     0x00011080       0xFFFFFF80      0x00000002         (0, 1, 2)      [] [NE]
    122     0x0005B100       0xFFFFFF00      0x00000400         (0, 5, 6)      [4] []
    123     0x0005B700       0xFFFFFF00      0x00010000         (0, 5, 6)      [10] []
    124     0x00009980       0xFFFFFF80      0x00040000         (0, 0, 3)      [12] []
    125     0x0001A900       0xFFFFFF80      0x00008010         (0, 1, 5)      [9] [SW]
    126     0x0001F500       0xFFFFFF80      0x00000802         (0, 1, 14)      [5] [NE]
    127     0x00019500       0xFFFFFF80      0x00004010         (0, 1, 2)      [8] [SW]
    128     0x0001A080       0xFFFFFF80      0x00000010         (0, 1, 4)      [] [SW]
    129     0x00018F00       0xFFFFFF80      0x00020000         (0, 1, 1)      [11] []
    130     0x00010D80       0xFFFFFF80      0x00000002         (0, 1, 1)      [] [NE]
    131     0x00022F00       0xFFFFFF80      0x00001000         (0, 2, 5)      [6] []
    132     0x0001A480       0xFFFFFF80      0x00200010         (0, 1, 4)      [15] [SW]
    133     0x00019E80       0xFFFFFF80      0x00002018         (0, 1, 3)      [7] [W, SW]
    134     0x00019B80       0xFFFFFF80      0x00400090         (0, 1, 3)      [16, 1] [SW]
    135     0x00017900       0xFFFFFF80      0x00010002         (0, 1, 15)      [10] [NE]
    136     0x00021C80       0xFFFFFF80      0x00000020         (0, 2, 3)      [] [S]
    137     0x0001B600       0xFFFFFF80      0x002000B0         (0, 1, 6)      [1, 15] [SW, S]
    138     0x00015580       0xFFFFFF80      0x00020000         (0, 1, 10)      [11] []
    139     0x00010900       0xFFFFFF80      0x00000400         (0, 1, 1)      [4] []
    140     0x0001F900       0xFFFFFF80      0x00004010         (0, 1, 15)      [8] [SW]
    141     0x00017D00       0xFFFFFF80      0x00000202         (0, 1, 15)      [3] [NE]
    142     0x00029700       0xFFFFFF00      0x00000002         (0, 2, 2)      [] [NE]
    143     0x0001DC80       0xFFFFFF80      0x00002000         (0, 1, 11)      [7] []
    144     0x00019D80       0xFFFFFF80      0x00000818         (0, 1, 3)      [5] [W, SW]
    145     0x0001EF80       0xFFFFFF80      0x00002000         (0, 1, 13)      [7] []
    146     0x00011680       0xFFFFFF80      0x00000400         (0, 1, 2)      [4] []
    147     0x0000FB80       0xFFFFFF80      0x00000400         (0, 0, 15)      [4] []
    148     0x00019D00       0xFFFFFF80      0x00000418         (0, 1, 3)      [4] [W, SW]
    149     0x00010480       0xFFFFFF80      0x00010000         (0, 1, 0)      [10] []
    150     0x00019080       0xFFFFFF80      0x00100000         (0, 1, 2)      [14] []
    151     0x00011400       0xFFFFFF80      0x00100002         (0, 1, 2)      [14] [NE]
    152     0x0005B900       0xFFFFFF00      0x00040000         (0, 5, 7)      [12] []
    153     0x00017100       0xFFFFFF80      0x00800100         (0, 1, 14)      [17, 2] []
    154     0x00019E00       0xFFFFFF80      0x00001018         (0, 1, 3)      [6] [W, SW]
    155     0x0001D980       0xFFFFFF80      0x00400080         (0, 1, 11)      [16, 1] []
    156     0x0001EC80       0xFFFFFF80      0x00008000         (0, 1, 13)      [9] []
    157     0x00022580       0xFFFFFF80      0x00000021         (0, 2, 4)      [] [E, S]
    158     0x0001A780       0xFFFFFF80      0x00001010         (0, 1, 4)      [6] [SW]
    159     0x00016180       0xFFFFFF80      0x00010002         (0, 1, 12)      [10] [NE]
    160     0x00018800       0xFFFFFF80      0x00000200         (0, 1, 1)      [3] []
    161     0x0000EC80       0xFFFFFF80      0x00400080         (0, 0, 13)      [16, 1] []
    162     0x00029D00       0xFFFFFF00      0x00000002         (0, 2, 3)      [] [NE]
    163     0x00015900       0xFFFFFF80      0x00000200         (0, 1, 11)      [3] []
    164     0x0000CF00       0xFFFFFF80      0x00020000         (0, 0, 9)      [11] []
    165     0x00019600       0xFFFFFF80      0x00000010         (0, 1, 2)      [] [SW]
    166     0x00029A00       0xFFFFFF00      0x00000002         (0, 2, 3)      [] [NE]
    167     0x00001980       0xFFFFFF80      0x00000010         (0, 0, 3)      [] [SW]
    168     0x00014F00       0xFFFFFF80      0x00008000         (0, 1, 9)      [9] []
    169     0x0005AE00       0xFFFFFF00      0x00000080         (0, 5, 5)      [1] []
    170     0x00013980       0xFFFFFF80      0x00000002         (0, 1, 7)      [] [NE]
    171     0x0001D600       0xFFFFFF80      0x00001030         (0, 1, 10)      [6] [SW, S]
    172     0x0001DB80       0xFFFFFF80      0x00000800         (0, 1, 11)      [5] []
    173     0x0001E300       0xFFFFFF80      0x00008000         (0, 1, 12)      [9] []
    174     0x0000D180       0xFFFFFF80      0x00400080         (0, 0, 10)      [16, 1] []
    175     0x00029B00       0xFFFFFF00      0x00000002         (0, 2, 3)      [] [NE]
    176     0x00014980       0xFFFFFF80      0x00080000         (0, 1, 9)      [13] []
    177     0x0000F800       0xFFFFFF80      0x00040000         (0, 0, 15)      [12] []
    178     0x00013280       0xFFFFFF80      0x00001002         (0, 1, 6)      [6] [NE]
    179     0x00017F00       0xFFFFFF80      0x00002002         (0, 1, 15)      [7] [NE]
    180     0x0005AF00       0xFFFFFF00      0x00000100         (0, 5, 5)      [2] []
    181     0x00004480       0xFFFFFF80      0x00000010         (0, 0, 8)      [] [SW]
    182     0x00022600       0xFFFFFF80      0x00000021         (0, 2, 4)      [] [E, S]
    183     0x00029C00       0xFFFFFF00      0x00000002         (0, 2, 3)      [] [NE]
    184     0x0005BB00       0xFFFFFF00      0x00100000         (0, 5, 7)      [14] []
    185     0x00016700       0xFFFFFF80      0x00001002         (0, 1, 12)      [6] [NE]
    186     0x00010780       0xFFFFFF80      0x00400080         (0, 1, 0)      [16, 1] []
    187     0x0001BA80       0xFFFFFF80      0x00008030         (0, 1, 7)      [9] [SW, S]
    188     0x0001DA80       0xFFFFFF80      0x00000200         (0, 1, 11)      [3] []
    189     0x00018000       0xFFFFFF80      0x00008002         (0, 1, 0)      [9] [NE]
    190     0x00011700       0xFFFFFF80      0x00000800         (0, 1, 2)      [5] []
    191     0x00021A00       0xFFFFFF80      0x00000020         (0, 2, 3)      [] [S]
    192     0x0001C000       0xFFFFFF80      0x0000FFBE         (0, 1, 8)      [1, 2, 3, 4, 5, 6, 7, 8, 9] [NE, N, W, SW, S]
    193     0x00012300       0xFFFFFF80      0x00800100         (0, 1, 4)      [17, 2] []
    194     0x0001D800       0xFFFFFF80      0x00080000         (0, 1, 11)      [13] []
    195     0x00022E00       0xFFFFFF80      0x00000400         (0, 2, 5)      [4] []
    196     0x00019980       0xFFFFFF80      0x00040010         (0, 1, 3)      [12] [SW]
    197     0x0001BF00       0xFFFFFF80      0x0080FFBC         (0, 1, 7)      [1, 2, 3, 4, 5, 6, 7, 8, 9, 17] [N, W, SW, S]
    198     0x00022700       0xFFFFFF80      0x00000021         (0, 2, 4)      [] [E, S]
    199     0x00022E80       0xFFFFFF80      0x00000800         (0, 2, 5)      [5] []
    200     0x0001CD80       0xFFFFFF80      0x00C00100         (0, 1, 9)      [16, 17, 2] []
    201     0x00018480       0xFFFFFF80      0x00020000         (0, 1, 0)      [11] []
    202     0x0001D700       0xFFFFFF80      0x00004030         (0, 1, 10)      [8] [SW, S]
    203     0x00014180       0xFFFFFF80      0x00008000         (0, 1, 8)      [9] []
    204     0x00012E80       0xFFFFFF80      0x00080002         (0, 1, 5)      [13] [NE]
    205     0x00010600       0xFFFFFF80      0x00080000         (0, 1, 0)      [13] []
    206     0x00019400       0xFFFFFF80      0x00001010         (0, 1, 2)      [6] [SW]
    207     0x00013380       0xFFFFFF80      0x00004002         (0, 1, 6)      [8] [NE]
    208     0x0001B380       0xFFFFFF80      0x00010030         (0, 1, 6)      [10] [SW, S]
    209     0x00017B80       0xFFFFFF80      0x00200002         (0, 1, 15)      [15] [NE]
    210     0x0001B900       0xFFFFFF80      0x00003030         (0, 1, 7)      [6, 7] [SW, S]
    211     0x00016580       0xFFFFFF80      0x00000202         (0, 1, 12)      [3] [NE]
    212     0x0000B480       0xFFFFFF80      0x00040000         (0, 0, 6)      [12] []
    213     0x00012080       0xFFFFFF80      0x00040000         (0, 1, 4)      [12] []
    214     0x0001A300       0xFFFFFF80      0x00040010         (0, 1, 4)      [12] [SW]
    215     0x0001B880       0xFFFFFF80      0x00001830         (0, 1, 7)      [5, 6] [SW, S]
    216     0x0001E880       0xFFFFFF80      0x00400080         (0, 1, 13)      [16, 1] []
    217     0x00012F80       0xFFFFFF80      0x00200002         (0, 1, 5)      [15] [NE]
    218     0x0001F700       0xFFFFFF80      0x00008002         (0, 1, 14)      [9] [NE]
    219     0x0001E180       0xFFFFFF80      0x00001000         (0, 1, 12)      [6] []
    220     0x00013880       0xFFFFFF80      0x00000002         (0, 1, 7)      [] [NE]
    221     0x0005BD00       0xFFFFFF00      0x00400000         (0, 5, 7)      [16] []
    222     0x0001B800       0xFFFFFF80      0x00000C30         (0, 1, 7)      [4, 5] [SW, S]
    223     0x00022500       0xFFFFFF80      0x00000021         (0, 2, 4)      [] [E, S]
    224     0x0000E980       0xFFFFFF80      0x00010000         (0, 0, 13)      [10] []
    225     0x0001F000       0xFFFFFF80      0x00004000         (0, 1, 14)      [8] []
    226     0x0001C280       0xFFFFFF80      0x0000FFBE         (0, 1, 8)      [1, 2, 3, 4, 5, 6, 7, 8, 9] [NE, N, W, SW, S]
    227     0x00014880       0xFFFFFF80      0x00020000         (0, 1, 9)      [11] []
    228     0x00019700       0xFFFFFF80      0x00000010         (0, 1, 2)      [] [SW]
    229     0x0001E080       0xFFFFFF80      0x00000400         (0, 1, 12)      [4] []
    230     0x0001D300       0xFFFFFF80      0x00200030         (0, 1, 10)      [15] [SW, S]
    231     0x00022280       0xFFFFFF80      0x00000020         (0, 2, 4)      [] [S]
    232     0x00014E00       0xFFFFFF80      0x00002000         (0, 1, 9)      [7] []
    233     0x0001F880       0xFFFFFF80      0x00002002         (0, 1, 15)      [7] [NE]
    234     0x0001C980       0xFFFFFF80      0x00FF6010         (0, 1, 9)      [7, 8, 10, 11, 12, 13, 14, 15, 16, 17] [SW]
    235     0x0001CA80       0xFFFFFF80      0x00030010         (0, 1, 9)      [10, 11] [SW]
    236     0x00022800       0xFFFFFF80      0x00000021         (0, 2, 5)      [] [E, S]
    237     0x00019100       0xFFFFFF80      0x00200000         (0, 1, 2)      [15] []
    238     0x00007D80       0xFFFFFF80      0x00010000         (0, 0, 15)      [10] []
    239     0x0000C280       0xFFFFFF80      0x00080000         (0, 0, 8)      [13] []
    240     0x0001EA80       0xFFFFFF80      0x00000800         (0, 1, 13)      [5] []
    241     0x00019680       0xFFFFFF80      0x00000010         (0, 1, 2)      [] [SW]
    242     0x0001A580       0xFFFFFF80      0x00800110         (0, 1, 4)      [17, 2] [SW]
    243     0x00020380       0xFFFFFF80      0x00000020         (0, 2, 0)      [] [S]
    244     0x00014000       0xFFFFFF80      0x00001000         (0, 1, 8)      [6] []
    245     0x0000F780       0xFFFFFF80      0x00020000         (0, 0, 14)      [11] []
    246     0x0001BB80       0xFFFFFF80      0x0003FFB0         (0, 1, 7)      [1, 2, 3, 4, 5, 6, 7, 8, 9, 10, 11] [SW, S]
    247     0x0001E900       0xFFFFFF80      0x00800100         (0, 1, 13)      [17, 2] []
    248     0x0001D780       0xFFFFFF80      0x00008030         (0, 1, 10)      [9] [SW, S]
    249     0x00012180       0xFFFFFF80      0x00100000         (0, 1, 4)      [14] []
    250     0x00022900       0xFFFFFF80      0x00000021         (0, 2, 5)      [] [E, S]
    251     0x0001B200       0xFFFFFF80      0x00008030         (0, 1, 6)      [9] [SW, S]
    252     0x0001ED80       0xFFFFFF80      0x00000200         (0, 1, 13)      [3] []
    253     0x0001AA80       0xFFFFFF80      0x00000010         (0, 1, 5)      [] [SW]
    254     0x0001BE80       0xFFFFFF80      0x00C0FFBE         (0, 1, 7)      [1, 2, 3, 4, 5, 6, 7, 8, 9, 16, 17] [NE, N, W, SW, S]
    255     0x0001D180       0xFFFFFF80      0x00040030         (0, 1, 10)      [12] [SW, S]
    256     0x0001B480       0xFFFFFF80      0x00040030         (0, 1, 6)      [12] [SW, S]
    257     0x00013D80       0xFFFFFF80      0x00400080         (0, 1, 7)      [16, 1] []
    258     0x00018700       0xFFFFFF80      0x00400080         (0, 1, 0)      [16, 1] []
    259     0x00015600       0xFFFFFF80      0x00040000         (0, 1, 10)      [12] []
    260     0x0001E700       0xFFFFFF80      0x00002000         (0, 1, 12)      [7] []
    261     0x0001DB00       0xFFFFFF80      0x00000400         (0, 1, 11)      [4] []
    262     0x0001EC00       0xFFFFFF80      0x00004000         (0, 1, 13)      [8] []
    263     0x00010C80       0xFFFFFF80      0x00000002         (0, 1, 1)      [] [NE]
    264     0x0001C380       0xFFFFFF80      0x00FF0036         (0, 1, 8)      [10, 11, 12, 13, 14, 15, 16, 17] [NE, N, SW, S]
    265     0x00016600       0xFFFFFF80      0x00000402         (0, 1, 12)      [4] [NE]
    266     0x0001CC00       0xFFFFFF80      0x00180010         (0, 1, 9)      [13, 14] [SW]
    267     0x0001C180       0xFFFFFF80      0x0000FFBE         (0, 1, 8)      [1, 2, 3, 4, 5, 6, 7, 8, 9] [NE, N, W, SW, S]
    268     0x00016500       0xFFFFFF80      0x00800100         (0, 1, 12)      [17, 2] []
    269     0x0000EB80       0xFFFFFF80      0x00100000         (0, 0, 13)      [14] []
    270     0x0001A600       0xFFFFFF80      0x00000210         (0, 1, 4)      [3] [SW]
    271     0x0001F480       0xFFFFFF80      0x00000402         (0, 1, 14)      [4] [NE]
    272     0x0005B200       0xFFFFFF00      0x00000800         (0, 5, 6)      [5] []
    273     0x00015C00       0xFFFFFF80      0x00008000         (0, 1, 11)      [9] []
    274     0x00013E80       0xFFFFFF80      0x00000202         (0, 1, 7)      [3] [NE]
    275     0x00029F00       0xFFFFFF00      0x00000002         (0, 2, 3)      [] [NE]
    276     0x00011580       0xFFFFFF80      0x00800100         (0, 1, 2)      [17, 2] []
    277     0x00017480       0xFFFFFF80      0x00008002         (0, 1, 14)      [9] [NE]
    278     0x00022780       0xFFFFFF80      0x00000021         (0, 2, 4)      [] [E, S]
    279     0x00015A80       0xFFFFFF80      0x00001000         (0, 1, 11)      [6] []
    280     0x00017780       0xFFFFFF80      0x00000002         (0, 1, 14)      [] [NE]
    281     0x00018A80       0xFFFFFF80      0x00004000         (0, 1, 1)      [8] []
    282     0x00019B00       0xFFFFFF80      0x00200010         (0, 1, 3)      [15] [SW]
    283     0x00022200       0xFFFFFF80      0x00000020         (0, 2, 4)      [] [S]
    284     0x00014D00       0xFFFFFF80      0x00000800         (0, 1, 9)      [5] []
    285     0x0001CD00       0xFFFFFF80      0x00600080         (0, 1, 9)      [16, 1, 15] []
    286     0x00018980       0xFFFFFF80      0x00001000         (0, 1, 1)      [6] []
    287     0x0001D280       0xFFFFFF80      0x00100030         (0, 1, 10)      [14] [SW, S]
    288     0x0000A680       0xFFFFFF80      0x00020000         (0, 0, 4)      [11] []
    289     0x00014A80       0xFFFFFF80      0x00200000         (0, 1, 9)      [15] []
    290     0x0001D380       0xFFFFFF80      0x004000B0         (0, 1, 10)      [16, 1] [SW, S]
    291     0x00009900       0xFFFFFF80      0x00020000         (0, 0, 3)      [11] []
    292     0x0001DE80       0xFFFFFF80      0x00200000         (0, 1, 11)      [15] []
    293     0x00013A80       0xFFFFFF80      0x00010002         (0, 1, 7)      [10] [NE]
    294     0x00022980       0xFFFFFF80      0x00010001         (0, 2, 5)      [10] [E]
    295     0x0000F900       0xFFFFFF80      0x00100000         (0, 0, 15)      [14] []
    296     0x00012580       0xFFFFFF80      0x00002000         (0, 1, 4)      [7] []
    297     0x0001AB00       0xFFFFFF80      0x00010010         (0, 1, 5)      [10] [SW]
    298     0x0001BD80       0xFFFFFF80      0x0030FFB0         (0, 1, 7)      [1, 2, 3, 4, 5, 6, 7, 8, 9, 14, 15] [SW, S]
    299     0x00017880       0xFFFFFF80      0x00000002         (0, 1, 15)      [] [NE]
    300     0x0001B580       0xFFFFFF80      0x00100030         (0, 1, 6)      [14] [SW, S]
    301     0x0001E500       0xFFFFFF80      0x00000200         (0, 1, 12)      [3] []
    302     0x00018E80       0xFFFFFF80      0x00010000         (0, 1, 1)      [10] []
    303     0x0001E680       0xFFFFFF80      0x00001000         (0, 1, 12)      [6] []
    304     0x0001FC80       0xFFFFFF80      0x00004010         (0, 1, 15)      [8] [SW]
    305     0x00019580       0xFFFFFF80      0x00008010         (0, 1, 2)      [9] [SW]
    306     0x0005B400       0xFFFFFF00      0x00002000         (0, 5, 6)      [7] []
    307     0x0001FD80       0xFFFFFF80      0x00004010         (0, 1, 15)      [8] [SW]
    308     0x00019200       0xFFFFFF80      0x00800100         (0, 1, 2)      [17, 2] []
    309     0x0001B400       0xFFFFFF80      0x00020030         (0, 1, 6)      [11] [SW, S]
    310     0x00004580       0xFFFFFF80      0x00000010         (0, 0, 8)      [] [SW]
    311     0x00017C80       0xFFFFFF80      0x00800100         (0, 1, 15)      [17, 2] []
    312     0x00012380       0xFFFFFF80      0x00000200         (0, 1, 4)      [3] []
    313     0x00008B80       0xFFFFFF80      0x00020000         (0, 0, 1)      [11] []
    314     0x0001AD80       0xFFFFFF80      0x00200030         (0, 1, 5)      [15] [SW, S]
    315     0x0000FA00       0xFFFFFF80      0x00400080         (0, 0, 15)      [16, 1] []
    316     0x0001F280       0xFFFFFF80      0x00001002         (0, 1, 14)      [6] [NE]
    317     0x00019480       0xFFFFFF80      0x00002010         (0, 1, 2)      [7] [SW]
    318     0x00016E00       0xFFFFFF80      0x00020000         (0, 1, 13)      [11] []
    319     0x00022C00       0xFFFFFF80      0x00200000         (0, 2, 5)      [15] []
    320     0x00013F00       0xFFFFFF80      0x00000402         (0, 1, 7)      [4] [NE]
    321     0x0001A980       0xFFFFFF80      0x00000010         (0, 1, 5)      [] [SW]
    322     0x00016280       0xFFFFFF80      0x00040002         (0, 1, 12)      [12] [NE]
    323     0x00010700       0xFFFFFF80      0x00200000         (0, 1, 0)      [15] []
    324     0x0001BC00       0xFFFFFF80      0x0006FFB0         (0, 1, 7)      [1, 2, 3, 4, 5, 6, 7, 8, 9, 11, 12] [SW, S]
    325     0x00012D00       0xFFFFFF80      0x00010000         (0, 1, 5)      [10] []
    326     0x0001CB00       0xFFFFFF80      0x00060010         (0, 1, 9)      [11, 12] [SW]
    327     0x0001CA00       0xFFFFFF80      0x00FFC010         (0, 1, 9)      [8, 9, 10, 11, 12, 13, 14, 15, 16, 17] [SW]
    328     0x00029E00       0xFFFFFF00      0x00000002         (0, 2, 3)      [] [NE]
    329     0x0001FA00       0xFFFFFF80      0x00001010         (0, 1, 15)      [6] [SW]
    330     0x0000B500       0xFFFFFF80      0x00080000         (0, 0, 6)      [13] []
    331     0x00017280       0xFFFFFF80      0x00000802         (0, 1, 14)      [5] [NE]
    332     0x0002A000       0xFFFFFF00      0x00000002         (0, 2, 4)      [] [NE]
    333     0x0000A700       0xFFFFFF80      0x00040000         (0, 0, 4)      [12] []
    334     0x00022880       0xFFFFFF80      0x00000021         (0, 2, 5)      [] [E, S]
    335     0x0000D100       0xFFFFFF80      0x00200000         (0, 0, 10)      [15] []
    336     0x0005B000       0xFFFFFF00      0x00000200         (0, 5, 6)      [3] []
    337     0x0001DF80       0xFFFFFF80      0x00800100         (0, 1, 11)      [17, 2] []
    338     0x00017380       0xFFFFFF80      0x00002002         (0, 1, 14)      [7] [NE]
    339     0x0005B600       0xFFFFFF00      0x00008000         (0, 5, 6)      [9] []
    340     0x0001C700       0xFFFFFF80      0x00FF0310         (0, 1, 8)      [2, 3, 10, 11, 12, 13, 14, 15, 16, 17] [SW]
    341     0x0001CE80       0xFFFFFF80      0x00000410         (0, 1, 9)      [4] [SW]
    342     0x00012480       0xFFFFFF80      0x00000800         (0, 1, 4)      [5] []
    343     0x0001FE80       0xFFFFFF80      0x00008010         (0, 1, 15)      [9] [SW]
    344     0x0001FC00       0xFFFFFF80      0x00002010         (0, 1, 15)      [7] [SW]
    345     0x0001DD00       0xFFFFFF80      0x00004000         (0, 1, 11)      [8] []
    346     0x00017A00       0xFFFFFF80      0x00040002         (0, 1, 15)      [12] [NE]
    347     0x00010800       0xFFFFFF80      0x00800100         (0, 1, 1)      [17, 2] []
    348     0x0001F180       0xFFFFFF80      0x00000402         (0, 1, 14)      [4] [NE]
    349     0x0001AE80       0xFFFFFF80      0x00800130         (0, 1, 5)      [17, 2] [SW, S]
    350     0x0001EE80       0xFFFFFF80      0x00000800         (0, 1, 13)      [5] []
    351     0x00011200       0xFFFFFF80      0x00010002         (0, 1, 2)      [10] [NE]
    352     0x0001F580       0xFFFFFF80      0x00001002         (0, 1, 14)      [6] [NE]
    353     0x00022100       0xFFFFFF80      0x00000020         (0, 2, 4)      [] [S]
    354     0x00019280       0xFFFFFF80      0x00000200         (0, 1, 2)      [3] []
    355     0x0001C480       0xFFFFFF80      0x00FF0036         (0, 1, 8)      [10, 11, 12, 13, 14, 15, 16, 17] [NE, N, SW, S]
    356     0x00012E00       0xFFFFFF80      0x00040000         (0, 1, 5)      [12] []
    357     0x00013080       0xFFFFFF80      0x00800100         (0, 1, 6)      [17, 2] []
    358     0x0000C180       0xFFFFFF80      0x00020000         (0, 0, 8)      [11] []
    359     0x00018A00       0xFFFFFF80      0x00002000         (0, 1, 1)      [7] []
    360     0x00022B80       0xFFFFFF80      0x00100001         (0, 2, 5)      [14] [E]
    361     0x0000EB00       0xFFFFFF80      0x00080000         (0, 0, 13)      [13] []
    362     0x00019900       0xFFFFFF80      0x00020010         (0, 1, 3)      [11] [SW]
    363     0x0001DF00       0xFFFFFF80      0x00400080         (0, 1, 11)      [16, 1] []
    364     0x0001C080       0xFFFFFF80      0x0000FFBE         (0, 1, 8)      [1, 2, 3, 4, 5, 6, 7, 8, 9] [NE, N, W, SW, S]
    365     0x0001F980       0xFFFFFF80      0x00008010         (0, 1, 15)      [9] [SW]
    366     0x0000DE80       0xFFFFFF80      0x00200000         (0, 0, 11)      [15] []
    367     0x00016300       0xFFFFFF80      0x00080002         (0, 1, 12)      [13] [NE]
    368     0x00022080       0xFFFFFF80      0x00000020         (0, 2, 4)      [] [S]
    369     0x00021A80       0xFFFFFF80      0x00000020         (0, 2, 3)      [] [S]
    370     0x00001B80       0xFFFFFF80      0x00000010         (0, 0, 3)      [] [SW]
    371     0x00017400       0xFFFFFF80      0x00004002         (0, 1, 14)      [8] [NE]
    372     0x00029800       0xFFFFFF00      0x00000002         (0, 2, 3)      [] [NE]
    373     0x00015500       0xFFFFFF80      0x00010000         (0, 1, 10)      [10] []
    374     0x0001F300       0xFFFFFF80      0x00002002         (0, 1, 14)      [7] [NE]
    375     0x00019C00       0xFFFFFF80      0x00800110         (0, 1, 3)      [17, 2] [SW]
    376     0x00016880       0xFFFFFF80      0x00008002         (0, 1, 13)      [9] [NE]
    377     0x00011100       0xFFFFFF80      0x00000002         (0, 1, 2)      [] [NE]
    378     0x0001BE00       0xFFFFFF80      0x0060FFB0         (0, 1, 7)      [1, 2, 3, 4, 5, 6, 7, 8, 9, 15, 16] [SW, S]
    379     0x0001A280       0xFFFFFF80      0x00020010         (0, 1, 4)      [11] [SW]
    380     0x00019A80       0xFFFFFF80      0x00100010         (0, 1, 3)      [14] [SW]
    381     0x00022400       0xFFFFFF80      0x00000021         (0, 2, 4)      [] [E, S]
    382     0x00015800       0xFFFFFF80      0x00400080         (0, 1, 11)      [16, 1] []
    383     0x0001F080       0xFFFFFF80      0x00008002         (0, 1, 14)      [9] [NE]
    384     0x00013180       0xFFFFFF80      0x00000402         (0, 1, 6)      [4] [NE]
    385     0x00018500       0xFFFFFF80      0x00040000         (0, 1, 0)      [12] []
    386     0x00001A00       0xFFFFFF80      0x00000010         (0, 0, 3)      [] [SW]
    387     0x00001A80       0xFFFFFF80      0x00000010         (0, 0, 3)      [] [SW]
    388     0x0001FB00       0xFFFFFF80      0x00004010         (0, 1, 15)      [8] [SW]
    389     0x00008B00       0xFFFFFF80      0x00010000         (0, 0, 1)      [10] []
    390     0x0001F380       0xFFFFFF80      0x00004002         (0, 1, 14)      [8] [NE]
    391     0x00016400       0xFFFFFF80      0x00200002         (0, 1, 12)      [15] [NE]
    392     0x00018600       0xFFFFFF80      0x00100000         (0, 1, 0)      [14] []
    393     0x00022180       0xFFFFFF80      0x00000020         (0, 2, 4)      [] [S]
    394     0x00014080       0xFFFFFF80      0x00002000         (0, 1, 8)      [7] []
    395     0x0000EC00       0xFFFFFF80      0x00200000         (0, 0, 13)      [15] []
    396     0x0001E780       0xFFFFFF80      0x00004000         (0, 1, 12)      [8] []
    397     0x00020300       0xFFFFFF80      0x00000030         (0, 2, 0)      [] [SW, S]
    398     0x0001E280       0xFFFFFF80      0x00004000         (0, 1, 12)      [8] []
    399     0x00017180       0xFFFFFF80      0x00000200         (0, 1, 14)      [3] []
    400     0x0001C100       0xFFFFFF80      0x0000FFBE         (0, 1, 8)      [1, 2, 3, 4, 5, 6, 7, 8, 9] [NE, N, W, SW, S]
    401     0x0001B500       0xFFFFFF80      0x00080030         (0, 1, 6)      [13] [SW, S]
    402     0x0001BB00       0xFFFFFF80      0x0001FFB0         (0, 1, 7)      [1, 2, 3, 4, 5, 6, 7, 8, 9, 10] [SW, S]
    403     0x0001B780       0xFFFFFF80      0x00000630         (0, 1, 6)      [3, 4] [SW, S]
    404     0x0001FE00       0xFFFFFF80      0x00008010         (0, 1, 15)      [9] [SW]
    405     0x0000C200       0xFFFFFF80      0x00040000         (0, 0, 8)      [12] []
    406     0x00013C80       0xFFFFFF80      0x00100002         (0, 1, 7)      [14] [NE]
    407     0x00013B80       0xFFFFFF80      0x00040002         (0, 1, 7)      [12] [NE]
    408     0x0001FA80       0xFFFFFF80      0x00002010         (0, 1, 15)      [7] [SW]
    409     0x00019F80       0xFFFFFF80      0x00008018         (0, 1, 3)      [9] [W, SW]
    410     0x00023000       0xFFFFFF80      0x00004000         (0, 2, 6)      [8] []
    411     0x0001D880       0xFFFFFF80      0x00100000         (0, 1, 11)      [14] []
    412     0x00004400       0xFFFFFF80      0x00000010         (0, 0, 8)      [] [SW]
    413     0x00016F00       0xFFFFFF80      0x00080000         (0, 1, 13)      [13] []
    414     0x0000DC80       0xFFFFFF80      0x00020000         (0, 0, 11)      [11] []
    415     0x0001C300       0xFFFFFF80      0x00FF0036         (0, 1, 8)      [10, 11, 12, 13, 14, 15, 16, 17] [NE, N, SW, S]
    416     0x0000B380       0xFFFFFF80      0x00010000         (0, 0, 6)      [10] []
    417     0x0001E980       0xFFFFFF80      0x00000200         (0, 1, 13)      [3] []
    418     0x0001B000       0xFFFFFF80      0x00000830         (0, 1, 6)      [5] [SW, S]
    419     0x00017000       0xFFFFFF80      0x00200000         (0, 1, 14)      [15] []
    420     0x0001A180       0xFFFFFF80      0x00000010         (0, 1, 4)      [] [SW]
    421     0x00019380       0xFFFFFF80      0x00000800         (0, 1, 2)      [5] []
    422     0x0000FA80       0xFFFFFF80      0x00800100         (0, 0, 15)      [17, 2] []
    423     0x00015700       0xFFFFFF80      0x00100000         (0, 1, 10)      [14] []
    424     0x00012280       0xFFFFFF80      0x00400080         (0, 1, 4)      [16, 1] []
    425     0x0001C200       0xFFFFFF80      0x0000FFBE         (0, 1, 8)      [1, 2, 3, 4, 5, 6, 7, 8, 9] [NE, N, W, SW, S]
    426     0x00011480       0xFFFFFF80      0x00200002         (0, 1, 2)      [15] [NE]
    427     0x0001EA00       0xFFFFFF80      0x00000400         (0, 1, 13)      [4] []
    428     0x0001CF80       0xFFFFFF80      0x00001030         (0, 1, 9)      [6] [SW, S]
    429     0x0001E800       0xFFFFFF80      0x00008000         (0, 1, 13)      [9] []
    430     0x00012000       0xFFFFFF80      0x00020000         (0, 1, 4)      [11] []
    431     0x0001F680       0xFFFFFF80      0x00004002         (0, 1, 14)      [8] [NE]
    432     0x0001E200       0xFFFFFF80      0x00002000         (0, 1, 12)      [7] []
    433     0x0001CE00       0xFFFFFF80      0x00800210         (0, 1, 9)      [17, 3] [SW]
    434     0x0001B080       0xFFFFFF80      0x00001030         (0, 1, 6)      [6] [SW, S]
    435     0x00017F80       0xFFFFFF80      0x00004002         (0, 1, 15)      [8] [NE]
    436     0x00022D00       0xFFFFFF80      0x00800100         (0, 2, 5)      [17, 2] []
    437     0x0001AE00       0xFFFFFF80      0x004000B0         (0, 1, 5)      [16, 1] [SW, S]
    438     0x00019880       0xFFFFFF80      0x00010010         (0, 1, 3)      [10] [SW]
    439     0x00017B00       0xFFFFFF80      0x00100002         (0, 1, 15)      [14] [NE]
    440     0x00013C00       0xFFFFFF80      0x00080002         (0, 1, 7)      [13] [NE]
    441     0x00016680       0xFFFFFF80      0x00000802         (0, 1, 12)      [5] [NE]
    442     0x0000D000       0xFFFFFF80      0x00080000         (0, 0, 10)      [13] []
    443     0x0001BF80       0xFFFFFF80      0x0000FFBE         (0, 1, 7)      [1, 2, 3, 4, 5, 6, 7, 8, 9] [NE, N, W, SW, S]
    444     0x0001AF00       0xFFFFFF80      0x00000230         (0, 1, 5)      [3] [SW, S]
    445     0x00018400       0xFFFFFF80      0x00010000         (0, 1, 0)      [10] []
    446     0x00010880       0xFFFFFF80      0x00000200         (0, 1, 1)      [3] []
    447     0x0005B500       0xFFFFFF00      0x00004000         (0, 5, 6)      [8] []
    448     0x0001F780       0xFFFFFF80      0x00000802         (0, 1, 14)      [5] [NE]
    449     0x0001FD00       0xFFFFFF80      0x00008010         (0, 1, 15)      [9] [SW]
    450     0x00016480       0xFFFFFF80      0x00400080         (0, 1, 12)      [16, 1] []
    451     0x0000B400       0xFFFFFF80      0x00020000         (0, 0, 6)      [11] []
    452     0x0005BA00       0xFFFFFF00      0x00080000         (0, 5, 7)      [13] []
    453     0x00017800       0xFFFFFF80      0x00000002         (0, 1, 15)      [] [NE]
    454     0x00014800       0xFFFFFF80      0x00010000         (0, 1, 9)      [10] []
    455     0x00018F80       0xFFFFFF80      0x00040000         (0, 1, 1)      [12] []
    456     0x0000CE80       0xFFFFFF80      0x00010000         (0, 0, 9)      [10] []
    457     0x0000F700       0xFFFFFF80      0x00010000         (0, 0, 14)      [10] []
    458     0x0001A880       0xFFFFFF80      0x00004010         (0, 1, 5)      [8] [SW]
    459     0x0001B680       0xFFFFFF80      0x004001B0         (0, 1, 6)      [16, 1, 2] [SW, S]
    460     0x0001A400       0xFFFFFF80      0x00100010         (0, 1, 4)      [14] [SW]
    461     0x0001E580       0xFFFFFF80      0x00000400         (0, 1, 12)      [4] []
    462     0x0000DF00       0xFFFFFF80      0x00400080         (0, 0, 11)      [16, 1] []
    463     0x00011300       0xFFFFFF80      0x00040002         (0, 1, 2)      [12] [NE]
    464     0x0001AA00       0xFFFFFF80      0x00000010         (0, 1, 5)      [] [SW]
    465     0x00017D80       0xFFFFFF80      0x00000402         (0, 1, 15)      [4] [NE]
    466     0x0001D900       0xFFFFFF80      0x00200000         (0, 1, 11)      [15] []
    467     0x00013900       0xFFFFFF80      0x00000002         (0, 1, 7)      [] [NE]
    468     0x0001E600       0xFFFFFF80      0x00000800         (0, 1, 12)      [5] []
    469     0x0000EA00       0xFFFFFF80      0x00020000         (0, 0, 13)      [11] []
    470     0x00016200       0xFFFFFF80      0x00020002         (0, 1, 12)      [11] [NE]
    471     0x0001D100       0xFFFFFF80      0x00008030         (0, 1, 10)      [9] [SW, S]
    472     0x0001A000       0xFFFFFF80      0x00000010         (0, 1, 4)      [] [SW]
    473     0x00022380       0xFFFFFF80      0x00000021         (0, 2, 4)      [] [E, S]
    474     0x00011600       0xFFFFFF80      0x00000200         (0, 1, 2)      [3] []
    475     0x0001A700       0xFFFFFF80      0x00000810         (0, 1, 4)      [5] [SW]
    476     0x00014C00       0xFFFFFF80      0x00000200         (0, 1, 9)      [3] []
    477     0x00018B00       0xFFFFFF80      0x00008000         (0, 1, 1)      [9] []
    478     0x0001C800       0xFFFFFF80      0x00FF0C10         (0, 1, 9)      [4, 5, 10, 11, 12, 13, 14, 15, 16, 17] [SW]
    479     0x00016380       0xFFFFFF80      0x00100002         (0, 1, 12)      [14] [NE]
    480     0x00014E80       0xFFFFFF80      0x00004000         (0, 1, 9)      [8] []
    481     0x0001B100       0xFFFFFF80      0x00002030         (0, 1, 6)      [7] [SW, S]
    482     0x00010500       0xFFFFFF80      0x00020000         (0, 1, 0)      [11] []
    483     0x00015980       0xFFFFFF80      0x00000400         (0, 1, 11)      [4] []
    484     0x0005BC00       0xFFFFFF00      0x00200000         (0, 5, 7)      [15] []
    485     0x00021C00       0xFFFFFF80      0x00000020         (0, 2, 3)      [] [S]
    486     0x0001D200       0xFFFFFF80      0x00080030         (0, 1, 10)      [13] [SW, S]
    487     0x00019180       0xFFFFFF80      0x00400080         (0, 1, 2)      [16, 1] []
    488     0x0000C300       0xFFFFFF80      0x00100000         (0, 0, 8)      [14] []
    489     0x00010680       0xFFFFFF80      0x00100000         (0, 1, 0)      [14] []
    490     0x00011000       0xFFFFFF80      0x00000002         (0, 1, 2)      [] [NE]
    491     0x00016780       0xFFFFFF80      0x00002002         (0, 1, 12)      [7] [NE]
    492     0x0001F600       0xFFFFFF80      0x00002002         (0, 1, 14)      [7] [NE]
    493     0x00017E80       0xFFFFFF80      0x00001002         (0, 1, 15)      [6] [NE]
    494     0x0001AB80       0xFFFFFF80      0x00020010         (0, 1, 5)      [11] [SW]
    495     0x0001C880       0xFFFFFF80      0x00FF1810         (0, 1, 9)      [5, 6, 10, 11, 12, 13, 14, 15, 16, 17] [SW]
    496     0x0001EF00       0xFFFFFF80      0x00001000         (0, 1, 13)      [6] []
    497     0x0001BC80       0xFFFFFF80      0x000CFFB0         (0, 1, 7)      [1, 2, 3, 4, 5, 6, 7, 8, 9, 12, 13] [SW, S]
    498     0x0000ED00       0xFFFFFF80      0x00800100         (0, 0, 13)      [17, 2] []
    499     0x00009880       0xFFFFFF80      0x00010000         (0, 0, 3)      [10] []
    500     0x0001C580       0xFFFFFF80      0x00FF0036         (0, 1, 8)      [10, 11, 12, 13, 14, 15, 16, 17] [NE, N, SW, S]
    501     0x00013300       0xFFFFFF80      0x00002002         (0, 1, 6)      [7] [NE]
    502     0x00018780       0xFFFFFF80      0x00800100         (0, 1, 0)      [17, 2] []
    503     0x0002A200       0xFFFFFF00      0x00000002         (0, 2, 4)      [] [NE]
    504     0x00017980       0xFFFFFF80      0x00020002         (0, 1, 15)      [11] [NE]
    505     0x00022300       0xFFFFFF80      0x00000020         (0, 2, 4)      [] [S]
    506     0x00013A00       0xFFFFFF80      0x00000002         (0, 1, 7)      [] [NE]
    507     0x0005B300       0xFFFFFF00      0x00001000         (0, 5, 6)      [6] []
    508     0x0001D480       0xFFFFFF80      0x00000230         (0, 1, 10)      [3] [SW, S]
    509     0x0001AD00       0xFFFFFF80      0x00100010         (0, 1, 5)      [14] [SW]
    510     0x0001BA00       0xFFFFFF80      0x0000C030         (0, 1, 7)      [8, 9] [SW, S]
    511     0x00013E00       0xFFFFFF80      0x00800100         (0, 1, 7)      [17, 2] []
    512     0x0001AC80       0xFFFFFF80      0x00080010         (0, 1, 5)      [13] [SW]
    513     0x0001D400       0xFFFFFF80      0x00800130         (0, 1, 10)      [17, 2] [SW, S]
    514     0x0002A100       0xFFFFFF00      0x00000002         (0, 2, 4)      [] [NE]
    515     0x0001FB80       0xFFFFFF80      0x00008010         (0, 1, 15)      [9] [SW]
    516     0x0001CF00       0xFFFFFF80      0x00000810         (0, 1, 9)      [5] [SW]
    517     0x0001C400       0xFFFFFF80      0x00FF0036         (0, 1, 8)      [10, 11, 12, 13, 14, 15, 16, 17] [NE, N, SW, S]
    518     0x0002A300       0xFFFFFF00      0x00000002         (0, 2, 4)      [] [NE]
    519     0x0001B280       0xFFFFFF80      0x00000010         (0, 1, 6)      [] [SW]
    520     0x00017700       0xFFFFFF80      0x00000002         (0, 1, 14)      [] [NE]
    521     0x00017A80       0xFFFFFF80      0x00080002         (0, 1, 15)      [13] [NE]
    522     0x00022680       0xFFFFFF80      0x00000021         (0, 2, 4)      [] [E, S]
    523     0x00015B00       0xFFFFFF80      0x00002000         (0, 1, 11)      [7] []
    524     0x0001A380       0xFFFFFF80      0x00080010         (0, 1, 4)      [13] [SW]
    525     0x0001D500       0xFFFFFF80      0x00000430         (0, 1, 10)      [4] [SW, S]
    526     0x00014B80       0xFFFFFF80      0x00800100         (0, 1, 9)      [17, 2] []
    527     0x0000A600       0xFFFFFF80      0x00010000         (0, 0, 4)      [10] []
    528     0x0001B700       0xFFFFFF80      0x00800330         (0, 1, 6)      [17, 2, 3] [SW, S]
    529     0x00011280       0xFFFFFF80      0x00020002         (0, 1, 2)      [11] [NE]
    530     0x00016F80       0xFFFFFF80      0x00100000         (0, 1, 13)      [14] []
    531     0x00010580       0xFFFFFF80      0x00040000         (0, 1, 0)      [12] []
    532     0x0001CC80       0xFFFFFF80      0x00300010         (0, 1, 9)      [14, 15] [SW]
    533     0x00014D80       0xFFFFFF80      0x00001000         (0, 1, 9)      [6] []
    534     0x00021B00       0xFFFFFF80      0x00000020         (0, 2, 3)      [] [S]
    535     0x00019A00       0xFFFFFF80      0x00080010         (0, 1, 3)      [13] [SW]
    536     0x0001AC00       0xFFFFFF80      0x00040010         (0, 1, 5)      [12] [SW]
    537     0x00013100       0xFFFFFF80      0x00000202         (0, 1, 6)      [3] [NE]
    538     0x0001D080       0xFFFFFF80      0x00004030         (0, 1, 10)      [8] [SW, S]
    539     0x0001F100       0xFFFFFF80      0x00000202         (0, 1, 14)      [3] [NE]
    540     0x0002A400       0xFFFFFF00      0x00000002         (0, 2, 4)      [] [NE]
    541     0x0001F200       0xFFFFFF80      0x00000802         (0, 1, 14)      [5] [NE]
