router contains 607 entries 
 
  Index   Key(hex)    Mask(hex)    Route(hex)    Src. Core -> [Cores][Links]
------------------------------------------------------------------------------
    0     0x0000D180       0xFFFFFF80      0x0000000E         (0, 0, 10)      [] [NE, N, W]
    1     0x0000D580       0xFFFFFF80      0x0000018E         (0, 0, 10)      [1, 2] [NE, N, W]
    2     0x00016680       0xFFFFFF80      0x00000010         (0, 1, 12)      [] [SW]
    3     0x00009600       0xFFFFFF80      0x00008000         (0, 0, 2)      [9] []
    4     0x00012980       0xFFFFFF80      0x00002008         (0, 1, 5)      [7] [W]
    5     0x00014680       0xFFFFFF80      0x00020030         (0, 1, 8)      [11] [SW, S]
    6     0x00015100       0xFFFFFF80      0x00001020         (0, 1, 10)      [6] [S]
    7     0x00011800       0xFFFFFF80      0x00000008         (0, 1, 3)      [] [W]
    8     0x00005F00       0xFFFFFF80      0x00002003         (0, 0, 11)      [7] [E, NE]
    9     0x0000B880       0xFFFFFF80      0x00000020         (0, 0, 7)      [] [S]
    10     0x00008A80       0xFFFFFF80      0x00080002         (0, 0, 1)      [13] [NE]
    11     0x00013000       0xFFFFFF80      0x00000010         (0, 1, 6)      [] [SW]
    12     0x00016E00       0xFFFFFF80      0x00200008         (0, 1, 13)      [15] [W]
    13     0x00019800       0xFFFFFF80      0x00080001         (0, 1, 3)      [13] [E]
    14     0x00002900       0xFFFFFF80      0x00002000         (0, 0, 5)      [7] []
    15     0x00009700       0xFFFFFF80      0x00020000         (0, 0, 2)      [11] []
    16     0x0001A280       0xFFFFFF80      0x00200000         (0, 1, 4)      [15] []
    17     0x00009400       0xFFFFFF80      0x00000802         (0, 0, 2)      [5] [NE]
    18     0x0000AB80       0xFFFFFF80      0x00000020         (0, 0, 5)      [] [S]
    19     0x00003380       0xFFFFFF80      0x00000081         (0, 0, 6)      [1] [E]
    20     0x00011B80       0xFFFFFF80      0x00001008         (0, 1, 3)      [6] [W]
    21     0x00004F80       0xFFFFFF80      0x00000202         (0, 0, 9)      [3] [NE]
    22     0x00019780       0xFFFFFF80      0x00040001         (0, 1, 2)      [12] [E]
    23     0x0000BD00       0xFFFFFF80      0x00001021         (0, 0, 7)      [6] [E, S]
    24     0x00014880       0xFFFFFF80      0x00200020         (0, 1, 9)      [15] [S]
    25     0x0000EB80       0xFFFFFF80      0x007FFFA0         (0, 0, 13)      [1, 2, 3, 4, 5, 6, 7, 8, 9, 10, 11, 12, 13, 14, 15, 16] [S]
    26     0x00004380       0xFFFFFF80      0x00001001         (0, 0, 8)      [6] [E]
    27     0x0000F300       0xFFFFFF80      0x00001830         (0, 0, 14)      [5, 6] [SW, S]
    28     0x0000CC00       0xFFFFFF80      0x0000800C         (0, 0, 9)      [9] [N, W]
    29     0x0000DD00       0xFFFFFF80      0x0040000E         (0, 0, 11)      [16] [NE, N, W]
    30     0x00015C80       0xFFFFFF80      0x00000410         (0, 1, 11)      [4] [SW]
    31     0x00008680       0xFFFFFF80      0x00000802         (0, 0, 0)      [5] [NE]
    32     0x00019980       0xFFFFFF80      0x00400001         (0, 1, 3)      [16] [E]
    33     0x00013B00       0xFFFFFF80      0x00200010         (0, 1, 7)      [15] [SW]
    34     0x0001AB80       0xFFFFFF80      0x00200001         (0, 1, 5)      [15] [E]
    35     0x00007980       0xFFFFFF80      0x00001001         (0, 0, 15)      [6] [E]
    36     0x00000A80       0xFFFFFF80      0x00000001         (0, 0, 1)      [] [E]
    37     0x00014400       0xFFFFFF80      0x00001030         (0, 1, 8)      [6] [SW, S]
    38     0x00016900       0xFFFFFF80      0x00000818         (0, 1, 13)      [5] [W, SW]
    39     0x00022500       0xFFFFFF80      0x00000810         (0, 2, 4)      [5] [SW]
    40     0x0000E600       0xFFFFFF80      0x007FFFBF         (0, 0, 12)      [1, 2, 3, 4, 5, 6, 7, 8, 9, 10, 11, 12, 13, 14, 15, 16] [E, NE, N, W, SW, S]
    41     0x0001B480       0xFFFFFF80      0x00400000         (0, 1, 6)      [16] []
    42     0x00016200       0xFFFFFF80      0x00200018         (0, 1, 12)      [15] [W, SW]
    43     0x00007C00       0xFFFFFF80      0x00020001         (0, 0, 15)      [11] [E]
    44     0x00017880       0xFFFFFF80      0x00080008         (0, 1, 15)      [13] [W]
    45     0x00012A00       0xFFFFFF80      0x00004008         (0, 1, 5)      [8] [W]
    46     0x0001C300       0xFFFFFF80      0x00100000         (0, 1, 8)      [14] []
    47     0x00003580       0xFFFFFF80      0x00000801         (0, 0, 6)      [5] [E]
    48     0x00016580       0xFFFFFF80      0x00000010         (0, 1, 12)      [] [SW]
    49     0x0000F600       0xFFFFFF80      0x00060020         (0, 0, 14)      [11, 12] [S]
    50     0x00014280       0xFFFFFF80      0x00000230         (0, 1, 8)      [3] [SW, S]
    51     0x00009980       0xFFFFFF80      0x00400002         (0, 0, 3)      [16] [NE]
    52     0x00011080       0xFFFFFF80      0x00020010         (0, 1, 2)      [11] [SW]
    53     0x00006A00       0xFFFFFF80      0x00000101         (0, 0, 13)      [2] [E]
    54     0x0000C100       0xFFFFFF80      0x00100021         (0, 0, 8)      [14] [E, S]
    55     0x00002700       0xFFFFFF80      0x00000202         (0, 0, 4)      [3] [NE]
    56     0x0000B580       0xFFFFFF80      0x00000021         (0, 0, 6)      [] [E, S]
    57     0x00012000       0xFFFFFF80      0x00200008         (0, 1, 4)      [15] [W]
    58     0x00010B80       0xFFFFFF80      0x000000A0         (0, 1, 1)      [1] [S]
    59     0x00004500       0xFFFFFF80      0x00008001         (0, 0, 8)      [9] [E]
    60     0x00022380       0xFFFFFF80      0x00000110         (0, 2, 4)      [2] [SW]
    61     0x00001B00       0xFFFFFF80      0x00001001         (0, 0, 3)      [6] [E]
    62     0x0000DE00       0xFFFFFF80      0x0000000E         (0, 0, 11)      [] [NE, N, W]
    63     0x00010080       0xFFFFFF80      0x00001020         (0, 1, 0)      [6] [S]
    64     0x0000EC80       0xFFFFFF80      0x007FFFA0         (0, 0, 13)      [1, 2, 3, 4, 5, 6, 7, 8, 9, 10, 11, 12, 13, 14, 15, 16] [S]
    65     0x00011D00       0xFFFFFF80      0x00008008         (0, 1, 3)      [9] [W]
    66     0x0000C980       0xFFFFFF80      0x00000421         (0, 0, 9)      [4] [E, S]
    67     0x00012A80       0xFFFFFF80      0x00008008         (0, 1, 5)      [9] [W]
    68     0x0000F480       0xFFFFFF80      0x0000C020         (0, 0, 14)      [8, 9] [S]
    69     0x0000B500       0xFFFFFF80      0x00000021         (0, 0, 6)      [] [E, S]
    70     0x0000D780       0xFFFFFF80      0x0000180E         (0, 0, 10)      [5, 6] [NE, N, W]
    71     0x00006D00       0xFFFFFF80      0x00004001         (0, 0, 13)      [8] [E]
    72     0x00012E80       0xFFFFFF80      0x00000018         (0, 1, 5)      [] [W, SW]
    73     0x0001BB80       0xFFFFFF80      0x00100000         (0, 1, 7)      [14] []
    74     0x00009500       0xFFFFFF80      0x00002000         (0, 0, 2)      [7] []
    75     0x0000BE80       0xFFFFFF80      0x00008021         (0, 0, 7)      [9] [E, S]
    76     0x00011F00       0xFFFFFF80      0x00080008         (0, 1, 3)      [13] [W]
    77     0x00022A00       0xFFFFFF80      0x00200010         (0, 2, 5)      [15] [SW]
    78     0x00015780       0xFFFFFF80      0x00000020         (0, 1, 10)      [] [S]
    79     0x00014980       0xFFFFFF80      0x00000020         (0, 1, 9)      [] [S]
    80     0x00022300       0xFFFFFF80      0x00000080         (0, 2, 4)      [1] []
    81     0x0000FD00       0xFFFFFF80      0x00000020         (0, 0, 15)      [] [S]
    82     0x00018200       0xFFFFFF80      0x00010008         (0, 1, 0)      [10] [W]
    83     0x00008480       0xFFFFFF80      0x00000081         (0, 0, 0)      [1] [E]
    84     0x0000C380       0xFFFFFF80      0x00000021         (0, 0, 8)      [] [E, S]
    85     0x00010C80       0xFFFFFF80      0x00000210         (0, 1, 1)      [3] [SW]
    86     0x00010800       0xFFFFFF80      0x00000020         (0, 1, 1)      [] [S]
    87     0x0000E280       0xFFFFFF80      0x007FFF8C         (0, 0, 12)      [1, 2, 3, 4, 5, 6, 7, 8, 9, 10, 11, 12, 13, 14, 15, 16] [N, W]
    88     0x00016B80       0xFFFFFF80      0x00010008         (0, 1, 13)      [10] [W]
    89     0x00015380       0xFFFFFF80      0x00020020         (0, 1, 10)      [11] [S]
    90     0x0000B900       0xFFFFFF80      0x00000020         (0, 0, 7)      [] [S]
    91     0x00011900       0xFFFFFF80      0x00000088         (0, 1, 3)      [1] [W]
    92     0x00010F80       0xFFFFFF80      0x00008010         (0, 1, 1)      [9] [SW]
    93     0x00006100       0xFFFFFF80      0x00020003         (0, 0, 12)      [11] [E, NE]
    94     0x00022400       0xFFFFFF80      0x00000210         (0, 2, 4)      [3] [SW]
    95     0x0000BB80       0xFFFFFF80      0x00000221         (0, 0, 7)      [3] [E, S]
    96     0x0000AE00       0xFFFFFF80      0x00000221         (0, 0, 5)      [3] [E, S]
    97     0x00014780       0xFFFFFF80      0x00080020         (0, 1, 8)      [13] [S]
    98     0x0000E780       0xFFFFFF80      0x007FFFBF         (0, 0, 12)      [1, 2, 3, 4, 5, 6, 7, 8, 9, 10, 11, 12, 13, 14, 15, 16] [E, NE, N, W, SW, S]
    99     0x00017980       0xFFFFFF80      0x00200008         (0, 1, 15)      [15] [W]
    100     0x00013480       0xFFFFFF80      0x00000118         (0, 1, 6)      [2] [W, SW]
    101     0x0000EF00       0xFFFFFF80      0x00000030         (0, 0, 13)      [] [SW, S]
    102     0x00012080       0xFFFFFF80      0x00400008         (0, 1, 4)      [16] [W]
    103     0x0001A100       0xFFFFFF80      0x00040000         (0, 1, 4)      [12] []
    104     0x00006E00       0xFFFFFF80      0x00010001         (0, 0, 13)      [10] [E]
    105     0x00015D80       0xFFFFFF80      0x00001010         (0, 1, 11)      [6] [SW]
    106     0x0000AE80       0xFFFFFF80      0x00000421         (0, 0, 5)      [4] [E, S]
    107     0x00006B80       0xFFFFFF80      0x00000801         (0, 0, 13)      [5] [E]
    108     0x00022700       0xFFFFFF80      0x00008010         (0, 2, 4)      [9] [SW]
    109     0x00013380       0xFFFFFF80      0x00000010         (0, 1, 6)      [] [SW]
    110     0x00009880       0xFFFFFF80      0x00100002         (0, 0, 3)      [14] [NE]
    111     0x0000D400       0xFFFFFF80      0x0000000C         (0, 0, 10)      [] [N, W]
    112     0x00010A80       0xFFFFFF80      0x00000020         (0, 1, 1)      [] [S]
    113     0x00012680       0xFFFFFF80      0x00000088         (0, 1, 4)      [1] [W]
    114     0x0000F100       0xFFFFFF80      0x000001B0         (0, 0, 14)      [1, 2] [SW, S]
    115     0x00011100       0xFFFFFF80      0x00040010         (0, 1, 2)      [12] [SW]
    116     0x0000B200       0xFFFFFF80      0x00020021         (0, 0, 6)      [11] [E, S]
    117     0x00005D80       0xFFFFFF80      0x00000403         (0, 0, 11)      [4] [E, NE]
    118     0x00014500       0xFFFFFF80      0x00004030         (0, 1, 8)      [8] [SW, S]
    119     0x00012180       0xFFFFFF80      0x00000008         (0, 1, 4)      [] [W]
    120     0x00005380       0xFFFFFF80      0x00020000         (0, 0, 10)      [11] []
    121     0x00010380       0xFFFFFF80      0x00040020         (0, 1, 0)      [12] [S]
    122     0x00011C00       0xFFFFFF80      0x00002008         (0, 1, 3)      [7] [W]
    123     0x00000C00       0xFFFFFF80      0x00000203         (0, 0, 1)      [3] [E, NE]
    124     0x00016A00       0xFFFFFF80      0x00002008         (0, 1, 13)      [7] [W]
    125     0x0001A080       0xFFFFFF80      0x00020000         (0, 1, 4)      [11] []
    126     0x0000D600       0xFFFFFF80      0x0000030E         (0, 0, 10)      [2, 3] [NE, N, W]
    127     0x00040600       0xFFFFFF00      0x00400000         (0, 4, 0)      [16] []
    128     0x00010A00       0xFFFFFF80      0x00000020         (0, 1, 1)      [] [S]
    129     0x00013180       0xFFFFFF80      0x00000010         (0, 1, 6)      [] [SW]
    130     0x00008700       0xFFFFFF80      0x00001002         (0, 0, 0)      [6] [NE]
    131     0x00006F00       0xFFFFFF80      0x00040001         (0, 0, 13)      [12] [E]
    132     0x00016780       0xFFFFFF80      0x00000010         (0, 1, 12)      [] [SW]
    133     0x0000CF80       0xFFFFFF80      0x0040000E         (0, 0, 9)      [16] [NE, N, W]
    134     0x0000DC00       0xFFFFFF80      0x0030000E         (0, 0, 11)      [14, 15] [NE, N, W]
    135     0x00008600       0xFFFFFF80      0x00000402         (0, 0, 0)      [4] [NE]
    136     0x00005F80       0xFFFFFF80      0x00004003         (0, 0, 11)      [8] [E, NE]
    137     0x0001AB00       0xFFFFFF80      0x00100001         (0, 1, 5)      [14] [E]
    138     0x00012D80       0xFFFFFF80      0x00200008         (0, 1, 5)      [15] [W]
    139     0x00009480       0xFFFFFF80      0x00001002         (0, 0, 2)      [6] [NE]
    140     0x00010680       0xFFFFFF80      0x00000020         (0, 1, 0)      [] [S]
    141     0x00015180       0xFFFFFF80      0x00002020         (0, 1, 10)      [7] [S]
    142     0x00018480       0xFFFFFF80      0x00200030         (0, 1, 0)      [15] [SW, S]
    143     0x00013300       0xFFFFFF80      0x00000010         (0, 1, 6)      [] [SW]
    144     0x00013A80       0xFFFFFF80      0x00100010         (0, 1, 7)      [14] [SW]
    145     0x00018D80       0xFFFFFF80      0x00040020         (0, 1, 1)      [12] [S]
    146     0x00022980       0xFFFFFF80      0x00100010         (0, 2, 5)      [14] [SW]
    147     0x0000E800       0xFFFFFF80      0x007FFFBF         (0, 0, 13)      [1, 2, 3, 4, 5, 6, 7, 8, 9, 10, 11, 12, 13, 14, 15, 16] [E, NE, N, W, SW, S]
    148     0x0003F700       0xFFFFFF00      0x00000080         (0, 3, 14)      [1] []
    149     0x00016800       0xFFFFFF80      0x00000010         (0, 1, 13)      [] [SW]
    150     0x0000B980       0xFFFFFF80      0x00000021         (0, 0, 7)      [] [E, S]
    151     0x00012900       0xFFFFFF80      0x00001008         (0, 1, 5)      [6] [W]
    152     0x0000AC00       0xFFFFFF80      0x00000021         (0, 0, 5)      [] [E, S]
    153     0x00007D00       0xFFFFFF80      0x00080001         (0, 0, 15)      [13] [E]
    154     0x00003700       0xFFFFFF80      0x00004001         (0, 0, 6)      [8] [E]
    155     0x00002980       0xFFFFFF80      0x00004000         (0, 0, 5)      [8] []
    156     0x00009280       0xFFFFFF80      0x00000102         (0, 0, 2)      [2] [NE]
    157     0x0000B480       0xFFFFFF80      0x00400021         (0, 0, 6)      [16] [E, S]
    158     0x00018C80       0xFFFFFF80      0x00010020         (0, 1, 1)      [10] [S]
    159     0x00017580       0xFFFFFF80      0x00002008         (0, 1, 14)      [7] [W]
    160     0x00022580       0xFFFFFF80      0x00001010         (0, 2, 4)      [6] [SW]
    161     0x0001AA00       0xFFFFFF80      0x00040001         (0, 1, 5)      [12] [E]
    162     0x00013800       0xFFFFFF80      0x00008010         (0, 1, 7)      [9] [SW]
    163     0x00013780       0xFFFFFF80      0x00004010         (0, 1, 6)      [8] [SW]
    164     0x00013200       0xFFFFFF80      0x00000010         (0, 1, 6)      [] [SW]
    165     0x00008A00       0xFFFFFF80      0x00040000         (0, 0, 1)      [12] []
    166     0x00003480       0xFFFFFF80      0x00000201         (0, 0, 6)      [3] [E]
    167     0x00011D80       0xFFFFFF80      0x00010008         (0, 1, 3)      [10] [W]
    168     0x00012880       0xFFFFFF80      0x00000808         (0, 1, 5)      [5] [W]
    169     0x00022680       0xFFFFFF80      0x00004010         (0, 2, 4)      [8] [SW]
    170     0x0000FE80       0xFFFFFF80      0x00000120         (0, 0, 15)      [2] [S]
    171     0x00000B80       0xFFFFFF80      0x00000103         (0, 0, 1)      [2] [E, NE]
    172     0x0000A500       0xFFFFFF80      0x00040001         (0, 0, 4)      [12] [E]
    173     0x00011A80       0xFFFFFF80      0x00000408         (0, 1, 3)      [4] [W]
    174     0x00012B80       0xFFFFFF80      0x00020008         (0, 1, 5)      [11] [W]
    175     0x00011F80       0xFFFFFF80      0x00100008         (0, 1, 3)      [14] [W]
    176     0x00015E00       0xFFFFFF80      0x00002010         (0, 1, 11)      [7] [SW]
    177     0x00003600       0xFFFFFF80      0x00001001         (0, 0, 6)      [6] [E]
    178     0x0000A000       0xFFFFFF80      0x00000103         (0, 0, 4)      [2] [E, NE]
    179     0x00013100       0xFFFFFF80      0x00000010         (0, 1, 6)      [] [SW]
    180     0x00004280       0xFFFFFF80      0x00000401         (0, 0, 8)      [4] [E]
    181     0x00002680       0xFFFFFF80      0x00000102         (0, 0, 4)      [2] [NE]
    182     0x00018B80       0xFFFFFF80      0x00004020         (0, 1, 1)      [8] [S]
    183     0x0000B300       0xFFFFFF80      0x00080021         (0, 0, 6)      [13] [E, S]
    184     0x0000CB00       0xFFFFFF80      0x0000200C         (0, 0, 9)      [7] [N, W]
    185     0x0000DB00       0xFFFFFF80      0x000C000C         (0, 0, 11)      [12, 13] [N, W]
    186     0x00007B00       0xFFFFFF80      0x00008001         (0, 0, 15)      [9] [E]
    187     0x00014A00       0xFFFFFF80      0x00000020         (0, 1, 9)      [] [S]
    188     0x00016380       0xFFFFFF80      0x00000018         (0, 1, 12)      [] [W, SW]
    189     0x00013980       0xFFFFFF80      0x00040010         (0, 1, 7)      [12] [SW]
    190     0x0000C800       0xFFFFFF80      0x000000A1         (0, 0, 9)      [1] [E, S]
    191     0x0000C180       0xFFFFFF80      0x00200021         (0, 0, 8)      [15] [E, S]
    192     0x00017600       0xFFFFFF80      0x00004008         (0, 1, 14)      [8] [W]
    193     0x00006900       0xFFFFFF80      0x00000001         (0, 0, 13)      [] [E]
    194     0x0000E000       0xFFFFFF80      0x007FFF8C         (0, 0, 12)      [1, 2, 3, 4, 5, 6, 7, 8, 9, 10, 11, 12, 13, 14, 15, 16] [N, W]
    195     0x00001A80       0xFFFFFF80      0x00000801         (0, 0, 3)      [5] [E]
    196     0x00014B80       0xFFFFFF80      0x00000020         (0, 1, 9)      [] [S]
    197     0x00008500       0xFFFFFF80      0x00000101         (0, 0, 0)      [2] [E]
    198     0x00013500       0xFFFFFF80      0x00000218         (0, 1, 6)      [3] [W, SW]
    199     0x00040100       0xFFFFFF00      0x00020000         (0, 4, 0)      [11] []
    200     0x0001A300       0xFFFFFF80      0x00400000         (0, 1, 4)      [16] []
    201     0x00016480       0xFFFFFF80      0x00000010         (0, 1, 12)      [] [SW]
    202     0x00004E80       0xFFFFFF80      0x00000082         (0, 0, 9)      [1] [NE]
    203     0x00011200       0xFFFFFF80      0x00100010         (0, 1, 2)      [14] [SW]
    204     0x0000E300       0xFFFFFF80      0x007FFFBF         (0, 0, 12)      [1, 2, 3, 4, 5, 6, 7, 8, 9, 10, 11, 12, 13, 14, 15, 16] [E, NE, N, W, SW, S]
    205     0x0000AD80       0xFFFFFF80      0x00000121         (0, 0, 5)      [2] [E, S]
    206     0x00007680       0xFFFFFF80      0x00000001         (0, 0, 14)      [] [E]
    207     0x0000F780       0xFFFFFF80      0x00300020         (0, 0, 14)      [14, 15] [S]
    208     0x00011B00       0xFFFFFF80      0x00000808         (0, 1, 3)      [5] [W]
    209     0x00040500       0xFFFFFF00      0x00200000         (0, 4, 0)      [15] []
    210     0x00013280       0xFFFFFF80      0x00000010         (0, 1, 6)      [] [SW]
    211     0x00013A00       0xFFFFFF80      0x00080010         (0, 1, 7)      [13] [SW]
    212     0x00001980       0xFFFFFF80      0x00000201         (0, 0, 3)      [3] [E]
    213     0x00019900       0xFFFFFF80      0x00200001         (0, 1, 3)      [15] [E]
    214     0x00004080       0xFFFFFF80      0x00000001         (0, 0, 8)      [] [E]
    215     0x00005000       0xFFFFFF80      0x00000402         (0, 0, 10)      [4] [NE]
    216     0x0000C280       0xFFFFFF80      0x00000021         (0, 0, 8)      [] [E, S]
    217     0x00015300       0xFFFFFF80      0x00010020         (0, 1, 10)      [10] [S]
    218     0x0000FF00       0xFFFFFF80      0x00000220         (0, 0, 15)      [3] [S]
    219     0x0000A380       0xFFFFFF80      0x00008003         (0, 0, 4)      [9] [E, NE]
    220     0x00016880       0xFFFFFF80      0x00000010         (0, 1, 13)      [] [SW]
    221     0x00009780       0xFFFFFF80      0x00040000         (0, 0, 2)      [12] []
    222     0x00011300       0xFFFFFF80      0x00400010         (0, 1, 2)      [16] [SW]
    223     0x00016F00       0xFFFFFF80      0x00000008         (0, 1, 13)      [] [W]
    224     0x00014300       0xFFFFFF80      0x00000430         (0, 1, 8)      [4] [SW, S]
    225     0x0000D680       0xFFFFFF80      0x0000060E         (0, 0, 10)      [3, 4] [NE, N, W]
    226     0x0000EA80       0xFFFFFF80      0x007FFFBF         (0, 0, 13)      [1, 2, 3, 4, 5, 6, 7, 8, 9, 10, 11, 12, 13, 14, 15, 16] [E, NE, N, W, SW, S]
    227     0x00006C00       0xFFFFFF80      0x00001001         (0, 0, 13)      [6] [E]
    228     0x00018380       0xFFFFFF80      0x00080030         (0, 1, 0)      [13] [SW, S]
    229     0x00020700       0xFFFFFF80      0x007FFF80         (0, 2, 0)      [1, 2, 3, 4, 5, 6, 7, 8, 9, 10, 11, 12, 13, 14, 15, 16] []
    230     0x00005E00       0xFFFFFF80      0x00000803         (0, 0, 11)      [5] [E, NE]
    231     0x00040400       0xFFFFFF00      0x00100000         (0, 4, 0)      [14] []
    232     0x00015600       0xFFFFFF80      0x00400020         (0, 1, 10)      [16] [S]
    233     0x00019880       0xFFFFFF80      0x00100001         (0, 1, 3)      [14] [E]
    234     0x00011E80       0xFFFFFF80      0x00040008         (0, 1, 3)      [12] [W]
    235     0x0000CD80       0xFFFFFF80      0x0004000C         (0, 0, 9)      [12] [N, W]
    236     0x00008900       0xFFFFFF80      0x00010000         (0, 0, 1)      [10] []
    237     0x00005100       0xFFFFFF80      0x00001002         (0, 0, 10)      [6] [NE]
    238     0x00015480       0xFFFFFF80      0x00080020         (0, 1, 10)      [13] [S]
    239     0x00010C00       0xFFFFFF80      0x00000120         (0, 1, 1)      [2] [S]
    240     0x00019200       0xFFFFFF80      0x00000020         (0, 1, 2)      [] [S]
    241     0x0000E680       0xFFFFFF80      0x007FFFBF         (0, 0, 12)      [1, 2, 3, 4, 5, 6, 7, 8, 9, 10, 11, 12, 13, 14, 15, 16] [E, NE, N, W, SW, S]
    242     0x00015800       0xFFFFFF80      0x00000020         (0, 1, 11)      [] [S]
    243     0x00016A80       0xFFFFFF80      0x00004008         (0, 1, 13)      [8] [W]
    244     0x0003FD00       0xFFFFFF00      0x00002000         (0, 3, 15)      [7] []
    245     0x0000D100       0xFFFFFF80      0x0000000E         (0, 0, 10)      [] [NE, N, W]
    246     0x0000EA00       0xFFFFFF80      0x007FFFBF         (0, 0, 13)      [1, 2, 3, 4, 5, 6, 7, 8, 9, 10, 11, 12, 13, 14, 15, 16] [E, NE, N, W, SW, S]
    247     0x00007880       0xFFFFFF80      0x00000401         (0, 0, 15)      [4] [E]
    248     0x0000C880       0xFFFFFF80      0x00000121         (0, 0, 9)      [2] [E, S]
    249     0x0000EF80       0xFFFFFF80      0x00000030         (0, 0, 13)      [] [SW, S]
    250     0x0000D800       0xFFFFFF80      0x0000300E         (0, 0, 11)      [6, 7] [NE, N, W]
    251     0x00002780       0xFFFFFF80      0x00000402         (0, 0, 4)      [4] [NE]
    252     0x00008800       0xFFFFFF80      0x00004000         (0, 0, 1)      [8] []
    253     0x0003FA00       0xFFFFFF00      0x00000400         (0, 3, 15)      [4] []
    254     0x00013880       0xFFFFFF80      0x00010010         (0, 1, 7)      [10] [SW]
    255     0x00010500       0xFFFFFF80      0x00200020         (0, 1, 0)      [15] [S]
    256     0x00010280       0xFFFFFF80      0x00010020         (0, 1, 0)      [10] [S]
    257     0x0000E080       0xFFFFFF80      0x007FFF8C         (0, 0, 12)      [1, 2, 3, 4, 5, 6, 7, 8, 9, 10, 11, 12, 13, 14, 15, 16] [N, W]
    258     0x00014480       0xFFFFFF80      0x00002030         (0, 1, 8)      [7] [SW, S]
    259     0x00005C00       0xFFFFFF80      0x00000082         (0, 0, 11)      [1] [NE]
    260     0x00040300       0xFFFFFF00      0x00080000         (0, 4, 0)      [13] []
    261     0x0000F500       0xFFFFFF80      0x00018020         (0, 0, 14)      [9, 10] [S]
    262     0x00005E80       0xFFFFFF80      0x00001003         (0, 0, 11)      [6] [E, NE]
    263     0x0000F000       0xFFFFFF80      0x00000030         (0, 0, 14)      [] [SW, S]
    264     0x00022A80       0xFFFFFF80      0x00400010         (0, 2, 5)      [16] [SW]
    265     0x00007D80       0xFFFFFF80      0x00100001         (0, 0, 15)      [14] [E]
    266     0x0000E500       0xFFFFFF80      0x007FFFBF         (0, 0, 12)      [1, 2, 3, 4, 5, 6, 7, 8, 9, 10, 11, 12, 13, 14, 15, 16] [E, NE, N, W, SW, S]
    267     0x00018D00       0xFFFFFF80      0x00020020         (0, 1, 1)      [11] [S]
    268     0x00014A80       0xFFFFFF80      0x00000020         (0, 1, 9)      [] [S]
    269     0x0000E980       0xFFFFFF80      0x007FFFBF         (0, 0, 13)      [1, 2, 3, 4, 5, 6, 7, 8, 9, 10, 11, 12, 13, 14, 15, 16] [E, NE, N, W, SW, S]
    270     0x00010700       0xFFFFFF80      0x00000020         (0, 1, 0)      [] [S]
    271     0x00006180       0xFFFFFF80      0x00040001         (0, 0, 12)      [12] [E]
    272     0x0000BF00       0xFFFFFF80      0x00010021         (0, 0, 7)      [10] [E, S]
    273     0x00003400       0xFFFFFF80      0x00000101         (0, 0, 6)      [2] [E]
    274     0x00006980       0xFFFFFF80      0x00000081         (0, 0, 13)      [1] [E]
    275     0x0000FA00       0xFFFFFF80      0x00000020         (0, 0, 15)      [] [S]
    276     0x0000A080       0xFFFFFF80      0x00000203         (0, 0, 4)      [3] [E, NE]
    277     0x00004300       0xFFFFFF80      0x00000801         (0, 0, 8)      [5] [E]
    278     0x0000D480       0xFFFFFF80      0x0000000C         (0, 0, 10)      [] [N, W]
    279     0x0000B780       0xFFFFFF80      0x00000020         (0, 0, 6)      [] [S]
    280     0x00016300       0xFFFFFF80      0x00000018         (0, 1, 12)      [] [W, SW]
    281     0x0000CF00       0xFFFFFF80      0x0020000E         (0, 0, 9)      [15] [NE, N, W]
    282     0x00019680       0xFFFFFF80      0x00010001         (0, 1, 2)      [10] [E]
    283     0x0000BC00       0xFFFFFF80      0x00000421         (0, 0, 7)      [4] [E, S]
    284     0x00005C80       0xFFFFFF80      0x00000103         (0, 0, 11)      [2] [E, NE]
    285     0x0000F900       0xFFFFFF80      0x00000020         (0, 0, 15)      [] [S]
    286     0x0000B180       0xFFFFFF80      0x00010021         (0, 0, 6)      [10] [E, S]
    287     0x00015500       0xFFFFFF80      0x00100020         (0, 1, 10)      [14] [S]
    288     0x00012700       0xFFFFFF80      0x00000108         (0, 1, 4)      [2] [W]
    289     0x00001800       0xFFFFFF80      0x00000001         (0, 0, 3)      [] [E]
    290     0x0000C600       0xFFFFFF80      0x00000020         (0, 0, 8)      [] [S]
    291     0x0000C000       0xFFFFFF80      0x00040021         (0, 0, 8)      [12] [E, S]
    292     0x00004580       0xFFFFFF80      0x00010001         (0, 0, 8)      [10] [E]
    293     0x0000A680       0xFFFFFF80      0x00200003         (0, 0, 4)      [15] [E, NE]
    294     0x00009300       0xFFFFFF80      0x00000202         (0, 0, 2)      [3] [NE]
    295     0x0000B380       0xFFFFFF80      0x00100021         (0, 0, 6)      [14] [E, S]
    296     0x00002800       0xFFFFFF80      0x00000802         (0, 0, 5)      [5] [NE]
    297     0x0000F380       0xFFFFFF80      0x00003020         (0, 0, 14)      [6, 7] [S]
    298     0x0000CE80       0xFFFFFF80      0x0010000E         (0, 0, 9)      [14] [NE, N, W]
    299     0x0001A200       0xFFFFFF80      0x00100000         (0, 1, 4)      [14] []
    300     0x00013080       0xFFFFFF80      0x00000010         (0, 1, 6)      [] [SW]
    301     0x00003680       0xFFFFFF80      0x00002001         (0, 0, 6)      [7] [E]
    302     0x00016980       0xFFFFFF80      0x00001008         (0, 1, 13)      [6] [W]
    303     0x00010200       0xFFFFFF80      0x00008020         (0, 1, 0)      [9] [S]
    304     0x0000C780       0xFFFFFF80      0x00000021         (0, 0, 8)      [] [E, S]
    305     0x0000E580       0xFFFFFF80      0x007FFFBF         (0, 0, 12)      [1, 2, 3, 4, 5, 6, 7, 8, 9, 10, 11, 12, 13, 14, 15, 16] [E, NE, N, W, SW, S]
    306     0x0000E380       0xFFFFFF80      0x007FFFBF         (0, 0, 12)      [1, 2, 3, 4, 5, 6, 7, 8, 9, 10, 11, 12, 13, 14, 15, 16] [E, NE, N, W, SW, S]
    307     0x00017700       0xFFFFFF80      0x00010008         (0, 1, 14)      [10] [W]
    308     0x00017A80       0xFFFFFF80      0x00000008         (0, 1, 15)      [] [W]
    309     0x0000F880       0xFFFFFF80      0x00400020         (0, 0, 15)      [16] [S]
    310     0x00016D00       0xFFFFFF80      0x00080008         (0, 1, 13)      [13] [W]
    311     0x0000A200       0xFFFFFF80      0x00001003         (0, 0, 4)      [6] [E, NE]
    312     0x0001BC00       0xFFFFFF80      0x00200000         (0, 1, 7)      [15] []
    313     0x00012D00       0xFFFFFF80      0x00100008         (0, 1, 5)      [14] [W]
    314     0x0000BA00       0xFFFFFF80      0x00000021         (0, 0, 7)      [] [E, S]
    315     0x00017A00       0xFFFFFF80      0x00400008         (0, 1, 15)      [16] [W]
    316     0x00006000       0xFFFFFF80      0x00008003         (0, 0, 12)      [9] [E, NE]
    317     0x00011E00       0xFFFFFF80      0x00020008         (0, 1, 3)      [11] [W]
    318     0x0000AC80       0xFFFFFF80      0x00000021         (0, 0, 5)      [] [E, S]
    319     0x00022480       0xFFFFFF80      0x00000410         (0, 2, 4)      [4] [SW]
    320     0x00008B80       0xFFFFFF80      0x00200002         (0, 0, 1)      [15] [NE]
    321     0x00016600       0xFFFFFF80      0x00000010         (0, 1, 12)      [] [SW]
    322     0x0000FF80       0xFFFFFF80      0x00000420         (0, 0, 15)      [4] [S]
    323     0x00007C80       0xFFFFFF80      0x00040001         (0, 0, 15)      [12] [E]
    324     0x0000DA80       0xFFFFFF80      0x0006000C         (0, 0, 11)      [11, 12] [N, W]
    325     0x0003F800       0xFFFFFF00      0x00000100         (0, 3, 15)      [2] []
    326     0x0000F680       0xFFFFFF80      0x000C0020         (0, 0, 14)      [12, 13] [S]
    327     0x0000C080       0xFFFFFF80      0x00080021         (0, 0, 8)      [13] [E, S]
    328     0x00000C80       0xFFFFFF80      0x00000403         (0, 0, 1)      [4] [E, NE]
    329     0x0000D700       0xFFFFFF80      0x00000C0E         (0, 0, 10)      [4, 5] [NE, N, W]
    330     0x00012E00       0xFFFFFF80      0x00400008         (0, 1, 5)      [16] [W]
    331     0x00017B00       0xFFFFFF80      0x00000008         (0, 1, 15)      [] [W]
    332     0x00005180       0xFFFFFF80      0x00002000         (0, 0, 10)      [7] []
    333     0x00016000       0xFFFFFF80      0x00020010         (0, 1, 12)      [11] [SW]
    334     0x00015400       0xFFFFFF80      0x00040020         (0, 1, 10)      [12] [S]
    335     0x0003F900       0xFFFFFF00      0x00000200         (0, 3, 15)      [3] []
    336     0x00016180       0xFFFFFF80      0x00100018         (0, 1, 12)      [14] [W, SW]
    337     0x0000A700       0xFFFFFF80      0x00400003         (0, 0, 4)      [16] [E, NE]
    338     0x0000E100       0xFFFFFF80      0x007FFF8C         (0, 0, 12)      [1, 2, 3, 4, 5, 6, 7, 8, 9, 10, 11, 12, 13, 14, 15, 16] [N, W]
    339     0x0000FD80       0xFFFFFF80      0x00000020         (0, 0, 15)      [] [S]
    340     0x0001AC00       0xFFFFFF80      0x00400001         (0, 1, 5)      [16] [E]
    341     0x00015D00       0xFFFFFF80      0x00000810         (0, 1, 11)      [5] [SW]
    342     0x0000AA80       0xFFFFFF80      0x00000020         (0, 0, 5)      [] [S]
    343     0x00017500       0xFFFFFF80      0x00001008         (0, 1, 14)      [6] [W]
    344     0x00010B00       0xFFFFFF80      0x00000020         (0, 1, 1)      [] [S]
    345     0x00015080       0xFFFFFF80      0x00000820         (0, 1, 10)      [5] [S]
    346     0x00016B00       0xFFFFFF80      0x00008008         (0, 1, 13)      [9] [W]
    347     0x0000DE80       0xFFFFFF80      0x0000000E         (0, 0, 11)      [] [NE, N, W]
    348     0x00010D00       0xFFFFFF80      0x00000410         (0, 1, 1)      [4] [SW]
    349     0x0000C400       0xFFFFFF80      0x00000020         (0, 0, 8)      [] [S]
    350     0x00010E00       0xFFFFFF80      0x00001010         (0, 1, 1)      [6] [SW]
    351     0x0000E700       0xFFFFFF80      0x007FFFBF         (0, 0, 12)      [1, 2, 3, 4, 5, 6, 7, 8, 9, 10, 11, 12, 13, 14, 15, 16] [E, NE, N, W, SW, S]
    352     0x00040000       0xFFFFFF00      0x00010000         (0, 4, 0)      [10] []
    353     0x0001BB00       0xFFFFFF80      0x00080000         (0, 1, 7)      [13] []
    354     0x00009680       0xFFFFFF80      0x00010000         (0, 0, 2)      [10] []
    355     0x00007900       0xFFFFFF80      0x00000801         (0, 0, 15)      [5] [E]
    356     0x0003FB00       0xFFFFFF00      0x00000800         (0, 3, 15)      [5] []
    357     0x0000FC80       0xFFFFFF80      0x00000020         (0, 0, 15)      [] [S]
    358     0x00009380       0xFFFFFF80      0x00000402         (0, 0, 2)      [4] [NE]
    359     0x00018100       0xFFFFFF80      0x00004008         (0, 1, 0)      [8] [W]
    360     0x00012C00       0xFFFFFF80      0x00040008         (0, 1, 5)      [12] [W]
    361     0x00015580       0xFFFFFF80      0x00200020         (0, 1, 10)      [15] [S]
    362     0x0001A000       0xFFFFFF80      0x00010000         (0, 1, 4)      [10] []
    363     0x0000B080       0xFFFFFF80      0x00004021         (0, 0, 6)      [8] [E, S]
    364     0x00018E00       0xFFFFFF80      0x00080020         (0, 1, 1)      [13] [S]
    365     0x00016500       0xFFFFFF80      0x00000010         (0, 1, 12)      [] [SW]
    366     0x0000AA00       0xFFFFFF80      0x00000020         (0, 0, 5)      [] [S]
    367     0x0000A280       0xFFFFFF80      0x00002003         (0, 0, 4)      [7] [E, NE]
    368     0x0000B700       0xFFFFFF80      0x00000020         (0, 0, 6)      [] [S]
    369     0x00012F80       0xFFFFFF80      0x00000018         (0, 1, 5)      [] [W, SW]
    370     0x0000BD80       0xFFFFFF80      0x00002021         (0, 0, 7)      [7] [E, S]
    371     0x0001CB00       0xFFFFFF80      0x00400000         (0, 1, 9)      [16] []
    372     0x0003FC00       0xFFFFFF00      0x00001000         (0, 3, 15)      [6] []
    373     0x00016700       0xFFFFFF80      0x00000010         (0, 1, 12)      [] [SW]
    374     0x00019700       0xFFFFFF80      0x00020001         (0, 1, 2)      [11] [E]
    375     0x0001C400       0xFFFFFF80      0x00400000         (0, 1, 8)      [16] []
    376     0x00018E80       0xFFFFFF80      0x00100020         (0, 1, 1)      [14] [S]
    377     0x00009900       0xFFFFFF80      0x00200002         (0, 0, 3)      [15] [NE]
    378     0x00010180       0xFFFFFF80      0x00004020         (0, 1, 0)      [8] [S]
    379     0x00018180       0xFFFFFF80      0x00008008         (0, 1, 0)      [9] [W]
    380     0x0000DF80       0xFFFFFF80      0x00000006         (0, 0, 11)      [] [NE, N]
    381     0x00011980       0xFFFFFF80      0x00000108         (0, 1, 3)      [2] [W]
    382     0x00013580       0xFFFFFF80      0x00000418         (0, 1, 6)      [4] [W, SW]
    383     0x0000C200       0xFFFFFF80      0x00400021         (0, 0, 8)      [16] [E, S]
    384     0x00015280       0xFFFFFF80      0x00008020         (0, 1, 10)      [9] [S]
    385     0x00007A00       0xFFFFFF80      0x00002001         (0, 0, 15)      [7] [E]
    386     0x00007700       0xFFFFFF80      0x00000081         (0, 0, 14)      [1] [E]
    387     0x0000E880       0xFFFFFF80      0x007FFFBD         (0, 0, 13)      [1, 2, 3, 4, 5, 6, 7, 8, 9, 10, 11, 12, 13, 14, 15, 16] [E, N, W, SW, S]
    388     0x00019080       0xFFFFFF80      0x00000020         (0, 1, 2)      [] [S]
    389     0x00004480       0xFFFFFF80      0x00004001         (0, 0, 8)      [8] [E]
    390     0x00008B00       0xFFFFFF80      0x00100002         (0, 0, 1)      [14] [NE]
    391     0x0000CA00       0xFFFFFF80      0x0000080E         (0, 0, 9)      [5] [NE, N, W]
    392     0x00010780       0xFFFFFF80      0x00000020         (0, 1, 0)      [] [S]
    393     0x0000C700       0xFFFFFF80      0x00000020         (0, 0, 8)      [] [S]
    394     0x0000DD80       0xFFFFFF80      0x0000000E         (0, 0, 11)      [] [NE, N, W]
    395     0x0000FA80       0xFFFFFF80      0x00000020         (0, 0, 15)      [] [S]
    396     0x00017900       0xFFFFFF80      0x00100008         (0, 1, 15)      [14] [W]
    397     0x0001B280       0xFFFFFF80      0x00040000         (0, 1, 6)      [12] []
    398     0x0000A400       0xFFFFFF80      0x00010003         (0, 0, 4)      [10] [E, NE]
    399     0x00003500       0xFFFFFF80      0x00000401         (0, 0, 6)      [4] [E]
    400     0x00001900       0xFFFFFF80      0x00000101         (0, 0, 3)      [2] [E]
    401     0x00016D80       0xFFFFFF80      0x00100008         (0, 1, 13)      [14] [W]
    402     0x00019000       0xFFFFFF80      0x00000020         (0, 1, 2)      [] [S]
    403     0x0000BE00       0xFFFFFF80      0x00004021         (0, 0, 7)      [8] [E, S]
    404     0x0000AD00       0xFFFFFF80      0x000000A1         (0, 0, 5)      [1] [E, S]
    405     0x00008980       0xFFFFFF80      0x00020000         (0, 0, 1)      [11] []
    406     0x00015000       0xFFFFFF80      0x00000420         (0, 1, 10)      [4] [S]
    407     0x00006F80       0xFFFFFF80      0x00080001         (0, 0, 13)      [13] [E]
    408     0x0000CB80       0xFFFFFF80      0x0000400C         (0, 0, 9)      [8] [N, W]
    409     0x0000D080       0xFFFFFF80      0x0000000E         (0, 0, 10)      [] [NE, N, W]
    410     0x00010100       0xFFFFFF80      0x00002020         (0, 1, 0)      [7] [S]
    411     0x0000EE00       0xFFFFFF80      0x00000030         (0, 0, 13)      [] [SW, S]
    412     0x00010000       0xFFFFFF80      0x00000820         (0, 1, 0)      [5] [S]
    413     0x0003FF00       0xFFFFFF00      0x00008000         (0, 3, 15)      [9] []
    414     0x00013600       0xFFFFFF80      0x00000818         (0, 1, 6)      [5] [W, SW]
    415     0x0000E180       0xFFFFFF80      0x007FFF8C         (0, 0, 12)      [1, 2, 3, 4, 5, 6, 7, 8, 9, 10, 11, 12, 13, 14, 15, 16] [N, W]
    416     0x00003780       0xFFFFFF80      0x00008001         (0, 0, 6)      [9] [E]
    417     0x00000D00       0xFFFFFF80      0x00000803         (0, 0, 1)      [5] [E, NE]
    418     0x00001B80       0xFFFFFF80      0x00002001         (0, 0, 3)      [7] [E]
    419     0x00016C80       0xFFFFFF80      0x00040008         (0, 1, 13)      [12] [W]
    420     0x0000F980       0xFFFFFF80      0x00000020         (0, 0, 15)      [] [S]
    421     0x00018080       0xFFFFFF80      0x00002008         (0, 1, 0)      [7] [W]
    422     0x00022B00       0xFFFFFF80      0x00000010         (0, 2, 5)      [] [SW]
    423     0x00018F80       0xFFFFFF80      0x00400020         (0, 1, 1)      [16] [S]
    424     0x00007780       0xFFFFFF80      0x00000101         (0, 0, 14)      [2] [E]
    425     0x00009800       0xFFFFFF80      0x00080002         (0, 0, 3)      [13] [NE]
    426     0x0000C480       0xFFFFFF80      0x00000020         (0, 0, 8)      [] [S]
    427     0x00006C80       0xFFFFFF80      0x00002001         (0, 0, 13)      [7] [E]
    428     0x00019600       0xFFFFFF80      0x00008001         (0, 1, 2)      [9] [E]
    429     0x0000BC80       0xFFFFFF80      0x00000821         (0, 0, 7)      [5] [E, S]
    430     0x00012100       0xFFFFFF80      0x00000008         (0, 1, 4)      [] [W]
    431     0x0000D200       0xFFFFFF80      0x00000008         (0, 0, 10)      [] [W]
    432     0x00013400       0xFFFFFF80      0x00000098         (0, 1, 6)      [1] [W, SW]
    433     0x0000CD00       0xFFFFFF80      0x0002000C         (0, 0, 9)      [11] [N, W]
    434     0x0000A480       0xFFFFFF80      0x00020003         (0, 0, 4)      [11] [E, NE]
    435     0x0000F180       0xFFFFFF80      0x00000330         (0, 0, 14)      [2, 3] [SW, S]
    436     0x0001B380       0xFFFFFF80      0x00100000         (0, 1, 6)      [14] []
    437     0x00017680       0xFFFFFF80      0x00008008         (0, 1, 14)      [9] [W]
    438     0x0000D500       0xFFFFFF80      0x0000008C         (0, 0, 10)      [1] [N, W]
    439     0x0000B000       0xFFFFFF80      0x00002021         (0, 0, 6)      [7] [E, S]
    440     0x0000DB80       0xFFFFFF80      0x0018000E         (0, 0, 11)      [13, 14] [NE, N, W]
    441     0x00007B80       0xFFFFFF80      0x00010001         (0, 0, 15)      [10] [E]
    442     0x00022600       0xFFFFFF80      0x00002010         (0, 2, 4)      [7] [SW]
    443     0x00018300       0xFFFFFF80      0x00040030         (0, 1, 0)      [12] [SW, S]
    444     0x00016400       0xFFFFFF80      0x00000018         (0, 1, 12)      [] [W, SW]
    445     0x00010600       0xFFFFFF80      0x00000020         (0, 1, 0)      [] [S]
    446     0x0001A180       0xFFFFFF80      0x00080000         (0, 1, 4)      [13] []
    447     0x00001880       0xFFFFFF80      0x00000081         (0, 0, 3)      [1] [E]
    448     0x0000EE80       0xFFFFFF80      0x00000030         (0, 0, 13)      [] [SW, S]
    449     0x00001A00       0xFFFFFF80      0x00000401         (0, 0, 3)      [4] [E]
    450     0x0000AF00       0xFFFFFF80      0x00000821         (0, 0, 5)      [5] [E, S]
    451     0x0000A100       0xFFFFFF80      0x00000403         (0, 0, 4)      [4] [E, NE]
    452     0x00010D80       0xFFFFFF80      0x00000810         (0, 1, 1)      [5] [SW]
    453     0x00012780       0xFFFFFF80      0x00000208         (0, 1, 4)      [3] [W]
    454     0x00005300       0xFFFFFF80      0x00010000         (0, 0, 10)      [10] []
    455     0x00018400       0xFFFFFF80      0x00100030         (0, 1, 0)      [14] [SW, S]
    456     0x00010400       0xFFFFFF80      0x00080020         (0, 1, 0)      [13] [S]
    457     0x0003FE00       0xFFFFFF00      0x00004000         (0, 3, 15)      [8] []
    458     0x00000D80       0xFFFFFF80      0x00001003         (0, 0, 1)      [6] [E, NE]
    459     0x0000FC00       0xFFFFFF80      0x00000020         (0, 0, 15)      [] [S]
    460     0x00011380       0xFFFFFF80      0x00000010         (0, 1, 2)      [] [SW]
    461     0x0000F400       0xFFFFFF80      0x00006020         (0, 0, 14)      [8, 7] [S]
    462     0x0000C900       0xFFFFFF80      0x00000221         (0, 0, 9)      [3] [E, S]
    463     0x0000DC80       0xFFFFFF80      0x0060000E         (0, 0, 11)      [16, 15] [NE, N, W]
    464     0x0000D300       0xFFFFFF80      0x0000000C         (0, 0, 10)      [] [N, W]
    465     0x0001B300       0xFFFFFF80      0x00080000         (0, 1, 6)      [13] []
    466     0x00016080       0xFFFFFF80      0x00040010         (0, 1, 12)      [12] [SW]
    467     0x00014380       0xFFFFFF80      0x00000830         (0, 1, 8)      [5] [SW, S]
    468     0x00004200       0xFFFFFF80      0x00000201         (0, 0, 8)      [3] [E]
    469     0x00004180       0xFFFFFF80      0x00000101         (0, 0, 8)      [2] [E]
    470     0x00006D80       0xFFFFFF80      0x00008001         (0, 0, 13)      [9] [E]
    471     0x0000B400       0xFFFFFF80      0x00200021         (0, 0, 6)      [15] [E, S]
    472     0x00018780       0xFFFFFF80      0x00000020         (0, 1, 0)      [] [S]
    473     0x0000BA80       0xFFFFFF80      0x000000A1         (0, 0, 7)      [1] [E, S]
    474     0x00013B80       0xFFFFFF80      0x00400010         (0, 1, 7)      [16] [SW]
    475     0x0001CA80       0xFFFFFF80      0x00200000         (0, 1, 9)      [15] []
    476     0x0000C300       0xFFFFFF80      0x00000021         (0, 0, 8)      [] [E, S]
    477     0x00017B80       0xFFFFFF80      0x00000008         (0, 1, 15)      [] [W]
    478     0x0000D880       0xFFFFFF80      0x0000600C         (0, 0, 11)      [8, 7] [N, W]
    479     0x00019180       0xFFFFFF80      0x00000020         (0, 1, 2)      [] [S]
    480     0x00015F80       0xFFFFFF80      0x00010010         (0, 1, 11)      [10] [SW]
    481     0x0000F080       0xFFFFFF80      0x000000B0         (0, 0, 14)      [1] [SW, S]
    482     0x00014F80       0xFFFFFF80      0x00000220         (0, 1, 9)      [3] [S]
    483     0x00014900       0xFFFFFF80      0x00400020         (0, 1, 9)      [16] [S]
    484     0x00011000       0xFFFFFF80      0x00010010         (0, 1, 2)      [10] [SW]
    485     0x00011A00       0xFFFFFF80      0x00000208         (0, 1, 3)      [3] [W]
    486     0x00004400       0xFFFFFF80      0x00002001         (0, 0, 8)      [7] [E]
    487     0x0000EC00       0xFFFFFF80      0x007FFFA0         (0, 0, 13)      [1, 2, 3, 4, 5, 6, 7, 8, 9, 10, 11, 12, 13, 14, 15, 16] [S]
    488     0x0001C380       0xFFFFFF80      0x00200000         (0, 1, 8)      [15] []
    489     0x00014600       0xFFFFFF80      0x00010030         (0, 1, 8)      [10] [SW, S]
    490     0x00009580       0xFFFFFF80      0x00004000         (0, 0, 2)      [8] []
    491     0x0001A980       0xFFFFFF80      0x00020001         (0, 1, 5)      [11] [E]
    492     0x0000C580       0xFFFFFF80      0x00000020         (0, 0, 8)      [] [S]
    493     0x0000E400       0xFFFFFF80      0x007FFFBF         (0, 0, 12)      [1, 2, 3, 4, 5, 6, 7, 8, 9, 10, 11, 12, 13, 14, 15, 16] [E, NE, N, W, SW, S]
    494     0x00008780       0xFFFFFF80      0x00002000         (0, 0, 0)      [7] []
    495     0x00012800       0xFFFFFF80      0x00000408         (0, 1, 5)      [4] [W]
    496     0x0000DA00       0xFFFFFF80      0x0003000C         (0, 0, 11)      [10, 11] [N, W]
    497     0x00012200       0xFFFFFF80      0x00000008         (0, 1, 4)      [] [W]
    498     0x0000EB00       0xFFFFFF80      0x007FFFB0         (0, 0, 13)      [1, 2, 3, 4, 5, 6, 7, 8, 9, 10, 11, 12, 13, 14, 15, 16] [SW, S]
    499     0x00006080       0xFFFFFF80      0x00010003         (0, 0, 12)      [10] [E, NE]
    500     0x00008400       0xFFFFFF80      0x00000001         (0, 0, 0)      [] [E]
    501     0x0000A780       0xFFFFFF80      0x00000002         (0, 0, 4)      [] [NE]
    502     0x00013C00       0xFFFFFF80      0x00000010         (0, 1, 7)      [] [SW]
    503     0x0000CA80       0xFFFFFF80      0x0000100E         (0, 0, 9)      [6] [NE, N, W]
    504     0x0000B280       0xFFFFFF80      0x00040021         (0, 0, 6)      [12] [E, S]
    505     0x00018580       0xFFFFFF80      0x00000030         (0, 1, 0)      [] [SW, S]
    506     0x0000E200       0xFFFFFF80      0x007FFF8C         (0, 0, 12)      [1, 2, 3, 4, 5, 6, 7, 8, 9, 10, 11, 12, 13, 14, 15, 16] [N, W]
    507     0x00010E80       0xFFFFFF80      0x00002010         (0, 1, 1)      [7] [SW]
    508     0x0000CE00       0xFFFFFF80      0x0008000E         (0, 0, 9)      [13] [NE, N, W]
    509     0x00016F80       0xFFFFFF80      0x00000008         (0, 1, 13)      [] [W]
    510     0x00008880       0xFFFFFF80      0x00008000         (0, 0, 1)      [9] []
    511     0x0000E900       0xFFFFFF80      0x007FFFBF         (0, 0, 13)      [1, 2, 3, 4, 5, 6, 7, 8, 9, 10, 11, 12, 13, 14, 15, 16] [E, NE, N, W, SW, S]
    512     0x00018700       0xFFFFFF80      0x00000020         (0, 1, 0)      [] [S]
    513     0x00040200       0xFFFFFF00      0x00040000         (0, 4, 0)      [12] []
    514     0x00002600       0xFFFFFF80      0x00000082         (0, 0, 4)      [1] [NE]
    515     0x00018680       0xFFFFFF80      0x00000020         (0, 1, 0)      [] [S]
    516     0x0000A980       0xFFFFFF80      0x00000020         (0, 0, 5)      [] [S]
    517     0x00010300       0xFFFFFF80      0x00020020         (0, 1, 0)      [11] [S]
    518     0x0000F280       0xFFFFFF80      0x00000C30         (0, 0, 14)      [4, 5] [SW, S]
    519     0x0000D280       0xFFFFFF80      0x00000008         (0, 0, 10)      [] [W]
    520     0x00011C80       0xFFFFFF80      0x00004008         (0, 1, 3)      [8] [W]
    521     0x0000D900       0xFFFFFF80      0x0000C00C         (0, 0, 11)      [8, 9] [N, W]
    522     0x00005280       0xFFFFFF80      0x00008000         (0, 0, 10)      [9] []
    523     0x0000F700       0xFFFFFF80      0x00180020         (0, 0, 14)      [13, 14] [S]
    524     0x0000B800       0xFFFFFF80      0x00000020         (0, 0, 7)      [] [S]
    525     0x00022900       0xFFFFFF80      0x00080010         (0, 2, 5)      [13] [SW]
    526     0x00004F00       0xFFFFFF80      0x00000102         (0, 0, 9)      [2] [NE]
    527     0x00017780       0xFFFFFF80      0x00020008         (0, 1, 14)      [11] [W]
    528     0x0000CC80       0xFFFFFF80      0x0001000C         (0, 0, 9)      [10] [N, W]
    529     0x0000FE00       0xFFFFFF80      0x000000A0         (0, 0, 15)      [1] [S]
    530     0x00010580       0xFFFFFF80      0x00400020         (0, 1, 0)      [16] [S]
    531     0x0000F580       0xFFFFFF80      0x00030020         (0, 0, 14)      [10, 11] [S]
    532     0x00014200       0xFFFFFF80      0x00000130         (0, 1, 8)      [2] [SW, S]
    533     0x0001AA80       0xFFFFFF80      0x00080001         (0, 1, 5)      [13] [E]
    534     0x00006E80       0xFFFFFF80      0x00020001         (0, 0, 13)      [11] [E]
    535     0x00005D00       0xFFFFFF80      0x00000203         (0, 0, 11)      [3] [E, NE]
    536     0x00011880       0xFFFFFF80      0x00000008         (0, 1, 3)      [] [W]
    537     0x00003300       0xFFFFFF80      0x00000001         (0, 0, 6)      [] [E]
    538     0x00014B00       0xFFFFFF80      0x00000020         (0, 1, 9)      [] [S]
    539     0x00013700       0xFFFFFF80      0x00002010         (0, 1, 6)      [7] [SW]
    540     0x0001B400       0xFFFFFF80      0x00200000         (0, 1, 6)      [15] []
    541     0x0000AB00       0xFFFFFF80      0x00000020         (0, 0, 5)      [] [S]
    542     0x0000BF80       0xFFFFFF80      0x00020021         (0, 0, 7)      [11] [E, S]
    543     0x00011280       0xFFFFFF80      0x00200010         (0, 1, 2)      [15] [SW]
    544     0x00008580       0xFFFFFF80      0x00000201         (0, 0, 0)      [3] [E]
    545     0x0000A600       0xFFFFFF80      0x00100003         (0, 0, 4)      [14] [E, NE]
    546     0x00022800       0xFFFFFF80      0x00020010         (0, 2, 5)      [11] [SW]
    547     0x0000D380       0xFFFFFF80      0x0000000C         (0, 0, 10)      [] [N, W]
    548     0x0000B100       0xFFFFFF80      0x00008021         (0, 0, 6)      [9] [E, S]
    549     0x00012C80       0xFFFFFF80      0x00080008         (0, 1, 5)      [13] [W]
    550     0x00015700       0xFFFFFF80      0x00000020         (0, 1, 10)      [] [S]
    551     0x00014580       0xFFFFFF80      0x00008030         (0, 1, 8)      [9] [SW, S]
    552     0x0000ED00       0xFFFFFF80      0x007FFFA0         (0, 0, 13)      [1, 2, 3, 4, 5, 6, 7, 8, 9, 10, 11, 12, 13, 14, 15, 16] [S]
    553     0x0000A300       0xFFFFFF80      0x00004003         (0, 0, 4)      [8] [E, NE]
    554     0x0000F800       0xFFFFFF80      0x00600020         (0, 0, 15)      [16, 15] [S]
    555     0x00016E80       0xFFFFFF80      0x00400008         (0, 1, 13)      [16] [W]
    556     0x00018500       0xFFFFFF80      0x00400030         (0, 1, 0)      [16] [SW, S]
    557     0x0001BC80       0xFFFFFF80      0x00400000         (0, 1, 7)      [16] []
    558     0x00018F00       0xFFFFFF80      0x00200020         (0, 1, 1)      [15] [S]
    559     0x0000DF00       0xFFFFFF80      0x00000006         (0, 0, 11)      [] [NE, N]
    560     0x00009200       0xFFFFFF80      0x00000082         (0, 0, 2)      [1] [NE]
    561     0x00015E80       0xFFFFFF80      0x00004010         (0, 1, 11)      [8] [SW]
    562     0x0000C500       0xFFFFFF80      0x00000020         (0, 0, 8)      [] [S]
    563     0x0000F200       0xFFFFFF80      0x00000630         (0, 0, 14)      [3, 4] [SW, S]
    564     0x00015F00       0xFFFFFF80      0x00008010         (0, 1, 11)      [9] [SW]
    565     0x00005080       0xFFFFFF80      0x00000802         (0, 0, 10)      [5] [NE]
    566     0x0000ED80       0xFFFFFF80      0x007FFFA0         (0, 0, 13)      [1, 2, 3, 4, 5, 6, 7, 8, 9, 10, 11, 12, 13, 14, 15, 16] [S]
    567     0x00014800       0xFFFFFF80      0x00100020         (0, 1, 9)      [14] [S]
    568     0x0000D980       0xFFFFFF80      0x0001800C         (0, 0, 11)      [9, 10] [N, W]
    569     0x0000A580       0xFFFFFF80      0x00080003         (0, 0, 4)      [13] [E, NE]
    570     0x00018600       0xFFFFFF80      0x00000020         (0, 1, 0)      [] [S]
    571     0x00013680       0xFFFFFF80      0x00001018         (0, 1, 6)      [6] [W, SW]
    572     0x00015200       0xFFFFFF80      0x00004020         (0, 1, 10)      [8] [S]
    573     0x0000D000       0xFFFFFF80      0x0000000E         (0, 0, 10)      [] [NE, N, W]
    574     0x0000A180       0xFFFFFF80      0x00000803         (0, 0, 4)      [5] [E, NE]
    575     0x00016100       0xFFFFFF80      0x00080018         (0, 1, 12)      [13] [W, SW]
    576     0x00010480       0xFFFFFF80      0x00100020         (0, 1, 0)      [14] [S]
    577     0x00016C00       0xFFFFFF80      0x00020008         (0, 1, 13)      [11] [W]
    578     0x00018280       0xFFFFFF80      0x00020008         (0, 1, 0)      [11] [W]
    579     0x00004100       0xFFFFFF80      0x00000081         (0, 0, 8)      [1] [E]
    580     0x00022780       0xFFFFFF80      0x00010010         (0, 2, 4)      [10] [SW]
    581     0x00022880       0xFFFFFF80      0x00040010         (0, 2, 5)      [12] [SW]
    582     0x00014700       0xFFFFFF80      0x00040030         (0, 1, 8)      [12] [SW, S]
    583     0x00012B00       0xFFFFFF80      0x00010008         (0, 1, 5)      [10] [W]
    584     0x00007800       0xFFFFFF80      0x00000201         (0, 0, 15)      [3] [E]
    585     0x00007A80       0xFFFFFF80      0x00004001         (0, 0, 15)      [8] [E]
    586     0x0000BB00       0xFFFFFF80      0x00000121         (0, 0, 7)      [2] [E, S]
    587     0x00013900       0xFFFFFF80      0x00020010         (0, 1, 7)      [11] [SW]
    588     0x00017800       0xFFFFFF80      0x00040008         (0, 1, 15)      [12] [W]
    589     0x00019100       0xFFFFFF80      0x00000020         (0, 1, 2)      [] [S]
    590     0x00012F00       0xFFFFFF80      0x00000018         (0, 1, 5)      [] [W, SW]
    591     0x00000B00       0xFFFFFF80      0x00000083         (0, 0, 1)      [1] [E, NE]
    592     0x0000AF80       0xFFFFFF80      0x00001021         (0, 0, 5)      [6] [E, S]
    593     0x00009F80       0xFFFFFF80      0x00000083         (0, 0, 3)      [1] [E, NE]
    594     0x0000C680       0xFFFFFF80      0x00000020         (0, 0, 8)      [] [S]
    595     0x00006B00       0xFFFFFF80      0x00000401         (0, 0, 13)      [4] [E]
    596     0x00015680       0xFFFFFF80      0x00000020         (0, 1, 10)      [] [S]
    597     0x00005200       0xFFFFFF80      0x00004000         (0, 0, 10)      [8] []
    598     0x00002880       0xFFFFFF80      0x00001002         (0, 0, 5)      [6] [NE]
    599     0x0000E480       0xFFFFFF80      0x007FFFBF         (0, 0, 12)      [1, 2, 3, 4, 5, 6, 7, 8, 9, 10, 11, 12, 13, 14, 15, 16] [E, NE, N, W, SW, S]
    600     0x00010F00       0xFFFFFF80      0x00004010         (0, 1, 1)      [8] [SW]
    601     0x00018C00       0xFFFFFF80      0x00008020         (0, 1, 1)      [9] [S]
    602     0x0001D180       0xFFFFFF80      0x00400000         (0, 1, 10)      [16] []
    603     0x00011180       0xFFFFFF80      0x00080010         (0, 1, 2)      [13] [SW]
    604     0x00012600       0xFFFFFF80      0x00000008         (0, 1, 4)      [] [W]
    605     0x00016280       0xFFFFFF80      0x00400018         (0, 1, 12)      [16] [W, SW]
    606     0x00006A80       0xFFFFFF80      0x00000201         (0, 0, 13)      [3] [E]
