router contains 627 entries 
 
  Index   Key(hex)    Mask(hex)    Route(hex)    Src. Core -> [Cores][Links]
------------------------------------------------------------------------------
    0     0x00016280       0xFFFFFF80      0x00000010         (0, 1, 12)      [] [SW]
    1     0x0001CD80       0xFFFFFF80      0x00000100         (0, 1, 9)      [2] []
    2     0x00016A00       0xFFFFFF80      0x00200018         (0, 1, 13)      [15] [W, SW]
    3     0x00011D00       0xFFFFFF80      0x00FFE01E         (0, 1, 3)      [7, 8, 9, 10, 11, 12, 13, 14, 15, 16, 17] [NE, N, W, SW]
    4     0x00001900       0xFFFFFF80      0x00010000         (0, 0, 3)      [10] []
    5     0x00012380       0xFFFFFF80      0x00FFE300         (0, 1, 4)      [2, 3, 7, 8, 9, 10, 11, 12, 13, 14, 15, 16, 17] []
    6     0x00009300       0xFFFFFF80      0x00020000         (0, 0, 2)      [11] []
    7     0x0000A200       0xFFFFFF80      0x00100000         (0, 0, 4)      [14] []
    8     0x00012C80       0xFFFFFF80      0x00000010         (0, 1, 5)      [] [SW]
    9     0x00017580       0xFFFFFF80      0x00200010         (0, 1, 14)      [15] [SW]
    10     0x00045B00       0xFFFFFF00      0x00000080         (0, 4, 11)      [1] []
    11     0x0000E600       0xFFFFFF80      0x00200000         (0, 0, 12)      [15] []
    12     0x00010080       0xFFFFFF80      0x00100000         (0, 1, 0)      [14] []
    13     0x00015100       0xFFFFFF80      0x00100000         (0, 1, 10)      [14] []
    14     0x00009600       0xFFFFFF80      0x00800000         (0, 0, 2)      [17] []
    15     0x00022280       0xFFFFFF80      0x00004008         (0, 2, 4)      [8] [W]
    16     0x00022A00       0xFFFFFF80      0x00000008         (0, 2, 5)      [] [W]
    17     0x0000CE00       0xFFFFFF80      0x00000002         (0, 0, 9)      [] [NE]
    18     0x00022380       0xFFFFFF80      0x00010008         (0, 2, 4)      [10] [W]
    19     0x0001E480       0xFFFFFF80      0x00000100         (0, 1, 12)      [2] []
    20     0x0001B900       0xFFFFFF80      0x00001000         (0, 1, 7)      [6] []
    21     0x00016180       0xFFFFFF80      0x00000010         (0, 1, 12)      [] [SW]
    22     0x0001AE80       0xFFFFFF80      0x00000100         (0, 1, 5)      [2] []
    23     0x00010F00       0xFFFFFF80      0x00C01F90         (0, 1, 1)      [1, 2, 3, 4, 5, 6, 16, 17] [SW]
    24     0x00004F80       0xFFFFFF80      0x00020000         (0, 0, 9)      [11] []
    25     0x00022700       0xFFFFFF80      0x00800008         (0, 2, 4)      [17] [W]
    26     0x00003600       0xFFFFFF80      0x00100000         (0, 0, 6)      [14] []
    27     0x00005000       0xFFFFFF80      0x00040000         (0, 0, 10)      [12] []
    28     0x00003380       0xFFFFFF80      0x00008000         (0, 0, 6)      [9] []
    29     0x00011080       0xFFFFFF80      0x00001F90         (0, 1, 2)      [1, 2, 3, 4, 5, 6] [SW]
    30     0x0000CC00       0xFFFFFF80      0x00800002         (0, 0, 9)      [17] [NE]
    31     0x0000C900       0xFFFFFF80      0x00020000         (0, 0, 9)      [11] []
    32     0x00046500       0xFFFFFF00      0x00020000         (0, 4, 12)      [11] []
    33     0x0001F200       0xFFFFFF80      0x00000800         (0, 1, 14)      [5] []
    34     0x0000D580       0xFFFFFF80      0x00008000         (0, 0, 10)      [9] []
    35     0x00006900       0xFFFFFF80      0x00004000         (0, 0, 13)      [8] []
    36     0x0001DF80       0xFFFFFF80      0x00000100         (0, 1, 11)      [2] []
    37     0x00000A80       0xFFFFFF80      0x00004000         (0, 0, 1)      [8] []
    38     0x0000FA00       0xFFFFFF80      0x00000080         (0, 0, 15)      [1] []
    39     0x00012980       0xFFFFFF80      0x00300010         (0, 1, 5)      [14, 15] [SW]
    40     0x00022D80       0xFFFFFF80      0x00000200         (0, 2, 5)      [3] []
    41     0x00015C80       0xFFFFFF80      0x00040000         (0, 1, 11)      [12] []
    42     0x0000D180       0xFFFFFF80      0x00000083         (0, 0, 10)      [1] [E, NE]
    43     0x00005D80       0xFFFFFF80      0x00040000         (0, 0, 11)      [12] []
    44     0x0000F480       0xFFFFFF80      0x00800000         (0, 0, 14)      [17] []
    45     0x00045E00       0xFFFFFF00      0x00000400         (0, 4, 11)      [4] []
    46     0x0001E000       0xFFFFFF80      0x00000200         (0, 1, 12)      [3] []
    47     0x0000CC80       0xFFFFFF80      0x00000002         (0, 0, 9)      [] [NE]
    48     0x00022400       0xFFFFFF80      0x00020008         (0, 2, 4)      [11] [W]
    49     0x00003780       0xFFFFFF80      0x00800000         (0, 0, 6)      [17] []
    50     0x0001E880       0xFFFFFF80      0x00000080         (0, 1, 13)      [1] []
    51     0x0000BD00       0xFFFFFF80      0x00100000         (0, 0, 7)      [14] []
    52     0x00013C00       0xFFFFFF80      0x00000010         (0, 1, 7)      [] [SW]
    53     0x00003400       0xFFFFFF80      0x00010000         (0, 0, 6)      [10] []
    54     0x00013500       0xFFFFFF80      0x00020000         (0, 1, 6)      [11] []
    55     0x00018800       0xFFFFFF80      0x00000200         (0, 1, 1)      [3] []
    56     0x00013F00       0xFFFFFF80      0x00000400         (0, 1, 7)      [4] []
    57     0x00010780       0xFFFFFF80      0x00000180         (0, 1, 0)      [1, 2] []
    58     0x0003DF00       0xFFFFFF00      0x00000008         (0, 3, 11)      [] [W]
    59     0x00002700       0xFFFFFF80      0x00020000         (0, 0, 4)      [11] []
    60     0x00006980       0xFFFFFF80      0x00008000         (0, 0, 13)      [9] []
    61     0x00011D80       0xFFFFFF80      0x00FFE010         (0, 1, 3)      [7, 8, 9, 10, 11, 12, 13, 14, 15, 16, 17] [SW]
    62     0x00018900       0xFFFFFF80      0x00000800         (0, 1, 1)      [5] []
    63     0x00001B00       0xFFFFFF80      0x00100000         (0, 0, 3)      [14] []
    64     0x00012400       0xFFFFFF80      0x00FFE600         (0, 1, 4)      [3, 4, 7, 8, 9, 10, 11, 12, 13, 14, 15, 16, 17] []
    65     0x00017900       0xFFFFFF80      0x00000010         (0, 1, 15)      [] [SW]
    66     0x00010B80       0xFFFFFF80      0x00019F80         (0, 1, 1)      [1, 2, 3, 4, 5, 6, 9, 10] []
    67     0x00016D80       0xFFFFFF80      0x00000018         (0, 1, 13)      [] [W, SW]
    68     0x00019400       0xFFFFFF80      0x00001000         (0, 1, 2)      [6] []
    69     0x00010200       0xFFFFFF80      0x00800000         (0, 1, 0)      [17] []
    70     0x00013000       0xFFFFFF80      0x00000090         (0, 1, 6)      [1] [SW]
    71     0x00015280       0xFFFFFF80      0x00800000         (0, 1, 10)      [17] []
    72     0x0001E080       0xFFFFFF80      0x00000400         (0, 1, 12)      [4] []
    73     0x00007600       0xFFFFFF80      0x00002000         (0, 0, 14)      [7] []
    74     0x00050400       0xFFFFFF00      0x00000002         (0, 5, 0)      [] [NE]
    75     0x00001780       0xFFFFFF80      0x00002000         (0, 0, 2)      [7] []
    76     0x0000D780       0xFFFFFF80      0x00080000         (0, 0, 10)      [13] []
    77     0x0001ED00       0xFFFFFF80      0x00000100         (0, 1, 13)      [2] []
    78     0x00011400       0xFFFFFF80      0x00001F90         (0, 1, 2)      [1, 2, 3, 4, 5, 6] [SW]
    79     0x00010880       0xFFFFFF80      0x00000600         (0, 1, 1)      [3, 4] []
    80     0x00005200       0xFFFFFF80      0x00400000         (0, 0, 10)      [16] []
    81     0x00012600       0xFFFFFF80      0x00006000         (0, 1, 4)      [8, 7] []
    82     0x0001BE80       0xFFFFFF80      0x00000080         (0, 1, 7)      [1] []
    83     0x00008480       0xFFFFFF80      0x00008000         (0, 0, 0)      [9] []
    84     0x00020900       0xFFFFFF80      0x00FFE000         (0, 2, 1)      [7, 8, 9, 10, 11, 12, 13, 14, 15, 16, 17] []
    85     0x00004000       0xFFFFFF80      0x00002000         (0, 0, 8)      [7] []
    86     0x0000F000       0xFFFFFF80      0x00004000         (0, 0, 14)      [8] []
    87     0x0000BB80       0xFFFFFF80      0x00020000         (0, 0, 7)      [11] []
    88     0x0000FB00       0xFFFFFF80      0x00000200         (0, 0, 15)      [3] []
    89     0x00015A00       0xFFFFFF80      0x00000800         (0, 1, 11)      [5] []
    90     0x0000E280       0xFFFFFF80      0x00004000         (0, 0, 12)      [8] []
    91     0x0000CF00       0xFFFFFF80      0x00000003         (0, 0, 9)      [] [E, NE]
    92     0x0001F800       0xFFFFFF80      0x00001000         (0, 1, 15)      [6] []
    93     0x0000BE80       0xFFFFFF80      0x00800000         (0, 0, 7)      [17] []
    94     0x0000E580       0xFFFFFF80      0x00100000         (0, 0, 12)      [14] []
    95     0x0000F100       0xFFFFFF80      0x00010000         (0, 0, 14)      [10] []
    96     0x00004380       0xFFFFFF80      0x00100000         (0, 0, 8)      [14] []
    97     0x00011A00       0xFFFFFF80      0x00FFE01E         (0, 1, 3)      [7, 8, 9, 10, 11, 12, 13, 14, 15, 16, 17] [NE, N, W, SW]
    98     0x00015F00       0xFFFFFF80      0x00800010         (0, 1, 11)      [17] [SW]
    99     0x0001EB00       0xFFFFFF80      0x00001000         (0, 1, 13)      [6] []
    100     0x00005F80       0xFFFFFF80      0x00400000         (0, 0, 11)      [16] []
    101     0x00008A80       0xFFFFFF80      0x00000002         (0, 0, 1)      [] [NE]
    102     0x00006B80       0xFFFFFF80      0x00080000         (0, 0, 13)      [13] []
    103     0x0000E200       0xFFFFFF80      0x00002000         (0, 0, 12)      [7] []
    104     0x00017080       0xFFFFFF80      0x00000090         (0, 1, 14)      [1] [SW]
    105     0x00013480       0xFFFFFF80      0x00010000         (0, 1, 6)      [10] []
    106     0x00012D80       0xFFFFFF80      0x00000010         (0, 1, 5)      [] [SW]
    107     0x00012180       0xFFFFFF80      0x00FFE010         (0, 1, 4)      [7, 8, 9, 10, 11, 12, 13, 14, 15, 16, 17] [SW]
    108     0x00012680       0xFFFFFF80      0x0000C000         (0, 1, 4)      [8, 9] []
    109     0x0001DB00       0xFFFFFF80      0x00000400         (0, 1, 11)      [4] []
    110     0x00018980       0xFFFFFF80      0x00001000         (0, 1, 1)      [6] []
    111     0x00010F80       0xFFFFFF80      0x00801F90         (0, 1, 1)      [1, 2, 3, 4, 5, 6, 17] [SW]
    112     0x00022000       0xFFFFFF80      0x00000008         (0, 2, 4)      [] [W]
    113     0x00001880       0xFFFFFF80      0x00008000         (0, 0, 3)      [9] []
    114     0x00014280       0xFFFFFF80      0x00020000         (0, 1, 8)      [11] []
    115     0x00045C00       0xFFFFFF00      0x00000100         (0, 4, 11)      [2] []
    116     0x00022680       0xFFFFFF80      0x00400008         (0, 2, 4)      [16] [W]
    117     0x0000D800       0xFFFFFF80      0x00100000         (0, 0, 11)      [14] []
    118     0x00008600       0xFFFFFF80      0x00040000         (0, 0, 0)      [12] []
    119     0x00000C00       0xFFFFFF80      0x00020000         (0, 0, 1)      [11] []
    120     0x00012F80       0xFFFFFF80      0x00000010         (0, 1, 5)      [] [SW]
    121     0x00016F00       0xFFFFFF80      0x00000010         (0, 1, 13)      [] [SW]
    122     0x00012B00       0xFFFFFF80      0x00800010         (0, 1, 5)      [17] [SW]
    123     0x0000F180       0xFFFFFF80      0x00020000         (0, 0, 14)      [11] []
    124     0x00016580       0xFFFFFF80      0x00000200         (0, 1, 12)      [3] []
    125     0x00011900       0xFFFFFF80      0x00FFE01E         (0, 1, 3)      [7, 8, 9, 10, 11, 12, 13, 14, 15, 16, 17] [NE, N, W, SW]
    126     0x00017880       0xFFFFFF80      0x00000010         (0, 1, 15)      [] [SW]
    127     0x00009480       0xFFFFFF80      0x00100000         (0, 0, 2)      [14] []
    128     0x0001F280       0xFFFFFF80      0x00001000         (0, 1, 14)      [6] []
    129     0x0000D600       0xFFFFFF80      0x00010000         (0, 0, 10)      [10] []
    130     0x0000FA80       0xFFFFFF80      0x00000100         (0, 0, 15)      [2] []
    131     0x00015180       0xFFFFFF80      0x00200000         (0, 1, 10)      [15] []
    132     0x0003E200       0xFFFFFF00      0x00000008         (0, 3, 12)      [] [W]
    133     0x00017C00       0xFFFFFF80      0x00000090         (0, 1, 15)      [1] [SW]
    134     0x0000AC00       0xFFFFFF80      0x00002000         (0, 0, 5)      [7] []
    135     0x0000CF80       0xFFFFFF80      0x00000003         (0, 0, 9)      [] [E, NE]
    136     0x0001FA00       0xFFFFFF80      0x00001000         (0, 1, 15)      [6] []
    137     0x00009280       0xFFFFFF80      0x00010000         (0, 0, 2)      [10] []
    138     0x00011C00       0xFFFFFF80      0x00FFE01E         (0, 1, 3)      [7, 8, 9, 10, 11, 12, 13, 14, 15, 16, 17] [NE, N, W, SW]
    139     0x00017C80       0xFFFFFF80      0x00000100         (0, 1, 15)      [2] []
    140     0x0000E680       0xFFFFFF80      0x00400000         (0, 0, 12)      [16] []
    141     0x00022980       0xFFFFFF80      0x00000008         (0, 2, 5)      [] [W]
    142     0x00016E00       0xFFFFFF80      0x00000018         (0, 1, 13)      [] [W, SW]
    143     0x00017B00       0xFFFFFF80      0x00000010         (0, 1, 15)      [] [SW]
    144     0x00046800       0xFFFFFF00      0x00100000         (0, 4, 13)      [14] []
    145     0x0000C800       0xFFFFFF80      0x00008000         (0, 0, 9)      [9] []
    146     0x0001DA00       0xFFFFFF80      0x00000100         (0, 1, 11)      [2] []
    147     0x0000D980       0xFFFFFF80      0x00800000         (0, 0, 11)      [17] []
    148     0x00007880       0xFFFFFF80      0x00040000         (0, 0, 15)      [12] []
    149     0x00017A80       0xFFFFFF80      0x00000010         (0, 1, 15)      [] [SW]
    150     0x00016B80       0xFFFFFF80      0x00000018         (0, 1, 13)      [] [W, SW]
    151     0x00016380       0xFFFFFF80      0x00000010         (0, 1, 12)      [] [SW]
    152     0x00008680       0xFFFFFF80      0x00080000         (0, 0, 0)      [13] []
    153     0x0000B000       0xFFFFFF80      0x00200000         (0, 0, 6)      [15] []
    154     0x00005B80       0xFFFFFF80      0x00004000         (0, 0, 11)      [8] []
    155     0x00021E00       0xFFFFFF80      0x00000008         (0, 2, 3)      [] [W]
    156     0x00013280       0xFFFFFF80      0x00001000         (0, 1, 6)      [6] []
    157     0x00045F00       0xFFFFFF00      0x00000800         (0, 4, 11)      [5] []
    158     0x00017A00       0xFFFFFF80      0x00000010         (0, 1, 15)      [] [SW]
    159     0x0001E680       0xFFFFFF80      0x00001000         (0, 1, 12)      [6] []
    160     0x00046900       0xFFFFFF00      0x00200000         (0, 4, 13)      [15] []
    161     0x00017200       0xFFFFFF80      0x00000400         (0, 1, 14)      [4] []
    162     0x00013980       0xFFFFFF80      0x00000010         (0, 1, 7)      [] [SW]
    163     0x0000FE80       0xFFFFFF80      0x00010000         (0, 0, 15)      [10] []
    164     0x00002680       0xFFFFFF80      0x00010000         (0, 0, 4)      [10] []
    165     0x00004280       0xFFFFFF80      0x00040000         (0, 0, 8)      [12] []
    166     0x0000A300       0xFFFFFF80      0x00400000         (0, 0, 4)      [16] []
    167     0x00015E00       0xFFFFFF80      0x00200010         (0, 1, 11)      [15] [SW]
    168     0x0001C600       0xFFFFFF80      0x00000080         (0, 1, 8)      [1] []
    169     0x00013F80       0xFFFFFF80      0x00000800         (0, 1, 7)      [5] []
    170     0x0003E400       0xFFFFFF00      0x00000008         (0, 3, 12)      [] [W]
    171     0x00013680       0xFFFFFF80      0x00100010         (0, 1, 6)      [14] [SW]
    172     0x00007B00       0xFFFFFF80      0x00800000         (0, 0, 15)      [17] []
    173     0x00000A00       0xFFFFFF80      0x00002000         (0, 0, 1)      [7] []
    174     0x00046A00       0xFFFFFF00      0x00400000         (0, 4, 13)      [16] []
    175     0x00010E00       0xFFFFFF80      0x00301F90         (0, 1, 1)      [1, 2, 3, 4, 5, 6, 14, 15] [SW]
    176     0x0003D700       0xFFFFFF00      0x00000008         (0, 3, 10)      [] [W]
    177     0x00004E00       0xFFFFFF80      0x00004000         (0, 0, 9)      [8] []
    178     0x0000ED80       0xFFFFFF80      0x00000200         (0, 0, 13)      [3] []
    179     0x00013600       0xFFFFFF80      0x00080010         (0, 1, 6)      [13] [SW]
    180     0x00018C00       0xFFFFFF80      0x00800000         (0, 1, 1)      [17] []
    181     0x00006D80       0xFFFFFF80      0x00800000         (0, 0, 13)      [17] []
    182     0x00012080       0xFFFFFF80      0x00FFE010         (0, 1, 4)      [7, 8, 9, 10, 11, 12, 13, 14, 15, 16, 17] [SW]
    183     0x0000DF00       0xFFFFFF80      0x00000080         (0, 0, 11)      [1] []
    184     0x00011780       0xFFFFFF80      0x00001F97         (0, 1, 2)      [1, 2, 3, 4, 5, 6] [E, NE, N, SW]
    185     0x0001CD00       0xFFFFFF80      0x00000080         (0, 1, 9)      [1] []
    186     0x0001EF00       0xFFFFFF80      0x00001000         (0, 1, 13)      [6] []
    187     0x00046B00       0xFFFFFF00      0x00800000         (0, 4, 13)      [17] []
    188     0x00046000       0xFFFFFF00      0x00001000         (0, 4, 12)      [6] []
    189     0x0000E300       0xFFFFFF80      0x00008000         (0, 0, 12)      [9] []
    190     0x00013E80       0xFFFFFF80      0x00000200         (0, 1, 7)      [3] []
    191     0x0000A380       0xFFFFFF80      0x00800000         (0, 0, 4)      [17] []
    192     0x0001E400       0xFFFFFF80      0x00000080         (0, 1, 12)      [1] []
    193     0x00013C80       0xFFFFFF80      0x00000010         (0, 1, 7)      [] [SW]
    194     0x00010900       0xFFFFFF80      0x00000C00         (0, 1, 1)      [4, 5] []
    195     0x00016C00       0xFFFFFF80      0x00000018         (0, 1, 13)      [] [W, SW]
    196     0x00016500       0xFFFFFF80      0x00000100         (0, 1, 12)      [2] []
    197     0x00004E80       0xFFFFFF80      0x00008000         (0, 0, 9)      [9] []
    198     0x0001EA80       0xFFFFFF80      0x00000800         (0, 1, 13)      [5] []
    199     0x0000D100       0xFFFFFF80      0x00000003         (0, 0, 10)      [] [E, NE]
    200     0x0001E980       0xFFFFFF80      0x00000200         (0, 1, 13)      [3] []
    201     0x00013800       0xFFFFFF80      0x00800010         (0, 1, 7)      [17] [SW]
    202     0x0000C980       0xFFFFFF80      0x00040000         (0, 0, 9)      [12] []
    203     0x00007980       0xFFFFFF80      0x00100000         (0, 0, 15)      [14] []
    204     0x00005280       0xFFFFFF80      0x00800000         (0, 0, 10)      [17] []
    205     0x00022080       0xFFFFFF80      0x00000008         (0, 2, 4)      [] [W]
    206     0x00050800       0xFFFFFF00      0x00000002         (0, 5, 1)      [] [NE]
    207     0x0000B980       0xFFFFFF80      0x00002000         (0, 0, 7)      [7] []
    208     0x00011300       0xFFFFFF80      0x00001F90         (0, 1, 2)      [1, 2, 3, 4, 5, 6] [SW]
    209     0x00007680       0xFFFFFF80      0x00004000         (0, 0, 14)      [8] []
    210     0x0001D400       0xFFFFFF80      0x00000100         (0, 1, 10)      [2] []
    211     0x00004080       0xFFFFFF80      0x00004000         (0, 0, 8)      [8] []
    212     0x00008580       0xFFFFFF80      0x00020000         (0, 0, 0)      [11] []
    213     0x00011580       0xFFFFFF80      0x00001F97         (0, 1, 2)      [1, 2, 3, 4, 5, 6] [E, NE, N, SW]
    214     0x00006000       0xFFFFFF80      0x00800000         (0, 0, 12)      [17] []
    215     0x00017100       0xFFFFFF80      0x00000100         (0, 1, 14)      [2] []
    216     0x0001A580       0xFFFFFF80      0x00000100         (0, 1, 4)      [2] []
    217     0x0000FD00       0xFFFFFF80      0x00002000         (0, 0, 15)      [7] []
    218     0x00016600       0xFFFFFF80      0x00000400         (0, 1, 12)      [4] []
    219     0x00005E00       0xFFFFFF80      0x00080000         (0, 0, 11)      [13] []
    220     0x00008A00       0xFFFFFF80      0x00000002         (0, 0, 1)      [] [NE]
    221     0x00006C00       0xFFFFFF80      0x00100000         (0, 0, 13)      [14] []
    222     0x00017B80       0xFFFFFF80      0x00000010         (0, 1, 15)      [] [SW]
    223     0x0000FF00       0xFFFFFF80      0x00020000         (0, 0, 15)      [11] []
    224     0x0000CB80       0xFFFFFF80      0x00400002         (0, 0, 9)      [16] [NE]
    225     0x00005100       0xFFFFFF80      0x00100000         (0, 0, 10)      [14] []
    226     0x00014B80       0xFFFFFF80      0x00000100         (0, 1, 9)      [2] []
    227     0x00050A00       0xFFFFFF00      0x00000002         (0, 5, 1)      [] [NE]
    228     0x00019D80       0xFFFFFF80      0x00000800         (0, 1, 3)      [5] []
    229     0x00003480       0xFFFFFF80      0x00020000         (0, 0, 6)      [11] []
    230     0x00014300       0xFFFFFF80      0x00040000         (0, 1, 8)      [12] []
    231     0x00019600       0xFFFFFF80      0x00800000         (0, 1, 2)      [17] []
    232     0x00013880       0xFFFFFF80      0x00000010         (0, 1, 7)      [] [SW]
    233     0x0001A600       0xFFFFFF80      0x00000200         (0, 1, 4)      [3] []
    234     0x00001A80       0xFFFFFF80      0x00080000         (0, 0, 3)      [13] []
    235     0x00022900       0xFFFFFF80      0x00000008         (0, 2, 5)      [] [W]
    236     0x00015000       0xFFFFFF80      0x00040000         (0, 1, 10)      [12] []
    237     0x0003E100       0xFFFFFF00      0x00000008         (0, 3, 12)      [] [W]
    238     0x00050600       0xFFFFFF00      0x00000002         (0, 5, 0)      [] [NE]
    239     0x00004D80       0xFFFFFF80      0x00002000         (0, 0, 9)      [7] []
    240     0x00011680       0xFFFFFF80      0x00001F95         (0, 1, 2)      [1, 2, 3, 4, 5, 6] [E, N, SW]
    241     0x0000E500       0xFFFFFF80      0x00080000         (0, 0, 12)      [13] []
    242     0x00012A00       0xFFFFFF80      0x00600010         (0, 1, 5)      [16, 15] [SW]
    243     0x0000BD80       0xFFFFFF80      0x00200000         (0, 0, 7)      [15] []
    244     0x00022500       0xFFFFFF80      0x00080008         (0, 2, 4)      [13] [W]
    245     0x00050B00       0xFFFFFF00      0x00000002         (0, 5, 1)      [] [NE]
    246     0x0000D680       0xFFFFFF80      0x00020000         (0, 0, 10)      [11] []
    247     0x00046700       0xFFFFFF00      0x00080000         (0, 4, 12)      [13] []
    248     0x00017D00       0xFFFFFF80      0x00000200         (0, 1, 15)      [3] []
    249     0x00013D80       0xFFFFFF80      0x00000090         (0, 1, 7)      [1] [SW]
    250     0x00016000       0xFFFFFF80      0x00000010         (0, 1, 12)      [] [SW]
    251     0x00001980       0xFFFFFF80      0x00020000         (0, 0, 3)      [11] []
    252     0x00008880       0xFFFFFF80      0x00800002         (0, 0, 1)      [17] [NE]
    253     0x0000EF80       0xFFFFFF80      0x00002000         (0, 0, 13)      [7] []
    254     0x0001DC00       0xFFFFFF80      0x00001000         (0, 1, 11)      [6] []
    255     0x00002980       0xFFFFFF80      0x00400000         (0, 0, 5)      [16] []
    256     0x00011A80       0xFFFFFF80      0x00FFE01C         (0, 1, 3)      [7, 8, 9, 10, 11, 12, 13, 14, 15, 16, 17] [N, W, SW]
    257     0x00005E80       0xFFFFFF80      0x00100000         (0, 0, 11)      [14] []
    258     0x00014000       0xFFFFFF80      0x00001000         (0, 1, 8)      [6] []
    259     0x00011F00       0xFFFFFF80      0x00FFE010         (0, 1, 3)      [7, 8, 9, 10, 11, 12, 13, 14, 15, 16, 17] [SW]
    260     0x00005C00       0xFFFFFF80      0x00008000         (0, 0, 11)      [9] []
    261     0x00013D00       0xFFFFFF80      0x00000010         (0, 1, 7)      [] [SW]
    262     0x00022E00       0xFFFFFF80      0x00000400         (0, 2, 5)      [4] []
    263     0x00018700       0xFFFFFF80      0x00000080         (0, 1, 0)      [1] []
    264     0x00016400       0xFFFFFF80      0x00000010         (0, 1, 12)      [] [SW]
    265     0x00012300       0xFFFFFF80      0x00FFE180         (0, 1, 4)      [1, 2, 7, 8, 9, 10, 11, 12, 13, 14, 15, 16, 17] []
    266     0x00016900       0xFFFFFF80      0x00080010         (0, 1, 13)      [13] [SW]
    267     0x00014C80       0xFFFFFF80      0x00000400         (0, 1, 9)      [4] []
    268     0x00014480       0xFFFFFF80      0x00200000         (0, 1, 8)      [15] []
    269     0x00016700       0xFFFFFF80      0x00001000         (0, 1, 12)      [6] []
    270     0x0000AF00       0xFFFFFF80      0x00080000         (0, 0, 5)      [13] []
    271     0x0001F180       0xFFFFFF80      0x00000400         (0, 1, 14)      [4] []
    272     0x00008800       0xFFFFFF80      0x00400002         (0, 0, 1)      [16] [NE]
    273     0x00012280       0xFFFFFF80      0x00FFE090         (0, 1, 4)      [1, 7, 8, 9, 10, 11, 12, 13, 14, 15, 16, 17] [SW]
    274     0x0001B700       0xFFFFFF80      0x00000100         (0, 1, 6)      [2] []
    275     0x00015F80       0xFFFFFF80      0x00000010         (0, 1, 11)      [] [SW]
    276     0x0000AE80       0xFFFFFF80      0x00040000         (0, 0, 5)      [12] []
    277     0x0000A080       0xFFFFFF80      0x00020000         (0, 0, 4)      [11] []
    278     0x00012880       0xFFFFFF80      0x000C0010         (0, 1, 5)      [12, 13] [SW]
    279     0x00015080       0xFFFFFF80      0x00080000         (0, 1, 10)      [13] []
    280     0x0000F380       0xFFFFFF80      0x00200000         (0, 0, 14)      [15] []
    281     0x0003DE00       0xFFFFFF00      0x00000008         (0, 3, 11)      [] [W]
    282     0x00000D00       0xFFFFFF80      0x00080000         (0, 0, 1)      [13] []
    283     0x00050D00       0xFFFFFF00      0x00000002         (0, 5, 1)      [] [NE]
    284     0x00016080       0xFFFFFF80      0x00000010         (0, 1, 12)      [] [SW]
    285     0x00019C80       0xFFFFFF80      0x00000200         (0, 1, 3)      [3] []
    286     0x00019C00       0xFFFFFF80      0x00000100         (0, 1, 3)      [2] []
    287     0x00004300       0xFFFFFF80      0x00080000         (0, 0, 8)      [13] []
    288     0x0003E500       0xFFFFFF00      0x00000008         (0, 3, 12)      [] [W]
    289     0x00005C80       0xFFFFFF80      0x00010000         (0, 0, 11)      [10] []
    290     0x0001BF00       0xFFFFFF80      0x00000100         (0, 1, 7)      [2] []
    291     0x00015880       0xFFFFFF80      0x00000100         (0, 1, 11)      [2] []
    292     0x00012D00       0xFFFFFF80      0x00000010         (0, 1, 5)      [] [SW]
    293     0x00018880       0xFFFFFF80      0x00000400         (0, 1, 1)      [4] []
    294     0x00009400       0xFFFFFF80      0x00080000         (0, 0, 2)      [13] []
    295     0x00022A80       0xFFFFFF80      0x00000008         (0, 2, 5)      [] [W]
    296     0x0001E500       0xFFFFFF80      0x00000200         (0, 1, 12)      [3] []
    297     0x00002800       0xFFFFFF80      0x00080000         (0, 0, 5)      [13] []
    298     0x00013180       0xFFFFFF80      0x00000400         (0, 1, 6)      [4] []
    299     0x00013700       0xFFFFFF80      0x00200010         (0, 1, 6)      [15] [SW]
    300     0x0000E380       0xFFFFFF80      0x00010000         (0, 0, 12)      [10] []
    301     0x00013780       0xFFFFFF80      0x00400010         (0, 1, 6)      [16] [SW]
    302     0x0001ED80       0xFFFFFF80      0x00000200         (0, 1, 13)      [3] []
    303     0x0000DF80       0xFFFFFF80      0x00000100         (0, 0, 11)      [2] []
    304     0x0001B080       0xFFFFFF80      0x00001000         (0, 1, 6)      [6] []
    305     0x0000D480       0xFFFFFF80      0x00002000         (0, 0, 10)      [7] []
    306     0x00012700       0xFFFFFF80      0x00018000         (0, 1, 4)      [9, 10] []
    307     0x00003680       0xFFFFFF80      0x00200000         (0, 0, 6)      [15] []
    308     0x00010C00       0xFFFFFF80      0x00031F80         (0, 1, 1)      [1, 2, 3, 4, 5, 6, 10, 11] []
    309     0x0001C000       0xFFFFFF80      0x00000400         (0, 1, 8)      [4] []
    310     0x0001B000       0xFFFFFF80      0x00000800         (0, 1, 6)      [5] []
    311     0x00012900       0xFFFFFF80      0x00180010         (0, 1, 5)      [13, 14] [SW]
    312     0x0001C100       0xFFFFFF80      0x00001000         (0, 1, 8)      [6] []
    313     0x00010A80       0xFFFFFF80      0x00007F80         (0, 1, 1)      [1, 2, 3, 4, 5, 6, 7, 8] []
    314     0x00008900       0xFFFFFF80      0x00000002         (0, 0, 1)      [] [NE]
    315     0x00008B80       0xFFFFFF80      0x00000002         (0, 0, 1)      [] [NE]
    316     0x0001E180       0xFFFFFF80      0x00001000         (0, 1, 12)      [6] []
    317     0x00006A00       0xFFFFFF80      0x00010000         (0, 0, 13)      [10] []
    318     0x0000C880       0xFFFFFF80      0x00010000         (0, 0, 9)      [10] []
    319     0x00008700       0xFFFFFF80      0x00100002         (0, 0, 0)      [14] [NE]
    320     0x0000AC80       0xFFFFFF80      0x00004000         (0, 0, 5)      [8] []
    321     0x00010700       0xFFFFFF80      0x00000080         (0, 1, 0)      [1] []
    322     0x00016980       0xFFFFFF80      0x00100018         (0, 1, 13)      [14] [W, SW]
    323     0x0000E700       0xFFFFFF80      0x00800000         (0, 0, 12)      [17] []
    324     0x0001A680       0xFFFFFF80      0x00000400         (0, 1, 4)      [4] []
    325     0x0003E300       0xFFFFFF00      0x00000008         (0, 3, 12)      [] [W]
    326     0x00017800       0xFFFFFF80      0x00000010         (0, 1, 15)      [] [SW]
    327     0x00021F80       0xFFFFFF80      0x00000008         (0, 2, 3)      [] [W]
    328     0x0001F100       0xFFFFFF80      0x00000200         (0, 1, 14)      [3] []
    329     0x0000FD80       0xFFFFFF80      0x00004000         (0, 0, 15)      [8] []
    330     0x00017280       0xFFFFFF80      0x00000800         (0, 1, 14)      [5] []
    331     0x0001CE00       0xFFFFFF80      0x00000200         (0, 1, 9)      [3] []
    332     0x0001F480       0xFFFFFF80      0x00000400         (0, 1, 14)      [4] []
    333     0x00000B80       0xFFFFFF80      0x00010000         (0, 0, 1)      [10] []
    334     0x00011E00       0xFFFFFF80      0x00FFE010         (0, 1, 3)      [7, 8, 9, 10, 11, 12, 13, 14, 15, 16, 17] [SW]
    335     0x00013A00       0xFFFFFF80      0x00000010         (0, 1, 7)      [] [SW]
    336     0x0000FF80       0xFFFFFF80      0x00040000         (0, 0, 15)      [12] []
    337     0x00008380       0xFFFFFF80      0x00002000         (0, 0, 0)      [7] []
    338     0x00018180       0xFFFFFF80      0x00800010         (0, 1, 0)      [17] [SW]
    339     0x0001C700       0xFFFFFF80      0x00000200         (0, 1, 8)      [3] []
    340     0x00007700       0xFFFFFF80      0x00008000         (0, 0, 14)      [9] []
    341     0x00011C80       0xFFFFFF80      0x00FFE01E         (0, 1, 3)      [7, 8, 9, 10, 11, 12, 13, 14, 15, 16, 17] [NE, N, W, SW]
    342     0x00011600       0xFFFFFF80      0x00001F97         (0, 1, 2)      [1, 2, 3, 4, 5, 6] [E, NE, N, SW]
    343     0x00019380       0xFFFFFF80      0x00000800         (0, 1, 2)      [5] []
    344     0x00012C00       0xFFFFFF80      0x00000010         (0, 1, 5)      [] [SW]
    345     0x00046600       0xFFFFFF00      0x00040000         (0, 4, 12)      [12] []
    346     0x00051100       0xFFFFFF00      0x00000002         (0, 5, 2)      [] [NE]
    347     0x0000A280       0xFFFFFF80      0x00200000         (0, 0, 4)      [15] []
    348     0x00005180       0xFFFFFF80      0x00200000         (0, 0, 10)      [15] []
    349     0x00011500       0xFFFFFF80      0x00001F97         (0, 1, 2)      [1, 2, 3, 4, 5, 6] [E, NE, N, SW]
    350     0x00011200       0xFFFFFF80      0x00001F90         (0, 1, 2)      [1, 2, 3, 4, 5, 6] [SW]
    351     0x0000B080       0xFFFFFF80      0x00400000         (0, 0, 6)      [16] []
    352     0x00020880       0xFFFFFF80      0x00001F80         (0, 2, 1)      [1, 2, 3, 4, 5, 6] []
    353     0x0000D700       0xFFFFFF80      0x00040000         (0, 0, 10)      [12] []
    354     0x00002600       0xFFFFFF80      0x00008000         (0, 0, 4)      [9] []
    355     0x00019280       0xFFFFFF80      0x00000200         (0, 1, 2)      [3] []
    356     0x00002500       0xFFFFFF80      0x00002000         (0, 0, 4)      [7] []
    357     0x00017500       0xFFFFFF80      0x00100010         (0, 1, 14)      [14] [SW]
    358     0x00016B00       0xFFFFFF80      0x00800018         (0, 1, 13)      [17] [W, SW]
    359     0x0001F780       0xFFFFFF80      0x00000800         (0, 1, 14)      [5] []
    360     0x00011700       0xFFFFFF80      0x00001F95         (0, 1, 2)      [1, 2, 3, 4, 5, 6] [E, N, SW]
    361     0x0001EE00       0xFFFFFF80      0x00000400         (0, 1, 13)      [4] []
    362     0x00009380       0xFFFFFF80      0x00040000         (0, 0, 2)      [12] []
    363     0x00017780       0xFFFFFF80      0x00000010         (0, 1, 14)      [] [SW]
    364     0x00015900       0xFFFFFF80      0x00000200         (0, 1, 11)      [3] []
    365     0x00011B00       0xFFFFFF80      0x00FFE01C         (0, 1, 3)      [7, 8, 9, 10, 11, 12, 13, 14, 15, 16, 17] [N, W, SW]
    366     0x0001A700       0xFFFFFF80      0x00000800         (0, 1, 4)      [5] []
    367     0x00022880       0xFFFFFF80      0x00000008         (0, 2, 5)      [] [W]
    368     0x0001F500       0xFFFFFF80      0x00000800         (0, 1, 14)      [5] []
    369     0x00007900       0xFFFFFF80      0x00080000         (0, 0, 15)      [13] []
    370     0x00022100       0xFFFFFF80      0x00000008         (0, 2, 4)      [] [W]
    371     0x00012580       0xFFFFFF80      0x00FFF000         (0, 1, 4)      [6, 7, 8, 9, 10, 11, 12, 13, 14, 15, 16, 17] []
    372     0x0000A180       0xFFFFFF80      0x00080000         (0, 0, 4)      [13] []
    373     0x00010C80       0xFFFFFF80      0x00061F80         (0, 1, 1)      [1, 2, 3, 4, 5, 6, 11, 12] []
    374     0x00009100       0xFFFFFF80      0x00002000         (0, 0, 2)      [7] []
    375     0x0001C080       0xFFFFFF80      0x00000800         (0, 1, 8)      [5] []
    376     0x0001C780       0xFFFFFF80      0x00000400         (0, 1, 8)      [4] []
    377     0x00012000       0xFFFFFF80      0x00FFE010         (0, 1, 4)      [7, 8, 9, 10, 11, 12, 13, 14, 15, 16, 17] [SW]
    378     0x0000A000       0xFFFFFF80      0x00010000         (0, 0, 4)      [10] []
    379     0x00016200       0xFFFFFF80      0x00000010         (0, 1, 12)      [] [SW]
    380     0x0000F200       0xFFFFFF80      0x00040000         (0, 0, 14)      [12] []
    381     0x00018B80       0xFFFFFF80      0x00400000         (0, 1, 1)      [16] []
    382     0x00011100       0xFFFFFF80      0x00001F90         (0, 1, 2)      [1, 2, 3, 4, 5, 6] [SW]
    383     0x00008B00       0xFFFFFF80      0x00000002         (0, 0, 1)      [] [NE]
    384     0x00013080       0xFFFFFF80      0x00000100         (0, 1, 6)      [2] []
    385     0x00013B00       0xFFFFFF80      0x00000010         (0, 1, 7)      [] [SW]
    386     0x0000CA00       0xFFFFFF80      0x00080000         (0, 0, 9)      [13] []
    387     0x00017980       0xFFFFFF80      0x00000010         (0, 1, 15)      [] [SW]
    388     0x0000C700       0xFFFFFF80      0x00002000         (0, 0, 8)      [7] []
    389     0x00006D00       0xFFFFFF80      0x00400000         (0, 0, 13)      [16] []
    390     0x0001C880       0xFFFFFF80      0x00001000         (0, 1, 9)      [6] []
    391     0x0001E100       0xFFFFFF80      0x00000800         (0, 1, 12)      [5] []
    392     0x00000D80       0xFFFFFF80      0x00100000         (0, 0, 1)      [14] []
    393     0x00013580       0xFFFFFF80      0x00040010         (0, 1, 6)      [12] [SW]
    394     0x00001800       0xFFFFFF80      0x00004000         (0, 0, 3)      [8] []
    395     0x00003700       0xFFFFFF80      0x00400000         (0, 0, 6)      [16] []
    396     0x0003DA00       0xFFFFFF00      0x00000008         (0, 3, 11)      [] [W]
    397     0x00010800       0xFFFFFF80      0x00000300         (0, 1, 1)      [2, 3] []
    398     0x0000CD80       0xFFFFFF80      0x00000002         (0, 0, 9)      [] [NE]
    399     0x0000BC00       0xFFFFFF80      0x00040000         (0, 0, 7)      [12] []
    400     0x00012E00       0xFFFFFF80      0x00000010         (0, 1, 5)      [] [SW]
    401     0x00019B80       0xFFFFFF80      0x00000080         (0, 1, 3)      [1] []
    402     0x00012500       0xFFFFFF80      0x00FFF800         (0, 1, 4)      [5, 6, 7, 8, 9, 10, 11, 12, 13, 14, 15, 16, 17] []
    403     0x00002880       0xFFFFFF80      0x00100000         (0, 0, 5)      [14] []
    404     0x0001B800       0xFFFFFF80      0x00000400         (0, 1, 7)      [4] []
    405     0x00005B00       0xFFFFFF80      0x00002000         (0, 0, 11)      [7] []
    406     0x00003500       0xFFFFFF80      0x00040000         (0, 0, 6)      [12] []
    407     0x00004500       0xFFFFFF80      0x00800000         (0, 0, 8)      [17] []
    408     0x0001C800       0xFFFFFF80      0x00000800         (0, 1, 9)      [5] []
    409     0x00019300       0xFFFFFF80      0x00000400         (0, 1, 2)      [4] []
    410     0x00011480       0xFFFFFF80      0x00001F90         (0, 1, 2)      [1, 2, 3, 4, 5, 6] [SW]
    411     0x0000AD00       0xFFFFFF80      0x00008000         (0, 0, 5)      [9] []
    412     0x00046400       0xFFFFFF00      0x00010000         (0, 4, 12)      [10] []
    413     0x0003DB00       0xFFFFFF00      0x00000008         (0, 3, 11)      [] [W]
    414     0x0001DA80       0xFFFFFF80      0x00000200         (0, 1, 11)      [3] []
    415     0x0000EC80       0xFFFFFF80      0x00000080         (0, 0, 13)      [1] []
    416     0x0001CF00       0xFFFFFF80      0x00000800         (0, 1, 9)      [5] []
    417     0x00012480       0xFFFFFF80      0x00FFEC00         (0, 1, 4)      [4, 5, 7, 8, 9, 10, 11, 12, 13, 14, 15, 16, 17] []
    418     0x0001D580       0xFFFFFF80      0x00000800         (0, 1, 10)      [5] []
    419     0x00001B80       0xFFFFFF80      0x00200000         (0, 0, 3)      [15] []
    420     0x0000BA00       0xFFFFFF80      0x00004000         (0, 0, 7)      [8] []
    421     0x00019D00       0xFFFFFF80      0x00000400         (0, 1, 3)      [4] []
    422     0x0003D600       0xFFFFFF00      0x00000008         (0, 3, 10)      [] [W]
    423     0x00017600       0xFFFFFF80      0x00400010         (0, 1, 14)      [16] [SW]
    424     0x00012A80       0xFFFFFF80      0x00C00010         (0, 1, 5)      [16, 17] [SW]
    425     0x00051200       0xFFFFFF00      0x00000002         (0, 5, 2)      [] [NE]
    426     0x00017180       0xFFFFFF80      0x00000210         (0, 1, 14)      [3] [SW]
    427     0x00021F00       0xFFFFFF80      0x00000008         (0, 2, 3)      [] [W]
    428     0x00015D80       0xFFFFFF80      0x00100010         (0, 1, 11)      [14] [SW]
    429     0x0000BE00       0xFFFFFF80      0x00400000         (0, 0, 7)      [16] []
    430     0x00017000       0xFFFFFF80      0x00000010         (0, 1, 14)      [] [SW]
    431     0x0001D600       0xFFFFFF80      0x00001000         (0, 1, 10)      [6] []
    432     0x0001D500       0xFFFFFF80      0x00000400         (0, 1, 10)      [4] []
    433     0x00018100       0xFFFFFF80      0x00400010         (0, 1, 0)      [16] [SW]
    434     0x00010E80       0xFFFFFF80      0x00601F90         (0, 1, 1)      [1, 2, 3, 4, 5, 6, 15, 16] [SW]
    435     0x0000D080       0xFFFFFF80      0x00000003         (0, 0, 10)      [] [E, NE]
    436     0x0000AD80       0xFFFFFF80      0x00010000         (0, 0, 5)      [10] []
    437     0x0001DF00       0xFFFFFF80      0x00000080         (0, 1, 11)      [1] []
    438     0x00014D00       0xFFFFFF80      0x00000800         (0, 1, 9)      [5] []
    439     0x0001B880       0xFFFFFF80      0x00000800         (0, 1, 7)      [5] []
    440     0x00011000       0xFFFFFF80      0x00001F90         (0, 1, 2)      [1, 2, 3, 4, 5, 6] [SW]
    441     0x00010D80       0xFFFFFF80      0x00181F90         (0, 1, 1)      [1, 2, 3, 4, 5, 6, 13, 14] [SW]
    442     0x00010000       0xFFFFFF80      0x00080000         (0, 1, 0)      [13] []
    443     0x00018080       0xFFFFFF80      0x00200010         (0, 1, 0)      [15] [SW]
    444     0x00013E00       0xFFFFFF80      0x00000100         (0, 1, 7)      [2] []
    445     0x00011280       0xFFFFFF80      0x00001F90         (0, 1, 2)      [1, 2, 3, 4, 5, 6] [SW]
    446     0x00022200       0xFFFFFF80      0x00002008         (0, 2, 4)      [7] [W]
    447     0x00015A80       0xFFFFFF80      0x00001000         (0, 1, 11)      [6] []
    448     0x00003280       0xFFFFFF80      0x00002000         (0, 0, 6)      [7] []
    449     0x00019200       0xFFFFFF80      0x00000100         (0, 1, 2)      [2] []
    450     0x00012780       0xFFFFFF80      0x00030000         (0, 1, 4)      [10, 11] []
    451     0x0001CE80       0xFFFFFF80      0x00000400         (0, 1, 9)      [4] []
    452     0x00018200       0xFFFFFF80      0x00000010         (0, 1, 0)      [] [SW]
    453     0x00014500       0xFFFFFF80      0x00400000         (0, 1, 8)      [16] []
    454     0x00016300       0xFFFFFF80      0x00000010         (0, 1, 12)      [] [SW]
    455     0x00017680       0xFFFFFF80      0x00800010         (0, 1, 14)      [17] [SW]
    456     0x0001AF00       0xFFFFFF80      0x00000200         (0, 1, 5)      [3] []
    457     0x00020680       0xFFFFFF80      0x00000008         (0, 2, 0)      [] [W]
    458     0x00010100       0xFFFFFF80      0x00200000         (0, 1, 0)      [15] []
    459     0x0000A100       0xFFFFFF80      0x00040000         (0, 0, 4)      [12] []
    460     0x00016100       0xFFFFFF80      0x00000010         (0, 1, 12)      [] [SW]
    461     0x00016680       0xFFFFFF80      0x00000800         (0, 1, 12)      [5] []
    462     0x00012100       0xFFFFFF80      0x00FFE010         (0, 1, 4)      [7, 8, 9, 10, 11, 12, 13, 14, 15, 16, 17] [SW]
    463     0x00022480       0xFFFFFF80      0x00040008         (0, 2, 4)      [12] [W]
    464     0x00000C80       0xFFFFFF80      0x00040000         (0, 0, 1)      [12] []
    465     0x00051400       0xFFFFFF00      0x00000002         (0, 5, 2)      [] [NE]
    466     0x0000F400       0xFFFFFF80      0x00400000         (0, 0, 14)      [16] []
    467     0x0000D880       0xFFFFFF80      0x00200000         (0, 0, 11)      [15] []
    468     0x00015800       0xFFFFFF80      0x00000080         (0, 1, 11)      [1] []
    469     0x00016480       0xFFFFFF80      0x00000090         (0, 1, 12)      [1] [SW]
    470     0x0001E580       0xFFFFFF80      0x00000400         (0, 1, 12)      [4] []
    471     0x00016D00       0xFFFFFF80      0x00000018         (0, 1, 13)      [] [W, SW]
    472     0x0000CE80       0xFFFFFF80      0x00000002         (0, 0, 9)      [] [NE]
    473     0x0001B680       0xFFFFFF80      0x00000080         (0, 1, 6)      [1] []
    474     0x00006C80       0xFFFFFF80      0x00200000         (0, 0, 13)      [15] []
    475     0x00004400       0xFFFFFF80      0x00200000         (0, 0, 8)      [15] []
    476     0x0000E400       0xFFFFFF80      0x00020000         (0, 0, 12)      [11] []
    477     0x00046200       0xFFFFFF00      0x00004000         (0, 4, 12)      [8] []
    478     0x00009500       0xFFFFFF80      0x00200000         (0, 0, 2)      [15] []
    479     0x00012F00       0xFFFFFF80      0x00000010         (0, 1, 5)      [] [SW]
    480     0x00051300       0xFFFFFF00      0x00000002         (0, 5, 2)      [] [NE]
    481     0x0003DD00       0xFFFFFF00      0x00000008         (0, 3, 11)      [] [W]
    482     0x0001D380       0xFFFFFF80      0x00000080         (0, 1, 10)      [1] []
    483     0x0001D980       0xFFFFFF80      0x00000080         (0, 1, 11)      [1] []
    484     0x00012200       0xFFFFFF80      0x00FFE010         (0, 1, 4)      [7, 8, 9, 10, 11, 12, 13, 14, 15, 16, 17] [SW]
    485     0x00007A00       0xFFFFFF80      0x00200000         (0, 0, 15)      [15] []
    486     0x00009E80       0xFFFFFF80      0x00002000         (0, 0, 3)      [7] []
    487     0x0003DC00       0xFFFFFF00      0x00000008         (0, 3, 11)      [] [W]
    488     0x00011380       0xFFFFFF80      0x00001F90         (0, 1, 2)      [1, 2, 3, 4, 5, 6] [SW]
    489     0x00050900       0xFFFFFF00      0x00000002         (0, 5, 1)      [] [NE]
    490     0x00001A00       0xFFFFFF80      0x00040000         (0, 0, 3)      [12] []
    491     0x0000BA80       0xFFFFFF80      0x00008000         (0, 0, 7)      [9] []
    492     0x00010180       0xFFFFFF80      0x00400000         (0, 1, 0)      [16] []
    493     0x00004480       0xFFFFFF80      0x00400000         (0, 0, 8)      [16] []
    494     0x00010B00       0xFFFFFF80      0x0000DF80         (0, 1, 1)      [1, 2, 3, 4, 5, 6, 8, 9] []
    495     0x00022C80       0xFFFFFF80      0x00000080         (0, 2, 5)      [1] []
    496     0x0001BF80       0xFFFFFF80      0x00000200         (0, 1, 7)      [3] []
    497     0x00014380       0xFFFFFF80      0x00080000         (0, 1, 8)      [13] []
    498     0x00007780       0xFFFFFF80      0x00010000         (0, 0, 14)      [10] []
    499     0x00006A80       0xFFFFFF80      0x00020000         (0, 0, 13)      [11] []
    500     0x00014C00       0xFFFFFF80      0x00000200         (0, 1, 9)      [3] []
    501     0x0000F300       0xFFFFFF80      0x00100000         (0, 0, 14)      [14] []
    502     0x00008980       0xFFFFFF80      0x00000002         (0, 0, 1)      [] [NE]
    503     0x00022180       0xFFFFFF80      0x00000008         (0, 2, 4)      [] [W]
    504     0x0000FB80       0xFFFFFF80      0x00000400         (0, 0, 15)      [4] []
    505     0x00014F80       0xFFFFFF80      0x00020000         (0, 1, 9)      [11] []
    506     0x00009200       0xFFFFFF80      0x00008000         (0, 0, 2)      [9] []
    507     0x00022600       0xFFFFFF80      0x00200008         (0, 2, 4)      [15] [W]
    508     0x00020400       0xFFFFFF80      0x00000008         (0, 2, 0)      [] [W]
    509     0x0000D900       0xFFFFFF80      0x00400000         (0, 0, 11)      [16] []
    510     0x0000C780       0xFFFFFF80      0x00004000         (0, 0, 8)      [8] []
    511     0x00011980       0xFFFFFF80      0x00FFE01E         (0, 1, 3)      [7, 8, 9, 10, 11, 12, 13, 14, 15, 16, 17] [NE, N, W, SW]
    512     0x00017E80       0xFFFFFF80      0x00001000         (0, 1, 15)      [6] []
    513     0x0000CD00       0xFFFFFF80      0x00000002         (0, 0, 9)      [] [NE]
    514     0x00015980       0xFFFFFF80      0x00000400         (0, 1, 11)      [4] []
    515     0x0001A780       0xFFFFFF80      0x00001000         (0, 1, 4)      [6] []
    516     0x00016E80       0xFFFFFF80      0x00000018         (0, 1, 13)      [] [W, SW]
    517     0x00009580       0xFFFFFF80      0x00400000         (0, 0, 2)      [16] []
    518     0x00008400       0xFFFFFF80      0x00004000         (0, 0, 0)      [8] []
    519     0x00017300       0xFFFFFF80      0x00001000         (0, 1, 14)      [6] []
    520     0x00015E80       0xFFFFFF80      0x00400010         (0, 1, 11)      [16] [SW]
    521     0x0001AF80       0xFFFFFF80      0x00000400         (0, 1, 5)      [4] []
    522     0x00011E80       0xFFFFFF80      0x00FFE010         (0, 1, 3)      [7, 8, 9, 10, 11, 12, 13, 14, 15, 16, 17] [SW]
    523     0x00012800       0xFFFFFF80      0x00060010         (0, 1, 5)      [11, 12] [SW]
    524     0x0000D000       0xFFFFFF80      0x00000003         (0, 0, 10)      [] [E, NE]
    525     0x00022580       0xFFFFFF80      0x00100008         (0, 2, 4)      [14] [W]
    526     0x0000CB00       0xFFFFFF80      0x00200002         (0, 0, 9)      [15] [NE]
    527     0x00051000       0xFFFFFF00      0x00000002         (0, 5, 2)      [] [NE]
    528     0x0000CA80       0xFFFFFF80      0x00100002         (0, 0, 9)      [14] [NE]
    529     0x00015D00       0xFFFFFF80      0x00080010         (0, 1, 11)      [13] [SW]
    530     0x0001EA00       0xFFFFFF80      0x00000400         (0, 1, 13)      [4] []
    531     0x00018780       0xFFFFFF80      0x00000100         (0, 1, 0)      [2] []
    532     0x0001AE00       0xFFFFFF80      0x00000080         (0, 1, 5)      [1] []
    533     0x00016A80       0xFFFFFF80      0x00400018         (0, 1, 13)      [16] [W, SW]
    534     0x0000AE00       0xFFFFFF80      0x00020000         (0, 0, 5)      [11] []
    535     0x0000F080       0xFFFFFF80      0x00008000         (0, 0, 14)      [9] []
    536     0x00004F00       0xFFFFFF80      0x00010000         (0, 0, 9)      [10] []
    537     0x0003E000       0xFFFFFF00      0x00000008         (0, 3, 12)      [] [W]
    538     0x0001E600       0xFFFFFF80      0x00000800         (0, 1, 12)      [5] []
    539     0x00002580       0xFFFFFF80      0x00004000         (0, 0, 4)      [8] []
    540     0x0001C680       0xFFFFFF80      0x00000100         (0, 1, 8)      [2] []
    541     0x00002900       0xFFFFFF80      0x00200000         (0, 0, 5)      [15] []
    542     0x00011F80       0xFFFFFF80      0x00FFE010         (0, 1, 3)      [7, 8, 9, 10, 11, 12, 13, 14, 15, 16, 17] [SW]
    543     0x00016F80       0xFFFFFF80      0x00000010         (0, 1, 13)      [] [SW]
    544     0x00011800       0xFFFFFF80      0x00FFE01E         (0, 1, 3)      [7, 8, 9, 10, 11, 12, 13, 14, 15, 16, 17] [NE, N, W, SW]
    545     0x00013400       0xFFFFFF80      0x00008000         (0, 1, 6)      [9] []
    546     0x00050F00       0xFFFFFF00      0x00000002         (0, 5, 1)      [] [NE]
    547     0x00005D00       0xFFFFFF80      0x00020000         (0, 0, 11)      [11] []
    548     0x0000FE00       0xFFFFFF80      0x00008000         (0, 0, 15)      [9] []
    549     0x0001A500       0xFFFFFF80      0x00000080         (0, 1, 4)      [1] []
    550     0x0000BC80       0xFFFFFF80      0x00080000         (0, 0, 7)      [13] []
    551     0x00022F00       0xFFFFFF80      0x00001000         (0, 2, 5)      [6] []
    552     0x00017700       0xFFFFFF80      0x00000010         (0, 1, 14)      [] [SW]
    553     0x00013A80       0xFFFFFF80      0x00000010         (0, 1, 7)      [] [SW]
    554     0x00003300       0xFFFFFF80      0x00004000         (0, 0, 6)      [8] []
    555     0x00016C80       0xFFFFFF80      0x00000018         (0, 1, 13)      [] [W, SW]
    556     0x0001F580       0xFFFFFF80      0x00001000         (0, 1, 14)      [6] []
    557     0x0000D500       0xFFFFFF80      0x00004000         (0, 0, 10)      [8] []
    558     0x00004100       0xFFFFFF80      0x00008000         (0, 0, 8)      [9] []
    559     0x00020480       0xFFFFFF80      0x00000008         (0, 2, 0)      [] [W]
    560     0x00018280       0xFFFFFF80      0x00000010         (0, 1, 0)      [] [SW]
    561     0x00014200       0xFFFFFF80      0x00010000         (0, 1, 8)      [10] []
    562     0x00014D80       0xFFFFFF80      0x00001000         (0, 1, 9)      [6] []
    563     0x00007800       0xFFFFFF80      0x00020000         (0, 0, 15)      [11] []
    564     0x0001D480       0xFFFFFF80      0x00000200         (0, 1, 10)      [3] []
    565     0x00006880       0xFFFFFF80      0x00002000         (0, 0, 13)      [7] []
    566     0x00008500       0xFFFFFF80      0x00010000         (0, 0, 0)      [10] []
    567     0x00013100       0xFFFFFF80      0x00000200         (0, 1, 6)      [3] []
    568     0x00050C00       0xFFFFFF00      0x00000002         (0, 5, 1)      [] [NE]
    569     0x00021D80       0xFFFFFF80      0x00000008         (0, 2, 3)      [] [W]
    570     0x0000B100       0xFFFFFF80      0x00800000         (0, 0, 6)      [17] []
    571     0x00009180       0xFFFFFF80      0x00004000         (0, 0, 2)      [8] []
    572     0x00004180       0xFFFFFF80      0x00010000         (0, 0, 8)      [10] []
    573     0x00022800       0xFFFFFF80      0x00000008         (0, 2, 5)      [] [W]
    574     0x00010980       0xFFFFFF80      0x00001800         (0, 1, 1)      [5, 6] []
    575     0x00009F00       0xFFFFFF80      0x00004000         (0, 0, 3)      [8] []
    576     0x00011880       0xFFFFFF80      0x00FFE01E         (0, 1, 3)      [7, 8, 9, 10, 11, 12, 13, 14, 15, 16, 17] [NE, N, W, SW]
    577     0x0001EE80       0xFFFFFF80      0x00000800         (0, 1, 13)      [5] []
    578     0x00014B00       0xFFFFFF80      0x00000080         (0, 1, 9)      [1] []
    579     0x00050500       0xFFFFFF00      0x00000002         (0, 5, 0)      [] [NE]
    580     0x00019180       0xFFFFFF80      0x00000080         (0, 1, 2)      [1] []
    581     0x00005080       0xFFFFFF80      0x00080000         (0, 0, 10)      [13] []
    582     0x00015200       0xFFFFFF80      0x00400000         (0, 1, 10)      [16] []
    583     0x00006B00       0xFFFFFF80      0x00040000         (0, 0, 13)      [12] []
    584     0x0001E900       0xFFFFFF80      0x00000100         (0, 1, 13)      [2] []
    585     0x00012B80       0xFFFFFF80      0x00000010         (0, 1, 5)      [] [SW]
    586     0x00050700       0xFFFFFF00      0x00000002         (0, 5, 0)      [] [NE]
    587     0x00014580       0xFFFFFF80      0x00800000         (0, 1, 8)      [17] []
    588     0x00011B80       0xFFFFFF80      0x00FFE01E         (0, 1, 3)      [7, 8, 9, 10, 11, 12, 13, 14, 15, 16, 17] [NE, N, W, SW]
    589     0x00019E00       0xFFFFFF80      0x00001000         (0, 1, 3)      [6] []
    590     0x00013900       0xFFFFFF80      0x00000010         (0, 1, 7)      [] [SW]
    591     0x00021E80       0xFFFFFF80      0x00000008         (0, 2, 3)      [] [W]
    592     0x00046100       0xFFFFFF00      0x00002000         (0, 4, 12)      [7] []
    593     0x00050E00       0xFFFFFF00      0x00000002         (0, 5, 1)      [] [NE]
    594     0x00022780       0xFFFFFF80      0x00000008         (0, 2, 4)      [] [W]
    595     0x00013200       0xFFFFFF80      0x00000800         (0, 1, 6)      [5] []
    596     0x0000F280       0xFFFFFF80      0x00080000         (0, 0, 14)      [13] []
    597     0x00022E80       0xFFFFFF80      0x00000800         (0, 2, 5)      [5] []
    598     0x0000AF80       0xFFFFFF80      0x00100000         (0, 0, 5)      [14] []
    599     0x00022300       0xFFFFFF80      0x00008008         (0, 2, 4)      [9] [W]
    600     0x00011180       0xFFFFFF80      0x00001F90         (0, 1, 2)      [1, 2, 3, 4, 5, 6] [SW]
    601     0x0000E480       0xFFFFFF80      0x00040000         (0, 0, 12)      [12] []
    602     0x0001DB80       0xFFFFFF80      0x00000800         (0, 1, 11)      [5] []
    603     0x00007A80       0xFFFFFF80      0x00400000         (0, 0, 15)      [16] []
    604     0x0003D800       0xFFFFFF00      0x00000008         (0, 3, 11)      [] [W]
    605     0x0000BB00       0xFFFFFF80      0x00010000         (0, 0, 7)      [10] []
    606     0x00008780       0xFFFFFF80      0x00200002         (0, 0, 0)      [15] [NE]
    607     0x00000B00       0xFFFFFF80      0x00008000         (0, 0, 1)      [9] []
    608     0x0001CF80       0xFFFFFF80      0x00001000         (0, 1, 9)      [6] []
    609     0x0000ED00       0xFFFFFF80      0x00000100         (0, 0, 13)      [2] []
    610     0x00004200       0xFFFFFF80      0x00020000         (0, 0, 8)      [11] []
    611     0x00002780       0xFFFFFF80      0x00040000         (0, 0, 4)      [12] []
    612     0x00017D80       0xFFFFFF80      0x00000400         (0, 1, 15)      [4] []
    613     0x00009F80       0xFFFFFF80      0x00008000         (0, 0, 3)      [9] []
    614     0x0003D900       0xFFFFFF00      0x00000008         (0, 3, 11)      [] [W]
    615     0x00005F00       0xFFFFFF80      0x00200000         (0, 0, 11)      [15] []
    616     0x00022D00       0xFFFFFF80      0x00000100         (0, 2, 5)      [2] []
    617     0x0001B780       0xFFFFFF80      0x00000200         (0, 1, 6)      [3] []
    618     0x00013B80       0xFFFFFF80      0x00000010         (0, 1, 7)      [] [SW]
    619     0x00045D00       0xFFFFFF00      0x00000200         (0, 4, 11)      [3] []
    620     0x00014400       0xFFFFFF80      0x00100000         (0, 1, 8)      [14] []
    621     0x00010A00       0xFFFFFF80      0x00003F80         (0, 1, 1)      [1, 2, 3, 4, 5, 6, 7] []
    622     0x00012E80       0xFFFFFF80      0x00000010         (0, 1, 5)      [] [SW]
    623     0x00046300       0xFFFFFF00      0x00008000         (0, 4, 12)      [9] []
    624     0x00010D00       0xFFFFFF80      0x000C1F90         (0, 1, 1)      [1, 2, 3, 4, 5, 6, 12, 13] [SW]
    625     0x00003580       0xFFFFFF80      0x00080000         (0, 0, 6)      [13] []
    626     0x00017E00       0xFFFFFF80      0x00000800         (0, 1, 15)      [5] []
