router contains 169 entries 
 
  Index   Key(hex)    Mask(hex)    Route(hex)    Src. Core -> [Cores][Links]
------------------------------------------------------------------------------
    0     0x0001BE80       0xFFFFFF80      0x00000030         (0, 1, 7)      [] [SW, S]
    1     0x00019C80       0xFFFFFF80      0x00000010         (0, 1, 3)      [] [SW]
    2     0x0001D180       0xFFFFFF80      0x00000010         (0, 1, 10)      [] [SW]
    3     0x00020380       0xFFFFFF80      0x00000030         (0, 2, 0)      [] [SW, S]
    4     0x00019F80       0xFFFFFF80      0x00000010         (0, 1, 3)      [] [SW]
    5     0x00021C80       0xFFFFFF80      0x00800000         (0, 2, 3)      [17] []
    6     0x00000D80       0xFFFFFF80      0x00000010         (0, 0, 1)      [] [SW]
    7     0x0002A400       0xFFFFFF00      0x00000004         (0, 2, 4)      [] [N]
    8     0x0001B080       0xFFFFFF80      0x00000030         (0, 1, 6)      [] [SW, S]
    9     0x00022580       0xFFFFFF80      0x00004020         (0, 2, 4)      [8] [S]
    10     0x00029B00       0xFFFFFF00      0x00000004         (0, 2, 3)      [] [N]
    11     0x0001D380       0xFFFFFF80      0x00000010         (0, 1, 10)      [] [SW]
    12     0x00022100       0xFFFFFF80      0x00000020         (0, 2, 4)      [] [S]
    13     0x00022E80       0xFFFFFF80      0x00000021         (0, 2, 5)      [] [E, S]
    14     0x0001A900       0xFFFFFF80      0x00000010         (0, 1, 5)      [] [SW]
    15     0x00019E80       0xFFFFFF80      0x00000010         (0, 1, 3)      [] [SW]
    16     0x00022900       0xFFFFFF80      0x00000020         (0, 2, 5)      [] [S]
    17     0x00019D80       0xFFFFFF80      0x00000010         (0, 1, 3)      [] [SW]
    18     0x00019880       0xFFFFFF80      0x00000010         (0, 1, 3)      [] [SW]
    19     0x00029700       0xFFFFFF00      0x00000004         (0, 2, 2)      [] [N]
    20     0x0001B880       0xFFFFFF80      0x00000030         (0, 1, 7)      [] [SW, S]
    21     0x0001D400       0xFFFFFF80      0x00000010         (0, 1, 10)      [] [SW]
    22     0x0001D080       0xFFFFFF80      0x00000010         (0, 1, 10)      [] [SW]
    23     0x00022380       0xFFFFFF80      0x00000420         (0, 2, 4)      [4] [S]
    24     0x0001A400       0xFFFFFF80      0x00000010         (0, 1, 4)      [] [SW]
    25     0x00023000       0xFFFFFF80      0x00000021         (0, 2, 6)      [] [E, S]
    26     0x00022480       0xFFFFFF80      0x00001020         (0, 2, 4)      [6] [S]
    27     0x0001A700       0xFFFFFF80      0x00000010         (0, 1, 4)      [] [SW]
    28     0x0001C200       0xFFFFFF80      0x00000030         (0, 1, 8)      [] [SW, S]
    29     0x0001AE00       0xFFFFFF80      0x00000030         (0, 1, 5)      [] [SW, S]
    30     0x0001C600       0xFFFFFF80      0x00000030         (0, 1, 8)      [] [SW, S]
    31     0x00022C00       0xFFFFFF80      0x00000021         (0, 2, 5)      [] [E, S]
    32     0x0001B580       0xFFFFFF80      0x00000030         (0, 1, 6)      [] [SW, S]
    33     0x00019400       0xFFFFFF80      0x00000010         (0, 1, 2)      [] [SW]
    34     0x00019B00       0xFFFFFF80      0x00000010         (0, 1, 3)      [] [SW]
    35     0x00019800       0xFFFFFF80      0x00000010         (0, 1, 3)      [] [SW]
    36     0x00022D80       0xFFFFFF80      0x00000021         (0, 2, 5)      [] [E, S]
    37     0x0001D200       0xFFFFFF80      0x00000010         (0, 1, 10)      [] [SW]
    38     0x0001B400       0xFFFFFF80      0x00000010         (0, 1, 6)      [] [SW]
    39     0x0001A800       0xFFFFFF80      0x00000010         (0, 1, 5)      [] [SW]
    40     0x0001BA80       0xFFFFFF80      0x00000030         (0, 1, 7)      [] [SW, S]
    41     0x00021A80       0xFFFFFF80      0x00080000         (0, 2, 3)      [13] []
    42     0x00022400       0xFFFFFF80      0x00000820         (0, 2, 4)      [5] [S]
    43     0x0001A180       0xFFFFFF80      0x00000010         (0, 1, 4)      [] [SW]
    44     0x00019D00       0xFFFFFF80      0x00000010         (0, 1, 3)      [] [SW]
    45     0x0001C000       0xFFFFFF80      0x00000030         (0, 1, 8)      [] [SW, S]
    46     0x0001D480       0xFFFFFF80      0x00000010         (0, 1, 10)      [] [SW]
    47     0x00022280       0xFFFFFF80      0x00000120         (0, 2, 4)      [2] [S]
    48     0x00021B00       0xFFFFFF80      0x00100000         (0, 2, 3)      [14] []
    49     0x0001A680       0xFFFFFF80      0x00000010         (0, 1, 4)      [] [SW]
    50     0x0001A480       0xFFFFFF80      0x00000010         (0, 1, 4)      [] [SW]
    51     0x0001AD80       0xFFFFFF80      0x00000030         (0, 1, 5)      [] [SW, S]
    52     0x0001D700       0xFFFFFF80      0x00000010         (0, 1, 10)      [] [SW]
    53     0x00022780       0xFFFFFF80      0x00000020         (0, 2, 4)      [] [S]
    54     0x0001BE00       0xFFFFFF80      0x00000030         (0, 1, 7)      [] [SW, S]
    55     0x00020080       0xFFFFFF80      0x0003FF80         (0, 2, 0)      [1, 2, 3, 4, 5, 6, 7, 8, 9, 10, 11] []
    56     0x0001B900       0xFFFFFF80      0x00000030         (0, 1, 7)      [] [SW, S]
    57     0x0001C500       0xFFFFFF80      0x00000030         (0, 1, 8)      [] [SW, S]
    58     0x0001A200       0xFFFFFF80      0x00000010         (0, 1, 4)      [] [SW]
    59     0x00022200       0xFFFFFF80      0x000000A0         (0, 2, 4)      [1] [S]
    60     0x00019980       0xFFFFFF80      0x00000010         (0, 1, 3)      [] [SW]
    61     0x0001C580       0xFFFFFF80      0x00000030         (0, 1, 8)      [] [SW, S]
    62     0x0001D100       0xFFFFFF80      0x00000010         (0, 1, 10)      [] [SW]
    63     0x0001B180       0xFFFFFF80      0x00000030         (0, 1, 6)      [] [SW, S]
    64     0x0001C680       0xFFFFFF80      0x00000030         (0, 1, 8)      [] [SW, S]
    65     0x0002A500       0xFFFFFF00      0x00000004         (0, 2, 4)      [] [N]
    66     0x0001C280       0xFFFFFF80      0x00000030         (0, 1, 8)      [] [SW, S]
    67     0x0001A300       0xFFFFFF80      0x00000010         (0, 1, 4)      [] [SW]
    68     0x00022600       0xFFFFFF80      0x00008020         (0, 2, 4)      [9] [S]
    69     0x0001A880       0xFFFFFF80      0x00000010         (0, 1, 5)      [] [SW]
    70     0x00019580       0xFFFFFF80      0x00000010         (0, 1, 2)      [] [SW]
    71     0x0001BC00       0xFFFFFF80      0x00000030         (0, 1, 7)      [] [SW, S]
    72     0x0001B300       0xFFFFFF80      0x00000010         (0, 1, 6)      [] [SW]
    73     0x00022680       0xFFFFFF80      0x00010020         (0, 2, 4)      [10] [S]
    74     0x0001A600       0xFFFFFF80      0x00000010         (0, 1, 4)      [] [SW]
    75     0x00029C00       0xFFFFFF00      0x00000004         (0, 2, 3)      [] [N]
    76     0x0001AE80       0xFFFFFF80      0x00000030         (0, 1, 5)      [] [SW, S]
    77     0x0002A000       0xFFFFFF00      0x00000004         (0, 2, 4)      [] [N]
    78     0x00019A80       0xFFFFFF80      0x00000010         (0, 1, 3)      [] [SW]
    79     0x0001AB00       0xFFFFFF80      0x00000010         (0, 1, 5)      [] [SW]
    80     0x0001B480       0xFFFFFF80      0x00000010         (0, 1, 6)      [] [SW]
    81     0x00019900       0xFFFFFF80      0x00000010         (0, 1, 3)      [] [SW]
    82     0x0001AB80       0xFFFFFF80      0x00000010         (0, 1, 5)      [] [SW]
    83     0x00020100       0xFFFFFF80      0x00FC0000         (0, 2, 0)      [12, 13, 14, 15, 16, 17] []
    84     0x0001B980       0xFFFFFF80      0x00000030         (0, 1, 7)      [] [SW, S]
    85     0x0001BF00       0xFFFFFF80      0x00000030         (0, 1, 7)      [] [SW, S]
    86     0x0001BD00       0xFFFFFF80      0x00000030         (0, 1, 7)      [] [SW, S]
    87     0x0001D300       0xFFFFFF80      0x00000010         (0, 1, 10)      [] [SW]
    88     0x0001BD80       0xFFFFFF80      0x00000030         (0, 1, 7)      [] [SW, S]
    89     0x0001B700       0xFFFFFF80      0x00000030         (0, 1, 6)      [] [SW, S]
    90     0x0001B200       0xFFFFFF80      0x00000030         (0, 1, 6)      [] [SW, S]
    91     0x0001BB80       0xFFFFFF80      0x00000030         (0, 1, 7)      [] [SW, S]
    92     0x0001AF80       0xFFFFFF80      0x00000030         (0, 1, 5)      [] [SW, S]
    93     0x0001D580       0xFFFFFF80      0x00000010         (0, 1, 10)      [] [SW]
    94     0x0001AC80       0xFFFFFF80      0x00000010         (0, 1, 5)      [] [SW]
    95     0x0001CF80       0xFFFFFF80      0x00000010         (0, 1, 9)      [] [SW]
    96     0x00022800       0xFFFFFF80      0x00000020         (0, 2, 5)      [] [S]
    97     0x0001C180       0xFFFFFF80      0x00000030         (0, 1, 8)      [] [SW, S]
    98     0x0001AA80       0xFFFFFF80      0x00000010         (0, 1, 5)      [] [SW]
    99     0x0001A280       0xFFFFFF80      0x00000010         (0, 1, 4)      [] [SW]
    100     0x0001C400       0xFFFFFF80      0x00000030         (0, 1, 8)      [] [SW, S]
    101     0x00021A00       0xFFFFFF80      0x00040000         (0, 2, 3)      [12] []
    102     0x00021B80       0xFFFFFF80      0x00200000         (0, 2, 3)      [15] []
    103     0x0001D600       0xFFFFFF80      0x00000010         (0, 1, 10)      [] [SW]
    104     0x00029D00       0xFFFFFF00      0x00000004         (0, 2, 3)      [] [N]
    105     0x00022D00       0xFFFFFF80      0x00000021         (0, 2, 5)      [] [E, S]
    106     0x0001D500       0xFFFFFF80      0x00000010         (0, 1, 10)      [] [SW]
    107     0x0001D280       0xFFFFFF80      0x00000010         (0, 1, 10)      [] [SW]
    108     0x00019A00       0xFFFFFF80      0x00000010         (0, 1, 3)      [] [SW]
    109     0x0001A580       0xFFFFFF80      0x00000010         (0, 1, 4)      [] [SW]
    110     0x00019C00       0xFFFFFF80      0x00000010         (0, 1, 3)      [] [SW]
    111     0x00022700       0xFFFFFF80      0x00020020         (0, 2, 4)      [11] [S]
    112     0x00022C80       0xFFFFFF80      0x00000021         (0, 2, 5)      [] [E, S]
    113     0x00019500       0xFFFFFF80      0x00000010         (0, 1, 2)      [] [SW]
    114     0x00029E00       0xFFFFFF00      0x00000004         (0, 2, 3)      [] [N]
    115     0x00020300       0xFFFFFF80      0x00000010         (0, 2, 0)      [] [SW]
    116     0x00029A00       0xFFFFFF00      0x00000004         (0, 2, 3)      [] [N]
    117     0x00029F00       0xFFFFFF00      0x00000004         (0, 2, 3)      [] [N]
    118     0x00001A80       0xFFFFFF80      0x00000010         (0, 0, 3)      [] [SW]
    119     0x0001AF00       0xFFFFFF80      0x00000030         (0, 1, 5)      [] [SW, S]
    120     0x0001A380       0xFFFFFF80      0x00000010         (0, 1, 4)      [] [SW]
    121     0x0001D780       0xFFFFFF80      0x00000010         (0, 1, 10)      [] [SW]
    122     0x00029600       0xFFFFFF00      0x00000004         (0, 2, 2)      [] [N]
    123     0x0001C380       0xFFFFFF80      0x00000030         (0, 1, 8)      [] [SW, S]
    124     0x00000D00       0xFFFFFF80      0x00000010         (0, 0, 1)      [] [SW]
    125     0x00000C00       0xFFFFFF80      0x00000010         (0, 0, 1)      [] [SW]
    126     0x00019B80       0xFFFFFF80      0x00000010         (0, 1, 3)      [] [SW]
    127     0x00022500       0xFFFFFF80      0x00002020         (0, 2, 4)      [7] [S]
    128     0x0001B100       0xFFFFFF80      0x00000030         (0, 1, 6)      [] [SW, S]
    129     0x00021C00       0xFFFFFF80      0x00400000         (0, 2, 3)      [16] []
    130     0x00019F00       0xFFFFFF80      0x00000010         (0, 1, 3)      [] [SW]
    131     0x0001C300       0xFFFFFF80      0x00000030         (0, 1, 8)      [] [SW, S]
    132     0x0001AC00       0xFFFFFF80      0x00000010         (0, 1, 5)      [] [SW]
    133     0x00022F80       0xFFFFFF80      0x00000021         (0, 2, 5)      [] [E, S]
    134     0x0001B780       0xFFFFFF80      0x00000030         (0, 1, 6)      [] [SW, S]
    135     0x0001BB00       0xFFFFFF80      0x00000030         (0, 1, 7)      [] [SW, S]
    136     0x0001A500       0xFFFFFF80      0x00000010         (0, 1, 4)      [] [SW]
    137     0x00022F00       0xFFFFFF80      0x00000021         (0, 2, 5)      [] [E, S]
    138     0x00022080       0xFFFFFF80      0x00000020         (0, 2, 4)      [] [S]
    139     0x0002A600       0xFFFFFF00      0x00000004         (0, 2, 4)      [] [N]
    140     0x0002A100       0xFFFFFF00      0x00000004         (0, 2, 4)      [] [N]
    141     0x00022880       0xFFFFFF80      0x00000020         (0, 2, 5)      [] [S]
    142     0x0001C080       0xFFFFFF80      0x00000030         (0, 1, 8)      [] [SW, S]
    143     0x0001B000       0xFFFFFF80      0x00000030         (0, 1, 6)      [] [SW, S]
    144     0x0001B680       0xFFFFFF80      0x00000030         (0, 1, 6)      [] [SW, S]
    145     0x00023080       0xFFFFFF80      0x00000021         (0, 2, 6)      [] [E, S]
    146     0x00019E00       0xFFFFFF80      0x00000010         (0, 1, 3)      [] [SW]
    147     0x0001B380       0xFFFFFF80      0x00000010         (0, 1, 6)      [] [SW]
    148     0x0001C100       0xFFFFFF80      0x00000030         (0, 1, 8)      [] [SW, S]
    149     0x00029900       0xFFFFFF00      0x00000004         (0, 2, 3)      [] [N]
    150     0x0002A200       0xFFFFFF00      0x00000004         (0, 2, 4)      [] [N]
    151     0x0001C480       0xFFFFFF80      0x00000030         (0, 1, 8)      [] [SW, S]
    152     0x0001B500       0xFFFFFF80      0x00000030         (0, 1, 6)      [] [SW, S]
    153     0x00022180       0xFFFFFF80      0x00000020         (0, 2, 4)      [] [S]
    154     0x0001BC80       0xFFFFFF80      0x00000030         (0, 1, 7)      [] [SW, S]
    155     0x00029800       0xFFFFFF00      0x00000004         (0, 2, 3)      [] [N]
    156     0x0001A780       0xFFFFFF80      0x00000010         (0, 1, 4)      [] [SW]
    157     0x0001AD00       0xFFFFFF80      0x00000010         (0, 1, 5)      [] [SW]
    158     0x0002A300       0xFFFFFF00      0x00000004         (0, 2, 4)      [] [N]
    159     0x00022E00       0xFFFFFF80      0x00000001         (0, 2, 5)      [] [E]
    160     0x0001BF80       0xFFFFFF80      0x00000030         (0, 1, 7)      [] [SW, S]
    161     0x00019480       0xFFFFFF80      0x00000010         (0, 1, 2)      [] [SW]
    162     0x00022300       0xFFFFFF80      0x00000220         (0, 2, 4)      [3] [S]
    163     0x0001B600       0xFFFFFF80      0x00000030         (0, 1, 6)      [] [SW, S]
    164     0x0001D680       0xFFFFFF80      0x00000010         (0, 1, 10)      [] [SW]
    165     0x00000C80       0xFFFFFF80      0x00000010         (0, 0, 1)      [] [SW]
    166     0x0001D000       0xFFFFFF80      0x00000010         (0, 1, 10)      [] [SW]
    167     0x0001B800       0xFFFFFF80      0x00000030         (0, 1, 7)      [] [SW, S]
    168     0x0001BA00       0xFFFFFF80      0x00000030         (0, 1, 7)      [] [SW, S]
