router contains 553 entries 
 
  Index   Key(hex)    Mask(hex)    Route(hex)    Src. Core -> [Cores][Links]
------------------------------------------------------------------------------
    0     0x0000E580       0xFFFFFF80      0x00020000         (0, 0, 12)      [11] []
    1     0x00001980       0xFFFFFF80      0x00FC6000         (0, 0, 3)      [7, 8, 12, 13, 14, 15, 16, 17] []
    2     0x00024A00       0xFFFFFF00      0x00008000         (0, 2, 9)      [9] []
    3     0x00002200       0xFFFFFF80      0x00000008         (0, 0, 4)      [] [W]
    4     0x00012180       0xFFFFFF80      0x00000008         (0, 1, 4)      [] [W]
    5     0x0002F100       0xFFFFFF00      0x00000002         (0, 2, 14)      [] [NE]
    6     0x00003200       0xFFFFFF80      0x00000200         (0, 0, 6)      [3] []
    7     0x0000FC00       0xFFFFFF80      0x00000100         (0, 0, 15)      [2] []
    8     0x00002A00       0xFFFFFF80      0x00100008         (0, 0, 5)      [14] [W]
    9     0x00006980       0xFFFFFF80      0x00001000         (0, 0, 13)      [6] []
    10     0x00012080       0xFFFFFF80      0x00000008         (0, 1, 4)      [] [W]
    11     0x00021E80       0xFFFFFF80      0x00000001         (0, 2, 3)      [] [E]
    12     0x00021F80       0xFFFFFF80      0x00000001         (0, 2, 3)      [] [E]
    13     0x00003480       0xFFFFFF80      0x00004000         (0, 0, 6)      [8] []
    14     0x00006A00       0xFFFFFF80      0x00002000         (0, 0, 13)      [7] []
    15     0x00007900       0xFFFFFF80      0x00010000         (0, 0, 15)      [10] []
    16     0x00022000       0xFFFFFF80      0x00000001         (0, 2, 4)      [] [E]
    17     0x00009900       0xFFFFFF80      0x00000008         (0, 0, 3)      [] [W]
    18     0x0000BA80       0xFFFFFF80      0x00001000         (0, 0, 7)      [6] []
    19     0x00017480       0xFFFFFF80      0x00000008         (0, 1, 14)      [] [W]
    20     0x00008200       0xFFFFFF80      0x00000080         (0, 0, 0)      [1] []
    21     0x0000FF80       0xFFFFFF80      0x00008000         (0, 0, 15)      [9] []
    22     0x0000DE00       0xFFFFFF80      0x00000008         (0, 0, 11)      [] [W]
    23     0x00011B80       0xFFFFFF80      0x00020000         (0, 1, 3)      [11] []
    24     0x0000AE00       0xFFFFFF80      0x00004000         (0, 0, 5)      [8] []
    25     0x00006780       0xFFFFFF80      0x00000100         (0, 0, 12)      [2] []
    26     0x00006400       0xFFFFFF80      0x00000008         (0, 0, 12)      [] [W]
    27     0x0000FD80       0xFFFFFF80      0x00000800         (0, 0, 15)      [5] []
    28     0x00013000       0xFFFFFF80      0x00000008         (0, 1, 6)      [] [W]
    29     0x00015100       0xFFFFFF80      0x00020000         (0, 1, 10)      [11] []
    30     0x00006000       0xFFFFFF80      0x00000008         (0, 0, 12)      [] [W]
    31     0x0000E100       0xFFFFFF80      0x00000100         (0, 0, 12)      [2] []
    32     0x0000D400       0xFFFFFF80      0x00000200         (0, 0, 10)      [3] []
    33     0x00021A00       0xFFFFFF80      0x00200020         (0, 2, 3)      [15] [S]
    34     0x0000A680       0xFFFFFF80      0x00000018         (0, 0, 4)      [] [W, SW]
    35     0x00024200       0xFFFFFF00      0x00000080         (0, 2, 8)      [1] []
    36     0x00006300       0xFFFFFF80      0x00000008         (0, 0, 12)      [] [W]
    37     0x00024400       0xFFFFFF00      0x00000200         (0, 2, 8)      [3] []
    38     0x00005B00       0xFFFFFF80      0x00000400         (0, 0, 11)      [4] []
    39     0x00011780       0xFFFFFF80      0x00000008         (0, 1, 2)      [] [W]
    40     0x0000AF00       0xFFFFFF80      0x00010000         (0, 0, 5)      [10] []
    41     0x0000FD00       0xFFFFFF80      0x00000400         (0, 0, 15)      [4] []
    42     0x00008B80       0xFFFFFF80      0x00000008         (0, 0, 1)      [] [W]
    43     0x00011900       0xFFFFFF80      0x00001000         (0, 1, 3)      [6] []
    44     0x00011980       0xFFFFFF80      0x00002000         (0, 1, 3)      [7] []
    45     0x00012880       0xFFFFFF80      0x00010000         (0, 1, 5)      [10] []
    46     0x00009E00       0xFFFFFF80      0x00000200         (0, 0, 3)      [3] []
    47     0x0001BB80       0xFFFFFF80      0x00000001         (0, 1, 7)      [] [E]
    48     0x0000F300       0xFFFFFF80      0x00020000         (0, 0, 14)      [11] []
    49     0x00009100       0xFFFFFF80      0x00000400         (0, 0, 2)      [4] []
    50     0x0002ED00       0xFFFFFF00      0x00000002         (0, 2, 13)      [] [NE]
    51     0x0000CA80       0xFFFFFF80      0x00020000         (0, 0, 9)      [11] []
    52     0x0000D780       0xFFFFFF80      0x00010000         (0, 0, 10)      [10] []
    53     0x00002C00       0xFFFFFF80      0x00000008         (0, 0, 5)      [] [W]
    54     0x00008D00       0xFFFFFF80      0x00000008         (0, 0, 1)      [] [W]
    55     0x00005580       0xFFFFFF80      0x00000008         (0, 0, 10)      [] [W]
    56     0x0000E000       0xFFFFFF80      0x00000008         (0, 0, 12)      [] [W]
    57     0x00004100       0xFFFFFF80      0x00001000         (0, 0, 8)      [6] []
    58     0x00001180       0xFFFFFF80      0x00FC0000         (0, 0, 2)      [12, 13, 14, 15, 16, 17] []
    59     0x00001C80       0xFFFFFF80      0x00180000         (0, 0, 3)      [13, 14] []
    60     0x00019800       0xFFFFFF80      0x00000001         (0, 1, 3)      [] [E]
    61     0x00008C00       0xFFFFFF80      0x00000008         (0, 0, 1)      [] [W]
    62     0x00007700       0xFFFFFF80      0x00001000         (0, 0, 14)      [6] []
    63     0x0000C780       0xFFFFFF80      0x00000800         (0, 0, 8)      [5] []
    64     0x00001700       0xFFFFFF80      0x00FC0300         (0, 0, 2)      [2, 3, 12, 13, 14, 15, 16, 17] []
    65     0x00017800       0xFFFFFF80      0x00000008         (0, 1, 15)      [] [W]
    66     0x0000FF00       0xFFFFFF80      0x00004000         (0, 0, 15)      [8] []
    67     0x00000280       0xFFFFFF80      0x00C3FF80         (0, 0, 0)      [1, 2, 3, 4, 5, 6, 7, 8, 9, 10, 11, 16, 17] []
    68     0x00009700       0xFFFFFF80      0x00000008         (0, 0, 2)      [] [W]
    69     0x00000500       0xFFFFFF80      0x0003FF81         (0, 0, 0)      [1, 2, 3, 4, 5, 6, 7, 8, 9, 10, 11] [E]
    70     0x00012580       0xFFFFFF80      0x00000008         (0, 1, 4)      [] [W]
    71     0x0000DD00       0xFFFFFF80      0x00000008         (0, 0, 11)      [] [W]
    72     0x0000DA80       0xFFFFFF80      0x00000008         (0, 0, 11)      [] [W]
    73     0x00008400       0xFFFFFF80      0x00000800         (0, 0, 0)      [5] []
    74     0x0000D100       0xFFFFFF80      0x00000008         (0, 0, 10)      [] [W]
    75     0x0000CE00       0xFFFFFF80      0x00000008         (0, 0, 9)      [] [W]
    76     0x00017500       0xFFFFFF80      0x00020000         (0, 1, 14)      [11] []
    77     0x00000A80       0xFFFFFF80      0x0003FF8F         (0, 0, 1)      [1, 2, 3, 4, 5, 6, 7, 8, 9, 10, 11] [E, NE, N, W]
    78     0x00005680       0xFFFFFF80      0x00000008         (0, 0, 10)      [] [W]
    79     0x00008C80       0xFFFFFF80      0x00000008         (0, 0, 1)      [] [W]
    80     0x00009880       0xFFFFFF80      0x00000008         (0, 0, 3)      [] [W]
    81     0x0002F400       0xFFFFFF00      0x00000002         (0, 2, 14)      [] [NE]
    82     0x00006480       0xFFFFFF80      0x00000008         (0, 0, 12)      [] [W]
    83     0x00002C80       0xFFFFFF80      0x00000008         (0, 0, 5)      [] [W]
    84     0x00009E80       0xFFFFFF80      0x00000400         (0, 0, 3)      [4] []
    85     0x00009080       0xFFFFFF80      0x00000200         (0, 0, 2)      [3] []
    86     0x0000FE80       0xFFFFFF80      0x00002000         (0, 0, 15)      [7] []
    87     0x0001FF00       0xFFFFFF80      0x0003FFA0         (0, 1, 15)      [1, 2, 3, 4, 5, 6, 7, 8, 9, 10, 11] [S]
    88     0x00005600       0xFFFFFF80      0x00000008         (0, 0, 10)      [] [W]
    89     0x00012F80       0xFFFFFF80      0x00000008         (0, 1, 5)      [] [W]
    90     0x00014380       0xFFFFFF80      0x00010000         (0, 1, 8)      [10] []
    91     0x00024B00       0xFFFFFF00      0x00010000         (0, 2, 9)      [10] []
    92     0x0001BB00       0xFFFFFF80      0x00000001         (0, 1, 7)      [] [E]
    93     0x00003600       0xFFFFFF80      0x00020000         (0, 0, 6)      [11] []
    94     0x0000C680       0xFFFFFF80      0x00000200         (0, 0, 8)      [3] []
    95     0x00007980       0xFFFFFF80      0x00020000         (0, 0, 15)      [11] []
    96     0x00012E80       0xFFFFFF80      0x00000008         (0, 1, 5)      [] [W]
    97     0x00004F80       0xFFFFFF80      0x00004000         (0, 0, 9)      [8] []
    98     0x00006C00       0xFFFFFF80      0x00020000         (0, 0, 13)      [11] []
    99     0x0002F500       0xFFFFFF00      0x00000002         (0, 2, 14)      [] [NE]
    100     0x0000CC00       0xFFFFFF80      0x00000008         (0, 0, 9)      [] [W]
    101     0x00006080       0xFFFFFF80      0x00000018         (0, 0, 12)      [] [W, SW]
    102     0x00006A80       0xFFFFFF80      0x00004000         (0, 0, 13)      [8] []
    103     0x00008F80       0xFFFFFF80      0x00000080         (0, 0, 1)      [1] []
    104     0x0000E400       0xFFFFFF80      0x00004000         (0, 0, 12)      [8] []
    105     0x00012C80       0xFFFFFF80      0x00000008         (0, 1, 5)      [] [W]
    106     0x0000DD80       0xFFFFFF80      0x00000008         (0, 0, 11)      [] [W]
    107     0x00009A80       0xFFFFFF80      0x00000008         (0, 0, 3)      [] [W]
    108     0x0000A080       0xFFFFFF80      0x00004000         (0, 0, 4)      [8] []
    109     0x0000E980       0xFFFFFF80      0x00000018         (0, 0, 13)      [] [W, SW]
    110     0x00001480       0xFFFFFF80      0x00FC0000         (0, 0, 2)      [12, 13, 14, 15, 16, 17] []
    111     0x0000A700       0xFFFFFF80      0x00000018         (0, 0, 4)      [] [W, SW]
    112     0x0000D800       0xFFFFFF80      0x00020000         (0, 0, 11)      [11] []
    113     0x0000B900       0xFFFFFF80      0x00000200         (0, 0, 7)      [3] []
    114     0x00021B00       0xFFFFFF80      0x00800000         (0, 2, 3)      [17] []
    115     0x00008A80       0xFFFFFF80      0x00000008         (0, 0, 1)      [] [W]
    116     0x00024D00       0xFFFFFF00      0x00040000         (0, 2, 9)      [12] []
    117     0x0000F080       0xFFFFFF80      0x00001000         (0, 0, 14)      [6] []
    118     0x00008880       0xFFFFFF80      0x00000008         (0, 0, 1)      [] [W]
    119     0x00008680       0xFFFFFF80      0x00010000         (0, 0, 0)      [10] []
    120     0x00005500       0xFFFFFF80      0x00000008         (0, 0, 10)      [] [W]
    121     0x00000780       0xFFFFFF80      0x0003FF81         (0, 0, 0)      [1, 2, 3, 4, 5, 6, 7, 8, 9, 10, 11] [E]
    122     0x0000C880       0xFFFFFF80      0x00002000         (0, 0, 9)      [7] []
    123     0x00012300       0xFFFFFF80      0x00000008         (0, 1, 4)      [] [W]
    124     0x00001580       0xFFFFFF80      0x00FC0000         (0, 0, 2)      [12, 13, 14, 15, 16, 17] []
    125     0x0000EE00       0xFFFFFF80      0x00000080         (0, 0, 13)      [1] []
    126     0x0001A280       0xFFFFFF80      0x00000001         (0, 1, 4)      [] [E]
    127     0x00009480       0xFFFFFF80      0x00020000         (0, 0, 2)      [11] []
    128     0x0000CD00       0xFFFFFF80      0x00000008         (0, 0, 9)      [] [W]
    129     0x00003400       0xFFFFFF80      0x00002000         (0, 0, 6)      [7] []
    130     0x00013580       0xFFFFFF80      0x00008000         (0, 1, 6)      [9] []
    131     0x00003580       0xFFFFFF80      0x00010000         (0, 0, 6)      [10] []
    132     0x0001A080       0xFFFFFF80      0x00000001         (0, 1, 4)      [] [E]
    133     0x00021A80       0xFFFFFF80      0x00400020         (0, 2, 3)      [16] [S]
    134     0x0000E180       0xFFFFFF80      0x00000200         (0, 0, 12)      [3] []
    135     0x00002500       0xFFFFFF80      0x00000400         (0, 0, 4)      [4] []
    136     0x00021900       0xFFFFFF80      0x00080020         (0, 2, 3)      [13] [S]
    137     0x00012780       0xFFFFFF80      0x00004000         (0, 1, 4)      [8] []
    138     0x00000E00       0xFFFFFF80      0x00FC000C         (0, 0, 1)      [12, 13, 14, 15, 16, 17] [N, W]
    139     0x0002F200       0xFFFFFF00      0x00000002         (0, 2, 14)      [] [NE]
    140     0x00006880       0xFFFFFF80      0x00000400         (0, 0, 13)      [4] []
    141     0x00000F80       0xFFFFFF80      0x00FC000E         (0, 0, 1)      [12, 13, 14, 15, 16, 17] [NE, N, W]
    142     0x0000F280       0xFFFFFF80      0x00010000         (0, 0, 14)      [10] []
    143     0x00000980       0xFFFFFF80      0x0003FF8F         (0, 0, 1)      [1, 2, 3, 4, 5, 6, 7, 8, 9, 10, 11] [E, NE, N, W]
    144     0x00022080       0xFFFFFF80      0x00000081         (0, 2, 4)      [1] [E]
    145     0x00019880       0xFFFFFF80      0x00000001         (0, 1, 3)      [] [E]
    146     0x0000D600       0xFFFFFF80      0x00002000         (0, 0, 10)      [7] []
    147     0x0000EA80       0xFFFFFF80      0x00000018         (0, 0, 13)      [] [W, SW]
    148     0x0000E880       0xFFFFFF80      0x00000018         (0, 0, 13)      [] [W, SW]
    149     0x0002FA00       0xFFFFFF00      0x00000002         (0, 2, 15)      [] [NE]
    150     0x00003180       0xFFFFFF80      0x00000100         (0, 0, 6)      [2] []
    151     0x00024500       0xFFFFFF00      0x00000400         (0, 2, 8)      [4] []
    152     0x00009D00       0xFFFFFF80      0x00000080         (0, 0, 3)      [1] []
    153     0x0000D700       0xFFFFFF80      0x00008000         (0, 0, 10)      [9] []
    154     0x0000E480       0xFFFFFF80      0x00008000         (0, 0, 12)      [9] []
    155     0x00002580       0xFFFFFF80      0x00000800         (0, 0, 4)      [5] []
    156     0x00028B00       0xFFFFFF00      0x00000002         (0, 2, 1)      [] [NE]
    157     0x0000D300       0xFFFFFF80      0x00000080         (0, 0, 10)      [1] []
    158     0x00012B80       0xFFFFFF80      0x00000008         (0, 1, 5)      [] [W]
    159     0x0000B980       0xFFFFFF80      0x00000400         (0, 0, 7)      [4] []
    160     0x0000D080       0xFFFFFF80      0x00000008         (0, 0, 10)      [] [W]
    161     0x00008900       0xFFFFFF80      0x00000008         (0, 0, 1)      [] [W]
    162     0x00012D80       0xFFFFFF80      0x00000008         (0, 1, 5)      [] [W]
    163     0x00009980       0xFFFFFF80      0x00000008         (0, 0, 3)      [] [W]
    164     0x00009280       0xFFFFFF80      0x00002000         (0, 0, 2)      [7] []
    165     0x00025200       0xFFFFFF00      0x00800000         (0, 2, 10)      [17] []
    166     0x0000A380       0xFFFFFF80      0x00000008         (0, 0, 4)      [] [W]
    167     0x0000EF80       0xFFFFFF80      0x00000400         (0, 0, 13)      [4] []
    168     0x00005280       0xFFFFFF80      0x00000008         (0, 0, 10)      [] [W]
    169     0x0000DC80       0xFFFFFF80      0x00000008         (0, 0, 11)      [] [W]
    170     0x0002F900       0xFFFFFF00      0x00000002         (0, 2, 15)      [] [NE]
    171     0x00019680       0xFFFFFF80      0x00000001         (0, 1, 2)      [] [E]
    172     0x00015D00       0xFFFFFF80      0x00010000         (0, 1, 11)      [10] []
    173     0x00012500       0xFFFFFF80      0x00000008         (0, 1, 4)      [] [W]
    174     0x00002E80       0xFFFFFF80      0x00000008         (0, 0, 5)      [] [W]
    175     0x0000DB80       0xFFFFFF80      0x00000008         (0, 0, 11)      [] [W]
    176     0x00009680       0xFFFFFF80      0x00000008         (0, 0, 2)      [] [W]
    177     0x00000600       0xFFFFFF80      0x0003FF81         (0, 0, 0)      [1, 2, 3, 4, 5, 6, 7, 8, 9, 10, 11] [E]
    178     0x00012200       0xFFFFFF80      0x00000008         (0, 1, 4)      [] [W]
    179     0x00013400       0xFFFFFF80      0x00001000         (0, 1, 6)      [6] []
    180     0x00024800       0xFFFFFF00      0x00002000         (0, 2, 9)      [7] []
    181     0x00011F80       0xFFFFFF80      0x00000008         (0, 1, 3)      [] [W]
    182     0x00017680       0xFFFFFF80      0x00000008         (0, 1, 14)      [] [W]
    183     0x00009000       0xFFFFFF80      0x00000100         (0, 0, 2)      [2] []
    184     0x00008280       0xFFFFFF80      0x00000100         (0, 0, 0)      [2] []
    185     0x00006100       0xFFFFFF80      0x00000018         (0, 0, 12)      [] [W, SW]
    186     0x00010A80       0xFFFFFF80      0x00000400         (0, 1, 1)      [4] []
    187     0x00009180       0xFFFFFF80      0x00000800         (0, 0, 2)      [5] []
    188     0x00004D00       0xFFFFFF80      0x00000200         (0, 0, 9)      [3] []
    189     0x00013300       0xFFFFFF80      0x00000008         (0, 1, 6)      [] [W]
    190     0x00010B80       0xFFFFFF80      0x00001000         (0, 1, 1)      [6] []
    191     0x0000FE00       0xFFFFFF80      0x00001000         (0, 0, 15)      [6] []
    192     0x0000A780       0xFFFFFF80      0x00000018         (0, 0, 4)      [] [W, SW]
    193     0x00011580       0xFFFFFF80      0x00000008         (0, 1, 2)      [] [W]
    194     0x00008D80       0xFFFFFF80      0x00000008         (0, 0, 1)      [] [W]
    195     0x00022600       0xFFFFFF80      0x00000001         (0, 2, 4)      [] [E]
    196     0x00008980       0xFFFFFF80      0x00000008         (0, 0, 1)      [] [W]
    197     0x00008E00       0xFFFFFF80      0x00000008         (0, 0, 1)      [] [W]
    198     0x00000400       0xFFFFFF80      0x0003FF80         (0, 0, 0)      [1, 2, 3, 4, 5, 6, 7, 8, 9, 10, 11] []
    199     0x00008480       0xFFFFFF80      0x00001000         (0, 0, 0)      [6] []
    200     0x00003F80       0xFFFFFF80      0x00000200         (0, 0, 7)      [3] []
    201     0x00001900       0xFFFFFF80      0x00FC3000         (0, 0, 3)      [6, 7, 12, 13, 14, 15, 16, 17] []
    202     0x00013680       0xFFFFFF80      0x00020000         (0, 1, 6)      [11] []
    203     0x00002300       0xFFFFFF80      0x00000008         (0, 0, 4)      [] [W]
    204     0x00006200       0xFFFFFF80      0x00000008         (0, 0, 12)      [] [W]
    205     0x00002700       0xFFFFFF80      0x00004000         (0, 0, 4)      [8] []
    206     0x0000E700       0xFFFFFF80      0x00000008         (0, 0, 12)      [] [W]
    207     0x00000100       0xFFFFFF80      0x001BFF80         (0, 0, 0)      [1, 2, 3, 4, 5, 6, 7, 8, 9, 10, 11, 13, 14] []
    208     0x0002F600       0xFFFFFF00      0x00000002         (0, 2, 14)      [] [NE]
    209     0x00016900       0xFFFFFF80      0x00010000         (0, 1, 13)      [10] []
    210     0x00028F00       0xFFFFFF00      0x00000002         (0, 2, 1)      [] [NE]
    211     0x00011880       0xFFFFFF80      0x00000800         (0, 1, 3)      [5] []
    212     0x00004D80       0xFFFFFF80      0x00000400         (0, 0, 9)      [4] []
    213     0x00029200       0xFFFFFF00      0x00000002         (0, 2, 2)      [] [NE]
    214     0x00028A00       0xFFFFFF00      0x00000002         (0, 2, 1)      [] [NE]
    215     0x0000AA80       0xFFFFFF80      0x00000080         (0, 0, 5)      [1] []
    216     0x00001B00       0xFFFFFF80      0x00FF0000         (0, 0, 3)      [10, 11, 12, 13, 14, 15, 16, 17] []
    217     0x0000CA00       0xFFFFFF80      0x00010000         (0, 0, 9)      [10] []
    218     0x0000AF80       0xFFFFFF80      0x00020000         (0, 0, 5)      [11] []
    219     0x00024E00       0xFFFFFF00      0x00080000         (0, 2, 9)      [13] []
    220     0x00002680       0xFFFFFF80      0x00002000         (0, 0, 4)      [7] []
    221     0x0002EF00       0xFFFFFF00      0x00000002         (0, 2, 13)      [] [NE]
    222     0x00012D00       0xFFFFFF80      0x00000008         (0, 1, 5)      [] [W]
    223     0x00007880       0xFFFFFF80      0x00008000         (0, 0, 15)      [9] []
    224     0x00001100       0xFFFFFF80      0x00FC0000         (0, 0, 2)      [12, 13, 14, 15, 16, 17] []
    225     0x00002880       0xFFFFFF80      0x00020000         (0, 0, 5)      [11] []
    226     0x0000A200       0xFFFFFF80      0x00020000         (0, 0, 4)      [11] []
    227     0x00003080       0xFFFFFF80      0x00000008         (0, 0, 6)      [] [W]
    228     0x00010B00       0xFFFFFF80      0x00000800         (0, 1, 1)      [5] []
    229     0x00010A00       0xFFFFFF80      0x00000200         (0, 1, 1)      [3] []
    230     0x0000D180       0xFFFFFF80      0x00000008         (0, 0, 10)      [] [W]
    231     0x00004180       0xFFFFFF80      0x00002000         (0, 0, 8)      [7] []
    232     0x00029400       0xFFFFFF00      0x00000002         (0, 2, 2)      [] [NE]
    233     0x00005900       0xFFFFFF80      0x00000008         (0, 0, 11)      [] [W]
    234     0x00011500       0xFFFFFF80      0x00000008         (0, 1, 2)      [] [W]
    235     0x00012680       0xFFFFFF80      0x00001000         (0, 1, 4)      [6] []
    236     0x00012C00       0xFFFFFF80      0x00000008         (0, 1, 5)      [] [W]
    237     0x00008B00       0xFFFFFF80      0x00000008         (0, 0, 1)      [] [W]
    238     0x00004380       0xFFFFFF80      0x00020000         (0, 0, 8)      [11] []
    239     0x0000D580       0xFFFFFF80      0x00001000         (0, 0, 10)      [6] []
    240     0x00000E80       0xFFFFFF80      0x00FC000C         (0, 0, 1)      [12, 13, 14, 15, 16, 17] [N, W]
    241     0x0000D200       0xFFFFFF80      0x00000008         (0, 0, 10)      [] [W]
    242     0x0000E300       0xFFFFFF80      0x00001000         (0, 0, 12)      [6] []
    243     0x00000800       0xFFFFFF80      0x0003FF81         (0, 0, 1)      [1, 2, 3, 4, 5, 6, 7, 8, 9, 10, 11] [E]
    244     0x00022300       0xFFFFFF80      0x00001001         (0, 2, 4)      [6] [E]
    245     0x00005980       0xFFFFFF80      0x00000080         (0, 0, 11)      [1] []
    246     0x0000A600       0xFFFFFF80      0x00000018         (0, 0, 4)      [] [W, SW]
    247     0x0000BC00       0xFFFFFF80      0x00008000         (0, 0, 7)      [9] []
    248     0x00004C00       0xFFFFFF80      0x00000080         (0, 0, 9)      [1] []
    249     0x00001380       0xFFFFFF80      0x00FC0000         (0, 0, 2)      [12, 13, 14, 15, 16, 17] []
    250     0x00025100       0xFFFFFF00      0x00400000         (0, 2, 10)      [16] []
    251     0x00005100       0xFFFFFF80      0x00020000         (0, 0, 10)      [11] []
    252     0x00012600       0xFFFFFF80      0x00000800         (0, 1, 4)      [5] []
    253     0x00002480       0xFFFFFF80      0x00000200         (0, 0, 4)      [3] []
    254     0x00024900       0xFFFFFF00      0x00004000         (0, 2, 9)      [8] []
    255     0x00000C00       0xFFFFFF80      0x0003FF9F         (0, 0, 1)      [1, 2, 3, 4, 5, 6, 7, 8, 9, 10, 11] [E, NE, N, W, SW]
    256     0x00002600       0xFFFFFF80      0x00001000         (0, 0, 4)      [6] []
    257     0x00013280       0xFFFFFF80      0x00000008         (0, 1, 6)      [] [W]
    258     0x0000D380       0xFFFFFF80      0x00000100         (0, 0, 10)      [2] []
    259     0x00028700       0xFFFFFF00      0x00000002         (0, 2, 0)      [] [NE]
    260     0x00012E00       0xFFFFFF80      0x00000008         (0, 1, 5)      [] [W]
    261     0x0000CC80       0xFFFFFF80      0x00000008         (0, 0, 9)      [] [W]
    262     0x00000900       0xFFFFFF80      0x0003FF8F         (0, 0, 1)      [1, 2, 3, 4, 5, 6, 7, 8, 9, 10, 11] [E, NE, N, W]
    263     0x00021880       0xFFFFFF80      0x00040020         (0, 2, 3)      [12] [S]
    264     0x00002A80       0xFFFFFF80      0x00200008         (0, 0, 5)      [15] [W]
    265     0x00000680       0xFFFFFF80      0x0003FF81         (0, 0, 0)      [1, 2, 3, 4, 5, 6, 7, 8, 9, 10, 11] [E]
    266     0x00019700       0xFFFFFF80      0x00000001         (0, 1, 2)      [] [E]
    267     0x00028900       0xFFFFFF00      0x00000002         (0, 2, 1)      [] [NE]
    268     0x00013600       0xFFFFFF80      0x00010000         (0, 1, 6)      [10] []
    269     0x00022200       0xFFFFFF80      0x00000401         (0, 2, 4)      [4] [E]
    270     0x00009380       0xFFFFFF80      0x00008000         (0, 0, 2)      [9] []
    271     0x0000D000       0xFFFFFF80      0x00000008         (0, 0, 10)      [] [W]
    272     0x00028D00       0xFFFFFF00      0x00000002         (0, 2, 1)      [] [NE]
    273     0x00002B80       0xFFFFFF80      0x00800008         (0, 0, 5)      [17] [W]
    274     0x0000A480       0xFFFFFF80      0x00000018         (0, 0, 4)      [] [W, SW]
    275     0x00009B80       0xFFFFFF80      0x00000008         (0, 0, 3)      [] [W]
    276     0x00011D00       0xFFFFFF80      0x00000008         (0, 1, 3)      [] [W]
    277     0x00022180       0xFFFFFF80      0x00000201         (0, 2, 4)      [3] [E]
    278     0x0000A500       0xFFFFFF80      0x00000018         (0, 0, 4)      [] [W, SW]
    279     0x00012A80       0xFFFFFF80      0x00000008         (0, 1, 5)      [] [W]
    280     0x0000DB00       0xFFFFFF80      0x00000008         (0, 0, 11)      [] [W]
    281     0x0000EF00       0xFFFFFF80      0x00000200         (0, 0, 13)      [3] []
    282     0x00002180       0xFFFFFF80      0x00000008         (0, 0, 4)      [] [W]
    283     0x0000C580       0xFFFFFF80      0x00000080         (0, 0, 8)      [1] []
    284     0x00001000       0xFFFFFF80      0x00FC000E         (0, 0, 2)      [12, 13, 14, 15, 16, 17] [NE, N, W]
    285     0x00006700       0xFFFFFF80      0x00000080         (0, 0, 12)      [1] []
    286     0x0000DE80       0xFFFFFF80      0x00000008         (0, 0, 11)      [] [W]
    287     0x0000DF80       0xFFFFFF80      0x00000008         (0, 0, 11)      [] [W]
    288     0x00004080       0xFFFFFF80      0x00000800         (0, 0, 8)      [5] []
    289     0x00024300       0xFFFFFF00      0x00000100         (0, 2, 8)      [2] []
    290     0x0000BA00       0xFFFFFF80      0x00000800         (0, 0, 7)      [5] []
    291     0x00007680       0xFFFFFF80      0x00000800         (0, 0, 14)      [5] []
    292     0x00029500       0xFFFFFF00      0x00000002         (0, 2, 2)      [] [NE]
    293     0x00005000       0xFFFFFF80      0x00008000         (0, 0, 10)      [9] []
    294     0x00001280       0xFFFFFF80      0x00FC0000         (0, 0, 2)      [12, 13, 14, 15, 16, 17] []
    295     0x00013500       0xFFFFFF80      0x00004000         (0, 1, 6)      [8] []
    296     0x00011E00       0xFFFFFF80      0x00000008         (0, 1, 3)      [] [W]
    297     0x00011B00       0xFFFFFF80      0x00010000         (0, 1, 3)      [10] []
    298     0x0000D500       0xFFFFFF80      0x00000800         (0, 0, 10)      [5] []
    299     0x00001880       0xFFFFFF80      0x00FC1800         (0, 0, 3)      [5, 6, 12, 13, 14, 15, 16, 17] []
    300     0x0000B880       0xFFFFFF80      0x00000100         (0, 0, 7)      [2] []
    301     0x00010C00       0xFFFFFF80      0x00002000         (0, 1, 1)      [7] []
    302     0x00000300       0xFFFFFF80      0x0083FF81         (0, 0, 0)      [1, 2, 3, 4, 5, 6, 7, 8, 9, 10, 11, 17] [E]
    303     0x00014300       0xFFFFFF80      0x00008000         (0, 1, 8)      [9] []
    304     0x0000F200       0xFFFFFF80      0x00008000         (0, 0, 14)      [9] []
    305     0x0000AC80       0xFFFFFF80      0x00000800         (0, 0, 5)      [5] []
    306     0x00006B80       0xFFFFFF80      0x00010000         (0, 0, 13)      [10] []
    307     0x00005E00       0xFFFFFF80      0x00010000         (0, 0, 11)      [10] []
    308     0x0002F000       0xFFFFFF00      0x00000002         (0, 2, 14)      [] [NE]
    309     0x00009D80       0xFFFFFF80      0x00000100         (0, 0, 3)      [2] []
    310     0x00004600       0xFFFFFF80      0x00400000         (0, 0, 8)      [16] []
    311     0x0000E200       0xFFFFFF80      0x00000400         (0, 0, 12)      [4] []
    312     0x00001680       0xFFFFFF80      0x00FC0180         (0, 0, 2)      [1, 2, 12, 13, 14, 15, 16, 17] []
    313     0x00000A00       0xFFFFFF80      0x0003FF8F         (0, 0, 1)      [1, 2, 3, 4, 5, 6, 7, 8, 9, 10, 11] [E, NE, N, W]
    314     0x00012000       0xFFFFFF80      0x00000008         (0, 1, 4)      [] [W]
    315     0x00000B80       0xFFFFFF80      0x0003FF8F         (0, 0, 1)      [1, 2, 3, 4, 5, 6, 7, 8, 9, 10, 11] [E, NE, N, W]
    316     0x00000C80       0xFFFFFF80      0x0003FF9F         (0, 0, 1)      [1, 2, 3, 4, 5, 6, 7, 8, 9, 10, 11] [E, NE, N, W, SW]
    317     0x0000CF00       0xFFFFFF80      0x00000008         (0, 0, 9)      [] [W]
    318     0x00004F00       0xFFFFFF80      0x00002000         (0, 0, 9)      [7] []
    319     0x00010000       0xFFFFFF80      0x00010000         (0, 1, 0)      [10] []
    320     0x00001E80       0xFFFFFF80      0x00800000         (0, 0, 3)      [17] []
    321     0x00028800       0xFFFFFF00      0x00000002         (0, 2, 1)      [] [NE]
    322     0x00003280       0xFFFFFF80      0x00000400         (0, 0, 6)      [4] []
    323     0x00007780       0xFFFFFF80      0x00002000         (0, 0, 14)      [7] []
    324     0x00008580       0xFFFFFF80      0x00004000         (0, 0, 0)      [8] []
    325     0x0002F800       0xFFFFFF00      0x00000002         (0, 2, 15)      [] [NE]
    326     0x00005D00       0xFFFFFF80      0x00004000         (0, 0, 11)      [8] []
    327     0x0000CE80       0xFFFFFF80      0x00000008         (0, 0, 9)      [] [W]
    328     0x00003F00       0xFFFFFF80      0x00000100         (0, 0, 7)      [2] []
    329     0x0000AD00       0xFFFFFF80      0x00001000         (0, 0, 5)      [6] []
    330     0x00012700       0xFFFFFF80      0x00002000         (0, 1, 4)      [7] []
    331     0x00029000       0xFFFFFF00      0x00000002         (0, 2, 2)      [] [NE]
    332     0x0000C800       0xFFFFFF80      0x00001000         (0, 0, 9)      [6] []
    333     0x00002800       0xFFFFFF80      0x00010000         (0, 0, 5)      [10] []
    334     0x00005B80       0xFFFFFF80      0x00000800         (0, 0, 11)      [5] []
    335     0x00028C00       0xFFFFFF00      0x00000002         (0, 2, 1)      [] [NE]
    336     0x00006900       0xFFFFFF80      0x00000800         (0, 0, 13)      [5] []
    337     0x00011E80       0xFFFFFF80      0x00000008         (0, 1, 3)      [] [W]
    338     0x00003300       0xFFFFFF80      0x00000800         (0, 0, 6)      [5] []
    339     0x0000D680       0xFFFFFF80      0x00004000         (0, 0, 10)      [8] []
    340     0x00021F00       0xFFFFFF80      0x00000001         (0, 2, 3)      [] [E]
    341     0x00002780       0xFFFFFF80      0x00008000         (0, 0, 4)      [9] []
    342     0x0000A100       0xFFFFFF80      0x00008000         (0, 0, 4)      [9] []
    343     0x00005A80       0xFFFFFF80      0x00000200         (0, 0, 11)      [3] []
    344     0x00003000       0xFFFFFF80      0x00000008         (0, 0, 6)      [] [W]
    345     0x00008E80       0xFFFFFF80      0x00000008         (0, 0, 1)      [] [W]
    346     0x0000F180       0xFFFFFF80      0x00004000         (0, 0, 14)      [8] []
    347     0x0001BC00       0xFFFFFF80      0x00000001         (0, 1, 7)      [] [E]
    348     0x00005700       0xFFFFFF80      0x00000008         (0, 0, 10)      [] [W]
    349     0x0000CF80       0xFFFFFF80      0x00000008         (0, 0, 9)      [] [W]
    350     0x00001C00       0xFFFFFF80      0x000C0000         (0, 0, 3)      [12, 13] []
    351     0x00005800       0xFFFFFF80      0x00000008         (0, 0, 11)      [] [W]
    352     0x00008500       0xFFFFFF80      0x00002000         (0, 0, 0)      [7] []
    353     0x0000D280       0xFFFFFF80      0x00000008         (0, 0, 10)      [] [W]
    354     0x00011D80       0xFFFFFF80      0x00000008         (0, 1, 3)      [] [W]
    355     0x00002380       0xFFFFFF80      0x00000080         (0, 0, 4)      [1] []
    356     0x0000E900       0xFFFFFF80      0x00000018         (0, 0, 13)      [] [W, SW]
    357     0x00012100       0xFFFFFF80      0x00000008         (0, 1, 4)      [] [W]
    358     0x0000AC00       0xFFFFFF80      0x00000400         (0, 0, 5)      [4] []
    359     0x00022500       0xFFFFFF80      0x00010001         (0, 2, 4)      [10] [E]
    360     0x00022280       0xFFFFFF80      0x00000801         (0, 2, 4)      [5] [E]
    361     0x00001780       0xFFFFFF80      0x00FC0600         (0, 0, 2)      [3, 4, 12, 13, 14, 15, 16, 17] []
    362     0x00004680       0xFFFFFF80      0x00800000         (0, 0, 8)      [17] []
    363     0x00000D80       0xFFFFFF80      0x0003FF9F         (0, 0, 1)      [1, 2, 3, 4, 5, 6, 7, 8, 9, 10, 11] [E, NE, N, W, SW]
    364     0x00017700       0xFFFFFF80      0x00000008         (0, 1, 14)      [] [W]
    365     0x0000E080       0xFFFFFF80      0x00000080         (0, 0, 12)      [1] []
    366     0x00019900       0xFFFFFF80      0x00000001         (0, 1, 3)      [] [E]
    367     0x00004280       0xFFFFFF80      0x00008000         (0, 0, 8)      [9] []
    368     0x00017380       0xFFFFFF80      0x00000008         (0, 1, 14)      [] [W]
    369     0x00005C00       0xFFFFFF80      0x00001000         (0, 0, 11)      [6] []
    370     0x00012800       0xFFFFFF80      0x00008000         (0, 1, 5)      [9] []
    371     0x00001A00       0xFFFFFF80      0x00FCC000         (0, 0, 3)      [8, 9, 12, 13, 14, 15, 16, 17] []
    372     0x0000EE80       0xFFFFFF80      0x00000100         (0, 0, 13)      [2] []
    373     0x0000C700       0xFFFFFF80      0x00000400         (0, 0, 8)      [4] []
    374     0x00017400       0xFFFFFF80      0x00000008         (0, 1, 14)      [] [W]
    375     0x00003500       0xFFFFFF80      0x00008000         (0, 0, 6)      [9] []
    376     0x00010D80       0xFFFFFF80      0x00010000         (0, 1, 1)      [10] []
    377     0x00001D80       0xFFFFFF80      0x00600000         (0, 0, 3)      [16, 15] []
    378     0x00003100       0xFFFFFF80      0x00000080         (0, 0, 6)      [1] []
    379     0x00017780       0xFFFFFF80      0x00000008         (0, 1, 14)      [] [W]
    380     0x0000A180       0xFFFFFF80      0x00010000         (0, 0, 4)      [10] []
    381     0x0000D980       0xFFFFFF80      0x00000008         (0, 0, 11)      [] [W]
    382     0x00013080       0xFFFFFF80      0x00000008         (0, 1, 6)      [] [W]
    383     0x0000E780       0xFFFFFF80      0x00000018         (0, 0, 12)      [] [W, SW]
    384     0x0000D480       0xFFFFFF80      0x00000400         (0, 0, 10)      [4] []
    385     0x00001400       0xFFFFFF80      0x00FC0000         (0, 0, 2)      [12, 13, 14, 15, 16, 17] []
    386     0x00014F80       0xFFFFFF80      0x00004000         (0, 1, 9)      [8] []
    387     0x0000BB00       0xFFFFFF80      0x00002000         (0, 0, 7)      [7] []
    388     0x00009A00       0xFFFFFF80      0x00000008         (0, 0, 3)      [] [W]
    389     0x00009800       0xFFFFFF80      0x00000008         (0, 0, 3)      [] [W]
    390     0x00009F00       0xFFFFFF80      0x00000800         (0, 0, 3)      [5] []
    391     0x0000CD80       0xFFFFFF80      0x00000008         (0, 0, 9)      [] [W]
    392     0x00005300       0xFFFFFF80      0x00000008         (0, 0, 10)      [] [W]
    393     0x00011F00       0xFFFFFF80      0x00000008         (0, 1, 3)      [] [W]
    394     0x00009300       0xFFFFFF80      0x00004000         (0, 0, 2)      [8] []
    395     0x00001500       0xFFFFFF80      0x00FC0000         (0, 0, 2)      [12, 13, 14, 15, 16, 17] []
    396     0x00029300       0xFFFFFF00      0x00000002         (0, 2, 2)      [] [NE]
    397     0x00017300       0xFFFFFF80      0x00000008         (0, 1, 14)      [] [W]
    398     0x00009C00       0xFFFFFF80      0x00000008         (0, 0, 3)      [] [W]
    399     0x00017A00       0xFFFFFF80      0x00000008         (0, 1, 15)      [] [W]
    400     0x00009F80       0xFFFFFF80      0x00001000         (0, 0, 3)      [6] []
    401     0x00004300       0xFFFFFF80      0x00010000         (0, 0, 8)      [10] []
    402     0x00005A00       0xFFFFFF80      0x00000100         (0, 0, 11)      [2] []
    403     0x00022380       0xFFFFFF80      0x00002001         (0, 2, 4)      [7] [E]
    404     0x0000F000       0xFFFFFF80      0x00000800         (0, 0, 14)      [5] []
    405     0x00013480       0xFFFFFF80      0x00002000         (0, 1, 6)      [7] []
    406     0x00000700       0xFFFFFF80      0x0003FF81         (0, 0, 0)      [1, 2, 3, 4, 5, 6, 7, 8, 9, 10, 11] [E]
    407     0x0000C980       0xFFFFFF80      0x00008000         (0, 0, 9)      [9] []
    408     0x00006380       0xFFFFFF80      0x00000008         (0, 0, 12)      [] [W]
    409     0x00008300       0xFFFFFF80      0x00000200         (0, 0, 0)      [3] []
    410     0x00003800       0xFFFFFF80      0x00200000         (0, 0, 7)      [15] []
    411     0x00002B00       0xFFFFFF80      0x00400008         (0, 0, 5)      [16] [W]
    412     0x00006B00       0xFFFFFF80      0x00008000         (0, 0, 13)      [9] []
    413     0x00004E80       0xFFFFFF80      0x00001000         (0, 0, 9)      [6] []
    414     0x00024C00       0xFFFFFF00      0x00020000         (0, 2, 9)      [11] []
    415     0x0000BB80       0xFFFFFF80      0x00004000         (0, 0, 7)      [8] []
    416     0x00007600       0xFFFFFF80      0x00000400         (0, 0, 14)      [4] []
    417     0x00017900       0xFFFFFF80      0x00000008         (0, 1, 15)      [] [W]
    418     0x0000AD80       0xFFFFFF80      0x00002000         (0, 0, 5)      [7] []
    419     0x00005480       0xFFFFFF80      0x00000008         (0, 0, 10)      [] [W]
    420     0x00024600       0xFFFFFF00      0x00000800         (0, 2, 8)      [5] []
    421     0x00001B80       0xFFFFFF80      0x00FE0000         (0, 0, 3)      [11, 12, 13, 14, 15, 16, 17] []
    422     0x0002EA00       0xFFFFFF00      0x00000002         (0, 2, 13)      [] [NE]
    423     0x0001C300       0xFFFFFF80      0x00000001         (0, 1, 8)      [] [E]
    424     0x00022480       0xFFFFFF80      0x00008001         (0, 2, 4)      [9] [E]
    425     0x00021980       0xFFFFFF80      0x00100020         (0, 2, 3)      [14] [S]
    426     0x00015000       0xFFFFFF80      0x00008000         (0, 1, 10)      [9] []
    427     0x00004200       0xFFFFFF80      0x00004000         (0, 0, 8)      [8] []
    428     0x0002EE00       0xFFFFFF00      0x00000002         (0, 2, 13)      [] [NE]
    429     0x00001D00       0xFFFFFF80      0x00300000         (0, 0, 3)      [14, 15] []
    430     0x0000AB80       0xFFFFFF80      0x00000200         (0, 0, 5)      [3] []
    431     0x0000E380       0xFFFFFF80      0x00002000         (0, 0, 12)      [7] []
    432     0x0000AE80       0xFFFFFF80      0x00008000         (0, 0, 5)      [9] []
    433     0x00000180       0xFFFFFF80      0x0033FF80         (0, 0, 0)      [1, 2, 3, 4, 5, 6, 7, 8, 9, 10, 11, 14, 15] []
    434     0x00014200       0xFFFFFF80      0x00002000         (0, 1, 8)      [7] []
    435     0x00005780       0xFFFFFF80      0x00000008         (0, 0, 10)      [] [W]
    436     0x00010080       0xFFFFFF80      0x00020000         (0, 1, 0)      [11] []
    437     0x00007800       0xFFFFFF80      0x00004000         (0, 0, 15)      [8] []
    438     0x00013380       0xFFFFFF80      0x00000008         (0, 1, 6)      [] [W]
    439     0x00010C80       0xFFFFFF80      0x00004000         (0, 1, 1)      [8] []
    440     0x00001200       0xFFFFFF80      0x00FC0000         (0, 0, 2)      [12, 13, 14, 15, 16, 17] []
    441     0x0000EA00       0xFFFFFF80      0x00000018         (0, 0, 13)      [] [W, SW]
    442     0x00016980       0xFFFFFF80      0x00020000         (0, 1, 13)      [11] []
    443     0x00004C80       0xFFFFFF80      0x00000100         (0, 0, 9)      [2] []
    444     0x0001A000       0xFFFFFF80      0x00000001         (0, 1, 4)      [] [E]
    445     0x00000F00       0xFFFFFF80      0x00FC000E         (0, 0, 1)      [12, 13, 14, 15, 16, 17] [NE, N, W]
    446     0x0001FF80       0xFFFFFF80      0x00FC0020         (0, 1, 15)      [12, 13, 14, 15, 16, 17] [S]
    447     0x00000B00       0xFFFFFF80      0x0003FF8F         (0, 0, 1)      [1, 2, 3, 4, 5, 6, 7, 8, 9, 10, 11] [E, NE, N, W]
    448     0x00028600       0xFFFFFF00      0x00000002         (0, 2, 0)      [] [NE]
    449     0x00000480       0xFFFFFF80      0x0003FF80         (0, 0, 0)      [1, 2, 3, 4, 5, 6, 7, 8, 9, 10, 11] []
    450     0x0000B800       0xFFFFFF80      0x00000080         (0, 0, 7)      [1] []
    451     0x0000C600       0xFFFFFF80      0x00000100         (0, 0, 8)      [2] []
    452     0x00009B00       0xFFFFFF80      0x00000008         (0, 0, 3)      [] [W]
    453     0x00022100       0xFFFFFF80      0x00000101         (0, 2, 4)      [2] [E]
    454     0x0000A000       0xFFFFFF80      0x00002000         (0, 0, 4)      [7] []
    455     0x00015C80       0xFFFFFF80      0x00008000         (0, 1, 11)      [9] []
    456     0x00006280       0xFFFFFF80      0x00000008         (0, 0, 12)      [] [W]
    457     0x00002D00       0xFFFFFF80      0x00000008         (0, 0, 5)      [] [W]
    458     0x00009780       0xFFFFFF80      0x00000008         (0, 0, 2)      [] [W]
    459     0x00001E00       0xFFFFFF80      0x00C00000         (0, 0, 3)      [16, 17] []
    460     0x00000580       0xFFFFFF80      0x0003FF81         (0, 0, 0)      [1, 2, 3, 4, 5, 6, 7, 8, 9, 10, 11] [E]
    461     0x00012280       0xFFFFFF80      0x00000008         (0, 1, 4)      [] [W]
    462     0x00000000       0xFFFFFF80      0x0007FF80         (0, 0, 0)      [1, 2, 3, 4, 5, 6, 7, 8, 9, 10, 11, 12] []
    463     0x00011A80       0xFFFFFF80      0x00008000         (0, 1, 3)      [9] []
    464     0x0000DC00       0xFFFFFF80      0x00000008         (0, 0, 11)      [] [W]
    465     0x00001A80       0xFFFFFF80      0x00FD8000         (0, 0, 3)      [9, 10, 12, 13, 14, 15, 16, 17] []
    466     0x0001C380       0xFFFFFF80      0x00000001         (0, 1, 8)      [] [E]
    467     0x0000DF00       0xFFFFFF80      0x00000008         (0, 0, 11)      [] [W]
    468     0x00014400       0xFFFFFF80      0x00020000         (0, 1, 8)      [11] []
    469     0x00001600       0xFFFFFF80      0x00FC0080         (0, 0, 2)      [1, 12, 13, 14, 15, 16, 17] []
    470     0x00020080       0xFFFFFF80      0x00000020         (0, 2, 0)      [] [S]
    471     0x00024700       0xFFFFFF00      0x00001000         (0, 2, 8)      [6] []
    472     0x00029100       0xFFFFFF00      0x00000002         (0, 2, 2)      [] [NE]
    473     0x00005400       0xFFFFFF80      0x00800008         (0, 0, 10)      [17] [W]
    474     0x00024F00       0xFFFFFF00      0x00100000         (0, 2, 9)      [14] []
    475     0x00001080       0xFFFFFF80      0x00FC000F         (0, 0, 2)      [12, 13, 14, 15, 16, 17] [E, NE, N, W]
    476     0x00025000       0xFFFFFF00      0x00200000         (0, 2, 10)      [15] []
    477     0x00003E80       0xFFFFFF80      0x00000080         (0, 0, 7)      [1] []
    478     0x00007500       0xFFFFFF80      0x00000100         (0, 0, 14)      [2] []
    479     0x0002EB00       0xFFFFFF00      0x00000002         (0, 2, 13)      [] [NE]
    480     0x0001A200       0xFFFFFF80      0x00000001         (0, 1, 4)      [] [E]
    481     0x00009400       0xFFFFFF80      0x00010000         (0, 0, 2)      [10] []
    482     0x0000F100       0xFFFFFF80      0x00002000         (0, 0, 14)      [7] []
    483     0x00015D80       0xFFFFFF80      0x00020000         (0, 1, 11)      [11] []
    484     0x0000A580       0xFFFFFF80      0x00000018         (0, 0, 4)      [] [W, SW]
    485     0x00011800       0xFFFFFF80      0x00000400         (0, 1, 3)      [4] []
    486     0x0000BC80       0xFFFFFF80      0x00010000         (0, 0, 7)      [10] []
    487     0x00010D00       0xFFFFFF80      0x00008000         (0, 1, 1)      [9] []
    488     0x00002F00       0xFFFFFF80      0x00000008         (0, 0, 5)      [] [W]
    489     0x00002F80       0xFFFFFF80      0x00000008         (0, 0, 5)      [] [W]
    490     0x00022400       0xFFFFFF80      0x00004001         (0, 2, 4)      [8] [E]
    491     0x00002400       0xFFFFFF80      0x00000100         (0, 0, 4)      [2] []
    492     0x00012900       0xFFFFFF80      0x00020000         (0, 1, 5)      [11] []
    493     0x0002EC00       0xFFFFFF00      0x00000002         (0, 2, 13)      [] [NE]
    494     0x00005380       0xFFFFFF80      0x00000008         (0, 0, 10)      [] [W]
    495     0x00019780       0xFFFFFF80      0x00000001         (0, 1, 2)      [] [E]
    496     0x00005880       0xFFFFFF80      0x00000008         (0, 0, 11)      [] [W]
    497     0x00000880       0xFFFFFF80      0x0003FF8F         (0, 0, 1)      [1, 2, 3, 4, 5, 6, 7, 8, 9, 10, 11] [E, NE, N, W]
    498     0x00015080       0xFFFFFF80      0x00010000         (0, 1, 10)      [10] []
    499     0x0002F300       0xFFFFFF00      0x00000002         (0, 2, 14)      [] [NE]
    500     0x00007580       0xFFFFFF80      0x00000200         (0, 0, 14)      [3] []
    501     0x00014280       0xFFFFFF80      0x00004000         (0, 1, 8)      [8] []
    502     0x00005E80       0xFFFFFF80      0x00020000         (0, 0, 11)      [11] []
    503     0x00012F00       0xFFFFFF80      0x00000008         (0, 1, 5)      [] [W]
    504     0x0000DA00       0xFFFFFF80      0x00000008         (0, 0, 11)      [] [W]
    505     0x00005080       0xFFFFFF80      0x00010000         (0, 0, 10)      [10] []
    506     0x00006180       0xFFFFFF80      0x00000018         (0, 0, 12)      [] [W, SW]
    507     0x00002E00       0xFFFFFF80      0x00000008         (0, 0, 5)      [] [W]
    508     0x0000C900       0xFFFFFF80      0x00004000         (0, 0, 9)      [8] []
    509     0x00003380       0xFFFFFF80      0x00001000         (0, 0, 6)      [6] []
    510     0x00005C80       0xFFFFFF80      0x00002000         (0, 0, 11)      [7] []
    511     0x00008380       0xFFFFFF80      0x00000400         (0, 0, 0)      [4] []
    512     0x00008700       0xFFFFFF80      0x00020000         (0, 0, 0)      [11] []
    513     0x00017880       0xFFFFFF80      0x00000008         (0, 1, 15)      [] [W]
    514     0x00004E00       0xFFFFFF80      0x00000800         (0, 0, 9)      [5] []
    515     0x00028E00       0xFFFFFF00      0x00000002         (0, 2, 1)      [] [NE]
    516     0x00022580       0xFFFFFF80      0x00020001         (0, 2, 4)      [11] [E]
    517     0x00000200       0xFFFFFF80      0x0063FF80         (0, 0, 0)      [1, 2, 3, 4, 5, 6, 7, 8, 9, 10, 11, 15, 16] []
    518     0x0001A100       0xFFFFFF80      0x00000001         (0, 1, 4)      [] [E]
    519     0x00008A00       0xFFFFFF80      0x00000008         (0, 0, 1)      [] [W]
    520     0x00005D80       0xFFFFFF80      0x00008000         (0, 0, 11)      [9] []
    521     0x0001A180       0xFFFFFF80      0x00000001         (0, 1, 4)      [] [E]
    522     0x00022680       0xFFFFFF80      0x00000001         (0, 2, 4)      [] [E]
    523     0x00003880       0xFFFFFF80      0x00400000         (0, 0, 7)      [16] []
    524     0x00004000       0xFFFFFF80      0x00000400         (0, 0, 8)      [4] []
    525     0x00011A00       0xFFFFFF80      0x00004000         (0, 1, 3)      [8] []
    526     0x0002F700       0xFFFFFF00      0x00000002         (0, 2, 14)      [] [NE]
    527     0x00019600       0xFFFFFF80      0x00000001         (0, 1, 2)      [] [E]
    528     0x00007480       0xFFFFFF80      0x00000080         (0, 0, 14)      [1] []
    529     0x0000BD00       0xFFFFFF80      0x00020000         (0, 0, 7)      [11] []
    530     0x0000A400       0xFFFFFF80      0x00000018         (0, 0, 4)      [] [W, SW]
    531     0x00010E00       0xFFFFFF80      0x00020000         (0, 1, 1)      [11] []
    532     0x00009200       0xFFFFFF80      0x00001000         (0, 0, 2)      [6] []
    533     0x00017980       0xFFFFFF80      0x00000008         (0, 1, 15)      [] [W]
    534     0x00000080       0xFFFFFF80      0x000FFF80         (0, 0, 0)      [1, 2, 3, 4, 5, 6, 7, 8, 9, 10, 11, 12, 13] []
    535     0x0000FC80       0xFFFFFF80      0x00000200         (0, 0, 15)      [3] []
    536     0x00002280       0xFFFFFF80      0x00000008         (0, 0, 4)      [] [W]
    537     0x00001800       0xFFFFFF80      0x00FC0C00         (0, 0, 3)      [4, 5, 12, 13, 14, 15, 16, 17] []
    538     0x00009600       0xFFFFFF80      0x00000008         (0, 0, 2)      [] [W]
    539     0x00008F00       0xFFFFFF80      0x00000008         (0, 0, 1)      [] [W]
    540     0x00001300       0xFFFFFF80      0x00FC0000         (0, 0, 2)      [12, 13, 14, 15, 16, 17] []
    541     0x0000E800       0xFFFFFF80      0x00000018         (0, 0, 13)      [] [W, SW]
    542     0x00000380       0xFFFFFF80      0x0003FF80         (0, 0, 0)      [1, 2, 3, 4, 5, 6, 7, 8, 9, 10, 11] []
    543     0x00006800       0xFFFFFF80      0x00000200         (0, 0, 13)      [3] []
    544     0x00002D80       0xFFFFFF80      0x00000008         (0, 0, 5)      [] [W]
    545     0x00012B00       0xFFFFFF80      0x00000008         (0, 1, 5)      [] [W]
    546     0x0000E500       0xFFFFFF80      0x00010000         (0, 0, 12)      [10] []
    547     0x0000E280       0xFFFFFF80      0x00000800         (0, 0, 12)      [5] []
    548     0x00000D00       0xFFFFFF80      0x0003FF9F         (0, 0, 1)      [1, 2, 3, 4, 5, 6, 7, 8, 9, 10, 11] [E, NE, N, W, SW]
    549     0x00009C80       0xFFFFFF80      0x00000008         (0, 0, 3)      [] [W]
    550     0x0000AB00       0xFFFFFF80      0x00000100         (0, 0, 5)      [2] []
    551     0x00008600       0xFFFFFF80      0x00008000         (0, 0, 0)      [9] []
    552     0x00003900       0xFFFFFF80      0x00800000         (0, 0, 7)      [17] []
