router contains 184 entries 
 
  Index   Key(hex)    Mask(hex)    Route(hex)    Src. Core -> [Cores][Links]
------------------------------------------------------------------------------
    0     0x00036000       0xFFFFFF00      0x00000002         (0, 3, 12)      [] [NE]
    1     0x00020080       0xFFFFFF80      0x00000020         (0, 2, 0)      [] [S]
    2     0x00022280       0xFFFFFF80      0x00000800         (0, 2, 4)      [5] []
    3     0x00012400       0xFFFFFF80      0x00000008         (0, 1, 4)      [] [W]
    4     0x00036400       0xFFFFFF00      0x00000002         (0, 3, 12)      [] [NE]
    5     0x00011700       0xFFFFFF80      0x00000008         (0, 1, 2)      [] [W]
    6     0x00021C80       0xFFFFFF80      0x00000020         (0, 2, 3)      [] [S]
    7     0x00036700       0xFFFFFF00      0x00000002         (0, 3, 12)      [] [NE]
    8     0x00012C00       0xFFFFFF80      0x00000008         (0, 1, 5)      [] [W]
    9     0x00021E00       0xFFFFFF80      0x00000020         (0, 2, 3)      [] [S]
    10     0x00034400       0xFFFFFF00      0x00000002         (0, 3, 8)      [] [NE]
    11     0x0002EC00       0xFFFFFF00      0x00000004         (0, 2, 13)      [] [N]
    12     0x0000D000       0xFFFFFF80      0x00000008         (0, 0, 10)      [] [W]
    13     0x00034500       0xFFFFFF00      0x00000002         (0, 3, 8)      [] [NE]
    14     0x00012000       0xFFFFFF80      0x00000008         (0, 1, 4)      [] [W]
    15     0x0000DB00       0xFFFFFF80      0x00000008         (0, 0, 11)      [] [W]
    16     0x00016C80       0xFFFFFF80      0x00000008         (0, 1, 13)      [] [W]
    17     0x00022580       0xFFFFFF80      0x00020001         (0, 2, 4)      [11] [E]
    18     0x00009800       0xFFFFFF80      0x00000008         (0, 0, 3)      [] [W]
    19     0x00022480       0xFFFFFF80      0x00008001         (0, 2, 4)      [9] [E]
    20     0x0000DC80       0xFFFFFF80      0x00000018         (0, 0, 11)      [] [W, SW]
    21     0x00022180       0xFFFFFF80      0x00000220         (0, 2, 4)      [3] [S]
    22     0x00012280       0xFFFFFF80      0x00000008         (0, 1, 4)      [] [W]
    23     0x00022000       0xFFFFFF80      0x00000020         (0, 2, 4)      [] [S]
    24     0x0002F900       0xFFFFFF00      0x00000004         (0, 2, 15)      [] [N]
    25     0x00024200       0xFFFFFF00      0x00000004         (0, 2, 8)      [] [N]
    26     0x00029100       0xFFFFFF00      0x00000004         (0, 2, 2)      [] [N]
    27     0x00025200       0xFFFFFF00      0x00000004         (0, 2, 10)      [] [N]
    28     0x00008900       0xFFFFFF80      0x00000008         (0, 0, 1)      [] [W]
    29     0x00022380       0xFFFFFF80      0x00002001         (0, 2, 4)      [7] [E]
    30     0x00012380       0xFFFFFF80      0x00000008         (0, 1, 4)      [] [W]
    31     0x00012500       0xFFFFFF80      0x00000008         (0, 1, 4)      [] [W]
    32     0x00036600       0xFFFFFF00      0x00000002         (0, 3, 12)      [] [NE]
    33     0x0001FF00       0xFFFFFF80      0x0003FF80         (0, 1, 15)      [1, 2, 3, 4, 5, 6, 7, 8, 9, 10, 11] []
    34     0x00036100       0xFFFFFF00      0x00000002         (0, 3, 12)      [] [NE]
    35     0x00012200       0xFFFFFF80      0x00000008         (0, 1, 4)      [] [W]
    36     0x0002F200       0xFFFFFF00      0x00000004         (0, 2, 14)      [] [N]
    37     0x0002FA00       0xFFFFFF00      0x00000004         (0, 2, 15)      [] [N]
    38     0x00008B80       0xFFFFFF80      0x00000008         (0, 0, 1)      [] [W]
    39     0x00024400       0xFFFFFF00      0x00000004         (0, 2, 8)      [] [N]
    40     0x00022200       0xFFFFFF80      0x00000400         (0, 2, 4)      [4] []
    41     0x0000CE80       0xFFFFFF80      0x00000008         (0, 0, 9)      [] [W]
    42     0x00012E00       0xFFFFFF80      0x00000008         (0, 1, 5)      [] [W]
    43     0x0000CC80       0xFFFFFF80      0x00000008         (0, 0, 9)      [] [W]
    44     0x00011F00       0xFFFFFF80      0x00000008         (0, 1, 3)      [] [W]
    45     0x00024A00       0xFFFFFF00      0x00000004         (0, 2, 9)      [] [N]
    46     0x0002EB00       0xFFFFFF00      0x00000004         (0, 2, 13)      [] [N]
    47     0x00028A00       0xFFFFFF00      0x00000004         (0, 2, 1)      [] [N]
    48     0x0000CE00       0xFFFFFF80      0x00000008         (0, 0, 9)      [] [W]
    49     0x00021A80       0xFFFFFF80      0x00400000         (0, 2, 3)      [16] []
    50     0x00021D80       0xFFFFFF80      0x00000020         (0, 2, 3)      [] [S]
    51     0x00024600       0xFFFFFF00      0x00000004         (0, 2, 8)      [] [N]
    52     0x00021D00       0xFFFFFF80      0x00000020         (0, 2, 3)      [] [S]
    53     0x00002980       0xFFFFFF80      0x00000010         (0, 0, 5)      [] [SW]
    54     0x0002F600       0xFFFFFF00      0x00000004         (0, 2, 14)      [] [N]
    55     0x0002EA00       0xFFFFFF00      0x00000004         (0, 2, 13)      [] [N]
    56     0x00021A00       0xFFFFFF80      0x00200000         (0, 2, 3)      [15] []
    57     0x00012100       0xFFFFFF80      0x00000008         (0, 1, 4)      [] [W]
    58     0x00036200       0xFFFFFF00      0x00000002         (0, 3, 12)      [] [NE]
    59     0x00024700       0xFFFFFF00      0x00000004         (0, 2, 8)      [] [N]
    60     0x00024500       0xFFFFFF00      0x00000004         (0, 2, 8)      [] [N]
    61     0x0000DD80       0xFFFFFF80      0x00000018         (0, 0, 11)      [] [W, SW]
    62     0x00022600       0xFFFFFF80      0x00000001         (0, 2, 4)      [] [E]
    63     0x0000DA80       0xFFFFFF80      0x00000008         (0, 0, 11)      [] [W]
    64     0x00029500       0xFFFFFF00      0x00000004         (0, 2, 2)      [] [N]
    65     0x00024800       0xFFFFFF00      0x00000004         (0, 2, 9)      [] [N]
    66     0x00012080       0xFFFFFF80      0x00000008         (0, 1, 4)      [] [W]
    67     0x00011D80       0xFFFFFF80      0x00000008         (0, 1, 3)      [] [W]
    68     0x00034100       0xFFFFFF00      0x00000002         (0, 3, 8)      [] [NE]
    69     0x00002700       0xFFFFFF80      0x00000010         (0, 0, 4)      [] [SW]
    70     0x00024900       0xFFFFFF00      0x00000004         (0, 2, 9)      [] [N]
    71     0x00011F80       0xFFFFFF80      0x00000008         (0, 1, 3)      [] [W]
    72     0x0002ED00       0xFFFFFF00      0x00000004         (0, 2, 13)      [] [N]
    73     0x00025100       0xFFFFFF00      0x00000004         (0, 2, 10)      [] [N]
    74     0x00012B00       0xFFFFFF80      0x00000008         (0, 1, 5)      [] [W]
    75     0x00009900       0xFFFFFF80      0x00000018         (0, 0, 3)      [] [W, SW]
    76     0x00022400       0xFFFFFF80      0x00004001         (0, 2, 4)      [8] [E]
    77     0x00011780       0xFFFFFF80      0x00000008         (0, 1, 2)      [] [W]
    78     0x00012580       0xFFFFFF80      0x00000008         (0, 1, 4)      [] [W]
    79     0x00024B00       0xFFFFFF00      0x00000004         (0, 2, 9)      [] [N]
    80     0x00011600       0xFFFFFF80      0x00000008         (0, 1, 2)      [] [W]
    81     0x0002F800       0xFFFFFF00      0x00000004         (0, 2, 15)      [] [N]
    82     0x00009700       0xFFFFFF80      0x00000008         (0, 0, 2)      [] [W]
    83     0x00025000       0xFFFFFF00      0x00000004         (0, 2, 10)      [] [N]
    84     0x0001FF80       0xFFFFFF80      0x00FC0000         (0, 1, 15)      [12, 13, 14, 15, 16, 17] []
    85     0x00028800       0xFFFFFF00      0x00000004         (0, 2, 1)      [] [N]
    86     0x0000DD00       0xFFFFFF80      0x00000018         (0, 0, 11)      [] [W, SW]
    87     0x00021B80       0xFFFFFF80      0x00000020         (0, 2, 3)      [] [S]
    88     0x0000DE80       0xFFFFFF80      0x00000018         (0, 0, 11)      [] [W, SW]
    89     0x00008A00       0xFFFFFF80      0x00000008         (0, 0, 1)      [] [W]
    90     0x0002EE00       0xFFFFFF00      0x00000004         (0, 2, 13)      [] [N]
    91     0x00002900       0xFFFFFF80      0x00000010         (0, 0, 5)      [] [SW]
    92     0x00024D00       0xFFFFFF00      0x00000004         (0, 2, 9)      [] [N]
    93     0x00012C80       0xFFFFFF80      0x00000008         (0, 1, 5)      [] [W]
    94     0x00024F00       0xFFFFFF00      0x00000004         (0, 2, 9)      [] [N]
    95     0x0002F700       0xFFFFFF00      0x00000004         (0, 2, 14)      [] [N]
    96     0x00002880       0xFFFFFF80      0x00000010         (0, 0, 5)      [] [SW]
    97     0x00009980       0xFFFFFF80      0x00000018         (0, 0, 3)      [] [W, SW]
    98     0x00008980       0xFFFFFF80      0x00000008         (0, 0, 1)      [] [W]
    99     0x00024E00       0xFFFFFF00      0x00000004         (0, 2, 9)      [] [N]
    100     0x00009880       0xFFFFFF80      0x00000018         (0, 0, 3)      [] [W, SW]
    101     0x0002F400       0xFFFFFF00      0x00000004         (0, 2, 14)      [] [N]
    102     0x00022680       0xFFFFFF80      0x00000001         (0, 2, 4)      [] [E]
    103     0x00033E00       0xFFFFFF00      0x00000002         (0, 3, 7)      [] [NE]
    104     0x0000DA00       0xFFFFFF80      0x00000008         (0, 0, 11)      [] [W]
    105     0x0000CD00       0xFFFFFF80      0x00000008         (0, 0, 9)      [] [W]
    106     0x0000D080       0xFFFFFF80      0x00000008         (0, 0, 10)      [] [W]
    107     0x00022500       0xFFFFFF80      0x00010001         (0, 2, 4)      [10] [E]
    108     0x00021C00       0xFFFFFF80      0x00000020         (0, 2, 3)      [] [S]
    109     0x00016C00       0xFFFFFF80      0x00000008         (0, 1, 13)      [] [W]
    110     0x00016D00       0xFFFFFF80      0x00000008         (0, 1, 13)      [] [W]
    111     0x0000D100       0xFFFFFF80      0x00000008         (0, 0, 10)      [] [W]
    112     0x00033F00       0xFFFFFF00      0x00000002         (0, 3, 7)      [] [NE]
    113     0x00002780       0xFFFFFF80      0x00000010         (0, 0, 4)      [] [SW]
    114     0x00024C00       0xFFFFFF00      0x00000004         (0, 2, 9)      [] [N]
    115     0x00034000       0xFFFFFF00      0x00000002         (0, 3, 8)      [] [NE]
    116     0x0000CF80       0xFFFFFF80      0x00000008         (0, 0, 9)      [] [W]
    117     0x00028700       0xFFFFFF00      0x00000004         (0, 2, 0)      [] [N]
    118     0x00028C00       0xFFFFFF00      0x00000004         (0, 2, 1)      [] [N]
    119     0x00011E00       0xFFFFFF80      0x00000008         (0, 1, 3)      [] [W]
    120     0x00021B00       0xFFFFFF80      0x00800020         (0, 2, 3)      [17] [S]
    121     0x00016E80       0xFFFFFF80      0x00000008         (0, 1, 13)      [] [W]
    122     0x00021980       0xFFFFFF80      0x00100000         (0, 2, 3)      [14] []
    123     0x0002EF00       0xFFFFFF00      0x00000004         (0, 2, 13)      [] [N]
    124     0x00009680       0xFFFFFF80      0x00000008         (0, 0, 2)      [] [W]
    125     0x00012D80       0xFFFFFF80      0x00000008         (0, 1, 5)      [] [W]
    126     0x0000DE00       0xFFFFFF80      0x00000018         (0, 0, 11)      [] [W, SW]
    127     0x00012180       0xFFFFFF80      0x00000008         (0, 1, 4)      [] [W]
    128     0x00021F00       0xFFFFFF80      0x00000020         (0, 2, 3)      [] [S]
    129     0x00036300       0xFFFFFF00      0x00000002         (0, 3, 12)      [] [NE]
    130     0x00008B00       0xFFFFFF80      0x00000008         (0, 0, 1)      [] [W]
    131     0x0000DC00       0xFFFFFF80      0x00000018         (0, 0, 11)      [] [W, SW]
    132     0x00009780       0xFFFFFF80      0x00000008         (0, 0, 2)      [] [W]
    133     0x00028E00       0xFFFFFF00      0x00000004         (0, 2, 1)      [] [N]
    134     0x00011680       0xFFFFFF80      0x00000008         (0, 1, 2)      [] [W]
    135     0x00027400       0xFFFFFF00      0x00000002         (0, 2, 14)      [] [NE]
    136     0x00005300       0xFFFFFF80      0x00000008         (0, 0, 10)      [] [W]
    137     0x0000DF80       0xFFFFFF80      0x00000018         (0, 0, 11)      [] [W, SW]
    138     0x00016E00       0xFFFFFF80      0x00000008         (0, 1, 13)      [] [W]
    139     0x0002F500       0xFFFFFF00      0x00000004         (0, 2, 14)      [] [N]
    140     0x00028F00       0xFFFFFF00      0x00000004         (0, 2, 1)      [] [N]
    141     0x00017000       0xFFFFFF80      0x00000008         (0, 1, 14)      [] [W]
    142     0x00016B80       0xFFFFFF80      0x00000008         (0, 1, 13)      [] [W]
    143     0x00008A80       0xFFFFFF80      0x00000008         (0, 0, 1)      [] [W]
    144     0x0000DB80       0xFFFFFF80      0x00000008         (0, 0, 11)      [] [W]
    145     0x00021E80       0xFFFFFF80      0x00000020         (0, 2, 3)      [] [S]
    146     0x00024300       0xFFFFFF00      0x00000004         (0, 2, 8)      [] [N]
    147     0x0000CF00       0xFFFFFF80      0x00000008         (0, 0, 9)      [] [W]
    148     0x00016F80       0xFFFFFF80      0x00000008         (0, 1, 13)      [] [W]
    149     0x00005380       0xFFFFFF80      0x00000008         (0, 0, 10)      [] [W]
    150     0x00028900       0xFFFFFF00      0x00000004         (0, 2, 1)      [] [N]
    151     0x00034200       0xFFFFFF00      0x00000002         (0, 3, 8)      [] [NE]
    152     0x00012480       0xFFFFFF80      0x00000008         (0, 1, 4)      [] [W]
    153     0x00033D00       0xFFFFFF00      0x00000002         (0, 3, 7)      [] [NE]
    154     0x00029000       0xFFFFFF00      0x00000004         (0, 2, 2)      [] [N]
    155     0x00017180       0xFFFFFF80      0x00000008         (0, 1, 14)      [] [W]
    156     0x0000DF00       0xFFFFFF80      0x00000018         (0, 0, 11)      [] [W, SW]
    157     0x00002800       0xFFFFFF80      0x00000010         (0, 0, 5)      [] [SW]
    158     0x00022080       0xFFFFFF80      0x000000A0         (0, 2, 4)      [1] [S]
    159     0x00034300       0xFFFFFF00      0x00000002         (0, 3, 8)      [] [NE]
    160     0x0002F100       0xFFFFFF00      0x00000004         (0, 2, 14)      [] [N]
    161     0x00021900       0xFFFFFF80      0x00080000         (0, 2, 3)      [13] []
    162     0x00021880       0xFFFFFF80      0x00040000         (0, 2, 3)      [12] []
    163     0x00021F80       0xFFFFFF80      0x00000020         (0, 2, 3)      [] [S]
    164     0x0000CD80       0xFFFFFF80      0x00000008         (0, 0, 9)      [] [W]
    165     0x00012D00       0xFFFFFF80      0x00000008         (0, 1, 5)      [] [W]
    166     0x00029200       0xFFFFFF00      0x00000004         (0, 2, 2)      [] [N]
    167     0x0000D180       0xFFFFFF80      0x00000008         (0, 0, 10)      [] [W]
    168     0x00011E80       0xFFFFFF80      0x00000008         (0, 1, 3)      [] [W]
    169     0x00036500       0xFFFFFF00      0x00000002         (0, 3, 12)      [] [NE]
    170     0x00022300       0xFFFFFF80      0x00001000         (0, 2, 4)      [6] []
    171     0x00035F00       0xFFFFFF00      0x00000002         (0, 3, 11)      [] [NE]
    172     0x00016D80       0xFFFFFF80      0x00000008         (0, 1, 13)      [] [W]
    173     0x00029300       0xFFFFFF00      0x00000004         (0, 2, 2)      [] [N]
    174     0x00022100       0xFFFFFF80      0x00000120         (0, 2, 4)      [2] [S]
    175     0x00016F00       0xFFFFFF80      0x00000008         (0, 1, 13)      [] [W]
    176     0x00028B00       0xFFFFFF00      0x00000004         (0, 2, 1)      [] [N]
    177     0x00012B80       0xFFFFFF80      0x00000008         (0, 1, 5)      [] [W]
    178     0x00012300       0xFFFFFF80      0x00000008         (0, 1, 4)      [] [W]
    179     0x00028600       0xFFFFFF00      0x00000004         (0, 2, 0)      [] [N]
    180     0x0002F300       0xFFFFFF00      0x00000004         (0, 2, 14)      [] [N]
    181     0x0002F000       0xFFFFFF00      0x00000004         (0, 2, 14)      [] [N]
    182     0x00029400       0xFFFFFF00      0x00000004         (0, 2, 2)      [] [N]
    183     0x00028D00       0xFFFFFF00      0x00000004         (0, 2, 1)      [] [N]
