router contains 442 entries 
 
  Index   Key(hex)    Mask(hex)    Route(hex)    Src. Core -> [Cores][Links]
------------------------------------------------------------------------------
    0     0x00017C80       0xFFFFFF80      0x00010002         (0, 1, 15)      [10] [NE]
    1     0x00016100       0xFFFFFF80      0x00000002         (0, 1, 12)      [] [NE]
    2     0x0001EC00       0xFFFFFF80      0x00601006         (0, 1, 13)      [16, 6, 15] [NE, N]
    3     0x0001C900       0xFFFFFF80      0x00200800         (0, 1, 9)      [5, 15] []
    4     0x0001F580       0xFFFFFF80      0x00100406         (0, 1, 14)      [4, 14] [NE, N]
    5     0x0001A800       0xFFFFFF80      0x00200810         (0, 1, 5)      [5, 15] [SW]
    6     0x0000EC00       0xFFFFFF80      0x00004000         (0, 0, 13)      [8] []
    7     0x00020D00       0xFFFFFF80      0x00000010         (0, 2, 1)      [] [SW]
    8     0x00016400       0xFFFFFF80      0x00004002         (0, 1, 12)      [8] [NE]
    9     0x00017D00       0xFFFFFF80      0x00020082         (0, 1, 15)      [1, 11] [NE]
    10     0x0001E100       0xFFFFFF80      0x00183FB7         (0, 1, 12)      [1, 2, 3, 4, 5, 6, 7, 13, 14] [E, NE, N, SW, S]
    11     0x00013B00       0xFFFFFF80      0x00000002         (0, 1, 7)      [] [NE]
    12     0x0001F980       0xFFFFFF80      0x00802000         (0, 1, 15)      [17, 7] []
    13     0x00022C80       0xFFFFFF80      0x00008002         (0, 2, 5)      [9] [NE]
    14     0x00021400       0xFFFFFF80      0x00000020         (0, 2, 2)      [] [S]
    15     0x00032900       0xFFFFFF00      0x00000002         (0, 3, 5)      [] [NE]
    16     0x00011180       0xFFFFFF80      0x00000002         (0, 1, 2)      [] [NE]
    17     0x00014700       0xFFFFFF80      0x00000002         (0, 1, 8)      [] [NE]
    18     0x00016480       0xFFFFFF80      0x00008002         (0, 1, 12)      [9] [NE]
    19     0x0001DC00       0xFFFFFF80      0x00100C30         (0, 1, 11)      [4, 5, 14] [SW, S]
    20     0x0001C280       0xFFFFFF80      0x00802000         (0, 1, 8)      [17, 7] []
    21     0x0001ED80       0xFFFFFF80      0x00020086         (0, 1, 13)      [1, 11] [NE, N]
    22     0x00022A80       0xFFFFFF80      0x00000003         (0, 2, 5)      [] [E, NE]
    23     0x00016800       0xFFFFFF80      0x00401002         (0, 1, 13)      [16, 6] [NE]
    24     0x00014A00       0xFFFFFF80      0x00000001         (0, 1, 9)      [] [E]
    25     0x0001E000       0xFFFFFF80      0x00063FB7         (0, 1, 12)      [1, 2, 3, 4, 5, 6, 7, 11, 12] [E, NE, N, SW, S]
    26     0x00013200       0xFFFFFF80      0x00080202         (0, 1, 6)      [3, 13] [NE]
    27     0x00022C00       0xFFFFFF80      0x00004002         (0, 2, 5)      [8] [NE]
    28     0x0005FA00       0xFFFFFF00      0x00010000         (0, 5, 15)      [10] []
    29     0x00010780       0xFFFFFF80      0x00008000         (0, 1, 0)      [9] []
    30     0x0001B700       0xFFFFFF80      0x00010000         (0, 1, 6)      [10] []
    31     0x0001B180       0xFFFFFF80      0x00401010         (0, 1, 6)      [16, 6] [SW]
    32     0x00018900       0xFFFFFF80      0x00080203         (0, 1, 1)      [3, 13] [E, NE]
    33     0x0000D180       0xFFFFFF80      0x00008020         (0, 0, 10)      [9] [S]
    34     0x0001EF80       0xFFFFFF80      0x00200806         (0, 1, 13)      [5, 15] [NE, N]
    35     0x00016280       0xFFFFFF80      0x00000002         (0, 1, 12)      [] [NE]
    36     0x0001C100       0xFFFFFF80      0x00100400         (0, 1, 8)      [4, 14] []
    37     0x00011400       0xFFFFFF80      0x00000002         (0, 1, 2)      [] [NE]
    38     0x00017300       0xFFFFFF80      0x00100400         (0, 1, 14)      [4, 14] []
    39     0x00019200       0xFFFFFF80      0x00010001         (0, 1, 2)      [10] [E]
    40     0x00014900       0xFFFFFF80      0x00000001         (0, 1, 9)      [] [E]
    41     0x00013000       0xFFFFFF80      0x00008002         (0, 1, 6)      [9] [NE]
    42     0x00022F80       0xFFFFFF80      0x00200802         (0, 2, 5)      [5, 15] [NE]
    43     0x0005FC00       0xFFFFFF00      0x00040000         (0, 5, 15)      [12] []
    44     0x00012200       0xFFFFFF80      0x00004000         (0, 1, 4)      [8] []
    45     0x0001F380       0xFFFFFF80      0x00401006         (0, 1, 14)      [16, 6] [NE, N]
    46     0x00018A80       0xFFFFFF80      0x00401003         (0, 1, 1)      [16, 6] [E, NE]
    47     0x00022500       0xFFFFFF80      0x00000003         (0, 2, 4)      [] [E, NE]
    48     0x0001AD80       0xFFFFFF80      0x00004010         (0, 1, 5)      [8] [SW]
    49     0x00021300       0xFFFFFF80      0x00FFC000         (0, 2, 2)      [8, 9, 10, 11, 12, 13, 14, 15, 16, 17] []
    50     0x00022B80       0xFFFFFF80      0x00000003         (0, 2, 5)      [] [E, NE]
    51     0x00021500       0xFFFFFF80      0x00000020         (0, 2, 2)      [] [S]
    52     0x00033000       0xFFFFFF00      0x00000004         (0, 3, 6)      [] [N]
    53     0x00023000       0xFFFFFF80      0x00401002         (0, 2, 6)      [16, 6] [NE]
    54     0x00022400       0xFFFFFF80      0x00000003         (0, 2, 4)      [] [E, NE]
    55     0x0001BA80       0xFFFFFF80      0x00802000         (0, 1, 7)      [17, 7] []
    56     0x0001B300       0xFFFFFF80      0x00000010         (0, 1, 6)      [] [SW]
    57     0x0001D800       0xFFFFFF80      0x00000030         (0, 1, 11)      [] [SW, S]
    58     0x0001B980       0xFFFFFF80      0x00200800         (0, 1, 7)      [5, 15] []
    59     0x00015B00       0xFFFFFF80      0x00200802         (0, 1, 11)      [5, 15] [NE]
    60     0x00019C00       0xFFFFFF80      0x00010000         (0, 1, 3)      [10] []
    61     0x00018D80       0xFFFFFF80      0x00000001         (0, 1, 1)      [] [E]
    62     0x00022800       0xFFFFFF80      0x00000003         (0, 2, 5)      [] [E, NE]
    63     0x0001EE00       0xFFFFFF80      0x00040106         (0, 1, 13)      [2, 12] [NE, N]
    64     0x00013F80       0xFFFFFF80      0x00080202         (0, 1, 7)      [3, 13] [NE]
    65     0x0001F800       0xFFFFFF80      0x00100406         (0, 1, 15)      [4, 14] [NE, N]
    66     0x00017180       0xFFFFFF80      0x000200A0         (0, 1, 14)      [1, 11] [S]
    67     0x00015B80       0xFFFFFF80      0x00401002         (0, 1, 11)      [16, 6] [NE]
    68     0x00033200       0xFFFFFF00      0x00000004         (0, 3, 6)      [] [N]
    69     0x00019000       0xFFFFFF80      0x00000001         (0, 1, 2)      [] [E]
    70     0x00032A00       0xFFFFFF00      0x00000002         (0, 3, 5)      [] [NE]
    71     0x00018580       0xFFFFFF80      0x00000003         (0, 1, 0)      [] [E, NE]
    72     0x00022580       0xFFFFFF80      0x00000003         (0, 2, 4)      [] [E, NE]
    73     0x00015880       0xFFFFFF80      0x00010002         (0, 1, 11)      [10] [NE]
    74     0x00033300       0xFFFFFF00      0x00000004         (0, 3, 6)      [] [N]
    75     0x0001D880       0xFFFFFF80      0x00000030         (0, 1, 11)      [] [SW, S]
    76     0x0001C680       0xFFFFFF80      0x00010000         (0, 1, 8)      [10] []
    77     0x0001D000       0xFFFFFF80      0x00200810         (0, 1, 10)      [5, 15] [SW]
    78     0x0001E480       0xFFFFFF80      0x00FFC037         (0, 1, 12)      [8, 9, 10, 11, 12, 13, 14, 15, 16, 17] [E, NE, N, SW, S]
    79     0x00018B00       0xFFFFFF80      0x00802003         (0, 1, 1)      [17, 7] [E, NE]
    80     0x00020A00       0xFFFFFF80      0x00000020         (0, 2, 1)      [] [S]
    81     0x00033400       0xFFFFFF00      0x00000004         (0, 3, 6)      [] [N]
    82     0x00020880       0xFFFFFF80      0x00000010         (0, 2, 1)      [] [SW]
    83     0x0001F200       0xFFFFFF80      0x00080206         (0, 1, 14)      [3, 13] [NE, N]
    84     0x00018680       0xFFFFFF80      0x00004003         (0, 1, 0)      [8] [E, NE]
    85     0x0001C780       0xFFFFFF80      0x00040100         (0, 1, 8)      [2, 12] []
    86     0x0001A680       0xFFFFFF80      0x00040110         (0, 1, 4)      [2, 12] [SW]
    87     0x0001F680       0xFFFFFF80      0x00401006         (0, 1, 14)      [16, 6] [NE, N]
    88     0x00017200       0xFFFFFF80      0x00040100         (0, 1, 14)      [2, 12] []
    89     0x00021D00       0xFFFFFF80      0x00000021         (0, 2, 3)      [] [E, S]
    90     0x00020900       0xFFFFFF80      0x00000010         (0, 2, 1)      [] [SW]
    91     0x00011100       0xFFFFFF80      0x00000002         (0, 1, 2)      [] [NE]
    92     0x00013B80       0xFFFFFF80      0x00000002         (0, 1, 7)      [] [NE]
    93     0x00019300       0xFFFFFF80      0x00040101         (0, 1, 2)      [2, 12] [E]
    94     0x00022600       0xFFFFFF80      0x00000003         (0, 2, 4)      [] [E, NE]
    95     0x0001EA00       0xFFFFFF80      0x00060106         (0, 1, 13)      [2, 11, 12] [NE, N]
    96     0x0001FD80       0xFFFFFF80      0x00401000         (0, 1, 15)      [16, 6] []
    97     0x0001EB00       0xFFFFFF80      0x00180406         (0, 1, 13)      [4, 13, 14] [NE, N]
    98     0x0001F480       0xFFFFFF80      0x00040106         (0, 1, 14)      [2, 12] [NE, N]
    99     0x00014C80       0xFFFFFF80      0x00040101         (0, 1, 9)      [2, 12] [E]
    100     0x00033100       0xFFFFFF00      0x00000004         (0, 3, 6)      [] [N]
    101     0x0001C180       0xFFFFFF80      0x00200800         (0, 1, 8)      [5, 15] []
    102     0x00011680       0xFFFFFF80      0x00040120         (0, 1, 2)      [2, 12] [S]
    103     0x0001CF80       0xFFFFFF80      0x00100410         (0, 1, 9)      [4, 14] [SW]
    104     0x0001BE00       0xFFFFFF80      0x00004000         (0, 1, 7)      [8] []
    105     0x00022900       0xFFFFFF80      0x00000003         (0, 2, 5)      [] [E, NE]
    106     0x00012500       0xFFFFFF80      0x00100400         (0, 1, 4)      [4, 14] []
    107     0x0001E280       0xFFFFFF80      0x00C03FB7         (0, 1, 12)      [1, 2, 3, 4, 5, 6, 7, 16, 17] [E, NE, N, SW, S]
    108     0x00014080       0xFFFFFF80      0x00200802         (0, 1, 8)      [5, 15] [NE]
    109     0x00019500       0xFFFFFF80      0x00401000         (0, 1, 2)      [16, 6] []
    110     0x0001A500       0xFFFFFF80      0x00008010         (0, 1, 4)      [9] [SW]
    111     0x0001CD80       0xFFFFFF80      0x00010000         (0, 1, 9)      [10] []
    112     0x00016380       0xFFFFFF80      0x00000002         (0, 1, 12)      [] [NE]
    113     0x00014D80       0xFFFFFF80      0x00100401         (0, 1, 9)      [4, 14] [E]
    114     0x00011500       0xFFFFFF80      0x00008020         (0, 1, 2)      [9] [S]
    115     0x00011080       0xFFFFFF80      0x00000002         (0, 1, 2)      [] [NE]
    116     0x00013E80       0xFFFFFF80      0x00020082         (0, 1, 7)      [1, 11] [NE]
    117     0x0001E580       0xFFFFFF80      0x00FFC1B7         (0, 1, 12)      [1, 2, 8, 9, 10, 11, 12, 13, 14, 15, 16, 17] [E, NE, N, SW, S]
    118     0x0001E900       0xFFFFFF80      0x00018006         (0, 1, 13)      [9, 10] [NE, N]
    119     0x0001B480       0xFFFFFF80      0x00000010         (0, 1, 6)      [] [SW]
    120     0x00015780       0xFFFFFF80      0x00004000         (0, 1, 10)      [8] []
    121     0x0001B600       0xFFFFFF80      0x00004000         (0, 1, 6)      [8] []
    122     0x0000DF80       0xFFFFFF80      0x00010000         (0, 0, 11)      [10] []
    123     0x00013C80       0xFFFFFF80      0x00000002         (0, 1, 7)      [] [NE]
    124     0x0001A480       0xFFFFFF80      0x00004000         (0, 1, 4)      [8] []
    125     0x00011780       0xFFFFFF80      0x00100420         (0, 1, 2)      [4, 14] [S]
    126     0x0001EB80       0xFFFFFF80      0x00300806         (0, 1, 13)      [5, 14, 15] [NE, N]
    127     0x00018800       0xFFFFFF80      0x00020083         (0, 1, 1)      [1, 11] [E, NE]
    128     0x0005F700       0xFFFFFF00      0x00002000         (0, 5, 14)      [7] []
    129     0x00019B80       0xFFFFFF80      0x00008000         (0, 1, 3)      [9] []
    130     0x00032D00       0xFFFFFF00      0x00000004         (0, 3, 5)      [] [N]
    131     0x0000ED80       0xFFFFFF80      0x00020080         (0, 0, 13)      [1, 11] []
    132     0x00019D00       0xFFFFFF80      0x00040100         (0, 1, 3)      [2, 12] []
    133     0x00022680       0xFFFFFF80      0x00000003         (0, 2, 4)      [] [E, NE]
    134     0x0005F800       0xFFFFFF00      0x00004000         (0, 5, 15)      [8] []
    135     0x00022D00       0xFFFFFF80      0x00010002         (0, 2, 5)      [10] [NE]
    136     0x0001D600       0xFFFFFF80      0x00100410         (0, 1, 10)      [4, 14] [SW]
    137     0x0001E800       0xFFFFFF80      0x00FFF037         (0, 1, 13)      [6, 7, 8, 9, 10, 11, 12, 13, 14, 15, 16, 17] [E, NE, N, SW, S]
    138     0x00019E00       0xFFFFFF80      0x00100400         (0, 1, 3)      [4, 14] []
    139     0x00010900       0xFFFFFF80      0x00040100         (0, 1, 1)      [2, 12] []
    140     0x00018300       0xFFFFFF80      0x00000003         (0, 1, 0)      [] [E, NE]
    141     0x00032E00       0xFFFFFF00      0x00000004         (0, 3, 5)      [] [N]
    142     0x0001A880       0xFFFFFF80      0x00401010         (0, 1, 5)      [16, 6] [SW]
    143     0x00021480       0xFFFFFF80      0x00000020         (0, 2, 2)      [] [S]
    144     0x0001DC80       0xFFFFFF80      0x00201830         (0, 1, 11)      [5, 6, 15] [SW, S]
    145     0x0001C880       0xFFFFFF80      0x00100400         (0, 1, 9)      [4, 14] []
    146     0x00019F80       0xFFFFFF80      0x00802000         (0, 1, 3)      [17, 7] []
    147     0x0001ED00       0xFFFFFF80      0x00010006         (0, 1, 13)      [10] [NE, N]
    148     0x0000D100       0xFFFFFF80      0x00004000         (0, 0, 10)      [8] []
    149     0x00022F00       0xFFFFFF80      0x00100402         (0, 2, 5)      [4, 14] [NE]
    150     0x00032F00       0xFFFFFF00      0x00000004         (0, 3, 5)      [] [N]
    151     0x00014980       0xFFFFFF80      0x00000001         (0, 1, 9)      [] [E]
    152     0x00019C80       0xFFFFFF80      0x00020080         (0, 1, 3)      [1, 11] []
    153     0x0001F780       0xFFFFFF80      0x00080206         (0, 1, 14)      [3, 13] [NE, N]
    154     0x0001D080       0xFFFFFF80      0x00401010         (0, 1, 10)      [16, 6] [SW]
    155     0x00020B00       0xFFFFFF80      0x00000030         (0, 2, 1)      [] [SW, S]
    156     0x00011580       0xFFFFFF80      0x00010020         (0, 1, 2)      [10] [S]
    157     0x0000EC80       0xFFFFFF80      0x00008000         (0, 0, 13)      [9] []
    158     0x00019400       0xFFFFFF80      0x00100400         (0, 1, 2)      [4, 14] []
    159     0x0001C600       0xFFFFFF80      0x00008000         (0, 1, 8)      [9] []
    160     0x00014B80       0xFFFFFF80      0x00010001         (0, 1, 9)      [10] [E]
    161     0x00022980       0xFFFFFF80      0x00000003         (0, 2, 5)      [] [E, NE]
    162     0x0005FD00       0xFFFFFF00      0x00080000         (0, 5, 15)      [13] []
    163     0x00022280       0xFFFFFF80      0x00000001         (0, 2, 4)      [] [E]
    164     0x00022E00       0xFFFFFF80      0x00040102         (0, 2, 5)      [2, 12] [NE]
    165     0x0001FA80       0xFFFFFF80      0x00200800         (0, 1, 15)      [5, 15] []
    166     0x00012E80       0xFFFFFF80      0x00000002         (0, 1, 5)      [] [NE]
    167     0x00015900       0xFFFFFF80      0x00020082         (0, 1, 11)      [1, 11] [NE]
    168     0x00021C80       0xFFFFFF80      0x00000021         (0, 2, 3)      [] [E, S]
    169     0x0005F200       0xFFFFFF00      0x00000100         (0, 5, 14)      [2] []
    170     0x00015A00       0xFFFFFF80      0x00080202         (0, 1, 11)      [3, 13] [NE]
    171     0x00019580       0xFFFFFF80      0x00802000         (0, 1, 2)      [17, 7] []
    172     0x0001DB80       0xFFFFFF80      0x00080630         (0, 1, 11)      [3, 4, 13] [SW, S]
    173     0x0000DF00       0xFFFFFF80      0x00008000         (0, 0, 11)      [9] []
    174     0x0001BF00       0xFFFFFF80      0x00010000         (0, 1, 7)      [10] []
    175     0x0001DE80       0xFFFFFF80      0x0000FFB0         (0, 1, 11)      [1, 2, 3, 4, 5, 6, 7, 8, 9] [SW, S]
    176     0x0000FB00       0xFFFFFF80      0x00020080         (0, 0, 15)      [1, 11] []
    177     0x00018380       0xFFFFFF80      0x00000003         (0, 1, 0)      [] [E, NE]
    178     0x0001F100       0xFFFFFF80      0x00020086         (0, 1, 14)      [1, 11] [NE, N]
    179     0x00022080       0xFFFFFF80      0x00000001         (0, 2, 4)      [] [E]
    180     0x00014100       0xFFFFFF80      0x00401002         (0, 1, 8)      [16, 6] [NE]
    181     0x0001B900       0xFFFFFF80      0x00100400         (0, 1, 7)      [4, 14] []
    182     0x00018480       0xFFFFFF80      0x00000003         (0, 1, 0)      [] [E, NE]
    183     0x00013100       0xFFFFFF80      0x00020082         (0, 1, 6)      [1, 11] [NE]
    184     0x00016580       0xFFFFFF80      0x00020082         (0, 1, 12)      [1, 11] [NE]
    185     0x0001B280       0xFFFFFF80      0x00000010         (0, 1, 6)      [] [SW]
    186     0x00012300       0xFFFFFF80      0x00010000         (0, 1, 4)      [10] []
    187     0x0001F080       0xFFFFFF80      0x00802006         (0, 1, 14)      [17, 7] [NE, N]
    188     0x00016700       0xFFFFFF80      0x00100402         (0, 1, 12)      [4, 14] [NE]
    189     0x0005FB00       0xFFFFFF00      0x00020000         (0, 5, 15)      [11] []
    190     0x00022180       0xFFFFFF80      0x00000001         (0, 2, 4)      [] [E]
    191     0x0001F400       0xFFFFFF80      0x00802006         (0, 1, 14)      [17, 7] [NE, N]
    192     0x00018F80       0xFFFFFF80      0x00000001         (0, 1, 1)      [] [E]
    193     0x00018000       0xFFFFFF80      0x00802002         (0, 1, 0)      [17, 7] [NE]
    194     0x00017B80       0xFFFFFF80      0x00004002         (0, 1, 15)      [8] [NE]
    195     0x0001C980       0xFFFFFF80      0x00401000         (0, 1, 9)      [16, 6] []
    196     0x00013380       0xFFFFFF80      0x00401002         (0, 1, 6)      [16, 6] [NE]
    197     0x00021F00       0xFFFFFF80      0x00000021         (0, 2, 3)      [] [E, S]
    198     0x0001A600       0xFFFFFF80      0x00020090         (0, 1, 4)      [1, 11] [SW]
    199     0x0001D300       0xFFFFFF80      0x00004010         (0, 1, 10)      [8] [SW]
    200     0x0001F280       0xFFFFFF80      0x00100406         (0, 1, 14)      [4, 14] [NE, N]
    201     0x00014A80       0xFFFFFF80      0x00004001         (0, 1, 9)      [8] [E]
    202     0x0001D180       0xFFFFFF80      0x00000010         (0, 1, 10)      [] [SW]
    203     0x00019F00       0xFFFFFF80      0x00401000         (0, 1, 3)      [16, 6] []
    204     0x0001E780       0xFFFFFF80      0x00FFD837         (0, 1, 12)      [5, 6, 8, 9, 10, 11, 12, 13, 14, 15, 16, 17] [E, NE, N, SW, S]
    205     0x0001F700       0xFFFFFF80      0x00802006         (0, 1, 14)      [17, 7] [NE, N]
    206     0x0001F000       0xFFFFFF80      0x00401006         (0, 1, 14)      [16, 6] [NE, N]
    207     0x00021E80       0xFFFFFF80      0x00000021         (0, 2, 3)      [] [E, S]
    208     0x00014C00       0xFFFFFF80      0x00020081         (0, 1, 9)      [1, 11] [E]
    209     0x00022B00       0xFFFFFF80      0x00000003         (0, 2, 5)      [] [E, NE]
    210     0x00019100       0xFFFFFF80      0x00004001         (0, 1, 2)      [8] [E]
    211     0x0001D780       0xFFFFFF80      0x00802010         (0, 1, 10)      [17, 7] [SW]
    212     0x0001E080       0xFFFFFF80      0x000C3FB7         (0, 1, 12)      [1, 2, 3, 4, 5, 6, 7, 12, 13] [E, NE, N, SW, S]
    213     0x0005FE00       0xFFFFFF00      0x00100000         (0, 5, 15)      [14] []
    214     0x00021C00       0xFFFFFF80      0x00000001         (0, 2, 3)      [] [E]
    215     0x00013180       0xFFFFFF80      0x00040102         (0, 1, 6)      [2, 12] [NE]
    216     0x00011300       0xFFFFFF80      0x00000002         (0, 1, 2)      [] [NE]
    217     0x00012400       0xFFFFFF80      0x00040100         (0, 1, 4)      [2, 12] []
    218     0x0001EA80       0xFFFFFF80      0x000C0206         (0, 1, 13)      [3, 12, 13] [NE, N]
    219     0x00014880       0xFFFFFF80      0x00000001         (0, 1, 9)      [] [E]
    220     0x0000C380       0xFFFFFF80      0x00004000         (0, 0, 8)      [8] []
    221     0x00013980       0xFFFFFF80      0x00000002         (0, 1, 7)      [] [NE]
    222     0x00018980       0xFFFFFF80      0x00100403         (0, 1, 1)      [4, 14] [E, NE]
    223     0x00020B80       0xFFFFFF80      0x00000020         (0, 2, 1)      [] [S]
    224     0x0001FA00       0xFFFFFF80      0x00100400         (0, 1, 15)      [4, 14] []
    225     0x00018E80       0xFFFFFF80      0x00000001         (0, 1, 1)      [] [E]
    226     0x00021F80       0xFFFFFF80      0x00000021         (0, 2, 3)      [] [E, S]
    227     0x00016600       0xFFFFFF80      0x00040102         (0, 1, 12)      [2, 12] [NE]
    228     0x00032B00       0xFFFFFF00      0x00000002         (0, 3, 5)      [] [NE]
    229     0x0001B580       0xFFFFFF80      0x00000010         (0, 1, 6)      [] [SW]
    230     0x0005F400       0xFFFFFF00      0x00000400         (0, 5, 14)      [4] []
    231     0x00017F00       0xFFFFFF80      0x00200802         (0, 1, 15)      [5, 15] [NE]
    232     0x0001B800       0xFFFFFF80      0x00040100         (0, 1, 7)      [2, 12] []
    233     0x00016080       0xFFFFFF80      0x00000002         (0, 1, 12)      [] [NE]
    234     0x00020A80       0xFFFFFF80      0x00000030         (0, 2, 1)      [] [SW, S]
    235     0x00013A80       0xFFFFFF80      0x00000002         (0, 1, 7)      [] [NE]
    236     0x0001B400       0xFFFFFF80      0x00000010         (0, 1, 6)      [] [SW]
    237     0x00014D00       0xFFFFFF80      0x00080201         (0, 1, 9)      [3, 13] [E]
    238     0x00012F80       0xFFFFFF80      0x00004002         (0, 1, 5)      [8] [NE]
    239     0x0001BE80       0xFFFFFF80      0x00008000         (0, 1, 7)      [9] []
    240     0x0001CD00       0xFFFFFF80      0x00008000         (0, 1, 9)      [9] []
    241     0x00018880       0xFFFFFF80      0x00040103         (0, 1, 1)      [2, 12] [E, NE]
    242     0x00032500       0xFFFFFF00      0x00000002         (0, 3, 4)      [] [NE]
    243     0x00015A80       0xFFFFFF80      0x00100402         (0, 1, 11)      [4, 14] [NE]
    244     0x00019B00       0xFFFFFF80      0x00004000         (0, 1, 3)      [8] []
    245     0x00014B00       0xFFFFFF80      0x00008001         (0, 1, 9)      [9] [E]
    246     0x0001E500       0xFFFFFF80      0x00FFC0B7         (0, 1, 12)      [1, 8, 9, 10, 11, 12, 13, 14, 15, 16, 17] [E, NE, N, SW, S]
    247     0x0001FC80       0xFFFFFF80      0x00401000         (0, 1, 15)      [16, 6] []
    248     0x00017100       0xFFFFFF80      0x00010020         (0, 1, 14)      [10] [S]
    249     0x0001D900       0xFFFFFF80      0x00004030         (0, 1, 11)      [8] [SW, S]
    250     0x00011700       0xFFFFFF80      0x00080220         (0, 1, 2)      [3, 13] [S]
    251     0x0001DE00       0xFFFFFF80      0x00007FB0         (0, 1, 11)      [1, 2, 3, 4, 5, 6, 7, 8] [SW, S]
    252     0x0001E180       0xFFFFFF80      0x00303FB7         (0, 1, 12)      [1, 2, 3, 4, 5, 6, 7, 14, 15] [E, NE, N, SW, S]
    253     0x00019480       0xFFFFFF80      0x00200800         (0, 1, 2)      [5, 15] []
    254     0x00021D80       0xFFFFFF80      0x00000021         (0, 2, 3)      [] [E, S]
    255     0x0000FB80       0xFFFFFF80      0x00040100         (0, 0, 15)      [2, 12] []
    256     0x00021380       0xFFFFFF80      0x00000020         (0, 2, 2)      [] [S]
    257     0x00012580       0xFFFFFF80      0x00200800         (0, 1, 4)      [5, 15] []
    258     0x0001D280       0xFFFFFF80      0x00000010         (0, 1, 10)      [] [SW]
    259     0x0001EC80       0xFFFFFF80      0x00C02006         (0, 1, 13)      [16, 17, 7] [NE, N]
    260     0x0001CA00       0xFFFFFF80      0x00802000         (0, 1, 9)      [17, 7] []
    261     0x0001D380       0xFFFFFF80      0x00008010         (0, 1, 10)      [9] [SW]
    262     0x0000FA00       0xFFFFFF80      0x00008000         (0, 0, 15)      [9] []
    263     0x0001DD00       0xFFFFFF80      0x00403030         (0, 1, 11)      [16, 6, 7] [SW, S]
    264     0x00018780       0xFFFFFF80      0x00010003         (0, 1, 0)      [10] [E, NE]
    265     0x0001E880       0xFFFFFF80      0x0000C006         (0, 1, 13)      [8, 9] [NE, N]
    266     0x00017080       0xFFFFFF80      0x00008020         (0, 1, 14)      [9] [S]
    267     0x00010700       0xFFFFFF80      0x00004000         (0, 1, 0)      [8] []
    268     0x00019E80       0xFFFFFF80      0x00200800         (0, 1, 3)      [5, 15] []
    269     0x00019D80       0xFFFFFF80      0x00080200         (0, 1, 3)      [3, 13] []
    270     0x00012380       0xFFFFFF80      0x00020080         (0, 1, 4)      [1, 11] []
    271     0x00015C00       0xFFFFFF80      0x00802002         (0, 1, 11)      [17, 7] [NE]
    272     0x00022000       0xFFFFFF80      0x00000021         (0, 2, 4)      [] [E, S]
    273     0x00014F00       0xFFFFFF80      0x00802001         (0, 1, 9)      [17, 7] [E]
    274     0x00011280       0xFFFFFF80      0x00000002         (0, 1, 2)      [] [NE]
    275     0x0001CE80       0xFFFFFF80      0x00040100         (0, 1, 9)      [2, 12] []
    276     0x0001D700       0xFFFFFF80      0x00401010         (0, 1, 10)      [16, 6] [SW]
    277     0x00014780       0xFFFFFF80      0x00000001         (0, 1, 8)      [] [E]
    278     0x0001AB80       0xFFFFFF80      0x00000010         (0, 1, 5)      [] [SW]
    279     0x00060100       0xFFFFFF00      0x00800000         (0, 6, 0)      [17] []
    280     0x0001AE80       0xFFFFFF80      0x00010010         (0, 1, 5)      [10] [SW]
    281     0x0001AD00       0xFFFFFF80      0x00000010         (0, 1, 5)      [] [SW]
    282     0x00022100       0xFFFFFF80      0x00000001         (0, 2, 4)      [] [E]
    283     0x0001DF80       0xFFFFFF80      0x00033FB0         (0, 1, 11)      [1, 2, 3, 4, 5, 6, 7, 10, 11] [SW, S]
    284     0x00018C80       0xFFFFFF80      0x00000001         (0, 1, 1)      [] [E]
    285     0x00032C00       0xFFFFFF00      0x00000004         (0, 3, 5)      [] [N]
    286     0x0001E300       0xFFFFFF80      0x00803FB7         (0, 1, 12)      [1, 2, 3, 4, 5, 6, 7, 17] [E, NE, N, SW, S]
    287     0x00017380       0xFFFFFF80      0x00200800         (0, 1, 14)      [5, 15] []
    288     0x0001F880       0xFFFFFF80      0x00200806         (0, 1, 15)      [5, 15] [NE, N]
    289     0x00010800       0xFFFFFF80      0x00010000         (0, 1, 1)      [10] []
    290     0x0001D200       0xFFFFFF80      0x00000010         (0, 1, 10)      [] [SW]
    291     0x0001D480       0xFFFFFF80      0x00020090         (0, 1, 10)      [1, 11] [SW]
    292     0x0005F600       0xFFFFFF00      0x00001000         (0, 5, 14)      [6] []
    293     0x00013080       0xFFFFFF80      0x00010002         (0, 1, 6)      [10] [NE]
    294     0x00016300       0xFFFFFF80      0x00000002         (0, 1, 12)      [] [NE]
    295     0x00014180       0xFFFFFF80      0x00802002         (0, 1, 8)      [17, 7] [NE]
    296     0x0001D580       0xFFFFFF80      0x00080210         (0, 1, 10)      [3, 13] [SW]
    297     0x0001C080       0xFFFFFF80      0x00080200         (0, 1, 8)      [3, 13] []
    298     0x00017480       0xFFFFFF80      0x00802000         (0, 1, 14)      [17, 7] []
    299     0x0001AF80       0xFFFFFF80      0x00040110         (0, 1, 5)      [2, 12] [SW]
    300     0x00012480       0xFFFFFF80      0x00080200         (0, 1, 4)      [3, 13] []
    301     0x0001B200       0xFFFFFF80      0x00802010         (0, 1, 6)      [17, 7] [SW]
    302     0x00022880       0xFFFFFF80      0x00000003         (0, 2, 5)      [] [E, NE]
    303     0x00018A00       0xFFFFFF80      0x00200803         (0, 1, 1)      [5, 15] [E, NE]
    304     0x00021B00       0xFFFFFF80      0x00000001         (0, 2, 3)      [] [E]
    305     0x00032400       0xFFFFFF00      0x00000002         (0, 3, 4)      [] [NE]
    306     0x0001E600       0xFFFFFF80      0x00FFC337         (0, 1, 12)      [2, 3, 8, 9, 10, 11, 12, 13, 14, 15, 16, 17] [E, NE, N, SW, S]
    307     0x00022D80       0xFFFFFF80      0x00020082         (0, 2, 5)      [1, 11] [NE]
    308     0x00018500       0xFFFFFF80      0x00000003         (0, 1, 0)      [] [E, NE]
    309     0x00018600       0xFFFFFF80      0x00000003         (0, 1, 0)      [] [E, NE]
    310     0x0001A700       0xFFFFFF80      0x00080210         (0, 1, 4)      [3, 13] [SW]
    311     0x0001B380       0xFFFFFF80      0x00000010         (0, 1, 6)      [] [SW]
    312     0x0001B500       0xFFFFFF80      0x00000010         (0, 1, 6)      [] [SW]
    313     0x00019380       0xFFFFFF80      0x00080201         (0, 1, 2)      [3, 13] [E]
    314     0x0001DA00       0xFFFFFF80      0x000100B0         (0, 1, 11)      [1, 10] [SW, S]
    315     0x0001DA80       0xFFFFFF80      0x000201B0         (0, 1, 11)      [1, 2, 11] [SW, S]
    316     0x00022780       0xFFFFFF80      0x00000003         (0, 2, 4)      [] [E, NE]
    317     0x00017400       0xFFFFFF80      0x00401000         (0, 1, 14)      [16, 6] []
    318     0x0001F500       0xFFFFFF80      0x00080206         (0, 1, 14)      [3, 13] [NE, N]
    319     0x0005F900       0xFFFFFF00      0x00008000         (0, 5, 15)      [9] []
    320     0x00023080       0xFFFFFF80      0x00802002         (0, 2, 6)      [17, 7] [NE]
    321     0x0005F100       0xFFFFFF00      0x00000080         (0, 5, 14)      [1] []
    322     0x0001A900       0xFFFFFF80      0x00802010         (0, 1, 5)      [17, 7] [SW]
    323     0x00019080       0xFFFFFF80      0x00000001         (0, 1, 2)      [] [E]
    324     0x00013D80       0xFFFFFF80      0x00008002         (0, 1, 7)      [9] [NE]
    325     0x0001F900       0xFFFFFF80      0x00401000         (0, 1, 15)      [16, 6] []
    326     0x00022200       0xFFFFFF80      0x00000001         (0, 2, 4)      [] [E]
    327     0x0001B880       0xFFFFFF80      0x00080200         (0, 1, 7)      [3, 13] []
    328     0x0001F300       0xFFFFFF80      0x00200806         (0, 1, 14)      [5, 15] [NE, N]
    329     0x00015800       0xFFFFFF80      0x00008000         (0, 1, 11)      [9] []
    330     0x0001B780       0xFFFFFF80      0x00020080         (0, 1, 6)      [1, 11] []
    331     0x0005F300       0xFFFFFF00      0x00000200         (0, 5, 14)      [3] []
    332     0x0001EF00       0xFFFFFF80      0x00100406         (0, 1, 13)      [4, 14] [NE, N]
    333     0x00016880       0xFFFFFF80      0x00802002         (0, 1, 13)      [17, 7] [NE]
    334     0x00021580       0xFFFFFF80      0x00000020         (0, 2, 2)      [] [S]
    335     0x0001AA00       0xFFFFFF80      0x00000010         (0, 1, 5)      [] [SW]
    336     0x00022A00       0xFFFFFF80      0x00000003         (0, 2, 5)      [] [E, NE]
    337     0x0001B080       0xFFFFFF80      0x00100410         (0, 1, 6)      [4, 14] [SW]
    338     0x00014E00       0xFFFFFF80      0x00200801         (0, 1, 9)      [5, 15] [E]
    339     0x00017E00       0xFFFFFF80      0x00080202         (0, 1, 15)      [3, 13] [NE]
    340     0x0001E400       0xFFFFFF80      0x00FFC037         (0, 1, 12)      [8, 9, 10, 11, 12, 13, 14, 15, 16, 17] [E, NE, N, SW, S]
    341     0x0001D980       0xFFFFFF80      0x00008030         (0, 1, 11)      [9] [SW, S]
    342     0x00021E00       0xFFFFFF80      0x00000021         (0, 2, 3)      [] [E, S]
    343     0x00017280       0xFFFFFF80      0x00080200         (0, 1, 14)      [3, 13] []
    344     0x00018700       0xFFFFFF80      0x00008003         (0, 1, 0)      [9] [E, NE]
    345     0x0001C200       0xFFFFFF80      0x00401000         (0, 1, 8)      [16, 6] []
    346     0x00013F00       0xFFFFFF80      0x00040102         (0, 1, 7)      [2, 12] [NE]
    347     0x00032600       0xFFFFFF00      0x00000002         (0, 3, 4)      [] [NE]
    348     0x00017B00       0xFFFFFF80      0x00000002         (0, 1, 15)      [] [NE]
    349     0x00016500       0xFFFFFF80      0x00010002         (0, 1, 12)      [10] [NE]
    350     0x0000DE80       0xFFFFFF80      0x00004000         (0, 0, 11)      [8] []
    351     0x0001B100       0xFFFFFF80      0x00200810         (0, 1, 6)      [5, 15] [SW]
    352     0x00022480       0xFFFFFF80      0x00000003         (0, 2, 4)      [] [E, NE]
    353     0x0000FA80       0xFFFFFF80      0x00010000         (0, 0, 15)      [10] []
    354     0x00032700       0xFFFFFF00      0x00000002         (0, 3, 4)      [] [NE]
    355     0x0001E700       0xFFFFFF80      0x00FFCC37         (0, 1, 12)      [4, 5, 8, 9, 10, 11, 12, 13, 14, 15, 16, 17] [E, NE, N, SW, S]
    356     0x00011480       0xFFFFFF80      0x00004002         (0, 1, 2)      [8] [NE]
    357     0x0001CE00       0xFFFFFF80      0x00020080         (0, 1, 9)      [1, 11] []
    358     0x00014000       0xFFFFFF80      0x00100402         (0, 1, 8)      [4, 14] [NE]
    359     0x00013C00       0xFFFFFF80      0x00000002         (0, 1, 7)      [] [NE]
    360     0x00018400       0xFFFFFF80      0x00000003         (0, 1, 0)      [] [E, NE]
    361     0x00022380       0xFFFFFF80      0x00000003         (0, 2, 4)      [] [E, NE]
    362     0x00017000       0xFFFFFF80      0x00004000         (0, 1, 14)      [8] []
    363     0x0001BF80       0xFFFFFF80      0x00020080         (0, 1, 7)      [1, 11] []
    364     0x00016680       0xFFFFFF80      0x00080202         (0, 1, 12)      [3, 13] [NE]
    365     0x0005F500       0xFFFFFF00      0x00000800         (0, 5, 14)      [5] []
    366     0x00014800       0xFFFFFF80      0x00000001         (0, 1, 9)      [] [E]
    367     0x0001D400       0xFFFFFF80      0x00010010         (0, 1, 10)      [10] [SW]
    368     0x00017C00       0xFFFFFF80      0x00008002         (0, 1, 15)      [9] [NE]
    369     0x00012F00       0xFFFFFF80      0x00000002         (0, 1, 5)      [] [NE]
    370     0x00018F00       0xFFFFFF80      0x00000001         (0, 1, 1)      [] [E]
    371     0x00016180       0xFFFFFF80      0x00000002         (0, 1, 12)      [] [NE]
    372     0x0001E200       0xFFFFFF80      0x00603FB7         (0, 1, 12)      [1, 2, 3, 4, 5, 6, 7, 15, 16] [E, NE, N, SW, S]
    373     0x00013280       0xFFFFFF80      0x00100402         (0, 1, 6)      [4, 14] [NE]
    374     0x00013300       0xFFFFFF80      0x00200802         (0, 1, 6)      [5, 15] [NE]
    375     0x00013D00       0xFFFFFF80      0x00004002         (0, 1, 7)      [8] [NE]
    376     0x00011380       0xFFFFFF80      0x00000002         (0, 1, 2)      [] [NE]
    377     0x0001FB00       0xFFFFFF80      0x00401000         (0, 1, 15)      [16, 6] []
    378     0x00017F80       0xFFFFFF80      0x00401002         (0, 1, 15)      [16, 6] [NE]
    379     0x00010880       0xFFFFFF80      0x00020080         (0, 1, 1)      [1, 11] []
    380     0x0001B680       0xFFFFFF80      0x00008000         (0, 1, 6)      [9] []
    381     0x00016780       0xFFFFFF80      0x00200802         (0, 1, 12)      [5, 15] [NE]
    382     0x0001DD80       0xFFFFFF80      0x00802030         (0, 1, 11)      [17, 7] [SW, S]
    383     0x0001C000       0xFFFFFF80      0x00040100         (0, 1, 8)      [2, 12] []
    384     0x00032800       0xFFFFFF00      0x00000002         (0, 3, 5)      [] [NE]
    385     0x0001AE00       0xFFFFFF80      0x00008010         (0, 1, 5)      [9] [SW]
    386     0x00022300       0xFFFFFF80      0x00000001         (0, 2, 4)      [] [E]
    387     0x0001D100       0xFFFFFF80      0x00802010         (0, 1, 10)      [17, 7] [SW]
    388     0x0001C800       0xFFFFFF80      0x00080200         (0, 1, 9)      [3, 13] []
    389     0x0005FF00       0xFFFFFF00      0x00200000         (0, 5, 15)      [15] []
    390     0x0001A580       0xFFFFFF80      0x00010010         (0, 1, 4)      [10] [SW]
    391     0x00010980       0xFFFFFF80      0x00080200         (0, 1, 1)      [3, 13] []
    392     0x0001E980       0xFFFFFF80      0x00030086         (0, 1, 13)      [1, 10, 11] [NE, N]
    393     0x0001D680       0xFFFFFF80      0x00200810         (0, 1, 10)      [5, 15] [SW]
    394     0x0001FB80       0xFFFFFF80      0x00802000         (0, 1, 15)      [17, 7] []
    395     0x00060000       0xFFFFFF00      0x00400000         (0, 6, 0)      [16] []
    396     0x00016200       0xFFFFFF80      0x00000002         (0, 1, 12)      [] [NE]
    397     0x0001AB00       0xFFFFFF80      0x00000010         (0, 1, 5)      [] [SW]
    398     0x0001F600       0xFFFFFF80      0x00200806         (0, 1, 14)      [5, 15] [NE, N]
    399     0x0001C580       0xFFFFFF80      0x00004000         (0, 1, 8)      [8] []
    400     0x00014E80       0xFFFFFF80      0x00401001         (0, 1, 9)      [16, 6] [E]
    401     0x0001A780       0xFFFFFF80      0x00100410         (0, 1, 4)      [4, 14] [SW]
    402     0x0001FE00       0xFFFFFF80      0x00802000         (0, 1, 15)      [17, 7] []
    403     0x00019180       0xFFFFFF80      0x00008001         (0, 1, 2)      [9] [E]
    404     0x00012280       0xFFFFFF80      0x00008000         (0, 1, 4)      [9] []
    405     0x00011600       0xFFFFFF80      0x000200A0         (0, 1, 2)      [1, 11] [S]
    406     0x00017D80       0xFFFFFF80      0x00040102         (0, 1, 15)      [2, 12] [NE]
    407     0x00017A80       0xFFFFFF80      0x00000002         (0, 1, 15)      [] [NE]
    408     0x0001FC00       0xFFFFFF80      0x00200800         (0, 1, 15)      [5, 15] []
    409     0x00019280       0xFFFFFF80      0x00020081         (0, 1, 2)      [1, 11] [E]
    410     0x0001AC80       0xFFFFFF80      0x00000010         (0, 1, 5)      [] [SW]
    411     0x0001AA80       0xFFFFFF80      0x00000010         (0, 1, 5)      [] [SW]
    412     0x0000ED00       0xFFFFFF80      0x00010000         (0, 0, 13)      [10] []
    413     0x00015980       0xFFFFFF80      0x00040102         (0, 1, 11)      [2, 12] [NE]
    414     0x0001DB00       0xFFFFFF80      0x00040330         (0, 1, 11)      [2, 3, 12] [SW, S]
    415     0x0001EE80       0xFFFFFF80      0x00080206         (0, 1, 13)      [3, 13] [NE, N]
    416     0x0001CF00       0xFFFFFF80      0x00080200         (0, 1, 9)      [3, 13] []
    417     0x00018E00       0xFFFFFF80      0x00000001         (0, 1, 1)      [] [E]
    418     0x00022700       0xFFFFFF80      0x00000002         (0, 2, 4)      [] [NE]
    419     0x00022E80       0xFFFFFF80      0x00080202         (0, 2, 5)      [3, 13] [NE]
    420     0x00013A00       0xFFFFFF80      0x00000002         (0, 1, 7)      [] [NE]
    421     0x00011200       0xFFFFFF80      0x00000002         (0, 1, 2)      [] [NE]
    422     0x00018D00       0xFFFFFF80      0x00000001         (0, 1, 1)      [] [E]
    423     0x0001DF00       0xFFFFFF80      0x0001BFB0         (0, 1, 11)      [1, 2, 3, 4, 5, 6, 7, 9, 10] [SW, S]
    424     0x00017E80       0xFFFFFF80      0x00100402         (0, 1, 15)      [4, 14] [NE]
    425     0x00021280       0xFFFFFF80      0x00003F80         (0, 2, 2)      [1, 2, 3, 4, 5, 6, 7] []
    426     0x0000F980       0xFFFFFF80      0x00004000         (0, 0, 15)      [8] []
    427     0x0001E380       0xFFFFFF80      0x00FFC037         (0, 1, 12)      [8, 9, 10, 11, 12, 13, 14, 15, 16, 17] [E, NE, N, SW, S]
    428     0x0001AF00       0xFFFFFF80      0x00020090         (0, 1, 5)      [1, 11] [SW]
    429     0x0001BA00       0xFFFFFF80      0x00401000         (0, 1, 7)      [16, 6] []
    430     0x0001C700       0xFFFFFF80      0x00020080         (0, 1, 8)      [1, 11] []
    431     0x00013E00       0xFFFFFF80      0x00010002         (0, 1, 7)      [10] [NE]
    432     0x0001AC00       0xFFFFFF80      0x00000010         (0, 1, 5)      [] [SW]
    433     0x0001E680       0xFFFFFF80      0x00FFC637         (0, 1, 12)      [3, 4, 8, 9, 10, 11, 12, 13, 14, 15, 16, 17] [E, NE, N, SW, S]
    434     0x0001D500       0xFFFFFF80      0x00040110         (0, 1, 10)      [2, 12] [SW]
    435     0x0001B000       0xFFFFFF80      0x00080210         (0, 1, 6)      [3, 13] [SW]
    436     0x00016000       0xFFFFFF80      0x00000002         (0, 1, 12)      [] [NE]
    437     0x00021B80       0xFFFFFF80      0x00000001         (0, 2, 3)      [] [E]
    438     0x0001CC80       0xFFFFFF80      0x00004000         (0, 1, 9)      [8] []
    439     0x0001F180       0xFFFFFF80      0x00040106         (0, 1, 14)      [2, 12] [NE, N]
    440     0x0001FE80       0xFFFFFF80      0x00802000         (0, 1, 15)      [17, 7] []
    441     0x0001FD00       0xFFFFFF80      0x00802000         (0, 1, 15)      [17, 7] []
