router contains 35 entries 
 
  Index   Key(hex)    Mask(hex)    Route(hex)    Src. Core -> [Cores][Links]
------------------------------------------------------------------------------
    0     0x00022B80       0xFFFFFF80      0x00040000         (0, 2, 5)      [12] []
    1     0x0003AF00       0xFFFFFF00      0x00000001         (0, 3, 5)      [] [E]
    2     0x0003BA00       0xFFFFFF00      0x00000020         (0, 3, 7)      [] [S]
    3     0x0003B300       0xFFFFFF00      0x00000001         (0, 3, 6)      [] [E]
    4     0x0003BB00       0xFFFFFF00      0x00000020         (0, 3, 7)      [] [S]
    5     0x00022680       0xFFFFFF80      0x00000100         (0, 2, 4)      [2] []
    6     0x00022800       0xFFFFFF80      0x00000800         (0, 2, 5)      [5] []
    7     0x00020600       0xFFFFFF80      0x00700000         (0, 2, 0)      [16, 14, 15] []
    8     0x00020500       0xFFFFFF80      0x00000002         (0, 2, 0)      [] [NE]
    9     0x00022000       0xFFFFFF80      0x00400000         (0, 2, 4)      [16] []
    10     0x00022A00       0xFFFFFF80      0x00008000         (0, 2, 5)      [9] []
    11     0x0003B000       0xFFFFFF00      0x00000001         (0, 3, 6)      [] [E]
    12     0x00021F80       0xFFFFFF80      0x00200000         (0, 2, 3)      [15] []
    13     0x0003B900       0xFFFFFF00      0x00000020         (0, 3, 7)      [] [S]
    14     0x0003B100       0xFFFFFF00      0x00000001         (0, 3, 6)      [] [E]
    15     0x0003B500       0xFFFFFF00      0x00000020         (0, 3, 6)      [] [S]
    16     0x0003AD00       0xFFFFFF00      0x00000001         (0, 3, 5)      [] [E]
    17     0x00020580       0xFFFFFF80      0x000FFF82         (0, 2, 0)      [1, 2, 3, 4, 5, 6, 7, 8, 9, 10, 11, 12, 13] [NE]
    18     0x00022980       0xFFFFFF80      0x00004000         (0, 2, 5)      [8] []
    19     0x00022900       0xFFFFFF80      0x00002000         (0, 2, 5)      [7] []
    20     0x00022780       0xFFFFFF80      0x00000400         (0, 2, 4)      [4] []
    21     0x00022C00       0xFFFFFF80      0x00080000         (0, 2, 5)      [13] []
    22     0x00022880       0xFFFFFF80      0x00001000         (0, 2, 5)      [6] []
    23     0x00021F00       0xFFFFFF80      0x00100000         (0, 2, 3)      [14] []
    24     0x0003B600       0xFFFFFF00      0x00000020         (0, 3, 6)      [] [S]
    25     0x00022B00       0xFFFFFF80      0x00020000         (0, 2, 5)      [11] []
    26     0x00022A80       0xFFFFFF80      0x00010000         (0, 2, 5)      [10] []
    27     0x0003AE00       0xFFFFFF00      0x00000001         (0, 3, 5)      [] [E]
    28     0x00022700       0xFFFFFF80      0x00000200         (0, 2, 4)      [3] []
    29     0x0003AC00       0xFFFFFF00      0x00000001         (0, 3, 5)      [] [E]
    30     0x0003B800       0xFFFFFF00      0x00000020         (0, 3, 7)      [] [S]
    31     0x00022600       0xFFFFFF80      0x00000080         (0, 2, 4)      [1] []
    32     0x0003B200       0xFFFFFF00      0x00000001         (0, 3, 6)      [] [E]
    33     0x0003B700       0xFFFFFF00      0x00000020         (0, 3, 6)      [] [S]
    34     0x0003B400       0xFFFFFF00      0x00000020         (0, 3, 6)      [] [S]
