router contains 162 entries 
 
  Index   Key(hex)    Mask(hex)    Route(hex)    Src. Core -> [Cores][Links]
------------------------------------------------------------------------------
    0     0x0001DB80       0xFFFFFF80      0x00000010         (0, 1, 11)      [] [SW]
    1     0x00022600       0xFFFFFF80      0x00000008         (0, 2, 4)      [] [W]
    2     0x0000CB80       0xFFFFFF80      0x00000010         (0, 0, 9)      [] [SW]
    3     0x00008B80       0xFFFFFF80      0x00000020         (0, 0, 1)      [] [S]
    4     0x00043B00       0xFFFFFF00      0x00000010         (0, 4, 7)      [] [SW]
    5     0x0000CF00       0xFFFFFF80      0x00000030         (0, 0, 9)      [] [SW, S]
    6     0x00014F00       0xFFFFFF80      0x00000002         (0, 1, 9)      [] [NE]
    7     0x00014D80       0xFFFFFF80      0x00000002         (0, 1, 9)      [] [NE]
    8     0x00022700       0xFFFFFF80      0x00000008         (0, 2, 4)      [] [W]
    9     0x0000CC80       0xFFFFFF80      0x00000010         (0, 0, 9)      [] [SW]
    10     0x0000D000       0xFFFFFF80      0x00000030         (0, 0, 10)      [] [SW, S]
    11     0x00043A00       0xFFFFFF00      0x00000010         (0, 4, 7)      [] [SW]
    12     0x00014B00       0xFFFFFF80      0x00000002         (0, 1, 9)      [] [NE]
    13     0x00018980       0xFFFFFF80      0x00000002         (0, 1, 1)      [] [NE]
    14     0x00022200       0xFFFFFF80      0x00000010         (0, 2, 4)      [] [SW]
    15     0x0001D400       0xFFFFFF80      0x00000010         (0, 1, 10)      [] [SW]
    16     0x00015780       0xFFFFFF80      0x00000002         (0, 1, 10)      [] [NE]
    17     0x00018D80       0xFFFFFF80      0x00000002         (0, 1, 1)      [] [NE]
    18     0x00018D00       0xFFFFFF80      0x00000002         (0, 1, 1)      [] [NE]
    19     0x0001D200       0xFFFFFF80      0x00000010         (0, 1, 10)      [] [SW]
    20     0x0000ED80       0xFFFFFF80      0x00000002         (0, 0, 13)      [] [NE]
    21     0x00022980       0xFFFFFF80      0x00000008         (0, 2, 5)      [] [W]
    22     0x00018880       0xFFFFFF80      0x00000002         (0, 1, 1)      [] [NE]
    23     0x00018700       0xFFFFFF80      0x00000002         (0, 1, 0)      [] [NE]
    24     0x0000CE00       0xFFFFFF80      0x00000030         (0, 0, 9)      [] [SW, S]
    25     0x0000EB80       0xFFFFFF80      0x00000002         (0, 0, 13)      [] [NE]
    26     0x00015580       0xFFFFFF80      0x00000002         (0, 1, 10)      [] [NE]
    27     0x00022B00       0xFFFFFF80      0x00000008         (0, 2, 5)      [] [W]
    28     0x00044000       0xFFFFFF00      0x00000010         (0, 4, 8)      [] [SW]
    29     0x00015700       0xFFFFFF80      0x00000002         (0, 1, 10)      [] [NE]
    30     0x00043900       0xFFFFFF00      0x00000010         (0, 4, 7)      [] [SW]
    31     0x0000EC00       0xFFFFFF80      0x00000002         (0, 0, 13)      [] [NE]
    32     0x0004D700       0xFFFFFF00      0x00000010         (0, 4, 10)      [] [SW]
    33     0x00019300       0xFFFFFF80      0x00000002         (0, 1, 2)      [] [NE]
    34     0x00014B80       0xFFFFFF80      0x00000002         (0, 1, 9)      [] [NE]
    35     0x0001D500       0xFFFFFF80      0x00000010         (0, 1, 10)      [] [SW]
    36     0x00014D00       0xFFFFFF80      0x00000002         (0, 1, 9)      [] [NE]
    37     0x00019100       0xFFFFFF80      0x00000002         (0, 1, 2)      [] [NE]
    38     0x0000CC00       0xFFFFFF80      0x00000010         (0, 0, 9)      [] [SW]
    39     0x00014A80       0xFFFFFF80      0x00000002         (0, 1, 9)      [] [NE]
    40     0x0001D380       0xFFFFFF80      0x00000010         (0, 1, 10)      [] [SW]
    41     0x0001D980       0xFFFFFF80      0x00000010         (0, 1, 11)      [] [SW]
    42     0x00022D00       0xFFFFFF80      0x00000008         (0, 2, 5)      [] [W]
    43     0x00019200       0xFFFFFF80      0x00000002         (0, 1, 2)      [] [NE]
    44     0x00014080       0xFFFFFF80      0x00000002         (0, 1, 8)      [] [NE]
    45     0x00022180       0xFFFFFF80      0x00000010         (0, 2, 4)      [] [SW]
    46     0x00010900       0xFFFFFF80      0x00000002         (0, 1, 1)      [] [NE]
    47     0x00043E00       0xFFFFFF00      0x00000010         (0, 4, 7)      [] [SW]
    48     0x00022D80       0xFFFFFF80      0x00000008         (0, 2, 5)      [] [W]
    49     0x00044200       0xFFFFFF00      0x00000010         (0, 4, 8)      [] [SW]
    50     0x0000D100       0xFFFFFF80      0x00000030         (0, 0, 10)      [] [SW, S]
    51     0x0001DF80       0xFFFFFF80      0x00000010         (0, 1, 11)      [] [SW]
    52     0x0001D280       0xFFFFFF80      0x00000010         (0, 1, 10)      [] [SW]
    53     0x00019080       0xFFFFFF80      0x00000002         (0, 1, 2)      [] [NE]
    54     0x00022A00       0xFFFFFF80      0x00000008         (0, 2, 5)      [] [W]
    55     0x0000D180       0xFFFFFF80      0x00000030         (0, 0, 10)      [] [SW, S]
    56     0x00019280       0xFFFFFF80      0x00000002         (0, 1, 2)      [] [NE]
    57     0x0000CD00       0xFFFFFF80      0x00000010         (0, 0, 9)      [] [SW]
    58     0x00014A00       0xFFFFFF80      0x00000002         (0, 1, 9)      [] [NE]
    59     0x00018900       0xFFFFFF80      0x00000002         (0, 1, 1)      [] [NE]
    60     0x00044300       0xFFFFFF00      0x00000010         (0, 4, 8)      [] [SW]
    61     0x0004D200       0xFFFFFF00      0x00000010         (0, 4, 10)      [] [SW]
    62     0x00043C00       0xFFFFFF00      0x00000010         (0, 4, 7)      [] [SW]
    63     0x00044600       0xFFFFFF00      0x00000010         (0, 4, 8)      [] [SW]
    64     0x0000EC80       0xFFFFFF80      0x00000002         (0, 0, 13)      [] [NE]
    65     0x00019380       0xFFFFFF80      0x00000002         (0, 1, 2)      [] [NE]
    66     0x00021F00       0xFFFFFF80      0x00000008         (0, 2, 3)      [] [W]
    67     0x0001DE00       0xFFFFFF80      0x00000010         (0, 1, 11)      [] [SW]
    68     0x00018F00       0xFFFFFF80      0x00000002         (0, 1, 1)      [] [NE]
    69     0x00044400       0xFFFFFF00      0x00000010         (0, 4, 8)      [] [SW]
    70     0x00018580       0xFFFFFF80      0x00000002         (0, 1, 0)      [] [NE]
    71     0x00018800       0xFFFFFF80      0x00000002         (0, 1, 1)      [] [NE]
    72     0x00018A80       0xFFFFFF80      0x00000002         (0, 1, 1)      [] [NE]
    73     0x00020D80       0xFFFFFF80      0x00000010         (0, 2, 1)      [] [SW]
    74     0x00022300       0xFFFFFF80      0x00000010         (0, 2, 4)      [] [SW]
    75     0x00010880       0xFFFFFF80      0x00000002         (0, 1, 1)      [] [NE]
    76     0x0000CF80       0xFFFFFF80      0x00000030         (0, 0, 9)      [] [SW, S]
    77     0x00018780       0xFFFFFF80      0x00000002         (0, 1, 0)      [] [NE]
    78     0x00015600       0xFFFFFF80      0x00000002         (0, 1, 10)      [] [NE]
    79     0x00014980       0xFFFFFF80      0x00000002         (0, 1, 9)      [] [NE]
    80     0x00022880       0xFFFFFF80      0x00000008         (0, 2, 5)      [] [W]
    81     0x0000CE80       0xFFFFFF80      0x00000030         (0, 0, 9)      [] [SW, S]
    82     0x0001D800       0xFFFFFF80      0x00000010         (0, 1, 11)      [] [SW]
    83     0x0000D080       0xFFFFFF80      0x00000030         (0, 0, 10)      [] [SW, S]
    84     0x00008B00       0xFFFFFF80      0x00000020         (0, 0, 1)      [] [S]
    85     0x00014100       0xFFFFFF80      0x00000002         (0, 1, 8)      [] [NE]
    86     0x00008A00       0xFFFFFF80      0x00000020         (0, 0, 1)      [] [S]
    87     0x0004DE00       0xFFFFFF00      0x00000010         (0, 4, 11)      [] [SW]
    88     0x0004DB00       0xFFFFFF00      0x00000010         (0, 4, 11)      [] [SW]
    89     0x0004D400       0xFFFFFF00      0x00000010         (0, 4, 10)      [] [SW]
    90     0x00022C80       0xFFFFFF80      0x00000008         (0, 2, 5)      [] [W]
    91     0x0001DF00       0xFFFFFF80      0x00000010         (0, 1, 11)      [] [SW]
    92     0x00044700       0xFFFFFF00      0x00000010         (0, 4, 8)      [] [SW]
    93     0x0001DB00       0xFFFFFF80      0x00000010         (0, 1, 11)      [] [SW]
    94     0x00018C80       0xFFFFFF80      0x00000002         (0, 1, 1)      [] [NE]
    95     0x00018680       0xFFFFFF80      0x00000002         (0, 1, 0)      [] [NE]
    96     0x0004D500       0xFFFFFF00      0x00000010         (0, 4, 10)      [] [SW]
    97     0x00010980       0xFFFFFF80      0x00000002         (0, 1, 1)      [] [NE]
    98     0x0001DA00       0xFFFFFF80      0x00000010         (0, 1, 11)      [] [SW]
    99     0x00019180       0xFFFFFF80      0x00000002         (0, 1, 2)      [] [NE]
    100     0x00044100       0xFFFFFF00      0x00000010         (0, 4, 8)      [] [SW]
    101     0x0001D900       0xFFFFFF80      0x00000010         (0, 1, 11)      [] [SW]
    102     0x0001D300       0xFFFFFF80      0x00000010         (0, 1, 10)      [] [SW]
    103     0x00022280       0xFFFFFF80      0x00000010         (0, 2, 4)      [] [SW]
    104     0x00018B00       0xFFFFFF80      0x00000002         (0, 1, 1)      [] [NE]
    105     0x00014C00       0xFFFFFF80      0x00000002         (0, 1, 9)      [] [NE]
    106     0x00014E80       0xFFFFFF80      0x00000002         (0, 1, 9)      [] [NE]
    107     0x00014C80       0xFFFFFF80      0x00000002         (0, 1, 9)      [] [NE]
    108     0x00008A80       0xFFFFFF80      0x00000020         (0, 0, 1)      [] [S]
    109     0x00022780       0xFFFFFF80      0x00000008         (0, 2, 4)      [] [W]
    110     0x00019000       0xFFFFFF80      0x00000002         (0, 1, 2)      [] [NE]
    111     0x00018380       0xFFFFFF80      0x00000004         (0, 1, 0)      [] [N]
    112     0x00044800       0xFFFFFF00      0x00000010         (0, 4, 9)      [] [SW]
    113     0x0004DD00       0xFFFFFF00      0x00000010         (0, 4, 11)      [] [SW]
    114     0x0000CD80       0xFFFFFF80      0x00000030         (0, 0, 9)      [] [SW, S]
    115     0x0001D880       0xFFFFFF80      0x00000010         (0, 1, 11)      [] [SW]
    116     0x00015800       0xFFFFFF80      0x00000002         (0, 1, 11)      [] [NE]
    117     0x00013F80       0xFFFFFF80      0x00000002         (0, 1, 7)      [] [NE]
    118     0x00043D00       0xFFFFFF00      0x00000010         (0, 4, 7)      [] [SW]
    119     0x0001DE80       0xFFFFFF80      0x00000010         (0, 1, 11)      [] [SW]
    120     0x00043F00       0xFFFFFF00      0x00000010         (0, 4, 7)      [] [SW]
    121     0x0000ED00       0xFFFFFF80      0x00000002         (0, 0, 13)      [] [NE]
    122     0x00018600       0xFFFFFF80      0x00000002         (0, 1, 0)      [] [NE]
    123     0x00018F80       0xFFFFFF80      0x00000002         (0, 1, 1)      [] [NE]
    124     0x00044900       0xFFFFFF00      0x00000010         (0, 4, 9)      [] [SW]
    125     0x00018A00       0xFFFFFF80      0x00000002         (0, 1, 1)      [] [NE]
    126     0x00022680       0xFFFFFF80      0x00000008         (0, 2, 4)      [] [W]
    127     0x00015500       0xFFFFFF80      0x00000002         (0, 1, 10)      [] [NE]
    128     0x0000EB00       0xFFFFFF80      0x00000002         (0, 0, 13)      [] [NE]
    129     0x00014180       0xFFFFFF80      0x00000002         (0, 1, 8)      [] [NE]
    130     0x0004D300       0xFFFFFF00      0x00000010         (0, 4, 10)      [] [SW]
    131     0x00022B80       0xFFFFFF80      0x00000008         (0, 2, 5)      [] [W]
    132     0x0004D800       0xFFFFFF00      0x00000010         (0, 4, 11)      [] [SW]
    133     0x00021F80       0xFFFFFF80      0x00000008         (0, 2, 3)      [] [W]
    134     0x00044500       0xFFFFFF00      0x00000010         (0, 4, 8)      [] [SW]
    135     0x00022000       0xFFFFFF80      0x00000008         (0, 2, 4)      [] [W]
    136     0x0001DA80       0xFFFFFF80      0x00000010         (0, 1, 11)      [] [SW]
    137     0x00015680       0xFFFFFF80      0x00000002         (0, 1, 10)      [] [NE]
    138     0x00014000       0xFFFFFF80      0x00000002         (0, 1, 8)      [] [NE]
    139     0x00014E00       0xFFFFFF80      0x00000002         (0, 1, 9)      [] [NE]
    140     0x00018500       0xFFFFFF80      0x00000002         (0, 1, 0)      [] [NE]
    141     0x00018E00       0xFFFFFF80      0x00000002         (0, 1, 1)      [] [NE]
    142     0x0004D600       0xFFFFFF00      0x00000010         (0, 4, 10)      [] [SW]
    143     0x0001D580       0xFFFFFF80      0x00000010         (0, 1, 10)      [] [SW]
    144     0x0004DF00       0xFFFFFF00      0x00000010         (0, 4, 11)      [] [SW]
    145     0x0004DC00       0xFFFFFF00      0x00000010         (0, 4, 11)      [] [SW]
    146     0x0004D900       0xFFFFFF00      0x00000010         (0, 4, 11)      [] [SW]
    147     0x0001D480       0xFFFFFF80      0x00000010         (0, 1, 10)      [] [SW]
    148     0x00022900       0xFFFFFF80      0x00000008         (0, 2, 5)      [] [W]
    149     0x00022800       0xFFFFFF80      0x00000008         (0, 2, 5)      [] [W]
    150     0x00018400       0xFFFFFF80      0x00000004         (0, 1, 0)      [] [N]
    151     0x00018E80       0xFFFFFF80      0x00000002         (0, 1, 1)      [] [NE]
    152     0x00022C00       0xFFFFFF80      0x00000008         (0, 2, 5)      [] [W]
    153     0x0004E100       0xFFFFFF00      0x00000010         (0, 4, 12)      [] [SW]
    154     0x0004E000       0xFFFFFF00      0x00000010         (0, 4, 12)      [] [SW]
    155     0x00022A80       0xFFFFFF80      0x00000008         (0, 2, 5)      [] [W]
    156     0x00018480       0xFFFFFF80      0x00000004         (0, 1, 0)      [] [N]
    157     0x0001D180       0xFFFFFF80      0x00000010         (0, 1, 10)      [] [SW]
    158     0x00018300       0xFFFFFF80      0x00000004         (0, 1, 0)      [] [N]
    159     0x0004D100       0xFFFFFF00      0x00000010         (0, 4, 10)      [] [SW]
    160     0x0004DA00       0xFFFFFF00      0x00000010         (0, 4, 11)      [] [SW]
    161     0x00022580       0xFFFFFF80      0x00000008         (0, 2, 4)      [] [W]
