router contains 29 entries 
 
  Index   Key(hex)    Mask(hex)    Route(hex)    Src. Core -> [Cores][Links]
------------------------------------------------------------------------------
    0     0x00006100       0xFFFFFF80      0x00001800         (0, 0, 12)      [5, 6] []
    1     0x00006200       0xFFFFFF80      0x00018000         (0, 0, 12)      [9, 10] []
    2     0x0000B900       0xFFFFFF00      0x00000002         (0, 0, 7)      [] [NE]
    3     0x0000C100       0xFFFFFF00      0x00000002         (0, 0, 8)      [] [NE]
    4     0x00006180       0xFFFFFF80      0x00006000         (0, 0, 12)      [8, 7] []
    5     0x0000BE00       0xFFFFFF00      0x00000002         (0, 0, 7)      [] [NE]
    6     0x00004880       0xFFFFFF80      0x0000C000         (0, 0, 9)      [8, 9] []
    7     0x00006300       0xFFFFFF80      0x00180000         (0, 0, 12)      [13, 14] []
    8     0x00006080       0xFFFFFF80      0x00000600         (0, 0, 12)      [3, 4] []
    9     0x0000BA00       0xFFFFFF00      0x00000002         (0, 0, 7)      [] [NE]
    10     0x00004700       0xFFFFFF80      0x00000300         (0, 0, 8)      [2, 3] []
    11     0x0000BF00       0xFFFFFF00      0x00000002         (0, 0, 7)      [] [NE]
    12     0x00004780       0xFFFFFF80      0x00000C00         (0, 0, 8)      [4, 5] []
    13     0x00004A00       0xFFFFFF80      0x00100000         (0, 0, 9)      [14] []
    14     0x00004900       0xFFFFFF80      0x00030000         (0, 0, 9)      [10, 11] []
    15     0x0000BB00       0xFFFFFF00      0x00000002         (0, 0, 7)      [] [NE]
    16     0x0000C500       0xFFFFFF00      0x00000002         (0, 0, 8)      [] [NE]
    17     0x0000C200       0xFFFFFF00      0x00000002         (0, 0, 8)      [] [NE]
    18     0x0000C000       0xFFFFFF00      0x00000002         (0, 0, 8)      [] [NE]
    19     0x00006280       0xFFFFFF80      0x00060000         (0, 0, 12)      [11, 12] []
    20     0x00004800       0xFFFFFF80      0x00003000         (0, 0, 9)      [6, 7] []
    21     0x0000BC00       0xFFFFFF00      0x00000002         (0, 0, 7)      [] [NE]
    22     0x00004680       0xFFFFFF80      0x00000080         (0, 0, 8)      [1] []
    23     0x00004980       0xFFFFFF80      0x000C0000         (0, 0, 9)      [12, 13] []
    24     0x0000C400       0xFFFFFF00      0x00000002         (0, 0, 8)      [] [NE]
    25     0x0000C600       0xFFFFFF00      0x00000002         (0, 0, 8)      [] [NE]
    26     0x00006000       0xFFFFFF80      0x00000180         (0, 0, 12)      [1, 2] []
    27     0x0000C300       0xFFFFFF00      0x00000002         (0, 0, 8)      [] [NE]
    28     0x0000BD00       0xFFFFFF00      0x00000002         (0, 0, 7)      [] [NE]
