router contains 34 entries 
 
  Index   Key(hex)    Mask(hex)    Route(hex)    Src. Core -> [Cores][Links]
------------------------------------------------------------------------------
    0     0x00003680       0xFFFFFF80      0x00000030         (0, 0, 6)      [] [SW, S]
    1     0x00003900       0xFFFFFF80      0x00000030         (0, 0, 7)      [] [SW, S]
    2     0x00003300       0xFFFFFF80      0x00000010         (0, 0, 6)      [] [SW]
    3     0x00004880       0xFFFFFF80      0x00000020         (0, 0, 9)      [] [S]
    4     0x00004980       0xFFFFFF80      0x00000020         (0, 0, 9)      [] [S]
    5     0x00003380       0xFFFFFF80      0x00000010         (0, 0, 6)      [] [SW]
    6     0x00004300       0xFFFFFF80      0x00000020         (0, 0, 8)      [] [S]
    7     0x00003980       0xFFFFFF80      0x00000030         (0, 0, 7)      [] [SW, S]
    8     0x00003400       0xFFFFFF80      0x00000010         (0, 0, 6)      [] [SW]
    9     0x00004900       0xFFFFFF80      0x00000020         (0, 0, 9)      [] [S]
    10     0x00004400       0xFFFFFF80      0x00000020         (0, 0, 8)      [] [S]
    11     0x00004380       0xFFFFFF80      0x00000020         (0, 0, 8)      [] [S]
    12     0x00003A00       0xFFFFFF80      0x00000030         (0, 0, 7)      [] [SW, S]
    13     0x00004680       0xFFFFFF80      0x00000020         (0, 0, 8)      [] [S]
    14     0x00003480       0xFFFFFF80      0x00000010         (0, 0, 6)      [] [SW]
    15     0x00004500       0xFFFFFF80      0x00000020         (0, 0, 8)      [] [S]
    16     0x00003A80       0xFFFFFF80      0x00000030         (0, 0, 7)      [] [SW, S]
    17     0x00004480       0xFFFFFF80      0x00000020         (0, 0, 8)      [] [S]
    18     0x00003500       0xFFFFFF80      0x00000010         (0, 0, 6)      [] [SW]
    19     0x00004700       0xFFFFFF80      0x00000020         (0, 0, 8)      [] [S]
    20     0x00004A00       0xFFFFFF80      0x00000020         (0, 0, 9)      [] [S]
    21     0x00003800       0xFFFFFF80      0x00000030         (0, 0, 7)      [] [SW, S]
    22     0x00004580       0xFFFFFF80      0x00000020         (0, 0, 8)      [] [S]
    23     0x00003580       0xFFFFFF80      0x00000030         (0, 0, 6)      [] [SW, S]
    24     0x00003600       0xFFFFFF80      0x00000030         (0, 0, 6)      [] [SW, S]
    25     0x00004280       0xFFFFFF80      0x00000020         (0, 0, 8)      [] [S]
    26     0x00004780       0xFFFFFF80      0x00000020         (0, 0, 8)      [] [S]
    27     0x00003880       0xFFFFFF80      0x00000030         (0, 0, 7)      [] [SW, S]
    28     0x00003280       0xFFFFFF80      0x00000010         (0, 0, 6)      [] [SW]
    29     0x00004600       0xFFFFFF80      0x00000020         (0, 0, 8)      [] [S]
    30     0x00003700       0xFFFFFF80      0x00000030         (0, 0, 6)      [] [SW, S]
    31     0x00004200       0xFFFFFF80      0x00000020         (0, 0, 8)      [] [S]
    32     0x00003780       0xFFFFFF80      0x00000030         (0, 0, 6)      [] [SW, S]
    33     0x00004800       0xFFFFFF80      0x00000020         (0, 0, 9)      [] [S]
