router contains 17 entries 
 
  Index   Key(hex)    Mask(hex)    Route(hex)    Src. Core -> [Cores][Links]
------------------------------------------------------------------------------
    0     0x00004680       0xFFFFFF80      0x00000011         (0, 0, 8)      [] [E, SW]
    1     0x00004A00       0xFFFFFF80      0x00000011         (0, 0, 9)      [] [E, SW]
    2     0x00004800       0xFFFFFF80      0x00000011         (0, 0, 9)      [] [E, SW]
    3     0x00004980       0xFFFFFF80      0x00000011         (0, 0, 9)      [] [E, SW]
    4     0x00004700       0xFFFFFF80      0x00000011         (0, 0, 8)      [] [E, SW]
    5     0x00004B80       0xFFFFFF80      0x00000020         (0, 0, 9)      [] [S]
    6     0x00004600       0xFFFFFF80      0x00000011         (0, 0, 8)      [] [E, SW]
    7     0x00004780       0xFFFFFF80      0x00000011         (0, 0, 8)      [] [E, SW]
    8     0x00004900       0xFFFFFF80      0x00000011         (0, 0, 9)      [] [E, SW]
    9     0x00004400       0xFFFFFF80      0x00000011         (0, 0, 8)      [] [E, SW]
    10     0x00004480       0xFFFFFF80      0x00000011         (0, 0, 8)      [] [E, SW]
    11     0x00004B00       0xFFFFFF80      0x00000020         (0, 0, 9)      [] [S]
    12     0x00004580       0xFFFFFF80      0x00000011         (0, 0, 8)      [] [E, SW]
    13     0x00004880       0xFFFFFF80      0x00000011         (0, 0, 9)      [] [E, SW]
    14     0x00004A80       0xFFFFFF80      0x00000020         (0, 0, 9)      [] [S]
    15     0x00004380       0xFFFFFF80      0x00000011         (0, 0, 8)      [] [E, SW]
    16     0x00004500       0xFFFFFF80      0x00000011         (0, 0, 8)      [] [E, SW]
