router contains 31 entries 
 
  Index   Key(hex)    Mask(hex)    Route(hex)    Src. Core -> [Cores][Links]
------------------------------------------------------------------------------
    0     0x00004300       0xFFFFFF80      0x00000011         (0, 0, 8)      [] [E, SW]
    1     0x00004580       0xFFFFFF80      0x00000001         (0, 0, 8)      [] [E]
    2     0x00004600       0xFFFFFF80      0x00000001         (0, 0, 8)      [] [E]
    3     0x00004380       0xFFFFFF80      0x00000001         (0, 0, 8)      [] [E]
    4     0x00004100       0xFFFFFF80      0x00000030         (0, 0, 8)      [] [SW, S]
    5     0x00003E00       0xFFFFFF80      0x00000030         (0, 0, 7)      [] [SW, S]
    6     0x00004980       0xFFFFFF80      0x00000001         (0, 0, 9)      [] [E]
    7     0x00004900       0xFFFFFF80      0x00000001         (0, 0, 9)      [] [E]
    8     0x00004A00       0xFFFFFF80      0x00000001         (0, 0, 9)      [] [E]
    9     0x00003F80       0xFFFFFF80      0x00000030         (0, 0, 7)      [] [SW, S]
    10     0x00004680       0xFFFFFF80      0x00000001         (0, 0, 8)      [] [E]
    11     0x00004280       0xFFFFFF80      0x00000011         (0, 0, 8)      [] [E, SW]
    12     0x00004200       0xFFFFFF80      0x00000031         (0, 0, 8)      [] [E, SW, S]
    13     0x00003B80       0xFFFFFF80      0x00000020         (0, 0, 7)      [] [S]
    14     0x00004800       0xFFFFFF80      0x00000001         (0, 0, 9)      [] [E]
    15     0x00003C80       0xFFFFFF80      0x00000020         (0, 0, 7)      [] [S]
    16     0x00004080       0xFFFFFF80      0x00000030         (0, 0, 8)      [] [SW, S]
    17     0x00004480       0xFFFFFF80      0x00000001         (0, 0, 8)      [] [E]
    18     0x00003F00       0xFFFFFF80      0x00000030         (0, 0, 7)      [] [SW, S]
    19     0x00004400       0xFFFFFF80      0x00000001         (0, 0, 8)      [] [E]
    20     0x00004500       0xFFFFFF80      0x00000001         (0, 0, 8)      [] [E]
    21     0x00003D80       0xFFFFFF80      0x00000020         (0, 0, 7)      [] [S]
    22     0x00003C00       0xFFFFFF80      0x00000020         (0, 0, 7)      [] [S]
    23     0x00004180       0xFFFFFF80      0x00000030         (0, 0, 8)      [] [SW, S]
    24     0x00004780       0xFFFFFF80      0x00000001         (0, 0, 8)      [] [E]
    25     0x00004880       0xFFFFFF80      0x00000001         (0, 0, 9)      [] [E]
    26     0x00003B00       0xFFFFFF80      0x00000020         (0, 0, 7)      [] [S]
    27     0x00003D00       0xFFFFFF80      0x00000020         (0, 0, 7)      [] [S]
    28     0x00004000       0xFFFFFF80      0x00000030         (0, 0, 8)      [] [SW, S]
    29     0x00003E80       0xFFFFFF80      0x00000030         (0, 0, 7)      [] [SW, S]
    30     0x00004700       0xFFFFFF80      0x00000001         (0, 0, 8)      [] [E]
