router contains 17 entries 
 
  Index   Key(hex)    Mask(hex)    Route(hex)    Src. Core -> [Cores][Links]
------------------------------------------------------------------------------
    0     0x00005400       0xFFFFFF80      0x00000014         (0, 0, 10)      [] [N, SW]
    1     0x00004E80       0xFFFFFF80      0x00000008         (0, 0, 9)      [] [W]
    2     0x00004D00       0xFFFFFF80      0x00000008         (0, 0, 9)      [] [W]
    3     0x00005100       0xFFFFFF80      0x00000018         (0, 0, 10)      [] [W, SW]
    4     0x00005300       0xFFFFFF80      0x0000001C         (0, 0, 10)      [] [N, W, SW]
    5     0x00005380       0xFFFFFF80      0x00000014         (0, 0, 10)      [] [N, SW]
    6     0x00004F80       0xFFFFFF80      0x00000018         (0, 0, 9)      [] [W, SW]
    7     0x00004E00       0xFFFFFF80      0x00000008         (0, 0, 9)      [] [W]
    8     0x00005080       0xFFFFFF80      0x00000018         (0, 0, 10)      [] [W, SW]
    9     0x00005280       0xFFFFFF80      0x00000018         (0, 0, 10)      [] [W, SW]
    10     0x00004F00       0xFFFFFF80      0x00000018         (0, 0, 9)      [] [W, SW]
    11     0x00004C80       0xFFFFFF80      0x00000008         (0, 0, 9)      [] [W]
    12     0x00005000       0xFFFFFF80      0x00000018         (0, 0, 10)      [] [W, SW]
    13     0x00005200       0xFFFFFF80      0x00000018         (0, 0, 10)      [] [W, SW]
    14     0x00004D80       0xFFFFFF80      0x00000008         (0, 0, 9)      [] [W]
    15     0x00004C00       0xFFFFFF80      0x00000008         (0, 0, 9)      [] [W]
    16     0x00005180       0xFFFFFF80      0x00000018         (0, 0, 10)      [] [W, SW]
