router contains 58 entries 
 
  Index   Key(hex)    Mask(hex)    Route(hex)    Src. Core -> [Cores][Links]
------------------------------------------------------------------------------
    0     0x00056E00       0xFFFFFF00      0x00000004         (0, 5, 13)      [] [N]
    1     0x00056C00       0xFFFFFF00      0x00000004         (0, 5, 13)      [] [N]
    2     0x0004BE00       0xFFFFFF00      0x00000001         (0, 4, 7)      [] [E]
    3     0x00020600       0xFFFFFF80      0x00000002         (0, 2, 0)      [] [NE]
    4     0x00022A00       0xFFFFFF80      0x00080000         (0, 2, 5)      [13] []
    5     0x00056A00       0xFFFFFF00      0x00000004         (0, 5, 13)      [] [N]
    6     0x00033500       0xFFFFFF00      0x00000020         (0, 3, 6)      [] [S]
    7     0x00022780       0xFFFFFF80      0x00004000         (0, 2, 4)      [8] []
    8     0x00020500       0xFFFFFF80      0x00000002         (0, 2, 0)      [] [NE]
    9     0x00022880       0xFFFFFF80      0x00010000         (0, 2, 5)      [10] []
    10     0x0004B900       0xFFFFFF00      0x00000001         (0, 4, 7)      [] [E]
    11     0x00022B80       0xFFFFFF80      0x00400000         (0, 2, 5)      [16] []
    12     0x00022800       0xFFFFFF80      0x00008000         (0, 2, 5)      [9] []
    13     0x00022580       0xFFFFFF80      0x00000400         (0, 2, 4)      [4] []
    14     0x00022700       0xFFFFFF80      0x00002000         (0, 2, 4)      [7] []
    15     0x0004BC00       0xFFFFFF00      0x00000001         (0, 4, 7)      [] [E]
    16     0x00020A80       0xFFFFFF80      0x00FFFF80         (0, 2, 1)      [1, 2, 3, 4, 5, 6, 7, 8, 9, 10, 11, 12, 13, 14, 15, 16, 17] []
    17     0x0004C100       0xFFFFFF00      0x00000001         (0, 4, 8)      [] [E]
    18     0x00022D00       0xFFFFFF80      0x00000020         (0, 2, 5)      [] [S]
    19     0x0004C300       0xFFFFFF00      0x00000001         (0, 4, 8)      [] [E]
    20     0x00022900       0xFFFFFF80      0x00020000         (0, 2, 5)      [11] []
    21     0x0004C500       0xFFFFFF00      0x00000001         (0, 4, 8)      [] [E]
    22     0x00056B00       0xFFFFFF00      0x00000004         (0, 5, 13)      [] [N]
    23     0x0004BA00       0xFFFFFF00      0x00000001         (0, 4, 7)      [] [E]
    24     0x00022600       0xFFFFFF80      0x00000800         (0, 2, 4)      [5] []
    25     0x0004B600       0xFFFFFF00      0x00000001         (0, 4, 6)      [] [E]
    26     0x00022F80       0xFFFFFF80      0x00000020         (0, 2, 5)      [] [S]
    27     0x0004C400       0xFFFFFF00      0x00000001         (0, 4, 8)      [] [E]
    28     0x00022500       0xFFFFFF80      0x00000200         (0, 2, 4)      [3] []
    29     0x0004C200       0xFFFFFF00      0x00000001         (0, 4, 8)      [] [E]
    30     0x0004BB00       0xFFFFFF00      0x00000001         (0, 4, 7)      [] [E]
    31     0x0004C600       0xFFFFFF00      0x00000001         (0, 4, 8)      [] [E]
    32     0x00022680       0xFFFFFF80      0x00001000         (0, 2, 4)      [6] []
    33     0x00033B00       0xFFFFFF00      0x00000020         (0, 3, 7)      [] [S]
    34     0x00033C00       0xFFFFFF00      0x00000020         (0, 3, 7)      [] [S]
    35     0x00033900       0xFFFFFF00      0x00000020         (0, 3, 7)      [] [S]
    36     0x00022980       0xFFFFFF80      0x00040000         (0, 2, 5)      [12] []
    37     0x00020580       0xFFFFFF80      0x00000002         (0, 2, 0)      [] [NE]
    38     0x0004BF00       0xFFFFFF00      0x00000001         (0, 4, 7)      [] [E]
    39     0x0004B700       0xFFFFFF00      0x00000001         (0, 4, 6)      [] [E]
    40     0x00022B00       0xFFFFFF80      0x00200000         (0, 2, 5)      [15] []
    41     0x00022E00       0xFFFFFF80      0x00000020         (0, 2, 5)      [] [S]
    42     0x00022C00       0xFFFFFF80      0x00800020         (0, 2, 5)      [17] [S]
    43     0x00022D80       0xFFFFFF80      0x00000020         (0, 2, 5)      [] [S]
    44     0x00033800       0xFFFFFF00      0x00000020         (0, 3, 7)      [] [S]
    45     0x0004BD00       0xFFFFFF00      0x00000001         (0, 4, 7)      [] [E]
    46     0x00022E80       0xFFFFFF80      0x00000020         (0, 2, 5)      [] [S]
    47     0x00022C80       0xFFFFFF80      0x00000020         (0, 2, 5)      [] [S]
    48     0x0004B800       0xFFFFFF00      0x00000001         (0, 4, 7)      [] [E]
    49     0x00022F00       0xFFFFFF80      0x00000020         (0, 2, 5)      [] [S]
    50     0x00022400       0xFFFFFF80      0x00000080         (0, 2, 4)      [1] []
    51     0x00033700       0xFFFFFF00      0x00000020         (0, 3, 6)      [] [S]
    52     0x0004C000       0xFFFFFF00      0x00000001         (0, 4, 8)      [] [E]
    53     0x00033A00       0xFFFFFF00      0x00000020         (0, 3, 7)      [] [S]
    54     0x00033600       0xFFFFFF00      0x00000020         (0, 3, 6)      [] [S]
    55     0x00056D00       0xFFFFFF00      0x00000004         (0, 5, 13)      [] [N]
    56     0x00022A80       0xFFFFFF80      0x00100000         (0, 2, 5)      [14] []
    57     0x00022480       0xFFFFFF80      0x00000100         (0, 2, 4)      [2] []
