router contains 134 entries 
 
  Index   Key(hex)    Mask(hex)    Route(hex)    Src. Core -> [Cores][Links]
------------------------------------------------------------------------------
    0     0x00020E00       0xFFFFFF80      0x00000182         (0, 2, 1)      [1, 2] [NE]
    1     0x00052D00       0xFFFFFF00      0x00000008         (0, 5, 5)      [] [W]
    2     0x0001A580       0xFFFFFF80      0x00000008         (0, 1, 4)      [] [W]
    3     0x00062500       0xFFFFFF00      0x00000020         (0, 6, 4)      [] [S]
    4     0x00057E00       0xFFFFFF00      0x00000020         (0, 5, 15)      [] [S]
    5     0x00057100       0xFFFFFF00      0x00000020         (0, 5, 14)      [] [S]
    6     0x00022780       0xFFFFFF80      0x00000200         (0, 2, 4)      [3] []
    7     0x0001CC80       0xFFFFFF80      0x0000000C         (0, 1, 9)      [] [N, W]
    8     0x00062E00       0xFFFFFF00      0x00000020         (0, 6, 5)      [] [S]
    9     0x00018000       0xFFFFFF80      0x00000020         (0, 1, 0)      [] [S]
    10     0x0001FE00       0xFFFFFF80      0x0000000C         (0, 1, 15)      [] [N, W]
    11     0x0001FD00       0xFFFFFF80      0x0000000C         (0, 1, 15)      [] [N, W]
    12     0x0001A700       0xFFFFFF80      0x00000008         (0, 1, 4)      [] [W]
    13     0x00052E00       0xFFFFFF00      0x00000008         (0, 5, 5)      [] [W]
    14     0x00022980       0xFFFFFF80      0x00002000         (0, 2, 5)      [7] []
    15     0x0001CA00       0xFFFFFF80      0x0000000C         (0, 1, 9)      [] [N, W]
    16     0x0001CB80       0xFFFFFF80      0x0000000C         (0, 1, 9)      [] [N, W]
    17     0x00053600       0xFFFFFF00      0x00000008         (0, 5, 6)      [] [W]
    18     0x00023080       0xFFFFFF80      0x00000100         (0, 2, 6)      [2] []
    19     0x0001A900       0xFFFFFF80      0x00000008         (0, 1, 5)      [] [W]
    20     0x00057600       0xFFFFFF00      0x00000020         (0, 5, 14)      [] [S]
    21     0x00022D00       0xFFFFFF80      0x00100000         (0, 2, 5)      [14] []
    22     0x00057300       0xFFFFFF00      0x00000020         (0, 5, 14)      [] [S]
    23     0x00017B00       0xFFFFFF80      0x00000020         (0, 1, 15)      [] [S]
    24     0x00020D00       0xFFFFFF80      0x00000002         (0, 2, 1)      [] [NE]
    25     0x00053000       0xFFFFFF00      0x00000008         (0, 5, 6)      [] [W]
    26     0x00057D00       0xFFFFFF00      0x00000020         (0, 5, 15)      [] [S]
    27     0x00052200       0xFFFFFF00      0x00000010         (0, 5, 4)      [] [SW]
    28     0x00062D00       0xFFFFFF00      0x00000020         (0, 6, 5)      [] [S]
    29     0x0001C700       0xFFFFFF80      0x0000000C         (0, 1, 8)      [] [N, W]
    30     0x00053300       0xFFFFFF00      0x00000008         (0, 5, 6)      [] [W]
    31     0x00022A80       0xFFFFFF80      0x00008000         (0, 2, 5)      [9] []
    32     0x00016800       0xFFFFFF80      0x00000020         (0, 1, 13)      [] [S]
    33     0x00057200       0xFFFFFF00      0x00000020         (0, 5, 14)      [] [S]
    34     0x00051C00       0xFFFFFF00      0x00000010         (0, 5, 3)      [] [SW]
    35     0x0001CD80       0xFFFFFF80      0x0000000C         (0, 1, 9)      [] [N, W]
    36     0x00062C00       0xFFFFFF00      0x00000020         (0, 6, 5)      [] [S]
    37     0x0001AC80       0xFFFFFF80      0x00000008         (0, 1, 5)      [] [W]
    38     0x00017C80       0xFFFFFF80      0x00000020         (0, 1, 15)      [] [S]
    39     0x00051B00       0xFFFFFF00      0x00000010         (0, 5, 3)      [] [SW]
    40     0x00017E00       0xFFFFFF80      0x00000020         (0, 1, 15)      [] [S]
    41     0x0001CB00       0xFFFFFF80      0x00000004         (0, 1, 9)      [] [N]
    42     0x0001C800       0xFFFFFF80      0x0000000C         (0, 1, 9)      [] [N, W]
    43     0x00052F00       0xFFFFFF00      0x00000008         (0, 5, 5)      [] [W]
    44     0x00023000       0xFFFFFF80      0x00000080         (0, 2, 6)      [1] []
    45     0x00022B00       0xFFFFFF80      0x00010000         (0, 2, 5)      [10] []
    46     0x00052800       0xFFFFFF00      0x00000008         (0, 5, 5)      [] [W]
    47     0x00052300       0xFFFFFF00      0x00000010         (0, 5, 4)      [] [SW]
    48     0x00051E00       0xFFFFFF00      0x00000010         (0, 5, 3)      [] [SW]
    49     0x0001FB80       0xFFFFFF80      0x0000000C         (0, 1, 15)      [] [N, W]
    50     0x00057700       0xFFFFFF00      0x00000020         (0, 5, 14)      [] [S]
    51     0x00062400       0xFFFFFF00      0x00000020         (0, 6, 4)      [] [S]
    52     0x00022800       0xFFFFFF80      0x00000400         (0, 2, 5)      [4] []
    53     0x00057800       0xFFFFFF00      0x00000020         (0, 5, 15)      [] [S]
    54     0x0001A980       0xFFFFFF80      0x00000008         (0, 1, 5)      [] [W]
    55     0x00057900       0xFFFFFF00      0x00000020         (0, 5, 15)      [] [S]
    56     0x00062900       0xFFFFFF00      0x00000020         (0, 6, 5)      [] [S]
    57     0x0001A680       0xFFFFFF80      0x00000008         (0, 1, 4)      [] [W]
    58     0x0001A880       0xFFFFFF80      0x00000008         (0, 1, 5)      [] [W]
    59     0x00022D80       0xFFFFFF80      0x00200000         (0, 2, 5)      [15] []
    60     0x0001FA00       0xFFFFFF80      0x0000000C         (0, 1, 15)      [] [N, W]
    61     0x00053400       0xFFFFFF00      0x00000008         (0, 5, 6)      [] [W]
    62     0x0001F900       0xFFFFFF80      0x0000000C         (0, 1, 15)      [] [N, W]
    63     0x00017F00       0xFFFFFF80      0x00000020         (0, 1, 15)      [] [S]
    64     0x00020100       0xFFFFFF80      0x00000004         (0, 2, 0)      [] [N]
    65     0x00057C00       0xFFFFFF00      0x00000020         (0, 5, 15)      [] [S]
    66     0x00052A00       0xFFFFFF00      0x00000008         (0, 5, 5)      [] [W]
    67     0x00022C00       0xFFFFFF80      0x00040000         (0, 2, 5)      [12] []
    68     0x00017F80       0xFFFFFF80      0x00000020         (0, 1, 15)      [] [S]
    69     0x00020E80       0xFFFFFF80      0x007FFE00         (0, 2, 1)      [3, 4, 5, 6, 7, 8, 9, 10, 11, 12, 13, 14, 15, 16] []
    70     0x00022B80       0xFFFFFF80      0x00020000         (0, 2, 5)      [11] []
    71     0x00053100       0xFFFFFF00      0x00000008         (0, 5, 6)      [] [W]
    72     0x00052400       0xFFFFFF00      0x00000010         (0, 5, 4)      [] [SW]
    73     0x00062300       0xFFFFFF00      0x00000020         (0, 6, 4)      [] [S]
    74     0x0001FD80       0xFFFFFF80      0x0000000C         (0, 1, 15)      [] [N, W]
    75     0x00062700       0xFFFFFF00      0x00000020         (0, 6, 4)      [] [S]
    76     0x00053500       0xFFFFFF00      0x00000008         (0, 5, 6)      [] [W]
    77     0x0001AD00       0xFFFFFF80      0x00000008         (0, 1, 5)      [] [W]
    78     0x0001CA80       0xFFFFFF80      0x00000004         (0, 1, 9)      [] [N]
    79     0x00016780       0xFFFFFF80      0x00000020         (0, 1, 12)      [] [S]
    80     0x0001FC00       0xFFFFFF80      0x0000000C         (0, 1, 15)      [] [N, W]
    81     0x0001C900       0xFFFFFF80      0x0000000C         (0, 1, 9)      [] [N, W]
    82     0x00022A00       0xFFFFFF80      0x00004000         (0, 2, 5)      [8] []
    83     0x00017C00       0xFFFFFF80      0x00000020         (0, 1, 15)      [] [S]
    84     0x00016880       0xFFFFFF80      0x00000020         (0, 1, 13)      [] [S]
    85     0x0001CE80       0xFFFFFF80      0x0000000C         (0, 1, 9)      [] [N, W]
    86     0x0001F980       0xFFFFFF80      0x0000000C         (0, 1, 15)      [] [N, W]
    87     0x00020C80       0xFFFFFF80      0x00000002         (0, 2, 1)      [] [NE]
    88     0x0001A500       0xFFFFFF80      0x00000008         (0, 1, 4)      [] [W]
    89     0x0001CC00       0xFFFFFF80      0x0000000C         (0, 1, 9)      [] [N, W]
    90     0x0001A600       0xFFFFFF80      0x00000008         (0, 1, 4)      [] [W]
    91     0x00017D80       0xFFFFFF80      0x00000020         (0, 1, 15)      [] [S]
    92     0x00051F00       0xFFFFFF00      0x00000010         (0, 5, 3)      [] [SW]
    93     0x0001C980       0xFFFFFF80      0x0000000C         (0, 1, 9)      [] [N, W]
    94     0x00056F00       0xFFFFFF00      0x00000020         (0, 5, 13)      [] [S]
    95     0x00052500       0xFFFFFF00      0x00000010         (0, 5, 4)      [] [SW]
    96     0x00062A00       0xFFFFFF00      0x00000020         (0, 6, 5)      [] [S]
    97     0x00052900       0xFFFFFF00      0x00000008         (0, 5, 5)      [] [W]
    98     0x0001A800       0xFFFFFF80      0x00000008         (0, 1, 5)      [] [W]
    99     0x0001CE00       0xFFFFFF80      0x0000000C         (0, 1, 9)      [] [N, W]
    100     0x0001A780       0xFFFFFF80      0x00000008         (0, 1, 4)      [] [W]
    101     0x00052B00       0xFFFFFF00      0x00000008         (0, 5, 5)      [] [W]
    102     0x0001FA80       0xFFFFFF80      0x0000000C         (0, 1, 15)      [] [N, W]
    103     0x00052000       0xFFFFFF00      0x00000010         (0, 5, 4)      [] [SW]
    104     0x0001C780       0xFFFFFF80      0x0000000C         (0, 1, 8)      [] [N, W]
    105     0x00051D00       0xFFFFFF00      0x00000010         (0, 5, 3)      [] [SW]
    106     0x00022880       0xFFFFFF80      0x00000800         (0, 2, 5)      [5] []
    107     0x0001CF00       0xFFFFFF80      0x0000000C         (0, 1, 9)      [] [N, W]
    108     0x00052C00       0xFFFFFF00      0x00000008         (0, 5, 5)      [] [W]
    109     0x0001FB00       0xFFFFFF80      0x0000000C         (0, 1, 15)      [] [N, W]
    110     0x0001FC80       0xFFFFFF80      0x0000000C         (0, 1, 15)      [] [N, W]
    111     0x00062600       0xFFFFFF00      0x00000020         (0, 6, 4)      [] [S]
    112     0x00022900       0xFFFFFF80      0x00001000         (0, 2, 5)      [6] []
    113     0x00022C80       0xFFFFFF80      0x00080000         (0, 2, 5)      [13] []
    114     0x00057400       0xFFFFFF00      0x00000020         (0, 5, 14)      [] [S]
    115     0x00022E00       0xFFFFFF80      0x00400000         (0, 2, 5)      [16] []
    116     0x00062B00       0xFFFFFF00      0x00000020         (0, 6, 5)      [] [S]
    117     0x0001C880       0xFFFFFF80      0x0000000C         (0, 1, 9)      [] [N, W]
    118     0x00052100       0xFFFFFF00      0x00000010         (0, 5, 4)      [] [SW]
    119     0x00053200       0xFFFFFF00      0x00000008         (0, 5, 6)      [] [W]
    120     0x00017B80       0xFFFFFF80      0x00000020         (0, 1, 15)      [] [S]
    121     0x00057B00       0xFFFFFF00      0x00000020         (0, 5, 15)      [] [S]
    122     0x00062800       0xFFFFFF00      0x00000020         (0, 6, 5)      [] [S]
    123     0x00057A00       0xFFFFFF00      0x00000020         (0, 5, 15)      [] [S]
    124     0x00017A80       0xFFFFFF80      0x00000020         (0, 1, 15)      [] [S]
    125     0x00017E80       0xFFFFFF80      0x00000020         (0, 1, 15)      [] [S]
    126     0x0001FE80       0xFFFFFF80      0x0000000C         (0, 1, 15)      [] [N, W]
    127     0x00057000       0xFFFFFF00      0x00000020         (0, 5, 14)      [] [S]
    128     0x00017D00       0xFFFFFF80      0x00000020         (0, 1, 15)      [] [S]
    129     0x00052700       0xFFFFFF00      0x00000008         (0, 5, 4)      [] [W]
    130     0x00057500       0xFFFFFF00      0x00000020         (0, 5, 14)      [] [S]
    131     0x0001CD00       0xFFFFFF80      0x0000000C         (0, 1, 9)      [] [N, W]
    132     0x00016700       0xFFFFFF80      0x00000020         (0, 1, 12)      [] [S]
    133     0x00052600       0xFFFFFF00      0x00000008         (0, 5, 4)      [] [W]
