router contains 587 entries 
 
  Index   Key(hex)    Mask(hex)    Route(hex)    Src. Core -> [Cores][Links]
------------------------------------------------------------------------------
    0     0x00016300       0xFFFFFF80      0x00400000         (0, 1, 12)      [16] []
    1     0x0001DE00       0xFFFFFF80      0x00800000         (0, 1, 11)      [17] []
    2     0x00015800       0xFFFFFF80      0x00000090         (0, 1, 11)      [1] [SW]
    3     0x00058A00       0xFFFFFF00      0x00400000         (0, 5, 1)      [16] []
    4     0x0001C700       0xFFFFFF80      0x00000230         (0, 1, 8)      [3] [SW, S]
    5     0x0000CE80       0xFFFFFF80      0x00080000         (0, 0, 9)      [13] []
    6     0x0001B480       0xFFFFFF80      0x00300002         (0, 1, 6)      [14, 15] [NE]
    7     0x00019F00       0xFFFFFF80      0x0000C00C         (0, 1, 3)      [8, 9] [N, W]
    8     0x00022780       0xFFFFFF80      0x00000002         (0, 2, 4)      [] [NE]
    9     0x0000EC00       0xFFFFFF80      0x00000008         (0, 0, 13)      [] [W]
    10     0x00022F00       0xFFFFFF80      0x00001000         (0, 2, 5)      [6] []
    11     0x00015B00       0xFFFFFF80      0x00002000         (0, 1, 11)      [7] []
    12     0x0001FE80       0xFFFFFF80      0x00008030         (0, 1, 15)      [9] [SW, S]
    13     0x0001E080       0xFFFFFF80      0x00000400         (0, 1, 12)      [4] []
    14     0x0001C100       0xFFFFFF80      0x00001000         (0, 1, 8)      [6] []
    15     0x00009880       0xFFFFFF80      0x00080000         (0, 0, 3)      [13] []
    16     0x00056F00       0xFFFFFF00      0x00000020         (0, 5, 13)      [] [S]
    17     0x00010400       0xFFFFFF80      0x00040010         (0, 1, 0)      [12] [SW]
    18     0x0000DF80       0xFFFFFF80      0x00000108         (0, 0, 11)      [2] [W]
    19     0x00019D00       0xFFFFFF80      0x00000C0C         (0, 1, 3)      [4, 5] [N, W]
    20     0x00021A00       0xFFFFFF80      0x00000001         (0, 2, 3)      [] [E]
    21     0x00023080       0xFFFFFF80      0x00008000         (0, 2, 6)      [9] []
    22     0x00008A80       0xFFFFFF80      0x00040000         (0, 0, 1)      [12] []
    23     0x0000C200       0xFFFFFF80      0x00200010         (0, 0, 8)      [15] [SW]
    24     0x00022100       0xFFFFFF80      0x00000001         (0, 2, 4)      [] [E]
    25     0x00017A00       0xFFFFFF80      0x00200000         (0, 1, 15)      [15] []
    26     0x0001D180       0xFFFFFF80      0x00200020         (0, 1, 10)      [15] [S]
    27     0x00019D80       0xFFFFFF80      0x0000180C         (0, 1, 3)      [5, 6] [N, W]
    28     0x00012000       0xFFFFFF80      0x00100000         (0, 1, 4)      [14] []
    29     0x0001A580       0xFFFFFF80      0x0000FFBE         (0, 1, 4)      [1, 2, 3, 4, 5, 6, 7, 8, 9] [NE, N, W, SW, S]
    30     0x00016000       0xFFFFFF80      0x00010000         (0, 1, 12)      [10] []
    31     0x00016D80       0xFFFFFF80      0x00080020         (0, 1, 13)      [13] [S]
    32     0x00023000       0xFFFFFF80      0x00004000         (0, 2, 6)      [8] []
    33     0x0001D680       0xFFFFFF80      0x00002020         (0, 1, 10)      [7] [S]
    34     0x0000B280       0xFFFFFF80      0x00020000         (0, 0, 6)      [11] []
    35     0x0001DA80       0xFFFFFF80      0x00000200         (0, 1, 11)      [3] []
    36     0x00017800       0xFFFFFF80      0x00020000         (0, 1, 15)      [11] []
    37     0x0001E180       0xFFFFFF80      0x00001000         (0, 1, 12)      [6] []
    38     0x0001F380       0xFFFFFF80      0x00004000         (0, 1, 14)      [8] []
    39     0x00015980       0xFFFFFF80      0x00000400         (0, 1, 11)      [4] []
    40     0x00007C00       0xFFFFFF80      0x00010000         (0, 0, 15)      [10] []
    41     0x0000CD00       0xFFFFFF80      0x00010000         (0, 0, 9)      [10] []
    42     0x0001EE80       0xFFFFFF80      0x00000800         (0, 1, 13)      [5] []
    43     0x00022F80       0xFFFFFF80      0x00002000         (0, 2, 5)      [7] []
    44     0x00022A80       0xFFFFFF80      0x00200000         (0, 2, 5)      [15] []
    45     0x00014900       0xFFFFFF80      0x00200018         (0, 1, 9)      [15] [W, SW]
    46     0x0001F600       0xFFFFFF80      0x00002000         (0, 1, 14)      [7] []
    47     0x0001A000       0xFFFFFF80      0x0001FF86         (0, 1, 4)      [1, 2, 3, 4, 5, 6, 7, 8, 9, 10] [NE, N]
    48     0x0000A680       0xFFFFFF80      0x00100000         (0, 0, 4)      [14] []
    49     0x00017F80       0xFFFFFF80      0x00004000         (0, 1, 15)      [8] []
    50     0x00022080       0xFFFFFF80      0x00000001         (0, 2, 4)      [] [E]
    51     0x00014E80       0xFFFFFF80      0x00004018         (0, 1, 9)      [8] [W, SW]
    52     0x00013200       0xFFFFFF80      0x00000808         (0, 1, 6)      [5] [W]
    53     0x00021D00       0xFFFFFF80      0x00000001         (0, 2, 3)      [] [E]
    54     0x00032600       0xFFFFFF00      0x00000002         (0, 3, 4)      [] [NE]
    55     0x0001B980       0xFFFFFF80      0x00002000         (0, 1, 7)      [7] []
    56     0x0001F880       0xFFFFFF80      0x00002000         (0, 1, 15)      [7] []
    57     0x00010780       0xFFFFFF80      0x00000090         (0, 1, 0)      [1] [SW]
    58     0x00014700       0xFFFFFF80      0x00020000         (0, 1, 8)      [11] []
    59     0x00016E80       0xFFFFFF80      0x00200020         (0, 1, 13)      [15] [S]
    60     0x00006F00       0xFFFFFF80      0x00020000         (0, 0, 13)      [11] []
    61     0x00011600       0xFFFFFF80      0x00000200         (0, 1, 2)      [3] []
    62     0x00021A80       0xFFFFFF80      0x00000001         (0, 2, 3)      [] [E]
    63     0x00011180       0xFFFFFF80      0x00040000         (0, 1, 2)      [12] []
    64     0x0001AE80       0xFFFFFF80      0x00FF0182         (0, 1, 5)      [1, 2, 10, 11, 12, 13, 14, 15, 16, 17] [NE]
    65     0x0000C100       0xFFFFFF80      0x00080010         (0, 0, 8)      [13] [SW]
    66     0x0001BE80       0xFFFFFF80      0x00000080         (0, 1, 7)      [1] []
    67     0x00057A00       0xFFFFFF00      0x00000020         (0, 5, 15)      [] [S]
    68     0x00022D80       0xFFFFFF80      0x00000200         (0, 2, 5)      [3] []
    69     0x00014080       0xFFFFFF80      0x00002008         (0, 1, 8)      [7] [W]
    70     0x0001DD00       0xFFFFFF80      0x00004000         (0, 1, 11)      [8] []
    71     0x00018900       0xFFFFFF80      0x00000800         (0, 1, 1)      [5] []
    72     0x00010480       0xFFFFFF80      0x00080010         (0, 1, 0)      [13] [SW]
    73     0x0001E500       0xFFFFFF80      0x00000200         (0, 1, 12)      [3] []
    74     0x00012300       0xFFFFFF80      0x00000100         (0, 1, 4)      [2] []
    75     0x0001FA00       0xFFFFFF80      0x00001030         (0, 1, 15)      [6] [SW, S]
    76     0x00013C00       0xFFFFFF80      0x00400000         (0, 1, 7)      [16] []
    77     0x00057200       0xFFFFFF00      0x00000020         (0, 5, 14)      [] [S]
    78     0x00058B00       0xFFFFFF00      0x00800000         (0, 5, 1)      [17] []
    79     0x0001D780       0xFFFFFF80      0x00008020         (0, 1, 10)      [9] [S]
    80     0x0000DA80       0xFFFFFF80      0x00010000         (0, 0, 11)      [10] []
    81     0x0001B580       0xFFFFFF80      0x00C00002         (0, 1, 6)      [16, 17] [NE]
    82     0x00010680       0xFFFFFF80      0x00800010         (0, 1, 0)      [17] [SW]
    83     0x00058200       0xFFFFFF00      0x00004000         (0, 5, 0)      [8] []
    84     0x0001EA80       0xFFFFFF80      0x00000800         (0, 1, 13)      [5] []
    85     0x0001F280       0xFFFFFF80      0x00001000         (0, 1, 14)      [6] []
    86     0x00022880       0xFFFFFF80      0x00020002         (0, 2, 5)      [11] [NE]
    87     0x00014800       0xFFFFFF80      0x00080010         (0, 1, 9)      [13] [SW]
    88     0x00017C00       0xFFFFFF80      0x00000080         (0, 1, 15)      [1] []
    89     0x0000F700       0xFFFFFF80      0x00080000         (0, 0, 14)      [13] []
    90     0x00018F00       0xFFFFFF80      0x00100000         (0, 1, 1)      [14] []
    91     0x00018D00       0xFFFFFF80      0x00010000         (0, 1, 1)      [10] []
    92     0x00017180       0xFFFFFF80      0x00000200         (0, 1, 14)      [3] []
    93     0x0001ED80       0xFFFFFF80      0x00000200         (0, 1, 13)      [3] []
    94     0x00016100       0xFFFFFF80      0x00040000         (0, 1, 12)      [12] []
    95     0x00011780       0xFFFFFF80      0x00001000         (0, 1, 2)      [6] []
    96     0x0001E780       0xFFFFFF80      0x00004000         (0, 1, 12)      [8] []
    97     0x0001CC80       0xFFFFFF80      0x00000030         (0, 1, 9)      [] [SW, S]
    98     0x00011E80       0xFFFFFF80      0x00020000         (0, 1, 3)      [11] []
    99     0x00032700       0xFFFFFF00      0x00000002         (0, 3, 4)      [] [NE]
    100     0x0001FC80       0xFFFFFF80      0x00004030         (0, 1, 15)      [8] [SW, S]
    101     0x0001E100       0xFFFFFF80      0x00000800         (0, 1, 12)      [5] []
    102     0x00011280       0xFFFFFF80      0x00100000         (0, 1, 2)      [14] []
    103     0x00013100       0xFFFFFF80      0x00000208         (0, 1, 6)      [3] [W]
    104     0x00012C80       0xFFFFFF80      0x00040000         (0, 1, 5)      [12] []
    105     0x00014B00       0xFFFFFF80      0x00000098         (0, 1, 9)      [1] [W, SW]
    106     0x0001EC80       0xFFFFFF80      0x00008000         (0, 1, 13)      [9] []
    107     0x0000D180       0xFFFFFF80      0x00000080         (0, 0, 10)      [1] []
    108     0x0001FE00       0xFFFFFF80      0x00008030         (0, 1, 15)      [9] [SW, S]
    109     0x00018400       0xFFFFFF80      0x00080000         (0, 1, 0)      [13] []
    110     0x0001A700       0xFFFFFF80      0x0000FFBE         (0, 1, 4)      [1, 2, 3, 4, 5, 6, 7, 8, 9] [NE, N, W, SW, S]
    111     0x00013A00       0xFFFFFF80      0x00040000         (0, 1, 7)      [12] []
    112     0x0001D800       0xFFFFFF80      0x00400000         (0, 1, 11)      [16] []
    113     0x00012400       0xFFFFFF80      0x00000400         (0, 1, 4)      [4] []
    114     0x00017300       0xFFFFFF80      0x00001000         (0, 1, 14)      [6] []
    115     0x00013A80       0xFFFFFF80      0x00080000         (0, 1, 7)      [13] []
    116     0x00058600       0xFFFFFF00      0x00040000         (0, 5, 0)      [12] []
    117     0x0001C800       0xFFFFFF80      0x00000830         (0, 1, 9)      [5] [SW, S]
    118     0x00018480       0xFFFFFF80      0x00100000         (0, 1, 0)      [14] []
    119     0x0001A800       0xFFFFFF80      0x0000FFBE         (0, 1, 5)      [1, 2, 3, 4, 5, 6, 7, 8, 9] [NE, N, W, SW, S]
    120     0x00009900       0xFFFFFF80      0x00100000         (0, 0, 3)      [14] []
    121     0x00057700       0xFFFFFF00      0x00000020         (0, 5, 14)      [] [S]
    122     0x00018280       0xFFFFFF80      0x00010000         (0, 1, 0)      [10] []
    123     0x0001CF00       0xFFFFFF80      0x00000830         (0, 1, 9)      [5] [SW, S]
    124     0x00012D80       0xFFFFFF80      0x00100000         (0, 1, 5)      [14] []
    125     0x00057F00       0xFFFFFF00      0x00000800         (0, 5, 15)      [5] []
    126     0x0000DC00       0xFFFFFF80      0x00080000         (0, 0, 11)      [13] []
    127     0x00057100       0xFFFFFF00      0x00000020         (0, 5, 14)      [] [S]
    128     0x00011F80       0xFFFFFF80      0x00080000         (0, 1, 3)      [13] []
    129     0x00022B80       0xFFFFFF80      0x00800000         (0, 2, 5)      [17] []
    130     0x0000A480       0xFFFFFF80      0x00010000         (0, 0, 4)      [10] []
    131     0x0001CD80       0xFFFFFF80      0x00000130         (0, 1, 9)      [2] [SW, S]
    132     0x0000DE00       0xFFFFFF80      0x00800008         (0, 0, 11)      [17] [W]
    133     0x0001E200       0xFFFFFF80      0x00002000         (0, 1, 12)      [7] []
    134     0x0000ED00       0xFFFFFF80      0x00000108         (0, 0, 13)      [2] [W]
    135     0x0001B800       0xFFFFFF80      0x00000400         (0, 1, 7)      [4] []
    136     0x0000A500       0xFFFFFF80      0x00020000         (0, 0, 4)      [11] []
    137     0x0000C380       0xFFFFFF80      0x00000010         (0, 0, 8)      [] [SW]
    138     0x0001AF80       0xFFFFFF80      0x00FF0602         (0, 1, 5)      [3, 4, 10, 11, 12, 13, 14, 15, 16, 17] [NE]
    139     0x0001DF00       0xFFFFFF80      0x00000080         (0, 1, 11)      [1] []
    140     0x0000B580       0xFFFFFF80      0x00800008         (0, 0, 6)      [17] [W]
    141     0x0001A280       0xFFFFFF80      0x0030FF84         (0, 1, 4)      [1, 2, 3, 4, 5, 6, 7, 8, 9, 14, 15] [N]
    142     0x0001A400       0xFFFFFF80      0x0080FF8C         (0, 1, 4)      [1, 2, 3, 4, 5, 6, 7, 8, 9, 17] [N, W]
    143     0x00013300       0xFFFFFF80      0x00002008         (0, 1, 6)      [7] [W]
    144     0x0001AE00       0xFFFFFF80      0x00FF0082         (0, 1, 5)      [1, 10, 11, 12, 13, 14, 15, 16, 17] [NE]
    145     0x00018300       0xFFFFFF80      0x00020000         (0, 1, 0)      [11] []
    146     0x0000EA80       0xFFFFFF80      0x00200008         (0, 0, 13)      [15] [W]
    147     0x0001A900       0xFFFFFF80      0x0000FFBE         (0, 1, 5)      [1, 2, 3, 4, 5, 6, 7, 8, 9] [NE, N, W, SW, S]
    148     0x00016F80       0xFFFFFF80      0x00800020         (0, 1, 13)      [17] [S]
    149     0x00017480       0xFFFFFF80      0x00008000         (0, 1, 14)      [9] []
    150     0x00016C80       0xFFFFFF80      0x00020020         (0, 1, 13)      [11] [S]
    151     0x0001D000       0xFFFFFF80      0x00002020         (0, 1, 10)      [7] [S]
    152     0x0001BB80       0xFFFFFF80      0x00080002         (0, 1, 7)      [13] [NE]
    153     0x0001EB00       0xFFFFFF80      0x00001000         (0, 1, 13)      [6] []
    154     0x0000DF00       0xFFFFFF80      0x00000088         (0, 0, 11)      [1] [W]
    155     0x0000DD00       0xFFFFFF80      0x00200008         (0, 0, 11)      [15] [W]
    156     0x0000BF80       0xFFFFFF80      0x00010000         (0, 0, 7)      [10] []
    157     0x0000B200       0xFFFFFF80      0x00010000         (0, 0, 6)      [10] []
    158     0x00022400       0xFFFFFF80      0x00000003         (0, 2, 4)      [] [E, NE]
    159     0x0001FB80       0xFFFFFF80      0x00008030         (0, 1, 15)      [9] [SW, S]
    160     0x0001D100       0xFFFFFF80      0x00008020         (0, 1, 10)      [9] [S]
    161     0x00016700       0xFFFFFF80      0x00001000         (0, 1, 12)      [6] []
    162     0x0001D880       0xFFFFFF80      0x00800000         (0, 1, 11)      [17] []
    163     0x00058100       0xFFFFFF00      0x00002000         (0, 5, 0)      [7] []
    164     0x0001BB00       0xFFFFFF80      0x00040002         (0, 1, 7)      [12] [NE]
    165     0x00012580       0xFFFFFF80      0x00002000         (0, 1, 4)      [7] []
    166     0x00019A00       0xFFFFFF80      0x0040000E         (0, 1, 3)      [16] [NE, N, W]
    167     0x00014100       0xFFFFFF80      0x00004008         (0, 1, 8)      [8] [W]
    168     0x0001E000       0xFFFFFF80      0x00000200         (0, 1, 12)      [3] []
    169     0x00015580       0xFFFFFF80      0x00100010         (0, 1, 10)      [14] [SW]
    170     0x00019B00       0xFFFFFF80      0x0000008E         (0, 1, 3)      [1] [NE, N, W]
    171     0x00017D00       0xFFFFFF80      0x00000200         (0, 1, 15)      [3] []
    172     0x00016800       0xFFFFFF80      0x00004000         (0, 1, 13)      [8] []
    173     0x00057300       0xFFFFFF00      0x00000020         (0, 5, 14)      [] [S]
    174     0x0001C900       0xFFFFFF80      0x00002030         (0, 1, 9)      [7] [SW, S]
    175     0x00016380       0xFFFFFF80      0x00800000         (0, 1, 12)      [17] []
    176     0x00022A00       0xFFFFFF80      0x00100000         (0, 2, 5)      [14] []
    177     0x0001F800       0xFFFFFF80      0x00001000         (0, 1, 15)      [6] []
    178     0x00011680       0xFFFFFF80      0x00000400         (0, 1, 2)      [4] []
    179     0x0000EB80       0xFFFFFF80      0x00800008         (0, 0, 13)      [17] [W]
    180     0x00011080       0xFFFFFF80      0x00010000         (0, 1, 2)      [10] []
    181     0x0000DB00       0xFFFFFF80      0x00020000         (0, 0, 11)      [11] []
    182     0x0001C280       0xFFFFFF80      0x00008000         (0, 1, 8)      [9] []
    183     0x00057E00       0xFFFFFF00      0x00000400         (0, 5, 15)      [4] []
    184     0x0001F200       0xFFFFFF80      0x00000800         (0, 1, 14)      [5] []
    185     0x00018780       0xFFFFFF80      0x00000100         (0, 1, 0)      [2] []
    186     0x00016480       0xFFFFFF80      0x00000080         (0, 1, 12)      [1] []
    187     0x00018580       0xFFFFFF80      0x00400000         (0, 1, 0)      [16] []
    188     0x00019780       0xFFFFFF80      0x00020006         (0, 1, 2)      [11] [NE, N]
    189     0x0000B480       0xFFFFFF80      0x00200008         (0, 0, 6)      [15] [W]
    190     0x0001D080       0xFFFFFF80      0x00004020         (0, 1, 10)      [8] [S]
    191     0x0001C780       0xFFFFFF80      0x00000430         (0, 1, 8)      [4] [SW, S]
    192     0x00016580       0xFFFFFF80      0x00000200         (0, 1, 12)      [3] []
    193     0x0001FC00       0xFFFFFF80      0x00002030         (0, 1, 15)      [7] [SW, S]
    194     0x0001A680       0xFFFFFF80      0x0000FFBE         (0, 1, 4)      [1, 2, 3, 4, 5, 6, 7, 8, 9] [NE, N, W, SW, S]
    195     0x00021C00       0xFFFFFF80      0x00000001         (0, 2, 3)      [] [E]
    196     0x0000F780       0xFFFFFF80      0x00100000         (0, 0, 14)      [14] []
    197     0x00017E00       0xFFFFFF80      0x00000800         (0, 1, 15)      [5] []
    198     0x00058700       0xFFFFFF00      0x00080000         (0, 5, 0)      [13] []
    199     0x0001D200       0xFFFFFF80      0x00400020         (0, 1, 10)      [16] [S]
    200     0x0001C680       0xFFFFFF80      0x00000100         (0, 1, 8)      [2] []
    201     0x00009780       0xFFFFFF80      0x00020000         (0, 0, 2)      [11] []
    202     0x0001C200       0xFFFFFF80      0x00004000         (0, 1, 8)      [8] []
    203     0x0001AB00       0xFFFFFF80      0x00FF003F         (0, 1, 5)      [10, 11, 12, 13, 14, 15, 16, 17] [E, NE, N, W, SW, S]
    204     0x00016B80       0xFFFFFF80      0x00000020         (0, 1, 13)      [] [S]
    205     0x0001B880       0xFFFFFF80      0x00000800         (0, 1, 7)      [5] []
    206     0x00057500       0xFFFFFF00      0x00000020         (0, 5, 14)      [] [S]
    207     0x00017A80       0xFFFFFF80      0x00400000         (0, 1, 15)      [16] []
    208     0x00015380       0xFFFFFF80      0x00010000         (0, 1, 10)      [10] []
    209     0x0001BA00       0xFFFFFF80      0x00004000         (0, 1, 7)      [8] []
    210     0x0000F600       0xFFFFFF80      0x00020000         (0, 0, 14)      [11] []
    211     0x0000F880       0xFFFFFF80      0x00400008         (0, 0, 15)      [16] [W]
    212     0x00015680       0xFFFFFF80      0x00400010         (0, 1, 10)      [16] [SW]
    213     0x00011400       0xFFFFFF80      0x00800000         (0, 1, 2)      [17] []
    214     0x00015A00       0xFFFFFF80      0x00000800         (0, 1, 11)      [5] []
    215     0x0001B200       0xFFFFFF80      0x00FFC000         (0, 1, 6)      [8, 9, 10, 11, 12, 13, 14, 15, 16, 17] []
    216     0x00015780       0xFFFFFF80      0x00000010         (0, 1, 10)      [] [SW]
    217     0x0000B400       0xFFFFFF80      0x00100000         (0, 0, 6)      [14] []
    218     0x0001A180       0xFFFFFF80      0x000CFF86         (0, 1, 4)      [1, 2, 3, 4, 5, 6, 7, 8, 9, 12, 13] [NE, N]
    219     0x00017F00       0xFFFFFF80      0x00002000         (0, 1, 15)      [7] []
    220     0x00010580       0xFFFFFF80      0x00200010         (0, 1, 0)      [15] [SW]
    221     0x00013000       0xFFFFFF80      0x00000088         (0, 1, 6)      [1] [W]
    222     0x0001AC80       0xFFFFFF80      0x00FF003E         (0, 1, 5)      [10, 11, 12, 13, 14, 15, 16, 17] [NE, N, W, SW, S]
    223     0x00005380       0xFFFFFF80      0x00010000         (0, 0, 10)      [10] []
    224     0x00019000       0xFFFFFF80      0x00400000         (0, 1, 2)      [16] []
    225     0x00058300       0xFFFFFF00      0x00008000         (0, 5, 0)      [9] []
    226     0x00014D80       0xFFFFFF80      0x00001018         (0, 1, 9)      [6] [W, SW]
    227     0x0001BD00       0xFFFFFF80      0x00400000         (0, 1, 7)      [16] []
    228     0x0001ED00       0xFFFFFF80      0x00000100         (0, 1, 13)      [2] []
    229     0x0001BA80       0xFFFFFF80      0x00008000         (0, 1, 7)      [9] []
    230     0x00016280       0xFFFFFF80      0x00200000         (0, 1, 12)      [15] []
    231     0x00017080       0xFFFFFF80      0x000000A0         (0, 1, 14)      [1] [S]
    232     0x0001EF00       0xFFFFFF80      0x00001000         (0, 1, 13)      [6] []
    233     0x00011380       0xFFFFFF80      0x00400000         (0, 1, 2)      [16] []
    234     0x00058400       0xFFFFFF00      0x00010000         (0, 5, 0)      [10] []
    235     0x00021D80       0xFFFFFF80      0x00000001         (0, 2, 3)      [] [E]
    236     0x00018800       0xFFFFFF80      0x00000200         (0, 1, 1)      [3] []
    237     0x00006180       0xFFFFFF80      0x00020000         (0, 0, 12)      [11] []
    238     0x00013E80       0xFFFFFF80      0x00000200         (0, 1, 7)      [3] []
    239     0x00018980       0xFFFFFF80      0x00001000         (0, 1, 1)      [6] []
    240     0x00019E80       0xFFFFFF80      0x0000600C         (0, 1, 3)      [8, 7] [N, W]
    241     0x00010800       0xFFFFFF80      0x00000110         (0, 1, 1)      [2] [SW]
    242     0x00014A00       0xFFFFFF80      0x00800018         (0, 1, 9)      [17] [W, SW]
    243     0x00008A00       0xFFFFFF80      0x00020000         (0, 0, 1)      [11] []
    244     0x00019400       0xFFFFFF80      0x0000100E         (0, 1, 2)      [6] [NE, N, W]
    245     0x00019B80       0xFFFFFF80      0x0000018E         (0, 1, 3)      [1, 2] [NE, N, W]
    246     0x0001F500       0xFFFFFF80      0x00000800         (0, 1, 14)      [5] []
    247     0x0000F980       0xFFFFFF80      0x00000008         (0, 0, 15)      [] [W]
    248     0x0001E800       0xFFFFFF80      0x00008000         (0, 1, 13)      [9] []
    249     0x00058900       0xFFFFFF00      0x00200000         (0, 5, 1)      [15] []
    250     0x0001DD80       0xFFFFFF80      0x00008000         (0, 1, 11)      [9] []
    251     0x0000A580       0xFFFFFF80      0x00040000         (0, 0, 4)      [12] []
    252     0x00015B80       0xFFFFFF80      0x00004000         (0, 1, 11)      [8] []
    253     0x00022580       0xFFFFFF80      0x00000003         (0, 2, 4)      [] [E, NE]
    254     0x00007D80       0xFFFFFF80      0x00080010         (0, 0, 15)      [13] [SW]
    255     0x0001EE00       0xFFFFFF80      0x00000400         (0, 1, 13)      [4] []
    256     0x00017200       0xFFFFFF80      0x00000400         (0, 1, 14)      [4] []
    257     0x0001CB00       0xFFFFFF80      0x00200030         (0, 1, 9)      [15] [SW, S]
    258     0x0001A200       0xFFFFFF80      0x0018FF86         (0, 1, 4)      [1, 2, 3, 4, 5, 6, 7, 8, 9, 13, 14] [NE, N]
    259     0x0001B300       0xFFFFFF80      0x00060002         (0, 1, 6)      [11, 12] [NE]
    260     0x00014A80       0xFFFFFF80      0x00000018         (0, 1, 9)      [] [W, SW]
    261     0x0001A300       0xFFFFFF80      0x0060FF8C         (0, 1, 4)      [1, 2, 3, 4, 5, 6, 7, 8, 9, 15, 16] [N, W]
    262     0x0001E480       0xFFFFFF80      0x00000100         (0, 1, 12)      [2] []
    263     0x00013B00       0xFFFFFF80      0x00100000         (0, 1, 7)      [14] []
    264     0x0001A480       0xFFFFFF80      0x0000FF8C         (0, 1, 4)      [1, 2, 3, 4, 5, 6, 7, 8, 9] [N, W]
    265     0x00019980       0xFFFFFF80      0x0020000E         (0, 1, 3)      [15] [NE, N, W]
    266     0x0001D700       0xFFFFFF80      0x00004020         (0, 1, 10)      [8] [S]
    267     0x00013C80       0xFFFFFF80      0x00800000         (0, 1, 7)      [17] []
    268     0x00017E80       0xFFFFFF80      0x00001000         (0, 1, 15)      [6] []
    269     0x00013F80       0xFFFFFF80      0x00000808         (0, 1, 7)      [5] [W]
    270     0x00011300       0xFFFFFF80      0x00200000         (0, 1, 2)      [15] []
    271     0x00057800       0xFFFFFF00      0x00000020         (0, 5, 15)      [] [S]
    272     0x0001EF80       0xFFFFFF80      0x00002000         (0, 1, 13)      [7] []
    273     0x00018E80       0xFFFFFF80      0x00080000         (0, 1, 1)      [13] []
    274     0x00019C00       0xFFFFFF80      0x0000030E         (0, 1, 3)      [2, 3] [NE, N, W]
    275     0x0001F100       0xFFFFFF80      0x00000200         (0, 1, 14)      [3] []
    276     0x0001C880       0xFFFFFF80      0x00001030         (0, 1, 9)      [6] [SW, S]
    277     0x00022680       0xFFFFFF80      0x00000002         (0, 2, 4)      [] [NE]
    278     0x0001F400       0xFFFFFF80      0x00008000         (0, 1, 14)      [9] []
    279     0x00019200       0xFFFFFF80      0x00000100         (0, 1, 2)      [2] []
    280     0x0001B080       0xFFFFFF80      0x00FF1800         (0, 1, 6)      [5, 6, 10, 11, 12, 13, 14, 15, 16, 17] []
    281     0x00017900       0xFFFFFF80      0x00080000         (0, 1, 15)      [13] []
    282     0x00020D80       0xFFFFFF80      0x00000020         (0, 2, 1)      [] [S]
    283     0x00032800       0xFFFFFF00      0x00000002         (0, 3, 5)      [] [NE]
    284     0x00014C80       0xFFFFFF80      0x00000418         (0, 1, 9)      [4] [W, SW]
    285     0x0000B300       0xFFFFFF80      0x00040000         (0, 0, 6)      [12] []
    286     0x00021E80       0xFFFFFF80      0x00000001         (0, 2, 3)      [] [E]
    287     0x00008B80       0xFFFFFF80      0x00100000         (0, 0, 1)      [14] []
    288     0x00019300       0xFFFFFF80      0x00000400         (0, 1, 2)      [4] []
    289     0x00022380       0xFFFFFF80      0x00000003         (0, 2, 4)      [] [E, NE]
    290     0x0001AF00       0xFFFFFF80      0x00FF0302         (0, 1, 5)      [2, 3, 10, 11, 12, 13, 14, 15, 16, 17] [NE]
    291     0x0001CD00       0xFFFFFF80      0x000000B0         (0, 1, 9)      [1] [SW, S]
    292     0x0001AA80       0xFFFFFF80      0x00FF003F         (0, 1, 5)      [10, 11, 12, 13, 14, 15, 16, 17] [E, NE, N, W, SW, S]
    293     0x00022D00       0xFFFFFF80      0x00000100         (0, 2, 5)      [2] []
    294     0x00010300       0xFFFFFF80      0x00010000         (0, 1, 0)      [10] []
    295     0x0001E280       0xFFFFFF80      0x00004000         (0, 1, 12)      [8] []
    296     0x00032900       0xFFFFFF00      0x00000002         (0, 3, 5)      [] [NE]
    297     0x0001B680       0xFFFFFF80      0x00000080         (0, 1, 6)      [1] []
    298     0x0000E800       0xFFFFFF80      0x00010000         (0, 0, 13)      [10] []
    299     0x00017380       0xFFFFFF80      0x00002000         (0, 1, 14)      [7] []
    300     0x00015880       0xFFFFFF80      0x00000100         (0, 1, 11)      [2] []
    301     0x00020E80       0xFFFFFF80      0x0000FFA0         (0, 2, 1)      [1, 2, 3, 4, 5, 6, 7, 8, 9] [S]
    302     0x00057400       0xFFFFFF00      0x00000020         (0, 5, 14)      [] [S]
    303     0x0000EC80       0xFFFFFF80      0x00000088         (0, 0, 13)      [1] [W]
    304     0x0001FB00       0xFFFFFF80      0x00004030         (0, 1, 15)      [8] [SW, S]
    305     0x00020E00       0xFFFFFF80      0x00000020         (0, 2, 1)      [] [S]
    306     0x00013B80       0xFFFFFF80      0x00200000         (0, 1, 7)      [15] []
    307     0x00022280       0xFFFFFF80      0x00000001         (0, 2, 4)      [] [E]
    308     0x00012B80       0xFFFFFF80      0x00010000         (0, 1, 5)      [10] []
    309     0x00032A00       0xFFFFFF00      0x00000002         (0, 3, 5)      [] [NE]
    310     0x0001EB80       0xFFFFFF80      0x00002000         (0, 1, 13)      [7] []
    311     0x00016600       0xFFFFFF80      0x00000400         (0, 1, 12)      [4] []
    312     0x0001B100       0xFFFFFF80      0x00FF3000         (0, 1, 6)      [6, 7, 10, 11, 12, 13, 14, 15, 16, 17] []
    313     0x0001CF80       0xFFFFFF80      0x00001020         (0, 1, 9)      [6] [S]
    314     0x00006F80       0xFFFFFF80      0x00040000         (0, 0, 13)      [12] []
    315     0x00022980       0xFFFFFF80      0x00080000         (0, 2, 5)      [13] []
    316     0x00012500       0xFFFFFF80      0x00001000         (0, 1, 4)      [6] []
    317     0x00010380       0xFFFFFF80      0x00020010         (0, 1, 0)      [11] [SW]
    318     0x00013280       0xFFFFFF80      0x00001008         (0, 1, 6)      [6] [W]
    319     0x0000A700       0xFFFFFF80      0x00200008         (0, 0, 4)      [15] [W]
    320     0x0000DC80       0xFFFFFF80      0x00100000         (0, 0, 11)      [14] []
    321     0x0001E400       0xFFFFFF80      0x00000080         (0, 1, 12)      [1] []
    322     0x0001B000       0xFFFFFF80      0x00FF0C00         (0, 1, 6)      [4, 5, 10, 11, 12, 13, 14, 15, 16, 17] []
    323     0x0001D380       0xFFFFFF80      0x000000A0         (0, 1, 10)      [1] [S]
    324     0x00009800       0xFFFFFF80      0x00040000         (0, 0, 3)      [12] []
    325     0x0001A380       0xFFFFFF80      0x00C0FF8C         (0, 1, 4)      [1, 2, 3, 4, 5, 6, 7, 8, 9, 16, 17] [N, W]
    326     0x0001B600       0xFFFFFF80      0x00800000         (0, 1, 6)      [17] []
    327     0x00018B00       0xFFFFFF80      0x00008000         (0, 1, 1)      [9] []
    328     0x00009700       0xFFFFFF80      0x00010000         (0, 0, 2)      [10] []
    329     0x0000ED80       0xFFFFFF80      0x00000208         (0, 0, 13)      [3] [W]
    330     0x0000C180       0xFFFFFF80      0x00100010         (0, 0, 8)      [14] [SW]
    331     0x0000F680       0xFFFFFF80      0x00040000         (0, 0, 14)      [12] []
    332     0x0001B700       0xFFFFFF80      0x00000100         (0, 1, 6)      [2] []
    333     0x00018380       0xFFFFFF80      0x00040000         (0, 1, 0)      [12] []
    334     0x0001E580       0xFFFFFF80      0x00000400         (0, 1, 12)      [4] []
    335     0x0001BC80       0xFFFFFF80      0x00200000         (0, 1, 7)      [15] []
    336     0x00014880       0xFFFFFF80      0x00100010         (0, 1, 9)      [14] [SW]
    337     0x0000C280       0xFFFFFF80      0x00400010         (0, 0, 8)      [16] [SW]
    338     0x00017100       0xFFFFFF80      0x00000120         (0, 1, 14)      [2] [S]
    339     0x0000E900       0xFFFFFF80      0x00040000         (0, 0, 13)      [12] []
    340     0x0001C980       0xFFFFFF80      0x00004030         (0, 1, 9)      [8] [SW, S]
    341     0x0001DC80       0xFFFFFF80      0x00002000         (0, 1, 11)      [7] []
    342     0x00021980       0xFFFFFF80      0x00000001         (0, 2, 3)      [] [E]
    343     0x00013080       0xFFFFFF80      0x00000108         (0, 1, 6)      [2] [W]
    344     0x0001D400       0xFFFFFF80      0x00000120         (0, 1, 10)      [2] [S]
    345     0x0001BD80       0xFFFFFF80      0x00800000         (0, 1, 7)      [17] []
    346     0x00016D00       0xFFFFFF80      0x00040020         (0, 1, 13)      [12] [S]
    347     0x0001F080       0xFFFFFF80      0x00008000         (0, 1, 14)      [9] []
    348     0x00017780       0xFFFFFF80      0x00010000         (0, 1, 14)      [10] []
    349     0x0001D300       0xFFFFFF80      0x00000020         (0, 1, 10)      [] [S]
    350     0x0001D600       0xFFFFFF80      0x00001020         (0, 1, 10)      [6] [S]
    351     0x00016080       0xFFFFFF80      0x00020000         (0, 1, 12)      [11] []
    352     0x0001F680       0xFFFFFF80      0x00004000         (0, 1, 14)      [8] []
    353     0x00010900       0xFFFFFF80      0x00000410         (0, 1, 1)      [4] [SW]
    354     0x0001B380       0xFFFFFF80      0x000C0002         (0, 1, 6)      [12, 13] [NE]
    355     0x00014980       0xFFFFFF80      0x00400018         (0, 1, 9)      [16] [W, SW]
    356     0x00057000       0xFFFFFF00      0x00000020         (0, 5, 14)      [] [S]
    357     0x00016180       0xFFFFFF80      0x00080000         (0, 1, 12)      [13] []
    358     0x00013180       0xFFFFFF80      0x00000408         (0, 1, 6)      [4] [W]
    359     0x00015900       0xFFFFFF80      0x00000200         (0, 1, 11)      [3] []
    360     0x0001AD80       0xFFFFFF80      0x00FF0002         (0, 1, 5)      [10, 11, 12, 13, 14, 15, 16, 17] [NE]
    361     0x00016880       0xFFFFFF80      0x00008000         (0, 1, 13)      [9] []
    362     0x0001F980       0xFFFFFF80      0x00008030         (0, 1, 15)      [9] [SW, S]
    363     0x00013D80       0xFFFFFF80      0x00000080         (0, 1, 7)      [1] []
    364     0x00007C80       0xFFFFFF80      0x00020010         (0, 0, 15)      [11] [SW]
    365     0x00058000       0xFFFFFF00      0x00001000         (0, 5, 0)      [6] []
    366     0x0001AC00       0xFFFFFF80      0x00FF003E         (0, 1, 5)      [10, 11, 12, 13, 14, 15, 16, 17] [NE, N, W, SW, S]
    367     0x00014E00       0xFFFFFF80      0x00002018         (0, 1, 9)      [7] [W, SW]
    368     0x00012080       0xFFFFFF80      0x00200000         (0, 1, 4)      [15] []
    369     0x00020080       0xFFFFFF80      0x00000020         (0, 2, 0)      [] [S]
    370     0x00012D00       0xFFFFFF80      0x00080000         (0, 1, 5)      [13] []
    371     0x0001B780       0xFFFFFF80      0x00000200         (0, 1, 6)      [3] []
    372     0x00017280       0xFFFFFF80      0x00000800         (0, 1, 14)      [5] []
    373     0x0001CC00       0xFFFFFF80      0x00800030         (0, 1, 9)      [17] [SW, S]
    374     0x0001E880       0xFFFFFF80      0x00000080         (0, 1, 13)      [1] []
    375     0x0001F000       0xFFFFFF80      0x00004000         (0, 1, 14)      [8] []
    376     0x00019F80       0xFFFFFF80      0x0000800C         (0, 1, 3)      [9] [N, W]
    377     0x00018700       0xFFFFFF80      0x00000080         (0, 1, 0)      [1] []
    378     0x0001C000       0xFFFFFF80      0x00000400         (0, 1, 8)      [4] []
    379     0x0001DB00       0xFFFFFF80      0x00000400         (0, 1, 11)      [4] []
    380     0x0001AA00       0xFFFFFF80      0x00FF003F         (0, 1, 5)      [10, 11, 12, 13, 14, 15, 16, 17] [E, NE, N, W, SW, S]
    381     0x0000CD80       0xFFFFFF80      0x00020000         (0, 0, 9)      [11] []
    382     0x0001CE80       0xFFFFFF80      0x00000430         (0, 1, 9)      [4] [SW, S]
    383     0x00014F00       0xFFFFFF80      0x00008018         (0, 1, 9)      [9] [W, SW]
    384     0x0000CE00       0xFFFFFF80      0x00040000         (0, 0, 9)      [12] []
    385     0x00014780       0xFFFFFF80      0x00040010         (0, 1, 8)      [12] [SW]
    386     0x0000D000       0xFFFFFF80      0x00400000         (0, 0, 10)      [16] []
    387     0x00014000       0xFFFFFF80      0x00001008         (0, 1, 8)      [6] [W]
    388     0x0001D980       0xFFFFFF80      0x00000080         (0, 1, 11)      [1] []
    389     0x00012280       0xFFFFFF80      0x00000080         (0, 1, 4)      [1] []
    390     0x0001C180       0xFFFFFF80      0x00002000         (0, 1, 8)      [7] []
    391     0x0001B900       0xFFFFFF80      0x00001000         (0, 1, 7)      [6] []
    392     0x0000DE80       0xFFFFFF80      0x00000008         (0, 0, 11)      [] [W]
    393     0x00015400       0xFFFFFF80      0x00020010         (0, 1, 10)      [11] [SW]
    394     0x00010700       0xFFFFFF80      0x00000010         (0, 1, 0)      [] [SW]
    395     0x00015A80       0xFFFFFF80      0x00001000         (0, 1, 11)      [6] []
    396     0x00011200       0xFFFFFF80      0x00080000         (0, 1, 2)      [13] []
    397     0x00019A80       0xFFFFFF80      0x0080000E         (0, 1, 3)      [17] [NE, N, W]
    398     0x0001A100       0xFFFFFF80      0x0006FF86         (0, 1, 4)      [1, 2, 3, 4, 5, 6, 7, 8, 9, 11, 12] [NE, N]
    399     0x0001CA80       0xFFFFFF80      0x00100030         (0, 1, 9)      [14] [SW, S]
    400     0x0001D480       0xFFFFFF80      0x00000220         (0, 1, 10)      [3] [S]
    401     0x00020F00       0xFFFFFF80      0x00FF0000         (0, 2, 1)      [10, 11, 12, 13, 14, 15, 16, 17] []
    402     0x00022800       0xFFFFFF80      0x00010002         (0, 2, 5)      [10] [NE]
    403     0x00022900       0xFFFFFF80      0x00040002         (0, 2, 5)      [12] [NE]
    404     0x0001B400       0xFFFFFF80      0x00180002         (0, 1, 6)      [13, 14] [NE]
    405     0x00019900       0xFFFFFF80      0x00100006         (0, 1, 3)      [14] [NE, N]
    406     0x00021B00       0xFFFFFF80      0x00000001         (0, 2, 3)      [] [E]
    407     0x00016C00       0xFFFFFF80      0x00010020         (0, 1, 13)      [10] [S]
    408     0x0001F900       0xFFFFFF80      0x00004030         (0, 1, 15)      [8] [SW, S]
    409     0x0001C300       0xFFFFFF80      0x00080002         (0, 1, 8)      [13] [NE]
    410     0x0001C500       0xFFFFFF80      0x00800000         (0, 1, 8)      [17] []
    411     0x0001DC00       0xFFFFFF80      0x00001000         (0, 1, 11)      [6] []
    412     0x00018D80       0xFFFFFF80      0x00020000         (0, 1, 1)      [11] []
    413     0x0001C380       0xFFFFFF80      0x00100000         (0, 1, 8)      [14] []
    414     0x0001F480       0xFFFFFF80      0x00000400         (0, 1, 14)      [4] []
    415     0x00011580       0xFFFFFF80      0x00000100         (0, 1, 2)      [2] []
    416     0x00018A00       0xFFFFFF80      0x00002000         (0, 1, 1)      [7] []
    417     0x0001DB80       0xFFFFFF80      0x00000800         (0, 1, 11)      [5] []
    418     0x0001B280       0xFFFFFF80      0x00030002         (0, 1, 6)      [10, 11] [NE]
    419     0x00022200       0xFFFFFF80      0x00000001         (0, 2, 4)      [] [E]
    420     0x0000B380       0xFFFFFF80      0x00080000         (0, 0, 6)      [13] []
    421     0x0001E680       0xFFFFFF80      0x00001000         (0, 1, 12)      [6] []
    422     0x00013980       0xFFFFFF80      0x00020000         (0, 1, 7)      [11] []
    423     0x00012C00       0xFFFFFF80      0x00020000         (0, 1, 5)      [11] []
    424     0x00017C80       0xFFFFFF80      0x00000100         (0, 1, 15)      [2] []
    425     0x0000CF00       0xFFFFFF80      0x00100000         (0, 0, 9)      [14] []
    426     0x0001EA00       0xFFFFFF80      0x00000400         (0, 1, 13)      [4] []
    427     0x0001FD80       0xFFFFFF80      0x00004030         (0, 1, 15)      [8] [SW, S]
    428     0x00021C80       0xFFFFFF80      0x00000001         (0, 2, 3)      [] [E]
    429     0x00022C80       0xFFFFFF80      0x00000080         (0, 2, 5)      [1] []
    430     0x00021900       0xFFFFFF80      0x00000001         (0, 2, 3)      [] [E]
    431     0x00014180       0xFFFFFF80      0x00008008         (0, 1, 8)      [9] [W]
    432     0x00015C00       0xFFFFFF80      0x00008000         (0, 1, 11)      [9] []
    433     0x00012180       0xFFFFFF80      0x00800000         (0, 1, 4)      [17] []
    434     0x00057900       0xFFFFFF00      0x00000020         (0, 5, 15)      [] [S]
    435     0x00019680       0xFFFFFF80      0x00000006         (0, 1, 2)      [] [NE, N]
    436     0x00019580       0xFFFFFF80      0x0000800E         (0, 1, 2)      [9] [NE, N, W]
    437     0x00008B00       0xFFFFFF80      0x00080000         (0, 0, 1)      [13] []
    438     0x00018000       0xFFFFFF80      0x00008000         (0, 1, 0)      [9] []
    439     0x00022600       0xFFFFFF80      0x00000003         (0, 2, 4)      [] [E, NE]
    440     0x00016E00       0xFFFFFF80      0x00100020         (0, 1, 13)      [14] [S]
    441     0x00022B00       0xFFFFFF80      0x00400000         (0, 2, 5)      [16] []
    442     0x00012F80       0xFFFFFF80      0x00000008         (0, 1, 5)      [] [W]
    443     0x0001C480       0xFFFFFF80      0x00400000         (0, 1, 8)      [16] []
    444     0x00017880       0xFFFFFF80      0x00040000         (0, 1, 15)      [12] []
    445     0x00015600       0xFFFFFF80      0x00200010         (0, 1, 10)      [15] [SW]
    446     0x00017D80       0xFFFFFF80      0x00000400         (0, 1, 15)      [4] []
    447     0x0000C000       0xFFFFFF80      0x00020010         (0, 0, 8)      [11] [SW]
    448     0x0001A880       0xFFFFFF80      0x0000FFBE         (0, 1, 5)      [1, 2, 3, 4, 5, 6, 7, 8, 9] [NE, N, W, SW, S]
    449     0x0000A780       0xFFFFFF80      0x00400008         (0, 0, 4)      [16] [W]
    450     0x0000FA00       0xFFFFFF80      0x00000088         (0, 0, 15)      [1] [W]
    451     0x0001C080       0xFFFFFF80      0x00000800         (0, 1, 8)      [5] []
    452     0x00019C80       0xFFFFFF80      0x0000060C         (0, 1, 3)      [3, 4] [N, W]
    453     0x0001FD00       0xFFFFFF80      0x00008030         (0, 1, 15)      [9] [SW, S]
    454     0x0001C600       0xFFFFFF80      0x00000080         (0, 1, 8)      [1] []
    455     0x00016500       0xFFFFFF80      0x00000100         (0, 1, 12)      [2] []
    456     0x00020100       0xFFFFFF80      0x00000020         (0, 2, 0)      [] [S]
    457     0x00012480       0xFFFFFF80      0x00000800         (0, 1, 4)      [5] []
    458     0x00012E80       0xFFFFFF80      0x00400008         (0, 1, 5)      [16] [W]
    459     0x00019180       0xFFFFFF80      0x00000080         (0, 1, 2)      [1] []
    460     0x0000B500       0xFFFFFF80      0x00400008         (0, 0, 6)      [16] [W]
    461     0x00057B00       0xFFFFFF00      0x00000080         (0, 5, 15)      [1] []
    462     0x00058500       0xFFFFFF00      0x00020000         (0, 5, 0)      [11] []
    463     0x0001BF00       0xFFFFFF80      0x00000100         (0, 1, 7)      [2] []
    464     0x0001BC00       0xFFFFFF80      0x00100000         (0, 1, 7)      [14] []
    465     0x0001A500       0xFFFFFF80      0x0000FFBE         (0, 1, 4)      [1, 2, 3, 4, 5, 6, 7, 8, 9] [NE, N, W, SW, S]
    466     0x0001C400       0xFFFFFF80      0x00200000         (0, 1, 8)      [15] []
    467     0x00017000       0xFFFFFF80      0x00000020         (0, 1, 14)      [] [S]
    468     0x00022700       0xFFFFFF80      0x00000002         (0, 2, 4)      [] [NE]
    469     0x00010500       0xFFFFFF80      0x00100010         (0, 1, 0)      [14] [SW]
    470     0x0001A980       0xFFFFFF80      0x00FF003F         (0, 1, 5)      [10, 11, 12, 13, 14, 15, 16, 17] [E, NE, N, W, SW, S]
    471     0x00057600       0xFFFFFF00      0x00000020         (0, 5, 14)      [] [S]
    472     0x00022E00       0xFFFFFF80      0x00000400         (0, 2, 5)      [4] []
    473     0x00016F00       0xFFFFFF80      0x00400020         (0, 1, 13)      [16] [S]
    474     0x00032500       0xFFFFFF00      0x00000002         (0, 3, 4)      [] [NE]
    475     0x00008980       0xFFFFFF80      0x00010000         (0, 0, 1)      [10] []
    476     0x00022500       0xFFFFFF80      0x00000003         (0, 2, 4)      [] [E, NE]
    477     0x00022180       0xFFFFFF80      0x00000001         (0, 2, 4)      [] [E]
    478     0x00019700       0xFFFFFF80      0x00010006         (0, 1, 2)      [10] [NE, N]
    479     0x00032400       0xFFFFFF00      0x00000002         (0, 3, 4)      [] [NE]
    480     0x00012E00       0xFFFFFF80      0x00200000         (0, 1, 5)      [15] []
    481     0x00019380       0xFFFFFF80      0x00000800         (0, 1, 2)      [5] []
    482     0x00014B80       0xFFFFFF80      0x00000118         (0, 1, 9)      [2] [W, SW]
    483     0x0000FB00       0xFFFFFF80      0x00000208         (0, 0, 15)      [3] [W]
    484     0x0001F580       0xFFFFFF80      0x00001000         (0, 1, 14)      [6] []
    485     0x0000F800       0xFFFFFF80      0x00200008         (0, 0, 15)      [15] [W]
    486     0x0001FA80       0xFFFFFF80      0x00002030         (0, 1, 15)      [7] [SW, S]
    487     0x00011700       0xFFFFFF80      0x00000800         (0, 1, 2)      [5] []
    488     0x00014C00       0xFFFFFF80      0x00000218         (0, 1, 9)      [3] [W, SW]
    489     0x0001DF80       0xFFFFFF80      0x00000100         (0, 1, 11)      [2] []
    490     0x0000E880       0xFFFFFF80      0x00020000         (0, 0, 13)      [11] []
    491     0x00022E80       0xFFFFFF80      0x00000800         (0, 2, 5)      [5] []
    492     0x0001E980       0xFFFFFF80      0x00000200         (0, 1, 13)      [3] []
    493     0x00011E00       0xFFFFFF80      0x00010000         (0, 1, 3)      [10] []
    494     0x00007D00       0xFFFFFF80      0x00040010         (0, 0, 15)      [12] [SW]
    495     0x0001B180       0xFFFFFF80      0x00FF6000         (0, 1, 6)      [7, 8, 10, 11, 12, 13, 14, 15, 16, 17] []
    496     0x0000FA80       0xFFFFFF80      0x00000108         (0, 0, 15)      [2] [W]
    497     0x00021F00       0xFFFFFF80      0x00000001         (0, 2, 3)      [] [E]
    498     0x0001AB80       0xFFFFFF80      0x00FF003F         (0, 1, 5)      [10, 11, 12, 13, 14, 15, 16, 17] [E, NE, N, W, SW, S]
    499     0x0000D080       0xFFFFFF80      0x00800000         (0, 0, 10)      [17] []
    500     0x00014D00       0xFFFFFF80      0x00000818         (0, 1, 9)      [5] [W, SW]
    501     0x0001A080       0xFFFFFF80      0x0003FF86         (0, 1, 4)      [1, 2, 3, 4, 5, 6, 7, 8, 9, 10, 11] [NE, N]
    502     0x00019500       0xFFFFFF80      0x0000400E         (0, 1, 2)      [8] [NE, N, W]
    503     0x0001AD00       0xFFFFFF80      0x00FF003E         (0, 1, 5)      [10, 11, 12, 13, 14, 15, 16, 17] [NE, N, W, SW, S]
    504     0x0001DA00       0xFFFFFF80      0x00000100         (0, 1, 11)      [2] []
    505     0x00019E00       0xFFFFFF80      0x0000300C         (0, 1, 3)      [6, 7] [N, W]
    506     0x00022480       0xFFFFFF80      0x00000003         (0, 2, 4)      [] [E, NE]
    507     0x00015500       0xFFFFFF80      0x00080010         (0, 1, 10)      [13] [SW]
    508     0x0001EC00       0xFFFFFF80      0x00004000         (0, 1, 13)      [8] []
    509     0x00012380       0xFFFFFF80      0x00000200         (0, 1, 4)      [3] []
    510     0x00010600       0xFFFFFF80      0x00400010         (0, 1, 0)      [16] [SW]
    511     0x00019880       0xFFFFFF80      0x00080006         (0, 1, 3)      [13] [NE, N]
    512     0x0000EB00       0xFFFFFF80      0x00400008         (0, 0, 13)      [16] [W]
    513     0x00013F00       0xFFFFFF80      0x00000400         (0, 1, 7)      [4] []
    514     0x00058800       0xFFFFFF00      0x00100000         (0, 5, 1)      [14] []
    515     0x00016780       0xFFFFFF80      0x00002000         (0, 1, 12)      [7] []
    516     0x0001A600       0xFFFFFF80      0x0000FFBE         (0, 1, 4)      [1, 2, 3, 4, 5, 6, 7, 8, 9] [NE, N, W, SW, S]
    517     0x00057C00       0xFFFFFF00      0x00000100         (0, 5, 15)      [2] []
    518     0x0000FB80       0xFFFFFF80      0x00000408         (0, 0, 15)      [4] [W]
    519     0x0000F900       0xFFFFFF80      0x00800008         (0, 0, 15)      [17] [W]
    520     0x00022000       0xFFFFFF80      0x00000001         (0, 2, 4)      [] [E]
    521     0x0001F300       0xFFFFFF80      0x00002000         (0, 1, 14)      [7] []
    522     0x00013380       0xFFFFFF80      0x00004008         (0, 1, 6)      [8] [W]
    523     0x00032B00       0xFFFFFF00      0x00000002         (0, 3, 5)      [] [NE]
    524     0x00011F00       0xFFFFFF80      0x00040000         (0, 1, 3)      [12] []
    525     0x00018F80       0xFFFFFF80      0x00200000         (0, 1, 1)      [15] []
    526     0x0001D280       0xFFFFFF80      0x00800020         (0, 1, 10)      [17] [S]
    527     0x0001E700       0xFFFFFF80      0x00002000         (0, 1, 12)      [7] []
    528     0x0000DD80       0xFFFFFF80      0x00400008         (0, 0, 11)      [16] [W]
    529     0x0001A780       0xFFFFFF80      0x0000FFBE         (0, 1, 4)      [1, 2, 3, 4, 5, 6, 7, 8, 9] [NE, N, W, SW, S]
    530     0x0001F700       0xFFFFFF80      0x00008000         (0, 1, 14)      [9] []
    531     0x00018500       0xFFFFFF80      0x00200000         (0, 1, 0)      [15] []
    532     0x00019800       0xFFFFFF80      0x00040006         (0, 1, 3)      [12] [NE, N]
    533     0x00021E00       0xFFFFFF80      0x00000001         (0, 2, 3)      [] [E]
    534     0x0000DB80       0xFFFFFF80      0x00040000         (0, 0, 11)      [12] []
    535     0x0001E900       0xFFFFFF80      0x00000100         (0, 1, 13)      [2] []
    536     0x00010880       0xFFFFFF80      0x00000210         (0, 1, 1)      [3] [SW]
    537     0x00011100       0xFFFFFF80      0x00020000         (0, 1, 2)      [11] []
    538     0x0000E980       0xFFFFFF80      0x00080000         (0, 0, 13)      [13] []
    539     0x00018600       0xFFFFFF80      0x00800000         (0, 1, 0)      [17] []
    540     0x00014680       0xFFFFFF80      0x00010000         (0, 1, 8)      [10] []
    541     0x0000C080       0xFFFFFF80      0x00040010         (0, 0, 8)      [12] [SW]
    542     0x00006E80       0xFFFFFF80      0x00010000         (0, 0, 13)      [10] []
    543     0x00016B00       0xFFFFFF80      0x00000020         (0, 1, 13)      [] [S]
    544     0x00021F80       0xFFFFFF80      0x00000001         (0, 2, 3)      [] [E]
    545     0x00019080       0xFFFFFF80      0x00800000         (0, 1, 2)      [17] []
    546     0x0000EA00       0xFFFFFF80      0x00100000         (0, 0, 13)      [14] []
    547     0x00010980       0xFFFFFF80      0x00000810         (0, 1, 1)      [5] [SW]
    548     0x0001CB80       0xFFFFFF80      0x00400030         (0, 1, 9)      [16] [SW, S]
    549     0x0001D500       0xFFFFFF80      0x00000420         (0, 1, 10)      [4] [S]
    550     0x00011500       0xFFFFFF80      0x00000080         (0, 1, 2)      [1] []
    551     0x00022300       0xFFFFFF80      0x00000001         (0, 2, 4)      [] [E]
    552     0x0001E300       0xFFFFFF80      0x00008000         (0, 1, 12)      [9] []
    553     0x0000F580       0xFFFFFF80      0x00010000         (0, 0, 14)      [10] []
    554     0x00021B80       0xFFFFFF80      0x00000001         (0, 2, 3)      [] [E]
    555     0x0001F180       0xFFFFFF80      0x00000400         (0, 1, 14)      [4] []
    556     0x00015700       0xFFFFFF80      0x00800010         (0, 1, 10)      [17] [SW]
    557     0x0000C300       0xFFFFFF80      0x00800010         (0, 0, 8)      [17] [SW]
    558     0x00019280       0xFFFFFF80      0x00000200         (0, 1, 2)      [3] []
    559     0x00009980       0xFFFFFF80      0x00200008         (0, 0, 3)      [15] [W]
    560     0x00018E00       0xFFFFFF80      0x00040000         (0, 1, 1)      [12] []
    561     0x00017980       0xFFFFFF80      0x00100000         (0, 1, 15)      [14] []
    562     0x0000A600       0xFFFFFF80      0x00080000         (0, 0, 4)      [13] []
    563     0x00018A80       0xFFFFFF80      0x00004000         (0, 1, 1)      [8] []
    564     0x0001F780       0xFFFFFF80      0x00000800         (0, 1, 14)      [5] []
    565     0x00016200       0xFFFFFF80      0x00100000         (0, 1, 12)      [14] []
    566     0x0001D580       0xFFFFFF80      0x00000820         (0, 1, 10)      [5] [S]
    567     0x0000CF80       0xFFFFFF80      0x00200000         (0, 0, 9)      [15] []
    568     0x0001E600       0xFFFFFF80      0x00000800         (0, 1, 12)      [5] []
    569     0x00057D00       0xFFFFFF00      0x00000200         (0, 5, 15)      [3] []
    570     0x00012F00       0xFFFFFF80      0x00800008         (0, 1, 5)      [17] [W]
    571     0x00017400       0xFFFFFF80      0x00004000         (0, 1, 14)      [8] []
    572     0x00013E00       0xFFFFFF80      0x00000100         (0, 1, 7)      [2] []
    573     0x0001CA00       0xFFFFFF80      0x00008030         (0, 1, 9)      [9] [SW, S]
    574     0x00019480       0xFFFFFF80      0x0000200E         (0, 1, 2)      [7] [NE, N, W]
    575     0x00019600       0xFFFFFF80      0x00000006         (0, 1, 2)      [] [NE, N]
    576     0x0001CE00       0xFFFFFF80      0x00000230         (0, 1, 9)      [3] [SW, S]
    577     0x0001FF80       0xFFFFFF80      0x00000020         (0, 1, 15)      [] [S]
    578     0x00006100       0xFFFFFF80      0x00010000         (0, 0, 12)      [10] []
    579     0x00012100       0xFFFFFF80      0x00400000         (0, 1, 4)      [16] []
    580     0x00017B00       0xFFFFFF80      0x00800000         (0, 1, 15)      [17] []
    581     0x00013900       0xFFFFFF80      0x00010000         (0, 1, 7)      [10] []
    582     0x00016680       0xFFFFFF80      0x00000800         (0, 1, 12)      [5] []
    583     0x0001BF80       0xFFFFFF80      0x00000200         (0, 1, 7)      [3] []
    584     0x00018880       0xFFFFFF80      0x00000400         (0, 1, 1)      [4] []
    585     0x0001B500       0xFFFFFF80      0x00600002         (0, 1, 6)      [16, 15] [NE]
    586     0x00015480       0xFFFFFF80      0x00040010         (0, 1, 10)      [12] [SW]
