router contains 621 entries 
 
  Index   Key(hex)    Mask(hex)    Route(hex)    Src. Core -> [Cores][Links]
------------------------------------------------------------------------------
    0     0x0001BB80       0xFFFFFF80      0x00008008         (0, 1, 7)      [9] [W]
    1     0x00012280       0xFFFFFF80      0x00200001         (0, 1, 4)      [15] [E]
    2     0x0000C200       0xFFFFFF80      0x00020000         (0, 0, 8)      [11] []
    3     0x00011380       0xFFFFFF80      0x00040010         (0, 1, 2)      [12] [SW]
    4     0x0001D180       0xFFFFFF80      0x00020008         (0, 1, 10)      [11] [W]
    5     0x00010E80       0xFFFFFF80      0x00000110         (0, 1, 1)      [2] [SW]
    6     0x0001A100       0xFFFFFF80      0x00002000         (0, 1, 4)      [7] []
    7     0x0001C380       0xFFFFFF80      0x00010000         (0, 1, 8)      [10] []
    8     0x0000F880       0xFFFFFF80      0x00040000         (0, 0, 15)      [12] []
    9     0x0001E680       0xFFFFFF80      0x00000008         (0, 1, 12)      [] [W]
    10     0x00018400       0xFFFFFF80      0x00008000         (0, 1, 0)      [9] []
    11     0x00012580       0xFFFFFF80      0x00000001         (0, 1, 4)      [] [E]
    12     0x00019C00       0xFFFFFF80      0x00400000         (0, 1, 3)      [16] []
    13     0x00019B80       0xFFFFFF80      0x00200000         (0, 1, 3)      [15] []
    14     0x0000B280       0xFFFFFF80      0x00002000         (0, 0, 6)      [7] []
    15     0x0001DC80       0xFFFFFF80      0x00000008         (0, 1, 11)      [] [W]
    16     0x00016A80       0xFFFFFF80      0x00FFFF9D         (0, 1, 13)      [1, 2, 3, 4, 5, 6, 7, 8, 9, 10, 11, 12, 13, 14, 15, 16, 17] [E, N, W, SW]
    17     0x00007C00       0xFFFFFF80      0x00001000         (0, 0, 15)      [6] []
    18     0x00017000       0xFFFFFF80      0x00FFFF9F         (0, 1, 14)      [1, 2, 3, 4, 5, 6, 7, 8, 9, 10, 11, 12, 13, 14, 15, 16, 17] [E, NE, N, W, SW]
    19     0x00008900       0xFFFFFF80      0x00000800         (0, 0, 1)      [5] []
    20     0x00014900       0xFFFFFF80      0x00020000         (0, 1, 9)      [11] []
    21     0x00016A00       0xFFFFFF80      0x00FFFF9D         (0, 1, 13)      [1, 2, 3, 4, 5, 6, 7, 8, 9, 10, 11, 12, 13, 14, 15, 16, 17] [E, N, W, SW]
    22     0x00022A80       0xFFFFFF80      0x00020008         (0, 2, 5)      [11] [W]
    23     0x00017E80       0xFFFFFF80      0x00000010         (0, 1, 15)      [] [SW]
    24     0x00013B00       0xFFFFFF80      0x00010000         (0, 1, 7)      [10] []
    25     0x0000DF80       0xFFFFFF80      0x00400001         (0, 0, 11)      [16] [E]
    26     0x00016300       0xFFFFFF80      0x000C0010         (0, 1, 12)      [12, 13] [SW]
    27     0x00005180       0xFFFFFF80      0x00000100         (0, 0, 10)      [2] []
    28     0x00011D00       0xFFFFFF80      0x00000400         (0, 1, 3)      [4] []
    29     0x0001D980       0xFFFFFF80      0x00200008         (0, 1, 11)      [15] [W]
    30     0x00010C80       0xFFFFFF80      0x00000010         (0, 1, 1)      [] [SW]
    31     0x00012900       0xFFFFFF80      0x00000080         (0, 1, 5)      [1] []
    32     0x00010D80       0xFFFFFF80      0x00000010         (0, 1, 1)      [] [SW]
    33     0x0000E780       0xFFFFFF80      0x00000800         (0, 0, 12)      [5] []
    34     0x00019600       0xFFFFFF80      0x00000400         (0, 1, 2)      [4] []
    35     0x00018080       0xFFFFFF80      0x00000110         (0, 1, 0)      [2] [SW]
    36     0x00009480       0xFFFFFF80      0x00000080         (0, 0, 2)      [1] []
    37     0x0000D000       0xFFFFFF80      0x00040000         (0, 0, 10)      [12] []
    38     0x00012B80       0xFFFFFF80      0x00001000         (0, 1, 5)      [6] []
    39     0x00012B00       0xFFFFFF80      0x00000800         (0, 1, 5)      [5] []
    40     0x00005E80       0xFFFFFF80      0x00000080         (0, 0, 11)      [1] []
    41     0x0000A680       0xFFFFFF80      0x00010000         (0, 0, 4)      [10] []
    42     0x00017680       0xFFFFFF80      0x00000610         (0, 1, 14)      [3, 4] [SW]
    43     0x00014700       0xFFFFFF80      0x00002000         (0, 1, 8)      [7] []
    44     0x00013000       0xFFFFFF80      0x00200000         (0, 1, 6)      [15] []
    45     0x0003F500       0xFFFFFF00      0x00000008         (0, 3, 14)      [] [W]
    46     0x00017800       0xFFFFFF80      0x00003010         (0, 1, 15)      [6, 7] [SW]
    47     0x00010F00       0xFFFFFF80      0x00000210         (0, 1, 1)      [3] [SW]
    48     0x00011180       0xFFFFFF80      0x00004010         (0, 1, 2)      [8] [SW]
    49     0x00006F00       0xFFFFFF80      0x00002000         (0, 0, 13)      [7] []
    50     0x0001F780       0xFFFFFF80      0x00000010         (0, 1, 14)      [] [SW]
    51     0x0001E380       0xFFFFFF80      0x00100008         (0, 1, 12)      [14] [W]
    52     0x00014A00       0xFFFFFF80      0x00080000         (0, 1, 9)      [13] []
    53     0x0001A380       0xFFFFFF80      0x00040000         (0, 1, 4)      [12] []
    54     0x00017180       0xFFFFFF80      0x00FFFF9D         (0, 1, 14)      [1, 2, 3, 4, 5, 6, 7, 8, 9, 10, 11, 12, 13, 14, 15, 16, 17] [E, N, W, SW]
    55     0x0001A280       0xFFFFFF80      0x00010000         (0, 1, 4)      [10] []
    56     0x0003F600       0xFFFFFF00      0x00000008         (0, 3, 14)      [] [W]
    57     0x0001B400       0xFFFFFF80      0x00010008         (0, 1, 6)      [10] [W]
    58     0x00018300       0xFFFFFF80      0x00002000         (0, 1, 0)      [7] []
    59     0x00012100       0xFFFFFF80      0x00040001         (0, 1, 4)      [12] [E]
    60     0x00017480       0xFFFFFF80      0x00FFFF80         (0, 1, 14)      [1, 2, 3, 4, 5, 6, 7, 8, 9, 10, 11, 12, 13, 14, 15, 16, 17] []
    61     0x00016E80       0xFFFFFF80      0x00FFFF9F         (0, 1, 13)      [1, 2, 3, 4, 5, 6, 7, 8, 9, 10, 11, 12, 13, 14, 15, 16, 17] [E, NE, N, W, SW]
    62     0x00010880       0xFFFFFF80      0x00800000         (0, 1, 1)      [17] []
    63     0x00013C00       0xFFFFFF80      0x00040000         (0, 1, 7)      [12] []
    64     0x0000D980       0xFFFFFF80      0x00000400         (0, 0, 11)      [4] []
    65     0x0000A500       0xFFFFFF80      0x00002000         (0, 0, 4)      [7] []
    66     0x00017080       0xFFFFFF80      0x00FFFF9D         (0, 1, 14)      [1, 2, 3, 4, 5, 6, 7, 8, 9, 10, 11, 12, 13, 14, 15, 16, 17] [E, N, W, SW]
    67     0x0001AA80       0xFFFFFF80      0x00004008         (0, 1, 5)      [8] [W]
    68     0x0000DA80       0xFFFFFF80      0x00001000         (0, 0, 11)      [6] []
    69     0x0001C700       0xFFFFFF80      0x00800008         (0, 1, 8)      [17] [W]
    70     0x00022680       0xFFFFFF80      0x00000200         (0, 2, 4)      [3] []
    71     0x0000B400       0xFFFFFF80      0x00010000         (0, 0, 6)      [10] []
    72     0x00019B00       0xFFFFFF80      0x00100000         (0, 1, 3)      [14] []
    73     0x0001ED00       0xFFFFFF80      0x00400000         (0, 1, 13)      [16] []
    74     0x00009880       0xFFFFFF80      0x00008000         (0, 0, 3)      [9] []
    75     0x00008A80       0xFFFFFF80      0x00004000         (0, 0, 1)      [8] []
    76     0x00009600       0xFFFFFF80      0x00000400         (0, 0, 2)      [4] []
    77     0x00020C00       0xFFFFFF80      0x00FFFF80         (0, 2, 1)      [1, 2, 3, 4, 5, 6, 7, 8, 9, 10, 11, 12, 13, 14, 15, 16, 17] []
    78     0x0001F280       0xFFFFFF80      0x00000010         (0, 1, 14)      [] [SW]
    79     0x00022200       0xFFFFFF80      0x00000008         (0, 2, 4)      [] [W]
    80     0x0001C400       0xFFFFFF80      0x00020000         (0, 1, 8)      [11] []
    81     0x00012F00       0xFFFFFF80      0x00080000         (0, 1, 5)      [13] []
    82     0x0001D400       0xFFFFFF80      0x00400008         (0, 1, 10)      [16] [W]
    83     0x00011500       0xFFFFFF80      0x00200000         (0, 1, 2)      [15] []
    84     0x00022180       0xFFFFFF80      0x00000008         (0, 2, 4)      [] [W]
    85     0x0000E900       0xFFFFFF80      0x00004000         (0, 0, 13)      [8] []
    86     0x00018D00       0xFFFFFF80      0x00001000         (0, 1, 1)      [6] []
    87     0x00005F80       0xFFFFFF80      0x00000200         (0, 0, 11)      [3] []
    88     0x0001BD80       0xFFFFFF80      0x00080008         (0, 1, 7)      [13] [W]
    89     0x00014B00       0xFFFFFF80      0x00200000         (0, 1, 9)      [15] []
    90     0x00017A00       0xFFFFFF80      0x00030010         (0, 1, 15)      [10, 11] [SW]
    91     0x0000C000       0xFFFFFF80      0x00002000         (0, 0, 8)      [7] []
    92     0x00015300       0xFFFFFF80      0x00000800         (0, 1, 10)      [5] []
    93     0x0001FA00       0xFFFFFF80      0x00000008         (0, 1, 15)      [] [W]
    94     0x0001ED80       0xFFFFFF80      0x00800000         (0, 1, 13)      [17] []
    95     0x00017300       0xFFFFFF80      0x00FFFF90         (0, 1, 14)      [1, 2, 3, 4, 5, 6, 7, 8, 9, 10, 11, 12, 13, 14, 15, 16, 17] [SW]
    96     0x0003F400       0xFFFFFF00      0x00000008         (0, 3, 14)      [] [W]
    97     0x0001C580       0xFFFFFF80      0x00100000         (0, 1, 8)      [14] []
    98     0x00013700       0xFFFFFF80      0x00000100         (0, 1, 6)      [2] []
    99     0x0001F180       0xFFFFFF80      0x00000010         (0, 1, 14)      [] [SW]
    100     0x00012C80       0xFFFFFF80      0x00004000         (0, 1, 5)      [8] []
    101     0x0001BC80       0xFFFFFF80      0x00020008         (0, 1, 7)      [11] [W]
    102     0x0000A380       0xFFFFFF80      0x00000400         (0, 0, 4)      [4] []
    103     0x0000D180       0xFFFFFF80      0x00200000         (0, 0, 10)      [15] []
    104     0x0000FA00       0xFFFFFF80      0x00200000         (0, 0, 15)      [15] []
    105     0x00010680       0xFFFFFF80      0x00080000         (0, 1, 0)      [13] []
    106     0x00018F00       0xFFFFFF80      0x00010000         (0, 1, 1)      [10] []
    107     0x00006000       0xFFFFFF80      0x00000400         (0, 0, 12)      [4] []
    108     0x00018480       0xFFFFFF80      0x00010000         (0, 1, 0)      [10] []
    109     0x0000D900       0xFFFFFF80      0x00000200         (0, 0, 11)      [3] []
    110     0x0000DB00       0xFFFFFF80      0x00002000         (0, 0, 11)      [7] []
    111     0x0000AF80       0xFFFFFF80      0x00000080         (0, 0, 5)      [1] []
    112     0x00002980       0xFFFFFF80      0x00000200         (0, 0, 5)      [3] []
    113     0x00050E00       0xFFFFFF00      0x00020000         (0, 5, 1)      [11] []
    114     0x0001DB80       0xFFFFFF80      0x00000008         (0, 1, 11)      [] [W]
    115     0x0000BE00       0xFFFFFF80      0x00000200         (0, 0, 7)      [3] []
    116     0x00022C00       0xFFFFFF80      0x00100000         (0, 2, 5)      [14] []
    117     0x00012000       0xFFFFFF80      0x00010001         (0, 1, 4)      [10] [E]
    118     0x00015D80       0xFFFFFF80      0x00000180         (0, 1, 11)      [1, 2] []
    119     0x00016000       0xFFFFFF80      0x00003000         (0, 1, 12)      [6, 7] []
    120     0x00018D80       0xFFFFFF80      0x00002000         (0, 1, 1)      [7] []
    121     0x00018780       0xFFFFFF80      0x00400000         (0, 1, 0)      [16] []
    122     0x00009500       0xFFFFFF80      0x00000100         (0, 0, 2)      [2] []
    123     0x00005280       0xFFFFFF80      0x00000400         (0, 0, 10)      [4] []
    124     0x00022700       0xFFFFFF80      0x00000400         (0, 2, 4)      [4] []
    125     0x00009900       0xFFFFFF80      0x00010000         (0, 0, 3)      [10] []
    126     0x00011900       0xFFFFFF80      0x00000001         (0, 1, 3)      [] [E]
    127     0x00016900       0xFFFFFF80      0x00FFFF90         (0, 1, 13)      [1, 2, 3, 4, 5, 6, 7, 8, 9, 10, 11, 12, 13, 14, 15, 16, 17] [SW]
    128     0x00016100       0xFFFFFF80      0x0000C010         (0, 1, 12)      [8, 9] [SW]
    129     0x00012D80       0xFFFFFF80      0x00010000         (0, 1, 5)      [10] []
    130     0x00014400       0xFFFFFF80      0x00000080         (0, 1, 8)      [1] []
    131     0x00012200       0xFFFFFF80      0x00100001         (0, 1, 4)      [14] [E]
    132     0x00050A00       0xFFFFFF00      0x00002000         (0, 5, 1)      [7] []
    133     0x00011E80       0xFFFFFF80      0x00002001         (0, 1, 3)      [7] [E]
    134     0x0001AF80       0xFFFFFF80      0x00000008         (0, 1, 5)      [] [W]
    135     0x0000DC00       0xFFFFFF80      0x00008000         (0, 0, 11)      [9] []
    136     0x0000FB00       0xFFFFFF80      0x00800000         (0, 0, 15)      [17] []
    137     0x0001E000       0xFFFFFF80      0x00800008         (0, 1, 12)      [17] [W]
    138     0x00016400       0xFFFFFF80      0x00300010         (0, 1, 12)      [14, 15] [SW]
    139     0x00017400       0xFFFFFF80      0x00FFFF80         (0, 1, 14)      [1, 2, 3, 4, 5, 6, 7, 8, 9, 10, 11, 12, 13, 14, 15, 16, 17] []
    140     0x0003F200       0xFFFFFF00      0x00000008         (0, 3, 14)      [] [W]
    141     0x00018680       0xFFFFFF80      0x00100000         (0, 1, 0)      [14] []
    142     0x00015F00       0xFFFFFF80      0x00000C00         (0, 1, 11)      [4, 5] []
    143     0x00008B80       0xFFFFFF80      0x00010000         (0, 0, 1)      [10] []
    144     0x0000DC80       0xFFFFFF80      0x00010000         (0, 0, 11)      [10] []
    145     0x00050400       0xFFFFFF00      0x00000080         (0, 5, 0)      [1] []
    146     0x00015380       0xFFFFFF80      0x00001000         (0, 1, 10)      [6] []
    147     0x00017280       0xFFFFFF80      0x00FFFF90         (0, 1, 14)      [1, 2, 3, 4, 5, 6, 7, 8, 9, 10, 11, 12, 13, 14, 15, 16, 17] [SW]
    148     0x0000C100       0xFFFFFF80      0x00008000         (0, 0, 8)      [9] []
    149     0x0003E900       0xFFFFFF00      0x00000008         (0, 3, 13)      [] [W]
    150     0x00022900       0xFFFFFF80      0x00004008         (0, 2, 5)      [8] [W]
    151     0x0000F600       0xFFFFFF80      0x00002000         (0, 0, 14)      [7] []
    152     0x0000F300       0xFFFFFF80      0x00000080         (0, 0, 14)      [1] []
    153     0x00022D80       0xFFFFFF80      0x00800000         (0, 2, 5)      [17] []
    154     0x0000EA80       0xFFFFFF80      0x00020000         (0, 0, 13)      [11] []
    155     0x0001E580       0xFFFFFF80      0x00000008         (0, 1, 12)      [] [W]
    156     0x00050500       0xFFFFFF00      0x00000100         (0, 5, 0)      [2] []
    157     0x00017600       0xFFFFFF80      0x00000310         (0, 1, 14)      [2, 3] [SW]
    158     0x00005380       0xFFFFFF80      0x00001000         (0, 0, 10)      [6] []
    159     0x0001D680       0xFFFFFF80      0x00000008         (0, 1, 10)      [] [W]
    160     0x00011D80       0xFFFFFF80      0x00000800         (0, 1, 3)      [5] []
    161     0x0000DD00       0xFFFFFF80      0x00020000         (0, 0, 11)      [11] []
    162     0x0001AE00       0xFFFFFF80      0x00200008         (0, 1, 5)      [15] [W]
    163     0x00008780       0xFFFFFF80      0x00000100         (0, 0, 0)      [2] []
    164     0x00013100       0xFFFFFF80      0x00800000         (0, 1, 6)      [17] []
    165     0x00022B00       0xFFFFFF80      0x00040008         (0, 2, 5)      [12] [W]
    166     0x00015480       0xFFFFFF80      0x00004000         (0, 1, 10)      [8] []
    167     0x00017980       0xFFFFFF80      0x00018010         (0, 1, 15)      [9, 10] [SW]
    168     0x00015200       0xFFFFFF80      0x00000200         (0, 1, 10)      [3] []
    169     0x00050C00       0xFFFFFF00      0x00008000         (0, 5, 1)      [9] []
    170     0x00014580       0xFFFFFF80      0x00000400         (0, 1, 8)      [4] []
    171     0x0001D600       0xFFFFFF80      0x00000008         (0, 1, 10)      [] [W]
    172     0x0000BF80       0xFFFFFF80      0x00001000         (0, 0, 7)      [6] []
    173     0x00050800       0xFFFFFF00      0x00000800         (0, 5, 1)      [5] []
    174     0x00019800       0xFFFFFF80      0x00004000         (0, 1, 3)      [8] []
    175     0x00010180       0xFFFFFF80      0x00000200         (0, 1, 0)      [3] []
    176     0x00050700       0xFFFFFF00      0x00000400         (0, 5, 0)      [4] []
    177     0x00018E00       0xFFFFFF80      0x00004000         (0, 1, 1)      [8] []
    178     0x00022780       0xFFFFFF80      0x00000808         (0, 2, 4)      [5] [W]
    179     0x00022A00       0xFFFFFF80      0x00010008         (0, 2, 5)      [10] [W]
    180     0x0001AC00       0xFFFFFF80      0x00020008         (0, 1, 5)      [11] [W]
    181     0x00018500       0xFFFFFF80      0x00020000         (0, 1, 0)      [11] []
    182     0x00016C80       0xFFFFFF80      0x00FFFF9D         (0, 1, 13)      [1, 2, 3, 4, 5, 6, 7, 8, 9, 10, 11, 12, 13, 14, 15, 16, 17] [E, N, W, SW]
    183     0x0000EB80       0xFFFFFF80      0x00080000         (0, 0, 13)      [13] []
    184     0x00019780       0xFFFFFF80      0x00002000         (0, 1, 2)      [7] []
    185     0x00022880       0xFFFFFF80      0x00002008         (0, 2, 5)      [7] [W]
    186     0x00017E00       0xFFFFFF80      0x00000010         (0, 1, 15)      [] [SW]
    187     0x00017700       0xFFFFFF80      0x00000C10         (0, 1, 14)      [4, 5] [SW]
    188     0x00050F00       0xFFFFFF00      0x00040000         (0, 5, 1)      [12] []
    189     0x00008800       0xFFFFFF80      0x00000200         (0, 0, 1)      [3] []
    190     0x0001B000       0xFFFFFF80      0x00000008         (0, 1, 6)      [] [W]
    191     0x0000F480       0xFFFFFF80      0x00000400         (0, 0, 14)      [4] []
    192     0x0001AE80       0xFFFFFF80      0x00400008         (0, 1, 5)      [16] [W]
    193     0x0001DB00       0xFFFFFF80      0x00000008         (0, 1, 11)      [] [W]
    194     0x0001E080       0xFFFFFF80      0x00000008         (0, 1, 12)      [] [W]
    195     0x0001E200       0xFFFFFF80      0x00000008         (0, 1, 12)      [] [W]
    196     0x0001C780       0xFFFFFF80      0x00000008         (0, 1, 8)      [] [W]
    197     0x00015580       0xFFFFFF80      0x00010000         (0, 1, 10)      [10] []
    198     0x00016680       0xFFFFFF80      0x00000010         (0, 1, 12)      [] [SW]
    199     0x00003700       0xFFFFFF80      0x00000200         (0, 0, 6)      [3] []
    200     0x00011080       0xFFFFFF80      0x00001010         (0, 1, 2)      [6] [SW]
    201     0x0000B480       0xFFFFFF80      0x00020000         (0, 0, 6)      [11] []
    202     0x0001BF00       0xFFFFFF80      0x00400000         (0, 1, 7)      [16] []
    203     0x0001B600       0xFFFFFF80      0x00100008         (0, 1, 6)      [14] [W]
    204     0x00017780       0xFFFFFF80      0x00001810         (0, 1, 14)      [5, 6] [SW]
    205     0x00012500       0xFFFFFF80      0x00000001         (0, 1, 4)      [] [E]
    206     0x00010200       0xFFFFFF80      0x00000400         (0, 1, 0)      [4] []
    207     0x00016F80       0xFFFFFF80      0x00FFFF9F         (0, 1, 13)      [1, 2, 3, 4, 5, 6, 7, 8, 9, 10, 11, 12, 13, 14, 15, 16, 17] [E, NE, N, W, SW]
    208     0x0000DF00       0xFFFFFF80      0x00200001         (0, 0, 11)      [15] [E]
    209     0x0001CC80       0xFFFFFF80      0x00100008         (0, 1, 9)      [14] [W]
    210     0x00015280       0xFFFFFF80      0x00000400         (0, 1, 10)      [4] []
    211     0x00050600       0xFFFFFF00      0x00000200         (0, 5, 0)      [3] []
    212     0x0000A200       0xFFFFFF80      0x00000080         (0, 0, 4)      [1] []
    213     0x0001F200       0xFFFFFF80      0x00000010         (0, 1, 14)      [] [SW]
    214     0x0000F780       0xFFFFFF80      0x00010000         (0, 0, 14)      [10] []
    215     0x0000ED00       0xFFFFFF80      0x00400000         (0, 0, 13)      [16] []
    216     0x0001D200       0xFFFFFF80      0x00040008         (0, 1, 10)      [12] [W]
    217     0x0003EB00       0xFFFFFF00      0x00000008         (0, 3, 13)      [] [W]
    218     0x00006D80       0xFFFFFF80      0x00000400         (0, 0, 13)      [4] []
    219     0x00019C80       0xFFFFFF80      0x00800000         (0, 1, 3)      [17] []
    220     0x0000B300       0xFFFFFF80      0x00004000         (0, 0, 6)      [8] []
    221     0x00007A00       0xFFFFFF80      0x00000100         (0, 0, 15)      [2] []
    222     0x00016580       0xFFFFFF80      0x00800010         (0, 1, 12)      [17] [SW]
    223     0x0001CF80       0xFFFFFF80      0x00000008         (0, 1, 9)      [] [W]
    224     0x00015680       0xFFFFFF80      0x00040000         (0, 1, 10)      [12] []
    225     0x00046500       0xFFFFFF00      0x00000010         (0, 4, 12)      [] [SW]
    226     0x00011400       0xFFFFFF80      0x00080010         (0, 1, 2)      [13] [SW]
    227     0x0000CE00       0xFFFFFF80      0x00004000         (0, 0, 9)      [8] []
    228     0x00019100       0xFFFFFF80      0x00100000         (0, 1, 2)      [14] []
    229     0x00017B00       0xFFFFFF80      0x000C0010         (0, 1, 15)      [12, 13] [SW]
    230     0x00022280       0xFFFFFF80      0x00000008         (0, 2, 4)      [] [W]
    231     0x00001B00       0xFFFFFF80      0x00000080         (0, 0, 3)      [1] []
    232     0x00007B00       0xFFFFFF80      0x00000400         (0, 0, 15)      [4] []
    233     0x0003E700       0xFFFFFF00      0x00000008         (0, 3, 12)      [] [W]
    234     0x00019200       0xFFFFFF80      0x00400000         (0, 1, 2)      [16] []
    235     0x00013680       0xFFFFFF80      0x00000080         (0, 1, 6)      [1] []
    236     0x00010580       0xFFFFFF80      0x00020000         (0, 1, 0)      [11] []
    237     0x00017900       0xFFFFFF80      0x0000C010         (0, 1, 15)      [8, 9] [SW]
    238     0x00012400       0xFFFFFF80      0x00000001         (0, 1, 4)      [] [E]
    239     0x0000BE80       0xFFFFFF80      0x00000400         (0, 0, 7)      [4] []
    240     0x00022300       0xFFFFFF80      0x00000008         (0, 2, 4)      [] [W]
    241     0x0000CC00       0xFFFFFF80      0x00000400         (0, 0, 9)      [4] []
    242     0x00016700       0xFFFFFF80      0x00000010         (0, 1, 12)      [] [SW]
    243     0x00018800       0xFFFFFF80      0x00800000         (0, 1, 1)      [17] []
    244     0x0000A300       0xFFFFFF80      0x00000200         (0, 0, 4)      [3] []
    245     0x00015780       0xFFFFFF80      0x00100000         (0, 1, 10)      [14] []
    246     0x0000B180       0xFFFFFF80      0x00000800         (0, 0, 6)      [5] []
    247     0x00015F80       0xFFFFFF80      0x00001800         (0, 1, 11)      [5, 6] []
    248     0x00008A00       0xFFFFFF80      0x00002000         (0, 0, 1)      [7] []
    249     0x00004400       0xFFFFFF80      0x00000100         (0, 0, 8)      [2] []
    250     0x00010780       0xFFFFFF80      0x00200000         (0, 1, 0)      [15] []
    251     0x00017200       0xFFFFFF80      0x00FFFF90         (0, 1, 14)      [1, 2, 3, 4, 5, 6, 7, 8, 9, 10, 11, 12, 13, 14, 15, 16, 17] [SW]
    252     0x00010800       0xFFFFFF80      0x00400000         (0, 1, 1)      [16] []
    253     0x00011F80       0xFFFFFF80      0x00008001         (0, 1, 3)      [9] [E]
    254     0x00006180       0xFFFFFF80      0x00002000         (0, 0, 12)      [7] []
    255     0x00012E80       0xFFFFFF80      0x00040000         (0, 1, 5)      [12] []
    256     0x0001C800       0xFFFFFF80      0x00000008         (0, 1, 9)      [] [W]
    257     0x00016B80       0xFFFFFF80      0x00FFFF9D         (0, 1, 13)      [1, 2, 3, 4, 5, 6, 7, 8, 9, 10, 11, 12, 13, 14, 15, 16, 17] [E, N, W, SW]
    258     0x0000BD80       0xFFFFFF80      0x00000100         (0, 0, 7)      [2] []
    259     0x00046600       0xFFFFFF00      0x00000010         (0, 4, 12)      [] [SW]
    260     0x0001A300       0xFFFFFF80      0x00020000         (0, 1, 4)      [11] []
    261     0x0000A280       0xFFFFFF80      0x00000100         (0, 0, 4)      [2] []
    262     0x00013800       0xFFFFFF80      0x00000400         (0, 1, 7)      [4] []
    263     0x0001BE00       0xFFFFFF80      0x00100008         (0, 1, 7)      [14] [W]
    264     0x00009700       0xFFFFFF80      0x00001000         (0, 0, 2)      [6] []
    265     0x0001BD00       0xFFFFFF80      0x00040008         (0, 1, 7)      [12] [W]
    266     0x00013E80       0xFFFFFF80      0x00800000         (0, 1, 7)      [17] []
    267     0x0001B380       0xFFFFFF80      0x00008008         (0, 1, 6)      [9] [W]
    268     0x0001B980       0xFFFFFF80      0x00000008         (0, 1, 7)      [] [W]
    269     0x0000A580       0xFFFFFF80      0x00004000         (0, 0, 4)      [8] []
    270     0x0000BD00       0xFFFFFF80      0x00000080         (0, 0, 7)      [1] []
    271     0x00014A80       0xFFFFFF80      0x00100000         (0, 1, 9)      [14] []
    272     0x0000C080       0xFFFFFF80      0x00004000         (0, 0, 8)      [8] []
    273     0x00012A00       0xFFFFFF80      0x00000200         (0, 1, 5)      [3] []
    274     0x0001E480       0xFFFFFF80      0x00400008         (0, 1, 12)      [16] [W]
    275     0x00012D00       0xFFFFFF80      0x00008000         (0, 1, 5)      [9] []
    276     0x00007D80       0xFFFFFF80      0x00008008         (0, 0, 15)      [9] [W]
    277     0x0001B700       0xFFFFFF80      0x00400008         (0, 1, 6)      [16] [W]
    278     0x0001CE80       0xFFFFFF80      0x00000008         (0, 1, 9)      [] [W]
    279     0x00011300       0xFFFFFF80      0x00020010         (0, 1, 2)      [11] [SW]
    280     0x00013C80       0xFFFFFF80      0x00080000         (0, 1, 7)      [13] []
    281     0x00017C00       0xFFFFFF80      0x00300010         (0, 1, 15)      [14, 15] [SW]
    282     0x0003EF00       0xFFFFFF00      0x00000008         (0, 3, 13)      [] [W]
    283     0x0001B300       0xFFFFFF80      0x00004008         (0, 1, 6)      [8] [W]
    284     0x00004580       0xFFFFFF80      0x00000800         (0, 0, 8)      [5] []
    285     0x0001CB00       0xFFFFFF80      0x00020008         (0, 1, 9)      [11] [W]
    286     0x0000E980       0xFFFFFF80      0x00008000         (0, 0, 13)      [9] []
    287     0x00017A80       0xFFFFFF80      0x00060010         (0, 1, 15)      [11, 12] [SW]
    288     0x0001A580       0xFFFFFF80      0x00400008         (0, 1, 4)      [16] [W]
    289     0x00016280       0xFFFFFF80      0x00060010         (0, 1, 12)      [11, 12] [SW]
    290     0x00017380       0xFFFFFF80      0x00FFFF80         (0, 1, 14)      [1, 2, 3, 4, 5, 6, 7, 8, 9, 10, 11, 12, 13, 14, 15, 16, 17] []
    291     0x00016D80       0xFFFFFF80      0x00FFFF9D         (0, 1, 13)      [1, 2, 3, 4, 5, 6, 7, 8, 9, 10, 11, 12, 13, 14, 15, 16, 17] [E, N, W, SW]
    292     0x00012080       0xFFFFFF80      0x00020001         (0, 1, 4)      [11] [E]
    293     0x00018E80       0xFFFFFF80      0x00008000         (0, 1, 1)      [9] []
    294     0x0001A480       0xFFFFFF80      0x00100000         (0, 1, 4)      [14] []
    295     0x00022580       0xFFFFFF80      0x00000080         (0, 2, 4)      [1] []
    296     0x00010400       0xFFFFFF80      0x00004000         (0, 1, 0)      [8] []
    297     0x00019000       0xFFFFFF80      0x00040000         (0, 1, 2)      [12] []
    298     0x0000F500       0xFFFFFF80      0x00000800         (0, 0, 14)      [5] []
    299     0x00004500       0xFFFFFF80      0x00000400         (0, 0, 8)      [4] []
    300     0x0001B500       0xFFFFFF80      0x00040008         (0, 1, 6)      [12] [W]
    301     0x00012F80       0xFFFFFF80      0x00100000         (0, 1, 5)      [14] []
    302     0x00046700       0xFFFFFF00      0x00000010         (0, 4, 12)      [] [SW]
    303     0x00046A00       0xFFFFFF00      0x00000010         (0, 4, 13)      [] [SW]
    304     0x00008700       0xFFFFFF80      0x00000080         (0, 0, 0)      [1] []
    305     0x0000B000       0xFFFFFF80      0x00000100         (0, 0, 6)      [2] []
    306     0x0001AF00       0xFFFFFF80      0x00800008         (0, 1, 5)      [17] [W]
    307     0x00007C80       0xFFFFFF80      0x00002000         (0, 0, 15)      [7] []
    308     0x0000B580       0xFFFFFF80      0x00080000         (0, 0, 6)      [13] []
    309     0x00046900       0xFFFFFF00      0x00000010         (0, 4, 13)      [] [SW]
    310     0x00018100       0xFFFFFF80      0x00000210         (0, 1, 0)      [3] [SW]
    311     0x00013D80       0xFFFFFF80      0x00200000         (0, 1, 7)      [15] []
    312     0x0001C880       0xFFFFFF80      0x00000008         (0, 1, 9)      [] [W]
    313     0x0001D500       0xFFFFFF80      0x00000008         (0, 1, 10)      [] [W]
    314     0x00014980       0xFFFFFF80      0x00040000         (0, 1, 9)      [12] []
    315     0x0000E800       0xFFFFFF80      0x00001000         (0, 0, 13)      [6] []
    316     0x00015500       0xFFFFFF80      0x00008000         (0, 1, 10)      [9] []
    317     0x00046B00       0xFFFFFF00      0x00000010         (0, 4, 13)      [] [SW]
    318     0x0000C380       0xFFFFFF80      0x00100000         (0, 0, 8)      [14] []
    319     0x00013B80       0xFFFFFF80      0x00020000         (0, 1, 7)      [11] []
    320     0x00016600       0xFFFFFF80      0x00000010         (0, 1, 12)      [] [SW]
    321     0x00010080       0xFFFFFF80      0x00000080         (0, 1, 0)      [1] []
    322     0x00007A80       0xFFFFFF80      0x00000200         (0, 0, 15)      [3] []
    323     0x00018C00       0xFFFFFF80      0x00000400         (0, 1, 1)      [4] []
    324     0x0001A700       0xFFFFFF80      0x00000008         (0, 1, 4)      [] [W]
    325     0x0000A700       0xFFFFFF80      0x00020000         (0, 0, 4)      [11] []
    326     0x0001AB80       0xFFFFFF80      0x00010008         (0, 1, 5)      [10] [W]
    327     0x0000ED80       0xFFFFFF80      0x00800000         (0, 0, 13)      [17] []
    328     0x0001A180       0xFFFFFF80      0x00004000         (0, 1, 4)      [8] []
    329     0x00006F80       0xFFFFFF80      0x00004000         (0, 0, 13)      [8] []
    330     0x00017D80       0xFFFFFF80      0x00800010         (0, 1, 15)      [17] [SW]
    331     0x00013980       0xFFFFFF80      0x00002000         (0, 1, 7)      [7] []
    332     0x00018380       0xFFFFFF80      0x00004000         (0, 1, 0)      [8] []
    333     0x00010380       0xFFFFFF80      0x00002000         (0, 1, 0)      [7] []
    334     0x0000C300       0xFFFFFF80      0x00080000         (0, 0, 8)      [13] []
    335     0x00013080       0xFFFFFF80      0x00400000         (0, 1, 6)      [16] []
    336     0x00020900       0xFFFFFF80      0x00000008         (0, 2, 1)      [] [W]
    337     0x0001CB80       0xFFFFFF80      0x00040008         (0, 1, 9)      [12] [W]
    338     0x00009800       0xFFFFFF80      0x00004000         (0, 0, 3)      [8] []
    339     0x0000C180       0xFFFFFF80      0x00010000         (0, 0, 8)      [10] []
    340     0x0000D800       0xFFFFFF80      0x00000080         (0, 0, 11)      [1] []
    341     0x0000D100       0xFFFFFF80      0x00100000         (0, 0, 10)      [14] []
    342     0x00011980       0xFFFFFF80      0x00000001         (0, 1, 3)      [] [E]
    343     0x0000F680       0xFFFFFF80      0x00004000         (0, 0, 14)      [8] []
    344     0x00011C00       0xFFFFFF80      0x00000100         (0, 1, 3)      [2] []
    345     0x0000E680       0xFFFFFF80      0x00000200         (0, 0, 12)      [3] []
    346     0x00010E00       0xFFFFFF80      0x00000090         (0, 1, 1)      [1] [SW]
    347     0x00019980       0xFFFFFF80      0x00020000         (0, 1, 3)      [11] []
    348     0x0001D580       0xFFFFFF80      0x00000008         (0, 1, 10)      [] [W]
    349     0x00014600       0xFFFFFF80      0x00000800         (0, 1, 8)      [5] []
    350     0x00022C80       0xFFFFFF80      0x00200000         (0, 2, 5)      [15] []
    351     0x00019280       0xFFFFFF80      0x00800000         (0, 1, 2)      [17] []
    352     0x00007B80       0xFFFFFF80      0x00000800         (0, 0, 15)      [5] []
    353     0x0000CF00       0xFFFFFF80      0x00010000         (0, 0, 9)      [10] []
    354     0x0001A780       0xFFFFFF80      0x00000008         (0, 1, 4)      [] [W]
    355     0x00006E00       0xFFFFFF80      0x00000800         (0, 0, 13)      [5] []
    356     0x0001A600       0xFFFFFF80      0x00800008         (0, 1, 4)      [17] [W]
    357     0x0001B480       0xFFFFFF80      0x00020008         (0, 1, 6)      [11] [W]
    358     0x0000CC80       0xFFFFFF80      0x00000800         (0, 0, 9)      [5] []
    359     0x0001C300       0xFFFFFF80      0x00008000         (0, 1, 8)      [9] []
    360     0x00003780       0xFFFFFF80      0x00000400         (0, 0, 6)      [4] []
    361     0x00006C80       0xFFFFFF80      0x00000100         (0, 0, 13)      [2] []
    362     0x0001D300       0xFFFFFF80      0x00100008         (0, 1, 10)      [14] [W]
    363     0x0001E500       0xFFFFFF80      0x00800008         (0, 1, 12)      [17] [W]
    364     0x0000EC80       0xFFFFFF80      0x00200000         (0, 0, 13)      [15] []
    365     0x0000C280       0xFFFFFF80      0x00040000         (0, 0, 8)      [12] []
    366     0x0000CB80       0xFFFFFF80      0x00000200         (0, 0, 9)      [3] []
    367     0x0001D800       0xFFFFFF80      0x00040008         (0, 1, 11)      [12] [W]
    368     0x00008B00       0xFFFFFF80      0x00008000         (0, 0, 1)      [9] []
    369     0x00019A00       0xFFFFFF80      0x00040000         (0, 1, 3)      [12] []
    370     0x0001D900       0xFFFFFF80      0x00100008         (0, 1, 11)      [14] [W]
    371     0x00015D00       0xFFFFFF80      0x00000080         (0, 1, 11)      [1] []
    372     0x00018200       0xFFFFFF80      0x00000810         (0, 1, 0)      [5] [SW]
    373     0x00019A80       0xFFFFFF80      0x00080000         (0, 1, 3)      [13] []
    374     0x00019700       0xFFFFFF80      0x00001000         (0, 1, 2)      [6] []
    375     0x00015900       0xFFFFFF80      0x00800000         (0, 1, 11)      [17] []
    376     0x0001DC00       0xFFFFFF80      0x00000008         (0, 1, 11)      [] [W]
    377     0x0001BB00       0xFFFFFF80      0x00004008         (0, 1, 7)      [8] [W]
    378     0x0001AC80       0xFFFFFF80      0x00040008         (0, 1, 5)      [12] [W]
    379     0x0000E700       0xFFFFFF80      0x00000400         (0, 0, 12)      [4] []
    380     0x00018F80       0xFFFFFF80      0x00020000         (0, 1, 1)      [11] []
    381     0x0000CB00       0xFFFFFF80      0x00000100         (0, 0, 9)      [2] []
    382     0x00011780       0xFFFFFF80      0x00000001         (0, 1, 2)      [] [E]
    383     0x00011880       0xFFFFFF80      0x00000001         (0, 1, 3)      [] [E]
    384     0x00016380       0xFFFFFF80      0x00180010         (0, 1, 12)      [13, 14] [SW]
    385     0x00010D00       0xFFFFFF80      0x00000010         (0, 1, 1)      [] [SW]
    386     0x0001B080       0xFFFFFF80      0x00000008         (0, 1, 6)      [] [W]
    387     0x00011800       0xFFFFFF80      0x00000001         (0, 1, 3)      [] [E]
    388     0x00020700       0xFFFFFF80      0x00000008         (0, 2, 0)      [] [W]
    389     0x00014480       0xFFFFFF80      0x00000100         (0, 1, 8)      [2] []
    390     0x00003600       0xFFFFFF80      0x00000080         (0, 0, 6)      [1] []
    391     0x00017100       0xFFFFFF80      0x00FFFF9D         (0, 1, 14)      [1, 2, 3, 4, 5, 6, 7, 8, 9, 10, 11, 12, 13, 14, 15, 16, 17] [E, N, W, SW]
    392     0x0001DA80       0xFFFFFF80      0x00800008         (0, 1, 11)      [17] [W]
    393     0x0003F300       0xFFFFFF00      0x00000008         (0, 3, 14)      [] [W]
    394     0x00011280       0xFFFFFF80      0x00010010         (0, 1, 2)      [10] [SW]
    395     0x0001AD80       0xFFFFFF80      0x00100008         (0, 1, 5)      [14] [W]
    396     0x0000CF80       0xFFFFFF80      0x00020000         (0, 0, 9)      [11] []
    397     0x0001E100       0xFFFFFF80      0x00000008         (0, 1, 12)      [] [W]
    398     0x00011600       0xFFFFFF80      0x00800000         (0, 1, 2)      [17] []
    399     0x0001E700       0xFFFFFF80      0x00000008         (0, 1, 12)      [] [W]
    400     0x0001D280       0xFFFFFF80      0x00080008         (0, 1, 10)      [13] [W]
    401     0x00014780       0xFFFFFF80      0x00004000         (0, 1, 8)      [8] []
    402     0x00011200       0xFFFFFF80      0x00008010         (0, 1, 2)      [9] [SW]
    403     0x0001C680       0xFFFFFF80      0x00400000         (0, 1, 8)      [16] []
    404     0x0000A480       0xFFFFFF80      0x00001000         (0, 0, 4)      [6] []
    405     0x0001E900       0xFFFFFF80      0x00400000         (0, 1, 13)      [16] []
    406     0x00019080       0xFFFFFF80      0x00080000         (0, 1, 2)      [13] []
    407     0x00009680       0xFFFFFF80      0x00000800         (0, 0, 2)      [5] []
    408     0x00016480       0xFFFFFF80      0x00600010         (0, 1, 12)      [16, 15] [SW]
    409     0x00017D00       0xFFFFFF80      0x00C00010         (0, 1, 15)      [16, 17] [SW]
    410     0x0001A500       0xFFFFFF80      0x00200008         (0, 1, 4)      [15] [W]
    411     0x0000B380       0xFFFFFF80      0x00008000         (0, 0, 6)      [9] []
    412     0x0003EC00       0xFFFFFF00      0x00000008         (0, 3, 13)      [] [W]
    413     0x0000F380       0xFFFFFF80      0x00000100         (0, 0, 14)      [2] []
    414     0x00015400       0xFFFFFF80      0x00002000         (0, 1, 10)      [7] []
    415     0x00022080       0xFFFFFF80      0x00000008         (0, 2, 4)      [] [W]
    416     0x0001C480       0xFFFFFF80      0x00040000         (0, 1, 8)      [12] []
    417     0x00011480       0xFFFFFF80      0x00100010         (0, 1, 2)      [14] [SW]
    418     0x00018580       0xFFFFFF80      0x00040000         (0, 1, 0)      [12] []
    419     0x00009580       0xFFFFFF80      0x00000200         (0, 0, 2)      [3] []
    420     0x00010700       0xFFFFFF80      0x00100000         (0, 1, 0)      [14] []
    421     0x0000EB00       0xFFFFFF80      0x00040000         (0, 0, 13)      [12] []
    422     0x0001F800       0xFFFFFF80      0x00000010         (0, 1, 15)      [] [SW]
    423     0x00015E00       0xFFFFFF80      0x00000300         (0, 1, 11)      [2, 3] []
    424     0x0000BF00       0xFFFFFF80      0x00000800         (0, 0, 7)      [5] []
    425     0x0001B280       0xFFFFFF80      0x00002008         (0, 1, 6)      [7] [W]
    426     0x00018C80       0xFFFFFF80      0x00000800         (0, 1, 1)      [5] []
    427     0x0000F900       0xFFFFFF80      0x00080000         (0, 0, 15)      [13] []
    428     0x00011580       0xFFFFFF80      0x00400000         (0, 1, 2)      [16] []
    429     0x00010500       0xFFFFFF80      0x00010000         (0, 1, 0)      [10] []
    430     0x00010600       0xFFFFFF80      0x00040000         (0, 1, 0)      [12] []
    431     0x00012980       0xFFFFFF80      0x00000100         (0, 1, 5)      [2] []
    432     0x00006100       0xFFFFFF80      0x00001000         (0, 0, 12)      [6] []
    433     0x00012C00       0xFFFFFF80      0x00002000         (0, 1, 5)      [7] []
    434     0x00006D00       0xFFFFFF80      0x00000200         (0, 0, 13)      [3] []
    435     0x0000B200       0xFFFFFF80      0x00001000         (0, 0, 6)      [6] []
    436     0x00014B80       0xFFFFFF80      0x00400000         (0, 1, 9)      [16] []
    437     0x0001B100       0xFFFFFF80      0x00000008         (0, 1, 6)      [] [W]
    438     0x0000EC00       0xFFFFFF80      0x00100000         (0, 0, 13)      [14] []
    439     0x00019900       0xFFFFFF80      0x00010000         (0, 1, 3)      [10] []
    440     0x00016C00       0xFFFFFF80      0x00FFFF9D         (0, 1, 13)      [1, 2, 3, 4, 5, 6, 7, 8, 9, 10, 11, 12, 13, 14, 15, 16, 17] [E, N, W, SW]
    441     0x00006C00       0xFFFFFF80      0x00000080         (0, 0, 13)      [1] []
    442     0x00005100       0xFFFFFF80      0x00000080         (0, 0, 10)      [1] []
    443     0x00013D00       0xFFFFFF80      0x00100000         (0, 1, 7)      [14] []
    444     0x0001DE00       0xFFFFFF80      0x00080008         (0, 1, 11)      [13] [W]
    445     0x00046300       0xFFFFFF00      0x00000010         (0, 4, 12)      [] [SW]
    446     0x0001CA80       0xFFFFFF80      0x00010008         (0, 1, 9)      [10] [W]
    447     0x0000DE80       0xFFFFFF80      0x00100001         (0, 0, 11)      [14] [E]
    448     0x0000D880       0xFFFFFF80      0x00000100         (0, 0, 11)      [2] []
    449     0x0001B900       0xFFFFFF80      0x00000008         (0, 1, 7)      [] [W]
    450     0x00014880       0xFFFFFF80      0x00010000         (0, 1, 9)      [10] []
    451     0x00011C80       0xFFFFFF80      0x00000200         (0, 1, 3)      [3] []
    452     0x00018180       0xFFFFFF80      0x00000410         (0, 1, 0)      [4] [SW]
    453     0x0001A680       0xFFFFFF80      0x00000008         (0, 1, 4)      [] [W]
    454     0x00008880       0xFFFFFF80      0x00000400         (0, 0, 1)      [4] []
    455     0x00012A80       0xFFFFFF80      0x00000400         (0, 1, 5)      [4] []
    456     0x0000A600       0xFFFFFF80      0x00008000         (0, 0, 4)      [9] []
    457     0x00004480       0xFFFFFF80      0x00000200         (0, 0, 8)      [3] []
    458     0x0001AB00       0xFFFFFF80      0x00008008         (0, 1, 5)      [9] [W]
    459     0x00046400       0xFFFFFF00      0x00000010         (0, 4, 12)      [] [SW]
    460     0x00022D00       0xFFFFFF80      0x00400000         (0, 2, 5)      [16] []
    461     0x0001A800       0xFFFFFF80      0x00000008         (0, 1, 5)      [] [W]
    462     0x00013880       0xFFFFFF80      0x00000800         (0, 1, 7)      [5] []
    463     0x0001F580       0xFFFFFF80      0x00000010         (0, 1, 14)      [] [SW]
    464     0x0000B500       0xFFFFFF80      0x00040000         (0, 0, 6)      [12] []
    465     0x00015600       0xFFFFFF80      0x00020000         (0, 1, 10)      [11] []
    466     0x00012E00       0xFFFFFF80      0x00020000         (0, 1, 5)      [11] []
    467     0x00016080       0xFFFFFF80      0x00006000         (0, 1, 12)      [8, 7] []
    468     0x00006080       0xFFFFFF80      0x00000800         (0, 0, 12)      [5] []
    469     0x0000F700       0xFFFFFF80      0x00008000         (0, 0, 14)      [9] []
    470     0x0001C500       0xFFFFFF80      0x00080000         (0, 1, 8)      [13] []
    471     0x0000CE80       0xFFFFFF80      0x00008000         (0, 0, 9)      [9] []
    472     0x00010280       0xFFFFFF80      0x00000800         (0, 1, 0)      [5] []
    473     0x0001C600       0xFFFFFF80      0x00200000         (0, 1, 8)      [15] []
    474     0x00005300       0xFFFFFF80      0x00000800         (0, 0, 10)      [5] []
    475     0x0001DF80       0xFFFFFF80      0x00400008         (0, 1, 11)      [16] [W]
    476     0x00004380       0xFFFFFF80      0x00000080         (0, 0, 8)      [1] []
    477     0x0001A980       0xFFFFFF80      0x00001008         (0, 1, 5)      [6] [W]
    478     0x00014C00       0xFFFFFF80      0x00800000         (0, 1, 9)      [17] []
    479     0x00051000       0xFFFFFF00      0x00080000         (0, 5, 2)      [13] []
    480     0x00050D00       0xFFFFFF00      0x00010000         (0, 5, 1)      [10] []
    481     0x0000F800       0xFFFFFF80      0x00020000         (0, 0, 15)      [11] []
    482     0x0001AA00       0xFFFFFF80      0x00002008         (0, 1, 5)      [7] [W]
    483     0x00008980       0xFFFFFF80      0x00001000         (0, 0, 1)      [6] []
    484     0x00016180       0xFFFFFF80      0x00018010         (0, 1, 12)      [9, 10] [SW]
    485     0x0001BF80       0xFFFFFF80      0x00800000         (0, 1, 7)      [17] []
    486     0x00022800       0xFFFFFF80      0x00001008         (0, 2, 5)      [6] [W]
    487     0x0000DA00       0xFFFFFF80      0x00000800         (0, 0, 11)      [5] []
    488     0x00017880       0xFFFFFF80      0x00006010         (0, 1, 15)      [8, 7] [SW]
    489     0x0000CD00       0xFFFFFF80      0x00001000         (0, 0, 9)      [6] []
    490     0x0001CE00       0xFFFFFF80      0x00800008         (0, 1, 9)      [17] [W]
    491     0x00016E00       0xFFFFFF80      0x00FFFF9F         (0, 1, 13)      [1, 2, 3, 4, 5, 6, 7, 8, 9, 10, 11, 12, 13, 14, 15, 16, 17] [E, NE, N, W, SW]
    492     0x00019180       0xFFFFFF80      0x00200000         (0, 1, 2)      [15] []
    493     0x0001B880       0xFFFFFF80      0x00000008         (0, 1, 7)      [] [W]
    494     0x0000FA80       0xFFFFFF80      0x00400000         (0, 0, 15)      [16] []
    495     0x0001F500       0xFFFFFF80      0x00000010         (0, 1, 14)      [] [SW]
    496     0x00012180       0xFFFFFF80      0x00080001         (0, 1, 4)      [13] [E]
    497     0x00015180       0xFFFFFF80      0x00000100         (0, 1, 10)      [2] []
    498     0x0001AD00       0xFFFFFF80      0x00080008         (0, 1, 5)      [13] [W]
    499     0x0000E880       0xFFFFFF80      0x00002000         (0, 0, 13)      [7] []
    500     0x00051300       0xFFFFFF00      0x00400000         (0, 5, 2)      [16] []
    501     0x00051100       0xFFFFFF00      0x00100000         (0, 5, 2)      [14] []
    502     0x0001BC00       0xFFFFFF80      0x00010008         (0, 1, 7)      [10] [W]
    503     0x00022100       0xFFFFFF80      0x00000008         (0, 2, 4)      [] [W]
    504     0x0003E800       0xFFFFFF00      0x00000008         (0, 3, 13)      [] [W]
    505     0x0001E980       0xFFFFFF80      0x00800000         (0, 1, 13)      [17] []
    506     0x00010100       0xFFFFFF80      0x00000100         (0, 1, 0)      [2] []
    507     0x0000DE00       0xFFFFFF80      0x00080001         (0, 0, 11)      [13] [E]
    508     0x00005F00       0xFFFFFF80      0x00000100         (0, 0, 11)      [2] []
    509     0x0001B680       0xFFFFFF80      0x00200008         (0, 1, 6)      [15] [W]
    510     0x00018B80       0xFFFFFF80      0x00000200         (0, 1, 1)      [3] []
    511     0x00017C80       0xFFFFFF80      0x00600010         (0, 1, 15)      [16, 15] [SW]
    512     0x0001F480       0xFFFFFF80      0x00000010         (0, 1, 14)      [] [SW]
    513     0x0001DE80       0xFFFFFF80      0x00100008         (0, 1, 11)      [14] [W]
    514     0x0000D080       0xFFFFFF80      0x00080000         (0, 0, 10)      [13] []
    515     0x0001D480       0xFFFFFF80      0x00800008         (0, 1, 10)      [17] [W]
    516     0x00051200       0xFFFFFF00      0x00200000         (0, 5, 2)      [15] []
    517     0x0001B780       0xFFFFFF80      0x00800008         (0, 1, 6)      [17] [W]
    518     0x0003E600       0xFFFFFF00      0x00000008         (0, 3, 12)      [] [W]
    519     0x0001A400       0xFFFFFF80      0x00080000         (0, 1, 4)      [13] []
    520     0x0001DA00       0xFFFFFF80      0x00400008         (0, 1, 11)      [16] [W]
    521     0x0001D380       0xFFFFFF80      0x00200008         (0, 1, 10)      [15] [W]
    522     0x00015800       0xFFFFFF80      0x00200000         (0, 1, 11)      [15] []
    523     0x00022B80       0xFFFFFF80      0x00080008         (0, 2, 5)      [13] [W]
    524     0x0000CA80       0xFFFFFF80      0x00000080         (0, 0, 9)      [1] []
    525     0x00002900       0xFFFFFF80      0x00000100         (0, 0, 5)      [2] []
    526     0x00018700       0xFFFFFF80      0x00200000         (0, 1, 0)      [15] []
    527     0x00016F00       0xFFFFFF80      0x00FFFF9F         (0, 1, 13)      [1, 2, 3, 4, 5, 6, 7, 8, 9, 10, 11, 12, 13, 14, 15, 16, 17] [E, NE, N, W, SW]
    528     0x0001BE80       0xFFFFFF80      0x00200000         (0, 1, 7)      [15] []
    529     0x00011000       0xFFFFFF80      0x00000810         (0, 1, 2)      [5] [SW]
    530     0x00019880       0xFFFFFF80      0x00008000         (0, 1, 3)      [9] []
    531     0x00001B80       0xFFFFFF80      0x00000100         (0, 0, 3)      [2] []
    532     0x00012480       0xFFFFFF80      0x00000001         (0, 1, 4)      [] [E]
    533     0x0001A000       0xFFFFFF80      0x00000800         (0, 1, 4)      [5] []
    534     0x0001B800       0xFFFFFF80      0x00000008         (0, 1, 7)      [] [W]
    535     0x00016500       0xFFFFFF80      0x00C00010         (0, 1, 12)      [16, 17] [SW]
    536     0x0001FC00       0xFFFFFF80      0x00000008         (0, 1, 15)      [] [W]
    537     0x0001B580       0xFFFFFF80      0x00080008         (0, 1, 6)      [13] [W]
    538     0x00014500       0xFFFFFF80      0x00000200         (0, 1, 8)      [3] []
    539     0x00005200       0xFFFFFF80      0x00000200         (0, 0, 10)      [3] []
    540     0x0001E400       0xFFFFFF80      0x00200008         (0, 1, 12)      [15] [W]
    541     0x00022000       0xFFFFFF80      0x00000008         (0, 2, 4)      [] [W]
    542     0x00051400       0xFFFFFF00      0x00800000         (0, 5, 2)      [17] []
    543     0x0001E880       0xFFFFFF80      0x00200000         (0, 1, 13)      [15] []
    544     0x0000CD80       0xFFFFFF80      0x00002000         (0, 0, 9)      [7] []
    545     0x0003ED00       0xFFFFFF00      0x00000008         (0, 3, 13)      [] [W]
    546     0x00011E00       0xFFFFFF80      0x00001000         (0, 1, 3)      [6] []
    547     0x0000DB80       0xFFFFFF80      0x00004000         (0, 0, 11)      [8] []
    548     0x00000D80       0xFFFFFF80      0x00000080         (0, 0, 1)      [1] []
    549     0x00016D00       0xFFFFFF80      0x00FFFF9D         (0, 1, 13)      [1, 2, 3, 4, 5, 6, 7, 8, 9, 10, 11, 12, 13, 14, 15, 16, 17] [E, N, W, SW]
    550     0x00014680       0xFFFFFF80      0x00001000         (0, 1, 8)      [6] []
    551     0x00016980       0xFFFFFF80      0x00FFFF9D         (0, 1, 13)      [1, 2, 3, 4, 5, 6, 7, 8, 9, 10, 11, 12, 13, 14, 15, 16, 17] [E, N, W, SW]
    552     0x00011100       0xFFFFFF80      0x00002010         (0, 1, 2)      [7] [SW]
    553     0x00011B80       0xFFFFFF80      0x00000080         (0, 1, 3)      [1] []
    554     0x00018600       0xFFFFFF80      0x00080000         (0, 1, 0)      [13] []
    555     0x00006E80       0xFFFFFF80      0x00001000         (0, 0, 13)      [6] []
    556     0x0001E600       0xFFFFFF80      0x00000008         (0, 1, 12)      [] [W]
    557     0x0001CD80       0xFFFFFF80      0x00400008         (0, 1, 9)      [16] [W]
    558     0x00002880       0xFFFFFF80      0x00000080         (0, 0, 5)      [1] []
    559     0x0001CF00       0xFFFFFF80      0x00000008         (0, 1, 9)      [] [W]
    560     0x00007980       0xFFFFFF80      0x00000080         (0, 0, 15)      [1] []
    561     0x00015100       0xFFFFFF80      0x00000080         (0, 1, 10)      [1] []
    562     0x0001A200       0xFFFFFF80      0x00008000         (0, 1, 4)      [9] []
    563     0x00017B80       0xFFFFFF80      0x00180010         (0, 1, 15)      [13, 14] [SW]
    564     0x0000E580       0xFFFFFF80      0x00000080         (0, 0, 12)      [1] []
    565     0x0000EA00       0xFFFFFF80      0x00010000         (0, 0, 13)      [10] []
    566     0x0000B080       0xFFFFFF80      0x00000200         (0, 0, 6)      [3] []
    567     0x00009980       0xFFFFFF80      0x00020000         (0, 0, 3)      [11] []
    568     0x00019680       0xFFFFFF80      0x00000800         (0, 1, 2)      [5] []
    569     0x0000F580       0xFFFFFF80      0x00001000         (0, 0, 14)      [6] []
    570     0x00022600       0xFFFFFF80      0x00000100         (0, 2, 4)      [2] []
    571     0x0001F100       0xFFFFFF80      0x00800010         (0, 1, 14)      [17] [SW]
    572     0x0000DD80       0xFFFFFF80      0x00040001         (0, 0, 11)      [12] [E]
    573     0x00011A00       0xFFFFFF80      0x00000001         (0, 1, 3)      [] [E]
    574     0x00011F00       0xFFFFFF80      0x00004001         (0, 1, 3)      [8] [E]
    575     0x00017500       0xFFFFFF80      0x00000090         (0, 1, 14)      [1] [SW]
    576     0x00015700       0xFFFFFF80      0x00080000         (0, 1, 10)      [13] []
    577     0x0000F980       0xFFFFFF80      0x00100000         (0, 0, 15)      [14] []
    578     0x00012380       0xFFFFFF80      0x00800001         (0, 1, 4)      [17] [E]
    579     0x0003F100       0xFFFFFF00      0x00000008         (0, 3, 14)      [] [W]
    580     0x00022980       0xFFFFFF80      0x00008008         (0, 2, 5)      [9] [W]
    581     0x0001CD00       0xFFFFFF80      0x00200008         (0, 1, 9)      [15] [W]
    582     0x00016B00       0xFFFFFF80      0x00FFFF9D         (0, 1, 13)      [1, 2, 3, 4, 5, 6, 7, 8, 9, 10, 11, 12, 13, 14, 15, 16, 17] [E, N, W, SW]
    583     0x0003EE00       0xFFFFFF00      0x00000008         (0, 3, 13)      [] [W]
    584     0x00010F80       0xFFFFFF80      0x00000410         (0, 1, 1)      [4] [SW]
    585     0x00050B00       0xFFFFFF00      0x00004000         (0, 5, 1)      [8] []
    586     0x00007D00       0xFFFFFF80      0x00004000         (0, 0, 15)      [8] []
    587     0x0003EA00       0xFFFFFF00      0x00000008         (0, 3, 13)      [] [W]
    588     0x00013E00       0xFFFFFF80      0x00400000         (0, 1, 7)      [16] []
    589     0x00010480       0xFFFFFF80      0x00008000         (0, 1, 0)      [9] []
    590     0x00013900       0xFFFFFF80      0x00001000         (0, 1, 7)      [6] []
    591     0x0001CC00       0xFFFFFF80      0x00080008         (0, 1, 9)      [13] [W]
    592     0x00003680       0xFFFFFF80      0x00000100         (0, 0, 6)      [2] []
    593     0x00046800       0xFFFFFF00      0x00000010         (0, 4, 13)      [] [SW]
    594     0x00015E80       0xFFFFFF80      0x00000600         (0, 1, 11)      [3, 4] []
    595     0x00012300       0xFFFFFF80      0x00400001         (0, 1, 4)      [16] [E]
    596     0x00050900       0xFFFFFF00      0x00001000         (0, 5, 1)      [6] []
    597     0x0001A080       0xFFFFFF80      0x00001000         (0, 1, 4)      [6] []
    598     0x00010300       0xFFFFFF80      0x00001000         (0, 1, 0)      [6] []
    599     0x0000B100       0xFFFFFF80      0x00000400         (0, 0, 6)      [4] []
    600     0x00020680       0xFFFFFF80      0x00000008         (0, 2, 0)      [] [W]
    601     0x00009780       0xFFFFFF80      0x00002000         (0, 0, 2)      [7] []
    602     0x0000A780       0xFFFFFF80      0x00040000         (0, 0, 4)      [12] []
    603     0x0001C900       0xFFFFFF80      0x00000008         (0, 1, 9)      [] [W]
    604     0x0003F000       0xFFFFFF00      0x00000008         (0, 3, 14)      [] [W]
    605     0x0001FA80       0xFFFFFF80      0x00000008         (0, 1, 15)      [] [W]
    606     0x0001DF00       0xFFFFFF80      0x00200008         (0, 1, 11)      [15] [W]
    607     0x0000F400       0xFFFFFF80      0x00000200         (0, 0, 14)      [3] []
    608     0x00013A80       0xFFFFFF80      0x00008000         (0, 1, 7)      [9] []
    609     0x00017580       0xFFFFFF80      0x00000190         (0, 1, 14)      [1, 2] [SW]
    610     0x00014800       0xFFFFFF80      0x00008000         (0, 1, 9)      [9] []
    611     0x0001D880       0xFFFFFF80      0x00080008         (0, 1, 11)      [13] [W]
    612     0x00018280       0xFFFFFF80      0x00001010         (0, 1, 0)      [6] [SW]
    613     0x0001D000       0xFFFFFF80      0x00000008         (0, 1, 10)      [] [W]
    614     0x0000A400       0xFFFFFF80      0x00000800         (0, 0, 4)      [5] []
    615     0x00013A00       0xFFFFFF80      0x00004000         (0, 1, 7)      [8] []
    616     0x0000E600       0xFFFFFF80      0x00000100         (0, 0, 12)      [2] []
    617     0x00016200       0xFFFFFF80      0x00030010         (0, 1, 12)      [10, 11] [SW]
    618     0x0001E180       0xFFFFFF80      0x00000008         (0, 1, 12)      [] [W]
    619     0x00013780       0xFFFFFF80      0x00000200         (0, 1, 6)      [3] []
    620     0x00015880       0xFFFFFF80      0x00400000         (0, 1, 11)      [16] []
