router contains 352 entries 
 
  Index   Key(hex)    Mask(hex)    Route(hex)    Src. Core -> [Cores][Links]
------------------------------------------------------------------------------
    0     0x00019A80       0xFFFFFF80      0x00000010         (0, 1, 3)      [] [SW]
    1     0x0000EC00       0xFFFFFF80      0x00000002         (0, 0, 13)      [] [NE]
    2     0x00012280       0xFFFFFF80      0x00000002         (0, 1, 4)      [] [NE]
    3     0x00011280       0xFFFFFF80      0x00000002         (0, 1, 2)      [] [NE]
    4     0x00013A00       0xFFFFFF80      0x00000002         (0, 1, 7)      [] [NE]
    5     0x00017380       0xFFFFFF80      0x00000002         (0, 1, 14)      [] [NE]
    6     0x00014D00       0xFFFFFF80      0x00000001         (0, 1, 9)      [] [E]
    7     0x00010E80       0xFFFFFF80      0x00000002         (0, 1, 1)      [] [NE]
    8     0x00022300       0xFFFFFF80      0x00000030         (0, 2, 4)      [] [SW, S]
    9     0x00019C00       0xFFFFFF80      0x00000010         (0, 1, 3)      [] [SW]
    10     0x00020A00       0xFFFFFF80      0x00000010         (0, 2, 1)      [] [SW]
    11     0x00017400       0xFFFFFF80      0x00000002         (0, 1, 14)      [] [NE]
    12     0x0001A900       0xFFFFFF80      0x00000010         (0, 1, 5)      [] [SW]
    13     0x00012580       0xFFFFFF80      0x00000002         (0, 1, 4)      [] [NE]
    14     0x00022F00       0xFFFFFF80      0x0000003F         (0, 2, 5)      [] [E, NE, N, W, SW, S]
    15     0x00022180       0xFFFFFF80      0x00000020         (0, 2, 4)      [] [S]
    16     0x0001A880       0xFFFFFF80      0x00000010         (0, 1, 5)      [] [SW]
    17     0x00016680       0xFFFFFF80      0x00000002         (0, 1, 12)      [] [NE]
    18     0x00011380       0xFFFFFF80      0x00000002         (0, 1, 2)      [] [NE]
    19     0x0000DF80       0xFFFFFF80      0x00000002         (0, 0, 11)      [] [NE]
    20     0x00020280       0xFFFFFF80      0x003E0000         (0, 2, 0)      [11, 12, 13, 14, 15] []
    21     0x0001B980       0xFFFFFF80      0x00000010         (0, 1, 7)      [] [SW]
    22     0x00017E80       0xFFFFFF80      0x00000002         (0, 1, 15)      [] [NE]
    23     0x00013B00       0xFFFFFF80      0x00000002         (0, 1, 7)      [] [NE]
    24     0x0001E000       0xFFFFFF80      0x00000010         (0, 1, 12)      [] [SW]
    25     0x00031000       0xFFFFFF00      0x00000010         (0, 3, 2)      [] [SW]
    26     0x00012F00       0xFFFFFF80      0x00000002         (0, 1, 5)      [] [NE]
    27     0x0000F700       0xFFFFFF80      0x00000002         (0, 0, 14)      [] [NE]
    28     0x0001E680       0xFFFFFF80      0x00000010         (0, 1, 12)      [] [SW]
    29     0x00017300       0xFFFFFF80      0x00000002         (0, 1, 14)      [] [NE]
    30     0x00016100       0xFFFFFF80      0x00000002         (0, 1, 12)      [] [NE]
    31     0x00022680       0xFFFFFF80      0x00000030         (0, 2, 4)      [] [SW, S]
    32     0x00015B00       0xFFFFFF80      0x00000003         (0, 1, 11)      [] [E, NE]
    33     0x00020300       0xFFFFFF80      0x00C00000         (0, 2, 0)      [16, 17] []
    34     0x0001D580       0xFFFFFF80      0x00000010         (0, 1, 10)      [] [SW]
    35     0x00010E00       0xFFFFFF80      0x00000002         (0, 1, 1)      [] [NE]
    36     0x0001B800       0xFFFFFF80      0x00000010         (0, 1, 7)      [] [SW]
    37     0x00019300       0xFFFFFF80      0x00000001         (0, 1, 2)      [] [E]
    38     0x0001D980       0xFFFFFF80      0x00000010         (0, 1, 11)      [] [SW]
    39     0x00013200       0xFFFFFF80      0x00000002         (0, 1, 6)      [] [NE]
    40     0x00014D80       0xFFFFFF80      0x00000001         (0, 1, 9)      [] [E]
    41     0x0001E880       0xFFFFFF80      0x00000010         (0, 1, 13)      [] [SW]
    42     0x00013000       0xFFFFFF80      0x00000002         (0, 1, 6)      [] [NE]
    43     0x00011180       0xFFFFFF80      0x00000002         (0, 1, 2)      [] [NE]
    44     0x00014700       0xFFFFFF80      0x00000002         (0, 1, 8)      [] [NE]
    45     0x00060E00       0xFFFFFF00      0x00000002         (0, 6, 1)      [] [NE]
    46     0x0001DE80       0xFFFFFF80      0x00000010         (0, 1, 11)      [] [SW]
    47     0x0001EA00       0xFFFFFF80      0x00000010         (0, 1, 13)      [] [SW]
    48     0x00015900       0xFFFFFF80      0x00000003         (0, 1, 11)      [] [E, NE]
    49     0x00030C00       0xFFFFFF00      0x00000010         (0, 3, 1)      [] [SW]
    50     0x00013C00       0xFFFFFF80      0x00000002         (0, 1, 7)      [] [NE]
    51     0x00018200       0xFFFFFF80      0x00000002         (0, 1, 0)      [] [NE]
    52     0x00023080       0xFFFFFF80      0x0000003F         (0, 2, 6)      [] [E, NE, N, W, SW, S]
    53     0x0001EA80       0xFFFFFF80      0x00000010         (0, 1, 13)      [] [SW]
    54     0x00018280       0xFFFFFF80      0x00000002         (0, 1, 0)      [] [NE]
    55     0x00019880       0xFFFFFF80      0x00000010         (0, 1, 3)      [] [SW]
    56     0x00019280       0xFFFFFF80      0x00000001         (0, 1, 2)      [] [E]
    57     0x00018880       0xFFFFFF80      0x00000001         (0, 1, 1)      [] [E]
    58     0x0001E100       0xFFFFFF80      0x00000010         (0, 1, 12)      [] [SW]
    59     0x00013080       0xFFFFFF80      0x00000002         (0, 1, 6)      [] [NE]
    60     0x00016400       0xFFFFFF80      0x00000002         (0, 1, 12)      [] [NE]
    61     0x00015A80       0xFFFFFF80      0x00000003         (0, 1, 11)      [] [E, NE]
    62     0x0001BD80       0xFFFFFF80      0x00000010         (0, 1, 7)      [] [SW]
    63     0x00019380       0xFFFFFF80      0x00000001         (0, 1, 2)      [] [E]
    64     0x00017C00       0xFFFFFF80      0x00000002         (0, 1, 15)      [] [NE]
    65     0x00060700       0xFFFFFF00      0x00000002         (0, 6, 0)      [] [NE]
    66     0x00014080       0xFFFFFF80      0x00000003         (0, 1, 8)      [] [E, NE]
    67     0x0001ED00       0xFFFFFF80      0x00000010         (0, 1, 13)      [] [SW]
    68     0x00019B80       0xFFFFFF80      0x00000010         (0, 1, 3)      [] [SW]
    69     0x00016000       0xFFFFFF80      0x00000002         (0, 1, 12)      [] [NE]
    70     0x00022200       0xFFFFFF80      0x00000020         (0, 2, 4)      [] [S]
    71     0x00017900       0xFFFFFF80      0x00000002         (0, 1, 15)      [] [NE]
    72     0x00022880       0xFFFFFF80      0x00100030         (0, 2, 5)      [14] [SW, S]
    73     0x00017F80       0xFFFFFF80      0x00000002         (0, 1, 15)      [] [NE]
    74     0x0001CF00       0xFFFFFF80      0x00000010         (0, 1, 9)      [] [SW]
    75     0x0001D000       0xFFFFFF80      0x00000010         (0, 1, 10)      [] [SW]
    76     0x00060C00       0xFFFFFF00      0x00000002         (0, 6, 1)      [] [NE]
    77     0x00018900       0xFFFFFF80      0x00000001         (0, 1, 1)      [] [E]
    78     0x00001B00       0xFFFFFF80      0x00000010         (0, 0, 3)      [] [SW]
    79     0x0001E580       0xFFFFFF80      0x00000010         (0, 1, 12)      [] [SW]
    80     0x0001EF00       0xFFFFFF80      0x00000010         (0, 1, 13)      [] [SW]
    81     0x00022900       0xFFFFFF80      0x00200030         (0, 2, 5)      [15] [SW, S]
    82     0x00017D80       0xFFFFFF80      0x00000002         (0, 1, 15)      [] [NE]
    83     0x0000F980       0xFFFFFF80      0x00000002         (0, 0, 15)      [] [NE]
    84     0x0001BA00       0xFFFFFF80      0x00000010         (0, 1, 7)      [] [SW]
    85     0x00018A80       0xFFFFFF80      0x00000001         (0, 1, 1)      [] [E]
    86     0x0001DD80       0xFFFFFF80      0x00000010         (0, 1, 11)      [] [SW]
    87     0x00013100       0xFFFFFF80      0x00000002         (0, 1, 6)      [] [NE]
    88     0x0001C900       0xFFFFFF80      0x00000010         (0, 1, 9)      [] [SW]
    89     0x00012300       0xFFFFFF80      0x00000002         (0, 1, 4)      [] [NE]
    90     0x0001BC00       0xFFFFFF80      0x00000010         (0, 1, 7)      [] [SW]
    91     0x0001CD80       0xFFFFFF80      0x00000010         (0, 1, 9)      [] [SW]
    92     0x00022080       0xFFFFFF80      0x00000030         (0, 2, 4)      [] [SW, S]
    93     0x00015880       0xFFFFFF80      0x00000002         (0, 1, 11)      [] [NE]
    94     0x00022D00       0xFFFFFF80      0x0000003F         (0, 2, 5)      [] [E, NE, N, W, SW, S]
    95     0x00022000       0xFFFFFF80      0x00000030         (0, 2, 4)      [] [SW, S]
    96     0x0001EB00       0xFFFFFF80      0x00000010         (0, 1, 13)      [] [SW]
    97     0x00012C80       0xFFFFFF80      0x00000002         (0, 1, 5)      [] [NE]
    98     0x00060D00       0xFFFFFF00      0x00000002         (0, 6, 1)      [] [NE]
    99     0x0000FA80       0xFFFFFF80      0x00000002         (0, 0, 15)      [] [NE]
    100     0x0001E500       0xFFFFFF80      0x00000010         (0, 1, 12)      [] [SW]
    101     0x0001EC80       0xFFFFFF80      0x00000010         (0, 1, 13)      [] [SW]
    102     0x0001A680       0xFFFFFF80      0x00000010         (0, 1, 4)      [] [SW]
    103     0x00019500       0xFFFFFF80      0x00000010         (0, 1, 2)      [] [SW]
    104     0x00021F00       0xFFFFFF80      0x00000030         (0, 2, 3)      [] [SW, S]
    105     0x00019780       0xFFFFFF80      0x00000010         (0, 1, 2)      [] [SW]
    106     0x00019A00       0xFFFFFF80      0x00000010         (0, 1, 3)      [] [SW]
    107     0x00011400       0xFFFFFF80      0x00000002         (0, 1, 2)      [] [NE]
    108     0x0001BB00       0xFFFFFF80      0x00000010         (0, 1, 7)      [] [SW]
    109     0x00013D00       0xFFFFFF80      0x00000002         (0, 1, 7)      [] [NE]
    110     0x00060F00       0xFFFFFF00      0x00000002         (0, 6, 1)      [] [NE]
    111     0x0001D800       0xFFFFFF80      0x00000010         (0, 1, 11)      [] [SW]
    112     0x00010D00       0xFFFFFF80      0x00000002         (0, 1, 1)      [] [NE]
    113     0x00013300       0xFFFFFF80      0x00000002         (0, 1, 6)      [] [NE]
    114     0x00061000       0xFFFFFF00      0x00000002         (0, 6, 2)      [] [NE]
    115     0x0001A780       0xFFFFFF80      0x00000010         (0, 1, 4)      [] [SW]
    116     0x0001C780       0xFFFFFF80      0x00000010         (0, 1, 8)      [] [SW]
    117     0x00012500       0xFFFFFF80      0x00000002         (0, 1, 4)      [] [NE]
    118     0x00022D80       0xFFFFFF80      0x0000003F         (0, 2, 5)      [] [E, NE, N, W, SW, S]
    119     0x00022280       0xFFFFFF80      0x00000020         (0, 2, 4)      [] [S]
    120     0x00061100       0xFFFFFF00      0x00000002         (0, 6, 2)      [] [NE]
    121     0x00016380       0xFFFFFF80      0x00000002         (0, 1, 12)      [] [NE]
    122     0x0001BC80       0xFFFFFF80      0x00000010         (0, 1, 7)      [] [SW]
    123     0x00011080       0xFFFFFF80      0x00000002         (0, 1, 2)      [] [NE]
    124     0x0000DF00       0xFFFFFF80      0x00000002         (0, 0, 11)      [] [NE]
    125     0x0000EB80       0xFFFFFF80      0x00000002         (0, 0, 13)      [] [NE]
    126     0x0001E400       0xFFFFFF80      0x00000010         (0, 1, 12)      [] [SW]
    127     0x00013800       0xFFFFFF80      0x00000002         (0, 1, 7)      [] [NE]
    128     0x0001A600       0xFFFFFF80      0x00000010         (0, 1, 4)      [] [SW]
    129     0x00016480       0xFFFFFF80      0x00000002         (0, 1, 12)      [] [NE]
    130     0x00021D80       0xFFFFFF80      0x00000020         (0, 2, 3)      [] [S]
    131     0x0001B100       0xFFFFFF80      0x00000010         (0, 1, 6)      [] [SW]
    132     0x0001E280       0xFFFFFF80      0x00000010         (0, 1, 12)      [] [SW]
    133     0x0001E380       0xFFFFFF80      0x00000010         (0, 1, 12)      [] [SW]
    134     0x0001D500       0xFFFFFF80      0x00000010         (0, 1, 10)      [] [SW]
    135     0x00014100       0xFFFFFF80      0x00000003         (0, 1, 8)      [] [E, NE]
    136     0x00001A00       0xFFFFFF80      0x00000010         (0, 0, 3)      [] [SW]
    137     0x0001E700       0xFFFFFF80      0x00000010         (0, 1, 12)      [] [SW]
    138     0x00013A80       0xFFFFFF80      0x00000002         (0, 1, 7)      [] [NE]
    139     0x00022380       0xFFFFFF80      0x00000030         (0, 2, 4)      [] [SW, S]
    140     0x00016700       0xFFFFFF80      0x00000002         (0, 1, 12)      [] [NE]
    141     0x0001B000       0xFFFFFF80      0x00000010         (0, 1, 6)      [] [SW]
    142     0x0001AF00       0xFFFFFF80      0x00000010         (0, 1, 5)      [] [SW]
    143     0x00014E80       0xFFFFFF80      0x00000001         (0, 1, 9)      [] [E]
    144     0x0001E800       0xFFFFFF80      0x00000010         (0, 1, 13)      [] [SW]
    145     0x00022500       0xFFFFFF80      0x00000030         (0, 2, 4)      [] [SW, S]
    146     0x00012F80       0xFFFFFF80      0x00000002         (0, 1, 5)      [] [NE]
    147     0x0001C880       0xFFFFFF80      0x00000010         (0, 1, 9)      [] [SW]
    148     0x0001E480       0xFFFFFF80      0x00000010         (0, 1, 12)      [] [SW]
    149     0x00019400       0xFFFFFF80      0x00000010         (0, 1, 2)      [] [SW]
    150     0x00012400       0xFFFFFF80      0x00000002         (0, 1, 4)      [] [NE]
    151     0x00019800       0xFFFFFF80      0x00000010         (0, 1, 3)      [] [SW]
    152     0x00019B00       0xFFFFFF80      0x00000010         (0, 1, 3)      [] [SW]
    153     0x00019980       0xFFFFFF80      0x00000010         (0, 1, 3)      [] [SW]
    154     0x00013E00       0xFFFFFF80      0x00000002         (0, 1, 7)      [] [NE]
    155     0x00021C00       0xFFFFFF80      0x00400000         (0, 2, 3)      [16] []
    156     0x00011100       0xFFFFFF80      0x00000002         (0, 1, 2)      [] [NE]
    157     0x00016580       0xFFFFFF80      0x00000002         (0, 1, 12)      [] [NE]
    158     0x00018B00       0xFFFFFF80      0x00000001         (0, 1, 1)      [] [E]
    159     0x0000F880       0xFFFFFF80      0x00000002         (0, 0, 15)      [] [NE]
    160     0x00022580       0xFFFFFF80      0x00000030         (0, 2, 4)      [] [SW, S]
    161     0x00014C80       0xFFFFFF80      0x00000001         (0, 1, 9)      [] [E]
    162     0x0000FB00       0xFFFFFF80      0x00000003         (0, 0, 15)      [] [E, NE]
    163     0x00016280       0xFFFFFF80      0x00000002         (0, 1, 12)      [] [NE]
    164     0x0001D700       0xFFFFFF80      0x00000010         (0, 1, 10)      [] [SW]
    165     0x0001EF80       0xFFFFFF80      0x00000010         (0, 1, 13)      [] [SW]
    166     0x0001DB00       0xFFFFFF80      0x00000010         (0, 1, 11)      [] [SW]
    167     0x00012E80       0xFFFFFF80      0x00000002         (0, 1, 5)      [] [NE]
    168     0x00021E00       0xFFFFFF80      0x00000020         (0, 2, 3)      [] [S]
    169     0x00013C80       0xFFFFFF80      0x00000002         (0, 1, 7)      [] [NE]
    170     0x0001DF80       0xFFFFFF80      0x00000010         (0, 1, 11)      [] [SW]
    171     0x00011300       0xFFFFFF80      0x00000002         (0, 1, 2)      [] [NE]
    172     0x00017F00       0xFFFFFF80      0x00000002         (0, 1, 15)      [] [NE]
    173     0x0001CE80       0xFFFFFF80      0x00000010         (0, 1, 9)      [] [SW]
    174     0x00013E80       0xFFFFFF80      0x00000002         (0, 1, 7)      [] [NE]
    175     0x0001DC80       0xFFFFFF80      0x00000010         (0, 1, 11)      [] [SW]
    176     0x00018980       0xFFFFFF80      0x00000001         (0, 1, 1)      [] [E]
    177     0x00016800       0xFFFFFF80      0x00000002         (0, 1, 13)      [] [NE]
    178     0x0001B780       0xFFFFFF80      0x00000010         (0, 1, 6)      [] [SW]
    179     0x00012D80       0xFFFFFF80      0x00000002         (0, 1, 5)      [] [NE]
    180     0x0000EC80       0xFFFFFF80      0x00000002         (0, 0, 13)      [] [NE]
    181     0x00021380       0xFFFFFF80      0x00000020         (0, 2, 2)      [] [S]
    182     0x00014680       0xFFFFFF80      0x00000002         (0, 1, 8)      [] [NE]
    183     0x00030D00       0xFFFFFF00      0x00000010         (0, 3, 1)      [] [SW]
    184     0x0001EB80       0xFFFFFF80      0x00000010         (0, 1, 13)      [] [SW]
    185     0x0001B180       0xFFFFFF80      0x00000010         (0, 1, 6)      [] [SW]
    186     0x0001BE00       0xFFFFFF80      0x00000010         (0, 1, 7)      [] [SW]
    187     0x00018A00       0xFFFFFF80      0x00000001         (0, 1, 1)      [] [E]
    188     0x00013F80       0xFFFFFF80      0x00000003         (0, 1, 7)      [] [E, NE]
    189     0x00013B80       0xFFFFFF80      0x00000002         (0, 1, 7)      [] [NE]
    190     0x0001BB80       0xFFFFFF80      0x00000010         (0, 1, 7)      [] [SW]
    191     0x00015F00       0xFFFFFF80      0x00000002         (0, 1, 11)      [] [NE]
    192     0x00030E00       0xFFFFFF00      0x00000010         (0, 3, 1)      [] [SW]
    193     0x00013380       0xFFFFFF80      0x00000002         (0, 1, 6)      [] [NE]
    194     0x00060800       0xFFFFFF00      0x00000002         (0, 6, 1)      [] [NE]
    195     0x0001E080       0xFFFFFF80      0x00000010         (0, 1, 12)      [] [SW]
    196     0x0001C980       0xFFFFFF80      0x00000010         (0, 1, 9)      [] [SW]
    197     0x0001B600       0xFFFFFF80      0x00000010         (0, 1, 6)      [] [SW]
    198     0x00030F00       0xFFFFFF00      0x00000010         (0, 3, 1)      [] [SW]
    199     0x00017B80       0xFFFFFF80      0x00000002         (0, 1, 15)      [] [NE]
    200     0x0001EE00       0xFFFFFF80      0x00000010         (0, 1, 13)      [] [SW]
    201     0x00013980       0xFFFFFF80      0x00000002         (0, 1, 7)      [] [NE]
    202     0x00021400       0xFFFFFF80      0x00000020         (0, 2, 2)      [] [S]
    203     0x00021E80       0xFFFFFF80      0x00000030         (0, 2, 3)      [] [SW, S]
    204     0x00015980       0xFFFFFF80      0x00000003         (0, 1, 11)      [] [E, NE]
    205     0x00022C00       0xFFFFFF80      0x0000003F         (0, 2, 5)      [] [E, NE, N, W, SW, S]
    206     0x0001B700       0xFFFFFF80      0x00000010         (0, 1, 6)      [] [SW]
    207     0x00017E00       0xFFFFFF80      0x00000002         (0, 1, 15)      [] [NE]
    208     0x00031100       0xFFFFFF00      0x00000010         (0, 3, 2)      [] [SW]
    209     0x00013280       0xFFFFFF80      0x00000002         (0, 1, 6)      [] [NE]
    210     0x00023000       0xFFFFFF80      0x0000003F         (0, 2, 6)      [] [E, NE, N, W, SW, S]
    211     0x00022C80       0xFFFFFF80      0x0000003F         (0, 2, 5)      [] [E, NE, N, W, SW, S]
    212     0x00021480       0xFFFFFF80      0x00000020         (0, 2, 2)      [] [S]
    213     0x00031200       0xFFFFFF00      0x00000010         (0, 3, 2)      [] [SW]
    214     0x00014600       0xFFFFFF80      0x00000002         (0, 1, 8)      [] [NE]
    215     0x0001CF80       0xFFFFFF80      0x00000010         (0, 1, 9)      [] [SW]
    216     0x0001E300       0xFFFFFF80      0x00000010         (0, 1, 12)      [] [SW]
    217     0x00016600       0xFFFFFF80      0x00000002         (0, 1, 12)      [] [NE]
    218     0x00016080       0xFFFFFF80      0x00000002         (0, 1, 12)      [] [NE]
    219     0x00016880       0xFFFFFF80      0x00000002         (0, 1, 13)      [] [NE]
    220     0x0001DB80       0xFFFFFF80      0x00000010         (0, 1, 11)      [] [SW]
    221     0x0000ED80       0xFFFFFF80      0x00000002         (0, 0, 13)      [] [NE]
    222     0x00018000       0xFFFFFF80      0x00000002         (0, 1, 0)      [] [NE]
    223     0x0000FA00       0xFFFFFF80      0x00000002         (0, 0, 15)      [] [NE]
    224     0x00013D80       0xFFFFFF80      0x00000002         (0, 1, 7)      [] [NE]
    225     0x0000F780       0xFFFFFF80      0x00000002         (0, 0, 14)      [] [NE]
    226     0x00022F80       0xFFFFFF80      0x0000003F         (0, 2, 5)      [] [E, NE, N, W, SW, S]
    227     0x00022B80       0xFFFFFF80      0x00000030         (0, 2, 5)      [] [SW, S]
    228     0x00010900       0xFFFFFF80      0x00000001         (0, 1, 1)      [] [E]
    229     0x00015B80       0xFFFFFF80      0x00000003         (0, 1, 11)      [] [E, NE]
    230     0x0001B900       0xFFFFFF80      0x00000010         (0, 1, 7)      [] [SW]
    231     0x00017200       0xFFFFFF80      0x00000002         (0, 1, 14)      [] [NE]
    232     0x0001AF80       0xFFFFFF80      0x00000010         (0, 1, 5)      [] [SW]
    233     0x0001D480       0xFFFFFF80      0x00000010         (0, 1, 10)      [] [SW]
    234     0x00017480       0xFFFFFF80      0x00000002         (0, 1, 14)      [] [NE]
    235     0x0001E900       0xFFFFFF80      0x00000010         (0, 1, 13)      [] [SW]
    236     0x00060600       0xFFFFFF00      0x00000002         (0, 6, 0)      [] [NE]
    237     0x00018800       0xFFFFFF80      0x00000001         (0, 1, 1)      [] [E]
    238     0x0001B080       0xFFFFFF80      0x00000010         (0, 1, 6)      [] [SW]
    239     0x00021D00       0xFFFFFF80      0x00000020         (0, 2, 3)      [] [S]
    240     0x00012D00       0xFFFFFF80      0x00000002         (0, 1, 5)      [] [NE]
    241     0x00010F80       0xFFFFFF80      0x00000002         (0, 1, 1)      [] [NE]
    242     0x0001DE00       0xFFFFFF80      0x00000010         (0, 1, 11)      [] [SW]
    243     0x00013180       0xFFFFFF80      0x00000002         (0, 1, 6)      [] [NE]
    244     0x00022780       0xFFFFFF80      0x00040030         (0, 2, 4)      [12] [SW, S]
    245     0x00014E00       0xFFFFFF80      0x00000001         (0, 1, 9)      [] [E]
    246     0x00019580       0xFFFFFF80      0x00000010         (0, 1, 2)      [] [SW]
    247     0x00011200       0xFFFFFF80      0x00000002         (0, 1, 2)      [] [NE]
    248     0x00016200       0xFFFFFF80      0x00000002         (0, 1, 12)      [] [NE]
    249     0x00011480       0xFFFFFF80      0x00000002         (0, 1, 2)      [] [NE]
    250     0x0000ED00       0xFFFFFF80      0x00000002         (0, 0, 13)      [] [NE]
    251     0x0001B280       0xFFFFFF80      0x00000010         (0, 1, 6)      [] [SW]
    252     0x0001D080       0xFFFFFF80      0x00000010         (0, 1, 10)      [] [SW]
    253     0x00019680       0xFFFFFF80      0x00000010         (0, 1, 2)      [] [SW]
    254     0x00060900       0xFFFFFF00      0x00000002         (0, 6, 1)      [] [NE]
    255     0x00017A00       0xFFFFFF80      0x00000002         (0, 1, 15)      [] [NE]
    256     0x00022800       0xFFFFFF80      0x00080030         (0, 2, 5)      [13] [SW, S]
    257     0x00014F00       0xFFFFFF80      0x00000001         (0, 1, 9)      [] [E]
    258     0x00019900       0xFFFFFF80      0x00000010         (0, 1, 3)      [] [SW]
    259     0x00014000       0xFFFFFF80      0x00000003         (0, 1, 8)      [] [E, NE]
    260     0x00060A00       0xFFFFFF00      0x00000002         (0, 6, 1)      [] [NE]
    261     0x00015F80       0xFFFFFF80      0x00000002         (0, 1, 11)      [] [NE]
    262     0x0001A580       0xFFFFFF80      0x00000010         (0, 1, 4)      [] [SW]
    263     0x00022480       0xFFFFFF80      0x00000030         (0, 2, 4)      [] [SW, S]
    264     0x00001A80       0xFFFFFF80      0x00000010         (0, 0, 3)      [] [SW]
    265     0x00060B00       0xFFFFFF00      0x00000002         (0, 6, 1)      [] [NE]
    266     0x0001AA00       0xFFFFFF80      0x00000010         (0, 1, 5)      [] [SW]
    267     0x0000EB00       0xFFFFFF80      0x00000002         (0, 0, 13)      [] [NE]
    268     0x00015A00       0xFFFFFF80      0x00000003         (0, 1, 11)      [] [E, NE]
    269     0x00020900       0xFFFFFF80      0x00000010         (0, 2, 1)      [] [SW]
    270     0x00022A80       0xFFFFFF80      0x00000030         (0, 2, 5)      [] [SW, S]
    271     0x00022700       0xFFFFFF80      0x00020030         (0, 2, 4)      [11] [SW, S]
    272     0x0001C700       0xFFFFFF80      0x00000010         (0, 1, 8)      [] [SW]
    273     0x00022100       0xFFFFFF80      0x00000030         (0, 2, 4)      [] [SW, S]
    274     0x00016180       0xFFFFFF80      0x00000002         (0, 1, 12)      [] [NE]
    275     0x00010D80       0xFFFFFF80      0x00000002         (0, 1, 1)      [] [NE]
    276     0x0001EC00       0xFFFFFF80      0x00000010         (0, 1, 13)      [] [SW]
    277     0x0001A980       0xFFFFFF80      0x00000010         (0, 1, 5)      [] [SW]
    278     0x00013880       0xFFFFFF80      0x00000002         (0, 1, 7)      [] [NE]
    279     0x00022400       0xFFFFFF80      0x00000030         (0, 2, 4)      [] [SW, S]
    280     0x0001DA00       0xFFFFFF80      0x00000010         (0, 1, 11)      [] [SW]
    281     0x00022B00       0xFFFFFF80      0x00000030         (0, 2, 5)      [] [SW, S]
    282     0x00014180       0xFFFFFF80      0x00000003         (0, 1, 8)      [] [E, NE]
    283     0x00017280       0xFFFFFF80      0x00000002         (0, 1, 14)      [] [NE]
    284     0x00001B80       0xFFFFFF80      0x00000010         (0, 0, 3)      [] [SW]
    285     0x00019700       0xFFFFFF80      0x00000010         (0, 1, 2)      [] [SW]
    286     0x0001D780       0xFFFFFF80      0x00000010         (0, 1, 10)      [] [SW]
    287     0x00017880       0xFFFFFF80      0x00000002         (0, 1, 15)      [] [NE]
    288     0x00018180       0xFFFFFF80      0x00000002         (0, 1, 0)      [] [NE]
    289     0x00017B00       0xFFFFFF80      0x00000002         (0, 1, 15)      [] [NE]
    290     0x0001E980       0xFFFFFF80      0x00000010         (0, 1, 13)      [] [SW]
    291     0x0001D900       0xFFFFFF80      0x00000010         (0, 1, 11)      [] [SW]
    292     0x0001AE80       0xFFFFFF80      0x00000010         (0, 1, 5)      [] [SW]
    293     0x0001EE80       0xFFFFFF80      0x00000010         (0, 1, 13)      [] [SW]
    294     0x00021F80       0xFFFFFF80      0x00000030         (0, 2, 3)      [] [SW, S]
    295     0x00015C00       0xFFFFFF80      0x00000003         (0, 1, 11)      [] [E, NE]
    296     0x0001D100       0xFFFFFF80      0x00000010         (0, 1, 10)      [] [SW]
    297     0x00010C80       0xFFFFFF80      0x00000002         (0, 1, 1)      [] [NE]
    298     0x0000F800       0xFFFFFF80      0x00000002         (0, 0, 15)      [] [NE]
    299     0x00012480       0xFFFFFF80      0x00000002         (0, 1, 4)      [] [NE]
    300     0x0001A700       0xFFFFFF80      0x00000010         (0, 1, 4)      [] [SW]
    301     0x00012E00       0xFFFFFF80      0x00000002         (0, 1, 5)      [] [NE]
    302     0x00016500       0xFFFFFF80      0x00000002         (0, 1, 12)      [] [NE]
    303     0x00010980       0xFFFFFF80      0x00000001         (0, 1, 1)      [] [E]
    304     0x0001D880       0xFFFFFF80      0x00000010         (0, 1, 11)      [] [SW]
    305     0x0001ED80       0xFFFFFF80      0x00000010         (0, 1, 13)      [] [SW]
    306     0x0001D680       0xFFFFFF80      0x00000010         (0, 1, 10)      [] [SW]
    307     0x00014C00       0xFFFFFF80      0x00000001         (0, 1, 9)      [] [E]
    308     0x0001DC00       0xFFFFFF80      0x00000010         (0, 1, 11)      [] [SW]
    309     0x0001C800       0xFFFFFF80      0x00000010         (0, 1, 9)      [] [SW]
    310     0x00011000       0xFFFFFF80      0x00000002         (0, 1, 2)      [] [NE]
    311     0x0001B680       0xFFFFFF80      0x00000010         (0, 1, 6)      [] [SW]
    312     0x0001BA80       0xFFFFFF80      0x00000010         (0, 1, 7)      [] [SW]
    313     0x0000F900       0xFFFFFF80      0x00000002         (0, 0, 15)      [] [NE]
    314     0x00021C80       0xFFFFFF80      0x00800000         (0, 2, 3)      [17] []
    315     0x00022600       0xFFFFFF80      0x00000030         (0, 2, 4)      [] [SW, S]
    316     0x00022980       0xFFFFFF80      0x00000030         (0, 2, 5)      [] [SW, S]
    317     0x00016300       0xFFFFFF80      0x00000002         (0, 1, 12)      [] [NE]
    318     0x00012380       0xFFFFFF80      0x00000002         (0, 1, 4)      [] [NE]
    319     0x00020B00       0xFFFFFF80      0x00000010         (0, 2, 1)      [] [SW]
    320     0x00022A00       0xFFFFFF80      0x00000030         (0, 2, 5)      [] [SW, S]
    321     0x00022E00       0xFFFFFF80      0x0000003F         (0, 2, 5)      [] [E, NE, N, W, SW, S]
    322     0x0001B200       0xFFFFFF80      0x00000010         (0, 1, 6)      [] [SW]
    323     0x0000FB80       0xFFFFFF80      0x00000003         (0, 0, 15)      [] [E, NE]
    324     0x0001DF00       0xFFFFFF80      0x00000010         (0, 1, 11)      [] [SW]
    325     0x0001E600       0xFFFFFF80      0x00000010         (0, 1, 12)      [] [SW]
    326     0x00022E80       0xFFFFFF80      0x0000003F         (0, 2, 5)      [] [E, NE, N, W, SW, S]
    327     0x00010880       0xFFFFFF80      0x00000001         (0, 1, 1)      [] [E]
    328     0x0001D600       0xFFFFFF80      0x00000010         (0, 1, 10)      [] [SW]
    329     0x0001CE00       0xFFFFFF80      0x00000010         (0, 1, 9)      [] [SW]
    330     0x00020A80       0xFFFFFF80      0x00000010         (0, 2, 1)      [] [SW]
    331     0x00016780       0xFFFFFF80      0x00000002         (0, 1, 12)      [] [NE]
    332     0x00017C80       0xFFFFFF80      0x00000002         (0, 1, 15)      [] [NE]
    333     0x00013F00       0xFFFFFF80      0x00000002         (0, 1, 7)      [] [NE]
    334     0x00017980       0xFFFFFF80      0x00000002         (0, 1, 15)      [] [NE]
    335     0x0001E200       0xFFFFFF80      0x00000010         (0, 1, 12)      [] [SW]
    336     0x0001DA80       0xFFFFFF80      0x00000010         (0, 1, 11)      [] [SW]
    337     0x0001DD00       0xFFFFFF80      0x00000010         (0, 1, 11)      [] [SW]
    338     0x00017D00       0xFFFFFF80      0x00000002         (0, 1, 15)      [] [NE]
    339     0x0001F000       0xFFFFFF80      0x00000010         (0, 1, 14)      [] [SW]
    340     0x0001CA00       0xFFFFFF80      0x00000010         (0, 1, 9)      [] [SW]
    341     0x0001D400       0xFFFFFF80      0x00000010         (0, 1, 10)      [] [SW]
    342     0x00019480       0xFFFFFF80      0x00000010         (0, 1, 2)      [] [SW]
    343     0x00020B80       0xFFFFFF80      0x00000010         (0, 2, 1)      [] [SW]
    344     0x00019600       0xFFFFFF80      0x00000010         (0, 1, 2)      [] [SW]
    345     0x00013900       0xFFFFFF80      0x00000002         (0, 1, 7)      [] [NE]
    346     0x0001B880       0xFFFFFF80      0x00000010         (0, 1, 7)      [] [SW]
    347     0x00017A80       0xFFFFFF80      0x00000002         (0, 1, 15)      [] [NE]
    348     0x0001E780       0xFFFFFF80      0x00000010         (0, 1, 12)      [] [SW]
    349     0x0001A800       0xFFFFFF80      0x00000010         (0, 1, 5)      [] [SW]
    350     0x0001BD00       0xFFFFFF80      0x00000010         (0, 1, 7)      [] [SW]
    351     0x0001E180       0xFFFFFF80      0x00000010         (0, 1, 12)      [] [SW]
