router contains 717 entries 
 
  Index   Key(hex)    Mask(hex)    Route(hex)    Src. Core -> [Cores][Links]
------------------------------------------------------------------------------
    0     0x00008D00       0xFFFFFF80      0x00000008         (0, 0, 1)      [] [W]
    1     0x00000B00       0xFFFFFF80      0x00000202         (0, 0, 1)      [3] [NE]
    2     0x00018C00       0xFFFFFF80      0x00020000         (0, 1, 1)      [11] []
    3     0x0001B480       0xFFFFFF80      0x00000001         (0, 1, 6)      [] [E]
    4     0x00018200       0xFFFFFF80      0x00000008         (0, 1, 0)      [] [W]
    5     0x00003F00       0xFFFFFF80      0x00FC0021         (0, 0, 7)      [12, 13, 14, 15, 16, 17] [E, S]
    6     0x00001A80       0xFFFFFF80      0x00002001         (0, 0, 3)      [7] [E]
    7     0x0002C800       0xFFFFFF00      0x00000008         (0, 2, 9)      [] [W]
    8     0x0000EC00       0xFFFFFF80      0x00000018         (0, 0, 13)      [] [W, SW]
    9     0x0001C400       0xFFFFFF80      0x00000003         (0, 1, 8)      [] [E, NE]
    10     0x00005B80       0xFFFFFF80      0x00000108         (0, 0, 11)      [2] [W]
    11     0x00015F00       0xFFFFFF80      0x00020000         (0, 1, 11)      [11] []
    12     0x00005180       0xFFFFFF80      0x00008008         (0, 0, 10)      [9] [W]
    13     0x00016680       0xFFFFFF80      0x00000008         (0, 1, 12)      [] [W]
    14     0x00007B00       0xFFFFFF80      0x00020000         (0, 0, 15)      [11] []
    15     0x00012A00       0xFFFFFF80      0x00010008         (0, 1, 5)      [10] [W]
    16     0x00001D80       0xFFFFFF80      0x00080000         (0, 0, 3)      [13] []
    17     0x00009300       0xFFFFFF80      0x00000808         (0, 0, 2)      [5] [W]
    18     0x00007F80       0xFFFFFF80      0x00000020         (0, 0, 15)      [] [S]
    19     0x00001F80       0xFFFFFF80      0x00800001         (0, 0, 3)      [17] [E]
    20     0x00029600       0xFFFFFF00      0x00000080         (0, 2, 2)      [1] []
    21     0x00002D80       0xFFFFFF80      0x0003FF8C         (0, 0, 5)      [1, 2, 3, 4, 5, 6, 7, 8, 9, 10, 11] [N, W]
    22     0x00015100       0xFFFFFF80      0x00004000         (0, 1, 10)      [8] []
    23     0x0000AB00       0xFFFFFF80      0x00000018         (0, 0, 5)      [] [W, SW]
    24     0x00005280       0xFFFFFF80      0x00020008         (0, 0, 10)      [11] [W]
    25     0x0000ED00       0xFFFFFF80      0x00000018         (0, 0, 13)      [] [W, SW]
    26     0x00021A00       0xFFFFFF80      0x00040000         (0, 2, 3)      [12] []
    27     0x00015300       0xFFFFFF80      0x00000010         (0, 1, 10)      [] [SW]
    28     0x00000380       0xFFFFFF80      0x00200001         (0, 0, 0)      [15] [E]
    29     0x0000C500       0xFFFFFF80      0x00000020         (0, 0, 8)      [] [S]
    30     0x00014900       0xFFFFFF80      0x00000010         (0, 1, 9)      [] [SW]
    31     0x00001600       0xFFFFFF80      0x00000003         (0, 0, 2)      [] [E, NE]
    32     0x0000F280       0xFFFFFF80      0x00002018         (0, 0, 14)      [7] [W, SW]
    33     0x00015C80       0xFFFFFF80      0x00001000         (0, 1, 11)      [6] []
    34     0x0000D900       0xFFFFFF80      0x00010008         (0, 0, 11)      [10] [W]
    35     0x00004100       0xFFFFFF80      0x00FC0321         (0, 0, 8)      [2, 3, 12, 13, 14, 15, 16, 17] [E, S]
    36     0x00003300       0xFFFFFF80      0x0003FFBF         (0, 0, 6)      [1, 2, 3, 4, 5, 6, 7, 8, 9, 10, 11] [E, NE, N, W, SW, S]
    37     0x00010F00       0xFFFFFF80      0x00010008         (0, 1, 1)      [10] [W]
    38     0x00001780       0xFFFFFF80      0x00000083         (0, 0, 2)      [1] [E, NE]
    39     0x00009680       0xFFFFFF80      0x00000008         (0, 0, 2)      [] [W]
    40     0x00000800       0xFFFFFF80      0x00000003         (0, 0, 1)      [] [E, NE]
    41     0x00014780       0xFFFFFF80      0x00000010         (0, 1, 8)      [] [SW]
    42     0x00013200       0xFFFFFF80      0x00000008         (0, 1, 6)      [] [W]
    43     0x0000CA80       0xFFFFFF80      0x00004008         (0, 0, 9)      [8] [W]
    44     0x0000B400       0xFFFFFF80      0x00000010         (0, 0, 6)      [] [SW]
    45     0x00016800       0xFFFFFF80      0x00000008         (0, 1, 13)      [] [W]
    46     0x00013B00       0xFFFFFF80      0x00000018         (0, 1, 7)      [] [W, SW]
    47     0x00014A00       0xFFFFFF80      0x00000010         (0, 1, 9)      [] [SW]
    48     0x00003E80       0xFFFFFF80      0x00FC0021         (0, 0, 7)      [12, 13, 14, 15, 16, 17] [E, S]
    49     0x00001E00       0xFFFFFF80      0x00100000         (0, 0, 3)      [14] []
    50     0x00004A00       0xFFFFFF80      0x00000021         (0, 0, 9)      [] [E, S]
    51     0x00010E00       0xFFFFFF80      0x00004008         (0, 1, 1)      [8] [W]
    52     0x0000A200       0xFFFFFF80      0x00004008         (0, 0, 4)      [8] [W]
    53     0x00014D80       0xFFFFFF80      0x00000010         (0, 1, 9)      [] [SW]
    54     0x00029700       0xFFFFFF00      0x00000100         (0, 2, 2)      [2] []
    55     0x00001B00       0xFFFFFF80      0x00004001         (0, 0, 3)      [8] [E]
    56     0x00014800       0xFFFFFF80      0x00000010         (0, 1, 9)      [] [SW]
    57     0x00002C00       0xFFFFFF80      0x0063FF88         (0, 0, 5)      [1, 2, 3, 4, 5, 6, 7, 8, 9, 10, 11, 15, 16] [W]
    58     0x00008700       0xFFFFFF80      0x00004008         (0, 0, 0)      [8] [W]
    59     0x0000F300       0xFFFFFF80      0x00004018         (0, 0, 14)      [8] [W, SW]
    60     0x00009F00       0xFFFFFF80      0x00000108         (0, 0, 3)      [2] [W]
    61     0x0000A780       0xFFFFFF80      0x00000008         (0, 0, 4)      [] [W]
    62     0x00016300       0xFFFFFF80      0x00000008         (0, 1, 12)      [] [W]
    63     0x0000F700       0xFFFFFF80      0x00000010         (0, 0, 14)      [] [SW]
    64     0x00015080       0xFFFFFF80      0x00002000         (0, 1, 10)      [7] []
    65     0x00008080       0xFFFFFF80      0x00000020         (0, 0, 0)      [] [S]
    66     0x00010400       0xFFFFFF80      0x00000010         (0, 1, 0)      [] [SW]
    67     0x0000BA00       0xFFFFFF80      0x00000130         (0, 0, 7)      [2] [SW, S]
    68     0x0000CC00       0xFFFFFF80      0x00020008         (0, 0, 9)      [11] [W]
    69     0x0000D580       0xFFFFFF80      0x00000208         (0, 0, 10)      [3] [W]
    70     0x00002700       0xFFFFFF80      0x0000180E         (0, 0, 4)      [5, 6] [NE, N, W]
    71     0x0000F980       0xFFFFFF80      0x00000010         (0, 0, 15)      [] [SW]
    72     0x00016400       0xFFFFFF80      0x00000008         (0, 1, 12)      [] [W]
    73     0x0000F100       0xFFFFFF80      0x00000418         (0, 0, 14)      [4] [W, SW]
    74     0x00013100       0xFFFFFF80      0x00000008         (0, 1, 6)      [] [W]
    75     0x00006600       0xFFFFFF80      0x00000018         (0, 0, 12)      [] [W, SW]
    76     0x0000EB00       0xFFFFFF80      0x00000018         (0, 0, 13)      [] [W, SW]
    77     0x0001A180       0xFFFFFF80      0x00000003         (0, 1, 4)      [] [E, NE]
    78     0x00007300       0xFFFFFF80      0x00000030         (0, 0, 14)      [] [SW, S]
    79     0x0000AF80       0xFFFFFF80      0x00004018         (0, 0, 5)      [8] [W, SW]
    80     0x00002980       0xFFFFFF80      0x0003000E         (0, 0, 5)      [10, 11] [NE, N, W]
    81     0x00011B00       0xFFFFFF80      0x00002008         (0, 1, 3)      [7] [W]
    82     0x00004C00       0xFFFFFF80      0x00000008         (0, 0, 9)      [] [W]
    83     0x00007880       0xFFFFFF80      0x00001020         (0, 0, 15)      [6] [S]
    84     0x0000BB00       0xFFFFFF80      0x00000420         (0, 0, 7)      [4] [S]
    85     0x00007400       0xFFFFFF80      0x00000030         (0, 0, 14)      [] [SW, S]
    86     0x0000F380       0xFFFFFF80      0x00008000         (0, 0, 14)      [9] []
    87     0x00009080       0xFFFFFF80      0x00000008         (0, 0, 2)      [] [W]
    88     0x00013480       0xFFFFFF80      0x00000408         (0, 1, 6)      [4] [W]
    89     0x00006000       0xFFFFFF80      0x00020008         (0, 0, 12)      [11] [W]
    90     0x00015400       0xFFFFFF80      0x00000010         (0, 1, 10)      [] [SW]
    91     0x00004F00       0xFFFFFF80      0x00000408         (0, 0, 9)      [4] [W]
    92     0x00013180       0xFFFFFF80      0x00000008         (0, 1, 6)      [] [W]
    93     0x00002C80       0xFFFFFF80      0x00C3FF8C         (0, 0, 5)      [1, 2, 3, 4, 5, 6, 7, 8, 9, 10, 11, 16, 17] [N, W]
    94     0x00015680       0xFFFFFF80      0x00000010         (0, 1, 10)      [] [SW]
    95     0x00015000       0xFFFFFF80      0x00001000         (0, 1, 10)      [6] []
    96     0x00008E00       0xFFFFFF80      0x00000008         (0, 0, 1)      [] [W]
    97     0x00009100       0xFFFFFF80      0x00000088         (0, 0, 2)      [1] [W]
    98     0x0000BB80       0xFFFFFF80      0x00000820         (0, 0, 7)      [5] [S]
    99     0x0000E000       0xFFFFFF80      0x00000008         (0, 0, 12)      [] [W]
    100     0x00000900       0xFFFFFF80      0x00000002         (0, 0, 1)      [] [NE]
    101     0x0001AA00       0xFFFFFF80      0x00000001         (0, 1, 5)      [] [E]
    102     0x00001000       0xFFFFFF80      0x00080000         (0, 0, 2)      [13] []
    103     0x00002280       0xFFFFFF80      0x0000000E         (0, 0, 4)      [] [NE, N, W]
    104     0x00015480       0xFFFFFF80      0x00000010         (0, 1, 10)      [] [SW]
    105     0x0001AC00       0xFFFFFF80      0x00000001         (0, 1, 5)      [] [E]
    106     0x00005880       0xFFFFFF80      0x00000008         (0, 0, 11)      [] [W]
    107     0x00010080       0xFFFFFF80      0x00004000         (0, 1, 0)      [8] []
    108     0x0000BF80       0xFFFFFF80      0x00000010         (0, 0, 7)      [] [SW]
    109     0x00001880       0xFFFFFF80      0x00000203         (0, 0, 3)      [3] [E, NE]
    110     0x00010D00       0xFFFFFF80      0x00001008         (0, 1, 1)      [6] [W]
    111     0x0000A880       0xFFFFFF80      0x00000018         (0, 0, 5)      [] [W, SW]
    112     0x0000DF00       0xFFFFFF80      0x00000008         (0, 0, 11)      [] [W]
    113     0x00008800       0xFFFFFF80      0x00010008         (0, 0, 1)      [10] [W]
    114     0x0002A600       0xFFFFFF00      0x00800000         (0, 2, 4)      [17] []
    115     0x00019C80       0xFFFFFF80      0x00000003         (0, 1, 3)      [] [E, NE]
    116     0x0000B700       0xFFFFFF80      0x00000010         (0, 0, 6)      [] [SW]
    117     0x00015580       0xFFFFFF80      0x00000010         (0, 1, 10)      [] [SW]
    118     0x00014E80       0xFFFFFF80      0x00000010         (0, 1, 9)      [] [SW]
    119     0x0000B600       0xFFFFFF80      0x00000010         (0, 0, 6)      [] [SW]
    120     0x00006700       0xFFFFFF80      0x00000018         (0, 0, 12)      [] [W, SW]
    121     0x0000FD80       0xFFFFFF80      0x00000110         (0, 0, 15)      [2] [SW]
    122     0x00015180       0xFFFFFF80      0x00008000         (0, 1, 10)      [9] []
    123     0x0000E680       0xFFFFFF80      0x00010008         (0, 0, 12)      [10] [W]
    124     0x00008F80       0xFFFFFF80      0x00000008         (0, 0, 1)      [] [W]
    125     0x00013800       0xFFFFFF80      0x00020008         (0, 1, 7)      [11] [W]
    126     0x0000AC00       0xFFFFFF80      0x00000098         (0, 0, 5)      [1] [W, SW]
    127     0x0000E380       0xFFFFFF80      0x00000408         (0, 0, 12)      [4] [W]
    128     0x0001BC00       0xFFFFFF80      0x00000001         (0, 1, 7)      [] [E]
    129     0x0001A200       0xFFFFFF80      0x00000003         (0, 1, 4)      [] [E, NE]
    130     0x0001A480       0xFFFFFF80      0x00000002         (0, 1, 4)      [] [NE]
    131     0x00010480       0xFFFFFF80      0x00000010         (0, 1, 0)      [] [SW]
    132     0x00016580       0xFFFFFF80      0x00000008         (0, 1, 12)      [] [W]
    133     0x0000FF00       0xFFFFFF80      0x00000800         (0, 0, 15)      [5] []
    134     0x00001080       0xFFFFFF80      0x00100000         (0, 0, 2)      [14] []
    135     0x00029800       0xFFFFFF00      0x00000200         (0, 2, 3)      [3] []
    136     0x00014C80       0xFFFFFF80      0x00000010         (0, 1, 9)      [] [SW]
    137     0x00015380       0xFFFFFF80      0x00000010         (0, 1, 10)      [] [SW]
    138     0x00013A00       0xFFFFFF80      0x00000010         (0, 1, 7)      [] [SW]
    139     0x00013E00       0xFFFFFF80      0x00000018         (0, 1, 7)      [] [W, SW]
    140     0x0000F600       0xFFFFFF80      0x00000010         (0, 0, 14)      [] [SW]
    141     0x00001980       0xFFFFFF80      0x00000801         (0, 0, 3)      [5] [E]
    142     0x0000B280       0xFFFFFF80      0x00000010         (0, 0, 6)      [] [SW]
    143     0x00007600       0xFFFFFF80      0x000000A0         (0, 0, 14)      [1] [S]
    144     0x0000FB00       0xFFFFFF80      0x00000010         (0, 0, 15)      [] [SW]
    145     0x0000B000       0xFFFFFF80      0x00008018         (0, 0, 6)      [9] [W, SW]
    146     0x00001380       0xFFFFFF80      0x00000003         (0, 0, 2)      [] [E, NE]
    147     0x00013000       0xFFFFFF80      0x00000008         (0, 1, 6)      [] [W]
    148     0x00001200       0xFFFFFF80      0x00800001         (0, 0, 2)      [17] [E]
    149     0x00018100       0xFFFFFF80      0x00010008         (0, 1, 0)      [10] [W]
    150     0x0000F880       0xFFFFFF80      0x00000010         (0, 0, 15)      [] [SW]
    151     0x00022480       0xFFFFFF80      0x00001001         (0, 2, 4)      [6] [E]
    152     0x0000EF80       0xFFFFFF80      0x00000098         (0, 0, 13)      [1] [W, SW]
    153     0x00009E80       0xFFFFFF80      0x00000088         (0, 0, 3)      [1] [W]
    154     0x00003180       0xFFFFFF80      0x0003FF8E         (0, 0, 6)      [1, 2, 3, 4, 5, 6, 7, 8, 9, 10, 11] [NE, N, W]
    155     0x00005080       0xFFFFFF80      0x00002008         (0, 0, 10)      [7] [W]
    156     0x00006080       0xFFFFFF80      0x00000008         (0, 0, 12)      [] [W]
    157     0x00021B00       0xFFFFFF80      0x00100000         (0, 2, 3)      [14] []
    158     0x00004000       0xFFFFFF80      0x00FC00A1         (0, 0, 8)      [1, 12, 13, 14, 15, 16, 17] [E, S]
    159     0x00016A00       0xFFFFFF80      0x00008000         (0, 1, 13)      [9] []
    160     0x0000D380       0xFFFFFF80      0x00000008         (0, 0, 10)      [] [W]
    161     0x0000B900       0xFFFFFF80      0x00000030         (0, 0, 7)      [] [SW, S]
    162     0x00007900       0xFFFFFF80      0x00002020         (0, 0, 15)      [7] [S]
    163     0x0000E300       0xFFFFFF80      0x00000208         (0, 0, 12)      [3] [W]
    164     0x00019700       0xFFFFFF80      0x00000001         (0, 1, 2)      [] [E]
    165     0x0000B180       0xFFFFFF80      0x00000010         (0, 0, 6)      [] [SW]
    166     0x00009A80       0xFFFFFF80      0x00000008         (0, 0, 3)      [] [W]
    167     0x0000F180       0xFFFFFF80      0x00000818         (0, 0, 14)      [5] [W, SW]
    168     0x00019800       0xFFFFFF80      0x00000001         (0, 1, 3)      [] [E]
    169     0x0000C980       0xFFFFFF80      0x00001020         (0, 0, 9)      [6] [S]
    170     0x0000D800       0xFFFFFF80      0x00004008         (0, 0, 11)      [8] [W]
    171     0x00000580       0xFFFFFF80      0x00000001         (0, 0, 0)      [] [E]
    172     0x00011C00       0xFFFFFF80      0x00008008         (0, 1, 3)      [9] [W]
    173     0x00007280       0xFFFFFF80      0x00000030         (0, 0, 14)      [] [SW, S]
    174     0x00012E80       0xFFFFFF80      0x00000008         (0, 1, 5)      [] [W]
    175     0x00010C00       0xFFFFFF80      0x00000420         (0, 1, 1)      [4] [S]
    176     0x00022400       0xFFFFFF80      0x00000801         (0, 2, 4)      [5] [E]
    177     0x0000C600       0xFFFFFF80      0x00000020         (0, 0, 8)      [] [S]
    178     0x00013380       0xFFFFFF80      0x00000008         (0, 1, 6)      [] [W]
    179     0x00005F00       0xFFFFFF80      0x00008008         (0, 0, 11)      [9] [W]
    180     0x00004400       0xFFFFFF80      0x00FCC021         (0, 0, 8)      [8, 9, 12, 13, 14, 15, 16, 17] [E, S]
    181     0x00001400       0xFFFFFF80      0x00000003         (0, 0, 2)      [] [E, NE]
    182     0x00008B80       0xFFFFFF80      0x00000008         (0, 0, 1)      [] [W]
    183     0x00004D00       0xFFFFFF80      0x00000008         (0, 0, 9)      [] [W]
    184     0x00002500       0xFFFFFF80      0x0000018E         (0, 0, 4)      [1, 2] [NE, N, W]
    185     0x0000B300       0xFFFFFF80      0x00000010         (0, 0, 6)      [] [SW]
    186     0x00022880       0xFFFFFF80      0x00000001         (0, 2, 5)      [] [E]
    187     0x00005D00       0xFFFFFF80      0x00000808         (0, 0, 11)      [5] [W]
    188     0x00015D00       0xFFFFFF80      0x00002000         (0, 1, 11)      [7] []
    189     0x0000A980       0xFFFFFF80      0x00000018         (0, 0, 5)      [] [W, SW]
    190     0x00013A80       0xFFFFFF80      0x00000010         (0, 1, 7)      [] [SW]
    191     0x0000C680       0xFFFFFF80      0x00000020         (0, 0, 8)      [] [S]
    192     0x0000ED80       0xFFFFFF80      0x00000018         (0, 0, 13)      [] [W, SW]
    193     0x0000AC80       0xFFFFFF80      0x00000118         (0, 0, 5)      [2] [W, SW]
    194     0x00003700       0xFFFFFF80      0x0003FFAF         (0, 0, 6)      [1, 2, 3, 4, 5, 6, 7, 8, 9, 10, 11] [E, NE, N, W, S]
    195     0x00012D80       0xFFFFFF80      0x00000008         (0, 1, 5)      [] [W]
    196     0x0000E700       0xFFFFFF80      0x00020008         (0, 0, 12)      [11] [W]
    197     0x00004980       0xFFFFFF80      0x00000021         (0, 0, 9)      [] [E, S]
    198     0x0001A300       0xFFFFFF80      0x00000003         (0, 1, 4)      [] [E, NE]
    199     0x00004F80       0xFFFFFF80      0x00000808         (0, 0, 9)      [5] [W]
    200     0x00000200       0xFFFFFF80      0x00040000         (0, 0, 0)      [12] []
    201     0x0000FF80       0xFFFFFF80      0x00001000         (0, 0, 15)      [6] []
    202     0x0000E100       0xFFFFFF80      0x00000008         (0, 0, 12)      [] [W]
    203     0x0000CB00       0xFFFFFF80      0x00008008         (0, 0, 9)      [9] [W]
    204     0x00006A80       0xFFFFFF80      0x00000818         (0, 0, 13)      [5] [W, SW]
    205     0x00016B00       0xFFFFFF80      0x00020000         (0, 1, 13)      [11] []
    206     0x0000FD00       0xFFFFFF80      0x00000090         (0, 0, 15)      [1] [SW]
    207     0x00010D80       0xFFFFFF80      0x00002008         (0, 1, 1)      [7] [W]
    208     0x00002400       0xFFFFFF80      0x0000000E         (0, 0, 4)      [] [NE, N, W]
    209     0x00010380       0xFFFFFF80      0x00000010         (0, 1, 0)      [] [SW]
    210     0x00022700       0xFFFFFF80      0x00020001         (0, 2, 4)      [11] [E]
    211     0x00007080       0xFFFFFF80      0x00800030         (0, 0, 14)      [17] [SW, S]
    212     0x00013300       0xFFFFFF80      0x00000008         (0, 1, 6)      [] [W]
    213     0x00007680       0xFFFFFF80      0x00000120         (0, 0, 14)      [2] [S]
    214     0x00000700       0xFFFFFF80      0x00000003         (0, 0, 0)      [] [E, NE]
    215     0x00012680       0xFFFFFF80      0x00000208         (0, 1, 4)      [3] [W]
    216     0x00022800       0xFFFFFF80      0x00000001         (0, 2, 5)      [] [E]
    217     0x00019D80       0xFFFFFF80      0x00000003         (0, 1, 3)      [] [E, NE]
    218     0x00008380       0xFFFFFF80      0x000000A0         (0, 0, 0)      [1] [S]
    219     0x00009580       0xFFFFFF80      0x00010008         (0, 0, 2)      [10] [W]
    220     0x00009F80       0xFFFFFF80      0x00000208         (0, 0, 3)      [3] [W]
    221     0x00004880       0xFFFFFF80      0x00800021         (0, 0, 9)      [17] [E, S]
    222     0x0000DC80       0xFFFFFF80      0x00000008         (0, 0, 11)      [] [W]
    223     0x0001B280       0xFFFFFF80      0x00000001         (0, 1, 6)      [] [E]
    224     0x0000D480       0xFFFFFF80      0x00000088         (0, 0, 10)      [1] [W]
    225     0x00029900       0xFFFFFF00      0x00000400         (0, 2, 3)      [4] []
    226     0x00000280       0xFFFFFF80      0x00080000         (0, 0, 0)      [13] []
    227     0x00017680       0xFFFFFF80      0x00020008         (0, 1, 14)      [11] [W]
    228     0x00004180       0xFFFFFF80      0x00FC0621         (0, 0, 8)      [3, 4, 12, 13, 14, 15, 16, 17] [E, S]
    229     0x00005E00       0xFFFFFF80      0x00002008         (0, 0, 11)      [7] [W]
    230     0x00001500       0xFFFFFF80      0x00000003         (0, 0, 2)      [] [E, NE]
    231     0x00003380       0xFFFFFF80      0x0003FFBF         (0, 0, 6)      [1, 2, 3, 4, 5, 6, 7, 8, 9, 10, 11] [E, NE, N, W, SW, S]
    232     0x00004D80       0xFFFFFF80      0x00000088         (0, 0, 9)      [1] [W]
    233     0x00009900       0xFFFFFF80      0x00000008         (0, 0, 3)      [] [W]
    234     0x0001BB80       0xFFFFFF80      0x00000001         (0, 1, 7)      [] [E]
    235     0x00008880       0xFFFFFF80      0x00020008         (0, 0, 1)      [11] [W]
    236     0x00004200       0xFFFFFF80      0x00FC0C21         (0, 0, 8)      [4, 5, 12, 13, 14, 15, 16, 17] [E, S]
    237     0x00005300       0xFFFFFF80      0x00000008         (0, 0, 10)      [] [W]
    238     0x00010B80       0xFFFFFF80      0x00000230         (0, 1, 1)      [3] [SW, S]
    239     0x00006880       0xFFFFFF80      0x00000098         (0, 0, 13)      [1] [W, SW]
    240     0x00012A80       0xFFFFFF80      0x00020008         (0, 1, 5)      [11] [W]
    241     0x00017600       0xFFFFFF80      0x00010008         (0, 1, 14)      [10] [W]
    242     0x00004700       0xFFFFFF80      0x00300021         (0, 0, 8)      [14, 15] [E, S]
    243     0x00010980       0xFFFFFF80      0x00000010         (0, 1, 1)      [] [SW]
    244     0x00000B80       0xFFFFFF80      0x00000402         (0, 0, 1)      [4] [NE]
    245     0x00003600       0xFFFFFF80      0x0003FFBF         (0, 0, 6)      [1, 2, 3, 4, 5, 6, 7, 8, 9, 10, 11] [E, NE, N, W, SW, S]
    246     0x00006F00       0xFFFFFF80      0x00000010         (0, 0, 13)      [] [SW]
    247     0x00006200       0xFFFFFF80      0x00200008         (0, 0, 12)      [15] [W]
    248     0x00003A80       0xFFFFFF80      0x00FC003D         (0, 0, 7)      [12, 13, 14, 15, 16, 17] [E, N, W, SW, S]
    249     0x00021D00       0xFFFFFF80      0x00000001         (0, 2, 3)      [] [E]
    250     0x00001B80       0xFFFFFF80      0x00008001         (0, 0, 3)      [9] [E]
    251     0x00008F00       0xFFFFFF80      0x00000008         (0, 0, 1)      [] [W]
    252     0x0001A080       0xFFFFFF80      0x00000003         (0, 1, 4)      [] [E, NE]
    253     0x00009B80       0xFFFFFF80      0x00000008         (0, 0, 3)      [] [W]
    254     0x00002800       0xFFFFFF80      0x0000600E         (0, 0, 5)      [8, 7] [NE, N, W]
    255     0x00010E80       0xFFFFFF80      0x00008008         (0, 1, 1)      [9] [W]
    256     0x00006380       0xFFFFFF80      0x00000008         (0, 0, 12)      [] [W]
    257     0x0000C880       0xFFFFFF80      0x00000420         (0, 0, 9)      [4] [S]
    258     0x00019E80       0xFFFFFF80      0x00000002         (0, 1, 3)      [] [NE]
    259     0x00001680       0xFFFFFF80      0x00000003         (0, 0, 2)      [] [E, NE]
    260     0x00015280       0xFFFFFF80      0x00020000         (0, 1, 10)      [11] []
    261     0x00003080       0xFFFFFF80      0x0003FF8E         (0, 0, 6)      [1, 2, 3, 4, 5, 6, 7, 8, 9, 10, 11] [NE, N, W]
    262     0x00005A80       0xFFFFFF80      0x00000008         (0, 0, 11)      [] [W]
    263     0x00001E80       0xFFFFFF80      0x00200001         (0, 0, 3)      [15] [E]
    264     0x00003480       0xFFFFFF80      0x0003FFBF         (0, 0, 6)      [1, 2, 3, 4, 5, 6, 7, 8, 9, 10, 11] [E, NE, N, W, SW, S]
    265     0x00002B00       0xFFFFFF80      0x001BFF88         (0, 0, 5)      [1, 2, 3, 4, 5, 6, 7, 8, 9, 10, 11, 13, 14] [W]
    266     0x00014E00       0xFFFFFF80      0x00000010         (0, 1, 9)      [] [SW]
    267     0x00003C00       0xFFFFFF80      0x00FC0021         (0, 0, 7)      [12, 13, 14, 15, 16, 17] [E, S]
    268     0x00014500       0xFFFFFF80      0x00010000         (0, 1, 8)      [10] []
    269     0x00010600       0xFFFFFF80      0x00000010         (0, 1, 0)      [] [SW]
    270     0x00010880       0xFFFFFF80      0x00000010         (0, 1, 1)      [] [SW]
    271     0x00004280       0xFFFFFF80      0x00FC1821         (0, 0, 8)      [5, 6, 12, 13, 14, 15, 16, 17] [E, S]
    272     0x00005C80       0xFFFFFF80      0x00000408         (0, 0, 11)      [4] [W]
    273     0x0001A000       0xFFFFFF80      0x00000003         (0, 1, 4)      [] [E, NE]
    274     0x00000400       0xFFFFFF80      0x00400001         (0, 0, 0)      [16] [E]
    275     0x00003900       0xFFFFFF80      0x00FC0039         (0, 0, 7)      [12, 13, 14, 15, 16, 17] [E, W, SW, S]
    276     0x00000A80       0xFFFFFF80      0x00000102         (0, 0, 1)      [2] [NE]
    277     0x0000A000       0xFFFFFF80      0x00000408         (0, 0, 4)      [4] [W]
    278     0x00002000       0xFFFFFF80      0x00000001         (0, 0, 4)      [] [E]
    279     0x00011000       0xFFFFFF80      0x00000008         (0, 1, 2)      [] [W]
    280     0x00002F00       0xFFFFFF80      0x0003FF8E         (0, 0, 5)      [1, 2, 3, 4, 5, 6, 7, 8, 9, 10, 11] [NE, N, W]
    281     0x00007580       0xFFFFFF80      0x00000020         (0, 0, 14)      [] [S]
    282     0x00008C80       0xFFFFFF80      0x00000008         (0, 0, 1)      [] [W]
    283     0x00003000       0xFFFFFF80      0x0003FF8E         (0, 0, 6)      [1, 2, 3, 4, 5, 6, 7, 8, 9, 10, 11] [NE, N, W]
    284     0x0000CA00       0xFFFFFF80      0x00002008         (0, 0, 9)      [7] [W]
    285     0x00015200       0xFFFFFF80      0x00010000         (0, 1, 10)      [10] []
    286     0x00015600       0xFFFFFF80      0x00000010         (0, 1, 10)      [] [SW]
    287     0x00005600       0xFFFFFF80      0x00000008         (0, 0, 10)      [] [W]
    288     0x00003200       0xFFFFFF80      0x0003FF8E         (0, 0, 6)      [1, 2, 3, 4, 5, 6, 7, 8, 9, 10, 11] [NE, N, W]
    289     0x0000BA80       0xFFFFFF80      0x00000230         (0, 0, 7)      [3] [SW, S]
    290     0x00010280       0xFFFFFF80      0x00000010         (0, 1, 0)      [] [SW]
    291     0x00004080       0xFFFFFF80      0x00FC01A1         (0, 0, 8)      [1, 2, 12, 13, 14, 15, 16, 17] [E, S]
    292     0x00010B00       0xFFFFFF80      0x00000130         (0, 1, 1)      [2] [SW, S]
    293     0x0001C300       0xFFFFFF80      0x00000003         (0, 1, 8)      [] [E, NE]
    294     0x00009200       0xFFFFFF80      0x00000208         (0, 0, 2)      [3] [W]
    295     0x00006900       0xFFFFFF80      0x00000118         (0, 0, 13)      [2] [W, SW]
    296     0x00010500       0xFFFFFF80      0x00000010         (0, 1, 0)      [] [SW]
    297     0x00005500       0xFFFFFF80      0x00400008         (0, 0, 10)      [16] [W]
    298     0x00004600       0xFFFFFF80      0x000C0021         (0, 0, 8)      [12, 13] [E, S]
    299     0x0000BE00       0xFFFFFF80      0x00010020         (0, 0, 7)      [10] [S]
    300     0x00012900       0xFFFFFF80      0x00004008         (0, 1, 5)      [8] [W]
    301     0x0000B980       0xFFFFFF80      0x000000B0         (0, 0, 7)      [1] [SW, S]
    302     0x0000E580       0xFFFFFF80      0x00004008         (0, 0, 12)      [8] [W]
    303     0x00003D00       0xFFFFFF80      0x00FC0021         (0, 0, 7)      [12, 13, 14, 15, 16, 17] [E, S]
    304     0x0000F080       0xFFFFFF80      0x00000218         (0, 0, 14)      [3] [W, SW]
    305     0x00006D00       0xFFFFFF80      0x00010020         (0, 0, 13)      [10] [S]
    306     0x00006480       0xFFFFFF80      0x00000008         (0, 0, 12)      [] [W]
    307     0x00002680       0xFFFFFF80      0x00000C0E         (0, 0, 4)      [4, 5] [NE, N, W]
    308     0x00000480       0xFFFFFF80      0x00800001         (0, 0, 0)      [17] [E]
    309     0x00011D80       0xFFFFFF80      0x00000008         (0, 1, 3)      [] [W]
    310     0x0000D200       0xFFFFFF80      0x00000008         (0, 0, 10)      [] [W]
    311     0x0000B200       0xFFFFFF80      0x00000010         (0, 0, 6)      [] [SW]
    312     0x00002180       0xFFFFFF80      0x0000000E         (0, 0, 4)      [] [NE, N, W]
    313     0x00013400       0xFFFFFF80      0x00000208         (0, 1, 6)      [3] [W]
    314     0x00020200       0xFFFFFF80      0x00000001         (0, 2, 0)      [] [E]
    315     0x0000D500       0xFFFFFF80      0x00000108         (0, 0, 10)      [2] [W]
    316     0x00006500       0xFFFFFF80      0x00000018         (0, 0, 12)      [] [W, SW]
    317     0x00011B80       0xFFFFFF80      0x00004008         (0, 1, 3)      [8] [W]
    318     0x0000AA80       0xFFFFFF80      0x00000018         (0, 0, 5)      [] [W, SW]
    319     0x00007000       0xFFFFFF80      0x00400030         (0, 0, 14)      [16] [SW, S]
    320     0x0001A400       0xFFFFFF80      0x00000002         (0, 1, 4)      [] [NE]
    321     0x0001B380       0xFFFFFF80      0x00000001         (0, 1, 6)      [] [E]
    322     0x00003A00       0xFFFFFF80      0x00FC003D         (0, 0, 7)      [12, 13, 14, 15, 16, 17] [E, N, W, SW, S]
    323     0x00013780       0xFFFFFF80      0x00010008         (0, 1, 6)      [10] [W]
    324     0x00005F80       0xFFFFFF80      0x00010008         (0, 0, 11)      [10] [W]
    325     0x0000C480       0xFFFFFF80      0x00000020         (0, 0, 8)      [] [S]
    326     0x00008180       0xFFFFFF80      0x00000020         (0, 0, 0)      [] [S]
    327     0x00003100       0xFFFFFF80      0x0003FF8E         (0, 0, 6)      [1, 2, 3, 4, 5, 6, 7, 8, 9, 10, 11] [NE, N, W]
    328     0x00020280       0xFFFFFF80      0x00000001         (0, 2, 0)      [] [E]
    329     0x00022280       0xFFFFFF80      0x00000100         (0, 2, 4)      [2] []
    330     0x0000F000       0xFFFFFF80      0x00000118         (0, 0, 14)      [2] [W, SW]
    331     0x00003280       0xFFFFFF80      0x0003FFBF         (0, 0, 6)      [1, 2, 3, 4, 5, 6, 7, 8, 9, 10, 11] [E, NE, N, W, SW, S]
    332     0x0001CB00       0xFFFFFF80      0x00000001         (0, 1, 9)      [] [E]
    333     0x00006580       0xFFFFFF80      0x00000018         (0, 0, 12)      [] [W, SW]
    334     0x00011A00       0xFFFFFF80      0x00000808         (0, 1, 3)      [5] [W]
    335     0x00003800       0xFFFFFF80      0x00FC0038         (0, 0, 7)      [12, 13, 14, 15, 16, 17] [W, SW, S]
    336     0x00009000       0xFFFFFF80      0x00000008         (0, 0, 2)      [] [W]
    337     0x0001D180       0xFFFFFF80      0x00000001         (0, 1, 10)      [] [E]
    338     0x00007E00       0xFFFFFF80      0x00800020         (0, 0, 15)      [17] [S]
    339     0x00008600       0xFFFFFF80      0x00001008         (0, 0, 0)      [6] [W]
    340     0x0000EA00       0xFFFFFF80      0x00000008         (0, 0, 13)      [] [W]
    341     0x00009C80       0xFFFFFF80      0x00000008         (0, 0, 3)      [] [W]
    342     0x00001900       0xFFFFFF80      0x00000401         (0, 0, 3)      [4] [E]
    343     0x00007180       0xFFFFFF80      0x00000030         (0, 0, 14)      [] [SW, S]
    344     0x00009480       0xFFFFFF80      0x00004008         (0, 0, 2)      [8] [W]
    345     0x0000C780       0xFFFFFF80      0x00000120         (0, 0, 8)      [2] [S]
    346     0x0000FC00       0xFFFFFF80      0x00000010         (0, 0, 15)      [] [SW]
    347     0x0000E200       0xFFFFFF80      0x00000088         (0, 0, 12)      [1] [W]
    348     0x00016200       0xFFFFFF80      0x00000008         (0, 1, 12)      [] [W]
    349     0x00011D00       0xFFFFFF80      0x00020008         (0, 1, 3)      [11] [W]
    350     0x00007A00       0xFFFFFF80      0x00008020         (0, 0, 15)      [9] [S]
    351     0x0000B100       0xFFFFFF80      0x00020000         (0, 0, 6)      [11] []
    352     0x00001280       0xFFFFFF80      0x00000001         (0, 0, 2)      [] [E]
    353     0x00002300       0xFFFFFF80      0x0000000E         (0, 0, 4)      [] [NE, N, W]
    354     0x0000C900       0xFFFFFF80      0x00000820         (0, 0, 9)      [5] [S]
    355     0x0000A680       0xFFFFFF80      0x00000008         (0, 0, 4)      [] [W]
    356     0x00012600       0xFFFFFF80      0x00000108         (0, 1, 4)      [2] [W]
    357     0x00007200       0xFFFFFF80      0x00000030         (0, 0, 14)      [] [SW, S]
    358     0x00008300       0xFFFFFF80      0x00000020         (0, 0, 0)      [] [S]
    359     0x0000E280       0xFFFFFF80      0x00000108         (0, 0, 12)      [2] [W]
    360     0x0000DF80       0xFFFFFF80      0x00000008         (0, 0, 11)      [] [W]
    361     0x0000A100       0xFFFFFF80      0x00001008         (0, 0, 4)      [6] [W]
    362     0x00012980       0xFFFFFF80      0x00008008         (0, 1, 5)      [9] [W]
    363     0x00005700       0xFFFFFF80      0x00000008         (0, 0, 10)      [] [W]
    364     0x00005580       0xFFFFFF80      0x00800008         (0, 0, 10)      [17] [W]
    365     0x00000C80       0xFFFFFF80      0x00001002         (0, 0, 1)      [6] [NE]
    366     0x00009600       0xFFFFFF80      0x00020008         (0, 0, 2)      [11] [W]
    367     0x00014580       0xFFFFFF80      0x00020000         (0, 1, 8)      [11] []
    368     0x00000980       0xFFFFFF80      0x00000002         (0, 0, 1)      [] [NE]
    369     0x00004780       0xFFFFFF80      0x00600021         (0, 0, 8)      [16, 15] [E, S]
    370     0x00017700       0xFFFFFF80      0x00000008         (0, 1, 14)      [] [W]
    371     0x00007F00       0xFFFFFF80      0x00000020         (0, 0, 15)      [] [S]
    372     0x00013C00       0xFFFFFF80      0x00000018         (0, 1, 7)      [] [W, SW]
    373     0x00014300       0xFFFFFF80      0x00001000         (0, 1, 8)      [6] []
    374     0x00014A80       0xFFFFFF80      0x00000010         (0, 1, 9)      [] [SW]
    375     0x00004300       0xFFFFFF80      0x00FC3021         (0, 0, 8)      [6, 7, 12, 13, 14, 15, 16, 17] [E, S]
    376     0x00008900       0xFFFFFF80      0x00000008         (0, 0, 1)      [] [W]
    377     0x00020100       0xFFFFFF80      0x00FC0000         (0, 2, 0)      [12, 13, 14, 15, 16, 17] []
    378     0x00004E80       0xFFFFFF80      0x00000208         (0, 0, 9)      [3] [W]
    379     0x0000D700       0xFFFFFF80      0x00001008         (0, 0, 10)      [6] [W]
    380     0x00013600       0xFFFFFF80      0x00002008         (0, 1, 6)      [7] [W]
    381     0x00003980       0xFFFFFF80      0x00FC0039         (0, 0, 7)      [12, 13, 14, 15, 16, 17] [E, W, SW, S]
    382     0x00012F00       0xFFFFFF80      0x00000008         (0, 1, 5)      [] [W]
    383     0x00029A00       0xFFFFFF00      0x00000800         (0, 2, 3)      [5] []
    384     0x00001100       0xFFFFFF80      0x00200001         (0, 0, 2)      [15] [E]
    385     0x00006680       0xFFFFFF80      0x00000018         (0, 0, 12)      [] [W, SW]
    386     0x00006980       0xFFFFFF80      0x00000218         (0, 0, 13)      [3] [W, SW]
    387     0x00003D80       0xFFFFFF80      0x00FC0021         (0, 0, 7)      [12, 13, 14, 15, 16, 17] [E, S]
    388     0x0000AD80       0xFFFFFF80      0x00000418         (0, 0, 5)      [4] [W, SW]
    389     0x00005200       0xFFFFFF80      0x00010008         (0, 0, 10)      [10] [W]
    390     0x0002A500       0xFFFFFF00      0x00400000         (0, 2, 4)      [16] []
    391     0x00003E00       0xFFFFFF80      0x00FC0021         (0, 0, 7)      [12, 13, 14, 15, 16, 17] [E, S]
    392     0x00004580       0xFFFFFF80      0x00FE0001         (0, 0, 8)      [11, 12, 13, 14, 15, 16, 17] [E]
    393     0x0000B580       0xFFFFFF80      0x00000010         (0, 0, 6)      [] [SW]
    394     0x00005380       0xFFFFFF80      0x00000008         (0, 0, 10)      [] [W]
    395     0x00009D80       0xFFFFFF80      0x00000008         (0, 0, 3)      [] [W]
    396     0x00021C80       0xFFFFFF80      0x00800001         (0, 2, 3)      [17] [E]
    397     0x00010780       0xFFFFFF80      0x00000010         (0, 1, 0)      [] [SW]
    398     0x00014C00       0xFFFFFF80      0x00000010         (0, 1, 9)      [] [SW]
    399     0x0001BC80       0xFFFFFF80      0x00000001         (0, 1, 7)      [] [E]
    400     0x0000A400       0xFFFFFF80      0x00000008         (0, 0, 4)      [] [W]
    401     0x00019D00       0xFFFFFF80      0x00000003         (0, 1, 3)      [] [E, NE]
    402     0x0000D780       0xFFFFFF80      0x00002008         (0, 0, 10)      [7] [W]
    403     0x0000B880       0xFFFFFF80      0x00000010         (0, 0, 7)      [] [SW]
    404     0x0000AE00       0xFFFFFF80      0x00000818         (0, 0, 5)      [5] [W, SW]
    405     0x00019980       0xFFFFFF80      0x00000001         (0, 1, 3)      [] [E]
    406     0x00003500       0xFFFFFF80      0x0003FFBF         (0, 0, 6)      [1, 2, 3, 4, 5, 6, 7, 8, 9, 10, 11] [E, NE, N, W, SW, S]
    407     0x00005800       0xFFFFFF80      0x00000008         (0, 0, 11)      [] [W]
    408     0x00009500       0xFFFFFF80      0x00008008         (0, 0, 2)      [9] [W]
    409     0x00006D80       0xFFFFFF80      0x00020000         (0, 0, 13)      [11] []
    410     0x00005C00       0xFFFFFF80      0x00000208         (0, 0, 11)      [3] [W]
    411     0x00005B00       0xFFFFFF80      0x00000088         (0, 0, 11)      [1] [W]
    412     0x00002B80       0xFFFFFF80      0x0033FF88         (0, 0, 5)      [1, 2, 3, 4, 5, 6, 7, 8, 9, 10, 11, 14, 15] [W]
    413     0x00010A00       0xFFFFFF80      0x00000030         (0, 1, 1)      [] [SW, S]
    414     0x00016900       0xFFFFFF80      0x00002008         (0, 1, 13)      [7] [W]
    415     0x0000F480       0xFFFFFF80      0x00020000         (0, 0, 14)      [11] []
    416     0x0000A380       0xFFFFFF80      0x00020008         (0, 0, 4)      [11] [W]
    417     0x0001A280       0xFFFFFF80      0x00000003         (0, 1, 4)      [] [E, NE]
    418     0x00002D00       0xFFFFFF80      0x0083FF8C         (0, 0, 5)      [1, 2, 3, 4, 5, 6, 7, 8, 9, 10, 11, 17] [N, W]
    419     0x00010680       0xFFFFFF80      0x00000010         (0, 1, 0)      [] [SW]
    420     0x0000AB80       0xFFFFFF80      0x00000018         (0, 0, 5)      [] [W, SW]
    421     0x00000300       0xFFFFFF80      0x00100000         (0, 0, 0)      [14] []
    422     0x0000E480       0xFFFFFF80      0x00001008         (0, 0, 12)      [6] [W]
    423     0x00009180       0xFFFFFF80      0x00000108         (0, 0, 2)      [2] [W]
    424     0x00020000       0xFFFFFF80      0x00000020         (0, 2, 0)      [] [S]
    425     0x00001A00       0xFFFFFF80      0x00001001         (0, 0, 3)      [6] [E]
    426     0x00000780       0xFFFFFF80      0x00000003         (0, 0, 0)      [] [E, NE]
    427     0x00008500       0xFFFFFF80      0x00000420         (0, 0, 0)      [4] [S]
    428     0x00004B80       0xFFFFFF80      0x00000021         (0, 0, 9)      [] [E, S]
    429     0x00014280       0xFFFFFF80      0x00000800         (0, 1, 8)      [5] []
    430     0x0000D600       0xFFFFFF80      0x00000408         (0, 0, 10)      [4] [W]
    431     0x00002480       0xFFFFFF80      0x0000008E         (0, 0, 4)      [1] [NE, N, W]
    432     0x00006A00       0xFFFFFF80      0x00000418         (0, 0, 13)      [4] [W, SW]
    433     0x00022580       0xFFFFFF80      0x00004001         (0, 2, 4)      [8] [E]
    434     0x00006C00       0xFFFFFF80      0x00004018         (0, 0, 13)      [8] [W, SW]
    435     0x0000DE00       0xFFFFFF80      0x00000008         (0, 0, 11)      [] [W]
    436     0x0000C100       0xFFFFFF80      0x00000010         (0, 0, 8)      [] [SW]
    437     0x00008D80       0xFFFFFF80      0x00000008         (0, 0, 1)      [] [W]
    438     0x00016A80       0xFFFFFF80      0x00010000         (0, 1, 13)      [10] []
    439     0x00006800       0xFFFFFF80      0x00000018         (0, 0, 13)      [] [W, SW]
    440     0x00007700       0xFFFFFF80      0x00000220         (0, 0, 14)      [3] [S]
    441     0x00009E00       0xFFFFFF80      0x00000008         (0, 0, 3)      [] [W]
    442     0x0000BE80       0xFFFFFF80      0x00020000         (0, 0, 7)      [11] []
    443     0x00016480       0xFFFFFF80      0x00000008         (0, 1, 12)      [] [W]
    444     0x0001A980       0xFFFFFF80      0x00000001         (0, 1, 5)      [] [E]
    445     0x0000E500       0xFFFFFF80      0x00002008         (0, 0, 12)      [7] [W]
    446     0x00019780       0xFFFFFF80      0x00000001         (0, 1, 2)      [] [E]
    447     0x0000BC80       0xFFFFFF80      0x00002020         (0, 0, 7)      [7] [S]
    448     0x00001580       0xFFFFFF80      0x00000003         (0, 0, 2)      [] [E, NE]
    449     0x00002580       0xFFFFFF80      0x0000030E         (0, 0, 4)      [2, 3] [NE, N, W]
    450     0x0000D300       0xFFFFFF80      0x00000008         (0, 0, 10)      [] [W]
    451     0x00013680       0xFFFFFF80      0x00004008         (0, 1, 6)      [8] [W]
    452     0x00000D80       0xFFFFFF80      0x00004002         (0, 0, 1)      [8] [NE]
    453     0x0000EA80       0xFFFFFF80      0x00000008         (0, 0, 13)      [] [W]
    454     0x0000EB80       0xFFFFFF80      0x00000018         (0, 0, 13)      [] [W, SW]
    455     0x00006C80       0xFFFFFF80      0x00008018         (0, 0, 13)      [9] [W, SW]
    456     0x00005E80       0xFFFFFF80      0x00004008         (0, 0, 11)      [8] [W]
    457     0x0000FE80       0xFFFFFF80      0x00000400         (0, 0, 15)      [4] []
    458     0x00005980       0xFFFFFF80      0x00000008         (0, 0, 11)      [] [W]
    459     0x0000DD00       0xFFFFFF80      0x00000008         (0, 0, 11)      [] [W]
    460     0x00007780       0xFFFFFF80      0x00000420         (0, 0, 14)      [4] [S]
    461     0x00009A00       0xFFFFFF80      0x00000008         (0, 0, 3)      [] [W]
    462     0x00011900       0xFFFFFF80      0x00000208         (0, 1, 3)      [3] [W]
    463     0x0000C580       0xFFFFFF80      0x00000020         (0, 0, 8)      [] [S]
    464     0x00022380       0xFFFFFF80      0x00000401         (0, 2, 4)      [4] [E]
    465     0x00016700       0xFFFFFF80      0x00000008         (0, 1, 12)      [] [W]
    466     0x00007380       0xFFFFFF80      0x00000030         (0, 0, 14)      [] [SW, S]
    467     0x0000FE00       0xFFFFFF80      0x00000210         (0, 0, 15)      [3] [SW]
    468     0x0000B480       0xFFFFFF80      0x00000010         (0, 0, 6)      [] [SW]
    469     0x00019900       0xFFFFFF80      0x00000001         (0, 1, 3)      [] [E]
    470     0x00010200       0xFFFFFF80      0x00020000         (0, 1, 0)      [11] []
    471     0x00013D00       0xFFFFFF80      0x00000008         (0, 1, 7)      [] [W]
    472     0x00006780       0xFFFFFF80      0x00000018         (0, 0, 12)      [] [W, SW]
    473     0x00016380       0xFFFFFF80      0x00000008         (0, 1, 12)      [] [W]
    474     0x0000EE80       0xFFFFFF80      0x00000018         (0, 0, 13)      [] [W, SW]
    475     0x00013C80       0xFFFFFF80      0x00000018         (0, 1, 7)      [] [W, SW]
    476     0x00018180       0xFFFFFF80      0x00020008         (0, 1, 0)      [11] [W]
    477     0x0000F780       0xFFFFFF80      0x00000010         (0, 0, 14)      [] [SW]
    478     0x00013280       0xFFFFFF80      0x00000008         (0, 1, 6)      [] [W]
    479     0x00001480       0xFFFFFF80      0x00000003         (0, 0, 2)      [] [E, NE]
    480     0x00016980       0xFFFFFF80      0x00004000         (0, 1, 13)      [8] []
    481     0x0000EF00       0xFFFFFF80      0x00000018         (0, 0, 13)      [] [W, SW]
    482     0x00002F80       0xFFFFFF80      0x0003FF8E         (0, 0, 5)      [1, 2, 3, 4, 5, 6, 7, 8, 9, 10, 11] [NE, N, W]
    483     0x0000A800       0xFFFFFF80      0x00000018         (0, 0, 5)      [] [W, SW]
    484     0x00002080       0xFFFFFF80      0x00000001         (0, 0, 4)      [] [E]
    485     0x00012880       0xFFFFFF80      0x00002008         (0, 1, 5)      [7] [W]
    486     0x00021C00       0xFFFFFF80      0x00400001         (0, 2, 3)      [16] [E]
    487     0x00000600       0xFFFFFF80      0x00000003         (0, 0, 0)      [] [E, NE]
    488     0x0000DD80       0xFFFFFF80      0x00000008         (0, 0, 11)      [] [W]
    489     0x0000D680       0xFFFFFF80      0x00000808         (0, 0, 10)      [5] [W]
    490     0x00011A80       0xFFFFFF80      0x00001008         (0, 1, 3)      [6] [W]
    491     0x00022680       0xFFFFFF80      0x00010001         (0, 2, 4)      [10] [E]
    492     0x00010580       0xFFFFFF80      0x00000010         (0, 1, 0)      [] [SW]
    493     0x0000A280       0xFFFFFF80      0x00008008         (0, 0, 4)      [9] [W]
    494     0x00003580       0xFFFFFF80      0x0003FFBF         (0, 0, 6)      [1, 2, 3, 4, 5, 6, 7, 8, 9, 10, 11] [E, NE, N, W, SW, S]
    495     0x00015780       0xFFFFFF80      0x00000010         (0, 1, 10)      [] [SW]
    496     0x00002E00       0xFFFFFF80      0x0003FF8C         (0, 0, 5)      [1, 2, 3, 4, 5, 6, 7, 8, 9, 10, 11] [N, W]
    497     0x0001CA80       0xFFFFFF80      0x00000001         (0, 1, 9)      [] [E]
    498     0x00008100       0xFFFFFF80      0x00000020         (0, 0, 0)      [] [S]
    499     0x00002880       0xFFFFFF80      0x0000C00E         (0, 0, 5)      [8, 9] [NE, N, W]
    500     0x00014480       0xFFFFFF80      0x00008000         (0, 1, 8)      [9] []
    501     0x0001AB80       0xFFFFFF80      0x00000001         (0, 1, 5)      [] [E]
    502     0x00001F00       0xFFFFFF80      0x00400001         (0, 0, 3)      [16] [E]
    503     0x0000E600       0xFFFFFF80      0x00008008         (0, 0, 12)      [9] [W]
    504     0x00016280       0xFFFFFF80      0x00000008         (0, 1, 12)      [] [W]
    505     0x00005100       0xFFFFFF80      0x00004008         (0, 0, 10)      [8] [W]
    506     0x0000BD00       0xFFFFFF80      0x00004020         (0, 0, 7)      [8] [S]
    507     0x00010900       0xFFFFFF80      0x00000010         (0, 1, 1)      [] [SW]
    508     0x00013980       0xFFFFFF80      0x00000010         (0, 1, 7)      [] [SW]
    509     0x0000DA00       0xFFFFFF80      0x00000008         (0, 0, 11)      [] [W]
    510     0x00005680       0xFFFFFF80      0x00000008         (0, 0, 10)      [] [W]
    511     0x00010800       0xFFFFFF80      0x00000010         (0, 1, 1)      [] [SW]
    512     0x00013B80       0xFFFFFF80      0x00000018         (0, 1, 7)      [] [W, SW]
    513     0x0000AE80       0xFFFFFF80      0x00001018         (0, 0, 5)      [6] [W, SW]
    514     0x00013500       0xFFFFFF80      0x00000808         (0, 1, 6)      [5] [W]
    515     0x00013E80       0xFFFFFF80      0x00000018         (0, 1, 7)      [] [W, SW]
    516     0x00004900       0xFFFFFF80      0x00000021         (0, 0, 9)      [] [E, S]
    517     0x00012700       0xFFFFFF80      0x00000408         (0, 1, 4)      [4] [W]
    518     0x00004C80       0xFFFFFF80      0x00000008         (0, 0, 9)      [] [W]
    519     0x00007480       0xFFFFFF80      0x00000030         (0, 0, 14)      [] [SW, S]
    520     0x00014200       0xFFFFFF80      0x00000400         (0, 1, 8)      [4] []
    521     0x00017500       0xFFFFFF80      0x00004008         (0, 1, 14)      [8] [W]
    522     0x0000C000       0xFFFFFF80      0x00000010         (0, 0, 8)      [] [SW]
    523     0x00006B80       0xFFFFFF80      0x00002018         (0, 0, 13)      [7] [W, SW]
    524     0x00021E00       0xFFFFFF80      0x00000001         (0, 2, 3)      [] [E]
    525     0x00003F80       0xFFFFFF80      0x00FC0021         (0, 0, 7)      [12, 13, 14, 15, 16, 17] [E, S]
    526     0x0000CC80       0xFFFFFF80      0x00000008         (0, 0, 9)      [] [W]
    527     0x00019680       0xFFFFFF80      0x00000001         (0, 1, 2)      [] [E]
    528     0x00002100       0xFFFFFF80      0x00000001         (0, 0, 4)      [] [E]
    529     0x0000F500       0xFFFFFF80      0x00000010         (0, 0, 14)      [] [SW]
    530     0x00002780       0xFFFFFF80      0x0000300E         (0, 0, 4)      [6, 7] [NE, N, W]
    531     0x00001800       0xFFFFFF80      0x00000103         (0, 0, 3)      [2] [E, NE]
    532     0x0000A900       0xFFFFFF80      0x00000018         (0, 0, 5)      [] [W, SW]
    533     0x00010A80       0xFFFFFF80      0x000000B0         (0, 1, 1)      [1] [SW, S]
    534     0x0000BD80       0xFFFFFF80      0x00008020         (0, 0, 7)      [9] [S]
    535     0x00019E00       0xFFFFFF80      0x00000003         (0, 1, 3)      [] [E, NE]
    536     0x00011980       0xFFFFFF80      0x00000408         (0, 1, 3)      [4] [W]
    537     0x0000EC80       0xFFFFFF80      0x00000018         (0, 0, 13)      [] [W, SW]
    538     0x00029B00       0xFFFFFF00      0x00001000         (0, 2, 3)      [6] []
    539     0x00019600       0xFFFFFF80      0x00020001         (0, 1, 2)      [11] [E]
    540     0x0001AB00       0xFFFFFF80      0x00000001         (0, 1, 5)      [] [E]
    541     0x00008E80       0xFFFFFF80      0x00000008         (0, 0, 1)      [] [W]
    542     0x00002A00       0xFFFFFF80      0x0007FF80         (0, 0, 5)      [1, 2, 3, 4, 5, 6, 7, 8, 9, 10, 11, 12] []
    543     0x0000E080       0xFFFFFF80      0x00000008         (0, 0, 12)      [] [W]
    544     0x00003400       0xFFFFFF80      0x0003FFBF         (0, 0, 6)      [1, 2, 3, 4, 5, 6, 7, 8, 9, 10, 11] [E, NE, N, W, SW, S]
    545     0x00005900       0xFFFFFF80      0x00000008         (0, 0, 11)      [] [W]
    546     0x00006F80       0xFFFFFF80      0x00000010         (0, 0, 13)      [] [SW]
    547     0x00009B00       0xFFFFFF80      0x00000008         (0, 0, 3)      [] [W]
    548     0x00000F80       0xFFFFFF80      0x00040000         (0, 0, 1)      [12] []
    549     0x0000FC80       0xFFFFFF80      0x00000010         (0, 0, 15)      [] [SW]
    550     0x00007A80       0xFFFFFF80      0x00010020         (0, 0, 15)      [10] [S]
    551     0x0000A700       0xFFFFFF80      0x00000008         (0, 0, 4)      [] [W]
    552     0x00000C00       0xFFFFFF80      0x00000802         (0, 0, 1)      [5] [NE]
    553     0x0000F680       0xFFFFFF80      0x00000010         (0, 0, 14)      [] [SW]
    554     0x0000C080       0xFFFFFF80      0x00000010         (0, 0, 8)      [] [SW]
    555     0x00016600       0xFFFFFF80      0x00000008         (0, 1, 12)      [] [W]
    556     0x0000D980       0xFFFFFF80      0x00020008         (0, 0, 11)      [11] [W]
    557     0x00005000       0xFFFFFF80      0x00001008         (0, 0, 10)      [6] [W]
    558     0x00009380       0xFFFFFF80      0x00001008         (0, 0, 2)      [6] [W]
    559     0x00000500       0xFFFFFF80      0x00000001         (0, 0, 0)      [] [E]
    560     0x00008400       0xFFFFFF80      0x00000120         (0, 0, 0)      [2] [S]
    561     0x00013700       0xFFFFFF80      0x00008018         (0, 1, 6)      [9] [W, SW]
    562     0x00001700       0xFFFFFF80      0x00000003         (0, 0, 2)      [] [E, NE]
    563     0x00006E00       0xFFFFFF80      0x00000010         (0, 0, 13)      [] [SW]
    564     0x00002A80       0xFFFFFF80      0x000FFF80         (0, 0, 5)      [1, 2, 3, 4, 5, 6, 7, 8, 9, 10, 11, 12, 13] []
    565     0x00008780       0xFFFFFF80      0x00008008         (0, 0, 0)      [9] [W]
    566     0x00004800       0xFFFFFF80      0x00C00021         (0, 0, 9)      [16, 17] [E, S]
    567     0x00015500       0xFFFFFF80      0x00000010         (0, 1, 10)      [] [SW]
    568     0x00014880       0xFFFFFF80      0x00000010         (0, 1, 9)      [] [SW]
    569     0x00013080       0xFFFFFF80      0x00000008         (0, 1, 6)      [] [W]
    570     0x00003780       0xFFFFFF80      0x0003FFBF         (0, 0, 6)      [1, 2, 3, 4, 5, 6, 7, 8, 9, 10, 11] [E, NE, N, W, SW, S]
    571     0x00022780       0xFFFFFF80      0x00000001         (0, 2, 4)      [] [E]
    572     0x00018B80       0xFFFFFF80      0x00010000         (0, 1, 1)      [10] []
    573     0x0001B400       0xFFFFFF80      0x00000001         (0, 1, 6)      [] [E]
    574     0x00003B00       0xFFFFFF80      0x00FC0021         (0, 0, 7)      [12, 13, 14, 15, 16, 17] [E, S]
    575     0x0000C800       0xFFFFFF80      0x00000220         (0, 0, 9)      [3] [S]
    576     0x00000880       0xFFFFFF80      0x00000002         (0, 0, 1)      [] [NE]
    577     0x00010100       0xFFFFFF80      0x00008000         (0, 1, 0)      [9] []
    578     0x00002200       0xFFFFFF80      0x0000000E         (0, 0, 4)      [] [NE, N, W]
    579     0x00022600       0xFFFFFF80      0x00008001         (0, 2, 4)      [9] [E]
    580     0x00007500       0xFFFFFF80      0x00000030         (0, 0, 14)      [] [SW, S]
    581     0x00014380       0xFFFFFF80      0x00002000         (0, 1, 8)      [7] []
    582     0x00008580       0xFFFFFF80      0x00000820         (0, 0, 0)      [5] [S]
    583     0x0000F200       0xFFFFFF80      0x00001018         (0, 0, 14)      [6] [W, SW]
    584     0x0000AA00       0xFFFFFF80      0x00000018         (0, 0, 5)      [] [W, SW]
    585     0x00015E00       0xFFFFFF80      0x00008000         (0, 1, 11)      [9] []
    586     0x0002A200       0xFFFFFF00      0x00080000         (0, 2, 4)      [13] []
    587     0x00002380       0xFFFFFF80      0x0000000E         (0, 0, 4)      [] [NE, N, W]
    588     0x00020080       0xFFFFFF80      0x0003FFA0         (0, 2, 0)      [1, 2, 3, 4, 5, 6, 7, 8, 9, 10, 11] [S]
    589     0x00022200       0xFFFFFF80      0x00000080         (0, 2, 4)      [1] []
    590     0x0001B300       0xFFFFFF80      0x00000001         (0, 1, 6)      [] [E]
    591     0x00016880       0xFFFFFF80      0x00000008         (0, 1, 13)      [] [W]
    592     0x0002A300       0xFFFFFF00      0x00100000         (0, 2, 4)      [14] []
    593     0x00014F80       0xFFFFFF80      0x00000800         (0, 1, 9)      [5] []
    594     0x0000A180       0xFFFFFF80      0x00002008         (0, 0, 4)      [7] [W]
    595     0x00001180       0xFFFFFF80      0x00400001         (0, 0, 2)      [16] [E]
    596     0x00004680       0xFFFFFF80      0x00180021         (0, 0, 8)      [13, 14] [E, S]
    597     0x0002A400       0xFFFFFF00      0x00200000         (0, 2, 4)      [15] []
    598     0x00013D80       0xFFFFFF80      0x00000018         (0, 1, 7)      [] [W, SW]
    599     0x0000BC00       0xFFFFFF80      0x00001020         (0, 0, 7)      [6] [S]
    600     0x0000B380       0xFFFFFF80      0x00000010         (0, 0, 6)      [] [SW]
    601     0x00004A80       0xFFFFFF80      0x00000021         (0, 0, 9)      [] [E, S]
    602     0x00009C00       0xFFFFFF80      0x00000008         (0, 0, 3)      [] [W]
    603     0x00008000       0xFFFFFF80      0x00000020         (0, 0, 0)      [] [S]
    604     0x0000D400       0xFFFFFF80      0x00000008         (0, 0, 10)      [] [W]
    605     0x0000DE80       0xFFFFFF80      0x00000008         (0, 0, 11)      [] [W]
    606     0x0001C480       0xFFFFFF80      0x00000002         (0, 1, 8)      [] [NE]
    607     0x00015E80       0xFFFFFF80      0x00010000         (0, 1, 11)      [10] []
    608     0x0000B680       0xFFFFFF80      0x00000010         (0, 0, 6)      [] [SW]
    609     0x00014D00       0xFFFFFF80      0x00000010         (0, 1, 9)      [] [SW]
    610     0x00011800       0xFFFFFF80      0x00000088         (0, 1, 3)      [1] [W]
    611     0x0000BF00       0xFFFFFF80      0x00000010         (0, 0, 7)      [] [SW]
    612     0x00003C80       0xFFFFFF80      0x00FC0021         (0, 0, 7)      [12, 13, 14, 15, 16, 17] [E, S]
    613     0x00005480       0xFFFFFF80      0x00200008         (0, 0, 10)      [15] [W]
    614     0x0000F900       0xFFFFFF80      0x00000010         (0, 0, 15)      [] [SW]
    615     0x00006B00       0xFFFFFF80      0x00001018         (0, 0, 13)      [6] [W, SW]
    616     0x0000CB80       0xFFFFFF80      0x00010008         (0, 0, 9)      [10] [W]
    617     0x0000B780       0xFFFFFF80      0x00000010         (0, 0, 6)      [] [SW]
    618     0x00006300       0xFFFFFF80      0x00800008         (0, 0, 12)      [17] [W]
    619     0x0001AA80       0xFFFFFF80      0x00000001         (0, 1, 5)      [] [E]
    620     0x00003B80       0xFFFFFF80      0x00FC0021         (0, 0, 7)      [12, 13, 14, 15, 16, 17] [E, S]
    621     0x00015700       0xFFFFFF80      0x00000010         (0, 1, 10)      [] [SW]
    622     0x00001300       0xFFFFFF80      0x00000001         (0, 0, 2)      [] [E]
    623     0x00018080       0xFFFFFF80      0x00008008         (0, 1, 0)      [9] [W]
    624     0x00009400       0xFFFFFF80      0x00002008         (0, 0, 2)      [7] [W]
    625     0x00013580       0xFFFFFF80      0x00001008         (0, 1, 6)      [6] [W]
    626     0x0000AF00       0xFFFFFF80      0x00002018         (0, 0, 5)      [7] [W, SW]
    627     0x00010F80       0xFFFFFF80      0x00020008         (0, 1, 1)      [11] [W]
    628     0x00021B80       0xFFFFFF80      0x00200001         (0, 2, 3)      [15] [E]
    629     0x00008480       0xFFFFFF80      0x00000220         (0, 0, 0)      [3] [S]
    630     0x0001A380       0xFFFFFF80      0x00000002         (0, 1, 4)      [] [NE]
    631     0x00012780       0xFFFFFF80      0x00000808         (0, 1, 4)      [5] [W]
    632     0x00010700       0xFFFFFF80      0x00000010         (0, 1, 0)      [] [SW]
    633     0x0000E780       0xFFFFFF80      0x00000008         (0, 0, 12)      [] [W]
    634     0x00003880       0xFFFFFF80      0x00FC0038         (0, 0, 7)      [12, 13, 14, 15, 16, 17] [W, SW, S]
    635     0x0000B500       0xFFFFFF80      0x00000010         (0, 0, 6)      [] [SW]
    636     0x0000A300       0xFFFFFF80      0x00010008         (0, 0, 4)      [10] [W]
    637     0x0001BB00       0xFFFFFF80      0x00000001         (0, 1, 7)      [] [E]
    638     0x00007980       0xFFFFFF80      0x00004020         (0, 0, 15)      [8] [S]
    639     0x0000AD00       0xFFFFFF80      0x00000218         (0, 0, 5)      [3] [W, SW]
    640     0x00012F80       0xFFFFFF80      0x00000008         (0, 1, 5)      [] [W]
    641     0x00008680       0xFFFFFF80      0x00002008         (0, 0, 0)      [7] [W]
    642     0x0000C700       0xFFFFFF80      0x000000A0         (0, 0, 8)      [1] [S]
    643     0x00004380       0xFFFFFF80      0x00FC6021         (0, 0, 8)      [7, 8, 12, 13, 14, 15, 16, 17] [E, S]
    644     0x00000A00       0xFFFFFF80      0x00000082         (0, 0, 1)      [1] [NE]
    645     0x00005400       0xFFFFFF80      0x00100008         (0, 0, 10)      [14] [W]
    646     0x00006400       0xFFFFFF80      0x00000008         (0, 0, 12)      [] [W]
    647     0x0000F800       0xFFFFFF80      0x00000010         (0, 0, 15)      [] [SW]
    648     0x00021D80       0xFFFFFF80      0x00000001         (0, 2, 3)      [] [E]
    649     0x0000B080       0xFFFFFF80      0x00010000         (0, 0, 6)      [10] []
    650     0x00005A00       0xFFFFFF80      0x00000008         (0, 0, 11)      [] [W]
    651     0x00006280       0xFFFFFF80      0x00400008         (0, 0, 12)      [16] [W]
    652     0x00016500       0xFFFFFF80      0x00000008         (0, 1, 12)      [] [W]
    653     0x00000680       0xFFFFFF80      0x00000003         (0, 0, 0)      [] [E, NE]
    654     0x0000E180       0xFFFFFF80      0x00000008         (0, 0, 12)      [] [W]
    655     0x00015D80       0xFFFFFF80      0x00004000         (0, 1, 11)      [8] []
    656     0x0000EE00       0xFFFFFF80      0x00000018         (0, 0, 13)      [] [W, SW]
    657     0x0000FB80       0xFFFFFF80      0x00000010         (0, 0, 15)      [] [SW]
    658     0x00010C80       0xFFFFFF80      0x00000808         (0, 1, 1)      [5] [W]
    659     0x00022300       0xFFFFFF80      0x00000200         (0, 2, 4)      [3] []
    660     0x0002A100       0xFFFFFF00      0x00040000         (0, 2, 4)      [12] []
    661     0x00009D00       0xFFFFFF80      0x00000008         (0, 0, 3)      [] [W]
    662     0x00007800       0xFFFFFF80      0x00000820         (0, 0, 15)      [5] [S]
    663     0x00007100       0xFFFFFF80      0x00000030         (0, 0, 14)      [] [SW, S]
    664     0x00002900       0xFFFFFF80      0x0001800E         (0, 0, 5)      [9, 10] [NE, N, W]
    665     0x00009280       0xFFFFFF80      0x00000408         (0, 0, 2)      [4] [W]
    666     0x0001C380       0xFFFFFF80      0x00000003         (0, 1, 8)      [] [E, NE]
    667     0x00012E00       0xFFFFFF80      0x00000008         (0, 1, 5)      [] [W]
    668     0x00014F00       0xFFFFFF80      0x00000010         (0, 1, 9)      [] [SW]
    669     0x0000B800       0xFFFFFF80      0x00000010         (0, 0, 7)      [] [SW]
    670     0x0000A080       0xFFFFFF80      0x00000808         (0, 0, 4)      [5] [W]
    671     0x0000D280       0xFFFFFF80      0x00000008         (0, 0, 10)      [] [W]
    672     0x00008C00       0xFFFFFF80      0x00000008         (0, 0, 1)      [] [W]
    673     0x0000F400       0xFFFFFF80      0x00010000         (0, 0, 14)      [10] []
    674     0x0000E400       0xFFFFFF80      0x00000808         (0, 0, 12)      [5] [W]
    675     0x00017580       0xFFFFFF80      0x00008008         (0, 1, 14)      [9] [W]
    676     0x00004500       0xFFFFFF80      0x00FF0001         (0, 0, 8)      [10, 11, 12, 13, 14, 15, 16, 17] [E]
    677     0x00014980       0xFFFFFF80      0x00000010         (0, 1, 9)      [] [SW]
    678     0x00011880       0xFFFFFF80      0x00000108         (0, 1, 3)      [2] [W]
    679     0x00002E80       0xFFFFFF80      0x0003FF8E         (0, 0, 5)      [1, 2, 3, 4, 5, 6, 7, 8, 9, 10, 11] [NE, N, W]
    680     0x00005780       0xFFFFFF80      0x00000008         (0, 0, 10)      [] [W]
    681     0x0000D880       0xFFFFFF80      0x00008008         (0, 0, 11)      [9] [W]
    682     0x0000C400       0xFFFFFF80      0x00000020         (0, 0, 8)      [] [S]
    683     0x00008280       0xFFFFFF80      0x00000020         (0, 0, 0)      [] [S]
    684     0x00016780       0xFFFFFF80      0x00000008         (0, 1, 12)      [] [W]
    685     0x00004E00       0xFFFFFF80      0x00000108         (0, 0, 9)      [2] [W]
    686     0x00011C80       0xFFFFFF80      0x00010008         (0, 1, 3)      [10] [W]
    687     0x00010180       0xFFFFFF80      0x00010000         (0, 1, 0)      [10] []
    688     0x00006E80       0xFFFFFF80      0x00000010         (0, 0, 13)      [] [SW]
    689     0x00013F00       0xFFFFFF80      0x00000018         (0, 1, 7)      [] [W, SW]
    690     0x00001D00       0xFFFFFF80      0x00040000         (0, 0, 3)      [12] []
    691     0x00005D80       0xFFFFFF80      0x00001008         (0, 0, 11)      [6] [W]
    692     0x00007E80       0xFFFFFF80      0x00000020         (0, 0, 15)      [] [S]
    693     0x00029C00       0xFFFFFF00      0x00002000         (0, 2, 3)      [7] []
    694     0x0000F580       0xFFFFFF80      0x00000010         (0, 0, 14)      [] [SW]
    695     0x00002600       0xFFFFFF80      0x0000060E         (0, 0, 4)      [3, 4] [NE, N, W]
    696     0x00022500       0xFFFFFF80      0x00002001         (0, 2, 4)      [7] [E]
    697     0x00029D00       0xFFFFFF00      0x00004000         (0, 2, 3)      [8] []
    698     0x00013880       0xFFFFFF80      0x00000008         (0, 1, 7)      [] [W]
    699     0x00004B00       0xFFFFFF80      0x00000021         (0, 0, 9)      [] [E, S]
    700     0x00008200       0xFFFFFF80      0x00000020         (0, 0, 0)      [] [S]
    701     0x00012B00       0xFFFFFF80      0x00000008         (0, 1, 5)      [] [W]
    702     0x00021A80       0xFFFFFF80      0x00080000         (0, 2, 3)      [13] []
    703     0x00012800       0xFFFFFF80      0x00001008         (0, 1, 5)      [6] [W]
    704     0x00000D00       0xFFFFFF80      0x00002002         (0, 0, 1)      [7] [NE]
    705     0x00029E00       0xFFFFFF00      0x00008000         (0, 2, 3)      [9] []
    706     0x00009980       0xFFFFFF80      0x00000008         (0, 0, 3)      [] [W]
    707     0x00019880       0xFFFFFF80      0x00000001         (0, 1, 3)      [] [E]
    708     0x00010000       0xFFFFFF80      0x00002000         (0, 1, 0)      [7] []
    709     0x00003680       0xFFFFFF80      0x0003FFBF         (0, 0, 6)      [1, 2, 3, 4, 5, 6, 7, 8, 9, 10, 11] [E, NE, N, W, SW, S]
    710     0x00013900       0xFFFFFF80      0x00000010         (0, 1, 7)      [] [SW]
    711     0x00004480       0xFFFFFF80      0x00FD8021         (0, 0, 8)      [9, 10, 12, 13, 14, 15, 16, 17] [E, S]
    712     0x00029F00       0xFFFFFF00      0x00010000         (0, 2, 3)      [10] []
    713     0x0001A100       0xFFFFFF80      0x00000003         (0, 1, 4)      [] [E, NE]
    714     0x00014400       0xFFFFFF80      0x00004000         (0, 1, 8)      [8] []
    715     0x00010300       0xFFFFFF80      0x00000010         (0, 1, 0)      [] [SW]
    716     0x0002A000       0xFFFFFF00      0x00020000         (0, 2, 4)      [11] []
