router contains 770 entries 
 
  Index   Key(hex)    Mask(hex)    Route(hex)    Src. Core -> [Cores][Links]
------------------------------------------------------------------------------
    0     0x00008680       0xFFFFFF80      0x0000000A         (0, 0, 0)      [] [NE, W]
    1     0x00013200       0xFFFFFF80      0x00000008         (0, 1, 6)      [] [W]
    2     0x00005300       0xFFFFFF80      0x00000402         (0, 0, 10)      [4] [NE]
    3     0x00016D80       0xFFFFFF80      0x00004008         (0, 1, 13)      [8] [W]
    4     0x00010E80       0xFFFFFF80      0x00000088         (0, 1, 1)      [1] [W]
    5     0x00011100       0xFFFFFF80      0x00001008         (0, 1, 2)      [6] [W]
    6     0x00010F00       0xFFFFFF80      0x00000108         (0, 1, 1)      [2] [W]
    7     0x00008B80       0xFFFFFF80      0x00008008         (0, 0, 1)      [9] [W]
    8     0x00020700       0xFFFFFF80      0x00000001         (0, 2, 0)      [] [E]
    9     0x00005D80       0xFFFFFF80      0x00000002         (0, 0, 11)      [] [NE]
    10     0x0001AE00       0xFFFFFF80      0x00100000         (0, 1, 5)      [14] []
    11     0x0000A600       0xFFFFFF80      0x0000400C         (0, 0, 4)      [8] [N, W]
    12     0x00013B00       0xFFFFFF80      0x00008008         (0, 1, 7)      [9] [W]
    13     0x00004300       0xFFFFFF80      0x00000003         (0, 0, 8)      [] [E, NE]
    14     0x00042400       0xFFFFFF00      0x00080000         (0, 4, 4)      [13] []
    15     0x0001C000       0xFFFFFF80      0x00800000         (0, 1, 8)      [17] []
    16     0x00011D00       0xFFFFFF80      0x00000208         (0, 1, 3)      [3] [W]
    17     0x0001B800       0xFFFFFF80      0x00800000         (0, 1, 7)      [17] []
    18     0x00016A00       0xFFFFFF80      0x00000088         (0, 1, 13)      [1] [W]
    19     0x00008600       0xFFFFFF80      0x0000000A         (0, 0, 0)      [] [NE, W]
    20     0x00005180       0xFFFFFF80      0x00000082         (0, 0, 10)      [1] [NE]
    21     0x00030D00       0xFFFFFF00      0x00000010         (0, 3, 1)      [] [SW]
    22     0x0000D000       0xFFFFFF80      0x00020008         (0, 0, 10)      [11] [W]
    23     0x0001C580       0xFFFFFF80      0x00080000         (0, 1, 8)      [13] []
    24     0x00015A00       0xFFFFFF80      0x00000018         (0, 1, 11)      [] [W, SW]
    25     0x0001AC80       0xFFFFFF80      0x00020001         (0, 1, 5)      [11] [E]
    26     0x00012480       0xFFFFFF80      0x00000008         (0, 1, 4)      [] [W]
    27     0x00011500       0xFFFFFF80      0x00100008         (0, 1, 2)      [14] [W]
    28     0x0001AA80       0xFFFFFF80      0x00002000         (0, 1, 5)      [7] []
    29     0x0001F180       0xFFFFFF80      0x00800008         (0, 1, 14)      [17] [W]
    30     0x00011780       0xFFFFFF80      0x00000008         (0, 1, 2)      [] [W]
    31     0x00013080       0xFFFFFF80      0x00200008         (0, 1, 6)      [15] [W]
    32     0x00009D80       0xFFFFFF80      0x00000008         (0, 0, 3)      [] [W]
    33     0x00016F80       0xFFFFFF80      0x00040008         (0, 1, 13)      [12] [W]
    34     0x00013000       0xFFFFFF80      0x00100008         (0, 1, 6)      [14] [W]
    35     0x00009480       0xFFFFFF80      0x0000000E         (0, 0, 2)      [] [NE, N, W]
    36     0x00018680       0xFFFFFF80      0x00080000         (0, 1, 0)      [13] []
    37     0x0000B580       0xFFFFFF80      0x00040003         (0, 0, 6)      [12] [E, NE]
    38     0x00010000       0xFFFFFF80      0x00000021         (0, 1, 0)      [] [E, S]
    39     0x0001E500       0xFFFFFF80      0x00400000         (0, 1, 12)      [16] []
    40     0x0000B980       0xFFFFFF80      0x00000001         (0, 0, 7)      [] [E]
    41     0x0001E380       0xFFFFFF80      0x00080000         (0, 1, 12)      [13] []
    42     0x00015100       0xFFFFFF80      0x00000020         (0, 1, 10)      [] [S]
    43     0x00019D00       0xFFFFFF80      0x00800000         (0, 1, 3)      [17] []
    44     0x0000C900       0xFFFFFF80      0x00000001         (0, 0, 9)      [] [E]
    45     0x00003F00       0xFFFFFF80      0x00000001         (0, 0, 7)      [] [E]
    46     0x00013180       0xFFFFFF80      0x00800008         (0, 1, 6)      [17] [W]
    47     0x00007C00       0xFFFFFF80      0x00000801         (0, 0, 15)      [5] [E]
    48     0x00019000       0xFFFFFF80      0x00020030         (0, 1, 2)      [11] [SW, S]
    49     0x00014E80       0xFFFFFF80      0x00000030         (0, 1, 9)      [] [SW, S]
    50     0x00014700       0xFFFFFF80      0x00001018         (0, 1, 8)      [6] [W, SW]
    51     0x00004100       0xFFFFFF80      0x00000001         (0, 0, 8)      [] [E]
    52     0x00005E00       0xFFFFFF80      0x00000002         (0, 0, 11)      [] [NE]
    53     0x00010500       0xFFFFFF80      0x0000C021         (0, 1, 0)      [8, 9] [E, S]
    54     0x0000A680       0xFFFFFF80      0x0000800C         (0, 0, 4)      [9] [N, W]
    55     0x00006F00       0xFFFFFF80      0x00001002         (0, 0, 13)      [6] [NE]
    56     0x00008A80       0xFFFFFF80      0x00002008         (0, 0, 1)      [7] [W]
    57     0x00004380       0xFFFFFF80      0x00000001         (0, 0, 8)      [] [E]
    58     0x00016400       0xFFFFFF80      0x00080008         (0, 1, 12)      [13] [W]
    59     0x00010B80       0xFFFFFF80      0x00000021         (0, 1, 1)      [] [E, S]
    60     0x0000C080       0xFFFFFF80      0x00002000         (0, 0, 8)      [7] []
    61     0x00000C80       0xFFFFFF80      0x00000002         (0, 0, 1)      [] [NE]
    62     0x00018300       0xFFFFFF80      0x00001010         (0, 1, 0)      [6] [SW]
    63     0x00017600       0xFFFFFF80      0x00000108         (0, 1, 14)      [2] [W]
    64     0x0000C200       0xFFFFFF80      0x00010000         (0, 0, 8)      [10] []
    65     0x00014080       0xFFFFFF80      0x00000010         (0, 1, 8)      [] [SW]
    66     0x0000F100       0xFFFFFF80      0x00FFFF88         (0, 0, 14)      [1, 2, 3, 4, 5, 6, 7, 8, 9, 10, 11, 12, 13, 14, 15, 16, 17] [W]
    67     0x0001F200       0xFFFFFF80      0x00000008         (0, 1, 14)      [] [W]
    68     0x0000B400       0xFFFFFF80      0x00008002         (0, 0, 6)      [9] [NE]
    69     0x00041F00       0xFFFFFF00      0x00004000         (0, 4, 3)      [8] []
    70     0x0001D980       0xFFFFFF80      0x00100000         (0, 1, 11)      [14] []
    71     0x0001C700       0xFFFFFF80      0x00400001         (0, 1, 8)      [16] [E]
    72     0x00014580       0xFFFFFF80      0x00000218         (0, 1, 8)      [3] [W, SW]
    73     0x00018180       0xFFFFFF80      0x00000208         (0, 1, 0)      [3] [W]
    74     0x00009600       0xFFFFFF80      0x0000020E         (0, 0, 2)      [3] [NE, N, W]
    75     0x0001D380       0xFFFFFF80      0x00100001         (0, 1, 10)      [14] [E]
    76     0x0000EC00       0xFFFFFF80      0x00180008         (0, 0, 13)      [13, 14] [W]
    77     0x0000AB00       0xFFFFFF80      0x00000008         (0, 0, 5)      [] [W]
    78     0x0001A380       0xFFFFFF80      0x00020000         (0, 1, 4)      [11] []
    79     0x00004580       0xFFFFFF80      0x00000401         (0, 0, 8)      [4] [E]
    80     0x0001B400       0xFFFFFF80      0x00008000         (0, 1, 6)      [9] []
    81     0x00015980       0xFFFFFF80      0x00800018         (0, 1, 11)      [17] [W, SW]
    82     0x0001A880       0xFFFFFF80      0x00000001         (0, 1, 5)      [] [E]
    83     0x00007600       0xFFFFFF80      0x00000001         (0, 0, 14)      [] [E]
    84     0x00011C00       0xFFFFFF80      0x00000088         (0, 1, 3)      [1] [W]
    85     0x00013480       0xFFFFFF80      0x00000008         (0, 1, 6)      [] [W]
    86     0x00010980       0xFFFFFF80      0x00800001         (0, 1, 1)      [17] [E]
    87     0x00009880       0xFFFFFF80      0x0000400C         (0, 0, 3)      [8] [N, W]
    88     0x0000D780       0xFFFFFF80      0x00000008         (0, 0, 10)      [] [W]
    89     0x00009300       0xFFFFFF80      0x0000000E         (0, 0, 2)      [] [NE, N, W]
    90     0x00014A00       0xFFFFFF80      0x00040030         (0, 1, 9)      [12] [SW, S]
    91     0x00012900       0xFFFFFF80      0x00000008         (0, 1, 5)      [] [W]
    92     0x0000CD00       0xFFFFFF80      0x00000808         (0, 0, 9)      [5] [W]
    93     0x00018E80       0xFFFFFF80      0x00004030         (0, 1, 1)      [8] [SW, S]
    94     0x0000F400       0xFFFFFF80      0x00FFFFBF         (0, 0, 14)      [1, 2, 3, 4, 5, 6, 7, 8, 9, 10, 11, 12, 13, 14, 15, 16, 17] [E, NE, N, W, SW, S]
    95     0x00003500       0xFFFFFF80      0x00000002         (0, 0, 6)      [] [NE]
    96     0x00007680       0xFFFFFF80      0x00000001         (0, 0, 14)      [] [E]
    97     0x00008900       0xFFFFFF80      0x0000040A         (0, 0, 1)      [4] [NE, W]
    98     0x00009400       0xFFFFFF80      0x0000000E         (0, 0, 2)      [] [NE, N, W]
    99     0x00009000       0xFFFFFF80      0x00000008         (0, 0, 2)      [] [W]
    100     0x00016100       0xFFFFFF80      0x00002008         (0, 1, 12)      [7] [W]
    101     0x00041D00       0xFFFFFF00      0x00001000         (0, 4, 3)      [6] []
    102     0x00018C00       0xFFFFFF80      0x00000230         (0, 1, 1)      [3] [SW, S]
    103     0x0000DE00       0xFFFFFF80      0x00040008         (0, 0, 11)      [12] [W]
    104     0x00018480       0xFFFFFF80      0x00008010         (0, 1, 0)      [9] [SW]
    105     0x00011900       0xFFFFFF80      0x00000008         (0, 1, 3)      [] [W]
    106     0x0001A580       0xFFFFFF80      0x00200001         (0, 1, 4)      [15] [E]
    107     0x00012800       0xFFFFFF80      0x00000008         (0, 1, 5)      [] [W]
    108     0x0000A380       0xFFFFFF80      0x0000020E         (0, 0, 4)      [3] [NE, N, W]
    109     0x00012400       0xFFFFFF80      0x00800008         (0, 1, 4)      [17] [W]
    110     0x00015600       0xFFFFFF80      0x00010020         (0, 1, 10)      [10] [S]
    111     0x00011680       0xFFFFFF80      0x00800008         (0, 1, 2)      [17] [W]
    112     0x00004480       0xFFFFFF80      0x00000101         (0, 0, 8)      [2] [E]
    113     0x00017900       0xFFFFFF80      0x00004008         (0, 1, 15)      [8] [W]
    114     0x00015D80       0xFFFFFF80      0x00000018         (0, 1, 11)      [] [W, SW]
    115     0x0000AF80       0xFFFFFF80      0x0000000E         (0, 0, 5)      [] [NE, N, W]
    116     0x00041C00       0xFFFFFF00      0x00000800         (0, 4, 3)      [5] []
    117     0x0001BD80       0xFFFFFF80      0x00040000         (0, 1, 7)      [12] []
    118     0x00002700       0xFFFFFF80      0x00000002         (0, 0, 4)      [] [NE]
    119     0x00016F00       0xFFFFFF80      0x00020008         (0, 1, 13)      [11] [W]
    120     0x00002980       0xFFFFFF80      0x00000102         (0, 0, 5)      [2] [NE]
    121     0x0000AD00       0xFFFFFF80      0x00000008         (0, 0, 5)      [] [W]
    122     0x00014400       0xFFFFFF80      0x00000018         (0, 1, 8)      [] [W, SW]
    123     0x00014B00       0xFFFFFF80      0x00100010         (0, 1, 9)      [14] [SW]
    124     0x0001A500       0xFFFFFF80      0x00100001         (0, 1, 4)      [14] [E]
    125     0x00003E80       0xFFFFFF80      0x00000001         (0, 0, 7)      [] [E]
    126     0x0000C100       0xFFFFFF80      0x00004000         (0, 0, 8)      [8] []
    127     0x0000B280       0xFFFFFF80      0x00001002         (0, 0, 6)      [6] [NE]
    128     0x00005280       0xFFFFFF80      0x00000202         (0, 0, 10)      [3] [NE]
    129     0x0000DC00       0xFFFFFF80      0x00004008         (0, 0, 11)      [8] [W]
    130     0x00012D80       0xFFFFFF80      0x00008008         (0, 1, 5)      [9] [W]
    131     0x0001BC00       0xFFFFFF80      0x00008000         (0, 1, 7)      [9] []
    132     0x00012A80       0xFFFFFF80      0x00000208         (0, 1, 5)      [3] [W]
    133     0x00001B00       0xFFFFFF80      0x00000003         (0, 0, 3)      [] [E, NE]
    134     0x00011F80       0xFFFFFF80      0x00004008         (0, 1, 3)      [8] [W]
    135     0x0000E900       0xFFFFFF80      0x00006008         (0, 0, 13)      [8, 7] [W]
    136     0x00006000       0xFFFFFF80      0x00000202         (0, 0, 12)      [3] [NE]
    137     0x00012880       0xFFFFFF80      0x00000008         (0, 1, 5)      [] [W]
    138     0x00017A00       0xFFFFFF80      0x00010008         (0, 1, 15)      [10] [W]
    139     0x00004F00       0xFFFFFF80      0x00000002         (0, 0, 9)      [] [NE]
    140     0x00008880       0xFFFFFF80      0x0000020A         (0, 0, 1)      [3] [NE, W]
    141     0x0000F300       0xFFFFFF80      0x00FFFF88         (0, 0, 14)      [1, 2, 3, 4, 5, 6, 7, 8, 9, 10, 11, 12, 13, 14, 15, 16, 17] [W]
    142     0x0001EE00       0xFFFFFF80      0x00800008         (0, 1, 13)      [17] [W]
    143     0x0000F700       0xFFFFFF80      0x00FFFFBF         (0, 0, 14)      [1, 2, 3, 4, 5, 6, 7, 8, 9, 10, 11, 12, 13, 14, 15, 16, 17] [E, NE, N, W, SW, S]
    144     0x00009900       0xFFFFFF80      0x0000800C         (0, 0, 3)      [9] [N, W]
    145     0x0000BE00       0xFFFFFF80      0x00000101         (0, 0, 7)      [2] [E]
    146     0x00019300       0xFFFFFF80      0x00800010         (0, 1, 2)      [17] [SW]
    147     0x00016B80       0xFFFFFF80      0x00000408         (0, 1, 13)      [4] [W]
    148     0x00020780       0xFFFFFF80      0x00FFFF81         (0, 2, 0)      [1, 2, 3, 4, 5, 6, 7, 8, 9, 10, 11, 12, 13, 14, 15, 16, 17] [E]
    149     0x0000B300       0xFFFFFF80      0x00002002         (0, 0, 6)      [7] [NE]
    150     0x00018080       0xFFFFFF80      0x00000088         (0, 1, 0)      [1] [W]
    151     0x00008700       0xFFFFFF80      0x0000000A         (0, 0, 0)      [] [NE, W]
    152     0x0000AE00       0xFFFFFF80      0x0000000E         (0, 0, 5)      [] [NE, N, W]
    153     0x00042800       0xFFFFFF00      0x00800000         (0, 4, 5)      [17] []
    154     0x0000A480       0xFFFFFF80      0x0000080E         (0, 0, 4)      [5] [NE, N, W]
    155     0x0000A400       0xFFFFFF80      0x0000040E         (0, 0, 4)      [4] [NE, N, W]
    156     0x0000B880       0xFFFFFF80      0x00000001         (0, 0, 7)      [] [E]
    157     0x0000BF00       0xFFFFFF80      0x00000401         (0, 0, 7)      [4] [E]
    158     0x0000CC00       0xFFFFFF80      0x00000208         (0, 0, 9)      [3] [W]
    159     0x00015E00       0xFFFFFF80      0x00000098         (0, 1, 11)      [1] [W, SW]
    160     0x00005380       0xFFFFFF80      0x00000802         (0, 0, 10)      [5] [NE]
    161     0x0001CC00       0xFFFFFF80      0x00040001         (0, 1, 9)      [12] [E]
    162     0x0001BE00       0xFFFFFF80      0x00080000         (0, 1, 7)      [13] []
    163     0x00011580       0xFFFFFF80      0x00200008         (0, 1, 2)      [15] [W]
    164     0x0001A180       0xFFFFFF80      0x00002000         (0, 1, 4)      [7] []
    165     0x00009500       0xFFFFFF80      0x0000008E         (0, 0, 2)      [1] [NE, N, W]
    166     0x00015480       0xFFFFFF80      0x00002020         (0, 1, 10)      [7] [S]
    167     0x0000E800       0xFFFFFF80      0x00001808         (0, 0, 13)      [5, 6] [W]
    168     0x0001C800       0xFFFFFF80      0x00000001         (0, 1, 9)      [] [E]
    169     0x00015880       0xFFFFFF80      0x00200018         (0, 1, 11)      [15] [W, SW]
    170     0x00019200       0xFFFFFF80      0x00200010         (0, 1, 2)      [15] [SW]
    171     0x00011E80       0xFFFFFF80      0x00001008         (0, 1, 3)      [6] [W]
    172     0x0000FE80       0xFFFFFF80      0x00000021         (0, 0, 15)      [] [E, S]
    173     0x00010680       0xFFFFFF80      0x00060001         (0, 1, 0)      [11, 12] [E]
    174     0x0001AE80       0xFFFFFF80      0x00200000         (0, 1, 5)      [15] []
    175     0x0000F980       0xFFFFFF80      0x00FFFFBF         (0, 0, 15)      [1, 2, 3, 4, 5, 6, 7, 8, 9, 10, 11, 12, 13, 14, 15, 16, 17] [E, NE, N, W, SW, S]
    176     0x00011D80       0xFFFFFF80      0x00000408         (0, 1, 3)      [4] [W]
    177     0x00022080       0xFFFFFF80      0x00000010         (0, 2, 4)      [] [SW]
    178     0x0000CF00       0xFFFFFF80      0x00008008         (0, 0, 9)      [9] [W]
    179     0x0000D580       0xFFFFFF80      0x00000008         (0, 0, 10)      [] [W]
    180     0x00018D80       0xFFFFFF80      0x00001030         (0, 1, 1)      [6] [SW, S]
    181     0x00041A00       0xFFFFFF00      0x00000200         (0, 4, 3)      [3] []
    182     0x00014880       0xFFFFFF80      0x00008030         (0, 1, 9)      [9] [SW, S]
    183     0x0001A300       0xFFFFFF80      0x00010000         (0, 1, 4)      [10] []
    184     0x00012E80       0xFFFFFF80      0x00020008         (0, 1, 5)      [11] [W]
    185     0x00006A00       0xFFFFFF80      0x00000002         (0, 0, 13)      [] [NE]
    186     0x00008500       0xFFFFFF80      0x00000001         (0, 0, 0)      [] [E]
    187     0x00001A00       0xFFFFFF80      0x00000003         (0, 0, 3)      [] [E, NE]
    188     0x00010400       0xFFFFFF80      0x00003021         (0, 1, 0)      [6, 7] [E, S]
    189     0x00014200       0xFFFFFF80      0x00000018         (0, 1, 8)      [] [W, SW]
    190     0x00017E00       0xFFFFFF80      0x00000008         (0, 1, 15)      [] [W]
    191     0x0000DB00       0xFFFFFF80      0x00001008         (0, 0, 11)      [6] [W]
    192     0x00004180       0xFFFFFF80      0x00000003         (0, 0, 8)      [] [E, NE]
    193     0x0000DD00       0xFFFFFF80      0x00010008         (0, 0, 11)      [10] [W]
    194     0x0001F780       0xFFFFFF80      0x00000008         (0, 1, 14)      [] [W]
    195     0x0000E600       0xFFFFFF80      0x00000188         (0, 0, 12)      [1, 2] [W]
    196     0x0000AB80       0xFFFFFF80      0x00000008         (0, 0, 5)      [] [W]
    197     0x00010300       0xFFFFFF80      0x00000C21         (0, 1, 0)      [4, 5] [E, S]
    198     0x0000FA80       0xFFFFFF80      0x00FFFF9F         (0, 0, 15)      [1, 2, 3, 4, 5, 6, 7, 8, 9, 10, 11, 12, 13, 14, 15, 16, 17] [E, NE, N, W, SW]
    199     0x0000C580       0xFFFFFF80      0x00000001         (0, 0, 8)      [] [E]
    200     0x00000C00       0xFFFFFF80      0x00000002         (0, 0, 1)      [] [NE]
    201     0x00002780       0xFFFFFF80      0x00000002         (0, 0, 4)      [] [NE]
    202     0x0000C780       0xFFFFFF80      0x00000001         (0, 0, 8)      [] [E]
    203     0x00019100       0xFFFFFF80      0x00080010         (0, 1, 2)      [13] [SW]
    204     0x00021E80       0xFFFFFF80      0x00000010         (0, 2, 3)      [] [SW]
    205     0x00013580       0xFFFFFF80      0x00000008         (0, 1, 6)      [] [W]
    206     0x0000EE00       0xFFFFFF80      0x00FFFF88         (0, 0, 13)      [1, 2, 3, 4, 5, 6, 7, 8, 9, 10, 11, 12, 13, 14, 15, 16, 17] [W]
    207     0x0000CA80       0xFFFFFF80      0x00000008         (0, 0, 9)      [] [W]
    208     0x0000F080       0xFFFFFF80      0x00FFFF88         (0, 0, 14)      [1, 2, 3, 4, 5, 6, 7, 8, 9, 10, 11, 12, 13, 14, 15, 16, 17] [W]
    209     0x00015580       0xFFFFFF80      0x00008020         (0, 1, 10)      [9] [S]
    210     0x0000BF80       0xFFFFFF80      0x00000801         (0, 0, 7)      [5] [E]
    211     0x00015700       0xFFFFFF80      0x00040000         (0, 1, 10)      [12] []
    212     0x00010780       0xFFFFFF80      0x00180001         (0, 1, 0)      [13, 14] [E]
    213     0x0001A600       0xFFFFFF80      0x00400001         (0, 1, 4)      [16] [E]
    214     0x0001A780       0xFFFFFF80      0x00000001         (0, 1, 4)      [] [E]
    215     0x00012D00       0xFFFFFF80      0x00004008         (0, 1, 5)      [8] [W]
    216     0x00011080       0xFFFFFF80      0x00000808         (0, 1, 2)      [5] [W]
    217     0x0000ED00       0xFFFFFF80      0x00600008         (0, 0, 13)      [16, 15] [W]
    218     0x0000AD80       0xFFFFFF80      0x0000000A         (0, 0, 5)      [] [NE, W]
    219     0x0000B480       0xFFFFFF80      0x00010002         (0, 0, 6)      [10] [NE]
    220     0x0000AC00       0xFFFFFF80      0x00000008         (0, 0, 5)      [] [W]
    221     0x00004500       0xFFFFFF80      0x00000201         (0, 0, 8)      [3] [E]
    222     0x0000BB80       0xFFFFFF80      0x00000001         (0, 0, 7)      [] [E]
    223     0x0000F200       0xFFFFFF80      0x00FFFF88         (0, 0, 14)      [1, 2, 3, 4, 5, 6, 7, 8, 9, 10, 11, 12, 13, 14, 15, 16, 17] [W]
    224     0x0000EE80       0xFFFFFF80      0x00FFFF88         (0, 0, 13)      [1, 2, 3, 4, 5, 6, 7, 8, 9, 10, 11, 12, 13, 14, 15, 16, 17] [W]
    225     0x00019780       0xFFFFFF80      0x00001000         (0, 1, 2)      [6] []
    226     0x0001AF00       0xFFFFFF80      0x00400000         (0, 1, 5)      [16] []
    227     0x0001C780       0xFFFFFF80      0x00800001         (0, 1, 8)      [17] [E]
    228     0x00010C80       0xFFFFFF80      0x00000008         (0, 1, 1)      [] [W]
    229     0x0001EA00       0xFFFFFF80      0x00800008         (0, 1, 13)      [17] [W]
    230     0x00015680       0xFFFFFF80      0x00020020         (0, 1, 10)      [11] [S]
    231     0x00030F00       0xFFFFFF00      0x00000010         (0, 3, 1)      [] [SW]
    232     0x00012A00       0xFFFFFF80      0x00000108         (0, 1, 5)      [2] [W]
    233     0x0000EA80       0xFFFFFF80      0x00030008         (0, 0, 13)      [10, 11] [W]
    234     0x00016E80       0xFFFFFF80      0x00010008         (0, 1, 13)      [10] [W]
    235     0x00013100       0xFFFFFF80      0x00400008         (0, 1, 6)      [16] [W]
    236     0x00018200       0xFFFFFF80      0x00000408         (0, 1, 0)      [4] [W]
    237     0x00016480       0xFFFFFF80      0x00100008         (0, 1, 12)      [14] [W]
    238     0x00013A80       0xFFFFFF80      0x00004008         (0, 1, 7)      [8] [W]
    239     0x0001A280       0xFFFFFF80      0x00008000         (0, 1, 4)      [9] []
    240     0x00003580       0xFFFFFF80      0x00000002         (0, 0, 6)      [] [NE]
    241     0x00009100       0xFFFFFF80      0x00000008         (0, 0, 2)      [] [W]
    242     0x00015C80       0xFFFFFF80      0x00000018         (0, 1, 11)      [] [W, SW]
    243     0x00007700       0xFFFFFF80      0x00000001         (0, 0, 14)      [] [E]
    244     0x0000C800       0xFFFFFF80      0x00000001         (0, 0, 9)      [] [E]
    245     0x00022D00       0xFFFFFF80      0x00200008         (0, 2, 5)      [15] [W]
    246     0x0001ED80       0xFFFFFF80      0x00400008         (0, 1, 13)      [16] [W]
    247     0x0000F480       0xFFFFFF80      0x00FFFFBF         (0, 0, 14)      [1, 2, 3, 4, 5, 6, 7, 8, 9, 10, 11, 12, 13, 14, 15, 16, 17] [E, NE, N, W, SW, S]
    248     0x0000CE00       0xFFFFFF80      0x00002008         (0, 0, 9)      [7] [W]
    249     0x00019180       0xFFFFFF80      0x00100010         (0, 1, 2)      [14] [SW]
    250     0x0000E500       0xFFFFFF80      0x00000008         (0, 0, 12)      [] [W]
    251     0x00009E00       0xFFFFFF80      0x00000008         (0, 0, 3)      [] [W]
    252     0x0001E480       0xFFFFFF80      0x00200000         (0, 1, 12)      [15] []
    253     0x0000DF00       0xFFFFFF80      0x00100008         (0, 0, 11)      [14] [W]
    254     0x0001A000       0xFFFFFF80      0x00000400         (0, 1, 4)      [4] []
    255     0x00012200       0xFFFFFF80      0x00080008         (0, 1, 4)      [13] [W]
    256     0x0001DF00       0xFFFFFF80      0x00100000         (0, 1, 11)      [14] []
    257     0x00008380       0xFFFFFF80      0x00000001         (0, 0, 0)      [] [E]
    258     0x00041800       0xFFFFFF00      0x00000080         (0, 4, 3)      [1] []
    259     0x0000DA80       0xFFFFFF80      0x00000808         (0, 0, 11)      [5] [W]
    260     0x00003F80       0xFFFFFF80      0x00000001         (0, 0, 7)      [] [E]
    261     0x0001B780       0xFFFFFF80      0x00400000         (0, 1, 6)      [16] []
    262     0x00013680       0xFFFFFF80      0x00000008         (0, 1, 6)      [] [W]
    263     0x00016180       0xFFFFFF80      0x00004008         (0, 1, 12)      [8] [W]
    264     0x0001BF00       0xFFFFFF80      0x00200000         (0, 1, 7)      [15] []
    265     0x0000C380       0xFFFFFF80      0x00080001         (0, 0, 8)      [13] [E]
    266     0x0001B600       0xFFFFFF80      0x00080000         (0, 1, 6)      [13] []
    267     0x00018800       0xFFFFFF80      0x00400000         (0, 1, 1)      [16] []
    268     0x00015500       0xFFFFFF80      0x00004020         (0, 1, 10)      [8] [S]
    269     0x0000FC80       0xFFFFFF80      0x00000021         (0, 0, 15)      [] [E, S]
    270     0x00011A00       0xFFFFFF80      0x00000008         (0, 1, 3)      [] [W]
    271     0x00000D80       0xFFFFFF80      0x00000002         (0, 0, 1)      [] [NE]
    272     0x00010A00       0xFFFFFF80      0x00000021         (0, 1, 1)      [] [E, S]
    273     0x0000EB80       0xFFFFFF80      0x000C0008         (0, 0, 13)      [12, 13] [W]
    274     0x00014100       0xFFFFFF80      0x00000010         (0, 1, 8)      [] [SW]
    275     0x00014680       0xFFFFFF80      0x00000818         (0, 1, 8)      [5] [W, SW]
    276     0x00031100       0xFFFFFF00      0x00000010         (0, 3, 2)      [] [SW]
    277     0x0001F100       0xFFFFFF80      0x00400008         (0, 1, 14)      [16] [W]
    278     0x00012C80       0xFFFFFF80      0x00002008         (0, 1, 5)      [7] [W]
    279     0x00010200       0xFFFFFF80      0x00000321         (0, 1, 0)      [2, 3] [E, S]
    280     0x00019A00       0xFFFFFF80      0x00020001         (0, 1, 3)      [11] [E]
    281     0x00017500       0xFFFFFF80      0x00000008         (0, 1, 14)      [] [W]
    282     0x00016280       0xFFFFFF80      0x00010008         (0, 1, 12)      [10] [W]
    283     0x0001E900       0xFFFFFF80      0x00200008         (0, 1, 13)      [15] [W]
    284     0x00007D00       0xFFFFFF80      0x00002000         (0, 0, 15)      [7] []
    285     0x00018D00       0xFFFFFF80      0x00000830         (0, 1, 1)      [5] [SW, S]
    286     0x0001C380       0xFFFFFF80      0x00008000         (0, 1, 8)      [9] []
    287     0x00008800       0xFFFFFF80      0x0000010A         (0, 0, 1)      [2] [NE, W]
    288     0x0000E180       0xFFFFFF80      0x00000008         (0, 0, 12)      [] [W]
    289     0x00007A00       0xFFFFFF80      0x00000081         (0, 0, 15)      [1] [E]
    290     0x00005E80       0xFFFFFF80      0x00000002         (0, 0, 11)      [] [NE]
    291     0x00017D80       0xFFFFFF80      0x00800008         (0, 1, 15)      [17] [W]
    292     0x00007D80       0xFFFFFF80      0x00004000         (0, 0, 15)      [8] []
    293     0x0001D400       0xFFFFFF80      0x00200001         (0, 1, 10)      [15] [E]
    294     0x0001A200       0xFFFFFF80      0x00004000         (0, 1, 4)      [8] []
    295     0x0000BD00       0xFFFFFF80      0x00000001         (0, 0, 7)      [] [E]
    296     0x0000ED80       0xFFFFFF80      0x00C00008         (0, 0, 13)      [16, 17] [W]
    297     0x00005080       0xFFFFFF80      0x00000002         (0, 0, 10)      [] [NE]
    298     0x00012F80       0xFFFFFF80      0x00080008         (0, 1, 5)      [13] [W]
    299     0x00011200       0xFFFFFF80      0x00004008         (0, 1, 2)      [8] [W]
    300     0x00006180       0xFFFFFF80      0x00001002         (0, 0, 12)      [6] [NE]
    301     0x00021F80       0xFFFFFF80      0x00000010         (0, 2, 3)      [] [SW]
    302     0x00019B00       0xFFFFFF80      0x00080001         (0, 1, 3)      [13] [E]
    303     0x00014980       0xFFFFFF80      0x00020030         (0, 1, 9)      [11] [SW, S]
    304     0x00008300       0xFFFFFF80      0x00000001         (0, 0, 0)      [] [E]
    305     0x0000D100       0xFFFFFF80      0x00080008         (0, 0, 10)      [13] [W]
    306     0x0000A280       0xFFFFFF80      0x0000008E         (0, 0, 4)      [1] [NE, N, W]
    307     0x0000B200       0xFFFFFF80      0x00000803         (0, 0, 6)      [5] [E, NE]
    308     0x00006D80       0xFFFFFF80      0x00000203         (0, 0, 13)      [3] [E, NE]
    309     0x00007900       0xFFFFFF80      0x00000001         (0, 0, 15)      [] [E]
    310     0x00014800       0xFFFFFF80      0x00004030         (0, 1, 9)      [8] [SW, S]
    311     0x0001C480       0xFFFFFF80      0x00020000         (0, 1, 8)      [11] []
    312     0x0000A080       0xFFFFFF80      0x0000000E         (0, 0, 4)      [] [NE, N, W]
    313     0x0000D600       0xFFFFFF80      0x00000008         (0, 0, 10)      [] [W]
    314     0x00005C80       0xFFFFFF80      0x00000002         (0, 0, 11)      [] [NE]
    315     0x00017200       0xFFFFFF80      0x00800008         (0, 1, 14)      [17] [W]
    316     0x0000FC00       0xFFFFFF80      0x00000021         (0, 0, 15)      [] [E, S]
    317     0x00022C80       0xFFFFFF80      0x00100008         (0, 2, 5)      [14] [W]
    318     0x00004200       0xFFFFFF80      0x00000003         (0, 0, 8)      [] [E, NE]
    319     0x0000F900       0xFFFFFF80      0x00FFFFBF         (0, 0, 15)      [1, 2, 3, 4, 5, 6, 7, 8, 9, 10, 11, 12, 13, 14, 15, 16, 17] [E, NE, N, W, SW, S]
    320     0x00004400       0xFFFFFF80      0x00000081         (0, 0, 8)      [1] [E]
    321     0x0001D280       0xFFFFFF80      0x00040001         (0, 1, 10)      [12] [E]
    322     0x0000B180       0xFFFFFF80      0x00000403         (0, 0, 6)      [4] [E, NE]
    323     0x0000A580       0xFFFFFF80      0x0000200C         (0, 0, 4)      [7] [N, W]
    324     0x00001980       0xFFFFFF80      0x00000003         (0, 0, 3)      [] [E, NE]
    325     0x0001CF00       0xFFFFFF80      0x00000001         (0, 1, 9)      [] [E]
    326     0x00012980       0xFFFFFF80      0x00000088         (0, 1, 5)      [1] [W]
    327     0x00001900       0xFFFFFF80      0x00000003         (0, 0, 3)      [] [E, NE]
    328     0x00031200       0xFFFFFF00      0x00000010         (0, 3, 2)      [] [SW]
    329     0x0001BB00       0xFFFFFF80      0x00002000         (0, 1, 7)      [7] []
    330     0x0000F600       0xFFFFFF80      0x00FFFFBF         (0, 0, 14)      [1, 2, 3, 4, 5, 6, 7, 8, 9, 10, 11, 12, 13, 14, 15, 16, 17] [E, NE, N, W, SW, S]
    331     0x00019900       0xFFFFFF80      0x00008000         (0, 1, 3)      [9] []
    332     0x00010580       0xFFFFFF80      0x00018021         (0, 1, 0)      [9, 10] [E, S]
    333     0x0001F500       0xFFFFFF80      0x00000008         (0, 1, 14)      [] [W]
    334     0x0000FF00       0xFFFFFF80      0x00000021         (0, 0, 15)      [] [E, S]
    335     0x00022B00       0xFFFFFF80      0x00020010         (0, 2, 5)      [11] [SW]
    336     0x0001C400       0xFFFFFF80      0x00010000         (0, 1, 8)      [10] []
    337     0x00011480       0xFFFFFF80      0x00080008         (0, 1, 2)      [13] [W]
    338     0x0000EF00       0xFFFFFF80      0x00FFFF88         (0, 0, 13)      [1, 2, 3, 4, 5, 6, 7, 8, 9, 10, 11, 12, 13, 14, 15, 16, 17] [W]
    339     0x0000C000       0xFFFFFF80      0x00001000         (0, 0, 8)      [6] []
    340     0x00006C00       0xFFFFFF80      0x00000002         (0, 0, 13)      [] [NE]
    341     0x00010900       0xFFFFFF80      0x00C00001         (0, 1, 1)      [16, 17] [E]
    342     0x00019680       0xFFFFFF80      0x00000400         (0, 1, 2)      [4] []
    343     0x0001CD80       0xFFFFFF80      0x00200001         (0, 1, 9)      [15] [E]
    344     0x00041E00       0xFFFFFF00      0x00002000         (0, 4, 3)      [7] []
    345     0x0000F880       0xFFFFFF80      0x00FFFFBF         (0, 0, 15)      [1, 2, 3, 4, 5, 6, 7, 8, 9, 10, 11, 12, 13, 14, 15, 16, 17] [E, NE, N, W, SW, S]
    346     0x00015D00       0xFFFFFF80      0x00000018         (0, 1, 11)      [] [W, SW]
    347     0x0000D680       0xFFFFFF80      0x00000008         (0, 0, 10)      [] [W]
    348     0x00007C80       0xFFFFFF80      0x00001000         (0, 0, 15)      [6] []
    349     0x0000CF80       0xFFFFFF80      0x00010008         (0, 0, 9)      [10] [W]
    350     0x00018380       0xFFFFFF80      0x00002010         (0, 1, 0)      [7] [SW]
    351     0x00011700       0xFFFFFF80      0x00000008         (0, 1, 2)      [] [W]
    352     0x00013C00       0xFFFFFF80      0x00020008         (0, 1, 7)      [11] [W]
    353     0x00013F80       0xFFFFFF80      0x00000018         (0, 1, 7)      [] [W, SW]
    354     0x0000FB00       0xFFFFFF80      0x00FFFFBF         (0, 0, 15)      [1, 2, 3, 4, 5, 6, 7, 8, 9, 10, 11, 12, 13, 14, 15, 16, 17] [E, NE, N, W, SW, S]
    355     0x0001AA00       0xFFFFFF80      0x00001000         (0, 1, 5)      [6] []
    356     0x0000EF80       0xFFFFFF80      0x00FFFF88         (0, 0, 13)      [1, 2, 3, 4, 5, 6, 7, 8, 9, 10, 11, 12, 13, 14, 15, 16, 17] [W]
    357     0x00019980       0xFFFFFF80      0x00010000         (0, 1, 3)      [10] []
    358     0x00014480       0xFFFFFF80      0x00000098         (0, 1, 8)      [1] [W, SW]
    359     0x0001E980       0xFFFFFF80      0x00400008         (0, 1, 13)      [16] [W]
    360     0x0001B680       0xFFFFFF80      0x00100000         (0, 1, 6)      [14] []
    361     0x00009E80       0xFFFFFF80      0x00000008         (0, 0, 3)      [] [W]
    362     0x0001AF80       0xFFFFFF80      0x00800000         (0, 1, 5)      [17] []
    363     0x0000D380       0xFFFFFF80      0x00000008         (0, 0, 10)      [] [W]
    364     0x00014280       0xFFFFFF80      0x00000018         (0, 1, 8)      [] [W, SW]
    365     0x00010800       0xFFFFFF80      0x00300001         (0, 1, 1)      [14, 15] [E]
    366     0x0000E280       0xFFFFFF80      0x00000008         (0, 0, 12)      [] [W]
    367     0x0000E300       0xFFFFFF80      0x00000008         (0, 0, 12)      [] [W]
    368     0x00042100       0xFFFFFF00      0x00010000         (0, 4, 4)      [10] []
    369     0x0001C880       0xFFFFFF80      0x00000001         (0, 1, 9)      [] [E]
    370     0x00008280       0xFFFFFF80      0x00000001         (0, 0, 0)      [] [E]
    371     0x00010700       0xFFFFFF80      0x000C0001         (0, 1, 0)      [12, 13] [E]
    372     0x00014780       0xFFFFFF80      0x00002030         (0, 1, 8)      [7] [SW, S]
    373     0x00012B00       0xFFFFFF80      0x00000408         (0, 1, 5)      [4] [W]
    374     0x0000B900       0xFFFFFF80      0x00000001         (0, 0, 7)      [] [E]
    375     0x0001E080       0xFFFFFF80      0x00800000         (0, 1, 12)      [17] []
    376     0x00012080       0xFFFFFF80      0x00010008         (0, 1, 4)      [10] [W]
    377     0x0001AB80       0xFFFFFF80      0x00008000         (0, 1, 5)      [9] []
    378     0x00012680       0xFFFFFF80      0x00000008         (0, 1, 4)      [] [W]
    379     0x0000CB00       0xFFFFFF80      0x00000088         (0, 0, 9)      [1] [W]
    380     0x0000DC80       0xFFFFFF80      0x00008008         (0, 0, 11)      [9] [W]
    381     0x00019880       0xFFFFFF80      0x00004000         (0, 1, 3)      [8] []
    382     0x00016600       0xFFFFFF80      0x00800008         (0, 1, 12)      [17] [W]
    383     0x00009F00       0xFFFFFF80      0x00000008         (0, 0, 3)      [] [W]
    384     0x0001E000       0xFFFFFF80      0x00400000         (0, 1, 12)      [16] []
    385     0x0000D800       0xFFFFFF80      0x00000008         (0, 0, 11)      [] [W]
    386     0x00015780       0xFFFFFF80      0x00080000         (0, 1, 10)      [13] []
    387     0x00006F80       0xFFFFFF80      0x00002002         (0, 0, 13)      [7] [NE]
    388     0x00014A80       0xFFFFFF80      0x00080030         (0, 1, 9)      [13] [SW, S]
    389     0x0000BE80       0xFFFFFF80      0x00000201         (0, 0, 7)      [3] [E]
    390     0x00007480       0xFFFFFF80      0x00000001         (0, 0, 14)      [] [E]
    391     0x0000F180       0xFFFFFF80      0x00FFFF88         (0, 0, 14)      [1, 2, 3, 4, 5, 6, 7, 8, 9, 10, 11, 12, 13, 14, 15, 16, 17] [W]
    392     0x00015300       0xFFFFFF80      0x00000420         (0, 1, 10)      [4] [S]
    393     0x0000D400       0xFFFFFF80      0x00000008         (0, 0, 10)      [] [W]
    394     0x00022D80       0xFFFFFF80      0x00400008         (0, 2, 5)      [16] [W]
    395     0x0000BD80       0xFFFFFF80      0x00000081         (0, 0, 7)      [1] [E]
    396     0x00014380       0xFFFFFF80      0x00000018         (0, 1, 8)      [] [W, SW]
    397     0x00010080       0xFFFFFF80      0x00000021         (0, 1, 0)      [] [E, S]
    398     0x00010380       0xFFFFFF80      0x00001821         (0, 1, 0)      [5, 6] [E, S]
    399     0x00018F80       0xFFFFFF80      0x00010030         (0, 1, 1)      [10] [SW, S]
    400     0x00030E00       0xFFFFFF00      0x00000010         (0, 3, 1)      [] [SW]
    401     0x00014300       0xFFFFFF80      0x00000018         (0, 1, 8)      [] [W, SW]
    402     0x00009680       0xFFFFFF80      0x0000040E         (0, 0, 2)      [4] [NE, N, W]
    403     0x0000A700       0xFFFFFF80      0x0001000C         (0, 0, 4)      [10] [N, W]
    404     0x00017B80       0xFFFFFF80      0x00080008         (0, 1, 15)      [13] [W]
    405     0x00009200       0xFFFFFF80      0x00000008         (0, 0, 2)      [] [W]
    406     0x00015380       0xFFFFFF80      0x00000820         (0, 1, 10)      [5] [S]
    407     0x00000D00       0xFFFFFF80      0x00000002         (0, 0, 1)      [] [NE]
    408     0x00013D80       0xFFFFFF80      0x00100008         (0, 1, 7)      [14] [W]
    409     0x00018600       0xFFFFFF80      0x00040010         (0, 1, 0)      [12] [SW]
    410     0x0000FE00       0xFFFFFF80      0x00000021         (0, 0, 15)      [] [E, S]
    411     0x0001D300       0xFFFFFF80      0x00080001         (0, 1, 10)      [13] [E]
    412     0x0000E200       0xFFFFFF80      0x00000008         (0, 0, 12)      [] [W]
    413     0x00003400       0xFFFFFF80      0x00000002         (0, 0, 6)      [] [NE]
    414     0x00009800       0xFFFFFF80      0x0000200C         (0, 0, 3)      [7] [N, W]
    415     0x00011400       0xFFFFFF80      0x00040008         (0, 1, 2)      [12] [W]
    416     0x00022B80       0xFFFFFF80      0x00040010         (0, 2, 5)      [12] [SW]
    417     0x0000CC80       0xFFFFFF80      0x00000408         (0, 0, 9)      [4] [W]
    418     0x0001CA80       0xFFFFFF80      0x00008000         (0, 1, 9)      [9] []
    419     0x00007880       0xFFFFFF80      0x00000001         (0, 0, 15)      [] [E]
    420     0x00010A80       0xFFFFFF80      0x00000021         (0, 1, 1)      [] [E, S]
    421     0x0000DD80       0xFFFFFF80      0x00020008         (0, 0, 11)      [11] [W]
    422     0x00022C00       0xFFFFFF80      0x00080018         (0, 2, 5)      [13] [W, SW]
    423     0x0001E880       0xFFFFFF80      0x00100008         (0, 1, 13)      [14] [W]
    424     0x00009380       0xFFFFFF80      0x0000000E         (0, 0, 2)      [] [NE, N, W]
    425     0x00014C80       0xFFFFFF80      0x00800020         (0, 1, 9)      [17] [S]
    426     0x00008B00       0xFFFFFF80      0x00004008         (0, 0, 1)      [8] [W]
    427     0x0001DE00       0xFFFFFF80      0x00040000         (0, 1, 11)      [12] []
    428     0x00013800       0xFFFFFF80      0x00000208         (0, 1, 7)      [3] [W]
    429     0x0001C600       0xFFFFFF80      0x00100000         (0, 1, 8)      [14] []
    430     0x00016080       0xFFFFFF80      0x00001018         (0, 1, 12)      [6] [W, SW]
    431     0x00017880       0xFFFFFF80      0x00002008         (0, 1, 15)      [7] [W]
    432     0x00010E00       0xFFFFFF80      0x00000008         (0, 1, 1)      [] [W]
    433     0x0000C280       0xFFFFFF80      0x00020001         (0, 0, 8)      [11] [E]
    434     0x00042000       0xFFFFFF00      0x00008000         (0, 4, 4)      [9] []
    435     0x0000EC80       0xFFFFFF80      0x00300008         (0, 0, 13)      [14, 15] [W]
    436     0x00010480       0xFFFFFF80      0x00006021         (0, 1, 0)      [8, 7] [E, S]
    437     0x00019080       0xFFFFFF80      0x00040010         (0, 1, 2)      [12] [SW]
    438     0x0000C680       0xFFFFFF80      0x00000001         (0, 0, 8)      [] [E]
    439     0x00003780       0xFFFFFF80      0x00000202         (0, 0, 6)      [3] [NE]
    440     0x0001CB80       0xFFFFFF80      0x00020001         (0, 1, 9)      [11] [E]
    441     0x00012180       0xFFFFFF80      0x00040008         (0, 1, 4)      [12] [W]
    442     0x00022780       0xFFFFFF80      0x00000410         (0, 2, 4)      [4] [SW]
    443     0x0000AC80       0xFFFFFF80      0x00000008         (0, 0, 5)      [] [W]
    444     0x0000E680       0xFFFFFF80      0x00000308         (0, 0, 12)      [2, 3] [W]
    445     0x00005D00       0xFFFFFF80      0x00000002         (0, 0, 11)      [] [NE]
    446     0x00008A00       0xFFFFFF80      0x0000100A         (0, 0, 1)      [6] [NE, W]
    447     0x00016C80       0xFFFFFF80      0x00001008         (0, 1, 13)      [6] [W]
    448     0x00011980       0xFFFFFF80      0x00000008         (0, 1, 3)      [] [W]
    449     0x0000A100       0xFFFFFF80      0x0000000E         (0, 0, 4)      [] [NE, N, W]
    450     0x00016E00       0xFFFFFF80      0x00008008         (0, 1, 13)      [9] [W]
    451     0x00019280       0xFFFFFF80      0x00400010         (0, 1, 2)      [16] [SW]
    452     0x00013D00       0xFFFFFF80      0x00080008         (0, 1, 7)      [13] [W]
    453     0x00006E00       0xFFFFFF80      0x00000403         (0, 0, 13)      [4] [E, NE]
    454     0x00015280       0xFFFFFF80      0x00000220         (0, 1, 10)      [3] [S]
    455     0x0001CC80       0xFFFFFF80      0x00080001         (0, 1, 9)      [13] [E]
    456     0x00009180       0xFFFFFF80      0x00000008         (0, 0, 2)      [] [W]
    457     0x00017580       0xFFFFFF80      0x00000088         (0, 1, 14)      [1] [W]
    458     0x00022600       0xFFFFFF80      0x00000080         (0, 2, 4)      [1] []
    459     0x0001EE80       0xFFFFFF80      0x00000008         (0, 1, 13)      [] [W]
    460     0x00019700       0xFFFFFF80      0x00000800         (0, 1, 2)      [5] []
    461     0x00017700       0xFFFFFF80      0x00000408         (0, 1, 14)      [4] [W]
    462     0x00007B80       0xFFFFFF80      0x00000401         (0, 0, 15)      [4] [E]
    463     0x0000F680       0xFFFFFF80      0x00FFFFBF         (0, 0, 14)      [1, 2, 3, 4, 5, 6, 7, 8, 9, 10, 11, 12, 13, 14, 15, 16, 17] [E, NE, N, W, SW, S]
    464     0x00018100       0xFFFFFF80      0x00000108         (0, 1, 0)      [2] [W]
    465     0x00016980       0xFFFFFF80      0x00000008         (0, 1, 13)      [] [W]
    466     0x00007780       0xFFFFFF80      0x00000001         (0, 0, 14)      [] [E]
    467     0x00041900       0xFFFFFF00      0x00000100         (0, 4, 3)      [2] []
    468     0x0001A100       0xFFFFFF80      0x00001000         (0, 1, 4)      [6] []
    469     0x00018E00       0xFFFFFF80      0x00002030         (0, 1, 1)      [7] [SW, S]
    470     0x00004F80       0xFFFFFF80      0x00000002         (0, 0, 9)      [] [NE]
    471     0x00012300       0xFFFFFF80      0x00200008         (0, 1, 4)      [15] [W]
    472     0x0000FF80       0xFFFFFF80      0x00000021         (0, 0, 15)      [] [E, S]
    473     0x00021F00       0xFFFFFF80      0x00000010         (0, 2, 3)      [] [SW]
    474     0x00018F00       0xFFFFFF80      0x00008030         (0, 1, 1)      [9] [SW, S]
    475     0x00014C00       0xFFFFFF80      0x00400020         (0, 1, 9)      [16] [S]
    476     0x00042700       0xFFFFFF00      0x00400000         (0, 4, 4)      [16] []
    477     0x0001C980       0xFFFFFF80      0x00000001         (0, 1, 9)      [] [E]
    478     0x00017D00       0xFFFFFF80      0x00400008         (0, 1, 15)      [16] [W]
    479     0x00003600       0xFFFFFF80      0x00000002         (0, 0, 6)      [] [NE]
    480     0x00018C80       0xFFFFFF80      0x00000430         (0, 1, 1)      [4] [SW, S]
    481     0x0000A500       0xFFFFFF80      0x0000100E         (0, 0, 4)      [6] [NE, N, W]
    482     0x0000C980       0xFFFFFF80      0x00000001         (0, 0, 9)      [] [E]
    483     0x00013400       0xFFFFFF80      0x00000008         (0, 1, 6)      [] [W]
    484     0x00018280       0xFFFFFF80      0x00000808         (0, 1, 0)      [5] [W]
    485     0x00010D00       0xFFFFFF80      0x00000008         (0, 1, 1)      [] [W]
    486     0x00017100       0xFFFFFF80      0x00200008         (0, 1, 14)      [15] [W]
    487     0x00018880       0xFFFFFF80      0x00800000         (0, 1, 1)      [17] []
    488     0x0000FD00       0xFFFFFF80      0x00000021         (0, 0, 15)      [] [E, S]
    489     0x0001DF80       0xFFFFFF80      0x00200000         (0, 1, 11)      [15] []
    490     0x0000E980       0xFFFFFF80      0x0000C008         (0, 0, 13)      [8, 9] [W]
    491     0x00015F00       0xFFFFFF80      0x00000218         (0, 1, 11)      [3] [W, SW]
    492     0x00014D80       0xFFFFFF80      0x00000030         (0, 1, 9)      [] [SW, S]
    493     0x00014F00       0xFFFFFF80      0x00000030         (0, 1, 9)      [] [SW, S]
    494     0x00008400       0xFFFFFF80      0x00000001         (0, 0, 0)      [] [E]
    495     0x00006100       0xFFFFFF80      0x00000802         (0, 0, 12)      [5] [NE]
    496     0x00011300       0xFFFFFF80      0x00010008         (0, 1, 2)      [10] [W]
    497     0x00006A80       0xFFFFFF80      0x00000002         (0, 0, 13)      [] [NE]
    498     0x0001B280       0xFFFFFF80      0x00001000         (0, 1, 6)      [6] []
    499     0x0001D900       0xFFFFFF80      0x00080000         (0, 1, 11)      [13] []
    500     0x00016C00       0xFFFFFF80      0x00000808         (0, 1, 13)      [5] [W]
    501     0x00015B80       0xFFFFFF80      0x00000010         (0, 1, 11)      [] [SW]
    502     0x00010C00       0xFFFFFF80      0x00000021         (0, 1, 1)      [] [E, S]
    503     0x0000B380       0xFFFFFF80      0x00004002         (0, 0, 6)      [8] [NE]
    504     0x00017A80       0xFFFFFF80      0x00020008         (0, 1, 15)      [11] [W]
    505     0x0000F780       0xFFFFFF80      0x00FFFFBF         (0, 0, 14)      [1, 2, 3, 4, 5, 6, 7, 8, 9, 10, 11, 12, 13, 14, 15, 16, 17] [E, NE, N, W, SW, S]
    506     0x0000E380       0xFFFFFF80      0x00000008         (0, 0, 12)      [] [W]
    507     0x00016380       0xFFFFFF80      0x00040008         (0, 1, 12)      [12] [W]
    508     0x0000C600       0xFFFFFF80      0x00000001         (0, 0, 8)      [] [E]
    509     0x0001CE80       0xFFFFFF80      0x00800001         (0, 1, 9)      [17] [E]
    510     0x00030C00       0xFFFFFF00      0x00000010         (0, 3, 1)      [] [SW]
    511     0x00042300       0xFFFFFF00      0x00040000         (0, 4, 4)      [12] []
    512     0x0001DE80       0xFFFFFF80      0x00080000         (0, 1, 11)      [13] []
    513     0x00011800       0xFFFFFF80      0x00000008         (0, 1, 3)      [] [W]
    514     0x00016300       0xFFFFFF80      0x00020008         (0, 1, 12)      [11] [W]
    515     0x00012700       0xFFFFFF80      0x00000008         (0, 1, 4)      [] [W]
    516     0x00002880       0xFFFFFF80      0x00000002         (0, 0, 5)      [] [NE]
    517     0x00008780       0xFFFFFF80      0x0000008A         (0, 0, 0)      [1] [NE, W]
    518     0x0001D200       0xFFFFFF80      0x00020001         (0, 1, 10)      [11] [E]
    519     0x00022900       0xFFFFFF80      0x00002010         (0, 2, 5)      [7] [SW]
    520     0x00019C80       0xFFFFFF80      0x00400000         (0, 1, 3)      [16] []
    521     0x00012C00       0xFFFFFF80      0x00001008         (0, 1, 5)      [6] [W]
    522     0x00015F80       0xFFFFFF80      0x00000418         (0, 1, 11)      [4] [W, SW]
    523     0x00011600       0xFFFFFF80      0x00400008         (0, 1, 2)      [16] [W]
    524     0x00013700       0xFFFFFF80      0x00000088         (0, 1, 6)      [1] [W]
    525     0x00002800       0xFFFFFF80      0x00000002         (0, 0, 5)      [] [NE]
    526     0x0000BA00       0xFFFFFF80      0x00000001         (0, 0, 7)      [] [E]
    527     0x00012280       0xFFFFFF80      0x00100008         (0, 1, 4)      [14] [W]
    528     0x00014000       0xFFFFFF80      0x00000010         (0, 1, 8)      [] [SW]
    529     0x00017080       0xFFFFFF80      0x00100008         (0, 1, 14)      [14] [W]
    530     0x0000E780       0xFFFFFF80      0x00000C08         (0, 0, 12)      [4, 5] [W]
    531     0x00008580       0xFFFFFF80      0x00000001         (0, 0, 0)      [] [E]
    532     0x00019A80       0xFFFFFF80      0x00040001         (0, 1, 3)      [12] [E]
    533     0x00017C80       0xFFFFFF80      0x00200008         (0, 1, 15)      [15] [W]
    534     0x00022700       0xFFFFFF80      0x00000210         (0, 2, 4)      [3] [SW]
    535     0x00013C80       0xFFFFFF80      0x00040008         (0, 1, 7)      [12] [W]
    536     0x00014500       0xFFFFFF80      0x00000118         (0, 1, 8)      [2] [W, SW]
    537     0x0000D880       0xFFFFFF80      0x00000088         (0, 0, 11)      [1] [W]
    538     0x00006B00       0xFFFFFF80      0x00000002         (0, 0, 13)      [] [NE]
    539     0x00017180       0xFFFFFF80      0x00400008         (0, 1, 14)      [16] [W]
    540     0x00003480       0xFFFFFF80      0x00000002         (0, 0, 6)      [] [NE]
    541     0x00011A80       0xFFFFFF80      0x00000008         (0, 1, 3)      [] [W]
    542     0x00011C80       0xFFFFFF80      0x00000108         (0, 1, 3)      [2] [W]
    543     0x00013E00       0xFFFFFF80      0x00200008         (0, 1, 7)      [15] [W]
    544     0x00005100       0xFFFFFF80      0x00000002         (0, 0, 10)      [] [NE]
    545     0x0001D800       0xFFFFFF80      0x00020000         (0, 1, 11)      [11] []
    546     0x00001A80       0xFFFFFF80      0x00000003         (0, 0, 3)      [] [E, NE]
    547     0x00012F00       0xFFFFFF80      0x00040008         (0, 1, 5)      [12] [W]
    548     0x00011F00       0xFFFFFF80      0x00002008         (0, 1, 3)      [7] [W]
    549     0x0001ED00       0xFFFFFF80      0x00200008         (0, 1, 13)      [15] [W]
    550     0x0000A300       0xFFFFFF80      0x0000010E         (0, 0, 4)      [2] [NE, N, W]
    551     0x00022680       0xFFFFFF80      0x00000110         (0, 2, 4)      [2] [SW]
    552     0x00000B80       0xFFFFFF80      0x00000002         (0, 0, 1)      [] [NE]
    553     0x00012600       0xFFFFFF80      0x00000008         (0, 1, 4)      [] [W]
    554     0x0000AF00       0xFFFFFF80      0x0000000E         (0, 0, 5)      [] [NE, N, W]
    555     0x00015000       0xFFFFFF80      0x00000020         (0, 1, 10)      [] [S]
    556     0x0001E400       0xFFFFFF80      0x00100000         (0, 1, 12)      [14] []
    557     0x00016D00       0xFFFFFF80      0x00002008         (0, 1, 13)      [7] [W]
    558     0x00017280       0xFFFFFF80      0x00000008         (0, 1, 14)      [] [W]
    559     0x0001CE00       0xFFFFFF80      0x00400001         (0, 1, 9)      [16] [E]
    560     0x0000B500       0xFFFFFF80      0x00020003         (0, 0, 6)      [11] [E, NE]
    561     0x0001BD00       0xFFFFFF80      0x00020000         (0, 1, 7)      [11] []
    562     0x00022800       0xFFFFFF80      0x00000810         (0, 2, 5)      [5] [SW]
    563     0x00010180       0xFFFFFF80      0x000001A1         (0, 1, 0)      [1, 2] [E, S]
    564     0x0000BC00       0xFFFFFF80      0x00000001         (0, 0, 7)      [] [E]
    565     0x0001C900       0xFFFFFF80      0x00000001         (0, 1, 9)      [] [E]
    566     0x00015080       0xFFFFFF80      0x00000020         (0, 1, 10)      [] [S]
    567     0x0001E580       0xFFFFFF80      0x00800000         (0, 1, 12)      [17] []
    568     0x00015A80       0xFFFFFF80      0x00000010         (0, 1, 11)      [] [SW]
    569     0x00011280       0xFFFFFF80      0x00008008         (0, 1, 2)      [9] [W]
    570     0x00004280       0xFFFFFF80      0x00000003         (0, 0, 8)      [] [E, NE]
    571     0x0001D500       0xFFFFFF80      0x00800000         (0, 1, 10)      [17] []
    572     0x0000E400       0xFFFFFF80      0x00000008         (0, 0, 12)      [] [W]
    573     0x0000DE80       0xFFFFFF80      0x00080008         (0, 0, 11)      [13] [W]
    574     0x00014B80       0xFFFFFF80      0x00200010         (0, 1, 9)      [15] [SW]
    575     0x00017780       0xFFFFFF80      0x00000808         (0, 1, 14)      [5] [W]
    576     0x00017680       0xFFFFFF80      0x00000208         (0, 1, 14)      [3] [W]
    577     0x0001DB00       0xFFFFFF80      0x00800000         (0, 1, 11)      [17] []
    578     0x00019380       0xFFFFFF80      0x00000010         (0, 1, 2)      [] [SW]
    579     0x0000C880       0xFFFFFF80      0x00000001         (0, 0, 9)      [] [E]
    580     0x00016500       0xFFFFFF80      0x00200008         (0, 1, 12)      [15] [W]
    581     0x00014F80       0xFFFFFF80      0x00000030         (0, 1, 9)      [] [SW, S]
    582     0x00014600       0xFFFFFF80      0x00000418         (0, 1, 8)      [4] [W, SW]
    583     0x00016000       0xFFFFFF80      0x00000818         (0, 1, 12)      [5] [W, SW]
    584     0x0001B480       0xFFFFFF80      0x00010000         (0, 1, 6)      [10] []
    585     0x00013900       0xFFFFFF80      0x00000808         (0, 1, 7)      [5] [W]
    586     0x00008980       0xFFFFFF80      0x0000080A         (0, 0, 1)      [5] [NE, W]
    587     0x00006080       0xFFFFFF80      0x00000402         (0, 0, 12)      [4] [NE]
    588     0x00018580       0xFFFFFF80      0x00020010         (0, 1, 0)      [11] [SW]
    589     0x00006C80       0xFFFFFF80      0x00000082         (0, 0, 13)      [1] [NE]
    590     0x0001AB00       0xFFFFFF80      0x00004000         (0, 1, 5)      [8] []
    591     0x00022100       0xFFFFFF80      0x00000010         (0, 2, 4)      [] [SW]
    592     0x0001C300       0xFFFFFF80      0x00004000         (0, 1, 8)      [8] []
    593     0x00011880       0xFFFFFF80      0x00000008         (0, 1, 3)      [] [W]
    594     0x0000DA00       0xFFFFFF80      0x00000408         (0, 0, 11)      [4] [W]
    595     0x0001B500       0xFFFFFF80      0x00020000         (0, 1, 6)      [11] []
    596     0x00004080       0xFFFFFF80      0x00000001         (0, 0, 8)      [] [E]
    597     0x00019600       0xFFFFFF80      0x00000200         (0, 1, 2)      [3] []
    598     0x0000FD80       0xFFFFFF80      0x00000021         (0, 0, 15)      [] [E, S]
    599     0x0001DA80       0xFFFFFF80      0x00400000         (0, 1, 11)      [16] []
    600     0x0000F000       0xFFFFFF80      0x00FFFF88         (0, 0, 14)      [1, 2, 3, 4, 5, 6, 7, 8, 9, 10, 11, 12, 13, 14, 15, 16, 17] [W]
    601     0x00014E00       0xFFFFFF80      0x00000030         (0, 1, 9)      [] [SW, S]
    602     0x00042600       0xFFFFFF00      0x00200000         (0, 4, 4)      [15] []
    603     0x0001A080       0xFFFFFF80      0x00000800         (0, 1, 4)      [5] []
    604     0x0000E480       0xFFFFFF80      0x00000008         (0, 0, 12)      [] [W]
    605     0x00012E00       0xFFFFFF80      0x00010008         (0, 1, 5)      [10] [W]
    606     0x0001AD80       0xFFFFFF80      0x00080000         (0, 1, 5)      [13] []
    607     0x00018B80       0xFFFFFF80      0x00000130         (0, 1, 1)      [2] [SW, S]
    608     0x0000D080       0xFFFFFF80      0x00040008         (0, 0, 10)      [12] [W]
    609     0x00017000       0xFFFFFF80      0x00080008         (0, 1, 14)      [13] [W]
    610     0x00011B80       0xFFFFFF80      0x00000008         (0, 1, 3)      [] [W]
    611     0x00012000       0xFFFFFF80      0x00008008         (0, 1, 4)      [9] [W]
    612     0x0000F280       0xFFFFFF80      0x00FFFF88         (0, 0, 14)      [1, 2, 3, 4, 5, 6, 7, 8, 9, 10, 11, 12, 13, 14, 15, 16, 17] [W]
    613     0x00011E00       0xFFFFFF80      0x00000808         (0, 1, 3)      [5] [W]
    614     0x00006D00       0xFFFFFF80      0x00000103         (0, 0, 13)      [2] [E, NE]
    615     0x00010B00       0xFFFFFF80      0x00000021         (0, 1, 1)      [] [E, S]
    616     0x00014180       0xFFFFFF80      0x00000010         (0, 1, 8)      [] [SW]
    617     0x0001BE80       0xFFFFFF80      0x00100000         (0, 1, 7)      [14] []
    618     0x00013E80       0xFFFFFF80      0x00400008         (0, 1, 7)      [16] [W]
    619     0x00009F80       0xFFFFFF80      0x00000008         (0, 0, 3)      [] [W]
    620     0x0000D900       0xFFFFFF80      0x00000108         (0, 0, 11)      [2] [W]
    621     0x00011380       0xFFFFFF80      0x00020008         (0, 1, 2)      [11] [W]
    622     0x00013500       0xFFFFFF80      0x00000008         (0, 1, 6)      [] [W]
    623     0x0000D480       0xFFFFFF80      0x00000008         (0, 0, 10)      [] [W]
    624     0x00022E00       0xFFFFFF80      0x00800008         (0, 2, 5)      [17] [W]
    625     0x00015800       0xFFFFFF80      0x00100000         (0, 1, 11)      [14] []
    626     0x00042200       0xFFFFFF00      0x00020000         (0, 4, 4)      [11] []
    627     0x00016B00       0xFFFFFF80      0x00000208         (0, 1, 13)      [3] [W]
    628     0x00014900       0xFFFFFF80      0x00010030         (0, 1, 9)      [10] [SW, S]
    629     0x00010F80       0xFFFFFF80      0x00000208         (0, 1, 1)      [3] [W]
    630     0x0001B580       0xFFFFFF80      0x00040000         (0, 1, 6)      [12] []
    631     0x0001A480       0xFFFFFF80      0x00080000         (0, 1, 4)      [13] []
    632     0x00005000       0xFFFFFF80      0x00000002         (0, 0, 10)      [] [NE]
    633     0x0000B000       0xFFFFFF80      0x0000008E         (0, 0, 6)      [1] [NE, N, W]
    634     0x0001A400       0xFFFFFF80      0x00040000         (0, 1, 4)      [12] []
    635     0x00010280       0xFFFFFF80      0x00000621         (0, 1, 0)      [3, 4] [E, S]
    636     0x00019C00       0xFFFFFF80      0x00200001         (0, 1, 3)      [15] [E]
    637     0x0000E580       0xFFFFFF80      0x00000088         (0, 0, 12)      [1] [W]
    638     0x0000FA00       0xFFFFFF80      0x00FFFF9F         (0, 0, 15)      [1, 2, 3, 4, 5, 6, 7, 8, 9, 10, 11, 12, 13, 14, 15, 16, 17] [E, NE, N, W, SW]
    639     0x0000DB80       0xFFFFFF80      0x00002008         (0, 0, 11)      [7] [W]
    640     0x00008480       0xFFFFFF80      0x00000001         (0, 0, 0)      [] [E]
    641     0x0001CD00       0xFFFFFF80      0x00100001         (0, 1, 9)      [14] [E]
    642     0x0001D480       0xFFFFFF80      0x00400001         (0, 1, 10)      [16] [E]
    643     0x00011000       0xFFFFFF80      0x00000408         (0, 1, 2)      [4] [W]
    644     0x00012380       0xFFFFFF80      0x00400008         (0, 1, 4)      [16] [W]
    645     0x00015C00       0xFFFFFF80      0x00000010         (0, 1, 11)      [] [SW]
    646     0x0000CA00       0xFFFFFF80      0x00000008         (0, 0, 9)      [] [W]
    647     0x00012100       0xFFFFFF80      0x00020008         (0, 1, 4)      [11] [W]
    648     0x0000BA80       0xFFFFFF80      0x00000001         (0, 0, 7)      [] [E]
    649     0x00031000       0xFFFFFF00      0x00000010         (0, 3, 2)      [] [SW]
    650     0x00022A00       0xFFFFFF80      0x00008010         (0, 2, 5)      [9] [SW]
    651     0x00001B80       0xFFFFFF80      0x00000083         (0, 0, 3)      [1] [E, NE]
    652     0x00007580       0xFFFFFF80      0x00000001         (0, 0, 14)      [] [E]
    653     0x00042500       0xFFFFFF00      0x00100000         (0, 4, 4)      [14] []
    654     0x00015B00       0xFFFFFF80      0x00000010         (0, 1, 11)      [] [SW]
    655     0x00018500       0xFFFFFF80      0x00010010         (0, 1, 0)      [10] [SW]
    656     0x00012B80       0xFFFFFF80      0x00000808         (0, 1, 5)      [5] [W]
    657     0x00010D80       0xFFFFFF80      0x00000008         (0, 1, 1)      [] [W]
    658     0x0001BC80       0xFFFFFF80      0x00010000         (0, 1, 7)      [10] []
    659     0x00005200       0xFFFFFF80      0x00000102         (0, 0, 10)      [2] [NE]
    660     0x0000C700       0xFFFFFF80      0x00000001         (0, 0, 8)      [] [E]
    661     0x00002680       0xFFFFFF80      0x00000002         (0, 0, 4)      [] [NE]
    662     0x0000BB00       0xFFFFFF80      0x00000001         (0, 0, 7)      [] [E]
    663     0x0000A000       0xFFFFFF80      0x0000000A         (0, 0, 4)      [] [NE, W]
    664     0x0001D880       0xFFFFFF80      0x00040000         (0, 1, 11)      [12] []
    665     0x00007980       0xFFFFFF80      0x00000001         (0, 0, 15)      [] [E]
    666     0x0001F480       0xFFFFFF80      0x00800008         (0, 1, 14)      [17] [W]
    667     0x0000D980       0xFFFFFF80      0x00000208         (0, 0, 11)      [3] [W]
    668     0x0000E880       0xFFFFFF80      0x00003008         (0, 0, 13)      [6, 7] [W]
    669     0x0001B700       0xFFFFFF80      0x00200000         (0, 1, 6)      [15] []
    670     0x00015200       0xFFFFFF80      0x00000120         (0, 1, 10)      [2] [S]
    671     0x0000A200       0xFFFFFF80      0x0000000E         (0, 0, 4)      [] [NE, N, W]
    672     0x0001C680       0xFFFFFF80      0x00200000         (0, 1, 8)      [15] []
    673     0x0000F800       0xFFFFFF80      0x00FFFFBF         (0, 0, 15)      [1, 2, 3, 4, 5, 6, 7, 8, 9, 10, 11, 12, 13, 14, 15, 16, 17] [E, NE, N, W, SW, S]
    674     0x00013980       0xFFFFFF80      0x00001008         (0, 1, 7)      [6] [W]
    675     0x0000E100       0xFFFFFF80      0x00000008         (0, 0, 12)      [] [W]
    676     0x00016580       0xFFFFFF80      0x00400008         (0, 1, 12)      [16] [W]
    677     0x0001DA00       0xFFFFFF80      0x00200000         (0, 1, 11)      [15] []
    678     0x00013880       0xFFFFFF80      0x00000408         (0, 1, 7)      [4] [W]
    679     0x0001A980       0xFFFFFF80      0x00000800         (0, 1, 5)      [5] []
    680     0x00015180       0xFFFFFF80      0x000000A0         (0, 1, 10)      [1] [S]
    681     0x00013B80       0xFFFFFF80      0x00010008         (0, 1, 7)      [10] [W]
    682     0x0001B380       0xFFFFFF80      0x00004000         (0, 1, 6)      [8] []
    683     0x00017800       0xFFFFFF80      0x00001008         (0, 1, 15)      [6] [W]
    684     0x0000C300       0xFFFFFF80      0x00040001         (0, 0, 8)      [12] [E]
    685     0x00005F00       0xFFFFFF80      0x00000082         (0, 0, 11)      [1] [NE]
    686     0x0000FB80       0xFFFFFF80      0x00FFFFBF         (0, 0, 15)      [1, 2, 3, 4, 5, 6, 7, 8, 9, 10, 11, 12, 13, 14, 15, 16, 17] [E, NE, N, W, SW, S]
    687     0x00008200       0xFFFFFF80      0x00000001         (0, 0, 0)      [] [E]
    688     0x00041B00       0xFFFFFF00      0x00000400         (0, 4, 3)      [4] []
    689     0x0000D700       0xFFFFFF80      0x00000008         (0, 0, 10)      [] [W]
    690     0x00009700       0xFFFFFF80      0x0000080E         (0, 0, 2)      [5] [NE, N, W]
    691     0x0001D180       0xFFFFFF80      0x00010000         (0, 1, 10)      [10] []
    692     0x0000F500       0xFFFFFF80      0x00FFFFBF         (0, 0, 14)      [1, 2, 3, 4, 5, 6, 7, 8, 9, 10, 11, 12, 13, 14, 15, 16, 17] [E, NE, N, W, SW, S]
    693     0x00011B00       0xFFFFFF80      0x00000008         (0, 1, 3)      [] [W]
    694     0x00003700       0xFFFFFF80      0x00000102         (0, 0, 6)      [2] [NE]
    695     0x0000A180       0xFFFFFF80      0x0000000E         (0, 0, 4)      [] [NE, N, W]
    696     0x00013600       0xFFFFFF80      0x00000008         (0, 1, 6)      [] [W]
    697     0x00014D00       0xFFFFFF80      0x00000020         (0, 1, 9)      [] [S]
    698     0x0000E700       0xFFFFFF80      0x00000608         (0, 0, 12)      [3, 4] [W]
    699     0x0001BF80       0xFFFFFF80      0x00400000         (0, 1, 7)      [16] []
    700     0x00017980       0xFFFFFF80      0x00008008         (0, 1, 15)      [9] [W]
    701     0x00010600       0xFFFFFF80      0x00030021         (0, 1, 0)      [10, 11] [E, S]
    702     0x00016A80       0xFFFFFF80      0x00000108         (0, 1, 13)      [2] [W]
    703     0x0000EB00       0xFFFFFF80      0x00060008         (0, 0, 13)      [11, 12] [W]
    704     0x00009980       0xFFFFFF80      0x0001000C         (0, 0, 3)      [10] [N, W]
    705     0x00007B00       0xFFFFFF80      0x00000201         (0, 0, 15)      [3] [E]
    706     0x00007800       0xFFFFFF80      0x00000001         (0, 0, 15)      [] [E]
    707     0x0001C500       0xFFFFFF80      0x00040000         (0, 1, 8)      [12] []
    708     0x00016200       0xFFFFFF80      0x00008008         (0, 1, 12)      [9] [W]
    709     0x00004000       0xFFFFFF80      0x00000001         (0, 0, 8)      [] [E]
    710     0x0000BC80       0xFFFFFF80      0x00000001         (0, 0, 7)      [] [E]
    711     0x00022E80       0xFFFFFF80      0x00000008         (0, 2, 5)      [] [W]
    712     0x00015400       0xFFFFFF80      0x00001020         (0, 1, 10)      [6] [S]
    713     0x00015E80       0xFFFFFF80      0x00000118         (0, 1, 11)      [2] [W, SW]
    714     0x00006B80       0xFFFFFF80      0x00000002         (0, 0, 13)      [] [NE]
    715     0x0000DF80       0xFFFFFF80      0x00200008         (0, 0, 11)      [15] [W]
    716     0x00019B80       0xFFFFFF80      0x00100001         (0, 1, 3)      [14] [E]
    717     0x00022A80       0xFFFFFF80      0x00010010         (0, 2, 5)      [10] [SW]
    718     0x00017B00       0xFFFFFF80      0x00040008         (0, 1, 15)      [12] [W]
    719     0x00012780       0xFFFFFF80      0x00000008         (0, 1, 4)      [] [W]
    720     0x0000B080       0xFFFFFF80      0x00000103         (0, 0, 6)      [2] [E, NE]
    721     0x0000CE80       0xFFFFFF80      0x00004008         (0, 0, 9)      [8] [W]
    722     0x0000AE80       0xFFFFFF80      0x0000000E         (0, 0, 5)      [] [NE, N, W]
    723     0x00011180       0xFFFFFF80      0x00002008         (0, 1, 2)      [7] [W]
    724     0x00010880       0xFFFFFF80      0x00600001         (0, 1, 1)      [16, 15] [E]
    725     0x00016680       0xFFFFFF80      0x00000008         (0, 1, 12)      [] [W]
    726     0x0001A700       0xFFFFFF80      0x00000001         (0, 1, 4)      [] [E]
    727     0x00009280       0xFFFFFF80      0x0000000A         (0, 0, 2)      [] [NE, W]
    728     0x0000B800       0xFFFFFF80      0x00000001         (0, 0, 7)      [] [E]
    729     0x00009580       0xFFFFFF80      0x0000010E         (0, 0, 2)      [2] [NE, N, W]
    730     0x00003680       0xFFFFFF80      0x00000082         (0, 0, 6)      [1] [NE]
    731     0x0000CB80       0xFFFFFF80      0x00000108         (0, 0, 9)      [2] [W]
    732     0x0001AD00       0xFFFFFF80      0x00040001         (0, 1, 5)      [12] [E]
    733     0x00019800       0xFFFFFF80      0x00002000         (0, 1, 3)      [7] []
    734     0x00007500       0xFFFFFF80      0x00000001         (0, 0, 14)      [] [E]
    735     0x00007A80       0xFFFFFF80      0x00000101         (0, 0, 15)      [2] [E]
    736     0x00016900       0xFFFFFF80      0x00000008         (0, 1, 13)      [] [W]
    737     0x0000D500       0xFFFFFF80      0x00000008         (0, 0, 10)      [] [W]
    738     0x00009080       0xFFFFFF80      0x00000008         (0, 0, 2)      [] [W]
    739     0x00013F00       0xFFFFFF80      0x00800008         (0, 1, 7)      [17] [W]
    740     0x0000F580       0xFFFFFF80      0x00FFFFBF         (0, 0, 14)      [1, 2, 3, 4, 5, 6, 7, 8, 9, 10, 11, 12, 13, 14, 15, 16, 17] [E, NE, N, W, SW, S]
    741     0x00013780       0xFFFFFF80      0x00000108         (0, 1, 6)      [2] [W]
    742     0x00006E80       0xFFFFFF80      0x00000803         (0, 0, 13)      [5] [E, NE]
    743     0x0000CD80       0xFFFFFF80      0x00001008         (0, 0, 9)      [6] [W]
    744     0x0001BB80       0xFFFFFF80      0x00004000         (0, 1, 7)      [8] []
    745     0x00018400       0xFFFFFF80      0x00004010         (0, 1, 0)      [8] [SW]
    746     0x00009780       0xFFFFFF80      0x0000100E         (0, 0, 2)      [6] [NE, N, W]
    747     0x00022880       0xFFFFFF80      0x00001010         (0, 2, 5)      [6] [SW]
    748     0x0000A780       0xFFFFFF80      0x0002000C         (0, 0, 4)      [11] [N, W]
    749     0x00013A00       0xFFFFFF80      0x00002008         (0, 1, 7)      [7] [W]
    750     0x0000EA00       0xFFFFFF80      0x00018008         (0, 0, 13)      [9, 10] [W]
    751     0x0001A800       0xFFFFFF80      0x00000001         (0, 1, 5)      [] [E]
    752     0x0001EA80       0xFFFFFF80      0x00000008         (0, 1, 13)      [] [W]
    753     0x00017C00       0xFFFFFF80      0x00100008         (0, 1, 15)      [14] [W]
    754     0x0000F380       0xFFFFFF80      0x00FFFFBF         (0, 0, 14)      [1, 2, 3, 4, 5, 6, 7, 8, 9, 10, 11, 12, 13, 14, 15, 16, 17] [E, NE, N, W, SW, S]
    755     0x00018700       0xFFFFFF80      0x00100000         (0, 1, 0)      [14] []
    756     0x00022000       0xFFFFFF80      0x00000010         (0, 2, 4)      [] [SW]
    757     0x00002900       0xFFFFFF80      0x00000082         (0, 0, 5)      [1] [NE]
    758     0x0000B100       0xFFFFFF80      0x00000203         (0, 0, 6)      [3] [E, NE]
    759     0x0001B300       0xFFFFFF80      0x00002000         (0, 1, 6)      [7] []
    760     0x00018780       0xFFFFFF80      0x00200000         (0, 1, 0)      [15] []
    761     0x0001AC00       0xFFFFFF80      0x00010000         (0, 1, 5)      [10] []
    762     0x0001A680       0xFFFFFF80      0x00800001         (0, 1, 4)      [17] [E]
    763     0x0000C180       0xFFFFFF80      0x00008000         (0, 0, 8)      [9] []
    764     0x00022980       0xFFFFFF80      0x00004010         (0, 2, 5)      [8] [SW]
    765     0x0001CB00       0xFFFFFF80      0x00010000         (0, 1, 9)      [10] []
    766     0x00010100       0xFFFFFF80      0x000000A1         (0, 1, 0)      [1] [E, S]
    767     0x00005F80       0xFFFFFF80      0x00000102         (0, 0, 11)      [2] [NE]
    768     0x0000D180       0xFFFFFF80      0x00100008         (0, 0, 10)      [14] [W]
    769     0x00015900       0xFFFFFF80      0x00400018         (0, 1, 11)      [16] [W, SW]
