router contains 101 entries 
 
  Index   Key(hex)    Mask(hex)    Route(hex)    Src. Core -> [Cores][Links]
------------------------------------------------------------------------------
    0     0x0002F300       0xFFFFFF00      0x00000004         (0, 2, 14)      [] [N]
    1     0x00022780       0xFFFFFF80      0x00000020         (0, 2, 4)      [] [S]
    2     0x00028F00       0xFFFFFF00      0x00000004         (0, 2, 1)      [] [N]
    3     0x00035100       0xFFFFFF00      0x00000002         (0, 3, 10)      [] [NE]
    4     0x0002EB00       0xFFFFFF00      0x00000004         (0, 2, 13)      [] [N]
    5     0x00022180       0xFFFFFF80      0x00400000         (0, 2, 4)      [16] []
    6     0x0002F400       0xFFFFFF00      0x00000004         (0, 2, 14)      [] [N]
    7     0x0000D080       0xFFFFFF80      0x00000008         (0, 0, 10)      [] [W]
    8     0x00035300       0xFFFFFF00      0x00000002         (0, 3, 10)      [] [NE]
    9     0x00029000       0xFFFFFF00      0x00000004         (0, 2, 2)      [] [N]
    10     0x0000D000       0xFFFFFF80      0x00000008         (0, 0, 10)      [] [W]
    11     0x00021E80       0xFFFFFF80      0x00010000         (0, 2, 3)      [10] []
    12     0x00011600       0xFFFFFF80      0x00000008         (0, 1, 2)      [] [W]
    13     0x00022800       0xFFFFFF80      0x00000020         (0, 2, 5)      [] [S]
    14     0x0000CF80       0xFFFFFF80      0x00000008         (0, 0, 9)      [] [W]
    15     0x0002F500       0xFFFFFF00      0x00000004         (0, 2, 14)      [] [N]
    16     0x0000CF00       0xFFFFFF80      0x00000008         (0, 0, 9)      [] [W]
    17     0x00008B80       0xFFFFFF80      0x00000008         (0, 0, 1)      [] [W]
    18     0x00028700       0xFFFFFF00      0x00000004         (0, 2, 0)      [] [N]
    19     0x00034E00       0xFFFFFF00      0x00000002         (0, 3, 9)      [] [NE]
    20     0x00034B00       0xFFFFFF00      0x00000002         (0, 3, 9)      [] [NE]
    21     0x00008B00       0xFFFFFF80      0x00000008         (0, 0, 1)      [] [W]
    22     0x00029200       0xFFFFFF00      0x00000004         (0, 2, 2)      [] [N]
    23     0x0002F600       0xFFFFFF00      0x00000004         (0, 2, 14)      [] [N]
    24     0x00028800       0xFFFFFF00      0x00000004         (0, 2, 1)      [] [N]
    25     0x0000CE80       0xFFFFFF80      0x00000008         (0, 0, 9)      [] [W]
    26     0x00034C00       0xFFFFFF00      0x00000002         (0, 3, 9)      [] [NE]
    27     0x00035400       0xFFFFFF00      0x00000002         (0, 3, 10)      [] [NE]
    28     0x00021A00       0xFFFFFF80      0x00000080         (0, 2, 3)      [1] []
    29     0x00028900       0xFFFFFF00      0x00000004         (0, 2, 1)      [] [N]
    30     0x00035E00       0xFFFFFF00      0x00000002         (0, 3, 11)      [] [NE]
    31     0x0002F700       0xFFFFFF00      0x00000004         (0, 2, 14)      [] [N]
    32     0x00022600       0xFFFFFF80      0x00000020         (0, 2, 4)      [] [S]
    33     0x00029400       0xFFFFFF00      0x00000004         (0, 2, 2)      [] [N]
    34     0x00034900       0xFFFFFF00      0x00000002         (0, 3, 9)      [] [NE]
    35     0x00034D00       0xFFFFFF00      0x00000002         (0, 3, 9)      [] [NE]
    36     0x00028A00       0xFFFFFF00      0x00000004         (0, 2, 1)      [] [N]
    37     0x00021E00       0xFFFFFF80      0x00008000         (0, 2, 3)      [9] []
    38     0x00029500       0xFFFFFF00      0x00000004         (0, 2, 2)      [] [N]
    39     0x00021B80       0xFFFFFF80      0x00000400         (0, 2, 3)      [4] []
    40     0x00028B00       0xFFFFFF00      0x00000004         (0, 2, 1)      [] [N]
    41     0x00022400       0xFFFFFF80      0x00000020         (0, 2, 4)      [] [S]
    42     0x00035600       0xFFFFFF00      0x00000002         (0, 3, 10)      [] [NE]
    43     0x00022480       0xFFFFFF80      0x00000020         (0, 2, 4)      [] [S]
    44     0x0002F900       0xFFFFFF00      0x00000004         (0, 2, 15)      [] [N]
    45     0x00028C00       0xFFFFFF00      0x00000004         (0, 2, 1)      [] [N]
    46     0x00020080       0xFFFFFF80      0x007FFF80         (0, 2, 0)      [1, 2, 3, 4, 5, 6, 7, 8, 9, 10, 11, 12, 13, 14, 15, 16] []
    47     0x00022880       0xFFFFFF80      0x00000020         (0, 2, 5)      [] [S]
    48     0x00029300       0xFFFFFF00      0x00000004         (0, 2, 2)      [] [N]
    49     0x00034F00       0xFFFFFF00      0x00000002         (0, 3, 9)      [] [NE]
    50     0x00035700       0xFFFFFF00      0x00000002         (0, 3, 10)      [] [NE]
    51     0x0002EA00       0xFFFFFF00      0x00000004         (0, 2, 13)      [] [N]
    52     0x00028D00       0xFFFFFF00      0x00000004         (0, 2, 1)      [] [N]
    53     0x0002FA00       0xFFFFFF00      0x00000004         (0, 2, 15)      [] [N]
    54     0x00021D00       0xFFFFFF80      0x00002000         (0, 2, 3)      [7] []
    55     0x00011700       0xFFFFFF80      0x00000008         (0, 1, 2)      [] [W]
    56     0x00022080       0xFFFFFF80      0x00100000         (0, 2, 4)      [14] []
    57     0x00035000       0xFFFFFF00      0x00000002         (0, 3, 10)      [] [NE]
    58     0x00035200       0xFFFFFF00      0x00000002         (0, 3, 10)      [] [NE]
    59     0x00028E00       0xFFFFFF00      0x00000004         (0, 2, 1)      [] [N]
    60     0x00022100       0xFFFFFF80      0x00200000         (0, 2, 4)      [15] []
    61     0x0000D100       0xFFFFFF80      0x00000008         (0, 0, 10)      [] [W]
    62     0x00021F00       0xFFFFFF80      0x00020000         (0, 2, 3)      [11] []
    63     0x00011580       0xFFFFFF80      0x00000008         (0, 1, 2)      [] [W]
    64     0x00022680       0xFFFFFF80      0x00000020         (0, 2, 4)      [] [S]
    65     0x00022580       0xFFFFFF80      0x00000020         (0, 2, 4)      [] [S]
    66     0x0002EC00       0xFFFFFF00      0x00000004         (0, 2, 13)      [] [N]
    67     0x00021A80       0xFFFFFF80      0x00000100         (0, 2, 3)      [2] []
    68     0x00035A00       0xFFFFFF00      0x00000002         (0, 3, 11)      [] [NE]
    69     0x0002ED00       0xFFFFFF00      0x00000004         (0, 2, 13)      [] [N]
    70     0x00021C00       0xFFFFFF80      0x00000800         (0, 2, 3)      [5] []
    71     0x00011680       0xFFFFFF80      0x00000008         (0, 1, 2)      [] [W]
    72     0x00021D80       0xFFFFFF80      0x00004000         (0, 2, 3)      [8] []
    73     0x00035B00       0xFFFFFF00      0x00000002         (0, 3, 11)      [] [NE]
    74     0x0002EE00       0xFFFFFF00      0x00000004         (0, 2, 13)      [] [N]
    75     0x00028600       0xFFFFFF00      0x00000004         (0, 2, 0)      [] [N]
    76     0x00034A00       0xFFFFFF00      0x00000002         (0, 3, 9)      [] [NE]
    77     0x00011500       0xFFFFFF80      0x00000008         (0, 1, 2)      [] [W]
    78     0x00035900       0xFFFFFF00      0x00000002         (0, 3, 11)      [] [NE]
    79     0x00035C00       0xFFFFFF00      0x00000002         (0, 3, 11)      [] [NE]
    80     0x0002EF00       0xFFFFFF00      0x00000004         (0, 2, 13)      [] [N]
    81     0x00022700       0xFFFFFF80      0x00000020         (0, 2, 4)      [] [S]
    82     0x00022500       0xFFFFFF80      0x00000020         (0, 2, 4)      [] [S]
    83     0x00011780       0xFFFFFF80      0x00000008         (0, 1, 2)      [] [W]
    84     0x0002F000       0xFFFFFF00      0x00000004         (0, 2, 14)      [] [N]
    85     0x0000D180       0xFFFFFF80      0x00000008         (0, 0, 10)      [] [W]
    86     0x00035500       0xFFFFFF00      0x00000002         (0, 3, 10)      [] [NE]
    87     0x00034600       0xFFFFFF00      0x00000002         (0, 3, 8)      [] [NE]
    88     0x00029100       0xFFFFFF00      0x00000004         (0, 2, 2)      [] [N]
    89     0x00021C80       0xFFFFFF80      0x00001000         (0, 2, 3)      [6] []
    90     0x0002F100       0xFFFFFF00      0x00000004         (0, 2, 14)      [] [N]
    91     0x00035D00       0xFFFFFF00      0x00000002         (0, 3, 11)      [] [NE]
    92     0x00034700       0xFFFFFF00      0x00000002         (0, 3, 8)      [] [NE]
    93     0x00021B00       0xFFFFFF80      0x00000200         (0, 2, 3)      [3] []
    94     0x0002F200       0xFFFFFF00      0x00000004         (0, 2, 14)      [] [N]
    95     0x00022380       0xFFFFFF80      0x00000020         (0, 2, 4)      [] [S]
    96     0x00022000       0xFFFFFF80      0x00080000         (0, 2, 4)      [13] []
    97     0x00035800       0xFFFFFF00      0x00000002         (0, 3, 11)      [] [NE]
    98     0x00021F80       0xFFFFFF80      0x00040000         (0, 2, 3)      [12] []
    99     0x00034800       0xFFFFFF00      0x00000002         (0, 3, 9)      [] [NE]
    100     0x0002F800       0xFFFFFF00      0x00000004         (0, 2, 15)      [] [N]
