router contains 80 entries 
 
  Index   Key(hex)    Mask(hex)    Route(hex)    Src. Core -> [Cores][Links]
------------------------------------------------------------------------------
    0     0x00023080       0xFFFFFF80      0x00000008         (0, 2, 6)      [] [W]
    1     0x0000D100       0xFFFFFF80      0x00000020         (0, 0, 10)      [] [S]
    2     0x0004FE00       0xFFFFFF00      0x00000001         (0, 4, 15)      [] [E]
    3     0x00022200       0xFFFFFF80      0x00000008         (0, 2, 4)      [] [W]
    4     0x00020500       0xFFFFFF80      0x00000008         (0, 2, 0)      [] [W]
    5     0x0004F900       0xFFFFFF00      0x00000001         (0, 4, 15)      [] [E]
    6     0x0000D080       0xFFFFFF80      0x00000020         (0, 0, 10)      [] [S]
    7     0x0000CD00       0xFFFFFF80      0x00000020         (0, 0, 9)      [] [S]
    8     0x00008A80       0xFFFFFF80      0x00000020         (0, 0, 1)      [] [S]
    9     0x00023000       0xFFFFFF80      0x00000008         (0, 2, 6)      [] [W]
    10     0x00050200       0xFFFFFF00      0x00000001         (0, 5, 0)      [] [E]
    11     0x00022E00       0xFFFFFF80      0x00000008         (0, 2, 5)      [] [W]
    12     0x00021B80       0xFFFFFF80      0x00000008         (0, 2, 3)      [] [W]
    13     0x00022700       0xFFFFFF80      0x00000008         (0, 2, 4)      [] [W]
    14     0x0000CD80       0xFFFFFF80      0x00000020         (0, 0, 9)      [] [S]
    15     0x0000D000       0xFFFFFF80      0x00000020         (0, 0, 10)      [] [S]
    16     0x00022380       0xFFFFFF80      0x00000008         (0, 2, 4)      [] [W]
    17     0x0000CB80       0xFFFFFF80      0x00000020         (0, 0, 9)      [] [S]
    18     0x00022D80       0xFFFFFF80      0x00000008         (0, 2, 5)      [] [W]
    19     0x0004FC00       0xFFFFFF00      0x00000001         (0, 4, 15)      [] [E]
    20     0x00022E80       0xFFFFFF80      0x00000008         (0, 2, 5)      [] [W]
    21     0x00021E00       0xFFFFFF80      0x00000008         (0, 2, 3)      [] [W]
    22     0x0004FF00       0xFFFFFF00      0x00000001         (0, 4, 15)      [] [E]
    23     0x0000CF80       0xFFFFFF80      0x00000020         (0, 0, 9)      [] [S]
    24     0x00020C00       0xFFFFFF80      0x00000008         (0, 2, 1)      [] [W]
    25     0x00022080       0xFFFFFF80      0x00000008         (0, 2, 4)      [] [W]
    26     0x00021C80       0xFFFFFF80      0x00000008         (0, 2, 3)      [] [W]
    27     0x00020B80       0xFFFFFF80      0x00000008         (0, 2, 1)      [] [W]
    28     0x0000CC00       0xFFFFFF80      0x00000020         (0, 0, 9)      [] [S]
    29     0x00050100       0xFFFFFF00      0x00000001         (0, 5, 0)      [] [E]
    30     0x00022180       0xFFFFFF80      0x00000008         (0, 2, 4)      [] [W]
    31     0x0000CF00       0xFFFFFF80      0x00000020         (0, 0, 9)      [] [S]
    32     0x00050000       0xFFFFFF00      0x00000001         (0, 5, 0)      [] [E]
    33     0x00022A00       0xFFFFFF80      0x00000008         (0, 2, 5)      [] [W]
    34     0x00021A80       0xFFFFFF80      0x00000008         (0, 2, 3)      [] [W]
    35     0x00021D00       0xFFFFFF80      0x00000008         (0, 2, 3)      [] [W]
    36     0x00022680       0xFFFFFF80      0x00000008         (0, 2, 4)      [] [W]
    37     0x0004FB00       0xFFFFFF00      0x00000001         (0, 4, 15)      [] [E]
    38     0x00022580       0xFFFFFF80      0x00000008         (0, 2, 4)      [] [W]
    39     0x00022800       0xFFFFFF80      0x00000008         (0, 2, 5)      [] [W]
    40     0x00022900       0xFFFFFF80      0x00000008         (0, 2, 5)      [] [W]
    41     0x00008A00       0xFFFFFF80      0x00000020         (0, 0, 1)      [] [S]
    42     0x00022300       0xFFFFFF80      0x00000008         (0, 2, 4)      [] [W]
    43     0x0004FA00       0xFFFFFF00      0x00000001         (0, 4, 15)      [] [E]
    44     0x00022000       0xFFFFFF80      0x00000008         (0, 2, 4)      [] [W]
    45     0x00022980       0xFFFFFF80      0x00000008         (0, 2, 5)      [] [W]
    46     0x00018400       0xFFFFFF80      0x00000004         (0, 1, 0)      [] [N]
    47     0x00021E80       0xFFFFFF80      0x00000008         (0, 2, 3)      [] [W]
    48     0x0000CC80       0xFFFFFF80      0x00000020         (0, 0, 9)      [] [S]
    49     0x00022500       0xFFFFFF80      0x00000008         (0, 2, 4)      [] [W]
    50     0x0000CE80       0xFFFFFF80      0x00000020         (0, 0, 9)      [] [S]
    51     0x00022F00       0xFFFFFF80      0x00000008         (0, 2, 5)      [] [W]
    52     0x00021A00       0xFFFFFF80      0x00000008         (0, 2, 3)      [] [W]
    53     0x00022400       0xFFFFFF80      0x00000008         (0, 2, 4)      [] [W]
    54     0x00022600       0xFFFFFF80      0x00000008         (0, 2, 4)      [] [W]
    55     0x00008B80       0xFFFFFF80      0x00000020         (0, 0, 1)      [] [S]
    56     0x00022C00       0xFFFFFF80      0x00000008         (0, 2, 5)      [] [W]
    57     0x00050300       0xFFFFFF00      0x00000001         (0, 5, 0)      [] [E]
    58     0x00022880       0xFFFFFF80      0x00000008         (0, 2, 5)      [] [W]
    59     0x00021C00       0xFFFFFF80      0x00000008         (0, 2, 3)      [] [W]
    60     0x0000D180       0xFFFFFF80      0x00000020         (0, 0, 10)      [] [S]
    61     0x00021F00       0xFFFFFF80      0x00000008         (0, 2, 3)      [] [W]
    62     0x00022D00       0xFFFFFF80      0x00000008         (0, 2, 5)      [] [W]
    63     0x00008B00       0xFFFFFF80      0x00000020         (0, 0, 1)      [] [S]
    64     0x00018480       0xFFFFFF80      0x00000004         (0, 1, 0)      [] [N]
    65     0x00021F80       0xFFFFFF80      0x00000008         (0, 2, 3)      [] [W]
    66     0x00020200       0xFFFFFF80      0x00000008         (0, 2, 0)      [] [W]
    67     0x00022100       0xFFFFFF80      0x00000008         (0, 2, 4)      [] [W]
    68     0x00022780       0xFFFFFF80      0x00000008         (0, 2, 4)      [] [W]
    69     0x0000CE00       0xFFFFFF80      0x00000020         (0, 0, 9)      [] [S]
    70     0x00021B00       0xFFFFFF80      0x00000008         (0, 2, 3)      [] [W]
    71     0x00018380       0xFFFFFF80      0x00000004         (0, 1, 0)      [] [N]
    72     0x00022480       0xFFFFFF80      0x00000008         (0, 2, 4)      [] [W]
    73     0x00022C80       0xFFFFFF80      0x00000008         (0, 2, 5)      [] [W]
    74     0x00022A80       0xFFFFFF80      0x00000008         (0, 2, 5)      [] [W]
    75     0x00022280       0xFFFFFF80      0x00000008         (0, 2, 4)      [] [W]
    76     0x00022F80       0xFFFFFF80      0x00000008         (0, 2, 5)      [] [W]
    77     0x00018300       0xFFFFFF80      0x00000004         (0, 1, 0)      [] [N]
    78     0x0004FD00       0xFFFFFF00      0x00000001         (0, 4, 15)      [] [E]
    79     0x00021D80       0xFFFFFF80      0x00000008         (0, 2, 3)      [] [W]
