router contains 595 entries 
 
  Index   Key(hex)    Mask(hex)    Route(hex)    Src. Core -> [Cores][Links]
------------------------------------------------------------------------------
    0     0x0001D280       0xFFFFFF80      0x00000403         (0, 1, 10)      [4] [E, NE]
    1     0x00007C00       0xFFFFFF80      0x00000002         (0, 0, 15)      [] [NE]
    2     0x0001DB00       0xFFFFFF80      0x00000002         (0, 1, 11)      [] [NE]
    3     0x0000A680       0xFFFFFF80      0x00000080         (0, 0, 4)      [1] []
    4     0x0001C800       0xFFFFFF80      0x00000002         (0, 1, 9)      [] [NE]
    5     0x00003200       0xFFFFFF80      0x00020000         (0, 0, 6)      [11] []
    6     0x0000AD80       0xFFFFFF80      0x00200000         (0, 0, 5)      [15] []
    7     0x0001DE00       0xFFFFFF80      0x00000403         (0, 1, 11)      [4] [E, NE]
    8     0x00006980       0xFFFFFF80      0x00100000         (0, 0, 13)      [14] []
    9     0x00030B00       0xFFFFFF00      0x00000001         (0, 3, 1)      [] [E]
    10     0x00000D80       0xFFFFFF80      0x00000002         (0, 0, 1)      [] [NE]
    11     0x0001C580       0xFFFFFF80      0x00000802         (0, 1, 8)      [5] [NE]
    12     0x00015700       0xFFFFFF80      0x00000410         (0, 1, 10)      [4] [SW]
    13     0x00003D80       0xFFFFFF80      0x00002000         (0, 0, 7)      [7] []
    14     0x00004580       0xFFFFFF80      0x00000002         (0, 0, 8)      [] [NE]
    15     0x00030600       0xFFFFFF00      0x00000001         (0, 3, 0)      [] [E]
    16     0x00003E00       0xFFFFFF80      0x00004000         (0, 0, 7)      [8] []
    17     0x0001D680       0xFFFFFF80      0x00000002         (0, 1, 10)      [] [NE]
    18     0x00014A00       0xFFFFFF80      0x00000400         (0, 1, 9)      [4] []
    19     0x0001CE00       0xFFFFFF80      0x00000002         (0, 1, 9)      [] [NE]
    20     0x0001E500       0xFFFFFF80      0x00000002         (0, 1, 12)      [] [NE]
    21     0x00000B00       0xFFFFFF80      0x00100002         (0, 0, 1)      [14] [NE]
    22     0x00009D80       0xFFFFFF80      0x00010000         (0, 0, 3)      [10] []
    23     0x00007500       0xFFFFFF80      0x00010000         (0, 0, 14)      [10] []
    24     0x00002300       0xFFFFFF80      0x00004000         (0, 0, 4)      [8] []
    25     0x0000D400       0xFFFFFF80      0x00030000         (0, 0, 10)      [10, 11] []
    26     0x0001D480       0xFFFFFF80      0x00000002         (0, 1, 10)      [] [NE]
    27     0x00004300       0xFFFFFF80      0x00000002         (0, 0, 8)      [] [NE]
    28     0x0000CD00       0xFFFFFF80      0x00FFF000         (0, 0, 9)      [6, 7, 8, 9, 10, 11, 12, 13, 14, 15, 16, 17] []
    29     0x0001D000       0xFFFFFF80      0x00000002         (0, 1, 10)      [] [NE]
    30     0x00013C00       0xFFFFFF80      0x00000200         (0, 1, 7)      [3] []
    31     0x0000D080       0xFFFFFF80      0x00FFF600         (0, 0, 10)      [3, 4, 6, 7, 8, 9, 10, 11, 12, 13, 14, 15, 16, 17] []
    32     0x00003F00       0xFFFFFF80      0x00010000         (0, 0, 7)      [10] []
    33     0x00055A00       0xFFFFFF00      0x00000020         (0, 5, 11)      [] [S]
    34     0x00001600       0xFFFFFF80      0x00008000         (0, 0, 2)      [9] []
    35     0x0000BB00       0xFFFFFF80      0x00600F80         (0, 0, 7)      [1, 2, 3, 4, 5, 15, 16] []
    36     0x00005B80       0xFFFFFF80      0x00080000         (0, 0, 11)      [13] []
    37     0x0001C400       0xFFFFFF80      0x00000102         (0, 1, 8)      [2] [NE]
    38     0x0000EC00       0xFFFFFF80      0x00000800         (0, 0, 13)      [5] []
    39     0x00004100       0xFFFFFF80      0x00100002         (0, 0, 8)      [14] [NE]
    40     0x00007A00       0xFFFFFF80      0x00000002         (0, 0, 15)      [] [NE]
    41     0x00012F00       0xFFFFFF80      0x00000400         (0, 1, 5)      [4] []
    42     0x0000CB80       0xFFFFFF80      0x00FFF000         (0, 0, 9)      [6, 7, 8, 9, 10, 11, 12, 13, 14, 15, 16, 17] []
    43     0x00012600       0xFFFFFF80      0x00080000         (0, 1, 4)      [13] []
    44     0x0000E280       0xFFFFFF80      0x00080000         (0, 0, 12)      [13] []
    45     0x00016E80       0xFFFFFF80      0x00000100         (0, 1, 13)      [2] []
    46     0x00008300       0xFFFFFF80      0x00020003         (0, 0, 0)      [11] [E, NE]
    47     0x00000980       0xFFFFFF80      0x00020002         (0, 0, 1)      [11] [NE]
    48     0x00009300       0xFFFFFF80      0x00400000         (0, 0, 2)      [16] []
    49     0x0000F100       0xFFFFFF80      0x00200000         (0, 0, 14)      [15] []
    50     0x0001BD80       0xFFFFFF80      0x00000402         (0, 1, 7)      [4] [NE]
    51     0x0000AB00       0xFFFFFF80      0x00010000         (0, 0, 5)      [10] []
    52     0x00011280       0xFFFFFF80      0x00000080         (0, 1, 2)      [1] []
    53     0x00030A00       0xFFFFFF00      0x00000001         (0, 3, 1)      [] [E]
    54     0x00022B00       0xFFFFFF80      0x00000200         (0, 2, 5)      [3] []
    55     0x0001DE80       0xFFFFFF80      0x00000802         (0, 1, 11)      [5] [NE]
    56     0x00001500       0xFFFFFF80      0x00002000         (0, 0, 2)      [7] []
    57     0x0000C600       0xFFFFFF80      0x00FFF033         (0, 0, 8)      [6, 7, 8, 9, 10, 11, 12, 13, 14, 15, 16, 17] [E, NE, SW, S]
    58     0x0001A480       0xFFFFFF80      0x00000802         (0, 1, 4)      [5] [NE]
    59     0x0001BC80       0xFFFFFF80      0x00000102         (0, 1, 7)      [2] [NE]
    60     0x00013480       0xFFFFFF80      0x00200000         (0, 1, 6)      [15] []
    61     0x0001CC80       0xFFFFFF80      0x00000802         (0, 1, 9)      [5] [NE]
    62     0x00000C80       0xFFFFFF80      0x00800002         (0, 0, 1)      [17] [NE]
    63     0x0001B500       0xFFFFFF80      0x00000202         (0, 1, 6)      [3] [NE]
    64     0x00009D00       0xFFFFFF80      0x00008000         (0, 0, 3)      [9] []
    65     0x00007B00       0xFFFFFF80      0x00000002         (0, 0, 15)      [] [NE]
    66     0x00003180       0xFFFFFF80      0x00010000         (0, 0, 6)      [10] []
    67     0x00007600       0xFFFFFF80      0x00040002         (0, 0, 14)      [12] [NE]
    68     0x00022200       0xFFFFFF80      0x00040001         (0, 2, 4)      [12] [E]
    69     0x00006680       0xFFFFFF80      0x00004000         (0, 0, 12)      [8] []
    70     0x00004400       0xFFFFFF80      0x00000002         (0, 0, 8)      [] [NE]
    71     0x0001D800       0xFFFFFF80      0x00000203         (0, 1, 11)      [3] [E, NE]
    72     0x0000BA80       0xFFFFFF80      0x00300F80         (0, 0, 7)      [1, 2, 3, 4, 5, 14, 15] []
    73     0x0000CC00       0xFFFFFF80      0x00FFF000         (0, 0, 9)      [6, 7, 8, 9, 10, 11, 12, 13, 14, 15, 16, 17] []
    74     0x0001D380       0xFFFFFF80      0x00000002         (0, 1, 10)      [] [NE]
    75     0x0001C680       0xFFFFFF80      0x00000002         (0, 1, 8)      [] [NE]
    76     0x00012800       0xFFFFFF80      0x00800000         (0, 1, 5)      [17] []
    77     0x00022300       0xFFFFFF80      0x00100001         (0, 2, 4)      [14] [E]
    78     0x0000D580       0xFFFFFF80      0x00180000         (0, 0, 10)      [13, 14] []
    79     0x00007680       0xFFFFFF80      0x00080002         (0, 0, 14)      [13] [NE]
    80     0x00009080       0xFFFFFF80      0x00020000         (0, 0, 2)      [11] []
    81     0x0001CC00       0xFFFFFF80      0x00000403         (0, 1, 9)      [4] [E, NE]
    82     0x0001C380       0xFFFFFF80      0x00000082         (0, 1, 8)      [1] [NE]
    83     0x00018680       0xFFFFFF80      0x00000800         (0, 1, 0)      [5] []
    84     0x00021F80       0xFFFFFF80      0x00002000         (0, 2, 3)      [7] []
    85     0x0001B400       0xFFFFFF80      0x00000082         (0, 1, 6)      [1] [NE]
    86     0x0003B900       0xFFFFFF00      0x00001000         (0, 3, 7)      [6] []
    87     0x00012D80       0xFFFFFF80      0x00000080         (0, 1, 5)      [1] []
    88     0x00004F00       0xFFFFFF80      0x00200000         (0, 0, 9)      [15] []
    89     0x00019380       0xFFFFFF80      0x00000010         (0, 1, 2)      [] [SW]
    90     0x0000BF80       0xFFFFFF80      0x00000F80         (0, 0, 7)      [1, 2, 3, 4, 5] []
    91     0x00022180       0xFFFFFF80      0x00020001         (0, 2, 4)      [11] [E]
    92     0x0001C900       0xFFFFFF80      0x00000002         (0, 1, 9)      [] [NE]
    93     0x0000EA80       0xFFFFFF80      0x00000100         (0, 0, 13)      [2] []
    94     0x00006A00       0xFFFFFF80      0x00200000         (0, 0, 13)      [15] []
    95     0x0003BB00       0xFFFFFF00      0x00004000         (0, 3, 7)      [8] []
    96     0x0000AE00       0xFFFFFF80      0x00400000         (0, 0, 5)      [16] []
    97     0x0001DF00       0xFFFFFF80      0x00000002         (0, 1, 11)      [] [NE]
    98     0x00030300       0xFFFFFF00      0x00000001         (0, 3, 0)      [] [E]
    99     0x00001B00       0xFFFFFF80      0x00000002         (0, 0, 3)      [] [NE]
    100     0x0001AE00       0xFFFFFF80      0x00000002         (0, 1, 5)      [] [NE]
    101     0x0001B780       0xFFFFFF80      0x00000002         (0, 1, 6)      [] [NE]
    102     0x0000DD00       0xFFFFFF80      0x00000100         (0, 0, 11)      [2] []
    103     0x0003BC00       0xFFFFFF00      0x00008000         (0, 3, 7)      [9] []
    104     0x00030400       0xFFFFFF00      0x00000001         (0, 3, 0)      [] [E]
    105     0x0001A080       0xFFFFFF80      0x00000002         (0, 1, 4)      [] [NE]
    106     0x00005800       0xFFFFFF80      0x00001000         (0, 0, 11)      [6] []
    107     0x0003BD00       0xFFFFFF00      0x00010000         (0, 3, 7)      [10] []
    108     0x0001C980       0xFFFFFF80      0x00000002         (0, 1, 9)      [] [NE]
    109     0x00008080       0xFFFFFF80      0x00001001         (0, 0, 0)      [6] [E]
    110     0x00008B80       0xFFFFFF80      0x00000080         (0, 0, 1)      [1] []
    111     0x00010D00       0xFFFFFF80      0x00800000         (0, 1, 1)      [17] []
    112     0x0001BE00       0xFFFFFF80      0x00000802         (0, 1, 7)      [5] [NE]
    113     0x0001BF00       0xFFFFFF80      0x00000002         (0, 1, 7)      [] [NE]
    114     0x00005C00       0xFFFFFF80      0x00100000         (0, 0, 11)      [14] []
    115     0x0000D180       0xFFFFFF80      0x00FFF800         (0, 0, 10)      [5, 6, 7, 8, 9, 10, 11, 12, 13, 14, 15, 16, 17] []
    116     0x00012E80       0xFFFFFF80      0x00000200         (0, 1, 5)      [3] []
    117     0x0003BF00       0xFFFFFF00      0x00040000         (0, 3, 7)      [12] []
    118     0x00010680       0xFFFFFF80      0x00000410         (0, 1, 0)      [4] [SW]
    119     0x0003B500       0xFFFFFF00      0x00000100         (0, 3, 6)      [2] []
    120     0x00002480       0xFFFFFF80      0x00020000         (0, 0, 4)      [11] []
    121     0x00004B80       0xFFFFFF80      0x00004000         (0, 0, 9)      [8] []
    122     0x00012080       0xFFFFFF80      0x00000100         (0, 1, 4)      [2] []
    123     0x00010C80       0xFFFFFF80      0x00400000         (0, 1, 1)      [16] []
    124     0x00009900       0xFFFFFF80      0x00000080         (0, 0, 3)      [1] []
    125     0x00022400       0xFFFFFF80      0x00400000         (0, 2, 4)      [16] []
    126     0x00013B00       0xFFFFFF80      0x00000080         (0, 1, 7)      [1] []
    127     0x00004180       0xFFFFFF80      0x00200002         (0, 0, 8)      [15] [NE]
    128     0x0001CD80       0xFFFFFF80      0x00000002         (0, 1, 9)      [] [NE]
    129     0x0001A180       0xFFFFFF80      0x00000002         (0, 1, 4)      [] [NE]
    130     0x0000D780       0xFFFFFF80      0x00800000         (0, 0, 10)      [17] []
    131     0x0000B880       0xFFFFFF80      0x00030F80         (0, 0, 7)      [1, 2, 3, 4, 5, 10, 11] []
    132     0x00019D80       0xFFFFFF80      0x00000002         (0, 1, 3)      [] [NE]
    133     0x0000AB80       0xFFFFFF80      0x00020000         (0, 0, 5)      [11] []
    134     0x00000780       0xFFFFFF80      0x00002000         (0, 0, 0)      [7] []
    135     0x00014280       0xFFFFFF80      0x00400000         (0, 1, 8)      [16] []
    136     0x00004C00       0xFFFFFF80      0x00008000         (0, 0, 9)      [9] []
    137     0x0003B400       0xFFFFFF00      0x00000080         (0, 3, 6)      [1] []
    138     0x00019980       0xFFFFFF80      0x00000102         (0, 1, 3)      [2] [NE]
    139     0x00030900       0xFFFFFF00      0x00000001         (0, 3, 1)      [] [E]
    140     0x0001AF00       0xFFFFFF80      0x00000002         (0, 1, 5)      [] [NE]
    141     0x0000C500       0xFFFFFF80      0x00FFF031         (0, 0, 8)      [6, 7, 8, 9, 10, 11, 12, 13, 14, 15, 16, 17] [E, SW, S]
    142     0x0000BE80       0xFFFFFF80      0x00000F80         (0, 0, 7)      [1, 2, 3, 4, 5] []
    143     0x0003BE00       0xFFFFFF00      0x00020000         (0, 3, 7)      [11] []
    144     0x00007300       0xFFFFFF80      0x00001000         (0, 0, 14)      [6] []
    145     0x00006700       0xFFFFFF80      0x00008000         (0, 0, 12)      [9] []
    146     0x00010780       0xFFFFFF80      0x00000010         (0, 1, 0)      [] [SW]
    147     0x0000AC00       0xFFFFFF80      0x00040000         (0, 0, 5)      [12] []
    148     0x00018580       0xFFFFFF80      0x00000200         (0, 1, 0)      [3] []
    149     0x0000F780       0xFFFFFF80      0x00000080         (0, 0, 14)      [1] []
    150     0x00000D00       0xFFFFFF80      0x00000002         (0, 0, 1)      [] [NE]
    151     0x0000B580       0xFFFFFF80      0x00000C00         (0, 0, 6)      [4, 5] []
    152     0x0001D080       0xFFFFFF80      0x00000002         (0, 1, 10)      [] [NE]
    153     0x00000900       0xFFFFFF80      0x00010000         (0, 0, 1)      [10] []
    154     0x0001DA80       0xFFFFFF80      0x00000002         (0, 1, 11)      [] [NE]
    155     0x0002FF00       0xFFFFFF00      0x00000001         (0, 2, 15)      [] [E]
    156     0x0001B000       0xFFFFFF80      0x00000002         (0, 1, 6)      [] [NE]
    157     0x0001BF80       0xFFFFFF80      0x00000002         (0, 1, 7)      [] [NE]
    158     0x0001B600       0xFFFFFF80      0x00000802         (0, 1, 6)      [5] [NE]
    159     0x00001580       0xFFFFFF80      0x00004000         (0, 0, 2)      [8] []
    160     0x0000C780       0xFFFFFF80      0x00FFF033         (0, 0, 8)      [6, 7, 8, 9, 10, 11, 12, 13, 14, 15, 16, 17] [E, NE, SW, S]
    161     0x0000B400       0xFFFFFF80      0x00000180         (0, 0, 6)      [1, 2] []
    162     0x0001BB00       0xFFFFFF80      0x00000002         (0, 1, 7)      [] [NE]
    163     0x00006800       0xFFFFFF80      0x00020000         (0, 0, 13)      [11] []
    164     0x00001980       0xFFFFFF80      0x00400000         (0, 0, 3)      [16] []
    165     0x00016F80       0xFFFFFF80      0x00000400         (0, 1, 13)      [4] []
    166     0x00001A80       0xFFFFFF80      0x00000002         (0, 0, 3)      [] [NE]
    167     0x0001D980       0xFFFFFF80      0x00000002         (0, 1, 11)      [] [NE]
    168     0x0000D000       0xFFFFFF80      0x00FFF300         (0, 0, 10)      [2, 3, 6, 7, 8, 9, 10, 11, 12, 13, 14, 15, 16, 17] []
    169     0x00009E00       0xFFFFFF80      0x00020000         (0, 0, 3)      [11] []
    170     0x0000F880       0xFFFFFF80      0x00000200         (0, 0, 15)      [3] []
    171     0x0003C300       0xFFFFFF00      0x00400000         (0, 3, 8)      [16] []
    172     0x00001880       0xFFFFFF80      0x00100002         (0, 0, 3)      [14] [NE]
    173     0x00008E00       0xFFFFFF80      0x00001000         (0, 0, 1)      [6] []
    174     0x00007700       0xFFFFFF80      0x00100002         (0, 0, 14)      [14] [NE]
    175     0x00004480       0xFFFFFF80      0x00000002         (0, 0, 8)      [] [NE]
    176     0x00004C80       0xFFFFFF80      0x00010000         (0, 0, 9)      [10] []
    177     0x00011400       0xFFFFFF80      0x00000400         (0, 1, 2)      [4] []
    178     0x00003300       0xFFFFFF80      0x00080000         (0, 0, 6)      [13] []
    179     0x0000FC80       0xFFFFFF80      0x00020000         (0, 0, 15)      [11] []
    180     0x00030000       0xFFFFFF00      0x00000001         (0, 3, 0)      [] [E]
    181     0x0000E180       0xFFFFFF80      0x00020000         (0, 0, 12)      [11] []
    182     0x0000E000       0xFFFFFF80      0x00004000         (0, 0, 12)      [8] []
    183     0x0001CB80       0xFFFFFF80      0x00000203         (0, 1, 9)      [3] [E, NE]
    184     0x00008000       0xFFFFFF80      0x00000001         (0, 0, 0)      [] [E]
    185     0x00005880       0xFFFFFF80      0x00002000         (0, 0, 11)      [7] []
    186     0x00016280       0xFFFFFF80      0x00000100         (0, 1, 12)      [2] []
    187     0x0000D300       0xFFFFFF80      0x0000C000         (0, 0, 10)      [8, 9] []
    188     0x00012200       0xFFFFFF80      0x00000800         (0, 1, 4)      [5] []
    189     0x00019B80       0xFFFFFF80      0x00000002         (0, 1, 3)      [] [NE]
    190     0x00030100       0xFFFFFF00      0x00000001         (0, 3, 0)      [] [E]
    191     0x0000EB00       0xFFFFFF80      0x00000200         (0, 0, 13)      [3] []
    192     0x0001D600       0xFFFFFF80      0x00000002         (0, 1, 10)      [] [NE]
    193     0x00018F00       0xFFFFFF80      0x00000090         (0, 1, 1)      [1] [SW]
    194     0x00003F80       0xFFFFFF80      0x00020002         (0, 0, 7)      [11] [NE]
    195     0x00017000       0xFFFFFF80      0x00000800         (0, 1, 14)      [5] []
    196     0x0000FE80       0xFFFFFF80      0x00200000         (0, 0, 15)      [15] []
    197     0x0000C800       0xFFFFFF80      0x00FFF033         (0, 0, 9)      [6, 7, 8, 9, 10, 11, 12, 13, 14, 15, 16, 17] [E, NE, SW, S]
    198     0x00030200       0xFFFFFF00      0x00000001         (0, 3, 0)      [] [E]
    199     0x0000EA00       0xFFFFFF80      0x00000080         (0, 0, 13)      [1] []
    200     0x0000CE80       0xFFFFFF80      0x00FFF000         (0, 0, 9)      [6, 7, 8, 9, 10, 11, 12, 13, 14, 15, 16, 17] []
    201     0x0001A380       0xFFFFFF80      0x00000202         (0, 1, 4)      [3] [NE]
    202     0x00030800       0xFFFFFF00      0x00000001         (0, 3, 1)      [] [E]
    203     0x0000BB80       0xFFFFFF80      0x00C00F80         (0, 0, 7)      [1, 2, 3, 4, 5, 16, 17] []
    204     0x0001CF80       0xFFFFFF80      0x00000002         (0, 1, 9)      [] [NE]
    205     0x0000CB00       0xFFFFFF80      0x00FFF000         (0, 0, 9)      [6, 7, 8, 9, 10, 11, 12, 13, 14, 15, 16, 17] []
    206     0x0000A080       0xFFFFFF80      0x00400000         (0, 0, 4)      [16] []
    207     0x0000C000       0xFFFFFF80      0x00000F80         (0, 0, 8)      [1, 2, 3, 4, 5] []
    208     0x00015500       0xFFFFFF80      0x00000010         (0, 1, 10)      [] [SW]
    209     0x00018E80       0xFFFFFF80      0x00000010         (0, 1, 1)      [] [SW]
    210     0x00015580       0xFFFFFF80      0x00000090         (0, 1, 10)      [1] [SW]
    211     0x00007980       0xFFFFFF80      0x00000002         (0, 0, 15)      [] [NE]
    212     0x00019A00       0xFFFFFF80      0x00000202         (0, 1, 3)      [3] [NE]
    213     0x0000B480       0xFFFFFF80      0x00000300         (0, 0, 6)      [2, 3] []
    214     0x00007380       0xFFFFFF80      0x00002000         (0, 0, 14)      [7] []
    215     0x00015C80       0xFFFFFF80      0x00800000         (0, 1, 11)      [17] []
    216     0x00005C80       0xFFFFFF80      0x00200000         (0, 0, 11)      [15] []
    217     0x0001E380       0xFFFFFF80      0x00000802         (0, 1, 12)      [5] [NE]
    218     0x00008500       0xFFFFFF80      0x00200003         (0, 0, 0)      [15] [E, NE]
    219     0x00055D00       0xFFFFFF00      0x00000020         (0, 5, 11)      [] [S]
    220     0x00007880       0xFFFFFF80      0x00800002         (0, 0, 15)      [17] [NE]
    221     0x00010A00       0xFFFFFF80      0x00020010         (0, 1, 1)      [11] [SW]
    222     0x00004200       0xFFFFFF80      0x00400000         (0, 0, 8)      [16] []
    223     0x0001A200       0xFFFFFF80      0x00000002         (0, 1, 4)      [] [NE]
    224     0x0000B900       0xFFFFFF80      0x00060F80         (0, 0, 7)      [1, 2, 3, 4, 5, 11, 12] []
    225     0x00013C80       0xFFFFFF80      0x00000400         (0, 1, 7)      [4] []
    226     0x0001E480       0xFFFFFF80      0x00000002         (0, 1, 12)      [] [NE]
    227     0x00007400       0xFFFFFF80      0x00004000         (0, 0, 14)      [8] []
    228     0x0003C100       0xFFFFFF00      0x00100000         (0, 3, 8)      [14] []
    229     0x00010B80       0xFFFFFF80      0x00100010         (0, 1, 1)      [14] [SW]
    230     0x00006780       0xFFFFFF80      0x00010000         (0, 0, 12)      [10] []
    231     0x0001D500       0xFFFFFF80      0x00000002         (0, 1, 10)      [] [NE]
    232     0x0000C580       0xFFFFFF80      0x00FFF033         (0, 0, 8)      [6, 7, 8, 9, 10, 11, 12, 13, 14, 15, 16, 17] [E, NE, SW, S]
    233     0x0000FF00       0xFFFFFF80      0x00400000         (0, 0, 15)      [16] []
    234     0x0001D880       0xFFFFFF80      0x00000403         (0, 1, 11)      [4] [E, NE]
    235     0x00006600       0xFFFFFF80      0x00002000         (0, 0, 12)      [7] []
    236     0x00015680       0xFFFFFF80      0x00000210         (0, 1, 10)      [3] [SW]
    237     0x00011300       0xFFFFFF80      0x00000100         (0, 1, 2)      [2] []
    238     0x00003280       0xFFFFFF80      0x00040000         (0, 0, 6)      [12] []
    239     0x0000BD00       0xFFFFFF80      0x00000F80         (0, 0, 7)      [1, 2, 3, 4, 5] []
    240     0x00009F00       0xFFFFFF80      0x00080000         (0, 0, 3)      [13] []
    241     0x0001CB00       0xFFFFFF80      0x00000103         (0, 1, 9)      [2] [E, NE]
    242     0x00022C00       0xFFFFFF80      0x00000800         (0, 2, 5)      [5] []
    243     0x00010580       0xFFFFFF80      0x00000110         (0, 1, 0)      [2] [SW]
    244     0x0001A600       0xFFFFFF80      0x00000002         (0, 1, 4)      [] [NE]
    245     0x0001D700       0xFFFFFF80      0x00000002         (0, 1, 10)      [] [NE]
    246     0x0001DB80       0xFFFFFF80      0x00000002         (0, 1, 11)      [] [NE]
    247     0x00030700       0xFFFFFF00      0x00000001         (0, 3, 0)      [] [E]
    248     0x00007480       0xFFFFFF80      0x00008000         (0, 0, 14)      [9] []
    249     0x00014980       0xFFFFFF80      0x00000200         (0, 1, 9)      [3] []
    250     0x0001C000       0xFFFFFF80      0x00000002         (0, 1, 8)      [] [NE]
    251     0x0000D600       0xFFFFFF80      0x00300000         (0, 0, 10)      [14, 15] []
    252     0x0001D400       0xFFFFFF80      0x00000002         (0, 1, 10)      [] [NE]
    253     0x0001C600       0xFFFFFF80      0x00000002         (0, 1, 8)      [] [NE]
    254     0x00009280       0xFFFFFF80      0x00200000         (0, 0, 2)      [15] []
    255     0x00015780       0xFFFFFF80      0x00000810         (0, 1, 10)      [5] [SW]
    256     0x00011A80       0xFFFFFF80      0x00800000         (0, 1, 3)      [17] []
    257     0x0003C200       0xFFFFFF00      0x00200000         (0, 3, 8)      [15] []
    258     0x0001E600       0xFFFFFF80      0x00000002         (0, 1, 12)      [] [NE]
    259     0x00007900       0xFFFFFF80      0x00000002         (0, 0, 15)      [] [NE]
    260     0x0001DF80       0xFFFFFF80      0x00000002         (0, 1, 11)      [] [NE]
    261     0x00030500       0xFFFFFF00      0x00000001         (0, 3, 0)      [] [E]
    262     0x00007F80       0xFFFFFF80      0x00000001         (0, 0, 15)      [] [E]
    263     0x00010C00       0xFFFFFF80      0x00200010         (0, 1, 1)      [15] [SW]
    264     0x0000A780       0xFFFFFF80      0x00000200         (0, 0, 4)      [3] []
    265     0x00017B80       0xFFFFFF80      0x00000800         (0, 1, 15)      [5] []
    266     0x0000CC80       0xFFFFFF80      0x00FFF000         (0, 0, 9)      [6, 7, 8, 9, 10, 11, 12, 13, 14, 15, 16, 17] []
    267     0x00022B80       0xFFFFFF80      0x00000400         (0, 2, 5)      [4] []
    268     0x00009E80       0xFFFFFF80      0x00040000         (0, 0, 3)      [12] []
    269     0x00010800       0xFFFFFF80      0x00000010         (0, 1, 1)      [] [SW]
    270     0x0001AC80       0xFFFFFF80      0x00000202         (0, 1, 5)      [3] [NE]
    271     0x00003380       0xFFFFFF80      0x00100000         (0, 0, 6)      [14] []
    272     0x00020580       0xFFFFFF80      0x00000F81         (0, 2, 0)      [1, 2, 3, 4, 5] [E]
    273     0x0001AE80       0xFFFFFF80      0x00000002         (0, 1, 5)      [] [NE]
    274     0x0002FD00       0xFFFFFF00      0x00000001         (0, 2, 15)      [] [E]
    275     0x00007A80       0xFFFFFF80      0x00000002         (0, 0, 15)      [] [NE]
    276     0x0001AA80       0xFFFFFF80      0x00000002         (0, 1, 5)      [] [NE]
    277     0x0001AD80       0xFFFFFF80      0x00000802         (0, 1, 5)      [5] [NE]
    278     0x00019B00       0xFFFFFF80      0x00000802         (0, 1, 3)      [5] [NE]
    279     0x0001C780       0xFFFFFF80      0x00000002         (0, 1, 8)      [] [NE]
    280     0x0001CA80       0xFFFFFF80      0x00000083         (0, 1, 9)      [1] [E, NE]
    281     0x00007C80       0xFFFFFF80      0x00000002         (0, 0, 15)      [] [NE]
    282     0x0000D100       0xFFFFFF80      0x00FFFC00         (0, 0, 10)      [4, 5, 6, 7, 8, 9, 10, 11, 12, 13, 14, 15, 16, 17] []
    283     0x00008380       0xFFFFFF80      0x00040003         (0, 0, 0)      [12] [E, NE]
    284     0x00016380       0xFFFFFF80      0x00000400         (0, 1, 12)      [4] []
    285     0x00020600       0xFFFFFF80      0x00FFF000         (0, 2, 0)      [6, 7, 8, 9, 10, 11, 12, 13, 14, 15, 16, 17] []
    286     0x0000AC80       0xFFFFFF80      0x00080000         (0, 0, 5)      [13] []
    287     0x0000E300       0xFFFFFF80      0x00100000         (0, 0, 12)      [14] []
    288     0x0000A700       0xFFFFFF80      0x00000100         (0, 0, 4)      [2] []
    289     0x00012680       0xFFFFFF80      0x00100000         (0, 1, 4)      [14] []
    290     0x0000D680       0xFFFFFF80      0x00600000         (0, 0, 10)      [16, 15] []
    291     0x0003B700       0xFFFFFF00      0x00000400         (0, 3, 6)      [4] []
    292     0x00010900       0xFFFFFF80      0x00000010         (0, 1, 1)      [] [SW]
    293     0x00019280       0xFFFFFF80      0x00000010         (0, 1, 2)      [] [SW]
    294     0x0001C500       0xFFFFFF80      0x00000402         (0, 1, 8)      [4] [NE]
    295     0x00012F80       0xFFFFFF80      0x00000800         (0, 1, 5)      [5] []
    296     0x00022A80       0xFFFFFF80      0x00000100         (0, 2, 5)      [2] []
    297     0x0000F180       0xFFFFFF80      0x00400000         (0, 0, 14)      [16] []
    298     0x00009380       0xFFFFFF80      0x00800000         (0, 0, 2)      [17] []
    299     0x0000C200       0xFFFFFF80      0x00000FBB         (0, 0, 8)      [1, 2, 3, 4, 5] [E, NE, W, SW, S]
    300     0x0003C400       0xFFFFFF00      0x00800000         (0, 3, 8)      [17] []
    301     0x00019000       0xFFFFFF80      0x00000210         (0, 1, 2)      [3] [SW]
    302     0x00014880       0xFFFFFF80      0x00000080         (0, 1, 9)      [1] []
    303     0x0000CF00       0xFFFFFF80      0x00FFF080         (0, 0, 9)      [1, 6, 7, 8, 9, 10, 11, 12, 13, 14, 15, 16, 17] []
    304     0x00011900       0xFFFFFF80      0x00100000         (0, 1, 3)      [14] []
    305     0x0001B800       0xFFFFFF80      0x00000002         (0, 1, 7)      [] [NE]
    306     0x00019A80       0xFFFFFF80      0x00000402         (0, 1, 3)      [4] [NE]
    307     0x0001B700       0xFFFFFF80      0x00000002         (0, 1, 6)      [] [NE]
    308     0x00019780       0xFFFFFF80      0x00000002         (0, 1, 2)      [] [NE]
    309     0x0001B480       0xFFFFFF80      0x00000102         (0, 1, 6)      [2] [NE]
    310     0x00004000       0xFFFFFF80      0x00040002         (0, 0, 8)      [12] [NE]
    311     0x0000DD80       0xFFFFFF80      0x00000200         (0, 0, 11)      [3] []
    312     0x0000A900       0xFFFFFF80      0x00001000         (0, 0, 5)      [6] []
    313     0x00001800       0xFFFFFF80      0x00080002         (0, 0, 3)      [13] [NE]
    314     0x0001E100       0xFFFFFF80      0x00000002         (0, 1, 12)      [] [NE]
    315     0x0000A980       0xFFFFFF80      0x00002000         (0, 0, 5)      [7] []
    316     0x0001D900       0xFFFFFF80      0x00000802         (0, 1, 11)      [5] [NE]
    317     0x0000E480       0xFFFFFF80      0x00800000         (0, 0, 12)      [17] []
    318     0x0000A100       0xFFFFFF80      0x00800000         (0, 0, 4)      [17] []
    319     0x0001D580       0xFFFFFF80      0x00000002         (0, 1, 10)      [] [NE]
    320     0x00019200       0xFFFFFF80      0x00000010         (0, 1, 2)      [] [SW]
    321     0x00019300       0xFFFFFF80      0x00000010         (0, 1, 2)      [] [SW]
    322     0x00007D80       0xFFFFFF80      0x00000003         (0, 0, 15)      [] [E, NE]
    323     0x00005D00       0xFFFFFF80      0x00400000         (0, 0, 11)      [16] []
    324     0x0000B980       0xFFFFFF80      0x000C0F80         (0, 0, 7)      [1, 2, 3, 4, 5, 12, 13] []
    325     0x0001BB80       0xFFFFFF80      0x00000002         (0, 1, 7)      [] [NE]
    326     0x00010A80       0xFFFFFF80      0x00040010         (0, 1, 1)      [12] [SW]
    327     0x00016E00       0xFFFFFF80      0x00000080         (0, 1, 13)      [1] []
    328     0x0000E080       0xFFFFFF80      0x00008000         (0, 0, 12)      [9] []
    329     0x0001C880       0xFFFFFF80      0x00000002         (0, 1, 9)      [] [NE]
    330     0x0000CF80       0xFFFFFF80      0x00FFF180         (0, 0, 9)      [1, 2, 6, 7, 8, 9, 10, 11, 12, 13, 14, 15, 16, 17] []
    331     0x0000FE00       0xFFFFFF80      0x00100000         (0, 0, 15)      [14] []
    332     0x00002400       0xFFFFFF80      0x00010000         (0, 0, 4)      [10] []
    333     0x0000EE00       0xFFFFFF80      0x00008000         (0, 0, 13)      [9] []
    334     0x00007B80       0xFFFFFF80      0x00000002         (0, 0, 15)      [] [NE]
    335     0x0001B280       0xFFFFFF80      0x00000002         (0, 1, 6)      [] [NE]
    336     0x00020500       0xFFFFFF80      0x00000001         (0, 2, 0)      [] [E]
    337     0x0000CA80       0xFFFFFF80      0x00FFF000         (0, 0, 9)      [6, 7, 8, 9, 10, 11, 12, 13, 14, 15, 16, 17] []
    338     0x00008E80       0xFFFFFF80      0x00002000         (0, 0, 1)      [7] []
    339     0x00011980       0xFFFFFF80      0x00200000         (0, 1, 3)      [15] []
    340     0x00004380       0xFFFFFF80      0x00000002         (0, 0, 8)      [] [NE]
    341     0x0001D300       0xFFFFFF80      0x00000802         (0, 1, 10)      [5] [NE]
    342     0x00009180       0xFFFFFF80      0x00080000         (0, 0, 2)      [13] []
    343     0x0000FF80       0xFFFFFF80      0x00800000         (0, 0, 15)      [17] []
    344     0x00004F80       0xFFFFFF80      0x00400000         (0, 0, 9)      [16] []
    345     0x00007D00       0xFFFFFF80      0x00000002         (0, 0, 15)      [] [NE]
    346     0x0000BF00       0xFFFFFF80      0x00000F80         (0, 0, 7)      [1, 2, 3, 4, 5] []
    347     0x0000C380       0xFFFFFF80      0x00000FB3         (0, 0, 8)      [1, 2, 3, 4, 5] [E, NE, SW, S]
    348     0x0000C680       0xFFFFFF80      0x00FFF033         (0, 0, 8)      [6, 7, 8, 9, 10, 11, 12, 13, 14, 15, 16, 17] [E, NE, SW, S]
    349     0x00008F80       0xFFFFFF80      0x00008000         (0, 0, 1)      [9] []
    350     0x00005900       0xFFFFFF80      0x00004000         (0, 0, 11)      [8] []
    351     0x00055B00       0xFFFFFF00      0x00000020         (0, 5, 11)      [] [S]
    352     0x00016F00       0xFFFFFF80      0x00000200         (0, 1, 13)      [3] []
    353     0x0000EF00       0xFFFFFF80      0x00020000         (0, 0, 13)      [11] []
    354     0x00000C00       0xFFFFFF80      0x00400000         (0, 0, 1)      [16] []
    355     0x0000FD00       0xFFFFFF80      0x00040000         (0, 0, 15)      [12] []
    356     0x00005980       0xFFFFFF80      0x00008000         (0, 0, 11)      [9] []
    357     0x00006A80       0xFFFFFF80      0x00400000         (0, 0, 13)      [16] []
    358     0x00001700       0xFFFFFF80      0x00020002         (0, 0, 2)      [11] [NE]
    359     0x0003C000       0xFFFFFF00      0x00080000         (0, 3, 8)      [13] []
    360     0x00007780       0xFFFFFF80      0x00200002         (0, 0, 14)      [15] [NE]
    361     0x00022000       0xFFFFFF80      0x00004000         (0, 2, 4)      [8] []
    362     0x0000AE80       0xFFFFFF80      0x00800000         (0, 0, 5)      [17] []
    363     0x00000700       0xFFFFFF80      0x00001000         (0, 0, 0)      [6] []
    364     0x0000C080       0xFFFFFF80      0x00000F80         (0, 0, 8)      [1, 2, 3, 4, 5] []
    365     0x0000BD80       0xFFFFFF80      0x00000F80         (0, 0, 7)      [1, 2, 3, 4, 5] []
    366     0x0000C180       0xFFFFFF80      0x00000FBB         (0, 0, 8)      [1, 2, 3, 4, 5] [E, NE, W, SW, S]
    367     0x00019C80       0xFFFFFF80      0x00000002         (0, 1, 3)      [] [NE]
    368     0x00002580       0xFFFFFF80      0x00080000         (0, 0, 4)      [13] []
    369     0x0000C900       0xFFFFFF80      0x00FFF033         (0, 0, 9)      [6, 7, 8, 9, 10, 11, 12, 13, 14, 15, 16, 17] [E, NE, SW, S]
    370     0x00011480       0xFFFFFF80      0x00000800         (0, 1, 2)      [5] []
    371     0x00008400       0xFFFFFF80      0x00080003         (0, 0, 0)      [13] [E, NE]
    372     0x00004500       0xFFFFFF80      0x00000002         (0, 0, 8)      [] [NE]
    373     0x0001A300       0xFFFFFF80      0x00000102         (0, 1, 4)      [2] [NE]
    374     0x0000B600       0xFFFFFF80      0x00001F80         (0, 0, 6)      [1, 2, 3, 4, 5, 6] []
    375     0x0001AA00       0xFFFFFF80      0x00000002         (0, 1, 5)      [] [NE]
    376     0x0000F900       0xFFFFFF80      0x00000400         (0, 0, 15)      [4] []
    377     0x0000AA80       0xFFFFFF80      0x00008000         (0, 0, 5)      [9] []
    378     0x00000880       0xFFFFFF80      0x00008000         (0, 0, 1)      [9] []
    379     0x0002FB00       0xFFFFFF00      0x00000001         (0, 2, 15)      [] [E]
    380     0x0001C300       0xFFFFFF80      0x00000002         (0, 1, 8)      [] [NE]
    381     0x0001AB00       0xFFFFFF80      0x00000002         (0, 1, 5)      [] [NE]
    382     0x00013500       0xFFFFFF80      0x00400000         (0, 1, 6)      [16] []
    383     0x00002200       0xFFFFFF80      0x00001000         (0, 0, 4)      [6] []
    384     0x0001BD00       0xFFFFFF80      0x00000202         (0, 1, 7)      [3] [NE]
    385     0x0000E380       0xFFFFFF80      0x00200000         (0, 0, 12)      [15] []
    386     0x00006B00       0xFFFFFF80      0x00800000         (0, 0, 13)      [17] []
    387     0x00022280       0xFFFFFF80      0x00080001         (0, 2, 4)      [13] [E]
    388     0x00019900       0xFFFFFF80      0x00000082         (0, 1, 3)      [1] [NE]
    389     0x00004D00       0xFFFFFF80      0x00020000         (0, 0, 9)      [11] []
    390     0x00011800       0xFFFFFF80      0x00040000         (0, 1, 3)      [12] []
    391     0x00001900       0xFFFFFF80      0x00200002         (0, 0, 3)      [15] [NE]
    392     0x00003480       0xFFFFFF80      0x00400000         (0, 0, 6)      [16] []
    393     0x0000C980       0xFFFFFF80      0x00FFF033         (0, 0, 9)      [6, 7, 8, 9, 10, 11, 12, 13, 14, 15, 16, 17] [E, NE, SW, S]
    394     0x00010480       0xFFFFFF80      0x00000010         (0, 1, 0)      [] [SW]
    395     0x00002380       0xFFFFFF80      0x00008000         (0, 0, 4)      [9] []
    396     0x0002FC00       0xFFFFFF00      0x00000001         (0, 2, 15)      [] [E]
    397     0x0000AA00       0xFFFFFF80      0x00004000         (0, 0, 5)      [8] []
    398     0x0000B700       0xFFFFFF80      0x00006F80         (0, 0, 6)      [1, 2, 3, 4, 5, 7, 8] []
    399     0x00002280       0xFFFFFF80      0x00002000         (0, 0, 4)      [7] []
    400     0x0001AC00       0xFFFFFF80      0x00000102         (0, 1, 5)      [2] [NE]
    401     0x00004D80       0xFFFFFF80      0x00040000         (0, 0, 9)      [12] []
    402     0x00021F00       0xFFFFFF80      0x00001000         (0, 2, 3)      [6] []
    403     0x0000F200       0xFFFFFF80      0x00800000         (0, 0, 14)      [17] []
    404     0x00000B80       0xFFFFFF80      0x00200002         (0, 0, 1)      [15] [NE]
    405     0x0000EE80       0xFFFFFF80      0x00010000         (0, 0, 13)      [10] []
    406     0x00016400       0xFFFFFF80      0x00000800         (0, 1, 12)      [5] []
    407     0x00022A00       0xFFFFFF80      0x00000080         (0, 2, 5)      [1] []
    408     0x0000F080       0xFFFFFF80      0x00100000         (0, 0, 14)      [14] []
    409     0x00012E00       0xFFFFFF80      0x00000100         (0, 1, 5)      [2] []
    410     0x00006880       0xFFFFFF80      0x00040000         (0, 0, 13)      [12] []
    411     0x00001680       0xFFFFFF80      0x00010000         (0, 0, 2)      [10] []
    412     0x0000E400       0xFFFFFF80      0x00400000         (0, 0, 12)      [16] []
    413     0x0001E400       0xFFFFFF80      0x00000002         (0, 1, 12)      [] [NE]
    414     0x00015800       0xFFFFFF80      0x00000010         (0, 1, 11)      [] [SW]
    415     0x00008580       0xFFFFFF80      0x00400003         (0, 0, 0)      [16] [E, NE]
    416     0x00013580       0xFFFFFF80      0x00800000         (0, 1, 6)      [17] []
    417     0x00008F00       0xFFFFFF80      0x00004000         (0, 0, 1)      [8] []
    418     0x0000DE80       0xFFFFFF80      0x00000800         (0, 0, 11)      [5] []
    419     0x0000BA00       0xFFFFFF80      0x00180F80         (0, 0, 7)      [1, 2, 3, 4, 5, 13, 14] []
    420     0x00009980       0xFFFFFF80      0x00000100         (0, 0, 3)      [2] []
    421     0x0000B380       0xFFFFFF80      0x00000080         (0, 0, 6)      [1] []
    422     0x0000CA00       0xFFFFFF80      0x00FFF000         (0, 0, 9)      [6, 7, 8, 9, 10, 11, 12, 13, 14, 15, 16, 17] []
    423     0x0000BC80       0xFFFFFF80      0x00000F80         (0, 0, 7)      [1, 2, 3, 4, 5] []
    424     0x0001AB80       0xFFFFFF80      0x00000082         (0, 1, 5)      [1] [NE]
    425     0x0001CA00       0xFFFFFF80      0x00000002         (0, 1, 9)      [] [NE]
    426     0x0000F800       0xFFFFFF80      0x00000100         (0, 0, 15)      [2] []
    427     0x0001C080       0xFFFFFF80      0x00000002         (0, 1, 8)      [] [NE]
    428     0x0001E580       0xFFFFFF80      0x00000002         (0, 1, 12)      [] [NE]
    429     0x00000800       0xFFFFFF80      0x00004000         (0, 0, 1)      [8] []
    430     0x0001C700       0xFFFFFF80      0x00000002         (0, 1, 8)      [] [NE]
    431     0x0000BC00       0xFFFFFF80      0x00800F80         (0, 0, 7)      [1, 2, 3, 4, 5, 17] []
    432     0x00013B80       0xFFFFFF80      0x00000100         (0, 1, 7)      [2] []
    433     0x00009B80       0xFFFFFF80      0x00001000         (0, 0, 3)      [6] []
    434     0x00004280       0xFFFFFF80      0x00800002         (0, 0, 8)      [17] [NE]
    435     0x0001CD00       0xFFFFFF80      0x00000002         (0, 1, 9)      [] [NE]
    436     0x00009C00       0xFFFFFF80      0x00002000         (0, 0, 3)      [7] []
    437     0x0000CE00       0xFFFFFF80      0x00FFF000         (0, 0, 9)      [6, 7, 8, 9, 10, 11, 12, 13, 14, 15, 16, 17] []
    438     0x0001AF80       0xFFFFFF80      0x00000002         (0, 1, 5)      [] [NE]
    439     0x00003400       0xFFFFFF80      0x00200000         (0, 0, 6)      [15] []
    440     0x00011A00       0xFFFFFF80      0x00400000         (0, 1, 3)      [16] []
    441     0x00010400       0xFFFFFF80      0x00000010         (0, 1, 0)      [] [SW]
    442     0x0001A280       0xFFFFFF80      0x00000082         (0, 1, 4)      [1] [NE]
    443     0x00012000       0xFFFFFF80      0x00000080         (0, 1, 4)      [1] []
    444     0x00009C80       0xFFFFFF80      0x00004000         (0, 0, 3)      [8] []
    445     0x0000EF80       0xFFFFFF80      0x00040000         (0, 0, 13)      [12] []
    446     0x0001A980       0xFFFFFF80      0x00000002         (0, 1, 5)      [] [NE]
    447     0x00002500       0xFFFFFF80      0x00040000         (0, 0, 4)      [12] []
    448     0x00005000       0xFFFFFF80      0x00800000         (0, 0, 10)      [17] []
    449     0x00010700       0xFFFFFF80      0x00000810         (0, 1, 0)      [5] [SW]
    450     0x00005A80       0xFFFFFF80      0x00020000         (0, 0, 11)      [11] []
    451     0x0001A580       0xFFFFFF80      0x00000002         (0, 1, 4)      [] [NE]
    452     0x00003D00       0xFFFFFF80      0x00001000         (0, 0, 7)      [6] []
    453     0x0000CD80       0xFFFFFF80      0x00FFF000         (0, 0, 9)      [6, 7, 8, 9, 10, 11, 12, 13, 14, 15, 16, 17] []
    454     0x00011880       0xFFFFFF80      0x00080000         (0, 1, 3)      [13] []
    455     0x00009F80       0xFFFFFF80      0x00100000         (0, 0, 3)      [14] []
    456     0x00009100       0xFFFFFF80      0x00040000         (0, 0, 2)      [12] []
    457     0x00008100       0xFFFFFF80      0x00002001         (0, 0, 0)      [7] [E]
    458     0x00008280       0xFFFFFF80      0x00010003         (0, 0, 0)      [10] [E, NE]
    459     0x00022100       0xFFFFFF80      0x00010000         (0, 2, 4)      [10] []
    460     0x0000B800       0xFFFFFF80      0x00018F80         (0, 0, 7)      [1, 2, 3, 4, 5, 9, 10] []
    461     0x00004080       0xFFFFFF80      0x00080002         (0, 0, 8)      [13] [NE]
    462     0x0001BE80       0xFFFFFF80      0x00000002         (0, 1, 7)      [] [NE]
    463     0x0001A700       0xFFFFFF80      0x00000002         (0, 1, 4)      [] [NE]
    464     0x00001B80       0xFFFFFF80      0x00000002         (0, 0, 3)      [] [NE]
    465     0x00019100       0xFFFFFF80      0x00000810         (0, 1, 2)      [5] [SW]
    466     0x0001AD00       0xFFFFFF80      0x00000402         (0, 1, 5)      [4] [NE]
    467     0x00010500       0xFFFFFF80      0x00000090         (0, 1, 0)      [1] [SW]
    468     0x0000C280       0xFFFFFF80      0x00000FB3         (0, 0, 8)      [1, 2, 3, 4, 5] [E, NE, SW, S]
    469     0x00019700       0xFFFFFF80      0x00000002         (0, 1, 2)      [] [NE]
    470     0x0000D480       0xFFFFFF80      0x00060000         (0, 0, 10)      [11, 12] []
    471     0x0001BC00       0xFFFFFF80      0x00000082         (0, 1, 7)      [1] [NE]
    472     0x0001B680       0xFFFFFF80      0x00000002         (0, 1, 6)      [] [NE]
    473     0x00019C00       0xFFFFFF80      0x00000002         (0, 1, 3)      [] [NE]
    474     0x0000FC00       0xFFFFFF80      0x00010000         (0, 0, 15)      [10] []
    475     0x00019080       0xFFFFFF80      0x00000410         (0, 1, 2)      [4] [SW]
    476     0x00019880       0xFFFFFF80      0x00000002         (0, 1, 3)      [] [NE]
    477     0x00015000       0xFFFFFF80      0x00800000         (0, 1, 10)      [17] []
    478     0x0001A400       0xFFFFFF80      0x00000402         (0, 1, 4)      [4] [NE]
    479     0x00015600       0xFFFFFF80      0x00000110         (0, 1, 10)      [2] [SW]
    480     0x0000A000       0xFFFFFF80      0x00200000         (0, 0, 4)      [15] []
    481     0x00002680       0xFFFFFF80      0x00200000         (0, 0, 4)      [15] []
    482     0x0001A500       0xFFFFFF80      0x00000002         (0, 1, 4)      [] [NE]
    483     0x00012100       0xFFFFFF80      0x00000200         (0, 1, 4)      [3] []
    484     0x00004E80       0xFFFFFF80      0x00100000         (0, 0, 9)      [14] []
    485     0x0000C100       0xFFFFFF80      0x00000F80         (0, 0, 8)      [1, 2, 3, 4, 5] []
    486     0x0000B500       0xFFFFFF80      0x00000600         (0, 0, 6)      [3, 4] []
    487     0x00018500       0xFFFFFF80      0x00000100         (0, 1, 0)      [2] []
    488     0x00005D80       0xFFFFFF80      0x00800000         (0, 0, 11)      [17] []
    489     0x00012780       0xFFFFFF80      0x00400000         (0, 1, 4)      [16] []
    490     0x00007580       0xFFFFFF80      0x00020002         (0, 0, 14)      [11] [NE]
    491     0x00022380       0xFFFFFF80      0x00200000         (0, 2, 4)      [15] []
    492     0x00003080       0xFFFFFF80      0x00004000         (0, 0, 6)      [8] []
    493     0x0003B800       0xFFFFFF00      0x00000800         (0, 3, 7)      [5] []
    494     0x0003B600       0xFFFFFF00      0x00000200         (0, 3, 6)      [3] []
    495     0x0001DA00       0xFFFFFF80      0x00000002         (0, 1, 11)      [] [NE]
    496     0x00000A00       0xFFFFFF80      0x00040002         (0, 0, 1)      [12] [NE]
    497     0x00013D00       0xFFFFFF80      0x00000800         (0, 1, 7)      [5] []
    498     0x0000AD00       0xFFFFFF80      0x00100000         (0, 0, 5)      [14] []
    499     0x00019180       0xFFFFFF80      0x00000010         (0, 1, 2)      [] [SW]
    500     0x0000B780       0xFFFFFF80      0x0000CF80         (0, 0, 6)      [1, 2, 3, 4, 5, 8, 9] []
    501     0x0001A000       0xFFFFFF80      0x00000002         (0, 1, 4)      [] [NE]
    502     0x00014900       0xFFFFFF80      0x00000100         (0, 1, 9)      [2] []
    503     0x0003BA00       0xFFFFFF00      0x00002000         (0, 3, 7)      [7] []
    504     0x00010B00       0xFFFFFF80      0x00080010         (0, 1, 1)      [13] [SW]
    505     0x00006900       0xFFFFFF80      0x00080000         (0, 0, 13)      [13] []
    506     0x0001CE80       0xFFFFFF80      0x00000002         (0, 1, 9)      [] [NE]
    507     0x00008180       0xFFFFFF80      0x00004001         (0, 0, 0)      [8] [E]
    508     0x0001B580       0xFFFFFF80      0x00000402         (0, 1, 6)      [4] [NE]
    509     0x0001E000       0xFFFFFF80      0x00000002         (0, 1, 12)      [] [NE]
    510     0x00018480       0xFFFFFF80      0x00000080         (0, 1, 0)      [1] []
    511     0x0000E100       0xFFFFFF80      0x00010000         (0, 0, 12)      [10] []
    512     0x00009200       0xFFFFFF80      0x00100000         (0, 0, 2)      [14] []
    513     0x00005A00       0xFFFFFF80      0x00010000         (0, 0, 11)      [10] []
    514     0x00008480       0xFFFFFF80      0x00100003         (0, 0, 0)      [14] [E, NE]
    515     0x00011380       0xFFFFFF80      0x00000200         (0, 1, 2)      [3] []
    516     0x0000F000       0xFFFFFF80      0x00080000         (0, 0, 14)      [13] []
    517     0x0002FE00       0xFFFFFF00      0x00000001         (0, 2, 15)      [] [E]
    518     0x00014300       0xFFFFFF80      0x00800000         (0, 1, 8)      [17] []
    519     0x00017980       0xFFFFFF80      0x00000080         (0, 1, 15)      [1] []
    520     0x0000BE00       0xFFFFFF80      0x00000F80         (0, 0, 7)      [1, 2, 3, 4, 5] []
    521     0x00055C00       0xFFFFFF00      0x00000020         (0, 5, 11)      [] [S]
    522     0x0000C700       0xFFFFFF80      0x00FFF033         (0, 0, 8)      [6, 7, 8, 9, 10, 11, 12, 13, 14, 15, 16, 17] [E, NE, SW, S]
    523     0x00001A00       0xFFFFFF80      0x00800002         (0, 0, 3)      [17] [NE]
    524     0x0001C480       0xFFFFFF80      0x00000202         (0, 1, 8)      [3] [NE]
    525     0x0000DC80       0xFFFFFF80      0x00000080         (0, 0, 11)      [1] []
    526     0x00001780       0xFFFFFF80      0x00040002         (0, 0, 2)      [12] [NE]
    527     0x00016200       0xFFFFFF80      0x00000080         (0, 1, 12)      [1] []
    528     0x00007800       0xFFFFFF80      0x00400000         (0, 0, 15)      [16] []
    529     0x00010600       0xFFFFFF80      0x00000210         (0, 1, 0)      [3] [SW]
    530     0x00022480       0xFFFFFF80      0x00800000         (0, 2, 4)      [17] []
    531     0x00017B00       0xFFFFFF80      0x00000400         (0, 1, 15)      [4] []
    532     0x0000FD80       0xFFFFFF80      0x00080000         (0, 0, 15)      [13] []
    533     0x00018F80       0xFFFFFF80      0x00000110         (0, 1, 1)      [2] [SW]
    534     0x0000D380       0xFFFFFF80      0x00018000         (0, 0, 10)      [9, 10] []
    535     0x0001B880       0xFFFFFF80      0x00000002         (0, 1, 7)      [] [NE]
    536     0x00002600       0xFFFFFF80      0x00100000         (0, 0, 4)      [14] []
    537     0x00008200       0xFFFFFF80      0x00008003         (0, 0, 0)      [9] [E, NE]
    538     0x00022080       0xFFFFFF80      0x00008000         (0, 2, 4)      [9] []
    539     0x00001480       0xFFFFFF80      0x00001000         (0, 0, 2)      [6] []
    540     0x00005B00       0xFFFFFF80      0x00040000         (0, 0, 11)      [12] []
    541     0x00002700       0xFFFFFF80      0x00400000         (0, 0, 4)      [16] []
    542     0x00016300       0xFFFFFF80      0x00000200         (0, 1, 12)      [3] []
    543     0x00017A80       0xFFFFFF80      0x00000200         (0, 1, 15)      [3] []
    544     0x0001D200       0xFFFFFF80      0x00000203         (0, 1, 10)      [3] [E, NE]
    545     0x0000E200       0xFFFFFF80      0x00040000         (0, 0, 12)      [12] []
    546     0x00010880       0xFFFFFF80      0x00000010         (0, 1, 1)      [] [SW]
    547     0x0000D700       0xFFFFFF80      0x00C00000         (0, 0, 10)      [16, 17] []
    548     0x00010980       0xFFFFFF80      0x00000010         (0, 1, 1)      [] [SW]
    549     0x00013400       0xFFFFFF80      0x00100000         (0, 1, 6)      [14] []
    550     0x00012700       0xFFFFFF80      0x00200000         (0, 1, 4)      [15] []
    551     0x0000D200       0xFFFFFF80      0x00003000         (0, 0, 10)      [6, 7] []
    552     0x00002780       0xFFFFFF80      0x00800000         (0, 0, 4)      [17] []
    553     0x00000A80       0xFFFFFF80      0x00080002         (0, 0, 1)      [13] [NE]
    554     0x0000C880       0xFFFFFF80      0x00FFF033         (0, 0, 9)      [6, 7, 8, 9, 10, 11, 12, 13, 14, 15, 16, 17] [E, NE, SW, S]
    555     0x0000D280       0xFFFFFF80      0x00006000         (0, 0, 10)      [8, 7] []
    556     0x0001A100       0xFFFFFF80      0x00000002         (0, 1, 4)      [] [NE]
    557     0x00019680       0xFFFFFF80      0x00000002         (0, 1, 2)      [] [NE]
    558     0x00012180       0xFFFFFF80      0x00000400         (0, 1, 4)      [4] []
    559     0x00014200       0xFFFFFF80      0x00200000         (0, 1, 8)      [15] []
    560     0x00002F80       0xFFFFFF80      0x00001000         (0, 0, 5)      [6] []
    561     0x0001D780       0xFFFFFF80      0x00000002         (0, 1, 10)      [] [NE]
    562     0x00019800       0xFFFFFF80      0x00000002         (0, 1, 3)      [] [NE]
    563     0x00055900       0xFFFFFF00      0x00000020         (0, 5, 11)      [] [S]
    564     0x0001A680       0xFFFFFF80      0x00000002         (0, 1, 4)      [] [NE]
    565     0x00004A80       0xFFFFFF80      0x00001000         (0, 0, 9)      [6] []
    566     0x0001D180       0xFFFFFF80      0x00000103         (0, 1, 10)      [2] [E, NE]
    567     0x00004E00       0xFFFFFF80      0x00080000         (0, 0, 9)      [13] []
    568     0x00003000       0xFFFFFF80      0x00002000         (0, 0, 6)      [7] []
    569     0x00004B00       0xFFFFFF80      0x00002000         (0, 0, 9)      [7] []
    570     0x00014A80       0xFFFFFF80      0x00000800         (0, 1, 9)      [5] []
    571     0x00019600       0xFFFFFF80      0x00000002         (0, 1, 2)      [] [NE]
    572     0x00003E80       0xFFFFFF80      0x00008000         (0, 0, 7)      [9] []
    573     0x00003500       0xFFFFFF80      0x00800000         (0, 0, 6)      [17] []
    574     0x0000F980       0xFFFFFF80      0x00000800         (0, 0, 15)      [5] []
    575     0x0001B380       0xFFFFFF80      0x00000002         (0, 1, 6)      [] [NE]
    576     0x0001E080       0xFFFFFF80      0x00000002         (0, 1, 12)      [] [NE]
    577     0x00003100       0xFFFFFF80      0x00008000         (0, 0, 6)      [9] []
    578     0x00019D00       0xFFFFFF80      0x00000002         (0, 1, 3)      [] [NE]
    579     0x0000C400       0xFFFFFF80      0x00FFF031         (0, 0, 8)      [6, 7, 8, 9, 10, 11, 12, 13, 14, 15, 16, 17] [E, SW, S]
    580     0x00018600       0xFFFFFF80      0x00000400         (0, 1, 0)      [4] []
    581     0x0000EB80       0xFFFFFF80      0x00000400         (0, 0, 13)      [4] []
    582     0x00006580       0xFFFFFF80      0x00001000         (0, 0, 12)      [6] []
    583     0x0000D500       0xFFFFFF80      0x000C0000         (0, 0, 10)      [12, 13] []
    584     0x00014F80       0xFFFFFF80      0x00400000         (0, 1, 9)      [16] []
    585     0x0000C480       0xFFFFFF80      0x00FFF031         (0, 0, 8)      [6, 7, 8, 9, 10, 11, 12, 13, 14, 15, 16, 17] [E, SW, S]
    586     0x0001D100       0xFFFFFF80      0x00000002         (0, 1, 10)      [] [NE]
    587     0x00009000       0xFFFFFF80      0x00010000         (0, 0, 2)      [10] []
    588     0x00008600       0xFFFFFF80      0x00800000         (0, 0, 0)      [17] []
    589     0x0001B300       0xFFFFFF80      0x00000002         (0, 1, 6)      [] [NE]
    590     0x00017A00       0xFFFFFF80      0x00000100         (0, 1, 15)      [2] []
    591     0x0001CF00       0xFFFFFF80      0x00000002         (0, 1, 9)      [] [NE]
    592     0x0000DE00       0xFFFFFF80      0x00000400         (0, 0, 11)      [4] []
    593     0x0000C300       0xFFFFFF80      0x00000FB3         (0, 0, 8)      [1, 2, 3, 4, 5] [E, NE, SW, S]
    594     0x0000B680       0xFFFFFF80      0x00003F80         (0, 0, 6)      [1, 2, 3, 4, 5, 6, 7] []
