router contains 70 entries 
 
  Index   Key(hex)    Mask(hex)    Route(hex)    Src. Core -> [Cores][Links]
------------------------------------------------------------------------------
    0     0x00023000       0xFFFFFF80      0x00010008         (0, 2, 6)      [10] [W]
    1     0x00022800       0xFFFFFF80      0x00200008         (0, 2, 5)      [15] [W]
    2     0x00022D00       0xFFFFFF80      0x00000408         (0, 2, 5)      [4] [W]
    3     0x00022C00       0xFFFFFF80      0x00000108         (0, 2, 5)      [2] [W]
    4     0x0001FC80       0xFFFFFF80      0x00000003         (0, 1, 15)      [] [E, NE]
    5     0x0001FB00       0xFFFFFF80      0x00000003         (0, 1, 15)      [] [E, NE]
    6     0x00053D00       0xFFFFFF00      0x00000002         (0, 5, 7)      [] [NE]
    7     0x00022980       0xFFFFFF80      0x00000008         (0, 2, 5)      [] [W]
    8     0x0003A300       0xFFFFFF00      0x00000020         (0, 3, 4)      [] [S]
    9     0x00022880       0xFFFFFF80      0x00400008         (0, 2, 5)      [16] [W]
    10     0x0003A500       0xFFFFFF00      0x00000020         (0, 3, 4)      [] [S]
    11     0x00054000       0xFFFFFF00      0x00000002         (0, 5, 8)      [] [NE]
    12     0x00054800       0xFFFFFF00      0x00000002         (0, 5, 9)      [] [NE]
    13     0x0001FB80       0xFFFFFF80      0x00000003         (0, 1, 15)      [] [E, NE]
    14     0x0001FE80       0xFFFFFF80      0x00000003         (0, 1, 15)      [] [E, NE]
    15     0x0003A800       0xFFFFFF00      0x00000020         (0, 3, 5)      [] [S]
    16     0x00022F00       0xFFFFFF80      0x00004008         (0, 2, 5)      [8] [W]
    17     0x00053E00       0xFFFFFF00      0x00000002         (0, 5, 7)      [] [NE]
    18     0x0001FD80       0xFFFFFF80      0x00000003         (0, 1, 15)      [] [E, NE]
    19     0x00022680       0xFFFFFF80      0x00040000         (0, 2, 4)      [12] []
    20     0x00054500       0xFFFFFF00      0x00000002         (0, 5, 8)      [] [NE]
    21     0x0003AA00       0xFFFFFF00      0x00000020         (0, 3, 5)      [] [S]
    22     0x0003A400       0xFFFFFF00      0x00000020         (0, 3, 4)      [] [S]
    23     0x00054100       0xFFFFFF00      0x00000002         (0, 5, 8)      [] [NE]
    24     0x00020D80       0xFFFFFF80      0x00FC0000         (0, 2, 1)      [12, 13, 14, 15, 16, 17] []
    25     0x0003B300       0xFFFFFF00      0x00000020         (0, 3, 6)      [] [S]
    26     0x0001FA00       0xFFFFFF80      0x00000003         (0, 1, 15)      [] [E, NE]
    27     0x00054600       0xFFFFFF00      0x00000002         (0, 5, 8)      [] [NE]
    28     0x00022D80       0xFFFFFF80      0x00000808         (0, 2, 5)      [5] [W]
    29     0x00022700       0xFFFFFF80      0x00080008         (0, 2, 4)      [13] [W]
    30     0x0003AC00       0xFFFFFF00      0x00000020         (0, 3, 5)      [] [S]
    31     0x00020D00       0xFFFFFF80      0x0003FF80         (0, 2, 1)      [1, 2, 3, 4, 5, 6, 7, 8, 9, 10, 11] []
    32     0x0003AE00       0xFFFFFF00      0x00000020         (0, 3, 5)      [] [S]
    33     0x00022E00       0xFFFFFF80      0x00001008         (0, 2, 5)      [6] [W]
    34     0x00053F00       0xFFFFFF00      0x00000002         (0, 5, 7)      [] [NE]
    35     0x0001FE00       0xFFFFFF80      0x00000003         (0, 1, 15)      [] [E, NE]
    36     0x00054900       0xFFFFFF00      0x00000002         (0, 5, 9)      [] [NE]
    37     0x0001F900       0xFFFFFF80      0x00000003         (0, 1, 15)      [] [E, NE]
    38     0x0003B100       0xFFFFFF00      0x00000020         (0, 3, 6)      [] [S]
    39     0x0001FD00       0xFFFFFF80      0x00000003         (0, 1, 15)      [] [E, NE]
    40     0x00023080       0xFFFFFF80      0x00020008         (0, 2, 6)      [11] [W]
    41     0x00022C80       0xFFFFFF80      0x00000208         (0, 2, 5)      [3] [W]
    42     0x00054A00       0xFFFFFF00      0x00000002         (0, 5, 9)      [] [NE]
    43     0x0003AF00       0xFFFFFF00      0x00000020         (0, 3, 5)      [] [S]
    44     0x0001F980       0xFFFFFF80      0x00000003         (0, 1, 15)      [] [E, NE]
    45     0x00054C00       0xFFFFFF00      0x00000002         (0, 5, 9)      [] [NE]
    46     0x00022B00       0xFFFFFF80      0x00000008         (0, 2, 5)      [] [W]
    47     0x00020B00       0xFFFFFF80      0x00000001         (0, 2, 1)      [] [E]
    48     0x0003B000       0xFFFFFF00      0x00000020         (0, 3, 6)      [] [S]
    49     0x00022A80       0xFFFFFF80      0x00000008         (0, 2, 5)      [] [W]
    50     0x0003A600       0xFFFFFF00      0x00000020         (0, 3, 4)      [] [S]
    51     0x00054400       0xFFFFFF00      0x00000002         (0, 5, 8)      [] [NE]
    52     0x0001FA80       0xFFFFFF80      0x00000003         (0, 1, 15)      [] [E, NE]
    53     0x0003B200       0xFFFFFF00      0x00000020         (0, 3, 6)      [] [S]
    54     0x00022900       0xFFFFFF80      0x00800008         (0, 2, 5)      [17] [W]
    55     0x00022F80       0xFFFFFF80      0x00008008         (0, 2, 5)      [9] [W]
    56     0x0001FC00       0xFFFFFF80      0x00000003         (0, 1, 15)      [] [E, NE]
    57     0x00022E80       0xFFFFFF80      0x00002008         (0, 2, 5)      [7] [W]
    58     0x00022A00       0xFFFFFF80      0x00000008         (0, 2, 5)      [] [W]
    59     0x00054D00       0xFFFFFF00      0x00000002         (0, 5, 9)      [] [NE]
    60     0x0003A700       0xFFFFFF00      0x00000020         (0, 3, 4)      [] [S]
    61     0x00054700       0xFFFFFF00      0x00000002         (0, 5, 8)      [] [NE]
    62     0x0003A900       0xFFFFFF00      0x00000020         (0, 3, 5)      [] [S]
    63     0x00022B80       0xFFFFFF80      0x00000088         (0, 2, 5)      [1] [W]
    64     0x0003AB00       0xFFFFFF00      0x00000020         (0, 3, 5)      [] [S]
    65     0x00022780       0xFFFFFF80      0x00100008         (0, 2, 4)      [14] [W]
    66     0x0003AD00       0xFFFFFF00      0x00000020         (0, 3, 5)      [] [S]
    67     0x00054200       0xFFFFFF00      0x00000002         (0, 5, 8)      [] [NE]
    68     0x00054B00       0xFFFFFF00      0x00000002         (0, 5, 9)      [] [NE]
    69     0x00054300       0xFFFFFF00      0x00000002         (0, 5, 8)      [] [NE]
