router contains 123 entries 
 
  Index   Key(hex)    Mask(hex)    Route(hex)    Src. Core -> [Cores][Links]
------------------------------------------------------------------------------
    0     0x0002C000       0xFFFFFF00      0x00000004         (0, 2, 8)      [] [N]
    1     0x0000D100       0xFFFFFF80      0x00000008         (0, 0, 10)      [] [W]
    2     0x0002C400       0xFFFFFF00      0x00000004         (0, 2, 8)      [] [N]
    3     0x00021B00       0xFFFFFF80      0x00010020         (0, 2, 3)      [10] [S]
    4     0x0002B900       0xFFFFFF00      0x00000004         (0, 2, 7)      [] [N]
    5     0x00002980       0xFFFFFF80      0x00000010         (0, 0, 5)      [] [SW]
    6     0x00022880       0xFFFFFF80      0x00000021         (0, 2, 5)      [] [E, S]
    7     0x00011580       0xFFFFFF80      0x00000008         (0, 1, 2)      [] [W]
    8     0x00026700       0xFFFFFF00      0x00000004         (0, 2, 12)      [] [N]
    9     0x00021D00       0xFFFFFF80      0x00100020         (0, 2, 3)      [14] [S]
    10     0x0002BA00       0xFFFFFF00      0x00000004         (0, 2, 7)      [] [N]
    11     0x00056D00       0xFFFFFF00      0x00000004         (0, 5, 13)      [] [N]
    12     0x00021F80       0xFFFFFF80      0x00000020         (0, 2, 3)      [] [S]
    13     0x0000DC00       0xFFFFFF80      0x00000008         (0, 0, 11)      [] [W]
    14     0x00022700       0xFFFFFF80      0x00000021         (0, 2, 4)      [] [E, S]
    15     0x00022B80       0xFFFFFF80      0x00000020         (0, 2, 5)      [] [S]
    16     0x00026900       0xFFFFFF00      0x00000004         (0, 2, 13)      [] [N]
    17     0x00026B00       0xFFFFFF00      0x00000004         (0, 2, 13)      [] [N]
    18     0x00056C00       0xFFFFFF00      0x00000004         (0, 5, 13)      [] [N]
    19     0x00009980       0xFFFFFF80      0x00000008         (0, 0, 3)      [] [W]
    20     0x00036700       0xFFFFFF00      0x00000002         (0, 3, 12)      [] [NE]
    21     0x0000D080       0xFFFFFF80      0x00000008         (0, 0, 10)      [] [W]
    22     0x0002B800       0xFFFFFF00      0x00000004         (0, 2, 7)      [] [N]
    23     0x00022500       0xFFFFFF80      0x00000221         (0, 2, 4)      [3] [E, S]
    24     0x00022B00       0xFFFFFF80      0x00000020         (0, 2, 5)      [] [S]
    25     0x00002700       0xFFFFFF80      0x00000010         (0, 0, 4)      [] [SW]
    26     0x00021F00       0xFFFFFF80      0x00000020         (0, 2, 3)      [] [S]
    27     0x0000DF00       0xFFFFFF80      0x00000008         (0, 0, 11)      [] [W]
    28     0x0002C100       0xFFFFFF00      0x00000004         (0, 2, 8)      [] [N]
    29     0x00034400       0xFFFFFF00      0x00000002         (0, 3, 8)      [] [NE]
    30     0x0000D000       0xFFFFFF80      0x00000008         (0, 0, 10)      [] [W]
    31     0x0000CF80       0xFFFFFF80      0x00000008         (0, 0, 9)      [] [W]
    32     0x00022980       0xFFFFFF80      0x00000020         (0, 2, 5)      [] [S]
    33     0x0001FF80       0xFFFFFF80      0x00000F80         (0, 1, 15)      [1, 2, 3, 4, 5] []
    34     0x0000CF00       0xFFFFFF80      0x00000008         (0, 0, 9)      [] [W]
    35     0x0002C700       0xFFFFFF00      0x00000004         (0, 2, 8)      [] [N]
    36     0x00008B80       0xFFFFFF80      0x00000008         (0, 0, 1)      [] [W]
    37     0x00027400       0xFFFFFF00      0x00000002         (0, 2, 14)      [] [NE]
    38     0x00022900       0xFFFFFF80      0x00000020         (0, 2, 5)      [] [S]
    39     0x00011680       0xFFFFFF80      0x00000008         (0, 1, 2)      [] [W]
    40     0x00033F00       0xFFFFFF00      0x00000002         (0, 3, 7)      [] [NE]
    41     0x00026A00       0xFFFFFF00      0x00000004         (0, 2, 13)      [] [N]
    42     0x00036200       0xFFFFFF00      0x00000002         (0, 3, 12)      [] [NE]
    43     0x00026600       0xFFFFFF00      0x00000004         (0, 2, 12)      [] [N]
    44     0x00008B00       0xFFFFFF80      0x00000008         (0, 0, 1)      [] [W]
    45     0x00011500       0xFFFFFF80      0x00000008         (0, 1, 2)      [] [W]
    46     0x0002C200       0xFFFFFF00      0x00000004         (0, 2, 8)      [] [N]
    47     0x0000CE80       0xFFFFFF80      0x00000008         (0, 0, 9)      [] [W]
    48     0x00021A80       0xFFFFFF80      0x00008020         (0, 2, 3)      [9] [S]
    49     0x00021D80       0xFFFFFF80      0x00200020         (0, 2, 3)      [15] [S]
    50     0x00034300       0xFFFFFF00      0x00000002         (0, 3, 8)      [] [NE]
    51     0x00009880       0xFFFFFF80      0x00000008         (0, 0, 3)      [] [W]
    52     0x00022580       0xFFFFFF80      0x00000421         (0, 2, 4)      [4] [E, S]
    53     0x00021A00       0xFFFFFF80      0x00004000         (0, 2, 3)      [8] []
    54     0x00034200       0xFFFFFF00      0x00000002         (0, 3, 8)      [] [NE]
    55     0x00033D00       0xFFFFFF00      0x00000002         (0, 3, 7)      [] [NE]
    56     0x00026D00       0xFFFFFF00      0x00000004         (0, 2, 13)      [] [N]
    57     0x00002900       0xFFFFFF80      0x00000010         (0, 0, 5)      [] [SW]
    58     0x00021E80       0xFFFFFF80      0x00800020         (0, 2, 3)      [17] [S]
    59     0x00036400       0xFFFFFF00      0x00000002         (0, 3, 12)      [] [NE]
    60     0x0002BB00       0xFFFFFF00      0x00000004         (0, 2, 7)      [] [N]
    61     0x00022380       0xFFFFFF80      0x00000001         (0, 2, 4)      [] [E]
    62     0x00033E00       0xFFFFFF00      0x00000002         (0, 3, 7)      [] [NE]
    63     0x00034000       0xFFFFFF00      0x00000002         (0, 3, 8)      [] [NE]
    64     0x00026E00       0xFFFFFF00      0x00000004         (0, 2, 13)      [] [N]
    65     0x00022A80       0xFFFFFF80      0x00000020         (0, 2, 5)      [] [S]
    66     0x00022480       0xFFFFFF80      0x00000121         (0, 2, 4)      [2] [E, S]
    67     0x00002800       0xFFFFFF80      0x00000010         (0, 0, 5)      [] [SW]
    68     0x00026400       0xFFFFFF00      0x00000004         (0, 2, 12)      [] [N]
    69     0x0002C600       0xFFFFFF00      0x00000004         (0, 2, 8)      [] [N]
    70     0x00020000       0xFFFFFF80      0x00FFF000         (0, 2, 0)      [6, 7, 8, 9, 10, 11, 12, 13, 14, 15, 16, 17] []
    71     0x00022680       0xFFFFFF80      0x00000021         (0, 2, 4)      [] [E, S]
    72     0x0000DE80       0xFFFFFF80      0x00000008         (0, 0, 11)      [] [W]
    73     0x00036000       0xFFFFFF00      0x00000002         (0, 3, 12)      [] [NE]
    74     0x00026F00       0xFFFFFF00      0x00000004         (0, 2, 13)      [] [N]
    75     0x0000DF80       0xFFFFFF80      0x00000008         (0, 0, 11)      [] [W]
    76     0x00056E00       0xFFFFFF00      0x00000004         (0, 5, 13)      [] [N]
    77     0x0002BC00       0xFFFFFF00      0x00000004         (0, 2, 7)      [] [N]
    78     0x00011780       0xFFFFFF80      0x00000008         (0, 1, 2)      [] [W]
    79     0x00022A00       0xFFFFFF80      0x00000020         (0, 2, 5)      [] [S]
    80     0x00021900       0xFFFFFF80      0x00001000         (0, 2, 3)      [6] []
    81     0x0002BD00       0xFFFFFF00      0x00000004         (0, 2, 7)      [] [N]
    82     0x0000DD00       0xFFFFFF80      0x00000008         (0, 0, 11)      [] [W]
    83     0x00022800       0xFFFFFF80      0x00000021         (0, 2, 5)      [] [E, S]
    84     0x0000DD80       0xFFFFFF80      0x00000008         (0, 0, 11)      [] [W]
    85     0x00011600       0xFFFFFF80      0x00000008         (0, 1, 2)      [] [W]
    86     0x00036100       0xFFFFFF00      0x00000002         (0, 3, 12)      [] [NE]
    87     0x00002780       0xFFFFFF80      0x00000010         (0, 0, 4)      [] [SW]
    88     0x00022400       0xFFFFFF80      0x000000A1         (0, 2, 4)      [1] [E, S]
    89     0x0000DC80       0xFFFFFF80      0x00000008         (0, 0, 11)      [] [W]
    90     0x0002C500       0xFFFFFF00      0x00000004         (0, 2, 8)      [] [N]
    91     0x00027000       0xFFFFFF00      0x00000004         (0, 2, 14)      [] [N]
    92     0x0002B700       0xFFFFFF00      0x00000004         (0, 2, 6)      [] [N]
    93     0x00036500       0xFFFFFF00      0x00000002         (0, 3, 12)      [] [NE]
    94     0x00027100       0xFFFFFF00      0x00000004         (0, 2, 14)      [] [N]
    95     0x00026500       0xFFFFFF00      0x00000004         (0, 2, 12)      [] [N]
    96     0x00021C00       0xFFFFFF80      0x00040020         (0, 2, 3)      [12] [S]
    97     0x00021E00       0xFFFFFF80      0x00400020         (0, 2, 3)      [16] [S]
    98     0x00021B80       0xFFFFFF80      0x00020020         (0, 2, 3)      [11] [S]
    99     0x0002C300       0xFFFFFF00      0x00000004         (0, 2, 8)      [] [N]
    100     0x0000D180       0xFFFFFF80      0x00000008         (0, 0, 10)      [] [W]
    101     0x00002880       0xFFFFFF80      0x00000010         (0, 0, 5)      [] [SW]
    102     0x00036300       0xFFFFFF00      0x00000002         (0, 3, 12)      [] [NE]
    103     0x00034500       0xFFFFFF00      0x00000002         (0, 3, 8)      [] [NE]
    104     0x0002BE00       0xFFFFFF00      0x00000004         (0, 2, 7)      [] [N]
    105     0x00027200       0xFFFFFF00      0x00000004         (0, 2, 14)      [] [N]
    106     0x00056A00       0xFFFFFF00      0x00000004         (0, 5, 13)      [] [N]
    107     0x0000DE00       0xFFFFFF80      0x00000008         (0, 0, 11)      [] [W]
    108     0x00056B00       0xFFFFFF00      0x00000004         (0, 5, 13)      [] [N]
    109     0x00021C80       0xFFFFFF80      0x00080020         (0, 2, 3)      [13] [S]
    110     0x00035F00       0xFFFFFF00      0x00000002         (0, 3, 11)      [] [NE]
    111     0x00022780       0xFFFFFF80      0x00000021         (0, 2, 4)      [] [E, S]
    112     0x00026800       0xFFFFFF00      0x00000004         (0, 2, 13)      [] [N]
    113     0x00036600       0xFFFFFF00      0x00000002         (0, 3, 12)      [] [NE]
    114     0x00011700       0xFFFFFF80      0x00000008         (0, 1, 2)      [] [W]
    115     0x00009900       0xFFFFFF80      0x00000008         (0, 0, 3)      [] [W]
    116     0x00021980       0xFFFFFF80      0x00002000         (0, 2, 3)      [7] []
    117     0x00034100       0xFFFFFF00      0x00000002         (0, 3, 8)      [] [NE]
    118     0x00027300       0xFFFFFF00      0x00000004         (0, 2, 14)      [] [N]
    119     0x00026C00       0xFFFFFF00      0x00000004         (0, 2, 13)      [] [N]
    120     0x00022600       0xFFFFFF80      0x00000821         (0, 2, 4)      [5] [E, S]
    121     0x0002BF00       0xFFFFFF00      0x00000004         (0, 2, 7)      [] [N]
    122     0x00020180       0xFFFFFF80      0x00000020         (0, 2, 0)      [] [S]
