router contains 84 entries 
 
  Index   Key(hex)    Mask(hex)    Route(hex)    Src. Core -> [Cores][Links]
------------------------------------------------------------------------------
    0     0x00022380       0xFFFFFF80      0x00001000         (0, 2, 4)      [6] []
    1     0x00022900       0xFFFFFF80      0x00800000         (0, 2, 5)      [17] []
    2     0x00020980       0xFFFFFF80      0x00000788         (0, 2, 1)      [1, 2, 3, 4] [W]
    3     0x00022400       0xFFFFFF80      0x00002000         (0, 2, 4)      [7] []
    4     0x00019E80       0xFFFFFF80      0x00000010         (0, 1, 3)      [] [SW]
    5     0x0001BB80       0xFFFFFF80      0x00000010         (0, 1, 7)      [] [SW]
    6     0x00019D80       0xFFFFFF80      0x00000010         (0, 1, 3)      [] [SW]
    7     0x00022300       0xFFFFFF80      0x00000800         (0, 2, 4)      [5] []
    8     0x0001BA80       0xFFFFFF80      0x00000010         (0, 1, 7)      [] [SW]
    9     0x00022780       0xFFFFFF80      0x00100000         (0, 2, 4)      [14] []
    10     0x00049A00       0xFFFFFF00      0x00000010         (0, 4, 3)      [] [SW]
    11     0x0001A200       0xFFFFFF80      0x00000010         (0, 1, 4)      [] [SW]
    12     0x0001C380       0xFFFFFF80      0x00000030         (0, 1, 8)      [] [SW, S]
    13     0x0001C500       0xFFFFFF80      0x00000030         (0, 1, 8)      [] [SW, S]
    14     0x0001BF00       0xFFFFFF80      0x00000030         (0, 1, 7)      [] [SW, S]
    15     0x00022600       0xFFFFFF80      0x00020000         (0, 2, 4)      [11] []
    16     0x0001C080       0xFFFFFF80      0x00000010         (0, 1, 8)      [] [SW]
    17     0x00022880       0xFFFFFF80      0x00400000         (0, 2, 5)      [16] []
    18     0x0001C600       0xFFFFFF80      0x00000030         (0, 1, 8)      [] [SW, S]
    19     0x00022C80       0xFFFFFF80      0x00000020         (0, 2, 5)      [] [S]
    20     0x00022680       0xFFFFFF80      0x00040000         (0, 2, 4)      [12] []
    21     0x00049C00       0xFFFFFF00      0x00000010         (0, 4, 3)      [] [SW]
    22     0x00049E00       0xFFFFFF00      0x00000010         (0, 4, 3)      [] [SW]
    23     0x00020900       0xFFFFFF80      0x00000008         (0, 2, 1)      [] [W]
    24     0x0001A180       0xFFFFFF80      0x00000010         (0, 1, 4)      [] [SW]
    25     0x00022800       0xFFFFFF80      0x00200000         (0, 2, 5)      [15] []
    26     0x0001B900       0xFFFFFF80      0x00000010         (0, 1, 7)      [] [SW]
    27     0x00049500       0xFFFFFF00      0x00000010         (0, 4, 2)      [] [SW]
    28     0x0001C180       0xFFFFFF80      0x00000010         (0, 1, 8)      [] [SW]
    29     0x0001BB00       0xFFFFFF80      0x00000010         (0, 1, 7)      [] [SW]
    30     0x00049D00       0xFFFFFF00      0x00000010         (0, 4, 3)      [] [SW]
    31     0x00019F00       0xFFFFFF80      0x00000010         (0, 1, 3)      [] [SW]
    32     0x00049700       0xFFFFFF00      0x00000010         (0, 4, 2)      [] [SW]
    33     0x0004A200       0xFFFFFF00      0x00000010         (0, 4, 4)      [] [SW]
    34     0x00049B00       0xFFFFFF00      0x00000010         (0, 4, 3)      [] [SW]
    35     0x00022580       0xFFFFFF80      0x00010000         (0, 2, 4)      [10] []
    36     0x00022C00       0xFFFFFF80      0x00000020         (0, 2, 5)      [] [S]
    37     0x0001C300       0xFFFFFF80      0x00000030         (0, 1, 8)      [] [SW, S]
    38     0x0001A100       0xFFFFFF80      0x00000010         (0, 1, 4)      [] [SW]
    39     0x00022700       0xFFFFFF80      0x00080000         (0, 2, 4)      [13] []
    40     0x0001C100       0xFFFFFF80      0x00000010         (0, 1, 8)      [] [SW]
    41     0x0001C280       0xFFFFFF80      0x00000010         (0, 1, 8)      [] [SW]
    42     0x00022E80       0xFFFFFF80      0x000000A0         (0, 2, 5)      [1] [S]
    43     0x0001B800       0xFFFFFF80      0x00000010         (0, 1, 7)      [] [SW]
    44     0x0004A300       0xFFFFFF00      0x00000010         (0, 4, 4)      [] [SW]
    45     0x00020400       0xFFFFFF80      0x00000002         (0, 2, 0)      [] [NE]
    46     0x00049900       0xFFFFFF00      0x00000010         (0, 4, 3)      [] [SW]
    47     0x00049F00       0xFFFFFF00      0x00000010         (0, 4, 3)      [] [SW]
    48     0x00019E00       0xFFFFFF80      0x00000010         (0, 1, 3)      [] [SW]
    49     0x00049600       0xFFFFFF00      0x00000010         (0, 4, 2)      [] [SW]
    50     0x0001BC80       0xFFFFFF80      0x00000010         (0, 1, 7)      [] [SW]
    51     0x0001C480       0xFFFFFF80      0x00000030         (0, 1, 8)      [] [SW, S]
    52     0x0004A500       0xFFFFFF00      0x00000010         (0, 4, 4)      [] [SW]
    53     0x00023000       0xFFFFFF80      0x00000420         (0, 2, 6)      [4] [S]
    54     0x0001C580       0xFFFFFF80      0x00000030         (0, 1, 8)      [] [SW, S]
    55     0x0001A300       0xFFFFFF80      0x00000010         (0, 1, 4)      [] [SW]
    56     0x0004A400       0xFFFFFF00      0x00000010         (0, 4, 4)      [] [SW]
    57     0x00022D80       0xFFFFFF80      0x00000020         (0, 2, 5)      [] [S]
    58     0x00022500       0xFFFFFF80      0x00008000         (0, 2, 4)      [9] []
    59     0x0001C680       0xFFFFFF80      0x00000030         (0, 1, 8)      [] [SW, S]
    60     0x0001C200       0xFFFFFF80      0x00000010         (0, 1, 8)      [] [SW]
    61     0x00019F80       0xFFFFFF80      0x00000010         (0, 1, 3)      [] [SW]
    62     0x0001A080       0xFFFFFF80      0x00000010         (0, 1, 4)      [] [SW]
    63     0x00022480       0xFFFFFF80      0x00004000         (0, 2, 4)      [8] []
    64     0x0001BF80       0xFFFFFF80      0x00000030         (0, 1, 7)      [] [SW, S]
    65     0x0001C400       0xFFFFFF80      0x00000030         (0, 1, 8)      [] [SW, S]
    66     0x00020380       0xFFFFFF80      0x00000002         (0, 2, 0)      [] [NE]
    67     0x00022F00       0xFFFFFF80      0x00000120         (0, 2, 5)      [2] [S]
    68     0x00049800       0xFFFFFF00      0x00000010         (0, 4, 3)      [] [SW]
    69     0x00022F80       0xFFFFFF80      0x00000220         (0, 2, 5)      [3] [S]
    70     0x00019D00       0xFFFFFF80      0x00000010         (0, 1, 3)      [] [SW]
    71     0x0001BE80       0xFFFFFF80      0x00000030         (0, 1, 7)      [] [SW, S]
    72     0x0004A000       0xFFFFFF00      0x00000010         (0, 4, 4)      [] [SW]
    73     0x0001BA00       0xFFFFFF80      0x00000010         (0, 1, 7)      [] [SW]
    74     0x0001B980       0xFFFFFF80      0x00000010         (0, 1, 7)      [] [SW]
    75     0x00023080       0xFFFFFF80      0x00000020         (0, 2, 6)      [] [S]
    76     0x0001C000       0xFFFFFF80      0x00000010         (0, 1, 8)      [] [SW]
    77     0x0004A100       0xFFFFFF00      0x00000010         (0, 4, 4)      [] [SW]
    78     0x0001BC00       0xFFFFFF80      0x00000010         (0, 1, 7)      [] [SW]
    79     0x0001A280       0xFFFFFF80      0x00000010         (0, 1, 4)      [] [SW]
    80     0x00022D00       0xFFFFFF80      0x00000020         (0, 2, 5)      [] [S]
    81     0x0001B880       0xFFFFFF80      0x00000010         (0, 1, 7)      [] [SW]
    82     0x00020A00       0xFFFFFF80      0x00FFF800         (0, 2, 1)      [5, 6, 7, 8, 9, 10, 11, 12, 13, 14, 15, 16, 17] []
    83     0x0001A000       0xFFFFFF80      0x00000010         (0, 1, 4)      [] [SW]
