router contains 336 entries 
 
  Index   Key(hex)    Mask(hex)    Route(hex)    Src. Core -> [Cores][Links]
------------------------------------------------------------------------------
    0     0x0001F580       0xFFFFFF80      0x00000200         (0, 1, 14)      [3] []
    1     0x0001A580       0xFFFFFF80      0x0000000C         (0, 1, 4)      [] [N, W]
    2     0x0001C900       0xFFFFFF80      0x0000240C         (0, 1, 9)      [4, 7] [N, W]
    3     0x0000C380       0xFFFFFF80      0x00000008         (0, 0, 8)      [] [W]
    4     0x0000C200       0xFFFFFF80      0x00000008         (0, 0, 8)      [] [W]
    5     0x0001C700       0xFFFFFF80      0x0000000C         (0, 1, 8)      [] [N, W]
    6     0x0001CB80       0xFFFFFF80      0x0000000C         (0, 1, 9)      [] [N, W]
    7     0x00017B00       0xFFFFFF80      0x00000020         (0, 1, 15)      [] [S]
    8     0x00017000       0xFFFFFF80      0x00000020         (0, 1, 14)      [] [S]
    9     0x00012200       0xFFFFFF80      0x00000020         (0, 1, 4)      [] [S]
    10     0x0001FF00       0xFFFFFF80      0x00000001         (0, 1, 15)      [] [E]
    11     0x0001F600       0xFFFFFF80      0x00002480         (0, 1, 14)      [1, 4, 7] []
    12     0x00014080       0xFFFFFF80      0x00002400         (0, 1, 8)      [4, 7] []
    13     0x00016780       0xFFFFFF80      0x00002400         (0, 1, 12)      [4, 7] []
    14     0x00018B00       0xFFFFFF80      0x00069100         (0, 1, 1)      [9, 2, 11, 12, 6] []
    15     0x0001EC80       0xFFFFFF80      0x00069100         (0, 1, 13)      [9, 2, 11, 12, 6] []
    16     0x00011980       0xFFFFFF80      0x00000001         (0, 1, 3)      [] [E]
    17     0x0001F280       0xFFFFFF80      0x00000200         (0, 1, 14)      [3] []
    18     0x00007B80       0xFFFFFF80      0x00000008         (0, 0, 15)      [] [W]
    19     0x0001AB80       0xFFFFFF80      0x0000000C         (0, 1, 5)      [] [N, W]
    20     0x00016800       0xFFFFFF80      0x00014880         (0, 1, 13)      [8, 1, 10, 5] []
    21     0x0001C100       0xFFFFFF80      0x00000200         (0, 1, 8)      [3] []
    22     0x0001F700       0xFFFFFF80      0x00069100         (0, 1, 14)      [9, 2, 11, 12, 6] []
    23     0x00020880       0xFFFFFF80      0x00000002         (0, 2, 1)      [] [NE]
    24     0x0001FC80       0xFFFFFF80      0x0003ECA6         (0, 1, 15)      [1, 4, 5, 7, 8, 9, 10, 11] [NE, N, S]
    25     0x00020280       0xFFFFFF80      0x00000003         (0, 2, 0)      [] [E, NE]
    26     0x00012480       0xFFFFFF80      0x00000020         (0, 1, 4)      [] [S]
    27     0x00017400       0xFFFFFF80      0x000148A0         (0, 1, 14)      [8, 1, 10, 5] [S]
    28     0x00007C00       0xFFFFFF80      0x00000008         (0, 0, 15)      [] [W]
    29     0x00016D80       0xFFFFFF80      0x00000021         (0, 1, 13)      [] [E, S]
    30     0x0000C180       0xFFFFFF80      0x00000008         (0, 0, 8)      [] [W]
    31     0x00056F00       0xFFFFFF00      0x00000020         (0, 5, 13)      [] [S]
    32     0x00019780       0xFFFFFF80      0x0000000C         (0, 1, 2)      [] [N, W]
    33     0x00057700       0xFFFFFF00      0x00000020         (0, 5, 14)      [] [S]
    34     0x0001A100       0xFFFFFF80      0x00000008         (0, 1, 4)      [] [W]
    35     0x00057900       0xFFFFFF00      0x00000020         (0, 5, 15)      [] [S]
    36     0x0001B100       0xFFFFFF80      0x00002400         (0, 1, 6)      [4, 7] []
    37     0x00017900       0xFFFFFF80      0x00000020         (0, 1, 15)      [] [S]
    38     0x00017180       0xFFFFFF80      0x00000020         (0, 1, 14)      [] [S]
    39     0x00007C80       0xFFFFFF80      0x00000008         (0, 0, 15)      [] [W]
    40     0x00017100       0xFFFFFF80      0x00000020         (0, 1, 14)      [] [S]
    41     0x00019500       0xFFFFFF80      0x00014884         (0, 1, 2)      [8, 1, 10, 5] [N]
    42     0x0001CC00       0xFFFFFF80      0x0000000C         (0, 1, 9)      [] [N, W]
    43     0x0001FA00       0xFFFFFF80      0x00003E3E         (0, 1, 15)      [3, 4, 5, 6, 7] [NE, N, W, SW, S]
    44     0x00010780       0xFFFFFF80      0x00000008         (0, 1, 0)      [] [W]
    45     0x00058A00       0xFFFFFF00      0x00000020         (0, 5, 1)      [] [S]
    46     0x00022F80       0xFFFFFF80      0x00002400         (0, 2, 5)      [4, 7] []
    47     0x00016E80       0xFFFFFF80      0x00000020         (0, 1, 13)      [] [S]
    48     0x00013280       0xFFFFFF80      0x00000200         (0, 1, 6)      [3] []
    49     0x00017B80       0xFFFFFF80      0x00000020         (0, 1, 15)      [] [S]
    50     0x00004580       0xFFFFFF80      0x00000008         (0, 0, 8)      [] [W]
    51     0x0000C300       0xFFFFFF80      0x00000008         (0, 0, 8)      [] [W]
    52     0x00016A00       0xFFFFFF80      0x00000001         (0, 1, 13)      [] [E]
    53     0x00062A00       0xFFFFFF00      0x00004000         (0, 6, 5)      [8] []
    54     0x00022180       0xFFFFFF80      0x00000002         (0, 2, 4)      [] [NE]
    55     0x00017380       0xFFFFFF80      0x00002420         (0, 1, 14)      [4, 7] [S]
    56     0x0001A600       0xFFFFFF80      0x0000000C         (0, 1, 4)      [] [N, W]
    57     0x00016D00       0xFFFFFF80      0x00000020         (0, 1, 13)      [] [S]
    58     0x00057400       0xFFFFFF00      0x00000020         (0, 5, 14)      [] [S]
    59     0x00015B00       0xFFFFFF80      0x00002400         (0, 1, 11)      [4, 7] []
    60     0x00014D80       0xFFFFFF80      0x00000200         (0, 1, 9)      [3] []
    61     0x00016F00       0xFFFFFF80      0x00000020         (0, 1, 13)      [] [S]
    62     0x0001D680       0xFFFFFF80      0x00002400         (0, 1, 10)      [4, 7] []
    63     0x0000C280       0xFFFFFF80      0x00000008         (0, 0, 8)      [] [W]
    64     0x0001C200       0xFFFFFF80      0x00014880         (0, 1, 8)      [8, 1, 10, 5] []
    65     0x00062800       0xFFFFFF00      0x00001000         (0, 6, 5)      [6] []
    66     0x00010880       0xFFFFFF80      0x00000008         (0, 1, 1)      [] [W]
    67     0x0001A480       0xFFFFFF80      0x00000008         (0, 1, 4)      [] [W]
    68     0x0003C800       0xFFFFFF00      0x00000010         (0, 3, 9)      [] [SW]
    69     0x00020580       0xFFFFFF80      0x00000002         (0, 2, 0)      [] [NE]
    70     0x00021E80       0xFFFFFF80      0x00000002         (0, 2, 3)      [] [NE]
    71     0x00019A80       0xFFFFFF80      0x00000008         (0, 1, 3)      [] [W]
    72     0x0003C900       0xFFFFFF00      0x00000010         (0, 3, 9)      [] [SW]
    73     0x0001EB80       0xFFFFFF80      0x00002400         (0, 1, 13)      [4, 7] []
    74     0x0001AC80       0xFFFFFF80      0x0000000C         (0, 1, 5)      [] [N, W]
    75     0x0001AA80       0xFFFFFF80      0x0000000C         (0, 1, 5)      [] [N, W]
    76     0x0001CA80       0xFFFFFF80      0x0000000C         (0, 1, 9)      [] [N, W]
    77     0x00010700       0xFFFFFF80      0x00000008         (0, 1, 0)      [] [W]
    78     0x00017780       0xFFFFFF80      0x00000020         (0, 1, 14)      [] [S]
    79     0x00019C80       0xFFFFFF80      0x00000008         (0, 1, 3)      [] [W]
    80     0x00004480       0xFFFFFF80      0x00000008         (0, 0, 8)      [] [W]
    81     0x00021F00       0xFFFFFF80      0x00000002         (0, 2, 3)      [] [NE]
    82     0x00022400       0xFFFFFF80      0x00000002         (0, 2, 4)      [] [NE]
    83     0x00012000       0xFFFFFF80      0x00000020         (0, 1, 4)      [] [S]
    84     0x0001FC00       0xFFFFFF80      0x0001E62E         (0, 1, 15)      [3, 4, 7, 8, 9, 10] [NE, N, W, S]
    85     0x00014000       0xFFFFFF80      0x00000200         (0, 1, 8)      [3] []
    86     0x0001D000       0xFFFFFF80      0x00002400         (0, 1, 10)      [4, 7] []
    87     0x00015B80       0xFFFFFF80      0x00014880         (0, 1, 11)      [8, 1, 10, 5] []
    88     0x0001F980       0xFFFFFF80      0x000691A6         (0, 1, 15)      [1, 2, 6, 9, 11, 12] [NE, N, S]
    89     0x00022080       0xFFFFFF80      0x00000002         (0, 2, 4)      [] [NE]
    90     0x00017C00       0xFFFFFF80      0x00000020         (0, 1, 15)      [] [S]
    91     0x00019E00       0xFFFFFF80      0x00000200         (0, 1, 3)      [3] []
    92     0x0001CD80       0xFFFFFF80      0x0000000C         (0, 1, 9)      [] [N, W]
    93     0x00057200       0xFFFFFF00      0x00000020         (0, 5, 14)      [] [S]
    94     0x00017480       0xFFFFFF80      0x00069120         (0, 1, 14)      [9, 2, 11, 12, 6] [S]
    95     0x0001CE80       0xFFFFFF80      0x0000000C         (0, 1, 9)      [] [N, W]
    96     0x00014E00       0xFFFFFF80      0x00002400         (0, 1, 9)      [4, 7] []
    97     0x00020380       0xFFFFFF80      0x00000001         (0, 2, 0)      [] [E]
    98     0x0001C800       0xFFFFFF80      0x0000000C         (0, 1, 9)      [] [N, W]
    99     0x0001A380       0xFFFFFF80      0x00000008         (0, 1, 4)      [] [W]
    100     0x00062300       0xFFFFFF00      0x00000080         (0, 6, 4)      [1] []
    101     0x00021F80       0xFFFFFF80      0x00000002         (0, 2, 3)      [] [NE]
    102     0x00057000       0xFFFFFF00      0x00000020         (0, 5, 14)      [] [S]
    103     0x0001E680       0xFFFFFF80      0x00000200         (0, 1, 12)      [3] []
    104     0x00019480       0xFFFFFF80      0x00002404         (0, 1, 2)      [4, 7] [N]
    105     0x00017A00       0xFFFFFF80      0x00000020         (0, 1, 15)      [] [S]
    106     0x0001B180       0xFFFFFF80      0x00014880         (0, 1, 6)      [8, 1, 10, 5] []
    107     0x00010680       0xFFFFFF80      0x00000008         (0, 1, 0)      [] [W]
    108     0x0001A180       0xFFFFFF80      0x00000008         (0, 1, 4)      [] [W]
    109     0x0001DD00       0xFFFFFF80      0x00014880         (0, 1, 11)      [8, 1, 10, 5] []
    110     0x00019F80       0xFFFFFF80      0x00069100         (0, 1, 3)      [9, 2, 11, 12, 6] []
    111     0x00062E00       0xFFFFFF00      0x00040000         (0, 6, 5)      [12] []
    112     0x00062400       0xFFFFFF00      0x00000100         (0, 6, 4)      [2] []
    113     0x0001CB00       0xFFFFFF80      0x0000000C         (0, 1, 9)      [] [N, W]
    114     0x00019B80       0xFFFFFF80      0x00000008         (0, 1, 3)      [] [W]
    115     0x0001CA00       0xFFFFFF80      0x00069104         (0, 1, 9)      [9, 2, 11, 12, 6] [N]
    116     0x00022F00       0xFFFFFF80      0x00000200         (0, 2, 5)      [3] []
    117     0x0001A000       0xFFFFFF80      0x00000008         (0, 1, 4)      [] [W]
    118     0x0001D780       0xFFFFFF80      0x00069100         (0, 1, 10)      [9, 2, 11, 12, 6] []
    119     0x00023080       0xFFFFFF80      0x00069100         (0, 2, 6)      [9, 2, 11, 12, 6] []
    120     0x00012300       0xFFFFFF80      0x00000020         (0, 1, 4)      [] [S]
    121     0x00022600       0xFFFFFF80      0x00000002         (0, 2, 4)      [] [NE]
    122     0x00058700       0xFFFFFF00      0x00000020         (0, 5, 0)      [] [S]
    123     0x00057800       0xFFFFFF00      0x00000020         (0, 5, 15)      [] [S]
    124     0x00017F80       0xFFFFFF80      0x000148A0         (0, 1, 15)      [8, 1, 10, 5] [S]
    125     0x0001A880       0xFFFFFF80      0x00014884         (0, 1, 5)      [8, 1, 10, 5] [N]
    126     0x00012100       0xFFFFFF80      0x00000020         (0, 1, 4)      [] [S]
    127     0x00022280       0xFFFFFF80      0x00000002         (0, 2, 4)      [] [NE]
    128     0x00062500       0xFFFFFF00      0x00000200         (0, 6, 4)      [3] []
    129     0x00020800       0xFFFFFF80      0x00000002         (0, 2, 1)      [] [NE]
    130     0x0001A300       0xFFFFFF80      0x00000008         (0, 1, 4)      [] [W]
    131     0x0001A500       0xFFFFFF80      0x0000000C         (0, 1, 4)      [] [N, W]
    132     0x0001DD80       0xFFFFFF80      0x00069100         (0, 1, 11)      [9, 2, 11, 12, 6] []
    133     0x00057500       0xFFFFFF00      0x00000020         (0, 5, 14)      [] [S]
    134     0x0001AC00       0xFFFFFF80      0x0000000C         (0, 1, 5)      [] [N, W]
    135     0x00062600       0xFFFFFF00      0x00000400         (0, 6, 4)      [4] []
    136     0x0001FE00       0xFFFFFF80      0x0007D126         (0, 1, 15)      [2, 6, 8, 9, 10, 11, 12] [NE, N, S]
    137     0x00010600       0xFFFFFF80      0x00000008         (0, 1, 0)      [] [W]
    138     0x0001CF00       0xFFFFFF80      0x0000000C         (0, 1, 9)      [] [N, W]
    139     0x00020700       0xFFFFFF80      0x00000002         (0, 2, 0)      [] [NE]
    140     0x0001F880       0xFFFFFF80      0x00002D80         (0, 1, 15)      [1, 2, 4, 5, 7] []
    141     0x00016880       0xFFFFFF80      0x00069100         (0, 1, 13)      [9, 2, 11, 12, 6] []
    142     0x00014F00       0xFFFFFF80      0x00069100         (0, 1, 9)      [9, 2, 11, 12, 6] []
    143     0x00011800       0xFFFFFF80      0x00000001         (0, 1, 3)      [] [E]
    144     0x0001E780       0xFFFFFF80      0x00014880         (0, 1, 12)      [8, 1, 10, 5] []
    145     0x0003C500       0xFFFFFF00      0x00000010         (0, 3, 8)      [] [SW]
    146     0x00058100       0xFFFFFF00      0x00000020         (0, 5, 0)      [] [S]
    147     0x00022380       0xFFFFFF80      0x00000002         (0, 2, 4)      [] [NE]
    148     0x00012280       0xFFFFFF80      0x00000020         (0, 1, 4)      [] [S]
    149     0x00019900       0xFFFFFF80      0x0000000C         (0, 1, 3)      [] [N, W]
    150     0x00020B00       0xFFFFFF80      0x00000002         (0, 2, 1)      [] [NE]
    151     0x00058600       0xFFFFFF00      0x00000020         (0, 5, 0)      [] [S]
    152     0x0003C600       0xFFFFFF00      0x00000010         (0, 3, 8)      [] [SW]
    153     0x00011780       0xFFFFFF80      0x00000200         (0, 1, 2)      [3] []
    154     0x0001A980       0xFFFFFF80      0x0000000C         (0, 1, 5)      [] [N, W]
    155     0x00021580       0xFFFFFF80      0x00000180         (0, 2, 2)      [1, 2] []
    156     0x0001A700       0xFFFFFF80      0x0000000C         (0, 1, 4)      [] [N, W]
    157     0x00062C00       0xFFFFFF00      0x00010000         (0, 6, 5)      [10] []
    158     0x0001EC00       0xFFFFFF80      0x00014880         (0, 1, 13)      [8, 1, 10, 5] []
    159     0x00010400       0xFFFFFF80      0x00000008         (0, 1, 0)      [] [W]
    160     0x00057A00       0xFFFFFF00      0x00000020         (0, 5, 15)      [] [S]
    161     0x00019C00       0xFFFFFF80      0x00000008         (0, 1, 3)      [] [W]
    162     0x0001A680       0xFFFFFF80      0x0000000C         (0, 1, 4)      [] [N, W]
    163     0x00019F00       0xFFFFFF80      0x00014880         (0, 1, 3)      [8, 1, 10, 5] []
    164     0x00016F80       0xFFFFFF80      0x00000020         (0, 1, 13)      [] [S]
    165     0x0003CA00       0xFFFFFF00      0x00000010         (0, 3, 9)      [] [SW]
    166     0x0001B080       0xFFFFFF80      0x00000200         (0, 1, 6)      [3] []
    167     0x0001A900       0xFFFFFF80      0x00069104         (0, 1, 5)      [9, 2, 11, 12, 6] [N]
    168     0x0001C880       0xFFFFFF80      0x0000020C         (0, 1, 9)      [3] [N, W]
    169     0x0001E200       0xFFFFFF80      0x00002400         (0, 1, 12)      [4, 7] []
    170     0x00018000       0xFFFFFF80      0x00069120         (0, 1, 0)      [9, 2, 11, 12, 6] [S]
    171     0x00020080       0xFFFFFF80      0x00000021         (0, 2, 0)      [] [E, S]
    172     0x00019880       0xFFFFFF80      0x0000000C         (0, 1, 3)      [] [N, W]
    173     0x00016C80       0xFFFFFF80      0x00000020         (0, 1, 13)      [] [S]
    174     0x00016A80       0xFFFFFF80      0x00000001         (0, 1, 13)      [] [E]
    175     0x0001D700       0xFFFFFF80      0x00014880         (0, 1, 10)      [8, 1, 10, 5] []
    176     0x00021700       0xFFFFFF80      0x00030000         (0, 2, 2)      [10, 11] []
    177     0x00019A00       0xFFFFFF80      0x00000008         (0, 1, 3)      [] [W]
    178     0x0001FE80       0xFFFFFF80      0x00079126         (0, 1, 15)      [2, 6, 9, 10, 11, 12] [NE, N, S]
    179     0x0001F000       0xFFFFFF80      0x00014880         (0, 1, 14)      [8, 1, 10, 5] []
    180     0x00019580       0xFFFFFF80      0x00069104         (0, 1, 2)      [9, 2, 11, 12, 6] [N]
    181     0x00021600       0xFFFFFF80      0x00001E00         (0, 2, 2)      [3, 4, 5, 6] []
    182     0x00057100       0xFFFFFF00      0x00000020         (0, 5, 14)      [] [S]
    183     0x00013380       0xFFFFFF80      0x00014880         (0, 1, 6)      [8, 1, 10, 5] []
    184     0x00016E00       0xFFFFFF80      0x00000020         (0, 1, 13)      [] [S]
    185     0x0001D080       0xFFFFFF80      0x00014880         (0, 1, 10)      [8, 1, 10, 5] []
    186     0x00017C80       0xFFFFFF80      0x00000020         (0, 1, 15)      [] [S]
    187     0x00004380       0xFFFFFF80      0x00000008         (0, 0, 8)      [] [W]
    188     0x00012580       0xFFFFFF80      0x00002420         (0, 1, 4)      [4, 7] [S]
    189     0x00017880       0xFFFFFF80      0x00000020         (0, 1, 15)      [] [S]
    190     0x00020500       0xFFFFFF80      0x00000002         (0, 2, 0)      [] [NE]
    191     0x00010500       0xFFFFFF80      0x00000008         (0, 1, 0)      [] [W]
    192     0x00017E80       0xFFFFFF80      0x00000220         (0, 1, 15)      [3] [S]
    193     0x0001BA80       0xFFFFFF80      0x00069100         (0, 1, 7)      [9, 2, 11, 12, 6] []
    194     0x00012180       0xFFFFFF80      0x00000020         (0, 1, 4)      [] [S]
    195     0x00057F00       0xFFFFFF00      0x00000020         (0, 5, 15)      [] [S]
    196     0x0001A200       0xFFFFFF80      0x00000008         (0, 1, 4)      [] [W]
    197     0x00017D80       0xFFFFFF80      0x00000020         (0, 1, 15)      [] [S]
    198     0x0003CC00       0xFFFFFF00      0x00000010         (0, 3, 9)      [] [SW]
    199     0x00020600       0xFFFFFF80      0x00000002         (0, 2, 0)      [] [NE]
    200     0x00062D00       0xFFFFFF00      0x00020000         (0, 6, 5)      [11] []
    201     0x00014180       0xFFFFFF80      0x00069100         (0, 1, 8)      [9, 2, 11, 12, 6] []
    202     0x0001D600       0xFFFFFF80      0x00000200         (0, 1, 10)      [3] []
    203     0x00020100       0xFFFFFF80      0x00000025         (0, 2, 0)      [] [E, N, S]
    204     0x0001EB00       0xFFFFFF80      0x00000200         (0, 1, 13)      [3] []
    205     0x00001B80       0xFFFFFF80      0x00000008         (0, 0, 3)      [] [W]
    206     0x00062700       0xFFFFFF00      0x00000800         (0, 6, 4)      [5] []
    207     0x00001B00       0xFFFFFF80      0x00000008         (0, 0, 3)      [] [W]
    208     0x00057C00       0xFFFFFF00      0x00000020         (0, 5, 15)      [] [S]
    209     0x00013300       0xFFFFFF80      0x00002400         (0, 1, 6)      [4, 7] []
    210     0x00057B00       0xFFFFFF00      0x00000020         (0, 5, 15)      [] [S]
    211     0x0001F400       0xFFFFFF80      0x00069100         (0, 1, 14)      [9, 2, 11, 12, 6] []
    212     0x0001AD00       0xFFFFFF80      0x0000000C         (0, 1, 5)      [] [N, W]
    213     0x00007B00       0xFFFFFF80      0x00000008         (0, 0, 15)      [] [W]
    214     0x00017E00       0xFFFFFF80      0x00000020         (0, 1, 15)      [] [S]
    215     0x00019700       0xFFFFFF80      0x0000000C         (0, 1, 2)      [] [N, W]
    216     0x0001A800       0xFFFFFF80      0x0000240C         (0, 1, 5)      [4, 7] [N, W]
    217     0x00019E80       0xFFFFFF80      0x00002400         (0, 1, 3)      [4, 7] []
    218     0x00010480       0xFFFFFF80      0x00000008         (0, 1, 0)      [] [W]
    219     0x0001A080       0xFFFFFF80      0x00000008         (0, 1, 4)      [] [W]
    220     0x00015C00       0xFFFFFF80      0x00069100         (0, 1, 11)      [9, 2, 11, 12, 6] []
    221     0x00022480       0xFFFFFF80      0x00000002         (0, 2, 4)      [] [NE]
    222     0x0001C780       0xFFFFFF80      0x0000000C         (0, 1, 8)      [] [N, W]
    223     0x00017D00       0xFFFFFF80      0x00000020         (0, 1, 15)      [] [S]
    224     0x00012500       0xFFFFFF80      0x00000220         (0, 1, 4)      [3] [S]
    225     0x00011900       0xFFFFFF80      0x00000001         (0, 1, 3)      [] [E]
    226     0x0001D100       0xFFFFFF80      0x00069100         (0, 1, 10)      [9, 2, 11, 12, 6] []
    227     0x0001C980       0xFFFFFF80      0x00014884         (0, 1, 9)      [8, 1, 10, 5] [N]
    228     0x00022300       0xFFFFFF80      0x00000002         (0, 2, 4)      [] [NE]
    229     0x0001A400       0xFFFFFF80      0x00000008         (0, 1, 4)      [] [W]
    230     0x0001A280       0xFFFFFF80      0x00000008         (0, 1, 4)      [] [W]
    231     0x00007A00       0xFFFFFF80      0x00000008         (0, 0, 15)      [] [W]
    232     0x0001AA00       0xFFFFFF80      0x0000000C         (0, 1, 5)      [] [N, W]
    233     0x00016700       0xFFFFFF80      0x00000200         (0, 1, 12)      [3] []
    234     0x00014100       0xFFFFFF80      0x00014880         (0, 1, 8)      [8, 1, 10, 5] []
    235     0x0001FF80       0xFFFFFF80      0x00000021         (0, 1, 15)      [] [E, S]
    236     0x0001F380       0xFFFFFF80      0x00014880         (0, 1, 14)      [8, 1, 10, 5] []
    237     0x00058500       0xFFFFFF00      0x00000020         (0, 5, 0)      [] [S]
    238     0x0001FB80       0xFFFFFF80      0x00069FA6         (0, 1, 15)      [1, 2, 3, 4, 5, 6, 9, 11, 12] [NE, N, S]
    239     0x00020000       0xFFFFFF80      0x00000001         (0, 2, 0)      [] [E]
    240     0x00015A80       0xFFFFFF80      0x00000200         (0, 1, 11)      [3] []
    241     0x00058000       0xFFFFFF00      0x00000020         (0, 5, 0)      [] [S]
    242     0x00010580       0xFFFFFF80      0x00000008         (0, 1, 0)      [] [W]
    243     0x0001B900       0xFFFFFF80      0x00000200         (0, 1, 7)      [3] []
    244     0x00020300       0xFFFFFF80      0x00000001         (0, 2, 0)      [] [E]
    245     0x00012400       0xFFFFFF80      0x00000020         (0, 1, 4)      [] [S]
    246     0x0001E180       0xFFFFFF80      0x00000200         (0, 1, 12)      [3] []
    247     0x00014E80       0xFFFFFF80      0x00014880         (0, 1, 9)      [8, 1, 10, 5] []
    248     0x0001CC80       0xFFFFFF80      0x0000000C         (0, 1, 9)      [] [N, W]
    249     0x00016B80       0xFFFFFF80      0x00000021         (0, 1, 13)      [] [E, S]
    250     0x00022680       0xFFFFFF80      0x00000002         (0, 2, 4)      [] [NE]
    251     0x00057E00       0xFFFFFF00      0x00000020         (0, 5, 15)      [] [S]
    252     0x00016980       0xFFFFFF80      0x00000001         (0, 1, 13)      [] [E]
    253     0x00017280       0xFFFFFF80      0x00000020         (0, 1, 14)      [] [S]
    254     0x00021680       0xFFFFFF80      0x0000E000         (0, 2, 2)      [8, 9, 7] []
    255     0x0001C280       0xFFFFFF80      0x00069100         (0, 1, 8)      [9, 2, 11, 12, 6] []
    256     0x0001EF00       0xFFFFFF80      0x00000200         (0, 1, 13)      [3] []
    257     0x0001B980       0xFFFFFF80      0x00002400         (0, 1, 7)      [4, 7] []
    258     0x00004400       0xFFFFFF80      0x00000008         (0, 0, 8)      [] [W]
    259     0x0001DC80       0xFFFFFF80      0x00002400         (0, 1, 11)      [4, 7] []
    260     0x00019800       0xFFFFFF80      0x0000000C         (0, 1, 3)      [] [N, W]
    261     0x00022000       0xFFFFFF80      0x00000002         (0, 2, 4)      [] [NE]
    262     0x0003CB00       0xFFFFFF00      0x00000010         (0, 3, 9)      [] [SW]
    263     0x00017080       0xFFFFFF80      0x00000020         (0, 1, 14)      [] [S]
    264     0x00010800       0xFFFFFF80      0x00000008         (0, 1, 1)      [] [W]
    265     0x00057600       0xFFFFFF00      0x00000020         (0, 5, 14)      [] [S]
    266     0x00058200       0xFFFFFF00      0x00000020         (0, 5, 0)      [] [S]
    267     0x0001FD80       0xFFFFFF80      0x000768A6         (0, 1, 15)      [1, 5, 7, 8, 10, 11, 12] [NE, N, S]
    268     0x0001F680       0xFFFFFF80      0x00014980         (0, 1, 14)      [8, 1, 10, 2, 5] []
    269     0x00007980       0xFFFFFF80      0x00000008         (0, 0, 15)      [] [W]
    270     0x00022200       0xFFFFFF80      0x00000002         (0, 2, 4)      [] [NE]
    271     0x00017300       0xFFFFFF80      0x00000220         (0, 1, 14)      [3] [S]
    272     0x00018A80       0xFFFFFF80      0x00014880         (0, 1, 1)      [8, 1, 10, 5] []
    273     0x00022580       0xFFFFFF80      0x00000002         (0, 2, 4)      [] [NE]
    274     0x0001F080       0xFFFFFF80      0x00069100         (0, 1, 14)      [9, 2, 11, 12, 6] []
    275     0x00058300       0xFFFFFF00      0x00000020         (0, 5, 0)      [] [S]
    276     0x00012380       0xFFFFFF80      0x00000020         (0, 1, 4)      [] [S]
    277     0x00020480       0xFFFFFF80      0x00000001         (0, 2, 0)      [] [E]
    278     0x0001A780       0xFFFFFF80      0x0000020C         (0, 1, 4)      [3] [N, W]
    279     0x00020D80       0xFFFFFF80      0x00000002         (0, 2, 1)      [] [NE]
    280     0x0001EF80       0xFFFFFF80      0x00002400         (0, 1, 13)      [4, 7] []
    281     0x0001F300       0xFFFFFF80      0x00002400         (0, 1, 14)      [4, 7] []
    282     0x0001E280       0xFFFFFF80      0x00014880         (0, 1, 12)      [8, 1, 10, 5] []
    283     0x00023000       0xFFFFFF80      0x00014880         (0, 2, 6)      [8, 1, 10, 5] []
    284     0x0001FD00       0xFFFFFF80      0x0006F926         (0, 1, 15)      [2, 5, 6, 7, 8, 9, 11, 12] [NE, N, S]
    285     0x00018A00       0xFFFFFF80      0x00002400         (0, 1, 1)      [4, 7] []
    286     0x0001BA00       0xFFFFFF80      0x00014880         (0, 1, 7)      [8, 1, 10, 5] []
    287     0x00007A80       0xFFFFFF80      0x00000008         (0, 0, 15)      [] [W]
    288     0x00062B00       0xFFFFFF00      0x00008000         (0, 6, 5)      [9] []
    289     0x0001F780       0xFFFFFF80      0x00000380         (0, 1, 14)      [1, 2, 3] []
    290     0x00017980       0xFFFFFF80      0x00000020         (0, 1, 15)      [] [S]
    291     0x00007D80       0xFFFFFF80      0x00000008         (0, 0, 15)      [] [W]
    292     0x00016B00       0xFFFFFF80      0x00000021         (0, 1, 13)      [] [E, S]
    293     0x00022100       0xFFFFFF80      0x00000002         (0, 2, 4)      [] [NE]
    294     0x00022500       0xFFFFFF80      0x00000002         (0, 2, 4)      [] [NE]
    295     0x0001E700       0xFFFFFF80      0x00002400         (0, 1, 12)      [4, 7] []
    296     0x00021780       0xFFFFFF80      0x00040000         (0, 2, 2)      [12] []
    297     0x00019980       0xFFFFFF80      0x0000000C         (0, 1, 3)      [] [N, W]
    298     0x00017800       0xFFFFFF80      0x00000020         (0, 1, 15)      [] [S]
    299     0x00019B00       0xFFFFFF80      0x00000008         (0, 1, 3)      [] [W]
    300     0x00058B00       0xFFFFFF00      0x00000020         (0, 5, 1)      [] [S]
    301     0x0001CE00       0xFFFFFF80      0x0000000C         (0, 1, 9)      [] [N, W]
    302     0x00007D00       0xFFFFFF80      0x00000008         (0, 0, 15)      [] [W]
    303     0x0001F800       0xFFFFFF80      0x00000780         (0, 1, 15)      [1, 2, 3, 4] []
    304     0x00058400       0xFFFFFF00      0x00000020         (0, 5, 0)      [] [S]
    305     0x0001CF80       0xFFFFFF80      0x00000200         (0, 1, 9)      [3] []
    306     0x00020D00       0xFFFFFF80      0x00000002         (0, 2, 1)      [] [NE]
    307     0x0001C180       0xFFFFFF80      0x00002400         (0, 1, 8)      [4, 7] []
    308     0x0003C700       0xFFFFFF00      0x00000010         (0, 3, 8)      [] [SW]
    309     0x00019400       0xFFFFFF80      0x00000204         (0, 1, 2)      [3] [N]
    310     0x00017A80       0xFFFFFF80      0x00000020         (0, 1, 15)      [] [S]
    311     0x0001B200       0xFFFFFF80      0x00069100         (0, 1, 6)      [9, 2, 11, 12, 6] []
    312     0x00011A00       0xFFFFFF80      0x00000001         (0, 1, 3)      [] [E]
    313     0x0001AB00       0xFFFFFF80      0x0000000C         (0, 1, 5)      [] [N, W]
    314     0x0001F900       0xFFFFFF80      0x000159A6         (0, 1, 15)      [1, 2, 5, 6, 8, 10] [NE, N, S]
    315     0x0001CD00       0xFFFFFF80      0x0000000C         (0, 1, 9)      [] [N, W]
    316     0x00012080       0xFFFFFF80      0x00000020         (0, 1, 4)      [] [S]
    317     0x00020780       0xFFFFFF80      0x00000002         (0, 2, 0)      [] [NE]
    318     0x0001E300       0xFFFFFF80      0x00069100         (0, 1, 12)      [9, 2, 11, 12, 6] []
    319     0x00019680       0xFFFFFF80      0x0000000C         (0, 1, 2)      [] [N, W]
    320     0x0001FB00       0xFFFFFF80      0x0001DEA6         (0, 1, 15)      [1, 3, 4, 5, 6, 8, 9, 10] [NE, N, S]
    321     0x00058900       0xFFFFFF00      0x00000020         (0, 5, 1)      [] [S]
    322     0x00004500       0xFFFFFF80      0x00000008         (0, 0, 8)      [] [W]
    323     0x00058800       0xFFFFFF00      0x00000020         (0, 5, 1)      [] [S]
    324     0x00057D00       0xFFFFFF00      0x00000020         (0, 5, 15)      [] [S]
    325     0x00057300       0xFFFFFF00      0x00000020         (0, 5, 14)      [] [S]
    326     0x0001DC00       0xFFFFFF80      0x00000200         (0, 1, 11)      [3] []
    327     0x00017F00       0xFFFFFF80      0x00002420         (0, 1, 15)      [4, 7] [S]
    328     0x00062900       0xFFFFFF00      0x00002000         (0, 6, 5)      [7] []
    329     0x00016C00       0xFFFFFF80      0x00000020         (0, 1, 13)      [] [S]
    330     0x00019600       0xFFFFFF80      0x0000000C         (0, 1, 2)      [] [N, W]
    331     0x0001E800       0xFFFFFF80      0x00069100         (0, 1, 13)      [9, 2, 11, 12, 6] []
    332     0x0001FA80       0xFFFFFF80      0x00007E2E         (0, 1, 15)      [3, 4, 5, 6, 7, 8] [NE, N, W, S]
    333     0x00018980       0xFFFFFF80      0x00000200         (0, 1, 1)      [3] []
    334     0x00017200       0xFFFFFF80      0x00000020         (0, 1, 14)      [] [S]
    335     0x00011880       0xFFFFFF80      0x00000001         (0, 1, 3)      [] [E]
