router contains 280 entries 
 
  Index   Key(hex)    Mask(hex)    Route(hex)    Src. Core -> [Cores][Links]
------------------------------------------------------------------------------
    0     0x0005C100       0xFFFFFF00      0x00000001         (0, 5, 8)      [] [E]
    1     0x00040000       0xFFFFFF00      0x00000004         (0, 4, 0)      [] [N]
    2     0x0001EE00       0xFFFFFF80      0x00000008         (0, 1, 13)      [] [W]
    3     0x0001EA80       0xFFFFFF80      0x00000008         (0, 1, 13)      [] [W]
    4     0x0000D180       0xFFFFFF80      0x00000001         (0, 0, 10)      [] [E]
    5     0x00022680       0xFFFFFF80      0x00000002         (0, 2, 4)      [] [NE]
    6     0x0001E800       0xFFFFFF80      0x00000004         (0, 1, 13)      [] [N]
    7     0x0001A600       0xFFFFFF80      0x00000008         (0, 1, 4)      [] [W]
    8     0x00017000       0xFFFFFF80      0x00000020         (0, 1, 14)      [] [S]
    9     0x0005C900       0xFFFFFF00      0x00000001         (0, 5, 9)      [] [E]
    10     0x0001C880       0xFFFFFF80      0x00000008         (0, 1, 9)      [] [W]
    11     0x0005C200       0xFFFFFF00      0x00000001         (0, 5, 8)      [] [E]
    12     0x00017400       0xFFFFFF80      0x00000020         (0, 1, 14)      [] [S]
    13     0x00040100       0xFFFFFF00      0x00000004         (0, 4, 0)      [] [N]
    14     0x00012580       0xFFFFFF80      0x00000020         (0, 1, 4)      [] [S]
    15     0x0003D100       0xFFFFFF00      0x00000010         (0, 3, 10)      [] [SW]
    16     0x0001A780       0xFFFFFF80      0x00000008         (0, 1, 4)      [] [W]
    17     0x0001E380       0xFFFFFF80      0x00000004         (0, 1, 12)      [] [N]
    18     0x00012200       0xFFFFFF80      0x00000020         (0, 1, 4)      [] [S]
    19     0x0000D080       0xFFFFFF80      0x00000001         (0, 0, 10)      [] [E]
    20     0x00020B80       0xFFFFFF80      0x00000004         (0, 2, 1)      [] [N]
    21     0x0001C100       0xFFFFFF80      0x00000008         (0, 1, 8)      [] [W]
    22     0x0000DF80       0xFFFFFF80      0x00000020         (0, 0, 11)      [] [S]
    23     0x0003DD00       0xFFFFFF00      0x00000008         (0, 3, 11)      [] [W]
    24     0x0001DB80       0xFFFFFF80      0x0000000C         (0, 1, 11)      [] [N, W]
    25     0x0005CD00       0xFFFFFF00      0x00000001         (0, 5, 9)      [] [E]
    26     0x0001B700       0xFFFFFF80      0x00000008         (0, 1, 6)      [] [W]
    27     0x00017B00       0xFFFFFF80      0x00000020         (0, 1, 15)      [] [S]
    28     0x0003DA00       0xFFFFFF00      0x00000008         (0, 3, 11)      [] [W]
    29     0x0001E000       0xFFFFFF80      0x0000000C         (0, 1, 12)      [] [N, W]
    30     0x0005C400       0xFFFFFF00      0x00000001         (0, 5, 8)      [] [E]
    31     0x0001E680       0xFFFFFF80      0x0000000C         (0, 1, 12)      [] [N, W]
    32     0x0003DF00       0xFFFFFF00      0x00000008         (0, 3, 11)      [] [W]
    33     0x00040500       0xFFFFFF00      0x00000004         (0, 4, 0)      [] [N]
    34     0x00040C00       0xFFFFFF00      0x00000004         (0, 4, 1)      [] [N]
    35     0x00040300       0xFFFFFF00      0x00000004         (0, 4, 0)      [] [N]
    36     0x00022700       0xFFFFFF80      0x00000002         (0, 2, 4)      [] [NE]
    37     0x0005C500       0xFFFFFF00      0x00000001         (0, 5, 8)      [] [E]
    38     0x0001D980       0xFFFFFF80      0x0000000C         (0, 1, 11)      [] [N, W]
    39     0x0005A900       0xFFFFFF00      0x00000001         (0, 5, 5)      [] [E]
    40     0x00022B80       0xFFFFFF80      0x00008002         (0, 2, 5)      [9] [NE]
    41     0x0001CF80       0xFFFFFF80      0x00000008         (0, 1, 9)      [] [W]
    42     0x00012380       0xFFFFFF80      0x00000020         (0, 1, 4)      [] [S]
    43     0x0001D900       0xFFFFFF80      0x00000004         (0, 1, 11)      [] [N]
    44     0x0003CD00       0xFFFFFF00      0x00000010         (0, 3, 9)      [] [SW]
    45     0x00040400       0xFFFFFF00      0x00000004         (0, 4, 0)      [] [N]
    46     0x00017180       0xFFFFFF80      0x00000020         (0, 1, 14)      [] [S]
    47     0x00022280       0xFFFFFF80      0x00000002         (0, 2, 4)      [] [NE]
    48     0x0001DE80       0xFFFFFF80      0x00000004         (0, 1, 11)      [] [N]
    49     0x0001DC80       0xFFFFFF80      0x00000004         (0, 1, 11)      [] [N]
    50     0x0001DB00       0xFFFFFF80      0x0000000C         (0, 1, 11)      [] [N, W]
    51     0x0003D400       0xFFFFFF00      0x00000010         (0, 3, 10)      [] [SW]
    52     0x00017100       0xFFFFFF80      0x00000020         (0, 1, 14)      [] [S]
    53     0x0003E100       0xFFFFFF00      0x00000008         (0, 3, 12)      [] [W]
    54     0x0005BF00       0xFFFFFF00      0x00000001         (0, 5, 7)      [] [E]
    55     0x0000C800       0xFFFFFF80      0x00000008         (0, 0, 9)      [] [W]
    56     0x0001B780       0xFFFFFF80      0x00000008         (0, 1, 6)      [] [W]
    57     0x0005C700       0xFFFFFF00      0x00000001         (0, 5, 8)      [] [E]
    58     0x00022300       0xFFFFFF80      0x00000002         (0, 2, 4)      [] [NE]
    59     0x00004400       0xFFFFFF80      0x00000008         (0, 0, 8)      [] [W]
    60     0x0005CB00       0xFFFFFF00      0x00000001         (0, 5, 9)      [] [E]
    61     0x0001C600       0xFFFFFF80      0x00000008         (0, 1, 8)      [] [W]
    62     0x00004380       0xFFFFFF80      0x00000008         (0, 0, 8)      [] [W]
    63     0x0001D380       0xFFFFFF80      0x00000008         (0, 1, 10)      [] [W]
    64     0x0005A200       0xFFFFFF00      0x00000001         (0, 5, 4)      [] [E]
    65     0x0005CA00       0xFFFFFF00      0x00000001         (0, 5, 9)      [] [E]
    66     0x00040600       0xFFFFFF00      0x00000004         (0, 4, 0)      [] [N]
    67     0x00022780       0xFFFFFF80      0x00000082         (0, 2, 4)      [1] [NE]
    68     0x0001E100       0xFFFFFF80      0x0000000C         (0, 1, 12)      [] [N, W]
    69     0x0001DF80       0xFFFFFF80      0x0000000C         (0, 1, 11)      [] [N, W]
    70     0x00040E00       0xFFFFFF00      0x00000004         (0, 4, 1)      [] [N]
    71     0x0003E300       0xFFFFFF00      0x00000008         (0, 3, 12)      [] [W]
    72     0x00040700       0xFFFFFF00      0x00000004         (0, 4, 0)      [] [N]
    73     0x0003D600       0xFFFFFF00      0x00000008         (0, 3, 10)      [] [W]
    74     0x0001D580       0xFFFFFF80      0x00000008         (0, 1, 10)      [] [W]
    75     0x0003D500       0xFFFFFF00      0x00000010         (0, 3, 10)      [] [SW]
    76     0x0001B080       0xFFFFFF80      0x00000008         (0, 1, 6)      [] [W]
    77     0x0000DE00       0xFFFFFF80      0x00000020         (0, 0, 11)      [] [S]
    78     0x0001AF00       0xFFFFFF80      0x00000008         (0, 1, 5)      [] [W]
    79     0x00017200       0xFFFFFF80      0x00000020         (0, 1, 14)      [] [S]
    80     0x0001CF00       0xFFFFFF80      0x00000008         (0, 1, 9)      [] [W]
    81     0x0001B800       0xFFFFFF80      0x00000008         (0, 1, 7)      [] [W]
    82     0x0003E400       0xFFFFFF00      0x00000008         (0, 3, 12)      [] [W]
    83     0x0001DE00       0xFFFFFF80      0x00000004         (0, 1, 11)      [] [N]
    84     0x0001E180       0xFFFFFF80      0x0000000C         (0, 1, 12)      [] [N, W]
    85     0x0001E780       0xFFFFFF80      0x00000004         (0, 1, 12)      [] [N]
    86     0x00011700       0xFFFFFF80      0x00000021         (0, 1, 2)      [] [E, S]
    87     0x0001ED80       0xFFFFFF80      0x0000000C         (0, 1, 13)      [] [N, W]
    88     0x00020E00       0xFFFFFF80      0x00000006         (0, 2, 1)      [] [NE, N]
    89     0x0000C980       0xFFFFFF80      0x00000008         (0, 0, 9)      [] [W]
    90     0x00022880       0xFFFFFF80      0x00000202         (0, 2, 5)      [3] [NE]
    91     0x0005AA00       0xFFFFFF00      0x00000001         (0, 5, 5)      [] [E]
    92     0x00008400       0xFFFFFF80      0x00000008         (0, 0, 0)      [] [W]
    93     0x00011580       0xFFFFFF80      0x00000021         (0, 1, 2)      [] [E, S]
    94     0x0005AF00       0xFFFFFF00      0x00000001         (0, 5, 5)      [] [E]
    95     0x0001C680       0xFFFFFF80      0x00000008         (0, 1, 8)      [] [W]
    96     0x0001E900       0xFFFFFF80      0x0000000C         (0, 1, 13)      [] [N, W]
    97     0x0001DC00       0xFFFFFF80      0x0000000C         (0, 1, 11)      [] [N, W]
    98     0x00021F80       0xFFFFFF80      0x00000002         (0, 2, 3)      [] [NE]
    99     0x00040F00       0xFFFFFF00      0x00000004         (0, 4, 1)      [] [N]
    100     0x00020900       0xFFFFFF80      0x00000008         (0, 2, 1)      [] [W]
    101     0x0001A580       0xFFFFFF80      0x00000008         (0, 1, 4)      [] [W]
    102     0x0005A800       0xFFFFFF00      0x00000001         (0, 5, 5)      [] [E]
    103     0x00020C00       0xFFFFFF80      0x00000004         (0, 2, 1)      [] [N]
    104     0x00020880       0xFFFFFF80      0x00000008         (0, 2, 1)      [] [W]
    105     0x0003D900       0xFFFFFF00      0x00000008         (0, 3, 11)      [] [W]
    106     0x00022080       0xFFFFFF80      0x00100002         (0, 2, 4)      [14] [NE]
    107     0x00022200       0xFFFFFF80      0x00000002         (0, 2, 4)      [] [NE]
    108     0x0005C300       0xFFFFFF00      0x00000001         (0, 5, 8)      [] [E]
    109     0x0001E400       0xFFFFFF80      0x0000000C         (0, 1, 12)      [] [N, W]
    110     0x0003D000       0xFFFFFF00      0x00000010         (0, 3, 10)      [] [SW]
    111     0x00017C00       0xFFFFFF80      0x00000020         (0, 1, 15)      [] [S]
    112     0x0001E700       0xFFFFFF80      0x00000004         (0, 1, 12)      [] [N]
    113     0x00022180       0xFFFFFF80      0x00400002         (0, 2, 4)      [16] [NE]
    114     0x0000DE80       0xFFFFFF80      0x00000020         (0, 0, 11)      [] [S]
    115     0x0003DE00       0xFFFFFF00      0x00000008         (0, 3, 11)      [] [W]
    116     0x0001C700       0xFFFFFF80      0x00000008         (0, 1, 8)      [] [W]
    117     0x0001CD80       0xFFFFFF80      0x00000008         (0, 1, 9)      [] [W]
    118     0x00012100       0xFFFFFF80      0x00000020         (0, 1, 4)      [] [S]
    119     0x0000C780       0xFFFFFF80      0x00000008         (0, 0, 8)      [] [W]
    120     0x0005A700       0xFFFFFF00      0x00000001         (0, 5, 4)      [] [E]
    121     0x00019400       0xFFFFFF80      0x00000008         (0, 1, 2)      [] [W]
    122     0x00012300       0xFFFFFF80      0x00000020         (0, 1, 4)      [] [S]
    123     0x0001A500       0xFFFFFF80      0x00000008         (0, 1, 4)      [] [W]
    124     0x00017300       0xFFFFFF80      0x00000020         (0, 1, 14)      [] [S]
    125     0x00011780       0xFFFFFF80      0x00000021         (0, 1, 2)      [] [E, S]
    126     0x00020A80       0xFFFFFF80      0x00000004         (0, 2, 1)      [] [N]
    127     0x00004480       0xFFFFFF80      0x00000008         (0, 0, 8)      [] [W]
    128     0x0001D500       0xFFFFFF80      0x00000008         (0, 1, 10)      [] [W]
    129     0x00022500       0xFFFFFF80      0x00000002         (0, 2, 4)      [] [NE]
    130     0x00022D00       0xFFFFFF80      0x00040002         (0, 2, 5)      [12] [NE]
    131     0x00011600       0xFFFFFF80      0x00000021         (0, 1, 2)      [] [E, S]
    132     0x00011500       0xFFFFFF80      0x00000021         (0, 1, 2)      [] [E, S]
    133     0x00020400       0xFFFFFF80      0x00000008         (0, 2, 0)      [] [W]
    134     0x0003E200       0xFFFFFF00      0x00000008         (0, 3, 12)      [] [W]
    135     0x0001E580       0xFFFFFF80      0x0000000C         (0, 1, 12)      [] [N, W]
    136     0x00040200       0xFFFFFF00      0x00000004         (0, 4, 0)      [] [N]
    137     0x00040D00       0xFFFFFF00      0x00000004         (0, 4, 1)      [] [N]
    138     0x0003DC00       0xFFFFFF00      0x00000008         (0, 3, 11)      [] [W]
    139     0x0001BF00       0xFFFFFF80      0x00000008         (0, 1, 7)      [] [W]
    140     0x00022C00       0xFFFFFF80      0x00010002         (0, 2, 5)      [10] [NE]
    141     0x0001DA00       0xFFFFFF80      0x0000000C         (0, 1, 11)      [] [N, W]
    142     0x00022400       0xFFFFFF80      0x00000002         (0, 2, 4)      [] [NE]
    143     0x0003DB00       0xFFFFFF00      0x00000008         (0, 3, 11)      [] [W]
    144     0x00022A80       0xFFFFFF80      0x00002002         (0, 2, 5)      [7] [NE]
    145     0x0001AE80       0xFFFFFF80      0x00000008         (0, 1, 5)      [] [W]
    146     0x0001D800       0xFFFFFF80      0x00000004         (0, 1, 11)      [] [N]
    147     0x00022D80       0xFFFFFF80      0x00080000         (0, 2, 5)      [13] []
    148     0x0000CF80       0xFFFFFF80      0x00000001         (0, 0, 9)      [] [E]
    149     0x0000C880       0xFFFFFF80      0x00000008         (0, 0, 9)      [] [W]
    150     0x0001C780       0xFFFFFF80      0x00000008         (0, 1, 8)      [] [W]
    151     0x00017C80       0xFFFFFF80      0x00000020         (0, 1, 15)      [] [S]
    152     0x00017E80       0xFFFFFF80      0x00000020         (0, 1, 15)      [] [S]
    153     0x0001CD00       0xFFFFFF80      0x00000008         (0, 1, 9)      [] [W]
    154     0x00020E80       0xFFFFFF80      0x00000004         (0, 2, 1)      [] [N]
    155     0x00040800       0xFFFFFF00      0x00000004         (0, 4, 1)      [] [N]
    156     0x00008580       0xFFFFFF80      0x00000008         (0, 0, 0)      [] [W]
    157     0x0005A500       0xFFFFFF00      0x00000001         (0, 5, 4)      [] [E]
    158     0x0001EE80       0xFFFFFF80      0x00000008         (0, 1, 13)      [] [W]
    159     0x0005A600       0xFFFFFF00      0x00000001         (0, 5, 4)      [] [E]
    160     0x0001D600       0xFFFFFF80      0x00000008         (0, 1, 10)      [] [W]
    161     0x0000D000       0xFFFFFF80      0x00000001         (0, 0, 10)      [] [E]
    162     0x0001AF80       0xFFFFFF80      0x00000008         (0, 1, 5)      [] [W]
    163     0x00022000       0xFFFFFF80      0x00000002         (0, 2, 4)      [] [NE]
    164     0x00022900       0xFFFFFF80      0x00000402         (0, 2, 5)      [4] [NE]
    165     0x0001D400       0xFFFFFF80      0x00000008         (0, 1, 10)      [] [W]
    166     0x0005CE00       0xFFFFFF00      0x00000001         (0, 5, 9)      [] [E]
    167     0x00040900       0xFFFFFF00      0x00000004         (0, 4, 1)      [] [N]
    168     0x0005A400       0xFFFFFF00      0x00000001         (0, 5, 4)      [] [E]
    169     0x0000DF00       0xFFFFFF80      0x00000020         (0, 0, 11)      [] [S]
    170     0x0000CF00       0xFFFFFF80      0x00000001         (0, 0, 9)      [] [E]
    171     0x0001A700       0xFFFFFF80      0x00000008         (0, 1, 4)      [] [W]
    172     0x0005CC00       0xFFFFFF00      0x00000001         (0, 5, 9)      [] [E]
    173     0x0001B880       0xFFFFFF80      0x00000008         (0, 1, 7)      [] [W]
    174     0x00012180       0xFFFFFF80      0x00000020         (0, 1, 4)      [] [S]
    175     0x00016F80       0xFFFFFF80      0x00000020         (0, 1, 13)      [] [S]
    176     0x0001BE80       0xFFFFFF80      0x00000008         (0, 1, 7)      [] [W]
    177     0x00012500       0xFFFFFF80      0x00000020         (0, 1, 4)      [] [S]
    178     0x00022100       0xFFFFFF80      0x00200002         (0, 2, 4)      [15] [NE]
    179     0x0001EB00       0xFFFFFF80      0x00000008         (0, 1, 13)      [] [W]
    180     0x00020700       0xFFFFFF80      0x000FFF80         (0, 2, 0)      [1, 2, 3, 4, 5, 6, 7, 8, 9, 10, 11, 12, 13] []
    181     0x00017280       0xFFFFFF80      0x00000020         (0, 1, 14)      [] [S]
    182     0x0001D880       0xFFFFFF80      0x00000004         (0, 1, 11)      [] [N]
    183     0x0001E980       0xFFFFFF80      0x0000000C         (0, 1, 13)      [] [N, W]
    184     0x00022A00       0xFFFFFF80      0x00001002         (0, 2, 5)      [6] [NE]
    185     0x00022800       0xFFFFFF80      0x00000102         (0, 2, 5)      [2] [NE]
    186     0x0001C800       0xFFFFFF80      0x00000008         (0, 1, 9)      [] [W]
    187     0x00019C00       0xFFFFFF80      0x00000008         (0, 1, 3)      [] [W]
    188     0x0001EA00       0xFFFFFF80      0x00000008         (0, 1, 13)      [] [W]
    189     0x00017480       0xFFFFFF80      0x00000020         (0, 1, 14)      [] [S]
    190     0x0005C800       0xFFFFFF00      0x00000001         (0, 5, 9)      [] [E]
    191     0x00008480       0xFFFFFF80      0x00000008         (0, 0, 0)      [] [W]
    192     0x0001CE00       0xFFFFFF80      0x00000008         (0, 1, 9)      [] [W]
    193     0x00020680       0xFFFFFF80      0x00000008         (0, 2, 0)      [] [W]
    194     0x0003CE00       0xFFFFFF00      0x00000010         (0, 3, 9)      [] [SW]
    195     0x0001B680       0xFFFFFF80      0x00000008         (0, 1, 6)      [] [W]
    196     0x0001D480       0xFFFFFF80      0x00000008         (0, 1, 10)      [] [W]
    197     0x00012400       0xFFFFFF80      0x00000020         (0, 1, 4)      [] [S]
    198     0x00020780       0xFFFFFF80      0x00700000         (0, 2, 0)      [16, 14, 15] []
    199     0x00016F00       0xFFFFFF80      0x00000020         (0, 1, 13)      [] [S]
    200     0x00012480       0xFFFFFF80      0x00000020         (0, 1, 4)      [] [S]
    201     0x00017D80       0xFFFFFF80      0x00000020         (0, 1, 15)      [] [S]
    202     0x00018000       0xFFFFFF80      0x00000020         (0, 1, 0)      [] [S]
    203     0x0001DA80       0xFFFFFF80      0x0000000C         (0, 1, 11)      [] [N, W]
    204     0x0003CF00       0xFFFFFF00      0x00000010         (0, 3, 9)      [] [SW]
    205     0x0005C000       0xFFFFFF00      0x00000001         (0, 5, 8)      [] [E]
    206     0x00022480       0xFFFFFF80      0x00000002         (0, 2, 4)      [] [NE]
    207     0x0000C700       0xFFFFFF80      0x00000008         (0, 0, 8)      [] [W]
    208     0x0003D200       0xFFFFFF00      0x00000010         (0, 3, 10)      [] [SW]
    209     0x0001ED00       0xFFFFFF80      0x0000000C         (0, 1, 13)      [] [N, W]
    210     0x00017D00       0xFFFFFF80      0x00000020         (0, 1, 15)      [] [S]
    211     0x0001E280       0xFFFFFF80      0x00000004         (0, 1, 12)      [] [N]
    212     0x0001E880       0xFFFFFF80      0x0000000C         (0, 1, 13)      [] [N, W]
    213     0x0005B100       0xFFFFFF00      0x00000001         (0, 5, 6)      [] [E]
    214     0x0005AB00       0xFFFFFF00      0x00000001         (0, 5, 5)      [] [E]
    215     0x00022B00       0xFFFFFF80      0x00004002         (0, 2, 5)      [8] [NE]
    216     0x00020A00       0xFFFFFF80      0x00000004         (0, 2, 1)      [] [N]
    217     0x0001DD80       0xFFFFFF80      0x00000004         (0, 1, 11)      [] [N]
    218     0x0001DF00       0xFFFFFF80      0x0000000C         (0, 1, 11)      [] [N, W]
    219     0x0001E600       0xFFFFFF80      0x0000000C         (0, 1, 12)      [] [N, W]
    220     0x00040A00       0xFFFFFF00      0x00000004         (0, 4, 1)      [] [N]
    221     0x00017B80       0xFFFFFF80      0x00000020         (0, 1, 15)      [] [S]
    222     0x0003D700       0xFFFFFF00      0x00000008         (0, 3, 10)      [] [W]
    223     0x00020F00       0xFFFFFF80      0x00000004         (0, 2, 1)      [] [N]
    224     0x0000D100       0xFFFFFF80      0x00000001         (0, 0, 10)      [] [E]
    225     0x00017E00       0xFFFFFF80      0x00000020         (0, 1, 15)      [] [S]
    226     0x00008500       0xFFFFFF80      0x00000008         (0, 0, 0)      [] [W]
    227     0x0005AC00       0xFFFFFF00      0x00000001         (0, 5, 5)      [] [E]
    228     0x0005C600       0xFFFFFF00      0x00000001         (0, 5, 8)      [] [E]
    229     0x0001E300       0xFFFFFF80      0x00000004         (0, 1, 12)      [] [N]
    230     0x00020D00       0xFFFFFF80      0x00000004         (0, 2, 1)      [] [N]
    231     0x00022980       0xFFFFFF80      0x00000802         (0, 2, 5)      [5] [NE]
    232     0x00022580       0xFFFFFF80      0x00000002         (0, 2, 4)      [] [NE]
    233     0x00021000       0xFFFFFF80      0x00000008         (0, 2, 2)      [] [W]
    234     0x00022600       0xFFFFFF80      0x00000002         (0, 2, 4)      [] [NE]
    235     0x0005AD00       0xFFFFFF00      0x00000001         (0, 5, 5)      [] [E]
    236     0x0000DD80       0xFFFFFF80      0x00000020         (0, 0, 11)      [] [S]
    237     0x0003E000       0xFFFFFF00      0x00000008         (0, 3, 12)      [] [W]
    238     0x0001BF80       0xFFFFFF80      0x00000008         (0, 1, 7)      [] [W]
    239     0x0001E200       0xFFFFFF80      0x00000004         (0, 1, 12)      [] [N]
    240     0x00020C80       0xFFFFFF80      0x00000004         (0, 2, 1)      [] [N]
    241     0x0005AE00       0xFFFFFF00      0x00000001         (0, 5, 5)      [] [E]
    242     0x0001AE00       0xFFFFFF80      0x00000008         (0, 1, 5)      [] [W]
    243     0x0001FA00       0xFFFFFF80      0x00000008         (0, 1, 15)      [] [W]
    244     0x00019600       0xFFFFFF80      0x00000008         (0, 1, 2)      [] [W]
    245     0x00011680       0xFFFFFF80      0x00000021         (0, 1, 2)      [] [E, S]
    246     0x00004500       0xFFFFFF80      0x00000008         (0, 0, 8)      [] [W]
    247     0x0001B000       0xFFFFFF80      0x00000008         (0, 1, 6)      [] [W]
    248     0x00017380       0xFFFFFF80      0x00000020         (0, 1, 14)      [] [S]
    249     0x00017A80       0xFFFFFF80      0x00000020         (0, 1, 15)      [] [S]
    250     0x0001CE80       0xFFFFFF80      0x00000008         (0, 1, 9)      [] [W]
    251     0x0003E500       0xFFFFFF00      0x00000008         (0, 3, 12)      [] [W]
    252     0x0003D300       0xFFFFFF00      0x00000010         (0, 3, 10)      [] [SW]
    253     0x0001C080       0xFFFFFF80      0x00000008         (0, 1, 8)      [] [W]
    254     0x00017080       0xFFFFFF80      0x00000020         (0, 1, 14)      [] [S]
    255     0x00020480       0xFFFFFF80      0x00000008         (0, 2, 0)      [] [W]
    256     0x0005A100       0xFFFFFF00      0x00000001         (0, 5, 4)      [] [E]
    257     0x00020F80       0xFFFFFF80      0x0000000C         (0, 2, 1)      [] [N, W]
    258     0x00020D80       0xFFFFFF80      0x00000002         (0, 2, 1)      [] [NE]
    259     0x0005B000       0xFFFFFF00      0x00000001         (0, 5, 6)      [] [E]
    260     0x00017F00       0xFFFFFF80      0x00000020         (0, 1, 15)      [] [S]
    261     0x0001A680       0xFFFFFF80      0x00000008         (0, 1, 4)      [] [W]
    262     0x00040B00       0xFFFFFF00      0x00000004         (0, 4, 1)      [] [N]
    263     0x0001E080       0xFFFFFF80      0x0000000C         (0, 1, 12)      [] [N, W]
    264     0x0001C000       0xFFFFFF80      0x00000008         (0, 1, 8)      [] [W]
    265     0x00017F80       0xFFFFFF80      0x00000020         (0, 1, 15)      [] [S]
    266     0x0001DD00       0xFFFFFF80      0x00000004         (0, 1, 11)      [] [N]
    267     0x0005CF00       0xFFFFFF00      0x00000001         (0, 5, 9)      [] [E]
    268     0x0005A300       0xFFFFFF00      0x00000001         (0, 5, 4)      [] [E]
    269     0x0001B900       0xFFFFFF80      0x00000008         (0, 1, 7)      [] [W]
    270     0x00012280       0xFFFFFF80      0x00000020         (0, 1, 4)      [] [S]
    271     0x00022C80       0xFFFFFF80      0x00020002         (0, 2, 5)      [11] [NE]
    272     0x0001E480       0xFFFFFF80      0x0000000C         (0, 1, 12)      [] [N, W]
    273     0x0001E500       0xFFFFFF80      0x0000000C         (0, 1, 12)      [] [N, W]
    274     0x0003D800       0xFFFFFF00      0x00000008         (0, 3, 11)      [] [W]
    275     0x00019B80       0xFFFFFF80      0x00000008         (0, 1, 3)      [] [W]
    276     0x00008380       0xFFFFFF80      0x00000008         (0, 0, 0)      [] [W]
    277     0x0000C900       0xFFFFFF80      0x00000008         (0, 0, 9)      [] [W]
    278     0x00022380       0xFFFFFF80      0x00000002         (0, 2, 4)      [] [NE]
    279     0x0001EF00       0xFFFFFF80      0x00000008         (0, 1, 13)      [] [W]
