router contains 680 entries 
 
  Index   Key(hex)    Mask(hex)    Route(hex)    Src. Core -> [Cores][Links]
------------------------------------------------------------------------------
    0     0x00003300       0xFFFFFF80      0x00200000         (0, 0, 6)      [15] []
    1     0x0001AB80       0xFFFFFF80      0x00000001         (0, 1, 5)      [] [E]
    2     0x00011C00       0xFFFFFF80      0x00000008         (0, 1, 3)      [] [W]
    3     0x00000780       0xFFFFFF80      0x00018003         (0, 0, 0)      [9, 10] [E, NE]
    4     0x00001B80       0xFFFFFF80      0x007FFFA1         (0, 0, 3)      [1, 2, 3, 4, 5, 6, 7, 8, 9, 10, 11, 12, 13, 14, 15, 16] [E, S]
    5     0x00012E00       0xFFFFFF80      0x00000008         (0, 1, 5)      [] [W]
    6     0x00000B00       0xFFFFFF80      0x0040000E         (0, 0, 1)      [16] [NE, N, W]
    7     0x00005B80       0xFFFFFF80      0x00200000         (0, 0, 11)      [15] []
    8     0x00012100       0xFFFFFF80      0x00000008         (0, 1, 4)      [] [W]
    9     0x00005700       0xFFFFFF80      0x00001008         (0, 0, 10)      [6] [W]
    10     0x00013480       0xFFFFFF80      0x00000008         (0, 1, 6)      [] [W]
    11     0x0000E280       0xFFFFFF80      0x00200000         (0, 0, 12)      [15] []
    12     0x00009300       0xFFFFFF80      0x00000008         (0, 0, 2)      [] [W]
    13     0x00019780       0xFFFFFF80      0x00000001         (0, 1, 2)      [] [E]
    14     0x00012F00       0xFFFFFF80      0x00000008         (0, 1, 5)      [] [W]
    15     0x00029A00       0xFFFFFF00      0x00000002         (0, 2, 3)      [] [NE]
    16     0x0002A300       0xFFFFFF00      0x00000002         (0, 2, 4)      [] [NE]
    17     0x00001D80       0xFFFFFF80      0x00000021         (0, 0, 3)      [] [E, S]
    18     0x00003F00       0xFFFFFF80      0x00040020         (0, 0, 7)      [12] [S]
    19     0x0001C600       0xFFFFFF80      0x00000001         (0, 1, 8)      [] [E]
    20     0x00012500       0xFFFFFF80      0x00000008         (0, 1, 4)      [] [W]
    21     0x00009880       0xFFFFFF80      0x00000008         (0, 0, 3)      [] [W]
    22     0x00019880       0xFFFFFF80      0x00000001         (0, 1, 3)      [] [E]
    23     0x0000FB80       0xFFFFFF80      0x00000010         (0, 0, 15)      [] [SW]
    24     0x0000A600       0xFFFFFF80      0x00000008         (0, 0, 4)      [] [W]
    25     0x00001280       0xFFFFFF80      0x007FFFBF         (0, 0, 2)      [1, 2, 3, 4, 5, 6, 7, 8, 9, 10, 11, 12, 13, 14, 15, 16] [E, NE, N, W, SW, S]
    26     0x0000AF80       0xFFFFFF80      0x00000008         (0, 0, 5)      [] [W]
    27     0x00013A00       0xFFFFFF80      0x00000008         (0, 1, 7)      [] [W]
    28     0x00004F80       0xFFFFFF80      0x00000008         (0, 0, 9)      [] [W]
    29     0x00007F80       0xFFFFFF80      0x00001000         (0, 0, 15)      [6] []
    30     0x00003D00       0xFFFFFF80      0x00004010         (0, 0, 7)      [8] [SW]
    31     0x0002A500       0xFFFFFF00      0x00000002         (0, 2, 4)      [] [NE]
    32     0x0000AB00       0xFFFFFF80      0x00040000         (0, 0, 5)      [12] []
    33     0x00002300       0xFFFFFF80      0x00018008         (0, 0, 4)      [9, 10] [W]
    34     0x00007F00       0xFFFFFF80      0x00000800         (0, 0, 15)      [5] []
    35     0x00002D80       0xFFFFFF80      0x00000408         (0, 0, 5)      [4] [W]
    36     0x00008F80       0xFFFFFF80      0x00020000         (0, 0, 1)      [11] []
    37     0x0000D700       0xFFFFFF80      0x00000008         (0, 0, 10)      [] [W]
    38     0x00009D00       0xFFFFFF80      0x00020000         (0, 0, 3)      [11] []
    39     0x00007600       0xFFFFFF80      0x00100020         (0, 0, 14)      [14] [S]
    40     0x00003180       0xFFFFFF80      0x00040000         (0, 0, 6)      [12] []
    41     0x00012600       0xFFFFFF80      0x00200000         (0, 1, 4)      [15] []
    42     0x00000380       0xFFFFFF80      0x00000183         (0, 0, 0)      [1, 2] [E, NE]
    43     0x0000DB00       0xFFFFFF80      0x00000008         (0, 0, 11)      [] [W]
    44     0x00022180       0xFFFFFF80      0x00080001         (0, 2, 4)      [13] [E]
    45     0x0000EC00       0xFFFFFF80      0x00000018         (0, 0, 13)      [] [W, SW]
    46     0x0000C500       0xFFFFFF80      0x00010010         (0, 0, 8)      [10] [SW]
    47     0x00004E80       0xFFFFFF80      0x00400000         (0, 0, 9)      [16] []
    48     0x00006680       0xFFFFFF80      0x00010010         (0, 0, 12)      [10] [SW]
    49     0x00007C00       0xFFFFFF80      0x00000010         (0, 0, 15)      [] [SW]
    50     0x00012000       0xFFFFFF80      0x00000008         (0, 1, 4)      [] [W]
    51     0x00001600       0xFFFFFF80      0x007FFFBF         (0, 0, 2)      [1, 2, 3, 4, 5, 6, 7, 8, 9, 10, 11, 12, 13, 14, 15, 16] [E, NE, N, W, SW, S]
    52     0x0000D580       0xFFFFFF80      0x00400000         (0, 0, 10)      [16] []
    53     0x00012800       0xFFFFFF80      0x00000008         (0, 1, 5)      [] [W]
    54     0x00006980       0xFFFFFF80      0x00400000         (0, 0, 13)      [16] []
    55     0x00013000       0xFFFFFF80      0x00000008         (0, 1, 6)      [] [W]
    56     0x00008D00       0xFFFFFF80      0x00001008         (0, 0, 1)      [6] [W]
    57     0x00007280       0xFFFFFF80      0x00002010         (0, 0, 14)      [7] [SW]
    58     0x00007680       0xFFFFFF80      0x00200020         (0, 0, 14)      [15] [S]
    59     0x00008700       0xFFFFFF80      0x00000008         (0, 0, 0)      [] [W]
    60     0x00006380       0xFFFFFF80      0x00000408         (0, 0, 12)      [4] [W]
    61     0x00001100       0xFFFFFF80      0x007FFFBF         (0, 0, 2)      [1, 2, 3, 4, 5, 6, 7, 8, 9, 10, 11, 12, 13, 14, 15, 16] [E, NE, N, W, SW, S]
    62     0x00003E00       0xFFFFFF80      0x00010010         (0, 0, 7)      [10] [SW]
    63     0x00003280       0xFFFFFF80      0x00100000         (0, 0, 6)      [14] []
    64     0x0000EE80       0xFFFFFF80      0x00040000         (0, 0, 13)      [12] []
    65     0x00022000       0xFFFFFF80      0x00010001         (0, 2, 4)      [10] [E]
    66     0x0000A680       0xFFFFFF80      0x00000008         (0, 0, 4)      [] [W]
    67     0x00017C00       0xFFFFFF80      0x00000008         (0, 1, 15)      [] [W]
    68     0x0000F980       0xFFFFFF80      0x00000010         (0, 0, 15)      [] [SW]
    69     0x00006F00       0xFFFFFF80      0x00000010         (0, 0, 13)      [] [SW]
    70     0x00008B80       0xFFFFFF80      0x00000008         (0, 0, 1)      [] [W]
    71     0x00003E80       0xFFFFFF80      0x00020020         (0, 0, 7)      [11] [S]
    72     0x00014A00       0xFFFFFF80      0x00000010         (0, 1, 9)      [] [SW]
    73     0x00004380       0xFFFFFF80      0x00000020         (0, 0, 8)      [] [S]
    74     0x00000600       0xFFFFFF80      0x00003003         (0, 0, 0)      [6, 7] [E, NE]
    75     0x0002A400       0xFFFFFF00      0x00000002         (0, 2, 4)      [] [NE]
    76     0x0000D000       0xFFFFFF80      0x00000008         (0, 0, 10)      [] [W]
    77     0x00012980       0xFFFFFF80      0x00000008         (0, 1, 5)      [] [W]
    78     0x00014D80       0xFFFFFF80      0x00000010         (0, 1, 9)      [] [SW]
    79     0x00010780       0xFFFFFF80      0x00000010         (0, 1, 0)      [] [SW]
    80     0x00010400       0xFFFFFF80      0x00000010         (0, 1, 0)      [] [SW]
    81     0x00011E00       0xFFFFFF80      0x00000008         (0, 1, 3)      [] [W]
    82     0x0001A480       0xFFFFFF80      0x00000003         (0, 1, 4)      [] [E, NE]
    83     0x00004B80       0xFFFFFF80      0x00010000         (0, 0, 9)      [10] []
    84     0x00025F00       0xFFFFFF00      0x00080000         (0, 2, 11)      [13] []
    85     0x00017E00       0xFFFFFF80      0x00000008         (0, 1, 15)      [] [W]
    86     0x0000AE00       0xFFFFFF80      0x00000008         (0, 0, 5)      [] [W]
    87     0x00002A00       0xFFFFFF80      0x00000008         (0, 0, 5)      [] [W]
    88     0x00009500       0xFFFFFF80      0x00000008         (0, 0, 2)      [] [W]
    89     0x00001A00       0xFFFFFF80      0x007FFFA1         (0, 0, 3)      [1, 2, 3, 4, 5, 6, 7, 8, 9, 10, 11, 12, 13, 14, 15, 16] [E, S]
    90     0x00002B80       0xFFFFFF80      0x00000008         (0, 0, 5)      [] [W]
    91     0x00005B00       0xFFFFFF80      0x00100000         (0, 0, 11)      [14] []
    92     0x00005800       0xFFFFFF80      0x00004000         (0, 0, 11)      [8] []
    93     0x0000B780       0xFFFFFF80      0x00010010         (0, 0, 6)      [10] [SW]
    94     0x0000DA80       0xFFFFFF80      0x00000008         (0, 0, 11)      [] [W]
    95     0x00012280       0xFFFFFF80      0x00000008         (0, 1, 4)      [] [W]
    96     0x00026100       0xFFFFFF00      0x00200000         (0, 2, 12)      [15] []
    97     0x00017580       0xFFFFFF80      0x00000008         (0, 1, 14)      [] [W]
    98     0x00004180       0xFFFFFF80      0x00000020         (0, 0, 8)      [] [S]
    99     0x00005180       0xFFFFFF80      0x00000008         (0, 0, 10)      [] [W]
    100     0x00021E80       0xFFFFFF80      0x00002001         (0, 2, 3)      [7] [E]
    101     0x0000C900       0xFFFFFF80      0x00000020         (0, 0, 9)      [] [S]
    102     0x00019B80       0xFFFFFF80      0x00000001         (0, 1, 3)      [] [E]
    103     0x00012300       0xFFFFFF80      0x00000008         (0, 1, 4)      [] [W]
    104     0x00002D00       0xFFFFFF80      0x00000208         (0, 0, 5)      [3] [W]
    105     0x00005C00       0xFFFFFF80      0x00400000         (0, 0, 11)      [16] []
    106     0x0002A100       0xFFFFFF00      0x00000002         (0, 2, 4)      [] [NE]
    107     0x0000B880       0xFFFFFF80      0x00040000         (0, 0, 7)      [12] []
    108     0x00006C80       0xFFFFFF80      0x00000008         (0, 0, 13)      [] [W]
    109     0x0000E180       0xFFFFFF80      0x00080000         (0, 0, 12)      [13] []
    110     0x00019E00       0xFFFFFF80      0x00000002         (0, 1, 3)      [] [NE]
    111     0x00013400       0xFFFFFF80      0x00400000         (0, 1, 6)      [16] []
    112     0x00008080       0xFFFFFF80      0x00004000         (0, 0, 0)      [8] []
    113     0x00008500       0xFFFFFF80      0x00000020         (0, 0, 0)      [] [S]
    114     0x0000C200       0xFFFFFF80      0x00000010         (0, 0, 8)      [] [SW]
    115     0x00010680       0xFFFFFF80      0x00000010         (0, 1, 0)      [] [SW]
    116     0x00008580       0xFFFFFF80      0x00000020         (0, 0, 0)      [] [S]
    117     0x00018000       0xFFFFFF80      0x00000008         (0, 1, 0)      [] [W]
    118     0x0000E480       0xFFFFFF80      0x00000008         (0, 0, 12)      [] [W]
    119     0x00003680       0xFFFFFF80      0x00000008         (0, 0, 6)      [] [W]
    120     0x00006600       0xFFFFFF80      0x00008010         (0, 0, 12)      [9] [SW]
    121     0x0000DE00       0xFFFFFF80      0x00000008         (0, 0, 11)      [] [W]
    122     0x00008780       0xFFFFFF80      0x00000008         (0, 0, 0)      [] [W]
    123     0x0000AB80       0xFFFFFF80      0x00080000         (0, 0, 5)      [13] []
    124     0x00003580       0xFFFFFF80      0x00000008         (0, 0, 6)      [] [W]
    125     0x0001C580       0xFFFFFF80      0x00000001         (0, 1, 8)      [] [E]
    126     0x00012C80       0xFFFFFF80      0x00000008         (0, 1, 5)      [] [W]
    127     0x00010980       0xFFFFFF80      0x00000010         (0, 1, 1)      [] [SW]
    128     0x00006180       0xFFFFFF80      0x00000008         (0, 0, 12)      [] [W]
    129     0x00004F00       0xFFFFFF80      0x00000008         (0, 0, 9)      [] [W]
    130     0x0000D180       0xFFFFFF80      0x00000008         (0, 0, 10)      [] [W]
    131     0x0000E800       0xFFFFFF80      0x00000008         (0, 0, 13)      [] [W]
    132     0x00004C00       0xFFFFFF80      0x00020000         (0, 0, 9)      [11] []
    133     0x00011A00       0xFFFFFF80      0x00000008         (0, 1, 3)      [] [W]
    134     0x00010A00       0xFFFFFF80      0x00080000         (0, 1, 1)      [13] []
    135     0x0000D600       0xFFFFFF80      0x00000008         (0, 0, 10)      [] [W]
    136     0x00016900       0xFFFFFF80      0x00000008         (0, 1, 13)      [] [W]
    137     0x00006C00       0xFFFFFF80      0x00000008         (0, 0, 13)      [] [W]
    138     0x00013180       0xFFFFFF80      0x00000008         (0, 1, 6)      [] [W]
    139     0x0000CE80       0xFFFFFF80      0x00000008         (0, 0, 9)      [] [W]
    140     0x00000300       0xFFFFFF80      0x00000083         (0, 0, 0)      [1] [E, NE]
    141     0x00009080       0xFFFFFF80      0x00080000         (0, 0, 2)      [13] []
    142     0x00002C80       0xFFFFFF80      0x00000108         (0, 0, 5)      [2] [W]
    143     0x00021980       0xFFFFFF80      0x00000001         (0, 2, 3)      [] [E]
    144     0x00007400       0xFFFFFF80      0x00010010         (0, 0, 14)      [10] [SW]
    145     0x00015680       0xFFFFFF80      0x00000010         (0, 1, 10)      [] [SW]
    146     0x00009900       0xFFFFFF80      0x00000008         (0, 0, 3)      [] [W]
    147     0x0000A800       0xFFFFFF80      0x00001018         (0, 0, 5)      [6] [W, SW]
    148     0x00006A80       0xFFFFFF80      0x00000008         (0, 0, 13)      [] [W]
    149     0x0000B000       0xFFFFFF80      0x00000008         (0, 0, 6)      [] [W]
    150     0x00012D80       0xFFFFFF80      0x00000008         (0, 1, 5)      [] [W]
    151     0x00013A80       0xFFFFFF80      0x00000008         (0, 1, 7)      [] [W]
    152     0x00009100       0xFFFFFF80      0x00100000         (0, 0, 2)      [14] []
    153     0x00018280       0xFFFFFF80      0x00000008         (0, 1, 0)      [] [W]
    154     0x00002C00       0xFFFFFF80      0x00000088         (0, 0, 5)      [1] [W]
    155     0x00013500       0xFFFFFF80      0x00000008         (0, 1, 6)      [] [W]
    156     0x00007700       0xFFFFFF80      0x00400020         (0, 0, 14)      [16] [S]
    157     0x00002280       0xFFFFFF80      0x0000C008         (0, 0, 4)      [8, 9] [W]
    158     0x00009E00       0xFFFFFF80      0x00080000         (0, 0, 3)      [13] []
    159     0x00011800       0xFFFFFF80      0x00100000         (0, 1, 3)      [14] []
    160     0x00008D80       0xFFFFFF80      0x00002000         (0, 0, 1)      [7] []
    161     0x00010B80       0xFFFFFF80      0x00400000         (0, 1, 1)      [16] []
    162     0x00013680       0xFFFFFF80      0x00000008         (0, 1, 6)      [] [W]
    163     0x00001800       0xFFFFFF80      0x007FFFAF         (0, 0, 3)      [1, 2, 3, 4, 5, 6, 7, 8, 9, 10, 11, 12, 13, 14, 15, 16] [E, NE, N, W, S]
    164     0x00008E00       0xFFFFFF80      0x00004000         (0, 0, 1)      [8] []
    165     0x0000A500       0xFFFFFF80      0x00000008         (0, 0, 4)      [] [W]
    166     0x00011A80       0xFFFFFF80      0x00000008         (0, 1, 3)      [] [W]
    167     0x00002980       0xFFFFFF80      0x00000008         (0, 0, 5)      [] [W]
    168     0x00001400       0xFFFFFF80      0x007FFFBF         (0, 0, 2)      [1, 2, 3, 4, 5, 6, 7, 8, 9, 10, 11, 12, 13, 14, 15, 16] [E, NE, N, W, SW, S]
    169     0x00007300       0xFFFFFF80      0x00004010         (0, 0, 14)      [8] [SW]
    170     0x00001000       0xFFFFFF80      0x007FFF8E         (0, 0, 2)      [1, 2, 3, 4, 5, 6, 7, 8, 9, 10, 11, 12, 13, 14, 15, 16] [NE, N, W]
    171     0x00025600       0xFFFFFF00      0x00000400         (0, 2, 10)      [4] []
    172     0x00008A80       0xFFFFFF80      0x00000008         (0, 0, 1)      [] [W]
    173     0x0000FC80       0xFFFFFF80      0x00080000         (0, 0, 15)      [13] []
    174     0x0000D300       0xFFFFFF80      0x00020000         (0, 0, 10)      [11] []
    175     0x00012880       0xFFFFFF80      0x00000008         (0, 1, 5)      [] [W]
    176     0x00003F80       0xFFFFFF80      0x00080020         (0, 0, 7)      [13] [S]
    177     0x0000F300       0xFFFFFF80      0x00000008         (0, 0, 14)      [] [W]
    178     0x0000EA80       0xFFFFFF80      0x00000008         (0, 0, 13)      [] [W]
    179     0x00002100       0xFFFFFF80      0x00001801         (0, 0, 4)      [5, 6] [E]
    180     0x00005880       0xFFFFFF80      0x00008000         (0, 0, 11)      [9] []
    181     0x00002580       0xFFFFFF80      0x00300008         (0, 0, 4)      [14, 15] [W]
    182     0x00013200       0xFFFFFF80      0x00000008         (0, 1, 6)      [] [W]
    183     0x0002A600       0xFFFFFF00      0x00000002         (0, 2, 4)      [] [NE]
    184     0x0000F600       0xFFFFFF80      0x00000010         (0, 0, 14)      [] [SW]
    185     0x00000B80       0xFFFFFF80      0x0000000E         (0, 0, 1)      [] [NE, N, W]
    186     0x00008000       0xFFFFFF80      0x00002000         (0, 0, 0)      [7] []
    187     0x0000C980       0xFFFFFF80      0x00000020         (0, 0, 9)      [] [S]
    188     0x0000BF80       0xFFFFFF80      0x00000010         (0, 0, 7)      [] [SW]
    189     0x00025800       0xFFFFFF00      0x00001000         (0, 2, 11)      [6] []
    190     0x00012B80       0xFFFFFF80      0x00000008         (0, 1, 5)      [] [W]
    191     0x0000EB80       0xFFFFFF80      0x00000018         (0, 0, 13)      [] [W, SW]
    192     0x00009A00       0xFFFFFF80      0x00000808         (0, 0, 3)      [5] [W]
    193     0x00001580       0xFFFFFF80      0x007FFFBF         (0, 0, 2)      [1, 2, 3, 4, 5, 6, 7, 8, 9, 10, 11, 12, 13, 14, 15, 16] [E, NE, N, W, SW, S]
    194     0x00003C80       0xFFFFFF80      0x00002010         (0, 0, 7)      [7] [SW]
    195     0x00025900       0xFFFFFF00      0x00002000         (0, 2, 11)      [7] []
    196     0x00006F80       0xFFFFFF80      0x00000010         (0, 0, 13)      [] [SW]
    197     0x00000900       0xFFFFFF80      0x000C0006         (0, 0, 1)      [12, 13] [NE, N]
    198     0x0000D500       0xFFFFFF80      0x00200000         (0, 0, 10)      [15] []
    199     0x00001D00       0xFFFFFF80      0x00000021         (0, 0, 3)      [] [E, S]
    200     0x0000ED00       0xFFFFFF80      0x00000018         (0, 0, 13)      [] [W, SW]
    201     0x0000B480       0xFFFFFF80      0x00000010         (0, 0, 6)      [] [SW]
    202     0x00013600       0xFFFFFF80      0x00000008         (0, 1, 6)      [] [W]
    203     0x00007880       0xFFFFFF80      0x00000020         (0, 0, 15)      [] [S]
    204     0x00013F00       0xFFFFFF80      0x00000008         (0, 1, 7)      [] [W]
    205     0x00004200       0xFFFFFF80      0x00000020         (0, 0, 8)      [] [S]
    206     0x00008300       0xFFFFFF80      0x00080020         (0, 0, 0)      [13] [S]
    207     0x00012080       0xFFFFFF80      0x00000008         (0, 1, 4)      [] [W]
    208     0x00001880       0xFFFFFF80      0x007FFFAF         (0, 0, 3)      [1, 2, 3, 4, 5, 6, 7, 8, 9, 10, 11, 12, 13, 14, 15, 16] [E, NE, N, W, S]
    209     0x00025B00       0xFFFFFF00      0x00008000         (0, 2, 11)      [9] []
    210     0x00006700       0xFFFFFF80      0x00020000         (0, 0, 12)      [11] []
    211     0x0000C580       0xFFFFFF80      0x00020020         (0, 0, 8)      [11] [S]
    212     0x0001C380       0xFFFFFF80      0x00000003         (0, 1, 8)      [] [E, NE]
    213     0x00006280       0xFFFFFF80      0x00000108         (0, 0, 12)      [2] [W]
    214     0x00007380       0xFFFFFF80      0x00008010         (0, 0, 14)      [9] [SW]
    215     0x00014780       0xFFFFFF80      0x00000010         (0, 1, 8)      [] [SW]
    216     0x0000AC00       0xFFFFFF80      0x00100000         (0, 0, 5)      [14] []
    217     0x00016980       0xFFFFFF80      0x00000008         (0, 1, 13)      [] [W]
    218     0x00006780       0xFFFFFF80      0x00040000         (0, 0, 12)      [12] []
    219     0x00008C00       0xFFFFFF80      0x00000408         (0, 0, 1)      [4] [W]
    220     0x00014E00       0xFFFFFF80      0x00000010         (0, 1, 9)      [] [SW]
    221     0x0001A980       0xFFFFFF80      0x00000001         (0, 1, 5)      [] [E]
    222     0x00025D00       0xFFFFFF00      0x00020000         (0, 2, 11)      [11] []
    223     0x00001080       0xFFFFFF80      0x007FFF8E         (0, 0, 2)      [1, 2, 3, 4, 5, 6, 7, 8, 9, 10, 11, 12, 13, 14, 15, 16] [NE, N, W]
    224     0x0000B600       0xFFFFFF80      0x00002010         (0, 0, 6)      [7] [SW]
    225     0x00005680       0xFFFFFF80      0x00000808         (0, 0, 10)      [5] [W]
    226     0x00000C80       0xFFFFFF80      0x0000000E         (0, 0, 1)      [] [NE, N, W]
    227     0x00017E80       0xFFFFFF80      0x00000008         (0, 1, 15)      [] [W]
    228     0x00025E00       0xFFFFFF00      0x00040000         (0, 2, 11)      [12] []
    229     0x0000C400       0xFFFFFF80      0x00004010         (0, 0, 8)      [8] [SW]
    230     0x00014900       0xFFFFFF80      0x00000010         (0, 1, 9)      [] [SW]
    231     0x0000E980       0xFFFFFF80      0x00000008         (0, 0, 13)      [] [W]
    232     0x0001A200       0xFFFFFF80      0x00000003         (0, 1, 4)      [] [E, NE]
    233     0x00029800       0xFFFFFF00      0x00000002         (0, 2, 3)      [] [NE]
    234     0x00005D80       0xFFFFFF80      0x00000008         (0, 0, 11)      [] [W]
    235     0x00014C80       0xFFFFFF80      0x00000010         (0, 1, 9)      [] [SW]
    236     0x0000EF00       0xFFFFFF80      0x00080000         (0, 0, 13)      [13] []
    237     0x00019980       0xFFFFFF80      0x00000001         (0, 1, 3)      [] [E]
    238     0x00000500       0xFFFFFF80      0x00000C03         (0, 0, 0)      [4, 5] [E, NE]
    239     0x00000F80       0xFFFFFF80      0x007FFF8A         (0, 0, 1)      [1, 2, 3, 4, 5, 6, 7, 8, 9, 10, 11, 12, 13, 14, 15, 16] [NE, W]
    240     0x00009780       0xFFFFFF80      0x00000008         (0, 0, 2)      [] [W]
    241     0x00005080       0xFFFFFF80      0x00000008         (0, 0, 10)      [] [W]
    242     0x0000B800       0xFFFFFF80      0x00020000         (0, 0, 7)      [11] []
    243     0x00010880       0xFFFFFF80      0x00000010         (0, 1, 1)      [] [SW]
    244     0x0000D680       0xFFFFFF80      0x00000008         (0, 0, 10)      [] [W]
    245     0x00002480       0xFFFFFF80      0x000C0008         (0, 0, 4)      [12, 13] [W]
    246     0x0001A000       0xFFFFFF80      0x00000003         (0, 1, 4)      [] [E, NE]
    247     0x0000FB00       0xFFFFFF80      0x00000010         (0, 0, 15)      [] [SW]
    248     0x00022080       0xFFFFFF80      0x00020001         (0, 2, 4)      [11] [E]
    249     0x00002180       0xFFFFFF80      0x00003008         (0, 0, 4)      [6, 7] [W]
    250     0x00025300       0xFFFFFF00      0x00000080         (0, 2, 10)      [1] []
    251     0x00015380       0xFFFFFF80      0x00000010         (0, 1, 10)      [] [SW]
    252     0x0000C100       0xFFFFFF80      0x00000010         (0, 0, 8)      [] [SW]
    253     0x0000F880       0xFFFFFF80      0x00000010         (0, 0, 15)      [] [SW]
    254     0x00007E80       0xFFFFFF80      0x00000400         (0, 0, 15)      [4] []
    255     0x0000EF80       0xFFFFFF80      0x00100000         (0, 0, 13)      [14] []
    256     0x00001380       0xFFFFFF80      0x007FFFBF         (0, 0, 2)      [1, 2, 3, 4, 5, 6, 7, 8, 9, 10, 11, 12, 13, 14, 15, 16] [E, NE, N, W, SW, S]
    257     0x00002E80       0xFFFFFF80      0x00001008         (0, 0, 5)      [6] [W]
    258     0x00009E80       0xFFFFFF80      0x00100000         (0, 0, 3)      [14] []
    259     0x00003380       0xFFFFFF80      0x00400000         (0, 0, 6)      [16] []
    260     0x00001C80       0xFFFFFF80      0x00000021         (0, 0, 3)      [] [E, S]
    261     0x00002080       0xFFFFFF80      0x00000C01         (0, 0, 4)      [4, 5] [E]
    262     0x00005380       0xFFFFFF80      0x00000008         (0, 0, 10)      [] [W]
    263     0x00019A00       0xFFFFFF80      0x00000001         (0, 1, 3)      [] [E]
    264     0x00015780       0xFFFFFF80      0x00000010         (0, 1, 10)      [] [SW]
    265     0x00010580       0xFFFFFF80      0x00000010         (0, 1, 0)      [] [SW]
    266     0x00012E80       0xFFFFFF80      0x00000008         (0, 1, 5)      [] [W]
    267     0x00007900       0xFFFFFF80      0x00000020         (0, 0, 15)      [] [S]
    268     0x00009A80       0xFFFFFF80      0x00001008         (0, 0, 3)      [6] [W]
    269     0x00012680       0xFFFFFF80      0x00400000         (0, 1, 4)      [16] []
    270     0x00009380       0xFFFFFF80      0x00000008         (0, 0, 2)      [] [W]
    271     0x00005C80       0xFFFFFF80      0x00000008         (0, 0, 11)      [] [W]
    272     0x0000E300       0xFFFFFF80      0x00400000         (0, 0, 12)      [16] []
    273     0x00011900       0xFFFFFF80      0x00400000         (0, 1, 3)      [16] []
    274     0x00008100       0xFFFFFF80      0x00008000         (0, 0, 0)      [9] []
    275     0x00002B00       0xFFFFFF80      0x00000008         (0, 0, 5)      [] [W]
    276     0x00013E80       0xFFFFFF80      0x00000008         (0, 1, 7)      [] [W]
    277     0x0000B180       0xFFFFFF80      0x00000010         (0, 0, 6)      [] [SW]
    278     0x00005E00       0xFFFFFF80      0x00000008         (0, 0, 11)      [] [W]
    279     0x00021B80       0xFFFFFF80      0x00000081         (0, 2, 3)      [1] [E]
    280     0x00002700       0xFFFFFF80      0x00000008         (0, 0, 4)      [] [W]
    281     0x0000B900       0xFFFFFF80      0x00080000         (0, 0, 7)      [13] []
    282     0x00017F00       0xFFFFFF80      0x00000008         (0, 1, 15)      [] [W]
    283     0x00010900       0xFFFFFF80      0x00000010         (0, 1, 1)      [] [SW]
    284     0x00008A00       0xFFFFFF80      0x00000008         (0, 0, 1)      [] [W]
    285     0x00014E80       0xFFFFFF80      0x00000010         (0, 1, 9)      [] [SW]
    286     0x00005F00       0xFFFFFF80      0x00000008         (0, 0, 11)      [] [W]
    287     0x0000A100       0xFFFFFF80      0x00000008         (0, 0, 4)      [] [W]
    288     0x0001A100       0xFFFFFF80      0x00000003         (0, 1, 4)      [] [E, NE]
    289     0x00005100       0xFFFFFF80      0x00000008         (0, 0, 10)      [] [W]
    290     0x00010800       0xFFFFFF80      0x00000010         (0, 1, 1)      [] [SW]
    291     0x00014A80       0xFFFFFF80      0x00000010         (0, 1, 9)      [] [SW]
    292     0x0001C480       0xFFFFFF80      0x00000003         (0, 1, 8)      [] [E, NE]
    293     0x0000A580       0xFFFFFF80      0x00000008         (0, 0, 4)      [] [W]
    294     0x00001F00       0xFFFFFF80      0x00000181         (0, 0, 3)      [1, 2] [E]
    295     0x0000CE00       0xFFFFFF80      0x00000008         (0, 0, 9)      [] [W]
    296     0x00009800       0xFFFFFF80      0x00000008         (0, 0, 3)      [] [W]
    297     0x00005400       0xFFFFFF80      0x00000008         (0, 0, 10)      [] [W]
    298     0x00004900       0xFFFFFF80      0x00000800         (0, 0, 9)      [5] []
    299     0x0000B980       0xFFFFFF80      0x00100000         (0, 0, 7)      [14] []
    300     0x00015600       0xFFFFFF80      0x00000010         (0, 1, 10)      [] [SW]
    301     0x0000DC00       0xFFFFFF80      0x00000008         (0, 0, 11)      [] [W]
    302     0x0000AD80       0xFFFFFF80      0x00000008         (0, 0, 5)      [] [W]
    303     0x00005D00       0xFFFFFF80      0x00000008         (0, 0, 11)      [] [W]
    304     0x0001AB00       0xFFFFFF80      0x00000001         (0, 1, 5)      [] [E]
    305     0x00025C00       0xFFFFFF00      0x00010000         (0, 2, 11)      [10] []
    306     0x00019700       0xFFFFFF80      0x00000001         (0, 1, 2)      [] [E]
    307     0x0000C000       0xFFFFFF80      0x00000010         (0, 0, 8)      [] [SW]
    308     0x0000C600       0xFFFFFF80      0x00040020         (0, 0, 8)      [12] [S]
    309     0x00006E80       0xFFFFFF80      0x00000010         (0, 0, 13)      [] [SW]
    310     0x00004D00       0xFFFFFF80      0x00080000         (0, 0, 9)      [13] []
    311     0x00007480       0xFFFFFF80      0x00020000         (0, 0, 14)      [11] []
    312     0x00029B00       0xFFFFFF00      0x00000002         (0, 2, 3)      [] [NE]
    313     0x00011F80       0xFFFFFF80      0x00000008         (0, 1, 3)      [] [W]
    314     0x00006800       0xFFFFFF80      0x00080000         (0, 0, 13)      [13] []
    315     0x0001C400       0xFFFFFF80      0x00000003         (0, 1, 8)      [] [E, NE]
    316     0x00000980       0xFFFFFF80      0x00180006         (0, 0, 1)      [13, 14] [NE, N]
    317     0x0000F500       0xFFFFFF80      0x00000010         (0, 0, 14)      [] [SW]
    318     0x00015700       0xFFFFFF80      0x00000010         (0, 1, 10)      [] [SW]
    319     0x0000CF80       0xFFFFFF80      0x00000008         (0, 0, 9)      [] [W]
    320     0x00004E00       0xFFFFFF80      0x00200000         (0, 0, 9)      [15] []
    321     0x0000B300       0xFFFFFF80      0x00000010         (0, 0, 6)      [] [SW]
    322     0x00007780       0xFFFFFF80      0x00000020         (0, 0, 14)      [] [S]
    323     0x00002500       0xFFFFFF80      0x00180008         (0, 0, 4)      [13, 14] [W]
    324     0x00003600       0xFFFFFF80      0x00000008         (0, 0, 6)      [] [W]
    325     0x00029700       0xFFFFFF00      0x00000002         (0, 2, 2)      [] [NE]
    326     0x00003800       0xFFFFFF80      0x00000018         (0, 0, 7)      [] [W, SW]
    327     0x0000DE80       0xFFFFFF80      0x00000008         (0, 0, 11)      [] [W]
    328     0x0000A280       0xFFFFFF80      0x00000008         (0, 0, 4)      [] [W]
    329     0x00021D80       0xFFFFFF80      0x00000801         (0, 2, 3)      [5] [E]
    330     0x0000C680       0xFFFFFF80      0x00080020         (0, 0, 8)      [13] [S]
    331     0x00000480       0xFFFFFF80      0x00000603         (0, 0, 0)      [3, 4] [E, NE]
    332     0x0000CD00       0xFFFFFF80      0x00000008         (0, 0, 9)      [] [W]
    333     0x00015300       0xFFFFFF80      0x00000010         (0, 1, 10)      [] [SW]
    334     0x00021F00       0xFFFFFF80      0x00004001         (0, 2, 3)      [8] [E]
    335     0x00008E80       0xFFFFFF80      0x00008000         (0, 0, 1)      [9] []
    336     0x00008380       0xFFFFFF80      0x00100020         (0, 0, 0)      [14] [S]
    337     0x00013280       0xFFFFFF80      0x00000008         (0, 1, 6)      [] [W]
    338     0x00021D00       0xFFFFFF80      0x00000401         (0, 2, 3)      [4] [E]
    339     0x0000C380       0xFFFFFF80      0x00000010         (0, 0, 8)      [] [SW]
    340     0x00009180       0xFFFFFF80      0x00200000         (0, 0, 2)      [15] []
    341     0x00019A80       0xFFFFFF80      0x00000001         (0, 1, 3)      [] [E]
    342     0x00020080       0xFFFFFF80      0x00000020         (0, 2, 0)      [] [S]
    343     0x00000200       0xFFFFFF80      0x00000003         (0, 0, 0)      [] [E, NE]
    344     0x00001200       0xFFFFFF80      0x007FFFBF         (0, 0, 2)      [1, 2, 3, 4, 5, 6, 7, 8, 9, 10, 11, 12, 13, 14, 15, 16] [E, NE, N, W, SW, S]
    345     0x0000E080       0xFFFFFF80      0x00020000         (0, 0, 12)      [11] []
    346     0x0000CA00       0xFFFFFF80      0x00000008         (0, 0, 9)      [] [W]
    347     0x00000C00       0xFFFFFF80      0x0000000E         (0, 0, 1)      [] [NE, N, W]
    348     0x00005900       0xFFFFFF80      0x00010000         (0, 0, 11)      [10] []
    349     0x00017500       0xFFFFFF80      0x00000008         (0, 1, 14)      [] [W]
    350     0x0000A700       0xFFFFFF80      0x00000008         (0, 0, 4)      [] [W]
    351     0x0000C180       0xFFFFFF80      0x00000010         (0, 0, 8)      [] [SW]
    352     0x0000F180       0xFFFFFF80      0x00000008         (0, 0, 14)      [] [W]
    353     0x00013080       0xFFFFFF80      0x00000008         (0, 1, 6)      [] [W]
    354     0x0000AE80       0xFFFFFF80      0x00000008         (0, 0, 5)      [] [W]
    355     0x00005E80       0xFFFFFF80      0x00000008         (0, 0, 11)      [] [W]
    356     0x00005000       0xFFFFFF80      0x00000008         (0, 0, 10)      [] [W]
    357     0x00029900       0xFFFFFF00      0x00000002         (0, 2, 3)      [] [NE]
    358     0x00005980       0xFFFFFF80      0x00020000         (0, 0, 11)      [11] []
    359     0x00014880       0xFFFFFF80      0x00000010         (0, 1, 9)      [] [SW]
    360     0x00009B00       0xFFFFFF80      0x00002000         (0, 0, 3)      [7] []
    361     0x0000D800       0xFFFFFF80      0x00000008         (0, 0, 11)      [] [W]
    362     0x00017D80       0xFFFFFF80      0x00000008         (0, 1, 15)      [] [W]
    363     0x0000A000       0xFFFFFF80      0x00000008         (0, 0, 4)      [] [W]
    364     0x00004880       0xFFFFFF80      0x00000400         (0, 0, 9)      [4] []
    365     0x0000B580       0xFFFFFF80      0x00000010         (0, 0, 6)      [] [SW]
    366     0x00010380       0xFFFFFF80      0x00000010         (0, 1, 0)      [] [SW]
    367     0x0000C080       0xFFFFFF80      0x00000010         (0, 0, 8)      [] [SW]
    368     0x00001B00       0xFFFFFF80      0x007FFFA1         (0, 0, 3)      [1, 2, 3, 4, 5, 6, 7, 8, 9, 10, 11, 12, 13, 14, 15, 16] [E, S]
    369     0x00017A80       0xFFFFFF80      0x00000008         (0, 1, 15)      [] [W]
    370     0x0000DC80       0xFFFFFF80      0x00000008         (0, 0, 11)      [] [W]
    371     0x0000C800       0xFFFFFF80      0x00400020         (0, 0, 9)      [16] [S]
    372     0x00002400       0xFFFFFF80      0x00060008         (0, 0, 4)      [11, 12] [W]
    373     0x00002800       0xFFFFFF80      0x00000008         (0, 0, 5)      [] [W]
    374     0x0000F680       0xFFFFFF80      0x00000010         (0, 0, 14)      [] [SW]
    375     0x00004000       0xFFFFFF80      0x00100020         (0, 0, 8)      [14] [S]
    376     0x00004800       0xFFFFFF80      0x00000200         (0, 0, 9)      [3] []
    377     0x0000A880       0xFFFFFF80      0x00002010         (0, 0, 5)      [7] [SW]
    378     0x00026000       0xFFFFFF00      0x00100000         (0, 2, 12)      [14] []
    379     0x0000DF00       0xFFFFFF80      0x00000008         (0, 0, 11)      [] [W]
    380     0x00008400       0xFFFFFF80      0x00200020         (0, 0, 0)      [15] [S]
    381     0x00003480       0xFFFFFF80      0x00000008         (0, 0, 6)      [] [W]
    382     0x00004300       0xFFFFFF80      0x00000020         (0, 0, 8)      [] [S]
    383     0x00009F80       0xFFFFFF80      0x00400000         (0, 0, 3)      [16] []
    384     0x0000CB00       0xFFFFFF80      0x00000008         (0, 0, 9)      [] [W]
    385     0x00002A80       0xFFFFFF80      0x00000008         (0, 0, 5)      [] [W]
    386     0x0000D480       0xFFFFFF80      0x00100000         (0, 0, 10)      [14] []
    387     0x00006E00       0xFFFFFF80      0x00000010         (0, 0, 13)      [] [SW]
    388     0x00011B80       0xFFFFFF80      0x00000008         (0, 1, 3)      [] [W]
    389     0x00000280       0xFFFFFF80      0x00000003         (0, 0, 0)      [] [E, NE]
    390     0x00003780       0xFFFFFF80      0x00000010         (0, 0, 6)      [] [SW]
    391     0x00019900       0xFFFFFF80      0x00000001         (0, 1, 3)      [] [E]
    392     0x0000F200       0xFFFFFF80      0x00000008         (0, 0, 14)      [] [W]
    393     0x00018080       0xFFFFFF80      0x00000008         (0, 1, 0)      [] [W]
    394     0x00015500       0xFFFFFF80      0x00000010         (0, 1, 10)      [] [SW]
    395     0x0000D200       0xFFFFFF80      0x00008000         (0, 0, 10)      [9] []
    396     0x00017F80       0xFFFFFF80      0x00000008         (0, 1, 15)      [] [W]
    397     0x00001700       0xFFFFFF80      0x007FFFAF         (0, 0, 2)      [1, 2, 3, 4, 5, 6, 7, 8, 9, 10, 11, 12, 13, 14, 15, 16] [E, NE, N, W, S]
    398     0x0000A900       0xFFFFFF80      0x00004010         (0, 0, 5)      [8] [SW]
    399     0x0000F280       0xFFFFFF80      0x00000008         (0, 0, 14)      [] [W]
    400     0x00000700       0xFFFFFF80      0x0000C003         (0, 0, 0)      [8, 9] [E, NE]
    401     0x00007B80       0xFFFFFF80      0x00000010         (0, 0, 15)      [] [SW]
    402     0x0000A080       0xFFFFFF80      0x00000008         (0, 0, 4)      [] [W]
    403     0x0000A980       0xFFFFFF80      0x00008010         (0, 0, 5)      [9] [SW]
    404     0x00000D80       0xFFFFFF80      0x0000000E         (0, 0, 1)      [] [NE, N, W]
    405     0x0001C300       0xFFFFFF80      0x00000003         (0, 1, 8)      [] [E, NE]
    406     0x0000F580       0xFFFFFF80      0x00000010         (0, 0, 14)      [] [SW]
    407     0x0000A180       0xFFFFFF80      0x00000008         (0, 0, 4)      [] [W]
    408     0x00004280       0xFFFFFF80      0x00000020         (0, 0, 8)      [] [S]
    409     0x00029600       0xFFFFFF00      0x00000002         (0, 2, 2)      [] [NE]
    410     0x00010700       0xFFFFFF80      0x00000010         (0, 1, 0)      [] [SW]
    411     0x00003A80       0xFFFFFF80      0x00000218         (0, 0, 7)      [3] [W, SW]
    412     0x0000FD00       0xFFFFFF80      0x00100000         (0, 0, 15)      [14] []
    413     0x00007500       0xFFFFFF80      0x00040000         (0, 0, 14)      [12] []
    414     0x0000EC80       0xFFFFFF80      0x00000018         (0, 0, 13)      [] [W, SW]
    415     0x00004700       0xFFFFFF80      0x00000080         (0, 0, 8)      [1] []
    416     0x00004D80       0xFFFFFF80      0x00100000         (0, 0, 9)      [14] []
    417     0x00006200       0xFFFFFF80      0x00000088         (0, 0, 12)      [1] [W]
    418     0x00014980       0xFFFFFF80      0x00000010         (0, 1, 9)      [] [SW]
    419     0x0000DB80       0xFFFFFF80      0x00000008         (0, 0, 11)      [] [W]
    420     0x00009D80       0xFFFFFF80      0x00040000         (0, 0, 3)      [12] []
    421     0x00002880       0xFFFFFF80      0x00000008         (0, 0, 5)      [] [W]
    422     0x00016A00       0xFFFFFF80      0x00000008         (0, 1, 13)      [] [W]
    423     0x00013380       0xFFFFFF80      0x00000008         (0, 1, 6)      [] [W]
    424     0x00007C80       0xFFFFFF80      0x00000010         (0, 0, 15)      [] [SW]
    425     0x0000F780       0xFFFFFF80      0x00000010         (0, 0, 14)      [] [SW]
    426     0x0002A200       0xFFFFFF00      0x00000002         (0, 2, 4)      [] [NE]
    427     0x00003000       0xFFFFFF80      0x00008000         (0, 0, 6)      [9] []
    428     0x00017D00       0xFFFFFF80      0x00000008         (0, 1, 15)      [] [W]
    429     0x00012D00       0xFFFFFF80      0x00000008         (0, 1, 5)      [] [W]
    430     0x00004680       0xFFFFFF80      0x00000020         (0, 0, 8)      [] [S]
    431     0x00019B00       0xFFFFFF80      0x00000001         (0, 1, 3)      [] [E]
    432     0x00008F00       0xFFFFFF80      0x00010000         (0, 0, 1)      [10] []
    433     0x0000DD80       0xFFFFFF80      0x00000008         (0, 0, 11)      [] [W]
    434     0x00001500       0xFFFFFF80      0x007FFFBF         (0, 0, 2)      [1, 2, 3, 4, 5, 6, 7, 8, 9, 10, 11, 12, 13, 14, 15, 16] [E, NE, N, W, SW, S]
    435     0x00007E00       0xFFFFFF80      0x00000200         (0, 0, 15)      [3] []
    436     0x0001A380       0xFFFFFF80      0x00000003         (0, 1, 4)      [] [E, NE]
    437     0x0000EE00       0xFFFFFF80      0x00020000         (0, 0, 13)      [11] []
    438     0x00003400       0xFFFFFF80      0x00000008         (0, 0, 6)      [] [W]
    439     0x0000C880       0xFFFFFF80      0x00000020         (0, 0, 9)      [] [S]
    440     0x00002600       0xFFFFFF80      0x00600008         (0, 0, 4)      [16, 15] [W]
    441     0x00011B00       0xFFFFFF80      0x00000008         (0, 1, 3)      [] [W]
    442     0x0000CD80       0xFFFFFF80      0x00000008         (0, 0, 9)      [] [W]
    443     0x00015480       0xFFFFFF80      0x00000010         (0, 1, 10)      [] [SW]
    444     0x0000B380       0xFFFFFF80      0x00000010         (0, 0, 6)      [] [SW]
    445     0x00002380       0xFFFFFF80      0x00030008         (0, 0, 4)      [10, 11] [W]
    446     0x00001E00       0xFFFFFF80      0x00000021         (0, 0, 3)      [] [E, S]
    447     0x00009B80       0xFFFFFF80      0x00004000         (0, 0, 3)      [8] []
    448     0x00013C80       0xFFFFFF80      0x00000008         (0, 1, 7)      [] [W]
    449     0x00009F00       0xFFFFFF80      0x00200000         (0, 0, 3)      [15] []
    450     0x00011E80       0xFFFFFF80      0x00000008         (0, 1, 3)      [] [W]
    451     0x0000DD00       0xFFFFFF80      0x00000008         (0, 0, 11)      [] [W]
    452     0x00025700       0xFFFFFF00      0x00000800         (0, 2, 10)      [5] []
    453     0x00009C00       0xFFFFFF80      0x00008000         (0, 0, 3)      [9] []
    454     0x00001180       0xFFFFFF80      0x007FFFBF         (0, 0, 2)      [1, 2, 3, 4, 5, 6, 7, 8, 9, 10, 11, 12, 13, 14, 15, 16] [E, NE, N, W, SW, S]
    455     0x00006A00       0xFFFFFF80      0x00000008         (0, 0, 13)      [] [W]
    456     0x0000D400       0xFFFFFF80      0x00080000         (0, 0, 10)      [13] []
    457     0x0000A480       0xFFFFFF80      0x00000008         (0, 0, 4)      [] [W]
    458     0x00013B00       0xFFFFFF80      0x00000008         (0, 1, 7)      [] [W]
    459     0x00006300       0xFFFFFF80      0x00000208         (0, 0, 12)      [3] [W]
    460     0x00011980       0xFFFFFF80      0x00000008         (0, 1, 3)      [] [W]
    461     0x0000EB00       0xFFFFFF80      0x00000018         (0, 0, 13)      [] [W, SW]
    462     0x0000B500       0xFFFFFF80      0x00000010         (0, 0, 6)      [] [SW]
    463     0x00015400       0xFFFFFF80      0x00000010         (0, 1, 10)      [] [SW]
    464     0x00019E80       0xFFFFFF80      0x00000002         (0, 1, 3)      [] [NE]
    465     0x0000D880       0xFFFFFF80      0x00000008         (0, 0, 11)      [] [W]
    466     0x00001F80       0xFFFFFF80      0x00000301         (0, 0, 3)      [2, 3] [E]
    467     0x0000E380       0xFFFFFF80      0x00000008         (0, 0, 12)      [] [W]
    468     0x00005480       0xFFFFFF80      0x00000088         (0, 0, 10)      [1] [W]
    469     0x00012700       0xFFFFFF80      0x00000008         (0, 1, 4)      [] [W]
    470     0x00005A80       0xFFFFFF80      0x00080000         (0, 0, 11)      [13] []
    471     0x0000FD80       0xFFFFFF80      0x00200000         (0, 0, 15)      [15] []
    472     0x00001680       0xFFFFFF80      0x007FFFAF         (0, 0, 2)      [1, 2, 3, 4, 5, 6, 7, 8, 9, 10, 11, 12, 13, 14, 15, 16] [E, NE, N, W, S]
    473     0x00010480       0xFFFFFF80      0x00000010         (0, 1, 0)      [] [SW]
    474     0x00006B00       0xFFFFFF80      0x00000008         (0, 0, 13)      [] [W]
    475     0x0000BF00       0xFFFFFF80      0x00000010         (0, 0, 7)      [] [SW]
    476     0x00003C00       0xFFFFFF80      0x00001010         (0, 0, 7)      [6] [SW]
    477     0x00001E80       0xFFFFFF80      0x000000A1         (0, 0, 3)      [1] [E, S]
    478     0x00000E80       0xFFFFFF80      0x007FFF88         (0, 0, 1)      [1, 2, 3, 4, 5, 6, 7, 8, 9, 10, 11, 12, 13, 14, 15, 16] [W]
    479     0x0000F900       0xFFFFFF80      0x00000010         (0, 0, 15)      [] [SW]
    480     0x0000F100       0xFFFFFF80      0x00000008         (0, 0, 14)      [] [W]
    481     0x0001AA80       0xFFFFFF80      0x00000001         (0, 1, 5)      [] [E]
    482     0x0001BE80       0xFFFFFF80      0x00000001         (0, 1, 7)      [] [E]
    483     0x00004780       0xFFFFFF80      0x00000100         (0, 0, 8)      [2] []
    484     0x00019680       0xFFFFFF80      0x00000001         (0, 1, 2)      [] [E]
    485     0x0000AF00       0xFFFFFF80      0x00000008         (0, 0, 5)      [] [W]
    486     0x00009C80       0xFFFFFF80      0x00010000         (0, 0, 3)      [10] []
    487     0x00003B80       0xFFFFFF80      0x00000810         (0, 0, 7)      [5] [SW]
    488     0x0000B680       0xFFFFFF80      0x00004010         (0, 0, 6)      [8] [SW]
    489     0x00004A00       0xFFFFFF80      0x00002000         (0, 0, 9)      [7] []
    490     0x0000AA80       0xFFFFFF80      0x00020000         (0, 0, 5)      [11] []
    491     0x00008480       0xFFFFFF80      0x00400020         (0, 0, 0)      [16] [S]
    492     0x00014800       0xFFFFFF80      0x00000010         (0, 1, 9)      [] [SW]
    493     0x0000B700       0xFFFFFF80      0x00008010         (0, 0, 6)      [9] [SW]
    494     0x00012C00       0xFFFFFF80      0x00000008         (0, 1, 5)      [] [W]
    495     0x0000CA80       0xFFFFFF80      0x00000008         (0, 0, 9)      [] [W]
    496     0x00017C80       0xFFFFFF80      0x00000008         (0, 1, 15)      [] [W]
    497     0x00025400       0xFFFFFF00      0x00000100         (0, 2, 10)      [2] []
    498     0x00003B00       0xFFFFFF80      0x00000410         (0, 0, 7)      [4] [SW]
    499     0x0000BA80       0xFFFFFF80      0x00400000         (0, 0, 7)      [16] []
    500     0x00007080       0xFFFFFF80      0x00000210         (0, 0, 14)      [3] [SW]
    501     0x0000CF00       0xFFFFFF80      0x00000008         (0, 0, 9)      [] [W]
    502     0x00007980       0xFFFFFF80      0x00000020         (0, 0, 15)      [] [S]
    503     0x00014C00       0xFFFFFF80      0x00000010         (0, 1, 9)      [] [SW]
    504     0x00001300       0xFFFFFF80      0x007FFFBF         (0, 0, 2)      [1, 2, 3, 4, 5, 6, 7, 8, 9, 10, 11, 12, 13, 14, 15, 16] [E, NE, N, W, SW, S]
    505     0x00003880       0xFFFFFF80      0x00000018         (0, 0, 7)      [] [W, SW]
    506     0x00002000       0xFFFFFF80      0x00000601         (0, 0, 4)      [3, 4] [E]
    507     0x00008680       0xFFFFFF80      0x00000008         (0, 0, 0)      [] [W]
    508     0x00009400       0xFFFFFF80      0x00000008         (0, 0, 2)      [] [W]
    509     0x00019C80       0xFFFFFF80      0x00000002         (0, 1, 3)      [] [NE]
    510     0x00000800       0xFFFFFF80      0x00030003         (0, 0, 1)      [10, 11] [E, NE]
    511     0x0000E000       0xFFFFFF80      0x00010000         (0, 0, 12)      [10] []
    512     0x00021C80       0xFFFFFF80      0x00000201         (0, 2, 3)      [3] [E]
    513     0x0000B280       0xFFFFFF80      0x00000010         (0, 0, 6)      [] [SW]
    514     0x00012180       0xFFFFFF80      0x00000008         (0, 1, 4)      [] [W]
    515     0x00008C80       0xFFFFFF80      0x00000808         (0, 0, 1)      [5] [W]
    516     0x00008B00       0xFFFFFF80      0x00000008         (0, 0, 1)      [] [W]
    517     0x00005600       0xFFFFFF80      0x00000408         (0, 0, 10)      [4] [W]
    518     0x0000BA00       0xFFFFFF80      0x00200000         (0, 0, 7)      [15] []
    519     0x00003A00       0xFFFFFF80      0x00000118         (0, 0, 7)      [2] [W, SW]
    520     0x0000ED80       0xFFFFFF80      0x00000018         (0, 0, 13)      [] [W, SW]
    521     0x00007580       0xFFFFFF80      0x00080020         (0, 0, 14)      [13] [S]
    522     0x00010600       0xFFFFFF80      0x00000010         (0, 1, 0)      [] [SW]
    523     0x00003080       0xFFFFFF80      0x00010000         (0, 0, 6)      [10] []
    524     0x00006400       0xFFFFFF80      0x00000808         (0, 0, 12)      [5] [W]
    525     0x00013100       0xFFFFFF80      0x00000008         (0, 1, 6)      [] [W]
    526     0x00017B00       0xFFFFFF80      0x00000008         (0, 1, 15)      [] [W]
    527     0x00000400       0xFFFFFF80      0x00000303         (0, 0, 0)      [2, 3] [E, NE]
    528     0x00022200       0xFFFFFF80      0x00100000         (0, 2, 4)      [14] []
    529     0x00006480       0xFFFFFF80      0x00001008         (0, 0, 12)      [6] [W]
    530     0x00004980       0xFFFFFF80      0x00001000         (0, 0, 9)      [6] []
    531     0x0001C500       0xFFFFFF80      0x00000001         (0, 1, 8)      [] [E]
    532     0x0000AD00       0xFFFFFF80      0x00400000         (0, 0, 5)      [16] []
    533     0x00012780       0xFFFFFF80      0x00000008         (0, 1, 4)      [] [W]
    534     0x0000C700       0xFFFFFF80      0x00100020         (0, 0, 8)      [14] [S]
    535     0x00010280       0xFFFFFF80      0x00000010         (0, 1, 0)      [] [SW]
    536     0x00006900       0xFFFFFF80      0x00200000         (0, 0, 13)      [15] []
    537     0x00007800       0xFFFFFF80      0x00000020         (0, 0, 15)      [] [S]
    538     0x0001A300       0xFFFFFF80      0x00000003         (0, 1, 4)      [] [E, NE]
    539     0x00010B00       0xFFFFFF80      0x00200000         (0, 1, 1)      [15] []
    540     0x00012480       0xFFFFFF80      0x00000008         (0, 1, 4)      [] [W]
    541     0x0000E100       0xFFFFFF80      0x00040000         (0, 0, 12)      [12] []
    542     0x00010A80       0xFFFFFF80      0x00100000         (0, 1, 1)      [14] []
    543     0x00006500       0xFFFFFF80      0x00002010         (0, 0, 12)      [7] [SW]
    544     0x0000C480       0xFFFFFF80      0x00008010         (0, 0, 8)      [9] [SW]
    545     0x00005500       0xFFFFFF80      0x00000108         (0, 0, 10)      [2] [W]
    546     0x00014F00       0xFFFFFF80      0x00000010         (0, 1, 9)      [] [SW]
    547     0x00003980       0xFFFFFF80      0x00000098         (0, 0, 7)      [1] [W, SW]
    548     0x00013580       0xFFFFFF80      0x00000008         (0, 1, 6)      [] [W]
    549     0x00009200       0xFFFFFF80      0x00400000         (0, 0, 2)      [16] []
    550     0x00002F00       0xFFFFFF80      0x00002008         (0, 0, 5)      [7] [W]
    551     0x0000D380       0xFFFFFF80      0x00040000         (0, 0, 10)      [12] []
    552     0x00004C80       0xFFFFFF80      0x00040000         (0, 0, 9)      [12] []
    553     0x0000F800       0xFFFFFF80      0x00000010         (0, 0, 15)      [] [SW]
    554     0x00021B00       0xFFFFFF80      0x00000001         (0, 2, 3)      [] [E]
    555     0x00005A00       0xFFFFFF80      0x00040000         (0, 0, 11)      [12] []
    556     0x00021E00       0xFFFFFF80      0x00001001         (0, 2, 3)      [6] [E]
    557     0x00000180       0xFFFFFF80      0x00000001         (0, 0, 0)      [] [E]
    558     0x0000AA00       0xFFFFFF80      0x00010010         (0, 0, 5)      [10] [SW]
    559     0x0001FF80       0xFFFFFF80      0x007FFFA0         (0, 1, 15)      [1, 2, 3, 4, 5, 6, 7, 8, 9, 10, 11, 12, 13, 14, 15, 16] [S]
    560     0x00021F80       0xFFFFFF80      0x00008001         (0, 2, 3)      [9] [E]
    561     0x00019D80       0xFFFFFF80      0x00000002         (0, 1, 3)      [] [NE]
    562     0x00008980       0xFFFFFF80      0x00000008         (0, 0, 1)      [] [W]
    563     0x00010500       0xFFFFFF80      0x00000010         (0, 1, 0)      [] [SW]
    564     0x00011F00       0xFFFFFF80      0x00000008         (0, 1, 3)      [] [W]
    565     0x00021A80       0xFFFFFF80      0x00000001         (0, 2, 3)      [] [E]
    566     0x00004080       0xFFFFFF80      0x00200020         (0, 0, 8)      [15] [S]
    567     0x00007200       0xFFFFFF80      0x00001010         (0, 0, 14)      [6] [SW]
    568     0x00021A00       0xFFFFFF80      0x00000001         (0, 2, 3)      [] [E]
    569     0x00013700       0xFFFFFF80      0x00000008         (0, 1, 6)      [] [W]
    570     0x00003900       0xFFFFFF80      0x00000018         (0, 0, 7)      [] [W, SW]
    571     0x00003D80       0xFFFFFF80      0x00008010         (0, 0, 7)      [9] [SW]
    572     0x00009280       0xFFFFFF80      0x00000008         (0, 0, 2)      [] [W]
    573     0x00012580       0xFFFFFF80      0x00000008         (0, 1, 4)      [] [W]
    574     0x00012380       0xFFFFFF80      0x00000008         (0, 1, 4)      [] [W]
    575     0x0000E880       0xFFFFFF80      0x00000008         (0, 0, 13)      [] [W]
    576     0x00000A80       0xFFFFFF80      0x00600006         (0, 0, 1)      [16, 15] [NE, N]
    577     0x0001FF00       0xFFFFFF80      0x00000020         (0, 1, 15)      [] [S]
    578     0x0000F080       0xFFFFFF80      0x00400000         (0, 0, 14)      [16] []
    579     0x0000E580       0xFFFFFF80      0x00000008         (0, 0, 12)      [] [W]
    580     0x00007100       0xFFFFFF80      0x00000410         (0, 0, 14)      [4] [SW]
    581     0x0000E500       0xFFFFFF80      0x00000008         (0, 0, 12)      [] [W]
    582     0x00000A00       0xFFFFFF80      0x00300006         (0, 0, 1)      [14, 15] [NE, N]
    583     0x00006880       0xFFFFFF80      0x00100000         (0, 0, 13)      [14] []
    584     0x00013980       0xFFFFFF80      0x00000008         (0, 1, 7)      [] [W]
    585     0x00000F00       0xFFFFFF80      0x007FFF88         (0, 0, 1)      [1, 2, 3, 4, 5, 6, 7, 8, 9, 10, 11, 12, 13, 14, 15, 16] [W]
    586     0x0000D080       0xFFFFFF80      0x00000008         (0, 0, 10)      [] [W]
    587     0x00000680       0xFFFFFF80      0x00006003         (0, 0, 0)      [8, 7] [E, NE]
    588     0x00022100       0xFFFFFF80      0x00040001         (0, 2, 4)      [12] [E]
    589     0x00002680       0xFFFFFF80      0x00400008         (0, 0, 4)      [16] [W]
    590     0x00012F80       0xFFFFFF80      0x00000008         (0, 1, 5)      [] [W]
    591     0x00019600       0xFFFFFF80      0x00000001         (0, 1, 2)      [] [E]
    592     0x00013C00       0xFFFFFF80      0x00000008         (0, 1, 7)      [] [W]
    593     0x00019D00       0xFFFFFF80      0x00000002         (0, 1, 3)      [] [NE]
    594     0x00004100       0xFFFFFF80      0x00400020         (0, 0, 8)      [16] [S]
    595     0x00013E00       0xFFFFFF80      0x00000008         (0, 1, 7)      [] [W]
    596     0x0000B200       0xFFFFFF80      0x00000010         (0, 0, 6)      [] [SW]
    597     0x00013B80       0xFFFFFF80      0x00000008         (0, 1, 7)      [] [W]
    598     0x0000FE00       0xFFFFFF80      0x00400000         (0, 0, 15)      [16] []
    599     0x0000E600       0xFFFFFF80      0x00000008         (0, 0, 12)      [] [W]
    600     0x00022300       0xFFFFFF80      0x00400000         (0, 2, 4)      [16] []
    601     0x0000D280       0xFFFFFF80      0x00010000         (0, 0, 10)      [10] []
    602     0x00002780       0xFFFFFF80      0x00000008         (0, 0, 4)      [] [W]
    603     0x00029F00       0xFFFFFF00      0x00000002         (0, 2, 3)      [] [NE]
    604     0x00011880       0xFFFFFF80      0x00200000         (0, 1, 3)      [15] []
    605     0x00003500       0xFFFFFF80      0x00000008         (0, 0, 6)      [] [W]
    606     0x00004600       0xFFFFFF80      0x00000020         (0, 0, 8)      [] [S]
    607     0x0000E400       0xFFFFFF80      0x00000008         (0, 0, 12)      [] [W]
    608     0x00001780       0xFFFFFF80      0x007FFFAF         (0, 0, 2)      [1, 2, 3, 4, 5, 6, 7, 8, 9, 10, 11, 12, 13, 14, 15, 16] [E, NE, N, W, S]
    609     0x00013D80       0xFFFFFF80      0x00000008         (0, 1, 7)      [] [W]
    610     0x00002F80       0xFFFFFF80      0x00004000         (0, 0, 5)      [8] []
    611     0x0000AC80       0xFFFFFF80      0x00200000         (0, 0, 5)      [15] []
    612     0x00005780       0xFFFFFF80      0x00002000         (0, 0, 10)      [7] []
    613     0x00007000       0xFFFFFF80      0x00000110         (0, 0, 14)      [2] [SW]
    614     0x00006B80       0xFFFFFF80      0x00000008         (0, 0, 13)      [] [W]
    615     0x00014D00       0xFFFFFF80      0x00000010         (0, 1, 9)      [] [SW]
    616     0x00001900       0xFFFFFF80      0x007FFFA1         (0, 0, 3)      [1, 2, 3, 4, 5, 6, 7, 8, 9, 10, 11, 12, 13, 14, 15, 16] [E, S]
    617     0x00022280       0xFFFFFF80      0x00200000         (0, 2, 4)      [15] []
    618     0x00012400       0xFFFFFF80      0x00000008         (0, 1, 4)      [] [W]
    619     0x00001480       0xFFFFFF80      0x007FFFBF         (0, 0, 2)      [1, 2, 3, 4, 5, 6, 7, 8, 9, 10, 11, 12, 13, 14, 15, 16] [E, NE, N, W, SW, S]
    620     0x00002E00       0xFFFFFF80      0x00000808         (0, 0, 5)      [5] [W]
    621     0x00025A00       0xFFFFFF00      0x00004000         (0, 2, 11)      [8] []
    622     0x00005580       0xFFFFFF80      0x00000208         (0, 0, 10)      [3] [W]
    623     0x00008600       0xFFFFFF80      0x00000008         (0, 0, 0)      [] [W]
    624     0x00002200       0xFFFFFF80      0x00006008         (0, 0, 4)      [8, 7] [W]
    625     0x00004A80       0xFFFFFF80      0x00004000         (0, 0, 9)      [8] []
    626     0x00003100       0xFFFFFF80      0x00020000         (0, 0, 6)      [11] []
    627     0x0000D780       0xFFFFFF80      0x00000008         (0, 0, 10)      [] [W]
    628     0x0000C300       0xFFFFFF80      0x00000010         (0, 0, 8)      [] [SW]
    629     0x00004B00       0xFFFFFF80      0x00008000         (0, 0, 9)      [9] []
    630     0x00000D00       0xFFFFFF80      0x0000000E         (0, 0, 1)      [] [NE, N, W]
    631     0x0000F700       0xFFFFFF80      0x00000010         (0, 0, 14)      [] [SW]
    632     0x00019800       0xFFFFFF80      0x00000001         (0, 1, 3)      [] [E]
    633     0x00009700       0xFFFFFF80      0x00000008         (0, 0, 2)      [] [W]
    634     0x00006580       0xFFFFFF80      0x00004010         (0, 0, 12)      [8] [SW]
    635     0x00029C00       0xFFFFFF00      0x00000002         (0, 2, 3)      [] [NE]
    636     0x00001980       0xFFFFFF80      0x007FFFA1         (0, 0, 3)      [1, 2, 3, 4, 5, 6, 7, 8, 9, 10, 11, 12, 13, 14, 15, 16] [E, S]
    637     0x0000EA00       0xFFFFFF80      0x00000008         (0, 0, 13)      [] [W]
    638     0x00009480       0xFFFFFF80      0x00000008         (0, 0, 2)      [] [W]
    639     0x0000C280       0xFFFFFF80      0x00000010         (0, 0, 8)      [] [SW]
    640     0x00025500       0xFFFFFF00      0x00000200         (0, 2, 10)      [3] []
    641     0x00009000       0xFFFFFF80      0x00040000         (0, 0, 2)      [12] []
    642     0x00000580       0xFFFFFF80      0x00001803         (0, 0, 0)      [5, 6] [E, NE]
    643     0x0000F000       0xFFFFFF80      0x00200000         (0, 0, 14)      [15] []
    644     0x0000A200       0xFFFFFF80      0x00000008         (0, 0, 4)      [] [W]
    645     0x00021C00       0xFFFFFF80      0x00000101         (0, 2, 3)      [2] [E]
    646     0x00029D00       0xFFFFFF00      0x00000002         (0, 2, 3)      [] [NE]
    647     0x0001A080       0xFFFFFF80      0x00000003         (0, 1, 4)      [] [E, NE]
    648     0x00001C00       0xFFFFFF80      0x00000021         (0, 0, 3)      [] [E, S]
    649     0x00003200       0xFFFFFF80      0x00080000         (0, 0, 6)      [13] []
    650     0x00012900       0xFFFFFF80      0x00000008         (0, 1, 5)      [] [W]
    651     0x0001A280       0xFFFFFF80      0x00000003         (0, 1, 4)      [] [E, NE]
    652     0x00000E00       0xFFFFFF80      0x007FFF88         (0, 0, 1)      [1, 2, 3, 4, 5, 6, 7, 8, 9, 10, 11, 12, 13, 14, 15, 16] [W]
    653     0x00015580       0xFFFFFF80      0x00000010         (0, 1, 10)      [] [SW]
    654     0x0000C780       0xFFFFFF80      0x00200020         (0, 0, 8)      [15] [S]
    655     0x00029E00       0xFFFFFF00      0x00000002         (0, 2, 3)      [] [NE]
    656     0x00008200       0xFFFFFF80      0x00020020         (0, 0, 0)      [11] [S]
    657     0x0001A400       0xFFFFFF80      0x00000003         (0, 1, 4)      [] [E, NE]
    658     0x00013900       0xFFFFFF80      0x00000008         (0, 1, 7)      [] [W]
    659     0x0000DF80       0xFFFFFF80      0x00000008         (0, 0, 11)      [] [W]
    660     0x00007180       0xFFFFFF80      0x00000810         (0, 0, 14)      [5] [SW]
    661     0x00008180       0xFFFFFF80      0x00010000         (0, 0, 0)      [10] []
    662     0x00002900       0xFFFFFF80      0x00000008         (0, 0, 5)      [] [W]
    663     0x00000880       0xFFFFFF80      0x00060006         (0, 0, 1)      [11, 12] [NE, N]
    664     0x00001A80       0xFFFFFF80      0x007FFFA1         (0, 0, 3)      [1, 2, 3, 4, 5, 6, 7, 8, 9, 10, 11, 12, 13, 14, 15, 16] [E, S]
    665     0x00007D00       0xFFFFFF80      0x00000010         (0, 0, 15)      [] [SW]
    666     0x0002A000       0xFFFFFF00      0x00000002         (0, 2, 4)      [] [NE]
    667     0x0000E200       0xFFFFFF80      0x00100000         (0, 0, 12)      [14] []
    668     0x00013300       0xFFFFFF80      0x00000008         (0, 1, 6)      [] [W]
    669     0x00006100       0xFFFFFF80      0x00000008         (0, 0, 12)      [] [W]
    670     0x00009980       0xFFFFFF80      0x00000008         (0, 0, 3)      [] [W]
    671     0x00026200       0xFFFFFF00      0x00400000         (0, 2, 12)      [16] []
    672     0x0000B400       0xFFFFFF80      0x00000010         (0, 0, 6)      [] [SW]
    673     0x00008280       0xFFFFFF80      0x00040020         (0, 0, 0)      [12] [S]
    674     0x00010300       0xFFFFFF80      0x00000010         (0, 1, 0)      [] [SW]
    675     0x0000FC00       0xFFFFFF80      0x00040000         (0, 0, 15)      [12] []
    676     0x0001AA00       0xFFFFFF80      0x00000001         (0, 1, 5)      [] [E]
    677     0x0000A780       0xFFFFFF80      0x00000008         (0, 0, 4)      [] [W]
    678     0x0001A180       0xFFFFFF80      0x00000003         (0, 1, 4)      [] [E, NE]
    679     0x0000E900       0xFFFFFF80      0x00000008         (0, 0, 13)      [] [W]
