router contains 117 entries 
 
  Index   Key(hex)    Mask(hex)    Route(hex)    Src. Core -> [Cores][Links]
------------------------------------------------------------------------------
    0     0x00015500       0xFFFFFF80      0x00000002         (0, 1, 10)      [] [NE]
    1     0x0002D600       0xFFFFFF00      0x00000004         (0, 2, 10)      [] [N]
    2     0x00022300       0xFFFFFF80      0x00002008         (0, 2, 4)      [7] [W]
    3     0x00008B80       0xFFFFFF80      0x00000018         (0, 0, 1)      [] [W, SW]
    4     0x0002D700       0xFFFFFF00      0x00000004         (0, 2, 10)      [] [N]
    5     0x00005300       0xFFFFFF80      0x00000020         (0, 0, 10)      [] [S]
    6     0x00021980       0xFFFFFF80      0x00000008         (0, 2, 3)      [] [W]
    7     0x00051400       0xFFFFFF00      0x00000002         (0, 5, 2)      [] [NE]
    8     0x00050E00       0xFFFFFF00      0x00000002         (0, 5, 1)      [] [NE]
    9     0x00017180       0xFFFFFF80      0x00000008         (0, 1, 14)      [] [W]
    10     0x00016E00       0xFFFFFF80      0x00000008         (0, 1, 13)      [] [W]
    11     0x0000CD80       0xFFFFFF80      0x00000008         (0, 0, 9)      [] [W]
    12     0x00015100       0xFFFFFF80      0x00000002         (0, 1, 10)      [] [NE]
    13     0x0000D080       0xFFFFFF80      0x00000018         (0, 0, 10)      [] [W, SW]
    14     0x00016F80       0xFFFFFF80      0x00000008         (0, 1, 13)      [] [W]
    15     0x00038F00       0xFFFFFF00      0x00000004         (0, 3, 1)      [] [N]
    16     0x0000D000       0xFFFFFF80      0x00000018         (0, 0, 10)      [] [W, SW]
    17     0x0002CA00       0xFFFFFF00      0x00000004         (0, 2, 9)      [] [N]
    18     0x00016C80       0xFFFFFF80      0x00000008         (0, 1, 13)      [] [W]
    19     0x00005180       0xFFFFFF80      0x00000020         (0, 0, 10)      [] [S]
    20     0x00015200       0xFFFFFF80      0x00000002         (0, 1, 10)      [] [NE]
    21     0x0000CF00       0xFFFFFF80      0x00000018         (0, 0, 9)      [] [W, SW]
    22     0x00005100       0xFFFFFF80      0x00000020         (0, 0, 10)      [] [S]
    23     0x00022380       0xFFFFFF80      0x00004000         (0, 2, 4)      [8] []
    24     0x0002CC00       0xFFFFFF00      0x00000004         (0, 2, 9)      [] [N]
    25     0x00022180       0xFFFFFF80      0x00000408         (0, 2, 4)      [4] [W]
    26     0x00008B00       0xFFFFFF80      0x00000018         (0, 0, 1)      [] [W, SW]
    27     0x00020180       0xFFFFFF80      0x00FFFF80         (0, 2, 0)      [1, 2, 3, 4, 5, 6, 7, 8, 9, 10, 11, 12, 13, 14, 15, 16, 17] []
    28     0x0000CE80       0xFFFFFF80      0x00000018         (0, 0, 9)      [] [W, SW]
    29     0x0002CD00       0xFFFFFF00      0x00000004         (0, 2, 9)      [] [N]
    30     0x00016D80       0xFFFFFF80      0x00000008         (0, 1, 13)      [] [W]
    31     0x00016F00       0xFFFFFF80      0x00000008         (0, 1, 13)      [] [W]
    32     0x00038D00       0xFFFFFF00      0x00000004         (0, 3, 1)      [] [N]
    33     0x00008980       0xFFFFFF80      0x00000008         (0, 0, 1)      [] [W]
    34     0x0002CF00       0xFFFFFF00      0x00000004         (0, 2, 9)      [] [N]
    35     0x00050B00       0xFFFFFF00      0x00000002         (0, 5, 1)      [] [NE]
    36     0x00005000       0xFFFFFF80      0x00000020         (0, 0, 10)      [] [S]
    37     0x0000CD00       0xFFFFFF80      0x00000008         (0, 0, 9)      [] [W]
    38     0x0002D000       0xFFFFFF00      0x00000004         (0, 2, 10)      [] [N]
    39     0x0002D100       0xFFFFFF00      0x00000004         (0, 2, 10)      [] [N]
    40     0x00051500       0xFFFFFF00      0x00000004         (0, 5, 2)      [] [N]
    41     0x00022400       0xFFFFFF80      0x00008000         (0, 2, 4)      [9] []
    42     0x00015180       0xFFFFFF80      0x00000002         (0, 1, 10)      [] [NE]
    43     0x0002D200       0xFFFFFF00      0x00000004         (0, 2, 10)      [] [N]
    44     0x00051900       0xFFFFFF00      0x00000004         (0, 5, 3)      [] [N]
    45     0x00050D00       0xFFFFFF00      0x00000002         (0, 5, 1)      [] [NE]
    46     0x00005200       0xFFFFFF80      0x00000020         (0, 0, 10)      [] [S]
    47     0x00051700       0xFFFFFF00      0x00000004         (0, 5, 2)      [] [N]
    48     0x00021F00       0xFFFFFF80      0x00000008         (0, 2, 3)      [] [W]
    49     0x00038B00       0xFFFFFF00      0x00000004         (0, 3, 1)      [] [N]
    50     0x00016D00       0xFFFFFF80      0x00000008         (0, 1, 13)      [] [W]
    51     0x0002D400       0xFFFFFF00      0x00000004         (0, 2, 10)      [] [N]
    52     0x00016B80       0xFFFFFF80      0x00000008         (0, 1, 13)      [] [W]
    53     0x00022780       0xFFFFFF80      0x00400000         (0, 2, 4)      [16] []
    54     0x00051A00       0xFFFFFF00      0x00000004         (0, 5, 3)      [] [N]
    55     0x00015280       0xFFFFFF80      0x00000002         (0, 1, 10)      [] [NE]
    56     0x00015000       0xFFFFFF80      0x00000002         (0, 1, 10)      [] [NE]
    57     0x00011700       0xFFFFFF80      0x00000018         (0, 1, 2)      [] [W, SW]
    58     0x00016E80       0xFFFFFF80      0x00000008         (0, 1, 13)      [] [W]
    59     0x0000CC80       0xFFFFFF80      0x00000008         (0, 0, 9)      [] [W]
    60     0x0002D300       0xFFFFFF00      0x00000004         (0, 2, 10)      [] [N]
    61     0x00022580       0xFFFFFF80      0x00040000         (0, 2, 4)      [12] []
    62     0x00050F00       0xFFFFFF00      0x00000002         (0, 5, 1)      [] [NE]
    63     0x00050A00       0xFFFFFF00      0x00000002         (0, 5, 1)      [] [NE]
    64     0x0000D100       0xFFFFFF80      0x00000018         (0, 0, 10)      [] [W, SW]
    65     0x00017000       0xFFFFFF80      0x00000008         (0, 1, 14)      [] [W]
    66     0x00022000       0xFFFFFF80      0x00000088         (0, 2, 4)      [1] [W]
    67     0x00051000       0xFFFFFF00      0x00000002         (0, 5, 2)      [] [NE]
    68     0x0002CE00       0xFFFFFF00      0x00000004         (0, 2, 9)      [] [N]
    69     0x00011580       0xFFFFFF80      0x00000010         (0, 1, 2)      [] [SW]
    70     0x00022680       0xFFFFFF80      0x00100000         (0, 2, 4)      [14] []
    71     0x0000CE00       0xFFFFFF80      0x00000008         (0, 0, 9)      [] [W]
    72     0x00005080       0xFFFFFF80      0x00000020         (0, 0, 10)      [] [S]
    73     0x00015380       0xFFFFFF80      0x00000002         (0, 1, 10)      [] [NE]
    74     0x00038E00       0xFFFFFF00      0x00000004         (0, 3, 1)      [] [N]
    75     0x00022080       0xFFFFFF80      0x00000108         (0, 2, 4)      [2] [W]
    76     0x00011600       0xFFFFFF80      0x00000018         (0, 1, 2)      [] [W, SW]
    77     0x0002C900       0xFFFFFF00      0x00000004         (0, 2, 9)      [] [N]
    78     0x00022100       0xFFFFFF80      0x00000208         (0, 2, 4)      [3] [W]
    79     0x0002D800       0xFFFFFF00      0x00000004         (0, 2, 11)      [] [N]
    80     0x00038C00       0xFFFFFF00      0x00000004         (0, 3, 1)      [] [N]
    81     0x00015480       0xFFFFFF80      0x00000002         (0, 1, 10)      [] [NE]
    82     0x00011680       0xFFFFFF80      0x00000018         (0, 1, 2)      [] [W, SW]
    83     0x00015300       0xFFFFFF80      0x00000002         (0, 1, 10)      [] [NE]
    84     0x00022600       0xFFFFFF80      0x00080000         (0, 2, 4)      [13] []
    85     0x00022480       0xFFFFFF80      0x00010000         (0, 2, 4)      [10] []
    86     0x00005280       0xFFFFFF80      0x00000020         (0, 0, 10)      [] [S]
    87     0x00051100       0xFFFFFF00      0x00000002         (0, 5, 2)      [] [NE]
    88     0x0002C800       0xFFFFFF00      0x00000004         (0, 2, 9)      [] [N]
    89     0x00008A00       0xFFFFFF80      0x00000008         (0, 0, 1)      [] [W]
    90     0x00022200       0xFFFFFF80      0x00000808         (0, 2, 4)      [5] [W]
    91     0x00011500       0xFFFFFF80      0x00000010         (0, 1, 2)      [] [SW]
    92     0x00022800       0xFFFFFF80      0x00800000         (0, 2, 5)      [17] []
    93     0x00022700       0xFFFFFF80      0x00200000         (0, 2, 4)      [15] []
    94     0x00015080       0xFFFFFF80      0x00000002         (0, 1, 10)      [] [NE]
    95     0x00022500       0xFFFFFF80      0x00020000         (0, 2, 4)      [11] []
    96     0x00039000       0xFFFFFF00      0x00000004         (0, 3, 2)      [] [N]
    97     0x00011780       0xFFFFFF80      0x00000018         (0, 1, 2)      [] [W, SW]
    98     0x00051200       0xFFFFFF00      0x00000002         (0, 5, 2)      [] [NE]
    99     0x00050C00       0xFFFFFF00      0x00000002         (0, 5, 1)      [] [NE]
    100     0x00015580       0xFFFFFF80      0x00000002         (0, 1, 10)      [] [NE]
    101     0x00008A80       0xFFFFFF80      0x00000008         (0, 0, 1)      [] [W]
    102     0x00016C00       0xFFFFFF80      0x00000008         (0, 1, 13)      [] [W]
    103     0x00021F80       0xFFFFFF80      0x00000008         (0, 2, 3)      [] [W]
    104     0x0002D500       0xFFFFFF00      0x00000004         (0, 2, 10)      [] [N]
    105     0x00022280       0xFFFFFF80      0x00001008         (0, 2, 4)      [6] [W]
    106     0x00051800       0xFFFFFF00      0x00000004         (0, 5, 3)      [] [N]
    107     0x0000CF80       0xFFFFFF80      0x00000018         (0, 0, 9)      [] [W, SW]
    108     0x00005380       0xFFFFFF80      0x00000020         (0, 0, 10)      [] [S]
    109     0x00008900       0xFFFFFF80      0x00000008         (0, 0, 1)      [] [W]
    110     0x00051600       0xFFFFFF00      0x00000004         (0, 5, 2)      [] [N]
    111     0x00051300       0xFFFFFF00      0x00000002         (0, 5, 2)      [] [NE]
    112     0x00015400       0xFFFFFF80      0x00000002         (0, 1, 10)      [] [NE]
    113     0x00039100       0xFFFFFF00      0x00000004         (0, 3, 2)      [] [N]
    114     0x0000D180       0xFFFFFF80      0x00000018         (0, 0, 10)      [] [W, SW]
    115     0x00038A00       0xFFFFFF00      0x00000004         (0, 3, 1)      [] [N]
    116     0x0002CB00       0xFFFFFF00      0x00000004         (0, 2, 9)      [] [N]
