router contains 69 entries 
 
  Index   Key(hex)    Mask(hex)    Route(hex)    Src. Core -> [Cores][Links]
------------------------------------------------------------------------------
    0     0x00020780       0xFFFFFF80      0x00000001         (0, 2, 0)      [] [E]
    1     0x0003C300       0xFFFFFF00      0x00000020         (0, 3, 8)      [] [S]
    2     0x00022200       0xFFFFFF80      0x00000400         (0, 2, 4)      [4] []
    3     0x0003B500       0xFFFFFF00      0x00000020         (0, 3, 6)      [] [S]
    4     0x0003BC00       0xFFFFFF00      0x00000020         (0, 3, 7)      [] [S]
    5     0x0001FC80       0xFFFFFF80      0x00000002         (0, 1, 15)      [] [NE]
    6     0x0003BB00       0xFFFFFF00      0x00000020         (0, 3, 7)      [] [S]
    7     0x0003C600       0xFFFFFF00      0x00000010         (0, 3, 8)      [] [SW]
    8     0x0001FD00       0xFFFFFF80      0x00000002         (0, 1, 15)      [] [NE]
    9     0x00022880       0xFFFFFF80      0x00800000         (0, 2, 5)      [17] []
    10     0x0003C700       0xFFFFFF00      0x00000010         (0, 3, 8)      [] [SW]
    11     0x00022180       0xFFFFFF80      0x00000200         (0, 2, 4)      [3] []
    12     0x0001FB80       0xFFFFFF80      0x00000002         (0, 1, 15)      [] [NE]
    13     0x00020880       0xFFFFFF80      0x00000001         (0, 2, 1)      [] [E]
    14     0x00022300       0xFFFFFF80      0x00001000         (0, 2, 4)      [6] []
    15     0x00022280       0xFFFFFF80      0x00000800         (0, 2, 4)      [5] []
    16     0x0003C200       0xFFFFFF00      0x00000020         (0, 3, 8)      [] [S]
    17     0x00020D80       0xFFFFFF80      0x00000002         (0, 2, 1)      [] [NE]
    18     0x0003CB00       0xFFFFFF00      0x00000010         (0, 3, 9)      [] [SW]
    19     0x00055D00       0xFFFFFF00      0x00000020         (0, 5, 11)      [] [S]
    20     0x00055900       0xFFFFFF00      0x00000020         (0, 5, 11)      [] [S]
    21     0x00022500       0xFFFFFF80      0x00010000         (0, 2, 4)      [10] []
    22     0x0003C400       0xFFFFFF00      0x00000020         (0, 3, 8)      [] [S]
    23     0x00022480       0xFFFFFF80      0x00008000         (0, 2, 4)      [9] []
    24     0x00022400       0xFFFFFF80      0x00004000         (0, 2, 4)      [8] []
    25     0x0001FA00       0xFFFFFF80      0x00000002         (0, 1, 15)      [] [NE]
    26     0x00055B00       0xFFFFFF00      0x00000020         (0, 5, 11)      [] [S]
    27     0x0003B900       0xFFFFFF00      0x00000020         (0, 3, 7)      [] [S]
    28     0x0001FE00       0xFFFFFF80      0x00000002         (0, 1, 15)      [] [NE]
    29     0x00022C00       0xFFFFFF80      0x00000008         (0, 2, 5)      [] [W]
    30     0x0003B600       0xFFFFFF00      0x00000020         (0, 3, 6)      [] [S]
    31     0x0003B800       0xFFFFFF00      0x00000020         (0, 3, 7)      [] [S]
    32     0x00020D00       0xFFFFFF80      0x00000002         (0, 2, 1)      [] [NE]
    33     0x0003B400       0xFFFFFF00      0x00000020         (0, 3, 6)      [] [S]
    34     0x00022080       0xFFFFFF80      0x00000080         (0, 2, 4)      [1] []
    35     0x0003C100       0xFFFFFF00      0x00000020         (0, 3, 8)      [] [S]
    36     0x00055C00       0xFFFFFF00      0x00000020         (0, 5, 11)      [] [S]
    37     0x00022100       0xFFFFFF80      0x00000100         (0, 2, 4)      [2] []
    38     0x00020800       0xFFFFFF80      0x00000001         (0, 2, 1)      [] [E]
    39     0x0003C800       0xFFFFFF00      0x00000010         (0, 3, 9)      [] [SW]
    40     0x00022580       0xFFFFFF80      0x00020000         (0, 2, 4)      [11] []
    41     0x0001F900       0xFFFFFF80      0x00000002         (0, 1, 15)      [] [NE]
    42     0x0003BA00       0xFFFFFF00      0x00000020         (0, 3, 7)      [] [S]
    43     0x00020600       0xFFFFFF80      0x00FFFF80         (0, 2, 0)      [1, 2, 3, 4, 5, 6, 7, 8, 9, 10, 11, 12, 13, 14, 15, 16, 17] []
    44     0x00020B00       0xFFFFFF80      0x00000002         (0, 2, 1)      [] [NE]
    45     0x0003B700       0xFFFFFF00      0x00000020         (0, 3, 6)      [] [S]
    46     0x0001F980       0xFFFFFF80      0x00000002         (0, 1, 15)      [] [NE]
    47     0x0001FE80       0xFFFFFF80      0x00000002         (0, 1, 15)      [] [NE]
    48     0x00022600       0xFFFFFF80      0x00040000         (0, 2, 4)      [12] []
    49     0x00022C80       0xFFFFFF80      0x00000008         (0, 2, 5)      [] [W]
    50     0x0003C000       0xFFFFFF00      0x00000020         (0, 3, 8)      [] [S]
    51     0x00022800       0xFFFFFF80      0x00400000         (0, 2, 5)      [16] []
    52     0x0003CA00       0xFFFFFF00      0x00000010         (0, 3, 9)      [] [SW]
    53     0x0001FB00       0xFFFFFF80      0x00000002         (0, 1, 15)      [] [NE]
    54     0x0001FA80       0xFFFFFF80      0x00000002         (0, 1, 15)      [] [NE]
    55     0x0003BD00       0xFFFFFF00      0x00000020         (0, 3, 7)      [] [S]
    56     0x0001FC00       0xFFFFFF80      0x00000002         (0, 1, 15)      [] [NE]
    57     0x00022680       0xFFFFFF80      0x00080000         (0, 2, 4)      [13] []
    58     0x0001FD80       0xFFFFFF80      0x00000002         (0, 1, 15)      [] [NE]
    59     0x0003C900       0xFFFFFF00      0x00000010         (0, 3, 9)      [] [SW]
    60     0x0003CC00       0xFFFFFF00      0x00000010         (0, 3, 9)      [] [SW]
    61     0x0003BE00       0xFFFFFF00      0x00000020         (0, 3, 7)      [] [S]
    62     0x00022700       0xFFFFFF80      0x00100000         (0, 2, 4)      [14] []
    63     0x00022380       0xFFFFFF80      0x00002000         (0, 2, 4)      [7] []
    64     0x00055A00       0xFFFFFF00      0x00000020         (0, 5, 11)      [] [S]
    65     0x0003C500       0xFFFFFF00      0x00000010         (0, 3, 8)      [] [SW]
    66     0x0003BF00       0xFFFFFF00      0x00000020         (0, 3, 7)      [] [S]
    67     0x00022780       0xFFFFFF80      0x00200000         (0, 2, 4)      [15] []
    68     0x00020700       0xFFFFFF80      0x00000001         (0, 2, 0)      [] [E]
