router contains 691 entries 
 
  Index   Key(hex)    Mask(hex)    Route(hex)    Src. Core -> [Cores][Links]
------------------------------------------------------------------------------
    0     0x00004300       0xFFFFFF80      0x00000021         (0, 0, 8)      [] [E, S]
    1     0x00008600       0xFFFFFF80      0x0000000E         (0, 0, 0)      [] [NE, N, W]
    2     0x0000F380       0xFFFFFF80      0x00000030         (0, 0, 14)      [] [SW, S]
    3     0x00019E00       0xFFFFFF80      0x00000001         (0, 1, 3)      [] [E]
    4     0x0000B600       0xFFFFFF80      0x00008020         (0, 0, 6)      [9] [S]
    5     0x00010D80       0xFFFFFF80      0x00000010         (0, 1, 1)      [] [SW]
    6     0x00015380       0xFFFFFF80      0x00000080         (0, 1, 10)      [1] []
    7     0x00003200       0xFFFFFF80      0x00200001         (0, 0, 6)      [15] [E]
    8     0x00000B00       0xFFFFFF80      0x00000001         (0, 0, 1)      [] [E]
    9     0x00007200       0xFFFFFF80      0x00004020         (0, 0, 14)      [8] [S]
    10     0x00012980       0xFFFFFF80      0x00000018         (0, 1, 5)      [] [W, SW]
    11     0x00013400       0xFFFFFF80      0x00000010         (0, 1, 6)      [] [SW]
    12     0x00003D80       0xFFFFFF80      0x00020021         (0, 0, 7)      [11] [E, S]
    13     0x0000EA80       0xFFFFFF80      0x00001000         (0, 0, 13)      [6] []
    14     0x00007500       0xFFFFFF80      0x00100020         (0, 0, 14)      [14] [S]
    15     0x00007F80       0xFFFFFF80      0x00004020         (0, 0, 15)      [8] [S]
    16     0x0000FD00       0xFFFFFF80      0x00400020         (0, 0, 15)      [16] [S]
    17     0x00014700       0xFFFFFF80      0x00000100         (0, 1, 8)      [2] []
    18     0x00017E00       0xFFFFFF80      0x00000010         (0, 1, 15)      [] [SW]
    19     0x00009D00       0xFFFFFF80      0x00FFE03F         (0, 0, 3)      [7, 8, 9, 10, 11, 12, 13, 14, 15, 16, 17] [E, NE, N, W, SW, S]
    20     0x0000C080       0xFFFFFF80      0x00000220         (0, 0, 8)      [3] [S]
    21     0x00005E00       0xFFFFFF80      0x00000021         (0, 0, 11)      [] [E, S]
    22     0x00011180       0xFFFFFF80      0x00000200         (0, 1, 2)      [3] []
    23     0x0000BA00       0xFFFFFF80      0x00800020         (0, 0, 7)      [17] [S]
    24     0x00018D00       0xFFFFFF80      0x00000080         (0, 1, 1)      [1] []
    25     0x0000F100       0xFFFFFF80      0x00000010         (0, 0, 14)      [] [SW]
    26     0x0001B400       0xFFFFFF80      0x00000800         (0, 1, 6)      [5] []
    27     0x00009480       0xFFFFFF80      0x00001F8E         (0, 0, 2)      [1, 2, 3, 4, 5, 6] [NE, N, W]
    28     0x00014880       0xFFFFFF80      0x00000820         (0, 1, 9)      [5] [S]
    29     0x00002300       0xFFFFFF80      0x00040003         (0, 0, 4)      [12] [E, NE]
    30     0x00008300       0xFFFFFF80      0x00200020         (0, 0, 0)      [15] [S]
    31     0x00000C80       0xFFFFFF80      0x00000001         (0, 0, 1)      [] [E]
    32     0x0000B400       0xFFFFFF80      0x00000820         (0, 0, 6)      [5] [S]
    33     0x00016A80       0xFFFFFF80      0x00000008         (0, 1, 13)      [] [W]
    34     0x00001600       0xFFFFFF80      0x00080001         (0, 0, 2)      [13] [E]
    35     0x00004400       0xFFFFFF80      0x00000021         (0, 0, 8)      [] [E, S]
    36     0x0000A600       0xFFFFFF80      0x00FFE620         (0, 0, 4)      [3, 4, 7, 8, 9, 10, 11, 12, 13, 14, 15, 16, 17] [S]
    37     0x0000F080       0xFFFFFF80      0x00000010         (0, 0, 14)      [] [SW]
    38     0x00004100       0xFFFFFF80      0x00000021         (0, 0, 8)      [] [E, S]
    39     0x00007B00       0xFFFFFF80      0x00000020         (0, 0, 15)      [] [S]
    40     0x00003300       0xFFFFFF80      0x00800021         (0, 0, 6)      [17] [E, S]
    41     0x00008A80       0xFFFFFF80      0x00000606         (0, 0, 1)      [3, 4] [NE, N]
    42     0x0000A900       0xFFFFFF80      0x00018030         (0, 0, 5)      [9, 10] [SW, S]
    43     0x00005700       0xFFFFFF80      0x00004000         (0, 0, 10)      [8] []
    44     0x00005B80       0xFFFFFF80      0x00800003         (0, 0, 11)      [17] [E, NE]
    45     0x0000E900       0xFFFFFF80      0x00000200         (0, 0, 13)      [3] []
    46     0x0000DD00       0xFFFFFF80      0x00001018         (0, 0, 11)      [6] [W, SW]
    47     0x00036300       0xFFFFFF00      0x00000800         (0, 3, 12)      [5] []
    48     0x00018300       0xFFFFFF80      0x00000100         (0, 1, 0)      [2] []
    49     0x00018D80       0xFFFFFF80      0x00000100         (0, 1, 1)      [2] []
    50     0x0000D900       0xFFFFFF80      0x00000008         (0, 0, 11)      [] [W]
    51     0x0000AD00       0xFFFFFF80      0x00800030         (0, 0, 5)      [17] [SW, S]
    52     0x0000E580       0xFFFFFF80      0x00000010         (0, 0, 12)      [] [SW]
    53     0x00016A00       0xFFFFFF80      0x00000008         (0, 1, 13)      [] [W]
    54     0x00010480       0xFFFFFF80      0x00000420         (0, 1, 0)      [4] [S]
    55     0x00036200       0xFFFFFF00      0x00000400         (0, 3, 12)      [4] []
    56     0x00013600       0xFFFFFF80      0x00000010         (0, 1, 6)      [] [SW]
    57     0x00019900       0xFFFFFF80      0x00000800         (0, 1, 3)      [5] []
    58     0x00008A00       0xFFFFFF80      0x0000030E         (0, 0, 1)      [2, 3] [NE, N, W]
    59     0x00006F00       0xFFFFFF80      0x00000120         (0, 0, 13)      [2] [S]
    60     0x00012B00       0xFFFFFF80      0x00000018         (0, 1, 5)      [] [W, SW]
    61     0x00015C80       0xFFFFFF80      0x00000010         (0, 1, 11)      [] [SW]
    62     0x0000E400       0xFFFFFF80      0x00000010         (0, 0, 12)      [] [SW]
    63     0x0000DB00       0xFFFFFF80      0x00000118         (0, 0, 11)      [2] [W, SW]
    64     0x00019600       0xFFFFFF80      0x00000001         (0, 1, 2)      [] [E]
    65     0x00019680       0xFFFFFF80      0x00000001         (0, 1, 2)      [] [E]
    66     0x0000AF80       0xFFFFFF80      0x00000030         (0, 0, 5)      [] [SW, S]
    67     0x00007600       0xFFFFFF80      0x00400020         (0, 0, 14)      [16] [S]
    68     0x00017680       0xFFFFFF80      0x00000008         (0, 1, 14)      [] [W]
    69     0x00008F80       0xFFFFFF80      0x00181F8E         (0, 0, 1)      [1, 2, 3, 4, 5, 6, 13, 14] [NE, N, W]
    70     0x00006980       0xFFFFFF80      0x00000020         (0, 0, 13)      [] [S]
    71     0x00000600       0xFFFFFF80      0x00004000         (0, 0, 0)      [8] []
    72     0x00006480       0xFFFFFF80      0x00004020         (0, 0, 12)      [8] [S]
    73     0x0000AD80       0xFFFFFF80      0x00000030         (0, 0, 5)      [] [SW, S]
    74     0x00036800       0xFFFFFF00      0x00010000         (0, 3, 13)      [10] []
    75     0x00004D80       0xFFFFFF80      0x00400002         (0, 0, 9)      [16] [NE]
    76     0x00003180       0xFFFFFF80      0x00100001         (0, 0, 6)      [14] [E]
    77     0x00017F80       0xFFFFFF80      0x00000010         (0, 1, 15)      [] [SW]
    78     0x0001AA00       0xFFFFFF80      0x00000100         (0, 1, 5)      [2] []
    79     0x00016C80       0xFFFFFF80      0x00000108         (0, 1, 13)      [2] [W]
    80     0x00001B80       0xFFFFFF80      0x00000001         (0, 0, 3)      [] [E]
    81     0x00006680       0xFFFFFF80      0x00040020         (0, 0, 12)      [12] [S]
    82     0x0000A400       0xFFFFFF80      0x00FFE020         (0, 0, 4)      [7, 8, 9, 10, 11, 12, 13, 14, 15, 16, 17] [S]
    83     0x00022800       0xFFFFFF80      0x00000080         (0, 2, 5)      [1] []
    84     0x0000B480       0xFFFFFF80      0x00001000         (0, 0, 6)      [6] []
    85     0x00011300       0xFFFFFF80      0x00001000         (0, 1, 2)      [6] []
    86     0x0000AB00       0xFFFFFF80      0x00180030         (0, 0, 5)      [13, 14] [SW, S]
    87     0x00010F00       0xFFFFFF80      0x00000010         (0, 1, 1)      [] [SW]
    88     0x00018480       0xFFFFFF80      0x00000800         (0, 1, 0)      [5] []
    89     0x00007680       0xFFFFFF80      0x00800020         (0, 0, 14)      [17] [S]
    90     0x00005800       0xFFFFFF80      0x00010000         (0, 0, 11)      [10] []
    91     0x00007380       0xFFFFFF80      0x00020020         (0, 0, 14)      [11] [S]
    92     0x0000F500       0xFFFFFF80      0x00000020         (0, 0, 14)      [] [S]
    93     0x00022280       0xFFFFFF80      0x00800000         (0, 2, 4)      [17] []
    94     0x00038000       0xFFFFFF00      0x00000004         (0, 3, 0)      [] [N]
    95     0x00009000       0xFFFFFF80      0x00301F8E         (0, 0, 2)      [1, 2, 3, 4, 5, 6, 14, 15] [NE, N, W]
    96     0x00001B00       0xFFFFFF80      0x00000001         (0, 0, 3)      [] [E]
    97     0x0000F300       0xFFFFFF80      0x00000010         (0, 0, 14)      [] [SW]
    98     0x00010A00       0xFFFFFF80      0x00200020         (0, 1, 1)      [15] [S]
    99     0x0000AE00       0xFFFFFF80      0x00000030         (0, 0, 5)      [] [SW, S]
    100     0x00015600       0xFFFFFF80      0x00001000         (0, 1, 10)      [6] []
    101     0x00002980       0xFFFFFF80      0x00000003         (0, 0, 5)      [] [E, NE]
    102     0x0001BB80       0xFFFFFF80      0x00000400         (0, 1, 7)      [4] []
    103     0x00022200       0xFFFFFF80      0x00400000         (0, 2, 4)      [16] []
    104     0x00022980       0xFFFFFF80      0x00000400         (0, 2, 5)      [4] []
    105     0x00038200       0xFFFFFF00      0x00000004         (0, 3, 0)      [] [N]
    106     0x00006000       0xFFFFFF80      0x00000021         (0, 0, 12)      [] [E, S]
    107     0x00006400       0xFFFFFF80      0x00002020         (0, 0, 12)      [7] [S]
    108     0x00008900       0xFFFFFF80      0x0000008E         (0, 0, 1)      [1] [NE, N, W]
    109     0x00006A00       0xFFFFFF80      0x00000020         (0, 0, 13)      [] [S]
    110     0x00005100       0xFFFFFF80      0x00000002         (0, 0, 10)      [] [NE]
    111     0x0000A200       0xFFFFFF80      0x00FFE030         (0, 0, 4)      [7, 8, 9, 10, 11, 12, 13, 14, 15, 16, 17] [SW, S]
    112     0x0000B680       0xFFFFFF80      0x00010020         (0, 0, 6)      [10] [S]
    113     0x00005280       0xFFFFFF80      0x00000002         (0, 0, 10)      [] [NE]
    114     0x00003E80       0xFFFFFF80      0x00080021         (0, 0, 7)      [13] [E, S]
    115     0x00008800       0xFFFFFF80      0x0000000E         (0, 0, 1)      [] [NE, N, W]
    116     0x0000B300       0xFFFFFF80      0x00000220         (0, 0, 6)      [3] [S]
    117     0x00009080       0xFFFFFF80      0x00601F8E         (0, 0, 2)      [1, 2, 3, 4, 5, 6, 15, 16] [NE, N, W]
    118     0x00010280       0xFFFFFF80      0x00000020         (0, 1, 0)      [] [S]
    119     0x00018C00       0xFFFFFF80      0x00000020         (0, 1, 1)      [] [S]
    120     0x0000CC00       0xFFFFFF80      0x00000008         (0, 0, 9)      [] [W]
    121     0x00002700       0xFFFFFF80      0x00000003         (0, 0, 4)      [] [E, NE]
    122     0x0000F600       0xFFFFFF80      0x00000120         (0, 0, 14)      [2] [S]
    123     0x0000A780       0xFFFFFF80      0x00FFF000         (0, 0, 4)      [6, 7, 8, 9, 10, 11, 12, 13, 14, 15, 16, 17] []
    124     0x00016B00       0xFFFFFF80      0x00000008         (0, 1, 13)      [] [W]
    125     0x0000C100       0xFFFFFF80      0x00000420         (0, 0, 8)      [4] [S]
    126     0x00036400       0xFFFFFF00      0x00001000         (0, 3, 12)      [6] []
    127     0x00006D80       0xFFFFFF80      0x00000020         (0, 0, 13)      [] [S]
    128     0x00012D80       0xFFFFFF80      0x00000818         (0, 1, 5)      [5] [W, SW]
    129     0x0001BC80       0xFFFFFF80      0x00001000         (0, 1, 7)      [6] []
    130     0x00008700       0xFFFFFF80      0x0000000E         (0, 0, 0)      [] [NE, N, W]
    131     0x0000F000       0xFFFFFF80      0x00800010         (0, 0, 14)      [17] [SW]
    132     0x00016900       0xFFFFFF80      0x00000010         (0, 1, 13)      [] [SW]
    133     0x00015300       0xFFFFFF80      0x00000020         (0, 1, 10)      [] [S]
    134     0x00007D80       0xFFFFFF80      0x00000420         (0, 0, 15)      [4] [S]
    135     0x0000DD80       0xFFFFFF80      0x00000018         (0, 0, 11)      [] [W, SW]
    136     0x00004F00       0xFFFFFF80      0x00000002         (0, 0, 9)      [] [NE]
    137     0x00007F00       0xFFFFFF80      0x00002020         (0, 0, 15)      [7] [S]
    138     0x00015480       0xFFFFFF80      0x00000200         (0, 1, 10)      [3] []
    139     0x00014400       0xFFFFFF80      0x00000010         (0, 1, 8)      [] [SW]
    140     0x00005380       0xFFFFFF80      0x00000082         (0, 0, 10)      [1] [NE]
    141     0x00016200       0xFFFFFF80      0x00000800         (0, 1, 12)      [5] []
    142     0x00014280       0xFFFFFF80      0x00000010         (0, 1, 8)      [] [SW]
    143     0x00012C80       0xFFFFFF80      0x00000210         (0, 1, 5)      [3] [SW]
    144     0x0000BF80       0xFFFFFF80      0x000000A0         (0, 0, 7)      [1] [S]
    145     0x00012000       0xFFFFFF80      0x00000800         (0, 1, 4)      [5] []
    146     0x00018F80       0xFFFFFF80      0x00001000         (0, 1, 1)      [6] []
    147     0x00001A00       0xFFFFFF80      0x00000001         (0, 0, 3)      [] [E]
    148     0x00002480       0xFFFFFF80      0x00200003         (0, 0, 4)      [15] [E, NE]
    149     0x00019D00       0xFFFFFF80      0x00000001         (0, 1, 3)      [] [E]
    150     0x0000DE00       0xFFFFFF80      0x00000018         (0, 0, 11)      [] [W, SW]
    151     0x00036B00       0xFFFFFF00      0x00080000         (0, 3, 13)      [13] []
    152     0x0000B880       0xFFFFFF80      0x00100020         (0, 0, 7)      [14] [S]
    153     0x00008500       0xFFFFFF80      0x00000020         (0, 0, 0)      [] [S]
    154     0x0000BD80       0xFFFFFF80      0x00000020         (0, 0, 7)      [] [S]
    155     0x0000A380       0xFFFFFF80      0x00FFE020         (0, 0, 4)      [7, 8, 9, 10, 11, 12, 13, 14, 15, 16, 17] [S]
    156     0x0000F480       0xFFFFFF80      0x00000020         (0, 0, 14)      [] [S]
    157     0x00006180       0xFFFFFF80      0x00000121         (0, 0, 12)      [2] [E, S]
    158     0x00010B00       0xFFFFFF80      0x00800020         (0, 1, 1)      [17] [S]
    159     0x00004180       0xFFFFFF80      0x00000021         (0, 0, 8)      [] [E, S]
    160     0x0000D600       0xFFFFFF80      0x00000008         (0, 0, 10)      [] [W]
    161     0x00006600       0xFFFFFF80      0x00020020         (0, 0, 12)      [11] [S]
    162     0x00000780       0xFFFFFF80      0x00020000         (0, 0, 0)      [11] []
    163     0x00012780       0xFFFFFF80      0x00000018         (0, 1, 4)      [] [W, SW]
    164     0x00004B80       0xFFFFFF80      0x00040021         (0, 0, 9)      [12] [E, S]
    165     0x00011E80       0xFFFFFF80      0x00000108         (0, 1, 3)      [2] [W]
    166     0x0000C500       0xFFFFFF80      0x00040020         (0, 0, 8)      [12] [S]
    167     0x0000F800       0xFFFFFF80      0x00001000         (0, 0, 15)      [6] []
    168     0x0000C900       0xFFFFFF80      0x00000020         (0, 0, 9)      [] [S]
    169     0x00017E80       0xFFFFFF80      0x00000010         (0, 1, 15)      [] [SW]
    170     0x0000E180       0xFFFFFF80      0x00200018         (0, 0, 12)      [15] [W, SW]
    171     0x00005C00       0xFFFFFF80      0x00000003         (0, 0, 11)      [] [E, NE]
    172     0x00006C00       0xFFFFFF80      0x00000020         (0, 0, 13)      [] [S]
    173     0x00010500       0xFFFFFF80      0x00000820         (0, 1, 0)      [5] [S]
    174     0x00008D00       0xFFFFFF80      0x0000DF8C         (0, 0, 1)      [1, 2, 3, 4, 5, 6, 8, 9] [N, W]
    175     0x00007300       0xFFFFFF80      0x00010020         (0, 0, 14)      [10] [S]
    176     0x0000D980       0xFFFFFF80      0x00000008         (0, 0, 11)      [] [W]
    177     0x00007700       0xFFFFFF80      0x00000020         (0, 0, 14)      [] [S]
    178     0x0000EA00       0xFFFFFF80      0x00000800         (0, 0, 13)      [5] []
    179     0x00002580       0xFFFFFF80      0x00800003         (0, 0, 4)      [17] [E, NE]
    180     0x00015E00       0xFFFFFF80      0x00000010         (0, 1, 11)      [] [SW]
    181     0x00010200       0xFFFFFF80      0x00000020         (0, 1, 0)      [] [S]
    182     0x0000F780       0xFFFFFF80      0x00000820         (0, 0, 14)      [5] [S]
    183     0x00001400       0xFFFFFF80      0x00008000         (0, 0, 2)      [9] []
    184     0x00002280       0xFFFFFF80      0x00020000         (0, 0, 4)      [11] []
    185     0x0000DF00       0xFFFFFF80      0x00000018         (0, 0, 11)      [] [W, SW]
    186     0x00017880       0xFFFFFF80      0x00000200         (0, 1, 15)      [3] []
    187     0x0000AB80       0xFFFFFF80      0x00300030         (0, 0, 5)      [14, 15] [SW, S]
    188     0x0000CA80       0xFFFFFF80      0x00000008         (0, 0, 9)      [] [W]
    189     0x00013A80       0xFFFFFF80      0x00000400         (0, 1, 7)      [4] []
    190     0x00008000       0xFFFFFF80      0x00008020         (0, 0, 0)      [9] [S]
    191     0x0000C580       0xFFFFFF80      0x00080020         (0, 0, 8)      [13] [S]
    192     0x00003580       0xFFFFFF80      0x00000021         (0, 0, 6)      [] [E, S]
    193     0x00017C00       0xFFFFFF80      0x00000010         (0, 1, 15)      [] [SW]
    194     0x0000BB00       0xFFFFFF80      0x00000020         (0, 0, 7)      [] [S]
    195     0x00015000       0xFFFFFF80      0x00000020         (0, 1, 10)      [] [S]
    196     0x00000900       0xFFFFFF80      0x00100001         (0, 0, 1)      [14] [E]
    197     0x0000FC00       0xFFFFFF80      0x00100020         (0, 0, 15)      [14] [S]
    198     0x00006800       0xFFFFFF80      0x00200020         (0, 0, 13)      [15] [S]
    199     0x00001580       0xFFFFFF80      0x00040001         (0, 0, 2)      [12] [E]
    200     0x0000B180       0xFFFFFF80      0x00000020         (0, 0, 6)      [] [S]
    201     0x0000BE80       0xFFFFFF80      0x00000020         (0, 0, 7)      [] [S]
    202     0x00022180       0xFFFFFF80      0x00200000         (0, 2, 4)      [15] []
    203     0x00009D80       0xFFFFFF80      0x00FFE03F         (0, 0, 3)      [7, 8, 9, 10, 11, 12, 13, 14, 15, 16, 17] [E, NE, N, W, SW, S]
    204     0x0000CE00       0xFFFFFF80      0x00000200         (0, 0, 9)      [3] []
    205     0x00001880       0xFFFFFF80      0x00000001         (0, 0, 3)      [] [E]
    206     0x00008C80       0xFFFFFF80      0x00007F8C         (0, 0, 1)      [1, 2, 3, 4, 5, 6, 7, 8] [N, W]
    207     0x00004C00       0xFFFFFF80      0x00080002         (0, 0, 9)      [13] [NE]
    208     0x00038900       0xFFFFFF00      0x00000004         (0, 3, 1)      [] [N]
    209     0x00008D80       0xFFFFFF80      0x00019F8C         (0, 0, 1)      [1, 2, 3, 4, 5, 6, 9, 10] [N, W]
    210     0x00017600       0xFFFFFF80      0x00000008         (0, 1, 14)      [] [W]
    211     0x00003E00       0xFFFFFF80      0x00040021         (0, 0, 7)      [12] [E, S]
    212     0x00008E00       0xFFFFFF80      0x00031F8C         (0, 0, 1)      [1, 2, 3, 4, 5, 6, 10, 11] [N, W]
    213     0x00016180       0xFFFFFF80      0x00000400         (0, 1, 12)      [4] []
    214     0x0000E380       0xFFFFFF80      0x00000010         (0, 0, 12)      [] [SW]
    215     0x0000AC00       0xFFFFFF80      0x00600030         (0, 0, 5)      [16, 15] [SW, S]
    216     0x00000980       0xFFFFFF80      0x00200001         (0, 0, 1)      [15] [E]
    217     0x00016280       0xFFFFFF80      0x00001000         (0, 1, 12)      [6] []
    218     0x00018200       0xFFFFFF80      0x00000008         (0, 1, 0)      [] [W]
    219     0x00000D80       0xFFFFFF80      0x00000001         (0, 0, 1)      [] [E]
    220     0x00013480       0xFFFFFF80      0x00000010         (0, 1, 6)      [] [SW]
    221     0x0000FF00       0xFFFFFF80      0x00000020         (0, 0, 15)      [] [S]
    222     0x00011900       0xFFFFFF80      0x00000008         (0, 1, 3)      [] [W]
    223     0x00009100       0xFFFFFF80      0x00C01F8E         (0, 0, 2)      [1, 2, 3, 4, 5, 6, 16, 17] [NE, N, W]
    224     0x00021F80       0xFFFFFF80      0x00020000         (0, 2, 3)      [11] []
    225     0x00005880       0xFFFFFF80      0x00020000         (0, 0, 11)      [11] []
    226     0x0000FC80       0xFFFFFF80      0x00200020         (0, 0, 15)      [15] [S]
    227     0x00003F80       0xFFFFFF80      0x00200021         (0, 0, 7)      [15] [E, S]
    228     0x00009E00       0xFFFFFF80      0x00FFE03F         (0, 0, 3)      [7, 8, 9, 10, 11, 12, 13, 14, 15, 16, 17] [E, NE, N, W, SW, S]
    229     0x00003700       0xFFFFFF80      0x00000021         (0, 0, 6)      [] [E, S]
    230     0x00012A00       0xFFFFFF80      0x00000018         (0, 1, 5)      [] [W, SW]
    231     0x0000D700       0xFFFFFF80      0x00000008         (0, 0, 10)      [] [W]
    232     0x00017D00       0xFFFFFF80      0x00000010         (0, 1, 15)      [] [SW]
    233     0x00017700       0xFFFFFF80      0x00000008         (0, 1, 14)      [] [W]
    234     0x00037B00       0xFFFFFF00      0x00000004         (0, 3, 15)      [] [N]
    235     0x00020480       0xFFFFFF80      0x00FFE000         (0, 2, 0)      [7, 8, 9, 10, 11, 12, 13, 14, 15, 16, 17] []
    236     0x00018380       0xFFFFFF80      0x00000200         (0, 1, 0)      [3] []
    237     0x00015280       0xFFFFFF80      0x00000020         (0, 1, 10)      [] [S]
    238     0x0000D500       0xFFFFFF80      0x00800008         (0, 0, 10)      [17] [W]
    239     0x00005E80       0xFFFFFF80      0x00000021         (0, 0, 11)      [] [E, S]
    240     0x00009880       0xFFFFFF80      0x00001FB7         (0, 0, 3)      [1, 2, 3, 4, 5, 6] [E, NE, N, SW, S]
    241     0x00006780       0xFFFFFF80      0x00100020         (0, 0, 12)      [14] [S]
    242     0x0000A080       0xFFFFFF80      0x00FFE030         (0, 0, 4)      [7, 8, 9, 10, 11, 12, 13, 14, 15, 16, 17] [SW, S]
    243     0x0001A980       0xFFFFFF80      0x00000080         (0, 1, 5)      [1] []
    244     0x0000DC00       0xFFFFFF80      0x00000410         (0, 0, 11)      [4] [SW]
    245     0x0001BC00       0xFFFFFF80      0x00000800         (0, 1, 7)      [5] []
    246     0x0000C200       0xFFFFFF80      0x00001000         (0, 0, 8)      [6] []
    247     0x00010380       0xFFFFFF80      0x00000120         (0, 1, 0)      [2] [S]
    248     0x00022A80       0xFFFFFF80      0x00001000         (0, 2, 5)      [6] []
    249     0x00004500       0xFFFFFF80      0x00000021         (0, 0, 8)      [] [E, S]
    250     0x00009A00       0xFFFFFF80      0x00FFE03C         (0, 0, 3)      [7, 8, 9, 10, 11, 12, 13, 14, 15, 16, 17] [N, W, SW, S]
    251     0x00009500       0xFFFFFF80      0x00001F8E         (0, 0, 2)      [1, 2, 3, 4, 5, 6] [NE, N, W]
    252     0x00009380       0xFFFFFF80      0x00001F8E         (0, 0, 2)      [1, 2, 3, 4, 5, 6] [NE, N, W]
    253     0x00001780       0xFFFFFF80      0x00400001         (0, 0, 2)      [16] [E]
    254     0x00006700       0xFFFFFF80      0x00080020         (0, 0, 12)      [13] [S]
    255     0x00038600       0xFFFFFF00      0x00000004         (0, 3, 0)      [] [N]
    256     0x00038400       0xFFFFFF00      0x00000004         (0, 3, 0)      [] [N]
    257     0x00007900       0xFFFFFF80      0x00000020         (0, 0, 15)      [] [S]
    258     0x0001D180       0xFFFFFF80      0x00001000         (0, 1, 10)      [6] []
    259     0x00002880       0xFFFFFF80      0x00000003         (0, 0, 5)      [] [E, NE]
    260     0x00005C80       0xFFFFFF80      0x00000021         (0, 0, 11)      [] [E, S]
    261     0x0000CF80       0xFFFFFF80      0x00001000         (0, 0, 9)      [6] []
    262     0x00036600       0xFFFFFF00      0x00004000         (0, 3, 12)      [8] []
    263     0x00001980       0xFFFFFF80      0x00000001         (0, 0, 3)      [] [E]
    264     0x00010B80       0xFFFFFF80      0x00000020         (0, 1, 1)      [] [S]
    265     0x00007880       0xFFFFFF80      0x00000020         (0, 0, 15)      [] [S]
    266     0x00007400       0xFFFFFF80      0x00040020         (0, 0, 14)      [12] [S]
    267     0x00004200       0xFFFFFF80      0x00000021         (0, 0, 8)      [] [E, S]
    268     0x0000C000       0xFFFFFF80      0x00000120         (0, 0, 8)      [2] [S]
    269     0x00009780       0xFFFFFF80      0x00001FBF         (0, 0, 2)      [1, 2, 3, 4, 5, 6] [E, NE, N, W, SW, S]
    270     0x0000D680       0xFFFFFF80      0x00000008         (0, 0, 10)      [] [W]
    271     0x0001CA80       0xFFFFFF80      0x00000800         (0, 1, 9)      [5] []
    272     0x00004C80       0xFFFFFF80      0x00100002         (0, 0, 9)      [14] [NE]
    273     0x00014F80       0xFFFFFF80      0x00000030         (0, 1, 9)      [] [SW, S]
    274     0x00007480       0xFFFFFF80      0x00080020         (0, 0, 14)      [13] [S]
    275     0x00007C80       0xFFFFFF80      0x00000120         (0, 0, 15)      [2] [S]
    276     0x0000D200       0xFFFFFF80      0x00020008         (0, 0, 10)      [11] [W]
    277     0x0000A800       0xFFFFFF80      0x00006030         (0, 0, 5)      [8, 7] [SW, S]
    278     0x00012680       0xFFFFFF80      0x00000018         (0, 1, 4)      [] [W, SW]
    279     0x0001A300       0xFFFFFF80      0x00001000         (0, 1, 4)      [6] []
    280     0x0000A880       0xFFFFFF80      0x0000C030         (0, 0, 5)      [8, 9] [SW, S]
    281     0x00017F00       0xFFFFFF80      0x00000010         (0, 1, 15)      [] [SW]
    282     0x0001A100       0xFFFFFF80      0x00000100         (0, 1, 4)      [2] []
    283     0x0000FE00       0xFFFFFF80      0x00000020         (0, 0, 15)      [] [S]
    284     0x00011D80       0xFFFFFF80      0x00000008         (0, 1, 3)      [] [W]
    285     0x00002080       0xFFFFFF80      0x00002000         (0, 0, 4)      [7] []
    286     0x0000E300       0xFFFFFF80      0x00000010         (0, 0, 12)      [] [SW]
    287     0x00012900       0xFFFFFF80      0x00000018         (0, 1, 5)      [] [W, SW]
    288     0x00014480       0xFFFFFF80      0x00000010         (0, 1, 8)      [] [SW]
    289     0x00009680       0xFFFFFF80      0x00001F8E         (0, 0, 2)      [1, 2, 3, 4, 5, 6] [NE, N, W]
    290     0x0000FF80       0xFFFFFF80      0x00000020         (0, 0, 15)      [] [S]
    291     0x0000D800       0xFFFFFF80      0x00000008         (0, 0, 11)      [] [W]
    292     0x00037E00       0xFFFFFF00      0x00000004         (0, 3, 15)      [] [N]
    293     0x00010C00       0xFFFFFF80      0x00000020         (0, 1, 1)      [] [S]
    294     0x00015200       0xFFFFFF80      0x00000020         (0, 1, 10)      [] [S]
    295     0x0001AB80       0xFFFFFF80      0x00000800         (0, 1, 5)      [5] []
    296     0x00001380       0xFFFFFF80      0x00004000         (0, 0, 2)      [8] []
    297     0x0000F280       0xFFFFFF80      0x00000010         (0, 0, 14)      [] [SW]
    298     0x0000E800       0xFFFFFF80      0x00000080         (0, 0, 13)      [1] []
    299     0x00017C80       0xFFFFFF80      0x00000010         (0, 1, 15)      [] [SW]
    300     0x00021E00       0xFFFFFF80      0x00004000         (0, 2, 3)      [8] []
    301     0x00008380       0xFFFFFF80      0x00400020         (0, 0, 0)      [16] [S]
    302     0x0000A300       0xFFFFFF80      0x00FFE030         (0, 0, 4)      [7, 8, 9, 10, 11, 12, 13, 14, 15, 16, 17] [SW, S]
    303     0x0000B980       0xFFFFFF80      0x00400020         (0, 0, 7)      [16] [S]
    304     0x00006080       0xFFFFFF80      0x00000021         (0, 0, 12)      [] [E, S]
    305     0x00016C00       0xFFFFFF80      0x00000088         (0, 1, 13)      [1] [W]
    306     0x0000D380       0xFFFFFF80      0x00100008         (0, 0, 10)      [14] [W]
    307     0x00003680       0xFFFFFF80      0x00000021         (0, 0, 6)      [] [E, S]
    308     0x00011C00       0xFFFFFF80      0x00000008         (0, 1, 3)      [] [W]
    309     0x0000F180       0xFFFFFF80      0x00000010         (0, 0, 14)      [] [SW]
    310     0x00008100       0xFFFFFF80      0x00020020         (0, 0, 0)      [11] [S]
    311     0x0000C980       0xFFFFFF80      0x00000020         (0, 0, 9)      [] [S]
    312     0x00011A80       0xFFFFFF80      0x00000008         (0, 1, 3)      [] [W]
    313     0x0001B380       0xFFFFFF80      0x00000400         (0, 1, 6)      [4] []
    314     0x00013500       0xFFFFFF80      0x00000010         (0, 1, 6)      [] [SW]
    315     0x00003380       0xFFFFFF80      0x00000021         (0, 0, 6)      [] [E, S]
    316     0x00010400       0xFFFFFF80      0x00000220         (0, 1, 0)      [3] [S]
    317     0x0000DB80       0xFFFFFF80      0x00000210         (0, 0, 11)      [3] [SW]
    318     0x0000A580       0xFFFFFF80      0x00FFE320         (0, 0, 4)      [2, 3, 7, 8, 9, 10, 11, 12, 13, 14, 15, 16, 17] [S]
    319     0x00012700       0xFFFFFF80      0x00000018         (0, 1, 4)      [] [W, SW]
    320     0x00022880       0xFFFFFF80      0x00000100         (0, 2, 5)      [2] []
    321     0x00008C00       0xFFFFFF80      0x00003F8C         (0, 0, 1)      [1, 2, 3, 4, 5, 6, 7] [N, W]
    322     0x00012800       0xFFFFFF80      0x00000018         (0, 1, 5)      [] [W, SW]
    323     0x00013980       0xFFFFFF80      0x00000100         (0, 1, 7)      [2] []
    324     0x00000A80       0xFFFFFF80      0x00800001         (0, 0, 1)      [17] [E]
    325     0x00003F00       0xFFFFFF80      0x00100021         (0, 0, 7)      [14] [E, S]
    326     0x00009E80       0xFFFFFF80      0x00FFE03F         (0, 0, 3)      [7, 8, 9, 10, 11, 12, 13, 14, 15, 16, 17] [E, NE, N, W, SW, S]
    327     0x00004000       0xFFFFFF80      0x00400021         (0, 0, 8)      [16] [E, S]
    328     0x00017A00       0xFFFFFF80      0x00001000         (0, 1, 15)      [6] []
    329     0x00009A80       0xFFFFFF80      0x00FFE03C         (0, 0, 3)      [7, 8, 9, 10, 11, 12, 13, 14, 15, 16, 17] [N, W, SW, S]
    330     0x0000EE00       0xFFFFFF80      0x00080010         (0, 0, 13)      [13] [SW]
    331     0x0000F680       0xFFFFFF80      0x00000220         (0, 0, 14)      [3] [S]
    332     0x00015D80       0xFFFFFF80      0x00000010         (0, 1, 11)      [] [SW]
    333     0x00000580       0xFFFFFF80      0x00002000         (0, 0, 0)      [7] []
    334     0x00006E00       0xFFFFFF80      0x00000020         (0, 0, 13)      [] [S]
    335     0x00011280       0xFFFFFF80      0x00000800         (0, 1, 2)      [5] []
    336     0x00015400       0xFFFFFF80      0x00000100         (0, 1, 10)      [2] []
    337     0x00018E80       0xFFFFFF80      0x00000400         (0, 1, 1)      [4] []
    338     0x00005080       0xFFFFFF80      0x00000002         (0, 0, 10)      [] [NE]
    339     0x0000E080       0xFFFFFF80      0x00080018         (0, 0, 12)      [13] [W, SW]
    340     0x0000CC80       0xFFFFFF80      0x00000008         (0, 0, 9)      [] [W]
    341     0x00015180       0xFFFFFF80      0x00000020         (0, 1, 10)      [] [S]
    342     0x00014300       0xFFFFFF80      0x00000010         (0, 1, 8)      [] [SW]
    343     0x0000D280       0xFFFFFF80      0x00040008         (0, 0, 10)      [12] [W]
    344     0x00015D00       0xFFFFFF80      0x00000010         (0, 1, 11)      [] [SW]
    345     0x0000EF80       0xFFFFFF80      0x00400010         (0, 0, 13)      [16] [SW]
    346     0x00003400       0xFFFFFF80      0x00000021         (0, 0, 6)      [] [E, S]
    347     0x00019800       0xFFFFFF80      0x00000200         (0, 1, 3)      [3] []
    348     0x00009300       0xFFFFFF80      0x00001F8E         (0, 0, 2)      [1, 2, 3, 4, 5, 6] [NE, N, W]
    349     0x0000E500       0xFFFFFF80      0x00000010         (0, 0, 12)      [] [SW]
    350     0x0000A680       0xFFFFFF80      0x00FFEC20         (0, 0, 4)      [4, 5, 7, 8, 9, 10, 11, 12, 13, 14, 15, 16, 17] [S]
    351     0x00007B80       0xFFFFFF80      0x00000020         (0, 0, 15)      [] [S]
    352     0x0000CF00       0xFFFFFF80      0x00000800         (0, 0, 9)      [5] []
    353     0x00015500       0xFFFFFF80      0x00000400         (0, 1, 10)      [4] []
    354     0x00013700       0xFFFFFF80      0x00000010         (0, 1, 6)      [] [SW]
    355     0x00001800       0xFFFFFF80      0x00800001         (0, 0, 3)      [17] [E]
    356     0x00009F00       0xFFFFFF80      0x00FFE03F         (0, 0, 3)      [7, 8, 9, 10, 11, 12, 13, 14, 15, 16, 17] [E, NE, N, W, SW, S]
    357     0x0000E880       0xFFFFFF80      0x00000100         (0, 0, 13)      [2] []
    358     0x00017780       0xFFFFFF80      0x00000088         (0, 1, 14)      [1] [W]
    359     0x0000EE80       0xFFFFFF80      0x00100010         (0, 0, 13)      [14] [SW]
    360     0x0000A100       0xFFFFFF80      0x00FFE030         (0, 0, 4)      [7, 8, 9, 10, 11, 12, 13, 14, 15, 16, 17] [SW, S]
    361     0x0000A700       0xFFFFFF80      0x00FFF800         (0, 0, 4)      [5, 6, 7, 8, 9, 10, 11, 12, 13, 14, 15, 16, 17] []
    362     0x00012B80       0xFFFFFF80      0x00000098         (0, 1, 5)      [1] [W, SW]
    363     0x00018E00       0xFFFFFF80      0x00000200         (0, 1, 1)      [3] []
    364     0x00012A80       0xFFFFFF80      0x00000018         (0, 1, 5)      [] [W, SW]
    365     0x00003780       0xFFFFFF80      0x00000021         (0, 0, 6)      [] [E, S]
    366     0x0000C780       0xFFFFFF80      0x00800020         (0, 0, 8)      [17] [S]
    367     0x00008B00       0xFFFFFF80      0x00000C06         (0, 0, 1)      [4, 5] [NE, N]
    368     0x0000CB00       0xFFFFFF80      0x00000008         (0, 0, 9)      [] [W]
    369     0x0000A980       0xFFFFFF80      0x00030030         (0, 0, 5)      [10, 11] [SW, S]
    370     0x0000EF00       0xFFFFFF80      0x00200010         (0, 0, 13)      [15] [SW]
    371     0x00009F80       0xFFFFFF80      0x00FFE030         (0, 0, 3)      [7, 8, 9, 10, 11, 12, 13, 14, 15, 16, 17] [SW, S]
    372     0x00005D00       0xFFFFFF80      0x00000021         (0, 0, 11)      [] [E, S]
    373     0x00010A80       0xFFFFFF80      0x00400020         (0, 1, 1)      [16] [S]
    374     0x00022900       0xFFFFFF80      0x00000200         (0, 2, 5)      [3] []
    375     0x00006C80       0xFFFFFF80      0x00000020         (0, 0, 13)      [] [S]
    376     0x0000C680       0xFFFFFF80      0x00200020         (0, 0, 8)      [15] [S]
    377     0x00014800       0xFFFFFF80      0x00000420         (0, 1, 9)      [4] [S]
    378     0x0000AE80       0xFFFFFF80      0x00000030         (0, 0, 5)      [] [SW, S]
    379     0x00008E80       0xFFFFFF80      0x00061F8C         (0, 0, 1)      [1, 2, 3, 4, 5, 6, 11, 12] [N, W]
    380     0x00019980       0xFFFFFF80      0x00001000         (0, 1, 3)      [6] []
    381     0x00002400       0xFFFFFF80      0x00100003         (0, 0, 4)      [14] [E, NE]
    382     0x0000AC80       0xFFFFFF80      0x00C00030         (0, 0, 5)      [16, 17] [SW, S]
    383     0x00018180       0xFFFFFF80      0x00000008         (0, 1, 0)      [] [W]
    384     0x00036F00       0xFFFFFF00      0x00800000         (0, 3, 13)      [17] []
    385     0x00019D80       0xFFFFFF80      0x00000001         (0, 1, 3)      [] [E]
    386     0x00013B80       0xFFFFFF80      0x00001000         (0, 1, 7)      [6] []
    387     0x00007780       0xFFFFFF80      0x00000020         (0, 0, 14)      [] [S]
    388     0x00018280       0xFFFFFF80      0x00000098         (0, 1, 0)      [1] [W, SW]
    389     0x00006A80       0xFFFFFF80      0x00000020         (0, 0, 13)      [] [S]
    390     0x00018B80       0xFFFFFF80      0x00000020         (0, 1, 1)      [] [S]
    391     0x0000B000       0xFFFFFF80      0x00000030         (0, 0, 6)      [] [SW, S]
    392     0x00016000       0xFFFFFF80      0x00000080         (0, 1, 12)      [1] []
    393     0x00006F80       0xFFFFFF80      0x00000220         (0, 0, 13)      [3] [S]
    394     0x0001AB00       0xFFFFFF80      0x00000400         (0, 1, 5)      [4] []
    395     0x0001CB00       0xFFFFFF80      0x00001000         (0, 1, 9)      [6] []
    396     0x00004900       0xFFFFFF80      0x00002020         (0, 0, 9)      [7] [S]
    397     0x0000CD00       0xFFFFFF80      0x00000088         (0, 0, 9)      [1] [W]
    398     0x00012600       0xFFFFFF80      0x00800018         (0, 1, 4)      [17] [W, SW]
    399     0x00001700       0xFFFFFF80      0x00200001         (0, 0, 2)      [15] [E]
    400     0x00005900       0xFFFFFF80      0x00040003         (0, 0, 11)      [12] [E, NE]
    401     0x00000C00       0xFFFFFF80      0x00000001         (0, 0, 1)      [] [E]
    402     0x00004880       0xFFFFFF80      0x00000020         (0, 0, 9)      [] [S]
    403     0x00003600       0xFFFFFF80      0x00000021         (0, 0, 6)      [] [E, S]
    404     0x00014380       0xFFFFFF80      0x00000010         (0, 1, 8)      [] [SW]
    405     0x0000A280       0xFFFFFF80      0x00FFE030         (0, 0, 4)      [7, 8, 9, 10, 11, 12, 13, 14, 15, 16, 17] [SW, S]
    406     0x00009800       0xFFFFFF80      0x00001FB7         (0, 0, 3)      [1, 2, 3, 4, 5, 6] [E, NE, N, SW, S]
    407     0x00002100       0xFFFFFF80      0x00004000         (0, 0, 4)      [8] []
    408     0x00005980       0xFFFFFF80      0x00080003         (0, 0, 11)      [13] [E, NE]
    409     0x00000700       0xFFFFFF80      0x00010000         (0, 0, 0)      [10] []
    410     0x00017500       0xFFFFFF80      0x00000008         (0, 1, 14)      [] [W]
    411     0x00009600       0xFFFFFF80      0x00001F8E         (0, 0, 2)      [1, 2, 3, 4, 5, 6] [NE, N, W]
    412     0x00017980       0xFFFFFF80      0x00000800         (0, 1, 15)      [5] []
    413     0x00016D00       0xFFFFFF80      0x00000200         (0, 1, 13)      [3] []
    414     0x0000B380       0xFFFFFF80      0x00000420         (0, 0, 6)      [4] [S]
    415     0x00013A00       0xFFFFFF80      0x00000200         (0, 1, 7)      [3] []
    416     0x00007A80       0xFFFFFF80      0x00000020         (0, 0, 15)      [] [S]
    417     0x0001C400       0xFFFFFF80      0x00001000         (0, 1, 8)      [6] []
    418     0x00011080       0xFFFFFF80      0x00000080         (0, 1, 2)      [1] []
    419     0x0000BC80       0xFFFFFF80      0x00000020         (0, 0, 7)      [] [S]
    420     0x0001AC00       0xFFFFFF80      0x00001000         (0, 1, 5)      [6] []
    421     0x00008400       0xFFFFFF80      0x00800020         (0, 0, 0)      [17] [S]
    422     0x00008980       0xFFFFFF80      0x0000018E         (0, 0, 1)      [1, 2] [NE, N, W]
    423     0x00010E00       0xFFFFFF80      0x00000010         (0, 1, 1)      [] [SW]
    424     0x00004F80       0xFFFFFF80      0x00000002         (0, 0, 9)      [] [NE]
    425     0x00005780       0xFFFFFF80      0x00008000         (0, 0, 10)      [9] []
    426     0x0000FE80       0xFFFFFF80      0x00000020         (0, 0, 15)      [] [S]
    427     0x00013900       0xFFFFFF80      0x00000080         (0, 1, 7)      [1] []
    428     0x00013680       0xFFFFFF80      0x00000010         (0, 1, 6)      [] [SW]
    429     0x00010100       0xFFFFFF80      0x00000020         (0, 1, 0)      [] [S]
    430     0x0000BB80       0xFFFFFF80      0x00000020         (0, 0, 7)      [] [S]
    431     0x0000DC80       0xFFFFFF80      0x00000818         (0, 0, 11)      [5] [W, SW]
    432     0x00016D80       0xFFFFFF80      0x00000400         (0, 1, 13)      [4] []
    433     0x00010180       0xFFFFFF80      0x00000020         (0, 1, 0)      [] [S]
    434     0x00006B00       0xFFFFFF80      0x00000020         (0, 0, 13)      [] [S]
    435     0x00018100       0xFFFFFF80      0x00000018         (0, 1, 0)      [] [W, SW]
    436     0x0000AF00       0xFFFFFF80      0x00000030         (0, 0, 5)      [] [SW, S]
    437     0x00003C00       0xFFFFFF80      0x00004020         (0, 0, 7)      [8] [S]
    438     0x0000D880       0xFFFFFF80      0x00000008         (0, 0, 11)      [] [W]
    439     0x00002200       0xFFFFFF80      0x00010000         (0, 0, 4)      [10] []
    440     0x00011800       0xFFFFFF80      0x00400008         (0, 1, 3)      [16] [W]
    441     0x00005180       0xFFFFFF80      0x00000002         (0, 0, 10)      [] [NE]
    442     0x00000880       0xFFFFFF80      0x00080001         (0, 0, 1)      [13] [E]
    443     0x00012080       0xFFFFFF80      0x00001000         (0, 1, 4)      [6] []
    444     0x00003B80       0xFFFFFF80      0x00002020         (0, 0, 7)      [7] [S]
    445     0x0000B800       0xFFFFFF80      0x00080020         (0, 0, 7)      [13] [S]
    446     0x00004480       0xFFFFFF80      0x00000021         (0, 0, 8)      [] [E, S]
    447     0x0000A500       0xFFFFFF80      0x00FFE1A0         (0, 0, 4)      [1, 2, 7, 8, 9, 10, 11, 12, 13, 14, 15, 16, 17] [S]
    448     0x00008780       0xFFFFFF80      0x0000000E         (0, 0, 0)      [] [NE, N, W]
    449     0x00021D80       0xFFFFFF80      0x00002000         (0, 2, 3)      [7] []
    450     0x0000BF00       0xFFFFFF80      0x00000020         (0, 0, 7)      [] [S]
    451     0x00004D00       0xFFFFFF80      0x00200002         (0, 0, 9)      [15] [NE]
    452     0x00036000       0xFFFFFF00      0x00000100         (0, 3, 12)      [2] []
    453     0x0000B200       0xFFFFFF80      0x000000A0         (0, 0, 6)      [1] [S]
    454     0x00002E00       0xFFFFFF80      0x00002000         (0, 0, 5)      [7] []
    455     0x0000B700       0xFFFFFF80      0x00020020         (0, 0, 6)      [11] [S]
    456     0x00001A80       0xFFFFFF80      0x00000001         (0, 0, 3)      [] [E]
    457     0x00002800       0xFFFFFF80      0x00000003         (0, 0, 5)      [] [E, NE]
    458     0x00009180       0xFFFFFF80      0x00801F8E         (0, 0, 2)      [1, 2, 3, 4, 5, 6, 17] [NE, N, W]
    459     0x00003480       0xFFFFFF80      0x00000021         (0, 0, 6)      [] [E, S]
    460     0x0001B280       0xFFFFFF80      0x00000100         (0, 1, 6)      [2] []
    461     0x00002380       0xFFFFFF80      0x00080003         (0, 0, 4)      [13] [E, NE]
    462     0x00022A00       0xFFFFFF80      0x00000800         (0, 2, 5)      [5] []
    463     0x00000B80       0xFFFFFF80      0x00000001         (0, 0, 1)      [] [E]
    464     0x00038100       0xFFFFFF00      0x00000004         (0, 3, 0)      [] [N]
    465     0x00007A00       0xFFFFFF80      0x00000020         (0, 0, 15)      [] [S]
    466     0x00010E80       0xFFFFFF80      0x00000010         (0, 1, 1)      [] [SW]
    467     0x00001500       0xFFFFFF80      0x00020000         (0, 0, 2)      [11] []
    468     0x00006880       0xFFFFFF80      0x00400020         (0, 0, 13)      [16] [S]
    469     0x00036500       0xFFFFFF00      0x00002000         (0, 3, 12)      [7] []
    470     0x00011A00       0xFFFFFF80      0x00000008         (0, 1, 3)      [] [W]
    471     0x00008880       0xFFFFFF80      0x0000000E         (0, 0, 1)      [] [NE, N, W]
    472     0x0000AA00       0xFFFFFF80      0x00060030         (0, 0, 5)      [11, 12] [SW, S]
    473     0x00001680       0xFFFFFF80      0x00100001         (0, 0, 2)      [14] [E]
    474     0x00004280       0xFFFFFF80      0x00000021         (0, 0, 8)      [] [E, S]
    475     0x0001B300       0xFFFFFF80      0x00000200         (0, 1, 6)      [3] []
    476     0x00015E80       0xFFFFFF80      0x00000010         (0, 1, 11)      [] [SW]
    477     0x00013780       0xFFFFFF80      0x00000010         (0, 1, 6)      [] [SW]
    478     0x0000F400       0xFFFFFF80      0x00000030         (0, 0, 14)      [] [SW, S]
    479     0x00008F00       0xFFFFFF80      0x000C1F8E         (0, 0, 1)      [1, 2, 3, 4, 5, 6, 12, 13] [NE, N, W]
    480     0x00022080       0xFFFFFF80      0x00080000         (0, 2, 4)      [13] []
    481     0x00007D00       0xFFFFFF80      0x00000220         (0, 0, 15)      [3] [S]
    482     0x0001A000       0xFFFFFF80      0x00000001         (0, 1, 4)      [] [E]
    483     0x00011B00       0xFFFFFF80      0x00000008         (0, 1, 3)      [] [W]
    484     0x0000A480       0xFFFFFF80      0x00FFE0A0         (0, 0, 4)      [1, 7, 8, 9, 10, 11, 12, 13, 14, 15, 16, 17] [S]
    485     0x00015080       0xFFFFFF80      0x00000020         (0, 1, 10)      [] [S]
    486     0x00016980       0xFFFFFF80      0x00000008         (0, 1, 13)      [] [W]
    487     0x0000BC00       0xFFFFFF80      0x00000020         (0, 0, 7)      [] [S]
    488     0x0000DA00       0xFFFFFF80      0x00000008         (0, 0, 11)      [] [W]
    489     0x00014680       0xFFFFFF80      0x00000080         (0, 1, 8)      [1] []
    490     0x0000A180       0xFFFFFF80      0x00FFE030         (0, 0, 4)      [7, 8, 9, 10, 11, 12, 13, 14, 15, 16, 17] [SW, S]
    491     0x00036700       0xFFFFFF00      0x00008000         (0, 3, 12)      [9] []
    492     0x00012880       0xFFFFFF80      0x00000018         (0, 1, 5)      [] [W, SW]
    493     0x0000C880       0xFFFFFF80      0x00000020         (0, 0, 9)      [] [S]
    494     0x00011E00       0xFFFFFF80      0x00000088         (0, 1, 3)      [1] [W]
    495     0x0000DE80       0xFFFFFF80      0x00000018         (0, 0, 11)      [] [W, SW]
    496     0x00004A80       0xFFFFFF80      0x00010020         (0, 0, 9)      [10] [S]
    497     0x0000CB80       0xFFFFFF80      0x00000008         (0, 0, 9)      [] [W]
    498     0x00014780       0xFFFFFF80      0x00000220         (0, 1, 8)      [3] [S]
    499     0x00005300       0xFFFFFF80      0x00000002         (0, 0, 10)      [] [NE]
    500     0x0000D400       0xFFFFFF80      0x00200008         (0, 0, 10)      [15] [W]
    501     0x00015100       0xFFFFFF80      0x00000020         (0, 1, 10)      [] [S]
    502     0x00018C80       0xFFFFFF80      0x00000020         (0, 1, 1)      [] [S]
    503     0x00037900       0xFFFFFF00      0x00000004         (0, 3, 15)      [] [N]
    504     0x00006380       0xFFFFFF80      0x00000020         (0, 0, 12)      [] [S]
    505     0x00017D80       0xFFFFFF80      0x00000010         (0, 1, 15)      [] [SW]
    506     0x00037F00       0xFFFFFF00      0x00000004         (0, 3, 15)      [] [N]
    507     0x00009B80       0xFFFFFF80      0x00FFE03C         (0, 0, 3)      [7, 8, 9, 10, 11, 12, 13, 14, 15, 16, 17] [N, W, SW, S]
    508     0x0001C300       0xFFFFFF80      0x00000400         (0, 1, 8)      [4] []
    509     0x00012C00       0xFFFFFF80      0x00000118         (0, 1, 5)      [2] [W, SW]
    510     0x0000C800       0xFFFFFF80      0x00000020         (0, 0, 9)      [] [S]
    511     0x00000800       0xFFFFFF80      0x00040001         (0, 0, 1)      [12] [E]
    512     0x0000CA00       0xFFFFFF80      0x00000008         (0, 0, 9)      [] [W]
    513     0x00003D00       0xFFFFFF80      0x00010020         (0, 0, 7)      [10] [S]
    514     0x00019700       0xFFFFFF80      0x00000080         (0, 1, 2)      [1] []
    515     0x00003C80       0xFFFFFF80      0x00008020         (0, 0, 7)      [9] [S]
    516     0x00007180       0xFFFFFF80      0x00002020         (0, 0, 14)      [7] [S]
    517     0x00010580       0xFFFFFF80      0x00001000         (0, 1, 0)      [6] []
    518     0x00009C80       0xFFFFFF80      0x00FFE03F         (0, 0, 3)      [7, 8, 9, 10, 11, 12, 13, 14, 15, 16, 17] [E, NE, N, W, SW, S]
    519     0x0000FD80       0xFFFFFF80      0x00800020         (0, 0, 15)      [17] [S]
    520     0x0001A180       0xFFFFFF80      0x00000200         (0, 1, 4)      [3] []
    521     0x00007280       0xFFFFFF80      0x00008020         (0, 0, 14)      [9] [S]
    522     0x00004080       0xFFFFFF80      0x00800021         (0, 0, 8)      [17] [E, S]
    523     0x0000D480       0xFFFFFF80      0x00400008         (0, 0, 10)      [16] [W]
    524     0x0000C400       0xFFFFFF80      0x00010020         (0, 0, 8)      [10] [S]
    525     0x00005A80       0xFFFFFF80      0x00200003         (0, 0, 11)      [15] [E, NE]
    526     0x00001300       0xFFFFFF80      0x00002000         (0, 0, 2)      [7] []
    527     0x00016B80       0xFFFFFF80      0x00000008         (0, 1, 13)      [] [W]
    528     0x00009200       0xFFFFFF80      0x00001F8E         (0, 0, 2)      [1, 2, 3, 4, 5, 6] [NE, N, W]
    529     0x00005F00       0xFFFFFF80      0x00000021         (0, 0, 11)      [] [E, S]
    530     0x0000E100       0xFFFFFF80      0x00100018         (0, 0, 12)      [14] [W, SW]
    531     0x00008480       0xFFFFFF80      0x00000020         (0, 0, 0)      [] [S]
    532     0x00019C80       0xFFFFFF80      0x00000001         (0, 1, 3)      [] [E]
    533     0x0001BB00       0xFFFFFF80      0x00000200         (0, 1, 7)      [3] []
    534     0x00017900       0xFFFFFF80      0x00000400         (0, 1, 15)      [4] []
    535     0x00001900       0xFFFFFF80      0x00000001         (0, 0, 3)      [] [E]
    536     0x00005000       0xFFFFFF80      0x00000002         (0, 0, 10)      [] [NE]
    537     0x0001C380       0xFFFFFF80      0x00000800         (0, 1, 8)      [5] []
    538     0x0000DA80       0xFFFFFF80      0x00000098         (0, 0, 11)      [1] [W, SW]
    539     0x0000A000       0xFFFFFF80      0x00FFE030         (0, 0, 4)      [7, 8, 9, 10, 11, 12, 13, 14, 15, 16, 17] [SW, S]
    540     0x00021E80       0xFFFFFF80      0x00008000         (0, 2, 3)      [9] []
    541     0x0000B780       0xFFFFFF80      0x00040020         (0, 0, 6)      [12] [S]
    542     0x0000BD00       0xFFFFFF80      0x00000020         (0, 0, 7)      [] [S]
    543     0x00002F00       0xFFFFFF80      0x00008000         (0, 0, 5)      [9] []
    544     0x00018500       0xFFFFFF80      0x00001000         (0, 1, 0)      [6] []
    545     0x00036A00       0xFFFFFF00      0x00040000         (0, 3, 13)      [12] []
    546     0x0000E480       0xFFFFFF80      0x00000010         (0, 0, 12)      [] [SW]
    547     0x00003000       0xFFFFFF80      0x00020000         (0, 0, 6)      [11] []
    548     0x0000D780       0xFFFFFF80      0x00000008         (0, 0, 10)      [] [W]
    549     0x00011D00       0xFFFFFF80      0x00000008         (0, 1, 3)      [] [W]
    550     0x00016E00       0xFFFFFF80      0x00000800         (0, 1, 13)      [5] []
    551     0x00005200       0xFFFFFF80      0x00000002         (0, 0, 10)      [] [NE]
    552     0x00010C80       0xFFFFFF80      0x00000010         (0, 1, 1)      [] [SW]
    553     0x00007580       0xFFFFFF80      0x00200020         (0, 0, 14)      [15] [S]
    554     0x00010D00       0xFFFFFF80      0x00000010         (0, 1, 1)      [] [SW]
    555     0x00004980       0xFFFFFF80      0x00004020         (0, 0, 9)      [8] [S]
    556     0x00008580       0xFFFFFF80      0x00000020         (0, 0, 0)      [] [S]
    557     0x00004A00       0xFFFFFF80      0x00008020         (0, 0, 9)      [9] [S]
    558     0x0000C180       0xFFFFFF80      0x00000820         (0, 0, 8)      [5] [S]
    559     0x00037A00       0xFFFFFF00      0x00000004         (0, 3, 15)      [] [N]
    560     0x0000F200       0xFFFFFF80      0x00000010         (0, 0, 14)      [] [SW]
    561     0x00007980       0xFFFFFF80      0x00000020         (0, 0, 15)      [] [S]
    562     0x00006580       0xFFFFFF80      0x00010020         (0, 0, 12)      [10] [S]
    563     0x00000A00       0xFFFFFF80      0x00400001         (0, 0, 1)      [16] [E]
    564     0x0000BA80       0xFFFFFF80      0x00000020         (0, 0, 7)      [] [S]
    565     0x00014900       0xFFFFFF80      0x00001000         (0, 1, 9)      [6] []
    566     0x0001A080       0xFFFFFF80      0x00000080         (0, 1, 4)      [1] []
    567     0x00011100       0xFFFFFF80      0x00000100         (0, 1, 2)      [2] []
    568     0x00011F80       0xFFFFFF80      0x00000400         (0, 1, 3)      [4] []
    569     0x0000C700       0xFFFFFF80      0x00400020         (0, 0, 8)      [16] [S]
    570     0x00006900       0xFFFFFF80      0x00800020         (0, 0, 13)      [17] [S]
    571     0x00018080       0xFFFFFF80      0x00000018         (0, 1, 0)      [] [W, SW]
    572     0x00014500       0xFFFFFF80      0x00000010         (0, 1, 8)      [] [SW]
    573     0x0001A200       0xFFFFFF80      0x00000400         (0, 1, 4)      [4] []
    574     0x00009400       0xFFFFFF80      0x00001F8E         (0, 0, 2)      [1, 2, 3, 4, 5, 6] [NE, N, W]
    575     0x0000D300       0xFFFFFF80      0x00080008         (0, 0, 10)      [13] [W]
    576     0x00038700       0xFFFFFF00      0x00000004         (0, 3, 0)      [] [N]
    577     0x00013B00       0xFFFFFF80      0x00000800         (0, 1, 7)      [5] []
    578     0x00009B00       0xFFFFFF80      0x00FFE03C         (0, 0, 3)      [7, 8, 9, 10, 11, 12, 13, 14, 15, 16, 17] [N, W, SW, S]
    579     0x00006500       0xFFFFFF80      0x00008020         (0, 0, 12)      [9] [S]
    580     0x00011C80       0xFFFFFF80      0x00000008         (0, 1, 3)      [] [W]
    581     0x00002680       0xFFFFFF80      0x00000003         (0, 0, 4)      [] [E, NE]
    582     0x00017800       0xFFFFFF80      0x00000108         (0, 1, 15)      [2] [W]
    583     0x0001AA80       0xFFFFFF80      0x00000200         (0, 1, 5)      [3] []
    584     0x00000680       0xFFFFFF80      0x00008000         (0, 0, 0)      [9] []
    585     0x0000B280       0xFFFFFF80      0x00000120         (0, 0, 6)      [2] [S]
    586     0x0000BE00       0xFFFFFF80      0x00000020         (0, 0, 7)      [] [S]
    587     0x00016100       0xFFFFFF80      0x00000200         (0, 1, 12)      [3] []
    588     0x00016E80       0xFFFFFF80      0x00001000         (0, 1, 13)      [6] []
    589     0x00011980       0xFFFFFF80      0x00000008         (0, 1, 3)      [] [W]
    590     0x00008180       0xFFFFFF80      0x00040020         (0, 0, 0)      [12] [S]
    591     0x00036100       0xFFFFFF00      0x00000200         (0, 3, 12)      [3] []
    592     0x0000F580       0xFFFFFF80      0x000000A0         (0, 0, 14)      [1] [S]
    593     0x00036D00       0xFFFFFF00      0x00200000         (0, 3, 13)      [15] []
    594     0x00008680       0xFFFFFF80      0x0000000E         (0, 0, 0)      [] [NE, N, W]
    595     0x00021F00       0xFFFFFF80      0x00010000         (0, 2, 3)      [10] []
    596     0x00006D00       0xFFFFFF80      0x00000020         (0, 0, 13)      [] [S]
    597     0x00010080       0xFFFFFF80      0x00000020         (0, 1, 0)      [] [S]
    598     0x00007800       0xFFFFFF80      0x00000020         (0, 0, 15)      [] [S]
    599     0x00013580       0xFFFFFF80      0x00000010         (0, 1, 6)      [] [SW]
    600     0x00012E00       0xFFFFFF80      0x00001018         (0, 1, 5)      [6] [W, SW]
    601     0x00005A00       0xFFFFFF80      0x00100003         (0, 0, 11)      [14] [E, NE]
    602     0x00012D00       0xFFFFFF80      0x00000410         (0, 1, 5)      [4] [SW]
    603     0x00002500       0xFFFFFF80      0x00400003         (0, 0, 4)      [16] [E, NE]
    604     0x0000B100       0xFFFFFF80      0x00000020         (0, 0, 6)      [] [S]
    605     0x00019780       0xFFFFFF80      0x00000100         (0, 1, 2)      [2] []
    606     0x00017580       0xFFFFFF80      0x00000008         (0, 1, 14)      [] [W]
    607     0x00003B00       0xFFFFFF80      0x00000020         (0, 0, 7)      [] [S]
    608     0x00009900       0xFFFFFF80      0x00001FBF         (0, 0, 3)      [1, 2, 3, 4, 5, 6] [E, NE, N, W, SW, S]
    609     0x00009C00       0xFFFFFF80      0x00FFE03D         (0, 0, 3)      [7, 8, 9, 10, 11, 12, 13, 14, 15, 16, 17] [E, N, W, SW, S]
    610     0x00035F00       0xFFFFFF00      0x00000080         (0, 3, 11)      [1] []
    611     0x00007100       0xFFFFFF80      0x00000020         (0, 0, 14)      [] [S]
    612     0x00016080       0xFFFFFF80      0x00000100         (0, 1, 12)      [2] []
    613     0x0000E000       0xFFFFFF80      0x00040018         (0, 0, 12)      [12] [W, SW]
    614     0x00018400       0xFFFFFF80      0x00000400         (0, 1, 0)      [4] []
    615     0x00002180       0xFFFFFF80      0x00008000         (0, 0, 4)      [9] []
    616     0x00001480       0xFFFFFF80      0x00010000         (0, 0, 2)      [10] []
    617     0x00004E80       0xFFFFFF80      0x00000002         (0, 0, 9)      [] [NE]
    618     0x0000E600       0xFFFFFF80      0x00000010         (0, 0, 12)      [] [SW]
    619     0x00008280       0xFFFFFF80      0x00100020         (0, 0, 0)      [14] [S]
    620     0x0000B900       0xFFFFFF80      0x00200020         (0, 0, 7)      [15] [S]
    621     0x00014200       0xFFFFFF80      0x00000010         (0, 1, 8)      [] [SW]
    622     0x00017A80       0xFFFFFF80      0x00000010         (0, 1, 15)      [] [SW]
    623     0x00006100       0xFFFFFF80      0x000000A1         (0, 0, 12)      [1] [E, S]
    624     0x00002900       0xFFFFFF80      0x00000003         (0, 0, 5)      [] [E, NE]
    625     0x0000E200       0xFFFFFF80      0x00400018         (0, 0, 12)      [16] [W, SW]
    626     0x00011B80       0xFFFFFF80      0x00000008         (0, 1, 3)      [] [W]
    627     0x00036900       0xFFFFFF00      0x00020000         (0, 3, 13)      [11] []
    628     0x0000CE80       0xFFFFFF80      0x00000400         (0, 0, 9)      [4] []
    629     0x00003280       0xFFFFFF80      0x00400021         (0, 0, 6)      [16] [E, S]
    630     0x0001A280       0xFFFFFF80      0x00000800         (0, 1, 4)      [5] []
    631     0x00010300       0xFFFFFF80      0x000000A0         (0, 1, 0)      [1] [S]
    632     0x00005B00       0xFFFFFF80      0x00400003         (0, 0, 11)      [16] [E, NE]
    633     0x00038500       0xFFFFFF00      0x00000004         (0, 3, 0)      [] [N]
    634     0x00007E80       0xFFFFFF80      0x00000020         (0, 0, 15)      [] [S]
    635     0x00037D00       0xFFFFFF00      0x00000004         (0, 3, 15)      [] [N]
    636     0x00004380       0xFFFFFF80      0x00000021         (0, 0, 8)      [] [E, S]
    637     0x00022100       0xFFFFFF80      0x00100000         (0, 2, 4)      [14] []
    638     0x00037C00       0xFFFFFF00      0x00000004         (0, 3, 15)      [] [N]
    639     0x0000E980       0xFFFFFF80      0x00000400         (0, 0, 13)      [4] []
    640     0x00000D00       0xFFFFFF80      0x00000001         (0, 0, 1)      [] [E]
    641     0x00007E00       0xFFFFFF80      0x00000020         (0, 0, 15)      [] [S]
    642     0x00018000       0xFFFFFF80      0x00000010         (0, 1, 0)      [] [SW]
    643     0x00020400       0xFFFFFF80      0x00001F80         (0, 2, 0)      [1, 2, 3, 4, 5, 6] []
    644     0x0000C600       0xFFFFFF80      0x00100020         (0, 0, 8)      [14] [S]
    645     0x00006B80       0xFFFFFF80      0x00000020         (0, 0, 13)      [] [S]
    646     0x00002F80       0xFFFFFF80      0x00010000         (0, 0, 5)      [10] []
    647     0x00011200       0xFFFFFF80      0x00000400         (0, 1, 2)      [4] []
    648     0x00002E80       0xFFFFFF80      0x00004000         (0, 0, 5)      [8] []
    649     0x00002600       0xFFFFFF80      0x00000003         (0, 0, 4)      [] [E, NE]
    650     0x0000CD80       0xFFFFFF80      0x00000108         (0, 0, 9)      [2] [W]
    651     0x0000F700       0xFFFFFF80      0x00000420         (0, 0, 14)      [4] [S]
    652     0x00036C00       0xFFFFFF00      0x00100000         (0, 3, 13)      [14] []
    653     0x00008080       0xFFFFFF80      0x00010020         (0, 0, 0)      [10] [S]
    654     0x00005680       0xFFFFFF80      0x00002000         (0, 0, 10)      [7] []
    655     0x00009700       0xFFFFFF80      0x00001FBF         (0, 0, 2)      [1, 2, 3, 4, 5, 6] [E, NE, N, W, SW, S]
    656     0x0000DF80       0xFFFFFF80      0x00000018         (0, 0, 11)      [] [W, SW]
    657     0x00011880       0xFFFFFF80      0x00800008         (0, 1, 3)      [17] [W]
    658     0x00006E80       0xFFFFFF80      0x000000A0         (0, 0, 13)      [1] [S]
    659     0x0000B080       0xFFFFFF80      0x00000020         (0, 0, 6)      [] [S]
    660     0x00009280       0xFFFFFF80      0x00001F8E         (0, 0, 2)      [1, 2, 3, 4, 5, 6] [NE, N, W]
    661     0x00008B80       0xFFFFFF80      0x0000180E         (0, 0, 1)      [5, 6] [NE, N, W]
    662     0x00007C00       0xFFFFFF80      0x000000A0         (0, 0, 15)      [1] [S]
    663     0x00038800       0xFFFFFF00      0x00000004         (0, 3, 1)      [] [N]
    664     0x0000AA80       0xFFFFFF80      0x000C0030         (0, 0, 5)      [12, 13] [SW, S]
    665     0x0000E680       0xFFFFFF80      0x00000010         (0, 0, 12)      [] [SW]
    666     0x00005F80       0xFFFFFF80      0x00000021         (0, 0, 11)      [] [E, S]
    667     0x00036E00       0xFFFFFF00      0x00400000         (0, 3, 13)      [16] []
    668     0x00009580       0xFFFFFF80      0x00001F8E         (0, 0, 2)      [1, 2, 3, 4, 5, 6] [NE, N, W]
    669     0x00003100       0xFFFFFF80      0x00080001         (0, 0, 6)      [13] [E]
    670     0x00038300       0xFFFFFF00      0x00000004         (0, 3, 0)      [] [N]
    671     0x00004E00       0xFFFFFF80      0x00800002         (0, 0, 9)      [17] [NE]
    672     0x0001B480       0xFFFFFF80      0x00001000         (0, 1, 6)      [6] []
    673     0x00018F00       0xFFFFFF80      0x00000800         (0, 1, 1)      [5] []
    674     0x00003500       0xFFFFFF80      0x00000021         (0, 0, 6)      [] [E, S]
    675     0x0000E280       0xFFFFFF80      0x00800018         (0, 0, 12)      [17] [W, SW]
    676     0x00003080       0xFFFFFF80      0x00040001         (0, 0, 6)      [12] [E]
    677     0x0000C480       0xFFFFFF80      0x00020020         (0, 0, 8)      [11] [S]
    678     0x00005D80       0xFFFFFF80      0x00000021         (0, 0, 11)      [] [E, S]
    679     0x00002780       0xFFFFFF80      0x00000003         (0, 0, 4)      [] [E, NE]
    680     0x00004B00       0xFFFFFF80      0x00020021         (0, 0, 9)      [11] [E, S]
    681     0x00017B00       0xFFFFFF80      0x00000010         (0, 1, 15)      [] [SW]
    682     0x00015580       0xFFFFFF80      0x00000800         (0, 1, 10)      [5] []
    683     0x00009980       0xFFFFFF80      0x00001FBF         (0, 0, 3)      [1, 2, 3, 4, 5, 6] [E, NE, N, W, SW, S]
    684     0x00010000       0xFFFFFF80      0x00000020         (0, 1, 0)      [] [S]
    685     0x00004580       0xFFFFFF80      0x00000021         (0, 0, 8)      [] [E, S]
    686     0x00019880       0xFFFFFF80      0x00000400         (0, 1, 3)      [4] []
    687     0x0000D580       0xFFFFFF80      0x00000008         (0, 0, 10)      [] [W]
    688     0x00008200       0xFFFFFF80      0x00080020         (0, 0, 0)      [13] [S]
    689     0x00022000       0xFFFFFF80      0x00040000         (0, 2, 4)      [12] []
    690     0x00011F00       0xFFFFFF80      0x00000200         (0, 1, 3)      [3] []
