router contains 131 entries 
 
  Index   Key(hex)    Mask(hex)    Route(hex)    Src. Core -> [Cores][Links]
------------------------------------------------------------------------------
    0     0x00034E00       0xFFFFFF00      0x00000002         (0, 3, 9)      [] [NE]
    1     0x00022180       0xFFFFFF80      0x00001000         (0, 2, 4)      [6] []
    2     0x00022380       0xFFFFFF80      0x00010000         (0, 2, 4)      [10] []
    3     0x0000CE80       0xFFFFFF80      0x00000008         (0, 0, 9)      [] [W]
    4     0x00012180       0xFFFFFF80      0x00000008         (0, 1, 4)      [] [W]
    5     0x00011780       0xFFFFFF80      0x00000008         (0, 1, 2)      [] [W]
    6     0x00034A00       0xFFFFFF00      0x00000002         (0, 3, 9)      [] [NE]
    7     0x00008B00       0xFFFFFF80      0x00000008         (0, 0, 1)      [] [W]
    8     0x00035100       0xFFFFFF00      0x00000002         (0, 3, 10)      [] [NE]
    9     0x00017180       0xFFFFFF80      0x00000008         (0, 1, 14)      [] [W]
    10     0x00022680       0xFFFFFF80      0x00400000         (0, 2, 4)      [16] []
    11     0x00016E00       0xFFFFFF80      0x00000008         (0, 1, 13)      [] [W]
    12     0x0000CE00       0xFFFFFF80      0x00000008         (0, 0, 9)      [] [W]
    13     0x00035B00       0xFFFFFF00      0x00000002         (0, 3, 11)      [] [NE]
    14     0x0002E300       0xFFFFFF00      0x00000004         (0, 2, 12)      [] [N]
    15     0x00017000       0xFFFFFF80      0x00000008         (0, 1, 14)      [] [W]
    16     0x00011D80       0xFFFFFF80      0x00000008         (0, 1, 3)      [] [W]
    17     0x00012500       0xFFFFFF80      0x00000008         (0, 1, 4)      [] [W]
    18     0x0002D900       0xFFFFFF00      0x00000002         (0, 2, 11)      [] [NE]
    19     0x00028400       0xFFFFFF00      0x00000004         (0, 2, 0)      [] [N]
    20     0x00020080       0xFFFFFF80      0x00800000         (0, 2, 0)      [17] []
    21     0x00016C00       0xFFFFFF80      0x00000008         (0, 1, 13)      [] [W]
    22     0x00016C80       0xFFFFFF80      0x00000008         (0, 1, 13)      [] [W]
    23     0x0002E400       0xFFFFFF00      0x00000004         (0, 2, 12)      [] [N]
    24     0x00012480       0xFFFFFF80      0x00000008         (0, 1, 4)      [] [W]
    25     0x00008B80       0xFFFFFF80      0x00000008         (0, 0, 1)      [] [W]
    26     0x0002DA00       0xFFFFFF00      0x00000004         (0, 2, 11)      [] [N]
    27     0x00035300       0xFFFFFF00      0x00000002         (0, 3, 10)      [] [NE]
    28     0x0002E500       0xFFFFFF00      0x00000004         (0, 2, 12)      [] [N]
    29     0x00022400       0xFFFFFF80      0x00020000         (0, 2, 4)      [11] []
    30     0x00016D80       0xFFFFFF80      0x00000008         (0, 1, 13)      [] [W]
    31     0x00027A00       0xFFFFFF00      0x00000004         (0, 2, 15)      [] [N]
    32     0x00012200       0xFFFFFF80      0x00000008         (0, 1, 4)      [] [W]
    33     0x00005300       0xFFFFFF80      0x00000008         (0, 0, 10)      [] [W]
    34     0x00034900       0xFFFFFF00      0x00000002         (0, 3, 9)      [] [NE]
    35     0x00016F00       0xFFFFFF80      0x00000008         (0, 1, 13)      [] [W]
    36     0x0002DC00       0xFFFFFF00      0x00000004         (0, 2, 11)      [] [N]
    37     0x00008980       0xFFFFFF80      0x00000008         (0, 0, 1)      [] [W]
    38     0x0002DB00       0xFFFFFF00      0x00000004         (0, 2, 11)      [] [N]
    39     0x0002E700       0xFFFFFF00      0x00000004         (0, 2, 12)      [] [N]
    40     0x00034D00       0xFFFFFF00      0x00000002         (0, 3, 9)      [] [NE]
    41     0x00020000       0xFFFFFF80      0x007FFF80         (0, 2, 0)      [1, 2, 3, 4, 5, 6, 7, 8, 9, 10, 11, 12, 13, 14, 15, 16] []
    42     0x0000DA00       0xFFFFFF80      0x00000008         (0, 0, 11)      [] [W]
    43     0x0000CD00       0xFFFFFF80      0x00000008         (0, 0, 9)      [] [W]
    44     0x00011700       0xFFFFFF80      0x00000008         (0, 1, 2)      [] [W]
    45     0x00035200       0xFFFFFF00      0x00000002         (0, 3, 10)      [] [NE]
    46     0x00022300       0xFFFFFF80      0x00008000         (0, 2, 4)      [9] []
    47     0x0002E800       0xFFFFFF00      0x00000004         (0, 2, 13)      [] [N]
    48     0x00035700       0xFFFFFF00      0x00000002         (0, 3, 10)      [] [NE]
    49     0x00012000       0xFFFFFF80      0x00000008         (0, 1, 4)      [] [W]
    50     0x0002DE00       0xFFFFFF00      0x00000004         (0, 2, 11)      [] [N]
    51     0x00028000       0xFFFFFF00      0x00000004         (0, 2, 0)      [] [N]
    52     0x00035600       0xFFFFFF00      0x00000002         (0, 3, 10)      [] [NE]
    53     0x00034C00       0xFFFFFF00      0x00000002         (0, 3, 9)      [] [NE]
    54     0x0002E900       0xFFFFFF00      0x00000004         (0, 2, 13)      [] [N]
    55     0x00011E00       0xFFFFFF80      0x00000008         (0, 1, 3)      [] [W]
    56     0x0000D080       0xFFFFFF80      0x00000008         (0, 0, 10)      [] [W]
    57     0x00027900       0xFFFFFF00      0x00000004         (0, 2, 15)      [] [N]
    58     0x0002DF00       0xFFFFFF00      0x00000004         (0, 2, 11)      [] [N]
    59     0x00022080       0xFFFFFF80      0x00000400         (0, 2, 4)      [4] []
    60     0x00016E80       0xFFFFFF80      0x00000008         (0, 1, 13)      [] [W]
    61     0x00027B00       0xFFFFFF00      0x00000004         (0, 2, 15)      [] [N]
    62     0x0000D000       0xFFFFFF80      0x00000008         (0, 0, 10)      [] [W]
    63     0x00016D00       0xFFFFFF80      0x00000008         (0, 1, 13)      [] [W]
    64     0x00016B80       0xFFFFFF80      0x00000008         (0, 1, 13)      [] [W]
    65     0x0002E000       0xFFFFFF00      0x00000004         (0, 2, 12)      [] [N]
    66     0x00034700       0xFFFFFF00      0x00000002         (0, 3, 8)      [] [NE]
    67     0x00012380       0xFFFFFF80      0x00000008         (0, 1, 4)      [] [W]
    68     0x00021F00       0xFFFFFF80      0x00000080         (0, 2, 3)      [1] []
    69     0x00035C00       0xFFFFFF00      0x00000002         (0, 3, 11)      [] [NE]
    70     0x00035000       0xFFFFFF00      0x00000002         (0, 3, 10)      [] [NE]
    71     0x0002E600       0xFFFFFF00      0x00000004         (0, 2, 12)      [] [N]
    72     0x0000CC80       0xFFFFFF80      0x00000008         (0, 0, 9)      [] [W]
    73     0x0002E100       0xFFFFFF00      0x00000004         (0, 2, 12)      [] [N]
    74     0x00022480       0xFFFFFF80      0x00040000         (0, 2, 4)      [12] []
    75     0x00011680       0xFFFFFF80      0x00000008         (0, 1, 2)      [] [W]
    76     0x00016F80       0xFFFFFF80      0x00000008         (0, 1, 13)      [] [W]
    77     0x00028100       0xFFFFFF00      0x00000004         (0, 2, 0)      [] [N]
    78     0x00027500       0xFFFFFF00      0x00000004         (0, 2, 14)      [] [N]
    79     0x00035900       0xFFFFFF00      0x00000002         (0, 3, 11)      [] [NE]
    80     0x00034600       0xFFFFFF00      0x00000002         (0, 3, 8)      [] [NE]
    81     0x00011F00       0xFFFFFF80      0x00000008         (0, 1, 3)      [] [W]
    82     0x00035500       0xFFFFFF00      0x00000002         (0, 3, 10)      [] [NE]
    83     0x00027600       0xFFFFFF00      0x00000004         (0, 2, 14)      [] [N]
    84     0x00022200       0xFFFFFF80      0x00002000         (0, 2, 4)      [7] []
    85     0x00009680       0xFFFFFF80      0x00000008         (0, 0, 2)      [] [W]
    86     0x00027C00       0xFFFFFF00      0x00000004         (0, 2, 15)      [] [N]
    87     0x00005380       0xFFFFFF80      0x00000008         (0, 0, 10)      [] [W]
    88     0x00035A00       0xFFFFFF00      0x00000002         (0, 3, 11)      [] [NE]
    89     0x00022600       0xFFFFFF80      0x00200000         (0, 2, 4)      [15] []
    90     0x00012100       0xFFFFFF80      0x00000008         (0, 1, 4)      [] [W]
    91     0x00027800       0xFFFFFF00      0x00000004         (0, 2, 15)      [] [N]
    92     0x00022500       0xFFFFFF80      0x00080000         (0, 2, 4)      [13] []
    93     0x00021980       0xFFFFFF80      0x00800000         (0, 2, 3)      [17] []
    94     0x00027700       0xFFFFFF00      0x00000004         (0, 2, 14)      [] [N]
    95     0x0000CD80       0xFFFFFF80      0x00000008         (0, 0, 9)      [] [W]
    96     0x00022280       0xFFFFFF80      0x00004000         (0, 2, 4)      [8] []
    97     0x00011600       0xFFFFFF80      0x00000008         (0, 1, 2)      [] [W]
    98     0x00035400       0xFFFFFF00      0x00000002         (0, 3, 10)      [] [NE]
    99     0x00011E80       0xFFFFFF80      0x00000008         (0, 1, 3)      [] [W]
    100     0x00028200       0xFFFFFF00      0x00000004         (0, 2, 0)      [] [N]
    101     0x00008A00       0xFFFFFF80      0x00000008         (0, 0, 1)      [] [W]
    102     0x00012080       0xFFFFFF80      0x00000008         (0, 1, 4)      [] [W]
    103     0x00012300       0xFFFFFF80      0x00000008         (0, 1, 4)      [] [W]
    104     0x0000CF00       0xFFFFFF80      0x00000008         (0, 0, 9)      [] [W]
    105     0x0000D100       0xFFFFFF80      0x00000008         (0, 0, 10)      [] [W]
    106     0x00027D00       0xFFFFFF00      0x00000004         (0, 2, 15)      [] [N]
    107     0x00012400       0xFFFFFF80      0x00000008         (0, 1, 4)      [] [W]
    108     0x00035D00       0xFFFFFF00      0x00000002         (0, 3, 11)      [] [NE]
    109     0x00008A80       0xFFFFFF80      0x00000008         (0, 0, 1)      [] [W]
    110     0x00027E00       0xFFFFFF00      0x00000004         (0, 2, 15)      [] [N]
    111     0x0002DD00       0xFFFFFF00      0x00000004         (0, 2, 11)      [] [N]
    112     0x00022580       0xFFFFFF80      0x00100000         (0, 2, 4)      [14] []
    113     0x0002E200       0xFFFFFF00      0x00000004         (0, 2, 12)      [] [N]
    114     0x00012580       0xFFFFFF80      0x00000008         (0, 1, 4)      [] [W]
    115     0x00027F00       0xFFFFFF00      0x00000004         (0, 2, 15)      [] [N]
    116     0x00035E00       0xFFFFFF00      0x00000002         (0, 3, 11)      [] [NE]
    117     0x00034F00       0xFFFFFF00      0x00000002         (0, 3, 9)      [] [NE]
    118     0x00012280       0xFFFFFF80      0x00000008         (0, 1, 4)      [] [W]
    119     0x00022000       0xFFFFFF80      0x00000200         (0, 2, 4)      [3] []
    120     0x00021F80       0xFFFFFF80      0x00000100         (0, 2, 3)      [2] []
    121     0x00008900       0xFFFFFF80      0x00000008         (0, 0, 1)      [] [W]
    122     0x00035800       0xFFFFFF00      0x00000002         (0, 3, 11)      [] [NE]
    123     0x00022100       0xFFFFFF80      0x00000800         (0, 2, 4)      [5] []
    124     0x0000D180       0xFFFFFF80      0x00000008         (0, 0, 10)      [] [W]
    125     0x0000CF80       0xFFFFFF80      0x00000008         (0, 0, 9)      [] [W]
    126     0x00011F80       0xFFFFFF80      0x00000008         (0, 1, 3)      [] [W]
    127     0x00028500       0xFFFFFF00      0x00000004         (0, 2, 0)      [] [N]
    128     0x00034800       0xFFFFFF00      0x00000002         (0, 3, 9)      [] [NE]
    129     0x00028300       0xFFFFFF00      0x00000004         (0, 2, 0)      [] [N]
    130     0x00034B00       0xFFFFFF00      0x00000002         (0, 3, 9)      [] [NE]
