router contains 117 entries 
 
  Index   Key(hex)    Mask(hex)    Route(hex)    Src. Core -> [Cores][Links]
------------------------------------------------------------------------------
    0     0x0004C100       0xFFFFFF00      0x00000001         (0, 4, 8)      [] [E]
    1     0x00005300       0xFFFFFF80      0x00000020         (0, 0, 10)      [] [S]
    2     0x00039D00       0xFFFFFF00      0x00000020         (0, 3, 3)      [] [S]
    3     0x0001FB80       0xFFFFFF80      0x00000001         (0, 1, 15)      [] [E]
    4     0x00022800       0xFFFFFF80      0x00000008         (0, 2, 5)      [] [W]
    5     0x0001FD00       0xFFFFFF80      0x00000001         (0, 1, 15)      [] [E]
    6     0x00015500       0xFFFFFF80      0x00000004         (0, 1, 10)      [] [N]
    7     0x00039200       0xFFFFFF00      0x00000020         (0, 3, 2)      [] [S]
    8     0x0004C200       0xFFFFFF00      0x00000001         (0, 4, 8)      [] [E]
    9     0x00015100       0xFFFFFF80      0x00000004         (0, 1, 10)      [] [N]
    10     0x00053F00       0xFFFFFF00      0x00000001         (0, 5, 7)      [] [E]
    11     0x00039300       0xFFFFFF00      0x00000020         (0, 3, 2)      [] [S]
    12     0x00015000       0xFFFFFF80      0x00000004         (0, 1, 10)      [] [N]
    13     0x00005180       0xFFFFFF80      0x00000020         (0, 0, 10)      [] [S]
    14     0x00054D00       0xFFFFFF00      0x00000001         (0, 5, 9)      [] [E]
    15     0x0003A100       0xFFFFFF00      0x00000020         (0, 3, 4)      [] [S]
    16     0x0004C300       0xFFFFFF00      0x00000001         (0, 4, 8)      [] [E]
    17     0x00022E00       0xFFFFFF80      0x00000008         (0, 2, 5)      [] [W]
    18     0x00015180       0xFFFFFF80      0x00000004         (0, 1, 10)      [] [N]
    19     0x00053700       0xFFFFFF00      0x00000001         (0, 5, 6)      [] [E]
    20     0x00022A00       0xFFFFFF80      0x00000008         (0, 2, 5)      [] [W]
    21     0x00022F00       0xFFFFFF80      0x00000008         (0, 2, 5)      [] [W]
    22     0x0003A200       0xFFFFFF00      0x00000020         (0, 3, 4)      [] [S]
    23     0x00054100       0xFFFFFF00      0x00000001         (0, 5, 8)      [] [E]
    24     0x00039400       0xFFFFFF00      0x00000020         (0, 3, 2)      [] [S]
    25     0x00055400       0xFFFFFF00      0x00000001         (0, 5, 10)      [] [E]
    26     0x0004C400       0xFFFFFF00      0x00000001         (0, 4, 8)      [] [E]
    27     0x00039900       0xFFFFFF00      0x00000020         (0, 3, 3)      [] [S]
    28     0x00023080       0xFFFFFF80      0x00000008         (0, 2, 6)      [] [W]
    29     0x00053800       0xFFFFFF00      0x00000001         (0, 5, 7)      [] [E]
    30     0x00053E00       0xFFFFFF00      0x00000001         (0, 5, 7)      [] [E]
    31     0x00023000       0xFFFFFF80      0x00000008         (0, 2, 6)      [] [W]
    32     0x00022700       0xFFFFFF80      0x00000008         (0, 2, 4)      [] [W]
    33     0x00054200       0xFFFFFF00      0x00000001         (0, 5, 8)      [] [E]
    34     0x0001FC80       0xFFFFFF80      0x00000001         (0, 1, 15)      [] [E]
    35     0x00022F80       0xFFFFFF80      0x00000008         (0, 2, 5)      [] [W]
    36     0x00054500       0xFFFFFF00      0x00000001         (0, 5, 8)      [] [E]
    37     0x00039C00       0xFFFFFF00      0x00000020         (0, 3, 3)      [] [S]
    38     0x00053900       0xFFFFFF00      0x00000001         (0, 5, 7)      [] [E]
    39     0x00054300       0xFFFFFF00      0x00000001         (0, 5, 8)      [] [E]
    40     0x00015280       0xFFFFFF80      0x00000004         (0, 1, 10)      [] [N]
    41     0x0004BF00       0xFFFFFF00      0x00000001         (0, 4, 7)      [] [E]
    42     0x00022600       0xFFFFFF80      0x00000008         (0, 2, 4)      [] [W]
    43     0x00039500       0xFFFFFF00      0x00000020         (0, 3, 2)      [] [S]
    44     0x0004C600       0xFFFFFF00      0x00000001         (0, 4, 8)      [] [E]
    45     0x00039600       0xFFFFFF00      0x00000020         (0, 3, 2)      [] [S]
    46     0x0003A000       0xFFFFFF00      0x00000020         (0, 3, 4)      [] [S]
    47     0x00005200       0xFFFFFF80      0x00000020         (0, 0, 10)      [] [S]
    48     0x0001FE00       0xFFFFFF80      0x00000001         (0, 1, 15)      [] [E]
    49     0x00053B00       0xFFFFFF00      0x00000001         (0, 5, 7)      [] [E]
    50     0x00055700       0xFFFFFF00      0x00000001         (0, 5, 10)      [] [E]
    51     0x00022A80       0xFFFFFF80      0x00000008         (0, 2, 5)      [] [W]
    52     0x00039700       0xFFFFFF00      0x00000020         (0, 3, 2)      [] [S]
    53     0x00054600       0xFFFFFF00      0x00000001         (0, 5, 8)      [] [E]
    54     0x00054900       0xFFFFFF00      0x00000001         (0, 5, 9)      [] [E]
    55     0x00039B00       0xFFFFFF00      0x00000020         (0, 3, 3)      [] [S]
    56     0x00053C00       0xFFFFFF00      0x00000001         (0, 5, 7)      [] [E]
    57     0x00039E00       0xFFFFFF00      0x00000020         (0, 3, 3)      [] [S]
    58     0x0004BD00       0xFFFFFF00      0x00000001         (0, 4, 7)      [] [E]
    59     0x00054700       0xFFFFFF00      0x00000001         (0, 5, 8)      [] [E]
    60     0x00039F00       0xFFFFFF00      0x00000020         (0, 3, 3)      [] [S]
    61     0x00055500       0xFFFFFF00      0x00000001         (0, 5, 10)      [] [E]
    62     0x00053D00       0xFFFFFF00      0x00000001         (0, 5, 7)      [] [E]
    63     0x00054800       0xFFFFFF00      0x00000001         (0, 5, 9)      [] [E]
    64     0x0001FB00       0xFFFFFF80      0x00000001         (0, 1, 15)      [] [E]
    65     0x00054400       0xFFFFFF00      0x00000001         (0, 5, 8)      [] [E]
    66     0x00022680       0xFFFFFF80      0x00000008         (0, 2, 4)      [] [W]
    67     0x0004BA00       0xFFFFFF00      0x00000001         (0, 4, 7)      [] [E]
    68     0x00005080       0xFFFFFF80      0x00000020         (0, 0, 10)      [] [S]
    69     0x00022B00       0xFFFFFF80      0x00000008         (0, 2, 5)      [] [W]
    70     0x00054A00       0xFFFFFF00      0x00000001         (0, 5, 9)      [] [E]
    71     0x0004BB00       0xFFFFFF00      0x00000001         (0, 4, 7)      [] [E]
    72     0x00015200       0xFFFFFF80      0x00000004         (0, 1, 10)      [] [N]
    73     0x00054B00       0xFFFFFF00      0x00000001         (0, 5, 9)      [] [E]
    74     0x00054E00       0xFFFFFF00      0x00000001         (0, 5, 9)      [] [E]
    75     0x0001F900       0xFFFFFF80      0x00000001         (0, 1, 15)      [] [E]
    76     0x00015380       0xFFFFFF80      0x00000004         (0, 1, 10)      [] [N]
    77     0x0001F980       0xFFFFFF80      0x00000001         (0, 1, 15)      [] [E]
    78     0x00005280       0xFFFFFF80      0x00000020         (0, 0, 10)      [] [S]
    79     0x0004BC00       0xFFFFFF00      0x00000001         (0, 4, 7)      [] [E]
    80     0x00015400       0xFFFFFF80      0x00000004         (0, 1, 10)      [] [N]
    81     0x0001FC00       0xFFFFFF80      0x00000001         (0, 1, 15)      [] [E]
    82     0x00022900       0xFFFFFF80      0x00000008         (0, 2, 5)      [] [W]
    83     0x00022880       0xFFFFFF80      0x00000008         (0, 2, 5)      [] [W]
    84     0x00055000       0xFFFFFF00      0x00000001         (0, 5, 10)      [] [E]
    85     0x00015480       0xFFFFFF80      0x00000004         (0, 1, 10)      [] [N]
    86     0x0004B600       0xFFFFFF00      0x00000001         (0, 4, 6)      [] [E]
    87     0x00054F00       0xFFFFFF00      0x00000001         (0, 5, 9)      [] [E]
    88     0x00055100       0xFFFFFF00      0x00000001         (0, 5, 10)      [] [E]
    89     0x00039A00       0xFFFFFF00      0x00000020         (0, 3, 3)      [] [S]
    90     0x00005000       0xFFFFFF80      0x00000020         (0, 0, 10)      [] [S]
    91     0x00005100       0xFFFFFF80      0x00000020         (0, 0, 10)      [] [S]
    92     0x00055800       0xFFFFFF00      0x00000001         (0, 5, 11)      [] [E]
    93     0x0004B700       0xFFFFFF00      0x00000001         (0, 4, 6)      [] [E]
    94     0x0001FA00       0xFFFFFF80      0x00000001         (0, 1, 15)      [] [E]
    95     0x00015300       0xFFFFFF80      0x00000004         (0, 1, 10)      [] [N]
    96     0x00054000       0xFFFFFF00      0x00000001         (0, 5, 8)      [] [E]
    97     0x00005380       0xFFFFFF80      0x00000020         (0, 0, 10)      [] [S]
    98     0x00039800       0xFFFFFF00      0x00000020         (0, 3, 3)      [] [S]
    99     0x0001FD80       0xFFFFFF80      0x00000001         (0, 1, 15)      [] [E]
    100     0x00015080       0xFFFFFF80      0x00000004         (0, 1, 10)      [] [N]
    101     0x0004BE00       0xFFFFFF00      0x00000001         (0, 4, 7)      [] [E]
    102     0x0004C500       0xFFFFFF00      0x00000001         (0, 4, 8)      [] [E]
    103     0x00015580       0xFFFFFF80      0x00000004         (0, 1, 10)      [] [N]
    104     0x00022780       0xFFFFFF80      0x00000008         (0, 2, 4)      [] [W]
    105     0x0001FE80       0xFFFFFF80      0x00000001         (0, 1, 15)      [] [E]
    106     0x00022980       0xFFFFFF80      0x00000008         (0, 2, 5)      [] [W]
    107     0x00055200       0xFFFFFF00      0x00000001         (0, 5, 10)      [] [E]
    108     0x0001FA80       0xFFFFFF80      0x00000001         (0, 1, 15)      [] [E]
    109     0x0004C000       0xFFFFFF00      0x00000001         (0, 4, 8)      [] [E]
    110     0x00054C00       0xFFFFFF00      0x00000001         (0, 5, 9)      [] [E]
    111     0x0004B900       0xFFFFFF00      0x00000001         (0, 4, 7)      [] [E]
    112     0x00055300       0xFFFFFF00      0x00000001         (0, 5, 10)      [] [E]
    113     0x00055600       0xFFFFFF00      0x00000001         (0, 5, 10)      [] [E]
    114     0x00053A00       0xFFFFFF00      0x00000001         (0, 5, 7)      [] [E]
    115     0x0004B800       0xFFFFFF00      0x00000001         (0, 4, 7)      [] [E]
    116     0x00022E80       0xFFFFFF80      0x00000008         (0, 2, 5)      [] [W]
