router contains 72 entries 
 
  Index   Key(hex)    Mask(hex)    Route(hex)    Src. Core -> [Cores][Links]
------------------------------------------------------------------------------
    0     0x00023080       0xFFFFFF80      0x00000080         (0, 2, 6)      [1] []
    1     0x00021E80       0xFFFFFF80      0x00000008         (0, 2, 3)      [] [W]
    2     0x00020180       0xFFFFFF80      0x00000008         (0, 2, 0)      [] [W]
    3     0x00021980       0xFFFFFF80      0x00000008         (0, 2, 3)      [] [W]
    4     0x00008A80       0xFFFFFF80      0x00000020         (0, 0, 1)      [] [S]
    5     0x00020B80       0xFFFFFF80      0x007FFF00         (0, 2, 1)      [2, 3, 4, 5, 6, 7, 8, 9, 10, 11, 12, 13, 14, 15, 16] []
    6     0x00022A00       0xFFFFFF80      0x00080008         (0, 2, 5)      [13] [W]
    7     0x0004F300       0xFFFFFF00      0x00000001         (0, 4, 14)      [] [E]
    8     0x00022800       0xFFFFFF80      0x00008008         (0, 2, 5)      [9] [W]
    9     0x0004F400       0xFFFFFF00      0x00000001         (0, 4, 14)      [] [E]
    10     0x00022380       0xFFFFFF80      0x00000008         (0, 2, 4)      [] [W]
    11     0x0000CD00       0xFFFFFF80      0x00000020         (0, 0, 9)      [] [S]
    12     0x0004F500       0xFFFFFF00      0x00000001         (0, 4, 14)      [] [E]
    13     0x0000D080       0xFFFFFF80      0x00000020         (0, 0, 10)      [] [S]
    14     0x00022A80       0xFFFFFF80      0x00100008         (0, 2, 5)      [14] [W]
    15     0x0000D000       0xFFFFFF80      0x00000020         (0, 0, 10)      [] [S]
    16     0x0004F600       0xFFFFFF00      0x00000001         (0, 4, 14)      [] [E]
    17     0x00022300       0xFFFFFF80      0x00000008         (0, 2, 4)      [] [W]
    18     0x0004EB00       0xFFFFFF00      0x00000001         (0, 4, 13)      [] [E]
    19     0x0000CF00       0xFFFFFF80      0x00000020         (0, 0, 9)      [] [S]
    20     0x0004F700       0xFFFFFF00      0x00000001         (0, 4, 14)      [] [E]
    21     0x00022400       0xFFFFFF80      0x00000008         (0, 2, 4)      [] [W]
    22     0x00022080       0xFFFFFF80      0x00000008         (0, 2, 4)      [] [W]
    23     0x00022680       0xFFFFFF80      0x00001008         (0, 2, 4)      [6] [W]
    24     0x0000CC80       0xFFFFFF80      0x00000020         (0, 0, 9)      [] [S]
    25     0x00018300       0xFFFFFF80      0x00000004         (0, 1, 0)      [] [N]
    26     0x0004E900       0xFFFFFF00      0x00000001         (0, 4, 13)      [] [E]
    27     0x00018480       0xFFFFFF80      0x00000004         (0, 1, 0)      [] [N]
    28     0x00008B00       0xFFFFFF80      0x00000020         (0, 0, 1)      [] [S]
    29     0x00018380       0xFFFFFF80      0x00000004         (0, 1, 0)      [] [N]
    30     0x0000CE00       0xFFFFFF80      0x00000020         (0, 0, 9)      [] [S]
    31     0x0004EA00       0xFFFFFF00      0x00000001         (0, 4, 13)      [] [E]
    32     0x00022180       0xFFFFFF80      0x00000008         (0, 2, 4)      [] [W]
    33     0x0004F800       0xFFFFFF00      0x00000001         (0, 4, 15)      [] [E]
    34     0x00008B80       0xFFFFFF80      0x00000020         (0, 0, 1)      [] [S]
    35     0x0000CD80       0xFFFFFF80      0x00000020         (0, 0, 9)      [] [S]
    36     0x00022700       0xFFFFFF80      0x00002008         (0, 2, 4)      [7] [W]
    37     0x00022200       0xFFFFFF80      0x00000008         (0, 2, 4)      [] [W]
    38     0x0000CC00       0xFFFFFF80      0x00000020         (0, 0, 9)      [] [S]
    39     0x00022900       0xFFFFFF80      0x00020008         (0, 2, 5)      [11] [W]
    40     0x00022B80       0xFFFFFF80      0x00400000         (0, 2, 5)      [16] []
    41     0x00022600       0xFFFFFF80      0x00000808         (0, 2, 4)      [5] [W]
    42     0x00008A00       0xFFFFFF80      0x00000020         (0, 0, 1)      [] [S]
    43     0x00020B00       0xFFFFFF80      0x00000080         (0, 2, 1)      [1] []
    44     0x0004ED00       0xFFFFFF00      0x00000001         (0, 4, 13)      [] [E]
    45     0x0000D180       0xFFFFFF80      0x00000020         (0, 0, 10)      [] [S]
    46     0x00022280       0xFFFFFF80      0x00000008         (0, 2, 4)      [] [W]
    47     0x00018400       0xFFFFFF80      0x00000004         (0, 1, 0)      [] [N]
    48     0x0004EC00       0xFFFFFF00      0x00000001         (0, 4, 13)      [] [E]
    49     0x00020480       0xFFFFFF80      0x00000008         (0, 2, 0)      [] [W]
    50     0x0004EE00       0xFFFFFF00      0x00000001         (0, 4, 13)      [] [E]
    51     0x0000D100       0xFFFFFF80      0x00000020         (0, 0, 10)      [] [S]
    52     0x00022500       0xFFFFFF80      0x00000208         (0, 2, 4)      [3] [W]
    53     0x00022780       0xFFFFFF80      0x00004008         (0, 2, 4)      [8] [W]
    54     0x0004EF00       0xFFFFFF00      0x00000001         (0, 4, 13)      [] [E]
    55     0x0000CB80       0xFFFFFF80      0x00000020         (0, 0, 9)      [] [S]
    56     0x00022580       0xFFFFFF80      0x00000408         (0, 2, 4)      [4] [W]
    57     0x00021F00       0xFFFFFF80      0x00000008         (0, 2, 3)      [] [W]
    58     0x0000CF80       0xFFFFFF80      0x00000020         (0, 0, 9)      [] [S]
    59     0x00022880       0xFFFFFF80      0x00010008         (0, 2, 5)      [10] [W]
    60     0x00022000       0xFFFFFF80      0x00000008         (0, 2, 4)      [] [W]
    61     0x0004F000       0xFFFFFF00      0x00000001         (0, 4, 14)      [] [E]
    62     0x00021E00       0xFFFFFF80      0x00000008         (0, 2, 3)      [] [W]
    63     0x00022100       0xFFFFFF80      0x00000008         (0, 2, 4)      [] [W]
    64     0x0000CE80       0xFFFFFF80      0x00000020         (0, 0, 9)      [] [S]
    65     0x00021F80       0xFFFFFF80      0x00000008         (0, 2, 3)      [] [W]
    66     0x00022B00       0xFFFFFF80      0x00200008         (0, 2, 5)      [15] [W]
    67     0x00022480       0xFFFFFF80      0x00000108         (0, 2, 4)      [2] [W]
    68     0x0004F100       0xFFFFFF00      0x00000001         (0, 4, 14)      [] [E]
    69     0x00022980       0xFFFFFF80      0x00040008         (0, 2, 5)      [12] [W]
    70     0x00020500       0xFFFFFF80      0x00000008         (0, 2, 0)      [] [W]
    71     0x0004F200       0xFFFFFF00      0x00000001         (0, 4, 14)      [] [E]
