router contains 756 entries 
 
  Index   Key(hex)    Mask(hex)    Route(hex)    Src. Core -> [Cores][Links]
------------------------------------------------------------------------------
    0     0x00018B00       0xFFFFFF80      0x00010000         (0, 1, 1)      [10] []
    1     0x0000CA80       0xFFFFFF80      0x00010000         (0, 0, 9)      [10] []
    2     0x00006200       0xFFFFFF80      0x00000400         (0, 0, 12)      [4] []
    3     0x0000EE00       0xFFFFFF80      0x00000008         (0, 0, 13)      [] [W]
    4     0x00010780       0xFFFFFF80      0x00000010         (0, 1, 0)      [] [SW]
    5     0x0000DC00       0xFFFFFF80      0x00000008         (0, 0, 11)      [] [W]
    6     0x00001C80       0xFFFFFF80      0x00010006         (0, 0, 3)      [10] [NE, N]
    7     0x0000DF80       0xFFFFFF80      0x00000008         (0, 0, 11)      [] [W]
    8     0x00023A00       0xFFFFFF80      0x00002000         (0, 2, 7)      [7] []
    9     0x00013700       0xFFFFFF80      0x00000008         (0, 1, 6)      [] [W]
    10     0x0001BB80       0xFFFFFF80      0x00000002         (0, 1, 7)      [] [NE]
    11     0x00000600       0xFFFFFF80      0x00000002         (0, 0, 0)      [] [NE]
    12     0x0000F980       0xFFFFFF80      0x00000008         (0, 0, 15)      [] [W]
    13     0x00016680       0xFFFFFF80      0x00008000         (0, 1, 12)      [9] []
    14     0x0002DE00       0xFFFFFF00      0x00800000         (0, 2, 11)      [17] []
    15     0x0001B700       0xFFFFFF80      0x00000002         (0, 1, 6)      [] [NE]
    16     0x0000AE80       0xFFFFFF80      0x00040000         (0, 0, 5)      [12] []
    17     0x0000A200       0xFFFFFF80      0x00000008         (0, 0, 4)      [] [W]
    18     0x00011E80       0xFFFFFF80      0x00000400         (0, 1, 3)      [4] []
    19     0x00004D80       0xFFFFFF80      0x00C00000         (0, 0, 9)      [16, 17] []
    20     0x00010400       0xFFFFFF80      0x00008000         (0, 1, 0)      [9] []
    21     0x00018780       0xFFFFFF80      0x00000018         (0, 1, 0)      [] [W, SW]
    22     0x00023080       0xFFFFFF80      0x00800000         (0, 2, 6)      [17] []
    23     0x00012080       0xFFFFFF80      0x00004000         (0, 1, 4)      [8] []
    24     0x00023380       0xFFFFFF80      0x00000002         (0, 2, 6)      [] [NE]
    25     0x0001A500       0xFFFFFF80      0x00000002         (0, 1, 4)      [] [NE]
    26     0x0000D580       0xFFFFFF80      0x00000200         (0, 0, 10)      [3] []
    27     0x0000FC00       0xFFFFFF80      0x00000018         (0, 0, 15)      [] [W, SW]
    28     0x00005580       0xFFFFFF80      0x00C06000         (0, 0, 10)      [16, 17, 8, 7] []
    29     0x00017600       0xFFFFFF80      0x00200000         (0, 1, 14)      [15] []
    30     0x00009F00       0xFFFFFF80      0x00010000         (0, 0, 3)      [10] []
    31     0x0001A300       0xFFFFFF80      0x00200002         (0, 1, 4)      [15] [NE]
    32     0x00015780       0xFFFFFF80      0x00000800         (0, 1, 10)      [5] []
    33     0x0001B180       0xFFFFFF80      0x00000002         (0, 1, 6)      [] [NE]
    34     0x00014580       0xFFFFFF80      0x00000008         (0, 1, 8)      [] [W]
    35     0x00005700       0xFFFFFF80      0x00C30000         (0, 0, 10)      [16, 17, 10, 11] []
    36     0x00016780       0xFFFFFF80      0x00020000         (0, 1, 12)      [11] []
    37     0x00004000       0xFFFFFF80      0x003FFF80         (0, 0, 8)      [1, 2, 3, 4, 5, 6, 7, 8, 9, 10, 11, 12, 13, 14, 15] []
    38     0x00033800       0xFFFFFF00      0x00000002         (0, 3, 7)      [] [NE]
    39     0x00013580       0xFFFFFF80      0x00000008         (0, 1, 6)      [] [W]
    40     0x00015200       0xFFFFFF80      0x00000010         (0, 1, 10)      [] [SW]
    41     0x00034000       0xFFFFFF00      0x00000002         (0, 3, 8)      [] [NE]
    42     0x00016080       0xFFFFFF80      0x00000008         (0, 1, 12)      [] [W]
    43     0x00002B80       0xFFFFFF80      0x00020000         (0, 0, 5)      [11] []
    44     0x0001AC80       0xFFFFFF80      0x00100003         (0, 1, 5)      [14] [E, NE]
    45     0x0000CB00       0xFFFFFF80      0x00020000         (0, 0, 9)      [11] []
    46     0x00011000       0xFFFFFF80      0x00000400         (0, 1, 2)      [4] []
    47     0x0000C600       0xFFFFFF80      0x00000080         (0, 0, 8)      [1] []
    48     0x0000B980       0xFFFFFF80      0x00000800         (0, 0, 7)      [5] []
    49     0x00014900       0xFFFFFF80      0x00000018         (0, 1, 9)      [] [W, SW]
    50     0x0001A780       0xFFFFFF80      0x00000002         (0, 1, 4)      [] [NE]
    51     0x00006580       0xFFFFFF80      0x00020000         (0, 0, 12)      [11] []
    52     0x0001BA80       0xFFFFFF80      0x00000002         (0, 1, 7)      [] [NE]
    53     0x00013C00       0xFFFFFF80      0x00000800         (0, 1, 7)      [5] []
    54     0x0000AB00       0xFFFFFF80      0x00000800         (0, 0, 5)      [5] []
    55     0x00000400       0xFFFFFF80      0x00000002         (0, 0, 0)      [] [NE]
    56     0x00012280       0xFFFFFF80      0x00040000         (0, 1, 4)      [12] []
    57     0x00003F80       0xFFFFFF80      0x003FFF80         (0, 0, 7)      [1, 2, 3, 4, 5, 6, 7, 8, 9, 10, 11, 12, 13, 14, 15] []
    58     0x00034100       0xFFFFFF00      0x00000002         (0, 3, 8)      [] [NE]
    59     0x00012A80       0xFFFFFF80      0x00000008         (0, 1, 5)      [] [W]
    60     0x00015E80       0xFFFFFF80      0x00000008         (0, 1, 11)      [] [W]
    61     0x00009B00       0xFFFFFF80      0x00000100         (0, 0, 3)      [2] []
    62     0x00013780       0xFFFFFF80      0x00000008         (0, 1, 6)      [] [W]
    63     0x0002DC00       0xFFFFFF00      0x00200000         (0, 2, 11)      [15] []
    64     0x00019E00       0xFFFFFF80      0x00000002         (0, 1, 3)      [] [NE]
    65     0x00019B00       0xFFFFFF80      0x00000002         (0, 1, 3)      [] [NE]
    66     0x00009300       0xFFFFFF80      0x00200008         (0, 0, 2)      [15] [W]
    67     0x00015E00       0xFFFFFF80      0x00000008         (0, 1, 11)      [] [W]
    68     0x0002DD00       0xFFFFFF00      0x00400000         (0, 2, 11)      [16] []
    69     0x0000F780       0xFFFFFF80      0x00080000         (0, 0, 14)      [13] []
    70     0x00033D00       0xFFFFFF00      0x00000002         (0, 3, 7)      [] [NE]
    71     0x00002000       0xFFFFFF80      0x00800000         (0, 0, 4)      [17] []
    72     0x0002D800       0xFFFFFF00      0x00020000         (0, 2, 11)      [11] []
    73     0x00003800       0xFFFFFF80      0x00006000         (0, 0, 7)      [8, 7] []
    74     0x00000800       0xFFFFFF80      0x00000006         (0, 0, 1)      [] [NE, N]
    75     0x00023D00       0xFFFFFF80      0x00080000         (0, 2, 7)      [13] []
    76     0x00004280       0xFFFFFF80      0x003FFF80         (0, 0, 8)      [1, 2, 3, 4, 5, 6, 7, 8, 9, 10, 11, 12, 13, 14, 15] []
    77     0x00013D80       0xFFFFFF80      0x00004000         (0, 1, 7)      [8] []
    78     0x00019C00       0xFFFFFF80      0x00000002         (0, 1, 3)      [] [NE]
    79     0x0000E000       0xFFFFFF80      0x00000008         (0, 0, 12)      [] [W]
    80     0x0001A480       0xFFFFFF80      0x00000002         (0, 1, 4)      [] [NE]
    81     0x0001B780       0xFFFFFF80      0x00000002         (0, 1, 6)      [] [NE]
    82     0x0000EE80       0xFFFFFF80      0x00000008         (0, 0, 13)      [] [W]
    83     0x0000C100       0xFFFFFF80      0x00000018         (0, 0, 8)      [] [W, SW]
    84     0x00011E00       0xFFFFFF80      0x00000200         (0, 1, 3)      [3] []
    85     0x00008180       0xFFFFFF80      0x00008020         (0, 0, 0)      [9] [S]
    86     0x00012100       0xFFFFFF80      0x00008000         (0, 1, 4)      [9] []
    87     0x00003B00       0xFFFFFF80      0x00180000         (0, 0, 7)      [13, 14] []
    88     0x0000B780       0xFFFFFF80      0x00000080         (0, 0, 6)      [1] []
    89     0x00008580       0xFFFFFF80      0x00000030         (0, 0, 0)      [] [SW, S]
    90     0x00014280       0xFFFFFF80      0x00000008         (0, 1, 8)      [] [W]
    91     0x00003600       0xFFFFFF80      0x00000600         (0, 0, 6)      [3, 4] []
    92     0x00033300       0xFFFFFF00      0x00000002         (0, 3, 6)      [] [NE]
    93     0x00033600       0xFFFFFF00      0x00000002         (0, 3, 6)      [] [NE]
    94     0x00015680       0xFFFFFF80      0x00000010         (0, 1, 10)      [] [SW]
    95     0x00014A00       0xFFFFFF80      0x00000800         (0, 1, 9)      [5] []
    96     0x00014E00       0xFFFFFF80      0x00080010         (0, 1, 9)      [13] [SW]
    97     0x00002880       0xFFFFFF80      0x00000800         (0, 0, 5)      [5] []
    98     0x00004300       0xFFFFFF80      0x003FFF80         (0, 0, 8)      [1, 2, 3, 4, 5, 6, 7, 8, 9, 10, 11, 12, 13, 14, 15] []
    99     0x00002E00       0xFFFFFF80      0x00400000         (0, 0, 5)      [16] []
    100     0x00014480       0xFFFFFF80      0x00000008         (0, 1, 8)      [] [W]
    101     0x00012C80       0xFFFFFF80      0x00000200         (0, 1, 5)      [3] []
    102     0x0000F400       0xFFFFFF80      0x00001000         (0, 0, 14)      [6] []
    103     0x00007600       0xFFFFFF80      0x00200018         (0, 0, 14)      [15] [W, SW]
    104     0x00008480       0xFFFFFF80      0x00200030         (0, 0, 0)      [15] [SW, S]
    105     0x00007200       0xFFFFFF80      0x00002000         (0, 0, 14)      [7] []
    106     0x00004E00       0xFFFFFF80      0x00C00000         (0, 0, 9)      [16, 17] []
    107     0x0000CC00       0xFFFFFF80      0x00080000         (0, 0, 9)      [13] []
    108     0x0000AA80       0xFFFFFF80      0x00000400         (0, 0, 5)      [4] []
    109     0x00013800       0xFFFFFF80      0x00000008         (0, 1, 7)      [] [W]
    110     0x00009200       0xFFFFFF80      0x00080000         (0, 0, 2)      [13] []
    111     0x00008300       0xFFFFFF80      0x00040030         (0, 0, 0)      [12] [SW, S]
    112     0x0000D780       0xFFFFFF80      0x00002000         (0, 0, 10)      [7] []
    113     0x00001B80       0xFFFFFF80      0x00004006         (0, 0, 3)      [8] [NE, N]
    114     0x00012F80       0xFFFFFF80      0x00008000         (0, 1, 5)      [9] []
    115     0x00004E80       0xFFFFFF80      0x00C00000         (0, 0, 9)      [16, 17] []
    116     0x00019680       0xFFFFFF80      0x00020002         (0, 1, 2)      [11] [NE]
    117     0x00019300       0xFFFFFF80      0x00000010         (0, 1, 2)      [] [SW]
    118     0x0000AC80       0xFFFFFF80      0x00004000         (0, 0, 5)      [8] []
    119     0x0000A080       0xFFFFFF80      0x00080000         (0, 0, 4)      [13] []
    120     0x00002A80       0xFFFFFF80      0x00008000         (0, 0, 5)      [9] []
    121     0x00012600       0xFFFFFF80      0x00000008         (0, 1, 4)      [] [W]
    122     0x00012C00       0xFFFFFF80      0x00000100         (0, 1, 5)      [2] []
    123     0x00000B00       0xFFFFFF80      0x00000400         (0, 0, 1)      [4] []
    124     0x00007580       0xFFFFFF80      0x00100010         (0, 0, 14)      [14] [SW]
    125     0x00011500       0xFFFFFF80      0x00100000         (0, 1, 2)      [14] []
    126     0x00021700       0xFFFFFF80      0x00C00000         (0, 2, 2)      [16, 17] []
    127     0x0000B280       0xFFFFFF80      0x00000008         (0, 0, 6)      [] [W]
    128     0x00019800       0xFFFFFF80      0x00100002         (0, 1, 3)      [14] [NE]
    129     0x00005600       0xFFFFFF80      0x00C0C000         (0, 0, 10)      [16, 17, 8, 9] []
    130     0x0001C880       0xFFFFFF80      0x00000001         (0, 1, 9)      [] [E]
    131     0x00004900       0xFFFFFF80      0x003FFFB7         (0, 0, 9)      [1, 2, 3, 4, 5, 6, 7, 8, 9, 10, 11, 12, 13, 14, 15] [E, NE, N, SW, S]
    132     0x00017E80       0xFFFFFF80      0x00004000         (0, 1, 15)      [8] []
    133     0x0000F480       0xFFFFFF80      0x00002000         (0, 0, 14)      [7] []
    134     0x00010E80       0xFFFFFF80      0x00000080         (0, 1, 1)      [1] []
    135     0x00013680       0xFFFFFF80      0x00000008         (0, 1, 6)      [] [W]
    136     0x0000CB80       0xFFFFFF80      0x00040000         (0, 0, 9)      [12] []
    137     0x0000B100       0xFFFFFF80      0x00000008         (0, 0, 6)      [] [W]
    138     0x00012400       0xFFFFFF80      0x00200000         (0, 1, 4)      [15] []
    139     0x00021680       0xFFFFFF80      0x003FFF81         (0, 2, 2)      [1, 2, 3, 4, 5, 6, 7, 8, 9, 10, 11, 12, 13, 14, 15] [E]
    140     0x00014C80       0xFFFFFF80      0x00010000         (0, 1, 9)      [10] []
    141     0x0000AD00       0xFFFFFF80      0x00008000         (0, 0, 5)      [9] []
    142     0x00014000       0xFFFFFF80      0x00080000         (0, 1, 8)      [13] []
    143     0x00012380       0xFFFFFF80      0x00100000         (0, 1, 4)      [14] []
    144     0x00010200       0xFFFFFF80      0x00000800         (0, 1, 0)      [5] []
    145     0x00004580       0xFFFFFF80      0x003FFFA7         (0, 0, 8)      [1, 2, 3, 4, 5, 6, 7, 8, 9, 10, 11, 12, 13, 14, 15] [E, NE, N, S]
    146     0x00005280       0xFFFFFF80      0x00C00180         (0, 0, 10)      [16, 17, 2, 1] []
    147     0x00013000       0xFFFFFF80      0x00010000         (0, 1, 6)      [10] []
    148     0x00001F80       0xFFFFFF80      0x00400000         (0, 0, 3)      [16] []
    149     0x0001A580       0xFFFFFF80      0x00000002         (0, 1, 4)      [] [NE]
    150     0x0000FB00       0xFFFFFF80      0x00000008         (0, 0, 15)      [] [W]
    151     0x00010880       0xFFFFFF80      0x00000010         (0, 1, 1)      [] [SW]
    152     0x00007680       0xFFFFFF80      0x00000018         (0, 0, 14)      [] [W, SW]
    153     0x00008600       0xFFFFFF80      0x00000008         (0, 0, 0)      [] [W]
    154     0x0000F900       0xFFFFFF80      0x00000008         (0, 0, 15)      [] [W]
    155     0x0001A200       0xFFFFFF80      0x00080002         (0, 1, 4)      [13] [NE]
    156     0x0001A700       0xFFFFFF80      0x00000002         (0, 1, 4)      [] [NE]
    157     0x0000FC80       0xFFFFFF80      0x00000018         (0, 0, 15)      [] [W, SW]
    158     0x00021600       0xFFFFFF80      0x00000001         (0, 2, 2)      [] [E]
    159     0x0000EB00       0xFFFFFF80      0x00000008         (0, 0, 13)      [] [W]
    160     0x00008380       0xFFFFFF80      0x00080030         (0, 0, 0)      [13] [SW, S]
    161     0x00004B00       0xFFFFFF80      0x00C00021         (0, 0, 9)      [16, 17] [E, S]
    162     0x00015C00       0xFFFFFF80      0x00100000         (0, 1, 11)      [14] []
    163     0x00015B00       0xFFFFFF80      0x00040000         (0, 1, 11)      [12] []
    164     0x0001BC80       0xFFFFFF80      0x00000002         (0, 1, 7)      [] [NE]
    165     0x00015D80       0xFFFFFF80      0x00000008         (0, 1, 11)      [] [W]
    166     0x0000A300       0xFFFFFF80      0x00000008         (0, 0, 4)      [] [W]
    167     0x00013400       0xFFFFFF80      0x00000008         (0, 1, 6)      [] [W]
    168     0x0000D600       0xFFFFFF80      0x00000400         (0, 0, 10)      [4] []
    169     0x0001C800       0xFFFFFF80      0x00200001         (0, 1, 9)      [15] [E]
    170     0x00005680       0xFFFFFF80      0x00C18000         (0, 0, 10)      [16, 17, 10, 9] []
    171     0x0000E700       0xFFFFFF80      0x00008000         (0, 0, 12)      [9] []
    172     0x0000EC80       0xFFFFFF80      0x00000008         (0, 0, 13)      [] [W]
    173     0x00001100       0xFFFFFF80      0x00400000         (0, 0, 2)      [16] []
    174     0x0000E580       0xFFFFFF80      0x00001000         (0, 0, 12)      [6] []
    175     0x0000AB80       0xFFFFFF80      0x00001000         (0, 0, 5)      [6] []
    176     0x00019D00       0xFFFFFF80      0x00000002         (0, 1, 3)      [] [NE]
    177     0x00004600       0xFFFFFF80      0x003FFFA7         (0, 0, 8)      [1, 2, 3, 4, 5, 6, 7, 8, 9, 10, 11, 12, 13, 14, 15] [E, NE, N, S]
    178     0x0000E980       0xFFFFFF80      0x00100000         (0, 0, 13)      [14] []
    179     0x00000C80       0xFFFFFF80      0x00002000         (0, 0, 1)      [7] []
    180     0x00013880       0xFFFFFF80      0x00000008         (0, 1, 7)      [] [W]
    181     0x00016500       0xFFFFFF80      0x00001000         (0, 1, 12)      [6] []
    182     0x0001A600       0xFFFFFF80      0x00000002         (0, 1, 4)      [] [NE]
    183     0x0000CD00       0xFFFFFF80      0x00200000         (0, 0, 9)      [15] []
    184     0x00006500       0xFFFFFF80      0x00010000         (0, 0, 12)      [10] []
    185     0x00013D00       0xFFFFFF80      0x00002000         (0, 1, 7)      [7] []
    186     0x00014B00       0xFFFFFF80      0x00002000         (0, 1, 9)      [7] []
    187     0x0001AD00       0xFFFFFF80      0x00200002         (0, 1, 5)      [15] [NE]
    188     0x0001E100       0xFFFFFF80      0x00000002         (0, 1, 12)      [] [NE]
    189     0x00011200       0xFFFFFF80      0x00004000         (0, 1, 2)      [8] []
    190     0x00007000       0xFFFFFF80      0x00000200         (0, 0, 14)      [3] []
    191     0x0001AE00       0xFFFFFF80      0x00000002         (0, 1, 5)      [] [NE]
    192     0x00011080       0xFFFFFF80      0x00000800         (0, 1, 2)      [5] []
    193     0x0001E180       0xFFFFFF80      0x00000002         (0, 1, 12)      [] [NE]
    194     0x00019500       0xFFFFFF80      0x00000002         (0, 1, 2)      [] [NE]
    195     0x00009B80       0xFFFFFF80      0x00000200         (0, 0, 3)      [3] []
    196     0x00018680       0xFFFFFF80      0x00000018         (0, 1, 0)      [] [W, SW]
    197     0x0001AB80       0xFFFFFF80      0x00040003         (0, 1, 5)      [12] [E, NE]
    198     0x0000C780       0xFFFFFF80      0x00000400         (0, 0, 8)      [4] []
    199     0x00010900       0xFFFFFF80      0x00000010         (0, 1, 1)      [] [SW]
    200     0x00008280       0xFFFFFF80      0x00020020         (0, 0, 0)      [11] [S]
    201     0x00008C80       0xFFFFFF80      0x00000100         (0, 0, 1)      [2] []
    202     0x00009180       0xFFFFFF80      0x00040000         (0, 0, 2)      [12] []
    203     0x00019380       0xFFFFFF80      0x00000010         (0, 1, 2)      [] [SW]
    204     0x00012B80       0xFFFFFF80      0x00000008         (0, 1, 5)      [] [W]
    205     0x00010700       0xFFFFFF80      0x00200010         (0, 1, 0)      [15] [SW]
    206     0x00002C00       0xFFFFFF80      0x00040000         (0, 0, 5)      [12] []
    207     0x00015A80       0xFFFFFF80      0x00020000         (0, 1, 11)      [11] []
    208     0x0000DF00       0xFFFFFF80      0x00000008         (0, 0, 11)      [] [W]
    209     0x0000EA00       0xFFFFFF80      0x00200008         (0, 0, 13)      [15] [W]
    210     0x00018380       0xFFFFFF80      0x00000008         (0, 1, 0)      [] [W]
    211     0x00009400       0xFFFFFF80      0x00000008         (0, 0, 2)      [] [W]
    212     0x0000ED80       0xFFFFFF80      0x00000008         (0, 0, 13)      [] [W]
    213     0x00019900       0xFFFFFF80      0x00000002         (0, 1, 3)      [] [NE]
    214     0x0002DA00       0xFFFFFF00      0x00080000         (0, 2, 11)      [13] []
    215     0x00004F80       0xFFFFFF80      0x00C00000         (0, 0, 9)      [16, 17] []
    216     0x00000580       0xFFFFFF80      0x00000002         (0, 0, 0)      [] [NE]
    217     0x00015C80       0xFFFFFF80      0x00200008         (0, 1, 11)      [15] [W]
    218     0x0000B800       0xFFFFFF80      0x00000100         (0, 0, 7)      [2] []
    219     0x0000EF00       0xFFFFFF80      0x00000008         (0, 0, 13)      [] [W]
    220     0x0000E900       0xFFFFFF80      0x00080000         (0, 0, 13)      [13] []
    221     0x00019C80       0xFFFFFF80      0x00000002         (0, 1, 3)      [] [NE]
    222     0x00019600       0xFFFFFF80      0x00010002         (0, 1, 2)      [10] [NE]
    223     0x0001A100       0xFFFFFF80      0x00020002         (0, 1, 4)      [11] [NE]
    224     0x0000C200       0xFFFFFF80      0x00000010         (0, 0, 8)      [] [SW]
    225     0x00002980       0xFFFFFF80      0x00002000         (0, 0, 5)      [7] []
    226     0x00010980       0xFFFFFF80      0x00000010         (0, 1, 1)      [] [SW]
    227     0x00018480       0xFFFFFF80      0x00000018         (0, 1, 0)      [] [W, SW]
    228     0x00010B80       0xFFFFFF80      0x00000010         (0, 1, 1)      [] [SW]
    229     0x00014700       0xFFFFFF80      0x00000008         (0, 1, 8)      [] [W]
    230     0x0000E800       0xFFFFFF80      0x00020000         (0, 0, 13)      [11] []
    231     0x0001E700       0xFFFFFF80      0x00000002         (0, 1, 12)      [] [NE]
    232     0x00000E80       0xFFFFFF80      0x00020000         (0, 0, 1)      [11] []
    233     0x00013380       0xFFFFFF80      0x00000008         (0, 1, 6)      [] [W]
    234     0x0002D500       0xFFFFFF00      0x00004000         (0, 2, 10)      [8] []
    235     0x00018A00       0xFFFFFF80      0x00000018         (0, 1, 1)      [] [W, SW]
    236     0x00016800       0xFFFFFF80      0x00040000         (0, 1, 13)      [12] []
    237     0x0000E400       0xFFFFFF80      0x00000200         (0, 0, 12)      [3] []
    238     0x0000F680       0xFFFFFF80      0x00020000         (0, 0, 14)      [11] []
    239     0x00008680       0xFFFFFF80      0x00000008         (0, 0, 0)      [] [W]
    240     0x0000AC00       0xFFFFFF80      0x00002000         (0, 0, 5)      [7] []
    241     0x00002900       0xFFFFFF80      0x00001000         (0, 0, 5)      [6] []
    242     0x00018400       0xFFFFFF80      0x00000018         (0, 1, 0)      [] [W, SW]
    243     0x0001E780       0xFFFFFF80      0x00000002         (0, 1, 12)      [] [NE]
    244     0x00019100       0xFFFFFF80      0x00000010         (0, 1, 2)      [] [SW]
    245     0x00006700       0xFFFFFF80      0x00100000         (0, 0, 12)      [14] []
    246     0x00014F00       0xFFFFFF80      0x00200018         (0, 1, 9)      [15] [W, SW]
    247     0x0000E880       0xFFFFFF80      0x00040000         (0, 0, 13)      [12] []
    248     0x00009C80       0xFFFFFF80      0x00000800         (0, 0, 3)      [5] []
    249     0x00023B80       0xFFFFFF80      0x00010000         (0, 2, 7)      [10] []
    250     0x0000FD80       0xFFFFFF80      0x00000018         (0, 0, 15)      [] [W, SW]
    251     0x00014180       0xFFFFFF80      0x00000008         (0, 1, 8)      [] [W]
    252     0x00003980       0xFFFFFF80      0x00030000         (0, 0, 7)      [10, 11] []
    253     0x0001AE80       0xFFFFFF80      0x00000002         (0, 1, 5)      [] [NE]
    254     0x00015500       0xFFFFFF80      0x00000010         (0, 1, 10)      [] [SW]
    255     0x0000B880       0xFFFFFF80      0x00000200         (0, 0, 7)      [3] []
    256     0x00010500       0xFFFFFF80      0x00020000         (0, 1, 0)      [11] []
    257     0x0000E780       0xFFFFFF80      0x00010000         (0, 0, 12)      [10] []
    258     0x0001E800       0xFFFFFF80      0x00000002         (0, 1, 13)      [] [NE]
    259     0x0000C900       0xFFFFFF80      0x00002000         (0, 0, 9)      [7] []
    260     0x00023900       0xFFFFFF80      0x00000800         (0, 2, 7)      [5] []
    261     0x00015F80       0xFFFFFF80      0x00000008         (0, 1, 11)      [] [W]
    262     0x00009D80       0xFFFFFF80      0x00002000         (0, 0, 3)      [7] []
    263     0x00014680       0xFFFFFF80      0x00000008         (0, 1, 8)      [] [W]
    264     0x00010A80       0xFFFFFF80      0x00000010         (0, 1, 1)      [] [SW]
    265     0x00007080       0xFFFFFF80      0x00000400         (0, 0, 14)      [4] []
    266     0x00001900       0xFFFFFF80      0x00000206         (0, 0, 3)      [3] [NE, N]
    267     0x00010F00       0xFFFFFF80      0x00000100         (0, 1, 1)      [2] []
    268     0x00016980       0xFFFFFF80      0x00200000         (0, 1, 13)      [15] []
    269     0x00005200       0xFFFFFF80      0x00C00080         (0, 0, 10)      [16, 17, 1] []
    270     0x0001B580       0xFFFFFF80      0x00080003         (0, 1, 6)      [13] [E, NE]
    271     0x0000BE80       0xFFFFFF80      0x00200018         (0, 0, 7)      [15] [W, SW]
    272     0x00012680       0xFFFFFF80      0x00000008         (0, 1, 4)      [] [W]
    273     0x00005300       0xFFFFFF80      0x00C00300         (0, 0, 10)      [16, 17, 2, 3] []
    274     0x00010100       0xFFFFFF80      0x00000200         (0, 1, 0)      [3] []
    275     0x0000DC80       0xFFFFFF80      0x00000008         (0, 0, 11)      [] [W]
    276     0x00007E80       0xFFFFFF80      0x00000220         (0, 0, 15)      [3] [S]
    277     0x00012180       0xFFFFFF80      0x00010000         (0, 1, 4)      [10] []
    278     0x00012900       0xFFFFFF80      0x00000008         (0, 1, 5)      [] [W]
    279     0x00012E80       0xFFFFFF80      0x00002000         (0, 1, 5)      [7] []
    280     0x0001B280       0xFFFFFF80      0x00000002         (0, 1, 6)      [] [NE]
    281     0x00033F00       0xFFFFFF00      0x00000002         (0, 3, 7)      [] [NE]
    282     0x00003F00       0xFFFFFF80      0x003FFF80         (0, 0, 7)      [1, 2, 3, 4, 5, 6, 7, 8, 9, 10, 11, 12, 13, 14, 15] []
    283     0x0000AD80       0xFFFFFF80      0x00010000         (0, 0, 5)      [10] []
    284     0x0001CA80       0xFFFFFF80      0x00000001         (0, 1, 9)      [] [E]
    285     0x00018200       0xFFFFFF80      0x00200000         (0, 1, 0)      [15] []
    286     0x00006600       0xFFFFFF80      0x00040000         (0, 0, 12)      [12] []
    287     0x00016380       0xFFFFFF80      0x00000008         (0, 1, 12)      [] [W]
    288     0x00003C80       0xFFFFFF80      0x00FFFF80         (0, 0, 7)      [1, 2, 3, 4, 5, 6, 7, 8, 9, 10, 11, 12, 13, 14, 15, 16, 17] []
    289     0x00008400       0xFFFFFF80      0x00100030         (0, 0, 0)      [14] [SW, S]
    290     0x00015000       0xFFFFFF80      0x00000010         (0, 1, 10)      [] [SW]
    291     0x00008D00       0xFFFFFF80      0x00000200         (0, 0, 1)      [3] []
    292     0x00015400       0xFFFFFF80      0x00000010         (0, 1, 10)      [] [SW]
    293     0x0000B000       0xFFFFFF80      0x00200008         (0, 0, 6)      [15] [W]
    294     0x0000DA80       0xFFFFFF80      0x00080000         (0, 0, 11)      [13] []
    295     0x00018900       0xFFFFFF80      0x00000018         (0, 1, 1)      [] [W, SW]
    296     0x00003A00       0xFFFFFF80      0x00060000         (0, 0, 7)      [11, 12] []
    297     0x0002DB00       0xFFFFFF00      0x00100000         (0, 2, 11)      [14] []
    298     0x0000A180       0xFFFFFF80      0x00200008         (0, 0, 4)      [15] [W]
    299     0x00000280       0xFFFFFF80      0x00400000         (0, 0, 0)      [16] []
    300     0x00018500       0xFFFFFF80      0x00000018         (0, 1, 0)      [] [W, SW]
    301     0x0000E080       0xFFFFFF80      0x00000008         (0, 0, 12)      [] [W]
    302     0x00004480       0xFFFFFF80      0x003FFFA7         (0, 0, 8)      [1, 2, 3, 4, 5, 6, 7, 8, 9, 10, 11, 12, 13, 14, 15] [E, NE, N, S]
    303     0x00007780       0xFFFFFF80      0x00000018         (0, 0, 14)      [] [W, SW]
    304     0x0000A480       0xFFFFFF80      0x00000008         (0, 0, 4)      [] [W]
    305     0x00009580       0xFFFFFF80      0x00000008         (0, 0, 2)      [] [W]
    306     0x00000500       0xFFFFFF80      0x00000002         (0, 0, 0)      [] [NE]
    307     0x0001B100       0xFFFFFF80      0x00000002         (0, 1, 6)      [] [NE]
    308     0x0002D100       0xFFFFFF00      0x00000400         (0, 2, 10)      [4] []
    309     0x00003880       0xFFFFFF80      0x0000C000         (0, 0, 7)      [8, 9] []
    310     0x00005480       0xFFFFFF80      0x00C01800         (0, 0, 10)      [16, 17, 5, 6] []
    311     0x0000F800       0xFFFFFF80      0x00100000         (0, 0, 15)      [14] []
    312     0x00003680       0xFFFFFF80      0x00000C00         (0, 0, 6)      [4, 5] []
    313     0x00012D80       0xFFFFFF80      0x00000800         (0, 1, 5)      [5] []
    314     0x0000C000       0xFFFFFF80      0x00000018         (0, 0, 8)      [] [W, SW]
    315     0x00016580       0xFFFFFF80      0x00002000         (0, 1, 12)      [7] []
    316     0x00016900       0xFFFFFF80      0x00100000         (0, 1, 13)      [14] []
    317     0x00014B80       0xFFFFFF80      0x00004000         (0, 1, 9)      [8] []
    318     0x00011F80       0xFFFFFF80      0x00001000         (0, 1, 3)      [6] []
    319     0x00012F00       0xFFFFFF80      0x00004000         (0, 1, 5)      [8] []
    320     0x0000A980       0xFFFFFF80      0x00000100         (0, 0, 5)      [2] []
    321     0x00013F00       0xFFFFFF80      0x00020000         (0, 1, 7)      [11] []
    322     0x00006300       0xFFFFFF80      0x00001000         (0, 0, 12)      [6] []
    323     0x0000DB80       0xFFFFFF80      0x00200008         (0, 0, 11)      [15] [W]
    324     0x00019280       0xFFFFFF80      0x00000010         (0, 1, 2)      [] [SW]
    325     0x0000BC80       0xFFFFFF80      0x00020000         (0, 0, 7)      [11] []
    326     0x00012D00       0xFFFFFF80      0x00000400         (0, 1, 5)      [4] []
    327     0x00005980       0xFFFFFF80      0x00E00008         (0, 0, 11)      [16, 17, 15] [W]
    328     0x00018000       0xFFFFFF80      0x00020000         (0, 1, 0)      [11] []
    329     0x0001B880       0xFFFFFF80      0x00000002         (0, 1, 7)      [] [NE]
    330     0x00006280       0xFFFFFF80      0x00000800         (0, 0, 12)      [5] []
    331     0x00014500       0xFFFFFF80      0x00000008         (0, 1, 8)      [] [W]
    332     0x0002D300       0xFFFFFF00      0x00001000         (0, 2, 10)      [6] []
    333     0x00012700       0xFFFFFF80      0x00000008         (0, 1, 4)      [] [W]
    334     0x0001C200       0xFFFFFF80      0x00000002         (0, 1, 8)      [] [NE]
    335     0x00013180       0xFFFFFF80      0x00080000         (0, 1, 6)      [13] []
    336     0x00013500       0xFFFFFF80      0x00000008         (0, 1, 6)      [] [W]
    337     0x00015D00       0xFFFFFF80      0x00000008         (0, 1, 11)      [] [W]
    338     0x00001A00       0xFFFFFF80      0x00000806         (0, 0, 3)      [5] [NE, N]
    339     0x00014A80       0xFFFFFF80      0x00001000         (0, 1, 9)      [6] []
    340     0x00014380       0xFFFFFF80      0x00000008         (0, 1, 8)      [] [W]
    341     0x0001A180       0xFFFFFF80      0x00040002         (0, 1, 4)      [12] [NE]
    342     0x0000DD80       0xFFFFFF80      0x00000008         (0, 0, 11)      [] [W]
    343     0x00015100       0xFFFFFF80      0x00000010         (0, 1, 10)      [] [SW]
    344     0x0002D400       0xFFFFFF00      0x00002000         (0, 2, 10)      [7] []
    345     0x00005880       0xFFFFFF80      0x00D80000         (0, 0, 11)      [16, 17, 13, 14] []
    346     0x00016180       0xFFFFFF80      0x00000008         (0, 1, 12)      [] [W]
    347     0x0000D800       0xFFFFFF80      0x00004000         (0, 0, 11)      [8] []
    348     0x00009080       0xFFFFFF80      0x00010000         (0, 0, 2)      [10] []
    349     0x00023800       0xFFFFFF80      0x00000200         (0, 2, 7)      [3] []
    350     0x00018980       0xFFFFFF80      0x00000018         (0, 1, 1)      [] [W, SW]
    351     0x00023000       0xFFFFFF80      0x00400000         (0, 2, 6)      [16] []
    352     0x00004500       0xFFFFFF80      0x003FFFA7         (0, 0, 8)      [1, 2, 3, 4, 5, 6, 7, 8, 9, 10, 11, 12, 13, 14, 15] [E, NE, N, S]
    353     0x0001BF00       0xFFFFFF80      0x00100002         (0, 1, 7)      [14] [NE]
    354     0x00017200       0xFFFFFF80      0x00002000         (0, 1, 14)      [7] []
    355     0x0000F300       0xFFFFFF80      0x00000400         (0, 0, 14)      [4] []
    356     0x00012000       0xFFFFFF80      0x00002000         (0, 1, 4)      [7] []
    357     0x00003700       0xFFFFFF80      0x00001800         (0, 0, 6)      [5, 6] []
    358     0x0000BC00       0xFFFFFF80      0x00010000         (0, 0, 7)      [10] []
    359     0x00023880       0xFFFFFF80      0x00000400         (0, 2, 7)      [4] []
    360     0x0000BF00       0xFFFFFF80      0x00000018         (0, 0, 7)      [] [W, SW]
    361     0x00006180       0xFFFFFF80      0x00000200         (0, 0, 12)      [3] []
    362     0x00002C80       0xFFFFFF80      0x00080000         (0, 0, 5)      [13] []
    363     0x00033900       0xFFFFFF00      0x00000002         (0, 3, 7)      [] [NE]
    364     0x0000AF00       0xFFFFFF80      0x00080000         (0, 0, 5)      [13] []
    365     0x0000EA80       0xFFFFFF80      0x00000008         (0, 0, 13)      [] [W]
    366     0x0001AB00       0xFFFFFF80      0x00000002         (0, 1, 5)      [] [NE]
    367     0x0000BB00       0xFFFFFF80      0x00004000         (0, 0, 7)      [8] []
    368     0x0001C900       0xFFFFFF80      0x00000001         (0, 1, 9)      [] [E]
    369     0x0000A100       0xFFFFFF80      0x00100000         (0, 0, 4)      [14] []
    370     0x0000BD80       0xFFFFFF80      0x00080010         (0, 0, 7)      [13] [SW]
    371     0x00009F80       0xFFFFFF80      0x00020000         (0, 0, 3)      [11] []
    372     0x00013200       0xFFFFFF80      0x00100000         (0, 1, 6)      [14] []
    373     0x0000D480       0xFFFFFF80      0x00000080         (0, 0, 10)      [1] []
    374     0x00004780       0xFFFFFF80      0x003FFFA7         (0, 0, 8)      [1, 2, 3, 4, 5, 6, 7, 8, 9, 10, 11, 12, 13, 14, 15] [E, NE, N, S]
    375     0x00016100       0xFFFFFF80      0x00000008         (0, 1, 12)      [] [W]
    376     0x00004200       0xFFFFFF80      0x003FFF80         (0, 0, 8)      [1, 2, 3, 4, 5, 6, 7, 8, 9, 10, 11, 12, 13, 14, 15] []
    377     0x00014D00       0xFFFFFF80      0x00020000         (0, 1, 9)      [11] []
    378     0x00017F00       0xFFFFFF80      0x00008000         (0, 1, 15)      [9] []
    379     0x0000CC80       0xFFFFFF80      0x00100000         (0, 0, 9)      [14] []
    380     0x00018580       0xFFFFFF80      0x00000018         (0, 1, 0)      [] [W, SW]
    381     0x0001A680       0xFFFFFF80      0x00000002         (0, 1, 4)      [] [NE]
    382     0x00033C00       0xFFFFFF00      0x00000002         (0, 3, 7)      [] [NE]
    383     0x00008100       0xFFFFFF80      0x00004020         (0, 0, 0)      [8] [S]
    384     0x00007300       0xFFFFFF80      0x00008000         (0, 0, 14)      [9] []
    385     0x00015700       0xFFFFFF80      0x00000010         (0, 1, 10)      [] [SW]
    386     0x00006080       0xFFFFFF80      0x00000080         (0, 0, 12)      [1] []
    387     0x0000B180       0xFFFFFF80      0x00000008         (0, 0, 6)      [] [W]
    388     0x00015980       0xFFFFFF80      0x00008000         (0, 1, 11)      [9] []
    389     0x00013080       0xFFFFFF80      0x00020000         (0, 1, 6)      [11] []
    390     0x00001980       0xFFFFFF80      0x00000406         (0, 0, 3)      [4] [NE, N]
    391     0x00008500       0xFFFFFF80      0x00000030         (0, 0, 0)      [] [SW, S]
    392     0x0001BC00       0xFFFFFF80      0x00000002         (0, 1, 7)      [] [NE]
    393     0x0000D680       0xFFFFFF80      0x00000800         (0, 0, 10)      [5] []
    394     0x00004A00       0xFFFFFF80      0x003FFFBF         (0, 0, 9)      [1, 2, 3, 4, 5, 6, 7, 8, 9, 10, 11, 12, 13, 14, 15] [E, NE, N, W, SW, S]
    395     0x00007100       0xFFFFFF80      0x00000800         (0, 0, 14)      [5] []
    396     0x00002E80       0xFFFFFF80      0x00800000         (0, 0, 5)      [17] []
    397     0x0000FB80       0xFFFFFF80      0x00000008         (0, 0, 15)      [] [W]
    398     0x00001D00       0xFFFFFF80      0x00020006         (0, 0, 3)      [11] [NE, N]
    399     0x0000BA80       0xFFFFFF80      0x00002000         (0, 0, 7)      [7] []
    400     0x00009E00       0xFFFFFF80      0x00004000         (0, 0, 3)      [8] []
    401     0x0001BA00       0xFFFFFF80      0x00000002         (0, 1, 7)      [] [NE]
    402     0x00005380       0xFFFFFF80      0x00C00600         (0, 0, 10)      [16, 17, 3, 4] []
    403     0x00023C80       0xFFFFFF80      0x00040000         (0, 2, 7)      [12] []
    404     0x00009500       0xFFFFFF80      0x00000008         (0, 0, 2)      [] [W]
    405     0x00009380       0xFFFFFF80      0x00000008         (0, 0, 2)      [] [W]
    406     0x00016300       0xFFFFFF80      0x00000008         (0, 1, 12)      [] [W]
    407     0x00002680       0xFFFFFF80      0x00000080         (0, 0, 4)      [1] []
    408     0x00000A00       0xFFFFFF80      0x00000100         (0, 0, 1)      [2] []
    409     0x0001B800       0xFFFFFF80      0x00000002         (0, 1, 7)      [] [NE]
    410     0x00010080       0xFFFFFF80      0x00000100         (0, 1, 0)      [2] []
    411     0x00003D00       0xFFFFFF80      0x00BFFF80         (0, 0, 7)      [1, 2, 3, 4, 5, 6, 7, 8, 9, 10, 11, 12, 13, 14, 15, 17] []
    412     0x00001B00       0xFFFFFF80      0x00002006         (0, 0, 3)      [7] [NE, N]
    413     0x00009C00       0xFFFFFF80      0x00000400         (0, 0, 3)      [4] []
    414     0x0001C980       0xFFFFFF80      0x00000001         (0, 1, 9)      [] [E]
    415     0x00012E00       0xFFFFFF80      0x00001000         (0, 1, 5)      [6] []
    416     0x00019180       0xFFFFFF80      0x00000010         (0, 1, 2)      [] [SW]
    417     0x0000F200       0xFFFFFF80      0x00000100         (0, 0, 14)      [2] []
    418     0x0000C800       0xFFFFFF80      0x00000800         (0, 0, 9)      [5] []
    419     0x0001A880       0xFFFFFF80      0x00000002         (0, 1, 5)      [] [NE]
    420     0x00005080       0xFFFFFF80      0x00C00000         (0, 0, 10)      [16, 17] []
    421     0x0000EC00       0xFFFFFF80      0x00000008         (0, 0, 13)      [] [W]
    422     0x00016600       0xFFFFFF80      0x00004000         (0, 1, 12)      [8] []
    423     0x00013980       0xFFFFFF80      0x00000008         (0, 1, 7)      [] [W]
    424     0x00019A80       0xFFFFFF80      0x00000002         (0, 1, 3)      [] [NE]
    425     0x00006880       0xFFFFFF80      0x00000008         (0, 0, 13)      [] [W]
    426     0x00007F00       0xFFFFFF80      0x00000420         (0, 0, 15)      [4] [S]
    427     0x0000D980       0xFFFFFF80      0x00020000         (0, 0, 11)      [11] []
    428     0x00000700       0xFFFFFF80      0x00000006         (0, 0, 0)      [] [NE, N]
    429     0x0001CA00       0xFFFFFF80      0x00000001         (0, 1, 9)      [] [E]
    430     0x00004880       0xFFFFFF80      0x003FFFA7         (0, 0, 9)      [1, 2, 3, 4, 5, 6, 7, 8, 9, 10, 11, 12, 13, 14, 15] [E, NE, N, S]
    431     0x00004680       0xFFFFFF80      0x003FFFA7         (0, 0, 8)      [1, 2, 3, 4, 5, 6, 7, 8, 9, 10, 11, 12, 13, 14, 15] [E, NE, N, S]
    432     0x00017380       0xFFFFFF80      0x00010000         (0, 1, 14)      [10] []
    433     0x00011480       0xFFFFFF80      0x00080000         (0, 1, 2)      [13] []
    434     0x00007280       0xFFFFFF80      0x00004000         (0, 0, 14)      [8] []
    435     0x00018880       0xFFFFFF80      0x00000018         (0, 1, 1)      [] [W, SW]
    436     0x00003E80       0xFFFFFF80      0x003FFF80         (0, 0, 7)      [1, 2, 3, 4, 5, 6, 7, 8, 9, 10, 11, 12, 13, 14, 15] []
    437     0x00005100       0xFFFFFF80      0x00C00000         (0, 0, 10)      [16, 17] []
    438     0x00013A00       0xFFFFFF80      0x00000008         (0, 1, 7)      [] [W]
    439     0x00007F80       0xFFFFFF80      0x00000820         (0, 0, 15)      [5] [S]
    440     0x00006F00       0xFFFFFF80      0x00000080         (0, 0, 13)      [1] []
    441     0x00017480       0xFFFFFF80      0x00040000         (0, 1, 14)      [12] []
    442     0x00019000       0xFFFFFF80      0x00000010         (0, 1, 2)      [] [SW]
    443     0x0000B080       0xFFFFFF80      0x00000008         (0, 0, 6)      [] [W]
    444     0x00004C80       0xFFFFFF80      0x00C00000         (0, 0, 9)      [16, 17] []
    445     0x0000E680       0xFFFFFF80      0x00004000         (0, 0, 12)      [8] []
    446     0x0000FA00       0xFFFFFF80      0x00000008         (0, 0, 15)      [] [W]
    447     0x00019780       0xFFFFFF80      0x00080002         (0, 1, 2)      [13] [NE]
    448     0x00018C00       0xFFFFFF80      0x00040010         (0, 1, 1)      [12] [SW]
    449     0x00016280       0xFFFFFF80      0x00000008         (0, 1, 12)      [] [W]
    450     0x00003E00       0xFFFFFF80      0x003FFF80         (0, 0, 7)      [1, 2, 3, 4, 5, 6, 7, 8, 9, 10, 11, 12, 13, 14, 15] []
    451     0x0001E080       0xFFFFFF80      0x00000002         (0, 1, 12)      [] [NE]
    452     0x0000AA00       0xFFFFFF80      0x00000200         (0, 0, 5)      [3] []
    453     0x00015900       0xFFFFFF80      0x00004000         (0, 1, 11)      [8] []
    454     0x0000FA80       0xFFFFFF80      0x00000008         (0, 0, 15)      [] [W]
    455     0x00010680       0xFFFFFF80      0x00100010         (0, 1, 0)      [14] [SW]
    456     0x00002100       0xFFFFFF80      0x00000002         (0, 0, 4)      [] [NE]
    457     0x00002B00       0xFFFFFF80      0x00010000         (0, 0, 5)      [10] []
    458     0x0001A800       0xFFFFFF80      0x00000002         (0, 1, 5)      [] [NE]
    459     0x00007480       0xFFFFFF80      0x00040000         (0, 0, 14)      [12] []
    460     0x00014080       0xFFFFFF80      0x00100000         (0, 1, 8)      [14] []
    461     0x0001AC00       0xFFFFFF80      0x00080003         (0, 1, 5)      [13] [E, NE]
    462     0x00003D80       0xFFFFFF80      0x003FFF80         (0, 0, 7)      [1, 2, 3, 4, 5, 6, 7, 8, 9, 10, 11, 12, 13, 14, 15] []
    463     0x00003480       0xFFFFFF80      0x00000080         (0, 0, 6)      [1] []
    464     0x0000D900       0xFFFFFF80      0x00010000         (0, 0, 11)      [10] []
    465     0x0000F880       0xFFFFFF80      0x00200008         (0, 0, 15)      [15] [W]
    466     0x00012980       0xFFFFFF80      0x00000008         (0, 1, 5)      [] [W]
    467     0x00012800       0xFFFFFF80      0x00000008         (0, 1, 5)      [] [W]
    468     0x00008F00       0xFFFFFF80      0x00002000         (0, 0, 1)      [7] []
    469     0x00013E00       0xFFFFFF80      0x00008000         (0, 1, 7)      [9] []
    470     0x0000DA00       0xFFFFFF80      0x00040000         (0, 0, 11)      [12] []
    471     0x00010800       0xFFFFFF80      0x00000010         (0, 1, 1)      [] [SW]
    472     0x00023E00       0xFFFFFF80      0x00200000         (0, 2, 7)      [15] []
    473     0x00011D00       0xFFFFFF80      0x00000080         (0, 1, 3)      [1] []
    474     0x0002CE00       0xFFFFFF00      0x00000080         (0, 2, 9)      [1] []
    475     0x00018A80       0xFFFFFF80      0x00008000         (0, 1, 1)      [9] []
    476     0x0001B200       0xFFFFFF80      0x00000002         (0, 1, 6)      [] [NE]
    477     0x0001B300       0xFFFFFF80      0x00000002         (0, 1, 6)      [] [NE]
    478     0x00002780       0xFFFFFF80      0x00000200         (0, 0, 4)      [3] []
    479     0x00005A00       0xFFFFFF80      0x00C00000         (0, 0, 11)      [16, 17] []
    480     0x0000F700       0xFFFFFF80      0x00040000         (0, 0, 14)      [12] []
    481     0x00012880       0xFFFFFF80      0x00000008         (0, 1, 5)      [] [W]
    482     0x00005780       0xFFFFFF80      0x00C60000         (0, 0, 10)      [16, 17, 11, 12] []
    483     0x00013300       0xFFFFFF80      0x00000008         (0, 1, 6)      [] [W]
    484     0x0000B300       0xFFFFFF80      0x00000008         (0, 0, 6)      [] [W]
    485     0x00018100       0xFFFFFF80      0x00080000         (0, 1, 0)      [13] []
    486     0x0000A900       0xFFFFFF80      0x00000080         (0, 0, 5)      [1] []
    487     0x00013F80       0xFFFFFF80      0x00040000         (0, 1, 7)      [12] []
    488     0x00003B80       0xFFFFFF80      0x00300000         (0, 0, 7)      [14, 15] []
    489     0x00006400       0xFFFFFF80      0x00004000         (0, 0, 12)      [8] []
    490     0x00003500       0xFFFFFF80      0x00000180         (0, 0, 6)      [1, 2] []
    491     0x0000D880       0xFFFFFF80      0x00008000         (0, 0, 11)      [9] []
    492     0x00010000       0xFFFFFF80      0x00000080         (0, 1, 0)      [1] []
    493     0x0000ED00       0xFFFFFF80      0x00000008         (0, 0, 13)      [] [W]
    494     0x00011580       0xFFFFFF80      0x00200000         (0, 1, 2)      [15] []
    495     0x00016480       0xFFFFFF80      0x00000008         (0, 1, 12)      [] [W]
    496     0x00007400       0xFFFFFF80      0x00020000         (0, 0, 14)      [11] []
    497     0x00017280       0xFFFFFF80      0x00004000         (0, 1, 14)      [8] []
    498     0x00004380       0xFFFFFF80      0x003FFFAF         (0, 0, 8)      [1, 2, 3, 4, 5, 6, 7, 8, 9, 10, 11, 12, 13, 14, 15] [E, NE, N, W, S]
    499     0x00015800       0xFFFFFF80      0x00001000         (0, 1, 11)      [6] []
    500     0x00001C00       0xFFFFFF80      0x00008006         (0, 0, 3)      [9] [NE, N]
    501     0x00010580       0xFFFFFF80      0x00040010         (0, 1, 0)      [12] [SW]
    502     0x0000F580       0xFFFFFF80      0x00008000         (0, 0, 14)      [9] []
    503     0x00011100       0xFFFFFF80      0x00001000         (0, 1, 2)      [6] []
    504     0x00013600       0xFFFFFF80      0x00000008         (0, 1, 6)      [] [W]
    505     0x00023B00       0xFFFFFF80      0x00008000         (0, 2, 7)      [9] []
    506     0x0000A400       0xFFFFFF80      0x00000008         (0, 0, 4)      [] [W]
    507     0x00012A00       0xFFFFFF80      0x00000008         (0, 1, 5)      [] [W]
    508     0x0000F380       0xFFFFFF80      0x00000800         (0, 0, 14)      [5] []
    509     0x00019700       0xFFFFFF80      0x00040002         (0, 1, 2)      [12] [NE]
    510     0x00006480       0xFFFFFF80      0x00008000         (0, 0, 12)      [9] []
    511     0x00000D00       0xFFFFFF80      0x00004000         (0, 0, 1)      [8] []
    512     0x00008D80       0xFFFFFF80      0x00000400         (0, 0, 1)      [4] []
    513     0x00019200       0xFFFFFF80      0x00000010         (0, 1, 2)      [] [SW]
    514     0x00019A00       0xFFFFFF80      0x00000002         (0, 1, 3)      [] [NE]
    515     0x0001A380       0xFFFFFF80      0x00000002         (0, 1, 4)      [] [NE]
    516     0x00015300       0xFFFFFF80      0x00000010         (0, 1, 10)      [] [SW]
    517     0x00015080       0xFFFFFF80      0x00000010         (0, 1, 10)      [] [SW]
    518     0x00007700       0xFFFFFF80      0x00000018         (0, 0, 14)      [] [W, SW]
    519     0x0000C180       0xFFFFFF80      0x00000010         (0, 0, 8)      [] [SW]
    520     0x0001AA00       0xFFFFFF80      0x00000002         (0, 1, 5)      [] [NE]
    521     0x00003580       0xFFFFFF80      0x00000300         (0, 0, 6)      [2, 3] []
    522     0x0001AA80       0xFFFFFF80      0x00000002         (0, 1, 5)      [] [NE]
    523     0x00016700       0xFFFFFF80      0x00010000         (0, 1, 12)      [10] []
    524     0x0000F180       0xFFFFFF80      0x00000080         (0, 0, 14)      [1] []
    525     0x00014E80       0xFFFFFF80      0x00100010         (0, 1, 9)      [14] [SW]
    526     0x0001A400       0xFFFFFF80      0x00000002         (0, 1, 4)      [] [NE]
    527     0x0002D900       0xFFFFFF00      0x00040000         (0, 2, 11)      [12] []
    528     0x0000D700       0xFFFFFF80      0x00001000         (0, 0, 10)      [6] []
    529     0x00033400       0xFFFFFF00      0x00000002         (0, 3, 6)      [] [NE]
    530     0x00011280       0xFFFFFF80      0x00008000         (0, 1, 2)      [9] []
    531     0x0000B200       0xFFFFFF80      0x00000008         (0, 0, 6)      [] [W]
    532     0x00023980       0xFFFFFF80      0x00001000         (0, 2, 7)      [6] []
    533     0x00013900       0xFFFFFF80      0x00000008         (0, 1, 7)      [] [W]
    534     0x0000E480       0xFFFFFF80      0x00000400         (0, 0, 12)      [4] []
    535     0x00018800       0xFFFFFF80      0x00000018         (0, 1, 1)      [] [W, SW]
    536     0x00010380       0xFFFFFF80      0x00004000         (0, 1, 0)      [8] []
    537     0x0000E300       0xFFFFFF80      0x00000080         (0, 0, 12)      [1] []
    538     0x00013B80       0xFFFFFF80      0x00000400         (0, 1, 7)      [4] []
    539     0x00005500       0xFFFFFF80      0x00C03000         (0, 0, 10)      [16, 17, 6, 7] []
    540     0x00018C80       0xFFFFFF80      0x00080010         (0, 1, 1)      [13] [SW]
    541     0x00011300       0xFFFFFF80      0x00010000         (0, 1, 2)      [10] []
    542     0x00012300       0xFFFFFF80      0x00080000         (0, 1, 4)      [13] []
    543     0x00015600       0xFFFFFF80      0x00000010         (0, 1, 10)      [] [SW]
    544     0x00014400       0xFFFFFF80      0x00000008         (0, 1, 8)      [] [W]
    545     0x0000CA00       0xFFFFFF80      0x00008000         (0, 0, 9)      [9] []
    546     0x00005180       0xFFFFFF80      0x00C00000         (0, 0, 10)      [16, 17] []
    547     0x00014780       0xFFFFFF80      0x00000018         (0, 1, 8)      [] [W, SW]
    548     0x00003A80       0xFFFFFF80      0x000C0000         (0, 0, 7)      [12, 13] []
    549     0x00018300       0xFFFFFF80      0x00000008         (0, 1, 0)      [] [W]
    550     0x00019D80       0xFFFFFF80      0x00000002         (0, 1, 3)      [] [NE]
    551     0x00005400       0xFFFFFF80      0x00C00C00         (0, 0, 10)      [16, 17, 4, 5] []
    552     0x00004B80       0xFFFFFF80      0x00C00021         (0, 0, 9)      [16, 17] [E, S]
    553     0x00018700       0xFFFFFF80      0x00000018         (0, 1, 0)      [] [W, SW]
    554     0x00002700       0xFFFFFF80      0x00000100         (0, 0, 4)      [2] []
    555     0x00018080       0xFFFFFF80      0x00040000         (0, 1, 0)      [12] []
    556     0x00005A80       0xFFFFFF80      0x00800000         (0, 0, 11)      [17] []
    557     0x00009280       0xFFFFFF80      0x00100000         (0, 0, 2)      [14] []
    558     0x00007D80       0xFFFFFF80      0x00000080         (0, 0, 15)      [1] []
    559     0x00011400       0xFFFFFF80      0x00040000         (0, 1, 2)      [12] []
    560     0x0000A280       0xFFFFFF80      0x00000008         (0, 0, 4)      [] [W]
    561     0x00000480       0xFFFFFF80      0x00000002         (0, 0, 0)      [] [NE]
    562     0x00008E00       0xFFFFFF80      0x00000800         (0, 0, 1)      [5] []
    563     0x00018B80       0xFFFFFF80      0x00020000         (0, 1, 1)      [11] []
    564     0x00011F00       0xFFFFFF80      0x00000800         (0, 1, 3)      [5] []
    565     0x00019080       0xFFFFFF80      0x00000010         (0, 1, 2)      [] [SW]
    566     0x0000E380       0xFFFFFF80      0x00000100         (0, 0, 12)      [2] []
    567     0x00006F80       0xFFFFFF80      0x00000100         (0, 0, 13)      [2] []
    568     0x00010480       0xFFFFFF80      0x00010000         (0, 1, 0)      [10] []
    569     0x00003C00       0xFFFFFF80      0x007FFF80         (0, 0, 7)      [1, 2, 3, 4, 5, 6, 7, 8, 9, 10, 11, 12, 13, 14, 15, 16] []
    570     0x00000E00       0xFFFFFF80      0x00010000         (0, 0, 1)      [10] []
    571     0x00013E80       0xFFFFFF80      0x00010000         (0, 1, 7)      [10] []
    572     0x0001A900       0xFFFFFF80      0x00000002         (0, 1, 5)      [] [NE]
    573     0x0001B680       0xFFFFFF80      0x00200002         (0, 1, 6)      [15] [NE]
    574     0x0001AD80       0xFFFFFF80      0x00000002         (0, 1, 5)      [] [NE]
    575     0x0000EF80       0xFFFFFF80      0x00000008         (0, 0, 13)      [] [W]
    576     0x00011380       0xFFFFFF80      0x00020000         (0, 1, 2)      [11] []
    577     0x00000D80       0xFFFFFF80      0x00008000         (0, 0, 1)      [9] []
    578     0x00012200       0xFFFFFF80      0x00020000         (0, 1, 4)      [11] []
    579     0x0002CF00       0xFFFFFF00      0x00000100         (0, 2, 9)      [2] []
    580     0x00004800       0xFFFFFF80      0x003FFFA7         (0, 0, 9)      [1, 2, 3, 4, 5, 6, 7, 8, 9, 10, 11, 12, 13, 14, 15] [E, NE, N, S]
    581     0x00001A80       0xFFFFFF80      0x00001006         (0, 0, 3)      [6] [NE, N]
    582     0x0001AF00       0xFFFFFF80      0x00000002         (0, 1, 5)      [] [NE]
    583     0x00013B00       0xFFFFFF80      0x00000200         (0, 1, 7)      [3] []
    584     0x00023C00       0xFFFFFF80      0x00020000         (0, 2, 7)      [11] []
    585     0x00033200       0xFFFFFF00      0x00000002         (0, 3, 6)      [] [NE]
    586     0x00033E00       0xFFFFFF00      0x00000002         (0, 3, 7)      [] [NE]
    587     0x00009D00       0xFFFFFF80      0x00001000         (0, 0, 3)      [6] []
    588     0x00000980       0xFFFFFF80      0x00000080         (0, 0, 1)      [1] []
    589     0x00011180       0xFFFFFF80      0x00002000         (0, 1, 2)      [7] []
    590     0x00015B80       0xFFFFFF80      0x00080000         (0, 1, 11)      [13] []
    591     0x00012B00       0xFFFFFF80      0x00000008         (0, 1, 5)      [] [W]
    592     0x0001BB00       0xFFFFFF80      0x00000002         (0, 1, 7)      [] [NE]
    593     0x0001C100       0xFFFFFF80      0x00000002         (0, 1, 8)      [] [NE]
    594     0x00016200       0xFFFFFF80      0x00000008         (0, 1, 12)      [] [W]
    595     0x00018F80       0xFFFFFF80      0x00000010         (0, 1, 1)      [] [SW]
    596     0x00009A80       0xFFFFFF80      0x00000080         (0, 0, 3)      [1] []
    597     0x0002D200       0xFFFFFF00      0x00000800         (0, 2, 10)      [5] []
    598     0x0000C680       0xFFFFFF80      0x00000100         (0, 0, 8)      [2] []
    599     0x00009100       0xFFFFFF80      0x00020000         (0, 0, 2)      [11] []
    600     0x00023400       0xFFFFFF80      0x00000002         (0, 2, 6)      [] [NE]
    601     0x00017580       0xFFFFFF80      0x00100000         (0, 1, 14)      [14] []
    602     0x00014880       0xFFFFFF80      0x00000018         (0, 1, 9)      [] [W, SW]
    603     0x00006100       0xFFFFFF80      0x00000100         (0, 0, 12)      [2] []
    604     0x0000C700       0xFFFFFF80      0x00000200         (0, 0, 8)      [3] []
    605     0x0000BB80       0xFFFFFF80      0x00008000         (0, 0, 7)      [9] []
    606     0x0000DE80       0xFFFFFF80      0x00000008         (0, 0, 11)      [] [W]
    607     0x00017300       0xFFFFFF80      0x00008000         (0, 1, 14)      [9] []
    608     0x00004080       0xFFFFFF80      0x003FFF80         (0, 0, 8)      [1, 2, 3, 4, 5, 6, 7, 8, 9, 10, 11, 12, 13, 14, 15] []
    609     0x00023280       0xFFFFFF80      0x00000002         (0, 2, 6)      [] [NE]
    610     0x00013A80       0xFFFFFF80      0x00000008         (0, 1, 7)      [] [W]
    611     0x0000A380       0xFFFFFF80      0x00000008         (0, 0, 4)      [] [W]
    612     0x00004100       0xFFFFFF80      0x003FFF80         (0, 0, 8)      [1, 2, 3, 4, 5, 6, 7, 8, 9, 10, 11, 12, 13, 14, 15] []
    613     0x0000BE00       0xFFFFFF80      0x00100010         (0, 0, 7)      [14] [SW]
    614     0x00008F80       0xFFFFFF80      0x00004000         (0, 0, 1)      [8] []
    615     0x00023200       0xFFFFFF80      0x00000002         (0, 2, 6)      [] [NE]
    616     0x00002800       0xFFFFFF80      0x00000400         (0, 0, 5)      [4] []
    617     0x0000EB80       0xFFFFFF80      0x00000008         (0, 0, 13)      [] [W]
    618     0x00017400       0xFFFFFF80      0x00020000         (0, 1, 14)      [11] []
    619     0x00023780       0xFFFFFF80      0x00000100         (0, 2, 6)      [2] []
    620     0x00010B00       0xFFFFFF80      0x00000010         (0, 1, 1)      [] [SW]
    621     0x00015480       0xFFFFFF80      0x00000010         (0, 1, 10)      [] [SW]
    622     0x0000FD00       0xFFFFFF80      0x00000018         (0, 0, 15)      [] [W, SW]
    623     0x00013280       0xFFFFFF80      0x00200008         (0, 1, 6)      [15] [W]
    624     0x00016400       0xFFFFFF80      0x00000008         (0, 1, 12)      [] [W]
    625     0x0000BF80       0xFFFFFF80      0x00000018         (0, 0, 7)      [] [W, SW]
    626     0x0001B600       0xFFFFFF80      0x00100002         (0, 1, 6)      [14] [NE]
    627     0x0000DB00       0xFFFFFF80      0x00100000         (0, 0, 11)      [14] []
    628     0x0000AE00       0xFFFFFF80      0x00020000         (0, 0, 5)      [11] []
    629     0x0000C980       0xFFFFFF80      0x00004000         (0, 0, 9)      [8] []
    630     0x00007180       0xFFFFFF80      0x00001000         (0, 0, 14)      [6] []
    631     0x0000F500       0xFFFFFF80      0x00004000         (0, 0, 14)      [8] []
    632     0x00013480       0xFFFFFF80      0x00000008         (0, 1, 6)      [] [W]
    633     0x00023180       0xFFFFFF80      0x00000002         (0, 2, 6)      [] [NE]
    634     0x0000AF80       0xFFFFFF80      0x00100000         (0, 0, 5)      [14] []
    635     0x00033500       0xFFFFFF00      0x00000002         (0, 3, 6)      [] [NE]
    636     0x00018D00       0xFFFFFF80      0x00100010         (0, 1, 1)      [14] [SW]
    637     0x0000B380       0xFFFFFF80      0x00000008         (0, 0, 6)      [] [W]
    638     0x00004980       0xFFFFFF80      0x003FFFB7         (0, 0, 9)      [1, 2, 3, 4, 5, 6, 7, 8, 9, 10, 11, 12, 13, 14, 15] [E, NE, N, SW, S]
    639     0x0001B000       0xFFFFFF80      0x00000002         (0, 1, 6)      [] [NE]
    640     0x0000DD00       0xFFFFFF80      0x00000008         (0, 0, 11)      [] [W]
    641     0x0001B080       0xFFFFFF80      0x00000002         (0, 1, 6)      [] [NE]
    642     0x00014600       0xFFFFFF80      0x00000008         (0, 1, 8)      [] [W]
    643     0x00008E80       0xFFFFFF80      0x00001000         (0, 0, 1)      [6] []
    644     0x00015280       0xFFFFFF80      0x00000010         (0, 1, 10)      [] [SW]
    645     0x00013100       0xFFFFFF80      0x00040000         (0, 1, 6)      [12] []
    646     0x0002D000       0xFFFFFF00      0x00000200         (0, 2, 10)      [3] []
    647     0x00000A80       0xFFFFFF80      0x00000200         (0, 0, 1)      [3] []
    648     0x00000300       0xFFFFFF80      0x00800000         (0, 0, 0)      [17] []
    649     0x00016880       0xFFFFFF80      0x00080000         (0, 1, 13)      [13] []
    650     0x00005800       0xFFFFFF80      0x00CC0000         (0, 0, 11)      [16, 17, 12, 13] []
    651     0x00000680       0xFFFFFF80      0x00000006         (0, 0, 0)      [] [NE, N]
    652     0x00006680       0xFFFFFF80      0x00080000         (0, 0, 12)      [13] []
    653     0x0001C000       0xFFFFFF80      0x00000002         (0, 1, 8)      [] [NE]
    654     0x00009000       0xFFFFFF80      0x00008000         (0, 0, 2)      [9] []
    655     0x00001880       0xFFFFFF80      0x00000100         (0, 0, 3)      [2] []
    656     0x0000E600       0xFFFFFF80      0x00002000         (0, 0, 12)      [7] []
    657     0x00004F00       0xFFFFFF80      0x00C00000         (0, 0, 9)      [16, 17] []
    658     0x00015A00       0xFFFFFF80      0x00010000         (0, 1, 11)      [10] []
    659     0x0000D500       0xFFFFFF80      0x00000100         (0, 0, 10)      [2] []
    660     0x00003900       0xFFFFFF80      0x00018000         (0, 0, 7)      [9, 10] []
    661     0x00015F00       0xFFFFFF80      0x00000008         (0, 1, 11)      [] [W]
    662     0x0001C180       0xFFFFFF80      0x00000002         (0, 1, 8)      [] [NE]
    663     0x0001BF80       0xFFFFFF80      0x00200002         (0, 1, 7)      [15] [NE]
    664     0x00033700       0xFFFFFF00      0x00000002         (0, 3, 6)      [] [NE]
    665     0x0001E200       0xFFFFFF80      0x00000002         (0, 1, 12)      [] [NE]
    666     0x00019E80       0xFFFFFF80      0x00000002         (0, 1, 3)      [] [NE]
    667     0x00014100       0xFFFFFF80      0x00200008         (0, 1, 8)      [15] [W]
    668     0x00014200       0xFFFFFF80      0x00000008         (0, 1, 8)      [] [W]
    669     0x00014980       0xFFFFFF80      0x00000400         (0, 1, 9)      [4] []
    670     0x00001D80       0xFFFFFF80      0x00040006         (0, 0, 3)      [12] [NE, N]
    671     0x0000C880       0xFFFFFF80      0x00001000         (0, 0, 9)      [6] []
    672     0x00006780       0xFFFFFF80      0x00200008         (0, 0, 12)      [15] [W]
    673     0x00018D80       0xFFFFFF80      0x00200010         (0, 1, 1)      [15] [SW]
    674     0x0002D600       0xFFFFFF00      0x00008000         (0, 2, 10)      [9] []
    675     0x00010A00       0xFFFFFF80      0x00000010         (0, 1, 1)      [] [SW]
    676     0x0000FE00       0xFFFFFF80      0x00000018         (0, 0, 15)      [] [W, SW]
    677     0x00009480       0xFFFFFF80      0x00000008         (0, 0, 2)      [] [W]
    678     0x0001E000       0xFFFFFF80      0x00000002         (0, 1, 12)      [] [NE]
    679     0x0000BD00       0xFFFFFF80      0x00040010         (0, 0, 7)      [12] [SW]
    680     0x0000C280       0xFFFFFF80      0x00000010         (0, 0, 8)      [] [SW]
    681     0x00004A80       0xFFFFFF80      0x003FFFBF         (0, 0, 9)      [1, 2, 3, 4, 5, 6, 7, 8, 9, 10, 11, 12, 13, 14, 15] [E, NE, N, W, SW, S]
    682     0x0000C080       0xFFFFFF80      0x00000018         (0, 0, 8)      [] [W, SW]
    683     0x00023300       0xFFFFFF80      0x00000002         (0, 2, 6)      [] [NE]
    684     0x00003780       0xFFFFFF80      0x00003000         (0, 0, 6)      [6, 7] []
    685     0x00015180       0xFFFFFF80      0x00000010         (0, 1, 10)      [] [SW]
    686     0x00019400       0xFFFFFF80      0x00000002         (0, 1, 2)      [] [NE]
    687     0x00013C80       0xFFFFFF80      0x00001000         (0, 1, 7)      [6] []
    688     0x00008080       0xFFFFFF80      0x00002020         (0, 0, 0)      [7] [S]
    689     0x00004700       0xFFFFFF80      0x003FFFA7         (0, 0, 8)      [1, 2, 3, 4, 5, 6, 7, 8, 9, 10, 11, 12, 13, 14, 15] [E, NE, N, S]
    690     0x00018180       0xFFFFFF80      0x00100000         (0, 1, 0)      [14] []
    691     0x00014F80       0xFFFFFF80      0x00000018         (0, 1, 9)      [] [W, SW]
    692     0x00033B00       0xFFFFFF00      0x00000002         (0, 3, 7)      [] [NE]
    693     0x00015380       0xFFFFFF80      0x00000010         (0, 1, 10)      [] [SW]
    694     0x00033A00       0xFFFFFF00      0x00000002         (0, 3, 7)      [] [NE]
    695     0x0000F280       0xFFFFFF80      0x00000200         (0, 0, 14)      [3] []
    696     0x00017500       0xFFFFFF80      0x00080000         (0, 1, 14)      [13] []
    697     0x00010C00       0xFFFFFF80      0x00000010         (0, 1, 1)      [] [SW]
    698     0x00004D00       0xFFFFFF80      0x00C00000         (0, 0, 9)      [16, 17] []
    699     0x00007E00       0xFFFFFF80      0x00000100         (0, 0, 15)      [2] []
    700     0x00008C00       0xFFFFFF80      0x00000080         (0, 0, 1)      [1] []
    701     0x00016000       0xFFFFFF80      0x00000008         (0, 1, 12)      [] [W]
    702     0x00006380       0xFFFFFF80      0x00002000         (0, 0, 12)      [7] []
    703     0x00011D80       0xFFFFFF80      0x00000100         (0, 1, 3)      [2] []
    704     0x00010F80       0xFFFFFF80      0x00000200         (0, 1, 1)      [3] []
    705     0x00005900       0xFFFFFF80      0x00F00008         (0, 0, 11)      [16, 17, 14, 15] [W]
    706     0x0000DE00       0xFFFFFF80      0x00000008         (0, 0, 11)      [] [W]
    707     0x00000C00       0xFFFFFF80      0x00001000         (0, 0, 1)      [6] []
    708     0x00001180       0xFFFFFF80      0x00800000         (0, 0, 2)      [17] []
    709     0x00014C00       0xFFFFFF80      0x00008000         (0, 1, 9)      [9] []
    710     0x00015580       0xFFFFFF80      0x00000010         (0, 1, 10)      [] [SW]
    711     0x0001B900       0xFFFFFF80      0x00000002         (0, 1, 7)      [] [NE]
    712     0x00015880       0xFFFFFF80      0x00002000         (0, 1, 11)      [7] []
    713     0x00008000       0xFFFFFF80      0x00001020         (0, 0, 0)      [6] [S]
    714     0x00004180       0xFFFFFF80      0x003FFF80         (0, 0, 8)      [1, 2, 3, 4, 5, 6, 7, 8, 9, 10, 11, 12, 13, 14, 15] []
    715     0x00014300       0xFFFFFF80      0x00000008         (0, 1, 8)      [] [W]
    716     0x00019880       0xFFFFFF80      0x00200002         (0, 1, 3)      [15] [NE]
    717     0x0000A000       0xFFFFFF80      0x00040000         (0, 0, 4)      [12] []
    718     0x00019580       0xFFFFFF80      0x00000002         (0, 1, 2)      [] [NE]
    719     0x00010280       0xFFFFFF80      0x00001000         (0, 1, 0)      [6] []
    720     0x00007500       0xFFFFFF80      0x00080000         (0, 0, 14)      [13] []
    721     0x00000780       0xFFFFFF80      0x00000006         (0, 0, 0)      [] [NE, N]
    722     0x00004C00       0xFFFFFF80      0x00C00000         (0, 0, 9)      [16, 17] []
    723     0x00007380       0xFFFFFF80      0x00010000         (0, 0, 14)      [10] []
    724     0x0000E500       0xFFFFFF80      0x00000800         (0, 0, 12)      [5] []
    725     0x00002A00       0xFFFFFF80      0x00004000         (0, 0, 5)      [8] []
    726     0x00000B80       0xFFFFFF80      0x00000800         (0, 0, 1)      [5] []
    727     0x0001A280       0xFFFFFF80      0x00100002         (0, 1, 4)      [14] [NE]
    728     0x00023700       0xFFFFFF80      0x00000080         (0, 2, 6)      [1] []
    729     0x00004400       0xFFFFFF80      0x003FFFA7         (0, 0, 8)      [1, 2, 3, 4, 5, 6, 7, 8, 9, 10, 11, 12, 13, 14, 15] [E, NE, N, S]
    730     0x0001A980       0xFFFFFF80      0x00000002         (0, 1, 5)      [] [NE]
    731     0x00005000       0xFFFFFF80      0x00C00000         (0, 0, 10)      [16, 17] []
    732     0x00009E80       0xFFFFFF80      0x00008000         (0, 0, 3)      [9] []
    733     0x00019480       0xFFFFFF80      0x00000002         (0, 1, 2)      [] [NE]
    734     0x0000B900       0xFFFFFF80      0x00000400         (0, 0, 7)      [4] []
    735     0x00017F80       0xFFFFFF80      0x00010000         (0, 1, 15)      [10] []
    736     0x00006800       0xFFFFFF80      0x00000008         (0, 0, 13)      [] [W]
    737     0x00012780       0xFFFFFF80      0x00000008         (0, 1, 4)      [] [W]
    738     0x00019980       0xFFFFFF80      0x00000002         (0, 1, 3)      [] [NE]
    739     0x00018600       0xFFFFFF80      0x00000018         (0, 1, 0)      [] [W, SW]
    740     0x00008200       0xFFFFFF80      0x00010020         (0, 0, 0)      [10] [S]
    741     0x0000FE80       0xFFFFFF80      0x00000018         (0, 0, 15)      [] [W, SW]
    742     0x0002D700       0xFFFFFF00      0x00010000         (0, 2, 10)      [10] []
    743     0x0000F600       0xFFFFFF80      0x00010000         (0, 0, 14)      [10] []
    744     0x0001C080       0xFFFFFF80      0x00000002         (0, 1, 8)      [] [NE]
    745     0x0000BA00       0xFFFFFF80      0x00001000         (0, 0, 7)      [6] []
    746     0x0001AF80       0xFFFFFF80      0x00000002         (0, 1, 5)      [] [NE]
    747     0x00023D80       0xFFFFFF80      0x00100000         (0, 2, 7)      [14] []
    748     0x00001800       0xFFFFFF80      0x00000080         (0, 0, 3)      [1] []
    749     0x00010300       0xFFFFFF80      0x00002000         (0, 1, 0)      [7] []
    750     0x00010600       0xFFFFFF80      0x00080010         (0, 1, 0)      [13] [SW]
    751     0x00010180       0xFFFFFF80      0x00000400         (0, 1, 0)      [4] []
    752     0x00023A80       0xFFFFFF80      0x00004000         (0, 2, 7)      [8] []
    753     0x0001ED80       0xFFFFFF80      0x00000002         (0, 1, 13)      [] [NE]
    754     0x00014800       0xFFFFFF80      0x00000018         (0, 1, 9)      [] [W, SW]
    755     0x00014D80       0xFFFFFF80      0x00040010         (0, 1, 9)      [12] [SW]
