router contains 98 entries 
 
  Index   Key(hex)    Mask(hex)    Route(hex)    Src. Core -> [Cores][Links]
------------------------------------------------------------------------------
    0     0x0001B700       0xFFFFFF80      0x00000010         (0, 1, 6)      [] [SW]
    1     0x00024500       0xFFFFFF80      0x00000080         (0, 2, 8)      [1] []
    2     0x0001A300       0xFFFFFF80      0x00000010         (0, 1, 4)      [] [SW]
    3     0x0001C400       0xFFFFFF80      0x00000020         (0, 1, 8)      [] [S]
    4     0x00048900       0xFFFFFF00      0x00000010         (0, 4, 1)      [] [SW]
    5     0x00023D00       0xFFFFFF80      0x00100000         (0, 2, 7)      [14] []
    6     0x00061300       0xFFFFFF00      0x00000004         (0, 6, 2)      [] [N]
    7     0x00023700       0xFFFFFF80      0x00000100         (0, 2, 6)      [2] []
    8     0x0001B900       0xFFFFFF80      0x00000010         (0, 1, 7)      [] [SW]
    9     0x00061600       0xFFFFFF00      0x00000004         (0, 6, 2)      [] [N]
    10     0x0001A280       0xFFFFFF80      0x00000010         (0, 1, 4)      [] [SW]
    11     0x0001C500       0xFFFFFF80      0x00000020         (0, 1, 8)      [] [S]
    12     0x0001B680       0xFFFFFF80      0x00000010         (0, 1, 6)      [] [SW]
    13     0x00021E00       0xFFFFFF80      0x00FFFF00         (0, 2, 3)      [2, 3, 4, 5, 6, 7, 8, 9, 10, 11, 12, 13, 14, 15, 16, 17] []
    14     0x00023D80       0xFFFFFF80      0x00200000         (0, 2, 7)      [15] []
    15     0x0001FB00       0xFFFFFF80      0x00000008         (0, 1, 15)      [] [W]
    16     0x00023B00       0xFFFFFF80      0x00010020         (0, 2, 7)      [10] [S]
    17     0x0001C100       0xFFFFFF80      0x00000030         (0, 1, 8)      [] [SW, S]
    18     0x00061500       0xFFFFFF00      0x00000004         (0, 6, 2)      [] [N]
    19     0x00048B00       0xFFFFFF00      0x00000010         (0, 4, 1)      [] [SW]
    20     0x00021D80       0xFFFFFF80      0x00000080         (0, 2, 3)      [1] []
    21     0x0001FB80       0xFFFFFF80      0x00000008         (0, 1, 15)      [] [W]
    22     0x00061400       0xFFFFFF00      0x00000004         (0, 6, 2)      [] [N]
    23     0x0001C680       0xFFFFFF80      0x00000020         (0, 1, 8)      [] [S]
    24     0x00048A00       0xFFFFFF00      0x00000010         (0, 4, 1)      [] [SW]
    25     0x00022780       0xFFFFFF80      0x00000020         (0, 2, 4)      [] [S]
    26     0x00023C00       0xFFFFFF80      0x00040020         (0, 2, 7)      [12] [S]
    27     0x00048C00       0xFFFFFF00      0x00000010         (0, 4, 1)      [] [SW]
    28     0x00061800       0xFFFFFF00      0x00000004         (0, 6, 3)      [] [N]
    29     0x0001C380       0xFFFFFF80      0x00000030         (0, 1, 8)      [] [SW, S]
    30     0x0001C580       0xFFFFFF80      0x00000020         (0, 1, 8)      [] [S]
    31     0x0001A180       0xFFFFFF80      0x00000010         (0, 1, 4)      [] [SW]
    32     0x00048D00       0xFFFFFF00      0x00000010         (0, 4, 1)      [] [SW]
    33     0x0001C080       0xFFFFFF80      0x00000030         (0, 1, 8)      [] [SW, S]
    34     0x0001C480       0xFFFFFF80      0x00000020         (0, 1, 8)      [] [S]
    35     0x00061900       0xFFFFFF00      0x00000004         (0, 6, 3)      [] [N]
    36     0x00048000       0xFFFFFF00      0x00000020         (0, 4, 0)      [] [S]
    37     0x0001A480       0xFFFFFF80      0x00000010         (0, 1, 4)      [] [SW]
    38     0x0001A200       0xFFFFFF80      0x00000010         (0, 1, 4)      [] [SW]
    39     0x00048E00       0xFFFFFF00      0x00000010         (0, 4, 1)      [] [SW]
    40     0x00023980       0xFFFFFF80      0x00002000         (0, 2, 7)      [7] []
    41     0x0001FF80       0xFFFFFF80      0x00000008         (0, 1, 15)      [] [W]
    42     0x00048F00       0xFFFFFF00      0x00000010         (0, 4, 1)      [] [SW]
    43     0x0001B800       0xFFFFFF80      0x00000010         (0, 1, 7)      [] [SW]
    44     0x0001B880       0xFFFFFF80      0x00000010         (0, 1, 7)      [] [SW]
    45     0x00061A00       0xFFFFFF00      0x00000004         (0, 6, 3)      [] [N]
    46     0x00019C80       0xFFFFFF80      0x00000010         (0, 1, 3)      [] [SW]
    47     0x00023A00       0xFFFFFF80      0x00004000         (0, 2, 7)      [8] []
    48     0x0001B780       0xFFFFFF80      0x00000010         (0, 1, 6)      [] [SW]
    49     0x0001C600       0xFFFFFF80      0x00000020         (0, 1, 8)      [] [S]
    50     0x00061C00       0xFFFFFF00      0x00000004         (0, 6, 3)      [] [N]
    51     0x00061B00       0xFFFFFF00      0x00000004         (0, 6, 3)      [] [N]
    52     0x0001A100       0xFFFFFF80      0x00000010         (0, 1, 4)      [] [SW]
    53     0x00061E00       0xFFFFFF00      0x00000004         (0, 6, 3)      [] [N]
    54     0x0001C280       0xFFFFFF80      0x00000030         (0, 1, 8)      [] [SW, S]
    55     0x00062300       0xFFFFFF00      0x00000004         (0, 6, 4)      [] [N]
    56     0x00023780       0xFFFFFF80      0x00000200         (0, 2, 6)      [3] []
    57     0x0001BA80       0xFFFFFF80      0x00000010         (0, 1, 7)      [] [SW]
    58     0x0001BE80       0xFFFFFF80      0x00000020         (0, 1, 7)      [] [S]
    59     0x00023C80       0xFFFFFF80      0x00080020         (0, 2, 7)      [13] [S]
    60     0x00048100       0xFFFFFF00      0x00000020         (0, 4, 0)      [] [S]
    61     0x0001BF00       0xFFFFFF80      0x00000010         (0, 1, 7)      [] [SW]
    62     0x00023E80       0xFFFFFF80      0x00800000         (0, 2, 7)      [17] []
    63     0x00022680       0xFFFFFF80      0x00000020         (0, 2, 4)      [] [S]
    64     0x00049000       0xFFFFFF00      0x00000010         (0, 4, 2)      [] [SW]
    65     0x0001FC00       0xFFFFFF80      0x00000008         (0, 1, 15)      [] [W]
    66     0x00061D00       0xFFFFFF00      0x00000004         (0, 6, 3)      [] [N]
    67     0x0001C200       0xFFFFFF80      0x00000030         (0, 1, 8)      [] [SW, S]
    68     0x00048200       0xFFFFFF00      0x00000010         (0, 4, 0)      [] [SW]
    69     0x00023880       0xFFFFFF80      0x00000800         (0, 2, 7)      [5] []
    70     0x00061F00       0xFFFFFF00      0x00000004         (0, 6, 3)      [] [N]
    71     0x0001A380       0xFFFFFF80      0x00000010         (0, 1, 4)      [] [SW]
    72     0x0001B600       0xFFFFFF80      0x00000010         (0, 1, 6)      [] [SW]
    73     0x00020000       0xFFFFFF80      0x00000008         (0, 2, 0)      [] [W]
    74     0x00048300       0xFFFFFF00      0x00000010         (0, 4, 0)      [] [SW]
    75     0x0001B980       0xFFFFFF80      0x00000010         (0, 1, 7)      [] [SW]
    76     0x00062000       0xFFFFFF00      0x00000004         (0, 6, 4)      [] [N]
    77     0x0001C180       0xFFFFFF80      0x00000030         (0, 1, 8)      [] [SW, S]
    78     0x00023E00       0xFFFFFF80      0x00400000         (0, 2, 7)      [16] []
    79     0x00048400       0xFFFFFF00      0x00000010         (0, 4, 0)      [] [SW]
    80     0x00062100       0xFFFFFF00      0x00000004         (0, 6, 4)      [] [N]
    81     0x00023B80       0xFFFFFF80      0x00020020         (0, 2, 7)      [11] [S]
    82     0x00023A80       0xFFFFFF80      0x00008020         (0, 2, 7)      [9] [S]
    83     0x00020080       0xFFFFFF80      0x00000008         (0, 2, 0)      [] [W]
    84     0x0001C000       0xFFFFFF80      0x00000030         (0, 1, 8)      [] [SW, S]
    85     0x00062200       0xFFFFFF00      0x00000004         (0, 6, 4)      [] [N]
    86     0x0001A400       0xFFFFFF80      0x00000010         (0, 1, 4)      [] [SW]
    87     0x00048600       0xFFFFFF00      0x00000010         (0, 4, 0)      [] [SW]
    88     0x0001C300       0xFFFFFF80      0x00000030         (0, 1, 8)      [] [SW, S]
    89     0x0001BA00       0xFFFFFF80      0x00000010         (0, 1, 7)      [] [SW]
    90     0x00022700       0xFFFFFF80      0x00000020         (0, 2, 4)      [] [S]
    91     0x00061700       0xFFFFFF00      0x00000004         (0, 6, 2)      [] [N]
    92     0x00048700       0xFFFFFF00      0x00000010         (0, 4, 0)      [] [SW]
    93     0x0001BF80       0xFFFFFF80      0x00000030         (0, 1, 7)      [] [SW, S]
    94     0x00023800       0xFFFFFF80      0x00000400         (0, 2, 7)      [4] []
    95     0x00048500       0xFFFFFF00      0x00000010         (0, 4, 0)      [] [SW]
    96     0x00048800       0xFFFFFF00      0x00000010         (0, 4, 1)      [] [SW]
    97     0x00023900       0xFFFFFF80      0x00001000         (0, 2, 7)      [6] []
