router contains 704 entries 
 
  Index   Key(hex)    Mask(hex)    Route(hex)    Src. Core -> [Cores][Links]
------------------------------------------------------------------------------
    0     0x0001A280       0xFFFFFF80      0x00000002         (0, 1, 4)      [] [NE]
    1     0x00002E00       0xFFFFFF80      0x00180000         (0, 0, 5)      [13, 14] []
    2     0x00000600       0xFFFFFF80      0x00000006         (0, 0, 0)      [] [NE, N]
    3     0x0002D500       0xFFFFFF00      0x00000004         (0, 2, 10)      [] [N]
    4     0x00002B80       0xFFFFFF80      0x00FEC000         (0, 0, 5)      [8, 9, 11, 12, 13, 14, 15, 16, 17] []
    5     0x00000100       0xFFFFFF80      0x00020000         (0, 0, 0)      [11] []
    6     0x0000A280       0xFFFFFF80      0x00000008         (0, 0, 4)      [] [W]
    7     0x00012E00       0xFFFFFF80      0x00000400         (0, 1, 5)      [4] []
    8     0x0001A580       0xFFFFFF80      0x00000001         (0, 1, 4)      [] [E]
    9     0x00016680       0xFFFFFF80      0x00002000         (0, 1, 12)      [7] []
    10     0x00018F80       0xFFFFFF80      0x00000010         (0, 1, 1)      [] [SW]
    11     0x00012A80       0xFFFFFF80      0x00000008         (0, 1, 5)      [] [W]
    12     0x00023500       0xFFFFFF80      0x00000002         (0, 2, 6)      [] [NE]
    13     0x00013080       0xFFFFFF80      0x00008000         (0, 1, 6)      [9] []
    14     0x00003600       0xFFFFFF80      0x00000080         (0, 0, 6)      [1] []
    15     0x0001C080       0xFFFFFF80      0x00000002         (0, 1, 8)      [] [NE]
    16     0x00001900       0xFFFFFF80      0x0001FFA7         (0, 0, 3)      [1, 2, 3, 4, 5, 6, 7, 8, 9, 10] [E, NE, N, S]
    17     0x0000F880       0xFFFFFF80      0x00000018         (0, 0, 15)      [] [W, SW]
    18     0x00023580       0xFFFFFF80      0x00000002         (0, 2, 6)      [] [NE]
    19     0x00001A00       0xFFFFFF80      0x0001FFA7         (0, 0, 3)      [1, 2, 3, 4, 5, 6, 7, 8, 9, 10] [E, NE, N, S]
    20     0x0000EC80       0xFFFFFF80      0x00000008         (0, 0, 13)      [] [W]
    21     0x00017A80       0xFFFFFF80      0x00000008         (0, 1, 15)      [] [W]
    22     0x0002DC00       0xFFFFFF00      0x00000004         (0, 2, 11)      [] [N]
    23     0x00012400       0xFFFFFF80      0x00000008         (0, 1, 4)      [] [W]
    24     0x0000DC00       0xFFFFFF80      0x00000008         (0, 0, 11)      [] [W]
    25     0x00001880       0xFFFFFF80      0x0001FF80         (0, 0, 3)      [1, 2, 3, 4, 5, 6, 7, 8, 9, 10] []
    26     0x00010700       0xFFFFFF80      0x00000010         (0, 1, 0)      [] [SW]
    27     0x00002D80       0xFFFFFF80      0x000C0000         (0, 0, 5)      [12, 13] []
    28     0x00002800       0xFFFFFF80      0x00FE0180         (0, 0, 5)      [1, 2, 11, 12, 13, 14, 15, 16, 17] []
    29     0x00011300       0xFFFFFF80      0x00004000         (0, 1, 2)      [8] []
    30     0x00010A00       0xFFFFFF80      0x00000010         (0, 1, 1)      [] [SW]
    31     0x00007000       0xFFFFFF80      0x00000080         (0, 0, 14)      [1] []
    32     0x0001C100       0xFFFFFF80      0x00000002         (0, 1, 8)      [] [NE]
    33     0x0000A180       0xFFFFFF80      0x00000008         (0, 0, 4)      [] [W]
    34     0x00027B00       0xFFFFFF00      0x00000200         (0, 2, 15)      [3] []
    35     0x0001C200       0xFFFFFF80      0x00000002         (0, 1, 8)      [] [NE]
    36     0x0001A180       0xFFFFFF80      0x00010002         (0, 1, 4)      [10] [NE]
    37     0x00009E00       0xFFFFFF80      0x00001000         (0, 0, 3)      [6] []
    38     0x00003980       0xFFFFFF80      0x00004000         (0, 0, 7)      [8] []
    39     0x00000800       0xFFFFFF80      0x00000006         (0, 0, 1)      [] [NE, N]
    40     0x00009200       0xFFFFFF80      0x00000008         (0, 0, 2)      [] [W]
    41     0x00013F80       0xFFFFFF80      0x00010018         (0, 1, 7)      [10] [W, SW]
    42     0x00002A00       0xFFFFFF80      0x00FE1800         (0, 0, 5)      [5, 6, 11, 12, 13, 14, 15, 16, 17] []
    43     0x00009300       0xFFFFFF80      0x00000008         (0, 0, 2)      [] [W]
    44     0x0000F780       0xFFFFFF80      0x00000018         (0, 0, 14)      [] [W, SW]
    45     0x00006580       0xFFFFFF80      0x00008000         (0, 0, 12)      [9] []
    46     0x00000E80       0xFFFFFF80      0x00018000         (0, 0, 1)      [9, 10] []
    47     0x00023180       0xFFFFFF80      0x00800003         (0, 2, 6)      [17] [E, NE]
    48     0x00012780       0xFFFFFF80      0x00000008         (0, 1, 4)      [] [W]
    49     0x00013780       0xFFFFFF80      0x00000008         (0, 1, 6)      [] [W]
    50     0x0000C100       0xFFFFFF80      0x00000010         (0, 0, 8)      [] [SW]
    51     0x00006180       0xFFFFFF80      0x00000080         (0, 0, 12)      [1] []
    52     0x00013280       0xFFFFFF80      0x00000008         (0, 1, 6)      [] [W]
    53     0x00000180       0xFFFFFF80      0x00040000         (0, 0, 0)      [12] []
    54     0x0002D700       0xFFFFFF00      0x00000004         (0, 2, 10)      [] [N]
    55     0x0000CC80       0xFFFFFF80      0x00000008         (0, 0, 9)      [] [W]
    56     0x00028700       0xFFFFFF00      0x00200000         (0, 2, 0)      [15] []
    57     0x00013100       0xFFFFFF80      0x00010008         (0, 1, 6)      [10] [W]
    58     0x00014680       0xFFFFFF80      0x00000008         (0, 1, 8)      [] [W]
    59     0x00001400       0xFFFFFF80      0x0001FF80         (0, 0, 2)      [1, 2, 3, 4, 5, 6, 7, 8, 9, 10] []
    60     0x0000D900       0xFFFFFF80      0x00004000         (0, 0, 11)      [8] []
    61     0x0000F680       0xFFFFFF80      0x00008010         (0, 0, 14)      [9] [SW]
    62     0x00012100       0xFFFFFF80      0x00002000         (0, 1, 4)      [7] []
    63     0x00015680       0xFFFFFF80      0x00000010         (0, 1, 10)      [] [SW]
    64     0x0002DA00       0xFFFFFF00      0x00000004         (0, 2, 11)      [] [N]
    65     0x00010400       0xFFFFFF80      0x00002000         (0, 1, 0)      [7] []
    66     0x00015000       0xFFFFFF80      0x00000010         (0, 1, 10)      [] [SW]
    67     0x00001E00       0xFFFFFF80      0x00FE0021         (0, 0, 3)      [11, 12, 13, 14, 15, 16, 17] [E, S]
    68     0x00022F80       0xFFFFFF80      0x00080003         (0, 2, 5)      [13] [E, NE]
    69     0x00006400       0xFFFFFF80      0x00001000         (0, 0, 12)      [6] []
    70     0x0000D580       0xFFFFFF80      0x00000080         (0, 0, 10)      [1] []
    71     0x00021600       0xFFFFFF80      0x00000001         (0, 2, 2)      [] [E]
    72     0x00008180       0xFFFFFF80      0x00002000         (0, 0, 0)      [7] []
    73     0x00013900       0xFFFFFF80      0x00000008         (0, 1, 7)      [] [W]
    74     0x00012080       0xFFFFFF80      0x00001000         (0, 1, 4)      [6] []
    75     0x00010380       0xFFFFFF80      0x00001000         (0, 1, 0)      [6] []
    76     0x00019B00       0xFFFFFF80      0x00000003         (0, 1, 3)      [] [E, NE]
    77     0x00008580       0xFFFFFF80      0x00000030         (0, 0, 0)      [] [SW, S]
    78     0x00009000       0xFFFFFF80      0x00002000         (0, 0, 2)      [7] []
    79     0x0001A100       0xFFFFFF80      0x00008002         (0, 1, 4)      [9] [NE]
    80     0x0000C780       0xFFFFFF80      0x00000100         (0, 0, 8)      [2] []
    81     0x0000ED80       0xFFFFFF80      0x00000008         (0, 0, 13)      [] [W]
    82     0x00001F00       0xFFFFFF80      0x00FE0023         (0, 0, 3)      [11, 12, 13, 14, 15, 16, 17] [E, NE, S]
    83     0x00027E00       0xFFFFFF00      0x00001000         (0, 2, 15)      [6] []
    84     0x00006200       0xFFFFFF80      0x00000100         (0, 0, 12)      [2] []
    85     0x00009500       0xFFFFFF80      0x00000008         (0, 0, 2)      [] [W]
    86     0x00007F80       0xFFFFFF80      0x00000200         (0, 0, 15)      [3] []
    87     0x00023A80       0xFFFFFF80      0x00001000         (0, 2, 7)      [6] []
    88     0x00019680       0xFFFFFF80      0x00008003         (0, 1, 2)      [9] [E, NE]
    89     0x00005600       0xFFFFFF80      0x00002000         (0, 0, 10)      [7] []
    90     0x00001080       0xFFFFFF80      0x0019FF80         (0, 0, 2)      [1, 2, 3, 4, 5, 6, 7, 8, 9, 10, 13, 14] []
    91     0x00002500       0xFFFFFF80      0x00FE0000         (0, 0, 4)      [11, 12, 13, 14, 15, 16, 17] []
    92     0x0001ED80       0xFFFFFF80      0x00000001         (0, 1, 13)      [] [E]
    93     0x0000E000       0xFFFFFF80      0x00000008         (0, 0, 12)      [] [W]
    94     0x00013F00       0xFFFFFF80      0x00008000         (0, 1, 7)      [9] []
    95     0x00007200       0xFFFFFF80      0x00000800         (0, 0, 14)      [5] []
    96     0x00013C00       0xFFFFFF80      0x00000200         (0, 1, 7)      [3] []
    97     0x00002180       0xFFFFFF80      0x00FE0000         (0, 0, 4)      [11, 12, 13, 14, 15, 16, 17] []
    98     0x0000BD00       0xFFFFFF80      0x00010010         (0, 0, 7)      [10] [SW]
    99     0x0000DA00       0xFFFFFF80      0x00010008         (0, 0, 11)      [10] [W]
    100     0x00000C00       0xFFFFFF80      0x00000C00         (0, 0, 1)      [4, 5] []
    101     0x00009F00       0xFFFFFF80      0x00004000         (0, 0, 3)      [8] []
    102     0x00024600       0xFFFFFF80      0x00000008         (0, 2, 8)      [] [W]
    103     0x00017C80       0xFFFFFF80      0x00000008         (0, 1, 15)      [] [W]
    104     0x0002D800       0xFFFFFF00      0x00000004         (0, 2, 11)      [] [N]
    105     0x00018180       0xFFFFFF80      0x00000008         (0, 1, 0)      [] [W]
    106     0x00027A00       0xFFFFFF00      0x00000100         (0, 2, 15)      [2] []
    107     0x00001F80       0xFFFFFF80      0x00FE0027         (0, 0, 3)      [11, 12, 13, 14, 15, 16, 17] [E, NE, N, S]
    108     0x00018D00       0xFFFFFF80      0x00000010         (0, 1, 1)      [] [SW]
    109     0x00013200       0xFFFFFF80      0x00000008         (0, 1, 6)      [] [W]
    110     0x00028400       0xFFFFFF00      0x00040000         (0, 2, 0)      [12] []
    111     0x0000AD00       0xFFFFFF80      0x00002000         (0, 0, 5)      [7] []
    112     0x00003B00       0xFFFFFF80      0x00000018         (0, 0, 7)      [] [W, SW]
    113     0x00011E80       0xFFFFFF80      0x00000100         (0, 1, 3)      [2] []
    114     0x0000B100       0xFFFFFF80      0x00000018         (0, 0, 6)      [] [W, SW]
    115     0x0001A200       0xFFFFFF80      0x00000002         (0, 1, 4)      [] [NE]
    116     0x00013D80       0xFFFFFF80      0x00001000         (0, 1, 7)      [6] []
    117     0x0000EA00       0xFFFFFF80      0x00000008         (0, 0, 13)      [] [W]
    118     0x0000DE80       0xFFFFFF80      0x00000008         (0, 0, 11)      [] [W]
    119     0x00015A80       0xFFFFFF80      0x00008000         (0, 1, 11)      [9] []
    120     0x00001800       0xFFFFFF80      0x0001FF80         (0, 0, 3)      [1, 2, 3, 4, 5, 6, 7, 8, 9, 10] []
    121     0x00013000       0xFFFFFF80      0x00004000         (0, 1, 6)      [8] []
    122     0x0001C180       0xFFFFFF80      0x00000002         (0, 1, 8)      [] [NE]
    123     0x00001500       0xFFFFFF80      0x0001FF80         (0, 0, 2)      [1, 2, 3, 4, 5, 6, 7, 8, 9, 10] []
    124     0x00013580       0xFFFFFF80      0x00000008         (0, 1, 6)      [] [W]
    125     0x00004600       0xFFFFFF80      0x00000420         (0, 0, 8)      [4] [S]
    126     0x00000380       0xFFFFFF80      0x00400002         (0, 0, 0)      [16] [NE]
    127     0x00023980       0xFFFFFF80      0x00000400         (0, 2, 7)      [4] []
    128     0x0000B280       0xFFFFFF80      0x00000018         (0, 0, 6)      [] [W, SW]
    129     0x0001AF00       0xFFFFFF80      0x00000001         (0, 1, 5)      [] [E]
    130     0x0001D080       0xFFFFFF80      0x00000001         (0, 1, 10)      [] [E]
    131     0x00018E00       0xFFFFFF80      0x00000010         (0, 1, 1)      [] [SW]
    132     0x0002D200       0xFFFFFF00      0x00000004         (0, 2, 10)      [] [N]
    133     0x0000D600       0xFFFFFF80      0x00000100         (0, 0, 10)      [2] []
    134     0x00007680       0xFFFFFF80      0x00000010         (0, 0, 14)      [] [SW]
    135     0x0000F600       0xFFFFFF80      0x00004010         (0, 0, 14)      [8] [SW]
    136     0x0000DD00       0xFFFFFF80      0x00000008         (0, 0, 11)      [] [W]
    137     0x0001B900       0xFFFFFF80      0x00000003         (0, 1, 7)      [] [E, NE]
    138     0x00004B00       0xFFFFFF80      0x00100020         (0, 0, 9)      [14] [S]
    139     0x00002D00       0xFFFFFF80      0x00060000         (0, 0, 5)      [11, 12] []
    140     0x00010880       0xFFFFFF80      0x00000010         (0, 1, 1)      [] [SW]
    141     0x0000E580       0xFFFFFF80      0x00000400         (0, 0, 12)      [4] []
    142     0x00023680       0xFFFFFF80      0x00000002         (0, 2, 6)      [] [NE]
    143     0x00016780       0xFFFFFF80      0x00008000         (0, 1, 12)      [9] []
    144     0x0000FC80       0xFFFFFF80      0x00000010         (0, 0, 15)      [] [SW]
    145     0x00001680       0xFFFFFF80      0x0001FF80         (0, 0, 2)      [1, 2, 3, 4, 5, 6, 7, 8, 9, 10] []
    146     0x0000FD00       0xFFFFFF80      0x00000010         (0, 0, 15)      [] [SW]
    147     0x00027D00       0xFFFFFF00      0x00000800         (0, 2, 15)      [5] []
    148     0x00016500       0xFFFFFF80      0x00000400         (0, 1, 12)      [4] []
    149     0x0000E780       0xFFFFFF80      0x00004000         (0, 0, 12)      [8] []
    150     0x00015300       0xFFFFFF80      0x00000010         (0, 1, 10)      [] [SW]
    151     0x0001A480       0xFFFFFF80      0x00000002         (0, 1, 4)      [] [NE]
    152     0x00011F80       0xFFFFFF80      0x00000400         (0, 1, 3)      [4] []
    153     0x0000EE80       0xFFFFFF80      0x00000008         (0, 0, 13)      [] [W]
    154     0x00011280       0xFFFFFF80      0x00002000         (0, 1, 2)      [7] []
    155     0x0000CB00       0xFFFFFF80      0x00008000         (0, 0, 9)      [9] []
    156     0x00011F00       0xFFFFFF80      0x00000200         (0, 1, 3)      [3] []
    157     0x00028900       0xFFFFFF00      0x00800000         (0, 2, 1)      [17] []
    158     0x0000BC00       0xFFFFFF80      0x00004010         (0, 0, 7)      [8] [SW]
    159     0x00010A80       0xFFFFFF80      0x00000010         (0, 1, 1)      [] [SW]
    160     0x00023200       0xFFFFFF80      0x00000003         (0, 2, 6)      [] [E, NE]
    161     0x00002680       0xFFFFFF80      0x00FE0000         (0, 0, 4)      [11, 12, 13, 14, 15, 16, 17] []
    162     0x00009C80       0xFFFFFF80      0x00000200         (0, 0, 3)      [3] []
    163     0x0001C300       0xFFFFFF80      0x00000002         (0, 1, 8)      [] [NE]
    164     0x0000E800       0xFFFFFF80      0x00008000         (0, 0, 13)      [9] []
    165     0x0000CC00       0xFFFFFF80      0x00000008         (0, 0, 9)      [] [W]
    166     0x00009B80       0xFFFFFF80      0x00000080         (0, 0, 3)      [1] []
    167     0x00014980       0xFFFFFF80      0x00000100         (0, 1, 9)      [2] []
    168     0x00013E80       0xFFFFFF80      0x00004000         (0, 1, 7)      [8] []
    169     0x0000B000       0xFFFFFF80      0x00000008         (0, 0, 6)      [] [W]
    170     0x00005400       0xFFFFFF80      0x00000200         (0, 0, 10)      [3] []
    171     0x0000EB00       0xFFFFFF80      0x00000008         (0, 0, 13)      [] [W]
    172     0x00024580       0xFFFFFF80      0x00000008         (0, 2, 8)      [] [W]
    173     0x00007100       0xFFFFFF80      0x00000200         (0, 0, 14)      [3] []
    174     0x00014E00       0xFFFFFF80      0x00000010         (0, 1, 9)      [] [SW]
    175     0x00013800       0xFFFFFF80      0x00000008         (0, 1, 7)      [] [W]
    176     0x00004480       0xFFFFFF80      0x000000A0         (0, 0, 8)      [1] [S]
    177     0x00002B00       0xFFFFFF80      0x00FE6000         (0, 0, 5)      [7, 8, 11, 12, 13, 14, 15, 16, 17] []
    178     0x0000B180       0xFFFFFF80      0x00000018         (0, 0, 6)      [] [W, SW]
    179     0x00014400       0xFFFFFF80      0x00000018         (0, 1, 8)      [] [W, SW]
    180     0x00023300       0xFFFFFF80      0x00000003         (0, 2, 6)      [] [E, NE]
    181     0x00011200       0xFFFFFF80      0x00001000         (0, 1, 2)      [6] []
    182     0x0001AD80       0xFFFFFF80      0x00000001         (0, 1, 5)      [] [E]
    183     0x00013680       0xFFFFFF80      0x00000008         (0, 1, 6)      [] [W]
    184     0x00012C80       0xFFFFFF80      0x00000080         (0, 1, 5)      [1] []
    185     0x0000A400       0xFFFFFF80      0x00000008         (0, 0, 4)      [] [W]
    186     0x00014F00       0xFFFFFF80      0x00000010         (0, 1, 9)      [] [SW]
    187     0x00012B80       0xFFFFFF80      0x00000008         (0, 1, 5)      [] [W]
    188     0x00012880       0xFFFFFF80      0x00000008         (0, 1, 5)      [] [W]
    189     0x0000E600       0xFFFFFF80      0x00000800         (0, 0, 12)      [5] []
    190     0x0001A500       0xFFFFFF80      0x00000001         (0, 1, 4)      [] [E]
    191     0x0000AB00       0xFFFFFF80      0x00000200         (0, 0, 5)      [3] []
    192     0x00005300       0xFFFFFF80      0x00000080         (0, 0, 10)      [1] []
    193     0x00008280       0xFFFFFF80      0x00008030         (0, 0, 0)      [9] [SW, S]
    194     0x00002200       0xFFFFFF80      0x00FE0000         (0, 0, 4)      [11, 12, 13, 14, 15, 16, 17] []
    195     0x00001E80       0xFFFFFF80      0x00FE0021         (0, 0, 3)      [11, 12, 13, 14, 15, 16, 17] [E, S]
    196     0x00013300       0xFFFFFF80      0x00000008         (0, 1, 6)      [] [W]
    197     0x00015900       0xFFFFFF80      0x00001000         (0, 1, 11)      [6] []
    198     0x0000DF00       0xFFFFFF80      0x00000008         (0, 0, 11)      [] [W]
    199     0x0000FD80       0xFFFFFF80      0x00000010         (0, 0, 15)      [] [SW]
    200     0x00018100       0xFFFFFF80      0x00000008         (0, 1, 0)      [] [W]
    201     0x0000FC00       0xFFFFFF80      0x00000010         (0, 0, 15)      [] [SW]
    202     0x0002BE00       0xFFFFFF00      0x00000002         (0, 2, 7)      [] [NE]
    203     0x0000F800       0xFFFFFF80      0x00000018         (0, 0, 15)      [] [W, SW]
    204     0x00008680       0xFFFFFF80      0x00000008         (0, 0, 0)      [] [W]
    205     0x00017300       0xFFFFFF80      0x00002000         (0, 1, 14)      [7] []
    206     0x0000F900       0xFFFFFF80      0x00000018         (0, 0, 15)      [] [W, SW]
    207     0x00000580       0xFFFFFF80      0x00000006         (0, 0, 0)      [] [NE, N]
    208     0x00019080       0xFFFFFF80      0x00000010         (0, 1, 2)      [] [SW]
    209     0x0000E400       0xFFFFFF80      0x00000080         (0, 0, 12)      [1] []
    210     0x00003880       0xFFFFFF80      0x00001000         (0, 0, 7)      [6] []
    211     0x0002C000       0xFFFFFF00      0x00000002         (0, 2, 8)      [] [NE]
    212     0x00000780       0xFFFFFF80      0x00000006         (0, 0, 0)      [] [NE, N]
    213     0x00010980       0xFFFFFF80      0x00000010         (0, 1, 1)      [] [SW]
    214     0x00023A00       0xFFFFFF80      0x00000800         (0, 2, 7)      [5] []
    215     0x00017D00       0xFFFFFF80      0x00000008         (0, 1, 15)      [] [W]
    216     0x0000C200       0xFFFFFF80      0x00000010         (0, 0, 8)      [] [SW]
    217     0x00014480       0xFFFFFF80      0x00000018         (0, 1, 8)      [] [W, SW]
    218     0x00019400       0xFFFFFF80      0x00000002         (0, 1, 2)      [] [NE]
    219     0x00002900       0xFFFFFF80      0x00FE0600         (0, 0, 5)      [3, 4, 11, 12, 13, 14, 15, 16, 17] []
    220     0x00001100       0xFFFFFF80      0x0031FF80         (0, 0, 2)      [1, 2, 3, 4, 5, 6, 7, 8, 9, 10, 14, 15] []
    221     0x00019780       0xFFFFFF80      0x00000003         (0, 1, 2)      [] [E, NE]
    222     0x00010500       0xFFFFFF80      0x00008010         (0, 1, 0)      [9] [SW]
    223     0x0001B980       0xFFFFFF80      0x00000002         (0, 1, 7)      [] [NE]
    224     0x0000B880       0xFFFFFF80      0x00000080         (0, 0, 7)      [1] []
    225     0x00003680       0xFFFFFF80      0x00000100         (0, 0, 6)      [2] []
    226     0x00008400       0xFFFFFF80      0x00000030         (0, 0, 0)      [] [SW, S]
    227     0x0002D300       0xFFFFFF00      0x00000004         (0, 2, 10)      [] [N]
    228     0x00009400       0xFFFFFF80      0x00000008         (0, 0, 2)      [] [W]
    229     0x00012D80       0xFFFFFF80      0x00000200         (0, 1, 5)      [3] []
    230     0x0001BB80       0xFFFFFF80      0x00000002         (0, 1, 7)      [] [NE]
    231     0x00028200       0xFFFFFF00      0x00010000         (0, 2, 0)      [10] []
    232     0x00009D80       0xFFFFFF80      0x00000800         (0, 0, 3)      [5] []
    233     0x00007500       0xFFFFFF80      0x00000018         (0, 0, 14)      [] [W, SW]
    234     0x00010600       0xFFFFFF80      0x00000010         (0, 1, 0)      [] [SW]
    235     0x00000280       0xFFFFFF80      0x00100006         (0, 0, 0)      [14] [NE, N]
    236     0x00001B00       0xFFFFFF80      0x0001FFB7         (0, 0, 3)      [1, 2, 3, 4, 5, 6, 7, 8, 9, 10] [E, NE, N, SW, S]
    237     0x00008E00       0xFFFFFF80      0x00000200         (0, 0, 1)      [3] []
    238     0x0000DD80       0xFFFFFF80      0x00000008         (0, 0, 11)      [] [W]
    239     0x00001300       0xFFFFFF80      0x0001FF80         (0, 0, 2)      [1, 2, 3, 4, 5, 6, 7, 8, 9, 10] []
    240     0x0001A300       0xFFFFFF80      0x00000002         (0, 1, 4)      [] [NE]
    241     0x00011E00       0xFFFFFF80      0x00000080         (0, 1, 3)      [1] []
    242     0x0000DA80       0xFFFFFF80      0x00000008         (0, 0, 11)      [] [W]
    243     0x00012380       0xFFFFFF80      0x00000008         (0, 1, 4)      [] [W]
    244     0x00014800       0xFFFFFF80      0x00000010         (0, 1, 9)      [] [SW]
    245     0x00014700       0xFFFFFF80      0x00000008         (0, 1, 8)      [] [W]
    246     0x00007080       0xFFFFFF80      0x00000100         (0, 0, 14)      [2] []
    247     0x00012E80       0xFFFFFF80      0x00000800         (0, 1, 5)      [5] []
    248     0x0000C900       0xFFFFFF80      0x00000800         (0, 0, 9)      [5] []
    249     0x00016580       0xFFFFFF80      0x00000800         (0, 1, 12)      [5] []
    250     0x0000AB80       0xFFFFFF80      0x00000400         (0, 0, 5)      [4] []
    251     0x00007600       0xFFFFFF80      0x00000010         (0, 0, 14)      [] [SW]
    252     0x00007E80       0xFFFFFF80      0x00000080         (0, 0, 15)      [1] []
    253     0x0000AD80       0xFFFFFF80      0x00004000         (0, 0, 5)      [8] []
    254     0x0000CF00       0xFFFFFF80      0x00000008         (0, 0, 9)      [] [W]
    255     0x00002380       0xFFFFFF80      0x00FE0000         (0, 0, 4)      [11, 12, 13, 14, 15, 16, 17] []
    256     0x00005980       0xFFFFFF80      0x00000008         (0, 0, 11)      [] [W]
    257     0x00019A00       0xFFFFFF80      0x00000003         (0, 1, 3)      [] [E, NE]
    258     0x00015B00       0xFFFFFF80      0x00010000         (0, 1, 11)      [10] []
    259     0x0002CA00       0xFFFFFF00      0x00000002         (0, 2, 9)      [] [NE]
    260     0x0000F700       0xFFFFFF80      0x00010018         (0, 0, 14)      [10] [W, SW]
    261     0x00004880       0xFFFFFF80      0x00008030         (0, 0, 9)      [9] [SW, S]
    262     0x00007380       0xFFFFFF80      0x00004010         (0, 0, 14)      [8] [SW]
    263     0x00003B80       0xFFFFFF80      0x00000018         (0, 0, 7)      [] [W, SW]
    264     0x0001B700       0xFFFFFF80      0x00000003         (0, 1, 6)      [] [E, NE]
    265     0x00028500       0xFFFFFF00      0x00080000         (0, 2, 0)      [13] []
    266     0x0000A300       0xFFFFFF80      0x00000008         (0, 0, 4)      [] [W]
    267     0x00018000       0xFFFFFF80      0x00008000         (0, 1, 0)      [9] []
    268     0x00002480       0xFFFFFF80      0x00FE0000         (0, 0, 4)      [11, 12, 13, 14, 15, 16, 17] []
    269     0x00007780       0xFFFFFF80      0x00000010         (0, 0, 14)      [] [SW]
    270     0x0002C600       0xFFFFFF00      0x00000002         (0, 2, 8)      [] [NE]
    271     0x00001780       0xFFFFFF80      0x0001FF80         (0, 0, 2)      [1, 2, 3, 4, 5, 6, 7, 8, 9, 10] []
    272     0x00015980       0xFFFFFF80      0x00002000         (0, 1, 11)      [7] []
    273     0x0000BE80       0xFFFFFF80      0x00000010         (0, 0, 7)      [] [SW]
    274     0x00013B80       0xFFFFFF80      0x00000100         (0, 1, 7)      [2] []
    275     0x0000AE80       0xFFFFFF80      0x00010008         (0, 0, 5)      [10] [W]
    276     0x00018F00       0xFFFFFF80      0x00000010         (0, 1, 1)      [] [SW]
    277     0x00012600       0xFFFFFF80      0x00000008         (0, 1, 4)      [] [W]
    278     0x00017480       0xFFFFFF80      0x00010000         (0, 1, 14)      [10] []
    279     0x00009580       0xFFFFFF80      0x00000008         (0, 0, 2)      [] [W]
    280     0x0000A080       0xFFFFFF80      0x00000008         (0, 0, 4)      [] [W]
    281     0x0000E080       0xFFFFFF80      0x00000008         (0, 0, 12)      [] [W]
    282     0x00012A00       0xFFFFFF80      0x00000008         (0, 1, 5)      [] [W]
    283     0x00002C00       0xFFFFFF80      0x00FF8008         (0, 0, 5)      [9, 10, 11, 12, 13, 14, 15, 16, 17] [W]
    284     0x00001C00       0xFFFFFF80      0x0001FFB7         (0, 0, 3)      [1, 2, 3, 4, 5, 6, 7, 8, 9, 10] [E, NE, N, SW, S]
    285     0x00023C80       0xFFFFFF80      0x00010000         (0, 2, 7)      [10] []
    286     0x00014C00       0xFFFFFF80      0x00002000         (0, 1, 9)      [7] []
    287     0x00012700       0xFFFFFF80      0x00000008         (0, 1, 4)      [] [W]
    288     0x0000DB80       0xFFFFFF80      0x00000008         (0, 0, 11)      [] [W]
    289     0x00011100       0xFFFFFF80      0x00000400         (0, 1, 2)      [4] []
    290     0x0000BA80       0xFFFFFF80      0x00000800         (0, 0, 7)      [5] []
    291     0x00012680       0xFFFFFF80      0x00000008         (0, 1, 4)      [] [W]
    292     0x00012D00       0xFFFFFF80      0x00000100         (0, 1, 5)      [2] []
    293     0x00013A00       0xFFFFFF80      0x00000008         (0, 1, 7)      [] [W]
    294     0x00000500       0xFFFFFF80      0x00000006         (0, 0, 0)      [] [NE, N]
    295     0x00013180       0xFFFFFF80      0x00000008         (0, 1, 6)      [] [W]
    296     0x00013A80       0xFFFFFF80      0x00000008         (0, 1, 7)      [] [W]
    297     0x00015880       0xFFFFFF80      0x00000800         (0, 1, 11)      [5] []
    298     0x00006280       0xFFFFFF80      0x00000200         (0, 0, 12)      [3] []
    299     0x00023100       0xFFFFFF80      0x00400003         (0, 2, 6)      [16] [E, NE]
    300     0x00000D00       0xFFFFFF80      0x00003000         (0, 0, 1)      [6, 7] []
    301     0x00013500       0xFFFFFF80      0x00000008         (0, 1, 6)      [] [W]
    302     0x0002C800       0xFFFFFF00      0x00000002         (0, 2, 9)      [] [NE]
    303     0x00001480       0xFFFFFF80      0x0001FF80         (0, 0, 2)      [1, 2, 3, 4, 5, 6, 7, 8, 9, 10] []
    304     0x0002CC00       0xFFFFFF00      0x00000002         (0, 2, 9)      [] [NE]
    305     0x00023880       0xFFFFFF80      0x00000100         (0, 2, 7)      [2] []
    306     0x00005880       0xFFFFFF80      0x00000008         (0, 0, 11)      [] [W]
    307     0x00004500       0xFFFFFF80      0x00000120         (0, 0, 8)      [2] [S]
    308     0x00015800       0xFFFFFF80      0x00000400         (0, 1, 11)      [4] []
    309     0x00004A80       0xFFFFFF80      0x00000030         (0, 0, 9)      [] [SW, S]
    310     0x0001B600       0xFFFFFF80      0x00000003         (0, 1, 6)      [] [E, NE]
    311     0x0000D800       0xFFFFFF80      0x00001000         (0, 0, 11)      [6] []
    312     0x00009080       0xFFFFFF80      0x00004000         (0, 0, 2)      [8] []
    313     0x00000400       0xFFFFFF80      0x00800006         (0, 0, 0)      [17] [NE, N]
    314     0x00009280       0xFFFFFF80      0x00000008         (0, 0, 2)      [] [W]
    315     0x00018C80       0xFFFFFF80      0x00000010         (0, 1, 1)      [] [SW]
    316     0x00019B80       0xFFFFFF80      0x00000003         (0, 1, 3)      [] [E, NE]
    317     0x00010680       0xFFFFFF80      0x00000010         (0, 1, 0)      [] [SW]
    318     0x00007480       0xFFFFFF80      0x00010018         (0, 0, 14)      [10] [W, SW]
    319     0x00011400       0xFFFFFF80      0x00010000         (0, 1, 2)      [10] []
    320     0x00017200       0xFFFFFF80      0x00000800         (0, 1, 14)      [5] []
    321     0x00000A80       0xFFFFFF80      0x00000180         (0, 0, 1)      [1, 2] []
    322     0x00014780       0xFFFFFF80      0x00000010         (0, 1, 8)      [] [SW]
    323     0x00023900       0xFFFFFF80      0x00000200         (0, 2, 7)      [3] []
    324     0x00014880       0xFFFFFF80      0x00000010         (0, 1, 9)      [] [SW]
    325     0x0000AF00       0xFFFFFF80      0x00000008         (0, 0, 5)      [] [W]
    326     0x00006380       0xFFFFFF80      0x00000800         (0, 0, 12)      [5] []
    327     0x00012280       0xFFFFFF80      0x00010008         (0, 1, 4)      [10] [W]
    328     0x00013600       0xFFFFFF80      0x00000008         (0, 1, 6)      [] [W]
    329     0x0000F500       0xFFFFFF80      0x00001000         (0, 0, 14)      [6] []
    330     0x00018A80       0xFFFFFF80      0x00002000         (0, 1, 1)      [7] []
    331     0x00013B00       0xFFFFFF80      0x00000080         (0, 1, 7)      [1] []
    332     0x0002BD00       0xFFFFFF00      0x00000002         (0, 2, 7)      [] [NE]
    333     0x0000BD80       0xFFFFFF80      0x00000010         (0, 0, 7)      [] [SW]
    334     0x00006880       0xFFFFFF80      0x00000008         (0, 0, 13)      [] [W]
    335     0x00011380       0xFFFFFF80      0x00008000         (0, 1, 2)      [9] []
    336     0x0001C000       0xFFFFFF80      0x00000002         (0, 1, 8)      [] [NE]
    337     0x0000CD00       0xFFFFFF80      0x00000008         (0, 0, 9)      [] [W]
    338     0x0000F300       0xFFFFFF80      0x00000100         (0, 0, 14)      [2] []
    339     0x00015380       0xFFFFFF80      0x00000010         (0, 1, 10)      [] [SW]
    340     0x00000300       0xFFFFFF80      0x00200006         (0, 0, 0)      [15] [NE, N]
    341     0x0001A400       0xFFFFFF80      0x00000002         (0, 1, 4)      [] [NE]
    342     0x0000BF00       0xFFFFFF80      0x00000010         (0, 0, 7)      [] [SW]
    343     0x0000BB00       0xFFFFFF80      0x00001000         (0, 0, 7)      [6] []
    344     0x00010280       0xFFFFFF80      0x00000400         (0, 1, 0)      [4] []
    345     0x00028800       0xFFFFFF00      0x00400000         (0, 2, 1)      [16] []
    346     0x0002C200       0xFFFFFF00      0x00000002         (0, 2, 8)      [] [NE]
    347     0x00009F80       0xFFFFFF80      0x00008000         (0, 0, 3)      [9] []
    348     0x00003900       0xFFFFFF80      0x00002000         (0, 0, 7)      [7] []
    349     0x00004680       0xFFFFFF80      0x00000820         (0, 0, 8)      [5] [S]
    350     0x0000B900       0xFFFFFF80      0x00000100         (0, 0, 7)      [2] []
    351     0x00011000       0xFFFFFF80      0x00000100         (0, 1, 2)      [2] []
    352     0x00008100       0xFFFFFF80      0x00001000         (0, 0, 0)      [6] []
    353     0x00005380       0xFFFFFF80      0x00000100         (0, 0, 10)      [2] []
    354     0x00017F00       0xFFFFFF80      0x00002000         (0, 1, 15)      [7] []
    355     0x00005500       0xFFFFFF80      0x00000800         (0, 0, 10)      [5] []
    356     0x0000D680       0xFFFFFF80      0x00000200         (0, 0, 10)      [3] []
    357     0x00019600       0xFFFFFF80      0x00004003         (0, 1, 2)      [8] [E, NE]
    358     0x00022F00       0xFFFFFF80      0x00040001         (0, 2, 5)      [12] [E]
    359     0x00004380       0xFFFFFF80      0x00000020         (0, 0, 8)      [] [S]
    360     0x0000DE00       0xFFFFFF80      0x00000008         (0, 0, 11)      [] [W]
    361     0x0000F380       0xFFFFFF80      0x00000200         (0, 0, 14)      [3] []
    362     0x00003D80       0xFFFFFF80      0x00400000         (0, 0, 7)      [16] []
    363     0x00010780       0xFFFFFF80      0x00000010         (0, 1, 0)      [] [SW]
    364     0x00016800       0xFFFFFF80      0x00010000         (0, 1, 13)      [10] []
    365     0x0000DC80       0xFFFFFF80      0x00000008         (0, 0, 11)      [] [W]
    366     0x00014280       0xFFFFFF80      0x00000018         (0, 1, 8)      [] [W, SW]
    367     0x00002080       0xFFFFFF80      0x00FE0023         (0, 0, 4)      [11, 12, 13, 14, 15, 16, 17] [E, NE, S]
    368     0x00007300       0xFFFFFF80      0x00002000         (0, 0, 14)      [7] []
    369     0x00006700       0xFFFFFF80      0x00000008         (0, 0, 12)      [] [W]
    370     0x00007580       0xFFFFFF80      0x00000010         (0, 0, 14)      [] [SW]
    371     0x00019980       0xFFFFFF80      0x00000003         (0, 1, 3)      [] [E, NE]
    372     0x00002A80       0xFFFFFF80      0x00FE3000         (0, 0, 5)      [6, 7, 11, 12, 13, 14, 15, 16, 17] []
    373     0x00007400       0xFFFFFF80      0x00008010         (0, 0, 14)      [9] [SW]
    374     0x0001B780       0xFFFFFF80      0x00000003         (0, 1, 6)      [] [E, NE]
    375     0x00003D00       0xFFFFFF80      0x00200000         (0, 0, 7)      [15] []
    376     0x00007800       0xFFFFFF80      0x00800000         (0, 0, 15)      [17] []
    377     0x00015180       0xFFFFFF80      0x00000010         (0, 1, 10)      [] [SW]
    378     0x0002C900       0xFFFFFF00      0x00000002         (0, 2, 9)      [] [NE]
    379     0x00000700       0xFFFFFF80      0x00000006         (0, 0, 0)      [] [NE, N]
    380     0x00018C00       0xFFFFFF80      0x00010010         (0, 1, 1)      [10] [SW]
    381     0x00009C00       0xFFFFFF80      0x00000100         (0, 0, 3)      [2] []
    382     0x0000AC00       0xFFFFFF80      0x00000800         (0, 0, 5)      [5] []
    383     0x00018200       0xFFFFFF80      0x00000008         (0, 1, 0)      [] [W]
    384     0x00013880       0xFFFFFF80      0x00000008         (0, 1, 7)      [] [W]
    385     0x0000DB00       0xFFFFFF80      0x00000008         (0, 0, 11)      [] [W]
    386     0x0001AC00       0xFFFFFF80      0x00000001         (0, 1, 5)      [] [E]
    387     0x00001200       0xFFFFFF80      0x00C1FF80         (0, 0, 2)      [1, 2, 3, 4, 5, 6, 7, 8, 9, 10, 16, 17] []
    388     0x0000D980       0xFFFFFF80      0x00008000         (0, 0, 11)      [9] []
    389     0x0000A200       0xFFFFFF80      0x00000008         (0, 0, 4)      [] [W]
    390     0x0002DD00       0xFFFFFF00      0x00000004         (0, 2, 11)      [] [N]
    391     0x0000EC00       0xFFFFFF80      0x00000008         (0, 0, 13)      [] [W]
    392     0x00001000       0xFFFFFF80      0x000DFF80         (0, 0, 2)      [1, 2, 3, 4, 5, 6, 7, 8, 9, 10, 12, 13] []
    393     0x0000A000       0xFFFFFF80      0x00010008         (0, 0, 4)      [10] [W]
    394     0x00014B80       0xFFFFFF80      0x00001000         (0, 1, 9)      [6] []
    395     0x00023B00       0xFFFFFF80      0x00002000         (0, 2, 7)      [7] []
    396     0x00015700       0xFFFFFF80      0x00000010         (0, 1, 10)      [] [SW]
    397     0x00012800       0xFFFFFF80      0x00000008         (0, 1, 5)      [] [W]
    398     0x00014C80       0xFFFFFF80      0x00004010         (0, 1, 9)      [8] [SW]
    399     0x0000C800       0xFFFFFF80      0x00000200         (0, 0, 9)      [3] []
    400     0x0001BB00       0xFFFFFF80      0x00000002         (0, 1, 7)      [] [NE]
    401     0x00019000       0xFFFFFF80      0x00000010         (0, 1, 2)      [] [SW]
    402     0x0001BF00       0xFFFFFF80      0x00000002         (0, 1, 7)      [] [NE]
    403     0x00005480       0xFFFFFF80      0x00000400         (0, 0, 10)      [4] []
    404     0x0002DB00       0xFFFFFF00      0x00000004         (0, 2, 11)      [] [N]
    405     0x00014080       0xFFFFFF80      0x00000018         (0, 1, 8)      [] [W, SW]
    406     0x00015100       0xFFFFFF80      0x00000010         (0, 1, 10)      [] [SW]
    407     0x00019380       0xFFFFFF80      0x00000010         (0, 1, 2)      [] [SW]
    408     0x00019800       0xFFFFFF80      0x00000003         (0, 1, 3)      [] [E, NE]
    409     0x0000DF80       0xFFFFFF80      0x00000008         (0, 0, 11)      [] [W]
    410     0x00014A00       0xFFFFFF80      0x00000200         (0, 1, 9)      [3] []
    411     0x00001600       0xFFFFFF80      0x0001FF80         (0, 0, 2)      [1, 2, 3, 4, 5, 6, 7, 8, 9, 10] []
    412     0x00013D00       0xFFFFFF80      0x00000800         (0, 1, 7)      [5] []
    413     0x0000AA00       0xFFFFFF80      0x00000080         (0, 0, 5)      [1] []
    414     0x00004780       0xFFFFFF80      0x00002020         (0, 0, 8)      [7] [S]
    415     0x00007280       0xFFFFFF80      0x00001000         (0, 0, 14)      [6] []
    416     0x0000E680       0xFFFFFF80      0x00001000         (0, 0, 12)      [6] []
    417     0x00019480       0xFFFFFF80      0x00000002         (0, 1, 2)      [] [NE]
    418     0x00000B80       0xFFFFFF80      0x00000600         (0, 0, 1)      [3, 4] []
    419     0x00009380       0xFFFFFF80      0x00000008         (0, 0, 2)      [] [W]
    420     0x00002E80       0xFFFFFF80      0x00300000         (0, 0, 5)      [14, 15] []
    421     0x00016700       0xFFFFFF80      0x00004000         (0, 1, 12)      [8] []
    422     0x00019A80       0xFFFFFF80      0x00000003         (0, 1, 3)      [] [E, NE]
    423     0x00014380       0xFFFFFF80      0x00000018         (0, 1, 8)      [] [W, SW]
    424     0x0000FA80       0xFFFFFF80      0x00000018         (0, 0, 15)      [] [W, SW]
    425     0x0002CD00       0xFFFFFF00      0x00000002         (0, 2, 9)      [] [NE]
    426     0x00013700       0xFFFFFF80      0x00000008         (0, 1, 6)      [] [W]
    427     0x00019500       0xFFFFFF80      0x00000002         (0, 1, 2)      [] [NE]
    428     0x0000B080       0xFFFFFF80      0x00000018         (0, 0, 6)      [] [W, SW]
    429     0x00000E00       0xFFFFFF80      0x0000C000         (0, 0, 1)      [8, 9] []
    430     0x0001B800       0xFFFFFF80      0x00000003         (0, 1, 7)      [] [E, NE]
    431     0x00015500       0xFFFFFF80      0x00000010         (0, 1, 10)      [] [SW]
    432     0x0000BF80       0xFFFFFF80      0x00000010         (0, 0, 7)      [] [SW]
    433     0x00003E00       0xFFFFFF80      0x00800000         (0, 0, 7)      [17] []
    434     0x00008F00       0xFFFFFF80      0x00000800         (0, 0, 1)      [5] []
    435     0x0000EE00       0xFFFFFF80      0x00000008         (0, 0, 13)      [] [W]
    436     0x0000CA00       0xFFFFFF80      0x00002000         (0, 0, 9)      [7] []
    437     0x00013E00       0xFFFFFF80      0x00002000         (0, 1, 7)      [7] []
    438     0x00023800       0xFFFFFF80      0x00000080         (0, 2, 7)      [1] []
    439     0x00002100       0xFFFFFF80      0x00FE0027         (0, 0, 4)      [11, 12, 13, 14, 15, 16, 17] [E, NE, N, S]
    440     0x0002D600       0xFFFFFF00      0x00000004         (0, 2, 10)      [] [N]
    441     0x00019900       0xFFFFFF80      0x00000003         (0, 1, 3)      [] [E, NE]
    442     0x00019700       0xFFFFFF80      0x00010003         (0, 1, 2)      [10] [E, NE]
    443     0x00023600       0xFFFFFF80      0x00000002         (0, 2, 6)      [] [NE]
    444     0x00015200       0xFFFFFF80      0x00000010         (0, 1, 10)      [] [SW]
    445     0x00001280       0xFFFFFF80      0x0081FF80         (0, 0, 2)      [1, 2, 3, 4, 5, 6, 7, 8, 9, 10, 17] []
    446     0x0002CE00       0xFFFFFF00      0x00000004         (0, 2, 9)      [] [N]
    447     0x00001D00       0xFFFFFF80      0x0001FFB7         (0, 0, 3)      [1, 2, 3, 4, 5, 6, 7, 8, 9, 10] [E, NE, N, SW, S]
    448     0x0000D100       0xFFFFFF80      0x00000008         (0, 0, 10)      [] [W]
    449     0x00028100       0xFFFFFF00      0x00008000         (0, 2, 0)      [9] []
    450     0x0000D000       0xFFFFFF80      0x00000008         (0, 0, 10)      [] [W]
    451     0x00014F80       0xFFFFFF80      0x00000010         (0, 1, 9)      [] [SW]
    452     0x0002D900       0xFFFFFF00      0x00000004         (0, 2, 11)      [] [N]
    453     0x00012F00       0xFFFFFF80      0x00001000         (0, 1, 5)      [6] []
    454     0x00009100       0xFFFFFF80      0x00008000         (0, 0, 2)      [9] []
    455     0x00023000       0xFFFFFF80      0x00100003         (0, 2, 6)      [14] [E, NE]
    456     0x00002780       0xFFFFFF80      0x00FE0080         (0, 0, 4)      [1, 11, 12, 13, 14, 15, 16, 17] []
    457     0x00004400       0xFFFFFF80      0x00000020         (0, 0, 8)      [] [S]
    458     0x00017C00       0xFFFFFF80      0x00000008         (0, 1, 15)      [] [W]
    459     0x00005780       0xFFFFFF80      0x00010008         (0, 0, 10)      [10] [W]
    460     0x00008380       0xFFFFFF80      0x00000030         (0, 0, 0)      [] [SW, S]
    461     0x00008200       0xFFFFFF80      0x00004010         (0, 0, 0)      [8] [SW]
    462     0x0001AC80       0xFFFFFF80      0x00000001         (0, 1, 5)      [] [E]
    463     0x00002300       0xFFFFFF80      0x00FE0000         (0, 0, 4)      [11, 12, 13, 14, 15, 16, 17] []
    464     0x00017280       0xFFFFFF80      0x00001000         (0, 1, 14)      [6] []
    465     0x00006780       0xFFFFFF80      0x00000008         (0, 0, 12)      [] [W]
    466     0x00010580       0xFFFFFF80      0x00010010         (0, 1, 0)      [10] [SW]
    467     0x0000C980       0xFFFFFF80      0x00001000         (0, 0, 9)      [6] []
    468     0x00002700       0xFFFFFF80      0x00FE0000         (0, 0, 4)      [11, 12, 13, 14, 15, 16, 17] []
    469     0x0001C280       0xFFFFFF80      0x00000002         (0, 1, 8)      [] [NE]
    470     0x0000F580       0xFFFFFF80      0x00002000         (0, 0, 14)      [7] []
    471     0x00006980       0xFFFFFF80      0x00800000         (0, 0, 13)      [17] []
    472     0x00027900       0xFFFFFF00      0x00000080         (0, 2, 15)      [1] []
    473     0x00012980       0xFFFFFF80      0x00000008         (0, 1, 5)      [] [W]
    474     0x00019880       0xFFFFFF80      0x00000003         (0, 1, 3)      [] [E, NE]
    475     0x00019300       0xFFFFFF80      0x00000010         (0, 1, 2)      [] [SW]
    476     0x00007700       0xFFFFFF80      0x00000010         (0, 0, 14)      [] [SW]
    477     0x0000F980       0xFFFFFF80      0x00000018         (0, 0, 15)      [] [W, SW]
    478     0x00008D80       0xFFFFFF80      0x00000100         (0, 0, 1)      [2] []
    479     0x00006480       0xFFFFFF80      0x00002000         (0, 0, 12)      [7] []
    480     0x0002C400       0xFFFFFF00      0x00000002         (0, 2, 8)      [] [NE]
    481     0x0000B980       0xFFFFFF80      0x00000200         (0, 0, 7)      [3] []
    482     0x0002D400       0xFFFFFF00      0x00000004         (0, 2, 10)      [] [N]
    483     0x0000BC80       0xFFFFFF80      0x00008010         (0, 0, 7)      [9] [SW]
    484     0x00017D80       0xFFFFFF80      0x00000008         (0, 1, 15)      [] [W]
    485     0x00021500       0xFFFFFF80      0x0001FF81         (0, 2, 2)      [1, 2, 3, 4, 5, 6, 7, 8, 9, 10] [E]
    486     0x00023400       0xFFFFFF80      0x00000003         (0, 2, 6)      [] [E, NE]
    487     0x00023480       0xFFFFFF80      0x00000002         (0, 2, 6)      [] [NE]
    488     0x00014200       0xFFFFFF80      0x00000018         (0, 1, 8)      [] [W, SW]
    489     0x00010900       0xFFFFFF80      0x00000010         (0, 1, 1)      [] [SW]
    490     0x0001AB80       0xFFFFFF80      0x00010001         (0, 1, 5)      [10] [E]
    491     0x0001AE80       0xFFFFFF80      0x00000001         (0, 1, 5)      [] [E]
    492     0x0002D100       0xFFFFFF00      0x00000004         (0, 2, 10)      [] [N]
    493     0x00003C80       0xFFFFFF80      0x00100000         (0, 0, 7)      [14] []
    494     0x0000C180       0xFFFFFF80      0x00000010         (0, 0, 8)      [] [SW]
    495     0x0001BA80       0xFFFFFF80      0x00000002         (0, 1, 7)      [] [NE]
    496     0x00027C00       0xFFFFFF00      0x00000400         (0, 2, 15)      [4] []
    497     0x00019C00       0xFFFFFF80      0x00000003         (0, 1, 3)      [] [E, NE]
    498     0x00012000       0xFFFFFF80      0x00000800         (0, 1, 4)      [5] []
    499     0x00014E80       0xFFFFFF80      0x00000010         (0, 1, 9)      [] [SW]
    500     0x00002580       0xFFFFFF80      0x00FE0000         (0, 0, 4)      [11, 12, 13, 14, 15, 16, 17] []
    501     0x0001A380       0xFFFFFF80      0x00000002         (0, 1, 4)      [] [NE]
    502     0x00005B00       0xFFFFFF80      0x00800000         (0, 0, 11)      [17] []
    503     0x00015080       0xFFFFFF80      0x00000010         (0, 1, 10)      [] [SW]
    504     0x0000EF00       0xFFFFFF80      0x00000008         (0, 0, 13)      [] [W]
    505     0x00014900       0xFFFFFF80      0x00000010         (0, 1, 9)      [] [SW]
    506     0x00005680       0xFFFFFF80      0x00004000         (0, 0, 10)      [8] []
    507     0x00010F80       0xFFFFFF80      0x00000080         (0, 1, 1)      [1] []
    508     0x00016600       0xFFFFFF80      0x00001000         (0, 1, 12)      [6] []
    509     0x0000B200       0xFFFFFF80      0x00000018         (0, 0, 6)      [] [W, SW]
    510     0x00001980       0xFFFFFF80      0x0001FFA7         (0, 0, 3)      [1, 2, 3, 4, 5, 6, 7, 8, 9, 10] [E, NE, N, S]
    511     0x0000D780       0xFFFFFF80      0x00000800         (0, 0, 10)      [5] []
    512     0x0000A100       0xFFFFFF80      0x00000008         (0, 0, 4)      [] [W]
    513     0x0002CF00       0xFFFFFF00      0x00000004         (0, 2, 9)      [] [N]
    514     0x00014D00       0xFFFFFF80      0x00008010         (0, 1, 9)      [9] [SW]
    515     0x0000D080       0xFFFFFF80      0x00000008         (0, 0, 10)      [] [W]
    516     0x00004900       0xFFFFFF80      0x00010030         (0, 0, 9)      [10] [SW, S]
    517     0x00019200       0xFFFFFF80      0x00000010         (0, 1, 2)      [] [SW]
    518     0x00005A80       0xFFFFFF80      0x00400000         (0, 0, 11)      [16] []
    519     0x00005580       0xFFFFFF80      0x00001000         (0, 0, 10)      [6] []
    520     0x00014500       0xFFFFFF80      0x00000008         (0, 1, 8)      [] [W]
    521     0x00008D00       0xFFFFFF80      0x00000080         (0, 0, 1)      [1] []
    522     0x00015780       0xFFFFFF80      0x00000200         (0, 1, 10)      [3] []
    523     0x00003A80       0xFFFFFF80      0x00010008         (0, 0, 7)      [10] [W]
    524     0x0000A480       0xFFFFFF80      0x00000008         (0, 0, 4)      [] [W]
    525     0x00006300       0xFFFFFF80      0x00000400         (0, 0, 12)      [4] []
    526     0x00003C00       0xFFFFFF80      0x00080000         (0, 0, 7)      [13] []
    527     0x00008E80       0xFFFFFF80      0x00000400         (0, 0, 1)      [4] []
    528     0x0000C080       0xFFFFFF80      0x00000010         (0, 0, 8)      [] [SW]
    529     0x00018E80       0xFFFFFF80      0x00000010         (0, 1, 1)      [] [SW]
    530     0x00006500       0xFFFFFF80      0x00004000         (0, 0, 12)      [8] []
    531     0x00028000       0xFFFFFF00      0x00004000         (0, 2, 0)      [8] []
    532     0x00018080       0xFFFFFF80      0x00010008         (0, 1, 0)      [10] [W]
    533     0x00023C00       0xFFFFFF80      0x00008000         (0, 2, 7)      [9] []
    534     0x0000A380       0xFFFFFF80      0x00000008         (0, 0, 4)      [] [W]
    535     0x00011180       0xFFFFFF80      0x00000800         (0, 1, 2)      [5] []
    536     0x00023280       0xFFFFFF80      0x00000003         (0, 2, 6)      [] [E, NE]
    537     0x0000AA80       0xFFFFFF80      0x00000100         (0, 0, 5)      [2] []
    538     0x0000FE00       0xFFFFFF80      0x00000010         (0, 0, 15)      [] [SW]
    539     0x0002BF00       0xFFFFFF00      0x00000002         (0, 2, 7)      [] [NE]
    540     0x00018B80       0xFFFFFF80      0x00008010         (0, 1, 1)      [9] [SW]
    541     0x00012200       0xFFFFFF80      0x00008000         (0, 1, 4)      [9] []
    542     0x0000D180       0xFFFFFF80      0x00000008         (0, 0, 10)      [] [W]
    543     0x0001B580       0xFFFFFF80      0x00000001         (0, 1, 6)      [] [E]
    544     0x0000CB80       0xFFFFFF80      0x00010008         (0, 0, 9)      [10] [W]
    545     0x00015400       0xFFFFFF80      0x00000010         (0, 1, 10)      [] [SW]
    546     0x00017E80       0xFFFFFF80      0x00001000         (0, 1, 15)      [6] []
    547     0x00013380       0xFFFFFF80      0x00000008         (0, 1, 6)      [] [W]
    548     0x00001C80       0xFFFFFF80      0x0001FFB7         (0, 0, 3)      [1, 2, 3, 4, 5, 6, 7, 8, 9, 10] [E, NE, N, SW, S]
    549     0x0000E480       0xFFFFFF80      0x00000100         (0, 0, 12)      [2] []
    550     0x00008500       0xFFFFFF80      0x00000030         (0, 0, 0)      [] [SW, S]
    551     0x00009D00       0xFFFFFF80      0x00000400         (0, 0, 3)      [4] []
    552     0x00000F00       0xFFFFFF80      0x0003FF80         (0, 0, 1)      [1, 2, 3, 4, 5, 6, 7, 8, 9, 10, 11] []
    553     0x00019180       0xFFFFFF80      0x00000010         (0, 1, 2)      [] [SW]
    554     0x00009180       0xFFFFFF80      0x00010008         (0, 0, 2)      [10] [W]
    555     0x00014300       0xFFFFFF80      0x00000018         (0, 1, 8)      [] [W, SW]
    556     0x00000A00       0xFFFFFF80      0x00000080         (0, 0, 1)      [1] []
    557     0x00006600       0xFFFFFF80      0x00010008         (0, 0, 12)      [10] [W]
    558     0x00012300       0xFFFFFF80      0x00000008         (0, 1, 4)      [] [W]
    559     0x00000680       0xFFFFFF80      0x00000006         (0, 0, 0)      [] [NE, N]
    560     0x00003A00       0xFFFFFF80      0x00008000         (0, 0, 7)      [9] []
    561     0x00002000       0xFFFFFF80      0x00FE0027         (0, 0, 4)      [11, 12, 13, 14, 15, 16, 17] [E, NE, N, S]
    562     0x00014600       0xFFFFFF80      0x00000008         (0, 1, 8)      [] [W]
    563     0x0000FE80       0xFFFFFF80      0x00000010         (0, 0, 15)      [] [SW]
    564     0x0000E980       0xFFFFFF80      0x00000008         (0, 0, 13)      [] [W]
    565     0x00008F80       0xFFFFFF80      0x00001000         (0, 0, 1)      [6] []
    566     0x0000D880       0xFFFFFF80      0x00002000         (0, 0, 11)      [7] []
    567     0x0000BB80       0xFFFFFF80      0x00002000         (0, 0, 7)      [7] []
    568     0x0002D000       0xFFFFFF00      0x00000004         (0, 2, 10)      [] [N]
    569     0x00003780       0xFFFFFF80      0x00000400         (0, 0, 6)      [4] []
    570     0x00013C80       0xFFFFFF80      0x00000400         (0, 1, 7)      [4] []
    571     0x00006900       0xFFFFFF80      0x00400000         (0, 0, 13)      [16] []
    572     0x0000C700       0xFFFFFF80      0x00000080         (0, 0, 8)      [1] []
    573     0x00000200       0xFFFFFF80      0x00080002         (0, 0, 0)      [13] [NE]
    574     0x0000ED00       0xFFFFFF80      0x00000008         (0, 0, 13)      [] [W]
    575     0x00002F80       0xFFFFFF80      0x00C00000         (0, 0, 5)      [16, 17] []
    576     0x00000480       0xFFFFFF80      0x00000006         (0, 0, 0)      [] [NE, N]
    577     0x00013980       0xFFFFFF80      0x00000008         (0, 1, 7)      [] [W]
    578     0x00017F80       0xFFFFFF80      0x00004000         (0, 1, 15)      [8] []
    579     0x0000AE00       0xFFFFFF80      0x00008000         (0, 0, 5)      [9] []
    580     0x00002600       0xFFFFFF80      0x00FE0000         (0, 0, 4)      [11, 12, 13, 14, 15, 16, 17] []
    581     0x0000CF80       0xFFFFFF80      0x00000008         (0, 0, 9)      [] [W]
    582     0x00012B00       0xFFFFFF80      0x00000008         (0, 1, 5)      [] [W]
    583     0x00008300       0xFFFFFF80      0x00010030         (0, 0, 0)      [10] [SW, S]
    584     0x00013480       0xFFFFFF80      0x00000008         (0, 1, 6)      [] [W]
    585     0x00008480       0xFFFFFF80      0x00000030         (0, 0, 0)      [] [SW, S]
    586     0x0000CA80       0xFFFFFF80      0x00004000         (0, 0, 9)      [8] []
    587     0x00010180       0xFFFFFF80      0x00000100         (0, 1, 0)      [2] []
    588     0x00011080       0xFFFFFF80      0x00000200         (0, 1, 2)      [3] []
    589     0x0000BE00       0xFFFFFF80      0x00000010         (0, 0, 7)      [] [SW]
    590     0x00005800       0xFFFFFF80      0x00000008         (0, 0, 11)      [] [W]
    591     0x00010100       0xFFFFFF80      0x00000080         (0, 1, 0)      [1] []
    592     0x00007180       0xFFFFFF80      0x00000400         (0, 0, 14)      [4] []
    593     0x00012180       0xFFFFFF80      0x00004000         (0, 1, 4)      [8] []
    594     0x00015280       0xFFFFFF80      0x00000010         (0, 1, 10)      [] [SW]
    595     0x0002CB00       0xFFFFFF00      0x00000002         (0, 2, 9)      [] [NE]
    596     0x00004A00       0xFFFFFF80      0x00000030         (0, 0, 9)      [] [SW, S]
    597     0x00006680       0xFFFFFF80      0x00000008         (0, 0, 12)      [] [W]
    598     0x00000F80       0xFFFFFF80      0x0007FF80         (0, 0, 1)      [1, 2, 3, 4, 5, 6, 7, 8, 9, 10, 11, 12] []
    599     0x00003800       0xFFFFFF80      0x00000800         (0, 0, 7)      [5] []
    600     0x0001B880       0xFFFFFF80      0x00000003         (0, 1, 7)      [] [E, NE]
    601     0x00022E80       0xFFFFFF80      0x00020000         (0, 2, 5)      [11] []
    602     0x0000AC80       0xFFFFFF80      0x00001000         (0, 0, 5)      [6] []
    603     0x00019280       0xFFFFFF80      0x00000010         (0, 1, 2)      [] [SW]
    604     0x0000EB80       0xFFFFFF80      0x00000008         (0, 0, 13)      [] [W]
    605     0x00000C80       0xFFFFFF80      0x00001800         (0, 0, 1)      [5, 6] []
    606     0x0000E500       0xFFFFFF80      0x00000200         (0, 0, 12)      [3] []
    607     0x00010B00       0xFFFFFF80      0x00000010         (0, 1, 1)      [] [SW]
    608     0x00012F80       0xFFFFFF80      0x00002000         (0, 1, 5)      [7] []
    609     0x00001A80       0xFFFFFF80      0x0001FFA7         (0, 0, 3)      [1, 2, 3, 4, 5, 6, 7, 8, 9, 10] [E, NE, N, S]
    610     0x00001D80       0xFFFFFF80      0x0001FFBF         (0, 0, 3)      [1, 2, 3, 4, 5, 6, 7, 8, 9, 10] [E, NE, N, W, SW, S]
    611     0x00010480       0xFFFFFF80      0x00004010         (0, 1, 0)      [8] [SW]
    612     0x00018B00       0xFFFFFF80      0x00004000         (0, 1, 1)      [8] []
    613     0x00004980       0xFFFFFF80      0x00000030         (0, 0, 9)      [] [SW, S]
    614     0x0000B380       0xFFFFFF80      0x00000018         (0, 0, 6)      [] [W, SW]
    615     0x00014000       0xFFFFFF80      0x00000018         (0, 1, 8)      [] [W, SW]
    616     0x0000F480       0xFFFFFF80      0x00000800         (0, 0, 14)      [5] []
    617     0x00002C80       0xFFFFFF80      0x00FF0008         (0, 0, 5)      [10, 11, 12, 13, 14, 15, 16, 17] [W]
    618     0x00017E00       0xFFFFFF80      0x00000008         (0, 1, 15)      [] [W]
    619     0x00017B00       0xFFFFFF80      0x00000008         (0, 1, 15)      [] [W]
    620     0x0000C880       0xFFFFFF80      0x00000400         (0, 0, 9)      [4] []
    621     0x00014580       0xFFFFFF80      0x00000008         (0, 1, 8)      [] [W]
    622     0x00015A00       0xFFFFFF80      0x00004000         (0, 1, 11)      [8] []
    623     0x00028300       0xFFFFFF00      0x00020000         (0, 2, 0)      [11] []
    624     0x0001AF80       0xFFFFFF80      0x00000001         (0, 1, 5)      [] [E]
    625     0x00002980       0xFFFFFF80      0x00FE0C00         (0, 0, 5)      [4, 5, 11, 12, 13, 14, 15, 16, 17] []
    626     0x00000B00       0xFFFFFF80      0x00000300         (0, 0, 1)      [2, 3] []
    627     0x00000D80       0xFFFFFF80      0x00006000         (0, 0, 1)      [8, 7] []
    628     0x0000EA80       0xFFFFFF80      0x00000008         (0, 0, 13)      [] [W]
    629     0x00018D80       0xFFFFFF80      0x00000010         (0, 1, 1)      [] [SW]
    630     0x0000E700       0xFFFFFF80      0x00002000         (0, 0, 12)      [7] []
    631     0x00021580       0xFFFFFF80      0x00FE0001         (0, 2, 2)      [11, 12, 13, 14, 15, 16, 17] [E]
    632     0x0000E900       0xFFFFFF80      0x00000008         (0, 0, 13)      [] [W]
    633     0x0000AF80       0xFFFFFF80      0x00000008         (0, 0, 5)      [] [W]
    634     0x00004C00       0xFFFFFF80      0x00400000         (0, 0, 9)      [16] []
    635     0x0000B300       0xFFFFFF80      0x00000018         (0, 0, 6)      [] [W, SW]
    636     0x00014180       0xFFFFFF80      0x00000018         (0, 1, 8)      [] [W, SW]
    637     0x00023080       0xFFFFFF80      0x00200003         (0, 2, 6)      [15] [E, NE]
    638     0x00008080       0xFFFFFF80      0x00000800         (0, 0, 0)      [5] []
    639     0x00003700       0xFFFFFF80      0x00000200         (0, 0, 6)      [3] []
    640     0x00005900       0xFFFFFF80      0x00000008         (0, 0, 11)      [] [W]
    641     0x00010800       0xFFFFFF80      0x00000010         (0, 1, 1)      [] [SW]
    642     0x0001B680       0xFFFFFF80      0x00000003         (0, 1, 6)      [] [E, NE]
    643     0x00014A80       0xFFFFFF80      0x00000400         (0, 1, 9)      [4] []
    644     0x0000C280       0xFFFFFF80      0x00000010         (0, 0, 8)      [] [SW]
    645     0x0001BA00       0xFFFFFF80      0x00000002         (0, 1, 7)      [] [NE]
    646     0x00015580       0xFFFFFF80      0x00000010         (0, 1, 10)      [] [SW]
    647     0x00005700       0xFFFFFF80      0x00008000         (0, 0, 10)      [9] []
    648     0x00027F00       0xFFFFFF00      0x00002000         (0, 2, 15)      [7] []
    649     0x00010300       0xFFFFFF80      0x00000800         (0, 1, 0)      [5] []
    650     0x0000F280       0xFFFFFF80      0x00000080         (0, 0, 14)      [1] []
    651     0x00017B80       0xFFFFFF80      0x00000008         (0, 1, 15)      [] [W]
    652     0x00004B80       0xFFFFFF80      0x00200020         (0, 0, 9)      [15] [S]
    653     0x00014D80       0xFFFFFF80      0x00010010         (0, 1, 9)      [10] [SW]
    654     0x0001AD00       0xFFFFFF80      0x00000001         (0, 1, 5)      [] [E]
    655     0x00019100       0xFFFFFF80      0x00000010         (0, 1, 2)      [] [SW]
    656     0x00004800       0xFFFFFF80      0x00004030         (0, 0, 9)      [8] [SW, S]
    657     0x00005A00       0xFFFFFF80      0x00200000         (0, 0, 11)      [15] []
    658     0x00001B80       0xFFFFFF80      0x0001FFB7         (0, 0, 3)      [1, 2, 3, 4, 5, 6, 7, 8, 9, 10] [E, NE, N, SW, S]
    659     0x00007F00       0xFFFFFF80      0x00000100         (0, 0, 15)      [2] []
    660     0x00008000       0xFFFFFF80      0x00000400         (0, 0, 0)      [4] []
    661     0x00010C00       0xFFFFFF80      0x00000010         (0, 1, 1)      [] [SW]
    662     0x0000D700       0xFFFFFF80      0x00000400         (0, 0, 10)      [4] []
    663     0x00001580       0xFFFFFF80      0x0001FF80         (0, 0, 2)      [1, 2, 3, 4, 5, 6, 7, 8, 9, 10] []
    664     0x00017400       0xFFFFFF80      0x00008000         (0, 1, 14)      [9] []
    665     0x00001180       0xFFFFFF80      0x0061FF80         (0, 0, 2)      [1, 2, 3, 4, 5, 6, 7, 8, 9, 10, 15, 16] []
    666     0x00009480       0xFFFFFF80      0x00000008         (0, 0, 2)      [] [W]
    667     0x00017380       0xFFFFFF80      0x00004000         (0, 1, 14)      [8] []
    668     0x00001380       0xFFFFFF80      0x0001FF80         (0, 0, 2)      [1, 2, 3, 4, 5, 6, 7, 8, 9, 10] []
    669     0x0001AE00       0xFFFFFF80      0x00000001         (0, 1, 5)      [] [E]
    670     0x0002C700       0xFFFFFF00      0x00000002         (0, 2, 8)      [] [NE]
    671     0x00002F00       0xFFFFFF80      0x00600000         (0, 0, 5)      [16, 15] []
    672     0x00009E80       0xFFFFFF80      0x00002000         (0, 0, 3)      [7] []
    673     0x00023380       0xFFFFFF80      0x00000003         (0, 2, 6)      [] [E, NE]
    674     0x00012900       0xFFFFFF80      0x00000008         (0, 1, 5)      [] [W]
    675     0x0000FB00       0xFFFFFF80      0x00000018         (0, 0, 15)      [] [W, SW]
    676     0x00028600       0xFFFFFF00      0x00100000         (0, 2, 0)      [14] []
    677     0x00014100       0xFFFFFF80      0x00000018         (0, 1, 8)      [] [W, SW]
    678     0x0002C500       0xFFFFFF00      0x00000002         (0, 2, 8)      [] [NE]
    679     0x00010B80       0xFFFFFF80      0x00000010         (0, 1, 1)      [] [SW]
    680     0x0000FB80       0xFFFFFF80      0x00000018         (0, 0, 15)      [] [W, SW]
    681     0x00004700       0xFFFFFF80      0x00001020         (0, 0, 8)      [6] [S]
    682     0x00010200       0xFFFFFF80      0x00000200         (0, 1, 0)      [3] []
    683     0x00023B80       0xFFFFFF80      0x00004000         (0, 2, 7)      [8] []
    684     0x00015480       0xFFFFFF80      0x00000010         (0, 1, 10)      [] [SW]
    685     0x00013400       0xFFFFFF80      0x00000008         (0, 1, 6)      [] [W]
    686     0x0002C300       0xFFFFFF00      0x00000002         (0, 2, 8)      [] [NE]
    687     0x0000BA00       0xFFFFFF80      0x00000400         (0, 0, 7)      [4] []
    688     0x00001700       0xFFFFFF80      0x0001FF80         (0, 0, 2)      [1, 2, 3, 4, 5, 6, 7, 8, 9, 10] []
    689     0x00003000       0xFFFFFF80      0x00800000         (0, 0, 6)      [17] []
    690     0x00002880       0xFFFFFF80      0x00FE0300         (0, 0, 5)      [2, 3, 11, 12, 13, 14, 15, 16, 17] []
    691     0x00014B00       0xFFFFFF80      0x00000800         (0, 1, 9)      [5] []
    692     0x0000E880       0xFFFFFF80      0x00010008         (0, 0, 13)      [10] [W]
    693     0x0000EF80       0xFFFFFF80      0x00000008         (0, 0, 13)      [] [W]
    694     0x00002280       0xFFFFFF80      0x00FE0000         (0, 0, 4)      [11, 12, 13, 14, 15, 16, 17] []
    695     0x00002400       0xFFFFFF80      0x00FE0000         (0, 0, 4)      [11, 12, 13, 14, 15, 16, 17] []
    696     0x00006800       0xFFFFFF80      0x00000008         (0, 0, 13)      [] [W]
    697     0x00004580       0xFFFFFF80      0x00000220         (0, 0, 8)      [3] [S]
    698     0x00015600       0xFFFFFF80      0x00000010         (0, 1, 10)      [] [SW]
    699     0x0000C000       0xFFFFFF80      0x00000010         (0, 0, 8)      [] [SW]
    700     0x0000F400       0xFFFFFF80      0x00000400         (0, 0, 14)      [4] []
    701     0x00004C80       0xFFFFFF80      0x00800000         (0, 0, 9)      [17] []
    702     0x0002C100       0xFFFFFF00      0x00000002         (0, 2, 8)      [] [NE]
    703     0x0000FA00       0xFFFFFF80      0x00000018         (0, 0, 15)      [] [W, SW]
