router contains 592 entries 
 
  Index   Key(hex)    Mask(hex)    Route(hex)    Src. Core -> [Cores][Links]
------------------------------------------------------------------------------
    0     0x00014700       0xFFFFFF80      0x00100000         (0, 1, 8)      [14] []
    1     0x00015F00       0xFFFFFF80      0x00002000         (0, 1, 11)      [7] []
    2     0x0000A280       0xFFFFFF80      0x00000400         (0, 0, 4)      [4] []
    3     0x00023F00       0xFFFFFF80      0x00000400         (0, 2, 7)      [4] []
    4     0x0001A700       0xFFFFFF80      0x00010008         (0, 1, 4)      [10] [W]
    5     0x00015080       0xFFFFFF80      0x00000810         (0, 1, 10)      [5] [SW]
    6     0x0001DB80       0xFFFFFF80      0x00018003         (0, 1, 11)      [9, 10] [E, NE]
    7     0x00023800       0xFFFFFF80      0x00000002         (0, 2, 7)      [] [NE]
    8     0x0001A400       0xFFFFFF80      0x00000400         (0, 1, 4)      [4] []
    9     0x0001F980       0xFFFFFF80      0x00010010         (0, 1, 15)      [10] [SW]
    10     0x00013A00       0xFFFFFF80      0x00800080         (0, 1, 7)      [1, 17] []
    11     0x0000EE00       0xFFFFFF80      0x00010000         (0, 0, 13)      [10] []
    12     0x0001CB00       0xFFFFFF80      0x0000C198         (0, 1, 9)      [8, 1, 2, 9] [W, SW]
    13     0x00018780       0xFFFFFF80      0x00080000         (0, 1, 0)      [13] []
    14     0x0000DC00       0xFFFFFF80      0x00000200         (0, 0, 11)      [3] []
    15     0x0000EE80       0xFFFFFF80      0x00020000         (0, 0, 13)      [11] []
    16     0x00013700       0xFFFFFF80      0x00020000         (0, 1, 6)      [11] []
    17     0x00010B80       0xFFFFFF80      0x00020010         (0, 1, 1)      [11] [SW]
    18     0x0001EE00       0xFFFFFF80      0x00004002         (0, 1, 13)      [8] [NE]
    19     0x0001D980       0xFFFFFF80      0x00001803         (0, 1, 11)      [5, 6] [E, NE]
    20     0x0001D900       0xFFFFFF80      0x00000C02         (0, 1, 11)      [4, 5] [NE]
    21     0x0001EC00       0xFFFFFF80      0x00400002         (0, 1, 13)      [16] [NE]
    22     0x00022580       0xFFFFFF80      0x00FFFE00         (0, 2, 4)      [3, 4, 5, 6, 7, 8, 9, 10, 11, 12, 13, 14, 15, 16, 17] []
    23     0x0001CC80       0xFFFFFF80      0x00060198         (0, 1, 9)      [1, 2, 11, 12] [W, SW]
    24     0x0000EB80       0xFFFFFF80      0x00000800         (0, 0, 13)      [5] []
    25     0x00020B80       0xFFFFFF80      0x00400021         (0, 2, 1)      [16] [E, S]
    26     0x00022500       0xFFFFFF80      0x00000182         (0, 2, 4)      [1, 2] [NE]
    27     0x0001A080       0xFFFFFF80      0x00000108         (0, 1, 4)      [2] [W]
    28     0x0001A500       0xFFFFFF80      0x00001008         (0, 1, 4)      [6] [W]
    29     0x00011580       0xFFFFFF80      0x00000020         (0, 1, 2)      [] [S]
    30     0x00012A80       0xFFFFFF80      0x00200000         (0, 1, 5)      [15] []
    31     0x00005980       0xFFFFFF80      0x00000200         (0, 0, 11)      [3] []
    32     0x0001BE00       0xFFFFFF80      0x0080008E         (0, 1, 7)      [1, 17] [NE, N, W]
    33     0x0000EC80       0xFFFFFF80      0x00002000         (0, 0, 13)      [7] []
    34     0x00014900       0xFFFFFF80      0x00000108         (0, 1, 9)      [2] [W]
    35     0x0001BA80       0xFFFFFF80      0x0001000E         (0, 1, 7)      [10] [NE, N, W]
    36     0x00015180       0xFFFFFF80      0x00002010         (0, 1, 10)      [7] [SW]
    37     0x0001DE00       0xFFFFFF80      0x00300003         (0, 1, 11)      [14, 15] [E, NE]
    38     0x0001F300       0xFFFFFF80      0x00000102         (0, 1, 14)      [2] [NE]
    39     0x00013580       0xFFFFFF80      0x00004000         (0, 1, 6)      [8] []
    40     0x0001D080       0xFFFFFF80      0x00FFFE3F         (0, 1, 10)      [3, 4, 5, 6, 7, 8, 9, 10, 11, 12, 13, 14, 15, 16, 17] [E, NE, N, W, SW, S]
    41     0x00019300       0xFFFFFF80      0x00080000         (0, 1, 2)      [13] []
    42     0x00020100       0xFFFFFF80      0x00400010         (0, 2, 0)      [16] [SW]
    43     0x00016400       0xFFFFFF80      0x00800080         (0, 1, 12)      [1, 17] []
    44     0x00021600       0xFFFFFF80      0x00000001         (0, 2, 2)      [] [E]
    45     0x0001A880       0xFFFFFF80      0x00080008         (0, 1, 5)      [13] [W]
    46     0x00018580       0xFFFFFF80      0x00008000         (0, 1, 0)      [9] []
    47     0x00016A80       0xFFFFFF80      0x00000420         (0, 1, 13)      [4] [S]
    48     0x00020580       0xFFFFFF80      0x008000B0         (0, 2, 0)      [1, 17] [SW, S]
    49     0x00021000       0xFFFFFF80      0x00400021         (0, 2, 2)      [16] [E, S]
    50     0x0001C500       0xFFFFFF80      0x0008000E         (0, 1, 8)      [13] [NE, N, W]
    51     0x0001A780       0xFFFFFF80      0x00020008         (0, 1, 4)      [11] [W]
    52     0x0000C100       0xFFFFFF80      0x00002000         (0, 0, 8)      [7] []
    53     0x0001EF00       0xFFFFFF80      0x00010002         (0, 1, 13)      [10] [NE]
    54     0x00021180       0xFFFFFF80      0x00400021         (0, 2, 2)      [16] [E, S]
    55     0x0001A680       0xFFFFFF80      0x00008008         (0, 1, 4)      [9] [W]
    56     0x0001A580       0xFFFFFF80      0x00002008         (0, 1, 4)      [7] [W]
    57     0x0001C680       0xFFFFFF80      0x0040008E         (0, 1, 8)      [16, 1] [NE, N, W]
    58     0x0001F180       0xFFFFFF80      0x00200002         (0, 1, 14)      [15] [NE]
    59     0x00023D80       0xFFFFFF80      0x00000001         (0, 2, 7)      [] [E]
    60     0x0001EA00       0xFFFFFF80      0x00040002         (0, 1, 13)      [12] [NE]
    61     0x00021100       0xFFFFFF80      0x00000121         (0, 2, 2)      [2] [E, S]
    62     0x0001B000       0xFFFFFF80      0x0000400E         (0, 1, 6)      [8] [NE, N, W]
    63     0x00015300       0xFFFFFF80      0x00010010         (0, 1, 10)      [10] [SW]
    64     0x00014500       0xFFFFFF80      0x00010000         (0, 1, 8)      [10] []
    65     0x0001CA80       0xFFFFFF80      0x00006198         (0, 1, 9)      [8, 1, 2, 7] [W, SW]
    66     0x0001E400       0xFFFFFF80      0x00080002         (0, 1, 12)      [13] [NE]
    67     0x00020800       0xFFFFFF80      0x00200030         (0, 2, 1)      [15] [SW, S]
    68     0x00020E80       0xFFFFFF80      0x008000A1         (0, 2, 1)      [1, 17] [E, S]
    69     0x0005DD00       0xFFFFFF00      0x00000002         (0, 5, 11)      [] [NE]
    70     0x00018E00       0xFFFFFF80      0x00000200         (0, 1, 1)      [3] []
    71     0x00019480       0xFFFFFF80      0x00400008         (0, 1, 2)      [16] [W]
    72     0x00016300       0xFFFFFF80      0x00200000         (0, 1, 12)      [15] []
    73     0x00015280       0xFFFFFF80      0x00008010         (0, 1, 10)      [9] [SW]
    74     0x0001A980       0xFFFFFF80      0x00200008         (0, 1, 5)      [15] [W]
    75     0x00012500       0xFFFFFF80      0x00000420         (0, 1, 4)      [4] [S]
    76     0x0000CE00       0xFFFFFF80      0x00000420         (0, 0, 9)      [4] [S]
    77     0x00015000       0xFFFFFF80      0x00000410         (0, 1, 10)      [4] [SW]
    78     0x00010800       0xFFFFFF80      0x00000410         (0, 1, 1)      [4] [SW]
    79     0x00059E00       0xFFFFFF00      0x00000001         (0, 5, 3)      [] [E]
    80     0x0001C280       0xFFFFFF80      0x00004006         (0, 1, 8)      [8] [NE, N]
    81     0x0005D900       0xFFFFFF00      0x00000002         (0, 5, 11)      [] [NE]
    82     0x00024200       0xFFFFFF80      0x00010001         (0, 2, 8)      [10] [E]
    83     0x00019C00       0xFFFFFF80      0x00008000         (0, 1, 3)      [9] []
    84     0x0001B700       0xFFFFFF80      0x0000020E         (0, 1, 6)      [3] [NE, N, W]
    85     0x00016E80       0xFFFFFF80      0x00040020         (0, 1, 13)      [12] [S]
    86     0x00021280       0xFFFFFF80      0x00000101         (0, 2, 2)      [2] [E]
    87     0x00059F00       0xFFFFFF00      0x00000001         (0, 5, 3)      [] [E]
    88     0x0000B380       0xFFFFFF80      0x00008000         (0, 0, 6)      [9] []
    89     0x0001DB00       0xFFFFFF80      0x0000C003         (0, 1, 11)      [8, 9] [E, NE]
    90     0x00020180       0xFFFFFF80      0x008000B0         (0, 2, 0)      [1, 17] [SW, S]
    91     0x00017C80       0xFFFFFF80      0x00200000         (0, 1, 15)      [15] []
    92     0x0001AA80       0xFFFFFF80      0x00800088         (0, 1, 5)      [1, 17] [W]
    93     0x0001EC80       0xFFFFFF80      0x00800082         (0, 1, 13)      [1, 17] [NE]
    94     0x0005F300       0xFFFFFF00      0x00100000         (0, 5, 14)      [14] []
    95     0x0001AE00       0xFFFFFF80      0x0000040E         (0, 1, 5)      [4] [NE, N, W]
    96     0x0001D200       0xFFFFFF80      0x00FFFE3F         (0, 1, 10)      [3, 4, 5, 6, 7, 8, 9, 10, 11, 12, 13, 14, 15, 16, 17] [E, NE, N, W, SW, S]
    97     0x00018F80       0xFFFFFF80      0x00001000         (0, 1, 1)      [6] []
    98     0x0001E680       0xFFFFFF80      0x00000102         (0, 1, 12)      [2] [NE]
    99     0x00023900       0xFFFFFF80      0x00000002         (0, 2, 7)      [] [NE]
    100     0x0005F000       0xFFFFFF00      0x00020000         (0, 5, 14)      [11] []
    101     0x0000B100       0xFFFFFF80      0x00000400         (0, 0, 6)      [4] []
    102     0x00021B00       0xFFFFFF80      0x00000002         (0, 2, 3)      [] [NE]
    103     0x0000B280       0xFFFFFF80      0x00002000         (0, 0, 6)      [7] []
    104     0x00024280       0xFFFFFF80      0x00020001         (0, 2, 8)      [11] [E]
    105     0x0001AD80       0xFFFFFF80      0x0000020E         (0, 1, 5)      [3] [NE, N, W]
    106     0x00021400       0xFFFFFF80      0x00000101         (0, 2, 2)      [2] [E]
    107     0x0001FA00       0xFFFFFF80      0x00020010         (0, 1, 15)      [11] [SW]
    108     0x0001F700       0xFFFFFF80      0x00200002         (0, 1, 14)      [15] [NE]
    109     0x0001F480       0xFFFFFF80      0x00010002         (0, 1, 14)      [10] [NE]
    110     0x00015680       0xFFFFFF80      0x00800098         (0, 1, 10)      [1, 17] [W, SW]
    111     0x0005A200       0xFFFFFF00      0x00000020         (0, 5, 4)      [] [S]
    112     0x00011C80       0xFFFFFF80      0x00400020         (0, 1, 3)      [16] [S]
    113     0x00017900       0xFFFFFF80      0x00004020         (0, 1, 15)      [8] [S]
    114     0x00013880       0xFFFFFF80      0x00100000         (0, 1, 7)      [14] []
    115     0x00017800       0xFFFFFF80      0x00001020         (0, 1, 15)      [6] [S]
    116     0x00012900       0xFFFFFF80      0x00040000         (0, 1, 5)      [12] []
    117     0x0001AD00       0xFFFFFF80      0x00000008         (0, 1, 5)      [] [W]
    118     0x0005D700       0xFFFFFF00      0x00000002         (0, 5, 10)      [] [NE]
    119     0x0001ED80       0xFFFFFF80      0x00002002         (0, 1, 13)      [7] [NE]
    120     0x0005A300       0xFFFFFF00      0x00000020         (0, 5, 4)      [] [S]
    121     0x0001F400       0xFFFFFF80      0x00008002         (0, 1, 14)      [9] [NE]
    122     0x0001BE80       0xFFFFFF80      0x0000010E         (0, 1, 7)      [2] [NE, N, W]
    123     0x0000FC80       0xFFFFFF80      0x00010000         (0, 0, 15)      [10] []
    124     0x00015D80       0xFFFFFF80      0x00000400         (0, 1, 11)      [4] []
    125     0x00020080       0xFFFFFF80      0x00200010         (0, 2, 0)      [15] [SW]
    126     0x00012600       0xFFFFFF80      0x00001000         (0, 1, 4)      [6] []
    127     0x00013A80       0xFFFFFF80      0x00000100         (0, 1, 7)      [2] []
    128     0x00020D00       0xFFFFFF80      0x00100021         (0, 2, 1)      [14] [E, S]
    129     0x00019D00       0xFFFFFF80      0x00020000         (0, 1, 3)      [11] []
    130     0x00020E00       0xFFFFFF80      0x00400021         (0, 2, 1)      [16] [E, S]
    131     0x0005E300       0xFFFFFF00      0x00000002         (0, 5, 12)      [] [NE]
    132     0x0000EB00       0xFFFFFF80      0x00000400         (0, 0, 13)      [4] []
    133     0x00019180       0xFFFFFF80      0x00010000         (0, 1, 2)      [10] []
    134     0x00018280       0xFFFFFF80      0x00000200         (0, 1, 0)      [3] []
    135     0x00018680       0xFFFFFF80      0x00020000         (0, 1, 0)      [11] []
    136     0x00020480       0xFFFFFF80      0x00200030         (0, 2, 0)      [15] [SW, S]
    137     0x0005A500       0xFFFFFF00      0x00000020         (0, 5, 4)      [] [S]
    138     0x00020780       0xFFFFFF80      0x00100030         (0, 2, 0)      [14] [SW, S]
    139     0x00013400       0xFFFFFF80      0x00000800         (0, 1, 6)      [5] []
    140     0x0001EB00       0xFFFFFF80      0x00100002         (0, 1, 13)      [14] [NE]
    141     0x00024300       0xFFFFFF80      0x00040001         (0, 2, 8)      [12] [E]
    142     0x00017700       0xFFFFFF80      0x00000420         (0, 1, 14)      [4] [S]
    143     0x00017D80       0xFFFFFF80      0x00800080         (0, 1, 15)      [1, 17] []
    144     0x00020600       0xFFFFFF80      0x00000130         (0, 2, 0)      [2] [SW, S]
    145     0x0001D280       0xFFFFFF80      0x00FFFE3F         (0, 1, 10)      [3, 4, 5, 6, 7, 8, 9, 10, 11, 12, 13, 14, 15, 16, 17] [E, NE, N, W, SW, S]
    146     0x0000F900       0xFFFFFF80      0x00000200         (0, 0, 15)      [3] []
    147     0x0001F500       0xFFFFFF80      0x00020002         (0, 1, 14)      [11] [NE]
    148     0x00016B80       0xFFFFFF80      0x00001020         (0, 1, 13)      [6] [S]
    149     0x0005A400       0xFFFFFF00      0x00000020         (0, 5, 4)      [] [S]
    150     0x00010780       0xFFFFFF80      0x00000200         (0, 1, 0)      [3] []
    151     0x00018A00       0xFFFFFF80      0x00000100         (0, 1, 1)      [2] []
    152     0x00013300       0xFFFFFF80      0x00000200         (0, 1, 6)      [3] []
    153     0x00011C00       0xFFFFFF80      0x00200020         (0, 1, 3)      [15] [S]
    154     0x0000CF80       0xFFFFFF80      0x00002020         (0, 0, 9)      [7] [S]
    155     0x0001C900       0xFFFFFF80      0x00000D98         (0, 1, 9)      [1, 2, 4, 5] [W, SW]
    156     0x0000FA00       0xFFFFFF80      0x00000800         (0, 0, 15)      [5] []
    157     0x00008380       0xFFFFFF80      0x00000008         (0, 0, 0)      [] [W]
    158     0x0001B200       0xFFFFFF80      0x00040006         (0, 1, 6)      [12] [NE, N]
    159     0x0001D400       0xFFFFFF80      0x00FFFE3F         (0, 1, 10)      [3, 4, 5, 6, 7, 8, 9, 10, 11, 12, 13, 14, 15, 16, 17] [E, NE, N, W, SW, S]
    160     0x0005DB00       0xFFFFFF00      0x00000002         (0, 5, 11)      [] [NE]
    161     0x00021200       0xFFFFFF80      0x008000A1         (0, 2, 2)      [1, 17] [E, S]
    162     0x0000ED80       0xFFFFFF80      0x00008000         (0, 0, 13)      [9] []
    163     0x00008200       0xFFFFFF80      0x00000008         (0, 0, 0)      [] [W]
    164     0x0001C380       0xFFFFFF80      0x00010006         (0, 1, 8)      [10] [NE, N]
    165     0x00012B80       0xFFFFFF80      0x00800080         (0, 1, 5)      [1, 17] []
    166     0x0001EF80       0xFFFFFF80      0x00020002         (0, 1, 13)      [11] [NE]
    167     0x0000FD80       0xFFFFFF80      0x00040000         (0, 0, 15)      [12] []
    168     0x00017100       0xFFFFFF80      0x008000A0         (0, 1, 14)      [1, 17] [S]
    169     0x00011880       0xFFFFFF80      0x00004020         (0, 1, 3)      [8] [S]
    170     0x0001DF80       0xFFFFFF80      0x00800103         (0, 1, 11)      [17, 2] [E, NE]
    171     0x0001FB80       0xFFFFFF80      0x00100010         (0, 1, 15)      [14] [SW]
    172     0x00020380       0xFFFFFF80      0x00080030         (0, 2, 0)      [13] [SW, S]
    173     0x0001D180       0xFFFFFF80      0x00FFFE3F         (0, 1, 10)      [3, 4, 5, 6, 7, 8, 9, 10, 11, 12, 13, 14, 15, 16, 17] [E, NE, N, W, SW, S]
    174     0x00013680       0xFFFFFF80      0x00010000         (0, 1, 6)      [10] []
    175     0x0001DC80       0xFFFFFF80      0x00060003         (0, 1, 11)      [11, 12] [E, NE]
    176     0x00023E00       0xFFFFFF80      0x00000001         (0, 2, 7)      [] [E]
    177     0x00015480       0xFFFFFF80      0x00080018         (0, 1, 10)      [13] [W, SW]
    178     0x0001E500       0xFFFFFF80      0x00200002         (0, 1, 12)      [15] [NE]
    179     0x0005A100       0xFFFFFF00      0x00000001         (0, 5, 4)      [] [E]
    180     0x0000D180       0xFFFFFF80      0x00020020         (0, 0, 10)      [11] [S]
    181     0x0001CD80       0xFFFFFF80      0x00180198         (0, 1, 9)      [1, 2, 13, 14] [W, SW]
    182     0x00010980       0xFFFFFF80      0x00002010         (0, 1, 1)      [7] [SW]
    183     0x0000C200       0xFFFFFF80      0x00008010         (0, 0, 8)      [9] [SW]
    184     0x00023700       0xFFFFFF80      0x00000002         (0, 2, 6)      [] [NE]
    185     0x0001BD00       0xFFFFFF80      0x0020000E         (0, 1, 7)      [15] [NE, N, W]
    186     0x0001B900       0xFFFFFF80      0x0000200E         (0, 1, 7)      [7] [NE, N, W]
    187     0x00016C80       0xFFFFFF80      0x00004020         (0, 1, 13)      [8] [S]
    188     0x0001B280       0xFFFFFF80      0x0008000E         (0, 1, 6)      [13] [NE, N, W]
    189     0x00011A80       0xFFFFFF80      0x00040020         (0, 1, 3)      [12] [S]
    190     0x0001B780       0xFFFFFF80      0x0000040E         (0, 1, 6)      [4] [NE, N, W]
    191     0x00007680       0xFFFFFF80      0x00000200         (0, 0, 14)      [3] []
    192     0x0001FA80       0xFFFFFF80      0x00040010         (0, 1, 15)      [12] [SW]
    193     0x00020C80       0xFFFFFF80      0x00000121         (0, 2, 1)      [2] [E, S]
    194     0x00014180       0xFFFFFF80      0x00000200         (0, 1, 8)      [3] []
    195     0x00008680       0xFFFFFF80      0x00001000         (0, 0, 0)      [6] []
    196     0x0000CF00       0xFFFFFF80      0x00001020         (0, 0, 9)      [6] [S]
    197     0x00012880       0xFFFFFF80      0x00020000         (0, 1, 5)      [11] []
    198     0x00023A00       0xFFFFFF80      0x00000002         (0, 2, 7)      [] [NE]
    199     0x0001C480       0xFFFFFF80      0x00040006         (0, 1, 8)      [12] [NE, N]
    200     0x0001B300       0xFFFFFF80      0x0010000E         (0, 1, 6)      [14] [NE, N, W]
    201     0x00017A80       0xFFFFFF80      0x00020000         (0, 1, 15)      [11] []
    202     0x0001DC00       0xFFFFFF80      0x00030003         (0, 1, 11)      [10, 11] [E, NE]
    203     0x00014580       0xFFFFFF80      0x00020000         (0, 1, 8)      [11] []
    204     0x00018500       0xFFFFFF80      0x00004000         (0, 1, 0)      [8] []
    205     0x00024080       0xFFFFFF80      0x00002001         (0, 2, 8)      [7] [E]
    206     0x00018800       0xFFFFFF80      0x00100000         (0, 1, 1)      [14] []
    207     0x00023980       0xFFFFFF80      0x00000002         (0, 2, 7)      [] [NE]
    208     0x0000A300       0xFFFFFF80      0x00000800         (0, 0, 4)      [5] []
    209     0x0001E080       0xFFFFFF80      0x00001002         (0, 1, 12)      [6] [NE]
    210     0x00019080       0xFFFFFF80      0x00004000         (0, 1, 2)      [8] []
    211     0x0001B600       0xFFFFFF80      0x0000000E         (0, 1, 6)      [] [NE, N, W]
    212     0x0001AB00       0xFFFFFF80      0x00000108         (0, 1, 5)      [2] [W]
    213     0x0005EA00       0xFFFFFF00      0x00000800         (0, 5, 13)      [5] []
    214     0x0005DA00       0xFFFFFF00      0x00000002         (0, 5, 11)      [] [NE]
    215     0x0000B200       0xFFFFFF80      0x00001000         (0, 0, 6)      [6] []
    216     0x0001B400       0xFFFFFF80      0x0040000E         (0, 1, 6)      [16] [NE, N, W]
    217     0x0001E000       0xFFFFFF80      0x00000802         (0, 1, 12)      [5] [NE]
    218     0x0005DC00       0xFFFFFF00      0x00000002         (0, 5, 11)      [] [NE]
    219     0x00020200       0xFFFFFF80      0x00000130         (0, 2, 0)      [2] [SW, S]
    220     0x00018900       0xFFFFFF80      0x00400000         (0, 1, 1)      [16] []
    221     0x00016D80       0xFFFFFF80      0x00010020         (0, 1, 13)      [10] [S]
    222     0x0005EB00       0xFFFFFF00      0x00001000         (0, 5, 13)      [6] []
    223     0x0001C200       0xFFFFFF80      0x00002006         (0, 1, 8)      [7] [NE, N]
    224     0x0001C000       0xFFFFFF80      0x00000206         (0, 1, 8)      [3] [NE, N]
    225     0x00016080       0xFFFFFF80      0x00010000         (0, 1, 12)      [10] []
    226     0x00015580       0xFFFFFF80      0x00200018         (0, 1, 10)      [15] [W, SW]
    227     0x0000DF80       0xFFFFFF80      0x00010000         (0, 0, 11)      [10] []
    228     0x00011B80       0xFFFFFF80      0x00100020         (0, 1, 3)      [14] [S]
    229     0x0000CC00       0xFFFFFF80      0x00000020         (0, 0, 9)      [] [S]
    230     0x0000FE80       0xFFFFFF80      0x00100008         (0, 0, 15)      [14] [W]
    231     0x00010880       0xFFFFFF80      0x00000810         (0, 1, 1)      [5] [SW]
    232     0x0000CD80       0xFFFFFF80      0x00000220         (0, 0, 9)      [3] [S]
    233     0x00017080       0xFFFFFF80      0x00400020         (0, 1, 14)      [16] [S]
    234     0x00019D80       0xFFFFFF80      0x00040000         (0, 1, 3)      [12] []
    235     0x0001BB00       0xFFFFFF80      0x0002000E         (0, 1, 7)      [11] [NE, N, W]
    236     0x00014680       0xFFFFFF80      0x00080000         (0, 1, 8)      [13] []
    237     0x00009400       0xFFFFFF80      0x00000400         (0, 0, 2)      [4] []
    238     0x0001C180       0xFFFFFF80      0x00001006         (0, 1, 8)      [6] [NE, N]
    239     0x00010C80       0xFFFFFF80      0x00080002         (0, 1, 1)      [13] [NE]
    240     0x00008180       0xFFFFFF80      0x00000008         (0, 0, 0)      [] [W]
    241     0x00019E80       0xFFFFFF80      0x00100008         (0, 1, 3)      [14] [W]
    242     0x0005EC00       0xFFFFFF00      0x00002000         (0, 5, 13)      [7] []
    243     0x0001D780       0xFFFFFF80      0x00FFFEBF         (0, 1, 10)      [1, 3, 4, 5, 6, 7, 8, 9, 10, 11, 12, 13, 14, 15, 16, 17] [E, NE, N, W, SW, S]
    244     0x00007780       0xFFFFFF80      0x00000800         (0, 0, 14)      [5] []
    245     0x0001BC00       0xFFFFFF80      0x0008000E         (0, 1, 7)      [13] [NE, N, W]
    246     0x0000D100       0xFFFFFF80      0x00010020         (0, 0, 10)      [10] [S]
    247     0x0000EF00       0xFFFFFF80      0x00040000         (0, 0, 13)      [12] []
    248     0x00019B80       0xFFFFFF80      0x00004000         (0, 1, 3)      [8] []
    249     0x00015400       0xFFFFFF80      0x00040010         (0, 1, 10)      [12] [SW]
    250     0x00011680       0xFFFFFF80      0x00000420         (0, 1, 2)      [4] [S]
    251     0x0005ED00       0xFFFFFF00      0x00004000         (0, 5, 13)      [8] []
    252     0x0001FC00       0xFFFFFF80      0x00200010         (0, 1, 15)      [15] [SW]
    253     0x00011500       0xFFFFFF80      0x00000020         (0, 1, 2)      [] [S]
    254     0x0005A600       0xFFFFFF00      0x00000020         (0, 5, 4)      [] [S]
    255     0x0000C000       0xFFFFFF80      0x00000800         (0, 0, 8)      [5] []
    256     0x00006880       0xFFFFFF80      0x00000400         (0, 0, 13)      [4] []
    257     0x00018480       0xFFFFFF80      0x00002000         (0, 1, 0)      [7] []
    258     0x0000E080       0xFFFFFF80      0x00040000         (0, 0, 12)      [12] []
    259     0x00010A00       0xFFFFFF80      0x00004010         (0, 1, 1)      [8] [SW]
    260     0x0001BF00       0xFFFFFF80      0x00000006         (0, 1, 7)      [] [NE, N]
    261     0x0005EE00       0xFFFFFF00      0x00008000         (0, 5, 13)      [9] []
    262     0x0001E380       0xFFFFFF80      0x00040002         (0, 1, 12)      [12] [NE]
    263     0x00012A00       0xFFFFFF80      0x00100000         (0, 1, 5)      [14] []
    264     0x00022300       0xFFFFFF80      0x00000001         (0, 2, 4)      [] [E]
    265     0x00016E00       0xFFFFFF80      0x00020020         (0, 1, 13)      [11] [S]
    266     0x00013480       0xFFFFFF80      0x00001000         (0, 1, 6)      [6] []
    267     0x00014880       0xFFFFFF80      0x00800088         (0, 1, 9)      [1, 17] [W]
    268     0x0001BD80       0xFFFFFF80      0x0040000E         (0, 1, 7)      [16] [NE, N, W]
    269     0x00018F00       0xFFFFFF80      0x00000800         (0, 1, 1)      [5] []
    270     0x00016180       0xFFFFFF80      0x00040000         (0, 1, 12)      [12] []
    271     0x0005EF00       0xFFFFFF00      0x00010000         (0, 5, 13)      [10] []
    272     0x0001CA00       0xFFFFFF80      0x00003198         (0, 1, 9)      [1, 2, 6, 7] [W, SW]
    273     0x00016980       0xFFFFFF80      0x00000020         (0, 1, 13)      [] [S]
    274     0x00014380       0xFFFFFF80      0x00002000         (0, 1, 8)      [7] []
    275     0x00012700       0xFFFFFF80      0x00004000         (0, 1, 4)      [8] []
    276     0x00016280       0xFFFFFF80      0x00100000         (0, 1, 12)      [14] []
    277     0x00013500       0xFFFFFF80      0x00002000         (0, 1, 6)      [7] []
    278     0x00019980       0xFFFFFF80      0x00000400         (0, 1, 3)      [4] []
    279     0x00019F00       0xFFFFFF80      0x00200008         (0, 1, 3)      [15] [W]
    280     0x00019280       0xFFFFFF80      0x00040000         (0, 1, 2)      [12] []
    281     0x0000DD80       0xFFFFFF80      0x00001000         (0, 0, 11)      [6] []
    282     0x0001AC80       0xFFFFFF80      0x00000008         (0, 1, 5)      [] [W]
    283     0x0001E580       0xFFFFFF80      0x00400002         (0, 1, 12)      [16] [NE]
    284     0x00017780       0xFFFFFF80      0x00000820         (0, 1, 14)      [5] [S]
    285     0x00010D80       0xFFFFFF80      0x00200002         (0, 1, 1)      [15] [NE]
    286     0x0001A000       0xFFFFFF80      0x00800088         (0, 1, 4)      [1, 17] [W]
    287     0x00024380       0xFFFFFF80      0x00080001         (0, 2, 8)      [13] [E]
    288     0x0005E700       0xFFFFFF00      0x00000100         (0, 5, 12)      [2] []
    289     0x0001EB80       0xFFFFFF80      0x00200002         (0, 1, 13)      [15] [NE]
    290     0x0000DC80       0xFFFFFF80      0x00000400         (0, 0, 11)      [4] []
    291     0x00013780       0xFFFFFF80      0x00040000         (0, 1, 6)      [12] []
    292     0x0001FD00       0xFFFFFF80      0x00800090         (0, 1, 15)      [1, 17] [SW]
    293     0x00020B00       0xFFFFFF80      0x00200021         (0, 2, 1)      [15] [E, S]
    294     0x00015200       0xFFFFFF80      0x00004010         (0, 1, 10)      [8] [SW]
    295     0x00008580       0xFFFFFF80      0x00000418         (0, 0, 0)      [4] [W, SW]
    296     0x00014800       0xFFFFFF80      0x00400008         (0, 1, 9)      [16] [W]
    297     0x0000B180       0xFFFFFF80      0x00000800         (0, 0, 6)      [5] []
    298     0x00012780       0xFFFFFF80      0x00008000         (0, 1, 4)      [9] []
    299     0x00010A80       0xFFFFFF80      0x00008010         (0, 1, 1)      [9] [SW]
    300     0x00011980       0xFFFFFF80      0x00010020         (0, 1, 3)      [10] [S]
    301     0x0001A600       0xFFFFFF80      0x00004008         (0, 1, 4)      [8] [W]
    302     0x00008300       0xFFFFFF80      0x00000008         (0, 0, 0)      [] [W]
    303     0x00014280       0xFFFFFF80      0x00000800         (0, 1, 8)      [5] []
    304     0x00019E00       0xFFFFFF80      0x00080008         (0, 1, 3)      [13] [W]
    305     0x0001B800       0xFFFFFF80      0x0000080E         (0, 1, 7)      [5] [NE, N, W]
    306     0x00014480       0xFFFFFF80      0x00008000         (0, 1, 8)      [9] []
    307     0x0005E400       0xFFFFFF00      0x00000002         (0, 5, 12)      [] [NE]
    308     0x0001C100       0xFFFFFF80      0x00000806         (0, 1, 8)      [5] [NE, N]
    309     0x0000FB80       0xFFFFFF80      0x00004000         (0, 0, 15)      [8] []
    310     0x0001C880       0xFFFFFF80      0x00000788         (0, 1, 9)      [1, 2, 3, 4] [W]
    311     0x00023780       0xFFFFFF80      0x00000002         (0, 2, 6)      [] [NE]
    312     0x0000A200       0xFFFFFF80      0x00000200         (0, 0, 4)      [3] []
    313     0x0001A900       0xFFFFFF80      0x00100008         (0, 1, 5)      [14] [W]
    314     0x00024100       0xFFFFFF80      0x00004001         (0, 2, 8)      [8] [E]
    315     0x00015E80       0xFFFFFF80      0x00001000         (0, 1, 11)      [6] []
    316     0x0001D580       0xFFFFFF80      0x00FFFE3F         (0, 1, 10)      [3, 4, 5, 6, 7, 8, 9, 10, 11, 12, 13, 14, 15, 16, 17] [E, NE, N, W, SW, S]
    317     0x0005E500       0xFFFFFF00      0x00000002         (0, 5, 12)      [] [NE]
    318     0x00008600       0xFFFFFF80      0x00000800         (0, 0, 0)      [5] []
    319     0x00017980       0xFFFFFF80      0x00008020         (0, 1, 15)      [9] [S]
    320     0x0001F080       0xFFFFFF80      0x00080002         (0, 1, 14)      [13] [NE]
    321     0x0001F680       0xFFFFFF80      0x00100002         (0, 1, 14)      [14] [NE]
    322     0x0001B180       0xFFFFFF80      0x0002000E         (0, 1, 6)      [11] [NE, N, W]
    323     0x0001EA80       0xFFFFFF80      0x00080002         (0, 1, 13)      [13] [NE]
    324     0x00018880       0xFFFFFF80      0x00200000         (0, 1, 1)      [15] []
    325     0x0000E000       0xFFFFFF80      0x00020000         (0, 0, 12)      [11] []
    326     0x0001FC80       0xFFFFFF80      0x00400010         (0, 1, 15)      [16] [SW]
    327     0x00017500       0xFFFFFF80      0x00000020         (0, 1, 14)      [] [S]
    328     0x0001CD00       0xFFFFFF80      0x000C0190         (0, 1, 9)      [1, 2, 12, 13] [SW]
    329     0x00009500       0xFFFFFF80      0x00001000         (0, 0, 2)      [6] []
    330     0x0000DE80       0xFFFFFF80      0x00004000         (0, 0, 11)      [8] []
    331     0x0001D680       0xFFFFFF80      0x00FFFE3F         (0, 1, 10)      [3, 4, 5, 6, 7, 8, 9, 10, 11, 12, 13, 14, 15, 16, 17] [E, NE, N, W, SW, S]
    332     0x00009380       0xFFFFFF80      0x00000200         (0, 0, 2)      [3] []
    333     0x0001E300       0xFFFFFF80      0x00020002         (0, 1, 12)      [11] [NE]
    334     0x00019B00       0xFFFFFF80      0x00002000         (0, 1, 3)      [7] []
    335     0x00022480       0xFFFFFF80      0x00000002         (0, 2, 4)      [] [NE]
    336     0x0000EC00       0xFFFFFF80      0x00001000         (0, 0, 13)      [6] []
    337     0x0005F200       0xFFFFFF00      0x00080000         (0, 5, 14)      [13] []
    338     0x0001D500       0xFFFFFF80      0x00FFFE37         (0, 1, 10)      [3, 4, 5, 6, 7, 8, 9, 10, 11, 12, 13, 14, 15, 16, 17] [E, NE, N, SW, S]
    339     0x00024600       0xFFFFFF80      0x00000100         (0, 2, 8)      [2] []
    340     0x00023C00       0xFFFFFF80      0x00000002         (0, 2, 7)      [] [NE]
    341     0x00017A00       0xFFFFFF80      0x00010020         (0, 1, 15)      [10] [S]
    342     0x0000B080       0xFFFFFF80      0x00000200         (0, 0, 6)      [3] []
    343     0x00019200       0xFFFFFF80      0x00020000         (0, 1, 2)      [11] []
    344     0x0005E800       0xFFFFFF00      0x00000200         (0, 5, 13)      [3] []
    345     0x00013800       0xFFFFFF80      0x00080000         (0, 1, 7)      [13] []
    346     0x0001ED00       0xFFFFFF80      0x00000102         (0, 1, 13)      [2] [NE]
    347     0x00016F00       0xFFFFFF80      0x00080020         (0, 1, 13)      [13] [S]
    348     0x00015100       0xFFFFFF80      0x00001010         (0, 1, 10)      [6] [SW]
    349     0x00009480       0xFFFFFF80      0x00000800         (0, 0, 2)      [5] []
    350     0x0001C800       0xFFFFFF80      0x00000388         (0, 1, 9)      [1, 2, 3] [W]
    351     0x00016380       0xFFFFFF80      0x00400000         (0, 1, 12)      [16] []
    352     0x0001F000       0xFFFFFF80      0x00040002         (0, 1, 14)      [12] [NE]
    353     0x00015600       0xFFFFFF80      0x00400018         (0, 1, 10)      [16] [W, SW]
    354     0x0001AC00       0xFFFFFF80      0x00000008         (0, 1, 5)      [] [W]
    355     0x0005E900       0xFFFFFF00      0x00000400         (0, 5, 13)      [4] []
    356     0x0001D800       0xFFFFFF80      0x00FFFF83         (0, 1, 11)      [1, 2, 3, 4, 5, 6, 7, 8, 9, 10, 11, 12, 13, 14, 15, 16, 17] [E, NE]
    357     0x0005A000       0xFFFFFF00      0x00000001         (0, 5, 4)      [] [E]
    358     0x00012580       0xFFFFFF80      0x00000820         (0, 1, 4)      [5] [S]
    359     0x00017000       0xFFFFFF80      0x00200020         (0, 1, 14)      [15] [S]
    360     0x0001C980       0xFFFFFF80      0x00001998         (0, 1, 9)      [1, 2, 5, 6] [W, SW]
    361     0x00015F80       0xFFFFFF80      0x00004000         (0, 1, 11)      [8] []
    362     0x0001F600       0xFFFFFF80      0x00080002         (0, 1, 14)      [13] [NE]
    363     0x00017D00       0xFFFFFF80      0x00400000         (0, 1, 15)      [16] []
    364     0x00021500       0xFFFFFF80      0x00000001         (0, 2, 2)      [] [E]
    365     0x0001DA00       0xFFFFFF80      0x00003003         (0, 1, 11)      [6, 7] [E, NE]
    366     0x00011780       0xFFFFFF80      0x00001020         (0, 1, 2)      [6] [S]
    367     0x00009580       0xFFFFFF80      0x00002000         (0, 0, 2)      [7] []
    368     0x0001E880       0xFFFFFF80      0x00008002         (0, 1, 13)      [9] [NE]
    369     0x00021580       0xFFFFFF80      0x00000001         (0, 2, 2)      [] [E]
    370     0x0001F900       0xFFFFFF80      0x00008010         (0, 1, 15)      [9] [SW]
    371     0x00019380       0xFFFFFF80      0x00100000         (0, 1, 2)      [14] []
    372     0x0001F800       0xFFFFFF80      0x00800082         (0, 1, 15)      [1, 17] [NE]
    373     0x0001A380       0xFFFFFF80      0x00000200         (0, 1, 4)      [3] []
    374     0x00021380       0xFFFFFF80      0x00000101         (0, 2, 2)      [2] [E]
    375     0x00020500       0xFFFFFF80      0x00400030         (0, 2, 0)      [16] [SW, S]
    376     0x0001CF00       0xFFFFFF80      0x00C00198         (0, 1, 9)      [16, 1, 2, 17] [W, SW]
    377     0x00024580       0xFFFFFF80      0x00800080         (0, 2, 8)      [1, 17] []
    378     0x0001E100       0xFFFFFF80      0x00002002         (0, 1, 12)      [7] [NE]
    379     0x0005A700       0xFFFFFF00      0x00000020         (0, 5, 4)      [] [S]
    380     0x0005F100       0xFFFFFF00      0x00040000         (0, 5, 14)      [12] []
    381     0x00008480       0xFFFFFF80      0x00000008         (0, 0, 0)      [] [W]
    382     0x0001B580       0xFFFFFF80      0x0000000E         (0, 1, 6)      [] [NE, N, W]
    383     0x0001F200       0xFFFFFF80      0x00400002         (0, 1, 14)      [16] [NE]
    384     0x0001E700       0xFFFFFF80      0x00001002         (0, 1, 12)      [6] [NE]
    385     0x00017680       0xFFFFFF80      0x00000220         (0, 1, 14)      [3] [S]
    386     0x00023880       0xFFFFFF80      0x00000002         (0, 2, 7)      [] [NE]
    387     0x00011B00       0xFFFFFF80      0x00080020         (0, 1, 3)      [13] [S]
    388     0x0000FA80       0xFFFFFF80      0x00001000         (0, 0, 15)      [6] []
    389     0x0001BF80       0xFFFFFF80      0x00000006         (0, 1, 7)      [] [NE, N]
    390     0x0005A900       0xFFFFFF00      0x00000020         (0, 5, 5)      [] [S]
    391     0x00023C80       0xFFFFFF80      0x00000002         (0, 2, 7)      [] [NE]
    392     0x00019400       0xFFFFFF80      0x00200008         (0, 1, 2)      [15] [W]
    393     0x0001E600       0xFFFFFF80      0x00800082         (0, 1, 12)      [1, 17] [NE]
    394     0x00018380       0xFFFFFF80      0x00000800         (0, 1, 0)      [5] []
    395     0x00017E00       0xFFFFFF80      0x00000100         (0, 1, 15)      [2] []
    396     0x0000ED00       0xFFFFFF80      0x00004000         (0, 0, 13)      [8] []
    397     0x00018600       0xFFFFFF80      0x00010000         (0, 1, 0)      [10] []
    398     0x0005F500       0xFFFFFF00      0x00400000         (0, 5, 14)      [16] []
    399     0x0000F980       0xFFFFFF80      0x00000400         (0, 0, 15)      [4] []
    400     0x00016480       0xFFFFFF80      0x00000100         (0, 1, 12)      [2] []
    401     0x0001C400       0xFFFFFF80      0x00020006         (0, 1, 8)      [11] [NE, N]
    402     0x00020900       0xFFFFFF80      0x008000B0         (0, 2, 1)      [1, 17] [SW, S]
    403     0x0005D800       0xFFFFFF00      0x00000002         (0, 5, 11)      [] [NE]
    404     0x00013900       0xFFFFFF80      0x00200000         (0, 1, 7)      [15] []
    405     0x0001DD80       0xFFFFFF80      0x00180003         (0, 1, 11)      [13, 14] [E, NE]
    406     0x00013600       0xFFFFFF80      0x00008000         (0, 1, 6)      [9] []
    407     0x0005AA00       0xFFFFFF00      0x00000020         (0, 5, 5)      [] [S]
    408     0x0001E780       0xFFFFFF80      0x00002002         (0, 1, 12)      [7] [NE]
    409     0x0001CE80       0xFFFFFF80      0x00600198         (0, 1, 9)      [16, 1, 2, 15] [W, SW]
    410     0x00011600       0xFFFFFF80      0x00000220         (0, 1, 2)      [3] [S]
    411     0x0001F380       0xFFFFFF80      0x00004002         (0, 1, 14)      [8] [NE]
    412     0x00007700       0xFFFFFF80      0x00000400         (0, 0, 14)      [4] []
    413     0x0001B100       0xFFFFFF80      0x0001000E         (0, 1, 6)      [10] [NE, N, W]
    414     0x0005AB00       0xFFFFFF00      0x00000020         (0, 5, 5)      [] [S]
    415     0x00018700       0xFFFFFF80      0x00040000         (0, 1, 0)      [12] []
    416     0x00020880       0xFFFFFF80      0x00400030         (0, 2, 1)      [16] [SW, S]
    417     0x0005D500       0xFFFFFF00      0x00000002         (0, 5, 10)      [] [NE]
    418     0x00012980       0xFFFFFF80      0x00080000         (0, 1, 5)      [13] []
    419     0x0000C180       0xFFFFFF80      0x00004010         (0, 0, 8)      [8] [SW]
    420     0x0001D380       0xFFFFFF80      0x00FFFE3F         (0, 1, 10)      [3, 4, 5, 6, 7, 8, 9, 10, 11, 12, 13, 14, 15, 16, 17] [E, NE, N, W, SW, S]
    421     0x00017C00       0xFFFFFF80      0x00100000         (0, 1, 15)      [14] []
    422     0x00010900       0xFFFFFF80      0x00001010         (0, 1, 1)      [6] [SW]
    423     0x0001B980       0xFFFFFF80      0x0000400E         (0, 1, 7)      [8] [NE, N, W]
    424     0x0001EE80       0xFFFFFF80      0x00008002         (0, 1, 13)      [9] [NE]
    425     0x0005AC00       0xFFFFFF00      0x00000020         (0, 5, 5)      [] [S]
    426     0x00015500       0xFFFFFF80      0x00100018         (0, 1, 10)      [14] [W, SW]
    427     0x00019500       0xFFFFFF80      0x00800088         (0, 1, 2)      [1, 17] [W]
    428     0x0001D300       0xFFFFFF80      0x00FFFE3F         (0, 1, 10)      [3, 4, 5, 6, 7, 8, 9, 10, 11, 12, 13, 14, 15, 16, 17] [E, NE, N, W, SW, S]
    429     0x00012680       0xFFFFFF80      0x00002000         (0, 1, 4)      [7] []
    430     0x00020680       0xFFFFFF80      0x00040030         (0, 2, 0)      [12] [SW, S]
    431     0x00020A80       0xFFFFFF80      0x00100021         (0, 2, 1)      [14] [E, S]
    432     0x00020400       0xFFFFFF80      0x00100030         (0, 2, 0)      [14] [SW, S]
    433     0x0000A400       0xFFFFFF80      0x00002000         (0, 0, 4)      [7] []
    434     0x00016C00       0xFFFFFF80      0x00002020         (0, 1, 13)      [7] [S]
    435     0x00021080       0xFFFFFF80      0x008000A1         (0, 2, 2)      [1, 17] [E, S]
    436     0x0001C300       0xFFFFFF80      0x00008006         (0, 1, 8)      [9] [NE, N]
    437     0x0001E200       0xFFFFFF80      0x00008002         (0, 1, 12)      [9] [NE]
    438     0x0001FE00       0xFFFFFF80      0x00010010         (0, 1, 15)      [10] [SW]
    439     0x00018400       0xFFFFFF80      0x00001000         (0, 1, 0)      [6] []
    440     0x00016F80       0xFFFFFF80      0x00100020         (0, 1, 13)      [14] [S]
    441     0x00024180       0xFFFFFF80      0x00008001         (0, 2, 8)      [9] [E]
    442     0x00023B80       0xFFFFFF80      0x00000002         (0, 2, 7)      [] [NE]
    443     0x0001BB80       0xFFFFFF80      0x00040006         (0, 1, 7)      [12] [NE, N]
    444     0x0001CB80       0xFFFFFF80      0x00018198         (0, 1, 9)      [1, 2, 10, 9] [W, SW]
    445     0x0000FC00       0xFFFFFF80      0x00008000         (0, 0, 15)      [9] []
    446     0x00024480       0xFFFFFF80      0x00200001         (0, 2, 8)      [15] [E]
    447     0x00013380       0xFFFFFF80      0x00000400         (0, 1, 6)      [4] []
    448     0x00008500       0xFFFFFF80      0x00000208         (0, 0, 0)      [3] [W]
    449     0x0001DD00       0xFFFFFF80      0x000C0003         (0, 1, 11)      [12, 13] [E, NE]
    450     0x0005F400       0xFFFFFF00      0x00200000         (0, 5, 14)      [15] []
    451     0x00020A00       0xFFFFFF80      0x00080021         (0, 2, 1)      [13] [E, S]
    452     0x0000BF00       0xFFFFFF80      0x00000200         (0, 0, 7)      [3] []
    453     0x00016D00       0xFFFFFF80      0x00008020         (0, 1, 13)      [9] [S]
    454     0x00011700       0xFFFFFF80      0x00000820         (0, 1, 2)      [5] [S]
    455     0x00017180       0xFFFFFF80      0x00000120         (0, 1, 14)      [2] [S]
    456     0x00019000       0xFFFFFF80      0x00002000         (0, 1, 2)      [7] []
    457     0x0000D000       0xFFFFFF80      0x00004020         (0, 0, 10)      [8] [S]
    458     0x0000EF80       0xFFFFFF80      0x00080008         (0, 0, 13)      [13] [W]
    459     0x0001AF80       0xFFFFFF80      0x0000200E         (0, 1, 5)      [7] [NE, N, W]
    460     0x00017B00       0xFFFFFF80      0x00040000         (0, 1, 15)      [12] []
    461     0x0001E280       0xFFFFFF80      0x00010002         (0, 1, 12)      [10] [NE]
    462     0x0001D000       0xFFFFFF80      0x000001BF         (0, 1, 10)      [1, 2] [E, NE, N, W, SW, S]
    463     0x0001BA00       0xFFFFFF80      0x0000800E         (0, 1, 7)      [9] [NE, N, W]
    464     0x0001DA80       0xFFFFFF80      0x00006003         (0, 1, 11)      [8, 7] [E, NE]
    465     0x00014780       0xFFFFFF80      0x00200008         (0, 1, 8)      [15] [W]
    466     0x0001CE00       0xFFFFFF80      0x00300198         (0, 1, 9)      [1, 2, 14, 15] [W, SW]
    467     0x00019580       0xFFFFFF80      0x00000108         (0, 1, 2)      [2] [W]
    468     0x0000D080       0xFFFFFF80      0x00008020         (0, 0, 10)      [9] [S]
    469     0x00059D00       0xFFFFFF00      0x00000001         (0, 5, 3)      [] [E]
    470     0x00015700       0xFFFFFF80      0x00000118         (0, 1, 10)      [2] [W, SW]
    471     0x0001FD80       0xFFFFFF80      0x00000110         (0, 1, 15)      [2] [SW]
    472     0x0001AA00       0xFFFFFF80      0x00400008         (0, 1, 5)      [16] [W]
    473     0x00012B00       0xFFFFFF80      0x00400000         (0, 1, 5)      [16] []
    474     0x0001CC00       0xFFFFFF80      0x00030198         (0, 1, 9)      [1, 2, 11, 10] [W, SW]
    475     0x0005D600       0xFFFFFF00      0x00000002         (0, 5, 10)      [] [NE]
    476     0x00016000       0xFFFFFF80      0x00008000         (0, 1, 12)      [9] []
    477     0x00014F80       0xFFFFFF80      0x00000200         (0, 1, 9)      [3] []
    478     0x0001DE80       0xFFFFFF80      0x00600003         (0, 1, 11)      [16, 15] [E, NE]
    479     0x00016200       0xFFFFFF80      0x00080000         (0, 1, 12)      [13] []
    480     0x00012300       0xFFFFFF80      0x00000020         (0, 1, 4)      [] [S]
    481     0x0005E000       0xFFFFFF00      0x00000002         (0, 5, 12)      [] [NE]
    482     0x0001D600       0xFFFFFF80      0x00FFFE3F         (0, 1, 10)      [3, 4, 5, 6, 7, 8, 9, 10, 11, 12, 13, 14, 15, 16, 17] [E, NE, N, W, SW, S]
    483     0x0001CF80       0xFFFFFF80      0x008001BF         (0, 1, 9)      [17, 2, 1] [E, NE, N, W, SW, S]
    484     0x00018300       0xFFFFFF80      0x00000400         (0, 1, 0)      [4] []
    485     0x00014600       0xFFFFFF80      0x00040000         (0, 1, 8)      [12] []
    486     0x00020980       0xFFFFFF80      0x00000130         (0, 2, 1)      [2] [SW, S]
    487     0x0000FD00       0xFFFFFF80      0x00020000         (0, 0, 15)      [11] []
    488     0x0001E900       0xFFFFFF80      0x00010002         (0, 1, 13)      [10] [NE]
    489     0x0001D100       0xFFFFFF80      0x00FFFE3F         (0, 1, 10)      [3, 4, 5, 6, 7, 8, 9, 10, 11, 12, 13, 14, 15, 16, 17] [E, NE, N, W, SW, S]
    490     0x0001C700       0xFFFFFF80      0x00800198         (0, 1, 8)      [1, 2, 17] [W, SW]
    491     0x00020D80       0xFFFFFF80      0x00200021         (0, 2, 1)      [15] [E, S]
    492     0x0000A380       0xFFFFFF80      0x00001000         (0, 0, 4)      [6] []
    493     0x00011800       0xFFFFFF80      0x00002020         (0, 1, 3)      [7] [S]
    494     0x0001C080       0xFFFFFF80      0x00000406         (0, 1, 8)      [4] [NE, N]
    495     0x00018980       0xFFFFFF80      0x00800080         (0, 1, 1)      [1, 17] []
    496     0x0001D700       0xFFFFFF80      0x00FFFE3F         (0, 1, 10)      [3, 4, 5, 6, 7, 8, 9, 10, 11, 12, 13, 14, 15, 16, 17] [E, NE, N, W, SW, S]
    497     0x0001F100       0xFFFFFF80      0x00100002         (0, 1, 14)      [14] [NE]
    498     0x00012800       0xFFFFFF80      0x00010000         (0, 1, 5)      [10] []
    499     0x0001B880       0xFFFFFF80      0x0000100E         (0, 1, 7)      [6] [NE, N, W]
    500     0x00020F80       0xFFFFFF80      0x00200021         (0, 2, 1)      [15] [E, S]
    501     0x00024500       0xFFFFFF80      0x00400001         (0, 2, 8)      [16] [E]
    502     0x00019A80       0xFFFFFF80      0x00001000         (0, 1, 3)      [6] []
    503     0x00023D00       0xFFFFFF80      0x00000001         (0, 2, 7)      [] [E]
    504     0x00011A00       0xFFFFFF80      0x00020020         (0, 1, 3)      [11] [S]
    505     0x00016100       0xFFFFFF80      0x00020000         (0, 1, 12)      [11] []
    506     0x0001A480       0xFFFFFF80      0x00000800         (0, 1, 4)      [5] []
    507     0x0001FF00       0xFFFFFF80      0x00040010         (0, 1, 15)      [12] [SW]
    508     0x00010B00       0xFFFFFF80      0x00010010         (0, 1, 1)      [10] [SW]
    509     0x0000DD00       0xFFFFFF80      0x00000800         (0, 0, 11)      [5] []
    510     0x0000DF00       0xFFFFFF80      0x00008000         (0, 0, 11)      [9] []
    511     0x00020700       0xFFFFFF80      0x00080030         (0, 2, 0)      [13] [SW, S]
    512     0x0005E600       0xFFFFFF00      0x00000080         (0, 5, 12)      [1] []
    513     0x00021300       0xFFFFFF80      0x00800081         (0, 2, 2)      [1, 17] [E]
    514     0x0005DE00       0xFFFFFF00      0x00000002         (0, 5, 11)      [] [NE]
    515     0x00024400       0xFFFFFF80      0x00100001         (0, 2, 8)      [14] [E]
    516     0x00015D00       0xFFFFFF80      0x00000200         (0, 1, 11)      [3] []
    517     0x00024000       0xFFFFFF80      0x00001001         (0, 2, 8)      [6] [E]
    518     0x00020F00       0xFFFFFF80      0x00000121         (0, 2, 1)      [2] [E, S]
    519     0x0001BC80       0xFFFFFF80      0x0010000E         (0, 1, 7)      [14] [NE, N, W]
    520     0x0001AB80       0xFFFFFF80      0x00000008         (0, 1, 5)      [] [W]
    521     0x0000FE00       0xFFFFFF80      0x00080008         (0, 0, 15)      [13] [W]
    522     0x0000B300       0xFFFFFF80      0x00004000         (0, 0, 6)      [8] []
    523     0x0000EA80       0xFFFFFF80      0x00000200         (0, 0, 13)      [3] []
    524     0x0001C600       0xFFFFFF80      0x0020000E         (0, 1, 8)      [15] [NE, N, W]
    525     0x00020300       0xFFFFFF80      0x00040030         (0, 2, 0)      [12] [SW, S]
    526     0x0000CE80       0xFFFFFF80      0x00000820         (0, 0, 9)      [5] [S]
    527     0x00019C80       0xFFFFFF80      0x00010000         (0, 1, 3)      [10] []
    528     0x00020C00       0xFFFFFF80      0x008000A1         (0, 2, 1)      [1, 17] [E, S]
    529     0x00016A00       0xFFFFFF80      0x00000220         (0, 1, 13)      [3] [S]
    530     0x00020000       0xFFFFFF80      0x00100010         (0, 2, 0)      [14] [SW]
    531     0x00008400       0xFFFFFF80      0x00000008         (0, 0, 0)      [] [W]
    532     0x0001FB00       0xFFFFFF80      0x00080010         (0, 1, 15)      [13] [SW]
    533     0x0000C080       0xFFFFFF80      0x00001000         (0, 0, 8)      [6] []
    534     0x0001F780       0xFFFFFF80      0x00400002         (0, 1, 14)      [16] [NE]
    535     0x00011900       0xFFFFFF80      0x00008020         (0, 1, 3)      [9] [S]
    536     0x00016B00       0xFFFFFF80      0x00000820         (0, 1, 13)      [5] [S]
    537     0x00008280       0xFFFFFF80      0x00000008         (0, 0, 0)      [] [W]
    538     0x0001FE80       0xFFFFFF80      0x00020010         (0, 1, 15)      [11] [SW]
    539     0x00019900       0xFFFFFF80      0x00000200         (0, 1, 3)      [3] []
    540     0x0000A480       0xFFFFFF80      0x00004000         (0, 0, 4)      [8] []
    541     0x0001F880       0xFFFFFF80      0x00000102         (0, 1, 15)      [2] [NE]
    542     0x0001FF80       0xFFFFFF80      0x00080010         (0, 1, 15)      [13] [SW]
    543     0x0001B680       0xFFFFFF80      0x0000000E         (0, 1, 6)      [] [NE, N, W]
    544     0x0001F580       0xFFFFFF80      0x00040002         (0, 1, 14)      [12] [NE]
    545     0x0001E980       0xFFFFFF80      0x00020002         (0, 1, 13)      [11] [NE]
    546     0x0001AF00       0xFFFFFF80      0x0000100E         (0, 1, 5)      [6] [NE, N, W]
    547     0x0001B380       0xFFFFFF80      0x0020000E         (0, 1, 6)      [15] [NE, N, W]
    548     0x0000C280       0xFFFFFF80      0x00010010         (0, 0, 8)      [10] [SW]
    549     0x0001AE80       0xFFFFFF80      0x0000080E         (0, 1, 5)      [5] [NE, N, W]
    550     0x00020280       0xFFFFFF80      0x00020030         (0, 2, 0)      [11] [SW, S]
    551     0x0001F280       0xFFFFFF80      0x00800082         (0, 1, 14)      [1, 17] [NE]
    552     0x00014200       0xFFFFFF80      0x00000400         (0, 1, 8)      [4] []
    553     0x0001B480       0xFFFFFF80      0x0080008E         (0, 1, 6)      [1, 17] [NE, N, W]
    554     0x00017880       0xFFFFFF80      0x00002020         (0, 1, 15)      [7] [S]
    555     0x0001E800       0xFFFFFF80      0x00004002         (0, 1, 13)      [8] [NE]
    556     0x00014400       0xFFFFFF80      0x00004000         (0, 1, 8)      [8] []
    557     0x0001B080       0xFFFFFF80      0x0000800E         (0, 1, 6)      [9] [NE, N, W]
    558     0x00013980       0xFFFFFF80      0x00400000         (0, 1, 7)      [16] []
    559     0x00015E00       0xFFFFFF80      0x00000800         (0, 1, 11)      [5] []
    560     0x00010C00       0xFFFFFF80      0x00040010         (0, 1, 1)      [12] [SW]
    561     0x0001E180       0xFFFFFF80      0x00004002         (0, 1, 12)      [8] [NE]
    562     0x0005DF00       0xFFFFFF00      0x00000002         (0, 5, 11)      [] [NE]
    563     0x0001DF00       0xFFFFFF80      0x00C00083         (0, 1, 11)      [16, 1, 17] [E, NE]
    564     0x00019F80       0xFFFFFF80      0x00400008         (0, 1, 3)      [16] [W]
    565     0x00019100       0xFFFFFF80      0x00008000         (0, 1, 2)      [9] []
    566     0x0000FB00       0xFFFFFF80      0x00002000         (0, 0, 15)      [7] []
    567     0x0001A800       0xFFFFFF80      0x00040000         (0, 1, 5)      [12] []
    568     0x00015380       0xFFFFFF80      0x00020010         (0, 1, 10)      [11] [SW]
    569     0x0005A800       0xFFFFFF00      0x00000020         (0, 5, 5)      [] [S]
    570     0x00023F80       0xFFFFFF80      0x00000800         (0, 2, 7)      [5] []
    571     0x0000DE00       0xFFFFFF80      0x00002000         (0, 0, 11)      [7] []
    572     0x0001E480       0xFFFFFF80      0x00100002         (0, 1, 12)      [14] [NE]
    573     0x0005F600       0xFFFFFF00      0x00800000         (0, 5, 14)      [17] []
    574     0x00023A80       0xFFFFFF80      0x00000002         (0, 2, 7)      [] [NE]
    575     0x00023E80       0xFFFFFF80      0x00000200         (0, 2, 7)      [3] []
    576     0x0000BF80       0xFFFFFF80      0x00000400         (0, 0, 7)      [4] []
    577     0x0001C780       0xFFFFFF80      0x00000118         (0, 1, 8)      [2] [W, SW]
    578     0x0005E100       0xFFFFFF00      0x00000002         (0, 5, 12)      [] [NE]
    579     0x00023B00       0xFFFFFF80      0x00000002         (0, 2, 7)      [] [NE]
    580     0x00010D00       0xFFFFFF80      0x00100002         (0, 1, 1)      [14] [NE]
    581     0x0001B500       0xFFFFFF80      0x0000010E         (0, 1, 6)      [2] [NE, N, W]
    582     0x0001D480       0xFFFFFF80      0x00FFFE3F         (0, 1, 10)      [3, 4, 5, 6, 7, 8, 9, 10, 11, 12, 13, 14, 15, 16, 17] [E, NE, N, W, SW, S]
    583     0x00019A00       0xFFFFFF80      0x00000800         (0, 1, 3)      [5] []
    584     0x0001D880       0xFFFFFF80      0x00000602         (0, 1, 11)      [3, 4] [NE]
    585     0x00006800       0xFFFFFF80      0x00000200         (0, 0, 13)      [3] []
    586     0x00012480       0xFFFFFF80      0x00000220         (0, 1, 4)      [3] [S]
    587     0x00018E80       0xFFFFFF80      0x00000400         (0, 1, 1)      [4] []
    588     0x00017B80       0xFFFFFF80      0x00080000         (0, 1, 15)      [13] []
    589     0x0005E200       0xFFFFFF00      0x00000002         (0, 5, 12)      [] [NE]
    590     0x0001C580       0xFFFFFF80      0x0010000E         (0, 1, 8)      [14] [NE, N, W]
    591     0x00014300       0xFFFFFF80      0x00001000         (0, 1, 8)      [6] []
