router contains 786 entries 
 
  Index   Key(hex)    Mask(hex)    Route(hex)    Src. Core -> [Cores][Links]
------------------------------------------------------------------------------
    0     0x00002800       0xFFFFFF80      0x00004000         (0, 0, 5)      [8] []
    1     0x0000B700       0xFFFFFF80      0x00000400         (0, 0, 6)      [4] []
    2     0x00012080       0xFFFFFF80      0x00060000         (0, 1, 4)      [11, 12] []
    3     0x00021000       0xFFFFFF80      0x00000010         (0, 2, 2)      [] [SW]
    4     0x00012200       0xFFFFFF80      0x00300000         (0, 1, 4)      [14, 15] []
    5     0x00012A80       0xFFFFFF80      0x00000202         (0, 1, 5)      [3] [NE]
    6     0x0001A280       0xFFFFFF80      0x00000018         (0, 1, 4)      [] [W, SW]
    7     0x00012C00       0xFFFFFF80      0x00001000         (0, 1, 5)      [6] []
    8     0x00007380       0xFFFFFF80      0x00100000         (0, 0, 14)      [14] []
    9     0x0001DE80       0xFFFFFF80      0x00000010         (0, 1, 11)      [] [SW]
    10     0x00010780       0xFFFFFF80      0x00000380         (0, 1, 0)      [1, 2, 3] []
    11     0x00012800       0xFFFFFF80      0x00000002         (0, 1, 5)      [] [NE]
    12     0x0000D400       0xFFFFFF80      0x00000400         (0, 0, 10)      [4] []
    13     0x0001B000       0xFFFFFF80      0x00000010         (0, 1, 6)      [] [SW]
    14     0x0001F300       0xFFFFFF80      0x00000018         (0, 1, 14)      [] [W, SW]
    15     0x00001C80       0xFFFFFF80      0x00100000         (0, 0, 3)      [14] []
    16     0x00008E00       0xFFFFFF80      0x00008000         (0, 0, 1)      [9] []
    17     0x00014D00       0xFFFFFF80      0x00200000         (0, 1, 9)      [15] []
    18     0x00003800       0xFFFFFF80      0x00020000         (0, 0, 7)      [11] []
    19     0x00018580       0xFFFFFF80      0x00000020         (0, 1, 0)      [] [S]
    20     0x0001E580       0xFFFFFF80      0x00000010         (0, 1, 12)      [] [SW]
    21     0x00019D80       0xFFFFFF80      0x00000018         (0, 1, 3)      [] [W, SW]
    22     0x00015A00       0xFFFFFF80      0x00100020         (0, 1, 11)      [14] [S]
    23     0x00005400       0xFFFFFF80      0x00008000         (0, 0, 10)      [9] []
    24     0x00013580       0xFFFFFF80      0x00000002         (0, 1, 6)      [] [NE]
    25     0x00016D80       0xFFFFFF80      0x0000000A         (0, 1, 13)      [] [NE, W]
    26     0x00019680       0xFFFFFF80      0x00200010         (0, 1, 2)      [15] [SW]
    27     0x00012780       0xFFFFFF80      0x00000002         (0, 1, 4)      [] [NE]
    28     0x00006200       0xFFFFFF80      0x00004000         (0, 0, 12)      [8] []
    29     0x00016300       0xFFFFFF80      0x0000020E         (0, 1, 12)      [3] [NE, N, W]
    30     0x0001C500       0xFFFFFF80      0x00000098         (0, 1, 8)      [1] [W, SW]
    31     0x00016080       0xFFFFFF80      0x00000020         (0, 1, 12)      [] [S]
    32     0x0001FF80       0xFFFFFF80      0x00000080         (0, 1, 15)      [1] []
    33     0x0001EA00       0xFFFFFF80      0x00000010         (0, 1, 13)      [] [SW]
    34     0x0001E280       0xFFFFFF80      0x00000010         (0, 1, 12)      [] [SW]
    35     0x00018A00       0xFFFFFF80      0x00000020         (0, 1, 1)      [] [S]
    36     0x00009F00       0xFFFFFF80      0x00100000         (0, 0, 3)      [14] []
    37     0x00005500       0xFFFFFF80      0x00020000         (0, 0, 10)      [11] []
    38     0x00013100       0xFFFFFF80      0x00400002         (0, 1, 6)      [16] [NE]
    39     0x0001D880       0xFFFFFF80      0x00000010         (0, 1, 11)      [] [SW]
    40     0x00015780       0xFFFFFF80      0x00008000         (0, 1, 10)      [9] []
    41     0x0001CE00       0xFFFFFF80      0x00000100         (0, 1, 9)      [2] []
    42     0x00042D00       0xFFFFFF00      0x00000010         (0, 4, 5)      [] [SW]
    43     0x0001D000       0xFFFFFF80      0x00000010         (0, 1, 10)      [] [SW]
    44     0x0000AB00       0xFFFFFF80      0x00008000         (0, 0, 5)      [9] []
    45     0x0000C900       0xFFFFFF80      0x00020000         (0, 0, 9)      [11] []
    46     0x0001E080       0xFFFFFF80      0x00000010         (0, 1, 12)      [] [SW]
    47     0x00012500       0xFFFFFF80      0x00000002         (0, 1, 4)      [] [NE]
    48     0x00009E80       0xFFFFFF80      0x00080000         (0, 0, 3)      [13] []
    49     0x0001ED80       0xFFFFFF80      0x00000010         (0, 1, 13)      [] [SW]
    50     0x0000F400       0xFFFFFF80      0x00010000         (0, 0, 14)      [10] []
    51     0x0000F780       0xFFFFFF80      0x00800000         (0, 0, 14)      [17] []
    52     0x00004880       0xFFFFFF80      0x00200000         (0, 0, 9)      [15] []
    53     0x0001A980       0xFFFFFF80      0x00000210         (0, 1, 5)      [3] [SW]
    54     0x00017800       0xFFFFFF80      0x0000000E         (0, 1, 15)      [] [NE, N, W]
    55     0x00011A00       0xFFFFFF80      0x00FFFC02         (0, 1, 3)      [4, 5, 6, 7, 8, 9, 10, 11, 12, 13, 14, 15, 16, 17] [NE]
    56     0x0000A880       0xFFFFFF80      0x00000400         (0, 0, 5)      [4] []
    57     0x00013880       0xFFFFFF80      0x00000102         (0, 1, 7)      [2] [NE]
    58     0x0001D780       0xFFFFFF80      0x00000010         (0, 1, 10)      [] [SW]
    59     0x00023180       0xFFFFFF80      0x00000010         (0, 2, 6)      [] [SW]
    60     0x0000BA00       0xFFFFFF80      0x00010000         (0, 0, 7)      [10] []
    61     0x00020480       0xFFFFFF80      0x00000200         (0, 2, 0)      [3] []
    62     0x0000F600       0xFFFFFF80      0x00100000         (0, 0, 14)      [14] []
    63     0x0000D900       0xFFFFFF80      0x00100000         (0, 0, 11)      [14] []
    64     0x0000E400       0xFFFFFF80      0x00002000         (0, 0, 12)      [7] []
    65     0x0001BE80       0xFFFFFF80      0x00000018         (0, 1, 7)      [] [W, SW]
    66     0x00005280       0xFFFFFF80      0x00001000         (0, 0, 10)      [6] []
    67     0x0001A100       0xFFFFFF80      0x00200018         (0, 1, 4)      [15] [W, SW]
    68     0x00023380       0xFFFFFF80      0x00000010         (0, 2, 6)      [] [SW]
    69     0x00011A80       0xFFFFFF80      0x00FFFC02         (0, 1, 3)      [4, 5, 6, 7, 8, 9, 10, 11, 12, 13, 14, 15, 16, 17] [NE]
    70     0x00017580       0xFFFFFF80      0x0000000E         (0, 1, 14)      [] [NE, N, W]
    71     0x00010F00       0xFFFFFF80      0x00FFFC32         (0, 1, 1)      [4, 5, 6, 7, 8, 9, 10, 11, 12, 13, 14, 15, 16, 17] [NE, SW, S]
    72     0x0001AB00       0xFFFFFF80      0x00000010         (0, 1, 5)      [] [SW]
    73     0x00010880       0xFFFFFF80      0x00000380         (0, 1, 1)      [1, 2, 3] []
    74     0x00010B80       0xFFFFFF80      0x00000380         (0, 1, 1)      [1, 2, 3] []
    75     0x0001F400       0xFFFFFF80      0x00000018         (0, 1, 14)      [] [W, SW]
    76     0x0001D680       0xFFFFFF80      0x00000210         (0, 1, 10)      [3] [SW]
    77     0x00012900       0xFFFFFF80      0x00000002         (0, 1, 5)      [] [NE]
    78     0x0001BA00       0xFFFFFF80      0x00000010         (0, 1, 7)      [] [SW]
    79     0x00005600       0xFFFFFF80      0x00080000         (0, 0, 10)      [13] []
    80     0x00012B80       0xFFFFFF80      0x00000002         (0, 1, 5)      [] [NE]
    81     0x0000F480       0xFFFFFF80      0x00020000         (0, 0, 14)      [11] []
    82     0x00020780       0xFFFFFF80      0x00000100         (0, 2, 0)      [2] []
    83     0x00019500       0xFFFFFF80      0x00000010         (0, 1, 2)      [] [SW]
    84     0x00014E00       0xFFFFFF80      0x00800000         (0, 1, 9)      [17] []
    85     0x00013400       0xFFFFFF80      0x00000002         (0, 1, 6)      [] [NE]
    86     0x00012600       0xFFFFFF80      0x00000002         (0, 1, 4)      [] [NE]
    87     0x00018E00       0xFFFFFF80      0x00000020         (0, 1, 1)      [] [S]
    88     0x00011D00       0xFFFFFF80      0x00000C00         (0, 1, 3)      [4, 5] []
    89     0x00017C80       0xFFFFFF80      0x0000020E         (0, 1, 15)      [3] [NE, N, W]
    90     0x00002A80       0xFFFFFF80      0x00080000         (0, 0, 5)      [13] []
    91     0x0001E900       0xFFFFFF80      0x00000010         (0, 1, 13)      [] [SW]
    92     0x0001A400       0xFFFFFF80      0x00000018         (0, 1, 4)      [] [W, SW]
    93     0x00000D80       0xFFFFFF80      0x00080008         (0, 0, 1)      [13] [W]
    94     0x00000B00       0xFFFFFF80      0x00004000         (0, 0, 1)      [8] []
    95     0x00000C00       0xFFFFFF80      0x00010000         (0, 0, 1)      [10] []
    96     0x00014C80       0xFFFFFF80      0x00100000         (0, 1, 9)      [14] []
    97     0x0000F100       0xFFFFFF80      0x00000400         (0, 0, 14)      [4] []
    98     0x00019180       0xFFFFFF80      0x00000020         (0, 1, 2)      [] [S]
    99     0x0000EE80       0xFFFFFF80      0x00000002         (0, 0, 13)      [] [NE]
    100     0x00013D80       0xFFFFFF80      0x00040000         (0, 1, 7)      [12] []
    101     0x00014780       0xFFFFFF80      0x00000200         (0, 1, 8)      [3] []
    102     0x00013000       0xFFFFFF80      0x00100000         (0, 1, 6)      [14] []
    103     0x0001EE80       0xFFFFFF80      0x00000010         (0, 1, 13)      [] [SW]
    104     0x0001E680       0xFFFFFF80      0x00000010         (0, 1, 12)      [] [SW]
    105     0x00011280       0xFFFFFF80      0x00FFFC3E         (0, 1, 2)      [4, 5, 6, 7, 8, 9, 10, 11, 12, 13, 14, 15, 16, 17] [NE, N, W, SW, S]
    106     0x0000ED80       0xFFFFFF80      0x00000002         (0, 0, 13)      [] [NE]
    107     0x00042800       0xFFFFFF00      0x00000010         (0, 4, 5)      [] [SW]
    108     0x0000C600       0xFFFFFF80      0x00000800         (0, 0, 8)      [5] []
    109     0x0001C400       0xFFFFFF80      0x00000018         (0, 1, 8)      [] [W, SW]
    110     0x00046200       0xFFFFFF00      0x00000200         (0, 4, 12)      [3] []
    111     0x0000E900       0xFFFFFF80      0x00800000         (0, 0, 13)      [17] []
    112     0x00012400       0xFFFFFF80      0x00000002         (0, 1, 4)      [] [NE]
    113     0x00019400       0xFFFFFF80      0x00000210         (0, 1, 2)      [3] [SW]
    114     0x00000900       0xFFFFFF80      0x00000400         (0, 0, 1)      [4] []
    115     0x00015B00       0xFFFFFF80      0x00400020         (0, 1, 11)      [16] [S]
    116     0x00015F80       0xFFFFFF80      0x00000020         (0, 1, 11)      [] [S]
    117     0x00016600       0xFFFFFF80      0x00040008         (0, 1, 12)      [12] [W]
    118     0x00023A00       0xFFFFFF80      0x00020018         (0, 2, 7)      [11] [W, SW]
    119     0x0000DA80       0xFFFFFF80      0x00800000         (0, 0, 11)      [17] []
    120     0x00016980       0xFFFFFF80      0x0000000A         (0, 1, 13)      [] [NE, W]
    121     0x0001E380       0xFFFFFF80      0x00000010         (0, 1, 12)      [] [SW]
    122     0x00046500       0xFFFFFF00      0x00001000         (0, 4, 12)      [6] []
    123     0x00019080       0xFFFFFF80      0x00000020         (0, 1, 2)      [] [S]
    124     0x00004980       0xFFFFFF80      0x00800000         (0, 0, 9)      [17] []
    125     0x00018800       0xFFFFFF80      0x00000120         (0, 1, 1)      [2] [S]
    126     0x00015B80       0xFFFFFF80      0x00800020         (0, 1, 11)      [17] [S]
    127     0x00009B80       0xFFFFFF80      0x00002000         (0, 0, 3)      [7] []
    128     0x00046700       0xFFFFFF00      0x00004000         (0, 4, 12)      [8] []
    129     0x0001A800       0xFFFFFF80      0x00000010         (0, 1, 5)      [] [SW]
    130     0x00042B00       0xFFFFFF00      0x00000010         (0, 4, 5)      [] [SW]
    131     0x00010500       0xFFFFFF80      0x00600380         (0, 1, 0)      [16, 1, 2, 3, 15] []
    132     0x00003680       0xFFFFFF80      0x00004000         (0, 0, 6)      [8] []
    133     0x00016880       0xFFFFFF80      0x0080000E         (0, 1, 13)      [17] [NE, N, W]
    134     0x00018900       0xFFFFFF80      0x00000020         (0, 1, 1)      [] [S]
    135     0x0000E600       0xFFFFFF80      0x00020000         (0, 0, 12)      [11] []
    136     0x00046A00       0xFFFFFF00      0x00020000         (0, 4, 13)      [11] []
    137     0x00042C00       0xFFFFFF00      0x00000010         (0, 4, 5)      [] [SW]
    138     0x0000B800       0xFFFFFF80      0x00001000         (0, 0, 7)      [6] []
    139     0x00011880       0xFFFFFF80      0x00FFFC02         (0, 1, 3)      [4, 5, 6, 7, 8, 9, 10, 11, 12, 13, 14, 15, 16, 17] [NE]
    140     0x00042900       0xFFFFFF00      0x00000010         (0, 4, 5)      [] [SW]
    141     0x00046B00       0xFFFFFF00      0x00040000         (0, 4, 13)      [12] []
    142     0x00020C80       0xFFFFFF80      0x00000010         (0, 2, 1)      [] [SW]
    143     0x0000DF00       0xFFFFFF80      0x00000002         (0, 0, 11)      [] [NE]
    144     0x00046C00       0xFFFFFF00      0x00080000         (0, 4, 13)      [13] []
    145     0x0001E880       0xFFFFFF80      0x00000010         (0, 1, 13)      [] [SW]
    146     0x00017280       0xFFFFFF80      0x00040008         (0, 1, 14)      [12] [W]
    147     0x00020400       0xFFFFFF80      0x00000100         (0, 2, 0)      [2] []
    148     0x00046D00       0xFFFFFF00      0x00100000         (0, 4, 13)      [14] []
    149     0x00046E00       0xFFFFFF00      0x00200000         (0, 4, 13)      [15] []
    150     0x00021C00       0xFFFFFF80      0x00000010         (0, 2, 3)      [] [SW]
    151     0x00019C80       0xFFFFFF80      0x00000018         (0, 1, 3)      [] [W, SW]
    152     0x00046F00       0xFFFFFF00      0x00400000         (0, 4, 13)      [16] []
    153     0x0001EA80       0xFFFFFF80      0x00000090         (0, 1, 13)      [1] [SW]
    154     0x0001A780       0xFFFFFF80      0x00000010         (0, 1, 4)      [] [SW]
    155     0x00010600       0xFFFFFF80      0x00800380         (0, 1, 0)      [1, 2, 3, 17] []
    156     0x0001DA00       0xFFFFFF80      0x00000010         (0, 1, 11)      [] [SW]
    157     0x00018480       0xFFFFFF80      0x00000020         (0, 1, 0)      [] [S]
    158     0x00010F80       0xFFFFFF80      0x00FFFC36         (0, 1, 1)      [4, 5, 6, 7, 8, 9, 10, 11, 12, 13, 14, 15, 16, 17] [NE, N, SW, S]
    159     0x0001BD80       0xFFFFFF80      0x00000010         (0, 1, 7)      [] [SW]
    160     0x0001EB80       0xFFFFFF80      0x00000210         (0, 1, 13)      [3] [SW]
    161     0x00023B00       0xFFFFFF80      0x00080018         (0, 2, 7)      [13] [W, SW]
    162     0x00008C00       0xFFFFFF80      0x00000800         (0, 0, 1)      [5] []
    163     0x0001E000       0xFFFFFF80      0x00000010         (0, 1, 12)      [] [SW]
    164     0x00017E80       0xFFFFFF80      0x00040008         (0, 1, 15)      [12] [W]
    165     0x00004500       0xFFFFFF80      0x00004000         (0, 0, 8)      [8] []
    166     0x00006000       0xFFFFFF80      0x00000400         (0, 0, 12)      [4] []
    167     0x00011080       0xFFFFFF80      0x00FFFC36         (0, 1, 2)      [4, 5, 6, 7, 8, 9, 10, 11, 12, 13, 14, 15, 16, 17] [NE, N, SW, S]
    168     0x0001AF00       0xFFFFFF80      0x00000010         (0, 1, 5)      [] [SW]
    169     0x00018F00       0xFFFFFF80      0x00000020         (0, 1, 1)      [] [S]
    170     0x00019F00       0xFFFFFF80      0x00000218         (0, 1, 3)      [3] [W, SW]
    171     0x0000AB80       0xFFFFFF80      0x00010000         (0, 0, 5)      [10] []
    172     0x00016E80       0xFFFFFF80      0x0000000A         (0, 1, 13)      [] [NE, W]
    173     0x0001E980       0xFFFFFF80      0x00000010         (0, 1, 13)      [] [SW]
    174     0x00016100       0xFFFFFF80      0x0000000E         (0, 1, 12)      [] [NE, N, W]
    175     0x00013180       0xFFFFFF80      0x00800002         (0, 1, 6)      [17] [NE]
    176     0x00003700       0xFFFFFF80      0x00008000         (0, 0, 6)      [9] []
    177     0x00008180       0xFFFFFF80      0x00080000         (0, 0, 0)      [13] []
    178     0x00008D00       0xFFFFFF80      0x00002000         (0, 0, 1)      [7] []
    179     0x0000FE80       0xFFFFFF80      0x00000300         (0, 0, 15)      [2, 3] []
    180     0x00017300       0xFFFFFF80      0x00080008         (0, 1, 14)      [13] [W]
    181     0x00013980       0xFFFFFF80      0x00000002         (0, 1, 7)      [] [NE]
    182     0x0001B100       0xFFFFFF80      0x00000010         (0, 1, 6)      [] [SW]
    183     0x00011B80       0xFFFFFF80      0x00FFFD82         (0, 1, 3)      [1, 2, 4, 5, 6, 7, 8, 9, 10, 11, 12, 13, 14, 15, 16, 17] [NE]
    184     0x0000E380       0xFFFFFF80      0x00001000         (0, 0, 12)      [6] []
    185     0x00010C80       0xFFFFFF80      0x000003BE         (0, 1, 1)      [1, 2, 3] [NE, N, W, SW, S]
    186     0x00020C00       0xFFFFFF80      0x00000010         (0, 2, 1)      [] [SW]
    187     0x00006600       0xFFFFFF80      0x00400000         (0, 0, 12)      [16] []
    188     0x00014B80       0xFFFFFF80      0x00040000         (0, 1, 9)      [12] []
    189     0x00023C80       0xFFFFFF80      0x00400018         (0, 2, 7)      [16] [W, SW]
    190     0x0001F880       0xFFFFFF80      0x00000018         (0, 1, 15)      [] [W, SW]
    191     0x00017E00       0xFFFFFF80      0x0000000E         (0, 1, 15)      [] [NE, N, W]
    192     0x00004380       0xFFFFFF80      0x00000800         (0, 0, 8)      [5] []
    193     0x0000E080       0xFFFFFF80      0x00000002         (0, 0, 12)      [] [NE]
    194     0x00023100       0xFFFFFF80      0x00000010         (0, 2, 6)      [] [SW]
    195     0x00011000       0xFFFFFF80      0x00FFFC36         (0, 1, 2)      [4, 5, 6, 7, 8, 9, 10, 11, 12, 13, 14, 15, 16, 17] [NE, N, SW, S]
    196     0x0001B080       0xFFFFFF80      0x00000010         (0, 1, 6)      [] [SW]
    197     0x0000EA80       0xFFFFFF80      0x00000002         (0, 0, 13)      [] [NE]
    198     0x00012D00       0xFFFFFF80      0x00004000         (0, 1, 5)      [8] []
    199     0x00004780       0xFFFFFF80      0x00080000         (0, 0, 8)      [13] []
    200     0x0001AC00       0xFFFFFF80      0x00800000         (0, 1, 5)      [17] []
    201     0x00020E80       0xFFFFFF80      0x00000010         (0, 2, 1)      [] [SW]
    202     0x0001F080       0xFFFFFF80      0x00000098         (0, 1, 14)      [1] [W, SW]
    203     0x00011300       0xFFFFFF80      0x00FFFC3E         (0, 1, 2)      [4, 5, 6, 7, 8, 9, 10, 11, 12, 13, 14, 15, 16, 17] [NE, N, W, SW, S]
    204     0x00019280       0xFFFFFF80      0x00000020         (0, 1, 2)      [] [S]
    205     0x00007280       0xFFFFFF80      0x00040000         (0, 0, 14)      [12] []
    206     0x0001B480       0xFFFFFF80      0x00000010         (0, 1, 6)      [] [SW]
    207     0x00015500       0xFFFFFF80      0x00000100         (0, 1, 10)      [2] []
    208     0x0000F500       0xFFFFFF80      0x00040000         (0, 0, 14)      [12] []
    209     0x00002700       0xFFFFFF80      0x00001000         (0, 0, 4)      [6] []
    210     0x0001AE80       0xFFFFFF80      0x00000010         (0, 1, 5)      [] [SW]
    211     0x0001DE00       0xFFFFFF80      0x00000210         (0, 1, 11)      [3] [SW]
    212     0x00016E00       0xFFFFFF80      0x0000000A         (0, 1, 13)      [] [NE, W]
    213     0x00042200       0xFFFFFF00      0x00000010         (0, 4, 4)      [] [SW]
    214     0x00015900       0xFFFFFF80      0x00040020         (0, 1, 11)      [12] [S]
    215     0x0001DC80       0xFFFFFF80      0x00000010         (0, 1, 11)      [] [SW]
    216     0x0000B900       0xFFFFFF80      0x00004000         (0, 0, 7)      [8] []
    217     0x00016380       0xFFFFFF80      0x0000000E         (0, 1, 12)      [] [NE, N, W]
    218     0x00009F80       0xFFFFFF80      0x00200000         (0, 0, 3)      [15] []
    219     0x00008300       0xFFFFFF80      0x00400000         (0, 0, 0)      [16] []
    220     0x00011D80       0xFFFFFF80      0x00001800         (0, 1, 3)      [5, 6] []
    221     0x00015C80       0xFFFFFF80      0x00000020         (0, 1, 11)      [] [S]
    222     0x00015D00       0xFFFFFF80      0x00000020         (0, 1, 11)      [] [S]
    223     0x0000AD80       0xFFFFFF80      0x00100000         (0, 0, 5)      [14] []
    224     0x00013E00       0xFFFFFF80      0x00080000         (0, 1, 7)      [13] []
    225     0x00019E00       0xFFFFFF80      0x00000098         (0, 1, 3)      [1] [W, SW]
    226     0x00013B80       0xFFFFFF80      0x00004000         (0, 1, 7)      [8] []
    227     0x00021180       0xFFFFFF80      0x00000010         (0, 2, 2)      [] [SW]
    228     0x0000EC00       0xFFFFFF80      0x00000002         (0, 0, 13)      [] [NE]
    229     0x0000D680       0xFFFFFF80      0x00008000         (0, 0, 10)      [9] []
    230     0x00009E00       0xFFFFFF80      0x00040000         (0, 0, 3)      [12] []
    231     0x00042500       0xFFFFFF00      0x00000010         (0, 4, 4)      [] [SW]
    232     0x00018780       0xFFFFFF80      0x000000A0         (0, 1, 0)      [1] [S]
    233     0x00020D80       0xFFFFFF80      0x00000210         (0, 2, 1)      [3] [SW]
    234     0x00016F00       0xFFFFFF80      0x0000008A         (0, 1, 13)      [1] [NE, W]
    235     0x00017080       0xFFFFFF80      0x0000000A         (0, 1, 14)      [] [NE, W]
    236     0x00024380       0xFFFFFF80      0x00000080         (0, 2, 8)      [1] []
    237     0x00019480       0xFFFFFF80      0x00000010         (0, 1, 2)      [] [SW]
    238     0x00002680       0xFFFFFF80      0x00000800         (0, 0, 4)      [5] []
    239     0x00042600       0xFFFFFF00      0x00000010         (0, 4, 4)      [] [SW]
    240     0x0000E280       0xFFFFFF80      0x00000400         (0, 0, 12)      [4] []
    241     0x0001F200       0xFFFFFF80      0x00000018         (0, 1, 14)      [] [W, SW]
    242     0x0000E300       0xFFFFFF80      0x00000800         (0, 0, 12)      [5] []
    243     0x00006E80       0xFFFFFF80      0x00000400         (0, 0, 13)      [4] []
    244     0x0001A180       0xFFFFFF80      0x00400018         (0, 1, 4)      [16] [W, SW]
    245     0x00005780       0xFFFFFF80      0x00400000         (0, 0, 10)      [16] []
    246     0x0000C800       0xFFFFFF80      0x00008000         (0, 0, 9)      [9] []
    247     0x00001A00       0xFFFFFF80      0x00008000         (0, 0, 3)      [9] []
    248     0x00042700       0xFFFFFF00      0x00000010         (0, 4, 4)      [] [SW]
    249     0x00005480       0xFFFFFF80      0x00010000         (0, 0, 10)      [10] []
    250     0x00021C80       0xFFFFFF80      0x00000010         (0, 2, 3)      [] [SW]
    251     0x00018600       0xFFFFFF80      0x00000020         (0, 1, 0)      [] [S]
    252     0x00013900       0xFFFFFF80      0x00000202         (0, 1, 7)      [3] [NE]
    253     0x00017C00       0xFFFFFF80      0x0000010E         (0, 1, 15)      [2] [NE, N, W]
    254     0x0001CE80       0xFFFFFF80      0x00000200         (0, 1, 9)      [3] []
    255     0x0001E200       0xFFFFFF80      0x00000010         (0, 1, 12)      [] [SW]
    256     0x00020080       0xFFFFFF80      0x00000200         (0, 2, 0)      [3] []
    257     0x00003500       0xFFFFFF80      0x00000800         (0, 0, 6)      [5] []
    258     0x0000F180       0xFFFFFF80      0x00000800         (0, 0, 14)      [5] []
    259     0x00012B00       0xFFFFFF80      0x00000002         (0, 1, 5)      [] [NE]
    260     0x00005680       0xFFFFFF80      0x00100000         (0, 0, 10)      [14] []
    261     0x0001E500       0xFFFFFF80      0x00000210         (0, 1, 12)      [3] [SW]
    262     0x0001E300       0xFFFFFF80      0x00000010         (0, 1, 12)      [] [SW]
    263     0x00018700       0xFFFFFF80      0x00000020         (0, 1, 0)      [] [S]
    264     0x00020000       0xFFFFFF80      0x00000100         (0, 2, 0)      [2] []
    265     0x00023B80       0xFFFFFF80      0x00100018         (0, 2, 7)      [14] [W, SW]
    266     0x0001B380       0xFFFFFF80      0x00000210         (0, 1, 6)      [3] [SW]
    267     0x0001CD80       0xFFFFFF80      0x00000080         (0, 1, 9)      [1] []
    268     0x00015800       0xFFFFFF80      0x00010000         (0, 1, 11)      [10] []
    269     0x00023500       0xFFFFFF80      0x00000010         (0, 2, 6)      [] [SW]
    270     0x0001BC80       0xFFFFFF80      0x00000110         (0, 1, 7)      [2] [SW]
    271     0x00013600       0xFFFFFF80      0x00000002         (0, 1, 6)      [] [NE]
    272     0x00012980       0xFFFFFF80      0x00000082         (0, 1, 5)      [1] [NE]
    273     0x0001DB00       0xFFFFFF80      0x00000010         (0, 1, 11)      [] [SW]
    274     0x0001AE00       0xFFFFFF80      0x00000010         (0, 1, 5)      [] [SW]
    275     0x00011800       0xFFFFFF80      0x00FFFC00         (0, 1, 3)      [4, 5, 6, 7, 8, 9, 10, 11, 12, 13, 14, 15, 16, 17] []
    276     0x0001CF80       0xFFFFFF80      0x00000010         (0, 1, 9)      [] [SW]
    277     0x00021400       0xFFFFFF80      0x00000010         (0, 2, 2)      [] [SW]
    278     0x00002980       0xFFFFFF80      0x00020000         (0, 0, 5)      [11] []
    279     0x00001C00       0xFFFFFF80      0x00080000         (0, 0, 3)      [13] []
    280     0x00002B80       0xFFFFFF80      0x00200000         (0, 0, 5)      [15] []
    281     0x0000AA80       0xFFFFFF80      0x00004000         (0, 0, 5)      [8] []
    282     0x0000C980       0xFFFFFF80      0x00040000         (0, 0, 9)      [12] []
    283     0x00014700       0xFFFFFF80      0x00000100         (0, 1, 8)      [2] []
    284     0x00012680       0xFFFFFF80      0x00000002         (0, 1, 4)      [] [NE]
    285     0x0000F380       0xFFFFFF80      0x00008000         (0, 0, 14)      [9] []
    286     0x00018080       0xFFFFFF80      0x0040000E         (0, 1, 0)      [16] [NE, N, W]
    287     0x0001C300       0xFFFFFF80      0x00000018         (0, 1, 8)      [] [W, SW]
    288     0x00002C80       0xFFFFFF80      0x00800000         (0, 0, 5)      [17] []
    289     0x0000E500       0xFFFFFF80      0x00008000         (0, 0, 12)      [9] []
    290     0x00023600       0xFFFFFF80      0x00000010         (0, 2, 6)      [] [SW]
    291     0x0000EF00       0xFFFFFF80      0x00000002         (0, 0, 13)      [] [NE]
    292     0x00019300       0xFFFFFF80      0x000000A0         (0, 1, 2)      [1] [S]
    293     0x00011680       0xFFFFFF80      0x00FFFC00         (0, 1, 2)      [4, 5, 6, 7, 8, 9, 10, 11, 12, 13, 14, 15, 16, 17] []
    294     0x00006480       0xFFFFFF80      0x00080000         (0, 0, 12)      [13] []
    295     0x00010C00       0xFFFFFF80      0x00000380         (0, 1, 1)      [1, 2, 3] []
    296     0x0001B800       0xFFFFFF80      0x00000010         (0, 1, 7)      [] [SW]
    297     0x00016900       0xFFFFFF80      0x0000000E         (0, 1, 13)      [] [NE, N, W]
    298     0x0000D480       0xFFFFFF80      0x00000800         (0, 0, 10)      [5] []
    299     0x0001AA80       0xFFFFFF80      0x00000010         (0, 1, 5)      [] [SW]
    300     0x0001F380       0xFFFFFF80      0x00000018         (0, 1, 14)      [] [W, SW]
    301     0x0000D500       0xFFFFFF80      0x00001000         (0, 0, 10)      [6] []
    302     0x00015C00       0xFFFFFF80      0x00000020         (0, 1, 11)      [] [S]
    303     0x0001D700       0xFFFFFF80      0x00000010         (0, 1, 10)      [] [SW]
    304     0x0000E680       0xFFFFFF80      0x00040000         (0, 0, 12)      [12] []
    305     0x00001780       0xFFFFFF80      0x00000400         (0, 0, 2)      [4] []
    306     0x00007180       0xFFFFFF80      0x00010000         (0, 0, 14)      [10] []
    307     0x00018980       0xFFFFFF80      0x00000020         (0, 1, 1)      [] [S]
    308     0x00017600       0xFFFFFF80      0x0000000E         (0, 1, 14)      [] [NE, N, W]
    309     0x00013080       0xFFFFFF80      0x00200002         (0, 1, 6)      [15] [NE]
    310     0x00019700       0xFFFFFF80      0x00400000         (0, 1, 2)      [16] []
    311     0x00010580       0xFFFFFF80      0x00C00380         (0, 1, 0)      [16, 1, 2, 3, 17] []
    312     0x00001A80       0xFFFFFF80      0x00010000         (0, 0, 3)      [10] []
    313     0x00017F80       0xFFFFFF80      0x0010000C         (0, 1, 15)      [14] [N, W]
    314     0x0001F700       0xFFFFFF80      0x00000218         (0, 1, 14)      [3] [W, SW]
    315     0x0000CB80       0xFFFFFF80      0x00400000         (0, 0, 9)      [16] []
    316     0x00013F80       0xFFFFFF80      0x00400000         (0, 1, 7)      [16] []
    317     0x00017980       0xFFFFFF80      0x0000000E         (0, 1, 15)      [] [NE, N, W]
    318     0x00020D00       0xFFFFFF80      0x00000110         (0, 2, 1)      [2] [SW]
    319     0x00016F80       0xFFFFFF80      0x0000010A         (0, 1, 13)      [2] [NE, W]
    320     0x0001A380       0xFFFFFF80      0x00000018         (0, 1, 4)      [] [W, SW]
    321     0x00017700       0xFFFFFF80      0x0000000E         (0, 1, 14)      [] [NE, N, W]
    322     0x0000E980       0xFFFFFF80      0x00000002         (0, 0, 13)      [] [NE]
    323     0x00010E00       0xFFFFFF80      0x00FFFC32         (0, 1, 1)      [4, 5, 6, 7, 8, 9, 10, 11, 12, 13, 14, 15, 16, 17] [NE, SW, S]
    324     0x00023900       0xFFFFFF80      0x00008010         (0, 2, 7)      [9] [SW]
    325     0x0001D900       0xFFFFFF80      0x00000010         (0, 1, 11)      [] [SW]
    326     0x00009D00       0xFFFFFF80      0x00010000         (0, 0, 3)      [10] []
    327     0x0000D800       0xFFFFFF80      0x00040000         (0, 0, 11)      [12] []
    328     0x00013A00       0xFFFFFF80      0x00000002         (0, 1, 7)      [] [NE]
    329     0x00006500       0xFFFFFF80      0x00100000         (0, 0, 12)      [14] []
    330     0x00019200       0xFFFFFF80      0x00000020         (0, 1, 2)      [] [S]
    331     0x0000BD00       0xFFFFFF80      0x00400000         (0, 0, 7)      [16] []
    332     0x00017F00       0xFFFFFF80      0x00080008         (0, 1, 15)      [13] [W]
    333     0x00042400       0xFFFFFF00      0x00000010         (0, 4, 4)      [] [SW]
    334     0x00005180       0xFFFFFF80      0x00000400         (0, 0, 10)      [4] []
    335     0x00013480       0xFFFFFF80      0x00000002         (0, 1, 6)      [] [NE]
    336     0x0001F600       0xFFFFFF80      0x00000098         (0, 1, 14)      [1] [W, SW]
    337     0x00015E00       0xFFFFFF80      0x00000020         (0, 1, 11)      [] [S]
    338     0x0001E400       0xFFFFFF80      0x00000090         (0, 1, 12)      [1] [SW]
    339     0x00006100       0xFFFFFF80      0x00001000         (0, 0, 12)      [6] []
    340     0x0000BB80       0xFFFFFF80      0x00080000         (0, 0, 7)      [13] []
    341     0x00008F80       0xFFFFFF80      0x00040000         (0, 0, 1)      [12] []
    342     0x0001EE00       0xFFFFFF80      0x00000010         (0, 1, 13)      [] [SW]
    343     0x0000C700       0xFFFFFF80      0x00002000         (0, 0, 8)      [7] []
    344     0x00012D80       0xFFFFFF80      0x00008000         (0, 1, 5)      [9] []
    345     0x00019780       0xFFFFFF80      0x00800000         (0, 1, 2)      [17] []
    346     0x00013C80       0xFFFFFF80      0x00010000         (0, 1, 7)      [10] []
    347     0x00011E80       0xFFFFFF80      0x00006000         (0, 1, 3)      [8, 7] []
    348     0x0001B180       0xFFFFFF80      0x00000010         (0, 1, 6)      [] [SW]
    349     0x0000A000       0xFFFFFF80      0x00400000         (0, 0, 4)      [16] []
    350     0x0001EB00       0xFFFFFF80      0x00000110         (0, 1, 13)      [2] [SW]
    351     0x00001D80       0xFFFFFF80      0x00400000         (0, 0, 3)      [16] []
    352     0x0001F280       0xFFFFFF80      0x00000018         (0, 1, 14)      [] [W, SW]
    353     0x0000F200       0xFFFFFF80      0x00001000         (0, 0, 14)      [6] []
    354     0x00021100       0xFFFFFF80      0x00000010         (0, 2, 2)      [] [SW]
    355     0x0001E800       0xFFFFFF80      0x00000010         (0, 1, 13)      [] [SW]
    356     0x00017380       0xFFFFFF80      0x00100008         (0, 1, 14)      [14] [W]
    357     0x0000A480       0xFFFFFF80      0x00000002         (0, 0, 4)      [] [NE]
    358     0x00013700       0xFFFFFF80      0x00000002         (0, 1, 6)      [] [NE]
    359     0x00012F00       0xFFFFFF80      0x00040000         (0, 1, 5)      [12] []
    360     0x00015980       0xFFFFFF80      0x00080020         (0, 1, 11)      [13] [S]
    361     0x00004400       0xFFFFFF80      0x00001000         (0, 0, 8)      [6] []
    362     0x00019580       0xFFFFFF80      0x00000010         (0, 1, 2)      [] [SW]
    363     0x00013680       0xFFFFFF80      0x00000002         (0, 1, 6)      [] [NE]
    364     0x0001BF00       0xFFFFFF80      0x00000018         (0, 1, 7)      [] [W, SW]
    365     0x00011C00       0xFFFFFF80      0x00FFFF02         (0, 1, 3)      [2, 3, 4, 5, 6, 7, 8, 9, 10, 11, 12, 13, 14, 15, 16, 17] [NE]
    366     0x0001F100       0xFFFFFF80      0x00000118         (0, 1, 14)      [2] [W, SW]
    367     0x00010280       0xFFFFFF80      0x00030380         (0, 1, 0)      [3, 1, 2, 11, 10] []
    368     0x00020B00       0xFFFFFF80      0x00000210         (0, 2, 1)      [3] [SW]
    369     0x0001C380       0xFFFFFF80      0x00000018         (0, 1, 8)      [] [W, SW]
    370     0x0000C880       0xFFFFFF80      0x00010000         (0, 0, 9)      [10] []
    371     0x0001BC00       0xFFFFFF80      0x00000090         (0, 1, 7)      [1] [SW]
    372     0x0000FE00       0xFFFFFF80      0x00000180         (0, 0, 15)      [1, 2] []
    373     0x00002880       0xFFFFFF80      0x00008000         (0, 0, 5)      [9] []
    374     0x00018E80       0xFFFFFF80      0x00000020         (0, 1, 1)      [] [S]
    375     0x00011480       0xFFFFFF80      0x00FFFC3E         (0, 1, 2)      [4, 5, 6, 7, 8, 9, 10, 11, 12, 13, 14, 15, 16, 17] [NE, N, W, SW, S]
    376     0x0000E780       0xFFFFFF80      0x00100000         (0, 0, 12)      [14] []
    377     0x00041D00       0xFFFFFF00      0x00000010         (0, 4, 3)      [] [SW]
    378     0x00017000       0xFFFFFF80      0x0000020A         (0, 1, 14)      [3] [NE, W]
    379     0x00008080       0xFFFFFF80      0x00020000         (0, 0, 0)      [11] []
    380     0x00017180       0xFFFFFF80      0x0000000A         (0, 1, 14)      [] [NE, W]
    381     0x00004680       0xFFFFFF80      0x00020000         (0, 0, 8)      [11] []
    382     0x00041E00       0xFFFFFF00      0x00000010         (0, 4, 3)      [] [SW]
    383     0x00000C80       0xFFFFFF80      0x00020008         (0, 0, 1)      [11] [W]
    384     0x0001E100       0xFFFFFF80      0x00000010         (0, 1, 12)      [] [SW]
    385     0x00021D80       0xFFFFFF80      0x00FFFC00         (0, 2, 3)      [4, 5, 6, 7, 8, 9, 10, 11, 12, 13, 14, 15, 16, 17] []
    386     0x00018D00       0xFFFFFF80      0x00000020         (0, 1, 1)      [] [S]
    387     0x00007E00       0xFFFFFF80      0x00001000         (0, 0, 15)      [6] []
    388     0x0001BB80       0xFFFFFF80      0x00000010         (0, 1, 7)      [] [SW]
    389     0x00014A80       0xFFFFFF80      0x00010000         (0, 1, 9)      [10] []
    390     0x0001A200       0xFFFFFF80      0x00800018         (0, 1, 4)      [17] [W, SW]
    391     0x00013300       0xFFFFFF80      0x00000002         (0, 1, 6)      [] [NE]
    392     0x00017480       0xFFFFFF80      0x0040000A         (0, 1, 14)      [16] [NE, W]
    393     0x00007F00       0xFFFFFF80      0x00004000         (0, 0, 15)      [8] []
    394     0x0001C000       0xFFFFFF80      0x00000018         (0, 1, 8)      [] [W, SW]
    395     0x00011500       0xFFFFFF80      0x00FFFC00         (0, 1, 2)      [4, 5, 6, 7, 8, 9, 10, 11, 12, 13, 14, 15, 16, 17] []
    396     0x00016780       0xFFFFFF80      0x0020000E         (0, 1, 12)      [15] [NE, N, W]
    397     0x0000C580       0xFFFFFF80      0x00000400         (0, 0, 8)      [4] []
    398     0x00003B00       0xFFFFFF80      0x00800000         (0, 0, 7)      [17] []
    399     0x00018C00       0xFFFFFF80      0x00400020         (0, 1, 1)      [16] [S]
    400     0x00018F80       0xFFFFFF80      0x00000020         (0, 1, 1)      [] [S]
    401     0x00042000       0xFFFFFF00      0x00000010         (0, 4, 4)      [] [SW]
    402     0x0000EE00       0xFFFFFF80      0x00000002         (0, 0, 13)      [] [NE]
    403     0x00046900       0xFFFFFF00      0x00010000         (0, 4, 13)      [10] []
    404     0x0000D700       0xFFFFFF80      0x00010000         (0, 0, 10)      [10] []
    405     0x00013E80       0xFFFFFF80      0x00100000         (0, 1, 7)      [14] []
    406     0x00021380       0xFFFFFF80      0x00000010         (0, 2, 2)      [] [SW]
    407     0x00010300       0xFFFFFF80      0x00060380         (0, 1, 0)      [3, 1, 2, 11, 12] []
    408     0x00005380       0xFFFFFF80      0x00004000         (0, 0, 10)      [8] []
    409     0x00000E80       0xFFFFFF80      0x00200008         (0, 0, 1)      [15] [W]
    410     0x00002A00       0xFFFFFF80      0x00040000         (0, 0, 5)      [12] []
    411     0x00006180       0xFFFFFF80      0x00002000         (0, 0, 12)      [7] []
    412     0x00016400       0xFFFFFF80      0x0000000E         (0, 1, 12)      [] [NE, N, W]
    413     0x00002B00       0xFFFFFF80      0x00100000         (0, 0, 5)      [14] []
    414     0x0001DB80       0xFFFFFF80      0x00000010         (0, 1, 11)      [] [SW]
    415     0x00013200       0xFFFFFF80      0x00000002         (0, 1, 6)      [] [NE]
    416     0x00020F00       0xFFFFFF80      0x00000010         (0, 2, 1)      [] [SW]
    417     0x00014C00       0xFFFFFF80      0x00080000         (0, 1, 9)      [13] []
    418     0x0001BA80       0xFFFFFF80      0x00000010         (0, 1, 7)      [] [SW]
    419     0x0001F680       0xFFFFFF80      0x00000118         (0, 1, 14)      [2] [W, SW]
    420     0x0000EC80       0xFFFFFF80      0x00000002         (0, 0, 13)      [] [NE]
    421     0x0001D500       0xFFFFFF80      0x00000010         (0, 1, 10)      [] [SW]
    422     0x0001C680       0xFFFFFF80      0x00000018         (0, 1, 8)      [] [W, SW]
    423     0x00010180       0xFFFFFF80      0x0000C380         (0, 1, 0)      [8, 1, 2, 3, 9] []
    424     0x00012C80       0xFFFFFF80      0x00002000         (0, 1, 5)      [7] []
    425     0x0000CC00       0xFFFFFF80      0x00800000         (0, 0, 9)      [17] []
    426     0x00013780       0xFFFFFF80      0x00000002         (0, 1, 6)      [] [NE]
    427     0x00018B00       0xFFFFFF80      0x00100020         (0, 1, 1)      [14] [S]
    428     0x00009100       0xFFFFFF80      0x00200000         (0, 0, 2)      [15] []
    429     0x0001F180       0xFFFFFF80      0x00000218         (0, 1, 14)      [3] [W, SW]
    430     0x0000AE80       0xFFFFFF80      0x00400000         (0, 0, 5)      [16] []
    431     0x0001EC80       0xFFFFFF80      0x00000010         (0, 1, 13)      [] [SW]
    432     0x00020700       0xFFFFFF80      0x00000080         (0, 2, 0)      [1] []
    433     0x0001E700       0xFFFFFF80      0x00000010         (0, 1, 12)      [] [SW]
    434     0x0000D580       0xFFFFFF80      0x00002000         (0, 0, 10)      [7] []
    435     0x00003600       0xFFFFFF80      0x00002000         (0, 0, 6)      [7] []
    436     0x0000DF80       0xFFFFFF80      0x00000002         (0, 0, 11)      [] [NE]
    437     0x0000CB00       0xFFFFFF80      0x00200000         (0, 0, 9)      [15] []
    438     0x00009A80       0xFFFFFF80      0x00000800         (0, 0, 3)      [5] []
    439     0x0000A900       0xFFFFFF80      0x00000800         (0, 0, 5)      [5] []
    440     0x00017A80       0xFFFFFF80      0x0000000E         (0, 1, 15)      [] [NE, N, W]
    441     0x00023800       0xFFFFFF80      0x00002010         (0, 2, 7)      [7] [SW]
    442     0x00023300       0xFFFFFF80      0x00000010         (0, 2, 6)      [] [SW]
    443     0x00007000       0xFFFFFF80      0x00002000         (0, 0, 14)      [7] []
    444     0x00016680       0xFFFFFF80      0x00080008         (0, 1, 12)      [13] [W]
    445     0x00003980       0xFFFFFF80      0x00100000         (0, 0, 7)      [14] []
    446     0x00021280       0xFFFFFF80      0x00000010         (0, 2, 2)      [] [SW]
    447     0x00046100       0xFFFFFF00      0x00000100         (0, 4, 12)      [2] []
    448     0x00014D80       0xFFFFFF80      0x00400000         (0, 1, 9)      [16] []
    449     0x0001B880       0xFFFFFF80      0x00000010         (0, 1, 7)      [] [SW]
    450     0x00009B00       0xFFFFFF80      0x00001000         (0, 0, 3)      [6] []
    451     0x00011380       0xFFFFFF80      0x00FFFC3E         (0, 1, 2)      [4, 5, 6, 7, 8, 9, 10, 11, 12, 13, 14, 15, 16, 17] [NE, N, W, SW, S]
    452     0x0001C280       0xFFFFFF80      0x00000018         (0, 1, 8)      [] [W, SW]
    453     0x00013A80       0xFFFFFF80      0x00000002         (0, 1, 7)      [] [NE]
    454     0x00023880       0xFFFFFF80      0x00004010         (0, 2, 7)      [8] [SW]
    455     0x00023580       0xFFFFFF80      0x00000010         (0, 2, 6)      [] [SW]
    456     0x0000E580       0xFFFFFF80      0x00010000         (0, 0, 12)      [10] []
    457     0x00006680       0xFFFFFF80      0x00800000         (0, 0, 12)      [17] []
    458     0x00010680       0xFFFFFF80      0x00000380         (0, 1, 0)      [1, 2, 3] []
    459     0x0000D780       0xFFFFFF80      0x00020000         (0, 0, 10)      [11] []
    460     0x00015D80       0xFFFFFF80      0x00000020         (0, 1, 11)      [] [S]
    461     0x00006400       0xFFFFFF80      0x00040000         (0, 0, 12)      [12] []
    462     0x0000CA00       0xFFFFFF80      0x00080000         (0, 0, 9)      [13] []
    463     0x00010D00       0xFFFFFF80      0x000003BE         (0, 1, 1)      [1, 2, 3] [NE, N, W, SW, S]
    464     0x00011180       0xFFFFFF80      0x00FFFC3E         (0, 1, 2)      [4, 5, 6, 7, 8, 9, 10, 11, 12, 13, 14, 15, 16, 17] [NE, N, W, SW, S]
    465     0x00002600       0xFFFFFF80      0x00000400         (0, 0, 4)      [4] []
    466     0x0000BC00       0xFFFFFF80      0x00100000         (0, 0, 7)      [14] []
    467     0x00013D00       0xFFFFFF80      0x00020000         (0, 1, 7)      [11] []
    468     0x00009000       0xFFFFFF80      0x00080000         (0, 0, 2)      [13] []
    469     0x00007E80       0xFFFFFF80      0x00002000         (0, 0, 15)      [7] []
    470     0x00000980       0xFFFFFF80      0x00000800         (0, 0, 1)      [5] []
    471     0x00003A00       0xFFFFFF80      0x00200000         (0, 0, 7)      [15] []
    472     0x00004300       0xFFFFFF80      0x00000400         (0, 0, 8)      [4] []
    473     0x00007200       0xFFFFFF80      0x00020000         (0, 0, 14)      [11] []
    474     0x00019D00       0xFFFFFF80      0x00000018         (0, 1, 3)      [] [W, SW]
    475     0x00001B80       0xFFFFFF80      0x00040000         (0, 0, 3)      [12] []
    476     0x0000EB00       0xFFFFFF80      0x00000002         (0, 0, 13)      [] [NE]
    477     0x0001FB80       0xFFFFFF80      0x00000100         (0, 1, 15)      [2] []
    478     0x00018680       0xFFFFFF80      0x00000020         (0, 1, 0)      [] [S]
    479     0x00001900       0xFFFFFF80      0x00002000         (0, 0, 3)      [7] []
    480     0x00018200       0xFFFFFF80      0x0000000E         (0, 1, 0)      [] [NE, N, W]
    481     0x0000AD00       0xFFFFFF80      0x00080000         (0, 0, 5)      [13] []
    482     0x00023D00       0xFFFFFF80      0x00800000         (0, 2, 7)      [17] []
    483     0x00015A80       0xFFFFFF80      0x00200020         (0, 1, 11)      [15] [S]
    484     0x00015E80       0xFFFFFF80      0x00000020         (0, 1, 11)      [] [S]
    485     0x0000DE80       0xFFFFFF80      0x00000002         (0, 0, 11)      [] [NE]
    486     0x00023480       0xFFFFFF80      0x00000010         (0, 2, 6)      [] [SW]
    487     0x00010380       0xFFFFFF80      0x000C0380         (0, 1, 0)      [1, 2, 3, 12, 13] []
    488     0x00002900       0xFFFFFF80      0x00010000         (0, 0, 5)      [10] []
    489     0x00042100       0xFFFFFF00      0x00000010         (0, 4, 4)      [] [SW]
    490     0x00010E80       0xFFFFFF80      0x00FFFC32         (0, 1, 1)      [4, 5, 6, 7, 8, 9, 10, 11, 12, 13, 14, 15, 16, 17] [NE, SW, S]
    491     0x00006580       0xFFFFFF80      0x00200000         (0, 0, 12)      [15] []
    492     0x00017D00       0xFFFFFF80      0x0000000E         (0, 1, 15)      [] [NE, N, W]
    493     0x00020E00       0xFFFFFF80      0x00000010         (0, 2, 1)      [] [SW]
    494     0x00018880       0xFFFFFF80      0x00000220         (0, 1, 1)      [3] [S]
    495     0x00023680       0xFFFFFF80      0x00000410         (0, 2, 6)      [4] [SW]
    496     0x0001E480       0xFFFFFF80      0x00000110         (0, 1, 12)      [2] [SW]
    497     0x0001AF80       0xFFFFFF80      0x00000010         (0, 1, 5)      [] [SW]
    498     0x00021E80       0xFFFFFF80      0x00000010         (0, 2, 3)      [] [SW]
    499     0x00011600       0xFFFFFF80      0x00FFFC00         (0, 1, 2)      [4, 5, 6, 7, 8, 9, 10, 11, 12, 13, 14, 15, 16, 17] []
    500     0x0000B780       0xFFFFFF80      0x00000800         (0, 0, 6)      [5] []
    501     0x00042300       0xFFFFFF00      0x00000010         (0, 4, 4)      [] [SW]
    502     0x00008380       0xFFFFFF80      0x00800000         (0, 0, 0)      [17] []
    503     0x00007F80       0xFFFFFF80      0x00008000         (0, 0, 15)      [9] []
    504     0x00004480       0xFFFFFF80      0x00002000         (0, 0, 8)      [7] []
    505     0x0001DD00       0xFFFFFF80      0x00000090         (0, 1, 11)      [1] [SW]
    506     0x00008200       0xFFFFFF80      0x00100000         (0, 0, 0)      [14] []
    507     0x00001880       0xFFFFFF80      0x00001000         (0, 0, 3)      [6] []
    508     0x0001B280       0xFFFFFF80      0x00000090         (0, 1, 6)      [1] [SW]
    509     0x0000EF80       0xFFFFFF80      0x00000082         (0, 0, 13)      [1] [NE]
    510     0x00010100       0xFFFFFF80      0x00006380         (0, 1, 0)      [8, 1, 2, 3, 7] []
    511     0x00009180       0xFFFFFF80      0x00400000         (0, 0, 2)      [16] []
    512     0x00012880       0xFFFFFF80      0x00000002         (0, 1, 5)      [] [NE]
    513     0x0001DF00       0xFFFFFF80      0x00000010         (0, 1, 11)      [] [SW]
    514     0x00010080       0xFFFFFF80      0x00003380         (0, 1, 0)      [1, 2, 3, 6, 7] []
    515     0x00005300       0xFFFFFF80      0x00002000         (0, 0, 10)      [7] []
    516     0x00012100       0xFFFFFF80      0x000C0000         (0, 1, 4)      [12, 13] []
    517     0x00019600       0xFFFFFF80      0x00100010         (0, 1, 2)      [14] [SW]
    518     0x00020F80       0xFFFFFF80      0x00000210         (0, 2, 1)      [3] [SW]
    519     0x00017680       0xFFFFFF80      0x0000000E         (0, 1, 14)      [] [NE, N, W]
    520     0x0001EF80       0xFFFFFF80      0x00000010         (0, 1, 13)      [] [SW]
    521     0x00007400       0xFFFFFF80      0x00200000         (0, 0, 14)      [15] []
    522     0x00021F00       0xFFFFFF80      0x00000010         (0, 2, 3)      [] [SW]
    523     0x00019100       0xFFFFFF80      0x00000020         (0, 1, 2)      [] [S]
    524     0x00016B80       0xFFFFFF80      0x0000000A         (0, 1, 13)      [] [NE, W]
    525     0x0000F680       0xFFFFFF80      0x00200000         (0, 0, 14)      [15] []
    526     0x00018380       0xFFFFFF80      0x00000020         (0, 1, 0)      [] [S]
    527     0x00003880       0xFFFFFF80      0x00040000         (0, 0, 7)      [12] []
    528     0x00014980       0xFFFFFF80      0x00004000         (0, 1, 9)      [8] []
    529     0x00008E80       0xFFFFFF80      0x00010000         (0, 0, 1)      [10] []
    530     0x00005800       0xFFFFFF80      0x00800000         (0, 0, 11)      [17] []
    531     0x00021D00       0xFFFFFF80      0x00000380         (0, 2, 3)      [1, 2, 3] []
    532     0x00017780       0xFFFFFF80      0x0000000E         (0, 1, 14)      [] [NE, N, W]
    533     0x00023780       0xFFFFFF80      0x00001010         (0, 2, 6)      [6] [SW]
    534     0x00017100       0xFFFFFF80      0x0000000A         (0, 1, 14)      [] [NE, W]
    535     0x0000B880       0xFFFFFF80      0x00002000         (0, 0, 7)      [7] []
    536     0x00010200       0xFFFFFF80      0x00018380         (0, 1, 0)      [1, 2, 3, 10, 9] []
    537     0x00009D80       0xFFFFFF80      0x00020000         (0, 0, 3)      [11] []
    538     0x0000D600       0xFFFFFF80      0x00004000         (0, 0, 10)      [8] []
    539     0x00008C80       0xFFFFFF80      0x00001000         (0, 0, 1)      [6] []
    540     0x00000D00       0xFFFFFF80      0x00040008         (0, 0, 1)      [12] [W]
    541     0x00016A80       0xFFFFFF80      0x0000000A         (0, 1, 13)      [] [NE, W]
    542     0x00023400       0xFFFFFF80      0x00000010         (0, 2, 6)      [] [SW]
    543     0x00014B00       0xFFFFFF80      0x00020000         (0, 1, 9)      [11] []
    544     0x0000FF00       0xFFFFFF80      0x00000780         (0, 0, 15)      [1, 2, 3, 4] []
    545     0x0000EA00       0xFFFFFF80      0x00000002         (0, 0, 13)      [] [NE]
    546     0x0000AF00       0xFFFFFF80      0x00800000         (0, 0, 5)      [17] []
    547     0x00016180       0xFFFFFF80      0x0000000E         (0, 1, 12)      [] [NE, N, W]
    548     0x0001C100       0xFFFFFF80      0x00000018         (0, 1, 8)      [] [W, SW]
    549     0x0000F300       0xFFFFFF80      0x00004000         (0, 0, 14)      [8] []
    550     0x00024400       0xFFFFFF80      0x00000100         (0, 2, 8)      [2] []
    551     0x00000A80       0xFFFFFF80      0x00002000         (0, 0, 1)      [7] []
    552     0x00018100       0xFFFFFF80      0x0080000E         (0, 1, 0)      [17] [NE, N, W]
    553     0x0000BD80       0xFFFFFF80      0x00800000         (0, 0, 7)      [17] []
    554     0x00013C00       0xFFFFFF80      0x00008000         (0, 1, 7)      [9] []
    555     0x00003900       0xFFFFFF80      0x00080000         (0, 0, 7)      [13] []
    556     0x00011E00       0xFFFFFF80      0x00003000         (0, 1, 3)      [6, 7] []
    557     0x0001C180       0xFFFFFF80      0x00000018         (0, 1, 8)      [] [W, SW]
    558     0x00012700       0xFFFFFF80      0x00000002         (0, 1, 4)      [] [NE]
    559     0x00012380       0xFFFFFF80      0x00800002         (0, 1, 4)      [17] [NE]
    560     0x00010400       0xFFFFFF80      0x00180380         (0, 1, 0)      [1, 2, 3, 13, 14] []
    561     0x00013500       0xFFFFFF80      0x00000002         (0, 1, 6)      [] [NE]
    562     0x00018000       0xFFFFFF80      0x0020000E         (0, 1, 0)      [15] [NE, N, W]
    563     0x00013380       0xFFFFFF80      0x00000002         (0, 1, 6)      [] [NE]
    564     0x0000BA80       0xFFFFFF80      0x00020000         (0, 0, 7)      [11] []
    565     0x0001F800       0xFFFFFF80      0x00000018         (0, 1, 15)      [] [W, SW]
    566     0x00010800       0xFFFFFF80      0x00000380         (0, 1, 1)      [1, 2, 3] []
    567     0x00011700       0xFFFFFF80      0x00FFFC00         (0, 1, 2)      [4, 5, 6, 7, 8, 9, 10, 11, 12, 13, 14, 15, 16, 17] []
    568     0x00016280       0xFFFFFF80      0x0000010E         (0, 1, 12)      [2] [NE, N, W]
    569     0x0000A980       0xFFFFFF80      0x00001000         (0, 0, 5)      [6] []
    570     0x00016580       0xFFFFFF80      0x00020008         (0, 1, 12)      [11] [W]
    571     0x00016800       0xFFFFFF80      0x0040000E         (0, 1, 13)      [16] [NE, N, W]
    572     0x00012280       0xFFFFFF80      0x00600000         (0, 1, 4)      [16, 15] []
    573     0x0001A300       0xFFFFFF80      0x00000018         (0, 1, 4)      [] [W, SW]
    574     0x00011580       0xFFFFFF80      0x00FFFC00         (0, 1, 2)      [4, 5, 6, 7, 8, 9, 10, 11, 12, 13, 14, 15, 16, 17] []
    575     0x0001F480       0xFFFFFF80      0x00000018         (0, 1, 14)      [] [W, SW]
    576     0x00018D80       0xFFFFFF80      0x00000020         (0, 1, 1)      [] [S]
    577     0x00006280       0xFFFFFF80      0x00008000         (0, 0, 12)      [9] []
    578     0x00017A00       0xFFFFFF80      0x0000000E         (0, 1, 15)      [] [NE, N, W]
    579     0x00013280       0xFFFFFF80      0x00000002         (0, 1, 6)      [] [NE]
    580     0x0001ED00       0xFFFFFF80      0x00000010         (0, 1, 13)      [] [SW]
    581     0x00017400       0xFFFFFF80      0x0020000A         (0, 1, 14)      [15] [NE, W]
    582     0x00010D80       0xFFFFFF80      0x000003BE         (0, 1, 1)      [1, 2, 3] [NE, N, W, SW, S]
    583     0x00021080       0xFFFFFF80      0x00000010         (0, 2, 2)      [] [SW]
    584     0x00010980       0xFFFFFF80      0x00000380         (0, 1, 1)      [1, 2, 3] []
    585     0x00013F00       0xFFFFFF80      0x00200002         (0, 1, 7)      [15] [NE]
    586     0x00018B80       0xFFFFFF80      0x00200020         (0, 1, 1)      [15] [S]
    587     0x00011C80       0xFFFFFF80      0x00FFFE02         (0, 1, 3)      [3, 4, 5, 6, 7, 8, 9, 10, 11, 12, 13, 14, 15, 16, 17] [NE]
    588     0x00013800       0xFFFFFF80      0x00000082         (0, 1, 7)      [1] [NE]
    589     0x00001D00       0xFFFFFF80      0x00200000         (0, 0, 3)      [15] []
    590     0x00046000       0xFFFFFF00      0x00000080         (0, 4, 12)      [1] []
    591     0x0001FB00       0xFFFFFF80      0x00000080         (0, 1, 15)      [1] []
    592     0x0001B780       0xFFFFFF80      0x00000010         (0, 1, 6)      [] [SW]
    593     0x00000B80       0xFFFFFF80      0x00008000         (0, 0, 1)      [9] []
    594     0x0000E480       0xFFFFFF80      0x00004000         (0, 0, 12)      [8] []
    595     0x00008100       0xFFFFFF80      0x00040000         (0, 0, 0)      [12] []
    596     0x00023700       0xFFFFFF80      0x00000810         (0, 2, 6)      [5] [SW]
    597     0x00007080       0xFFFFFF80      0x00004000         (0, 0, 14)      [8] []
    598     0x00007100       0xFFFFFF80      0x00008000         (0, 0, 14)      [9] []
    599     0x00011200       0xFFFFFF80      0x00FFFC3E         (0, 1, 2)      [4, 5, 6, 7, 8, 9, 10, 11, 12, 13, 14, 15, 16, 17] [NE, N, W, SW, S]
    600     0x00011980       0xFFFFFF80      0x00FFFC02         (0, 1, 3)      [4, 5, 6, 7, 8, 9, 10, 11, 12, 13, 14, 15, 16, 17] [NE]
    601     0x00020B80       0xFFFFFF80      0x00000010         (0, 2, 1)      [] [SW]
    602     0x00008F00       0xFFFFFF80      0x00020000         (0, 0, 1)      [11] []
    603     0x00000E00       0xFFFFFF80      0x00100008         (0, 0, 1)      [14] [W]
    604     0x00012000       0xFFFFFF80      0x00030000         (0, 1, 4)      [10, 11] []
    605     0x0001A880       0xFFFFFF80      0x00000090         (0, 1, 5)      [1] [SW]
    606     0x0001F580       0xFFFFFF80      0x00000018         (0, 1, 14)      [] [W, SW]
    607     0x00018500       0xFFFFFF80      0x00000020         (0, 1, 0)      [] [S]
    608     0x00006080       0xFFFFFF80      0x00000800         (0, 0, 12)      [5] []
    609     0x00017500       0xFFFFFF80      0x0080000A         (0, 1, 14)      [17] [NE, W]
    610     0x0001F500       0xFFFFFF80      0x00000018         (0, 1, 14)      [] [W, SW]
    611     0x00007300       0xFFFFFF80      0x00080000         (0, 0, 14)      [13] []
    612     0x00017B00       0xFFFFFF80      0x0000000E         (0, 1, 15)      [] [NE, N, W]
    613     0x00016A00       0xFFFFFF80      0x0000000A         (0, 1, 13)      [] [NE, W]
    614     0x00010B00       0xFFFFFF80      0x00000380         (0, 1, 1)      [1, 2, 3] []
    615     0x00008280       0xFFFFFF80      0x00200000         (0, 0, 0)      [15] []
    616     0x00019000       0xFFFFFF80      0x00000020         (0, 1, 2)      [] [S]
    617     0x00010000       0xFFFFFF80      0x00001B80         (0, 1, 0)      [1, 2, 3, 5, 6] []
    618     0x0001DC00       0xFFFFFF80      0x00000010         (0, 1, 11)      [] [SW]
    619     0x0001B980       0xFFFFFF80      0x00000010         (0, 1, 7)      [] [SW]
    620     0x00010A80       0xFFFFFF80      0x00000380         (0, 1, 1)      [1, 2, 3] []
    621     0x0000E000       0xFFFFFF80      0x00000002         (0, 0, 12)      [] [NE]
    622     0x0000AC00       0xFFFFFF80      0x00020000         (0, 0, 5)      [11] []
    623     0x00017880       0xFFFFFF80      0x0000000E         (0, 1, 15)      [] [NE, N, W]
    624     0x00016D00       0xFFFFFF80      0x0000000A         (0, 1, 13)      [] [NE, W]
    625     0x0000E800       0xFFFFFF80      0x00200000         (0, 0, 13)      [15] []
    626     0x0001D800       0xFFFFFF80      0x00000010         (0, 1, 11)      [] [SW]
    627     0x00009C00       0xFFFFFF80      0x00004000         (0, 0, 3)      [8] []
    628     0x0000D980       0xFFFFFF80      0x00200000         (0, 0, 11)      [15] []
    629     0x0001A080       0xFFFFFF80      0x00000018         (0, 1, 4)      [] [W, SW]
    630     0x00010700       0xFFFFFF80      0x00000380         (0, 1, 0)      [1, 2, 3] []
    631     0x00011900       0xFFFFFF80      0x00FFFC02         (0, 1, 3)      [4, 5, 6, 7, 8, 9, 10, 11, 12, 13, 14, 15, 16, 17] [NE]
    632     0x0001BF80       0xFFFFFF80      0x00000018         (0, 1, 7)      [] [W, SW]
    633     0x0000BC80       0xFFFFFF80      0x00200000         (0, 0, 7)      [15] []
    634     0x0000CA80       0xFFFFFF80      0x00100000         (0, 0, 9)      [14] []
    635     0x0001B200       0xFFFFFF80      0x00000010         (0, 1, 6)      [] [SW]
    636     0x00012580       0xFFFFFF80      0x00000002         (0, 1, 4)      [] [NE]
    637     0x00009080       0xFFFFFF80      0x00100000         (0, 0, 2)      [14] []
    638     0x0000A080       0xFFFFFF80      0x00800000         (0, 0, 4)      [17] []
    639     0x00004700       0xFFFFFF80      0x00040000         (0, 0, 8)      [12] []
    640     0x00016480       0xFFFFFF80      0x0000000E         (0, 1, 12)      [] [NE, N, W]
    641     0x00004600       0xFFFFFF80      0x00010000         (0, 0, 8)      [10] []
    642     0x00003480       0xFFFFFF80      0x00000400         (0, 0, 6)      [4] []
    643     0x0000AA00       0xFFFFFF80      0x00002000         (0, 0, 5)      [7] []
    644     0x0000BB00       0xFFFFFF80      0x00040000         (0, 0, 7)      [12] []
    645     0x0001BD00       0xFFFFFF80      0x00000210         (0, 1, 7)      [3] [SW]
    646     0x00011100       0xFFFFFF80      0x00FFFC36         (0, 1, 2)      [4, 5, 6, 7, 8, 9, 10, 11, 12, 13, 14, 15, 16, 17] [NE, N, SW, S]
    647     0x0000ED00       0xFFFFFF80      0x00000002         (0, 0, 13)      [] [NE]
    648     0x0001A000       0xFFFFFF80      0x00000018         (0, 1, 4)      [] [W, SW]
    649     0x00014A00       0xFFFFFF80      0x00008000         (0, 1, 9)      [9] []
    650     0x00012180       0xFFFFFF80      0x00180000         (0, 1, 4)      [13, 14] []
    651     0x00046300       0xFFFFFF00      0x00000400         (0, 4, 12)      [4] []
    652     0x0001EC00       0xFFFFFF80      0x00000010         (0, 1, 13)      [] [SW]
    653     0x00007480       0xFFFFFF80      0x00400000         (0, 0, 14)      [16] []
    654     0x00003580       0xFFFFFF80      0x00001000         (0, 0, 6)      [6] []
    655     0x00016C00       0xFFFFFF80      0x0000000A         (0, 1, 13)      [] [NE, W]
    656     0x0000F700       0xFFFFFF80      0x00400000         (0, 0, 14)      [16] []
    657     0x00001B00       0xFFFFFF80      0x00020000         (0, 0, 3)      [11] []
    658     0x00016700       0xFFFFFF80      0x0010000C         (0, 1, 12)      [14] [N, W]
    659     0x0000C680       0xFFFFFF80      0x00001000         (0, 0, 8)      [6] []
    660     0x00009A00       0xFFFFFF80      0x00000400         (0, 0, 3)      [4] []
    661     0x00016C80       0xFFFFFF80      0x0000000A         (0, 1, 13)      [] [NE, W]
    662     0x00018400       0xFFFFFF80      0x00000020         (0, 1, 0)      [] [S]
    663     0x00011B00       0xFFFFFF80      0x00FFFC82         (0, 1, 3)      [1, 4, 5, 6, 7, 8, 9, 10, 11, 12, 13, 14, 15, 16, 17] [NE]
    664     0x00008B80       0xFFFFFF80      0x00000400         (0, 0, 1)      [4] []
    665     0x00002780       0xFFFFFF80      0x00002000         (0, 0, 4)      [7] []
    666     0x00018C80       0xFFFFFF80      0x00800020         (0, 1, 1)      [17] [S]
    667     0x00004900       0xFFFFFF80      0x00400000         (0, 0, 9)      [16] []
    668     0x00021200       0xFFFFFF80      0x00000010         (0, 2, 2)      [] [SW]
    669     0x0000D880       0xFFFFFF80      0x00080000         (0, 0, 11)      [13] []
    670     0x0001B900       0xFFFFFF80      0x00000010         (0, 1, 7)      [] [SW]
    671     0x0000F580       0xFFFFFF80      0x00080000         (0, 0, 14)      [13] []
    672     0x00019380       0xFFFFFF80      0x00000120         (0, 1, 2)      [2] [S]
    673     0x00046400       0xFFFFFF00      0x00000800         (0, 4, 12)      [5] []
    674     0x0001B300       0xFFFFFF80      0x00000110         (0, 1, 6)      [2] [SW]
    675     0x0000B980       0xFFFFFF80      0x00008000         (0, 0, 7)      [9] []
    676     0x0001AA00       0xFFFFFF80      0x00000010         (0, 1, 5)      [] [SW]
    677     0x00016500       0xFFFFFF80      0x00010000         (0, 1, 12)      [10] []
    678     0x00005200       0xFFFFFF80      0x00000800         (0, 0, 10)      [5] []
    679     0x00012A00       0xFFFFFF80      0x00000102         (0, 1, 5)      [2] [NE]
    680     0x00008D80       0xFFFFFF80      0x00004000         (0, 0, 1)      [8] []
    681     0x00016000       0xFFFFFF80      0x00000020         (0, 1, 12)      [] [S]
    682     0x00020800       0xFFFFFF80      0x00000200         (0, 2, 1)      [3] []
    683     0x0001E600       0xFFFFFF80      0x00000010         (0, 1, 12)      [] [SW]
    684     0x00017900       0xFFFFFF80      0x0000000E         (0, 1, 15)      [] [NE, N, W]
    685     0x00016200       0xFFFFFF80      0x0000008E         (0, 1, 12)      [1] [NE, N, W]
    686     0x0001DF80       0xFFFFFF80      0x00000010         (0, 1, 11)      [] [SW]
    687     0x00001800       0xFFFFFF80      0x00000800         (0, 0, 3)      [5] []
    688     0x0001BE00       0xFFFFFF80      0x00000010         (0, 1, 7)      [] [SW]
    689     0x0001C200       0xFFFFFF80      0x00000018         (0, 1, 8)      [] [W, SW]
    690     0x00018A80       0xFFFFFF80      0x00080020         (0, 1, 1)      [13] [S]
    691     0x0001D580       0xFFFFFF80      0x00000090         (0, 1, 10)      [1] [SW]
    692     0x00010A00       0xFFFFFF80      0x00000380         (0, 1, 1)      [1, 2, 3] []
    693     0x0001BB00       0xFFFFFF80      0x00000010         (0, 1, 7)      [] [SW]
    694     0x00018300       0xFFFFFF80      0x00000020         (0, 1, 0)      [] [S]
    695     0x00016B00       0xFFFFFF80      0x0000000A         (0, 1, 13)      [] [NE, W]
    696     0x00009C80       0xFFFFFF80      0x00008000         (0, 0, 3)      [9] []
    697     0x00020380       0xFFFFFF80      0x00000080         (0, 2, 0)      [1] []
    698     0x00023200       0xFFFFFF80      0x00000010         (0, 2, 6)      [] [SW]
    699     0x00012E80       0xFFFFFF80      0x00020000         (0, 1, 5)      [11] []
    700     0x00007D80       0xFFFFFF80      0x00000800         (0, 0, 15)      [5] []
    701     0x00009200       0xFFFFFF80      0x00800000         (0, 0, 2)      [17] []
    702     0x0001B580       0xFFFFFF80      0x00800000         (0, 1, 6)      [17] []
    703     0x0001D980       0xFFFFFF80      0x00000010         (0, 1, 11)      [] [SW]
    704     0x00006300       0xFFFFFF80      0x00010000         (0, 0, 12)      [10] []
    705     0x00042A00       0xFFFFFF00      0x00000010         (0, 4, 5)      [] [SW]
    706     0x0001D480       0xFFFFFF80      0x00000010         (0, 1, 10)      [] [SW]
    707     0x00014000       0xFFFFFF80      0x00800000         (0, 1, 8)      [17] []
    708     0x00024480       0xFFFFFF80      0x00000200         (0, 2, 8)      [3] []
    709     0x0001E180       0xFFFFFF80      0x00000010         (0, 1, 12)      [] [SW]
    710     0x00046600       0xFFFFFF00      0x00002000         (0, 4, 12)      [7] []
    711     0x00021300       0xFFFFFF80      0x00000010         (0, 2, 2)      [] [SW]
    712     0x0001A480       0xFFFFFF80      0x00000018         (0, 1, 4)      [] [W, SW]
    713     0x00020A80       0xFFFFFF80      0x00000110         (0, 2, 1)      [2] [SW]
    714     0x0001DD80       0xFFFFFF80      0x00000110         (0, 1, 11)      [2] [SW]
    715     0x00011400       0xFFFFFF80      0x00FFFC3E         (0, 1, 2)      [4, 5, 6, 7, 8, 9, 10, 11, 12, 13, 14, 15, 16, 17] [NE, N, W, SW, S]
    716     0x00020A00       0xFFFFFF80      0x00000090         (0, 2, 1)      [1] [SW]
    717     0x00006F80       0xFFFFFF80      0x00001000         (0, 0, 13)      [6] []
    718     0x00015F00       0xFFFFFF80      0x00000020         (0, 1, 11)      [] [S]
    719     0x00007D00       0xFFFFFF80      0x00000400         (0, 0, 15)      [4] []
    720     0x0000DA00       0xFFFFFF80      0x00400000         (0, 0, 11)      [16] []
    721     0x0000EB80       0xFFFFFF80      0x00000002         (0, 0, 13)      [] [NE]
    722     0x00018280       0xFFFFFF80      0x0000000E         (0, 1, 0)      [] [NE, N, W]
    723     0x00013B00       0xFFFFFF80      0x00002000         (0, 1, 7)      [7] []
    724     0x0000C780       0xFFFFFF80      0x00004000         (0, 0, 8)      [8] []
    725     0x0001C080       0xFFFFFF80      0x00000018         (0, 1, 8)      [] [W, SW]
    726     0x00019E80       0xFFFFFF80      0x00000118         (0, 1, 3)      [2] [W, SW]
    727     0x0001C580       0xFFFFFF80      0x00000118         (0, 1, 8)      [2] [W, SW]
    728     0x00012300       0xFFFFFF80      0x00C00000         (0, 1, 4)      [16, 17] []
    729     0x00017D80       0xFFFFFF80      0x0000000E         (0, 1, 15)      [] [NE, N, W]
    730     0x0000FF80       0xFFFFFF80      0x00000F80         (0, 0, 15)      [1, 2, 3, 4, 5] []
    731     0x00023280       0xFFFFFF80      0x00000010         (0, 2, 6)      [] [SW]
    732     0x00023980       0xFFFFFF80      0x00010010         (0, 2, 7)      [10] [SW]
    733     0x0001D600       0xFFFFFF80      0x00000110         (0, 1, 10)      [2] [SW]
    734     0x00015580       0xFFFFFF80      0x00000200         (0, 1, 10)      [3] []
    735     0x00010480       0xFFFFFF80      0x00300380         (0, 1, 0)      [1, 2, 3, 14, 15] []
    736     0x00041F00       0xFFFFFF00      0x00000010         (0, 4, 3)      [] [SW]
    737     0x00003780       0xFFFFFF80      0x00010000         (0, 0, 6)      [10] []
    738     0x00014680       0xFFFFFF80      0x00000080         (0, 1, 8)      [1] []
    739     0x00023C00       0xFFFFFF80      0x00200018         (0, 2, 7)      [15] [W, SW]
    740     0x00006380       0xFFFFFF80      0x00020000         (0, 0, 12)      [11] []
    741     0x0001C600       0xFFFFFF80      0x00000218         (0, 1, 8)      [3] [W, SW]
    742     0x0000AE00       0xFFFFFF80      0x00200000         (0, 0, 5)      [15] []
    743     0x00047000       0xFFFFFF00      0x00800000         (0, 4, 14)      [17] []
    744     0x00004800       0xFFFFFF80      0x00100000         (0, 0, 9)      [14] []
    745     0x00008000       0xFFFFFF80      0x00010000         (0, 0, 0)      [10] []
    746     0x0001C480       0xFFFFFF80      0x00000018         (0, 1, 8)      [] [W, SW]
    747     0x00018180       0xFFFFFF80      0x0000000E         (0, 1, 0)      [] [NE, N, W]
    748     0x0001AB80       0xFFFFFF80      0x00400000         (0, 1, 5)      [16] []
    749     0x0001F000       0xFFFFFF80      0x00000010         (0, 1, 14)      [] [SW]
    750     0x0001A900       0xFFFFFF80      0x00000110         (0, 1, 5)      [2] [SW]
    751     0x00046800       0xFFFFFF00      0x00008000         (0, 4, 13)      [9] []
    752     0x00006F00       0xFFFFFF80      0x00000800         (0, 0, 13)      [5] []
    753     0x0001FC00       0xFFFFFF80      0x00000200         (0, 1, 15)      [3] []
    754     0x0000AC80       0xFFFFFF80      0x00040000         (0, 0, 5)      [12] []
    755     0x00011F00       0xFFFFFF80      0x0000C000         (0, 1, 3)      [8, 9] []
    756     0x00012480       0xFFFFFF80      0x00000002         (0, 1, 4)      [] [NE]
    757     0x00017B80       0xFFFFFF80      0x0000008E         (0, 1, 15)      [1] [NE, N, W]
    758     0x00015480       0xFFFFFF80      0x00000080         (0, 1, 10)      [1] []
    759     0x0001E780       0xFFFFFF80      0x00000010         (0, 1, 12)      [] [SW]
    760     0x00012F80       0xFFFFFF80      0x00080000         (0, 1, 5)      [13] []
    761     0x00023A80       0xFFFFFF80      0x00040018         (0, 2, 7)      [12] [W, SW]
    762     0x0000F280       0xFFFFFF80      0x00002000         (0, 0, 14)      [7] []
    763     0x0000FD80       0xFFFFFF80      0x00000080         (0, 0, 15)      [1] []
    764     0x0001EF00       0xFFFFFF80      0x00000010         (0, 1, 13)      [] [SW]
    765     0x0000E880       0xFFFFFF80      0x00400000         (0, 0, 13)      [16] []
    766     0x00003A80       0xFFFFFF80      0x00400000         (0, 0, 7)      [16] []
    767     0x0001B400       0xFFFFFF80      0x00000010         (0, 1, 6)      [] [SW]
    768     0x0001F780       0xFFFFFF80      0x00000018         (0, 1, 14)      [] [W, SW]
    769     0x00011F80       0xFFFFFF80      0x00018000         (0, 1, 3)      [9, 10] []
    770     0x00002C00       0xFFFFFF80      0x00400000         (0, 0, 5)      [16] []
    771     0x00007500       0xFFFFFF80      0x00800000         (0, 0, 14)      [17] []
    772     0x00010900       0xFFFFFF80      0x00000380         (0, 1, 1)      [1, 2, 3] []
    773     0x0001B500       0xFFFFFF80      0x00000010         (0, 1, 6)      [] [SW]
    774     0x00011780       0xFFFFFF80      0x00FFFC00         (0, 1, 2)      [4, 5, 6, 7, 8, 9, 10, 11, 12, 13, 14, 15, 16, 17] []
    775     0x0000E700       0xFFFFFF80      0x00080000         (0, 0, 12)      [13] []
    776     0x00017200       0xFFFFFF80      0x00020008         (0, 1, 14)      [11] [W]
    777     0x00004580       0xFFFFFF80      0x00008000         (0, 0, 8)      [9] []
    778     0x0001DA80       0xFFFFFF80      0x00000010         (0, 1, 11)      [] [SW]
    779     0x00005700       0xFFFFFF80      0x00200000         (0, 0, 10)      [15] []
    780     0x00001980       0xFFFFFF80      0x00004000         (0, 0, 3)      [8] []
    781     0x00012E00       0xFFFFFF80      0x00010000         (0, 1, 5)      [10] []
    782     0x00000A00       0xFFFFFF80      0x00001000         (0, 0, 1)      [6] []
    783     0x00015880       0xFFFFFF80      0x00020020         (0, 1, 11)      [11] [S]
    784     0x00005580       0xFFFFFF80      0x00040000         (0, 0, 10)      [12] []
    785     0x00019F80       0xFFFFFF80      0x00000018         (0, 1, 3)      [] [W, SW]
