router contains 56 entries 
 
  Index   Key(hex)    Mask(hex)    Route(hex)    Src. Core -> [Cores][Links]
------------------------------------------------------------------------------
    0     0x00021780       0xFFFFFF80      0x00000008         (0, 2, 2)      [] [W]
    1     0x00021980       0xFFFFFF80      0x00000008         (0, 2, 3)      [] [W]
    2     0x00023E80       0xFFFFFF80      0x00080010         (0, 2, 7)      [13] [SW]
    3     0x00023B00       0xFFFFFF80      0x00001000         (0, 2, 7)      [6] []
    4     0x00024480       0xFFFFFF80      0x00000010         (0, 2, 8)      [] [SW]
    5     0x00015780       0xFFFFFF80      0x00000004         (0, 1, 10)      [] [N]
    6     0x0004FD00       0xFFFFFF00      0x00000001         (0, 4, 15)      [] [E]
    7     0x00022000       0xFFFFFF80      0x00FFFF00         (0, 2, 4)      [2, 3, 4, 5, 6, 7, 8, 9, 10, 11, 12, 13, 14, 15, 16, 17] []
    8     0x0004FF00       0xFFFFFF00      0x00000001         (0, 4, 15)      [] [E]
    9     0x00050500       0xFFFFFF00      0x00000001         (0, 5, 0)      [] [E]
    10     0x00050100       0xFFFFFF00      0x00000001         (0, 5, 0)      [] [E]
    11     0x00024300       0xFFFFFF80      0x00000010         (0, 2, 8)      [] [SW]
    12     0x00050300       0xFFFFFF00      0x00000001         (0, 5, 0)      [] [E]
    13     0x00023300       0xFFFFFF80      0x00000008         (0, 2, 6)      [] [W]
    14     0x00024380       0xFFFFFF80      0x00000010         (0, 2, 8)      [] [SW]
    15     0x00023C00       0xFFFFFF80      0x00004000         (0, 2, 7)      [8] []
    16     0x00021A00       0xFFFFFF80      0x00000008         (0, 2, 3)      [] [W]
    17     0x00023400       0xFFFFFF80      0x00000008         (0, 2, 6)      [] [W]
    18     0x0004F800       0xFFFFFF00      0x00000001         (0, 4, 15)      [] [E]
    19     0x00005400       0xFFFFFF80      0x00000020         (0, 0, 10)      [] [S]
    20     0x0004FB00       0xFFFFFF00      0x00000001         (0, 4, 15)      [] [E]
    21     0x00023900       0xFFFFFF80      0x00000100         (0, 2, 7)      [2] []
    22     0x00023D80       0xFFFFFF80      0x00020010         (0, 2, 7)      [11] [SW]
    23     0x0004FA00       0xFFFFFF00      0x00000001         (0, 4, 15)      [] [E]
    24     0x00024580       0xFFFFFF80      0x00000010         (0, 2, 8)      [] [SW]
    25     0x00021F80       0xFFFFFF80      0x00000080         (0, 2, 3)      [1] []
    26     0x00024080       0xFFFFFF80      0x00800010         (0, 2, 8)      [17] [SW]
    27     0x00015100       0xFFFFFF80      0x00000004         (0, 1, 10)      [] [N]
    28     0x00024400       0xFFFFFF80      0x00000010         (0, 2, 8)      [] [SW]
    29     0x0004FE00       0xFFFFFF00      0x00000001         (0, 4, 15)      [] [E]
    30     0x00023C80       0xFFFFFF80      0x00008000         (0, 2, 7)      [9] []
    31     0x00024280       0xFFFFFF80      0x00000010         (0, 2, 8)      [] [SW]
    32     0x00023B80       0xFFFFFF80      0x00002000         (0, 2, 7)      [7] []
    33     0x00024000       0xFFFFFF80      0x00400010         (0, 2, 8)      [16] [SW]
    34     0x00023F80       0xFFFFFF80      0x00200010         (0, 2, 7)      [15] [SW]
    35     0x00050200       0xFFFFFF00      0x00000001         (0, 5, 0)      [] [E]
    36     0x00024100       0xFFFFFF80      0x00000010         (0, 2, 8)      [] [SW]
    37     0x0004F700       0xFFFFFF00      0x00000020         (0, 4, 14)      [] [S]
    38     0x00024180       0xFFFFFF80      0x00000010         (0, 2, 8)      [] [SW]
    39     0x0004F600       0xFFFFFF00      0x00000020         (0, 4, 14)      [] [S]
    40     0x00015080       0xFFFFFF80      0x00000004         (0, 1, 10)      [] [N]
    41     0x0004F500       0xFFFFFF00      0x00000020         (0, 4, 14)      [] [S]
    42     0x00050400       0xFFFFFF00      0x00000001         (0, 5, 0)      [] [E]
    43     0x00023E00       0xFFFFFF80      0x00040010         (0, 2, 7)      [12] [SW]
    44     0x00024200       0xFFFFFF80      0x00000010         (0, 2, 8)      [] [SW]
    45     0x00023380       0xFFFFFF80      0x00000008         (0, 2, 6)      [] [W]
    46     0x00023A00       0xFFFFFF80      0x00000400         (0, 2, 7)      [4] []
    47     0x0004F900       0xFFFFFF00      0x00000001         (0, 4, 15)      [] [E]
    48     0x00023A80       0xFFFFFF80      0x00000800         (0, 2, 7)      [5] []
    49     0x0004FC00       0xFFFFFF00      0x00000001         (0, 4, 15)      [] [E]
    50     0x00024600       0xFFFFFF80      0x00000090         (0, 2, 8)      [1] [SW]
    51     0x00050000       0xFFFFFF00      0x00000001         (0, 5, 0)      [] [E]
    52     0x00023F00       0xFFFFFF80      0x00100010         (0, 2, 7)      [14] [SW]
    53     0x00023D00       0xFFFFFF80      0x00010010         (0, 2, 7)      [10] [SW]
    54     0x00023980       0xFFFFFF80      0x00000200         (0, 2, 7)      [3] []
    55     0x00024500       0xFFFFFF80      0x00000010         (0, 2, 8)      [] [SW]
