router contains 745 entries 
 
  Index   Key(hex)    Mask(hex)    Route(hex)    Src. Core -> [Cores][Links]
------------------------------------------------------------------------------
    0     0x00020880       0xFFFFFF80      0x00080000         (0, 2, 1)      [13] []
    1     0x00016400       0xFFFFFF80      0x00100000         (0, 1, 12)      [14] []
    2     0x00010300       0xFFFFFF80      0x00000001         (0, 1, 0)      [] [E]
    3     0x0000DF80       0xFFFFFF80      0x00002008         (0, 0, 11)      [7] [W]
    4     0x0001B600       0xFFFFFF80      0x00000008         (0, 1, 6)      [] [W]
    5     0x00011580       0xFFFFFF80      0x00000008         (0, 1, 2)      [] [W]
    6     0x00013200       0xFFFFFF80      0x00000008         (0, 1, 6)      [] [W]
    7     0x0000C180       0xFFFFFF80      0x00000801         (0, 0, 8)      [5] [E]
    8     0x00015D80       0xFFFFFF80      0x00000088         (0, 1, 11)      [1] [W]
    9     0x00044800       0xFFFFFF00      0x00000010         (0, 4, 9)      [] [SW]
    10     0x00012780       0xFFFFFF80      0x00001008         (0, 1, 4)      [6] [W]
    11     0x00055300       0xFFFFFF00      0x00002000         (0, 5, 10)      [7] []
    12     0x00014480       0xFFFFFF80      0x0000100E         (0, 1, 8)      [6] [NE, N, W]
    13     0x0001CE80       0xFFFFFF80      0x00040000         (0, 1, 9)      [12] []
    14     0x0001B700       0xFFFFFF80      0x00000008         (0, 1, 6)      [] [W]
    15     0x0001F600       0xFFFFFF80      0x00010008         (0, 1, 14)      [10] [W]
    16     0x00017880       0xFFFFFF80      0x00000C08         (0, 1, 15)      [4, 5] [W]
    17     0x00010780       0xFFFFFF80      0x00000001         (0, 1, 0)      [] [E]
    18     0x0001A280       0xFFFFFF80      0x00000008         (0, 1, 4)      [] [W]
    19     0x00010900       0xFFFFFF80      0x00000201         (0, 1, 1)      [3] [E]
    20     0x0001A300       0xFFFFFF80      0x00000008         (0, 1, 4)      [] [W]
    21     0x0004E200       0xFFFFFF00      0x00000010         (0, 4, 12)      [] [SW]
    22     0x00044900       0xFFFFFF00      0x00000010         (0, 4, 9)      [] [SW]
    23     0x00011300       0xFFFFFF80      0x00800000         (0, 1, 2)      [17] []
    24     0x0001C680       0xFFFFFF80      0x00080000         (0, 1, 8)      [13] []
    25     0x0001CD00       0xFFFFFF80      0x00008000         (0, 1, 9)      [9] []
    26     0x00014900       0xFFFFFF80      0x00200002         (0, 1, 9)      [15] [NE]
    27     0x00019F00       0xFFFFFF80      0x00040008         (0, 1, 3)      [12] [W]
    28     0x00013E80       0xFFFFFF80      0x00800000         (0, 1, 7)      [17] []
    29     0x0004D600       0xFFFFFF00      0x00000010         (0, 4, 10)      [] [SW]
    30     0x00011280       0xFFFFFF80      0x00400000         (0, 1, 2)      [16] []
    31     0x00044600       0xFFFFFF00      0x00000010         (0, 4, 8)      [] [SW]
    32     0x00018100       0xFFFFFF80      0x003FFF88         (0, 1, 0)      [1, 2, 3, 4, 5, 6, 7, 8, 9, 10, 11, 12, 13, 14, 15] [W]
    33     0x00019280       0xFFFFFF80      0x00C0C021         (0, 1, 2)      [16, 17, 8, 9] [E, S]
    34     0x00020200       0xFFFFFF80      0x00200000         (0, 2, 0)      [15] []
    35     0x0000EE00       0xFFFFFF80      0x0000200E         (0, 0, 13)      [7] [NE, N, W]
    36     0x0001CB80       0xFFFFFF80      0x00001000         (0, 1, 9)      [6] []
    37     0x0000C100       0xFFFFFF80      0x00000401         (0, 0, 8)      [4] [E]
    38     0x0000CF00       0xFFFFFF80      0x00000200         (0, 0, 9)      [3] []
    39     0x0001CC80       0xFFFFFF80      0x00004000         (0, 1, 9)      [8] []
    40     0x00018180       0xFFFFFF80      0x003FFF88         (0, 1, 0)      [1, 2, 3, 4, 5, 6, 7, 8, 9, 10, 11, 12, 13, 14, 15] [W]
    41     0x00015700       0xFFFFFF80      0x00200000         (0, 1, 10)      [15] []
    42     0x00018580       0xFFFFFF80      0x003FFFBF         (0, 1, 0)      [1, 2, 3, 4, 5, 6, 7, 8, 9, 10, 11, 12, 13, 14, 15] [E, NE, N, W, SW, S]
    43     0x00014700       0xFFFFFF80      0x0002000E         (0, 1, 8)      [11] [NE, N, W]
    44     0x00044B00       0xFFFFFF00      0x00000010         (0, 4, 9)      [] [SW]
    45     0x00010A80       0xFFFFFF80      0x00001001         (0, 1, 1)      [6] [E]
    46     0x00020580       0xFFFFFF80      0x00100000         (0, 2, 0)      [14] []
    47     0x00016A80       0xFFFFFF80      0x00000088         (0, 1, 13)      [1] [W]
    48     0x0000A300       0xFFFFFF80      0x00000100         (0, 0, 4)      [2] []
    49     0x00013780       0xFFFFFF80      0x00008008         (0, 1, 6)      [9] [W]
    50     0x0001E100       0xFFFFFF80      0x00000418         (0, 1, 12)      [4] [W, SW]
    51     0x00015180       0xFFFFFF80      0x00000401         (0, 1, 10)      [4] [E]
    52     0x0001ED80       0xFFFFFF80      0x00000408         (0, 1, 13)      [4] [W]
    53     0x00024000       0xFFFFFF80      0x00000220         (0, 2, 8)      [3] [S]
    54     0x0001E700       0xFFFFFF80      0x00000218         (0, 1, 12)      [3] [W, SW]
    55     0x00007380       0xFFFFFF80      0x00800000         (0, 0, 14)      [17] []
    56     0x0001C080       0xFFFFFF80      0x00000088         (0, 1, 8)      [1] [W]
    57     0x00016300       0xFFFFFF80      0x00040000         (0, 1, 12)      [12] []
    58     0x0004D400       0xFFFFFF00      0x00000020         (0, 4, 10)      [] [S]
    59     0x00015680       0xFFFFFF80      0x00100000         (0, 1, 10)      [14] []
    60     0x00021000       0xFFFFFF80      0x00080010         (0, 2, 2)      [13] [SW]
    61     0x00015000       0xFFFFFF80      0x00000081         (0, 1, 10)      [1] [E]
    62     0x00021D00       0xFFFFFF80      0x00000010         (0, 2, 3)      [] [SW]
    63     0x00016D80       0xFFFFFF80      0x00002008         (0, 1, 13)      [7] [W]
    64     0x0001F180       0xFFFFFF80      0x00040000         (0, 1, 14)      [12] []
    65     0x0001EA00       0xFFFFFF80      0x00008008         (0, 1, 13)      [9] [W]
    66     0x00018780       0xFFFFFF80      0x003FFFBF         (0, 1, 0)      [1, 2, 3, 4, 5, 6, 7, 8, 9, 10, 11, 12, 13, 14, 15] [E, NE, N, W, SW, S]
    67     0x00009080       0xFFFFFF80      0x00800000         (0, 0, 2)      [17] []
    68     0x00016080       0xFFFFFF80      0x00002008         (0, 1, 12)      [7] [W]
    69     0x0001C200       0xFFFFFF80      0x00000408         (0, 1, 8)      [4] [W]
    70     0x00018980       0xFFFFFF80      0x003FFF97         (0, 1, 1)      [1, 2, 3, 4, 5, 6, 7, 8, 9, 10, 11, 12, 13, 14, 15] [E, NE, N, SW]
    71     0x0000EC80       0xFFFFFF80      0x0000040E         (0, 0, 13)      [4] [NE, N, W]
    72     0x00022200       0xFFFFFF80      0x00C00000         (0, 2, 4)      [16, 17] []
    73     0x00020E80       0xFFFFFF80      0x00100010         (0, 2, 1)      [14] [SW]
    74     0x0000D180       0xFFFFFF80      0x00004000         (0, 0, 10)      [8] []
    75     0x00023F00       0xFFFFFF80      0x000000A0         (0, 2, 7)      [1] [S]
    76     0x00019C00       0xFFFFFF80      0x00001008         (0, 1, 3)      [6] [W]
    77     0x00018B00       0xFFFFFF80      0x00C0003B         (0, 1, 1)      [16, 17] [E, NE, W, SW, S]
    78     0x00055200       0xFFFFFF00      0x00001000         (0, 5, 10)      [6] []
    79     0x00020B80       0xFFFFFF80      0x00080010         (0, 2, 1)      [13] [SW]
    80     0x00044000       0xFFFFFF00      0x00000010         (0, 4, 8)      [] [SW]
    81     0x00021F80       0xFFFFFF80      0x00000010         (0, 2, 3)      [] [SW]
    82     0x00013680       0xFFFFFF80      0x00002008         (0, 1, 6)      [7] [W]
    83     0x00011680       0xFFFFFF80      0x00000088         (0, 1, 2)      [1] [W]
    84     0x0001FB80       0xFFFFFF80      0x00020000         (0, 1, 15)      [11] []
    85     0x0000EA00       0xFFFFFF80      0x00000008         (0, 0, 13)      [] [W]
    86     0x00019680       0xFFFFFF80      0x00800008         (0, 1, 2)      [17] [W]
    87     0x00015C80       0xFFFFFF80      0x00000008         (0, 1, 11)      [] [W]
    88     0x00016680       0xFFFFFF80      0x00400000         (0, 1, 12)      [16] []
    89     0x00023D80       0xFFFFFF80      0x00000030         (0, 2, 7)      [] [SW, S]
    90     0x0001D480       0xFFFFFF80      0x00004000         (0, 1, 10)      [8] []
    91     0x0001B400       0xFFFFFF80      0x00080010         (0, 1, 6)      [13] [SW]
    92     0x00055700       0xFFFFFF00      0x00020000         (0, 5, 10)      [11] []
    93     0x00001C80       0xFFFFFF80      0x00800000         (0, 0, 3)      [17] []
    94     0x0001D380       0xFFFFFF80      0x00001000         (0, 1, 10)      [6] []
    95     0x00007780       0xFFFFFF80      0x00000101         (0, 0, 14)      [2] [E]
    96     0x00015780       0xFFFFFF80      0x00000001         (0, 1, 10)      [] [E]
    97     0x00011880       0xFFFFFF80      0x00000808         (0, 1, 3)      [5] [W]
    98     0x00013880       0xFFFFFF80      0x00020008         (0, 1, 7)      [11] [W]
    99     0x00005680       0xFFFFFF80      0x00800000         (0, 0, 10)      [17] []
    100     0x0001AD80       0xFFFFFF80      0x00000018         (0, 1, 5)      [] [W, SW]
    101     0x0001B480       0xFFFFFF80      0x00100010         (0, 1, 6)      [14] [SW]
    102     0x0004DC00       0xFFFFFF00      0x00000010         (0, 4, 11)      [] [SW]
    103     0x00014D80       0xFFFFFF80      0x00000001         (0, 1, 9)      [] [E]
    104     0x0000B280       0xFFFFFF80      0x00000400         (0, 0, 6)      [4] []
    105     0x0001F980       0xFFFFFF80      0x00002001         (0, 1, 15)      [7] [E]
    106     0x00019980       0xFFFFFF80      0x00000088         (0, 1, 3)      [1] [W]
    107     0x00017180       0xFFFFFF80      0x00200000         (0, 1, 14)      [15] []
    108     0x00019480       0xFFFFFF80      0x00CC0008         (0, 1, 2)      [16, 17, 12, 13] [W]
    109     0x00016780       0xFFFFFF80      0x00000008         (0, 1, 12)      [] [W]
    110     0x0001F500       0xFFFFFF80      0x00004008         (0, 1, 14)      [8] [W]
    111     0x0001D500       0xFFFFFF80      0x00008000         (0, 1, 10)      [9] []
    112     0x0000F600       0xFFFFFF80      0x00800000         (0, 0, 14)      [17] []
    113     0x0001A080       0xFFFFFF80      0x00200000         (0, 1, 4)      [15] []
    114     0x00010200       0xFFFFFF80      0x00000001         (0, 1, 0)      [] [E]
    115     0x0004DE00       0xFFFFFF00      0x00000010         (0, 4, 11)      [] [SW]
    116     0x00011C80       0xFFFFFF80      0x00080000         (0, 1, 3)      [13] []
    117     0x00010D80       0xFFFFFF80      0x00040000         (0, 1, 1)      [12] []
    118     0x00020F00       0xFFFFFF80      0x00200010         (0, 2, 1)      [15] [SW]
    119     0x00007680       0xFFFFFF80      0x00000001         (0, 0, 14)      [] [E]
    120     0x0001E280       0xFFFFFF80      0x00002018         (0, 1, 12)      [7] [W, SW]
    121     0x0001AE00       0xFFFFFF80      0x00000088         (0, 1, 5)      [1] [W]
    122     0x0001E780       0xFFFFFF80      0x00000418         (0, 1, 12)      [4] [W, SW]
    123     0x00013A80       0xFFFFFF80      0x00200000         (0, 1, 7)      [15] []
    124     0x00019700       0xFFFFFF80      0x00000008         (0, 1, 2)      [] [W]
    125     0x00043F00       0xFFFFFF00      0x00000010         (0, 4, 7)      [] [SW]
    126     0x00018D00       0xFFFFFF80      0x00C00021         (0, 1, 1)      [16, 17] [E, S]
    127     0x00020C80       0xFFFFFF80      0x00200010         (0, 2, 1)      [15] [SW]
    128     0x00017F80       0xFFFFFF80      0x00BFFF88         (0, 1, 15)      [1, 2, 3, 4, 5, 6, 7, 8, 9, 10, 11, 12, 13, 14, 15, 17] [W]
    129     0x0001CF00       0xFFFFFF80      0x00080000         (0, 1, 9)      [13] []
    130     0x0000BA00       0xFFFFFF80      0x00000001         (0, 0, 7)      [] [E]
    131     0x00019800       0xFFFFFF80      0x00000008         (0, 1, 3)      [] [W]
    132     0x00018280       0xFFFFFF80      0x003FFF88         (0, 1, 0)      [1, 2, 3, 4, 5, 6, 7, 8, 9, 10, 11, 12, 13, 14, 15] [W]
    133     0x0001EB00       0xFFFFFF80      0x00020008         (0, 1, 13)      [11] [W]
    134     0x0000D900       0xFFFFFF80      0x00800000         (0, 0, 11)      [17] []
    135     0x00013400       0xFFFFFF80      0x00000108         (0, 1, 6)      [2] [W]
    136     0x00019900       0xFFFFFF80      0x00000008         (0, 1, 3)      [] [W]
    137     0x00006880       0xFFFFFF80      0x00000080         (0, 0, 13)      [1] []
    138     0x00018F80       0xFFFFFF80      0x00C00321         (0, 1, 1)      [16, 17, 2, 3] [E, S]
    139     0x00010380       0xFFFFFF80      0x00000001         (0, 1, 0)      [] [E]
    140     0x0001BB00       0xFFFFFF80      0x00004008         (0, 1, 7)      [8] [W]
    141     0x0001D000       0xFFFFFF80      0x00200000         (0, 1, 10)      [15] []
    142     0x00011780       0xFFFFFF80      0x00000208         (0, 1, 2)      [3] [W]
    143     0x00019880       0xFFFFFF80      0x00000008         (0, 1, 3)      [] [W]
    144     0x0000E780       0xFFFFFF80      0x00800000         (0, 0, 12)      [17] []
    145     0x00010880       0xFFFFFF80      0x00000101         (0, 1, 1)      [2] [E]
    146     0x00017800       0xFFFFFF80      0x00000608         (0, 1, 15)      [3, 4] [W]
    147     0x00023B80       0xFFFFFF80      0x00800000         (0, 2, 7)      [17] []
    148     0x00020000       0xFFFFFF80      0x00020000         (0, 2, 0)      [11] []
    149     0x0001D300       0xFFFFFF80      0x00000800         (0, 1, 10)      [5] []
    150     0x00010680       0xFFFFFF80      0x00000001         (0, 1, 0)      [] [E]
    151     0x00012B80       0xFFFFFF80      0x00100000         (0, 1, 5)      [14] []
    152     0x0001BE00       0xFFFFFF80      0x00100000         (0, 1, 7)      [14] []
    153     0x0000D100       0xFFFFFF80      0x00002000         (0, 0, 10)      [7] []
    154     0x0000CA00       0xFFFFFF80      0x00400000         (0, 0, 9)      [16] []
    155     0x0000A480       0xFFFFFF80      0x00000800         (0, 0, 4)      [5] []
    156     0x00019300       0xFFFFFF80      0x00C18021         (0, 1, 2)      [16, 17, 10, 9] [E, S]
    157     0x00020A00       0xFFFFFF80      0x00010000         (0, 2, 1)      [10] []
    158     0x0001F080       0xFFFFFF80      0x00010008         (0, 1, 14)      [10] [W]
    159     0x00015300       0xFFFFFF80      0x00002001         (0, 1, 10)      [7] [E]
    160     0x0001A400       0xFFFFFF80      0x00000088         (0, 1, 4)      [1] [W]
    161     0x0000BB80       0xFFFFFF80      0x00400001         (0, 0, 7)      [16] [E]
    162     0x00019C80       0xFFFFFF80      0x00002008         (0, 1, 3)      [7] [W]
    163     0x0001FD00       0xFFFFFF80      0x00100000         (0, 1, 15)      [14] []
    164     0x0001E000       0xFFFFFF80      0x00000118         (0, 1, 12)      [2] [W, SW]
    165     0x00018E00       0xFFFFFF80      0x00C00021         (0, 1, 1)      [16, 17] [E, S]
    166     0x0001BC80       0xFFFFFF80      0x00020008         (0, 1, 7)      [11] [W]
    167     0x0001EF80       0xFFFFFF80      0x00004008         (0, 1, 13)      [8] [W]
    168     0x0000BC00       0xFFFFFF80      0x00800001         (0, 0, 7)      [17] [E]
    169     0x0001F300       0xFFFFFF80      0x00200000         (0, 1, 14)      [15] []
    170     0x0001D600       0xFFFFFF80      0x00020000         (0, 1, 10)      [11] []
    171     0x00009000       0xFFFFFF80      0x00400000         (0, 0, 2)      [16] []
    172     0x00010080       0xFFFFFF80      0x00000001         (0, 1, 0)      [] [E]
    173     0x0001D980       0xFFFFFF80      0x00000200         (0, 1, 11)      [3] []
    174     0x00013F00       0xFFFFFF80      0x00000008         (0, 1, 7)      [] [W]
    175     0x00007700       0xFFFFFF80      0x00000081         (0, 0, 14)      [1] [E]
    176     0x0001E200       0xFFFFFF80      0x00001018         (0, 1, 12)      [6] [W, SW]
    177     0x0000FC80       0xFFFFFF80      0x00002003         (0, 0, 15)      [7] [E, NE]
    178     0x00009580       0xFFFFFF80      0x00000400         (0, 0, 2)      [4] []
    179     0x00015500       0xFFFFFF80      0x00020001         (0, 1, 10)      [11] [E]
    180     0x00015E80       0xFFFFFF80      0x00000208         (0, 1, 11)      [3] [W]
    181     0x00009400       0xFFFFFF80      0x00000080         (0, 0, 2)      [1] []
    182     0x00018600       0xFFFFFF80      0x003FFFBF         (0, 1, 0)      [1, 2, 3, 4, 5, 6, 7, 8, 9, 10, 11, 12, 13, 14, 15] [E, NE, N, W, SW, S]
    183     0x0000DF00       0xFFFFFF80      0x00001008         (0, 0, 11)      [6] [W]
    184     0x00015100       0xFFFFFF80      0x00000201         (0, 1, 10)      [3] [E]
    185     0x00021080       0xFFFFFF80      0x00100010         (0, 2, 2)      [14] [SW]
    186     0x00008680       0xFFFFFF80      0x00000200         (0, 0, 0)      [3] []
    187     0x00012880       0xFFFFFF80      0x00004008         (0, 1, 5)      [8] [W]
    188     0x00002B00       0xFFFFFF80      0x00800000         (0, 0, 5)      [17] []
    189     0x00014F00       0xFFFFFF80      0x00000003         (0, 1, 9)      [] [E, NE]
    190     0x00013000       0xFFFFFF80      0x00800000         (0, 1, 6)      [17] []
    191     0x00015A00       0xFFFFFF80      0x00800000         (0, 1, 11)      [17] []
    192     0x0000EF00       0xFFFFFF80      0x0000800E         (0, 0, 13)      [9] [NE, N, W]
    193     0x00016180       0xFFFFFF80      0x00008008         (0, 1, 12)      [9] [W]
    194     0x00000D80       0xFFFFFF80      0x00400000         (0, 0, 1)      [16] []
    195     0x00024280       0xFFFFFF80      0x00004020         (0, 2, 8)      [8] [S]
    196     0x00010980       0xFFFFFF80      0x00000401         (0, 1, 1)      [4] [E]
    197     0x0001C400       0xFFFFFF80      0x00004008         (0, 1, 8)      [8] [W]
    198     0x00003980       0xFFFFFF80      0x00800000         (0, 0, 7)      [17] []
    199     0x0000AD00       0xFFFFFF80      0x00400000         (0, 0, 5)      [16] []
    200     0x0000C200       0xFFFFFF80      0x00001001         (0, 0, 8)      [6] [E]
    201     0x0001EC80       0xFFFFFF80      0x00100000         (0, 1, 13)      [14] []
    202     0x00015580       0xFFFFFF80      0x00040001         (0, 1, 10)      [12] [E]
    203     0x00014100       0xFFFFFF80      0x00000008         (0, 1, 8)      [] [W]
    204     0x0001C380       0xFFFFFF80      0x00002008         (0, 1, 8)      [7] [W]
    205     0x00017980       0xFFFFFF80      0x00003008         (0, 1, 15)      [6, 7] [W]
    206     0x00008380       0xFFFFFF80      0x00000001         (0, 0, 0)      [] [E]
    207     0x0000FA00       0xFFFFFF80      0x00000102         (0, 0, 15)      [2] [NE]
    208     0x0001C780       0xFFFFFF80      0x00200000         (0, 1, 8)      [15] []
    209     0x0000E080       0xFFFFFF80      0x00008008         (0, 0, 12)      [9] [W]
    210     0x0001E500       0xFFFFFF80      0x00040010         (0, 1, 12)      [12] [SW]
    211     0x00018380       0xFFFFFF80      0x003FFFBF         (0, 1, 0)      [1, 2, 3, 4, 5, 6, 7, 8, 9, 10, 11, 12, 13, 14, 15] [E, NE, N, W, SW, S]
    212     0x00019200       0xFFFFFF80      0x00C06021         (0, 1, 2)      [16, 17, 8, 7] [E, S]
    213     0x0001A180       0xFFFFFF80      0x00000008         (0, 1, 4)      [] [W]
    214     0x0001B680       0xFFFFFF80      0x00000008         (0, 1, 6)      [] [W]
    215     0x00055D00       0xFFFFFF00      0x00800000         (0, 5, 11)      [17] []
    216     0x0001FA80       0xFFFFFF80      0x00008000         (0, 1, 15)      [9] []
    217     0x00015800       0xFFFFFF80      0x00000001         (0, 1, 11)      [] [E]
    218     0x00017C80       0xFFFFFF80      0x000C0000         (0, 1, 15)      [12, 13] []
    219     0x00010500       0xFFFFFF80      0x00000001         (0, 1, 0)      [] [E]
    220     0x00017A00       0xFFFFFF80      0x00006008         (0, 1, 15)      [8, 7] [W]
    221     0x0001D880       0xFFFFFF80      0x00000080         (0, 1, 11)      [1] []
    222     0x00017080       0xFFFFFF80      0x00080000         (0, 1, 14)      [13] []
    223     0x0000ED80       0xFFFFFF80      0x0000100E         (0, 0, 13)      [6] [NE, N, W]
    224     0x0000E900       0xFFFFFF80      0x00000008         (0, 0, 13)      [] [W]
    225     0x0000B180       0xFFFFFF80      0x00000100         (0, 0, 6)      [2] []
    226     0x00011400       0xFFFFFF80      0x00000008         (0, 1, 2)      [] [W]
    227     0x0000C780       0xFFFFFF80      0x00000001         (0, 0, 8)      [] [E]
    228     0x00017900       0xFFFFFF80      0x00001808         (0, 1, 15)      [5, 6] [W]
    229     0x00044400       0xFFFFFF00      0x00000010         (0, 4, 8)      [] [SW]
    230     0x0001E080       0xFFFFFF80      0x00000218         (0, 1, 12)      [3] [W, SW]
    231     0x0000C900       0xFFFFFF80      0x00000001         (0, 0, 9)      [] [E]
    232     0x0000DC80       0xFFFFFF80      0x00000088         (0, 0, 11)      [1] [W]
    233     0x0000DA80       0xFFFFFF80      0x00000008         (0, 0, 11)      [] [W]
    234     0x00017D80       0xFFFFFF80      0x00300000         (0, 1, 15)      [14, 15] []
    235     0x00014000       0xFFFFFF80      0x0000000A         (0, 1, 8)      [] [NE, W]
    236     0x0001F580       0xFFFFFF80      0x00008008         (0, 1, 14)      [9] [W]
    237     0x00014780       0xFFFFFF80      0x00040003         (0, 1, 8)      [12] [E, NE]
    238     0x00055100       0xFFFFFF00      0x00000800         (0, 5, 10)      [5] []
    239     0x00017680       0xFFFFFF80      0x00000088         (0, 1, 14)      [1] [W]
    240     0x00015380       0xFFFFFF80      0x00004000         (0, 1, 10)      [8] []
    241     0x00004980       0xFFFFFF80      0x00000001         (0, 0, 9)      [] [E]
    242     0x00016380       0xFFFFFF80      0x00080000         (0, 1, 12)      [13] []
    243     0x0001AB00       0xFFFFFF80      0x00200000         (0, 1, 5)      [15] []
    244     0x00024300       0xFFFFFF80      0x00008020         (0, 2, 8)      [9] [S]
    245     0x00014580       0xFFFFFF80      0x0000400E         (0, 1, 8)      [8] [NE, N, W]
    246     0x00018A00       0xFFFFFF80      0x003FFF97         (0, 1, 1)      [1, 2, 3, 4, 5, 6, 7, 8, 9, 10, 11, 12, 13, 14, 15] [E, NE, N, SW]
    247     0x00021200       0xFFFFFF80      0x00100010         (0, 2, 2)      [14] [SW]
    248     0x00011980       0xFFFFFF80      0x00002008         (0, 1, 3)      [7] [W]
    249     0x0001FF00       0xFFFFFF80      0x00008000         (0, 1, 15)      [9] []
    250     0x00024180       0xFFFFFF80      0x00001020         (0, 2, 8)      [6] [S]
    251     0x0000FD80       0xFFFFFF80      0x00008003         (0, 0, 15)      [9] [E, NE]
    252     0x0000FC00       0xFFFFFF80      0x00001003         (0, 0, 15)      [6] [E, NE]
    253     0x0001FD80       0xFFFFFF80      0x00200000         (0, 1, 15)      [15] []
    254     0x00010C80       0xFFFFFF80      0x00010008         (0, 1, 1)      [10] [W]
    255     0x00020100       0xFFFFFF80      0x00080000         (0, 2, 0)      [13] []
    256     0x0001EF00       0xFFFFFF80      0x00002008         (0, 1, 13)      [7] [W]
    257     0x00012480       0xFFFFFF80      0x00000008         (0, 1, 4)      [] [W]
    258     0x00019D80       0xFFFFFF80      0x00008008         (0, 1, 3)      [9] [W]
    259     0x00024080       0xFFFFFF80      0x00000420         (0, 2, 8)      [4] [S]
    260     0x0001B800       0xFFFFFF80      0x00000108         (0, 1, 7)      [2] [W]
    261     0x00023C00       0xFFFFFF80      0x00000008         (0, 2, 7)      [] [W]
    262     0x00020E00       0xFFFFFF80      0x00080010         (0, 2, 1)      [13] [SW]
    263     0x00015200       0xFFFFFF80      0x00000801         (0, 1, 10)      [5] [E]
    264     0x00007580       0xFFFFFF80      0x00000001         (0, 0, 14)      [] [E]
    265     0x0001E300       0xFFFFFF80      0x00004018         (0, 1, 12)      [8] [W, SW]
    266     0x00013280       0xFFFFFF80      0x00000008         (0, 1, 6)      [] [W]
    267     0x0004E300       0xFFFFFF00      0x00000010         (0, 4, 12)      [] [SW]
    268     0x00024500       0xFFFFFF80      0x00080010         (0, 2, 8)      [13] [SW]
    269     0x00014C00       0xFFFFFF80      0x00400001         (0, 1, 9)      [16] [E]
    270     0x0001B080       0xFFFFFF80      0x00001008         (0, 1, 6)      [6] [W]
    271     0x00014E00       0xFFFFFF80      0x00000001         (0, 1, 9)      [] [E]
    272     0x0000A400       0xFFFFFF80      0x00000400         (0, 0, 4)      [4] []
    273     0x0001BC00       0xFFFFFF80      0x00010008         (0, 1, 7)      [10] [W]
    274     0x00020F80       0xFFFFFF80      0x00040010         (0, 2, 1)      [12] [SW]
    275     0x00016B80       0xFFFFFF80      0x00000208         (0, 1, 13)      [3] [W]
    276     0x0001CB00       0xFFFFFF80      0x00000800         (0, 1, 9)      [5] []
    277     0x00024200       0xFFFFFF80      0x00002020         (0, 2, 8)      [7] [S]
    278     0x00024100       0xFFFFFF80      0x00000820         (0, 2, 8)      [5] [S]
    279     0x0000EF80       0xFFFFFF80      0x0001000E         (0, 0, 13)      [10] [NE, N, W]
    280     0x00014980       0xFFFFFF80      0x00000001         (0, 1, 9)      [] [E]
    281     0x00015B80       0xFFFFFF80      0x00000008         (0, 1, 11)      [] [W]
    282     0x00020B00       0xFFFFFF80      0x00040010         (0, 2, 1)      [12] [SW]
    283     0x00055B00       0xFFFFFF00      0x00200000         (0, 5, 11)      [15] []
    284     0x00012A00       0xFFFFFF80      0x00020008         (0, 1, 5)      [11] [W]
    285     0x0000C600       0xFFFFFF80      0x00000001         (0, 0, 8)      [] [E]
    286     0x00011500       0xFFFFFF80      0x00000008         (0, 1, 2)      [] [W]
    287     0x0000C000       0xFFFFFF80      0x00000101         (0, 0, 8)      [2] [E]
    288     0x0001EB80       0xFFFFFF80      0x00040000         (0, 1, 13)      [12] []
    289     0x0000DB80       0xFFFFFF80      0x00000008         (0, 0, 11)      [] [W]
    290     0x0001F200       0xFFFFFF80      0x00080000         (0, 1, 14)      [13] []
    291     0x00009F00       0xFFFFFF80      0x00800000         (0, 0, 3)      [17] []
    292     0x00013100       0xFFFFFF80      0x00000008         (0, 1, 6)      [] [W]
    293     0x0001FE00       0xFFFFFF80      0x00002001         (0, 1, 15)      [7] [E]
    294     0x00001C00       0xFFFFFF80      0x00400000         (0, 0, 3)      [16] []
    295     0x00020300       0xFFFFFF80      0x00008000         (0, 2, 0)      [9] []
    296     0x0000DE00       0xFFFFFF80      0x00000408         (0, 0, 11)      [4] [W]
    297     0x0001A100       0xFFFFFF80      0x00000008         (0, 1, 4)      [] [W]
    298     0x00013500       0xFFFFFF80      0x00000408         (0, 1, 6)      [4] [W]
    299     0x0001E180       0xFFFFFF80      0x00000818         (0, 1, 12)      [5] [W, SW]
    300     0x00012700       0xFFFFFF80      0x00000808         (0, 1, 4)      [5] [W]
    301     0x00044C00       0xFFFFFF00      0x00000010         (0, 4, 9)      [] [SW]
    302     0x00013180       0xFFFFFF80      0x00000008         (0, 1, 6)      [] [W]
    303     0x00017E80       0xFFFFFF80      0x007FFF80         (0, 1, 15)      [1, 2, 3, 4, 5, 6, 7, 8, 9, 10, 11, 12, 13, 14, 15, 16] []
    304     0x0001AE80       0xFFFFFF80      0x00000108         (0, 1, 5)      [2] [W]
    305     0x0001A500       0xFFFFFF80      0x00000200         (0, 1, 4)      [3] []
    306     0x00004A80       0xFFFFFF80      0x00000001         (0, 0, 9)      [] [E]
    307     0x00054D00       0xFFFFFF00      0x00000080         (0, 5, 9)      [1] []
    308     0x00017400       0xFFFFFF80      0x00000008         (0, 1, 14)      [] [W]
    309     0x0000DD80       0xFFFFFF80      0x00000208         (0, 0, 11)      [3] [W]
    310     0x0000BD80       0xFFFFFF80      0x00000001         (0, 0, 7)      [] [E]
    311     0x0001ED00       0xFFFFFF80      0x00200000         (0, 1, 13)      [15] []
    312     0x00014680       0xFFFFFF80      0x0001000E         (0, 1, 8)      [10] [NE, N, W]
    313     0x00016100       0xFFFFFF80      0x00004008         (0, 1, 12)      [8] [W]
    314     0x00014880       0xFFFFFF80      0x00100002         (0, 1, 9)      [14] [NE]
    315     0x0001FF80       0xFFFFFF80      0x00010000         (0, 1, 15)      [10] []
    316     0x00005600       0xFFFFFF80      0x00400000         (0, 0, 10)      [16] []
    317     0x0000D000       0xFFFFFF80      0x00000800         (0, 0, 10)      [5] []
    318     0x00015A80       0xFFFFFF80      0x00000008         (0, 1, 11)      [] [W]
    319     0x00055400       0xFFFFFF00      0x00004000         (0, 5, 10)      [8] []
    320     0x0001A200       0xFFFFFF80      0x00000008         (0, 1, 4)      [] [W]
    321     0x00017F00       0xFFFFFF80      0x00FFFF80         (0, 1, 15)      [1, 2, 3, 4, 5, 6, 7, 8, 9, 10, 11, 12, 13, 14, 15, 16, 17] []
    322     0x00044200       0xFFFFFF00      0x00000010         (0, 4, 8)      [] [SW]
    323     0x00020680       0xFFFFFF80      0x00008000         (0, 2, 0)      [9] []
    324     0x0000CE80       0xFFFFFF80      0x00000100         (0, 0, 9)      [2] []
    325     0x0001D780       0xFFFFFF80      0x00100000         (0, 1, 10)      [14] []
    326     0x00013380       0xFFFFFF80      0x00000088         (0, 1, 6)      [1] [W]
    327     0x00010A00       0xFFFFFF80      0x00000801         (0, 1, 1)      [5] [E]
    328     0x0001A000       0xFFFFFF80      0x00100000         (0, 1, 4)      [14] []
    329     0x00021280       0xFFFFFF80      0x00200010         (0, 2, 2)      [15] [SW]
    330     0x0000D080       0xFFFFFF80      0x00001000         (0, 0, 10)      [6] []
    331     0x00017000       0xFFFFFF80      0x00040000         (0, 1, 14)      [12] []
    332     0x00012280       0xFFFFFF80      0x00000008         (0, 1, 4)      [] [W]
    333     0x0001AA00       0xFFFFFF80      0x00080000         (0, 1, 5)      [13] []
    334     0x00018900       0xFFFFFF80      0x003FFF97         (0, 1, 1)      [1, 2, 3, 4, 5, 6, 7, 8, 9, 10, 11, 12, 13, 14, 15] [E, NE, N, SW]
    335     0x0004D900       0xFFFFFF00      0x00000010         (0, 4, 11)      [] [SW]
    336     0x00018B80       0xFFFFFF80      0x00C00021         (0, 1, 1)      [16, 17] [E, S]
    337     0x00017300       0xFFFFFF80      0x00400000         (0, 1, 14)      [16] []
    338     0x00044700       0xFFFFFF00      0x00000010         (0, 4, 8)      [] [SW]
    339     0x00013580       0xFFFFFF80      0x00000808         (0, 1, 6)      [5] [W]
    340     0x0000EA80       0xFFFFFF80      0x00000008         (0, 0, 13)      [] [W]
    341     0x0001F900       0xFFFFFF80      0x00001001         (0, 1, 15)      [6] [E]
    342     0x00018480       0xFFFFFF80      0x003FFFBF         (0, 1, 0)      [1, 2, 3, 4, 5, 6, 7, 8, 9, 10, 11, 12, 13, 14, 15] [E, NE, N, W, SW, S]
    343     0x00020400       0xFFFFFF80      0x00020000         (0, 2, 0)      [11] []
    344     0x00016B00       0xFFFFFF80      0x00000108         (0, 1, 13)      [2] [W]
    345     0x00016000       0xFFFFFF80      0x00001008         (0, 1, 12)      [6] [W]
    346     0x00019D00       0xFFFFFF80      0x00004008         (0, 1, 3)      [8] [W]
    347     0x00010280       0xFFFFFF80      0x00000001         (0, 1, 0)      [] [E]
    348     0x00024380       0xFFFFFF80      0x00010020         (0, 2, 8)      [10] [S]
    349     0x00011B80       0xFFFFFF80      0x00020008         (0, 1, 3)      [11] [W]
    350     0x00013980       0xFFFFFF80      0x00080000         (0, 1, 7)      [13] []
    351     0x0001A580       0xFFFFFF80      0x00000400         (0, 1, 4)      [4] []
    352     0x0000BA80       0xFFFFFF80      0x00000001         (0, 0, 7)      [] [E]
    353     0x0000AD80       0xFFFFFF80      0x00800000         (0, 0, 5)      [17] []
    354     0x0001A700       0xFFFFFF80      0x00002000         (0, 1, 4)      [7] []
    355     0x0001C100       0xFFFFFF80      0x00000108         (0, 1, 8)      [2] [W]
    356     0x00003900       0xFFFFFF80      0x00400000         (0, 0, 7)      [16] []
    357     0x0001EE00       0xFFFFFF80      0x00000808         (0, 1, 13)      [5] [W]
    358     0x00016800       0xFFFFFF80      0x00000008         (0, 1, 13)      [] [W]
    359     0x0000FF00       0xFFFFFF80      0x00000001         (0, 0, 15)      [] [E]
    360     0x0001A600       0xFFFFFF80      0x00000800         (0, 1, 4)      [5] []
    361     0x00018200       0xFFFFFF80      0x003FFF88         (0, 1, 0)      [1, 2, 3, 4, 5, 6, 7, 8, 9, 10, 11, 12, 13, 14, 15] [W]
    362     0x00013600       0xFFFFFF80      0x00001008         (0, 1, 6)      [6] [W]
    363     0x00018000       0xFFFFFF80      0x003FFF88         (0, 1, 0)      [1, 2, 3, 4, 5, 6, 7, 8, 9, 10, 11, 12, 13, 14, 15] [W]
    364     0x00044100       0xFFFFFF00      0x00000010         (0, 4, 8)      [] [SW]
    365     0x0001B880       0xFFFFFF80      0x00000208         (0, 1, 7)      [3] [W]
    366     0x00054F00       0xFFFFFF00      0x00000200         (0, 5, 9)      [3] []
    367     0x00018700       0xFFFFFF80      0x003FFFBF         (0, 1, 0)      [1, 2, 3, 4, 5, 6, 7, 8, 9, 10, 11, 12, 13, 14, 15] [E, NE, N, W, SW, S]
    368     0x00014B80       0xFFFFFF80      0x00000001         (0, 1, 9)      [] [E]
    369     0x0001DB80       0xFFFFFF80      0x00002000         (0, 1, 11)      [7] []
    370     0x00018080       0xFFFFFF80      0x003FFF88         (0, 1, 0)      [1, 2, 3, 4, 5, 6, 7, 8, 9, 10, 11, 12, 13, 14, 15] [W]
    371     0x00017780       0xFFFFFF80      0x00000308         (0, 1, 14)      [2, 3] [W]
    372     0x0001D180       0xFFFFFF80      0x00000100         (0, 1, 10)      [2] []
    373     0x0001E380       0xFFFFFF80      0x00008018         (0, 1, 12)      [9] [W, SW]
    374     0x0001CA00       0xFFFFFF80      0x00000200         (0, 1, 9)      [3] []
    375     0x0000EB00       0xFFFFFF80      0x0000008C         (0, 0, 13)      [1] [N, W]
    376     0x0004D700       0xFFFFFF00      0x00000010         (0, 4, 10)      [] [SW]
    377     0x0000E000       0xFFFFFF80      0x00004008         (0, 0, 12)      [8] [W]
    378     0x0004DB00       0xFFFFFF00      0x00000010         (0, 4, 11)      [] [SW]
    379     0x0004E000       0xFFFFFF00      0x00000010         (0, 4, 12)      [] [SW]
    380     0x00014280       0xFFFFFF80      0x0000010E         (0, 1, 8)      [2] [NE, N, W]
    381     0x00020900       0xFFFFFF80      0x00100000         (0, 2, 1)      [14] []
    382     0x0000DE80       0xFFFFFF80      0x00000808         (0, 0, 11)      [5] [W]
    383     0x00002A80       0xFFFFFF80      0x00400000         (0, 0, 5)      [16] []
    384     0x0001C500       0xFFFFFF80      0x00010008         (0, 1, 8)      [10] [W]
    385     0x00020380       0xFFFFFF80      0x00010000         (0, 2, 0)      [10] []
    386     0x0001DD80       0xFFFFFF80      0x00020000         (0, 1, 11)      [11] []
    387     0x00024400       0xFFFFFF80      0x00020020         (0, 2, 8)      [11] [S]
    388     0x00004880       0xFFFFFF80      0x00000001         (0, 0, 9)      [] [E]
    389     0x0001C980       0xFFFFFF80      0x00000100         (0, 1, 9)      [2] []
    390     0x00012380       0xFFFFFF80      0x00000008         (0, 1, 4)      [] [W]
    391     0x00016E00       0xFFFFFF80      0x00004008         (0, 1, 13)      [8] [W]
    392     0x00004680       0xFFFFFF80      0x00000001         (0, 0, 8)      [] [E]
    393     0x0000EE80       0xFFFFFF80      0x0000400E         (0, 0, 13)      [8] [NE, N, W]
    394     0x00010100       0xFFFFFF80      0x00000001         (0, 1, 0)      [] [E]
    395     0x0001F800       0xFFFFFF80      0x00100000         (0, 1, 15)      [14] []
    396     0x00013800       0xFFFFFF80      0x00010008         (0, 1, 7)      [10] [W]
    397     0x00020980       0xFFFFFF80      0x00200000         (0, 2, 1)      [15] []
    398     0x00008500       0xFFFFFF80      0x00000001         (0, 0, 0)      [] [E]
    399     0x00019B80       0xFFFFFF80      0x00000808         (0, 1, 3)      [5] [W]
    400     0x00008300       0xFFFFFF80      0x00000001         (0, 0, 0)      [] [E]
    401     0x00008100       0xFFFFFF80      0x00000001         (0, 0, 0)      [] [E]
    402     0x00016A00       0xFFFFFF80      0x00000008         (0, 1, 13)      [] [W]
    403     0x00017500       0xFFFFFF80      0x00000008         (0, 1, 14)      [] [W]
    404     0x0001DA80       0xFFFFFF80      0x00000800         (0, 1, 11)      [5] []
    405     0x0000FB80       0xFFFFFF80      0x00000802         (0, 0, 15)      [5] [NE]
    406     0x00012580       0xFFFFFF80      0x00000108         (0, 1, 4)      [2] [W]
    407     0x0001B300       0xFFFFFF80      0x00020008         (0, 1, 6)      [11] [W]
    408     0x00007E80       0xFFFFFF80      0x00000001         (0, 0, 15)      [] [E]
    409     0x00023F80       0xFFFFFF80      0x00000120         (0, 2, 7)      [2] [S]
    410     0x00016F00       0xFFFFFF80      0x00010008         (0, 1, 13)      [10] [W]
    411     0x00017A80       0xFFFFFF80      0x0000C008         (0, 1, 15)      [8, 9] [W]
    412     0x00019B00       0xFFFFFF80      0x00000408         (0, 1, 3)      [4] [W]
    413     0x0001D800       0xFFFFFF80      0x00200010         (0, 1, 11)      [15] [SW]
    414     0x0001B180       0xFFFFFF80      0x00004008         (0, 1, 6)      [8] [W]
    415     0x0000B900       0xFFFFFF80      0x00000001         (0, 0, 7)      [] [E]
    416     0x0001DF00       0xFFFFFF80      0x00100010         (0, 1, 11)      [14] [SW]
    417     0x0001DE80       0xFFFFFF80      0x00080010         (0, 1, 11)      [13] [SW]
    418     0x00019180       0xFFFFFF80      0x00C03021         (0, 1, 2)      [16, 17, 6, 7] [E, S]
    419     0x00014F80       0xFFFFFF80      0x00000003         (0, 1, 9)      [] [E, NE]
    420     0x00021F00       0xFFFFFF80      0x00000010         (0, 2, 3)      [] [SW]
    421     0x00055000       0xFFFFFF00      0x00000400         (0, 5, 10)      [4] []
    422     0x0001DD00       0xFFFFFF80      0x00010000         (0, 1, 11)      [10] []
    423     0x0001A800       0xFFFFFF80      0x00008000         (0, 1, 5)      [9] []
    424     0x0001F780       0xFFFFFF80      0x00080000         (0, 1, 14)      [13] []
    425     0x00015D00       0xFFFFFF80      0x00000008         (0, 1, 11)      [] [W]
    426     0x00011800       0xFFFFFF80      0x00000408         (0, 1, 3)      [4] [W]
    427     0x0001DE00       0xFFFFFF80      0x00040010         (0, 1, 11)      [12] [SW]
    428     0x0001E900       0xFFFFFF80      0x00002008         (0, 1, 13)      [7] [W]
    429     0x00019780       0xFFFFFF80      0x00000008         (0, 1, 2)      [] [W]
    430     0x00000E00       0xFFFFFF80      0x00800000         (0, 0, 1)      [17] []
    431     0x00024480       0xFFFFFF80      0x00040010         (0, 2, 8)      [12] [SW]
    432     0x00013700       0xFFFFFF80      0x00004008         (0, 1, 6)      [8] [W]
    433     0x00020600       0xFFFFFF80      0x00200000         (0, 2, 0)      [15] []
    434     0x00017700       0xFFFFFF80      0x00000188         (0, 1, 14)      [1, 2] [W]
    435     0x00013E00       0xFFFFFF80      0x00400000         (0, 1, 7)      [16] []
    436     0x00024600       0xFFFFFF80      0x00200000         (0, 2, 8)      [15] []
    437     0x00015400       0xFFFFFF80      0x00008000         (0, 1, 10)      [9] []
    438     0x00014B00       0xFFFFFF80      0x00000001         (0, 1, 9)      [] [E]
    439     0x00012B00       0xFFFFFF80      0x00080000         (0, 1, 5)      [13] []
    440     0x00021C80       0xFFFFFF80      0x00000010         (0, 2, 3)      [] [SW]
    441     0x00010800       0xFFFFFF80      0x00000081         (0, 1, 1)      [1] [E]
    442     0x00020700       0xFFFFFF80      0x00010000         (0, 2, 0)      [10] []
    443     0x0001C600       0xFFFFFF80      0x00040000         (0, 1, 8)      [12] []
    444     0x00017480       0xFFFFFF80      0x00000008         (0, 1, 14)      [] [W]
    445     0x0004E100       0xFFFFFF00      0x00000010         (0, 4, 12)      [] [SW]
    446     0x00013080       0xFFFFFF80      0x00000008         (0, 1, 6)      [] [W]
    447     0x0000EC00       0xFFFFFF80      0x0000020E         (0, 0, 13)      [3] [NE, N, W]
    448     0x00016480       0xFFFFFF80      0x00200000         (0, 1, 12)      [15] []
    449     0x0001C700       0xFFFFFF80      0x00100000         (0, 1, 8)      [14] []
    450     0x00014080       0xFFFFFF80      0x00000008         (0, 1, 8)      [] [W]
    451     0x0000BE80       0xFFFFFF80      0x00000001         (0, 0, 7)      [] [E]
    452     0x00017600       0xFFFFFF80      0x00000008         (0, 1, 14)      [] [W]
    453     0x00009500       0xFFFFFF80      0x00000200         (0, 0, 2)      [3] []
    454     0x0004DF00       0xFFFFFF00      0x00000010         (0, 4, 11)      [] [SW]
    455     0x00016200       0xFFFFFF80      0x00010008         (0, 1, 12)      [10] [W]
    456     0x00007300       0xFFFFFF80      0x00400000         (0, 0, 14)      [16] []
    457     0x0000E980       0xFFFFFF80      0x00000008         (0, 0, 13)      [] [W]
    458     0x0001A680       0xFFFFFF80      0x00001000         (0, 1, 4)      [6] []
    459     0x0000FA80       0xFFFFFF80      0x00000202         (0, 0, 15)      [3] [NE]
    460     0x00008580       0xFFFFFF80      0x00000081         (0, 0, 0)      [1] [E]
    461     0x0001D400       0xFFFFFF80      0x00002000         (0, 1, 10)      [7] []
    462     0x00044500       0xFFFFFF00      0x00000010         (0, 4, 8)      [] [SW]
    463     0x00023C80       0xFFFFFF80      0x00000008         (0, 2, 7)      [] [W]
    464     0x00011B00       0xFFFFFF80      0x00010008         (0, 1, 3)      [10] [W]
    465     0x0000BF00       0xFFFFFF80      0x00000001         (0, 0, 7)      [] [E]
    466     0x0000BC80       0xFFFFFF80      0x00000001         (0, 0, 7)      [] [E]
    467     0x00016E80       0xFFFFFF80      0x00008008         (0, 1, 13)      [9] [W]
    468     0x00008200       0xFFFFFF80      0x00800001         (0, 0, 0)      [17] [E]
    469     0x00015E00       0xFFFFFF80      0x00000108         (0, 1, 11)      [2] [W]
    470     0x00012980       0xFFFFFF80      0x00010008         (0, 1, 5)      [10] [W]
    471     0x0001B780       0xFFFFFF80      0x00000088         (0, 1, 6)      [1] [W]
    472     0x0001B580       0xFFFFFF80      0x00000018         (0, 1, 6)      [] [W, SW]
    473     0x00021300       0xFFFFFF80      0x00100010         (0, 2, 2)      [14] [SW]
    474     0x00007D00       0xFFFFFF80      0x00000001         (0, 0, 15)      [] [E]
    475     0x00014200       0xFFFFFF80      0x0000008E         (0, 1, 8)      [1] [NE, N, W]
    476     0x00010400       0xFFFFFF80      0x00400001         (0, 1, 0)      [16] [E]
    477     0x00023D00       0xFFFFFF80      0x00000030         (0, 2, 7)      [] [SW, S]
    478     0x0000E800       0xFFFFFF80      0x00000008         (0, 0, 13)      [] [W]
    479     0x0001C180       0xFFFFFF80      0x00000208         (0, 1, 8)      [3] [W]
    480     0x0001E480       0xFFFFFF80      0x00020018         (0, 1, 12)      [11] [W, SW]
    481     0x0001BA80       0xFFFFFF80      0x00002008         (0, 1, 7)      [7] [W]
    482     0x00006480       0xFFFFFF80      0x00400000         (0, 0, 12)      [16] []
    483     0x0001B280       0xFFFFFF80      0x00010008         (0, 1, 6)      [10] [W]
    484     0x00012180       0xFFFFFF80      0x00800000         (0, 1, 4)      [17] []
    485     0x0000D980       0xFFFFFF80      0x00000008         (0, 0, 11)      [] [W]
    486     0x00055900       0xFFFFFF00      0x00080000         (0, 5, 11)      [13] []
    487     0x00017B80       0xFFFFFF80      0x00030008         (0, 1, 15)      [10, 11] [W]
    488     0x00020480       0xFFFFFF80      0x00040000         (0, 2, 0)      [12] []
    489     0x00018800       0xFFFFFF80      0x003FFFBF         (0, 1, 1)      [1, 2, 3, 4, 5, 6, 7, 8, 9, 10, 11, 12, 13, 14, 15] [E, NE, N, W, SW, S]
    490     0x0001BD80       0xFFFFFF80      0x00080000         (0, 1, 7)      [13] []
    491     0x0001B100       0xFFFFFF80      0x00002008         (0, 1, 6)      [7] [W]
    492     0x0001EC00       0xFFFFFF80      0x00080000         (0, 1, 13)      [13] []
    493     0x0001E680       0xFFFFFF80      0x00200010         (0, 1, 12)      [15] [SW]
    494     0x00011A80       0xFFFFFF80      0x00008008         (0, 1, 3)      [9] [W]
    495     0x00014E80       0xFFFFFF80      0x00000003         (0, 1, 9)      [] [E, NE]
    496     0x00010700       0xFFFFFF80      0x00000001         (0, 1, 0)      [] [E]
    497     0x00020080       0xFFFFFF80      0x00040000         (0, 2, 0)      [12] []
    498     0x0000CA80       0xFFFFFF80      0x00800000         (0, 0, 9)      [17] []
    499     0x00017100       0xFFFFFF80      0x00100000         (0, 1, 14)      [14] []
    500     0x00018300       0xFFFFFF80      0x003FFFBF         (0, 1, 0)      [1, 2, 3, 4, 5, 6, 7, 8, 9, 10, 11, 12, 13, 14, 15] [E, NE, N, W, SW, S]
    501     0x0000B200       0xFFFFFF80      0x00000200         (0, 0, 6)      [3] []
    502     0x0001D580       0xFFFFFF80      0x00010000         (0, 1, 10)      [10] []
    503     0x00023B00       0xFFFFFF80      0x00400000         (0, 2, 7)      [16] []
    504     0x00015080       0xFFFFFF80      0x00000101         (0, 1, 10)      [2] [E]
    505     0x0004DD00       0xFFFFFF00      0x00000010         (0, 4, 11)      [] [SW]
    506     0x00011C00       0xFFFFFF80      0x00040000         (0, 1, 3)      [12] []
    507     0x0001F880       0xFFFFFF80      0x00200000         (0, 1, 15)      [15] []
    508     0x0001CA80       0xFFFFFF80      0x00000400         (0, 1, 9)      [4] []
    509     0x00007600       0xFFFFFF80      0x00000001         (0, 0, 14)      [] [E]
    510     0x0000C980       0xFFFFFF80      0x00000001         (0, 0, 9)      [] [E]
    511     0x00008400       0xFFFFFF80      0x00000001         (0, 0, 0)      [] [E]
    512     0x0000C680       0xFFFFFF80      0x00000001         (0, 0, 8)      [] [E]
    513     0x0001F100       0xFFFFFF80      0x00020008         (0, 1, 14)      [11] [W]
    514     0x00016C00       0xFFFFFF80      0x00000408         (0, 1, 13)      [4] [W]
    515     0x0000ED00       0xFFFFFF80      0x0000080E         (0, 0, 13)      [5] [NE, N, W]
    516     0x00011600       0xFFFFFF80      0x00000008         (0, 1, 2)      [] [W]
    517     0x00021180       0xFFFFFF80      0x00080010         (0, 2, 2)      [13] [SW]
    518     0x0001A980       0xFFFFFF80      0x00040000         (0, 1, 5)      [12] []
    519     0x0001A780       0xFFFFFF80      0x00004000         (0, 1, 4)      [8] []
    520     0x00014D00       0xFFFFFF80      0x00000001         (0, 1, 9)      [] [E]
    521     0x00015480       0xFFFFFF80      0x00010001         (0, 1, 10)      [10] [E]
    522     0x0001BB80       0xFFFFFF80      0x00008008         (0, 1, 7)      [9] [W]
    523     0x0001DB00       0xFFFFFF80      0x00001000         (0, 1, 11)      [6] []
    524     0x00008480       0xFFFFFF80      0x00000001         (0, 0, 0)      [] [E]
    525     0x0001BA00       0xFFFFFF80      0x00001008         (0, 1, 7)      [6] [W]
    526     0x00015B00       0xFFFFFF80      0x00000008         (0, 1, 11)      [] [W]
    527     0x0000A280       0xFFFFFF80      0x00000080         (0, 0, 4)      [1] []
    528     0x00016D00       0xFFFFFF80      0x00001008         (0, 1, 13)      [6] [W]
    529     0x00055500       0xFFFFFF00      0x00008000         (0, 5, 10)      [9] []
    530     0x0000C080       0xFFFFFF80      0x00000201         (0, 0, 8)      [3] [E]
    531     0x00020780       0xFFFFFF80      0x00020000         (0, 2, 0)      [11] []
    532     0x00011700       0xFFFFFF80      0x00000108         (0, 1, 2)      [2] [W]
    533     0x00055A00       0xFFFFFF00      0x00100000         (0, 5, 11)      [14] []
    534     0x00004800       0xFFFFFF80      0x00800001         (0, 0, 9)      [17] [E]
    535     0x0001FB00       0xFFFFFF80      0x00010000         (0, 1, 15)      [10] []
    536     0x00008600       0xFFFFFF80      0x00000100         (0, 0, 0)      [2] []
    537     0x00015F80       0xFFFFFF80      0x00000808         (0, 1, 11)      [5] [W]
    538     0x0000DC00       0xFFFFFF80      0x00000008         (0, 0, 11)      [] [W]
    539     0x0000C800       0xFFFFFF80      0x00000001         (0, 0, 9)      [] [E]
    540     0x0001C300       0xFFFFFF80      0x00001008         (0, 1, 8)      [6] [W]
    541     0x0001A880       0xFFFFFF80      0x00010000         (0, 1, 5)      [10] []
    542     0x00019500       0xFFFFFF80      0x00D80008         (0, 1, 2)      [16, 17, 13, 14] [W]
    543     0x00016C80       0xFFFFFF80      0x00000808         (0, 1, 13)      [5] [W]
    544     0x00004900       0xFFFFFF80      0x00000001         (0, 0, 9)      [] [E]
    545     0x0001B200       0xFFFFFF80      0x00008008         (0, 1, 6)      [9] [W]
    546     0x00020280       0xFFFFFF80      0x00004000         (0, 2, 0)      [8] []
    547     0x00018C80       0xFFFFFF80      0x00C00021         (0, 1, 1)      [16, 17] [E, S]
    548     0x00014500       0xFFFFFF80      0x0000200E         (0, 1, 8)      [7] [NE, N, W]
    549     0x00023E00       0xFFFFFF80      0x00000030         (0, 2, 7)      [] [SW, S]
    550     0x0000B980       0xFFFFFF80      0x00000001         (0, 0, 7)      [] [E]
    551     0x0001E980       0xFFFFFF80      0x00004008         (0, 1, 13)      [8] [W]
    552     0x00013900       0xFFFFFF80      0x00040000         (0, 1, 7)      [12] []
    553     0x0000D880       0xFFFFFF80      0x00400000         (0, 0, 11)      [16] []
    554     0x00014C80       0xFFFFFF80      0x00800001         (0, 1, 9)      [17] [E]
    555     0x00021400       0xFFFFFF80      0x00200010         (0, 2, 2)      [15] [SW]
    556     0x0001BF00       0xFFFFFF80      0x00000008         (0, 1, 7)      [] [W]
    557     0x00017C00       0xFFFFFF80      0x00060008         (0, 1, 15)      [11, 12] [W]
    558     0x00020C00       0xFFFFFF80      0x00100010         (0, 2, 1)      [14] [SW]
    559     0x00020D80       0xFFFFFF80      0x00040010         (0, 2, 1)      [12] [SW]
    560     0x00010580       0xFFFFFF80      0x00000001         (0, 1, 0)      [] [E]
    561     0x0001E580       0xFFFFFF80      0x00080010         (0, 1, 12)      [13] [SW]
    562     0x0001AF80       0xFFFFFF80      0x00000408         (0, 1, 5)      [4] [W]
    563     0x00018F00       0xFFFFFF80      0x00C001A1         (0, 1, 1)      [16, 17, 2, 1] [E, S]
    564     0x00016F80       0xFFFFFF80      0x00020008         (0, 1, 13)      [11] [W]
    565     0x0001EA80       0xFFFFFF80      0x00010008         (0, 1, 13)      [10] [W]
    566     0x0001DC00       0xFFFFFF80      0x00004000         (0, 1, 11)      [8] []
    567     0x00012800       0xFFFFFF80      0x00002008         (0, 1, 5)      [7] [W]
    568     0x00018680       0xFFFFFF80      0x003FFFBF         (0, 1, 0)      [1, 2, 3, 4, 5, 6, 7, 8, 9, 10, 11, 12, 13, 14, 15] [E, NE, N, W, SW, S]
    569     0x00012900       0xFFFFFF80      0x00008008         (0, 1, 5)      [9] [W]
    570     0x00055C00       0xFFFFFF00      0x00400000         (0, 5, 11)      [16] []
    571     0x00019E00       0xFFFFFF80      0x00010008         (0, 1, 3)      [10] [W]
    572     0x0001B900       0xFFFFFF80      0x00000408         (0, 1, 7)      [4] [W]
    573     0x0000FF80       0xFFFFFF80      0x00000001         (0, 0, 15)      [] [E]
    574     0x0000FB00       0xFFFFFF80      0x00000402         (0, 0, 15)      [4] [NE]
    575     0x0000A380       0xFFFFFF80      0x00000200         (0, 0, 4)      [3] []
    576     0x00055800       0xFFFFFF00      0x00040000         (0, 5, 11)      [12] []
    577     0x00015C00       0xFFFFFF80      0x00000008         (0, 1, 11)      [] [W]
    578     0x00019380       0xFFFFFF80      0x00C30021         (0, 1, 2)      [16, 17, 10, 11] [E, S]
    579     0x0001D100       0xFFFFFF80      0x00000080         (0, 1, 10)      [1] []
    580     0x0001FC00       0xFFFFFF80      0x00040000         (0, 1, 15)      [12] []
    581     0x00018A80       0xFFFFFF80      0x00C0003B         (0, 1, 1)      [16, 17] [E, NE, W, SW, S]
    582     0x0000F980       0xFFFFFF80      0x00000080         (0, 0, 15)      [1] []
    583     0x0000BE00       0xFFFFFF80      0x00000001         (0, 0, 7)      [] [E]
    584     0x00019000       0xFFFFFF80      0x00C00621         (0, 1, 2)      [16, 17, 3, 4] [E, S]
    585     0x00015980       0xFFFFFF80      0x00400000         (0, 1, 11)      [16] []
    586     0x00012300       0xFFFFFF80      0x00000008         (0, 1, 4)      [] [W]
    587     0x00018D80       0xFFFFFF80      0x00C00021         (0, 1, 1)      [16, 17] [E, S]
    588     0x00016900       0xFFFFFF80      0x00000008         (0, 1, 13)      [] [W]
    589     0x00044A00       0xFFFFFF00      0x00000010         (0, 4, 9)      [] [SW]
    590     0x00010B80       0xFFFFFF80      0x00004001         (0, 1, 1)      [8] [E]
    591     0x0004D500       0xFFFFFF00      0x00000020         (0, 4, 10)      [] [S]
    592     0x0001FA00       0xFFFFFF80      0x00004000         (0, 1, 15)      [8] []
    593     0x0001A380       0xFFFFFF80      0x00000008         (0, 1, 4)      [] [W]
    594     0x00013480       0xFFFFFF80      0x00000208         (0, 1, 6)      [3] [W]
    595     0x0001E880       0xFFFFFF80      0x00001008         (0, 1, 13)      [6] [W]
    596     0x0000CF80       0xFFFFFF80      0x00000400         (0, 0, 9)      [4] []
    597     0x00014600       0xFFFFFF80      0x0000800E         (0, 1, 8)      [9] [NE, N, W]
    598     0x0000DD00       0xFFFFFF80      0x00000108         (0, 0, 11)      [2] [W]
    599     0x00004A00       0xFFFFFF80      0x00000001         (0, 0, 9)      [] [E]
    600     0x00044D00       0xFFFFFF00      0x00000010         (0, 4, 9)      [] [SW]
    601     0x00017E00       0xFFFFFF80      0x00200000         (0, 1, 15)      [15] []
    602     0x00044300       0xFFFFFF00      0x00000010         (0, 4, 8)      [] [SW]
    603     0x00007D80       0xFFFFFF80      0x00000001         (0, 0, 15)      [] [E]
    604     0x00019580       0xFFFFFF80      0x00F00008         (0, 1, 2)      [16, 17, 14, 15] [W]
    605     0x0000B380       0xFFFFFF80      0x00001000         (0, 0, 6)      [6] []
    606     0x00013A00       0xFFFFFF80      0x00100000         (0, 1, 7)      [14] []
    607     0x0000B100       0xFFFFFF80      0x00000080         (0, 0, 6)      [1] []
    608     0x00015280       0xFFFFFF80      0x00001001         (0, 1, 10)      [6] [E]
    609     0x0000B300       0xFFFFFF80      0x00000800         (0, 0, 6)      [5] []
    610     0x00022180       0xFFFFFF80      0x003FFF80         (0, 2, 4)      [1, 2, 3, 4, 5, 6, 7, 8, 9, 10, 11, 12, 13, 14, 15] []
    611     0x0001CF80       0xFFFFFF80      0x00100000         (0, 1, 9)      [14] []
    612     0x00010600       0xFFFFFF80      0x00000001         (0, 1, 0)      [] [E]
    613     0x00011A00       0xFFFFFF80      0x00004008         (0, 1, 3)      [8] [W]
    614     0x00013F80       0xFFFFFF80      0x00000008         (0, 1, 7)      [] [W]
    615     0x0001D700       0xFFFFFF80      0x00080000         (0, 1, 10)      [13] []
    616     0x0001E600       0xFFFFFF80      0x00100010         (0, 1, 12)      [14] [SW]
    617     0x0001F400       0xFFFFFF80      0x00001008         (0, 1, 14)      [6] [W]
    618     0x00015F00       0xFFFFFF80      0x00000408         (0, 1, 11)      [4] [W]
    619     0x0001F380       0xFFFFFF80      0x00000808         (0, 1, 14)      [5] [W]
    620     0x00019A80       0xFFFFFF80      0x00000208         (0, 1, 3)      [3] [W]
    621     0x0001E400       0xFFFFFF80      0x00010018         (0, 1, 12)      [10] [W, SW]
    622     0x00016880       0xFFFFFF80      0x00000008         (0, 1, 13)      [] [W]
    623     0x0000BD00       0xFFFFFF80      0x00000001         (0, 0, 7)      [] [E]
    624     0x0001EE80       0xFFFFFF80      0x00001008         (0, 1, 13)      [6] [W]
    625     0x0000C580       0xFFFFFF80      0x00000001         (0, 0, 8)      [] [E]
    626     0x0001C280       0xFFFFFF80      0x00000808         (0, 1, 8)      [5] [W]
    627     0x0001B000       0xFFFFFF80      0x00000808         (0, 1, 6)      [5] [W]
    628     0x00016280       0xFFFFFF80      0x00020008         (0, 1, 12)      [11] [W]
    629     0x00010480       0xFFFFFF80      0x00800001         (0, 1, 0)      [17] [E]
    630     0x0001FC80       0xFFFFFF80      0x00080000         (0, 1, 15)      [13] []
    631     0x00014380       0xFFFFFF80      0x0000040E         (0, 1, 8)      [4] [NE, N, W]
    632     0x00011380       0xFFFFFF80      0x00000008         (0, 1, 2)      [] [W]
    633     0x00006500       0xFFFFFF80      0x00800000         (0, 0, 12)      [17] []
    634     0x0001C480       0xFFFFFF80      0x00008008         (0, 1, 8)      [9] [W]
    635     0x00019E80       0xFFFFFF80      0x00020008         (0, 1, 3)      [11] [W]
    636     0x00011900       0xFFFFFF80      0x00001008         (0, 1, 3)      [6] [W]
    637     0x00054E00       0xFFFFFF00      0x00000100         (0, 5, 9)      [2] []
    638     0x00012200       0xFFFFFF80      0x00000008         (0, 1, 4)      [] [W]
    639     0x0000DA00       0xFFFFFF80      0x00000008         (0, 0, 11)      [] [W]
    640     0x0000CE00       0xFFFFFF80      0x00000080         (0, 0, 9)      [1] []
    641     0x0001AA80       0xFFFFFF80      0x00100000         (0, 1, 5)      [14] []
    642     0x00017580       0xFFFFFF80      0x00000008         (0, 1, 14)      [] [W]
    643     0x0001D280       0xFFFFFF80      0x00000400         (0, 1, 10)      [4] []
    644     0x00012A80       0xFFFFFF80      0x00040000         (0, 1, 5)      [12] []
    645     0x0001C900       0xFFFFFF80      0x00000080         (0, 1, 9)      [1] []
    646     0x00012400       0xFFFFFF80      0x00000008         (0, 1, 4)      [] [W]
    647     0x0000C700       0xFFFFFF80      0x00000001         (0, 0, 8)      [] [E]
    648     0x0001B380       0xFFFFFF80      0x00040010         (0, 1, 6)      [12] [SW]
    649     0x0001F680       0xFFFFFF80      0x00020008         (0, 1, 14)      [11] [W]
    650     0x0001DC80       0xFFFFFF80      0x00008000         (0, 1, 11)      [9] []
    651     0x0000FE00       0xFFFFFF80      0x00010003         (0, 0, 15)      [10] [E, NE]
    652     0x0000EB80       0xFFFFFF80      0x0000010E         (0, 0, 13)      [2] [NE, N, W]
    653     0x00015600       0xFFFFFF80      0x00080000         (0, 1, 10)      [13] []
    654     0x0000FE80       0xFFFFFF80      0x00020003         (0, 0, 15)      [11] [E, NE]
    655     0x00017B00       0xFFFFFF80      0x00018008         (0, 1, 15)      [9, 10] [W]
    656     0x0000F580       0xFFFFFF80      0x00400000         (0, 0, 14)      [16] []
    657     0x00020D00       0xFFFFFF80      0x00020000         (0, 2, 1)      [11] []
    658     0x0000C280       0xFFFFFF80      0x00002001         (0, 0, 8)      [7] [E]
    659     0x0001D900       0xFFFFFF80      0x00000100         (0, 1, 11)      [2] []
    660     0x00020180       0xFFFFFF80      0x00100000         (0, 2, 0)      [14] []
    661     0x0001F280       0xFFFFFF80      0x00100000         (0, 1, 14)      [14] []
    662     0x00008180       0xFFFFFF80      0x00400001         (0, 0, 0)      [16] [E]
    663     0x00011480       0xFFFFFF80      0x00000008         (0, 1, 2)      [] [W]
    664     0x00014180       0xFFFFFF80      0x0000000A         (0, 1, 8)      [] [NE, W]
    665     0x00008000       0xFFFFFF80      0x00000001         (0, 0, 0)      [] [E]
    666     0x0001BF80       0xFFFFFF80      0x00000008         (0, 1, 7)      [] [W]
    667     0x00020500       0xFFFFFF80      0x00080000         (0, 2, 0)      [13] []
    668     0x0001AF00       0xFFFFFF80      0x00000208         (0, 1, 5)      [3] [W]
    669     0x0001D200       0xFFFFFF80      0x00000200         (0, 1, 10)      [3] []
    670     0x00010C00       0xFFFFFF80      0x00008001         (0, 1, 1)      [9] [E]
    671     0x00019F80       0xFFFFFF80      0x00080000         (0, 1, 3)      [13] []
    672     0x00014800       0xFFFFFF80      0x00080002         (0, 1, 9)      [13] [NE]
    673     0x0001C580       0xFFFFFF80      0x00020008         (0, 1, 8)      [11] [W]
    674     0x00017380       0xFFFFFF80      0x00800000         (0, 1, 14)      [17] []
    675     0x00018400       0xFFFFFF80      0x003FFFBF         (0, 1, 0)      [1, 2, 3, 4, 5, 6, 7, 8, 9, 10, 11, 12, 13, 14, 15] [E, NE, N, W, SW, S]
    676     0x0000DB00       0xFFFFFF80      0x00000008         (0, 0, 11)      [] [W]
    677     0x00012680       0xFFFFFF80      0x00000408         (0, 1, 4)      [4] [W]
    678     0x00010B00       0xFFFFFF80      0x00002001         (0, 1, 1)      [7] [E]
    679     0x00014400       0xFFFFFF80      0x0000080E         (0, 1, 8)      [5] [NE, N, W]
    680     0x0001BD00       0xFFFFFF80      0x00040000         (0, 1, 7)      [12] []
    681     0x00018500       0xFFFFFF80      0x003FFFBF         (0, 1, 0)      [1, 2, 3, 4, 5, 6, 7, 8, 9, 10, 11, 12, 13, 14, 15] [E, NE, N, W, SW, S]
    682     0x00004780       0xFFFFFF80      0x00400001         (0, 0, 8)      [16] [E]
    683     0x00019600       0xFFFFFF80      0x00C00000         (0, 1, 2)      [16, 17] []
    684     0x0004DA00       0xFFFFFF00      0x00000010         (0, 4, 11)      [] [SW]
    685     0x0000BF80       0xFFFFFF80      0x00000081         (0, 0, 7)      [1] [E]
    686     0x00007F80       0xFFFFFF80      0x00000001         (0, 0, 15)      [] [E]
    687     0x00020A80       0xFFFFFF80      0x00020000         (0, 2, 1)      [11] []
    688     0x0001CC00       0xFFFFFF80      0x00002000         (0, 1, 9)      [7] []
    689     0x00012600       0xFFFFFF80      0x00000208         (0, 1, 4)      [3] [W]
    690     0x00008280       0xFFFFFF80      0x00000001         (0, 0, 0)      [] [E]
    691     0x00017D00       0xFFFFFF80      0x00180000         (0, 1, 15)      [13, 14] []
    692     0x00014A00       0xFFFFFF80      0x00000001         (0, 1, 9)      [] [E]
    693     0x00023E80       0xFFFFFF80      0x00000030         (0, 2, 7)      [] [SW, S]
    694     0x0001CE00       0xFFFFFF80      0x00020000         (0, 1, 9)      [11] []
    695     0x00010D00       0xFFFFFF80      0x00020008         (0, 1, 1)      [11] [W]
    696     0x0000BB00       0xFFFFFF80      0x00000001         (0, 0, 7)      [] [E]
    697     0x00010000       0xFFFFFF80      0x00000001         (0, 1, 0)      [] [E]
    698     0x00019080       0xFFFFFF80      0x00C00C21         (0, 1, 2)      [16, 17, 4, 5] [E, S]
    699     0x0000C880       0xFFFFFF80      0x00000001         (0, 0, 9)      [] [E]
    700     0x0001B500       0xFFFFFF80      0x00200010         (0, 1, 6)      [15] [SW]
    701     0x0001B980       0xFFFFFF80      0x00000808         (0, 1, 7)      [5] [W]
    702     0x00009E80       0xFFFFFF80      0x00400000         (0, 0, 3)      [16] []
    703     0x00018E80       0xFFFFFF80      0x00C000A1         (0, 1, 1)      [16, 17, 1] [E, S]
    704     0x00012500       0xFFFFFF80      0x00000088         (0, 1, 4)      [1] [W]
    705     0x00021100       0xFFFFFF80      0x00200010         (0, 2, 2)      [15] [SW]
    706     0x00013300       0xFFFFFF80      0x00000008         (0, 1, 6)      [] [W]
    707     0x00012F80       0xFFFFFF80      0x00400000         (0, 1, 5)      [16] []
    708     0x00012100       0xFFFFFF80      0x00400000         (0, 1, 4)      [16] []
    709     0x0001E800       0xFFFFFF80      0x00000818         (0, 1, 13)      [5] [W, SW]
    710     0x0001CD80       0xFFFFFF80      0x00010000         (0, 1, 9)      [10] []
    711     0x00008080       0xFFFFFF80      0x00000001         (0, 0, 0)      [] [E]
    712     0x0001BE80       0xFFFFFF80      0x00200000         (0, 1, 7)      [15] []
    713     0x00020800       0xFFFFFF80      0x00040000         (0, 2, 1)      [12] []
    714     0x00016980       0xFFFFFF80      0x00000008         (0, 1, 13)      [] [W]
    715     0x00016700       0xFFFFFF80      0x00800000         (0, 1, 12)      [17] []
    716     0x00010180       0xFFFFFF80      0x00000001         (0, 1, 0)      [] [E]
    717     0x00019A00       0xFFFFFF80      0x00000108         (0, 1, 3)      [2] [W]
    718     0x0001F700       0xFFFFFF80      0x00040000         (0, 1, 14)      [12] []
    719     0x0001FE80       0xFFFFFF80      0x00004000         (0, 1, 15)      [8] []
    720     0x00014300       0xFFFFFF80      0x0000020E         (0, 1, 8)      [3] [NE, N, W]
    721     0x0000E880       0xFFFFFF80      0x00000008         (0, 0, 13)      [] [W]
    722     0x0001F480       0xFFFFFF80      0x00002008         (0, 1, 14)      [7] [W]
    723     0x00014A80       0xFFFFFF80      0x00000001         (0, 1, 9)      [] [E]
    724     0x00055600       0xFFFFFF00      0x00010000         (0, 5, 10)      [10] []
    725     0x00019100       0xFFFFFF80      0x00C01821         (0, 1, 2)      [16, 17, 5, 6] [E, S]
    726     0x00019400       0xFFFFFF80      0x00C60008         (0, 1, 2)      [16, 17, 11, 12] [W]
    727     0x00021380       0xFFFFFF80      0x00200010         (0, 2, 2)      [15] [SW]
    728     0x0001F000       0xFFFFFF80      0x00008008         (0, 1, 14)      [9] [W]
    729     0x00007F00       0xFFFFFF80      0x00000001         (0, 0, 15)      [] [E]
    730     0x00004700       0xFFFFFF80      0x00000001         (0, 0, 8)      [] [E]
    731     0x0001D680       0xFFFFFF80      0x00040000         (0, 1, 10)      [12] []
    732     0x0001A900       0xFFFFFF80      0x00020000         (0, 1, 5)      [11] []
    733     0x0001DA00       0xFFFFFF80      0x00000400         (0, 1, 11)      [4] []
    734     0x00007E00       0xFFFFFF80      0x00000001         (0, 0, 15)      [] [E]
    735     0x00024580       0xFFFFFF80      0x00100000         (0, 2, 8)      [14] []
    736     0x0001A480       0xFFFFFF80      0x00000108         (0, 1, 4)      [2] [W]
    737     0x00018880       0xFFFFFF80      0x003FFF97         (0, 1, 1)      [1, 2, 3, 4, 5, 6, 7, 8, 9, 10, 11, 12, 13, 14, 15] [E, NE, N, SW]
    738     0x00018C00       0xFFFFFF80      0x00C00021         (0, 1, 1)      [16, 17] [E, S]
    739     0x0004D800       0xFFFFFF00      0x00000010         (0, 4, 11)      [] [SW]
    740     0x00009480       0xFFFFFF80      0x00000100         (0, 0, 2)      [2] []
    741     0x0001DF80       0xFFFFFF80      0x00200010         (0, 1, 11)      [15] [SW]
    742     0x0001C000       0xFFFFFF80      0x00000008         (0, 1, 8)      [] [W]
    743     0x0000FD00       0xFFFFFF80      0x00004002         (0, 0, 15)      [8] [NE]
    744     0x0000E700       0xFFFFFF80      0x00400000         (0, 0, 12)      [16] []
