router contains 180 entries 
 
  Index   Key(hex)    Mask(hex)    Route(hex)    Src. Core -> [Cores][Links]
------------------------------------------------------------------------------
    0     0x00023800       0xFFFFFF80      0x0000000C         (0, 2, 7)      [] [N, W]
    1     0x00020980       0xFFFFFF80      0x00000680         (0, 2, 1)      [1, 3, 4] []
    2     0x00020C80       0xFFFFFF80      0x00000680         (0, 2, 1)      [1, 3, 4] []
    3     0x00021280       0xFFFFFF80      0x000006A7         (0, 2, 2)      [1, 3, 4] [E, NE, N, S]
    4     0x00020580       0xFFFFFF80      0x00000100         (0, 2, 0)      [2] []
    5     0x00018900       0xFFFFFF80      0x00000002         (0, 1, 1)      [] [NE]
    6     0x00018980       0xFFFFFF80      0x00000102         (0, 1, 1)      [2] [NE]
    7     0x00015700       0xFFFFFF80      0x00000680         (0, 1, 10)      [1, 3, 4] []
    8     0x00023C00       0xFFFFFF80      0x0000000C         (0, 2, 7)      [] [N, W]
    9     0x00021C00       0xFFFFFF80      0x0000000C         (0, 2, 3)      [] [N, W]
    10     0x00014700       0xFFFFFF80      0x00000002         (0, 1, 8)      [] [NE]
    11     0x00022180       0xFFFFFF80      0x00000004         (0, 2, 4)      [] [N]
    12     0x00017D80       0xFFFFFF80      0x00000100         (0, 1, 15)      [2] []
    13     0x0001D900       0xFFFFFF80      0x00000008         (0, 1, 11)      [] [W]
    14     0x00022C00       0xFFFFFF80      0x00000082         (0, 2, 5)      [1] [NE]
    15     0x00021180       0xFFFFFF80      0x00000180         (0, 2, 2)      [1, 2] []
    16     0x00016400       0xFFFFFF80      0x00000100         (0, 1, 12)      [2] []
    17     0x00024600       0xFFFFFF80      0x00000681         (0, 2, 8)      [1, 3, 4] [E]
    18     0x0001FD00       0xFFFFFF80      0x00000100         (0, 1, 15)      [2] []
    19     0x00021580       0xFFFFFF80      0x0000001B         (0, 2, 2)      [] [E, NE, W, SW]
    20     0x0001E700       0xFFFFFF80      0x00000008         (0, 1, 12)      [] [W]
    21     0x0001D000       0xFFFFFF80      0x00000680         (0, 1, 10)      [1, 3, 4] []
    22     0x00021E80       0xFFFFFF80      0x0000000C         (0, 2, 3)      [] [N, W]
    23     0x0001C780       0xFFFFFF80      0x00000680         (0, 1, 8)      [1, 3, 4] []
    24     0x00023900       0xFFFFFF80      0x0000000C         (0, 2, 7)      [] [N, W]
    25     0x00020F00       0xFFFFFF80      0x00000680         (0, 2, 1)      [1, 3, 4] []
    26     0x00023680       0xFFFFFF80      0x0000000C         (0, 2, 6)      [] [N, W]
    27     0x00022280       0xFFFFFF80      0x00000004         (0, 2, 4)      [] [N]
    28     0x00021F00       0xFFFFFF80      0x0000000C         (0, 2, 3)      [] [N, W]
    29     0x0001DF80       0xFFFFFF80      0x00000680         (0, 1, 11)      [1, 3, 4] []
    30     0x00020600       0xFFFFFF80      0x00000680         (0, 2, 0)      [1, 3, 4] []
    31     0x00023300       0xFFFFFF80      0x0000000E         (0, 2, 6)      [] [NE, N, W]
    32     0x0001BE00       0xFFFFFF80      0x00000100         (0, 1, 7)      [2] []
    33     0x0001C700       0xFFFFFF80      0x00000100         (0, 1, 8)      [2] []
    34     0x00018780       0xFFFFFF80      0x00000002         (0, 1, 0)      [] [NE]
    35     0x00023880       0xFFFFFF80      0x0000000C         (0, 2, 7)      [] [N, W]
    36     0x00019580       0xFFFFFF80      0x00000680         (0, 1, 2)      [1, 3, 4] []
    37     0x0001ED00       0xFFFFFF80      0x00000680         (0, 1, 13)      [1, 3, 4] []
    38     0x00022C80       0xFFFFFF80      0x00000300         (0, 2, 5)      [2, 3] []
    39     0x00024380       0xFFFFFF80      0x00000001         (0, 2, 8)      [] [E]
    40     0x0001EC80       0xFFFFFF80      0x00000100         (0, 1, 13)      [2] []
    41     0x00018A00       0xFFFFFF80      0x00000682         (0, 1, 1)      [1, 3, 4] [NE]
    42     0x00022D00       0xFFFFFF80      0x00000400         (0, 2, 5)      [4] []
    43     0x00022200       0xFFFFFF80      0x00000004         (0, 2, 4)      [] [N]
    44     0x00008600       0xFFFFFF80      0x00000001         (0, 0, 0)      [] [E]
    45     0x0001D780       0xFFFFFF80      0x00000100         (0, 1, 10)      [2] []
    46     0x0001F880       0xFFFFFF80      0x00000680         (0, 1, 15)      [1, 3, 4] []
    47     0x00022880       0xFFFFFF80      0x00000006         (0, 2, 5)      [] [NE, N]
    48     0x0001CF80       0xFFFFFF80      0x00000100         (0, 1, 9)      [2] []
    49     0x00023980       0xFFFFFF80      0x0000000C         (0, 2, 7)      [] [N, W]
    50     0x0001BE80       0xFFFFFF80      0x00000680         (0, 1, 7)      [1, 3, 4] []
    51     0x00023B00       0xFFFFFF80      0x0000000C         (0, 2, 7)      [] [N, W]
    52     0x00021E00       0xFFFFFF80      0x00000004         (0, 2, 3)      [] [N]
    53     0x00013980       0xFFFFFF80      0x00000002         (0, 1, 7)      [] [NE]
    54     0x00023580       0xFFFFFF80      0x0000000C         (0, 2, 6)      [] [N, W]
    55     0x0001C980       0xFFFFFF80      0x00000008         (0, 1, 9)      [] [W]
    56     0x00021480       0xFFFFFF80      0x00000001         (0, 2, 2)      [] [E]
    57     0x00017100       0xFFFFFF80      0x00000100         (0, 1, 14)      [2] []
    58     0x00066D00       0xFFFFFF00      0x00000100         (0, 6, 13)      [2] []
    59     0x0001AB00       0xFFFFFF80      0x00000680         (0, 1, 5)      [1, 3, 4] []
    60     0x00021A00       0xFFFFFF80      0x00000016         (0, 2, 3)      [] [NE, N, SW]
    61     0x00013A00       0xFFFFFF80      0x00000102         (0, 1, 7)      [2] [NE]
    62     0x0005AE00       0xFFFFFF00      0x00000001         (0, 5, 5)      [] [E]
    63     0x00014900       0xFFFFFF80      0x00000680         (0, 1, 9)      [1, 3, 4] []
    64     0x00018800       0xFFFFFF80      0x00000002         (0, 1, 1)      [] [NE]
    65     0x00012B80       0xFFFFFF80      0x00000100         (0, 1, 5)      [2] []
    66     0x0001E000       0xFFFFFF80      0x00000008         (0, 1, 12)      [] [W]
    67     0x00021500       0xFFFFFF80      0x00000003         (0, 2, 2)      [] [E, NE]
    68     0x00024480       0xFFFFFF80      0x00000001         (0, 2, 8)      [] [E]
    69     0x00024180       0xFFFFFF80      0x00000001         (0, 2, 8)      [] [E]
    70     0x0005B200       0xFFFFFF00      0x00000001         (0, 5, 6)      [] [E]
    71     0x00021800       0xFFFFFF80      0x00000003         (0, 2, 3)      [] [E, NE]
    72     0x0001D200       0xFFFFFF80      0x00000008         (0, 1, 10)      [] [W]
    73     0x00020C00       0xFFFFFF80      0x00000100         (0, 2, 1)      [2] []
    74     0x00021200       0xFFFFFF80      0x00000380         (0, 2, 2)      [1, 2, 3] []
    75     0x00021A80       0xFFFFFF80      0x00000006         (0, 2, 3)      [] [NE, N]
    76     0x00022B80       0xFFFFFF80      0x00000002         (0, 2, 5)      [] [NE]
    77     0x0001E080       0xFFFFFF80      0x00000008         (0, 1, 12)      [] [W]
    78     0x00024580       0xFFFFFF80      0x00000101         (0, 2, 8)      [2] [E]
    79     0x00024300       0xFFFFFF80      0x00000001         (0, 2, 8)      [] [E]
    80     0x00023480       0xFFFFFF80      0x0000000C         (0, 2, 6)      [] [N, W]
    81     0x0001F300       0xFFFFFF80      0x00000680         (0, 1, 14)      [1, 3, 4] []
    82     0x00022100       0xFFFFFF80      0x00000004         (0, 2, 4)      [] [N]
    83     0x00023200       0xFFFFFF80      0x0000000A         (0, 2, 6)      [] [NE, W]
    84     0x0001DF00       0xFFFFFF80      0x00000100         (0, 1, 11)      [2] []
    85     0x00021300       0xFFFFFF80      0x00000727         (0, 2, 2)      [2, 3, 4] [E, NE, N, S]
    86     0x0001A080       0xFFFFFF80      0x00000680         (0, 1, 4)      [1, 3, 4] []
    87     0x00023280       0xFFFFFF80      0x0000000E         (0, 2, 6)      [] [NE, N, W]
    88     0x00020200       0xFFFFFF80      0x00000680         (0, 2, 0)      [1, 3, 4] []
    89     0x00019380       0xFFFFFF80      0x00000002         (0, 1, 2)      [] [NE]
    90     0x00022800       0xFFFFFF80      0x00000004         (0, 2, 5)      [] [N]
    91     0x00017E00       0xFFFFFF80      0x00000680         (0, 1, 15)      [1, 3, 4] []
    92     0x0001D180       0xFFFFFF80      0x00000008         (0, 1, 10)      [] [W]
    93     0x00066E00       0xFFFFFF00      0x00000200         (0, 6, 13)      [3] []
    94     0x00016480       0xFFFFFF80      0x00000680         (0, 1, 12)      [1, 3, 4] []
    95     0x0001D980       0xFFFFFF80      0x00000008         (0, 1, 11)      [] [W]
    96     0x00022900       0xFFFFFF80      0x00000006         (0, 2, 5)      [] [NE, N]
    97     0x00021B00       0xFFFFFF80      0x00000004         (0, 2, 3)      [] [N]
    98     0x0005AF00       0xFFFFFF00      0x00000001         (0, 5, 5)      [] [E]
    99     0x0005AD00       0xFFFFFF00      0x00000001         (0, 5, 5)      [] [E]
    100     0x00023E80       0xFFFFFF80      0x00000001         (0, 2, 7)      [] [E]
    101     0x00013800       0xFFFFFF80      0x00000002         (0, 1, 7)      [] [NE]
    102     0x00023600       0xFFFFFF80      0x0000000C         (0, 2, 6)      [] [N, W]
    103     0x00023400       0xFFFFFF80      0x0000000E         (0, 2, 6)      [] [NE, N, W]
    104     0x00024000       0xFFFFFF80      0x00000001         (0, 2, 8)      [] [E]
    105     0x00021680       0xFFFFFF80      0x00000003         (0, 2, 2)      [] [E, NE]
    106     0x0001E600       0xFFFFFF80      0x00000100         (0, 1, 12)      [2] []
    107     0x0005B000       0xFFFFFF00      0x00000001         (0, 5, 6)      [] [E]
    108     0x00023700       0xFFFFFF80      0x0000000C         (0, 2, 6)      [] [N, W]
    109     0x00022080       0xFFFFFF80      0x00000004         (0, 2, 4)      [] [N]
    110     0x00021B80       0xFFFFFF80      0x00000004         (0, 2, 3)      [] [N]
    111     0x00022A80       0xFFFFFF80      0x00000002         (0, 2, 5)      [] [NE]
    112     0x00020E80       0xFFFFFF80      0x00000100         (0, 2, 1)      [2] []
    113     0x00024500       0xFFFFFF80      0x00000001         (0, 2, 8)      [] [E]
    114     0x00010D00       0xFFFFFF80      0x00000002         (0, 1, 1)      [] [NE]
    115     0x00022380       0xFFFFFF80      0x00000004         (0, 2, 4)      [] [N]
    116     0x0005B100       0xFFFFFF00      0x00000001         (0, 5, 6)      [] [E]
    117     0x00023A80       0xFFFFFF80      0x0000000C         (0, 2, 7)      [] [N, W]
    118     0x00021700       0xFFFFFF80      0x0000001F         (0, 2, 2)      [] [E, NE, N, W, SW]
    119     0x00023380       0xFFFFFF80      0x0000000A         (0, 2, 6)      [] [NE, W]
    120     0x0001F800       0xFFFFFF80      0x00000100         (0, 1, 15)      [2] []
    121     0x00023780       0xFFFFFF80      0x0000000C         (0, 2, 6)      [] [N, W]
    122     0x00022980       0xFFFFFF80      0x00000002         (0, 2, 5)      [] [NE]
    123     0x0001AA80       0xFFFFFF80      0x00000100         (0, 1, 5)      [2] []
    124     0x0001FD80       0xFFFFFF80      0x00000680         (0, 1, 15)      [1, 3, 4] []
    125     0x00021380       0xFFFFFF80      0x000007A7         (0, 2, 2)      [1, 2, 3, 4] [E, NE, N, S]
    126     0x00021980       0xFFFFFF80      0x00000014         (0, 2, 3)      [] [N, SW]
    127     0x00014680       0xFFFFFF80      0x00000002         (0, 1, 8)      [] [NE]
    128     0x0001CA00       0xFFFFFF80      0x00000008         (0, 1, 9)      [] [W]
    129     0x00022300       0xFFFFFF80      0x00000004         (0, 2, 4)      [] [N]
    130     0x00023500       0xFFFFFF80      0x0000000C         (0, 2, 6)      [] [N, W]
    131     0x00023A00       0xFFFFFF80      0x0000000C         (0, 2, 7)      [] [N, W]
    132     0x0001D800       0xFFFFFF80      0x00000680         (0, 1, 11)      [1, 3, 4] []
    133     0x0001B480       0xFFFFFF80      0x00000100         (0, 1, 6)      [2] []
    134     0x00010C80       0xFFFFFF80      0x00000002         (0, 1, 1)      [] [NE]
    135     0x00023E00       0xFFFFFF80      0x00000001         (0, 2, 7)      [] [E]
    136     0x00021080       0xFFFFFF80      0x00000180         (0, 2, 2)      [1, 2] []
    137     0x00023F00       0xFFFFFF80      0x00000001         (0, 2, 7)      [] [E]
    138     0x00023F80       0xFFFFFF80      0x00000001         (0, 2, 7)      [] [E]
    139     0x00022B00       0xFFFFFF80      0x00000002         (0, 2, 5)      [] [NE]
    140     0x00021600       0xFFFFFF80      0x00000013         (0, 2, 2)      [] [E, NE, SW]
    141     0x00021D80       0xFFFFFF80      0x00000004         (0, 2, 3)      [] [N]
    142     0x00021400       0xFFFFFF80      0x000007A7         (0, 2, 2)      [1, 2, 3, 4] [E, NE, N, S]
    143     0x00024280       0xFFFFFF80      0x00000001         (0, 2, 8)      [] [E]
    144     0x00015680       0xFFFFFF80      0x00000100         (0, 1, 10)      [2] []
    145     0x00023B80       0xFFFFFF80      0x0000000C         (0, 2, 7)      [] [N, W]
    146     0x0001F280       0xFFFFFF80      0x00000100         (0, 1, 14)      [2] []
    147     0x00024400       0xFFFFFF80      0x00000001         (0, 2, 8)      [] [E]
    148     0x00019300       0xFFFFFF80      0x00000002         (0, 1, 2)      [] [NE]
    149     0x00013900       0xFFFFFF80      0x00000002         (0, 1, 7)      [] [NE]
    150     0x00024080       0xFFFFFF80      0x00000001         (0, 2, 8)      [] [E]
    151     0x00020180       0xFFFFFF80      0x00000100         (0, 2, 0)      [2] []
    152     0x00021900       0xFFFFFF80      0x0000001C         (0, 2, 3)      [] [N, W, SW]
    153     0x00020900       0xFFFFFF80      0x00000100         (0, 2, 1)      [2] []
    154     0x00013A80       0xFFFFFF80      0x00000682         (0, 1, 7)      [1, 3, 4] [NE]
    155     0x00023D80       0xFFFFFF80      0x00000001         (0, 2, 7)      [] [E]
    156     0x00014880       0xFFFFFF80      0x00000100         (0, 1, 9)      [2] []
    157     0x00021880       0xFFFFFF80      0x0000000B         (0, 2, 3)      [] [E, NE, W]
    158     0x0001A000       0xFFFFFF80      0x00000100         (0, 1, 4)      [2] []
    159     0x00019500       0xFFFFFF80      0x00000100         (0, 1, 2)      [2] []
    160     0x00066F00       0xFFFFFF00      0x00000400         (0, 6, 13)      [4] []
    161     0x00024100       0xFFFFFF80      0x00000001         (0, 2, 8)      [] [E]
    162     0x00021780       0xFFFFFF80      0x00000016         (0, 2, 2)      [] [NE, N, SW]
    163     0x00018880       0xFFFFFF80      0x00000002         (0, 1, 1)      [] [NE]
    164     0x0001AF00       0xFFFFFF80      0x00000008         (0, 1, 5)      [] [W]
    165     0x00066C00       0xFFFFFF00      0x00000080         (0, 6, 13)      [1] []
    166     0x0001E680       0xFFFFFF80      0x00000680         (0, 1, 12)      [1, 3, 4] []
    167     0x00024200       0xFFFFFF80      0x00000001         (0, 2, 8)      [] [E]
    168     0x00008680       0xFFFFFF80      0x00000001         (0, 0, 0)      [] [E]
    169     0x00022A00       0xFFFFFF80      0x00000002         (0, 2, 5)      [] [NE]
    170     0x00021100       0xFFFFFF80      0x00000680         (0, 2, 2)      [1, 3, 4] []
    171     0x0001AE80       0xFFFFFF80      0x00000008         (0, 1, 5)      [] [W]
    172     0x00023100       0xFFFFFF80      0x00000002         (0, 2, 6)      [] [NE]
    173     0x00023D00       0xFFFFFF80      0x00000001         (0, 2, 7)      [] [E]
    174     0x0001B500       0xFFFFFF80      0x00000680         (0, 1, 6)      [1, 3, 4] []
    175     0x00013880       0xFFFFFF80      0x00000002         (0, 1, 7)      [] [NE]
    176     0x00023C80       0xFFFFFF80      0x0000000C         (0, 2, 7)      [] [N, W]
    177     0x00017180       0xFFFFFF80      0x00000680         (0, 1, 14)      [1, 3, 4] []
    178     0x00010D80       0xFFFFFF80      0x00000002         (0, 1, 1)      [] [NE]
    179     0x00023180       0xFFFFFF80      0x00000002         (0, 2, 6)      [] [NE]
