router contains 645 entries 
 
  Index   Key(hex)    Mask(hex)    Route(hex)    Src. Core -> [Cores][Links]
------------------------------------------------------------------------------
    0     0x00017680       0xFFFFFF80      0x00000010         (0, 1, 14)      [] [SW]
    1     0x00002A00       0xFFFFFF80      0x00040000         (0, 0, 5)      [12] []
    2     0x0000C300       0xFFFFFF80      0x00000020         (0, 0, 8)      [] [S]
    3     0x00006180       0xFFFFFF80      0x00002000         (0, 0, 12)      [7] []
    4     0x00021780       0xFFFFFF80      0x00000008         (0, 2, 2)      [] [W]
    5     0x00007380       0xFFFFFF80      0x00100020         (0, 0, 14)      [14] [S]
    6     0x00003280       0xFFFFFF80      0x00000020         (0, 0, 6)      [] [S]
    7     0x0000E800       0xFFFFFF80      0x00300030         (0, 0, 13)      [14, 15] [SW, S]
    8     0x00015000       0xFFFFFF80      0x00000020         (0, 1, 10)      [] [S]
    9     0x00011400       0xFFFFFF80      0x00400010         (0, 1, 2)      [16] [SW]
    10     0x0000F400       0xFFFFFF80      0x00010000         (0, 0, 14)      [10] []
    11     0x0000A880       0xFFFFFF80      0x00000400         (0, 0, 5)      [4] []
    12     0x00004200       0xFFFFFF80      0x00000100         (0, 0, 8)      [2] []
    13     0x0000FF80       0xFFFFFF80      0x00000400         (0, 0, 15)      [4] []
    14     0x00012280       0xFFFFFF80      0x00400018         (0, 1, 4)      [16] [W, SW]
    15     0x0000C700       0xFFFFFF80      0x00006020         (0, 0, 8)      [8, 7] [S]
    16     0x00009300       0xFFFFFF80      0x00000003         (0, 0, 2)      [] [E, NE]
    17     0x00001C00       0xFFFFFF80      0x00080000         (0, 0, 3)      [13] []
    18     0x00015C00       0xFFFFFF80      0x00000010         (0, 1, 11)      [] [SW]
    19     0x00001C80       0xFFFFFF80      0x00100000         (0, 0, 3)      [14] []
    20     0x00023C80       0xFFFFFF80      0x00400010         (0, 2, 7)      [16] [SW]
    21     0x0000D880       0xFFFFFF80      0x007FFFBE         (0, 0, 11)      [1, 2, 3, 4, 5, 6, 7, 8, 9, 10, 11, 12, 13, 14, 15, 16] [NE, N, W, SW, S]
    22     0x00014C00       0xFFFFFF80      0x00080020         (0, 1, 9)      [13] [S]
    23     0x00003800       0xFFFFFF80      0x00020000         (0, 0, 7)      [11] []
    24     0x00004280       0xFFFFFF80      0x00000200         (0, 0, 8)      [3] []
    25     0x0000C600       0xFFFFFF80      0x00001820         (0, 0, 8)      [5, 6] [S]
    26     0x00015A00       0xFFFFFF80      0x00100010         (0, 1, 11)      [14] [SW]
    27     0x00010180       0xFFFFFF80      0x00004000         (0, 1, 0)      [8] []
    28     0x00003300       0xFFFFFF80      0x00000080         (0, 0, 6)      [1] []
    29     0x0000EE00       0xFFFFFF80      0x00000020         (0, 0, 13)      [] [S]
    30     0x00007780       0xFFFFFF80      0x00000020         (0, 0, 14)      [] [S]
    31     0x00015D00       0xFFFFFF80      0x00000010         (0, 1, 11)      [] [SW]
    32     0x00008E00       0xFFFFFF80      0x00008002         (0, 0, 1)      [9] [NE]
    33     0x0000CA80       0xFFFFFF80      0x0030000E         (0, 0, 9)      [14, 15] [NE, N, W]
    34     0x00004880       0xFFFFFF80      0x00200020         (0, 0, 9)      [15] [S]
    35     0x00005980       0xFFFFFF80      0x00000001         (0, 0, 11)      [] [E]
    36     0x0000F000       0xFFFFFF80      0x00000130         (0, 0, 14)      [2] [SW, S]
    37     0x00003380       0xFFFFFF80      0x00000100         (0, 0, 6)      [2] []
    38     0x0000D380       0xFFFFFF80      0x007FFFBC         (0, 0, 10)      [1, 2, 3, 4, 5, 6, 7, 8, 9, 10, 11, 12, 13, 14, 15, 16] [N, W, SW, S]
    39     0x00014980       0xFFFFFF80      0x00004000         (0, 1, 9)      [8] []
    40     0x00006200       0xFFFFFF80      0x00004000         (0, 0, 12)      [8] []
    41     0x00005380       0xFFFFFF80      0x00004002         (0, 0, 10)      [8] [NE]
    42     0x0000EA00       0xFFFFFF80      0x00000030         (0, 0, 13)      [] [SW, S]
    43     0x00012C80       0xFFFFFF80      0x00002010         (0, 1, 5)      [7] [SW]
    44     0x00007C80       0xFFFFFF80      0x00000200         (0, 0, 15)      [3] []
    45     0x00012580       0xFFFFFF80      0x00000010         (0, 1, 4)      [] [SW]
    46     0x00007B80       0xFFFFFF80      0x00000080         (0, 0, 15)      [1] []
    47     0x00015100       0xFFFFFF80      0x00000020         (0, 1, 10)      [] [S]
    48     0x00008B80       0xFFFFFF80      0x00000400         (0, 0, 1)      [4] []
    49     0x0000ED80       0xFFFFFF80      0x00000020         (0, 0, 13)      [] [S]
    50     0x00013F00       0xFFFFFF80      0x00200010         (0, 1, 7)      [15] [SW]
    51     0x0000C980       0xFFFFFF80      0x000C0020         (0, 0, 9)      [12, 13] [S]
    52     0x0000BE80       0xFFFFFF80      0x00000020         (0, 0, 7)      [] [S]
    53     0x00011000       0xFFFFFF80      0x00004010         (0, 1, 2)      [8] [SW]
    54     0x00014000       0xFFFFFF80      0x00000030         (0, 1, 8)      [] [SW, S]
    55     0x0000A300       0xFFFFFF80      0x00000020         (0, 0, 4)      [] [S]
    56     0x0000D800       0xFFFFFF80      0x007FFFBE         (0, 0, 11)      [1, 2, 3, 4, 5, 6, 7, 8, 9, 10, 11, 12, 13, 14, 15, 16] [NE, N, W, SW, S]
    57     0x00012000       0xFFFFFF80      0x00020018         (0, 1, 4)      [11] [W, SW]
    58     0x00003600       0xFFFFFF80      0x00002000         (0, 0, 6)      [7] []
    59     0x00016680       0xFFFFFF80      0x00080010         (0, 1, 12)      [13] [SW]
    60     0x00017780       0xFFFFFF80      0x00000010         (0, 1, 14)      [] [SW]
    61     0x0000A180       0xFFFFFF80      0x00000020         (0, 0, 4)      [] [S]
    62     0x00019680       0xFFFFFF80      0x00200000         (0, 1, 2)      [15] []
    63     0x00010700       0xFFFFFF80      0x00000020         (0, 1, 0)      [] [S]
    64     0x0000F780       0xFFFFFF80      0x00000020         (0, 0, 14)      [] [S]
    65     0x00014180       0xFFFFFF80      0x00000030         (0, 1, 8)      [] [SW, S]
    66     0x00018480       0xFFFFFF80      0x00000030         (0, 1, 0)      [] [SW, S]
    67     0x00005E80       0xFFFFFF80      0x00000080         (0, 0, 11)      [1] []
    68     0x00000800       0xFFFFFF80      0x00000100         (0, 0, 1)      [2] []
    69     0x00023980       0xFFFFFF80      0x00010010         (0, 2, 7)      [10] [SW]
    70     0x00018000       0xFFFFFF80      0x00200010         (0, 1, 0)      [15] [SW]
    71     0x00007000       0xFFFFFF80      0x00002000         (0, 0, 14)      [7] []
    72     0x00016600       0xFFFFFF80      0x00040010         (0, 1, 12)      [12] [SW]
    73     0x00002B80       0xFFFFFF80      0x00200000         (0, 0, 5)      [15] []
    74     0x00023800       0xFFFFFF80      0x00002000         (0, 2, 7)      [7] []
    75     0x00014380       0xFFFFFF80      0x00000030         (0, 1, 8)      [] [SW, S]
    76     0x0000AB00       0xFFFFFF80      0x00008000         (0, 0, 5)      [9] []
    77     0x00023F00       0xFFFFFF80      0x00000006         (0, 2, 7)      [] [NE, N]
    78     0x00003980       0xFFFFFF80      0x00100020         (0, 0, 7)      [14] [S]
    79     0x0000D580       0xFFFFFF80      0x007FFFBE         (0, 0, 10)      [1, 2, 3, 4, 5, 6, 7, 8, 9, 10, 11, 12, 13, 14, 15, 16] [NE, N, W, SW, S]
    80     0x00009B00       0xFFFFFF80      0x00001000         (0, 0, 3)      [6] []
    81     0x00006580       0xFFFFFF80      0x00200020         (0, 0, 12)      [15] [S]
    82     0x00004900       0xFFFFFF80      0x00400020         (0, 0, 9)      [16] [S]
    83     0x00005000       0xFFFFFF80      0x00000080         (0, 0, 10)      [1] []
    84     0x00008680       0xFFFFFF80      0x00000002         (0, 0, 0)      [] [NE]
    85     0x00010000       0xFFFFFF80      0x00000800         (0, 1, 0)      [5] []
    86     0x00005280       0xFFFFFF80      0x00001002         (0, 0, 10)      [6] [NE]
    87     0x0000E700       0xFFFFFF80      0x000C0030         (0, 0, 12)      [12, 13] [SW, S]
    88     0x00018600       0xFFFFFF80      0x00000020         (0, 1, 0)      [] [S]
    89     0x00010880       0xFFFFFF80      0x00000020         (0, 1, 1)      [] [S]
    90     0x00001600       0xFFFFFF80      0x00000080         (0, 0, 2)      [1] []
    91     0x00017900       0xFFFFFF80      0x00000010         (0, 1, 15)      [] [SW]
    92     0x0000CB00       0xFFFFFF80      0x0060000E         (0, 0, 9)      [16, 15] [NE, N, W]
    93     0x0000BA00       0xFFFFFF80      0x00010000         (0, 0, 7)      [10] []
    94     0x00024000       0xFFFFFF80      0x00000006         (0, 2, 8)      [] [NE, N]
    95     0x00006400       0xFFFFFF80      0x00040000         (0, 0, 12)      [12] []
    96     0x00024180       0xFFFFFF80      0x00000006         (0, 2, 8)      [] [NE, N]
    97     0x0000F600       0xFFFFFF80      0x00100020         (0, 0, 14)      [14] [S]
    98     0x0000CC80       0xFFFFFF80      0x0000000E         (0, 0, 9)      [] [NE, N, W]
    99     0x00009000       0xFFFFFF80      0x00080002         (0, 0, 2)      [13] [NE]
    100     0x00004600       0xFFFFFF80      0x00010000         (0, 0, 8)      [10] []
    101     0x0000B900       0xFFFFFF80      0x00004000         (0, 0, 7)      [8] []
    102     0x0000CD80       0xFFFFFF80      0x00000006         (0, 0, 9)      [] [NE, N]
    103     0x0000B000       0xFFFFFF80      0x00000020         (0, 0, 6)      [] [S]
    104     0x00023680       0xFFFFFF80      0x00000400         (0, 2, 6)      [4] []
    105     0x0000A080       0xFFFFFF80      0x00000020         (0, 0, 4)      [] [S]
    106     0x0000A900       0xFFFFFF80      0x00000800         (0, 0, 5)      [5] []
    107     0x0000DF00       0xFFFFFF80      0x007FFFA0         (0, 0, 11)      [1, 2, 3, 4, 5, 6, 7, 8, 9, 10, 11, 12, 13, 14, 15, 16] [S]
    108     0x0000D300       0xFFFFFF80      0x007FFFBC         (0, 0, 10)      [1, 2, 3, 4, 5, 6, 7, 8, 9, 10, 11, 12, 13, 14, 15, 16] [N, W, SW, S]
    109     0x00012C00       0xFFFFFF80      0x00001010         (0, 1, 5)      [6] [SW]
    110     0x00017400       0xFFFFFF80      0x00200018         (0, 1, 14)      [15] [W, SW]
    111     0x00013D00       0xFFFFFF80      0x00020010         (0, 1, 7)      [11] [SW]
    112     0x00013C80       0xFFFFFF80      0x00010010         (0, 1, 7)      [10] [SW]
    113     0x00000D80       0xFFFFFF80      0x00080000         (0, 0, 1)      [13] []
    114     0x00014280       0xFFFFFF80      0x00000030         (0, 1, 8)      [] [SW, S]
    115     0x00005600       0xFFFFFF80      0x00080000         (0, 0, 10)      [13] []
    116     0x00006E00       0xFFFFFF80      0x00000200         (0, 0, 13)      [3] []
    117     0x00006D80       0xFFFFFF80      0x00000100         (0, 0, 13)      [2] []
    118     0x00012380       0xFFFFFF80      0x00000018         (0, 1, 4)      [] [W, SW]
    119     0x00013100       0xFFFFFF80      0x00400010         (0, 1, 6)      [16] [SW]
    120     0x0000E580       0xFFFFFF80      0x00018010         (0, 0, 12)      [9, 10] [SW]
    121     0x00004300       0xFFFFFF80      0x00000400         (0, 0, 8)      [4] []
    122     0x00007200       0xFFFFFF80      0x00020000         (0, 0, 14)      [11] []
    123     0x00003A00       0xFFFFFF80      0x00200020         (0, 0, 7)      [15] [S]
    124     0x00010F00       0xFFFFFF80      0x00001010         (0, 1, 1)      [6] [SW]
    125     0x00007B00       0xFFFFFF80      0x00000020         (0, 0, 15)      [] [S]
    126     0x00015300       0xFFFFFF80      0x00000020         (0, 1, 10)      [] [S]
    127     0x0000B280       0xFFFFFF80      0x00000020         (0, 0, 6)      [] [S]
    128     0x00007C00       0xFFFFFF80      0x00000100         (0, 0, 15)      [2] []
    129     0x00002A80       0xFFFFFF80      0x00080000         (0, 0, 5)      [13] []
    130     0x0000F480       0xFFFFFF80      0x00020000         (0, 0, 14)      [11] []
    131     0x0000D900       0xFFFFFF80      0x007FFFBE         (0, 0, 11)      [1, 2, 3, 4, 5, 6, 7, 8, 9, 10, 11, 12, 13, 14, 15, 16] [NE, N, W, SW, S]
    132     0x00001B80       0xFFFFFF80      0x00040000         (0, 0, 3)      [12] []
    133     0x0003FA00       0xFFFFFF00      0x00200000         (0, 3, 15)      [15] []
    134     0x00010800       0xFFFFFF80      0x00000020         (0, 1, 1)      [] [S]
    135     0x00000B00       0xFFFFFF80      0x00004000         (0, 0, 1)      [8] []
    136     0x00001880       0xFFFFFF80      0x00001000         (0, 0, 3)      [6] []
    137     0x00001900       0xFFFFFF80      0x00002000         (0, 0, 3)      [7] []
    138     0x00014D80       0xFFFFFF80      0x00400020         (0, 1, 9)      [16] [S]
    139     0x0000E780       0xFFFFFF80      0x00180030         (0, 0, 12)      [13, 14] [SW, S]
    140     0x00000C00       0xFFFFFF80      0x00010000         (0, 0, 1)      [10] []
    141     0x00009800       0xFFFFFF80      0x00000020         (0, 0, 3)      [] [S]
    142     0x00010200       0xFFFFFF80      0x00008000         (0, 1, 0)      [9] []
    143     0x00000980       0xFFFFFF80      0x00000801         (0, 0, 1)      [5] [E]
    144     0x00005080       0xFFFFFF80      0x00000100         (0, 0, 10)      [2] []
    145     0x00009580       0xFFFFFF80      0x00000003         (0, 0, 2)      [] [E, NE]
    146     0x0000AD00       0xFFFFFF80      0x00080020         (0, 0, 5)      [13] [S]
    147     0x00004680       0xFFFFFF80      0x00020000         (0, 0, 8)      [11] []
    148     0x00012080       0xFFFFFF80      0x00040018         (0, 1, 4)      [12] [W, SW]
    149     0x0000F100       0xFFFFFF80      0x00000430         (0, 0, 14)      [4] [SW, S]
    150     0x00009400       0xFFFFFF80      0x00000003         (0, 0, 2)      [] [E, NE]
    151     0x00014200       0xFFFFFF80      0x00000030         (0, 1, 8)      [] [SW, S]
    152     0x00005880       0xFFFFFF80      0x00000001         (0, 0, 11)      [] [E]
    153     0x00005F00       0xFFFFFF80      0x00000100         (0, 0, 11)      [2] []
    154     0x0000D780       0xFFFFFF80      0x007FFFBE         (0, 0, 10)      [1, 2, 3, 4, 5, 6, 7, 8, 9, 10, 11, 12, 13, 14, 15, 16] [NE, N, W, SW, S]
    155     0x0000B700       0xFFFFFF80      0x00000400         (0, 0, 6)      [4] []
    156     0x0000CA00       0xFFFFFF80      0x0018000E         (0, 0, 9)      [13, 14] [NE, N, W]
    157     0x00009880       0xFFFFFF80      0x00000080         (0, 0, 3)      [1] []
    158     0x00010E80       0xFFFFFF80      0x00000810         (0, 1, 1)      [5] [SW]
    159     0x00010780       0xFFFFFF80      0x00000020         (0, 1, 0)      [] [S]
    160     0x00008C00       0xFFFFFF80      0x00000800         (0, 0, 1)      [5] []
    161     0x00017E80       0xFFFFFF80      0x00040010         (0, 1, 15)      [12] [SW]
    162     0x0000D700       0xFFFFFF80      0x007FFFBE         (0, 0, 10)      [1, 2, 3, 4, 5, 6, 7, 8, 9, 10, 11, 12, 13, 14, 15, 16] [NE, N, W, SW, S]
    163     0x00015900       0xFFFFFF80      0x00040010         (0, 1, 11)      [12] [SW]
    164     0x0000A480       0xFFFFFF80      0x00000020         (0, 0, 4)      [] [S]
    165     0x00013B80       0xFFFFFF80      0x00004010         (0, 1, 7)      [8] [SW]
    166     0x00024480       0xFFFFFF80      0x00000006         (0, 2, 8)      [] [NE, N]
    167     0x00000900       0xFFFFFF80      0x00000400         (0, 0, 1)      [4] []
    168     0x00016880       0xFFFFFF80      0x00000010         (0, 1, 13)      [] [SW]
    169     0x00017280       0xFFFFFF80      0x00040018         (0, 1, 14)      [12] [W, SW]
    170     0x00023780       0xFFFFFF80      0x00001000         (0, 2, 6)      [6] []
    171     0x00023600       0xFFFFFF80      0x00000200         (0, 2, 6)      [3] []
    172     0x0000E080       0xFFFFFF80      0x007FFFA0         (0, 0, 12)      [1, 2, 3, 4, 5, 6, 7, 8, 9, 10, 11, 12, 13, 14, 15, 16] [S]
    173     0x00018B00       0xFFFFFF80      0x00100030         (0, 1, 1)      [14] [SW, S]
    174     0x00002580       0xFFFFFF80      0x00000200         (0, 0, 4)      [3] []
    175     0x0000A400       0xFFFFFF80      0x00000020         (0, 0, 4)      [] [S]
    176     0x00010F80       0xFFFFFF80      0x00002010         (0, 1, 1)      [7] [SW]
    177     0x00017F80       0xFFFFFF80      0x00100010         (0, 1, 15)      [14] [SW]
    178     0x0000DC80       0xFFFFFF80      0x007FFFB0         (0, 0, 11)      [1, 2, 3, 4, 5, 6, 7, 8, 9, 10, 11, 12, 13, 14, 15, 16] [SW, S]
    179     0x00014F00       0xFFFFFF80      0x00000020         (0, 1, 9)      [] [S]
    180     0x00010500       0xFFFFFF80      0x00200020         (0, 1, 0)      [15] [S]
    181     0x0000B780       0xFFFFFF80      0x00000800         (0, 0, 6)      [5] []
    182     0x00004980       0xFFFFFF80      0x00000020         (0, 0, 9)      [] [S]
    183     0x00012100       0xFFFFFF80      0x00080018         (0, 1, 4)      [13] [W, SW]
    184     0x00011E00       0xFFFFFF80      0x00002018         (0, 1, 3)      [7] [W, SW]
    185     0x00014480       0xFFFFFF80      0x00000020         (0, 1, 8)      [] [S]
    186     0x00004480       0xFFFFFF80      0x00002000         (0, 0, 8)      [7] []
    187     0x00007F80       0xFFFFFF80      0x00008000         (0, 0, 15)      [9] []
    188     0x00009B80       0xFFFFFF80      0x00002000         (0, 0, 3)      [7] []
    189     0x00008200       0xFFFFFF80      0x00100000         (0, 0, 0)      [14] []
    190     0x00017480       0xFFFFFF80      0x00400018         (0, 1, 14)      [16] [W, SW]
    191     0x00019C80       0xFFFFFF80      0x00000001         (0, 1, 3)      [] [E]
    192     0x00023B80       0xFFFFFF80      0x00100010         (0, 2, 7)      [14] [SW]
    193     0x0000A680       0xFFFFFF80      0x00000020         (0, 0, 4)      [] [S]
    194     0x00015C80       0xFFFFFF80      0x00000010         (0, 1, 11)      [] [SW]
    195     0x00015200       0xFFFFFF80      0x00000020         (0, 1, 10)      [] [S]
    196     0x00006800       0xFFFFFF80      0x00000020         (0, 0, 13)      [] [S]
    197     0x00007580       0xFFFFFF80      0x00000020         (0, 0, 14)      [] [S]
    198     0x0000E180       0xFFFFFF80      0x000001B0         (0, 0, 12)      [1, 2] [SW, S]
    199     0x00002600       0xFFFFFF80      0x00000400         (0, 0, 4)      [4] []
    200     0x00019600       0xFFFFFF80      0x00100000         (0, 1, 2)      [14] []
    201     0x00002C00       0xFFFFFF80      0x00400000         (0, 0, 5)      [16] []
    202     0x0000FF00       0xFFFFFF80      0x00000200         (0, 0, 15)      [3] []
    203     0x00018380       0xFFFFFF80      0x00000030         (0, 1, 0)      [] [SW, S]
    204     0x00019F00       0xFFFFFF80      0x00000001         (0, 1, 3)      [] [E]
    205     0x00008A80       0xFFFFFF80      0x00000100         (0, 0, 1)      [2] []
    206     0x00003B80       0xFFFFFF80      0x00000021         (0, 0, 7)      [] [E, S]
    207     0x0000C380       0xFFFFFF80      0x000000A0         (0, 0, 8)      [1] [S]
    208     0x00003400       0xFFFFFF80      0x00000200         (0, 0, 6)      [3] []
    209     0x00014A00       0xFFFFFF80      0x00008000         (0, 1, 9)      [9] []
    210     0x0001A100       0xFFFFFF80      0x00200000         (0, 1, 4)      [15] []
    211     0x00009180       0xFFFFFF80      0x00400002         (0, 0, 2)      [16] [NE]
    212     0x00018680       0xFFFFFF80      0x00000020         (0, 1, 0)      [] [S]
    213     0x00005300       0xFFFFFF80      0x00002002         (0, 0, 10)      [7] [NE]
    214     0x0003F300       0xFFFFFF00      0x00004000         (0, 3, 14)      [8] []
    215     0x00007400       0xFFFFFF80      0x00200020         (0, 0, 14)      [15] [S]
    216     0x0000C200       0xFFFFFF80      0x00000020         (0, 0, 8)      [] [S]
    217     0x0000DB80       0xFFFFFF80      0x007FFFB0         (0, 0, 11)      [1, 2, 3, 4, 5, 6, 7, 8, 9, 10, 11, 12, 13, 14, 15, 16] [SW, S]
    218     0x0000D180       0xFFFFFF80      0x00000004         (0, 0, 10)      [] [N]
    219     0x00006700       0xFFFFFF80      0x00000020         (0, 0, 12)      [] [S]
    220     0x00010B80       0xFFFFFF80      0x00000020         (0, 1, 1)      [] [S]
    221     0x00004A80       0xFFFFFF80      0x00000020         (0, 0, 9)      [] [S]
    222     0x00000E80       0xFFFFFF80      0x00200000         (0, 0, 1)      [15] []
    223     0x00017600       0xFFFFFF80      0x00000018         (0, 1, 14)      [] [W, SW]
    224     0x0000E900       0xFFFFFF80      0x00400030         (0, 0, 13)      [16] [SW, S]
    225     0x00015280       0xFFFFFF80      0x00000020         (0, 1, 10)      [] [S]
    226     0x0000F680       0xFFFFFF80      0x00200020         (0, 0, 14)      [15] [S]
    227     0x00018A80       0xFFFFFF80      0x00080030         (0, 1, 1)      [13] [SW, S]
    228     0x0000D400       0xFFFFFF80      0x007FFFBC         (0, 0, 10)      [1, 2, 3, 4, 5, 6, 7, 8, 9, 10, 11, 12, 13, 14, 15, 16] [N, W, SW, S]
    229     0x00007680       0xFFFFFF80      0x00000020         (0, 0, 14)      [] [S]
    230     0x00013380       0xFFFFFF80      0x00000010         (0, 1, 6)      [] [SW]
    231     0x00017F00       0xFFFFFF80      0x00080010         (0, 1, 15)      [13] [SW]
    232     0x00002900       0xFFFFFF80      0x00010000         (0, 0, 5)      [10] []
    233     0x00017380       0xFFFFFF80      0x00100018         (0, 1, 14)      [14] [W, SW]
    234     0x00008E80       0xFFFFFF80      0x00010002         (0, 0, 1)      [10] [NE]
    235     0x00014E00       0xFFFFFF80      0x00000020         (0, 1, 9)      [] [S]
    236     0x00001D80       0xFFFFFF80      0x00400000         (0, 0, 3)      [16] []
    237     0x0000B880       0xFFFFFF80      0x00002000         (0, 0, 7)      [7] []
    238     0x00014580       0xFFFFFF80      0x00000020         (0, 1, 8)      [] [S]
    239     0x00012480       0xFFFFFF80      0x00000010         (0, 1, 4)      [] [SW]
    240     0x0000E480       0xFFFFFF80      0x00006030         (0, 0, 12)      [8, 7] [SW, S]
    241     0x0000E600       0xFFFFFF80      0x00030010         (0, 0, 12)      [10, 11] [SW]
    242     0x00018B80       0xFFFFFF80      0x00200000         (0, 1, 1)      [15] []
    243     0x00003680       0xFFFFFF80      0x00004000         (0, 0, 6)      [8] []
    244     0x00011200       0xFFFFFF80      0x00040010         (0, 1, 2)      [12] [SW]
    245     0x00009980       0xFFFFFF80      0x00000200         (0, 0, 3)      [3] []
    246     0x00009D80       0xFFFFFF80      0x00020000         (0, 0, 3)      [11] []
    247     0x00017200       0xFFFFFF80      0x00020018         (0, 1, 14)      [11] [W, SW]
    248     0x0000B380       0xFFFFFF80      0x00000020         (0, 0, 6)      [] [S]
    249     0x00009900       0xFFFFFF80      0x00000100         (0, 0, 3)      [2] []
    250     0x00006080       0xFFFFFF80      0x00000801         (0, 0, 12)      [5] [E]
    251     0x0000BF00       0xFFFFFF80      0x00000020         (0, 0, 7)      [] [S]
    252     0x0000E400       0xFFFFFF80      0x00003030         (0, 0, 12)      [6, 7] [SW, S]
    253     0x0000CE80       0xFFFFFF80      0x00000006         (0, 0, 9)      [] [NE, N]
    254     0x00015D80       0xFFFFFF80      0x00000010         (0, 1, 11)      [] [SW]
    255     0x0000AF00       0xFFFFFF80      0x00000020         (0, 0, 5)      [] [S]
    256     0x0000DC00       0xFFFFFF80      0x007FFFB0         (0, 0, 11)      [1, 2, 3, 4, 5, 6, 7, 8, 9, 10, 11, 12, 13, 14, 15, 16] [SW, S]
    257     0x00013D80       0xFFFFFF80      0x00040010         (0, 1, 7)      [12] [SW]
    258     0x00014080       0xFFFFFF80      0x00000030         (0, 1, 8)      [] [SW, S]
    259     0x0000B300       0xFFFFFF80      0x00000020         (0, 0, 6)      [] [S]
    260     0x00017500       0xFFFFFF80      0x00000018         (0, 1, 14)      [] [W, SW]
    261     0x00014B00       0xFFFFFF80      0x00020000         (0, 1, 9)      [11] []
    262     0x00000A80       0xFFFFFF80      0x00002000         (0, 0, 1)      [7] []
    263     0x00009280       0xFFFFFF80      0x00000003         (0, 0, 2)      [] [E, NE]
    264     0x00015A80       0xFFFFFF80      0x00200010         (0, 1, 11)      [15] [SW]
    265     0x0000C800       0xFFFFFF80      0x00018020         (0, 0, 9)      [9, 10] [S]
    266     0x0000BD80       0xFFFFFF80      0x00000020         (0, 0, 7)      [] [S]
    267     0x00023D80       0xFFFFFF80      0x0000000E         (0, 2, 7)      [] [NE, N, W]
    268     0x00008C80       0xFFFFFF80      0x00001002         (0, 0, 1)      [6] [NE]
    269     0x00017300       0xFFFFFF80      0x00080018         (0, 1, 14)      [13] [W, SW]
    270     0x0000CF00       0xFFFFFF80      0x00000006         (0, 0, 9)      [] [NE, N]
    271     0x00013300       0xFFFFFF80      0x00000010         (0, 1, 6)      [] [SW]
    272     0x0000B500       0xFFFFFF80      0x00000020         (0, 0, 6)      [] [S]
    273     0x00004500       0xFFFFFF80      0x00004000         (0, 0, 8)      [8] []
    274     0x0000CC00       0xFFFFFF80      0x0000000E         (0, 0, 9)      [] [NE, N, W]
    275     0x0000A200       0xFFFFFF80      0x00000020         (0, 0, 4)      [] [S]
    276     0x00003900       0xFFFFFF80      0x00080020         (0, 0, 7)      [13] [S]
    277     0x0000AE80       0xFFFFFF80      0x00400020         (0, 0, 5)      [16] [S]
    278     0x0000F080       0xFFFFFF80      0x00000230         (0, 0, 14)      [3] [SW, S]
    279     0x0000AD80       0xFFFFFF80      0x00100020         (0, 0, 5)      [14] [S]
    280     0x00005780       0xFFFFFF80      0x00400000         (0, 0, 10)      [16] []
    281     0x00008180       0xFFFFFF80      0x00080000         (0, 0, 0)      [13] []
    282     0x0000DA00       0xFFFFFF80      0x007FFFBE         (0, 0, 11)      [1, 2, 3, 4, 5, 6, 7, 8, 9, 10, 11, 12, 13, 14, 15, 16] [NE, N, W, SW, S]
    283     0x00010A80       0xFFFFFF80      0x00000020         (0, 1, 1)      [] [S]
    284     0x00004A00       0xFFFFFF80      0x00000020         (0, 0, 9)      [] [S]
    285     0x0000ED00       0xFFFFFF80      0x00000020         (0, 0, 13)      [] [S]
    286     0x0000F800       0xFFFFFF80      0x00000020         (0, 0, 15)      [] [S]
    287     0x00002980       0xFFFFFF80      0x00020000         (0, 0, 5)      [11] []
    288     0x0000AB80       0xFFFFFF80      0x00010000         (0, 0, 5)      [10] []
    289     0x00008D00       0xFFFFFF80      0x00002002         (0, 0, 1)      [7] [NE]
    290     0x00012680       0xFFFFFF80      0x00000010         (0, 1, 4)      [] [SW]
    291     0x00023E00       0xFFFFFF80      0x0000000E         (0, 2, 7)      [] [NE, N, W]
    292     0x00016800       0xFFFFFF80      0x00400010         (0, 1, 13)      [16] [SW]
    293     0x0000C000       0xFFFFFF80      0x00000020         (0, 0, 8)      [] [S]
    294     0x00006600       0xFFFFFF80      0x00400020         (0, 0, 12)      [16] [S]
    295     0x00004780       0xFFFFFF80      0x00080020         (0, 0, 8)      [13] [S]
    296     0x0000DF80       0xFFFFFF80      0x007FFFA0         (0, 0, 11)      [1, 2, 3, 4, 5, 6, 7, 8, 9, 10, 11, 12, 13, 14, 15, 16] [S]
    297     0x0000BA80       0xFFFFFF80      0x00020000         (0, 0, 7)      [11] []
    298     0x0000F300       0xFFFFFF80      0x00004030         (0, 0, 14)      [8] [SW, S]
    299     0x00011E80       0xFFFFFF80      0x00004018         (0, 1, 3)      [8] [W, SW]
    300     0x0000A980       0xFFFFFF80      0x00001000         (0, 0, 5)      [6] []
    301     0x00012180       0xFFFFFF80      0x00100018         (0, 1, 4)      [14] [W, SW]
    302     0x0001AB80       0xFFFFFF80      0x00400000         (0, 1, 5)      [16] []
    303     0x00001A00       0xFFFFFF80      0x00008000         (0, 0, 3)      [9] []
    304     0x00006880       0xFFFFFF80      0x00000020         (0, 0, 13)      [] [S]
    305     0x00015980       0xFFFFFF80      0x00080010         (0, 1, 11)      [13] [SW]
    306     0x00004380       0xFFFFFF80      0x00000800         (0, 0, 8)      [5] []
    307     0x00012F00       0xFFFFFF80      0x00040010         (0, 1, 5)      [12] [SW]
    308     0x00009F00       0xFFFFFF80      0x00100020         (0, 0, 3)      [14] [S]
    309     0x00006280       0xFFFFFF80      0x00008000         (0, 0, 12)      [9] []
    310     0x00006E80       0xFFFFFF80      0x00000400         (0, 0, 13)      [4] []
    311     0x0003EC00       0xFFFFFF00      0x00000080         (0, 3, 13)      [1] []
    312     0x00010580       0xFFFFFF80      0x00400020         (0, 1, 0)      [16] [S]
    313     0x00002480       0xFFFFFF80      0x00000080         (0, 0, 4)      [1] []
    314     0x0000B080       0xFFFFFF80      0x00000020         (0, 0, 6)      [] [S]
    315     0x00016500       0xFFFFFF80      0x00010010         (0, 1, 12)      [10] [SW]
    316     0x0000DD80       0xFFFFFF80      0x007FFFB0         (0, 0, 11)      [1, 2, 3, 4, 5, 6, 7, 8, 9, 10, 11, 12, 13, 14, 15, 16] [SW, S]
    317     0x00023E80       0xFFFFFF80      0x00000006         (0, 2, 7)      [] [NE, N]
    318     0x00012F80       0xFFFFFF80      0x00080010         (0, 1, 5)      [13] [SW]
    319     0x00010400       0xFFFFFF80      0x00080020         (0, 1, 0)      [13] [S]
    320     0x00024500       0xFFFFFF80      0x00000006         (0, 2, 8)      [] [NE, N]
    321     0x0000A280       0xFFFFFF80      0x00000020         (0, 0, 4)      [] [S]
    322     0x00002500       0xFFFFFF80      0x00000100         (0, 0, 4)      [2] []
    323     0x00008A00       0xFFFFFF80      0x00000080         (0, 0, 1)      [1] []
    324     0x00005F80       0xFFFFFF80      0x00000200         (0, 0, 11)      [3] []
    325     0x0001A380       0xFFFFFF80      0x00000001         (0, 1, 4)      [] [E]
    326     0x00002700       0xFFFFFF80      0x00001000         (0, 0, 4)      [6] []
    327     0x00001D00       0xFFFFFF80      0x00200000         (0, 0, 3)      [15] []
    328     0x00000E00       0xFFFFFF80      0x00100000         (0, 0, 1)      [14] []
    329     0x0000AC00       0xFFFFFF80      0x00020000         (0, 0, 5)      [11] []
    330     0x0000EC80       0xFFFFFF80      0x00000030         (0, 0, 13)      [] [SW, S]
    331     0x00000B80       0xFFFFFF80      0x00008000         (0, 0, 1)      [9] []
    332     0x0000F500       0xFFFFFF80      0x00040000         (0, 0, 14)      [12] []
    333     0x00003700       0xFFFFFF80      0x00008000         (0, 0, 6)      [9] []
    334     0x0000FA80       0xFFFFFF80      0x00000020         (0, 0, 15)      [] [S]
    335     0x00018200       0xFFFFFF80      0x00000010         (0, 1, 0)      [] [SW]
    336     0x00015F00       0xFFFFFF80      0x00000010         (0, 1, 11)      [] [SW]
    337     0x00024300       0xFFFFFF80      0x00000006         (0, 2, 8)      [] [NE, N]
    338     0x00013480       0xFFFFFF80      0x00000010         (0, 1, 6)      [] [SW]
    339     0x00007080       0xFFFFFF80      0x00004000         (0, 0, 14)      [8] []
    340     0x00007E80       0xFFFFFF80      0x00002000         (0, 0, 15)      [7] []
    341     0x00001780       0xFFFFFF80      0x00000400         (0, 0, 2)      [4] []
    342     0x0003F400       0xFFFFFF00      0x00008000         (0, 3, 14)      [9] []
    343     0x0001A280       0xFFFFFF80      0x00000001         (0, 1, 4)      [] [E]
    344     0x00011D00       0xFFFFFF80      0x00000808         (0, 1, 3)      [5] [W]
    345     0x0000F880       0xFFFFFF80      0x00000020         (0, 0, 15)      [] [S]
    346     0x00008100       0xFFFFFF80      0x00040000         (0, 0, 0)      [12] []
    347     0x00017880       0xFFFFFF80      0x00000010         (0, 1, 15)      [] [SW]
    348     0x00008300       0xFFFFFF80      0x00400000         (0, 0, 0)      [16] []
    349     0x00009F80       0xFFFFFF80      0x00200020         (0, 0, 3)      [15] [S]
    350     0x0000FB80       0xFFFFFF80      0x00000020         (0, 0, 15)      [] [S]
    351     0x0000C280       0xFFFFFF80      0x00000020         (0, 0, 8)      [] [S]
    352     0x00012200       0xFFFFFF80      0x00200018         (0, 1, 4)      [15] [W, SW]
    353     0x0003F500       0xFFFFFF00      0x00010000         (0, 3, 14)      [10] []
    354     0x00001700       0xFFFFFF80      0x00000200         (0, 0, 2)      [3] []
    355     0x00011300       0xFFFFFF80      0x00100010         (0, 1, 2)      [14] [SW]
    356     0x00013E00       0xFFFFFF80      0x00080010         (0, 1, 7)      [13] [SW]
    357     0x0000B580       0xFFFFFF80      0x00000080         (0, 0, 6)      [1] []
    358     0x0000C900       0xFFFFFF80      0x00060020         (0, 0, 9)      [11, 12] [S]
    359     0x00023D00       0xFFFFFF80      0x0000000E         (0, 2, 7)      [] [NE, N, W]
    360     0x0000F980       0xFFFFFF80      0x00000020         (0, 0, 15)      [] [S]
    361     0x00014F80       0xFFFFFF80      0x00000020         (0, 1, 9)      [] [S]
    362     0x0000F900       0xFFFFFF80      0x00000020         (0, 0, 15)      [] [S]
    363     0x00024380       0xFFFFFF80      0x00000006         (0, 2, 8)      [] [NE, N]
    364     0x00008F00       0xFFFFFF80      0x00020002         (0, 0, 1)      [11] [NE]
    365     0x0000EB80       0xFFFFFF80      0x00000030         (0, 0, 13)      [] [SW, S]
    366     0x0003F600       0xFFFFFF00      0x00020000         (0, 3, 14)      [11] []
    367     0x00013C00       0xFFFFFF80      0x00008010         (0, 1, 7)      [9] [SW]
    368     0x00009E00       0xFFFFFF80      0x00040000         (0, 0, 3)      [12] []
    369     0x00015B80       0xFFFFFF80      0x00000010         (0, 1, 11)      [] [SW]
    370     0x00007300       0xFFFFFF80      0x00080020         (0, 0, 14)      [13] [S]
    371     0x00011480       0xFFFFFF80      0x00000010         (0, 1, 2)      [] [SW]
    372     0x00002680       0xFFFFFF80      0x00000801         (0, 0, 4)      [5] [E]
    373     0x00013080       0xFFFFFF80      0x00200010         (0, 1, 6)      [15] [SW]
    374     0x00021980       0xFFFFFF80      0x00000008         (0, 2, 3)      [] [W]
    375     0x0000A700       0xFFFFFF80      0x00000080         (0, 0, 4)      [1] []
    376     0x0000FD00       0xFFFFFF80      0x00000020         (0, 0, 15)      [] [S]
    377     0x00021B80       0xFFFFFF80      0x007FFF80         (0, 2, 3)      [1, 2, 3, 4, 5, 6, 7, 8, 9, 10, 11, 12, 13, 14, 15, 16] []
    378     0x00007100       0xFFFFFF80      0x00008000         (0, 0, 14)      [9] []
    379     0x0000E300       0xFFFFFF80      0x00000C30         (0, 0, 12)      [4, 5] [SW, S]
    380     0x00015780       0xFFFFFF80      0x00008000         (0, 1, 10)      [9] []
    381     0x0003F800       0xFFFFFF00      0x00080000         (0, 3, 15)      [13] []
    382     0x00013000       0xFFFFFF80      0x00100010         (0, 1, 6)      [14] [SW]
    383     0x00009C00       0xFFFFFF80      0x00004000         (0, 0, 3)      [8] []
    384     0x0000B200       0xFFFFFF80      0x00000020         (0, 0, 6)      [] [S]
    385     0x00003480       0xFFFFFF80      0x00000400         (0, 0, 6)      [4] []
    386     0x00016780       0xFFFFFF80      0x00200010         (0, 1, 12)      [15] [SW]
    387     0x0003F900       0xFFFFFF00      0x00100000         (0, 3, 15)      [14] []
    388     0x00023A80       0xFFFFFF80      0x00040010         (0, 2, 7)      [12] [SW]
    389     0x00009500       0xFFFFFF80      0x00000003         (0, 0, 2)      [] [E, NE]
    390     0x00001B00       0xFFFFFF80      0x00020000         (0, 0, 3)      [11] []
    391     0x0000D600       0xFFFFFF80      0x007FFFBE         (0, 0, 10)      [1, 2, 3, 4, 5, 6, 7, 8, 9, 10, 11, 12, 13, 14, 15, 16] [NE, N, W, SW, S]
    392     0x00023F80       0xFFFFFF80      0x00000006         (0, 2, 7)      [] [NE, N]
    393     0x00017800       0xFFFFFF80      0x00000010         (0, 1, 15)      [] [SW]
    394     0x0000D680       0xFFFFFF80      0x007FFFBE         (0, 0, 10)      [1, 2, 3, 4, 5, 6, 7, 8, 9, 10, 11, 12, 13, 14, 15, 16] [NE, N, W, SW, S]
    395     0x00012500       0xFFFFFF80      0x00000010         (0, 1, 4)      [] [SW]
    396     0x00005480       0xFFFFFF80      0x00010000         (0, 0, 10)      [10] []
    397     0x0000EA80       0xFFFFFF80      0x00000030         (0, 0, 13)      [] [SW, S]
    398     0x00024200       0xFFFFFF80      0x00000006         (0, 2, 8)      [] [NE, N]
    399     0x00014300       0xFFFFFF80      0x00000030         (0, 1, 8)      [] [SW, S]
    400     0x00010100       0xFFFFFF80      0x00002000         (0, 1, 0)      [7] []
    401     0x0000E280       0xFFFFFF80      0x00000630         (0, 0, 12)      [3, 4] [SW, S]
    402     0x00006000       0xFFFFFF80      0x00000400         (0, 0, 12)      [4] []
    403     0x00007280       0xFFFFFF80      0x00040000         (0, 0, 14)      [12] []
    404     0x00023880       0xFFFFFF80      0x00004000         (0, 2, 7)      [8] []
    405     0x0003FB00       0xFFFFFF00      0x00400000         (0, 3, 15)      [16] []
    406     0x0001A180       0xFFFFFF80      0x00400000         (0, 1, 4)      [16] []
    407     0x00023B00       0xFFFFFF80      0x00080010         (0, 2, 7)      [13] [SW]
    408     0x0000AA00       0xFFFFFF80      0x00002000         (0, 0, 5)      [7] []
    409     0x00023500       0xFFFFFF80      0x00000080         (0, 2, 6)      [1] []
    410     0x00013500       0xFFFFFF80      0x00000010         (0, 1, 6)      [] [SW]
    411     0x00014A80       0xFFFFFF80      0x00010000         (0, 1, 9)      [10] []
    412     0x0000C480       0xFFFFFF80      0x00000320         (0, 0, 8)      [2, 3] [S]
    413     0x00006F00       0xFFFFFF80      0x00000800         (0, 0, 13)      [5] []
    414     0x0000FC00       0xFFFFFF80      0x00000020         (0, 0, 15)      [] [S]
    415     0x0000BC80       0xFFFFFF80      0x00200020         (0, 0, 7)      [15] [S]
    416     0x0000F180       0xFFFFFF80      0x00000830         (0, 0, 14)      [5] [SW, S]
    417     0x0000EE80       0xFFFFFF80      0x00000020         (0, 0, 13)      [] [S]
    418     0x00014500       0xFFFFFF80      0x00000020         (0, 1, 8)      [] [S]
    419     0x0000EC00       0xFFFFFF80      0x00000030         (0, 0, 13)      [] [SW, S]
    420     0x00008600       0xFFFFFF80      0x00000002         (0, 0, 0)      [] [NE]
    421     0x0000A100       0xFFFFFF80      0x00000020         (0, 0, 4)      [] [S]
    422     0x0000DA80       0xFFFFFF80      0x007FFFB0         (0, 0, 11)      [1, 2, 3, 4, 5, 6, 7, 8, 9, 10, 11, 12, 13, 14, 15, 16] [SW, S]
    423     0x00002B00       0xFFFFFF80      0x00100000         (0, 0, 5)      [14] []
    424     0x00001980       0xFFFFFF80      0x00004000         (0, 0, 3)      [8] []
    425     0x0000D980       0xFFFFFF80      0x007FFFBE         (0, 0, 11)      [1, 2, 3, 4, 5, 6, 7, 8, 9, 10, 11, 12, 13, 14, 15, 16] [NE, N, W, SW, S]
    426     0x00005E00       0xFFFFFF80      0x00000020         (0, 0, 11)      [] [S]
    427     0x0000C080       0xFFFFFF80      0x00000020         (0, 0, 8)      [] [S]
    428     0x00015800       0xFFFFFF80      0x00010000         (0, 1, 11)      [10] []
    429     0x00006300       0xFFFFFF80      0x00010000         (0, 0, 12)      [10] []
    430     0x00003580       0xFFFFFF80      0x00001000         (0, 0, 6)      [6] []
    431     0x00018100       0xFFFFFF80      0x00000010         (0, 1, 0)      [] [SW]
    432     0x00007480       0xFFFFFF80      0x00400020         (0, 0, 14)      [16] [S]
    433     0x00023700       0xFFFFFF80      0x00000800         (0, 2, 6)      [5] []
    434     0x00005500       0xFFFFFF80      0x00020000         (0, 0, 10)      [11] []
    435     0x00011080       0xFFFFFF80      0x00008010         (0, 1, 2)      [9] [SW]
    436     0x00009A00       0xFFFFFF80      0x00000400         (0, 0, 3)      [4] []
    437     0x00014D00       0xFFFFFF80      0x00200020         (0, 1, 9)      [15] [S]
    438     0x00005400       0xFFFFFF80      0x00008002         (0, 0, 10)      [9] [NE]
    439     0x00006780       0xFFFFFF80      0x00000020         (0, 0, 12)      [] [S]
    440     0x0000F700       0xFFFFFF80      0x00400020         (0, 0, 14)      [16] [S]
    441     0x00023580       0xFFFFFF80      0x00000100         (0, 2, 6)      [2] []
    442     0x0000AA80       0xFFFFFF80      0x00004000         (0, 0, 5)      [8] []
    443     0x00002780       0xFFFFFF80      0x00002000         (0, 0, 4)      [7] []
    444     0x00005100       0xFFFFFF80      0x00000200         (0, 0, 10)      [3] []
    445     0x0000B600       0xFFFFFF80      0x00000100         (0, 0, 6)      [2] []
    446     0x00018500       0xFFFFFF80      0x00000020         (0, 1, 0)      [] [S]
    447     0x00014400       0xFFFFFF80      0x00000020         (0, 1, 8)      [] [S]
    448     0x0001A400       0xFFFFFF80      0x00000001         (0, 1, 4)      [] [E]
    449     0x00010900       0xFFFFFF80      0x00000020         (0, 1, 1)      [] [S]
    450     0x00015B00       0xFFFFFF80      0x00400010         (0, 1, 11)      [16] [SW]
    451     0x0000BB00       0xFFFFFF80      0x00040020         (0, 0, 7)      [12] [S]
    452     0x00005900       0xFFFFFF80      0x00000001         (0, 0, 11)      [] [E]
    453     0x00018C00       0xFFFFFF80      0x00400000         (0, 1, 1)      [16] []
    454     0x0000DE80       0xFFFFFF80      0x007FFFA0         (0, 0, 11)      [1, 2, 3, 4, 5, 6, 7, 8, 9, 10, 11, 12, 13, 14, 15, 16] [S]
    455     0x0000CF80       0xFFFFFF80      0x00000006         (0, 0, 9)      [] [NE, N]
    456     0x0000F580       0xFFFFFF80      0x00080020         (0, 0, 14)      [13] [S]
    457     0x0000E980       0xFFFFFF80      0x00000030         (0, 0, 13)      [] [SW, S]
    458     0x00007D00       0xFFFFFF80      0x00000400         (0, 0, 15)      [4] []
    459     0x0000F380       0xFFFFFF80      0x00008000         (0, 0, 14)      [9] []
    460     0x0003F000       0xFFFFFF00      0x00000800         (0, 3, 14)      [5] []
    461     0x0000A780       0xFFFFFF80      0x00000100         (0, 0, 4)      [2] []
    462     0x0000C180       0xFFFFFF80      0x00000020         (0, 0, 8)      [] [S]
    463     0x0000B980       0xFFFFFF80      0x00008000         (0, 0, 7)      [9] []
    464     0x00006480       0xFFFFFF80      0x00080020         (0, 0, 12)      [13] [S]
    465     0x00013280       0xFFFFFF80      0x00000010         (0, 1, 6)      [] [SW]
    466     0x00019D80       0xFFFFFF80      0x00000001         (0, 1, 3)      [] [E]
    467     0x00018300       0xFFFFFF80      0x00000030         (0, 1, 0)      [] [SW, S]
    468     0x00000D00       0xFFFFFF80      0x00040000         (0, 0, 1)      [12] []
    469     0x00013180       0xFFFFFF80      0x00000010         (0, 1, 6)      [] [SW]
    470     0x0000E100       0xFFFFFF80      0x000000B0         (0, 0, 12)      [1] [SW, S]
    471     0x00008D80       0xFFFFFF80      0x00004002         (0, 0, 1)      [8] [NE]
    472     0x0000BE00       0xFFFFFF80      0x00000020         (0, 0, 7)      [] [S]
    473     0x00016580       0xFFFFFF80      0x00020010         (0, 1, 12)      [11] [SW]
    474     0x00009380       0xFFFFFF80      0x00000003         (0, 0, 2)      [] [E, NE]
    475     0x0000D200       0xFFFFFF80      0x007FFF8C         (0, 0, 10)      [1, 2, 3, 4, 5, 6, 7, 8, 9, 10, 11, 12, 13, 14, 15, 16] [N, W]
    476     0x00017700       0xFFFFFF80      0x00000010         (0, 1, 14)      [] [SW]
    477     0x0000E500       0xFFFFFF80      0x0000C030         (0, 0, 12)      [8, 9] [SW, S]
    478     0x0000B680       0xFFFFFF80      0x00000200         (0, 0, 6)      [3] []
    479     0x00011280       0xFFFFFF80      0x00080010         (0, 1, 2)      [13] [SW]
    480     0x00014E80       0xFFFFFF80      0x00000020         (0, 1, 9)      [] [S]
    481     0x00024100       0xFFFFFF80      0x00000006         (0, 2, 8)      [] [NE, N]
    482     0x00007180       0xFFFFFF80      0x00010000         (0, 0, 14)      [10] []
    483     0x0000DD00       0xFFFFFF80      0x007FFFB0         (0, 0, 11)      [1, 2, 3, 4, 5, 6, 7, 8, 9, 10, 11, 12, 13, 14, 15, 16] [SW, S]
    484     0x0001A480       0xFFFFFF80      0x00000001         (0, 1, 4)      [] [E]
    485     0x00012400       0xFFFFFF80      0x00000018         (0, 1, 4)      [] [W, SW]
    486     0x00007F00       0xFFFFFF80      0x00004000         (0, 0, 15)      [8] []
    487     0x00019700       0xFFFFFF80      0x00400000         (0, 1, 2)      [16] []
    488     0x00024080       0xFFFFFF80      0x00000006         (0, 2, 8)      [] [NE, N]
    489     0x00010680       0xFFFFFF80      0x00000020         (0, 1, 0)      [] [S]
    490     0x00006680       0xFFFFFF80      0x00000020         (0, 0, 12)      [] [S]
    491     0x00012D80       0xFFFFFF80      0x00008010         (0, 1, 5)      [9] [SW]
    492     0x00009C80       0xFFFFFF80      0x00008000         (0, 0, 3)      [9] []
    493     0x00023900       0xFFFFFF80      0x00008000         (0, 2, 7)      [9] []
    494     0x00005680       0xFFFFFF80      0x00100000         (0, 0, 10)      [14] []
    495     0x0000E200       0xFFFFFF80      0x00000330         (0, 0, 12)      [2, 3] [SW, S]
    496     0x00019E80       0xFFFFFF80      0x00000001         (0, 1, 3)      [] [E]
    497     0x0000D480       0xFFFFFF80      0x007FFFBD         (0, 0, 10)      [1, 2, 3, 4, 5, 6, 7, 8, 9, 10, 11, 12, 13, 14, 15, 16] [E, N, W, SW, S]
    498     0x0000D100       0xFFFFFF80      0x00000006         (0, 0, 10)      [] [NE, N]
    499     0x00001800       0xFFFFFF80      0x00000801         (0, 0, 3)      [5] [E]
    500     0x00000C80       0xFFFFFF80      0x00020000         (0, 0, 1)      [11] []
    501     0x00001A80       0xFFFFFF80      0x00010000         (0, 0, 3)      [10] []
    502     0x00007D80       0xFFFFFF80      0x00000800         (0, 0, 15)      [5] []
    503     0x0000B180       0xFFFFFF80      0x00000020         (0, 0, 6)      [] [S]
    504     0x0000CD00       0xFFFFFF80      0x0000000E         (0, 0, 9)      [] [NE, N, W]
    505     0x00010280       0xFFFFFF80      0x00010000         (0, 1, 0)      [10] []
    506     0x0000C880       0xFFFFFF80      0x00030020         (0, 0, 9)      [10, 11] [S]
    507     0x0000CB80       0xFFFFFF80      0x0040000E         (0, 0, 9)      [16] [NE, N, W]
    508     0x00013F80       0xFFFFFF80      0x00400030         (0, 1, 7)      [16] [SW, S]
    509     0x00015180       0xFFFFFF80      0x00000020         (0, 1, 10)      [] [S]
    510     0x0000E880       0xFFFFFF80      0x00600030         (0, 0, 13)      [16, 15] [SW, S]
    511     0x00006500       0xFFFFFF80      0x00100020         (0, 0, 12)      [14] [S]
    512     0x00016700       0xFFFFFF80      0x00100010         (0, 1, 12)      [14] [SW]
    513     0x00010A00       0xFFFFFF80      0x00000020         (0, 1, 1)      [] [S]
    514     0x00009200       0xFFFFFF80      0x00000002         (0, 0, 2)      [] [NE]
    515     0x0001A300       0xFFFFFF80      0x00000001         (0, 1, 4)      [] [E]
    516     0x00013400       0xFFFFFF80      0x00000010         (0, 1, 6)      [] [SW]
    517     0x00015E00       0xFFFFFF80      0x00000010         (0, 1, 11)      [] [SW]
    518     0x00006F80       0xFFFFFF80      0x00001000         (0, 0, 13)      [6] []
    519     0x00012300       0xFFFFFF80      0x00000018         (0, 1, 4)      [] [W, SW]
    520     0x00010300       0xFFFFFF80      0x00020000         (0, 1, 0)      [11] []
    521     0x00015380       0xFFFFFF80      0x00000020         (0, 1, 10)      [] [S]
    522     0x0000C500       0xFFFFFF80      0x00000620         (0, 0, 8)      [3, 4] [S]
    523     0x0000E680       0xFFFFFF80      0x00060010         (0, 0, 12)      [11, 12] [SW]
    524     0x00011380       0xFFFFFF80      0x00200010         (0, 1, 2)      [15] [SW]
    525     0x00015080       0xFFFFFF80      0x00000020         (0, 1, 10)      [] [S]
    526     0x00009D00       0xFFFFFF80      0x00010000         (0, 0, 3)      [10] []
    527     0x00010080       0xFFFFFF80      0x00001000         (0, 1, 0)      [6] []
    528     0x0000BD00       0xFFFFFF80      0x00400020         (0, 0, 7)      [16] [S]
    529     0x00010E00       0xFFFFFF80      0x00000410         (0, 1, 1)      [4] [SW]
    530     0x0000B100       0xFFFFFF80      0x00000020         (0, 0, 6)      [] [S]
    531     0x00007700       0xFFFFFF80      0x00000020         (0, 0, 14)      [] [S]
    532     0x00012600       0xFFFFFF80      0x00000010         (0, 1, 4)      [] [SW]
    533     0x0000D500       0xFFFFFF80      0x007FFFBE         (0, 0, 10)      [1, 2, 3, 4, 5, 6, 7, 8, 9, 10, 11, 12, 13, 14, 15, 16] [NE, N, W, SW, S]
    534     0x0000D080       0xFFFFFF80      0x00000006         (0, 0, 10)      [] [NE, N]
    535     0x00005180       0xFFFFFF80      0x00000400         (0, 0, 10)      [4] []
    536     0x00011580       0xFFFFFF80      0x00000008         (0, 1, 2)      [] [W]
    537     0x0000AF80       0xFFFFFF80      0x00000020         (0, 0, 5)      [] [S]
    538     0x00017980       0xFFFFFF80      0x00000010         (0, 1, 15)      [] [SW]
    539     0x0000BB80       0xFFFFFF80      0x00080020         (0, 0, 7)      [13] [S]
    540     0x00012E80       0xFFFFFF80      0x00020010         (0, 1, 5)      [11] [SW]
    541     0x00006100       0xFFFFFF80      0x00001000         (0, 0, 12)      [6] []
    542     0x00009A80       0xFFFFFF80      0x00000801         (0, 0, 3)      [5] [E]
    543     0x0000C400       0xFFFFFF80      0x000001A0         (0, 0, 8)      [1, 2] [S]
    544     0x0000C580       0xFFFFFF80      0x00000C20         (0, 0, 8)      [4, 5] [S]
    545     0x00007600       0xFFFFFF80      0x00000020         (0, 0, 14)      [] [S]
    546     0x00010980       0xFFFFFF80      0x00000020         (0, 1, 1)      [] [S]
    547     0x00018280       0xFFFFFF80      0x00000010         (0, 1, 0)      [] [SW]
    548     0x00003780       0xFFFFFF80      0x00010000         (0, 0, 6)      [10] []
    549     0x00003A80       0xFFFFFF80      0x00400020         (0, 0, 7)      [16] [S]
    550     0x0000BF80       0xFFFFFF80      0x00000020         (0, 0, 7)      [] [S]
    551     0x00019F80       0xFFFFFF80      0x00000001         (0, 1, 3)      [] [E]
    552     0x00011D80       0xFFFFFF80      0x00001018         (0, 1, 3)      [6] [W, SW]
    553     0x00009100       0xFFFFFF80      0x00200002         (0, 0, 2)      [15] [NE]
    554     0x00008000       0xFFFFFF80      0x00010000         (0, 0, 0)      [10] []
    555     0x0000F200       0xFFFFFF80      0x00001030         (0, 0, 14)      [6] [SW, S]
    556     0x00023A00       0xFFFFFF80      0x00020010         (0, 2, 7)      [11] [SW]
    557     0x00002800       0xFFFFFF80      0x00004000         (0, 0, 5)      [8] []
    558     0x00015E80       0xFFFFFF80      0x00000010         (0, 1, 11)      [] [SW]
    559     0x00004100       0xFFFFFF80      0x00000020         (0, 0, 8)      [] [S]
    560     0x0000DB00       0xFFFFFF80      0x007FFFB0         (0, 0, 11)      [1, 2, 3, 4, 5, 6, 7, 8, 9, 10, 11, 12, 13, 14, 15, 16] [SW, S]
    561     0x0000AE00       0xFFFFFF80      0x00200020         (0, 0, 5)      [15] [S]
    562     0x00023C00       0xFFFFFF80      0x00200010         (0, 2, 7)      [15] [SW]
    563     0x00008F80       0xFFFFFF80      0x00040002         (0, 0, 1)      [12] [NE]
    564     0x00009080       0xFFFFFF80      0x00100002         (0, 0, 2)      [14] [NE]
    565     0x00014B80       0xFFFFFF80      0x00040000         (0, 1, 9)      [12] []
    566     0x0000FA00       0xFFFFFF80      0x00000020         (0, 0, 15)      [] [S]
    567     0x0000D000       0xFFFFFF80      0x00000006         (0, 0, 10)      [] [NE, N]
    568     0x00004180       0xFFFFFF80      0x00000080         (0, 0, 8)      [1] []
    569     0x00009E80       0xFFFFFF80      0x00080020         (0, 0, 3)      [13] [S]
    570     0x00003500       0xFFFFFF80      0x00000801         (0, 0, 6)      [5] [E]
    571     0x00005200       0xFFFFFF80      0x00000801         (0, 0, 10)      [5] [E]
    572     0x00000880       0xFFFFFF80      0x00000200         (0, 0, 1)      [3] []
    573     0x00011F00       0xFFFFFF80      0x00008018         (0, 1, 3)      [9] [W, SW]
    574     0x00010480       0xFFFFFF80      0x00100020         (0, 1, 0)      [14] [S]
    575     0x0000D280       0xFFFFFF80      0x007FFFBC         (0, 0, 10)      [1, 2, 3, 4, 5, 6, 7, 8, 9, 10, 11, 12, 13, 14, 15, 16] [N, W, SW, S]
    576     0x00011500       0xFFFFFF80      0x00000008         (0, 1, 2)      [] [W]
    577     0x00016900       0xFFFFFF80      0x00000010         (0, 1, 13)      [] [SW]
    578     0x0000AC80       0xFFFFFF80      0x00040000         (0, 0, 5)      [12] []
    579     0x00012D00       0xFFFFFF80      0x00004010         (0, 1, 5)      [8] [SW]
    580     0x00001680       0xFFFFFF80      0x00000100         (0, 0, 2)      [2] []
    581     0x0003F100       0xFFFFFF00      0x00001000         (0, 3, 14)      [6] []
    582     0x00014100       0xFFFFFF80      0x00000030         (0, 1, 8)      [] [SW, S]
    583     0x00019E00       0xFFFFFF80      0x00000001         (0, 1, 3)      [] [E]
    584     0x0000B800       0xFFFFFF80      0x00001000         (0, 0, 7)      [6] []
    585     0x00010600       0xFFFFFF80      0x00000020         (0, 1, 0)      [] [S]
    586     0x0000CE00       0xFFFFFF80      0x00000006         (0, 0, 9)      [] [NE, N]
    587     0x00004400       0xFFFFFF80      0x00001000         (0, 0, 8)      [6] []
    588     0x00008280       0xFFFFFF80      0x00200000         (0, 0, 0)      [15] []
    589     0x00018080       0xFFFFFF80      0x00400010         (0, 1, 0)      [16] [SW]
    590     0x00013B00       0xFFFFFF80      0x00002010         (0, 1, 7)      [7] [SW]
    591     0x00006D00       0xFFFFFF80      0x00000080         (0, 0, 13)      [1] []
    592     0x00002880       0xFFFFFF80      0x00008000         (0, 0, 5)      [9] []
    593     0x00008B00       0xFFFFFF80      0x00000200         (0, 0, 1)      [3] []
    594     0x00018180       0xFFFFFF80      0x00000010         (0, 1, 0)      [] [SW]
    595     0x0000A380       0xFFFFFF80      0x00000020         (0, 0, 4)      [] [S]
    596     0x0000C780       0xFFFFFF80      0x0000C020         (0, 0, 8)      [8, 9] [S]
    597     0x0003ED00       0xFFFFFF00      0x00000100         (0, 3, 13)      [2] []
    598     0x00013200       0xFFFFFF80      0x00000010         (0, 1, 6)      [] [SW]
    599     0x00008080       0xFFFFFF80      0x00020000         (0, 0, 0)      [11] []
    600     0x00018400       0xFFFFFF80      0x00000030         (0, 1, 0)      [] [SW, S]
    601     0x00024400       0xFFFFFF80      0x00000006         (0, 2, 8)      [] [NE, N]
    602     0x00004700       0xFFFFFF80      0x00040000         (0, 0, 8)      [12] []
    603     0x00018580       0xFFFFFF80      0x00000020         (0, 1, 0)      [] [S]
    604     0x0003EE00       0xFFFFFF00      0x00000200         (0, 3, 13)      [3] []
    605     0x0000BC00       0xFFFFFF80      0x00100020         (0, 0, 7)      [14] [S]
    606     0x00003880       0xFFFFFF80      0x00040000         (0, 0, 7)      [12] []
    607     0x00011100       0xFFFFFF80      0x00010010         (0, 1, 2)      [10] [SW]
    608     0x0000E380       0xFFFFFF80      0x00001830         (0, 0, 12)      [5, 6] [SW, S]
    609     0x00012E00       0xFFFFFF80      0x00010010         (0, 1, 5)      [10] [SW]
    610     0x00011F80       0xFFFFFF80      0x00010018         (0, 1, 3)      [10] [W, SW]
    611     0x00024280       0xFFFFFF80      0x00000006         (0, 2, 8)      [] [NE, N]
    612     0x00011180       0xFFFFFF80      0x00020010         (0, 1, 2)      [11] [SW]
    613     0x00007E00       0xFFFFFF80      0x00001000         (0, 0, 15)      [6] []
    614     0x00003B00       0xFFFFFF80      0x00000020         (0, 0, 7)      [] [S]
    615     0x00010380       0xFFFFFF80      0x00040000         (0, 1, 0)      [12] []
    616     0x0003EF00       0xFFFFFF00      0x00000400         (0, 3, 13)      [4] []
    617     0x00005700       0xFFFFFF80      0x00200000         (0, 0, 10)      [15] []
    618     0x00007500       0xFFFFFF80      0x00000020         (0, 0, 14)      [] [S]
    619     0x00006380       0xFFFFFF80      0x00020000         (0, 0, 12)      [11] []
    620     0x0000FB00       0xFFFFFF80      0x00000020         (0, 0, 15)      [] [S]
    621     0x0000E000       0xFFFFFF80      0x007FFFA0         (0, 0, 12)      [1, 2, 3, 4, 5, 6, 7, 8, 9, 10, 11, 12, 13, 14, 15, 16] [S]
    622     0x00014C80       0xFFFFFF80      0x00100020         (0, 1, 9)      [14] [S]
    623     0x00004580       0xFFFFFF80      0x00008000         (0, 0, 8)      [9] []
    624     0x0000DE00       0xFFFFFF80      0x007FFFB0         (0, 0, 11)      [1, 2, 3, 4, 5, 6, 7, 8, 9, 10, 11, 12, 13, 14, 15, 16] [SW, S]
    625     0x0000FC80       0xFFFFFF80      0x00000020         (0, 0, 15)      [] [S]
    626     0x0003F700       0xFFFFFF00      0x00040000         (0, 3, 14)      [12] []
    627     0x00000A00       0xFFFFFF80      0x00001000         (0, 0, 1)      [6] []
    628     0x00010B00       0xFFFFFF80      0x00000020         (0, 1, 1)      [] [S]
    629     0x00015880       0xFFFFFF80      0x00020010         (0, 1, 11)      [11] [SW]
    630     0x00017580       0xFFFFFF80      0x00000018         (0, 1, 14)      [] [W, SW]
    631     0x00009480       0xFFFFFF80      0x00000003         (0, 0, 2)      [] [E, NE]
    632     0x0000A800       0xFFFFFF80      0x00000200         (0, 0, 5)      [3] []
    633     0x0000C100       0xFFFFFF80      0x00000020         (0, 0, 8)      [] [S]
    634     0x00005580       0xFFFFFF80      0x00040000         (0, 0, 10)      [12] []
    635     0x0000F280       0xFFFFFF80      0x00002030         (0, 0, 14)      [7] [SW, S]
    636     0x00000780       0xFFFFFF80      0x00000080         (0, 0, 0)      [1] []
    637     0x00019D00       0xFFFFFF80      0x00000001         (0, 1, 3)      [] [E]
    638     0x0000A000       0xFFFFFF80      0x00400020         (0, 0, 4)      [16] [S]
    639     0x0000EB00       0xFFFFFF80      0x00000030         (0, 0, 13)      [] [SW, S]
    640     0x00013E80       0xFFFFFF80      0x00100010         (0, 1, 7)      [14] [SW]
    641     0x00004800       0xFFFFFF80      0x00100020         (0, 0, 9)      [14] [S]
    642     0x0003F200       0xFFFFFF00      0x00002000         (0, 3, 14)      [7] []
    643     0x00006C80       0xFFFFFF80      0x00000020         (0, 0, 13)      [] [S]
    644     0x0000C680       0xFFFFFF80      0x00003020         (0, 0, 8)      [6, 7] [S]
