router contains 654 entries 
 
  Index   Key(hex)    Mask(hex)    Route(hex)    Src. Core -> [Cores][Links]
------------------------------------------------------------------------------
    0     0x00012780       0xFFFFFF80      0x00001000         (0, 1, 4)      [6] []
    1     0x00002B80       0xFFFFFF80      0x00000002         (0, 0, 5)      [] [NE]
    2     0x0001F300       0xFFFFFF80      0x00200000         (0, 1, 14)      [15] []
    3     0x00020D00       0xFFFFFF80      0x00020000         (0, 2, 1)      [11] []
    4     0x00010780       0xFFFFFF80      0x00000003         (0, 1, 0)      [] [E, NE]
    5     0x0001A680       0xFFFFFF80      0x00001002         (0, 1, 4)      [6] [NE]
    6     0x0000FC80       0xFFFFFF80      0x00002002         (0, 0, 15)      [7] [NE]
    7     0x00001A00       0xFFFFFF80      0x00400000         (0, 0, 3)      [16] []
    8     0x0000C700       0xFFFFFF80      0x00000003         (0, 0, 8)      [] [E, NE]
    9     0x00007500       0xFFFFFF80      0x00000002         (0, 0, 14)      [] [NE]
    10     0x00015C80       0xFFFFFF80      0x00C00000         (0, 1, 11)      [16, 17] []
    11     0x00004580       0xFFFFFF80      0x00400000         (0, 0, 8)      [16] []
    12     0x00005700       0xFFFFFF80      0x00000002         (0, 0, 10)      [] [NE]
    13     0x0001F980       0xFFFFFF80      0x00002001         (0, 1, 15)      [7] [E]
    14     0x0000D700       0xFFFFFF80      0x00800000         (0, 0, 10)      [17] []
    15     0x00007F00       0xFFFFFF80      0x00000003         (0, 0, 15)      [] [E, NE]
    16     0x00023C00       0xFFFFFF80      0x00000008         (0, 2, 7)      [] [W]
    17     0x0001DC80       0xFFFFFF80      0x00008000         (0, 1, 11)      [9] []
    18     0x00018580       0xFFFFFF80      0x00001000         (0, 1, 0)      [6] []
    19     0x00020580       0xFFFFFF80      0x00100001         (0, 2, 0)      [14] [E]
    20     0x0000EC00       0xFFFFFF80      0x00000200         (0, 0, 13)      [3] []
    21     0x00013780       0xFFFFFF80      0x00008000         (0, 1, 6)      [9] []
    22     0x0001BE00       0xFFFFFF80      0x00100000         (0, 1, 7)      [14] []
    23     0x00014700       0xFFFFFF80      0x00060000         (0, 1, 8)      [11, 12] []
    24     0x0001AF80       0xFFFFFF80      0x00000400         (0, 1, 5)      [4] []
    25     0x0001E880       0xFFFFFF80      0x00001000         (0, 1, 13)      [6] []
    26     0x0001C800       0xFFFFFF80      0x00000003         (0, 1, 9)      [] [E, NE]
    27     0x0000F400       0xFFFFFF80      0x00800000         (0, 0, 14)      [17] []
    28     0x0000C100       0xFFFFFF80      0x00000402         (0, 0, 8)      [4] [NE]
    29     0x0001E180       0xFFFFFF80      0x00000800         (0, 1, 12)      [5] []
    30     0x00011080       0xFFFFFF80      0x00400000         (0, 1, 2)      [16] []
    31     0x00016D80       0xFFFFFF80      0x00002000         (0, 1, 13)      [7] []
    32     0x00016180       0xFFFFFF80      0x00C0C000         (0, 1, 12)      [16, 17, 8, 9] []
    33     0x0001EA00       0xFFFFFF80      0x00008000         (0, 1, 13)      [9] []
    34     0x0004E900       0xFFFFFF00      0x00000200         (0, 4, 13)      [3] []
    35     0x00024080       0xFFFFFF80      0x00000410         (0, 2, 8)      [4] [SW]
    36     0x00018400       0xFFFFFF80      0x00000200         (0, 1, 0)      [3] []
    37     0x00008580       0xFFFFFF80      0x00000083         (0, 0, 0)      [1] [E, NE]
    38     0x0004F500       0xFFFFFF00      0x00200000         (0, 4, 14)      [15] []
    39     0x00008E80       0xFFFFFF80      0x00800000         (0, 0, 1)      [17] []
    40     0x0000D180       0xFFFFFF80      0x00004000         (0, 0, 10)      [8] []
    41     0x0001FC80       0xFFFFFF80      0x00080001         (0, 1, 15)      [13] [E]
    42     0x0001B000       0xFFFFFF80      0x00000800         (0, 1, 6)      [5] []
    43     0x00020A00       0xFFFFFF80      0x00010000         (0, 2, 1)      [10] []
    44     0x0001A780       0xFFFFFF80      0x00004002         (0, 1, 4)      [8] [NE]
    45     0x00008E00       0xFFFFFF80      0x00400000         (0, 0, 1)      [16] []
    46     0x00018680       0xFFFFFF80      0x00004000         (0, 1, 0)      [8] []
    47     0x0001E580       0xFFFFFF80      0x00080000         (0, 1, 12)      [13] []
    48     0x00008680       0xFFFFFF80      0x00000200         (0, 0, 0)      [3] []
    49     0x00019480       0xFFFFFF80      0x00080000         (0, 1, 2)      [13] []
    50     0x00016400       0xFFFFFF80      0x00D80000         (0, 1, 12)      [16, 17, 13, 14] []
    51     0x00023F80       0xFFFFFF80      0x00000110         (0, 2, 7)      [2] [SW]
    52     0x0001CD00       0xFFFFFF80      0x00008003         (0, 1, 9)      [9] [E, NE]
    53     0x0001C900       0xFFFFFF80      0x00000083         (0, 1, 9)      [1] [E, NE]
    54     0x00011680       0xFFFFFF80      0x00000080         (0, 1, 2)      [1] []
    55     0x0004EE00       0xFFFFFF00      0x00004000         (0, 4, 13)      [8] []
    56     0x00016E80       0xFFFFFF80      0x00008000         (0, 1, 13)      [9] []
    57     0x0001FB00       0xFFFFFF80      0x00010001         (0, 1, 15)      [10] [E]
    58     0x0001F900       0xFFFFFF80      0x00001001         (0, 1, 15)      [6] [E]
    59     0x0001DE80       0xFFFFFF80      0x00080000         (0, 1, 11)      [13] []
    60     0x00013800       0xFFFFFF80      0x00010000         (0, 1, 7)      [10] []
    61     0x00015A80       0xFFFFFF80      0x00C00000         (0, 1, 11)      [16, 17] []
    62     0x0001A880       0xFFFFFF80      0x00010002         (0, 1, 5)      [10] [NE]
    63     0x0001F780       0xFFFFFF80      0x00080000         (0, 1, 14)      [13] []
    64     0x00015180       0xFFFFFF80      0x003FFFB3         (0, 1, 10)      [1, 2, 3, 4, 5, 6, 7, 8, 9, 10, 11, 12, 13, 14, 15] [E, NE, SW, S]
    65     0x0000C200       0xFFFFFF80      0x00001003         (0, 0, 8)      [6] [E, NE]
    66     0x0000FD80       0xFFFFFF80      0x00008002         (0, 0, 15)      [9] [NE]
    67     0x0000DF80       0xFFFFFF80      0x00002000         (0, 0, 11)      [7] []
    68     0x00021D00       0xFFFFFF80      0x00000010         (0, 2, 3)      [] [SW]
    69     0x0000EC80       0xFFFFFF80      0x00000400         (0, 0, 13)      [4] []
    70     0x00015F80       0xFFFFFF80      0x00C00C00         (0, 1, 11)      [16, 17, 4, 5] []
    71     0x0001E400       0xFFFFFF80      0x00010000         (0, 1, 12)      [10] []
    72     0x0001BA80       0xFFFFFF80      0x00002000         (0, 1, 7)      [7] []
    73     0x00015F00       0xFFFFFF80      0x00C00600         (0, 1, 11)      [16, 17, 3, 4] []
    74     0x0001BE80       0xFFFFFF80      0x00200000         (0, 1, 7)      [15] []
    75     0x0001D500       0xFFFFFF80      0x00008000         (0, 1, 10)      [9] []
    76     0x0001DD80       0xFFFFFF80      0x00020000         (0, 1, 11)      [11] []
    77     0x00003B00       0xFFFFFF80      0x00000002         (0, 0, 7)      [] [NE]
    78     0x0001EE80       0xFFFFFF80      0x00001000         (0, 1, 13)      [6] []
    79     0x0000A280       0xFFFFFF80      0x00000080         (0, 0, 4)      [1] []
    80     0x00014C80       0xFFFFFF80      0x003FFF80         (0, 1, 9)      [1, 2, 3, 4, 5, 6, 7, 8, 9, 10, 11, 12, 13, 14, 15] []
    81     0x0000BD00       0xFFFFFF80      0x00000002         (0, 0, 7)      [] [NE]
    82     0x00019D80       0xFFFFFF80      0x00008000         (0, 1, 3)      [9] []
    83     0x00011C80       0xFFFFFF80      0x00080000         (0, 1, 3)      [13] []
    84     0x00007F80       0xFFFFFF80      0x00400003         (0, 0, 15)      [16] [E, NE]
    85     0x00012600       0xFFFFFF80      0x00000200         (0, 1, 4)      [3] []
    86     0x00018480       0xFFFFFF80      0x00000400         (0, 1, 0)      [4] []
    87     0x00003A80       0xFFFFFF80      0x00000002         (0, 0, 7)      [] [NE]
    88     0x00010D80       0xFFFFFF80      0x00040000         (0, 1, 1)      [12] []
    89     0x00015900       0xFFFFFF80      0x00C00000         (0, 1, 11)      [16, 17] []
    90     0x0001DF00       0xFFFFFF80      0x00100000         (0, 1, 11)      [14] []
    91     0x00018E00       0xFFFFFF80      0x00000010         (0, 1, 1)      [] [SW]
    92     0x0001FE80       0xFFFFFF80      0x00004001         (0, 1, 15)      [8] [E]
    93     0x0001D000       0xFFFFFF80      0x00200001         (0, 1, 10)      [15] [E]
    94     0x0004EA00       0xFFFFFF00      0x00000400         (0, 4, 13)      [4] []
    95     0x00024380       0xFFFFFF80      0x00010000         (0, 2, 8)      [10] []
    96     0x00014A00       0xFFFFFF80      0x00FFFF80         (0, 1, 9)      [1, 2, 3, 4, 5, 6, 7, 8, 9, 10, 11, 12, 13, 14, 15, 16, 17] []
    97     0x0001EB00       0xFFFFFF80      0x00020000         (0, 1, 13)      [11] []
    98     0x00015D80       0xFFFFFF80      0x00C00080         (0, 1, 11)      [16, 17, 1] []
    99     0x00015080       0xFFFFFF80      0x003FFFB7         (0, 1, 10)      [1, 2, 3, 4, 5, 6, 7, 8, 9, 10, 11, 12, 13, 14, 15] [E, NE, N, SW, S]
    100     0x0000EB00       0xFFFFFF80      0x00000080         (0, 0, 13)      [1] []
    101     0x00013400       0xFFFFFF80      0x00000100         (0, 1, 6)      [2] []
    102     0x0001E600       0xFFFFFF80      0x00100000         (0, 1, 12)      [14] []
    103     0x00014500       0xFFFFFF80      0x00006000         (0, 1, 8)      [8, 7] []
    104     0x0001A400       0xFFFFFF80      0x00000080         (0, 1, 4)      [1] []
    105     0x00015800       0xFFFFFF80      0x00C00033         (0, 1, 11)      [16, 17] [E, NE, SW, S]
    106     0x00020F00       0xFFFFFF80      0x00200000         (0, 2, 1)      [15] []
    107     0x0000E580       0xFFFFFF80      0x00800000         (0, 0, 12)      [17] []
    108     0x0000CF00       0xFFFFFF80      0x00000200         (0, 0, 9)      [3] []
    109     0x00015280       0xFFFFFF80      0x003FFFB3         (0, 1, 10)      [1, 2, 3, 4, 5, 6, 7, 8, 9, 10, 11, 12, 13, 14, 15] [E, NE, SW, S]
    110     0x0001E980       0xFFFFFF80      0x00004000         (0, 1, 13)      [8] []
    111     0x00018F80       0xFFFFFF80      0x00000210         (0, 1, 1)      [3] [SW]
    112     0x0001C400       0xFFFFFF80      0x00004000         (0, 1, 8)      [8] []
    113     0x0001E800       0xFFFFFF80      0x00000800         (0, 1, 13)      [5] []
    114     0x0000EE80       0xFFFFFF80      0x00004000         (0, 0, 13)      [8] []
    115     0x00011780       0xFFFFFF80      0x00000200         (0, 1, 2)      [3] []
    116     0x0001F400       0xFFFFFF80      0x00001000         (0, 1, 14)      [6] []
    117     0x00007680       0xFFFFFF80      0x00000002         (0, 0, 14)      [] [NE]
    118     0x0001B900       0xFFFFFF80      0x00000400         (0, 1, 7)      [4] []
    119     0x00024000       0xFFFFFF80      0x00000210         (0, 2, 8)      [3] [SW]
    120     0x00019D00       0xFFFFFF80      0x00004000         (0, 1, 3)      [8] []
    121     0x0000FC00       0xFFFFFF80      0x00001002         (0, 0, 15)      [6] [NE]
    122     0x00012B80       0xFFFFFF80      0x00100000         (0, 1, 5)      [14] []
    123     0x0000D100       0xFFFFFF80      0x00002000         (0, 0, 10)      [7] []
    124     0x00010680       0xFFFFFF80      0x00000003         (0, 1, 0)      [] [E, NE]
    125     0x00016300       0xFFFFFF80      0x00C60000         (0, 1, 12)      [16, 17, 11, 12] []
    126     0x00015680       0xFFFFFF80      0x003FFFB7         (0, 1, 10)      [1, 2, 3, 4, 5, 6, 7, 8, 9, 10, 11, 12, 13, 14, 15] [E, NE, N, SW, S]
    127     0x0001C300       0xFFFFFF80      0x00001000         (0, 1, 8)      [6] []
    128     0x00023D00       0xFFFFFF80      0x00000010         (0, 2, 7)      [] [SW]
    129     0x0001DD00       0xFFFFFF80      0x00010000         (0, 1, 11)      [10] []
    130     0x0001E280       0xFFFFFF80      0x00002000         (0, 1, 12)      [7] []
    131     0x0001F080       0xFFFFFF80      0x00010000         (0, 1, 14)      [10] []
    132     0x00004600       0xFFFFFF80      0x00800000         (0, 0, 8)      [17] []
    133     0x00017C80       0xFFFFFF80      0x00040000         (0, 1, 15)      [12] []
    134     0x0001ED00       0xFFFFFF80      0x00200000         (0, 1, 13)      [15] []
    135     0x0000B180       0xFFFFFF80      0x00000102         (0, 0, 6)      [2] [NE]
    136     0x00009580       0xFFFFFF80      0x00000400         (0, 0, 2)      [4] []
    137     0x00019E00       0xFFFFFF80      0x00010000         (0, 1, 3)      [10] []
    138     0x00010880       0xFFFFFF80      0x00000103         (0, 1, 1)      [2] [E, NE]
    139     0x0001D780       0xFFFFFF80      0x00100001         (0, 1, 10)      [14] [E]
    140     0x00009400       0xFFFFFF80      0x00000080         (0, 0, 2)      [1] []
    141     0x0000DF00       0xFFFFFF80      0x00001000         (0, 0, 11)      [6] []
    142     0x0001D680       0xFFFFFF80      0x00040001         (0, 1, 10)      [12] [E]
    143     0x00019180       0xFFFFFF80      0x00002010         (0, 1, 2)      [7] [SW]
    144     0x0001B200       0xFFFFFF80      0x00008000         (0, 1, 6)      [9] []
    145     0x00003A00       0xFFFFFF80      0x00000002         (0, 0, 7)      [] [NE]
    146     0x0001DE00       0xFFFFFF80      0x00040000         (0, 1, 11)      [12] []
    147     0x00011880       0xFFFFFF80      0x00000800         (0, 1, 3)      [5] []
    148     0x00014E00       0xFFFFFF80      0x003FFF80         (0, 1, 9)      [1, 2, 3, 4, 5, 6, 7, 8, 9, 10, 11, 12, 13, 14, 15] []
    149     0x0001D380       0xFFFFFF80      0x00001000         (0, 1, 10)      [6] []
    150     0x00013880       0xFFFFFF80      0x00020000         (0, 1, 7)      [11] []
    151     0x00024200       0xFFFFFF80      0x00002010         (0, 2, 8)      [7] [SW]
    152     0x00015880       0xFFFFFF80      0x00C00000         (0, 1, 11)      [16, 17] []
    153     0x00020D80       0xFFFFFF80      0x00040000         (0, 2, 1)      [12] []
    154     0x00012E00       0xFFFFFF80      0x00800000         (0, 1, 5)      [17] []
    155     0x0001AB00       0xFFFFFF80      0x00200000         (0, 1, 5)      [15] []
    156     0x0001F200       0xFFFFFF80      0x00080000         (0, 1, 14)      [13] []
    157     0x00019200       0xFFFFFF80      0x00004010         (0, 1, 2)      [8] [SW]
    158     0x0001FE00       0xFFFFFF80      0x00002001         (0, 1, 15)      [7] [E]
    159     0x00014800       0xFFFFFF80      0x00180000         (0, 1, 9)      [13, 14] []
    160     0x0001AC00       0xFFFFFF80      0x00000002         (0, 1, 5)      [] [NE]
    161     0x00020C00       0xFFFFFF80      0x00100000         (0, 2, 1)      [14] []
    162     0x00000E80       0xFFFFFF80      0x00000002         (0, 0, 1)      [] [NE]
    163     0x00011A80       0xFFFFFF80      0x00008000         (0, 1, 3)      [9] []
    164     0x00022000       0xFFFFFF80      0x00C00000         (0, 2, 4)      [16, 17] []
    165     0x00010B80       0xFFFFFF80      0x00004003         (0, 1, 1)      [8] [E, NE]
    166     0x00008080       0xFFFFFF80      0x00000003         (0, 0, 0)      [] [E, NE]
    167     0x0000AB00       0xFFFFFF80      0x00400000         (0, 0, 5)      [16] []
    168     0x00016C80       0xFFFFFF80      0x00000800         (0, 1, 13)      [5] []
    169     0x00021400       0xFFFFFF80      0x00200000         (0, 2, 2)      [15] []
    170     0x0004EC00       0xFFFFFF00      0x00001000         (0, 4, 13)      [6] []
    171     0x0001F500       0xFFFFFF80      0x00004000         (0, 1, 14)      [8] []
    172     0x0001B280       0xFFFFFF80      0x00010000         (0, 1, 6)      [10] []
    173     0x0001D880       0xFFFFFF80      0x00000080         (0, 1, 11)      [1] []
    174     0x00010200       0xFFFFFF80      0x00400000         (0, 1, 0)      [16] []
    175     0x00010500       0xFFFFFF80      0x00000003         (0, 1, 0)      [] [E, NE]
    176     0x0001CF00       0xFFFFFF80      0x00080003         (0, 1, 9)      [13] [E, NE]
    177     0x00002900       0xFFFFFF80      0x00800000         (0, 0, 5)      [17] []
    178     0x00013500       0xFFFFFF80      0x00000400         (0, 1, 6)      [4] []
    179     0x00020E00       0xFFFFFF80      0x00080000         (0, 2, 1)      [13] []
    180     0x0001F280       0xFFFFFF80      0x00100000         (0, 1, 14)      [14] []
    181     0x00006580       0xFFFFFF80      0x00000002         (0, 0, 12)      [] [NE]
    182     0x00018800       0xFFFFFF80      0x00020000         (0, 1, 1)      [11] []
    183     0x00018A00       0xFFFFFF80      0x00200000         (0, 1, 1)      [15] []
    184     0x00022100       0xFFFFFF80      0x00000008         (0, 2, 4)      [] [W]
    185     0x00023A00       0xFFFFFF80      0x00000008         (0, 2, 7)      [] [W]
    186     0x00010A80       0xFFFFFF80      0x00001003         (0, 1, 1)      [6] [E, NE]
    187     0x0000C600       0xFFFFFF80      0x00000002         (0, 0, 8)      [] [NE]
    188     0x0000DC80       0xFFFFFF80      0x00000080         (0, 0, 11)      [1] []
    189     0x00023A80       0xFFFFFF80      0x00000008         (0, 2, 7)      [] [W]
    190     0x0001E380       0xFFFFFF80      0x00008000         (0, 1, 12)      [9] []
    191     0x00010980       0xFFFFFF80      0x00000403         (0, 1, 1)      [4] [E, NE]
    192     0x0001AA80       0xFFFFFF80      0x00100000         (0, 1, 5)      [14] []
    193     0x00008200       0xFFFFFF80      0x00000003         (0, 0, 0)      [] [E, NE]
    194     0x00017000       0xFFFFFF80      0x00040000         (0, 1, 14)      [12] []
    195     0x0000FB00       0xFFFFFF80      0x00000400         (0, 0, 15)      [4] []
    196     0x00016500       0xFFFFFF80      0x00C00000         (0, 1, 12)      [16, 17] []
    197     0x00013A80       0xFFFFFF80      0x00200000         (0, 1, 7)      [15] []
    198     0x0004E700       0xFFFFFF00      0x00000080         (0, 4, 12)      [1] []
    199     0x0001CE80       0xFFFFFF80      0x00040003         (0, 1, 9)      [12] [E, NE]
    200     0x00018900       0xFFFFFF80      0x00080000         (0, 1, 1)      [13] []
    201     0x00011980       0xFFFFFF80      0x00002000         (0, 1, 3)      [7] []
    202     0x00017900       0xFFFFFF80      0x00000800         (0, 1, 15)      [5] []
    203     0x0001FD80       0xFFFFFF80      0x00200001         (0, 1, 15)      [15] [E]
    204     0x00015480       0xFFFFFF80      0x003FFFB3         (0, 1, 10)      [1, 2, 3, 4, 5, 6, 7, 8, 9, 10, 11, 12, 13, 14, 15] [E, NE, SW, S]
    205     0x00023B00       0xFFFFFF80      0x00000008         (0, 2, 7)      [] [W]
    206     0x0000C780       0xFFFFFF80      0x00000003         (0, 0, 8)      [] [E, NE]
    207     0x0001FA00       0xFFFFFF80      0x00004001         (0, 1, 15)      [8] [E]
    208     0x00018B80       0xFFFFFF80      0x00000010         (0, 1, 1)      [] [SW]
    209     0x0004F600       0xFFFFFF00      0x00400000         (0, 4, 14)      [16] []
    210     0x0001D400       0xFFFFFF80      0x00002000         (0, 1, 10)      [7] []
    211     0x00014180       0xFFFFFF80      0x00000080         (0, 1, 8)      [1] []
    212     0x0001FF80       0xFFFFFF80      0x00010001         (0, 1, 15)      [10] [E]
    213     0x00014B00       0xFFFFFF80      0x003FFF80         (0, 1, 9)      [1, 2, 3, 4, 5, 6, 7, 8, 9, 10, 11, 12, 13, 14, 15] []
    214     0x00010C80       0xFFFFFF80      0x00010000         (0, 1, 1)      [10] []
    215     0x00008500       0xFFFFFF80      0x00000003         (0, 0, 0)      [] [E, NE]
    216     0x00016A80       0xFFFFFF80      0x00000080         (0, 1, 13)      [1] []
    217     0x0000A400       0xFFFFFF80      0x00000400         (0, 0, 4)      [4] []
    218     0x00018380       0xFFFFFF80      0x00000100         (0, 1, 0)      [2] []
    219     0x0001A480       0xFFFFFF80      0x00000100         (0, 1, 4)      [2] []
    220     0x00024580       0xFFFFFF80      0x00100000         (0, 2, 8)      [14] []
    221     0x00004980       0xFFFFFF80      0x00000002         (0, 0, 9)      [] [NE]
    222     0x0001D600       0xFFFFFF80      0x00020000         (0, 1, 10)      [11] []
    223     0x0001A500       0xFFFFFF80      0x00000202         (0, 1, 4)      [3] [NE]
    224     0x00016B80       0xFFFFFF80      0x00000200         (0, 1, 13)      [3] []
    225     0x0001CF80       0xFFFFFF80      0x00100001         (0, 1, 9)      [14] [E]
    226     0x00012A00       0xFFFFFF80      0x00020000         (0, 1, 5)      [11] []
    227     0x00003B80       0xFFFFFF80      0x00000002         (0, 0, 7)      [] [NE]
    228     0x0001C100       0xFFFFFF80      0x00000100         (0, 1, 8)      [2] []
    229     0x0000E080       0xFFFFFF80      0x00008000         (0, 0, 12)      [9] []
    230     0x00014780       0xFFFFFF80      0x000C0000         (0, 1, 8)      [12, 13] []
    231     0x00002C00       0xFFFFFF80      0x00000002         (0, 0, 5)      [] [NE]
    232     0x0001E680       0xFFFFFF80      0x00200000         (0, 1, 12)      [15] []
    233     0x0001F380       0xFFFFFF80      0x00000800         (0, 1, 14)      [5] []
    234     0x0001F180       0xFFFFFF80      0x00040000         (0, 1, 14)      [12] []
    235     0x00012880       0xFFFFFF80      0x00004000         (0, 1, 5)      [8] []
    236     0x00015C00       0xFFFFFF80      0x00C00000         (0, 1, 11)      [16, 17] []
    237     0x0004EB00       0xFFFFFF00      0x00000800         (0, 4, 13)      [5] []
    238     0x00010400       0xFFFFFF80      0x00000003         (0, 1, 0)      [] [E, NE]
    239     0x0001A580       0xFFFFFF80      0x00000402         (0, 1, 4)      [4] [NE]
    240     0x0000BE80       0xFFFFFF80      0x00000002         (0, 0, 7)      [] [NE]
    241     0x00012700       0xFFFFFF80      0x00000800         (0, 1, 4)      [5] []
    242     0x0000DD80       0xFFFFFF80      0x00000200         (0, 0, 11)      [3] []
    243     0x00006700       0xFFFFFF80      0x00000002         (0, 0, 12)      [] [NE]
    244     0x00017180       0xFFFFFF80      0x00200000         (0, 1, 14)      [15] []
    245     0x00021000       0xFFFFFF80      0x00080000         (0, 2, 2)      [13] []
    246     0x00020380       0xFFFFFF80      0x00010001         (0, 2, 0)      [10] [E]
    247     0x0001C200       0xFFFFFF80      0x00000400         (0, 1, 8)      [4] []
    248     0x0000C000       0xFFFFFF80      0x00000102         (0, 0, 8)      [2] [NE]
    249     0x00019300       0xFFFFFF80      0x00010010         (0, 1, 2)      [10] [SW]
    250     0x00020680       0xFFFFFF80      0x00008001         (0, 2, 0)      [9] [E]
    251     0x00019F00       0xFFFFFF80      0x00040000         (0, 1, 3)      [12] []
    252     0x00023E00       0xFFFFFF80      0x00000010         (0, 2, 7)      [] [SW]
    253     0x00005480       0xFFFFFF80      0x00800000         (0, 0, 10)      [17] []
    254     0x0001A000       0xFFFFFF80      0x00100000         (0, 1, 4)      [14] []
    255     0x00004900       0xFFFFFF80      0x00000002         (0, 0, 9)      [] [NE]
    256     0x0001DB00       0xFFFFFF80      0x00001000         (0, 1, 11)      [6] []
    257     0x0001DA00       0xFFFFFF80      0x00000400         (0, 1, 11)      [4] []
    258     0x00015580       0xFFFFFF80      0x003FFFB3         (0, 1, 10)      [1, 2, 3, 4, 5, 6, 7, 8, 9, 10, 11, 12, 13, 14, 15] [E, NE, SW, S]
    259     0x00018880       0xFFFFFF80      0x00040000         (0, 1, 1)      [12] []
    260     0x00020200       0xFFFFFF80      0x00200001         (0, 2, 0)      [15] [E]
    261     0x00017780       0xFFFFFF80      0x00000100         (0, 1, 14)      [2] []
    262     0x00017B00       0xFFFFFF80      0x00008000         (0, 1, 15)      [9] []
    263     0x00021280       0xFFFFFF80      0x00200000         (0, 2, 2)      [15] []
    264     0x00005880       0xFFFFFF80      0x00000002         (0, 0, 11)      [] [NE]
    265     0x0001E700       0xFFFFFF80      0x00000200         (0, 1, 12)      [3] []
    266     0x0000FB80       0xFFFFFF80      0x00000800         (0, 0, 15)      [5] []
    267     0x00015A00       0xFFFFFF80      0x00C00000         (0, 1, 11)      [16, 17] []
    268     0x00016080       0xFFFFFF80      0x00C03000         (0, 1, 12)      [16, 17, 6, 7] []
    269     0x0000CE80       0xFFFFFF80      0x00000100         (0, 0, 9)      [2] []
    270     0x00009C80       0xFFFFFF80      0x00400000         (0, 0, 3)      [16] []
    271     0x00013380       0xFFFFFF80      0x00000080         (0, 1, 6)      [1] []
    272     0x00020300       0xFFFFFF80      0x00008001         (0, 2, 0)      [9] [E]
    273     0x0000D080       0xFFFFFF80      0x00001000         (0, 0, 10)      [6] []
    274     0x0000DE80       0xFFFFFF80      0x00000800         (0, 0, 11)      [5] []
    275     0x00020780       0xFFFFFF80      0x00020001         (0, 2, 0)      [11] [E]
    276     0x0001CA00       0xFFFFFF80      0x00000203         (0, 1, 9)      [3] [E, NE]
    277     0x0001A700       0xFFFFFF80      0x00002002         (0, 1, 4)      [7] [NE]
    278     0x0000D000       0xFFFFFF80      0x00000800         (0, 0, 10)      [5] []
    279     0x00015D00       0xFFFFFF80      0x00C00000         (0, 1, 11)      [16, 17] []
    280     0x0001C980       0xFFFFFF80      0x00000103         (0, 1, 9)      [2] [E, NE]
    281     0x00020180       0xFFFFFF80      0x00100001         (0, 2, 0)      [14] [E]
    282     0x0001E480       0xFFFFFF80      0x00020000         (0, 1, 12)      [11] []
    283     0x00008180       0xFFFFFF80      0x00000003         (0, 0, 0)      [] [E, NE]
    284     0x0000AB80       0xFFFFFF80      0x00800000         (0, 0, 5)      [17] []
    285     0x0001EB80       0xFFFFFF80      0x00040000         (0, 1, 13)      [12] []
    286     0x00013980       0xFFFFFF80      0x00080000         (0, 1, 7)      [13] []
    287     0x00020280       0xFFFFFF80      0x00004001         (0, 2, 0)      [8] [E]
    288     0x0001FD00       0xFFFFFF80      0x00100001         (0, 1, 15)      [14] [E]
    289     0x0001E000       0xFFFFFF80      0x00000100         (0, 1, 12)      [2] []
    290     0x0000ED80       0xFFFFFF80      0x00001000         (0, 0, 13)      [6] []
    291     0x00011B80       0xFFFFFF80      0x00020000         (0, 1, 3)      [11] []
    292     0x00015980       0xFFFFFF80      0x00C00000         (0, 1, 11)      [16, 17] []
    293     0x00014D00       0xFFFFFF80      0x003FFF80         (0, 1, 9)      [1, 2, 3, 4, 5, 6, 7, 8, 9, 10, 11, 12, 13, 14, 15] []
    294     0x00014400       0xFFFFFF80      0x00001800         (0, 1, 8)      [5, 6] []
    295     0x00011700       0xFFFFFF80      0x00000100         (0, 1, 2)      [2] []
    296     0x0000BD80       0xFFFFFF80      0x00000002         (0, 0, 7)      [] [NE]
    297     0x00003700       0xFFFFFF80      0x00400000         (0, 0, 6)      [16] []
    298     0x0001CC80       0xFFFFFF80      0x00004003         (0, 1, 9)      [8] [E, NE]
    299     0x00022180       0xFFFFFF80      0x00000008         (0, 2, 4)      [] [W]
    300     0x0001A600       0xFFFFFF80      0x00000802         (0, 1, 4)      [5] [NE]
    301     0x0000B300       0xFFFFFF80      0x00000802         (0, 0, 6)      [5] [NE]
    302     0x00005780       0xFFFFFF80      0x00000002         (0, 0, 10)      [] [NE]
    303     0x00024600       0xFFFFFF80      0x00200000         (0, 2, 8)      [15] []
    304     0x00015400       0xFFFFFF80      0x003FFFB3         (0, 1, 10)      [1, 2, 3, 4, 5, 6, 7, 8, 9, 10, 11, 12, 13, 14, 15] [E, NE, SW, S]
    305     0x00018D80       0xFFFFFF80      0x00000010         (0, 1, 1)      [] [SW]
    306     0x00019C00       0xFFFFFF80      0x00001000         (0, 1, 3)      [6] []
    307     0x0001F480       0xFFFFFF80      0x00002000         (0, 1, 14)      [7] []
    308     0x0001AE00       0xFFFFFF80      0x00000080         (0, 1, 5)      [1] []
    309     0x0001EA80       0xFFFFFF80      0x00010000         (0, 1, 13)      [10] []
    310     0x00018500       0xFFFFFF80      0x00000800         (0, 1, 0)      [5] []
    311     0x00014880       0xFFFFFF80      0x00300000         (0, 1, 9)      [14, 15] []
    312     0x00014380       0xFFFFFF80      0x00000C00         (0, 1, 8)      [4, 5] []
    313     0x0001C780       0xFFFFFF80      0x00200003         (0, 1, 8)      [15] [E, NE]
    314     0x00022080       0xFFFFFF80      0x00000008         (0, 2, 4)      [] [W]
    315     0x0001CD80       0xFFFFFF80      0x00010003         (0, 1, 9)      [10] [E, NE]
    316     0x0001AF00       0xFFFFFF80      0x00000200         (0, 1, 5)      [3] []
    317     0x0001AE80       0xFFFFFF80      0x00000100         (0, 1, 5)      [2] []
    318     0x0001B780       0xFFFFFF80      0x00000080         (0, 1, 6)      [1] []
    319     0x00016580       0xFFFFFF80      0x00800000         (0, 1, 12)      [17] []
    320     0x00017080       0xFFFFFF80      0x00080000         (0, 1, 14)      [13] []
    321     0x0001CA80       0xFFFFFF80      0x00000403         (0, 1, 9)      [4] [E, NE]
    322     0x00014F80       0xFFFFFF80      0x003FFF80         (0, 1, 9)      [1, 2, 3, 4, 5, 6, 7, 8, 9, 10, 11, 12, 13, 14, 15] []
    323     0x00021300       0xFFFFFF80      0x00100000         (0, 2, 2)      [14] []
    324     0x00007580       0xFFFFFF80      0x00000002         (0, 0, 14)      [] [NE]
    325     0x00005980       0xFFFFFF80      0x00000002         (0, 0, 11)      [] [NE]
    326     0x00015780       0xFFFFFF80      0x00C00037         (0, 1, 10)      [16, 17] [E, NE, N, SW, S]
    327     0x0001FF00       0xFFFFFF80      0x00008001         (0, 1, 15)      [9] [E]
    328     0x00007400       0xFFFFFF80      0x00000002         (0, 0, 14)      [] [NE]
    329     0x00004880       0xFFFFFF80      0x00000002         (0, 0, 9)      [] [NE]
    330     0x00014980       0xFFFFFF80      0x007FFF80         (0, 1, 9)      [1, 2, 3, 4, 5, 6, 7, 8, 9, 10, 11, 12, 13, 14, 15, 16] []
    331     0x0001A900       0xFFFFFF80      0x00020002         (0, 1, 5)      [11] [NE]
    332     0x00016E00       0xFFFFFF80      0x00004000         (0, 1, 13)      [8] []
    333     0x00017A00       0xFFFFFF80      0x00002000         (0, 1, 15)      [7] []
    334     0x0001BD80       0xFFFFFF80      0x00080000         (0, 1, 7)      [13] []
    335     0x00024400       0xFFFFFF80      0x00020000         (0, 2, 8)      [11] []
    336     0x00019B00       0xFFFFFF80      0x00000400         (0, 1, 3)      [4] []
    337     0x00020F80       0xFFFFFF80      0x00040000         (0, 2, 1)      [12] []
    338     0x0000C900       0xFFFFFF80      0x00000003         (0, 0, 9)      [] [E, NE]
    339     0x00015000       0xFFFFFF80      0x003FFFB3         (0, 1, 10)      [1, 2, 3, 4, 5, 6, 7, 8, 9, 10, 11, 12, 13, 14, 15] [E, NE, SW, S]
    340     0x00006880       0xFFFFFF80      0x00000082         (0, 0, 13)      [1] [NE]
    341     0x00012580       0xFFFFFF80      0x00000100         (0, 1, 4)      [2] []
    342     0x0001B800       0xFFFFFF80      0x00000100         (0, 1, 7)      [2] []
    343     0x00018780       0xFFFFFF80      0x00010000         (0, 1, 0)      [10] []
    344     0x00017D00       0xFFFFFF80      0x00080000         (0, 1, 15)      [13] []
    345     0x0001B480       0xFFFFFF80      0x00100000         (0, 1, 6)      [14] []
    346     0x00014280       0xFFFFFF80      0x00000300         (0, 1, 8)      [2, 3] []
    347     0x00016F00       0xFFFFFF80      0x00010000         (0, 1, 13)      [10] []
    348     0x0001B080       0xFFFFFF80      0x00001000         (0, 1, 6)      [6] []
    349     0x0000FA80       0xFFFFFF80      0x00000200         (0, 0, 15)      [3] []
    350     0x0000B080       0xFFFFFF80      0x00000002         (0, 0, 6)      [] [NE]
    351     0x00016B00       0xFFFFFF80      0x00000100         (0, 1, 13)      [2] []
    352     0x0001F580       0xFFFFFF80      0x00008000         (0, 1, 14)      [9] []
    353     0x00008300       0xFFFFFF80      0x00000003         (0, 0, 0)      [] [E, NE]
    354     0x00020480       0xFFFFFF80      0x00040001         (0, 2, 0)      [12] [E]
    355     0x00015E80       0xFFFFFF80      0x00C00300         (0, 1, 11)      [16, 17, 2, 3] []
    356     0x00010D00       0xFFFFFF80      0x00020000         (0, 1, 1)      [11] []
    357     0x00014480       0xFFFFFF80      0x00003000         (0, 1, 8)      [6, 7] []
    358     0x00021080       0xFFFFFF80      0x00100000         (0, 2, 2)      [14] []
    359     0x0001D100       0xFFFFFF80      0x00000080         (0, 1, 10)      [1] []
    360     0x0000EE00       0xFFFFFF80      0x00002000         (0, 0, 13)      [7] []
    361     0x00013700       0xFFFFFF80      0x00004000         (0, 1, 6)      [8] []
    362     0x0001D280       0xFFFFFF80      0x00000400         (0, 1, 10)      [4] []
    363     0x00000B80       0xFFFFFF80      0x00400000         (0, 0, 1)      [16] []
    364     0x0001A080       0xFFFFFF80      0x00200000         (0, 1, 4)      [15] []
    365     0x0004EF00       0xFFFFFF00      0x00008000         (0, 4, 13)      [9] []
    366     0x00001D00       0xFFFFFF80      0x00000002         (0, 0, 3)      [] [NE]
    367     0x0001DC00       0xFFFFFF80      0x00004000         (0, 1, 11)      [8] []
    368     0x00020B00       0xFFFFFF80      0x00040000         (0, 2, 1)      [12] []
    369     0x00015200       0xFFFFFF80      0x003FFFB3         (0, 1, 10)      [1, 2, 3, 4, 5, 6, 7, 8, 9, 10, 11, 12, 13, 14, 15] [E, NE, SW, S]
    370     0x00012B00       0xFFFFFF80      0x00080000         (0, 1, 5)      [13] []
    371     0x0001D700       0xFFFFFF80      0x00080001         (0, 1, 10)      [13] [E]
    372     0x00020700       0xFFFFFF80      0x00010001         (0, 2, 0)      [10] [E]
    373     0x0001C880       0xFFFFFF80      0x00000003         (0, 1, 9)      [] [E, NE]
    374     0x00013C00       0xFFFFFF80      0x00400000         (0, 1, 7)      [16] []
    375     0x0001CB80       0xFFFFFF80      0x00001003         (0, 1, 9)      [6] [E, NE]
    376     0x00007E80       0xFFFFFF80      0x00000003         (0, 0, 15)      [] [E, NE]
    377     0x0000C280       0xFFFFFF80      0x00002003         (0, 0, 8)      [7] [E, NE]
    378     0x00019000       0xFFFFFF80      0x00000410         (0, 1, 2)      [4] [SW]
    379     0x00017A80       0xFFFFFF80      0x00004000         (0, 1, 15)      [8] []
    380     0x00008100       0xFFFFFF80      0x00000003         (0, 0, 0)      [] [E, NE]
    381     0x0000D680       0xFFFFFF80      0x00400000         (0, 0, 10)      [16] []
    382     0x00012500       0xFFFFFF80      0x00000080         (0, 1, 4)      [1] []
    383     0x00018E80       0xFFFFFF80      0x00000090         (0, 1, 1)      [1] [SW]
    384     0x00009500       0xFFFFFF80      0x00000200         (0, 0, 2)      [3] []
    385     0x00014300       0xFFFFFF80      0x00000600         (0, 1, 8)      [3, 4] []
    386     0x0001C600       0xFFFFFF80      0x00040000         (0, 1, 8)      [12] []
    387     0x00017880       0xFFFFFF80      0x00000400         (0, 1, 15)      [4] []
    388     0x0001EE00       0xFFFFFF80      0x00000800         (0, 1, 13)      [5] []
    389     0x0000E000       0xFFFFFF80      0x00004000         (0, 0, 12)      [8] []
    390     0x0001FC00       0xFFFFFF80      0x00040001         (0, 1, 15)      [12] [E]
    391     0x00020080       0xFFFFFF80      0x00040001         (0, 2, 0)      [12] [E]
    392     0x00012980       0xFFFFFF80      0x00010000         (0, 1, 5)      [10] []
    393     0x0000EB80       0xFFFFFF80      0x00000100         (0, 0, 13)      [2] []
    394     0x0001B880       0xFFFFFF80      0x00000200         (0, 1, 7)      [3] []
    395     0x00024300       0xFFFFFF80      0x00008010         (0, 2, 8)      [9] [SW]
    396     0x0001C700       0xFFFFFF80      0x00100003         (0, 1, 8)      [14] [E, NE]
    397     0x00018600       0xFFFFFF80      0x00002000         (0, 1, 0)      [7] []
    398     0x00007100       0xFFFFFF80      0x00400000         (0, 0, 14)      [16] []
    399     0x00021180       0xFFFFFF80      0x00080000         (0, 2, 2)      [13] []
    400     0x0004ED00       0xFFFFFF00      0x00002000         (0, 4, 13)      [7] []
    401     0x00020A80       0xFFFFFF80      0x00020000         (0, 2, 1)      [11] []
    402     0x0000BE00       0xFFFFFF80      0x00000002         (0, 0, 7)      [] [NE]
    403     0x00010800       0xFFFFFF80      0x00000083         (0, 1, 1)      [1] [E, NE]
    404     0x0001D980       0xFFFFFF80      0x00000200         (0, 1, 11)      [3] []
    405     0x00015600       0xFFFFFF80      0x003FFFB3         (0, 1, 10)      [1, 2, 3, 4, 5, 6, 7, 8, 9, 10, 11, 12, 13, 14, 15] [E, NE, SW, S]
    406     0x00019500       0xFFFFFF80      0x00100000         (0, 1, 2)      [14] []
    407     0x00017100       0xFFFFFF80      0x00100000         (0, 1, 14)      [14] []
    408     0x00018C80       0xFFFFFF80      0x00000010         (0, 1, 1)      [] [SW]
    409     0x00013480       0xFFFFFF80      0x00000200         (0, 1, 6)      [3] []
    410     0x0000C180       0xFFFFFF80      0x00000803         (0, 0, 8)      [5] [E, NE]
    411     0x0001AA00       0xFFFFFF80      0x00080000         (0, 1, 5)      [13] []
    412     0x00014580       0xFFFFFF80      0x0000C000         (0, 1, 8)      [8, 9] []
    413     0x00006280       0xFFFFFF80      0x00400000         (0, 0, 12)      [16] []
    414     0x0001EF80       0xFFFFFF80      0x00004000         (0, 1, 13)      [8] []
    415     0x0001F700       0xFFFFFF80      0x00040000         (0, 1, 14)      [12] []
    416     0x0001DA80       0xFFFFFF80      0x00000800         (0, 1, 11)      [5] []
    417     0x0001A980       0xFFFFFF80      0x00040000         (0, 1, 5)      [12] []
    418     0x0000F980       0xFFFFFF80      0x00000080         (0, 0, 15)      [1] []
    419     0x00007700       0xFFFFFF80      0x00000082         (0, 0, 14)      [1] [NE]
    420     0x00019A00       0xFFFFFF80      0x00000100         (0, 1, 3)      [2] []
    421     0x00020600       0xFFFFFF80      0x00200001         (0, 2, 0)      [15] [E]
    422     0x0001FB80       0xFFFFFF80      0x00020001         (0, 1, 15)      [11] [E]
    423     0x0001E100       0xFFFFFF80      0x00000400         (0, 1, 12)      [4] []
    424     0x0000EF00       0xFFFFFF80      0x00008000         (0, 0, 13)      [9] []
    425     0x00010700       0xFFFFFF80      0x00000003         (0, 1, 0)      [] [E, NE]
    426     0x0001D480       0xFFFFFF80      0x00004000         (0, 1, 10)      [8] []
    427     0x0001F800       0xFFFFFF80      0x00100000         (0, 1, 15)      [14] []
    428     0x00023B80       0xFFFFFF80      0x00000008         (0, 2, 7)      [] [W]
    429     0x0000BC80       0xFFFFFF80      0x00000002         (0, 0, 7)      [] [NE]
    430     0x0001B400       0xFFFFFF80      0x00080000         (0, 1, 6)      [13] []
    431     0x0001E500       0xFFFFFF80      0x00040000         (0, 1, 12)      [12] []
    432     0x00020980       0xFFFFFF80      0x00200001         (0, 2, 1)      [15] [E]
    433     0x00007780       0xFFFFFF80      0x00000102         (0, 0, 14)      [2] [NE]
    434     0x0000B200       0xFFFFFF80      0x00000202         (0, 0, 6)      [3] [NE]
    435     0x0001BB80       0xFFFFFF80      0x00008000         (0, 1, 7)      [9] []
    436     0x00016C00       0xFFFFFF80      0x00000400         (0, 1, 13)      [4] []
    437     0x0001BC80       0xFFFFFF80      0x00020000         (0, 1, 7)      [11] []
    438     0x00018300       0xFFFFFF80      0x00000080         (0, 1, 0)      [1] []
    439     0x0001C680       0xFFFFFF80      0x00080000         (0, 1, 8)      [13] []
    440     0x0000A480       0xFFFFFF80      0x00000800         (0, 0, 4)      [5] []
    441     0x00024500       0xFFFFFF80      0x00080000         (0, 2, 8)      [13] []
    442     0x00010A00       0xFFFFFF80      0x00000803         (0, 1, 1)      [5] [E, NE]
    443     0x00010480       0xFFFFFF80      0x00000003         (0, 1, 0)      [] [E, NE]
    444     0x0000C680       0xFFFFFF80      0x00000002         (0, 0, 8)      [] [NE]
    445     0x00018700       0xFFFFFF80      0x00008000         (0, 1, 0)      [9] []
    446     0x00023F00       0xFFFFFF80      0x00000090         (0, 2, 7)      [1] [SW]
    447     0x00005400       0xFFFFFF80      0x00400000         (0, 0, 10)      [16] []
    448     0x00004A80       0xFFFFFF80      0x00000002         (0, 0, 9)      [] [NE]
    449     0x00014E80       0xFFFFFF80      0x003FFF80         (0, 1, 9)      [1, 2, 3, 4, 5, 6, 7, 8, 9, 10, 11, 12, 13, 14, 15] []
    450     0x00010900       0xFFFFFF80      0x00000203         (0, 1, 1)      [3] [E, NE]
    451     0x0000BA00       0xFFFFFF80      0x00800000         (0, 0, 7)      [17] []
    452     0x0001E200       0xFFFFFF80      0x00001000         (0, 1, 12)      [6] []
    453     0x00014B80       0xFFFFFF80      0x003FFF80         (0, 1, 9)      [1, 2, 3, 4, 5, 6, 7, 8, 9, 10, 11, 12, 13, 14, 15] []
    454     0x0000FE00       0xFFFFFF80      0x00010002         (0, 0, 15)      [10] [NE]
    455     0x00007480       0xFFFFFF80      0x00000002         (0, 0, 14)      [] [NE]
    456     0x00021200       0xFFFFFF80      0x00100000         (0, 2, 2)      [14] []
    457     0x00007600       0xFFFFFF80      0x00000002         (0, 0, 14)      [] [NE]
    458     0x00018F00       0xFFFFFF80      0x00000110         (0, 1, 1)      [2] [SW]
    459     0x0001F880       0xFFFFFF80      0x00200000         (0, 1, 15)      [15] []
    460     0x0001CB00       0xFFFFFF80      0x00000803         (0, 1, 9)      [5] [E, NE]
    461     0x0001C380       0xFFFFFF80      0x00002000         (0, 1, 8)      [7] []
    462     0x00008480       0xFFFFFF80      0x00000003         (0, 0, 0)      [] [E, NE]
    463     0x0000C080       0xFFFFFF80      0x00000202         (0, 0, 8)      [3] [NE]
    464     0x00013900       0xFFFFFF80      0x00040000         (0, 1, 7)      [12] []
    465     0x00024180       0xFFFFFF80      0x00001010         (0, 2, 8)      [6] [SW]
    466     0x0001E300       0xFFFFFF80      0x00004000         (0, 1, 12)      [8] []
    467     0x00011800       0xFFFFFF80      0x00000400         (0, 1, 3)      [4] []
    468     0x00019F80       0xFFFFFF80      0x00080000         (0, 1, 3)      [13] []
    469     0x00016480       0xFFFFFF80      0x00F00000         (0, 1, 12)      [16, 17, 14, 15] []
    470     0x0001D080       0xFFFFFF80      0x00000001         (0, 1, 10)      [] [E]
    471     0x0001C280       0xFFFFFF80      0x00000800         (0, 1, 8)      [5] []
    472     0x0001F680       0xFFFFFF80      0x00020000         (0, 1, 14)      [11] []
    473     0x0000C980       0xFFFFFF80      0x00000003         (0, 0, 9)      [] [E, NE]
    474     0x0004F100       0xFFFFFF00      0x00020000         (0, 4, 14)      [11] []
    475     0x00006780       0xFFFFFF80      0x00000002         (0, 0, 12)      [] [NE]
    476     0x0004F200       0xFFFFFF00      0x00040000         (0, 4, 14)      [12] []
    477     0x0000E500       0xFFFFFF80      0x00400000         (0, 0, 12)      [16] []
    478     0x00023D80       0xFFFFFF80      0x00000010         (0, 2, 7)      [] [SW]
    479     0x00005900       0xFFFFFF80      0x00000002         (0, 0, 11)      [] [NE]
    480     0x00020100       0xFFFFFF80      0x00080001         (0, 2, 0)      [13] [E]
    481     0x00016F80       0xFFFFFF80      0x00020000         (0, 1, 13)      [11] []
    482     0x0000F380       0xFFFFFF80      0x00400000         (0, 0, 14)      [16] []
    483     0x00014680       0xFFFFFF80      0x00030000         (0, 1, 8)      [10, 11] []
    484     0x00012800       0xFFFFFF80      0x00002000         (0, 1, 5)      [7] []
    485     0x00017C00       0xFFFFFF80      0x00020000         (0, 1, 15)      [11] []
    486     0x00011A00       0xFFFFFF80      0x00004000         (0, 1, 3)      [8] []
    487     0x00024100       0xFFFFFF80      0x00000810         (0, 2, 8)      [5] [SW]
    488     0x0000A380       0xFFFFFF80      0x00000200         (0, 0, 4)      [3] []
    489     0x0001DB80       0xFFFFFF80      0x00002000         (0, 1, 11)      [7] []
    490     0x0001B380       0xFFFFFF80      0x00040000         (0, 1, 6)      [12] []
    491     0x0001D800       0xFFFFFF80      0x00200000         (0, 1, 11)      [15] []
    492     0x00006600       0xFFFFFF80      0x00000002         (0, 0, 12)      [] [NE]
    493     0x00017E00       0xFFFFFF80      0x00200000         (0, 1, 15)      [15] []
    494     0x00015100       0xFFFFFF80      0x003FFFB7         (0, 1, 10)      [1, 2, 3, 4, 5, 6, 7, 8, 9, 10, 11, 12, 13, 14, 15] [E, NE, N, SW, S]
    495     0x00018980       0xFFFFFF80      0x00100000         (0, 1, 1)      [14] []
    496     0x0001C580       0xFFFFFF80      0x00020000         (0, 1, 8)      [11] []
    497     0x00010B00       0xFFFFFF80      0x00002003         (0, 1, 1)      [7] [E, NE]
    498     0x00017800       0xFFFFFF80      0x00000200         (0, 1, 15)      [3] []
    499     0x00010580       0xFFFFFF80      0x00000003         (0, 1, 0)      [] [E, NE]
    500     0x0000FD00       0xFFFFFF80      0x00004002         (0, 0, 15)      [8] [NE]
    501     0x0001F000       0xFFFFFF80      0x00008000         (0, 1, 14)      [9] []
    502     0x0000C800       0xFFFFFF80      0x00400003         (0, 0, 9)      [16] [E, NE]
    503     0x00015300       0xFFFFFF80      0x003FFFB3         (0, 1, 10)      [1, 2, 3, 4, 5, 6, 7, 8, 9, 10, 11, 12, 13, 14, 15] [E, NE, SW, S]
    504     0x00019A80       0xFFFFFF80      0x00000200         (0, 1, 3)      [3] []
    505     0x0000BF00       0xFFFFFF80      0x00000002         (0, 0, 7)      [] [NE]
    506     0x0004F700       0xFFFFFF00      0x00800000         (0, 4, 14)      [17] []
    507     0x0000CF80       0xFFFFFF80      0x00000400         (0, 0, 9)      [4] []
    508     0x0001F100       0xFFFFFF80      0x00020000         (0, 1, 14)      [11] []
    509     0x00017980       0xFFFFFF80      0x00001000         (0, 1, 15)      [6] []
    510     0x00014D80       0xFFFFFF80      0x003FFF80         (0, 1, 9)      [1, 2, 3, 4, 5, 6, 7, 8, 9, 10, 11, 12, 13, 14, 15] []
    511     0x0000DD00       0xFFFFFF80      0x00000100         (0, 0, 11)      [2] []
    512     0x0001E080       0xFFFFFF80      0x00000200         (0, 1, 12)      [3] []
    513     0x00000C00       0xFFFFFF80      0x00800000         (0, 0, 1)      [17] []
    514     0x00019380       0xFFFFFF80      0x00020010         (0, 1, 2)      [11] [SW]
    515     0x0000CE00       0xFFFFFF80      0x00000080         (0, 0, 9)      [1] []
    516     0x00013A00       0xFFFFFF80      0x00100000         (0, 1, 7)      [14] []
    517     0x00007180       0xFFFFFF80      0x00800000         (0, 0, 14)      [17] []
    518     0x00008380       0xFFFFFF80      0x00000003         (0, 0, 0)      [] [E, NE]
    519     0x00016380       0xFFFFFF80      0x00CC0000         (0, 1, 12)      [16, 17, 12, 13] []
    520     0x00015500       0xFFFFFF80      0x003FFFB3         (0, 1, 10)      [1, 2, 3, 4, 5, 6, 7, 8, 9, 10, 11, 12, 13, 14, 15] [E, NE, SW, S]
    521     0x00010280       0xFFFFFF80      0x00800000         (0, 1, 0)      [17] []
    522     0x00013600       0xFFFFFF80      0x00001000         (0, 1, 6)      [6] []
    523     0x00005800       0xFFFFFF80      0x00000002         (0, 0, 11)      [] [NE]
    524     0x0000B380       0xFFFFFF80      0x00001002         (0, 0, 6)      [6] [NE]
    525     0x0001C480       0xFFFFFF80      0x00008000         (0, 1, 8)      [9] []
    526     0x00007D80       0xFFFFFF80      0x00000002         (0, 0, 15)      [] [NE]
    527     0x0001DF80       0xFFFFFF80      0x00200000         (0, 1, 11)      [15] []
    528     0x00012680       0xFFFFFF80      0x00000400         (0, 1, 4)      [4] []
    529     0x00020E80       0xFFFFFF80      0x00100000         (0, 2, 1)      [14] []
    530     0x00014C00       0xFFFFFF80      0x003FFF80         (0, 1, 9)      [1, 2, 3, 4, 5, 6, 7, 8, 9, 10, 11, 12, 13, 14, 15] []
    531     0x0000ED00       0xFFFFFF80      0x00000800         (0, 0, 13)      [5] []
    532     0x00004A00       0xFFFFFF80      0x00000002         (0, 0, 9)      [] [NE]
    533     0x00002C80       0xFFFFFF80      0x00000002         (0, 0, 5)      [] [NE]
    534     0x00017700       0xFFFFFF80      0x00000080         (0, 1, 14)      [1] []
    535     0x00012D80       0xFFFFFF80      0x00400000         (0, 1, 5)      [16] []
    536     0x00006680       0xFFFFFF80      0x00000002         (0, 0, 12)      [] [NE]
    537     0x0001EC80       0xFFFFFF80      0x00100000         (0, 1, 13)      [14] []
    538     0x0001C080       0xFFFFFF80      0x00000080         (0, 1, 8)      [1] []
    539     0x0004E800       0xFFFFFF00      0x00000100         (0, 4, 13)      [2] []
    540     0x00001A80       0xFFFFFF80      0x00800000         (0, 0, 3)      [17] []
    541     0x00020000       0xFFFFFF80      0x00020001         (0, 2, 0)      [11] [E]
    542     0x00015E00       0xFFFFFF80      0x00C00180         (0, 1, 11)      [16, 17, 2, 1] []
    543     0x00019E80       0xFFFFFF80      0x00020000         (0, 1, 3)      [11] []
    544     0x0001F600       0xFFFFFF80      0x00010000         (0, 1, 14)      [10] []
    545     0x0001FA80       0xFFFFFF80      0x00008001         (0, 1, 15)      [9] [E]
    546     0x0000C580       0xFFFFFF80      0x00000002         (0, 0, 8)      [] [NE]
    547     0x00011900       0xFFFFFF80      0x00001000         (0, 1, 3)      [6] []
    548     0x00021F80       0xFFFFFF80      0x003FFF80         (0, 2, 3)      [1, 2, 3, 4, 5, 6, 7, 8, 9, 10, 11, 12, 13, 14, 15] []
    549     0x0001BB00       0xFFFFFF80      0x00004000         (0, 1, 7)      [8] []
    550     0x00012A80       0xFFFFFF80      0x00040000         (0, 1, 5)      [12] []
    551     0x00015700       0xFFFFFF80      0x003FFFB7         (0, 1, 10)      [1, 2, 3, 4, 5, 6, 7, 8, 9, 10, 11, 12, 13, 14, 15] [E, NE, N, SW, S]
    552     0x00024480       0xFFFFFF80      0x00040000         (0, 2, 8)      [12] []
    553     0x00019080       0xFFFFFF80      0x00000810         (0, 1, 2)      [5] [SW]
    554     0x0000B280       0xFFFFFF80      0x00000402         (0, 0, 6)      [4] [NE]
    555     0x00014600       0xFFFFFF80      0x00018000         (0, 1, 8)      [9, 10] []
    556     0x00009D00       0xFFFFFF80      0x00800000         (0, 0, 3)      [17] []
    557     0x00016200       0xFFFFFF80      0x00C18000         (0, 1, 12)      [16, 17, 10, 9] []
    558     0x00011B00       0xFFFFFF80      0x00010000         (0, 1, 3)      [10] []
    559     0x00015B00       0xFFFFFF80      0x00C00000         (0, 1, 11)      [16, 17] []
    560     0x0001CC00       0xFFFFFF80      0x00002003         (0, 1, 9)      [7] [E, NE]
    561     0x0001C500       0xFFFFFF80      0x00010000         (0, 1, 8)      [10] []
    562     0x00024280       0xFFFFFF80      0x00004010         (0, 2, 8)      [8] [SW]
    563     0x00020900       0xFFFFFF80      0x00100001         (0, 2, 1)      [14] [E]
    564     0x00010600       0xFFFFFF80      0x00000003         (0, 1, 0)      [] [E, NE]
    565     0x00023980       0xFFFFFF80      0x00800000         (0, 2, 7)      [17] []
    566     0x00020400       0xFFFFFF80      0x00020001         (0, 2, 0)      [11] [E]
    567     0x0001D900       0xFFFFFF80      0x00000100         (0, 1, 11)      [2] []
    568     0x0000DE00       0xFFFFFF80      0x00000400         (0, 0, 11)      [4] []
    569     0x0001E900       0xFFFFFF80      0x00002000         (0, 1, 13)      [7] []
    570     0x0001B100       0xFFFFFF80      0x00002000         (0, 1, 6)      [7] []
    571     0x00020500       0xFFFFFF80      0x00080001         (0, 2, 0)      [13] [E]
    572     0x00013C80       0xFFFFFF80      0x00800000         (0, 1, 7)      [17] []
    573     0x0001AD00       0xFFFFFF80      0x00000002         (0, 1, 5)      [] [NE]
    574     0x0000B980       0xFFFFFF80      0x00400000         (0, 0, 7)      [16] []
    575     0x00003780       0xFFFFFF80      0x00800000         (0, 0, 6)      [17] []
    576     0x0001B500       0xFFFFFF80      0x00200000         (0, 1, 6)      [15] []
    577     0x00010C00       0xFFFFFF80      0x00008003         (0, 1, 1)      [9] [E, NE]
    578     0x00023E80       0xFFFFFF80      0x00000010         (0, 2, 7)      [] [SW]
    579     0x00021100       0xFFFFFF80      0x00200000         (0, 2, 2)      [15] []
    580     0x00016100       0xFFFFFF80      0x00C06000         (0, 1, 12)      [16, 17, 8, 7] []
    581     0x0000EF80       0xFFFFFF80      0x00010000         (0, 0, 13)      [10] []
    582     0x00006300       0xFFFFFF80      0x00800000         (0, 0, 12)      [17] []
    583     0x00015B80       0xFFFFFF80      0x00C00000         (0, 1, 11)      [16, 17] []
    584     0x0001B980       0xFFFFFF80      0x00000800         (0, 1, 7)      [5] []
    585     0x00017B80       0xFFFFFF80      0x00010000         (0, 1, 15)      [10] []
    586     0x0001D300       0xFFFFFF80      0x00000800         (0, 1, 10)      [5] []
    587     0x00019280       0xFFFFFF80      0x00008010         (0, 1, 2)      [9] [SW]
    588     0x00011100       0xFFFFFF80      0x00800000         (0, 1, 2)      [17] []
    589     0x00016000       0xFFFFFF80      0x00C01800         (0, 1, 12)      [16, 17, 5, 6] []
    590     0x0004F000       0xFFFFFF00      0x00010000         (0, 4, 14)      [10] []
    591     0x0001BA00       0xFFFFFF80      0x00001000         (0, 1, 7)      [6] []
    592     0x00020C80       0xFFFFFF80      0x00200000         (0, 2, 1)      [15] []
    593     0x00018C00       0xFFFFFF80      0x00000010         (0, 1, 1)      [] [SW]
    594     0x00011F00       0xFFFFFF80      0x00400000         (0, 1, 3)      [16] []
    595     0x0001BD00       0xFFFFFF80      0x00040000         (0, 1, 7)      [12] []
    596     0x0000BF80       0xFFFFFF80      0x00000082         (0, 0, 7)      [1] [NE]
    597     0x00020B80       0xFFFFFF80      0x00080000         (0, 2, 1)      [13] []
    598     0x0001EF00       0xFFFFFF80      0x00002000         (0, 1, 13)      [7] []
    599     0x00008000       0xFFFFFF80      0x00800003         (0, 0, 0)      [17] [E, NE]
    600     0x00019400       0xFFFFFF80      0x00040000         (0, 1, 2)      [12] []
    601     0x0000FE80       0xFFFFFF80      0x00020002         (0, 0, 15)      [11] [NE]
    602     0x00001D80       0xFFFFFF80      0x00000002         (0, 0, 3)      [] [NE]
    603     0x00008280       0xFFFFFF80      0x00000003         (0, 0, 0)      [] [E, NE]
    604     0x0001BC00       0xFFFFFF80      0x00010000         (0, 1, 7)      [10] []
    605     0x00014900       0xFFFFFF80      0x00200000         (0, 1, 9)      [15] []
    606     0x00020800       0xFFFFFF80      0x00040001         (0, 2, 1)      [12] [E]
    607     0x00006800       0xFFFFFF80      0x00000002         (0, 0, 13)      [] [NE]
    608     0x0001A800       0xFFFFFF80      0x00008002         (0, 1, 5)      [9] [NE]
    609     0x00008600       0xFFFFFF80      0x00000100         (0, 0, 0)      [2] []
    610     0x00014200       0xFFFFFF80      0x00000180         (0, 1, 8)      [1, 2] []
    611     0x00020880       0xFFFFFF80      0x00080001         (0, 2, 1)      [13] [E]
    612     0x00019100       0xFFFFFF80      0x00001010         (0, 1, 2)      [6] [SW]
    613     0x00023C80       0xFFFFFF80      0x00000008         (0, 2, 7)      [] [W]
    614     0x00019980       0xFFFFFF80      0x00000080         (0, 1, 3)      [1] []
    615     0x0000FA00       0xFFFFFF80      0x00000100         (0, 0, 15)      [2] []
    616     0x00019580       0xFFFFFF80      0x00200000         (0, 1, 2)      [15] []
    617     0x0000A300       0xFFFFFF80      0x00000100         (0, 0, 4)      [2] []
    618     0x0001AB80       0xFFFFFF80      0x00000002         (0, 1, 5)      [] [NE]
    619     0x0001CE00       0xFFFFFF80      0x00020003         (0, 1, 9)      [11] [E, NE]
    620     0x0000C880       0xFFFFFF80      0x00800003         (0, 0, 9)      [17] [E, NE]
    621     0x0001D580       0xFFFFFF80      0x00010000         (0, 1, 10)      [10] []
    622     0x00008400       0xFFFFFF80      0x00000003         (0, 0, 0)      [] [E, NE]
    623     0x00018D00       0xFFFFFF80      0x00000010         (0, 1, 1)      [] [SW]
    624     0x0001E780       0xFFFFFF80      0x00000400         (0, 1, 12)      [4] []
    625     0x00019B80       0xFFFFFF80      0x00000800         (0, 1, 3)      [5] []
    626     0x00002880       0xFFFFFF80      0x00400000         (0, 0, 5)      [16] []
    627     0x00023900       0xFFFFFF80      0x00400000         (0, 2, 7)      [16] []
    628     0x0001D200       0xFFFFFF80      0x00000200         (0, 1, 10)      [3] []
    629     0x00009480       0xFFFFFF80      0x00000100         (0, 0, 2)      [2] []
    630     0x0001ED80       0xFFFFFF80      0x00000400         (0, 1, 13)      [4] []
    631     0x00013680       0xFFFFFF80      0x00002000         (0, 1, 6)      [7] []
    632     0x0000B100       0xFFFFFF80      0x00000082         (0, 0, 6)      [1] [NE]
    633     0x00011F80       0xFFFFFF80      0x00800000         (0, 1, 3)      [17] []
    634     0x0004F400       0xFFFFFF00      0x00100000         (0, 4, 14)      [14] []
    635     0x00021380       0xFFFFFF80      0x00200000         (0, 2, 2)      [15] []
    636     0x0001EC00       0xFFFFFF80      0x00080000         (0, 1, 13)      [13] []
    637     0x0001D180       0xFFFFFF80      0x00000100         (0, 1, 10)      [2] []
    638     0x0004F300       0xFFFFFF00      0x00080000         (0, 4, 14)      [13] []
    639     0x00019C80       0xFFFFFF80      0x00002000         (0, 1, 3)      [7] []
    640     0x0001B180       0xFFFFFF80      0x00004000         (0, 1, 6)      [8] []
    641     0x00016D00       0xFFFFFF80      0x00001000         (0, 1, 13)      [6] []
    642     0x00013580       0xFFFFFF80      0x00000800         (0, 1, 6)      [5] []
    643     0x00011C00       0xFFFFFF80      0x00040000         (0, 1, 3)      [12] []
    644     0x00012900       0xFFFFFF80      0x00008000         (0, 1, 5)      [9] []
    645     0x00007E00       0xFFFFFF80      0x00000002         (0, 0, 15)      [] [NE]
    646     0x0001C180       0xFFFFFF80      0x00000200         (0, 1, 8)      [3] []
    647     0x00014A80       0xFFFFFF80      0x00BFFF80         (0, 1, 9)      [1, 2, 3, 4, 5, 6, 7, 8, 9, 10, 11, 12, 13, 14, 15, 17] []
    648     0x00016280       0xFFFFFF80      0x00C30000         (0, 1, 12)      [16, 17, 10, 11] []
    649     0x00017D80       0xFFFFFF80      0x00100000         (0, 1, 15)      [14] []
    650     0x0001AC80       0xFFFFFF80      0x00000002         (0, 1, 5)      [] [NE]
    651     0x0001B300       0xFFFFFF80      0x00020000         (0, 1, 6)      [11] []
    652     0x00015380       0xFFFFFF80      0x003FFFB3         (0, 1, 10)      [1, 2, 3, 4, 5, 6, 7, 8, 9, 10, 11, 12, 13, 14, 15] [E, NE, SW, S]
    653     0x00014F00       0xFFFFFF80      0x003FFF80         (0, 1, 9)      [1, 2, 3, 4, 5, 6, 7, 8, 9, 10, 11, 12, 13, 14, 15] []
