router contains 540 entries 
 
  Index   Key(hex)    Mask(hex)    Route(hex)    Src. Core -> [Cores][Links]
------------------------------------------------------------------------------
    0     0x0001E200       0xFFFFFF80      0x001FFFB7         (0, 1, 12)      [1, 2, 3, 4, 5, 6, 7, 8, 9, 10, 11, 12, 13, 14] [E, NE, N, SW, S]
    1     0x00018400       0xFFFFFF80      0x00200103         (0, 1, 0)      [2, 15] [E, NE]
    2     0x00016E80       0xFFFFFF80      0x00004020         (0, 1, 13)      [8] [S]
    3     0x0001DE00       0xFFFFFF80      0x00060030         (0, 1, 11)      [11, 12] [SW, S]
    4     0x00024200       0xFFFFFF80      0x00001020         (0, 2, 8)      [6] [S]
    5     0x0001CB00       0xFFFFFF80      0x00800400         (0, 1, 9)      [17, 4] []
    6     0x00015080       0xFFFFFF80      0x00000080         (0, 1, 10)      [1] []
    7     0x0001E500       0xFFFFFF80      0x001FFFB7         (0, 1, 12)      [1, 2, 3, 4, 5, 6, 7, 8, 9, 10, 11, 12, 13, 14] [E, NE, N, SW, S]
    8     0x00014700       0xFFFFFF80      0x00010002         (0, 1, 8)      [10] [NE]
    9     0x0001E000       0xFFFFFF80      0x003FFFB7         (0, 1, 12)      [1, 2, 3, 4, 5, 6, 7, 8, 9, 10, 11, 12, 13, 14, 15] [E, NE, N, SW, S]
    10     0x00018B00       0xFFFFFF80      0x00000002         (0, 1, 1)      [] [NE]
    11     0x00013A00       0xFFFFFF80      0x00080002         (0, 1, 7)      [13] [NE]
    12     0x00015F00       0xFFFFFF80      0x00400202         (0, 1, 11)      [16, 3] [NE]
    13     0x0001E480       0xFFFFFF80      0x001FFFB7         (0, 1, 12)      [1, 2, 3, 4, 5, 6, 7, 8, 9, 10, 11, 12, 13, 14] [E, NE, N, SW, S]
    14     0x0001D980       0xFFFFFF80      0x00200330         (0, 1, 11)      [2, 3, 15] [SW, S]
    15     0x0001CD80       0xFFFFFF80      0x00008000         (0, 1, 9)      [9] []
    16     0x0001FA80       0xFFFFFF80      0x00004000         (0, 1, 15)      [8] []
    17     0x0001A680       0xFFFFFF80      0x00000810         (0, 1, 4)      [5] [SW]
    18     0x00018F80       0xFFFFFF80      0x00200101         (0, 1, 1)      [2, 15] [E]
    19     0x0000EE00       0xFFFFFF80      0x00001000         (0, 0, 13)      [6] []
    20     0x0001EE00       0xFFFFFF80      0x00C00406         (0, 1, 13)      [16, 17, 4] [NE, N]
    21     0x0001C300       0xFFFFFF80      0x00000800         (0, 1, 8)      [5] []
    22     0x00021400       0xFFFFFF80      0x00100020         (0, 2, 2)      [14] [S]
    23     0x00013700       0xFFFFFF80      0x00002002         (0, 1, 6)      [7] [NE]
    24     0x0001C380       0xFFFFFF80      0x00001000         (0, 1, 8)      [6] []
    25     0x0001CE80       0xFFFFFF80      0x00020000         (0, 1, 9)      [11] []
    26     0x00020A00       0xFFFFFF80      0x00008030         (0, 2, 1)      [9] [SW, S]
    27     0x0005B400       0xFFFFFF00      0x00000001         (0, 5, 6)      [] [E]
    28     0x00021D80       0xFFFFFF80      0x00000021         (0, 2, 3)      [] [E, S]
    29     0x0001DB80       0xFFFFFF80      0x00003030         (0, 1, 11)      [6, 7] [SW, S]
    30     0x00016880       0xFFFFFF80      0x00000002         (0, 1, 13)      [] [NE]
    31     0x0001EC00       0xFFFFFF80      0x00E60006         (0, 1, 13)      [16, 17, 11, 12, 15] [NE, N]
    32     0x00022300       0xFFFFFF80      0x00000001         (0, 2, 4)      [] [E]
    33     0x00023180       0xFFFFFF80      0x00000002         (0, 2, 6)      [] [NE]
    34     0x00021E00       0xFFFFFF80      0x00000001         (0, 2, 3)      [] [E]
    35     0x00018D80       0xFFFFFF80      0x00000001         (0, 1, 1)      [] [E]
    36     0x0001CD00       0xFFFFFF80      0x00004000         (0, 1, 9)      [8] []
    37     0x00017A80       0xFFFFFF80      0x00002002         (0, 1, 15)      [7] [NE]
    38     0x00012A80       0xFFFFFF80      0x00020000         (0, 1, 5)      [11] []
    39     0x00017E00       0xFFFFFF80      0x00100002         (0, 1, 15)      [14] [NE]
    40     0x0000DF80       0xFFFFFF80      0x00001000         (0, 0, 11)      [6] []
    41     0x0001FE80       0xFFFFFF80      0x00002000         (0, 1, 15)      [7] []
    42     0x0001F180       0xFFFFFF80      0x00020006         (0, 1, 14)      [11] [NE, N]
    43     0x00020200       0xFFFFFF80      0x00100010         (0, 2, 0)      [14] [SW]
    44     0x0001CE00       0xFFFFFF80      0x00010000         (0, 1, 9)      [10] []
    45     0x00016400       0xFFFFFF80      0x00080002         (0, 1, 12)      [13] [NE]
    46     0x00015180       0xFFFFFF80      0x00400200         (0, 1, 10)      [16, 3] []
    47     0x0001A080       0xFFFFFF80      0x00100000         (0, 1, 4)      [14] []
    48     0x00012580       0xFFFFFF80      0x00000080         (0, 1, 4)      [1] []
    49     0x00020580       0xFFFFFF80      0x00080010         (0, 2, 0)      [13] [SW]
    50     0x00017D80       0xFFFFFF80      0x00080002         (0, 1, 15)      [13] [NE]
    51     0x0001E600       0xFFFFFF80      0x001FFFB7         (0, 1, 12)      [1, 2, 3, 4, 5, 6, 7, 8, 9, 10, 11, 12, 13, 14] [E, NE, N, SW, S]
    52     0x00023000       0xFFFFFF80      0x00000002         (0, 2, 6)      [] [NE]
    53     0x0001F300       0xFFFFFF80      0x00100006         (0, 1, 14)      [14] [NE, N]
    54     0x00012780       0xFFFFFF80      0x00000800         (0, 1, 4)      [5] []
    55     0x00020100       0xFFFFFF80      0x00040000         (0, 2, 0)      [12] []
    56     0x00020C00       0xFFFFFF80      0x00080030         (0, 2, 1)      [13] [SW, S]
    57     0x00010B80       0xFFFFFF80      0x00002000         (0, 1, 1)      [7] []
    58     0x0001A780       0xFFFFFF80      0x00002010         (0, 1, 4)      [7] [SW]
    59     0x0000C100       0xFFFFFF80      0x00400200         (0, 0, 8)      [16, 3] []
    60     0x00010D00       0xFFFFFF80      0x00010002         (0, 1, 1)      [10] [NE]
    61     0x00013480       0xFFFFFF80      0x00200102         (0, 1, 6)      [2, 15] [NE]
    62     0x00011A00       0xFFFFFF80      0x00002020         (0, 1, 3)      [7] [S]
    63     0x0001BE00       0xFFFFFF80      0x00080000         (0, 1, 7)      [13] []
    64     0x00021300       0xFFFFFF80      0x00080020         (0, 2, 2)      [13] [S]
    65     0x00023300       0xFFFFFF80      0x00000002         (0, 2, 6)      [] [NE]
    66     0x0001CF00       0xFFFFFF80      0x00040000         (0, 1, 9)      [12] []
    67     0x0001AD80       0xFFFFFF80      0x00000010         (0, 1, 5)      [] [SW]
    68     0x0001AA80       0xFFFFFF80      0x00080010         (0, 1, 5)      [13] [SW]
    69     0x00020700       0xFFFFFF80      0x00008010         (0, 2, 0)      [9] [SW]
    70     0x0000B180       0xFFFFFF80      0x00000080         (0, 0, 6)      [1] []
    71     0x0005B900       0xFFFFFF00      0x00000001         (0, 5, 7)      [] [E]
    72     0x00016300       0xFFFFFF80      0x00020002         (0, 1, 12)      [11] [NE]
    73     0x00015680       0xFFFFFF80      0x00080000         (0, 1, 10)      [13] []
    74     0x00019F80       0xFFFFFF80      0x00040000         (0, 1, 3)      [12] []
    75     0x0005BA00       0xFFFFFF00      0x00000001         (0, 5, 7)      [] [E]
    76     0x00014580       0xFFFFFF80      0x00002002         (0, 1, 8)      [7] [NE]
    77     0x00019C00       0xFFFFFF80      0x00000800         (0, 1, 3)      [5] []
    78     0x00019300       0xFFFFFF80      0x00008001         (0, 1, 2)      [9] [E]
    79     0x00060A00       0xFFFFFF00      0x00000400         (0, 6, 1)      [4] []
    80     0x0001C280       0xFFFFFF80      0x00800400         (0, 1, 8)      [17, 4] []
    81     0x00021100       0xFFFFFF80      0x00100030         (0, 2, 2)      [14] [SW, S]
    82     0x0000EF80       0xFFFFFF80      0x00008000         (0, 0, 13)      [9] []
    83     0x00018D00       0xFFFFFF80      0x00000001         (0, 1, 1)      [] [E]
    84     0x00019500       0xFFFFFF80      0x00080000         (0, 1, 2)      [13] []
    85     0x0001DB00       0xFFFFFF80      0x00001830         (0, 1, 11)      [5, 6] [SW, S]
    86     0x0001D900       0xFFFFFF80      0x000001B0         (0, 1, 11)      [1, 2] [SW, S]
    87     0x00019D80       0xFFFFFF80      0x00004000         (0, 1, 3)      [8] []
    88     0x0001D180       0xFFFFFF80      0x00000090         (0, 1, 10)      [1] [SW]
    89     0x00015D80       0xFFFFFF80      0x00000002         (0, 1, 11)      [] [NE]
    90     0x0001BE80       0xFFFFFF80      0x00100000         (0, 1, 7)      [14] []
    91     0x0001E580       0xFFFFFF80      0x001FFFB7         (0, 1, 12)      [1, 2, 3, 4, 5, 6, 7, 8, 9, 10, 11, 12, 13, 14] [E, NE, N, SW, S]
    92     0x0001CA80       0xFFFFFF80      0x00400200         (0, 1, 9)      [16, 3] []
    93     0x0005BC00       0xFFFFFF00      0x00000001         (0, 5, 7)      [] [E]
    94     0x00020780       0xFFFFFF80      0x00010010         (0, 2, 0)      [10] [SW]
    95     0x00017C80       0xFFFFFF80      0x00020002         (0, 1, 15)      [11] [NE]
    96     0x00020900       0xFFFFFF80      0x00080010         (0, 2, 1)      [13] [SW]
    97     0x0001D780       0xFFFFFF80      0x00080010         (0, 1, 10)      [13] [SW]
    98     0x00015300       0xFFFFFF80      0x00001000         (0, 1, 10)      [6] []
    99     0x0000B280       0xFFFFFF80      0x00400200         (0, 0, 6)      [16, 3] []
    100     0x00010D80       0xFFFFFF80      0x00020002         (0, 1, 1)      [11] [NE]
    101     0x00014E80       0xFFFFFF80      0x00000001         (0, 1, 9)      [] [E]
    102     0x0005BD00       0xFFFFFF00      0x00000001         (0, 5, 7)      [] [E]
    103     0x00023380       0xFFFFFF80      0x00000002         (0, 2, 6)      [] [NE]
    104     0x0001D800       0xFFFFFF80      0x00100030         (0, 1, 11)      [14] [SW, S]
    105     0x0001ED80       0xFFFFFF80      0x00600206         (0, 1, 13)      [16, 3, 15] [NE, N]
    106     0x0001F400       0xFFFFFF80      0x00000806         (0, 1, 14)      [5] [NE, N]
    107     0x00017180       0xFFFFFF80      0x00100020         (0, 1, 14)      [14] [S]
    108     0x00060B00       0xFFFFFF00      0x00000800         (0, 6, 1)      [5] []
    109     0x0001D000       0xFFFFFF80      0x00100010         (0, 1, 10)      [14] [SW]
    110     0x0005BE00       0xFFFFFF00      0x00000001         (0, 5, 7)      [] [E]
    111     0x00018780       0xFFFFFF80      0x00008003         (0, 1, 0)      [9] [E, NE]
    112     0x00018E00       0xFFFFFF80      0x00000001         (0, 1, 1)      [] [E]
    113     0x00020980       0xFFFFFF80      0x00100010         (0, 2, 1)      [14] [SW]
    114     0x00020F00       0xFFFFFF80      0x00100030         (0, 2, 1)      [14] [SW, S]
    115     0x00013880       0xFFFFFF80      0x00010002         (0, 1, 7)      [10] [NE]
    116     0x0001EC80       0xFFFFFF80      0x00EC0006         (0, 1, 13)      [16, 17, 12, 13, 15] [NE, N]
    117     0x00017800       0xFFFFFF80      0x00200100         (0, 1, 15)      [2, 15] []
    118     0x0001E300       0xFFFFFF80      0x001FFFB7         (0, 1, 12)      [1, 2, 3, 4, 5, 6, 7, 8, 9, 10, 11, 12, 13, 14] [E, NE, N, SW, S]
    119     0x00023080       0xFFFFFF80      0x00000002         (0, 2, 6)      [] [NE]
    120     0x0000FC80       0xFFFFFF80      0x00001000         (0, 0, 15)      [6] []
    121     0x00024280       0xFFFFFF80      0x00002020         (0, 2, 8)      [7] [S]
    122     0x00019200       0xFFFFFF80      0x00002001         (0, 1, 2)      [7] [E]
    123     0x00012900       0xFFFFFF80      0x00004000         (0, 1, 5)      [8] []
    124     0x00024600       0xFFFFFF80      0x00100020         (0, 2, 8)      [14] [S]
    125     0x0001B100       0xFFFFFF80      0x00001010         (0, 1, 6)      [6] [SW]
    126     0x00013A80       0xFFFFFF80      0x00100002         (0, 1, 7)      [14] [NE]
    127     0x00010B00       0xFFFFFF80      0x00001000         (0, 1, 1)      [6] []
    128     0x0000EC80       0xFFFFFF80      0x00400200         (0, 0, 13)      [16, 3] []
    129     0x0001B900       0xFFFFFF80      0x00400200         (0, 1, 7)      [16, 3] []
    130     0x00010880       0xFFFFFF80      0x00000080         (0, 1, 1)      [1] []
    131     0x00014280       0xFFFFFF80      0x00000082         (0, 1, 8)      [1] [NE]
    132     0x00012680       0xFFFFFF80      0x00400200         (0, 1, 4)      [16, 3] []
    133     0x0001D400       0xFFFFFF80      0x00001010         (0, 1, 10)      [6] [SW]
    134     0x00018280       0xFFFFFF80      0x00000002         (0, 1, 0)      [] [NE]
    135     0x00015E00       0xFFFFFF80      0x00000082         (0, 1, 11)      [1] [NE]
    136     0x00018C00       0xFFFFFF80      0x00000001         (0, 1, 1)      [] [E]
    137     0x00012800       0xFFFFFF80      0x00001000         (0, 1, 5)      [6] []
    138     0x0001CF80       0xFFFFFF80      0x00080010         (0, 1, 9)      [13] [SW]
    139     0x0001FF80       0xFFFFFF80      0x00008000         (0, 1, 15)      [9] []
    140     0x00014300       0xFFFFFF80      0x00200102         (0, 1, 8)      [2, 15] [NE]
    141     0x00018A80       0xFFFFFF80      0x00000002         (0, 1, 1)      [] [NE]
    142     0x00017980       0xFFFFFF80      0x00000800         (0, 1, 15)      [5] []
    143     0x00063500       0xFFFFFF00      0x00000020         (0, 6, 6)      [] [S]
    144     0x0005BB00       0xFFFFFF00      0x00000001         (0, 5, 7)      [] [E]
    145     0x00019580       0xFFFFFF80      0x00100000         (0, 1, 2)      [14] []
    146     0x00018380       0xFFFFFF80      0x00000083         (0, 1, 0)      [1] [E, NE]
    147     0x0001FD80       0xFFFFFF80      0x00100000         (0, 1, 15)      [14] []
    148     0x0000CF80       0xFFFFFF80      0x00400220         (0, 0, 9)      [16, 3] [S]
    149     0x00018A00       0xFFFFFF80      0x00100003         (0, 1, 1)      [14] [E, NE]
    150     0x0005B500       0xFFFFFF00      0x00000001         (0, 5, 6)      [] [E]
    151     0x0000FA00       0xFFFFFF80      0x00000080         (0, 0, 15)      [1] []
    152     0x00013980       0xFFFFFF80      0x00040002         (0, 1, 7)      [12] [NE]
    153     0x0001CC00       0xFFFFFF80      0x00001000         (0, 1, 9)      [6] []
    154     0x00024000       0xFFFFFF80      0x00200100         (0, 2, 8)      [2, 15] []
    155     0x0000FC00       0xFFFFFF80      0x00000800         (0, 0, 15)      [5] []
    156     0x0001BD00       0xFFFFFF80      0x00020000         (0, 1, 7)      [11] []
    157     0x00063600       0xFFFFFF00      0x00000020         (0, 6, 6)      [] [S]
    158     0x00014000       0xFFFFFF80      0x00000002         (0, 1, 8)      [] [NE]
    159     0x0000FD80       0xFFFFFF80      0x00004000         (0, 0, 15)      [8] []
    160     0x00017900       0xFFFFFF80      0x00800400         (0, 1, 15)      [17, 4] []
    161     0x00016B80       0xFFFFFF80      0x00200100         (0, 1, 13)      [2, 15] []
    162     0x0000A400       0xFFFFFF80      0x00400200         (0, 0, 4)      [16, 3] []
    163     0x0001DC80       0xFFFFFF80      0x0000C030         (0, 1, 11)      [8, 9] [SW, S]
    164     0x0001D480       0xFFFFFF80      0x00002010         (0, 1, 10)      [7] [SW]
    165     0x00020F80       0xFFFFFF80      0x00020030         (0, 2, 1)      [11] [SW, S]
    166     0x00010900       0xFFFFFF80      0x00200100         (0, 1, 1)      [2, 15] []
    167     0x00013680       0xFFFFFF80      0x00001002         (0, 1, 6)      [6] [NE]
    168     0x0001DE80       0xFFFFFF80      0x000C0030         (0, 1, 11)      [12, 13] [SW, S]
    169     0x0001FC80       0xFFFFFF80      0x00040000         (0, 1, 15)      [12] []
    170     0x0001F500       0xFFFFFF80      0x00002006         (0, 1, 14)      [7] [NE, N]
    171     0x00021E80       0xFFFFFF80      0x00000001         (0, 2, 3)      [] [E]
    172     0x00015B80       0xFFFFFF80      0x00000002         (0, 1, 11)      [] [NE]
    173     0x0001D500       0xFFFFFF80      0x00004010         (0, 1, 10)      [8] [SW]
    174     0x0000C200       0xFFFFFF80      0x00000800         (0, 0, 8)      [5] []
    175     0x0001F780       0xFFFFFF80      0x00040006         (0, 1, 14)      [12] [NE, N]
    176     0x0001B300       0xFFFFFF80      0x00010010         (0, 1, 6)      [10] [SW]
    177     0x0005C000       0xFFFFFF00      0x00000001         (0, 5, 8)      [] [E]
    178     0x00011880       0xFFFFFF80      0x00800420         (0, 1, 3)      [17, 4] [S]
    179     0x0001D880       0xFFFFFF80      0x000000B0         (0, 1, 11)      [1] [SW, S]
    180     0x00063800       0xFFFFFF00      0x00000020         (0, 6, 7)      [] [S]
    181     0x00023700       0xFFFFFF80      0x00000002         (0, 2, 6)      [] [NE]
    182     0x00018800       0xFFFFFF80      0x00010003         (0, 1, 1)      [10] [E, NE]
    183     0x0001AB00       0xFFFFFF80      0x00100010         (0, 1, 5)      [14] [SW]
    184     0x00016C80       0xFFFFFF80      0x00800420         (0, 1, 13)      [17, 4] [S]
    185     0x00011C80       0xFFFFFF80      0x00040020         (0, 1, 3)      [12] [S]
    186     0x0001B400       0xFFFFFF80      0x00040010         (0, 1, 6)      [12] [SW]
    187     0x00013500       0xFFFFFF80      0x00400202         (0, 1, 6)      [16, 3] [NE]
    188     0x00023A00       0xFFFFFF80      0x00000002         (0, 2, 7)      [] [NE]
    189     0x00015C80       0xFFFFFF80      0x00000002         (0, 1, 11)      [] [NE]
    190     0x0001DC00       0xFFFFFF80      0x00006030         (0, 1, 11)      [8, 7] [SW, S]
    191     0x0001C580       0xFFFFFF80      0x00010000         (0, 1, 8)      [10] []
    192     0x00012980       0xFFFFFF80      0x00008000         (0, 1, 5)      [9] []
    193     0x00011A80       0xFFFFFF80      0x00004020         (0, 1, 3)      [8] [S]
    194     0x00060700       0xFFFFFF00      0x00000080         (0, 6, 0)      [1] []
    195     0x00008680       0xFFFFFF80      0x00200100         (0, 0, 0)      [2, 15] []
    196     0x00015E80       0xFFFFFF80      0x00200102         (0, 1, 11)      [2, 15] [NE]
    197     0x00015F80       0xFFFFFF80      0x00800402         (0, 1, 11)      [17, 4] [NE]
    198     0x0001C480       0xFFFFFF80      0x00004000         (0, 1, 8)      [8] []
    199     0x00012880       0xFFFFFF80      0x00002000         (0, 1, 5)      [7] []
    200     0x00018900       0xFFFFFF80      0x00040003         (0, 1, 1)      [12] [E, NE]
    201     0x00020400       0xFFFFFF80      0x00010010         (0, 2, 0)      [10] [SW]
    202     0x0001E080       0xFFFFFF80      0x007FFFB7         (0, 1, 12)      [1, 2, 3, 4, 5, 6, 7, 8, 9, 10, 11, 12, 13, 14, 15, 16] [E, NE, N, SW, S]
    203     0x0001F080       0xFFFFFF80      0x00008006         (0, 1, 14)      [9] [NE, N]
    204     0x0001B380       0xFFFFFF80      0x00020010         (0, 1, 6)      [11] [SW]
    205     0x0001A980       0xFFFFFF80      0x00020010         (0, 1, 5)      [11] [SW]
    206     0x0001B000       0xFFFFFF80      0x00800410         (0, 1, 6)      [17, 4] [SW]
    207     0x00014780       0xFFFFFF80      0x00020001         (0, 1, 8)      [11] [E]
    208     0x00012600       0xFFFFFF80      0x00200100         (0, 1, 4)      [2, 15] []
    209     0x00017D00       0xFFFFFF80      0x00040002         (0, 1, 15)      [12] [NE]
    210     0x0001E680       0xFFFFFF80      0x001FFFB7         (0, 1, 12)      [1, 2, 3, 4, 5, 6, 7, 8, 9, 10, 11, 12, 13, 14] [E, NE, N, SW, S]
    211     0x0001EA00       0xFFFFFF80      0x00E06006         (0, 1, 13)      [16, 17, 15, 8, 7] [NE, N]
    212     0x00060C00       0xFFFFFF00      0x00001000         (0, 6, 1)      [6] []
    213     0x0000DD00       0xFFFFFF80      0x00000080         (0, 0, 11)      [1] []
    214     0x0001BB00       0xFFFFFF80      0x00002000         (0, 1, 7)      [7] []
    215     0x00060F00       0xFFFFFF00      0x00008000         (0, 6, 1)      [9] []
    216     0x00017000       0xFFFFFF80      0x00020020         (0, 1, 14)      [11] [S]
    217     0x00016D80       0xFFFFFF80      0x00001020         (0, 1, 13)      [6] [S]
    218     0x0001E180       0xFFFFFF80      0x009FFFB7         (0, 1, 12)      [1, 2, 3, 4, 5, 6, 7, 8, 9, 10, 11, 12, 13, 14, 17] [E, NE, N, SW, S]
    219     0x0000CF00       0xFFFFFF80      0x00200100         (0, 0, 9)      [2, 15] []
    220     0x00016080       0xFFFFFF80      0x00001002         (0, 1, 12)      [6] [NE]
    221     0x00020000       0xFFFFFF80      0x00010000         (0, 2, 0)      [10] []
    222     0x0001E900       0xFFFFFF80      0x00E01806         (0, 1, 13)      [16, 17, 5, 6, 15] [NE, N]
    223     0x00011B80       0xFFFFFF80      0x00010020         (0, 1, 3)      [10] [S]
    224     0x0001F200       0xFFFFFF80      0x00040006         (0, 1, 14)      [12] [NE, N]
    225     0x0001BC00       0xFFFFFF80      0x00008000         (0, 1, 7)      [9] []
    226     0x00014680       0xFFFFFF80      0x00008002         (0, 1, 8)      [9] [NE]
    227     0x00023400       0xFFFFFF80      0x00000002         (0, 2, 6)      [] [NE]
    228     0x0001F700       0xFFFFFF80      0x00020006         (0, 1, 14)      [11] [NE, N]
    229     0x00013180       0xFFFFFF80      0x00000002         (0, 1, 6)      [] [NE]
    230     0x00020D80       0xFFFFFF80      0x00020030         (0, 2, 1)      [11] [SW, S]
    231     0x00007780       0xFFFFFF80      0x00000080         (0, 0, 14)      [1] []
    232     0x0001FA00       0xFFFFFF80      0x00002000         (0, 1, 15)      [7] []
    233     0x0001C600       0xFFFFFF80      0x00020000         (0, 1, 8)      [11] []
    234     0x0000D100       0xFFFFFF80      0x00001020         (0, 0, 10)      [6] [S]
    235     0x00019B80       0xFFFFFF80      0x00800400         (0, 1, 3)      [17, 4] []
    236     0x0001A600       0xFFFFFF80      0x00800410         (0, 1, 4)      [17, 4] [SW]
    237     0x0001C500       0xFFFFFF80      0x00008000         (0, 1, 8)      [9] []
    238     0x00015600       0xFFFFFF80      0x00040000         (0, 1, 10)      [12] []
    239     0x00014880       0xFFFFFF80      0x00080001         (0, 1, 9)      [13] [E]
    240     0x0001AA00       0xFFFFFF80      0x00040010         (0, 1, 5)      [12] [SW]
    241     0x0000C080       0xFFFFFF80      0x00200100         (0, 0, 8)      [2, 15] []
    242     0x0001C200       0xFFFFFF80      0x00400200         (0, 1, 8)      [16, 3] []
    243     0x00019080       0xFFFFFF80      0x00800401         (0, 1, 2)      [17, 4] [E]
    244     0x00013380       0xFFFFFF80      0x00000002         (0, 1, 6)      [] [NE]
    245     0x0000A300       0xFFFFFF80      0x00000080         (0, 0, 4)      [1] []
    246     0x00017080       0xFFFFFF80      0x00040020         (0, 1, 14)      [12] [S]
    247     0x00019280       0xFFFFFF80      0x00004001         (0, 1, 2)      [8] [E]
    248     0x00019F00       0xFFFFFF80      0x00020000         (0, 1, 3)      [11] []
    249     0x00020880       0xFFFFFF80      0x00040010         (0, 2, 1)      [12] [SW]
    250     0x00018700       0xFFFFFF80      0x00004003         (0, 1, 0)      [8] [E, NE]
    251     0x00022400       0xFFFFFF80      0x00000003         (0, 2, 4)      [] [E, NE]
    252     0x00020680       0xFFFFFF80      0x00004010         (0, 2, 0)      [8] [SW]
    253     0x00019D00       0xFFFFFF80      0x00002000         (0, 1, 3)      [7] []
    254     0x0000E080       0xFFFFFF80      0x00004000         (0, 0, 12)      [8] []
    255     0x00020180       0xFFFFFF80      0x00080010         (0, 2, 0)      [13] [SW]
    256     0x00009580       0xFFFFFF80      0x00400200         (0, 0, 2)      [16, 3] []
    257     0x0001F980       0xFFFFFF80      0x00001000         (0, 1, 15)      [6] []
    258     0x0001DA80       0xFFFFFF80      0x00800C30         (0, 1, 11)      [17, 4, 5] [SW, S]
    259     0x0001A000       0xFFFFFF80      0x00080000         (0, 1, 4)      [13] []
    260     0x0001C180       0xFFFFFF80      0x00200100         (0, 1, 8)      [2, 15] []
    261     0x00024080       0xFFFFFF80      0x00400220         (0, 2, 8)      [16, 3] [S]
    262     0x00021800       0xFFFFFF80      0x00000020         (0, 2, 3)      [] [S]
    263     0x0001CA00       0xFFFFFF80      0x00200100         (0, 1, 9)      [2, 15] []
    264     0x0001BD80       0xFFFFFF80      0x00040000         (0, 1, 7)      [12] []
    265     0x0001E380       0xFFFFFF80      0x001FFFB7         (0, 1, 12)      [1, 2, 3, 4, 5, 6, 7, 8, 9, 10, 11, 12, 13, 14] [E, NE, N, SW, S]
    266     0x00023880       0xFFFFFF80      0x00000002         (0, 2, 7)      [] [NE]
    267     0x00011700       0xFFFFFF80      0x00000080         (0, 1, 2)      [1] []
    268     0x00021280       0xFFFFFF80      0x00100020         (0, 2, 2)      [14] [S]
    269     0x0001FF00       0xFFFFFF80      0x00004000         (0, 1, 15)      [8] []
    270     0x00020300       0xFFFFFF80      0x00004010         (0, 2, 0)      [8] [SW]
    271     0x00020B80       0xFFFFFF80      0x00040030         (0, 2, 1)      [12] [SW, S]
    272     0x0001B280       0xFFFFFF80      0x00008010         (0, 1, 6)      [9] [SW]
    273     0x00014180       0xFFFFFF80      0x00000002         (0, 1, 8)      [] [NE]
    274     0x00016100       0xFFFFFF80      0x00002002         (0, 1, 12)      [7] [NE]
    275     0x00023280       0xFFFFFF80      0x00000002         (0, 2, 6)      [] [NE]
    276     0x00017780       0xFFFFFF80      0x00000080         (0, 1, 14)      [1] []
    277     0x0001C680       0xFFFFFF80      0x00040000         (0, 1, 8)      [12] []
    278     0x0001CC80       0xFFFFFF80      0x00002000         (0, 1, 9)      [7] []
    279     0x0001FC00       0xFFFFFF80      0x00020000         (0, 1, 15)      [11] []
    280     0x00023800       0xFFFFFF80      0x00000002         (0, 2, 7)      [] [NE]
    281     0x0001B880       0xFFFFFF80      0x00200100         (0, 1, 7)      [2, 15] []
    282     0x00060800       0xFFFFFF00      0x00000100         (0, 6, 1)      [2] []
    283     0x0001D580       0xFFFFFF80      0x00008010         (0, 1, 10)      [9] [SW]
    284     0x00013400       0xFFFFFF80      0x00000082         (0, 1, 6)      [1] [NE]
    285     0x00015100       0xFFFFFF80      0x00200100         (0, 1, 10)      [2, 15] []
    286     0x00061600       0xFFFFFF00      0x00400000         (0, 6, 2)      [16] []
    287     0x00013780       0xFFFFFF80      0x00004002         (0, 1, 6)      [8] [NE]
    288     0x0001A900       0xFFFFFF80      0x00010010         (0, 1, 5)      [10] [SW]
    289     0x0000EE80       0xFFFFFF80      0x00002000         (0, 0, 13)      [7] []
    290     0x00010A80       0xFFFFFF80      0x00000800         (0, 1, 1)      [5] []
    291     0x00020480       0xFFFFFF80      0x00020010         (0, 2, 0)      [11] [SW]
    292     0x0001DD00       0xFFFFFF80      0x00018030         (0, 1, 11)      [9, 10] [SW, S]
    293     0x00019180       0xFFFFFF80      0x00001001         (0, 1, 2)      [6] [E]
    294     0x0000DE80       0xFFFFFF80      0x00800400         (0, 0, 11)      [17, 4] []
    295     0x00011980       0xFFFFFF80      0x00001020         (0, 1, 3)      [6] [S]
    296     0x00018880       0xFFFFFF80      0x00020003         (0, 1, 1)      [11] [E, NE]
    297     0x0001D680       0xFFFFFF80      0x00020010         (0, 1, 10)      [11] [SW]
    298     0x00021080       0xFFFFFF80      0x00080030         (0, 2, 2)      [13] [SW, S]
    299     0x0000EF00       0xFFFFFF80      0x00004000         (0, 0, 13)      [8] []
    300     0x00014480       0xFFFFFF80      0x00000802         (0, 1, 8)      [5] [NE]
    301     0x00020E80       0xFFFFFF80      0x00080030         (0, 2, 1)      [13] [SW, S]
    302     0x00024500       0xFFFFFF80      0x00040020         (0, 2, 8)      [12] [S]
    303     0x00018B80       0xFFFFFF80      0x00000001         (0, 1, 1)      [] [E]
    304     0x00016280       0xFFFFFF80      0x00010002         (0, 1, 12)      [10] [NE]
    305     0x00018100       0xFFFFFF80      0x00000002         (0, 1, 0)      [] [NE]
    306     0x0001B800       0xFFFFFF80      0x00000080         (0, 1, 7)      [1] []
    307     0x0000FB80       0xFFFFFF80      0x00800400         (0, 0, 15)      [17, 4] []
    308     0x00018580       0xFFFFFF80      0x00000803         (0, 1, 0)      [5] [E, NE]
    309     0x0001B180       0xFFFFFF80      0x00002010         (0, 1, 6)      [7] [SW]
    310     0x0001E780       0xFFFFFF80      0x00E00337         (0, 1, 12)      [16, 17, 2, 3, 15] [E, NE, N, SW, S]
    311     0x00015200       0xFFFFFF80      0x00800400         (0, 1, 10)      [17, 4] []
    312     0x00024180       0xFFFFFF80      0x00000820         (0, 2, 8)      [5] [S]
    313     0x0001DD80       0xFFFFFF80      0x00030030         (0, 1, 11)      [10, 11] [SW, S]
    314     0x00020600       0xFFFFFF80      0x00100010         (0, 2, 0)      [14] [SW]
    315     0x00013580       0xFFFFFF80      0x00800402         (0, 1, 6)      [17, 4] [NE]
    316     0x00023B80       0xFFFFFF80      0x00000002         (0, 2, 7)      [] [NE]
    317     0x00019100       0xFFFFFF80      0x00000801         (0, 1, 2)      [5] [E]
    318     0x0001F680       0xFFFFFF80      0x00010006         (0, 1, 14)      [10] [NE, N]
    319     0x00024400       0xFFFFFF80      0x00010020         (0, 2, 8)      [10] [S]
    320     0x00008600       0xFFFFFF80      0x00000080         (0, 0, 0)      [1] []
    321     0x00014900       0xFFFFFF80      0x00100000         (0, 1, 9)      [14] []
    322     0x0001A580       0xFFFFFF80      0x00400210         (0, 1, 4)      [16, 3] [SW]
    323     0x0000E000       0xFFFFFF80      0x00002000         (0, 0, 12)      [7] []
    324     0x00015D00       0xFFFFFF80      0x00000002         (0, 1, 11)      [] [NE]
    325     0x00019B00       0xFFFFFF80      0x00400200         (0, 1, 3)      [16, 3] []
    326     0x0001E800       0xFFFFFF80      0x00E00637         (0, 1, 13)      [16, 17, 3, 4, 15] [E, NE, N, SW, S]
    327     0x0001E280       0xFFFFFF80      0x001FFFB7         (0, 1, 12)      [1, 2, 3, 4, 5, 6, 7, 8, 9, 10, 11, 12, 13, 14] [E, NE, N, SW, S]
    328     0x00009500       0xFFFFFF80      0x00200100         (0, 0, 2)      [2, 15] []
    329     0x00021180       0xFFFFFF80      0x00040030         (0, 2, 2)      [12] [SW, S]
    330     0x00020D00       0xFFFFFF80      0x00010030         (0, 2, 1)      [10] [SW, S]
    331     0x00020E00       0xFFFFFF80      0x00040030         (0, 2, 1)      [12] [SW, S]
    332     0x00016E00       0xFFFFFF80      0x00002020         (0, 1, 13)      [7] [S]
    333     0x0001C100       0xFFFFFF80      0x00000080         (0, 1, 8)      [1] []
    334     0x00017A00       0xFFFFFF80      0x00001000         (0, 1, 15)      [6] []
    335     0x0000EC00       0xFFFFFF80      0x00200100         (0, 0, 13)      [2, 15] []
    336     0x0001EB00       0xFFFFFF80      0x00E18006         (0, 1, 13)      [16, 17, 10, 15, 9] [NE, N]
    337     0x00024380       0xFFFFFF80      0x00008020         (0, 2, 8)      [9] [S]
    338     0x00013800       0xFFFFFF80      0x00008002         (0, 1, 7)      [9] [NE]
    339     0x0001C980       0xFFFFFF80      0x00000080         (0, 1, 9)      [1] []
    340     0x00016380       0xFFFFFF80      0x00040002         (0, 1, 12)      [12] [NE]
    341     0x0000DF00       0xFFFFFF80      0x00000800         (0, 0, 11)      [5] []
    342     0x0001DF00       0xFFFFFF80      0x00180030         (0, 1, 11)      [13, 14] [SW, S]
    343     0x00021380       0xFFFFFF80      0x00100020         (0, 2, 2)      [14] [S]
    344     0x00015400       0xFFFFFF80      0x00004000         (0, 1, 10)      [8] []
    345     0x00020C80       0xFFFFFF80      0x00100030         (0, 2, 1)      [14] [SW, S]
    346     0x00016F00       0xFFFFFF80      0x00008020         (0, 1, 13)      [9] [S]
    347     0x0001EB80       0xFFFFFF80      0x00E30006         (0, 1, 13)      [16, 17, 10, 11, 15] [NE, N]
    348     0x00023980       0xFFFFFF80      0x00000002         (0, 2, 7)      [] [NE]
    349     0x0001EF80       0xFFFFFF80      0x00002006         (0, 1, 13)      [7] [NE, N]
    350     0x0001F880       0xFFFFFF80      0x00100006         (0, 1, 15)      [14] [NE, N]
    351     0x00011780       0xFFFFFF80      0x00200100         (0, 1, 2)      [2, 15] []
    352     0x00017B80       0xFFFFFF80      0x00008002         (0, 1, 15)      [9] [NE]
    353     0x0000C000       0xFFFFFF80      0x00000080         (0, 0, 8)      [1] []
    354     0x00019400       0xFFFFFF80      0x00020000         (0, 1, 2)      [11] []
    355     0x0001EF00       0xFFFFFF80      0x00001006         (0, 1, 13)      [6] [NE, N]
    356     0x00018680       0xFFFFFF80      0x00002003         (0, 1, 0)      [7] [E, NE]
    357     0x0001D380       0xFFFFFF80      0x00000810         (0, 1, 10)      [5] [SW]
    358     0x0001B200       0xFFFFFF80      0x00004010         (0, 1, 6)      [8] [SW]
    359     0x0000B300       0xFFFFFF80      0x00800400         (0, 0, 6)      [17, 4] []
    360     0x0001BA80       0xFFFFFF80      0x00001000         (0, 1, 7)      [6] []
    361     0x0000A480       0xFFFFFF80      0x00800400         (0, 0, 4)      [17, 4] []
    362     0x00018600       0xFFFFFF80      0x00001003         (0, 1, 0)      [6] [E, NE]
    363     0x00022680       0xFFFFFF80      0x001FFF80         (0, 2, 4)      [1, 2, 3, 4, 5, 6, 7, 8, 9, 10, 11, 12, 13, 14] []
    364     0x00061200       0xFFFFFF00      0x00040000         (0, 6, 2)      [12] []
    365     0x00014500       0xFFFFFF80      0x00001002         (0, 1, 8)      [6] [NE]
    366     0x0001A880       0xFFFFFF80      0x00008010         (0, 1, 5)      [9] [SW]
    367     0x00021000       0xFFFFFF80      0x00040030         (0, 2, 2)      [12] [SW, S]
    368     0x0001F580       0xFFFFFF80      0x00004006         (0, 1, 14)      [8] [NE, N]
    369     0x0001B580       0xFFFFFF80      0x00000010         (0, 1, 6)      [] [SW]
    370     0x0005B300       0xFFFFFF00      0x00000001         (0, 5, 6)      [] [E]
    371     0x00018F00       0xFFFFFF80      0x00000081         (0, 1, 1)      [1] [E]
    372     0x00011B00       0xFFFFFF80      0x00008020         (0, 1, 3)      [9] [S]
    373     0x0001D100       0xFFFFFF80      0x00000010         (0, 1, 10)      [] [SW]
    374     0x00016480       0xFFFFFF80      0x00100002         (0, 1, 12)      [14] [NE]
    375     0x00013900       0xFFFFFF80      0x00020002         (0, 1, 7)      [11] [NE]
    376     0x00013600       0xFFFFFF80      0x00000802         (0, 1, 6)      [5] [NE]
    377     0x0000ED00       0xFFFFFF80      0x00800400         (0, 0, 13)      [17, 4] []
    378     0x00022700       0xFFFFFF80      0x00E00000         (0, 2, 4)      [16, 17, 15] []
    379     0x0001D300       0xFFFFFF80      0x00800410         (0, 1, 10)      [17, 4] [SW]
    380     0x00015480       0xFFFFFF80      0x00008000         (0, 1, 10)      [9] []
    381     0x00020080       0xFFFFFF80      0x00020000         (0, 2, 0)      [11] []
    382     0x00018C80       0xFFFFFF80      0x00000001         (0, 1, 1)      [] [E]
    383     0x0001D600       0xFFFFFF80      0x00010010         (0, 1, 10)      [10] [SW]
    384     0x0000C180       0xFFFFFF80      0x00800400         (0, 0, 8)      [17, 4] []
    385     0x0001BB80       0xFFFFFF80      0x00004000         (0, 1, 7)      [8] []
    386     0x0001FB80       0xFFFFFF80      0x00010000         (0, 1, 15)      [10] []
    387     0x00017C00       0xFFFFFF80      0x00010002         (0, 1, 15)      [10] [NE]
    388     0x0001BC80       0xFFFFFF80      0x00010000         (0, 1, 7)      [10] []
    389     0x0000B200       0xFFFFFF80      0x00200100         (0, 0, 6)      [2, 15] []
    390     0x0001F600       0xFFFFFF80      0x00008006         (0, 1, 14)      [9] [NE, N]
    391     0x0005B700       0xFFFFFF00      0x00000001         (0, 5, 6)      [] [E]
    392     0x00023900       0xFFFFFF80      0x00000002         (0, 2, 7)      [] [NE]
    393     0x00021200       0xFFFFFF80      0x00080030         (0, 2, 2)      [13] [SW, S]
    394     0x00018480       0xFFFFFF80      0x00400203         (0, 1, 0)      [16, 3] [E, NE]
    395     0x00015B00       0xFFFFFF80      0x00000002         (0, 1, 11)      [] [NE]
    396     0x00020380       0xFFFFFF80      0x00008010         (0, 2, 0)      [9] [SW]
    397     0x0001F380       0xFFFFFF80      0x00800406         (0, 1, 14)      [17, 4] [NE, N]
    398     0x00012700       0xFFFFFF80      0x00800400         (0, 1, 4)      [17, 4] []
    399     0x00019380       0xFFFFFF80      0x00010001         (0, 1, 2)      [10] [E]
    400     0x0000FA80       0xFFFFFF80      0x00200100         (0, 0, 15)      [2, 15] []
    401     0x0001CB80       0xFFFFFF80      0x00000800         (0, 1, 9)      [5] []
    402     0x00015700       0xFFFFFF80      0x00100000         (0, 1, 10)      [14] []
    403     0x00016800       0xFFFFFF80      0x00000002         (0, 1, 13)      [] [NE]
    404     0x00033200       0xFFFFFF00      0x00000002         (0, 3, 6)      [] [NE]
    405     0x00014F00       0xFFFFFF80      0x00000001         (0, 1, 9)      [] [E]
    406     0x0001ED00       0xFFFFFF80      0x00F80006         (0, 1, 13)      [16, 17, 13, 14, 15] [NE, N]
    407     0x0001C700       0xFFFFFF80      0x00080000         (0, 1, 8)      [13] []
    408     0x0001AF80       0xFFFFFF80      0x00400210         (0, 1, 5)      [16, 3] [SW]
    409     0x0001E700       0xFFFFFF80      0x00E001B7         (0, 1, 12)      [16, 17, 2, 1, 15] [E, NE, N, SW, S]
    410     0x0005C200       0xFFFFFF00      0x00000001         (0, 5, 8)      [] [E]
    411     0x0001EE80       0xFFFFFF80      0x00800806         (0, 1, 13)      [17, 5] [NE, N]
    412     0x00012B80       0xFFFFFF80      0x00080000         (0, 1, 5)      [13] []
    413     0x00019000       0xFFFFFF80      0x00400201         (0, 1, 2)      [16, 3] [E]
    414     0x00018300       0xFFFFFF80      0x00000003         (0, 1, 0)      [] [E, NE]
    415     0x00020B00       0xFFFFFF80      0x00020030         (0, 2, 1)      [11] [SW, S]
    416     0x00014F80       0xFFFFFF80      0x00000001         (0, 1, 9)      [] [E]
    417     0x0001F480       0xFFFFFF80      0x00001006         (0, 1, 14)      [6] [NE, N]
    418     0x00014380       0xFFFFFF80      0x00400202         (0, 1, 8)      [16, 3] [NE]
    419     0x0000D000       0xFFFFFF80      0x00800420         (0, 0, 10)      [17, 4] [S]
    420     0x0005C300       0xFFFFFF00      0x00000001         (0, 5, 8)      [] [E]
    421     0x0005B800       0xFFFFFF00      0x00000001         (0, 5, 7)      [] [E]
    422     0x00016000       0xFFFFFF80      0x00000802         (0, 1, 12)      [5] [NE]
    423     0x00019E00       0xFFFFFF80      0x00008000         (0, 1, 3)      [9] []
    424     0x00060900       0xFFFFFF00      0x00000200         (0, 6, 1)      [3] []
    425     0x00023F80       0xFFFFFF80      0x00000080         (0, 2, 7)      [1] []
    426     0x00024480       0xFFFFFF80      0x00020020         (0, 2, 8)      [11] [S]
    427     0x00024300       0xFFFFFF80      0x00004020         (0, 2, 8)      [8] [S]
    428     0x0000D080       0xFFFFFF80      0x00000820         (0, 0, 10)      [5] [S]
    429     0x00024100       0xFFFFFF80      0x00800420         (0, 2, 8)      [17, 4] [S]
    430     0x0001EA80       0xFFFFFF80      0x00E0C006         (0, 1, 13)      [16, 17, 15, 8, 9] [NE, N]
    431     0x00017B00       0xFFFFFF80      0x00004002         (0, 1, 15)      [8] [NE]
    432     0x00015C00       0xFFFFFF80      0x00000002         (0, 1, 11)      [] [NE]
    433     0x00022280       0xFFFFFF80      0x00000001         (0, 2, 4)      [] [E]
    434     0x0001F100       0xFFFFFF80      0x00010006         (0, 1, 14)      [10] [NE, N]
    435     0x0000FB00       0xFFFFFF80      0x00400200         (0, 0, 15)      [16, 3] []
    436     0x00016D00       0xFFFFFF80      0x00000820         (0, 1, 13)      [5] [S]
    437     0x00018980       0xFFFFFF80      0x00080003         (0, 1, 1)      [13] [E, NE]
    438     0x0001F900       0xFFFFFF80      0x00000800         (0, 1, 15)      [5] []
    439     0x0001BA00       0xFFFFFF80      0x00000800         (0, 1, 7)      [5] []
    440     0x00012A00       0xFFFFFF80      0x00010000         (0, 1, 5)      [10] []
    441     0x00016F80       0xFFFFFF80      0x00010020         (0, 1, 13)      [10] [S]
    442     0x00016900       0xFFFFFF80      0x00000002         (0, 1, 13)      [] [NE]
    443     0x00022380       0xFFFFFF80      0x00000002         (0, 2, 4)      [] [NE]
    444     0x0000FD00       0xFFFFFF80      0x00002000         (0, 0, 15)      [7] []
    445     0x00016180       0xFFFFFF80      0x00004002         (0, 1, 12)      [8] [NE]
    446     0x00014600       0xFFFFFF80      0x00004002         (0, 1, 8)      [8] [NE]
    447     0x0001DF80       0xFFFFFF80      0x00100030         (0, 1, 11)      [14] [SW, S]
    448     0x0001E880       0xFFFFFF80      0x00E00C06         (0, 1, 13)      [16, 17, 4, 5, 15] [NE, N]
    449     0x0001FE00       0xFFFFFF80      0x00001000         (0, 1, 15)      [6] []
    450     0x0000A380       0xFFFFFF80      0x00200100         (0, 0, 4)      [2, 15] []
    451     0x00016B00       0xFFFFFF80      0x00000080         (0, 1, 13)      [1] []
    452     0x0005C100       0xFFFFFF00      0x00000001         (0, 5, 8)      [] [E]
    453     0x0001D700       0xFFFFFF80      0x00040010         (0, 1, 10)      [12] [SW]
    454     0x00015280       0xFFFFFF80      0x00000800         (0, 1, 10)      [5] []
    455     0x00023B00       0xFFFFFF80      0x00000002         (0, 2, 7)      [] [NE]
    456     0x00011800       0xFFFFFF80      0x00400220         (0, 1, 3)      [16, 3] [S]
    457     0x00023200       0xFFFFFF80      0x00000002         (0, 2, 6)      [] [NE]
    458     0x0001A500       0xFFFFFF80      0x00200110         (0, 1, 4)      [2, 15] [SW]
    459     0x00060D00       0xFFFFFF00      0x00002000         (0, 6, 1)      [7] []
    460     0x00019480       0xFFFFFF80      0x00040000         (0, 1, 2)      [12] []
    461     0x0000EB80       0xFFFFFF80      0x00000080         (0, 0, 13)      [1] []
    462     0x0000B380       0xFFFFFF80      0x00000800         (0, 0, 6)      [5] []
    463     0x00063700       0xFFFFFF00      0x00000020         (0, 6, 6)      [] [S]
    464     0x0001A480       0xFFFFFF80      0x00000080         (0, 1, 4)      [1] []
    465     0x0005B600       0xFFFFFF00      0x00000001         (0, 5, 6)      [] [E]
    466     0x00015500       0xFFFFFF80      0x00010000         (0, 1, 10)      [10] []
    467     0x0001D280       0xFFFFFF80      0x00400210         (0, 1, 10)      [16, 3] [SW]
    468     0x00019E80       0xFFFFFF80      0x00010000         (0, 1, 3)      [10] []
    469     0x00061400       0xFFFFFF00      0x00100000         (0, 6, 2)      [14] []
    470     0x0001C400       0xFFFFFF80      0x00002000         (0, 1, 8)      [7] []
    471     0x00016200       0xFFFFFF80      0x00008002         (0, 1, 12)      [9] [NE]
    472     0x0001DA00       0xFFFFFF80      0x00400630         (0, 1, 11)      [16, 3, 4] [SW, S]
    473     0x0001A700       0xFFFFFF80      0x00001010         (0, 1, 4)      [6] [SW]
    474     0x0001AE00       0xFFFFFF80      0x00000010         (0, 1, 5)      [] [SW]
    475     0x00060E00       0xFFFFFF00      0x00004000         (0, 6, 1)      [8] []
    476     0x00011C00       0xFFFFFF80      0x00020020         (0, 1, 3)      [11] [S]
    477     0x00023A80       0xFFFFFF80      0x00000002         (0, 2, 7)      [] [NE]
    478     0x0000D180       0xFFFFFF80      0x00002020         (0, 0, 10)      [7] [S]
    479     0x0000FE00       0xFFFFFF80      0x00008000         (0, 0, 15)      [9] []
    480     0x00061700       0xFFFFFF00      0x00800000         (0, 6, 2)      [17] []
    481     0x00017100       0xFFFFFF80      0x00080020         (0, 1, 14)      [13] [S]
    482     0x0001AE80       0xFFFFFF80      0x00000090         (0, 1, 5)      [1] [SW]
    483     0x00019C80       0xFFFFFF80      0x00001000         (0, 1, 3)      [6] []
    484     0x00012B00       0xFFFFFF80      0x00040000         (0, 1, 5)      [12] []
    485     0x00014200       0xFFFFFF80      0x00000002         (0, 1, 8)      [] [NE]
    486     0x0001B480       0xFFFFFF80      0x00080010         (0, 1, 6)      [13] [SW]
    487     0x00011480       0xFFFFFF80      0x00000002         (0, 1, 2)      [] [NE]
    488     0x0001AF00       0xFFFFFF80      0x00200110         (0, 1, 5)      [2, 15] [SW]
    489     0x00018500       0xFFFFFF80      0x00800403         (0, 1, 0)      [17, 4] [E, NE]
    490     0x0001D200       0xFFFFFF80      0x00200110         (0, 1, 10)      [2, 15] [SW]
    491     0x00020A80       0xFFFFFF80      0x00010030         (0, 2, 1)      [10] [SW, S]
    492     0x00061000       0xFFFFFF00      0x00010000         (0, 6, 2)      [10] []
    493     0x0005BF00       0xFFFFFF00      0x00000001         (0, 5, 7)      [] [E]
    494     0x0001FD00       0xFFFFFF80      0x00080000         (0, 1, 15)      [13] []
    495     0x0001E400       0xFFFFFF80      0x001FFFB7         (0, 1, 12)      [1, 2, 3, 4, 5, 6, 7, 8, 9, 10, 11, 12, 13, 14] [E, NE, N, SW, S]
    496     0x0000FE80       0xFFFFFF80      0x00010000         (0, 0, 15)      [10] []
    497     0x00010A00       0xFFFFFF80      0x00800400         (0, 1, 1)      [17, 4] []
    498     0x00020280       0xFFFFFF80      0x00002010         (0, 2, 0)      [7] [SW]
    499     0x0000C280       0xFFFFFF80      0x00001000         (0, 0, 8)      [6] []
    500     0x00011900       0xFFFFFF80      0x00000820         (0, 1, 3)      [5] [S]
    501     0x00024580       0xFFFFFF80      0x00080020         (0, 2, 8)      [13] [S]
    502     0x00061100       0xFFFFFF00      0x00020000         (0, 6, 2)      [11] []
    503     0x00014400       0xFFFFFF80      0x00800402         (0, 1, 8)      [17, 4] [NE]
    504     0x00018E80       0xFFFFFF80      0x00000001         (0, 1, 1)      [] [E]
    505     0x0001C780       0xFFFFFF80      0x00100000         (0, 1, 8)      [14] []
    506     0x0001F800       0xFFFFFF80      0x00080006         (0, 1, 15)      [13] [NE, N]
    507     0x00020500       0xFFFFFF80      0x00040010         (0, 2, 0)      [12] [SW]
    508     0x0000CE80       0xFFFFFF80      0x00000080         (0, 0, 9)      [1] []
    509     0x0001B500       0xFFFFFF80      0x00100010         (0, 1, 6)      [14] [SW]
    510     0x00017880       0xFFFFFF80      0x00400200         (0, 1, 15)      [16, 3] []
    511     0x00010980       0xFFFFFF80      0x00400200         (0, 1, 1)      [16, 3] []
    512     0x0001F280       0xFFFFFF80      0x00080006         (0, 1, 14)      [13] [NE, N]
    513     0x00010C00       0xFFFFFF80      0x00004000         (0, 1, 1)      [8] []
    514     0x00013300       0xFFFFFF80      0x00000002         (0, 1, 6)      [] [NE]
    515     0x00019A80       0xFFFFFF80      0x00200100         (0, 1, 3)      [2, 15] []
    516     0x00009480       0xFFFFFF80      0x00000080         (0, 0, 2)      [1] []
    517     0x0001E100       0xFFFFFF80      0x00DFFFB7         (0, 1, 12)      [1, 2, 3, 4, 5, 6, 7, 8, 9, 10, 11, 12, 13, 14, 16, 17] [E, NE, N, SW, S]
    518     0x00061300       0xFFFFFF00      0x00080000         (0, 6, 2)      [13] []
    519     0x00023C80       0xFFFFFF80      0x00000002         (0, 2, 7)      [] [NE]
    520     0x0001A800       0xFFFFFF80      0x00004010         (0, 1, 5)      [8] [SW]
    521     0x0001FB00       0xFFFFFF80      0x00008000         (0, 1, 15)      [9] []
    522     0x00015380       0xFFFFFF80      0x00002000         (0, 1, 10)      [7] []
    523     0x0001F000       0xFFFFFF80      0x00004006         (0, 1, 14)      [8] [NE, N]
    524     0x0001B980       0xFFFFFF80      0x00800400         (0, 1, 7)      [17, 4] []
    525     0x00011400       0xFFFFFF80      0x00000002         (0, 1, 2)      [] [NE]
    526     0x00014800       0xFFFFFF80      0x00040001         (0, 1, 9)      [12] [E]
    527     0x00016C00       0xFFFFFF80      0x00400220         (0, 1, 13)      [16, 3] [S]
    528     0x0001B080       0xFFFFFF80      0x00000810         (0, 1, 6)      [5] [SW]
    529     0x00023C00       0xFFFFFF80      0x00000002         (0, 2, 7)      [] [NE]
    530     0x0000DE00       0xFFFFFF80      0x00400200         (0, 0, 11)      [16, 3] []
    531     0x00015580       0xFFFFFF80      0x00020000         (0, 1, 10)      [11] []
    532     0x0000DD80       0xFFFFFF80      0x00200100         (0, 0, 11)      [2, 15] []
    533     0x0001E980       0xFFFFFF80      0x00E03006         (0, 1, 13)      [16, 17, 15, 6, 7] [NE, N]
    534     0x00010C80       0xFFFFFF80      0x00008002         (0, 1, 1)      [9] [NE]
    535     0x00019A00       0xFFFFFF80      0x00000080         (0, 1, 3)      [1] []
    536     0x00020800       0xFFFFFF80      0x00020010         (0, 2, 1)      [11] [SW]
    537     0x00023780       0xFFFFFF80      0x00000002         (0, 2, 6)      [] [NE]
    538     0x00061500       0xFFFFFF00      0x00200000         (0, 6, 2)      [15] []
    539     0x0000ED80       0xFFFFFF80      0x00000800         (0, 0, 13)      [5] []
