router contains 727 entries 
 
  Index   Key(hex)    Mask(hex)    Route(hex)    Src. Core -> [Cores][Links]
------------------------------------------------------------------------------
    0     0x00017E00       0xFFFFFF80      0x00000008         (0, 1, 15)      [] [W]
    1     0x00013580       0xFFFFFF80      0x00000008         (0, 1, 6)      [] [W]
    2     0x0000CB00       0xFFFFFF80      0x00000008         (0, 0, 9)      [] [W]
    3     0x00003600       0xFFFFFF80      0x00000008         (0, 0, 6)      [] [W]
    4     0x00021580       0xFFFFFF80      0x00000001         (0, 2, 2)      [] [E]
    5     0x0000AC80       0xFFFFFF80      0x00000008         (0, 0, 5)      [] [W]
    6     0x00017A80       0xFFFFFF80      0x00000008         (0, 1, 15)      [] [W]
    7     0x00016680       0xFFFFFF80      0x00000008         (0, 1, 12)      [] [W]
    8     0x00019C00       0xFFFFFF80      0x00000001         (0, 1, 3)      [] [E]
    9     0x0000A280       0xFFFFFF80      0x00000008         (0, 0, 4)      [] [W]
    10     0x0000B480       0xFFFFFF80      0x00008010         (0, 0, 6)      [9] [SW]
    11     0x00007B80       0xFFFFFF80      0x00020010         (0, 0, 15)      [11] [SW]
    12     0x00002D80       0xFFFFFF80      0x00000008         (0, 0, 5)      [] [W]
    13     0x00012A80       0xFFFFFF80      0x00000008         (0, 1, 5)      [] [W]
    14     0x00026E00       0xFFFFFF00      0x00001000         (0, 2, 13)      [6] []
    15     0x00012D00       0xFFFFFF80      0x00000008         (0, 1, 5)      [] [W]
    16     0x0000DF80       0xFFFFFF80      0x00000008         (0, 0, 11)      [] [W]
    17     0x0000B280       0xFFFFFF80      0x00000010         (0, 0, 6)      [] [SW]
    18     0x0001C200       0xFFFFFF80      0x00000003         (0, 1, 8)      [] [E, NE]
    19     0x00027000       0xFFFFFF00      0x00004000         (0, 2, 14)      [8] []
    20     0x00010A80       0xFFFFFF80      0x00000010         (0, 1, 1)      [] [SW]
    21     0x00010700       0xFFFFFF80      0x00000010         (0, 1, 0)      [] [SW]
    22     0x00012400       0xFFFFFF80      0x00000008         (0, 1, 4)      [] [W]
    23     0x0000DC00       0xFFFFFF80      0x00000008         (0, 0, 11)      [] [W]
    24     0x0001C080       0xFFFFFF80      0x00000003         (0, 1, 8)      [] [E, NE]
    25     0x0001B680       0xFFFFFF80      0x00000001         (0, 1, 6)      [] [E]
    26     0x00019800       0xFFFFFF80      0x00000001         (0, 1, 3)      [] [E]
    27     0x00009800       0xFFFFFF80      0x00010000         (0, 0, 3)      [10] []
    28     0x0000AB00       0xFFFFFF80      0x00000008         (0, 0, 5)      [] [W]
    29     0x0000C300       0xFFFFFF80      0x00008010         (0, 0, 8)      [9] [SW]
    30     0x0000AE80       0xFFFFFF80      0x00000018         (0, 0, 5)      [] [W, SW]
    31     0x00015580       0xFFFFFF80      0x00000010         (0, 1, 10)      [] [SW]
    32     0x00005E80       0xFFFFFF80      0x00020000         (0, 0, 11)      [11] []
    33     0x0000F280       0xFFFFFF80      0x00000008         (0, 0, 14)      [] [W]
    34     0x0000AB80       0xFFFFFF80      0x00000008         (0, 0, 5)      [] [W]
    35     0x00008180       0xFFFFFF80      0x00000020         (0, 0, 0)      [] [S]
    36     0x00008880       0xFFFFFF80      0x00004000         (0, 0, 1)      [8] []
    37     0x00001E00       0xFFFFFF80      0x00000021         (0, 0, 3)      [] [E, S]
    38     0x00002B80       0xFFFFFF80      0x00000008         (0, 0, 5)      [] [W]
    39     0x0000DC80       0xFFFFFF80      0x00000008         (0, 0, 11)      [] [W]
    40     0x00003980       0xFFFFFF80      0x00000018         (0, 0, 7)      [] [W, SW]
    41     0x00010F00       0xFFFFFF80      0x00400000         (0, 1, 1)      [16] []
    42     0x00000600       0xFFFFFF80      0x0000C003         (0, 0, 0)      [8, 9] [E, NE]
    43     0x00008680       0xFFFFFF80      0x00000008         (0, 0, 0)      [] [W]
    44     0x0001C180       0xFFFFFF80      0x00000003         (0, 1, 8)      [] [E, NE]
    45     0x00005200       0xFFFFFF80      0x00200000         (0, 0, 10)      [15] []
    46     0x0000FD80       0xFFFFFF80      0x00000010         (0, 0, 15)      [] [SW]
    47     0x00009B00       0xFFFFFF80      0x00400000         (0, 0, 3)      [16] []
    48     0x00006880       0xFFFFFF80      0x00000018         (0, 0, 13)      [] [W, SW]
    49     0x00021500       0xFFFFFF80      0x007FFF80         (0, 2, 2)      [1, 2, 3, 4, 5, 6, 7, 8, 9, 10, 11, 12, 13, 14, 15, 16] []
    50     0x00006180       0xFFFFFF80      0x00000008         (0, 0, 12)      [] [W]
    51     0x0000D500       0xFFFFFF80      0x00400000         (0, 0, 10)      [16] []
    52     0x00004600       0xFFFFFF80      0x00000020         (0, 0, 8)      [] [S]
    53     0x00009000       0xFFFFFF80      0x00000008         (0, 0, 2)      [] [W]
    54     0x0000D600       0xFFFFFF80      0x00000008         (0, 0, 10)      [] [W]
    55     0x00009300       0xFFFFFF80      0x00000008         (0, 0, 2)      [] [W]
    56     0x00012100       0xFFFFFF80      0x00000008         (0, 1, 4)      [] [W]
    57     0x00023080       0xFFFFFF80      0x00000101         (0, 2, 6)      [2] [E]
    58     0x00017B80       0xFFFFFF80      0x00000008         (0, 1, 15)      [] [W]
    59     0x00000400       0xFFFFFF80      0x00000C03         (0, 0, 0)      [4, 5] [E, NE]
    60     0x0000F880       0xFFFFFF80      0x00000010         (0, 0, 15)      [] [SW]
    61     0x0000CF00       0xFFFFFF80      0x00000008         (0, 0, 9)      [] [W]
    62     0x0000CD00       0xFFFFFF80      0x00000008         (0, 0, 9)      [] [W]
    63     0x0000CC80       0xFFFFFF80      0x00000008         (0, 0, 9)      [] [W]
    64     0x00002E80       0xFFFFFF80      0x00000108         (0, 0, 5)      [2] [W]
    65     0x00008980       0xFFFFFF80      0x00010000         (0, 0, 1)      [10] []
    66     0x00013E80       0xFFFFFF80      0x00000008         (0, 1, 7)      [] [W]
    67     0x00001980       0xFFFFFF80      0x007FFFA1         (0, 0, 3)      [1, 2, 3, 4, 5, 6, 7, 8, 9, 10, 11, 12, 13, 14, 15, 16] [E, S]
    68     0x00009F00       0xFFFFFF80      0x00000008         (0, 0, 3)      [] [W]
    69     0x00006400       0xFFFFFF80      0x00000008         (0, 0, 12)      [] [W]
    70     0x00001A80       0xFFFFFF80      0x007FFFA1         (0, 0, 3)      [1, 2, 3, 4, 5, 6, 7, 8, 9, 10, 11, 12, 13, 14, 15, 16] [E, S]
    71     0x00004D80       0xFFFFFF80      0x00001000         (0, 0, 9)      [6] []
    72     0x00014F00       0xFFFFFF80      0x00000010         (0, 1, 9)      [] [SW]
    73     0x0001AB80       0xFFFFFF80      0x00000001         (0, 1, 5)      [] [E]
    74     0x0002AE00       0xFFFFFF00      0x00000002         (0, 2, 5)      [] [NE]
    75     0x00027700       0xFFFFFF00      0x00200000         (0, 2, 14)      [15] []
    76     0x0000C780       0xFFFFFF80      0x00000020         (0, 0, 8)      [] [S]
    77     0x0000ED80       0xFFFFFF80      0x00000018         (0, 0, 13)      [] [W, SW]
    78     0x00005600       0xFFFFFF80      0x00000008         (0, 0, 10)      [] [W]
    79     0x00021600       0xFFFFFF80      0x00000001         (0, 2, 2)      [] [E]
    80     0x00015680       0xFFFFFF80      0x00000010         (0, 1, 10)      [] [SW]
    81     0x0000E800       0xFFFFFF80      0x00000008         (0, 0, 13)      [] [W]
    82     0x00015700       0xFFFFFF80      0x00000010         (0, 1, 10)      [] [SW]
    83     0x00004280       0xFFFFFF80      0x00080020         (0, 0, 8)      [13] [S]
    84     0x00014900       0xFFFFFF80      0x00000010         (0, 1, 9)      [] [SW]
    85     0x00000800       0xFFFFFF80      0x000C0002         (0, 0, 1)      [12, 13] [NE]
    86     0x00001200       0xFFFFFF80      0x007FFFBF         (0, 0, 2)      [1, 2, 3, 4, 5, 6, 7, 8, 9, 10, 11, 12, 13, 14, 15, 16] [E, NE, N, W, SW, S]
    87     0x00006200       0xFFFFFF80      0x00000008         (0, 0, 12)      [] [W]
    88     0x0000B200       0xFFFFFF80      0x00000010         (0, 0, 6)      [] [SW]
    89     0x0000ED00       0xFFFFFF80      0x00000018         (0, 0, 13)      [] [W, SW]
    90     0x00003300       0xFFFFFF80      0x00020010         (0, 0, 6)      [11] [SW]
    91     0x0000C880       0xFFFFFF80      0x00000020         (0, 0, 9)      [] [S]
    92     0x00002E00       0xFFFFFF80      0x00000088         (0, 0, 5)      [1] [W]
    93     0x00007680       0xFFFFFF80      0x00000010         (0, 0, 14)      [] [SW]
    94     0x00005780       0xFFFFFF80      0x00000008         (0, 0, 10)      [] [W]
    95     0x0002B100       0xFFFFFF00      0x00000002         (0, 2, 6)      [] [NE]
    96     0x0000E000       0xFFFFFF80      0x00000008         (0, 0, 12)      [] [W]
    97     0x00010C00       0xFFFFFF80      0x00000010         (0, 1, 1)      [] [SW]
    98     0x00003380       0xFFFFFF80      0x00040010         (0, 0, 6)      [12] [SW]
    99     0x00006500       0xFFFFFF80      0x00000018         (0, 0, 12)      [] [W, SW]
    100     0x00013980       0xFFFFFF80      0x00000008         (0, 1, 7)      [] [W]
    101     0x0001AF00       0xFFFFFF80      0x00000001         (0, 1, 5)      [] [E]
    102     0x00006D80       0xFFFFFF80      0x00040010         (0, 0, 13)      [12] [SW]
    103     0x00003C80       0xFFFFFF80      0x00000090         (0, 0, 7)      [1] [SW]
    104     0x00004480       0xFFFFFF80      0x00000020         (0, 0, 8)      [] [S]
    105     0x00012E00       0xFFFFFF80      0x00000008         (0, 1, 5)      [] [W]
    106     0x00013F00       0xFFFFFF80      0x00000008         (0, 1, 7)      [] [W]
    107     0x00004300       0xFFFFFF80      0x00100020         (0, 0, 8)      [14] [S]
    108     0x00004680       0xFFFFFF80      0x00000020         (0, 0, 8)      [] [S]
    109     0x0000C200       0xFFFFFF80      0x00000010         (0, 0, 8)      [] [SW]
    110     0x00017E80       0xFFFFFF80      0x00000008         (0, 1, 15)      [] [W]
    111     0x00027600       0xFFFFFF00      0x00100000         (0, 2, 14)      [14] []
    112     0x00016780       0xFFFFFF80      0x00000008         (0, 1, 12)      [] [W]
    113     0x00013D80       0xFFFFFF80      0x00000008         (0, 1, 7)      [] [W]
    114     0x00001600       0xFFFFFF80      0x007FFFBF         (0, 0, 2)      [1, 2, 3, 4, 5, 6, 7, 8, 9, 10, 11, 12, 13, 14, 15, 16] [E, NE, N, W, SW, S]
    115     0x00006E00       0xFFFFFF80      0x00080000         (0, 0, 13)      [13] []
    116     0x0000F000       0xFFFFFF80      0x00040010         (0, 0, 14)      [12] [SW]
    117     0x00001900       0xFFFFFF80      0x007FFFA1         (0, 0, 3)      [1, 2, 3, 4, 5, 6, 7, 8, 9, 10, 11, 12, 13, 14, 15, 16] [E, S]
    118     0x00013680       0xFFFFFF80      0x00000008         (0, 1, 6)      [] [W]
    119     0x0000AD00       0xFFFFFF80      0x00000008         (0, 0, 5)      [] [W]
    120     0x00026A00       0xFFFFFF00      0x00000100         (0, 2, 13)      [2] []
    121     0x0000FE00       0xFFFFFF80      0x00000010         (0, 0, 15)      [] [SW]
    122     0x00007C00       0xFFFFFF80      0x00040010         (0, 0, 15)      [12] [SW]
    123     0x00010E80       0xFFFFFF80      0x00200000         (0, 1, 1)      [15] []
    124     0x0000DE80       0xFFFFFF80      0x00000008         (0, 0, 11)      [] [W]
    125     0x0000E100       0xFFFFFF80      0x00020000         (0, 0, 12)      [11] []
    126     0x00013000       0xFFFFFF80      0x00000008         (0, 1, 6)      [] [W]
    127     0x0000F100       0xFFFFFF80      0x00100000         (0, 0, 14)      [14] []
    128     0x00013880       0xFFFFFF80      0x00000008         (0, 1, 7)      [] [W]
    129     0x00004B00       0xFFFFFF80      0x00000080         (0, 0, 9)      [1] []
    130     0x00013B00       0xFFFFFF80      0x00000008         (0, 1, 7)      [] [W]
    131     0x00019B00       0xFFFFFF80      0x00000001         (0, 1, 3)      [] [E]
    132     0x0000D980       0xFFFFFF80      0x00000008         (0, 0, 11)      [] [W]
    133     0x00003B00       0xFFFFFF80      0x00000010         (0, 0, 7)      [] [SW]
    134     0x00013080       0xFFFFFF80      0x00000008         (0, 1, 6)      [] [W]
    135     0x00008900       0xFFFFFF80      0x00008000         (0, 0, 1)      [9] []
    136     0x00014D80       0xFFFFFF80      0x00000010         (0, 1, 9)      [] [SW]
    137     0x00023300       0xFFFFFF80      0x00002001         (0, 2, 6)      [7] [E]
    138     0x0000EE80       0xFFFFFF80      0x00000018         (0, 0, 13)      [] [W, SW]
    139     0x0000C380       0xFFFFFF80      0x00010010         (0, 0, 8)      [10] [SW]
    140     0x00005F00       0xFFFFFF80      0x00040000         (0, 0, 11)      [12] []
    141     0x00002D00       0xFFFFFF80      0x00000008         (0, 0, 5)      [] [W]
    142     0x00001F80       0xFFFFFF80      0x000000A1         (0, 0, 3)      [1] [E, S]
    143     0x00003880       0xFFFFFF80      0x00000008         (0, 0, 7)      [] [W]
    144     0x0000B700       0xFFFFFF80      0x00100000         (0, 0, 6)      [14] []
    145     0x00017200       0xFFFFFF80      0x00000008         (0, 1, 14)      [] [W]
    146     0x0000DA00       0xFFFFFF80      0x00000008         (0, 0, 11)      [] [W]
    147     0x00009880       0xFFFFFF80      0x00020000         (0, 0, 3)      [11] []
    148     0x00010880       0xFFFFFF80      0x00000010         (0, 1, 1)      [] [SW]
    149     0x00004780       0xFFFFFF80      0x00000020         (0, 0, 8)      [] [S]
    150     0x00013A80       0xFFFFFF80      0x00000008         (0, 1, 7)      [] [W]
    151     0x0000F680       0xFFFFFF80      0x00000010         (0, 0, 14)      [] [SW]
    152     0x00016500       0xFFFFFF80      0x00000008         (0, 1, 12)      [] [W]
    153     0x00008C80       0xFFFFFF80      0x00400000         (0, 0, 1)      [16] []
    154     0x00019B80       0xFFFFFF80      0x00000001         (0, 1, 3)      [] [E]
    155     0x00000180       0xFFFFFF80      0x00000001         (0, 0, 0)      [] [E]
    156     0x0000E780       0xFFFFFF80      0x00000008         (0, 0, 12)      [] [W]
    157     0x00002600       0xFFFFFF80      0x00180008         (0, 0, 4)      [13, 14] [W]
    158     0x00004E80       0xFFFFFF80      0x00004000         (0, 0, 9)      [8] []
    159     0x00012F00       0xFFFFFF80      0x00000008         (0, 1, 5)      [] [W]
    160     0x00002180       0xFFFFFF80      0x00000C08         (0, 0, 4)      [4, 5] [W]
    161     0x0001A180       0xFFFFFF80      0x00000003         (0, 1, 4)      [] [E, NE]
    162     0x00001100       0xFFFFFF80      0x007FFFBD         (0, 0, 2)      [1, 2, 3, 4, 5, 6, 7, 8, 9, 10, 11, 12, 13, 14, 15, 16] [E, N, W, SW, S]
    163     0x0000E280       0xFFFFFF80      0x00100000         (0, 0, 12)      [14] []
    164     0x00013380       0xFFFFFF80      0x00000008         (0, 1, 6)      [] [W]
    165     0x00000380       0xFFFFFF80      0x00000603         (0, 0, 0)      [3, 4] [E, NE]
    166     0x00000980       0xFFFFFF80      0x00600006         (0, 0, 1)      [16, 15] [NE, N]
    167     0x00014E80       0xFFFFFF80      0x00000010         (0, 1, 9)      [] [SW]
    168     0x00005000       0xFFFFFF80      0x00020000         (0, 0, 10)      [11] []
    169     0x0000B400       0xFFFFFF80      0x00004010         (0, 0, 6)      [8] [SW]
    170     0x00017D80       0xFFFFFF80      0x00000008         (0, 1, 15)      [] [W]
    171     0x00023200       0xFFFFFF80      0x00000801         (0, 2, 6)      [5] [E]
    172     0x00027100       0xFFFFFF00      0x00008000         (0, 2, 14)      [9] []
    173     0x00019980       0xFFFFFF80      0x00000001         (0, 1, 3)      [] [E]
    174     0x0000C000       0xFFFFFF80      0x00000010         (0, 0, 8)      [] [SW]
    175     0x0000A300       0xFFFFFF80      0x00000008         (0, 0, 4)      [] [W]
    176     0x0000F700       0xFFFFFF80      0x00000010         (0, 0, 14)      [] [SW]
    177     0x00004F00       0xFFFFFF80      0x00008000         (0, 0, 9)      [9] []
    178     0x0000EB00       0xFFFFFF80      0x00000018         (0, 0, 13)      [] [W, SW]
    179     0x0000D180       0xFFFFFF80      0x00000008         (0, 0, 10)      [] [W]
    180     0x00012B80       0xFFFFFF80      0x00000008         (0, 1, 5)      [] [W]
    181     0x00009780       0xFFFFFF80      0x00008000         (0, 0, 2)      [9] []
    182     0x00001500       0xFFFFFF80      0x007FFFBF         (0, 0, 2)      [1, 2, 3, 4, 5, 6, 7, 8, 9, 10, 11, 12, 13, 14, 15, 16] [E, NE, N, W, SW, S]
    183     0x0000A580       0xFFFFFF80      0x00004000         (0, 0, 4)      [8] []
    184     0x0001C280       0xFFFFFF80      0x00000003         (0, 1, 8)      [] [E, NE]
    185     0x0000EF00       0xFFFFFF80      0x00000018         (0, 0, 13)      [] [W, SW]
    186     0x0000D100       0xFFFFFF80      0x00000008         (0, 0, 10)      [] [W]
    187     0x00012280       0xFFFFFF80      0x00000008         (0, 1, 4)      [] [W]
    188     0x00017C80       0xFFFFFF80      0x00000008         (0, 1, 15)      [] [W]
    189     0x00013400       0xFFFFFF80      0x00000008         (0, 1, 6)      [] [W]
    190     0x0000A400       0xFFFFFF80      0x00000008         (0, 0, 4)      [] [W]
    191     0x00004880       0xFFFFFF80      0x00000020         (0, 0, 9)      [] [S]
    192     0x00001D80       0xFFFFFF80      0x007FFFA1         (0, 0, 3)      [1, 2, 3, 4, 5, 6, 7, 8, 9, 10, 11, 12, 13, 14, 15, 16] [E, S]
    193     0x00018080       0xFFFFFF80      0x00000008         (0, 1, 0)      [] [W]
    194     0x00001280       0xFFFFFF80      0x007FFFBF         (0, 0, 2)      [1, 2, 3, 4, 5, 6, 7, 8, 9, 10, 11, 12, 13, 14, 15, 16] [E, NE, N, W, SW, S]
    195     0x00005300       0xFFFFFF80      0x00000008         (0, 0, 10)      [] [W]
    196     0x00001B00       0xFFFFFF80      0x007FFFA1         (0, 0, 3)      [1, 2, 3, 4, 5, 6, 7, 8, 9, 10, 11, 12, 13, 14, 15, 16] [E, S]
    197     0x00002500       0xFFFFFF80      0x00060008         (0, 0, 4)      [11, 12] [W]
    198     0x00003400       0xFFFFFF80      0x00080000         (0, 0, 6)      [13] []
    199     0x00004700       0xFFFFFF80      0x00000020         (0, 0, 8)      [] [S]
    200     0x0000DF00       0xFFFFFF80      0x00000008         (0, 0, 11)      [] [W]
    201     0x00000C80       0xFFFFFF80      0x0000000E         (0, 0, 1)      [] [NE, N, W]
    202     0x0000D400       0xFFFFFF80      0x00100000         (0, 0, 10)      [14] []
    203     0x0000E400       0xFFFFFF80      0x00000008         (0, 0, 12)      [] [W]
    204     0x0001A400       0xFFFFFF80      0x00000003         (0, 1, 4)      [] [E, NE]
    205     0x00005700       0xFFFFFF80      0x00000008         (0, 0, 10)      [] [W]
    206     0x0000EC80       0xFFFFFF80      0x00000018         (0, 0, 13)      [] [W, SW]
    207     0x0001AC80       0xFFFFFF80      0x00000001         (0, 1, 5)      [] [E]
    208     0x00010B80       0xFFFFFF80      0x00000010         (0, 1, 1)      [] [SW]
    209     0x00002580       0xFFFFFF80      0x000C0008         (0, 0, 4)      [12, 13] [W]
    210     0x0000EA00       0xFFFFFF80      0x00000008         (0, 0, 13)      [] [W]
    211     0x0001D080       0xFFFFFF80      0x00000001         (0, 1, 10)      [] [E]
    212     0x00000E80       0xFFFFFF80      0x0000000E         (0, 0, 1)      [] [NE, N, W]
    213     0x0000CC00       0xFFFFFF80      0x00000008         (0, 0, 9)      [] [W]
    214     0x00023B00       0xFFFFFF80      0x00000001         (0, 2, 7)      [] [E]
    215     0x00023500       0xFFFFFF80      0x00020000         (0, 2, 6)      [11] []
    216     0x00012880       0xFFFFFF80      0x00000008         (0, 1, 5)      [] [W]
    217     0x00003C00       0xFFFFFF80      0x00000030         (0, 0, 7)      [] [SW, S]
    218     0x00023700       0xFFFFFF80      0x00200000         (0, 2, 6)      [15] []
    219     0x00006580       0xFFFFFF80      0x00000018         (0, 0, 12)      [] [W, SW]
    220     0x0002B300       0xFFFFFF00      0x00000002         (0, 2, 6)      [] [NE]
    221     0x0000BE80       0xFFFFFF80      0x00000010         (0, 0, 7)      [] [SW]
    222     0x00000580       0xFFFFFF80      0x00006003         (0, 0, 0)      [8, 7] [E, NE]
    223     0x00011F80       0xFFFFFF80      0x00000008         (0, 1, 3)      [] [W]
    224     0x00000900       0xFFFFFF80      0x00300006         (0, 0, 1)      [14, 15] [NE, N]
    225     0x0000EA80       0xFFFFFF80      0x00000008         (0, 0, 13)      [] [W]
    226     0x00010980       0xFFFFFF80      0x00000010         (0, 1, 1)      [] [SW]
    227     0x00002900       0xFFFFFF80      0x00000008         (0, 0, 5)      [] [W]
    228     0x0000EF80       0xFFFFFF80      0x00000018         (0, 0, 13)      [] [W, SW]
    229     0x00009D80       0xFFFFFF80      0x00000008         (0, 0, 3)      [] [W]
    230     0x0001B700       0xFFFFFF80      0x00000001         (0, 1, 6)      [] [E]
    231     0x00009B80       0xFFFFFF80      0x00000008         (0, 0, 3)      [] [W]
    232     0x00009400       0xFFFFFF80      0x00000008         (0, 0, 2)      [] [W]
    233     0x00010500       0xFFFFFF80      0x00000010         (0, 1, 0)      [] [SW]
    234     0x00019C80       0xFFFFFF80      0x00000003         (0, 1, 3)      [] [E, NE]
    235     0x0001C100       0xFFFFFF80      0x00000003         (0, 1, 8)      [] [E, NE]
    236     0x00001B80       0xFFFFFF80      0x007FFFA1         (0, 0, 3)      [1, 2, 3, 4, 5, 6, 7, 8, 9, 10, 11, 12, 13, 14, 15, 16] [E, S]
    237     0x0000FF80       0xFFFFFF80      0x00100000         (0, 0, 15)      [14] []
    238     0x0000BC80       0xFFFFFF80      0x00000010         (0, 0, 7)      [] [SW]
    239     0x00002300       0xFFFFFF80      0x00006008         (0, 0, 4)      [8, 7] [W]
    240     0x0000B000       0xFFFFFF80      0x00000018         (0, 0, 6)      [] [W, SW]
    241     0x00012E80       0xFFFFFF80      0x00000008         (0, 1, 5)      [] [W]
    242     0x00008780       0xFFFFFF80      0x00001000         (0, 0, 0)      [6] []
    243     0x0000E900       0xFFFFFF80      0x00000008         (0, 0, 13)      [] [W]
    244     0x00006600       0xFFFFFF80      0x00000018         (0, 0, 12)      [] [W, SW]
    245     0x0002BC00       0xFFFFFF00      0x00000002         (0, 2, 7)      [] [NE]
    246     0x00004F80       0xFFFFFF80      0x00010000         (0, 0, 9)      [10] []
    247     0x00001F00       0xFFFFFF80      0x00000021         (0, 0, 3)      [] [E, S]
    248     0x0000B180       0xFFFFFF80      0x00000010         (0, 0, 6)      [] [SW]
    249     0x00000780       0xFFFFFF80      0x00060002         (0, 0, 0)      [11, 12] [NE]
    250     0x0000D780       0xFFFFFF80      0x00000008         (0, 0, 10)      [] [W]
    251     0x00006000       0xFFFFFF80      0x00100000         (0, 0, 12)      [14] []
    252     0x00019F00       0xFFFFFF80      0x00000002         (0, 1, 3)      [] [NE]
    253     0x0001AD80       0xFFFFFF80      0x00000001         (0, 1, 5)      [] [E]
    254     0x0000DA80       0xFFFFFF80      0x00000008         (0, 0, 11)      [] [W]
    255     0x0000C600       0xFFFFFF80      0x00200020         (0, 0, 8)      [15] [S]
    256     0x00007D00       0xFFFFFF80      0x00100020         (0, 0, 15)      [14] [S]
    257     0x00023A80       0xFFFFFF80      0x00000001         (0, 2, 7)      [] [E]
    258     0x00000280       0xFFFFFF80      0x00000181         (0, 0, 0)      [1, 2] [E]
    259     0x00015380       0xFFFFFF80      0x00000010         (0, 1, 10)      [] [SW]
    260     0x00009180       0xFFFFFF80      0x00000008         (0, 0, 2)      [] [W]
    261     0x0002AC00       0xFFFFFF00      0x00000002         (0, 2, 5)      [] [NE]
    262     0x00007500       0xFFFFFF80      0x00000010         (0, 0, 14)      [] [SW]
    263     0x00023C80       0xFFFFFF80      0x00000001         (0, 2, 7)      [] [E]
    264     0x0000A080       0xFFFFFF80      0x00000008         (0, 0, 4)      [] [W]
    265     0x00014880       0xFFFFFF80      0x00000010         (0, 1, 9)      [] [SW]
    266     0x00007480       0xFFFFFF80      0x00000010         (0, 0, 14)      [] [SW]
    267     0x00002980       0xFFFFFF80      0x00000008         (0, 0, 5)      [] [W]
    268     0x00018100       0xFFFFFF80      0x00000008         (0, 1, 0)      [] [W]
    269     0x00023400       0xFFFFFF80      0x00008001         (0, 2, 6)      [9] [E]
    270     0x00003A00       0xFFFFFF80      0x00000018         (0, 0, 7)      [] [W, SW]
    271     0x00022F80       0xFFFFFF80      0x00000001         (0, 2, 5)      [] [E]
    272     0x0000E080       0xFFFFFF80      0x00000008         (0, 0, 12)      [] [W]
    273     0x00018000       0xFFFFFF80      0x00000008         (0, 1, 0)      [] [W]
    274     0x00011E80       0xFFFFFF80      0x00000008         (0, 1, 3)      [] [W]
    275     0x0000E880       0xFFFFFF80      0x00000008         (0, 0, 13)      [] [W]
    276     0x00022F00       0xFFFFFF80      0x00000001         (0, 2, 5)      [] [E]
    277     0x00007780       0xFFFFFF80      0x00000010         (0, 0, 14)      [] [SW]
    278     0x00009580       0xFFFFFF80      0x00000008         (0, 0, 2)      [] [W]
    279     0x00007F80       0xFFFFFF80      0x00000020         (0, 0, 15)      [] [S]
    280     0x00026900       0xFFFFFF00      0x00000080         (0, 2, 13)      [1] []
    281     0x00002C00       0xFFFFFF80      0x00000008         (0, 0, 5)      [] [W]
    282     0x00005980       0xFFFFFF80      0x00000008         (0, 0, 11)      [] [W]
    283     0x00009080       0xFFFFFF80      0x00000008         (0, 0, 2)      [] [W]
    284     0x0002BA00       0xFFFFFF00      0x00000002         (0, 2, 7)      [] [NE]
    285     0x0000AA80       0xFFFFFF80      0x00000008         (0, 0, 5)      [] [W]
    286     0x00001A00       0xFFFFFF80      0x007FFFA1         (0, 0, 3)      [1, 2, 3, 4, 5, 6, 7, 8, 9, 10, 11, 12, 13, 14, 15, 16] [E, S]
    287     0x0000A980       0xFFFFFF80      0x00400000         (0, 0, 5)      [16] []
    288     0x0000F780       0xFFFFFF80      0x00000010         (0, 0, 14)      [] [SW]
    289     0x0001B800       0xFFFFFF80      0x00000001         (0, 1, 7)      [] [E]
    290     0x00013500       0xFFFFFF80      0x00000008         (0, 1, 6)      [] [W]
    291     0x00005900       0xFFFFFF80      0x00000008         (0, 0, 11)      [] [W]
    292     0x00006280       0xFFFFFF80      0x00000008         (0, 0, 12)      [] [W]
    293     0x0000DB80       0xFFFFFF80      0x00000008         (0, 0, 11)      [] [W]
    294     0x00004380       0xFFFFFF80      0x00200020         (0, 0, 8)      [15] [S]
    295     0x00012180       0xFFFFFF80      0x00000008         (0, 1, 4)      [] [W]
    296     0x0000DD80       0xFFFFFF80      0x00000008         (0, 0, 11)      [] [W]
    297     0x00012200       0xFFFFFF80      0x00000008         (0, 1, 4)      [] [W]
    298     0x0001BF00       0xFFFFFF80      0x00000003         (0, 1, 7)      [] [E, NE]
    299     0x00003A80       0xFFFFFF80      0x00000018         (0, 0, 7)      [] [W, SW]
    300     0x00000B00       0xFFFFFF80      0x0000000E         (0, 0, 1)      [] [NE, N, W]
    301     0x0000D900       0xFFFFFF80      0x00000008         (0, 0, 11)      [] [W]
    302     0x00006700       0xFFFFFF80      0x00000018         (0, 0, 12)      [] [W, SW]
    303     0x0001A380       0xFFFFFF80      0x00000003         (0, 1, 4)      [] [E, NE]
    304     0x00004800       0xFFFFFF80      0x00000020         (0, 0, 9)      [] [S]
    305     0x00008100       0xFFFFFF80      0x00000020         (0, 0, 0)      [] [S]
    306     0x0000F180       0xFFFFFF80      0x00200000         (0, 0, 14)      [15] []
    307     0x00012000       0xFFFFFF80      0x00000008         (0, 1, 4)      [] [W]
    308     0x00004500       0xFFFFFF80      0x00000020         (0, 0, 8)      [] [S]
    309     0x0000F300       0xFFFFFF80      0x00000008         (0, 0, 14)      [] [W]
    310     0x00010680       0xFFFFFF80      0x00000010         (0, 1, 0)      [] [SW]
    311     0x00014800       0xFFFFFF80      0x00000010         (0, 1, 9)      [] [SW]
    312     0x00008A00       0xFFFFFF80      0x00020000         (0, 0, 1)      [11] []
    313     0x00007A00       0xFFFFFF80      0x00004010         (0, 0, 15)      [8] [SW]
    314     0x00005F80       0xFFFFFF80      0x00080000         (0, 0, 11)      [13] []
    315     0x00012080       0xFFFFFF80      0x00000008         (0, 1, 4)      [] [W]
    316     0x0000AF00       0xFFFFFF80      0x00000018         (0, 0, 5)      [] [W, SW]
    317     0x00002280       0xFFFFFF80      0x00003008         (0, 0, 4)      [6, 7] [W]
    318     0x00009F80       0xFFFFFF80      0x00000008         (0, 0, 3)      [] [W]
    319     0x00001E80       0xFFFFFF80      0x00000021         (0, 0, 3)      [] [E, S]
    320     0x00009900       0xFFFFFF80      0x00040000         (0, 0, 3)      [12] []
    321     0x00011D80       0xFFFFFF80      0x00400000         (0, 1, 3)      [16] []
    322     0x00005A00       0xFFFFFF80      0x00000108         (0, 0, 11)      [2] [W]
    323     0x00010080       0xFFFFFF80      0x00400000         (0, 1, 0)      [16] []
    324     0x0000D000       0xFFFFFF80      0x00000008         (0, 0, 10)      [] [W]
    325     0x0002B800       0xFFFFFF00      0x00000002         (0, 2, 7)      [] [NE]
    326     0x00001780       0xFFFFFF80      0x007FFFBF         (0, 0, 2)      [1, 2, 3, 4, 5, 6, 7, 8, 9, 10, 11, 12, 13, 14, 15, 16] [E, NE, N, W, SW, S]
    327     0x00009280       0xFFFFFF80      0x00000008         (0, 0, 2)      [] [W]
    328     0x00012700       0xFFFFFF80      0x00000008         (0, 1, 4)      [] [W]
    329     0x00005500       0xFFFFFF80      0x00000008         (0, 0, 10)      [] [W]
    330     0x00001C80       0xFFFFFF80      0x007FFFA1         (0, 0, 3)      [1, 2, 3, 4, 5, 6, 7, 8, 9, 10, 11, 12, 13, 14, 15, 16] [E, S]
    331     0x00006F80       0xFFFFFF80      0x00400000         (0, 0, 13)      [16] []
    332     0x00009980       0xFFFFFF80      0x00080000         (0, 0, 3)      [13] []
    333     0x00003B80       0xFFFFFF80      0x00000010         (0, 0, 7)      [] [SW]
    334     0x00013E00       0xFFFFFF80      0x00000008         (0, 1, 7)      [] [W]
    335     0x00003900       0xFFFFFF80      0x00000008         (0, 0, 7)      [] [W]
    336     0x00012B00       0xFFFFFF80      0x00000008         (0, 1, 5)      [] [W]
    337     0x00008B00       0xFFFFFF80      0x00080000         (0, 0, 1)      [13] []
    338     0x0000FE80       0xFFFFFF80      0x00000010         (0, 0, 15)      [] [SW]
    339     0x00008D00       0xFFFFFF80      0x00000008         (0, 0, 1)      [] [W]
    340     0x00001480       0xFFFFFF80      0x007FFFBF         (0, 0, 2)      [1, 2, 3, 4, 5, 6, 7, 8, 9, 10, 11, 12, 13, 14, 15, 16] [E, NE, N, W, SW, S]
    341     0x0000D380       0xFFFFFF80      0x00080000         (0, 0, 10)      [13] []
    342     0x00008E80       0xFFFFFF80      0x00000008         (0, 0, 1)      [] [W]
    343     0x0000D680       0xFFFFFF80      0x00000008         (0, 0, 10)      [] [W]
    344     0x00012C80       0xFFFFFF80      0x00000008         (0, 1, 5)      [] [W]
    345     0x0000B500       0xFFFFFF80      0x00010010         (0, 0, 6)      [10] [SW]
    346     0x00000300       0xFFFFFF80      0x00000301         (0, 0, 0)      [2, 3] [E]
    347     0x0000AF80       0xFFFFFF80      0x00000018         (0, 0, 5)      [] [W, SW]
    348     0x00000D80       0xFFFFFF80      0x0000000E         (0, 0, 1)      [] [NE, N, W]
    349     0x0002AD00       0xFFFFFF00      0x00000002         (0, 2, 5)      [] [NE]
    350     0x00002480       0xFFFFFF80      0x00030008         (0, 0, 4)      [10, 11] [W]
    351     0x0001C300       0xFFFFFF80      0x00000001         (0, 1, 8)      [] [E]
    352     0x00009A00       0xFFFFFF80      0x00100000         (0, 0, 3)      [14] []
    353     0x00006080       0xFFFFFF80      0x00200000         (0, 0, 12)      [15] []
    354     0x0000C900       0xFFFFFF80      0x00000020         (0, 0, 9)      [] [S]
    355     0x00012D80       0xFFFFFF80      0x00000008         (0, 1, 5)      [] [W]
    356     0x00007580       0xFFFFFF80      0x00000010         (0, 0, 14)      [] [SW]
    357     0x0000AE00       0xFFFFFF80      0x00000018         (0, 0, 5)      [] [W, SW]
    358     0x0002B000       0xFFFFFF00      0x00000002         (0, 2, 6)      [] [NE]
    359     0x0002B500       0xFFFFFF00      0x00000002         (0, 2, 6)      [] [NE]
    360     0x00001580       0xFFFFFF80      0x007FFFBF         (0, 0, 2)      [1, 2, 3, 4, 5, 6, 7, 8, 9, 10, 11, 12, 13, 14, 15, 16] [E, NE, N, W, SW, S]
    361     0x00009E00       0xFFFFFF80      0x00000008         (0, 0, 3)      [] [W]
    362     0x00004E00       0xFFFFFF80      0x00002000         (0, 0, 9)      [7] []
    363     0x0000CB80       0xFFFFFF80      0x00000008         (0, 0, 9)      [] [W]
    364     0x00002080       0xFFFFFF80      0x00000301         (0, 0, 4)      [2, 3] [E]
    365     0x00019F80       0xFFFFFF80      0x00000002         (0, 1, 3)      [] [NE]
    366     0x00010780       0xFFFFFF80      0x00000010         (0, 1, 0)      [] [SW]
    367     0x0000A680       0xFFFFFF80      0x00010000         (0, 0, 4)      [10] []
    368     0x00015600       0xFFFFFF80      0x00000010         (0, 1, 10)      [] [SW]
    369     0x00009500       0xFFFFFF80      0x00000008         (0, 0, 2)      [] [W]
    370     0x0000EE00       0xFFFFFF80      0x00000018         (0, 0, 13)      [] [W, SW]
    371     0x00007800       0xFFFFFF80      0x00000410         (0, 0, 15)      [4] [SW]
    372     0x0000AC00       0xFFFFFF80      0x00000008         (0, 0, 5)      [] [W]
    373     0x00007400       0xFFFFFF80      0x00000010         (0, 0, 14)      [] [SW]
    374     0x0000A380       0xFFFFFF80      0x00000008         (0, 0, 4)      [] [W]
    375     0x00003D00       0xFFFFFF80      0x00000110         (0, 0, 7)      [2] [SW]
    376     0x0000EC00       0xFFFFFF80      0x00000018         (0, 0, 13)      [] [W, SW]
    377     0x0000DE00       0xFFFFFF80      0x00000008         (0, 0, 11)      [] [W]
    378     0x00005480       0xFFFFFF80      0x00000008         (0, 0, 10)      [] [W]
    379     0x00016580       0xFFFFFF80      0x00000008         (0, 1, 12)      [] [W]
    380     0x0002B200       0xFFFFFF00      0x00000002         (0, 2, 6)      [] [NE]
    381     0x0000D800       0xFFFFFF80      0x00000008         (0, 0, 11)      [] [W]
    382     0x00003480       0xFFFFFF80      0x00100000         (0, 0, 6)      [14] []
    383     0x00023100       0xFFFFFF80      0x00000201         (0, 2, 6)      [3] [E]
    384     0x0000C800       0xFFFFFF80      0x00000020         (0, 0, 9)      [] [S]
    385     0x00009100       0xFFFFFF80      0x00000008         (0, 0, 2)      [] [W]
    386     0x00001000       0xFFFFFF80      0x007FFF88         (0, 0, 2)      [1, 2, 3, 4, 5, 6, 7, 8, 9, 10, 11, 12, 13, 14, 15, 16] [W]
    387     0x0000E680       0xFFFFFF80      0x00000008         (0, 0, 12)      [] [W]
    388     0x00027400       0xFFFFFF00      0x00040000         (0, 2, 14)      [12] []
    389     0x00006E80       0xFFFFFF80      0x00100000         (0, 0, 13)      [14] []
    390     0x0000A800       0xFFFFFF80      0x00080000         (0, 0, 5)      [13] []
    391     0x00011E00       0xFFFFFF80      0x00000008         (0, 1, 3)      [] [W]
    392     0x0001AC00       0xFFFFFF80      0x00000001         (0, 1, 5)      [] [E]
    393     0x00002700       0xFFFFFF80      0x00600008         (0, 0, 4)      [16, 15] [W]
    394     0x0000E200       0xFFFFFF80      0x00080000         (0, 0, 12)      [13] []
    395     0x00012380       0xFFFFFF80      0x00000008         (0, 1, 4)      [] [W]
    396     0x0000D480       0xFFFFFF80      0x00200000         (0, 0, 10)      [15] []
    397     0x0000B780       0xFFFFFF80      0x00200000         (0, 0, 6)      [15] []
    398     0x0000B080       0xFFFFFF80      0x00000010         (0, 0, 6)      [] [SW]
    399     0x00013800       0xFFFFFF80      0x00000008         (0, 1, 7)      [] [W]
    400     0x00027800       0xFFFFFF00      0x00400000         (0, 2, 15)      [16] []
    401     0x00000500       0xFFFFFF80      0x00003003         (0, 0, 0)      [6, 7] [E, NE]
    402     0x0000E300       0xFFFFFF80      0x00200000         (0, 0, 12)      [15] []
    403     0x00008F00       0xFFFFFF80      0x00000008         (0, 0, 1)      [] [W]
    404     0x0000AA00       0xFFFFFF80      0x00000008         (0, 0, 5)      [] [W]
    405     0x00016700       0xFFFFFF80      0x00000008         (0, 1, 12)      [] [W]
    406     0x00016800       0xFFFFFF80      0x00000008         (0, 1, 13)      [] [W]
    407     0x0000F800       0xFFFFFF80      0x00000010         (0, 0, 15)      [] [SW]
    408     0x00015500       0xFFFFFF80      0x00000010         (0, 1, 10)      [] [SW]
    409     0x00001700       0xFFFFFF80      0x007FFFBF         (0, 0, 2)      [1, 2, 3, 4, 5, 6, 7, 8, 9, 10, 11, 12, 13, 14, 15, 16] [E, NE, N, W, SW, S]
    410     0x0000BF80       0xFFFFFF80      0x00000010         (0, 0, 7)      [] [SW]
    411     0x00001880       0xFFFFFF80      0x007FFFBF         (0, 0, 3)      [1, 2, 3, 4, 5, 6, 7, 8, 9, 10, 11, 12, 13, 14, 15, 16] [E, NE, N, W, SW, S]
    412     0x00003F00       0xFFFFFF80      0x00001010         (0, 0, 7)      [6] [SW]
    413     0x00006F00       0xFFFFFF80      0x00200000         (0, 0, 13)      [15] []
    414     0x00019900       0xFFFFFF80      0x00000001         (0, 1, 3)      [] [E]
    415     0x00009380       0xFFFFFF80      0x00000008         (0, 0, 2)      [] [W]
    416     0x00017D00       0xFFFFFF80      0x00000008         (0, 1, 15)      [] [W]
    417     0x00005880       0xFFFFFF80      0x00000008         (0, 0, 11)      [] [W]
    418     0x00008A80       0xFFFFFF80      0x00040000         (0, 0, 1)      [12] []
    419     0x00003E80       0xFFFFFF80      0x00000810         (0, 0, 7)      [5] [SW]
    420     0x0000B800       0xFFFFFF80      0x00400000         (0, 0, 7)      [16] []
    421     0x0000C100       0xFFFFFF80      0x00000010         (0, 0, 8)      [] [SW]
    422     0x0000FC80       0xFFFFFF80      0x00000010         (0, 0, 15)      [] [SW]
    423     0x0000CA00       0xFFFFFF80      0x00000008         (0, 0, 9)      [] [W]
    424     0x00008F80       0xFFFFFF80      0x00000008         (0, 0, 1)      [] [W]
    425     0x00002B00       0xFFFFFF80      0x00000008         (0, 0, 5)      [] [W]
    426     0x00024580       0xFFFFFF80      0x00000008         (0, 2, 8)      [] [W]
    427     0x00010E00       0xFFFFFF80      0x00100000         (0, 1, 1)      [14] []
    428     0x00005400       0xFFFFFF80      0x00000008         (0, 0, 10)      [] [W]
    429     0x00017B00       0xFFFFFF80      0x00000008         (0, 1, 15)      [] [W]
    430     0x00003E00       0xFFFFFF80      0x00000410         (0, 0, 7)      [4] [SW]
    431     0x00023000       0xFFFFFF80      0x00000081         (0, 2, 6)      [1] [E]
    432     0x00019E00       0xFFFFFF80      0x00000002         (0, 1, 3)      [] [NE]
    433     0x00013700       0xFFFFFF80      0x00000008         (0, 1, 6)      [] [W]
    434     0x0000C580       0xFFFFFF80      0x00100020         (0, 0, 8)      [14] [S]
    435     0x0002B700       0xFFFFFF00      0x00000002         (0, 2, 6)      [] [NE]
    436     0x00011D00       0xFFFFFF80      0x00200000         (0, 1, 3)      [15] []
    437     0x00002100       0xFFFFFF80      0x00000601         (0, 0, 4)      [3, 4] [E]
    438     0x0001AE80       0xFFFFFF80      0x00000001         (0, 1, 5)      [] [E]
    439     0x00001080       0xFFFFFF80      0x007FFF8C         (0, 0, 2)      [1, 2, 3, 4, 5, 6, 7, 8, 9, 10, 11, 12, 13, 14, 15, 16] [N, W]
    440     0x00012780       0xFFFFFF80      0x00000008         (0, 1, 4)      [] [W]
    441     0x00013300       0xFFFFFF80      0x00000008         (0, 1, 6)      [] [W]
    442     0x00002680       0xFFFFFF80      0x00300008         (0, 0, 4)      [14, 15] [W]
    443     0x00003D80       0xFFFFFF80      0x00000210         (0, 0, 7)      [3] [SW]
    444     0x00010A00       0xFFFFFF80      0x00000010         (0, 1, 1)      [] [SW]
    445     0x00007900       0xFFFFFF80      0x00001010         (0, 0, 15)      [6] [SW]
    446     0x00013180       0xFFFFFF80      0x00000008         (0, 1, 6)      [] [W]
    447     0x00019A80       0xFFFFFF80      0x00000001         (0, 1, 3)      [] [E]
    448     0x00006980       0xFFFFFF80      0x00000418         (0, 0, 13)      [4] [W, SW]
    449     0x00000880       0xFFFFFF80      0x00180006         (0, 0, 1)      [13, 14] [NE, N]
    450     0x00005D80       0xFFFFFF80      0x00008000         (0, 0, 11)      [9] []
    451     0x00006780       0xFFFFFF80      0x00000018         (0, 0, 12)      [] [W, SW]
    452     0x00005100       0xFFFFFF80      0x00080000         (0, 0, 10)      [13] []
    453     0x0000A900       0xFFFFFF80      0x00200000         (0, 0, 5)      [15] []
    454     0x00000700       0xFFFFFF80      0x00030003         (0, 0, 0)      [10, 11] [E, NE]
    455     0x00013600       0xFFFFFF80      0x00000008         (0, 1, 6)      [] [W]
    456     0x00013780       0xFFFFFF80      0x00000008         (0, 1, 6)      [] [W]
    457     0x0000B600       0xFFFFFF80      0x00040010         (0, 0, 6)      [12] [SW]
    458     0x00009E80       0xFFFFFF80      0x00000008         (0, 0, 3)      [] [W]
    459     0x00017380       0xFFFFFF80      0x00000008         (0, 1, 14)      [] [W]
    460     0x00013A00       0xFFFFFF80      0x00000008         (0, 1, 7)      [] [W]
    461     0x0001A100       0xFFFFFF80      0x00000003         (0, 1, 4)      [] [E, NE]
    462     0x00013900       0xFFFFFF80      0x00000008         (0, 1, 7)      [] [W]
    463     0x0000F980       0xFFFFFF80      0x00000010         (0, 0, 15)      [] [SW]
    464     0x00023180       0xFFFFFF80      0x00000401         (0, 2, 6)      [4] [E]
    465     0x00015000       0xFFFFFF80      0x00000010         (0, 1, 10)      [] [SW]
    466     0x0000E580       0xFFFFFF80      0x00000008         (0, 0, 12)      [] [W]
    467     0x00008D80       0xFFFFFF80      0x00000008         (0, 0, 1)      [] [W]
    468     0x0000C400       0xFFFFFF80      0x00020010         (0, 0, 8)      [11] [SW]
    469     0x00006480       0xFFFFFF80      0x00000008         (0, 0, 12)      [] [W]
    470     0x00019E80       0xFFFFFF80      0x00000002         (0, 1, 3)      [] [NE]
    471     0x00012980       0xFFFFFF80      0x00000008         (0, 1, 5)      [] [W]
    472     0x00023380       0xFFFFFF80      0x00004001         (0, 2, 6)      [8] [E]
    473     0x0000A780       0xFFFFFF80      0x00040000         (0, 0, 4)      [12] []
    474     0x0000E180       0xFFFFFF80      0x00040000         (0, 0, 12)      [12] []
    475     0x00005C00       0xFFFFFF80      0x00001000         (0, 0, 11)      [6] []
    476     0x0001A280       0xFFFFFF80      0x00000003         (0, 1, 4)      [] [E, NE]
    477     0x0001B780       0xFFFFFF80      0x00000001         (0, 1, 6)      [] [E]
    478     0x00023680       0xFFFFFF80      0x00100000         (0, 2, 6)      [14] []
    479     0x00007700       0xFFFFFF80      0x00000010         (0, 0, 14)      [] [SW]
    480     0x00008280       0xFFFFFF80      0x00000020         (0, 0, 0)      [] [S]
    481     0x0000BD00       0xFFFFFF80      0x00000010         (0, 0, 7)      [] [SW]
    482     0x00002880       0xFFFFFF80      0x00000008         (0, 0, 5)      [] [W]
    483     0x00023B80       0xFFFFFF80      0x00000001         (0, 2, 7)      [] [E]
    484     0x00005380       0xFFFFFF80      0x00000008         (0, 0, 10)      [] [W]
    485     0x00026F00       0xFFFFFF00      0x00002000         (0, 2, 13)      [7] []
    486     0x0001A300       0xFFFFFF80      0x00000003         (0, 1, 4)      [] [E, NE]
    487     0x00005680       0xFFFFFF80      0x00000008         (0, 0, 10)      [] [W]
    488     0x00012680       0xFFFFFF80      0x00000008         (0, 1, 4)      [] [W]
    489     0x00005A80       0xFFFFFF80      0x00000208         (0, 0, 11)      [3] [W]
    490     0x0000D200       0xFFFFFF80      0x00010000         (0, 0, 10)      [10] []
    491     0x00005080       0xFFFFFF80      0x00040000         (0, 0, 10)      [12] []
    492     0x0000A700       0xFFFFFF80      0x00020000         (0, 0, 4)      [11] []
    493     0x00000B80       0xFFFFFF80      0x0000000E         (0, 0, 1)      [] [NE, N, W]
    494     0x00004000       0xFFFFFF80      0x00004010         (0, 0, 8)      [8] [SW]
    495     0x00003500       0xFFFFFF80      0x00200000         (0, 0, 6)      [15] []
    496     0x00005180       0xFFFFFF80      0x00100000         (0, 0, 10)      [14] []
    497     0x00003F80       0xFFFFFF80      0x00002010         (0, 0, 7)      [7] [SW]
    498     0x00009C80       0xFFFFFF80      0x00000008         (0, 0, 3)      [] [W]
    499     0x00019D80       0xFFFFFF80      0x00000002         (0, 1, 3)      [] [NE]
    500     0x0000C180       0xFFFFFF80      0x00000010         (0, 0, 8)      [] [SW]
    501     0x0001BF80       0xFFFFFF80      0x00000003         (0, 1, 7)      [] [E, NE]
    502     0x00012F80       0xFFFFFF80      0x00000008         (0, 1, 5)      [] [W]
    503     0x00010900       0xFFFFFF80      0x00000010         (0, 1, 1)      [] [SW]
    504     0x0000A480       0xFFFFFF80      0x00000008         (0, 0, 4)      [] [W]
    505     0x0000A600       0xFFFFFF80      0x00008000         (0, 0, 4)      [9] []
    506     0x0000C480       0xFFFFFF80      0x00040010         (0, 0, 8)      [12] [SW]
    507     0x00002A00       0xFFFFFF80      0x00000008         (0, 0, 5)      [] [W]
    508     0x00008E00       0xFFFFFF80      0x00000008         (0, 0, 1)      [] [W]
    509     0x0000C980       0xFFFFFF80      0x00000020         (0, 0, 9)      [] [S]
    510     0x00015080       0xFFFFFF80      0x00000010         (0, 1, 10)      [] [SW]
    511     0x00003780       0xFFFFFF80      0x00000008         (0, 0, 6)      [] [W]
    512     0x00006300       0xFFFFFF80      0x00000008         (0, 0, 12)      [] [W]
    513     0x0001C000       0xFFFFFF80      0x00000003         (0, 1, 8)      [] [E, NE]
    514     0x00026C00       0xFFFFFF00      0x00000400         (0, 2, 13)      [4] []
    515     0x00007600       0xFFFFFF80      0x00000010         (0, 0, 14)      [] [SW]
    516     0x00014D00       0xFFFFFF80      0x00000010         (0, 1, 9)      [] [SW]
    517     0x00019A00       0xFFFFFF80      0x00000001         (0, 1, 3)      [] [E]
    518     0x00003580       0xFFFFFF80      0x00400000         (0, 0, 6)      [16] []
    519     0x0000A100       0xFFFFFF80      0x00000008         (0, 0, 4)      [] [W]
    520     0x00004400       0xFFFFFF80      0x00400020         (0, 0, 8)      [16] [S]
    521     0x00002780       0xFFFFFF80      0x00400008         (0, 0, 4)      [16] [W]
    522     0x00015400       0xFFFFFF80      0x00000010         (0, 1, 10)      [] [SW]
    523     0x00027200       0xFFFFFF00      0x00010000         (0, 2, 14)      [10] []
    524     0x00001400       0xFFFFFF80      0x007FFFBF         (0, 0, 2)      [1, 2, 3, 4, 5, 6, 7, 8, 9, 10, 11, 12, 13, 14, 15, 16] [E, NE, N, W, SW, S]
    525     0x0000BD80       0xFFFFFF80      0x00000010         (0, 0, 7)      [] [SW]
    526     0x00010600       0xFFFFFF80      0x00000010         (0, 1, 0)      [] [SW]
    527     0x00007D80       0xFFFFFF80      0x00200020         (0, 0, 15)      [15] [S]
    528     0x0000FC00       0xFFFFFF80      0x00000010         (0, 0, 15)      [] [SW]
    529     0x00003080       0xFFFFFF80      0x00001000         (0, 0, 6)      [6] []
    530     0x00006A80       0xFFFFFF80      0x00001010         (0, 0, 13)      [6] [SW]
    531     0x00012C00       0xFFFFFF80      0x00400000         (0, 1, 5)      [16] []
    532     0x00017300       0xFFFFFF80      0x00000008         (0, 1, 14)      [] [W]
    533     0x0001C380       0xFFFFFF80      0x00000001         (0, 1, 8)      [] [E]
    534     0x00007980       0xFFFFFF80      0x00002010         (0, 0, 15)      [7] [SW]
    535     0x00027300       0xFFFFFF00      0x00020000         (0, 2, 14)      [11] []
    536     0x00008B80       0xFFFFFF80      0x00100000         (0, 0, 1)      [14] []
    537     0x00012800       0xFFFFFF80      0x00000008         (0, 1, 5)      [] [W]
    538     0x0001AF80       0xFFFFFF80      0x00000001         (0, 1, 5)      [] [E]
    539     0x00019880       0xFFFFFF80      0x00000001         (0, 1, 3)      [] [E]
    540     0x0000CA80       0xFFFFFF80      0x00000008         (0, 0, 9)      [] [W]
    541     0x00000A00       0xFFFFFF80      0x0040000E         (0, 0, 1)      [16] [NE, N, W]
    542     0x00000F00       0xFFFFFF80      0x007FFF88         (0, 0, 1)      [1, 2, 3, 4, 5, 6, 7, 8, 9, 10, 11, 12, 13, 14, 15, 16] [W]
    543     0x00009D00       0xFFFFFF80      0x00000008         (0, 0, 3)      [] [W]
    544     0x00017F80       0xFFFFFF80      0x00000008         (0, 1, 15)      [] [W]
    545     0x00023780       0xFFFFFF80      0x00400000         (0, 2, 6)      [16] []
    546     0x00014F80       0xFFFFFF80      0x00000010         (0, 1, 9)      [] [SW]
    547     0x00008000       0xFFFFFF80      0x00000020         (0, 0, 0)      [] [S]
    548     0x00006A00       0xFFFFFF80      0x00000810         (0, 0, 13)      [5] [SW]
    549     0x00001800       0xFFFFFF80      0x007FFFBF         (0, 0, 3)      [1, 2, 3, 4, 5, 6, 7, 8, 9, 10, 11, 12, 13, 14, 15, 16] [E, NE, N, W, SW, S]
    550     0x00013C80       0xFFFFFF80      0x00000008         (0, 1, 7)      [] [W]
    551     0x0002AF00       0xFFFFFF00      0x00000002         (0, 2, 5)      [] [NE]
    552     0x00005D00       0xFFFFFF80      0x00004000         (0, 0, 11)      [8] []
    553     0x0001C400       0xFFFFFF80      0x00000001         (0, 1, 8)      [] [E]
    554     0x00007E80       0xFFFFFF80      0x00000020         (0, 0, 15)      [] [S]
    555     0x00009A80       0xFFFFFF80      0x00200000         (0, 0, 3)      [15] []
    556     0x00002F80       0xFFFFFF80      0x00000408         (0, 0, 5)      [4] [W]
    557     0x0000D880       0xFFFFFF80      0x00000008         (0, 0, 11)      [] [W]
    558     0x00017280       0xFFFFFF80      0x00000008         (0, 1, 14)      [] [W]
    559     0x00010580       0xFFFFFF80      0x00000010         (0, 1, 0)      [] [SW]
    560     0x0001A480       0xFFFFFF80      0x00000003         (0, 1, 4)      [] [E, NE]
    561     0x0000BF00       0xFFFFFF80      0x00000010         (0, 0, 7)      [] [SW]
    562     0x00006100       0xFFFFFF80      0x00400000         (0, 0, 12)      [16] []
    563     0x0000C700       0xFFFFFF80      0x00000020         (0, 0, 8)      [] [S]
    564     0x0000BE00       0xFFFFFF80      0x00000010         (0, 0, 7)      [] [SW]
    565     0x00002000       0xFFFFFF80      0x00000181         (0, 0, 4)      [1, 2] [E]
    566     0x00027500       0xFFFFFF00      0x00080000         (0, 2, 14)      [13] []
    567     0x0000B300       0xFFFFFF80      0x00000010         (0, 0, 6)      [] [SW]
    568     0x00009680       0xFFFFFF80      0x00002000         (0, 0, 2)      [7] []
    569     0x0000E980       0xFFFFFF80      0x00000008         (0, 0, 13)      [] [W]
    570     0x00013480       0xFFFFFF80      0x00000008         (0, 1, 6)      [] [W]
    571     0x00007C80       0xFFFFFF80      0x00080020         (0, 0, 15)      [13] [S]
    572     0x00005B80       0xFFFFFF80      0x00000800         (0, 0, 11)      [5] []
    573     0x00023280       0xFFFFFF80      0x00001001         (0, 2, 6)      [6] [E]
    574     0x0001ED80       0xFFFFFF80      0x00000001         (0, 1, 13)      [] [E]
    575     0x0000F080       0xFFFFFF80      0x00080000         (0, 0, 14)      [13] []
    576     0x00000200       0xFFFFFF80      0x00000081         (0, 0, 0)      [1] [E]
    577     0x00003800       0xFFFFFF80      0x00000008         (0, 0, 7)      [] [W]
    578     0x00002800       0xFFFFFF80      0x00000008         (0, 0, 5)      [] [W]
    579     0x0000FD00       0xFFFFFF80      0x00000010         (0, 0, 15)      [] [SW]
    580     0x0001B580       0xFFFFFF80      0x00000001         (0, 1, 6)      [] [E]
    581     0x00017480       0xFFFFFF80      0x00000008         (0, 1, 14)      [] [W]
    582     0x00000480       0xFFFFFF80      0x00001803         (0, 0, 0)      [5, 6] [E, NE]
    583     0x00007880       0xFFFFFF80      0x00000810         (0, 0, 15)      [5] [SW]
    584     0x00004080       0xFFFFFF80      0x00008010         (0, 0, 8)      [9] [SW]
    585     0x0002BB00       0xFFFFFF00      0x00000002         (0, 2, 7)      [] [NE]
    586     0x0000D300       0xFFFFFF80      0x00040000         (0, 0, 10)      [12] []
    587     0x00004100       0xFFFFFF80      0x00010010         (0, 0, 8)      [10] [SW]
    588     0x00019680       0xFFFFFF80      0x00000001         (0, 1, 2)      [] [E]
    589     0x00015300       0xFFFFFF80      0x00000010         (0, 1, 10)      [] [SW]
    590     0x00012300       0xFFFFFF80      0x00000008         (0, 1, 4)      [] [W]
    591     0x0000E600       0xFFFFFF80      0x00000008         (0, 0, 12)      [] [W]
    592     0x00001D00       0xFFFFFF80      0x007FFFA1         (0, 0, 3)      [1, 2, 3, 4, 5, 6, 7, 8, 9, 10, 11, 12, 13, 14, 15, 16] [E, S]
    593     0x00017F00       0xFFFFFF80      0x00000008         (0, 1, 15)      [] [W]
    594     0x0000E480       0xFFFFFF80      0x00000008         (0, 0, 12)      [] [W]
    595     0x0000A880       0xFFFFFF80      0x00100000         (0, 0, 5)      [14] []
    596     0x00003180       0xFFFFFF80      0x00004000         (0, 0, 6)      [8] []
    597     0x0000CF80       0xFFFFFF80      0x00000008         (0, 0, 9)      [] [W]
    598     0x00003680       0xFFFFFF80      0x00000008         (0, 0, 6)      [] [W]
    599     0x00006680       0xFFFFFF80      0x00000018         (0, 0, 12)      [] [W, SW]
    600     0x00002C80       0xFFFFFF80      0x00000008         (0, 0, 5)      [] [W]
    601     0x0000E500       0xFFFFFF80      0x00000008         (0, 0, 12)      [] [W]
    602     0x00000F80       0xFFFFFF80      0x007FFF88         (0, 0, 1)      [1, 2, 3, 4, 5, 6, 7, 8, 9, 10, 11, 12, 13, 14, 15, 16] [W]
    603     0x00009C00       0xFFFFFF80      0x00000008         (0, 0, 3)      [] [W]
    604     0x00000A80       0xFFFFFF80      0x0000000E         (0, 0, 1)      [] [NE, N, W]
    605     0x0000D080       0xFFFFFF80      0x00000008         (0, 0, 10)      [] [W]
    606     0x00012A00       0xFFFFFF80      0x00000008         (0, 1, 5)      [] [W]
    607     0x00010800       0xFFFFFF80      0x00000010         (0, 1, 1)      [] [SW]
    608     0x00005800       0xFFFFFF80      0x00000008         (0, 0, 11)      [] [W]
    609     0x00011F00       0xFFFFFF80      0x00000008         (0, 1, 3)      [] [W]
    610     0x0001B900       0xFFFFFF80      0x00000001         (0, 1, 7)      [] [E]
    611     0x0000B380       0xFFFFFF80      0x00000010         (0, 0, 6)      [] [SW]
    612     0x0000EB80       0xFFFFFF80      0x00000018         (0, 0, 13)      [] [W, SW]
    613     0x0000AD80       0xFFFFFF80      0x00000018         (0, 0, 5)      [] [W, SW]
    614     0x00006B80       0xFFFFFF80      0x00004010         (0, 0, 13)      [8] [SW]
    615     0x00002400       0xFFFFFF80      0x00018008         (0, 0, 4)      [9, 10] [W]
    616     0x00023480       0xFFFFFF80      0x00010000         (0, 2, 6)      [10] []
    617     0x00014780       0xFFFFFF80      0x00000010         (0, 1, 8)      [] [SW]
    618     0x00006B00       0xFFFFFF80      0x00002010         (0, 0, 13)      [7] [SW]
    619     0x00000C00       0xFFFFFF80      0x0000000E         (0, 0, 1)      [] [NE, N, W]
    620     0x0000C500       0xFFFFFF80      0x00080020         (0, 0, 8)      [13] [S]
    621     0x00003700       0xFFFFFF80      0x00000008         (0, 0, 6)      [] [W]
    622     0x00013D00       0xFFFFFF80      0x00000008         (0, 1, 7)      [] [W]
    623     0x0000E380       0xFFFFFF80      0x00400000         (0, 0, 12)      [16] []
    624     0x00009200       0xFFFFFF80      0x00000008         (0, 0, 2)      [] [W]
    625     0x00016600       0xFFFFFF80      0x00000008         (0, 1, 12)      [] [W]
    626     0x0000DD00       0xFFFFFF80      0x00000008         (0, 0, 11)      [] [W]
    627     0x00013B80       0xFFFFFF80      0x00000008         (0, 1, 7)      [] [W]
    628     0x00018180       0xFFFFFF80      0x00000008         (0, 1, 0)      [] [W]
    629     0x00002A80       0xFFFFFF80      0x00000008         (0, 0, 5)      [] [W]
    630     0x0000F200       0xFFFFFF80      0x00400000         (0, 0, 14)      [16] []
    631     0x00023600       0xFFFFFF80      0x00080000         (0, 2, 6)      [13] []
    632     0x00004D00       0xFFFFFF80      0x00000800         (0, 0, 9)      [5] []
    633     0x00003100       0xFFFFFF80      0x00002000         (0, 0, 6)      [7] []
    634     0x00001300       0xFFFFFF80      0x007FFFBF         (0, 0, 2)      [1, 2, 3, 4, 5, 6, 7, 8, 9, 10, 11, 12, 13, 14, 15, 16] [E, NE, N, W, SW, S]
    635     0x00000680       0xFFFFFF80      0x00018003         (0, 0, 0)      [9, 10] [E, NE]
    636     0x00004580       0xFFFFFF80      0x00000020         (0, 0, 8)      [] [S]
    637     0x00023580       0xFFFFFF80      0x00040000         (0, 2, 6)      [12] []
    638     0x00007F00       0xFFFFFF80      0x00000020         (0, 0, 15)      [] [S]
    639     0x0000C080       0xFFFFFF80      0x00000010         (0, 0, 8)      [] [SW]
    640     0x0001AE00       0xFFFFFF80      0x00000001         (0, 1, 5)      [] [E]
    641     0x0000E700       0xFFFFFF80      0x00000008         (0, 0, 12)      [] [W]
    642     0x0001AD00       0xFFFFFF80      0x00000001         (0, 1, 5)      [] [E]
    643     0x00012900       0xFFFFFF80      0x00000008         (0, 1, 5)      [] [W]
    644     0x00008080       0xFFFFFF80      0x00000020         (0, 0, 0)      [] [S]
    645     0x00024600       0xFFFFFF80      0x00000008         (0, 2, 8)      [] [W]
    646     0x00004C00       0xFFFFFF80      0x00000208         (0, 0, 9)      [3] [W]
    647     0x0000D580       0xFFFFFF80      0x00000008         (0, 0, 10)      [] [W]
    648     0x0001A200       0xFFFFFF80      0x00000003         (0, 1, 4)      [] [E, NE]
    649     0x00006380       0xFFFFFF80      0x00000008         (0, 0, 12)      [] [W]
    650     0x00010B00       0xFFFFFF80      0x00000010         (0, 1, 1)      [] [SW]
    651     0x00005E00       0xFFFFFF80      0x00010000         (0, 0, 11)      [10] []
    652     0x00008C00       0xFFFFFF80      0x00200000         (0, 0, 1)      [15] []
    653     0x00005C80       0xFFFFFF80      0x00002000         (0, 0, 11)      [7] []
    654     0x00005580       0xFFFFFF80      0x00000008         (0, 0, 10)      [] [W]
    655     0x0002B600       0xFFFFFF00      0x00000002         (0, 2, 6)      [] [NE]
    656     0x0000B680       0xFFFFFF80      0x00080000         (0, 0, 6)      [13] []
    657     0x00019D00       0xFFFFFF80      0x00000003         (0, 1, 3)      [] [E, NE]
    658     0x00001680       0xFFFFFF80      0x007FFFBF         (0, 0, 2)      [1, 2, 3, 4, 5, 6, 7, 8, 9, 10, 11, 12, 13, 14, 15, 16] [E, NE, N, W, SW, S]
    659     0x0001B600       0xFFFFFF80      0x00000001         (0, 1, 6)      [] [E]
    660     0x00009700       0xFFFFFF80      0x00004000         (0, 0, 2)      [8] []
    661     0x0000A180       0xFFFFFF80      0x00000008         (0, 0, 4)      [] [W]
    662     0x0000F900       0xFFFFFF80      0x00000010         (0, 0, 15)      [] [SW]
    663     0x00004B80       0xFFFFFF80      0x00000100         (0, 0, 9)      [2] []
    664     0x00026B00       0xFFFFFF00      0x00000200         (0, 2, 13)      [3] []
    665     0x00007E00       0xFFFFFF80      0x00400020         (0, 0, 15)      [16] [S]
    666     0x0000A200       0xFFFFFF80      0x00000008         (0, 0, 4)      [] [W]
    667     0x0000B100       0xFFFFFF80      0x00000010         (0, 0, 6)      [] [SW]
    668     0x0000D700       0xFFFFFF80      0x00000008         (0, 0, 10)      [] [W]
    669     0x00008200       0xFFFFFF80      0x00000020         (0, 0, 0)      [] [S]
    670     0x0000FA00       0xFFFFFF80      0x00000010         (0, 0, 15)      [] [SW]
    671     0x00009600       0xFFFFFF80      0x00001000         (0, 0, 2)      [6] []
    672     0x00008800       0xFFFFFF80      0x00002000         (0, 0, 1)      [7] []
    673     0x00002F00       0xFFFFFF80      0x00000208         (0, 0, 5)      [3] [W]
    674     0x0000A000       0xFFFFFF80      0x00000008         (0, 0, 4)      [] [W]
    675     0x00003000       0xFFFFFF80      0x00000808         (0, 0, 6)      [5] [W]
    676     0x00013280       0xFFFFFF80      0x00000008         (0, 1, 6)      [] [W]
    677     0x00001C00       0xFFFFFF80      0x007FFFA1         (0, 0, 3)      [1, 2, 3, 4, 5, 6, 7, 8, 9, 10, 11, 12, 13, 14, 15, 16] [E, S]
    678     0x00001180       0xFFFFFF80      0x007FFFBD         (0, 0, 2)      [1, 2, 3, 4, 5, 6, 7, 8, 9, 10, 11, 12, 13, 14, 15, 16] [E, N, W, SW, S]
    679     0x00006900       0xFFFFFF80      0x00000218         (0, 0, 13)      [3] [W, SW]
    680     0x00008700       0xFFFFFF80      0x00000800         (0, 0, 0)      [5] []
    681     0x00014E00       0xFFFFFF80      0x00000010         (0, 1, 9)      [] [SW]
    682     0x00009480       0xFFFFFF80      0x00000008         (0, 0, 2)      [] [W]
    683     0x00017C00       0xFFFFFF80      0x00000008         (0, 1, 15)      [] [W]
    684     0x0000DB00       0xFFFFFF80      0x00000008         (0, 0, 11)      [] [W]
    685     0x00019780       0xFFFFFF80      0x00000001         (0, 1, 2)      [] [E]
    686     0x0000C280       0xFFFFFF80      0x00000010         (0, 0, 8)      [] [SW]
    687     0x00010000       0xFFFFFF80      0x00200000         (0, 1, 0)      [15] []
    688     0x0000A500       0xFFFFFF80      0x00002000         (0, 0, 4)      [7] []
    689     0x00019700       0xFFFFFF80      0x00000001         (0, 1, 2)      [] [E]
    690     0x00000E00       0xFFFFFF80      0x0000000E         (0, 0, 1)      [] [NE, N, W]
    691     0x00013100       0xFFFFFF80      0x00000008         (0, 1, 6)      [] [W]
    692     0x0000D280       0xFFFFFF80      0x00020000         (0, 0, 10)      [11] []
    693     0x00023C00       0xFFFFFF80      0x00000001         (0, 2, 7)      [] [E]
    694     0x00004180       0xFFFFFF80      0x00020010         (0, 0, 8)      [11] [SW]
    695     0x00002200       0xFFFFFF80      0x00001808         (0, 0, 4)      [5, 6] [W]
    696     0x0002B900       0xFFFFFF00      0x00000002         (0, 2, 7)      [] [NE]
    697     0x0000C680       0xFFFFFF80      0x00400020         (0, 0, 8)      [16] [S]
    698     0x00015480       0xFFFFFF80      0x00000010         (0, 1, 10)      [] [SW]
    699     0x00004200       0xFFFFFF80      0x00040010         (0, 0, 8)      [12] [SW]
    700     0x00005B00       0xFFFFFF80      0x00000408         (0, 0, 11)      [4] [W]
    701     0x00019600       0xFFFFFF80      0x00000001         (0, 1, 2)      [] [E]
    702     0x00002380       0xFFFFFF80      0x0000C008         (0, 0, 4)      [8, 9] [W]
    703     0x0001A500       0xFFFFFF80      0x00000001         (0, 1, 4)      [] [E]
    704     0x0000FF00       0xFFFFFF80      0x00080000         (0, 0, 15)      [13] []
    705     0x0002B400       0xFFFFFF00      0x00000002         (0, 2, 6)      [] [NE]
    706     0x00005280       0xFFFFFF80      0x00400000         (0, 0, 10)      [16] []
    707     0x00026D00       0xFFFFFF00      0x00000800         (0, 2, 13)      [5] []
    708     0x00003200       0xFFFFFF80      0x00008000         (0, 0, 6)      [9] []
    709     0x00013200       0xFFFFFF80      0x00000008         (0, 1, 6)      [] [W]
    710     0x00018200       0xFFFFFF80      0x00000008         (0, 1, 0)      [] [W]
    711     0x00017400       0xFFFFFF80      0x00000008         (0, 1, 14)      [] [W]
    712     0x00006C00       0xFFFFFF80      0x00008010         (0, 0, 13)      [9] [SW]
    713     0x00012600       0xFFFFFF80      0x00000008         (0, 1, 4)      [] [W]
    714     0x00003280       0xFFFFFF80      0x00010010         (0, 0, 6)      [10] [SW]
    715     0x00006C80       0xFFFFFF80      0x00010010         (0, 0, 13)      [10] [SW]
    716     0x0001B880       0xFFFFFF80      0x00000001         (0, 1, 7)      [] [E]
    717     0x00004C80       0xFFFFFF80      0x00000408         (0, 0, 9)      [4] [W]
    718     0x00001380       0xFFFFFF80      0x007FFFBF         (0, 0, 2)      [1, 2, 3, 4, 5, 6, 7, 8, 9, 10, 11, 12, 13, 14, 15, 16] [E, NE, N, W, SW, S]
    719     0x00000D00       0xFFFFFF80      0x0000000E         (0, 0, 1)      [] [NE, N, W]
    720     0x00006D00       0xFFFFFF80      0x00020010         (0, 0, 13)      [11] [SW]
    721     0x00006800       0xFFFFFF80      0x00000018         (0, 0, 13)      [] [W, SW]
    722     0x0000B580       0xFFFFFF80      0x00020010         (0, 0, 6)      [11] [SW]
    723     0x00007A80       0xFFFFFF80      0x00008010         (0, 0, 15)      [9] [SW]
    724     0x00013C00       0xFFFFFF80      0x00000008         (0, 1, 7)      [] [W]
    725     0x00007B00       0xFFFFFF80      0x00010010         (0, 0, 15)      [10] [SW]
    726     0x0001A580       0xFFFFFF80      0x00000001         (0, 1, 4)      [] [E]
