router contains 188 entries 
 
  Index   Key(hex)    Mask(hex)    Route(hex)    Src. Core -> [Cores][Links]
------------------------------------------------------------------------------
    0     0x00012200       0xFFFFFF80      0x00000008         (0, 1, 4)      [] [W]
    1     0x00025F00       0xFFFFFF00      0x00000004         (0, 2, 11)      [] [N]
    2     0x00030300       0xFFFFFF00      0x00000004         (0, 3, 0)      [] [N]
    3     0x0002A300       0xFFFFFF00      0x00000004         (0, 2, 4)      [] [N]
    4     0x0000E000       0xFFFFFF80      0x00000018         (0, 0, 12)      [] [W, SW]
    5     0x0000DF80       0xFFFFFF80      0x00000018         (0, 0, 11)      [] [W, SW]
    6     0x00026000       0xFFFFFF00      0x00000004         (0, 2, 12)      [] [N]
    7     0x00023B80       0xFFFFFF80      0x00040000         (0, 2, 7)      [12] []
    8     0x00009500       0xFFFFFF80      0x00000008         (0, 0, 2)      [] [W]
    9     0x00016D80       0xFFFFFF80      0x00000008         (0, 1, 13)      [] [W]
    10     0x00026100       0xFFFFFF00      0x00000004         (0, 2, 12)      [] [N]
    11     0x00030400       0xFFFFFF00      0x00000004         (0, 3, 0)      [] [N]
    12     0x0000DE80       0xFFFFFF80      0x00000018         (0, 0, 11)      [] [W, SW]
    13     0x00023300       0xFFFFFF80      0x00000001         (0, 2, 6)      [] [E]
    14     0x00026200       0xFFFFFF00      0x00000004         (0, 2, 12)      [] [N]
    15     0x00011580       0xFFFFFF80      0x00000008         (0, 1, 2)      [] [W]
    16     0x00009380       0xFFFFFF80      0x00000008         (0, 0, 2)      [] [W]
    17     0x00005700       0xFFFFFF80      0x00000008         (0, 0, 10)      [] [W]
    18     0x00030500       0xFFFFFF00      0x00000004         (0, 3, 0)      [] [N]
    19     0x00016E00       0xFFFFFF80      0x00000008         (0, 1, 13)      [] [W]
    20     0x00023380       0xFFFFFF80      0x00000001         (0, 2, 6)      [] [E]
    21     0x00026400       0xFFFFFF00      0x00000004         (0, 2, 12)      [] [N]
    22     0x00011C80       0xFFFFFF80      0x00000008         (0, 1, 3)      [] [W]
    23     0x00009300       0xFFFFFF80      0x00000008         (0, 0, 2)      [] [W]
    24     0x0002A700       0xFFFFFF00      0x00000004         (0, 2, 4)      [] [N]
    25     0x00026500       0xFFFFFF00      0x00000004         (0, 2, 12)      [] [N]
    26     0x00030600       0xFFFFFF00      0x00000004         (0, 3, 0)      [] [N]
    27     0x0002AB00       0xFFFFFF00      0x00000004         (0, 2, 5)      [] [N]
    28     0x00012580       0xFFFFFF80      0x00000008         (0, 1, 4)      [] [W]
    29     0x00026600       0xFFFFFF00      0x00000004         (0, 2, 12)      [] [N]
    30     0x00012A80       0xFFFFFF80      0x00000008         (0, 1, 5)      [] [W]
    31     0x00022F00       0xFFFFFF80      0x00400000         (0, 2, 5)      [16] []
    32     0x00016F00       0xFFFFFF80      0x00000008         (0, 1, 13)      [] [W]
    33     0x00030700       0xFFFFFF00      0x00000004         (0, 3, 0)      [] [N]
    34     0x00025800       0xFFFFFF00      0x00000004         (0, 2, 11)      [] [N]
    35     0x00023700       0xFFFFFF80      0x00000201         (0, 2, 6)      [3] [E]
    36     0x00026800       0xFFFFFF00      0x00000004         (0, 2, 13)      [] [N]
    37     0x00016A80       0xFFFFFF80      0x00000008         (0, 1, 13)      [] [W]
    38     0x0002A400       0xFFFFFF00      0x00000004         (0, 2, 4)      [] [N]
    39     0x00025900       0xFFFFFF00      0x00000004         (0, 2, 11)      [] [N]
    40     0x00030800       0xFFFFFF00      0x00000004         (0, 3, 1)      [] [N]
    41     0x00029D00       0xFFFFFF00      0x00000004         (0, 2, 3)      [] [N]
    42     0x00023900       0xFFFFFF80      0x00002001         (0, 2, 7)      [7] [E]
    43     0x00025A00       0xFFFFFF00      0x00000004         (0, 2, 11)      [] [N]
    44     0x00023600       0xFFFFFF80      0x00000081         (0, 2, 6)      [1] [E]
    45     0x0000D180       0xFFFFFF80      0x00000008         (0, 0, 10)      [] [W]
    46     0x0000DA00       0xFFFFFF80      0x00000008         (0, 0, 11)      [] [W]
    47     0x00025B00       0xFFFFFF00      0x00000004         (0, 2, 11)      [] [N]
    48     0x00012400       0xFFFFFF80      0x00000008         (0, 1, 4)      [] [W]
    49     0x00024380       0xFFFFFF80      0x00000008         (0, 2, 8)      [] [W]
    50     0x00030900       0xFFFFFF00      0x00000004         (0, 3, 1)      [] [N]
    51     0x00016B00       0xFFFFFF80      0x00000008         (0, 1, 13)      [] [W]
    52     0x00025C00       0xFFFFFF00      0x00000004         (0, 2, 11)      [] [N]
    53     0x0000CF00       0xFFFFFF80      0x00000008         (0, 0, 9)      [] [W]
    54     0x00016A00       0xFFFFFF80      0x00000008         (0, 1, 13)      [] [W]
    55     0x00025D00       0xFFFFFF00      0x00000004         (0, 2, 11)      [] [N]
    56     0x00022F80       0xFFFFFF80      0x00800000         (0, 2, 5)      [17] []
    57     0x00030A00       0xFFFFFF00      0x00000004         (0, 3, 1)      [] [N]
    58     0x00016E80       0xFFFFFF80      0x00000008         (0, 1, 13)      [] [W]
    59     0x00025E00       0xFFFFFF00      0x00000004         (0, 2, 11)      [] [N]
    60     0x0002A800       0xFFFFFF00      0x00000004         (0, 2, 5)      [] [N]
    61     0x00024280       0xFFFFFF80      0x00000008         (0, 2, 8)      [] [W]
    62     0x0000CB80       0xFFFFFF80      0x00000008         (0, 0, 9)      [] [W]
    63     0x00024600       0xFFFFFF80      0x00000008         (0, 2, 8)      [] [W]
    64     0x00011B00       0xFFFFFF80      0x00000008         (0, 1, 3)      [] [W]
    65     0x00012980       0xFFFFFF80      0x00000008         (0, 1, 5)      [] [W]
    66     0x00012900       0xFFFFFF80      0x00000008         (0, 1, 5)      [] [W]
    67     0x0002A500       0xFFFFFF00      0x00000004         (0, 2, 4)      [] [N]
    68     0x00030C00       0xFFFFFF00      0x00000004         (0, 3, 1)      [] [N]
    69     0x00002600       0xFFFFFF80      0x00000010         (0, 0, 4)      [] [SW]
    70     0x00022E80       0xFFFFFF80      0x00200000         (0, 2, 5)      [15] []
    71     0x00002680       0xFFFFFF80      0x00000010         (0, 0, 4)      [] [SW]
    72     0x00017180       0xFFFFFF80      0x00000008         (0, 1, 14)      [] [W]
    73     0x0000CB00       0xFFFFFF80      0x00000008         (0, 0, 9)      [] [W]
    74     0x0000D980       0xFFFFFF80      0x00000008         (0, 0, 11)      [] [W]
    75     0x00024300       0xFFFFFF80      0x00000008         (0, 2, 8)      [] [W]
    76     0x00002880       0xFFFFFF80      0x00000010         (0, 0, 5)      [] [SW]
    77     0x00023480       0xFFFFFF80      0x00000001         (0, 2, 6)      [] [E]
    78     0x00030E00       0xFFFFFF00      0x00000004         (0, 3, 1)      [] [N]
    79     0x0000DC00       0xFFFFFF80      0x00000018         (0, 0, 11)      [] [W, SW]
    80     0x00024580       0xFFFFFF80      0x00000008         (0, 2, 8)      [] [W]
    81     0x00023D80       0xFFFFFF80      0x00000008         (0, 2, 7)      [] [W]
    82     0x00002700       0xFFFFFF80      0x00000010         (0, 0, 4)      [] [SW]
    83     0x0000CD80       0xFFFFFF80      0x00000008         (0, 0, 9)      [] [W]
    84     0x00029E00       0xFFFFFF00      0x00000004         (0, 2, 3)      [] [N]
    85     0x00023680       0xFFFFFF80      0x00000101         (0, 2, 6)      [2] [E]
    86     0x00002800       0xFFFFFF80      0x00000010         (0, 0, 5)      [] [SW]
    87     0x00016F80       0xFFFFFF80      0x00000008         (0, 1, 13)      [] [W]
    88     0x00023400       0xFFFFFF80      0x00000001         (0, 2, 6)      [] [E]
    89     0x00011C00       0xFFFFFF80      0x00000008         (0, 1, 3)      [] [W]
    90     0x00012B00       0xFFFFFF80      0x00000008         (0, 1, 5)      [] [W]
    91     0x00002780       0xFFFFFF80      0x00000010         (0, 0, 4)      [] [SW]
    92     0x0000D100       0xFFFFFF80      0x00000008         (0, 0, 10)      [] [W]
    93     0x00031000       0xFFFFFF00      0x00000004         (0, 3, 2)      [] [N]
    94     0x00009100       0xFFFFFF80      0x00000008         (0, 0, 2)      [] [W]
    95     0x00024200       0xFFFFFF80      0x00000008         (0, 2, 8)      [] [W]
    96     0x00028A00       0xFFFFFF00      0x00000002         (0, 2, 1)      [] [NE]
    97     0x00012B80       0xFFFFFF80      0x00000008         (0, 1, 5)      [] [W]
    98     0x00023C00       0xFFFFFF80      0x00080000         (0, 2, 7)      [13] []
    99     0x00008600       0xFFFFFF80      0x00000008         (0, 0, 0)      [] [W]
    100     0x00011700       0xFFFFFF80      0x00000008         (0, 1, 2)      [] [W]
    101     0x00030000       0xFFFFFF00      0x00000004         (0, 3, 0)      [] [N]
    102     0x00026300       0xFFFFFF00      0x00000004         (0, 2, 12)      [] [N]
    103     0x00002980       0xFFFFFF80      0x00000010         (0, 0, 5)      [] [SW]
    104     0x0000CC00       0xFFFFFF80      0x00000008         (0, 0, 9)      [] [W]
    105     0x00029C00       0xFFFFFF00      0x00000004         (0, 2, 3)      [] [N]
    106     0x0000D080       0xFFFFFF80      0x00000008         (0, 0, 10)      [] [W]
    107     0x00009180       0xFFFFFF80      0x00000008         (0, 0, 2)      [] [W]
    108     0x0002AA00       0xFFFFFF00      0x00000004         (0, 2, 5)      [] [N]
    109     0x00002900       0xFFFFFF80      0x00000010         (0, 0, 5)      [] [SW]
    110     0x00023980       0xFFFFFF80      0x00004001         (0, 2, 7)      [8] [E]
    111     0x00024500       0xFFFFFF80      0x00000008         (0, 2, 8)      [] [W]
    112     0x00009400       0xFFFFFF80      0x00000008         (0, 0, 2)      [] [W]
    113     0x00012880       0xFFFFFF80      0x00000008         (0, 1, 5)      [] [W]
    114     0x00012800       0xFFFFFF80      0x00000008         (0, 1, 5)      [] [W]
    115     0x0000DF00       0xFFFFFF80      0x00000018         (0, 0, 11)      [] [W, SW]
    116     0x00029F00       0xFFFFFF00      0x00000004         (0, 2, 3)      [] [N]
    117     0x00011A80       0xFFFFFF80      0x00000008         (0, 1, 3)      [] [W]
    118     0x00008680       0xFFFFFF80      0x00000008         (0, 0, 0)      [] [W]
    119     0x00023B00       0xFFFFFF80      0x00020000         (0, 2, 7)      [11] []
    120     0x0002A000       0xFFFFFF00      0x00000004         (0, 2, 4)      [] [N]
    121     0x00030B00       0xFFFFFF00      0x00000004         (0, 3, 1)      [] [N]
    122     0x00023780       0xFFFFFF80      0x00000401         (0, 2, 6)      [4] [E]
    123     0x00011600       0xFFFFFF80      0x00000008         (0, 1, 2)      [] [W]
    124     0x00012300       0xFFFFFF80      0x00000008         (0, 1, 4)      [] [W]
    125     0x00012A00       0xFFFFFF80      0x00000008         (0, 1, 5)      [] [W]
    126     0x0000CE00       0xFFFFFF80      0x00000008         (0, 0, 9)      [] [W]
    127     0x0002A200       0xFFFFFF00      0x00000004         (0, 2, 4)      [] [N]
    128     0x00021480       0xFFFFFF80      0x000FFF80         (0, 2, 2)      [1, 2, 3, 4, 5, 6, 7, 8, 9, 10, 11, 12, 13] []
    129     0x0000DD00       0xFFFFFF80      0x00000018         (0, 0, 11)      [] [W, SW]
    130     0x00023A00       0xFFFFFF80      0x00008001         (0, 2, 7)      [9] [E]
    131     0x0000CC80       0xFFFFFF80      0x00000008         (0, 0, 9)      [] [W]
    132     0x00005800       0xFFFFFF80      0x00000008         (0, 0, 11)      [] [W]
    133     0x00021500       0xFFFFFF80      0x00F00000         (0, 2, 2)      [16, 17, 14, 15] []
    134     0x00017000       0xFFFFFF80      0x00000008         (0, 1, 14)      [] [W]
    135     0x0000DA80       0xFFFFFF80      0x00000008         (0, 0, 11)      [] [W]
    136     0x00011980       0xFFFFFF80      0x00000008         (0, 1, 3)      [] [W]
    137     0x00023D00       0xFFFFFF80      0x00000008         (0, 2, 7)      [] [W]
    138     0x00012480       0xFFFFFF80      0x00000008         (0, 1, 4)      [] [W]
    139     0x00009200       0xFFFFFF80      0x00000008         (0, 0, 2)      [] [W]
    140     0x0000CF80       0xFFFFFF80      0x00000008         (0, 0, 9)      [] [W]
    141     0x00023280       0xFFFFFF80      0x00000001         (0, 2, 6)      [] [E]
    142     0x0000DC80       0xFFFFFF80      0x00000018         (0, 0, 11)      [] [W, SW]
    143     0x0002A100       0xFFFFFF00      0x00000004         (0, 2, 4)      [] [N]
    144     0x0002A600       0xFFFFFF00      0x00000004         (0, 2, 4)      [] [N]
    145     0x00022E00       0xFFFFFF80      0x00100000         (0, 2, 5)      [14] []
    146     0x00023A80       0xFFFFFF80      0x00010001         (0, 2, 7)      [10] [E]
    147     0x00005980       0xFFFFFF80      0x00000018         (0, 0, 11)      [] [W, SW]
    148     0x00023500       0xFFFFFF80      0x00000001         (0, 2, 6)      [] [E]
    149     0x00011680       0xFFFFFF80      0x00000008         (0, 1, 2)      [] [W]
    150     0x0000E080       0xFFFFFF80      0x00000018         (0, 0, 12)      [] [W, SW]
    151     0x00009580       0xFFFFFF80      0x00000008         (0, 0, 2)      [] [W]
    152     0x00016980       0xFFFFFF80      0x00000008         (0, 1, 13)      [] [W]
    153     0x00009480       0xFFFFFF80      0x00000008         (0, 0, 2)      [] [W]
    154     0x00023F80       0xFFFFFF80      0x00000008         (0, 2, 7)      [] [W]
    155     0x00026700       0xFFFFFF00      0x00000004         (0, 2, 12)      [] [N]
    156     0x00024400       0xFFFFFF80      0x00000008         (0, 2, 8)      [] [W]
    157     0x00011500       0xFFFFFF80      0x00000008         (0, 1, 2)      [] [W]
    158     0x00017080       0xFFFFFF80      0x00000008         (0, 1, 14)      [] [W]
    159     0x00023E00       0xFFFFFF80      0x00000008         (0, 2, 7)      [] [W]
    160     0x00030F00       0xFFFFFF00      0x00000004         (0, 3, 1)      [] [N]
    161     0x00005900       0xFFFFFF80      0x00000018         (0, 0, 11)      [] [W, SW]
    162     0x0000DE00       0xFFFFFF80      0x00000018         (0, 0, 11)      [] [W, SW]
    163     0x0002A900       0xFFFFFF00      0x00000004         (0, 2, 5)      [] [N]
    164     0x00011A00       0xFFFFFF80      0x00000008         (0, 1, 3)      [] [W]
    165     0x00009280       0xFFFFFF80      0x00000008         (0, 0, 2)      [] [W]
    166     0x0000DB80       0xFFFFFF80      0x00000018         (0, 0, 11)      [] [W, SW]
    167     0x0000DD80       0xFFFFFF80      0x00000018         (0, 0, 11)      [] [W, SW]
    168     0x00023800       0xFFFFFF80      0x00000801         (0, 2, 7)      [5] [E]
    169     0x0000CE80       0xFFFFFF80      0x00000008         (0, 0, 9)      [] [W]
    170     0x00005880       0xFFFFFF80      0x00000018         (0, 0, 11)      [] [W, SW]
    171     0x00023880       0xFFFFFF80      0x00001001         (0, 2, 7)      [6] [E]
    172     0x0000CD00       0xFFFFFF80      0x00000008         (0, 0, 9)      [] [W]
    173     0x00012500       0xFFFFFF80      0x00000008         (0, 1, 4)      [] [W]
    174     0x00023F00       0xFFFFFF80      0x00000008         (0, 2, 7)      [] [W]
    175     0x0000DB00       0xFFFFFF80      0x00000018         (0, 0, 11)      [] [W, SW]
    176     0x00024480       0xFFFFFF80      0x00000008         (0, 2, 8)      [] [W]
    177     0x00012280       0xFFFFFF80      0x00000008         (0, 1, 4)      [] [W]
    178     0x00017100       0xFFFFFF80      0x00000008         (0, 1, 14)      [] [W]
    179     0x00030100       0xFFFFFF00      0x00000004         (0, 3, 0)      [] [N]
    180     0x00011B80       0xFFFFFF80      0x00000008         (0, 1, 3)      [] [W]
    181     0x00012380       0xFFFFFF80      0x00000008         (0, 1, 4)      [] [W]
    182     0x0000D000       0xFFFFFF80      0x00000008         (0, 0, 10)      [] [W]
    183     0x00030D00       0xFFFFFF00      0x00000004         (0, 3, 1)      [] [N]
    184     0x00030200       0xFFFFFF00      0x00000004         (0, 3, 0)      [] [N]
    185     0x00023580       0xFFFFFF80      0x00000001         (0, 2, 6)      [] [E]
    186     0x00005780       0xFFFFFF80      0x00000008         (0, 0, 10)      [] [W]
    187     0x00023E80       0xFFFFFF80      0x00000008         (0, 2, 7)      [] [W]
