router contains 460 entries 
 
  Index   Key(hex)    Mask(hex)    Route(hex)    Src. Core -> [Cores][Links]
------------------------------------------------------------------------------
    0     0x00016980       0xFFFFFF80      0x00000010         (0, 1, 13)      [] [SW]
    1     0x00004D00       0xFFFFFF80      0x00000200         (0, 0, 9)      [3] []
    2     0x00023600       0xFFFFFF80      0x00020000         (0, 2, 6)      [11] []
    3     0x0000E480       0xFFFFFF80      0x00400000         (0, 0, 12)      [16] []
    4     0x00010900       0xFFFFFF80      0x00000100         (0, 1, 1)      [2] []
    5     0x0001CA00       0xFFFFFF80      0x00000100         (0, 1, 9)      [2] []
    6     0x00003280       0xFFFFFF80      0x00004000         (0, 0, 6)      [8] []
    7     0x00005200       0xFFFFFF80      0x00080000         (0, 0, 10)      [13] []
    8     0x00001880       0xFFFFFF80      0x00100000         (0, 0, 3)      [14] []
    9     0x00011E80       0xFFFFFF80      0x00400000         (0, 1, 3)      [16] []
    10     0x00003300       0xFFFFFF80      0x00008000         (0, 0, 6)      [9] []
    11     0x00005080       0xFFFFFF80      0x00010000         (0, 0, 10)      [10] []
    12     0x0000E380       0xFFFFFF80      0x00100000         (0, 0, 12)      [14] []
    13     0x0000E100       0xFFFFFF80      0x00008000         (0, 0, 12)      [9] []
    14     0x00001700       0xFFFFFF80      0x00020000         (0, 0, 2)      [11] []
    15     0x0000B900       0xFFFFFF80      0x00400000         (0, 0, 7)      [16] []
    16     0x00015100       0xFFFFFF80      0x00000100         (0, 1, 10)      [2] []
    17     0x00009380       0xFFFFFF80      0x00FFFE20         (0, 0, 2)      [3, 4, 5, 6, 7, 8, 9, 10, 11, 12, 13, 14, 15, 16, 17] [S]
    18     0x00035800       0xFFFFFF00      0x00001000         (0, 3, 11)      [6] []
    19     0x00023300       0xFFFFFF80      0x00000800         (0, 2, 6)      [5] []
    20     0x00017180       0xFFFFFF80      0x00000010         (0, 1, 14)      [] [SW]
    21     0x00019A00       0xFFFFFF80      0x00000080         (0, 1, 3)      [1] []
    22     0x0000F000       0xFFFFFF80      0x00010000         (0, 0, 14)      [10] []
    23     0x0000A500       0xFFFFFF80      0x00000800         (0, 0, 4)      [5] []
    24     0x00006200       0xFFFFFF80      0x00400000         (0, 0, 12)      [16] []
    25     0x00013B80       0xFFFFFF80      0x00400000         (0, 1, 7)      [16] []
    26     0x00000600       0xFFFFFF80      0x00001000         (0, 0, 0)      [6] []
    27     0x0000C800       0xFFFFFF80      0x00800000         (0, 0, 9)      [17] []
    28     0x00007F00       0xFFFFFF80      0x00C00180         (0, 0, 15)      [16, 1, 2, 17] []
    29     0x00013C00       0xFFFFFF80      0x00800000         (0, 1, 7)      [17] []
    30     0x0000D400       0xFFFFFF80      0x00040000         (0, 0, 10)      [12] []
    31     0x0000A380       0xFFFFFF80      0x00000100         (0, 0, 4)      [2] []
    32     0x00000700       0xFFFFFF80      0x00004000         (0, 0, 0)      [8] []
    33     0x00002600       0xFFFFFF80      0x00040000         (0, 0, 4)      [12] []
    34     0x00010F00       0xFFFFFF80      0x00100000         (0, 1, 1)      [14] []
    35     0x00023D00       0xFFFFFF80      0x00000008         (0, 2, 7)      [] [W]
    36     0x00009300       0xFFFFFF80      0x00FFFE20         (0, 0, 2)      [3, 4, 5, 6, 7, 8, 9, 10, 11, 12, 13, 14, 15, 16, 17] [S]
    37     0x0000D380       0xFFFFFF80      0x00020000         (0, 0, 10)      [11] []
    38     0x00007800       0xFFFFFF80      0x00000380         (0, 0, 15)      [1, 2, 3] []
    39     0x00021880       0xFFFFFF80      0x00000180         (0, 2, 3)      [1, 2] []
    40     0x00011080       0xFFFFFF80      0x00800000         (0, 1, 2)      [17] []
    41     0x00007100       0xFFFFFF80      0x00800000         (0, 0, 14)      [17] []
    42     0x00003600       0xFFFFFF80      0x00200000         (0, 0, 6)      [15] []
    43     0x00008A00       0xFFFFFF80      0x00FFFE0C         (0, 0, 1)      [3, 4, 5, 6, 7, 8, 9, 10, 11, 12, 13, 14, 15, 16, 17] [N, W]
    44     0x00036C00       0xFFFFFF00      0x00000004         (0, 3, 13)      [] [N]
    45     0x0001E080       0xFFFFFF80      0x00000100         (0, 1, 12)      [2] []
    46     0x00016D80       0xFFFFFF80      0x00000010         (0, 1, 13)      [] [SW]
    47     0x00006E80       0xFFFFFF80      0x00040000         (0, 0, 13)      [12] []
    48     0x00036300       0xFFFFFF00      0x00800000         (0, 3, 12)      [17] []
    49     0x00035E00       0xFFFFFF00      0x00040000         (0, 3, 11)      [12] []
    50     0x00008B00       0xFFFFFF80      0x00FFFE0C         (0, 0, 1)      [3, 4, 5, 6, 7, 8, 9, 10, 11, 12, 13, 14, 15, 16, 17] [N, W]
    51     0x0000D580       0xFFFFFF80      0x00200000         (0, 0, 10)      [15] []
    52     0x0000C300       0xFFFFFF80      0x00002000         (0, 0, 8)      [7] []
    53     0x0001D900       0xFFFFFF80      0x00000080         (0, 1, 11)      [1] []
    54     0x00003480       0xFFFFFF80      0x00040000         (0, 0, 6)      [12] []
    55     0x00011F00       0xFFFFFF80      0x00800000         (0, 1, 3)      [17] []
    56     0x00009000       0xFFFFFF80      0x00FFFE00         (0, 0, 2)      [3, 4, 5, 6, 7, 8, 9, 10, 11, 12, 13, 14, 15, 16, 17] []
    57     0x00021900       0xFFFFFF80      0x00FFFE00         (0, 2, 3)      [3, 4, 5, 6, 7, 8, 9, 10, 11, 12, 13, 14, 15, 16, 17] []
    58     0x00004080       0xFFFFFF80      0x00002000         (0, 0, 8)      [7] []
    59     0x00010200       0xFFFFFF80      0x00800000         (0, 1, 0)      [17] []
    60     0x00000800       0xFFFFFF80      0x00010000         (0, 0, 1)      [10] []
    61     0x00007000       0xFFFFFF80      0x00200000         (0, 0, 14)      [15] []
    62     0x00005E00       0xFFFFFF80      0x00004000         (0, 0, 11)      [8] []
    63     0x00002280       0xFFFFFF80      0x00000800         (0, 0, 4)      [5] []
    64     0x0000B580       0xFFFFFF80      0x00008000         (0, 0, 6)      [9] []
    65     0x00004280       0xFFFFFF80      0x00020000         (0, 0, 8)      [11] []
    66     0x00036100       0xFFFFFF00      0x00200000         (0, 3, 12)      [15] []
    67     0x0001A500       0xFFFFFF80      0x00000100         (0, 1, 4)      [2] []
    68     0x00008E00       0xFFFFFF80      0x00FFFE2C         (0, 0, 1)      [3, 4, 5, 6, 7, 8, 9, 10, 11, 12, 13, 14, 15, 16, 17] [N, W, S]
    69     0x0000B400       0xFFFFFF80      0x00001000         (0, 0, 6)      [6] []
    70     0x00008600       0xFFFFFF80      0x000001BF         (0, 0, 0)      [1, 2] [E, NE, N, W, SW, S]
    71     0x00013480       0xFFFFFF80      0x00000100         (0, 1, 6)      [2] []
    72     0x00007E80       0xFFFFFF80      0x00600180         (0, 0, 15)      [16, 1, 2, 15] []
    73     0x00010180       0xFFFFFF80      0x00400000         (0, 1, 0)      [16] []
    74     0x00010080       0xFFFFFF80      0x00100000         (0, 1, 0)      [14] []
    75     0x0000EB80       0xFFFFFF80      0x00000080         (0, 0, 13)      [1] []
    76     0x0000F280       0xFFFFFF80      0x00200000         (0, 0, 14)      [15] []
    77     0x0000AB00       0xFFFFFF80      0x00800000         (0, 0, 5)      [17] []
    78     0x00017000       0xFFFFFF80      0x00000010         (0, 1, 14)      [] [SW]
    79     0x00008180       0xFFFFFF80      0x00000180         (0, 0, 0)      [1, 2] []
    80     0x00009500       0xFFFFFF80      0x00FFFFA0         (0, 0, 2)      [1, 2, 3, 4, 5, 6, 7, 8, 9, 10, 11, 12, 13, 14, 15, 16, 17] [S]
    81     0x00001900       0xFFFFFF80      0x00200000         (0, 0, 3)      [15] []
    82     0x0000F380       0xFFFFFF80      0x00800000         (0, 0, 14)      [17] []
    83     0x0000C600       0xFFFFFF80      0x00080000         (0, 0, 8)      [13] []
    84     0x00009480       0xFFFFFF80      0x00FFFEA0         (0, 0, 2)      [1, 3, 4, 5, 6, 7, 8, 9, 10, 11, 12, 13, 14, 15, 16, 17] [S]
    85     0x00008880       0xFFFFFF80      0x00FFFE0C         (0, 0, 1)      [3, 4, 5, 6, 7, 8, 9, 10, 11, 12, 13, 14, 15, 16, 17] [N, W]
    86     0x00004E00       0xFFFFFF80      0x00000800         (0, 0, 9)      [5] []
    87     0x00008780       0xFFFFFF80      0x00FFFE0C         (0, 0, 0)      [3, 4, 5, 6, 7, 8, 9, 10, 11, 12, 13, 14, 15, 16, 17] [N, W]
    88     0x00011680       0xFFFFFF80      0x00000018         (0, 1, 2)      [] [W, SW]
    89     0x0000A300       0xFFFFFF80      0x00000080         (0, 0, 4)      [1] []
    90     0x0000B200       0xFFFFFF80      0x00000100         (0, 0, 6)      [2] []
    91     0x00015080       0xFFFFFF80      0x00000080         (0, 1, 10)      [1] []
    92     0x00018400       0xFFFFFF80      0x00000100         (0, 1, 0)      [2] []
    93     0x00006F00       0xFFFFFF80      0x00080000         (0, 0, 13)      [13] []
    94     0x00006180       0xFFFFFF80      0x00200000         (0, 0, 12)      [15] []
    95     0x00001600       0xFFFFFF80      0x00008000         (0, 0, 2)      [9] []
    96     0x00012D80       0xFFFFFF80      0x00800000         (0, 1, 5)      [17] []
    97     0x0000CF00       0xFFFFFF80      0x00000118         (0, 0, 9)      [2] [W, SW]
    98     0x0000CC00       0xFFFFFF80      0x00000018         (0, 0, 9)      [] [W, SW]
    99     0x00035B00       0xFFFFFF00      0x00008000         (0, 3, 11)      [9] []
    100     0x00015E80       0xFFFFFF80      0x00000100         (0, 1, 11)      [2] []
    101     0x00012C00       0xFFFFFF80      0x00100000         (0, 1, 5)      [14] []
    102     0x00004D80       0xFFFFFF80      0x00000400         (0, 0, 9)      [4] []
    103     0x00003E80       0xFFFFFF80      0x00000200         (0, 0, 7)      [3] []
    104     0x00001980       0xFFFFFF80      0x00400000         (0, 0, 3)      [16] []
    105     0x00021580       0xFFFFFF80      0x00000008         (0, 2, 2)      [] [W]
    106     0x00016E80       0xFFFFFF80      0x00000010         (0, 1, 13)      [] [SW]
    107     0x00010F80       0xFFFFFF80      0x00200000         (0, 1, 1)      [15] []
    108     0x00009C00       0xFFFFFF80      0x00600000         (0, 0, 3)      [16, 15] []
    109     0x00018E00       0xFFFFFF80      0x00000002         (0, 1, 1)      [] [NE]
    110     0x00007900       0xFFFFFF80      0x00000D80         (0, 0, 15)      [1, 2, 4, 5] []
    111     0x00016F80       0xFFFFFF80      0x00000010         (0, 1, 13)      [] [SW]
    112     0x0000D300       0xFFFFFF80      0x00010000         (0, 0, 10)      [10] []
    113     0x0000DD00       0xFFFFFF80      0x00000080         (0, 0, 11)      [1] []
    114     0x00005400       0xFFFFFF80      0x00800000         (0, 0, 10)      [17] []
    115     0x00009980       0xFFFFFF80      0x00030000         (0, 0, 3)      [10, 11] []
    116     0x00003F00       0xFFFFFF80      0x00000400         (0, 0, 7)      [4] []
    117     0x00016B00       0xFFFFFF80      0x00000090         (0, 1, 13)      [1] [SW]
    118     0x00011B00       0xFFFFFF80      0x00000010         (0, 1, 3)      [] [SW]
    119     0x00023900       0xFFFFFF80      0x00800000         (0, 2, 7)      [17] []
    120     0x00014A00       0xFFFFFF80      0x00800000         (0, 1, 9)      [17] []
    121     0x00008D80       0xFFFFFF80      0x00FFFE2C         (0, 0, 1)      [3, 4, 5, 6, 7, 8, 9, 10, 11, 12, 13, 14, 15, 16, 17] [N, W, S]
    122     0x00009100       0xFFFFFF80      0x00FFFE20         (0, 0, 2)      [3, 4, 5, 6, 7, 8, 9, 10, 11, 12, 13, 14, 15, 16, 17] [S]
    123     0x00007980       0xFFFFFF80      0x00001980         (0, 0, 15)      [1, 2, 5, 6] []
    124     0x0000CA00       0xFFFFFF80      0x00000008         (0, 0, 9)      [] [W]
    125     0x00006D00       0xFFFFFF80      0x00008000         (0, 0, 13)      [9] []
    126     0x00007D00       0xFFFFFF80      0x000C0180         (0, 0, 15)      [1, 2, 12, 13] []
    127     0x00009A80       0xFFFFFF80      0x000C0000         (0, 0, 3)      [12, 13] []
    128     0x00006D80       0xFFFFFF80      0x00010000         (0, 0, 13)      [10] []
    129     0x00013400       0xFFFFFF80      0x00000080         (0, 1, 6)      [1] []
    130     0x0000A900       0xFFFFFF80      0x00080000         (0, 0, 5)      [13] []
    131     0x00004580       0xFFFFFF80      0x00800000         (0, 0, 8)      [17] []
    132     0x00011880       0xFFFFFF80      0x00000018         (0, 1, 3)      [] [W, SW]
    133     0x00002780       0xFFFFFF80      0x00200000         (0, 0, 4)      [15] []
    134     0x0000A600       0xFFFFFF80      0x00002000         (0, 0, 4)      [7] []
    135     0x0000CE80       0xFFFFFF80      0x00000098         (0, 0, 9)      [1] [W, SW]
    136     0x00000980       0xFFFFFF80      0x00080000         (0, 0, 1)      [13] []
    137     0x00005100       0xFFFFFF80      0x00020000         (0, 0, 10)      [11] []
    138     0x00011D00       0xFFFFFF80      0x00080008         (0, 1, 3)      [13] [W]
    139     0x00008580       0xFFFFFF80      0x00000180         (0, 0, 0)      [1, 2] []
    140     0x00008B80       0xFFFFFF80      0x00FFFE0C         (0, 0, 1)      [3, 4, 5, 6, 7, 8, 9, 10, 11, 12, 13, 14, 15, 16, 17] [N, W]
    141     0x00011B80       0xFFFFFF80      0x00000010         (0, 1, 3)      [] [SW]
    142     0x00004300       0xFFFFFF80      0x00040000         (0, 0, 8)      [12] []
    143     0x00023F00       0xFFFFFF80      0x00000008         (0, 2, 7)      [] [W]
    144     0x00036900       0xFFFFFF00      0x00000004         (0, 3, 13)      [] [N]
    145     0x00036000       0xFFFFFF00      0x00100000         (0, 3, 12)      [14] []
    146     0x00018E80       0xFFFFFF80      0x00000002         (0, 1, 1)      [] [NE]
    147     0x0000B600       0xFFFFFF80      0x00010000         (0, 0, 6)      [10] []
    148     0x00006080       0xFFFFFF80      0x00080000         (0, 0, 12)      [13] []
    149     0x00010E00       0xFFFFFF80      0x00040000         (0, 1, 1)      [12] []
    150     0x00037200       0xFFFFFF00      0x00000004         (0, 3, 14)      [] [N]
    151     0x0000CF80       0xFFFFFF80      0x00000018         (0, 0, 9)      [] [W, SW]
    152     0x0001E000       0xFFFFFF80      0x00000080         (0, 1, 12)      [1] []
    153     0x0000CB00       0xFFFFFF80      0x00000018         (0, 0, 9)      [] [W, SW]
    154     0x0000F080       0xFFFFFF80      0x00020000         (0, 0, 14)      [11] []
    155     0x00018D80       0xFFFFFF80      0x00000002         (0, 1, 1)      [] [NE]
    156     0x0000A780       0xFFFFFF80      0x00010000         (0, 0, 4)      [10] []
    157     0x00037100       0xFFFFFF00      0x00000004         (0, 3, 14)      [] [N]
    158     0x00005C80       0xFFFFFF80      0x00000800         (0, 0, 11)      [5] []
    159     0x00011C80       0xFFFFFF80      0x00000018         (0, 1, 3)      [] [W, SW]
    160     0x0000FF00       0xFFFFFF80      0x00020000         (0, 0, 15)      [11] []
    161     0x00036700       0xFFFFFF00      0x00000004         (0, 3, 12)      [] [N]
    162     0x00000B00       0xFFFFFF80      0x00400000         (0, 0, 1)      [16] []
    163     0x0000A880       0xFFFFFF80      0x00040000         (0, 0, 5)      [12] []
    164     0x0000E500       0xFFFFFF80      0x00800000         (0, 0, 12)      [17] []
    165     0x00023480       0xFFFFFF80      0x00004000         (0, 2, 6)      [8] []
    166     0x0000EC00       0xFFFFFF80      0x00000100         (0, 0, 13)      [2] []
    167     0x00023200       0xFFFFFF80      0x00000200         (0, 2, 6)      [3] []
    168     0x00005C00       0xFFFFFF80      0x00000400         (0, 0, 11)      [4] []
    169     0x00017100       0xFFFFFF80      0x00000010         (0, 1, 14)      [] [SW]
    170     0x00015E00       0xFFFFFF80      0x00000080         (0, 1, 11)      [1] []
    171     0x00024180       0xFFFFFF80      0x00000008         (0, 2, 8)      [] [W]
    172     0x00004480       0xFFFFFF80      0x00200000         (0, 0, 8)      [15] []
    173     0x0000D480       0xFFFFFF80      0x00080000         (0, 0, 10)      [13] []
    174     0x0000CC80       0xFFFFFF80      0x00000018         (0, 0, 9)      [] [W, SW]
    175     0x00009A00       0xFFFFFF80      0x00060000         (0, 0, 3)      [11, 12] []
    176     0x0000B980       0xFFFFFF80      0x00800000         (0, 0, 7)      [17] []
    177     0x00007700       0xFFFFFF80      0x00000080         (0, 0, 14)      [1] []
    178     0x0001B880       0xFFFFFF80      0x00000100         (0, 1, 7)      [2] []
    179     0x0000C380       0xFFFFFF80      0x00004000         (0, 0, 8)      [8] []
    180     0x00035A00       0xFFFFFF00      0x00004000         (0, 3, 11)      [8] []
    181     0x0000F100       0xFFFFFF80      0x00040000         (0, 0, 14)      [12] []
    182     0x00000680       0xFFFFFF80      0x00002000         (0, 0, 0)      [7] []
    183     0x00007B00       0xFFFFFF80      0x0000C180         (0, 0, 15)      [8, 1, 2, 9] []
    184     0x00005F00       0xFFFFFF80      0x00010000         (0, 0, 11)      [10] []
    185     0x00008E80       0xFFFFFF80      0x00FFFE00         (0, 0, 1)      [3, 4, 5, 6, 7, 8, 9, 10, 11, 12, 13, 14, 15, 16, 17] []
    186     0x00011A00       0xFFFFFF80      0x00000010         (0, 1, 3)      [] [SW]
    187     0x00007C00       0xFFFFFF80      0x00030180         (0, 0, 15)      [1, 2, 11, 10] []
    188     0x00018C00       0xFFFFFF80      0x00000002         (0, 1, 1)      [] [NE]
    189     0x00005380       0xFFFFFF80      0x00400000         (0, 0, 10)      [16] []
    190     0x00011D80       0xFFFFFF80      0x00100000         (0, 1, 3)      [14] []
    191     0x0001B800       0xFFFFFF80      0x00000080         (0, 1, 7)      [1] []
    192     0x00023380       0xFFFFFF80      0x00001000         (0, 2, 6)      [6] []
    193     0x00001800       0xFFFFFF80      0x00080000         (0, 0, 3)      [13] []
    194     0x00011580       0xFFFFFF80      0x00000018         (0, 1, 2)      [] [W, SW]
    195     0x00008280       0xFFFFFF80      0x00000180         (0, 0, 0)      [1, 2] []
    196     0x00001500       0xFFFFFF80      0x00002000         (0, 0, 2)      [7] []
    197     0x00006000       0xFFFFFF80      0x00040000         (0, 0, 12)      [12] []
    198     0x00008380       0xFFFFFF80      0x00000180         (0, 0, 0)      [1, 2] []
    199     0x00001400       0xFFFFFF80      0x00000800         (0, 0, 2)      [5] []
    200     0x00003F80       0xFFFFFF80      0x00000800         (0, 0, 7)      [5] []
    201     0x00008400       0xFFFFFF80      0x00000180         (0, 0, 0)      [1, 2] []
    202     0x00014280       0xFFFFFF80      0x00000080         (0, 1, 8)      [1] []
    203     0x00002700       0xFFFFFF80      0x00100000         (0, 0, 4)      [14] []
    204     0x0000F200       0xFFFFFF80      0x00100000         (0, 0, 14)      [14] []
    205     0x00035500       0xFFFFFF00      0x00000200         (0, 3, 10)      [3] []
    206     0x00004E80       0xFFFFFF80      0x00001000         (0, 0, 9)      [6] []
    207     0x00008900       0xFFFFFF80      0x00FFFE0C         (0, 0, 1)      [3, 4, 5, 6, 7, 8, 9, 10, 11, 12, 13, 14, 15, 16, 17] [N, W]
    208     0x00018380       0xFFFFFF80      0x00000080         (0, 1, 0)      [1] []
    209     0x00008500       0xFFFFFF80      0x00000180         (0, 0, 0)      [1, 2] []
    210     0x00000900       0xFFFFFF80      0x00040000         (0, 0, 1)      [12] []
    211     0x00002480       0xFFFFFF80      0x00008000         (0, 0, 4)      [9] []
    212     0x0000E300       0xFFFFFF80      0x00080000         (0, 0, 12)      [13] []
    213     0x00009880       0xFFFFFF80      0x0000C000         (0, 0, 3)      [8, 9] []
    214     0x0000D680       0xFFFFFF80      0x00800000         (0, 0, 10)      [17] []
    215     0x0000F180       0xFFFFFF80      0x00080000         (0, 0, 14)      [13] []
    216     0x0000C780       0xFFFFFF80      0x00400000         (0, 0, 8)      [16] []
    217     0x00008980       0xFFFFFF80      0x00FFFE0E         (0, 0, 1)      [3, 4, 5, 6, 7, 8, 9, 10, 11, 12, 13, 14, 15, 16, 17] [NE, N, W]
    218     0x00011780       0xFFFFFF80      0x00000118         (0, 1, 2)      [2] [W, SW]
    219     0x00011C00       0xFFFFFF80      0x00000018         (0, 1, 3)      [] [W, SW]
    220     0x00001680       0xFFFFFF80      0x00010000         (0, 0, 2)      [10] []
    221     0x00008300       0xFFFFFF80      0x00000180         (0, 0, 0)      [1, 2] []
    222     0x00036E00       0xFFFFFF00      0x00000004         (0, 3, 13)      [] [N]
    223     0x00009800       0xFFFFFF80      0x00006000         (0, 0, 3)      [8, 7] []
    224     0x0000C580       0xFFFFFF80      0x00040000         (0, 0, 8)      [12] []
    225     0x00018F00       0xFFFFFF80      0x00000082         (0, 1, 1)      [1] [NE]
    226     0x0000B780       0xFFFFFF80      0x00080000         (0, 0, 6)      [13] []
    227     0x00035F00       0xFFFFFF00      0x00080000         (0, 3, 11)      [13] []
    228     0x00011E00       0xFFFFFF80      0x00200000         (0, 1, 3)      [15] []
    229     0x0000D000       0xFFFFFF80      0x00000018         (0, 0, 10)      [] [W, SW]
    230     0x00036A00       0xFFFFFF00      0x00000004         (0, 3, 13)      [] [N]
    231     0x00009400       0xFFFFFF80      0x00FFFE20         (0, 0, 2)      [3, 4, 5, 6, 7, 8, 9, 10, 11, 12, 13, 14, 15, 16, 17] [S]
    232     0x00036B00       0xFFFFFF00      0x00000004         (0, 3, 13)      [] [N]
    233     0x00006B00       0xFFFFFF80      0x00000800         (0, 0, 13)      [5] []
    234     0x00019A80       0xFFFFFF80      0x00000100         (0, 1, 3)      [2] []
    235     0x0000C500       0xFFFFFF80      0x00020000         (0, 0, 8)      [11] []
    236     0x00014300       0xFFFFFF80      0x00000100         (0, 1, 8)      [2] []
    237     0x00007E00       0xFFFFFF80      0x00300180         (0, 0, 15)      [1, 2, 14, 15] []
    238     0x00006C00       0xFFFFFF80      0x00002000         (0, 0, 13)      [7] []
    239     0x00006A80       0xFFFFFF80      0x00000400         (0, 0, 13)      [4] []
    240     0x00009600       0xFFFFFF80      0x00000600         (0, 0, 2)      [3, 4] []
    241     0x00023680       0xFFFFFF80      0x00040000         (0, 2, 6)      [12] []
    242     0x00024580       0xFFFFFF80      0x0000000E         (0, 2, 8)      [] [NE, N, W]
    243     0x0001D980       0xFFFFFF80      0x00000100         (0, 1, 11)      [2] []
    244     0x0001E700       0xFFFFFF80      0x00000100         (0, 1, 12)      [2] []
    245     0x0000D080       0xFFFFFF80      0x00000018         (0, 0, 10)      [] [W, SW]
    246     0x00011A80       0xFFFFFF80      0x00000010         (0, 1, 3)      [] [SW]
    247     0x00006F80       0xFFFFFF80      0x00100000         (0, 0, 13)      [14] []
    248     0x00024600       0xFFFFFF80      0x0000000E         (0, 2, 8)      [] [NE, N, W]
    249     0x00035300       0xFFFFFF00      0x00000080         (0, 3, 10)      [1] []
    250     0x00006B80       0xFFFFFF80      0x00001000         (0, 0, 13)      [6] []
    251     0x0000CB80       0xFFFFFF80      0x00000018         (0, 0, 9)      [] [W, SW]
    252     0x00010000       0xFFFFFF80      0x00080000         (0, 1, 0)      [13] []
    253     0x00007F80       0xFFFFFF80      0x00800180         (0, 0, 15)      [1, 2, 17] []
    254     0x0000B700       0xFFFFFF80      0x00040000         (0, 0, 6)      [12] []
    255     0x00010E80       0xFFFFFF80      0x00080000         (0, 1, 1)      [13] []
    256     0x00000580       0xFFFFFF80      0x00000800         (0, 0, 0)      [5] []
    257     0x00005D00       0xFFFFFF80      0x00001000         (0, 0, 11)      [6] []
    258     0x00014980       0xFFFFFF80      0x00400000         (0, 1, 9)      [16] []
    259     0x00016B80       0xFFFFFF80      0x00000100         (0, 1, 13)      [2] []
    260     0x0000D200       0xFFFFFF80      0x00004008         (0, 0, 10)      [8] [W]
    261     0x0000A680       0xFFFFFF80      0x00004000         (0, 0, 4)      [8] []
    262     0x00003580       0xFFFFFF80      0x00100000         (0, 0, 6)      [14] []
    263     0x00005300       0xFFFFFF80      0x00200000         (0, 0, 10)      [15] []
    264     0x00036F00       0xFFFFFF00      0x00000004         (0, 3, 13)      [] [N]
    265     0x00003400       0xFFFFFF80      0x00020000         (0, 0, 6)      [11] []
    266     0x00036600       0xFFFFFF00      0x00000004         (0, 3, 12)      [] [N]
    267     0x0000C400       0xFFFFFF80      0x00008000         (0, 0, 8)      [9] []
    268     0x0000CE00       0xFFFFFF80      0x00000018         (0, 0, 9)      [] [W, SW]
    269     0x0000DD80       0xFFFFFF80      0x00000100         (0, 0, 11)      [2] []
    270     0x0000E200       0xFFFFFF80      0x00020000         (0, 0, 12)      [11] []
    271     0x0001C980       0xFFFFFF80      0x00000080         (0, 1, 9)      [1] []
    272     0x00005D80       0xFFFFFF80      0x00002000         (0, 0, 11)      [7] []
    273     0x00012600       0xFFFFFF80      0x00000100         (0, 1, 4)      [2] []
    274     0x0000D500       0xFFFFFF80      0x00100000         (0, 0, 10)      [14] []
    275     0x00013B00       0xFFFFFF80      0x00200000         (0, 1, 7)      [15] []
    276     0x0000A700       0xFFFFFF80      0x00008000         (0, 0, 4)      [9] []
    277     0x00000780       0xFFFFFF80      0x00008000         (0, 0, 0)      [9] []
    278     0x00002500       0xFFFFFF80      0x00010000         (0, 0, 4)      [10] []
    279     0x00005180       0xFFFFFF80      0x00040000         (0, 0, 10)      [12] []
    280     0x00009C80       0xFFFFFF80      0x00C00000         (0, 0, 3)      [16, 17] []
    281     0x00000480       0xFFFFFF80      0x00000200         (0, 0, 0)      [3] []
    282     0x00023F80       0xFFFFFF80      0x00000088         (0, 2, 7)      [1] [W]
    283     0x0000AA00       0xFFFFFF80      0x00200000         (0, 0, 5)      [15] []
    284     0x00024080       0xFFFFFF80      0x00000008         (0, 2, 8)      [] [W]
    285     0x00008000       0xFFFFFF80      0x00000180         (0, 0, 0)      [1, 2] []
    286     0x0000C080       0xFFFFFF80      0x00000100         (0, 0, 8)      [2] []
    287     0x00016A80       0xFFFFFF80      0x00000010         (0, 1, 13)      [] [SW]
    288     0x00006100       0xFFFFFF80      0x00100000         (0, 0, 12)      [14] []
    289     0x0000FF80       0xFFFFFF80      0x00040000         (0, 0, 15)      [12] []
    290     0x00002180       0xFFFFFF80      0x00000200         (0, 0, 4)      [3] []
    291     0x00002300       0xFFFFFF80      0x00001000         (0, 0, 4)      [6] []
    292     0x00023580       0xFFFFFF80      0x00010000         (0, 2, 6)      [10] []
    293     0x00018B80       0xFFFFFF80      0x00000002         (0, 1, 1)      [] [NE]
    294     0x00011000       0xFFFFFF80      0x00400000         (0, 1, 2)      [16] []
    295     0x0000FA00       0xFFFFFF80      0x00000080         (0, 0, 15)      [1] []
    296     0x00002400       0xFFFFFF80      0x00004000         (0, 0, 4)      [8] []
    297     0x00023D80       0xFFFFFF80      0x00000008         (0, 2, 7)      [] [W]
    298     0x00008080       0xFFFFFF80      0x00000180         (0, 0, 0)      [1, 2] []
    299     0x00005B80       0xFFFFFF80      0x00000200         (0, 0, 11)      [3] []
    300     0x00024000       0xFFFFFF80      0x00000108         (0, 2, 8)      [2] [W]
    301     0x0001D180       0xFFFFFF80      0x00000080         (0, 1, 10)      [1] []
    302     0x00003500       0xFFFFFF80      0x00080000         (0, 0, 6)      [13] []
    303     0x00016F00       0xFFFFFF80      0x00000010         (0, 1, 13)      [] [SW]
    304     0x00007D80       0xFFFFFF80      0x00180180         (0, 0, 15)      [1, 2, 13, 14] []
    305     0x00002680       0xFFFFFF80      0x00080000         (0, 0, 4)      [13] []
    306     0x00002800       0xFFFFFF80      0x00400000         (0, 0, 5)      [16] []
    307     0x00035700       0xFFFFFF00      0x00000800         (0, 3, 10)      [5] []
    308     0x0000C700       0xFFFFFF80      0x00200000         (0, 0, 8)      [15] []
    309     0x0000F300       0xFFFFFF80      0x00400000         (0, 0, 14)      [16] []
    310     0x00017780       0xFFFFFF80      0x00000080         (0, 1, 14)      [1] []
    311     0x00009200       0xFFFFFF80      0x00FFFE20         (0, 0, 2)      [3, 4, 5, 6, 7, 8, 9, 10, 11, 12, 13, 14, 15, 16, 17] [S]
    312     0x0000AA80       0xFFFFFF80      0x00400000         (0, 0, 5)      [16] []
    313     0x00005F80       0xFFFFFF80      0x00020000         (0, 0, 11)      [11] []
    314     0x00011800       0xFFFFFF80      0x00000018         (0, 1, 3)      [] [W, SW]
    315     0x0000B880       0xFFFFFF80      0x00200000         (0, 0, 7)      [15] []
    316     0x0000CA80       0xFFFFFF80      0x00000008         (0, 0, 9)      [] [W]
    317     0x00003680       0xFFFFFF80      0x00400000         (0, 0, 6)      [16] []
    318     0x00036D00       0xFFFFFF00      0x00000004         (0, 3, 13)      [] [N]
    319     0x00003080       0xFFFFFF80      0x00000400         (0, 0, 6)      [4] []
    320     0x00004100       0xFFFFFF80      0x00004000         (0, 0, 8)      [8] []
    321     0x0000D180       0xFFFFFF80      0x00000010         (0, 0, 10)      [] [SW]
    322     0x0000CD80       0xFFFFFF80      0x00000018         (0, 0, 9)      [] [W, SW]
    323     0x00011980       0xFFFFFF80      0x00000010         (0, 1, 3)      [] [SW]
    324     0x00024500       0xFFFFFF80      0x00000008         (0, 2, 8)      [] [W]
    325     0x0000E180       0xFFFFFF80      0x00010000         (0, 0, 12)      [10] []
    326     0x00018F80       0xFFFFFF80      0x00000102         (0, 1, 1)      [2] [NE]
    327     0x0000FA80       0xFFFFFF80      0x00000100         (0, 0, 15)      [2] []
    328     0x00004F80       0xFFFFFF80      0x00004000         (0, 0, 9)      [8] []
    329     0x00009080       0xFFFFFF80      0x00FFFE00         (0, 0, 2)      [3, 4, 5, 6, 7, 8, 9, 10, 11, 12, 13, 14, 15, 16, 17] []
    330     0x00002580       0xFFFFFF80      0x00020000         (0, 0, 4)      [11] []
    331     0x00009580       0xFFFFFF80      0x00FFFF20         (0, 0, 2)      [2, 3, 4, 5, 6, 7, 8, 9, 10, 11, 12, 13, 14, 15, 16, 17] [S]
    332     0x00008680       0xFFFFFF80      0x000001BF         (0, 0, 0)      [1, 2] [E, NE, N, W, SW, S]
    333     0x0001C100       0xFFFFFF80      0x00000080         (0, 1, 8)      [1] []
    334     0x00004F00       0xFFFFFF80      0x00002000         (0, 0, 9)      [7] []
    335     0x00009D00       0xFFFFFF80      0x00800000         (0, 0, 3)      [17] []
    336     0x00009180       0xFFFFFF80      0x00FFFE20         (0, 0, 2)      [3, 4, 5, 6, 7, 8, 9, 10, 11, 12, 13, 14, 15, 16, 17] [S]
    337     0x00007080       0xFFFFFF80      0x00400000         (0, 0, 14)      [16] []
    338     0x00001300       0xFFFFFF80      0x00000200         (0, 0, 2)      [3] []
    339     0x0000B800       0xFFFFFF80      0x00100000         (0, 0, 7)      [14] []
    340     0x00007C80       0xFFFFFF80      0x00060180         (0, 0, 15)      [1, 2, 11, 12] []
    341     0x00009B00       0xFFFFFF80      0x00180000         (0, 0, 3)      [13, 14] []
    342     0x00008480       0xFFFFFF80      0x00000180         (0, 0, 0)      [1, 2] []
    343     0x00012580       0xFFFFFF80      0x00000080         (0, 1, 4)      [1] []
    344     0x00003200       0xFFFFFF80      0x00002000         (0, 0, 6)      [7] []
    345     0x00018D00       0xFFFFFF80      0x00000002         (0, 1, 1)      [] [NE]
    346     0x00007B80       0xFFFFFF80      0x00018180         (0, 0, 15)      [1, 2, 10, 9] []
    347     0x00036800       0xFFFFFF00      0x00000004         (0, 3, 13)      [] [N]
    348     0x00004500       0xFFFFFF80      0x00400000         (0, 0, 8)      [16] []
    349     0x00035400       0xFFFFFF00      0x00000100         (0, 3, 10)      [2] []
    350     0x00006C80       0xFFFFFF80      0x00004000         (0, 0, 13)      [8] []
    351     0x00003100       0xFFFFFF80      0x00000800         (0, 0, 6)      [5] []
    352     0x00018C80       0xFFFFFF80      0x00000002         (0, 1, 1)      [] [NE]
    353     0x0000B480       0xFFFFFF80      0x00002000         (0, 0, 6)      [7] []
    354     0x00004180       0xFFFFFF80      0x00008000         (0, 0, 8)      [9] []
    355     0x00004400       0xFFFFFF80      0x00100000         (0, 0, 8)      [14] []
    356     0x0001AE80       0xFFFFFF80      0x00000080         (0, 1, 5)      [1] []
    357     0x00019200       0xFFFFFF80      0x00000002         (0, 1, 2)      [] [NE]
    358     0x0000B500       0xFFFFFF80      0x00004000         (0, 0, 6)      [8] []
    359     0x00002880       0xFFFFFF80      0x00800000         (0, 0, 5)      [17] []
    360     0x00023E00       0xFFFFFF80      0x00000008         (0, 2, 7)      [] [W]
    361     0x00003700       0xFFFFFF80      0x00800000         (0, 0, 6)      [17] []
    362     0x00003380       0xFFFFFF80      0x00010000         (0, 0, 6)      [10] []
    363     0x00037000       0xFFFFFF00      0x00000004         (0, 3, 14)      [] [N]
    364     0x00035C00       0xFFFFFF00      0x00010000         (0, 3, 11)      [10] []
    365     0x00008F80       0xFFFFFF80      0x00FFFE00         (0, 0, 1)      [3, 4, 5, 6, 7, 8, 9, 10, 11, 12, 13, 14, 15, 16, 17] []
    366     0x00023700       0xFFFFFF80      0x00080000         (0, 2, 6)      [13] []
    367     0x00023400       0xFFFFFF80      0x00002000         (0, 2, 6)      [7] []
    368     0x0000C480       0xFFFFFF80      0x00010000         (0, 0, 8)      [10] []
    369     0x0000E400       0xFFFFFF80      0x00200000         (0, 0, 12)      [15] []
    370     0x00009900       0xFFFFFF80      0x00018000         (0, 0, 3)      [9, 10] []
    371     0x00005E80       0xFFFFFF80      0x00008000         (0, 0, 11)      [9] []
    372     0x00008A80       0xFFFFFF80      0x00FFFE0C         (0, 0, 1)      [3, 4, 5, 6, 7, 8, 9, 10, 11, 12, 13, 14, 15, 16, 17] [N, W]
    373     0x00007A00       0xFFFFFF80      0x00003180         (0, 0, 15)      [1, 2, 6, 7] []
    374     0x00011600       0xFFFFFF80      0x00000018         (0, 1, 2)      [] [W, SW]
    375     0x0000D100       0xFFFFFF80      0x00000010         (0, 0, 10)      [] [SW]
    376     0x00008C80       0xFFFFFF80      0x00FFFE0C         (0, 0, 1)      [3, 4, 5, 6, 7, 8, 9, 10, 11, 12, 13, 14, 15, 16, 17] [N, W]
    377     0x00021700       0xFFFFFF80      0x00000008         (0, 2, 2)      [] [W]
    378     0x00007A80       0xFFFFFF80      0x00006180         (0, 0, 15)      [8, 1, 2, 7] []
    379     0x0000A580       0xFFFFFF80      0x00001000         (0, 0, 4)      [6] []
    380     0x00011900       0xFFFFFF80      0x00000018         (0, 1, 3)      [] [W, SW]
    381     0x0001A480       0xFFFFFF80      0x00000080         (0, 1, 4)      [1] []
    382     0x00017080       0xFFFFFF80      0x00000010         (0, 1, 14)      [] [SW]
    383     0x00023800       0xFFFFFF80      0x00200000         (0, 2, 7)      [15] []
    384     0x00000500       0xFFFFFF80      0x00000400         (0, 0, 0)      [4] []
    385     0x00003000       0xFFFFFF80      0x00000200         (0, 0, 6)      [3] []
    386     0x00006A00       0xFFFFFF80      0x00000200         (0, 0, 13)      [3] []
    387     0x0000D280       0xFFFFFF80      0x00008000         (0, 0, 10)      [9] []
    388     0x00019000       0xFFFFFF80      0x00000002         (0, 1, 2)      [] [NE]
    389     0x00024100       0xFFFFFF80      0x00000008         (0, 2, 8)      [] [W]
    390     0x00037300       0xFFFFFF00      0x00000004         (0, 3, 14)      [] [N]
    391     0x00019100       0xFFFFFF80      0x00000002         (0, 1, 2)      [] [NE]
    392     0x00017800       0xFFFFFF80      0x00000100         (0, 1, 15)      [2] []
    393     0x0000B180       0xFFFFFF80      0x00000080         (0, 0, 6)      [1] []
    394     0x00007780       0xFFFFFF80      0x00000180         (0, 0, 14)      [1, 2] []
    395     0x0000C680       0xFFFFFF80      0x00100000         (0, 0, 8)      [14] []
    396     0x00009700       0xFFFFFF80      0x00001800         (0, 0, 2)      [5, 6] []
    397     0x0000C000       0xFFFFFF80      0x00000080         (0, 0, 8)      [1] []
    398     0x00016A00       0xFFFFFF80      0x00000010         (0, 1, 13)      [] [SW]
    399     0x00001A00       0xFFFFFF80      0x00800000         (0, 0, 3)      [17] []
    400     0x00035D00       0xFFFFFF00      0x00020000         (0, 3, 11)      [11] []
    401     0x00023E80       0xFFFFFF80      0x00000008         (0, 2, 7)      [] [W]
    402     0x00037400       0xFFFFFF00      0x00000004         (0, 3, 14)      [] [N]
    403     0x00010880       0xFFFFFF80      0x00000080         (0, 1, 1)      [1] []
    404     0x00009280       0xFFFFFF80      0x00FFFE20         (0, 0, 2)      [3, 4, 5, 6, 7, 8, 9, 10, 11, 12, 13, 14, 15, 16, 17] [S]
    405     0x0000E280       0xFFFFFF80      0x00040000         (0, 0, 12)      [12] []
    406     0x0000B680       0xFFFFFF80      0x00020000         (0, 0, 6)      [11] []
    407     0x00035900       0xFFFFFF00      0x00002000         (0, 3, 11)      [7] []
    408     0x00016E00       0xFFFFFF80      0x00000010         (0, 1, 13)      [] [SW]
    409     0x00006E00       0xFFFFFF80      0x00020000         (0, 0, 13)      [11] []
    410     0x00002380       0xFFFFFF80      0x00002000         (0, 0, 4)      [7] []
    411     0x0000A980       0xFFFFFF80      0x00100000         (0, 0, 5)      [14] []
    412     0x00011700       0xFFFFFF80      0x00000098         (0, 1, 2)      [1] [W, SW]
    413     0x00004000       0xFFFFFF80      0x00001000         (0, 0, 8)      [6] []
    414     0x00003180       0xFFFFFF80      0x00001000         (0, 0, 6)      [6] []
    415     0x00004380       0xFFFFFF80      0x00080000         (0, 0, 8)      [13] []
    416     0x00023880       0xFFFFFF80      0x00400000         (0, 2, 7)      [16] []
    417     0x00009B80       0xFFFFFF80      0x00300000         (0, 0, 3)      [14, 15] []
    418     0x00015780       0xFFFFFF80      0x00800000         (0, 1, 10)      [17] []
    419     0x00000A00       0xFFFFFF80      0x00100000         (0, 0, 1)      [14] []
    420     0x00006280       0xFFFFFF80      0x00800000         (0, 0, 12)      [17] []
    421     0x00011500       0xFFFFFF80      0x00000018         (0, 1, 2)      [] [W, SW]
    422     0x00008D00       0xFFFFFF80      0x00FFFE0C         (0, 0, 1)      [3, 4, 5, 6, 7, 8, 9, 10, 11, 12, 13, 14, 15, 16, 17] [N, W]
    423     0x00002200       0xFFFFFF80      0x00000400         (0, 0, 4)      [4] []
    424     0x0001D200       0xFFFFFF80      0x00000100         (0, 1, 10)      [2] []
    425     0x00012D00       0xFFFFFF80      0x00400000         (0, 1, 5)      [16] []
    426     0x00023280       0xFFFFFF80      0x00000400         (0, 2, 6)      [4] []
    427     0x00000880       0xFFFFFF80      0x00020000         (0, 0, 1)      [11] []
    428     0x0000A800       0xFFFFFF80      0x00020000         (0, 0, 5)      [11] []
    429     0x0001C180       0xFFFFFF80      0x00000100         (0, 1, 8)      [2] []
    430     0x00001480       0xFFFFFF80      0x00001000         (0, 0, 2)      [6] []
    431     0x00008200       0xFFFFFF80      0x00000180         (0, 0, 0)      [1, 2] []
    432     0x00008C00       0xFFFFFF80      0x00FFFE0E         (0, 0, 1)      [3, 4, 5, 6, 7, 8, 9, 10, 11, 12, 13, 14, 15, 16, 17] [NE, N, W]
    433     0x00008800       0xFFFFFF80      0x00FFFE0C         (0, 0, 1)      [3, 4, 5, 6, 7, 8, 9, 10, 11, 12, 13, 14, 15, 16, 17] [N, W]
    434     0x00035600       0xFFFFFF00      0x00000400         (0, 3, 10)      [4] []
    435     0x00023780       0xFFFFFF80      0x00100000         (0, 2, 6)      [14] []
    436     0x00009780       0xFFFFFF80      0x00003000         (0, 0, 2)      [6, 7] []
    437     0x00001580       0xFFFFFF80      0x00004000         (0, 0, 2)      [8] []
    438     0x0001AF00       0xFFFFFF80      0x00000100         (0, 1, 5)      [2] []
    439     0x00007880       0xFFFFFF80      0x00000780         (0, 0, 15)      [1, 2, 3, 4] []
    440     0x00008100       0xFFFFFF80      0x00000180         (0, 0, 0)      [1, 2] []
    441     0x00008700       0xFFFFFF80      0x00FFFE0C         (0, 0, 0)      [3, 4, 5, 6, 7, 8, 9, 10, 11, 12, 13, 14, 15, 16, 17] [N, W]
    442     0x00005000       0xFFFFFF80      0x00008000         (0, 0, 10)      [9] []
    443     0x00001380       0xFFFFFF80      0x00000400         (0, 0, 2)      [4] []
    444     0x0000CD00       0xFFFFFF80      0x00000018         (0, 0, 9)      [] [W, SW]
    445     0x00010100       0xFFFFFF80      0x00200000         (0, 1, 0)      [15] []
    446     0x00036200       0xFFFFFF00      0x00400000         (0, 3, 12)      [16] []
    447     0x00000B80       0xFFFFFF80      0x00800000         (0, 0, 1)      [17] []
    448     0x00008F00       0xFFFFFF80      0x00FFFE00         (0, 0, 1)      [3, 4, 5, 6, 7, 8, 9, 10, 11, 12, 13, 14, 15, 16, 17] []
    449     0x00024480       0xFFFFFF80      0x00000008         (0, 2, 8)      [] [W]
    450     0x00023500       0xFFFFFF80      0x00008000         (0, 2, 6)      [9] []
    451     0x00000A80       0xFFFFFF80      0x00200000         (0, 0, 1)      [15] []
    452     0x00012C80       0xFFFFFF80      0x00200000         (0, 1, 5)      [15] []
    453     0x00019080       0xFFFFFF80      0x00000002         (0, 1, 2)      [] [NE]
    454     0x00004200       0xFFFFFF80      0x00010000         (0, 0, 8)      [10] []
    455     0x00005280       0xFFFFFF80      0x00100000         (0, 0, 10)      [14] []
    456     0x00009680       0xFFFFFF80      0x00000C00         (0, 0, 2)      [4, 5] []
    457     0x00019180       0xFFFFFF80      0x00000002         (0, 1, 2)      [] [NE]
    458     0x0000D600       0xFFFFFF80      0x00400000         (0, 0, 10)      [16] []
    459     0x00001780       0xFFFFFF80      0x00040000         (0, 0, 2)      [12] []
