router contains 714 entries 
 
  Index   Key(hex)    Mask(hex)    Route(hex)    Src. Core -> [Cores][Links]
------------------------------------------------------------------------------
    0     0x00015180       0xFFFFFF80      0x00100020         (0, 1, 10)      [14] [S]
    1     0x00007380       0xFFFFFF80      0x00000401         (0, 0, 14)      [4] [E]
    2     0x00005700       0xFFFFFF80      0x00000802         (0, 0, 10)      [5] [NE]
    3     0x0001F380       0xFFFFFF80      0x00200010         (0, 1, 14)      [15] [SW]
    4     0x00006380       0xFFFFFF80      0x00000082         (0, 0, 12)      [1] [NE]
    5     0x00023580       0xFFFFFF80      0x00000010         (0, 2, 6)      [] [SW]
    6     0x00010300       0xFFFFFF80      0x000000A1         (0, 1, 0)      [1] [E, S]
    7     0x00015C80       0xFFFFFF80      0x00008030         (0, 1, 11)      [9] [SW, S]
    8     0x00005680       0xFFFFFF80      0x00000402         (0, 0, 10)      [4] [NE]
    9     0x00008F80       0xFFFFFF80      0x00000102         (0, 0, 1)      [2] [NE]
    10     0x0001A580       0xFFFFFF80      0x00100000         (0, 1, 4)      [14] []
    11     0x00011280       0xFFFFFF80      0x00000210         (0, 1, 2)      [3] [SW]
    12     0x0000F400       0xFFFFFF80      0x00000020         (0, 0, 14)      [] [S]
    13     0x00032200       0xFFFFFF00      0x00000010         (0, 3, 4)      [] [SW]
    14     0x0000CF00       0xFFFFFF80      0x00080000         (0, 0, 9)      [13] []
    15     0x00023400       0xFFFFFF80      0x00000010         (0, 2, 6)      [] [SW]
    16     0x00009300       0xFFFFFF80      0x00008000         (0, 0, 2)      [9] []
    17     0x00023F80       0xFFFFFF80      0x00040000         (0, 2, 7)      [12] []
    18     0x00005580       0xFFFFFF80      0x00000102         (0, 0, 10)      [2] [NE]
    19     0x0000C100       0xFFFFFF80      0x00100000         (0, 0, 8)      [14] []
    20     0x00013F80       0xFFFFFF80      0x00001820         (0, 1, 7)      [5, 6] [S]
    21     0x00003980       0xFFFFFF80      0x00000401         (0, 0, 7)      [4] [E]
    22     0x00016C00       0xFFFFFF80      0x00100008         (0, 1, 13)      [14] [W]
    23     0x00002B80       0xFFFFFF80      0x00000803         (0, 0, 5)      [5] [E, NE]
    24     0x00007500       0xFFFFFF80      0x00002001         (0, 0, 14)      [7] [E]
    25     0x00018B00       0xFFFFFF80      0x00000420         (0, 1, 1)      [4] [S]
    26     0x00012A80       0xFFFFFF80      0x00000006         (0, 1, 5)      [] [NE, N]
    27     0x00011180       0xFFFFFF80      0x00000090         (0, 1, 2)      [1] [SW]
    28     0x00023B00       0xFFFFFF80      0x00000210         (0, 2, 7)      [3] [SW]
    29     0x00014E80       0xFFFFFF80      0x00004020         (0, 1, 9)      [8] [S]
    30     0x00015600       0xFFFFFF80      0x00000020         (0, 1, 10)      [] [S]
    31     0x00010180       0xFFFFFF80      0x00000020         (0, 1, 0)      [] [S]
    32     0x00015100       0xFFFFFF80      0x00080020         (0, 1, 10)      [13] [S]
    33     0x00002A00       0xFFFFFF80      0x00000103         (0, 0, 5)      [2] [E, NE]
    34     0x00014C00       0xFFFFFF80      0x00000220         (0, 1, 9)      [3] [S]
    35     0x00016B80       0xFFFFFF80      0x00080008         (0, 1, 13)      [13] [W]
    36     0x0001B000       0xFFFFFF80      0x00200000         (0, 1, 6)      [15] []
    37     0x00003800       0xFFFFFF80      0x00000080         (0, 0, 7)      [1] []
    38     0x00013800       0xFFFFFF80      0x00FFFFA0         (0, 1, 7)      [1, 2, 3, 4, 5, 6, 7, 8, 9, 10, 11, 12, 13, 14, 15, 16, 17] [S]
    39     0x00012C80       0xFFFFFF80      0x00FFFF8C         (0, 1, 5)      [1, 2, 3, 4, 5, 6, 7, 8, 9, 10, 11, 12, 13, 14, 15, 16, 17] [N, W]
    40     0x00005980       0xFFFFFF80      0x00010000         (0, 0, 11)      [10] []
    41     0x00007780       0xFFFFFF80      0x00040000         (0, 0, 14)      [12] []
    42     0x0000D180       0xFFFFFF80      0x00000002         (0, 0, 10)      [] [NE]
    43     0x0000A280       0xFFFFFF80      0x00020000         (0, 0, 4)      [11] []
    44     0x00014180       0xFFFFFF80      0x00018020         (0, 1, 8)      [9, 10] [S]
    45     0x00011680       0xFFFFFF80      0x0002000C         (0, 1, 2)      [11] [N, W]
    46     0x0001CB00       0xFFFFFF80      0x00200000         (0, 1, 9)      [15] []
    47     0x00008680       0xFFFFFF80      0x00080000         (0, 0, 0)      [13] []
    48     0x0001B700       0xFFFFFF80      0x00010010         (0, 1, 6)      [10] [SW]
    49     0x00017A80       0xFFFFFF80      0x00000008         (0, 1, 15)      [] [W]
    50     0x00023C00       0xFFFFFF80      0x00000810         (0, 2, 7)      [5] [SW]
    51     0x00024480       0xFFFFFF80      0x00000002         (0, 2, 8)      [] [NE]
    52     0x00010780       0xFFFFFF80      0x00010021         (0, 1, 0)      [10] [E, S]
    53     0x00018480       0xFFFFFF80      0x00100020         (0, 1, 0)      [14] [S]
    54     0x00023C80       0xFFFFFF80      0x00001010         (0, 2, 7)      [6] [SW]
    55     0x00018C00       0xFFFFFF80      0x00001020         (0, 1, 1)      [6] [S]
    56     0x00013A80       0xFFFFFF80      0x00FFFFA0         (0, 1, 7)      [1, 2, 3, 4, 5, 6, 7, 8, 9, 10, 11, 12, 13, 14, 15, 16, 17] [S]
    57     0x00016F00       0xFFFFFF80      0x00000008         (0, 1, 13)      [] [W]
    58     0x0000ED80       0xFFFFFF80      0x00400021         (0, 0, 13)      [16] [E, S]
    59     0x00016680       0xFFFFFF80      0x00000218         (0, 1, 12)      [3] [W, SW]
    60     0x00014980       0xFFFFFF80      0x00000020         (0, 1, 9)      [] [S]
    61     0x00015780       0xFFFFFF80      0x00000020         (0, 1, 10)      [] [S]
    62     0x0001B980       0xFFFFFF80      0x00200000         (0, 1, 7)      [15] []
    63     0x0001A100       0xFFFFFF80      0x00000800         (0, 1, 4)      [5] []
    64     0x0000DC00       0xFFFFFF80      0x00010000         (0, 0, 11)      [10] []
    65     0x00001C80       0xFFFFFF80      0x00000401         (0, 0, 3)      [4] [E]
    66     0x0001EE00       0xFFFFFF80      0x00200010         (0, 1, 13)      [15] [SW]
    67     0x00012C00       0xFFFFFF80      0x00FFFF8C         (0, 1, 5)      [1, 2, 3, 4, 5, 6, 7, 8, 9, 10, 11, 12, 13, 14, 15, 16, 17] [N, W]
    68     0x0000BE80       0xFFFFFF80      0x00008001         (0, 0, 7)      [9] [E]
    69     0x0000EA00       0xFFFFFF80      0x00008001         (0, 0, 13)      [9] [E]
    70     0x0000C200       0xFFFFFF80      0x00400000         (0, 0, 8)      [16] []
    71     0x0000FD80       0xFFFFFF80      0x00000021         (0, 0, 15)      [] [E, S]
    72     0x0001A180       0xFFFFFF80      0x00001000         (0, 1, 4)      [6] []
    73     0x00013100       0xFFFFFF80      0x00FFFFBF         (0, 1, 6)      [1, 2, 3, 4, 5, 6, 7, 8, 9, 10, 11, 12, 13, 14, 15, 16, 17] [E, NE, N, W, SW, S]
    74     0x00011300       0xFFFFFF80      0x00000410         (0, 1, 2)      [4] [SW]
    75     0x0001DB80       0xFFFFFF80      0x00800000         (0, 1, 11)      [17] []
    76     0x00018100       0xFFFFFF80      0x00002008         (0, 1, 0)      [7] [W]
    77     0x0000AE80       0xFFFFFF80      0x00001001         (0, 0, 5)      [6] [E]
    78     0x00019800       0xFFFFFF80      0x00004000         (0, 1, 3)      [8] []
    79     0x00032500       0xFFFFFF00      0x00000010         (0, 3, 4)      [] [SW]
    80     0x00012980       0xFFFFFF80      0x0000000E         (0, 1, 5)      [] [NE, N, W]
    81     0x0001C200       0xFFFFFF80      0x00100000         (0, 1, 8)      [14] []
    82     0x0000EC80       0xFFFFFF80      0x00100021         (0, 0, 13)      [14] [E, S]
    83     0x0001E180       0xFFFFFF80      0x00200000         (0, 1, 12)      [15] []
    84     0x0000BD00       0xFFFFFF80      0x00001001         (0, 0, 7)      [6] [E]
    85     0x00032C00       0xFFFFFF00      0x00000010         (0, 3, 5)      [] [SW]
    86     0x00032700       0xFFFFFF00      0x00000010         (0, 3, 4)      [] [SW]
    87     0x00016300       0xFFFFFF80      0x00000010         (0, 1, 12)      [] [SW]
    88     0x00032300       0xFFFFFF00      0x00000010         (0, 3, 4)      [] [SW]
    89     0x0000CB00       0xFFFFFF80      0x00000802         (0, 0, 9)      [5] [NE]
    90     0x00013D80       0xFFFFFF80      0x000001B0         (0, 1, 7)      [1, 2] [SW, S]
    91     0x00023E00       0xFFFFFF80      0x00008000         (0, 2, 7)      [9] []
    92     0x0000F900       0xFFFFFF80      0x00010021         (0, 0, 15)      [10] [E, S]
    93     0x00013480       0xFFFFFF80      0x00FFFFBD         (0, 1, 6)      [1, 2, 3, 4, 5, 6, 7, 8, 9, 10, 11, 12, 13, 14, 15, 16, 17] [E, N, W, SW, S]
    94     0x0001CC00       0xFFFFFF80      0x00800000         (0, 1, 9)      [17] []
    95     0x0000E580       0xFFFFFF80      0x00000002         (0, 0, 12)      [] [NE]
    96     0x00004900       0xFFFFFF80      0x00001001         (0, 0, 9)      [6] [E]
    97     0x0000A100       0xFFFFFF80      0x00004003         (0, 0, 4)      [8] [E, NE]
    98     0x00004700       0xFFFFFF80      0x00000101         (0, 0, 8)      [2] [E]
    99     0x00014D80       0xFFFFFF80      0x00001020         (0, 1, 9)      [6] [S]
    100     0x00012500       0xFFFFFF80      0x0006000C         (0, 1, 4)      [11, 12] [N, W]
    101     0x00023700       0xFFFFFF80      0x00000010         (0, 2, 6)      [] [SW]
    102     0x00010000       0xFFFFFF80      0x00000020         (0, 1, 0)      [] [S]
    103     0x00003B00       0xFFFFFF80      0x00002001         (0, 0, 7)      [7] [E]
    104     0x00014D00       0xFFFFFF80      0x00000820         (0, 1, 9)      [5] [S]
    105     0x00018500       0xFFFFFF80      0x00200020         (0, 1, 0)      [15] [S]
    106     0x00011780       0xFFFFFF80      0x0008000C         (0, 1, 2)      [13] [N, W]
    107     0x0000F780       0xFFFFFF80      0x00002021         (0, 0, 14)      [7] [E, S]
    108     0x00018B80       0xFFFFFF80      0x00000820         (0, 1, 1)      [5] [S]
    109     0x00015380       0xFFFFFF80      0x00000020         (0, 1, 10)      [] [S]
    110     0x0004A900       0xFFFFFF00      0x00001000         (0, 4, 5)      [6] []
    111     0x00018280       0xFFFFFF80      0x00010008         (0, 1, 0)      [10] [W]
    112     0x0001BF80       0xFFFFFF80      0x00008010         (0, 1, 7)      [9] [SW]
    113     0x0000FC80       0xFFFFFF80      0x00800021         (0, 0, 15)      [17] [E, S]
    114     0x0000B180       0xFFFFFF80      0x00040000         (0, 0, 6)      [12] []
    115     0x0001CA00       0xFFFFFF80      0x00080000         (0, 1, 9)      [13] []
    116     0x00007680       0xFFFFFF80      0x00010001         (0, 0, 14)      [10] [E]
    117     0x00016A80       0xFFFFFF80      0x00020008         (0, 1, 13)      [11] [W]
    118     0x0004CE00       0xFFFFFF00      0x00000004         (0, 4, 9)      [] [N]
    119     0x00013780       0xFFFFFF80      0x00FFFFA0         (0, 1, 6)      [1, 2, 3, 4, 5, 6, 7, 8, 9, 10, 11, 12, 13, 14, 15, 16, 17] [S]
    120     0x0000A180       0xFFFFFF80      0x00008001         (0, 0, 4)      [9] [E]
    121     0x0000EB00       0xFFFFFF80      0x00020021         (0, 0, 13)      [11] [E, S]
    122     0x00033100       0xFFFFFF00      0x00000010         (0, 3, 6)      [] [SW]
    123     0x0000CC00       0xFFFFFF80      0x00002002         (0, 0, 9)      [7] [NE]
    124     0x0001B900       0xFFFFFF80      0x00100000         (0, 1, 7)      [14] []
    125     0x0001A400       0xFFFFFF80      0x00020000         (0, 1, 4)      [11] []
    126     0x00021C00       0xFFFFFF80      0x00000010         (0, 2, 3)      [] [SW]
    127     0x00018680       0xFFFFFF80      0x00000020         (0, 1, 0)      [] [S]
    128     0x00045F00       0xFFFFFF00      0x00000008         (0, 4, 11)      [] [W]
    129     0x0000E780       0xFFFFFF80      0x00000403         (0, 0, 12)      [4] [E, NE]
    130     0x0000EE80       0xFFFFFF80      0x00000021         (0, 0, 13)      [] [E, S]
    131     0x0000CA00       0xFFFFFF80      0x00000202         (0, 0, 9)      [3] [NE]
    132     0x00008480       0xFFFFFF80      0x00008000         (0, 0, 0)      [9] []
    133     0x00017680       0xFFFFFF80      0x00010008         (0, 1, 14)      [10] [W]
    134     0x0001B880       0xFFFFFF80      0x00080000         (0, 1, 7)      [13] []
    135     0x00016600       0xFFFFFF80      0x00000118         (0, 1, 12)      [2] [W, SW]
    136     0x00012900       0xFFFFFF80      0x0000000E         (0, 1, 5)      [] [NE, N, W]
    137     0x00010380       0xFFFFFF80      0x00000121         (0, 1, 0)      [2] [E, S]
    138     0x00019680       0xFFFFFF80      0x00000800         (0, 1, 2)      [5] []
    139     0x00006400       0xFFFFFF80      0x00000103         (0, 0, 12)      [2] [E, NE]
    140     0x00014580       0xFFFFFF80      0x00800020         (0, 1, 8)      [17] [S]
    141     0x0000BC00       0xFFFFFF80      0x00000401         (0, 0, 7)      [4] [E]
    142     0x0000D780       0xFFFFFF80      0x00000082         (0, 0, 10)      [1] [NE]
    143     0x0004D000       0xFFFFFF00      0x00000004         (0, 4, 10)      [] [N]
    144     0x00009000       0xFFFFFF80      0x00000202         (0, 0, 2)      [3] [NE]
    145     0x00011A80       0xFFFFFF80      0x0000000E         (0, 1, 3)      [] [NE, N, W]
    146     0x00009580       0xFFFFFF80      0x00100000         (0, 0, 2)      [14] []
    147     0x00011500       0xFFFFFF80      0x0000400E         (0, 1, 2)      [8] [NE, N, W]
    148     0x0001D980       0xFFFFFF80      0x00080000         (0, 1, 11)      [13] []
    149     0x00007200       0xFFFFFF80      0x00000080         (0, 0, 14)      [1] []
    150     0x00000E80       0xFFFFFF80      0x00000801         (0, 0, 1)      [5] [E]
    151     0x00009400       0xFFFFFF80      0x00020000         (0, 0, 2)      [11] []
    152     0x00024500       0xFFFFFF80      0x00000002         (0, 2, 8)      [] [NE]
    153     0x00011880       0xFFFFFF80      0x0020000C         (0, 1, 3)      [15] [N, W]
    154     0x00019280       0xFFFFFF80      0x00000020         (0, 1, 2)      [] [S]
    155     0x0000DF00       0xFFFFFF80      0x00400000         (0, 0, 11)      [16] []
    156     0x00010A00       0xFFFFFF80      0x00200021         (0, 1, 1)      [15] [E, S]
    157     0x00018580       0xFFFFFF80      0x00400020         (0, 1, 0)      [16] [S]
    158     0x00013E00       0xFFFFFF80      0x00000330         (0, 1, 7)      [2, 3] [SW, S]
    159     0x0001E280       0xFFFFFF80      0x00800000         (0, 1, 12)      [17] []
    160     0x00023480       0xFFFFFF80      0x00000010         (0, 2, 6)      [] [SW]
    161     0x00015580       0xFFFFFF80      0x00000020         (0, 1, 10)      [] [S]
    162     0x0001E800       0xFFFFFF80      0x00200000         (0, 1, 13)      [15] []
    163     0x0001D080       0xFFFFFF80      0x00010000         (0, 1, 10)      [10] []
    164     0x00010200       0xFFFFFF80      0x00000020         (0, 1, 0)      [] [S]
    165     0x00017400       0xFFFFFF80      0x00000808         (0, 1, 14)      [5] [W]
    166     0x0000A080       0xFFFFFF80      0x00002003         (0, 0, 4)      [7] [E, NE]
    167     0x0004D200       0xFFFFFF00      0x00000004         (0, 4, 10)      [] [N]
    168     0x00011C80       0xFFFFFF80      0x00000006         (0, 1, 3)      [] [NE, N]
    169     0x0001BA00       0xFFFFFF80      0x00400000         (0, 1, 7)      [16] []
    170     0x0004AC00       0xFFFFFF00      0x00008000         (0, 4, 5)      [9] []
    171     0x0000F480       0xFFFFFF80      0x000000A1         (0, 0, 14)      [1] [E, S]
    172     0x00014C80       0xFFFFFF80      0x00000420         (0, 1, 9)      [4] [S]
    173     0x00015E80       0xFFFFFF80      0x00080030         (0, 1, 11)      [13] [SW, S]
    174     0x00018780       0xFFFFFF80      0x00000020         (0, 1, 0)      [] [S]
    175     0x00032A00       0xFFFFFF00      0x00000010         (0, 3, 5)      [] [SW]
    176     0x00017B00       0xFFFFFF80      0x00000008         (0, 1, 15)      [] [W]
    177     0x00024100       0xFFFFFF80      0x00200000         (0, 2, 8)      [15] []
    178     0x0001A700       0xFFFFFF80      0x00800000         (0, 1, 4)      [17] []
    179     0x00014F00       0xFFFFFF80      0x00008020         (0, 1, 9)      [9] [S]
    180     0x00021E80       0xFFFFFF80      0x00FFFF80         (0, 2, 3)      [1, 2, 3, 4, 5, 6, 7, 8, 9, 10, 11, 12, 13, 14, 15, 16, 17] []
    181     0x00018E00       0xFFFFFF80      0x00010020         (0, 1, 1)      [10] [S]
    182     0x00010B80       0xFFFFFF80      0x00000021         (0, 1, 1)      [] [E, S]
    183     0x00012680       0xFFFFFF80      0x0030000C         (0, 1, 4)      [14, 15] [N, W]
    184     0x00014780       0xFFFFFF80      0x00000020         (0, 1, 8)      [] [S]
    185     0x0001D900       0xFFFFFF80      0x00040000         (0, 1, 11)      [12] []
    186     0x00016900       0xFFFFFF80      0x00004018         (0, 1, 13)      [8] [W, SW]
    187     0x0001D880       0xFFFFFF80      0x00020000         (0, 1, 11)      [11] []
    188     0x00001B00       0xFFFFFF80      0x00000080         (0, 0, 3)      [1] []
    189     0x0000AD00       0xFFFFFF80      0x00000201         (0, 0, 5)      [3] [E]
    190     0x0001DB00       0xFFFFFF80      0x00400000         (0, 1, 11)      [16] []
    191     0x00014300       0xFFFFFF80      0x000C0020         (0, 1, 8)      [12, 13] [S]
    192     0x0004A800       0xFFFFFF00      0x00000800         (0, 4, 5)      [5] []
    193     0x00015F80       0xFFFFFF80      0x00200030         (0, 1, 11)      [15] [SW, S]
    194     0x0001C100       0xFFFFFF80      0x00040000         (0, 1, 8)      [12] []
    195     0x00023A00       0xFFFFFF80      0x00000090         (0, 2, 7)      [1] [SW]
    196     0x0004B200       0xFFFFFF00      0x00200000         (0, 4, 6)      [15] []
    197     0x00018800       0xFFFFFF80      0x00000020         (0, 1, 1)      [] [S]
    198     0x0000EF80       0xFFFFFF80      0x00000021         (0, 0, 13)      [] [E, S]
    199     0x00013300       0xFFFFFF80      0x00FFFFBD         (0, 1, 6)      [1, 2, 3, 4, 5, 6, 7, 8, 9, 10, 11, 12, 13, 14, 15, 16, 17] [E, N, W, SW, S]
    200     0x0004CD00       0xFFFFFF00      0x00000004         (0, 4, 9)      [] [N]
    201     0x00019880       0xFFFFFF80      0x00008000         (0, 1, 3)      [9] []
    202     0x0001EE80       0xFFFFFF80      0x00400000         (0, 1, 13)      [16] []
    203     0x00017700       0xFFFFFF80      0x00020008         (0, 1, 14)      [11] [W]
    204     0x00024300       0xFFFFFF80      0x00000002         (0, 2, 8)      [] [NE]
    205     0x00010500       0xFFFFFF80      0x00000821         (0, 1, 0)      [5] [E, S]
    206     0x00011E00       0xFFFFFF80      0x0000000C         (0, 1, 3)      [] [N, W]
    207     0x0000AF80       0xFFFFFF80      0x00004001         (0, 0, 5)      [8] [E]
    208     0x00011400       0xFFFFFF80      0x00001010         (0, 1, 2)      [6] [SW]
    209     0x00005600       0xFFFFFF80      0x00000202         (0, 0, 10)      [3] [NE]
    210     0x0004B000       0xFFFFFF00      0x00080000         (0, 4, 6)      [13] []
    211     0x00011980       0xFFFFFF80      0x0080000C         (0, 1, 3)      [17] [N, W]
    212     0x00015A00       0xFFFFFF80      0x00000430         (0, 1, 11)      [4] [SW, S]
    213     0x0000E900       0xFFFFFF80      0x00002003         (0, 0, 13)      [7] [E, NE]
    214     0x00015B80       0xFFFFFF80      0x00002030         (0, 1, 11)      [7] [SW, S]
    215     0x00018900       0xFFFFFF80      0x00000020         (0, 1, 1)      [] [S]
    216     0x0001CA80       0xFFFFFF80      0x00100000         (0, 1, 9)      [14] []
    217     0x0001E080       0xFFFFFF80      0x00080000         (0, 1, 12)      [13] []
    218     0x00016F80       0xFFFFFF80      0x00000008         (0, 1, 13)      [] [W]
    219     0x0000DA80       0xFFFFFF80      0x00002002         (0, 0, 11)      [7] [NE]
    220     0x00010A80       0xFFFFFF80      0x00400021         (0, 1, 1)      [16] [E, S]
    221     0x00011200       0xFFFFFF80      0x00000110         (0, 1, 2)      [2] [SW]
    222     0x00012100       0xFFFFFF80      0x0000060E         (0, 1, 4)      [3, 4] [NE, N, W]
    223     0x00032B00       0xFFFFFF00      0x00000010         (0, 3, 5)      [] [SW]
    224     0x00012B80       0xFFFFFF80      0x00000006         (0, 1, 5)      [] [NE, N]
    225     0x00019600       0xFFFFFF80      0x00000400         (0, 1, 2)      [4] []
    226     0x00010080       0xFFFFFF80      0x00000020         (0, 1, 0)      [] [S]
    227     0x0000B280       0xFFFFFF80      0x00100000         (0, 0, 6)      [14] []
    228     0x00019C80       0xFFFFFF80      0x00800000         (0, 1, 3)      [17] []
    229     0x00014680       0xFFFFFF80      0x00000020         (0, 1, 8)      [] [S]
    230     0x00016D80       0xFFFFFF80      0x00800008         (0, 1, 13)      [17] [W]
    231     0x00008500       0xFFFFFF80      0x00010000         (0, 0, 0)      [10] []
    232     0x00015980       0xFFFFFF80      0x00000230         (0, 1, 11)      [3] [SW, S]
    233     0x00008380       0xFFFFFF80      0x00002000         (0, 0, 0)      [7] []
    234     0x00023980       0xFFFFFF80      0x00000010         (0, 2, 7)      [] [SW]
    235     0x0001C080       0xFFFFFF80      0x00020000         (0, 1, 8)      [11] []
    236     0x00012E80       0xFFFFFF80      0x00FFFFBF         (0, 1, 5)      [1, 2, 3, 4, 5, 6, 7, 8, 9, 10, 11, 12, 13, 14, 15, 16, 17] [E, NE, N, W, SW, S]
    237     0x00013680       0xFFFFFF80      0x00FFFFBD         (0, 1, 6)      [1, 2, 3, 4, 5, 6, 7, 8, 9, 10, 11, 12, 13, 14, 15, 16, 17] [E, N, W, SW, S]
    238     0x0001F900       0xFFFFFF80      0x00400000         (0, 1, 15)      [16] []
    239     0x00008200       0xFFFFFF80      0x00000400         (0, 0, 0)      [4] []
    240     0x00001C00       0xFFFFFF80      0x00000201         (0, 0, 3)      [3] [E]
    241     0x0000E600       0xFFFFFF80      0x00000082         (0, 0, 12)      [1] [NE]
    242     0x0000F680       0xFFFFFF80      0x00000821         (0, 0, 14)      [5] [E, S]
    243     0x00004980       0xFFFFFF80      0x00002001         (0, 0, 9)      [7] [E]
    244     0x0000DB80       0xFFFFFF80      0x00008000         (0, 0, 11)      [9] []
    245     0x0001E900       0xFFFFFF80      0x00800000         (0, 1, 13)      [17] []
    246     0x00019180       0xFFFFFF80      0x00800020         (0, 1, 2)      [17] [S]
    247     0x00018F00       0xFFFFFF80      0x00040020         (0, 1, 1)      [12] [S]
    248     0x00003B80       0xFFFFFF80      0x00004001         (0, 0, 7)      [8] [E]
    249     0x0000E080       0xFFFFFF80      0x00000002         (0, 0, 12)      [] [NE]
    250     0x0001AE00       0xFFFFFF80      0x00020000         (0, 1, 5)      [11] []
    251     0x0001A200       0xFFFFFF80      0x00002000         (0, 1, 4)      [7] []
    252     0x0001D100       0xFFFFFF80      0x00020000         (0, 1, 10)      [11] []
    253     0x00013700       0xFFFFFF80      0x00FFFFA0         (0, 1, 6)      [1, 2, 3, 4, 5, 6, 7, 8, 9, 10, 11, 12, 13, 14, 15, 16, 17] [S]
    254     0x00010980       0xFFFFFF80      0x00100021         (0, 1, 1)      [14] [E, S]
    255     0x00002C00       0xFFFFFF80      0x00001003         (0, 0, 5)      [6] [E, NE]
    256     0x0001E700       0xFFFFFF80      0x00080000         (0, 1, 12)      [13] []
    257     0x00011D00       0xFFFFFF80      0x0000000C         (0, 1, 3)      [] [N, W]
    258     0x00007580       0xFFFFFF80      0x00004001         (0, 0, 14)      [8] [E]
    259     0x00012780       0xFFFFFF80      0x00C0000C         (0, 1, 4)      [16, 17] [N, W]
    260     0x00024580       0xFFFFFF80      0x00000002         (0, 2, 8)      [] [NE]
    261     0x00012400       0xFFFFFF80      0x0001800C         (0, 1, 4)      [9, 10] [N, W]
    262     0x00014380       0xFFFFFF80      0x00180020         (0, 1, 8)      [13, 14] [S]
    263     0x00017F00       0xFFFFFF80      0x00000208         (0, 1, 15)      [3] [W]
    264     0x00009380       0xFFFFFF80      0x00010000         (0, 0, 2)      [10] []
    265     0x00014480       0xFFFFFF80      0x00600020         (0, 1, 8)      [16, 15] [S]
    266     0x0004C500       0xFFFFFF00      0x00000004         (0, 4, 8)      [] [N]
    267     0x00009D80       0xFFFFFF80      0x00000082         (0, 0, 3)      [1] [NE]
    268     0x00014500       0xFFFFFF80      0x00C00020         (0, 1, 8)      [16, 17] [S]
    269     0x0000D000       0xFFFFFF80      0x00200000         (0, 0, 10)      [15] []
    270     0x00012600       0xFFFFFF80      0x0018000C         (0, 1, 4)      [13, 14] [N, W]
    271     0x0004C700       0xFFFFFF00      0x00000004         (0, 4, 8)      [] [N]
    272     0x0001B800       0xFFFFFF80      0x00040000         (0, 1, 7)      [12] []
    273     0x00017780       0xFFFFFF80      0x00040008         (0, 1, 14)      [12] [W]
    274     0x0000DD80       0xFFFFFF80      0x00080000         (0, 0, 11)      [13] []
    275     0x00024080       0xFFFFFF80      0x00100000         (0, 2, 8)      [14] []
    276     0x00005880       0xFFFFFF80      0x00004002         (0, 0, 11)      [8] [NE]
    277     0x00015300       0xFFFFFF80      0x00800020         (0, 1, 10)      [17] [S]
    278     0x00005800       0xFFFFFF80      0x00002002         (0, 0, 11)      [7] [NE]
    279     0x0004C600       0xFFFFFF00      0x00000004         (0, 4, 8)      [] [N]
    280     0x00017E80       0xFFFFFF80      0x00000108         (0, 1, 15)      [2] [W]
    281     0x00005480       0xFFFFFF80      0x00000002         (0, 0, 10)      [] [NE]
    282     0x00000D80       0xFFFFFF80      0x00000201         (0, 0, 1)      [3] [E]
    283     0x00010680       0xFFFFFF80      0x00004021         (0, 1, 0)      [8] [E, S]
    284     0x00003880       0xFFFFFF80      0x00000101         (0, 0, 7)      [2] [E]
    285     0x00008580       0xFFFFFF80      0x00020000         (0, 0, 0)      [11] []
    286     0x0000CE80       0xFFFFFF80      0x00040000         (0, 0, 9)      [12] []
    287     0x00009280       0xFFFFFF80      0x00004002         (0, 0, 2)      [8] [NE]
    288     0x00006700       0xFFFFFF80      0x00004001         (0, 0, 12)      [8] [E]
    289     0x00018F80       0xFFFFFF80      0x00080020         (0, 1, 1)      [13] [S]
    290     0x0001AC80       0xFFFFFF80      0x00004000         (0, 1, 5)      [8] []
    291     0x0000D080       0xFFFFFF80      0x00400000         (0, 0, 10)      [16] []
    292     0x00015000       0xFFFFFF80      0x00020020         (0, 1, 10)      [11] [S]
    293     0x0000F300       0xFFFFFF80      0x00000020         (0, 0, 14)      [] [S]
    294     0x00000D00       0xFFFFFF80      0x00000101         (0, 0, 1)      [2] [E]
    295     0x0001B080       0xFFFFFF80      0x00400000         (0, 1, 6)      [16] []
    296     0x00015900       0xFFFFFF80      0x00000130         (0, 1, 11)      [2] [SW, S]
    297     0x0000CD00       0xFFFFFF80      0x00008000         (0, 0, 9)      [9] []
    298     0x00019000       0xFFFFFF80      0x00100020         (0, 1, 2)      [14] [S]
    299     0x00011B80       0xFFFFFF80      0x0000000E         (0, 1, 3)      [] [NE, N, W]
    300     0x00016E80       0xFFFFFF80      0x00000008         (0, 1, 13)      [] [W]
    301     0x00014B00       0xFFFFFF80      0x000000A0         (0, 1, 9)      [1] [S]
    302     0x0001DA00       0xFFFFFF80      0x00100000         (0, 1, 11)      [14] []
    303     0x00012A00       0xFFFFFF80      0x0000000E         (0, 1, 5)      [] [NE, N, W]
    304     0x00016700       0xFFFFFF80      0x00000418         (0, 1, 12)      [4] [W, SW]
    305     0x00013880       0xFFFFFF80      0x00FFFFA0         (0, 1, 7)      [1, 2, 3, 4, 5, 6, 7, 8, 9, 10, 11, 12, 13, 14, 15, 16, 17] [S]
    306     0x00012280       0xFFFFFF80      0x0000300E         (0, 1, 4)      [6, 7] [NE, N, W]
    307     0x00015680       0xFFFFFF80      0x00000020         (0, 1, 10)      [] [S]
    308     0x00004A80       0xFFFFFF80      0x00008001         (0, 0, 9)      [9] [E]
    309     0x00016400       0xFFFFFF80      0x00000010         (0, 1, 12)      [] [SW]
    310     0x00013980       0xFFFFFF80      0x00FFFFA0         (0, 1, 7)      [1, 2, 3, 4, 5, 6, 7, 8, 9, 10, 11, 12, 13, 14, 15, 16, 17] [S]
    311     0x0000EA80       0xFFFFFF80      0x00010001         (0, 0, 13)      [10] [E]
    312     0x0000D100       0xFFFFFF80      0x00800000         (0, 0, 10)      [17] []
    313     0x0004C900       0xFFFFFF00      0x00000004         (0, 4, 9)      [] [N]
    314     0x0000BD80       0xFFFFFF80      0x00002001         (0, 0, 7)      [7] [E]
    315     0x00010880       0xFFFFFF80      0x00040021         (0, 1, 1)      [12] [E, S]
    316     0x0000F380       0xFFFFFF80      0x00000020         (0, 0, 14)      [] [S]
    317     0x00016800       0xFFFFFF80      0x00001018         (0, 1, 13)      [6] [W, SW]
    318     0x0000EE00       0xFFFFFF80      0x00800021         (0, 0, 13)      [17] [E, S]
    319     0x00019C00       0xFFFFFF80      0x00400000         (0, 1, 3)      [16] []
    320     0x0000BF00       0xFFFFFF80      0x00010001         (0, 0, 7)      [10] [E]
    321     0x0001B600       0xFFFFFF80      0x00004010         (0, 1, 6)      [8] [SW]
    322     0x00011100       0xFFFFFF80      0x00000010         (0, 1, 2)      [] [SW]
    323     0x00016980       0xFFFFFF80      0x00008008         (0, 1, 13)      [9] [W]
    324     0x0000C000       0xFFFFFF80      0x00040000         (0, 0, 8)      [12] []
    325     0x0001ED80       0xFFFFFF80      0x00100010         (0, 1, 13)      [14] [SW]
    326     0x00005780       0xFFFFFF80      0x00001002         (0, 0, 10)      [6] [NE]
    327     0x00003900       0xFFFFFF80      0x00000201         (0, 0, 7)      [3] [E]
    328     0x00016080       0xFFFFFF80      0x00800020         (0, 1, 12)      [17] [S]
    329     0x00004780       0xFFFFFF80      0x00000201         (0, 0, 8)      [3] [E]
    330     0x00008180       0xFFFFFF80      0x00000200         (0, 0, 0)      [3] []
    331     0x00011F00       0xFFFFFF80      0x0000000C         (0, 1, 3)      [] [N, W]
    332     0x00024000       0xFFFFFF80      0x00080000         (0, 2, 8)      [13] []
    333     0x00016580       0xFFFFFF80      0x00000098         (0, 1, 12)      [1] [W, SW]
    334     0x00019B00       0xFFFFFF80      0x00100000         (0, 1, 3)      [14] []
    335     0x0004CA00       0xFFFFFF00      0x00000004         (0, 4, 9)      [] [N]
    336     0x00024380       0xFFFFFF80      0x00000002         (0, 2, 8)      [] [NE]
    337     0x0001AF00       0xFFFFFF80      0x00080000         (0, 1, 5)      [13] []
    338     0x00014F80       0xFFFFFF80      0x00010020         (0, 1, 9)      [10] [S]
    339     0x00016100       0xFFFFFF80      0x00000018         (0, 1, 12)      [] [W, SW]
    340     0x00013500       0xFFFFFF80      0x00FFFFBD         (0, 1, 6)      [1, 2, 3, 4, 5, 6, 7, 8, 9, 10, 11, 12, 13, 14, 15, 16, 17] [E, N, W, SW, S]
    341     0x0001BF00       0xFFFFFF80      0x00004010         (0, 1, 7)      [8] [SW]
    342     0x00002980       0xFFFFFF80      0x00000082         (0, 0, 5)      [1] [NE]
    343     0x0000A200       0xFFFFFF80      0x00010001         (0, 0, 4)      [10] [E]
    344     0x0000F800       0xFFFFFF80      0x00004021         (0, 0, 15)      [8] [E, S]
    345     0x00016880       0xFFFFFF80      0x00002018         (0, 1, 13)      [7] [W, SW]
    346     0x00017A00       0xFFFFFF80      0x00800008         (0, 1, 15)      [17] [W]
    347     0x00011E80       0xFFFFFF80      0x0000000C         (0, 1, 3)      [] [N, W]
    348     0x0001B780       0xFFFFFF80      0x00020000         (0, 1, 6)      [11] []
    349     0x00014B80       0xFFFFFF80      0x00000120         (0, 1, 9)      [2] [S]
    350     0x00023380       0xFFFFFF80      0x00000010         (0, 2, 6)      [] [SW]
    351     0x0000BA80       0xFFFFFF80      0x00000080         (0, 0, 7)      [1] []
    352     0x0001BA80       0xFFFFFF80      0x00800000         (0, 1, 7)      [17] []
    353     0x00006600       0xFFFFFF80      0x00001001         (0, 0, 12)      [6] [E]
    354     0x00018D80       0xFFFFFF80      0x00008020         (0, 1, 1)      [9] [S]
    355     0x00016E00       0xFFFFFF80      0x00000008         (0, 1, 13)      [] [W]
    356     0x00009E00       0xFFFFFF80      0x00000102         (0, 0, 3)      [2] [NE]
    357     0x00018C80       0xFFFFFF80      0x00002020         (0, 1, 1)      [7] [S]
    358     0x0000C180       0xFFFFFF80      0x00200000         (0, 0, 8)      [15] []
    359     0x0004CB00       0xFFFFFF00      0x00000004         (0, 4, 9)      [] [N]
    360     0x0001B100       0xFFFFFF80      0x00800000         (0, 1, 6)      [17] []
    361     0x00011000       0xFFFFFF80      0x00000010         (0, 1, 2)      [] [SW]
    362     0x00008E80       0xFFFFFF80      0x00000002         (0, 0, 1)      [] [NE]
    363     0x00006880       0xFFFFFF80      0x00020000         (0, 0, 13)      [11] []
    364     0x00012000       0xFFFFFF80      0x0000018E         (0, 1, 4)      [1, 2] [NE, N, W]
    365     0x00002A80       0xFFFFFF80      0x00000203         (0, 0, 5)      [3] [E, NE]
    366     0x00017C00       0xFFFFFF80      0x00000008         (0, 1, 15)      [] [W]
    367     0x00007400       0xFFFFFF80      0x00000801         (0, 0, 14)      [5] [E]
    368     0x0001AB80       0xFFFFFF80      0x00001000         (0, 1, 5)      [6] []
    369     0x00004680       0xFFFFFF80      0x00000080         (0, 0, 8)      [1] []
    370     0x0000C900       0xFFFFFF80      0x00000080         (0, 0, 9)      [1] []
    371     0x00018A80       0xFFFFFF80      0x00000220         (0, 1, 1)      [3] [S]
    372     0x00019780       0xFFFFFF80      0x00002000         (0, 1, 2)      [7] []
    373     0x0000EC00       0xFFFFFF80      0x00080021         (0, 0, 13)      [13] [E, S]
    374     0x00015280       0xFFFFFF80      0x00400020         (0, 1, 10)      [16] [S]
    375     0x00023300       0xFFFFFF80      0x00000010         (0, 2, 6)      [] [SW]
    376     0x00013400       0xFFFFFF80      0x00FFFFBD         (0, 1, 6)      [1, 2, 3, 4, 5, 6, 7, 8, 9, 10, 11, 12, 13, 14, 15, 16, 17] [E, N, W, SW, S]
    377     0x00017300       0xFFFFFF80      0x00000208         (0, 1, 14)      [3] [W]
    378     0x0004D100       0xFFFFFF00      0x00000004         (0, 4, 10)      [] [N]
    379     0x00017500       0xFFFFFF80      0x00002008         (0, 1, 14)      [7] [W]
    380     0x00015A80       0xFFFFFF80      0x00000830         (0, 1, 11)      [5] [SW, S]
    381     0x00015500       0xFFFFFF80      0x00000020         (0, 1, 10)      [] [S]
    382     0x0001AC00       0xFFFFFF80      0x00002000         (0, 1, 5)      [7] []
    383     0x00016280       0xFFFFFF80      0x00000018         (0, 1, 12)      [] [W, SW]
    384     0x0004AA00       0xFFFFFF00      0x00002000         (0, 4, 5)      [7] []
    385     0x00007280       0xFFFFFF80      0x00000101         (0, 0, 14)      [2] [E]
    386     0x00023D80       0xFFFFFF80      0x00004002         (0, 2, 7)      [8] [NE]
    387     0x0000DD00       0xFFFFFF80      0x00040000         (0, 0, 11)      [12] []
    388     0x00013280       0xFFFFFF80      0x00FFFFBD         (0, 1, 6)      [1, 2, 3, 4, 5, 6, 7, 8, 9, 10, 11, 12, 13, 14, 15, 16, 17] [E, N, W, SW, S]
    389     0x0000B080       0xFFFFFF80      0x00010001         (0, 0, 6)      [10] [E]
    390     0x00004880       0xFFFFFF80      0x00000801         (0, 0, 9)      [5] [E]
    391     0x00024200       0xFFFFFF80      0x00800000         (0, 2, 8)      [17] []
    392     0x0000F500       0xFFFFFF80      0x00000121         (0, 0, 14)      [2] [E, S]
    393     0x0001D400       0xFFFFFF80      0x00800000         (0, 1, 10)      [17] []
    394     0x00014280       0xFFFFFF80      0x00060020         (0, 1, 8)      [11, 12] [S]
    395     0x00012580       0xFFFFFF80      0x000C000C         (0, 1, 4)      [12, 13] [N, W]
    396     0x00010800       0xFFFFFF80      0x00020021         (0, 1, 1)      [11] [E, S]
    397     0x0000CB80       0xFFFFFF80      0x00001002         (0, 0, 9)      [6] [NE]
    398     0x0004CF00       0xFFFFFF00      0x00000004         (0, 4, 9)      [] [N]
    399     0x0000FA80       0xFFFFFF80      0x00080021         (0, 0, 15)      [13] [E, S]
    400     0x00015D00       0xFFFFFF80      0x00010030         (0, 1, 11)      [10] [SW, S]
    401     0x00015C00       0xFFFFFF80      0x00004030         (0, 1, 11)      [8] [SW, S]
    402     0x0000B000       0xFFFFFF80      0x00008001         (0, 0, 6)      [9] [E]
    403     0x00019300       0xFFFFFF80      0x00000020         (0, 1, 2)      [] [S]
    404     0x00000E00       0xFFFFFF80      0x00000401         (0, 0, 1)      [4] [E]
    405     0x00012380       0xFFFFFF80      0x0000C00E         (0, 1, 4)      [8, 9] [NE, N, W]
    406     0x00013080       0xFFFFFF80      0x00FFFFBF         (0, 1, 6)      [1, 2, 3, 4, 5, 6, 7, 8, 9, 10, 11, 12, 13, 14, 15, 16, 17] [E, NE, N, W, SW, S]
    407     0x00016500       0xFFFFFF80      0x00000018         (0, 1, 12)      [] [W, SW]
    408     0x0001A680       0xFFFFFF80      0x00400000         (0, 1, 4)      [16] []
    409     0x00013E80       0xFFFFFF80      0x00000630         (0, 1, 7)      [3, 4] [SW, S]
    410     0x00009F80       0xFFFFFF80      0x00000803         (0, 0, 3)      [5] [E, NE]
    411     0x00032400       0xFFFFFF00      0x00000010         (0, 3, 4)      [] [SW]
    412     0x00008300       0xFFFFFF80      0x00001000         (0, 0, 0)      [6] []
    413     0x00013200       0xFFFFFF80      0x00FFFFBF         (0, 1, 6)      [1, 2, 3, 4, 5, 6, 7, 8, 9, 10, 11, 12, 13, 14, 15, 16, 17] [E, NE, N, W, SW, S]
    414     0x00008100       0xFFFFFF80      0x00000100         (0, 0, 0)      [2] []
    415     0x00011600       0xFFFFFF80      0x0001000C         (0, 1, 2)      [10] [N, W]
    416     0x0000B300       0xFFFFFF80      0x00200000         (0, 0, 6)      [15] []
    417     0x0000C280       0xFFFFFF80      0x00800000         (0, 0, 8)      [17] []
    418     0x00011A00       0xFFFFFF80      0x0000000E         (0, 1, 3)      [] [NE, N, W]
    419     0x00009500       0xFFFFFF80      0x00080000         (0, 0, 2)      [13] []
    420     0x00013580       0xFFFFFF80      0x00FFFFBD         (0, 1, 6)      [1, 2, 3, 4, 5, 6, 7, 8, 9, 10, 11, 12, 13, 14, 15, 16, 17] [E, N, W, SW, S]
    421     0x00001D00       0xFFFFFF80      0x00000801         (0, 0, 3)      [5] [E]
    422     0x00007300       0xFFFFFF80      0x00000201         (0, 0, 14)      [3] [E]
    423     0x00015480       0xFFFFFF80      0x00000020         (0, 1, 10)      [] [S]
    424     0x0001DA80       0xFFFFFF80      0x00200000         (0, 1, 11)      [15] []
    425     0x00017600       0xFFFFFF80      0x00008008         (0, 1, 14)      [9] [W]
    426     0x0004C300       0xFFFFFF00      0x00000004         (0, 4, 8)      [] [N]
    427     0x0000F600       0xFFFFFF80      0x00000421         (0, 0, 14)      [4] [E, S]
    428     0x0000E000       0xFFFFFF80      0x00000002         (0, 0, 12)      [] [NE]
    429     0x00009F00       0xFFFFFF80      0x00000402         (0, 0, 3)      [4] [NE]
    430     0x00016380       0xFFFFFF80      0x00000010         (0, 1, 12)      [] [SW]
    431     0x0004AE00       0xFFFFFF00      0x00020000         (0, 4, 5)      [11] []
    432     0x0004C800       0xFFFFFF00      0x00000004         (0, 4, 9)      [] [N]
    433     0x00018380       0xFFFFFF80      0x00040020         (0, 1, 0)      [12] [S]
    434     0x00019A80       0xFFFFFF80      0x00080000         (0, 1, 3)      [13] []
    435     0x0004C400       0xFFFFFF00      0x00000004         (0, 4, 8)      [] [N]
    436     0x0000AC00       0xFFFFFF80      0x00000080         (0, 0, 5)      [1] []
    437     0x0001E100       0xFFFFFF80      0x00100000         (0, 1, 12)      [14] []
    438     0x00015E00       0xFFFFFF80      0x00040030         (0, 1, 11)      [12] [SW, S]
    439     0x00010100       0xFFFFFF80      0x00000020         (0, 1, 0)      [] [S]
    440     0x0000AF00       0xFFFFFF80      0x00002001         (0, 0, 5)      [7] [E]
    441     0x0000F980       0xFFFFFF80      0x00020021         (0, 0, 15)      [11] [E, S]
    442     0x00012F00       0xFFFFFF80      0x00FFFFBF         (0, 1, 5)      [1, 2, 3, 4, 5, 6, 7, 8, 9, 10, 11, 12, 13, 14, 15, 16, 17] [E, NE, N, W, SW, S]
    443     0x0004AF00       0xFFFFFF00      0x00040000         (0, 4, 5)      [12] []
    444     0x0000D800       0xFFFFFF80      0x00000102         (0, 0, 11)      [2] [NE]
    445     0x0000E800       0xFFFFFF80      0x00000803         (0, 0, 13)      [5] [E, NE]
    446     0x0000BB80       0xFFFFFF80      0x00000201         (0, 0, 7)      [3] [E]
    447     0x00018700       0xFFFFFF80      0x00000020         (0, 1, 0)      [] [S]
    448     0x0001C980       0xFFFFFF80      0x00040000         (0, 1, 9)      [12] []
    449     0x0001C380       0xFFFFFF80      0x00800000         (0, 1, 8)      [17] []
    450     0x00010900       0xFFFFFF80      0x00080021         (0, 1, 1)      [13] [E, S]
    451     0x0000BC80       0xFFFFFF80      0x00000801         (0, 0, 7)      [5] [E]
    452     0x00010400       0xFFFFFF80      0x00000221         (0, 1, 0)      [3] [E, S]
    453     0x00010F00       0xFFFFFF80      0x00000010         (0, 1, 1)      [] [SW]
    454     0x0001E000       0xFFFFFF80      0x00040000         (0, 1, 12)      [12] []
    455     0x0000B200       0xFFFFFF80      0x00080000         (0, 0, 6)      [13] []
    456     0x00023600       0xFFFFFF80      0x00000010         (0, 2, 6)      [] [SW]
    457     0x0004D300       0xFFFFFF00      0x00000004         (0, 4, 10)      [] [N]
    458     0x00008600       0xFFFFFF80      0x00040000         (0, 0, 0)      [12] []
    459     0x00014E00       0xFFFFFF80      0x00002020         (0, 1, 9)      [7] [S]
    460     0x00015800       0xFFFFFF80      0x00000020         (0, 1, 11)      [] [S]
    461     0x00023A80       0xFFFFFF80      0x00000110         (0, 2, 7)      [2] [SW]
    462     0x0000F180       0xFFFFFF80      0x00000020         (0, 0, 14)      [] [S]
    463     0x0001AD00       0xFFFFFF80      0x00008000         (0, 1, 5)      [9] []
    464     0x0000CA80       0xFFFFFF80      0x00000402         (0, 0, 9)      [4] [NE]
    465     0x00012300       0xFFFFFF80      0x0000600E         (0, 1, 4)      [8, 7] [NE, N, W]
    466     0x0001D380       0xFFFFFF80      0x00400000         (0, 1, 10)      [16] []
    467     0x00009080       0xFFFFFF80      0x00000402         (0, 0, 2)      [4] [NE]
    468     0x00016780       0xFFFFFF80      0x00000818         (0, 1, 12)      [5] [W, SW]
    469     0x00014A00       0xFFFFFF80      0x00000020         (0, 1, 9)      [] [S]
    470     0x0000AC80       0xFFFFFF80      0x00000101         (0, 0, 5)      [2] [E]
    471     0x00024180       0xFFFFFF80      0x00400000         (0, 2, 8)      [16] []
    472     0x00012480       0xFFFFFF80      0x0003000C         (0, 1, 4)      [10, 11] [N, W]
    473     0x0000DC80       0xFFFFFF80      0x00020000         (0, 0, 11)      [11] []
    474     0x0000EF00       0xFFFFFF80      0x00000021         (0, 0, 13)      [] [E, S]
    475     0x00016480       0xFFFFFF80      0x00000010         (0, 1, 12)      [] [SW]
    476     0x00015080       0xFFFFFF80      0x00040020         (0, 1, 10)      [12] [S]
    477     0x0004A400       0xFFFFFF00      0x00000080         (0, 4, 4)      [1] []
    478     0x00014200       0xFFFFFF80      0x00030020         (0, 1, 8)      [10, 11] [S]
    479     0x0000A480       0xFFFFFF80      0x00200000         (0, 0, 4)      [15] []
    480     0x00011700       0xFFFFFF80      0x0004000C         (0, 1, 2)      [12] [N, W]
    481     0x00015F00       0xFFFFFF80      0x00100030         (0, 1, 11)      [14] [SW, S]
    482     0x00018400       0xFFFFFF80      0x00080020         (0, 1, 0)      [13] [S]
    483     0x0000BB00       0xFFFFFF80      0x00000101         (0, 0, 7)      [2] [E]
    484     0x00019380       0xFFFFFF80      0x00000020         (0, 1, 2)      [] [S]
    485     0x00019980       0xFFFFFF80      0x00020000         (0, 1, 3)      [11] []
    486     0x0001FE00       0xFFFFFF80      0x00800000         (0, 1, 15)      [17] []
    487     0x00003A80       0xFFFFFF80      0x00001001         (0, 0, 7)      [6] [E]
    488     0x00023500       0xFFFFFF80      0x00000010         (0, 2, 6)      [] [SW]
    489     0x0004A500       0xFFFFFF00      0x00000100         (0, 4, 4)      [2] []
    490     0x0001E200       0xFFFFFF80      0x00400000         (0, 1, 12)      [16] []
    491     0x00016C80       0xFFFFFF80      0x00200008         (0, 1, 13)      [15] [W]
    492     0x00007480       0xFFFFFF80      0x00001001         (0, 0, 14)      [6] [E]
    493     0x00017980       0xFFFFFF80      0x00400008         (0, 1, 15)      [16] [W]
    494     0x0000FC00       0xFFFFFF80      0x00400021         (0, 0, 15)      [16] [E, S]
    495     0x00020A00       0xFFFFFF80      0x00000008         (0, 2, 1)      [] [W]
    496     0x0000C080       0xFFFFFF80      0x00080000         (0, 0, 8)      [13] []
    497     0x00018600       0xFFFFFF80      0x00800020         (0, 1, 0)      [17] [S]
    498     0x00007600       0xFFFFFF80      0x00008001         (0, 0, 14)      [9] [E]
    499     0x0001F480       0xFFFFFF80      0x00800000         (0, 1, 14)      [17] []
    500     0x0000FE00       0xFFFFFF80      0x00000021         (0, 0, 15)      [] [E, S]
    501     0x0004B100       0xFFFFFF00      0x00100000         (0, 4, 6)      [14] []
    502     0x00005500       0xFFFFFF80      0x00000082         (0, 0, 10)      [1] [NE]
    503     0x0000F700       0xFFFFFF80      0x00001021         (0, 0, 14)      [6] [E, S]
    504     0x00016A00       0xFFFFFF80      0x00010008         (0, 1, 13)      [10] [W]
    505     0x00015B00       0xFFFFFF80      0x00001030         (0, 1, 11)      [6] [SW, S]
    506     0x00032E00       0xFFFFFF00      0x00000010         (0, 3, 5)      [] [SW]
    507     0x0000D880       0xFFFFFF80      0x00000202         (0, 0, 11)      [3] [NE]
    508     0x00013900       0xFFFFFF80      0x00FFFFA0         (0, 1, 7)      [1, 2, 3, 4, 5, 6, 7, 8, 9, 10, 11, 12, 13, 14, 15, 16, 17] [S]
    509     0x00006580       0xFFFFFF80      0x00000801         (0, 0, 12)      [5] [E]
    510     0x00017880       0xFFFFFF80      0x00100008         (0, 1, 15)      [14] [W]
    511     0x00012080       0xFFFFFF80      0x0000030E         (0, 1, 4)      [2, 3] [NE, N, W]
    512     0x0001F400       0xFFFFFF80      0x00400000         (0, 1, 14)      [16] []
    513     0x00005900       0xFFFFFF80      0x00008000         (0, 0, 11)      [9] []
    514     0x00016000       0xFFFFFF80      0x00400020         (0, 1, 12)      [16] [S]
    515     0x0001A300       0xFFFFFF80      0x00008000         (0, 1, 4)      [9] []
    516     0x00017280       0xFFFFFF80      0x00000108         (0, 1, 14)      [2] [W]
    517     0x00023F00       0xFFFFFF80      0x00020000         (0, 2, 7)      [11] []
    518     0x00018880       0xFFFFFF80      0x00000020         (0, 1, 1)      [] [S]
    519     0x00002900       0xFFFFFF80      0x00000002         (0, 0, 5)      [] [NE]
    520     0x00014600       0xFFFFFF80      0x00000020         (0, 1, 8)      [] [S]
    521     0x0000DE80       0xFFFFFF80      0x00200000         (0, 0, 11)      [15] []
    522     0x00018980       0xFFFFFF80      0x00000020         (0, 1, 1)      [] [S]
    523     0x00006780       0xFFFFFF80      0x00008001         (0, 0, 12)      [9] [E]
    524     0x00010700       0xFFFFFF80      0x00008021         (0, 1, 0)      [9] [E, S]
    525     0x00016180       0xFFFFFF80      0x00000018         (0, 1, 12)      [] [W, SW]
    526     0x0000A400       0xFFFFFF80      0x00100000         (0, 0, 4)      [14] []
    527     0x0000F580       0xFFFFFF80      0x00000221         (0, 0, 14)      [3] [E, S]
    528     0x0004A700       0xFFFFFF00      0x00000400         (0, 4, 4)      [4] []
    529     0x00019080       0xFFFFFF80      0x00200020         (0, 1, 2)      [15] [S]
    530     0x0000AD80       0xFFFFFF80      0x00000401         (0, 0, 5)      [4] [E]
    531     0x00013C00       0xFFFFFF80      0x00000030         (0, 1, 7)      [] [SW, S]
    532     0x00011800       0xFFFFFF80      0x0010000C         (0, 1, 3)      [14] [N, W]
    533     0x0001F980       0xFFFFFF80      0x00800000         (0, 1, 15)      [17] []
    534     0x00032600       0xFFFFFF00      0x00000010         (0, 3, 4)      [] [SW]
    535     0x00014700       0xFFFFFF80      0x00000020         (0, 1, 8)      [] [S]
    536     0x00023780       0xFFFFFF80      0x00000010         (0, 2, 6)      [] [SW]
    537     0x0001E880       0xFFFFFF80      0x00400000         (0, 1, 13)      [16] []
    538     0x00016B00       0xFFFFFF80      0x00040008         (0, 1, 13)      [12] [W]
    539     0x00018300       0xFFFFFF80      0x00020020         (0, 1, 0)      [11] [S]
    540     0x0000FD00       0xFFFFFF80      0x00000021         (0, 0, 15)      [] [E, S]
    541     0x00013180       0xFFFFFF80      0x00FFFFBF         (0, 1, 6)      [1, 2, 3, 4, 5, 6, 7, 8, 9, 10, 11, 12, 13, 14, 15, 16, 17] [E, NE, N, W, SW, S]
    542     0x00012700       0xFFFFFF80      0x0060000C         (0, 1, 4)      [16, 15] [N, W]
    543     0x0000FB80       0xFFFFFF80      0x00200021         (0, 0, 15)      [15] [E, S]
    544     0x00013D00       0xFFFFFF80      0x000000B0         (0, 1, 7)      [1] [SW, S]
    545     0x0000E680       0xFFFFFF80      0x00000103         (0, 0, 12)      [2] [E, NE]
    546     0x00010580       0xFFFFFF80      0x00001021         (0, 1, 0)      [6] [E, S]
    547     0x0000B380       0xFFFFFF80      0x00400000         (0, 0, 6)      [16] []
    548     0x00017580       0xFFFFFF80      0x00004008         (0, 1, 14)      [8] [W]
    549     0x0000E980       0xFFFFFF80      0x00004003         (0, 0, 13)      [8] [E, NE]
    550     0x0001C180       0xFFFFFF80      0x00080000         (0, 1, 8)      [13] []
    551     0x00010E00       0xFFFFFF80      0x00000010         (0, 1, 1)      [] [SW]
    552     0x00014400       0xFFFFFF80      0x00300020         (0, 1, 8)      [14, 15] [S]
    553     0x0000CF80       0xFFFFFF80      0x00100000         (0, 0, 9)      [14] []
    554     0x00013F00       0xFFFFFF80      0x00000C30         (0, 1, 7)      [4, 5] [SW, S]
    555     0x00012B00       0xFFFFFF80      0x00000006         (0, 1, 5)      [] [NE, N]
    556     0x0001C800       0xFFFFFF80      0x00008000         (0, 1, 9)      [9] []
    557     0x00014080       0xFFFFFF80      0x00006020         (0, 1, 8)      [8, 7] [S]
    558     0x0000EB80       0xFFFFFF80      0x00040021         (0, 0, 13)      [12] [E, S]
    559     0x00009480       0xFFFFFF80      0x00040000         (0, 0, 2)      [12] []
    560     0x0000CE00       0xFFFFFF80      0x00020000         (0, 0, 9)      [11] []
    561     0x00010B00       0xFFFFFF80      0x00800021         (0, 1, 1)      [17] [E, S]
    562     0x00013000       0xFFFFFF80      0x00FFFFBF         (0, 1, 6)      [1, 2, 3, 4, 5, 6, 7, 8, 9, 10, 11, 12, 13, 14, 15, 16, 17] [E, NE, N, W, SW, S]
    563     0x00013A00       0xFFFFFF80      0x00FFFFA0         (0, 1, 7)      [1, 2, 3, 4, 5, 6, 7, 8, 9, 10, 11, 12, 13, 14, 15, 16, 17] [S]
    564     0x0001A480       0xFFFFFF80      0x00040000         (0, 1, 4)      [12] []
    565     0x0001D300       0xFFFFFF80      0x00200000         (0, 1, 10)      [15] []
    566     0x0001D280       0xFFFFFF80      0x00100000         (0, 1, 10)      [14] []
    567     0x0000BE00       0xFFFFFF80      0x00004001         (0, 0, 7)      [8] [E]
    568     0x00010280       0xFFFFFF80      0x00000020         (0, 1, 0)      [] [S]
    569     0x00019700       0xFFFFFF80      0x00001000         (0, 1, 2)      [6] []
    570     0x0004AB00       0xFFFFFF00      0x00004000         (0, 4, 5)      [8] []
    571     0x00023D00       0xFFFFFF80      0x00002002         (0, 2, 7)      [7] [NE]
    572     0x00012D00       0xFFFFFF80      0x00FFFF8C         (0, 1, 5)      [1, 2, 3, 4, 5, 6, 7, 8, 9, 10, 11, 12, 13, 14, 15, 16, 17] [N, W]
    573     0x0001A380       0xFFFFFF80      0x00010000         (0, 1, 4)      [10] []
    574     0x00006300       0xFFFFFF80      0x00000002         (0, 0, 12)      [] [NE]
    575     0x00013380       0xFFFFFF80      0x00FFFFBD         (0, 1, 6)      [1, 2, 3, 4, 5, 6, 7, 8, 9, 10, 11, 12, 13, 14, 15, 16, 17] [E, N, W, SW, S]
    576     0x00019B80       0xFFFFFF80      0x00200000         (0, 1, 3)      [15] []
    577     0x00009200       0xFFFFFF80      0x00002002         (0, 0, 2)      [7] [NE]
    578     0x00016200       0xFFFFFF80      0x00000018         (0, 1, 12)      [] [W, SW]
    579     0x00004A00       0xFFFFFF80      0x00004001         (0, 0, 9)      [8] [E]
    580     0x00016D00       0xFFFFFF80      0x00400008         (0, 1, 13)      [16] [W]
    581     0x0000CC80       0xFFFFFF80      0x00004002         (0, 0, 9)      [8] [NE]
    582     0x00023B80       0xFFFFFF80      0x00000410         (0, 2, 7)      [4] [SW]
    583     0x00010E80       0xFFFFFF80      0x00000010         (0, 1, 1)      [] [SW]
    584     0x0000F880       0xFFFFFF80      0x00008021         (0, 0, 15)      [9] [E, S]
    585     0x00000C80       0xFFFFFF80      0x00000080         (0, 0, 1)      [1] []
    586     0x00011F80       0xFFFFFF80      0x0000008E         (0, 1, 3)      [1] [NE, N, W]
    587     0x00002C80       0xFFFFFF80      0x00002003         (0, 0, 5)      [7] [E, NE]
    588     0x00006680       0xFFFFFF80      0x00002001         (0, 0, 12)      [7] [E]
    589     0x00019200       0xFFFFFF80      0x00000020         (0, 1, 2)      [] [S]
    590     0x0001C900       0xFFFFFF80      0x00020000         (0, 1, 9)      [11] []
    591     0x0000DF80       0xFFFFFF80      0x00800000         (0, 0, 11)      [17] []
    592     0x00012800       0xFFFFFF80      0x0080000C         (0, 1, 5)      [17] [N, W]
    593     0x00012180       0xFFFFFF80      0x00000C0E         (0, 1, 4)      [4, 5] [NE, N, W]
    594     0x0001C280       0xFFFFFF80      0x00200000         (0, 1, 8)      [15] []
    595     0x00013B00       0xFFFFFF80      0x00000030         (0, 1, 7)      [] [SW, S]
    596     0x00032F00       0xFFFFFF00      0x00000010         (0, 3, 5)      [] [SW]
    597     0x00011380       0xFFFFFF80      0x00000810         (0, 1, 2)      [5] [SW]
    598     0x00010480       0xFFFFFF80      0x00000421         (0, 1, 0)      [4] [E, S]
    599     0x00017900       0xFFFFFF80      0x00200008         (0, 1, 15)      [15] [W]
    600     0x00006500       0xFFFFFF80      0x00000401         (0, 0, 12)      [4] [E]
    601     0x00009D00       0xFFFFFF80      0x00000002         (0, 0, 3)      [] [NE]
    602     0x0000D980       0xFFFFFF80      0x00000802         (0, 0, 11)      [5] [NE]
    603     0x00018200       0xFFFFFF80      0x00008008         (0, 1, 0)      [9] [W]
    604     0x0004A600       0xFFFFFF00      0x00000200         (0, 4, 4)      [3] []
    605     0x00010F80       0xFFFFFF80      0x00000010         (0, 1, 1)      [] [SW]
    606     0x0001AE80       0xFFFFFF80      0x00040000         (0, 1, 5)      [12] []
    607     0x00011B00       0xFFFFFF80      0x0000000E         (0, 1, 3)      [] [NE, N, W]
    608     0x0000DA00       0xFFFFFF80      0x00001002         (0, 0, 11)      [6] [NE]
    609     0x00014000       0xFFFFFF80      0x00003020         (0, 1, 8)      [6, 7] [S]
    610     0x0001D200       0xFFFFFF80      0x00080000         (0, 1, 10)      [13] []
    611     0x00012200       0xFFFFFF80      0x0000180E         (0, 1, 4)      [5, 6] [NE, N, W]
    612     0x00007700       0xFFFFFF80      0x00020000         (0, 0, 14)      [11] []
    613     0x00032900       0xFFFFFF00      0x00000010         (0, 3, 5)      [] [SW]
    614     0x0001B680       0xFFFFFF80      0x00008010         (0, 1, 6)      [9] [SW]
    615     0x0001C880       0xFFFFFF80      0x00010000         (0, 1, 9)      [10] []
    616     0x0001EF00       0xFFFFFF80      0x00800000         (0, 1, 13)      [17] []
    617     0x0001AD80       0xFFFFFF80      0x00010000         (0, 1, 5)      [10] []
    618     0x00012D80       0xFFFFFF80      0x00FFFF8C         (0, 1, 5)      [1, 2, 3, 4, 5, 6, 7, 8, 9, 10, 11, 12, 13, 14, 15, 16, 17] [N, W]
    619     0x00014800       0xFFFFFF80      0x00000020         (0, 1, 9)      [] [S]
    620     0x00010C00       0xFFFFFF80      0x00000021         (0, 1, 1)      [] [E, S]
    621     0x0000B100       0xFFFFFF80      0x00020000         (0, 0, 6)      [11] []
    622     0x00018000       0xFFFFFF80      0x00000808         (0, 1, 0)      [5] [W]
    623     0x00009100       0xFFFFFF80      0x00000802         (0, 0, 2)      [5] [NE]
    624     0x00011900       0xFFFFFF80      0x0040000C         (0, 1, 3)      [16] [N, W]
    625     0x00013B80       0xFFFFFF80      0x00000030         (0, 1, 7)      [] [SW, S]
    626     0x00008F00       0xFFFFFF80      0x00000082         (0, 0, 1)      [1] [NE]
    627     0x00015400       0xFFFFFF80      0x00000020         (0, 1, 10)      [] [S]
    628     0x00011080       0xFFFFFF80      0x00000010         (0, 1, 2)      [] [SW]
    629     0x00032D00       0xFFFFFF00      0x00000010         (0, 3, 5)      [] [SW]
    630     0x00013C80       0xFFFFFF80      0x00000030         (0, 1, 7)      [] [SW, S]
    631     0x0000F200       0xFFFFFF80      0x00000020         (0, 0, 14)      [] [S]
    632     0x00019100       0xFFFFFF80      0x00400020         (0, 1, 2)      [16] [S]
    633     0x00011480       0xFFFFFF80      0x00002010         (0, 1, 2)      [7] [SW]
    634     0x00006480       0xFFFFFF80      0x00000203         (0, 0, 12)      [3] [E, NE]
    635     0x0004CC00       0xFFFFFF00      0x00000004         (0, 4, 9)      [] [N]
    636     0x00017380       0xFFFFFF80      0x00000408         (0, 1, 14)      [4] [W]
    637     0x0000ED00       0xFFFFFF80      0x00200021         (0, 0, 13)      [15] [E, S]
    638     0x0000BF80       0xFFFFFF80      0x00020000         (0, 0, 7)      [11] []
    639     0x0004B400       0xFFFFFF00      0x00800000         (0, 4, 6)      [17] []
    640     0x00019900       0xFFFFFF80      0x00010000         (0, 1, 3)      [10] []
    641     0x00001B80       0xFFFFFF80      0x00000101         (0, 0, 3)      [2] [E]
    642     0x0000DB00       0xFFFFFF80      0x00004002         (0, 0, 11)      [8] [NE]
    643     0x0000A300       0xFFFFFF80      0x00040000         (0, 0, 4)      [12] []
    644     0x00011C00       0xFFFFFF80      0x00000006         (0, 1, 3)      [] [NE, N]
    645     0x0001A280       0xFFFFFF80      0x00004000         (0, 1, 4)      [8] []
    646     0x0000FB00       0xFFFFFF80      0x00100021         (0, 0, 15)      [14] [E, S]
    647     0x00018180       0xFFFFFF80      0x00004008         (0, 1, 0)      [8] [W]
    648     0x00024400       0xFFFFFF80      0x00000002         (0, 2, 8)      [] [NE]
    649     0x0004B300       0xFFFFFF00      0x00400000         (0, 4, 6)      [16] []
    650     0x00009E80       0xFFFFFF80      0x00000202         (0, 0, 3)      [3] [NE]
    651     0x00003A00       0xFFFFFF80      0x00000801         (0, 0, 7)      [5] [E]
    652     0x00019A00       0xFFFFFF80      0x00040000         (0, 1, 3)      [12] []
    653     0x00023900       0xFFFFFF80      0x00000010         (0, 2, 7)      [] [SW]
    654     0x0000A000       0xFFFFFF80      0x00001003         (0, 0, 4)      [6] [E, NE]
    655     0x00015880       0xFFFFFF80      0x000000B0         (0, 1, 11)      [1] [SW, S]
    656     0x0000AE00       0xFFFFFF80      0x00000801         (0, 0, 5)      [5] [E]
    657     0x00017F80       0xFFFFFF80      0x00000408         (0, 1, 15)      [4] [W]
    658     0x00014880       0xFFFFFF80      0x00000020         (0, 1, 9)      [] [S]
    659     0x00023E80       0xFFFFFF80      0x00010000         (0, 2, 7)      [10] []
    660     0x00013600       0xFFFFFF80      0x00FFFFBD         (0, 1, 6)      [1, 2, 3, 4, 5, 6, 7, 8, 9, 10, 11, 12, 13, 14, 15, 16, 17] [E, N, W, SW, S]
    661     0x00017480       0xFFFFFF80      0x00001008         (0, 1, 14)      [6] [W]
    662     0x0000FE80       0xFFFFFF80      0x00000021         (0, 0, 15)      [] [E, S]
    663     0x00023800       0xFFFFFF80      0x00000010         (0, 2, 7)      [] [SW]
    664     0x00032800       0xFFFFFF00      0x00000010         (0, 3, 5)      [] [SW]
    665     0x00010600       0xFFFFFF80      0x00002021         (0, 1, 0)      [7] [E, S]
    666     0x00012880       0xFFFFFF80      0x0000000E         (0, 1, 5)      [] [NE, N, W]
    667     0x00018E80       0xFFFFFF80      0x00020020         (0, 1, 1)      [11] [S]
    668     0x00018D00       0xFFFFFF80      0x00004020         (0, 1, 1)      [8] [S]
    669     0x00004800       0xFFFFFF80      0x00000401         (0, 0, 9)      [4] [E]
    670     0x00012E00       0xFFFFFF80      0x00FFFF8E         (0, 1, 5)      [1, 2, 3, 4, 5, 6, 7, 8, 9, 10, 11, 12, 13, 14, 15, 16, 17] [NE, N, W]
    671     0x00006800       0xFFFFFF80      0x00010001         (0, 0, 13)      [10] [E]
    672     0x00018080       0xFFFFFF80      0x00001008         (0, 1, 0)      [6] [W]
    673     0x00015200       0xFFFFFF80      0x00200020         (0, 1, 10)      [15] [S]
    674     0x0001CB80       0xFFFFFF80      0x00400000         (0, 1, 9)      [16] []
    675     0x0001A500       0xFFFFFF80      0x00080000         (0, 1, 4)      [13] []
    676     0x00024600       0xFFFFFF80      0x00000002         (0, 2, 8)      [] [NE]
    677     0x00015D80       0xFFFFFF80      0x00020030         (0, 1, 11)      [11] [SW, S]
    678     0x00023680       0xFFFFFF80      0x00000010         (0, 2, 6)      [] [SW]
    679     0x00008400       0xFFFFFF80      0x00004000         (0, 0, 0)      [8] []
    680     0x00001D80       0xFFFFFF80      0x00001001         (0, 0, 3)      [6] [E]
    681     0x0000C980       0xFFFFFF80      0x00000101         (0, 0, 9)      [2] [E]
    682     0x00024280       0xFFFFFF80      0x00000002         (0, 2, 8)      [] [NE]
    683     0x0001B580       0xFFFFFF80      0x00002000         (0, 1, 6)      [7] []
    684     0x00017200       0xFFFFFF80      0x00000088         (0, 1, 14)      [1] [W]
    685     0x00008280       0xFFFFFF80      0x00000800         (0, 0, 0)      [5] []
    686     0x0000DE00       0xFFFFFF80      0x00100000         (0, 0, 11)      [14] []
    687     0x0001D180       0xFFFFFF80      0x00040000         (0, 1, 10)      [12] []
    688     0x0004AD00       0xFFFFFF00      0x00010000         (0, 4, 5)      [10] []
    689     0x0000FA00       0xFFFFFF80      0x00040021         (0, 0, 15)      [12] [E, S]
    690     0x00011580       0xFFFFFF80      0x0000800C         (0, 1, 2)      [9] [N, W]
    691     0x00002B00       0xFFFFFF80      0x00000403         (0, 0, 5)      [4] [E, NE]
    692     0x0000E880       0xFFFFFF80      0x00001003         (0, 0, 13)      [6] [E, NE]
    693     0x00012F80       0xFFFFFF80      0x00FFFFBF         (0, 1, 5)      [1, 2, 3, 4, 5, 6, 7, 8, 9, 10, 11, 12, 13, 14, 15, 16, 17] [E, NE, N, W, SW, S]
    694     0x00011D80       0xFFFFFF80      0x0000000C         (0, 1, 3)      [] [N, W]
    695     0x0001C000       0xFFFFFF80      0x00010010         (0, 1, 8)      [10] [SW]
    696     0x0001A600       0xFFFFFF80      0x00200000         (0, 1, 4)      [15] []
    697     0x00014A80       0xFFFFFF80      0x00000020         (0, 1, 9)      [] [S]
    698     0x0000CD80       0xFFFFFF80      0x00010000         (0, 0, 9)      [10] []
    699     0x0001E780       0xFFFFFF80      0x00100000         (0, 1, 12)      [14] []
    700     0x0001C300       0xFFFFFF80      0x00400000         (0, 1, 8)      [16] []
    701     0x00014100       0xFFFFFF80      0x0000C020         (0, 1, 8)      [8, 9] [S]
    702     0x00017800       0xFFFFFF80      0x00080008         (0, 1, 15)      [13] [W]
    703     0x0001AF80       0xFFFFFF80      0x00100000         (0, 1, 5)      [14] []
    704     0x0000E700       0xFFFFFF80      0x00000203         (0, 0, 12)      [3] [E, NE]
    705     0x0000F280       0xFFFFFF80      0x00000020         (0, 0, 14)      [] [S]
    706     0x0000D900       0xFFFFFF80      0x00000402         (0, 0, 11)      [4] [NE]
    707     0x00008080       0xFFFFFF80      0x00000080         (0, 0, 0)      [1] []
    708     0x00017B80       0xFFFFFF80      0x00000008         (0, 1, 15)      [] [W]
    709     0x00033000       0xFFFFFF00      0x00000010         (0, 3, 6)      [] [SW]
    710     0x00023880       0xFFFFFF80      0x00000010         (0, 2, 7)      [] [SW]
    711     0x0000A380       0xFFFFFF80      0x00080000         (0, 0, 4)      [13] []
    712     0x0000D700       0xFFFFFF80      0x00000002         (0, 0, 10)      [] [NE]
    713     0x00009180       0xFFFFFF80      0x00001002         (0, 0, 2)      [6] [NE]
