router contains 444 entries 
 
  Index   Key(hex)    Mask(hex)    Route(hex)    Src. Core -> [Cores][Links]
------------------------------------------------------------------------------
    0     0x00010180       0xFFFFFF80      0x00400000         (0, 1, 0)      [16] []
    1     0x00004D80       0xFFFFFF80      0x00FFFF8F         (0, 0, 9)      [1, 2, 3, 4, 5, 6, 7, 8, 9, 10, 11, 12, 13, 14, 15, 16, 17] [E, NE, N, W]
    2     0x0000CB00       0xFFFFFF80      0x00000008         (0, 0, 9)      [] [W]
    3     0x00007B00       0xFFFFFF80      0x00004000         (0, 0, 15)      [8] []
    4     0x00004D00       0xFFFFFF80      0x00FFFF8D         (0, 0, 9)      [1, 2, 3, 4, 5, 6, 7, 8, 9, 10, 11, 12, 13, 14, 15, 16, 17] [E, N, W]
    5     0x00011600       0xFFFFFF80      0x00000008         (0, 1, 2)      [] [W]
    6     0x00021580       0xFFFFFF80      0x00000008         (0, 2, 2)      [] [W]
    7     0x00011580       0xFFFFFF80      0x00000008         (0, 1, 2)      [] [W]
    8     0x00005280       0xFFFFFF80      0x00FFFF8F         (0, 0, 10)      [1, 2, 3, 4, 5, 6, 7, 8, 9, 10, 11, 12, 13, 14, 15, 16, 17] [E, NE, N, W]
    9     0x00000600       0xFFFFFF80      0x00001001         (0, 0, 0)      [6] [E]
    10     0x00023900       0xFFFFFF80      0x00800000         (0, 2, 7)      [17] []
    11     0x0000F000       0xFFFFFF80      0x00010000         (0, 0, 14)      [10] []
    12     0x00003600       0xFFFFFF80      0x00200000         (0, 0, 6)      [15] []
    13     0x0002EA00       0xFFFFFF00      0x00040000         (0, 2, 13)      [12] []
    14     0x00004200       0xFFFFFF80      0x00030000         (0, 0, 8)      [10, 11] []
    15     0x00012200       0xFFFFFF80      0x00000018         (0, 1, 4)      [] [W, SW]
    16     0x0000D580       0xFFFFFF80      0x00200008         (0, 0, 10)      [15] [W]
    17     0x00006180       0xFFFFFF80      0x00300000         (0, 0, 12)      [14, 15] []
    18     0x00015780       0xFFFFFF80      0x00800000         (0, 1, 10)      [17] []
    19     0x00037D00       0xFFFFFF00      0x00000004         (0, 3, 15)      [] [N]
    20     0x00000400       0xFFFFFF80      0x00000100         (0, 0, 0)      [2] []
    21     0x00004500       0xFFFFFF80      0x00C00000         (0, 0, 8)      [16, 17] []
    22     0x0000C300       0xFFFFFF80      0x00002000         (0, 0, 8)      [7] []
    23     0x0002E600       0xFFFFFF00      0x00004000         (0, 2, 12)      [8] []
    24     0x00036400       0xFFFFFF00      0x00000002         (0, 3, 12)      [] [NE]
    25     0x00004280       0xFFFFFF80      0x00060000         (0, 0, 8)      [11, 12] []
    26     0x00009780       0xFFFFFF80      0x00002000         (0, 0, 2)      [7] []
    27     0x00009300       0xFFFFFF80      0x00000018         (0, 0, 2)      [] [W, SW]
    28     0x0000A580       0xFFFFFF80      0x00001000         (0, 0, 4)      [6] []
    29     0x00008880       0xFFFFFF80      0x00001008         (0, 0, 1)      [6] [W]
    30     0x0000D900       0xFFFFFF80      0x00000008         (0, 0, 11)      [] [W]
    31     0x0000CF00       0xFFFFFF80      0x00000008         (0, 0, 9)      [] [W]
    32     0x0000C600       0xFFFFFF80      0x00080000         (0, 0, 8)      [13] []
    33     0x00012100       0xFFFFFF80      0x00000008         (0, 1, 4)      [] [W]
    34     0x00011F00       0xFFFFFF80      0x00800008         (0, 1, 3)      [17] [W]
    35     0x00009B00       0xFFFFFF80      0x00100000         (0, 0, 3)      [14] []
    36     0x00024000       0xFFFFFF80      0x00000008         (0, 2, 8)      [] [W]
    37     0x00017800       0xFFFFFF80      0x00000008         (0, 1, 15)      [] [W]
    38     0x00023780       0xFFFFFF80      0x00100000         (0, 2, 6)      [14] []
    39     0x00005780       0xFFFFFF80      0x00FFFF80         (0, 0, 10)      [1, 2, 3, 4, 5, 6, 7, 8, 9, 10, 11, 12, 13, 14, 15, 16, 17] []
    40     0x0000CA00       0xFFFFFF80      0x00000008         (0, 0, 9)      [] [W]
    41     0x00005E80       0xFFFFFF80      0x0000C000         (0, 0, 11)      [8, 9] []
    42     0x00038000       0xFFFFFF00      0x00000004         (0, 3, 0)      [] [N]
    43     0x00001980       0xFFFFFF80      0x00400000         (0, 0, 3)      [16] []
    44     0x0000D780       0xFFFFFF80      0x00000008         (0, 0, 10)      [] [W]
    45     0x00005800       0xFFFFFF80      0x00FFFF80         (0, 0, 11)      [1, 2, 3, 4, 5, 6, 7, 8, 9, 10, 11, 12, 13, 14, 15, 16, 17] []
    46     0x00003300       0xFFFFFF80      0x00008000         (0, 0, 6)      [9] []
    47     0x0000B780       0xFFFFFF80      0x00080000         (0, 0, 6)      [13] []
    48     0x0002DE00       0xFFFFFF00      0x00000004         (0, 2, 11)      [] [N]
    49     0x00009380       0xFFFFFF80      0x00000018         (0, 0, 2)      [] [W, SW]
    50     0x00010E80       0xFFFFFF80      0x00080000         (0, 1, 1)      [13] []
    51     0x00011680       0xFFFFFF80      0x00000008         (0, 1, 2)      [] [W]
    52     0x00004E00       0xFFFFFF80      0x00FFFF8F         (0, 0, 9)      [1, 2, 3, 4, 5, 6, 7, 8, 9, 10, 11, 12, 13, 14, 15, 16, 17] [E, NE, N, W]
    53     0x00001300       0xFFFFFF80      0x00000200         (0, 0, 2)      [3] []
    54     0x0001C180       0xFFFFFF80      0x00000001         (0, 1, 8)      [] [E]
    55     0x00003380       0xFFFFFF80      0x00010000         (0, 0, 6)      [10] []
    56     0x00012400       0xFFFFFF80      0x00000018         (0, 1, 4)      [] [W, SW]
    57     0x00002600       0xFFFFFF80      0x00040001         (0, 0, 4)      [12] [E]
    58     0x0000A500       0xFFFFFF80      0x00000800         (0, 0, 4)      [5] []
    59     0x0000D380       0xFFFFFF80      0x00020008         (0, 0, 10)      [11] [W]
    60     0x00007C00       0xFFFFFF80      0x00010000         (0, 0, 15)      [10] []
    61     0x00006D80       0xFFFFFF80      0x00010000         (0, 0, 13)      [10] []
    62     0x00000980       0xFFFFFF80      0x00080001         (0, 0, 1)      [13] [E]
    63     0x00005480       0xFFFFFF80      0x00FFFF80         (0, 0, 10)      [1, 2, 3, 4, 5, 6, 7, 8, 9, 10, 11, 12, 13, 14, 15, 16, 17] []
    64     0x00011E00       0xFFFFFF80      0x00200008         (0, 1, 3)      [15] [W]
    65     0x0000C380       0xFFFFFF80      0x00004000         (0, 0, 8)      [8] []
    66     0x00005880       0xFFFFFF80      0x00FFFF80         (0, 0, 11)      [1, 2, 3, 4, 5, 6, 7, 8, 9, 10, 11, 12, 13, 14, 15, 16, 17] []
    67     0x0000F080       0xFFFFFF80      0x00020000         (0, 0, 14)      [11] []
    68     0x00004B00       0xFFFFFF80      0x00FFFF80         (0, 0, 9)      [1, 2, 3, 4, 5, 6, 7, 8, 9, 10, 11, 12, 13, 14, 15, 16, 17] []
    69     0x00011C80       0xFFFFFF80      0x00000008         (0, 1, 3)      [] [W]
    70     0x00001900       0xFFFFFF80      0x00200000         (0, 0, 3)      [15] []
    71     0x00000B00       0xFFFFFF80      0x00400001         (0, 0, 1)      [16] [E]
    72     0x00023D80       0xFFFFFF80      0x00000008         (0, 2, 7)      [] [W]
    73     0x00004080       0xFFFFFF80      0x00006000         (0, 0, 8)      [8, 7] []
    74     0x0000F100       0xFFFFFF80      0x00040000         (0, 0, 14)      [12] []
    75     0x0000A600       0xFFFFFF80      0x00002000         (0, 0, 4)      [7] []
    76     0x00010200       0xFFFFFF80      0x00800000         (0, 1, 0)      [17] []
    77     0x00009800       0xFFFFFF80      0x00004000         (0, 0, 3)      [8] []
    78     0x00008900       0xFFFFFF80      0x00002008         (0, 0, 1)      [7] [W]
    79     0x00001800       0xFFFFFF80      0x00080000         (0, 0, 3)      [13] []
    80     0x00000380       0xFFFFFF80      0x00000080         (0, 0, 0)      [1] []
    81     0x00001500       0xFFFFFF80      0x00002000         (0, 0, 2)      [7] []
    82     0x00008980       0xFFFFFF80      0x00004008         (0, 0, 1)      [8] [W]
    83     0x00007100       0xFFFFFF80      0x00800000         (0, 0, 14)      [17] []
    84     0x0000B700       0xFFFFFF80      0x00040000         (0, 0, 6)      [12] []
    85     0x00011780       0xFFFFFF80      0x00000008         (0, 1, 2)      [] [W]
    86     0x00006B80       0xFFFFFF80      0x00001000         (0, 0, 13)      [6] []
    87     0x00002180       0xFFFFFF80      0x00000201         (0, 0, 4)      [3] [E]
    88     0x00005100       0xFFFFFF80      0x00FFFF8F         (0, 0, 10)      [1, 2, 3, 4, 5, 6, 7, 8, 9, 10, 11, 12, 13, 14, 15, 16, 17] [E, NE, N, W]
    89     0x0000CD80       0xFFFFFF80      0x00000008         (0, 0, 9)      [] [W]
    90     0x00008C80       0xFFFFFF80      0x00100008         (0, 0, 1)      [14] [W]
    91     0x0002EE00       0xFFFFFF00      0x00400000         (0, 2, 13)      [16] []
    92     0x00023480       0xFFFFFF80      0x00004000         (0, 2, 6)      [8] []
    93     0x00009880       0xFFFFFF80      0x00008000         (0, 0, 3)      [9] []
    94     0x00003480       0xFFFFFF80      0x00040000         (0, 0, 6)      [12] []
    95     0x0002EB00       0xFFFFFF00      0x00080000         (0, 2, 13)      [13] []
    96     0x00037B00       0xFFFFFF00      0x00000004         (0, 3, 15)      [] [N]
    97     0x00019A00       0xFFFFFF80      0x00000001         (0, 1, 3)      [] [E]
    98     0x00001680       0xFFFFFF80      0x00010000         (0, 0, 2)      [10] []
    99     0x00017680       0xFFFFFF80      0x00000008         (0, 1, 14)      [] [W]
    100     0x00001200       0xFFFFFF80      0x00000080         (0, 0, 2)      [1] []
    101     0x0000CC00       0xFFFFFF80      0x00000008         (0, 0, 9)      [] [W]
    102     0x0000B400       0xFFFFFF80      0x00001000         (0, 0, 6)      [6] []
    103     0x00004E80       0xFFFFFF80      0x00FFFF8D         (0, 0, 9)      [1, 2, 3, 4, 5, 6, 7, 8, 9, 10, 11, 12, 13, 14, 15, 16, 17] [E, N, W]
    104     0x0000E180       0xFFFFFF80      0x00010000         (0, 0, 12)      [10] []
    105     0x0000C780       0xFFFFFF80      0x00400000         (0, 0, 8)      [16] []
    106     0x00004F00       0xFFFFFF80      0x00FFFF8D         (0, 0, 9)      [1, 2, 3, 4, 5, 6, 7, 8, 9, 10, 11, 12, 13, 14, 15, 16, 17] [E, N, W]
    107     0x00005700       0xFFFFFF80      0x00FFFF80         (0, 0, 10)      [1, 2, 3, 4, 5, 6, 7, 8, 9, 10, 11, 12, 13, 14, 15, 16, 17] []
    108     0x00003400       0xFFFFFF80      0x00020000         (0, 0, 6)      [11] []
    109     0x00005F80       0xFFFFFF80      0x00030000         (0, 0, 11)      [10, 11] []
    110     0x00023600       0xFFFFFF80      0x00020000         (0, 2, 6)      [11] []
    111     0x00008680       0xFFFFFF80      0x00000008         (0, 0, 0)      [] [W]
    112     0x00019A80       0xFFFFFF80      0x00000001         (0, 1, 3)      [] [E]
    113     0x0000E200       0xFFFFFF80      0x00020000         (0, 0, 12)      [11] []
    114     0x00009400       0xFFFFFF80      0x00000018         (0, 0, 2)      [] [W, SW]
    115     0x00000580       0xFFFFFF80      0x00000801         (0, 0, 0)      [5] [E]
    116     0x0000D600       0xFFFFFF80      0x00400008         (0, 0, 10)      [16] [W]
    117     0x0000B800       0xFFFFFF80      0x00100000         (0, 0, 7)      [14] []
    118     0x00007C80       0xFFFFFF80      0x00020000         (0, 0, 15)      [11] []
    119     0x00007A80       0xFFFFFF80      0x00002000         (0, 0, 15)      [7] []
    120     0x0002E700       0xFFFFFF00      0x00008000         (0, 2, 12)      [9] []
    121     0x0000D400       0xFFFFFF80      0x00040008         (0, 0, 10)      [12] [W]
    122     0x00038400       0xFFFFFF00      0x00000004         (0, 3, 0)      [] [N]
    123     0x00000780       0xFFFFFF80      0x00008001         (0, 0, 0)      [9] [E]
    124     0x00002300       0xFFFFFF80      0x00001001         (0, 0, 4)      [6] [E]
    125     0x0000F180       0xFFFFFF80      0x00080000         (0, 0, 14)      [13] []
    126     0x00014980       0xFFFFFF80      0x00400000         (0, 1, 9)      [16] []
    127     0x00003680       0xFFFFFF80      0x00400000         (0, 0, 6)      [16] []
    128     0x0000B880       0xFFFFFF80      0x00200000         (0, 0, 7)      [15] []
    129     0x00005080       0xFFFFFF80      0x00FFFF8F         (0, 0, 10)      [1, 2, 3, 4, 5, 6, 7, 8, 9, 10, 11, 12, 13, 14, 15, 16, 17] [E, NE, N, W]
    130     0x00024100       0xFFFFFF80      0x00000008         (0, 2, 8)      [] [W]
    131     0x0001A480       0xFFFFFF80      0x00000001         (0, 1, 4)      [] [E]
    132     0x00000900       0xFFFFFF80      0x00040001         (0, 0, 1)      [12] [E]
    133     0x00000800       0xFFFFFF80      0x00010001         (0, 0, 1)      [10] [E]
    134     0x00005300       0xFFFFFF80      0x00FFFF8F         (0, 0, 10)      [1, 2, 3, 4, 5, 6, 7, 8, 9, 10, 11, 12, 13, 14, 15, 16, 17] [E, NE, N, W]
    135     0x00023F80       0xFFFFFF80      0x00000008         (0, 2, 7)      [] [W]
    136     0x00023700       0xFFFFFF80      0x00080000         (0, 2, 6)      [13] []
    137     0x00010E00       0xFFFFFF80      0x00040000         (0, 1, 1)      [12] []
    138     0x0000C480       0xFFFFFF80      0x00010000         (0, 0, 8)      [10] []
    139     0x00017900       0xFFFFFF80      0x00000008         (0, 1, 15)      [] [W]
    140     0x00017380       0xFFFFFF80      0x00000008         (0, 1, 14)      [] [W]
    141     0x00002580       0xFFFFFF80      0x00020001         (0, 0, 4)      [11] [E]
    142     0x00007E80       0xFFFFFF80      0x00200000         (0, 0, 15)      [15] []
    143     0x00008E80       0xFFFFFF80      0x00000008         (0, 0, 1)      [] [W]
    144     0x00024500       0xFFFFFF80      0x00000008         (0, 2, 8)      [] [W]
    145     0x00012480       0xFFFFFF80      0x00000018         (0, 1, 4)      [] [W, SW]
    146     0x00000A80       0xFFFFFF80      0x00200001         (0, 0, 1)      [15] [E]
    147     0x00008F00       0xFFFFFF80      0x00000008         (0, 0, 1)      [] [W]
    148     0x0000B500       0xFFFFFF80      0x00004000         (0, 0, 6)      [8] []
    149     0x00013B80       0xFFFFFF80      0x00400000         (0, 1, 7)      [16] []
    150     0x00008D00       0xFFFFFF80      0x00200008         (0, 0, 1)      [15] [W]
    151     0x00023300       0xFFFFFF80      0x00000800         (0, 2, 6)      [5] []
    152     0x00024080       0xFFFFFF80      0x00000008         (0, 2, 8)      [] [W]
    153     0x00004480       0xFFFFFF80      0x00600000         (0, 0, 8)      [16, 15] []
    154     0x00005580       0xFFFFFF80      0x00FFFF80         (0, 0, 10)      [1, 2, 3, 4, 5, 6, 7, 8, 9, 10, 11, 12, 13, 14, 15, 16, 17] []
    155     0x00011500       0xFFFFFF80      0x00000008         (0, 1, 2)      [] [W]
    156     0x00012180       0xFFFFFF80      0x00000008         (0, 1, 4)      [] [W]
    157     0x00001780       0xFFFFFF80      0x00040000         (0, 0, 2)      [12] []
    158     0x00011000       0xFFFFFF80      0x00400000         (0, 1, 2)      [16] []
    159     0x00000500       0xFFFFFF80      0x00000401         (0, 0, 0)      [4] [E]
    160     0x00009080       0xFFFFFF80      0x00000008         (0, 0, 2)      [] [W]
    161     0x00037900       0xFFFFFF00      0x00000004         (0, 3, 15)      [] [N]
    162     0x00009580       0xFFFFFF80      0x00000018         (0, 0, 2)      [] [W, SW]
    163     0x00004000       0xFFFFFF80      0x00003000         (0, 0, 8)      [6, 7] []
    164     0x0002DF00       0xFFFFFF00      0x00000080         (0, 2, 11)      [1] []
    165     0x00011E80       0xFFFFFF80      0x00400008         (0, 1, 3)      [16] [W]
    166     0x00010100       0xFFFFFF80      0x00200000         (0, 1, 0)      [15] []
    167     0x00001A00       0xFFFFFF80      0x00800000         (0, 0, 3)      [17] []
    168     0x00006000       0xFFFFFF80      0x00060000         (0, 0, 12)      [11, 12] []
    169     0x0000AB00       0xFFFFFF80      0x00800000         (0, 0, 5)      [17] []
    170     0x0000A980       0xFFFFFF80      0x00100000         (0, 0, 5)      [14] []
    171     0x00017200       0xFFFFFF80      0x00000008         (0, 1, 14)      [] [W]
    172     0x00017780       0xFFFFFF80      0x00000008         (0, 1, 14)      [] [W]
    173     0x00012000       0xFFFFFF80      0x00000008         (0, 1, 4)      [] [W]
    174     0x00021700       0xFFFFFF80      0x00FFFF80         (0, 2, 2)      [1, 2, 3, 4, 5, 6, 7, 8, 9, 10, 11, 12, 13, 14, 15, 16, 17] []
    175     0x00023500       0xFFFFFF80      0x00008000         (0, 2, 6)      [9] []
    176     0x00023F00       0xFFFFFF80      0x00000008         (0, 2, 7)      [] [W]
    177     0x00012D80       0xFFFFFF80      0x00800000         (0, 1, 5)      [17] []
    178     0x00001600       0xFFFFFF80      0x00008000         (0, 0, 2)      [9] []
    179     0x00001480       0xFFFFFF80      0x00001000         (0, 0, 2)      [6] []
    180     0x00008780       0xFFFFFF80      0x00000408         (0, 0, 0)      [4] [W]
    181     0x00002480       0xFFFFFF80      0x00008001         (0, 0, 4)      [9] [E]
    182     0x0000CE80       0xFFFFFF80      0x00000008         (0, 0, 9)      [] [W]
    183     0x0000C400       0xFFFFFF80      0x00008000         (0, 0, 8)      [9] []
    184     0x00002500       0xFFFFFF80      0x00010001         (0, 0, 4)      [10] [E]
    185     0x0002EC00       0xFFFFFF00      0x00100000         (0, 2, 13)      [14] []
    186     0x00008A00       0xFFFFFF80      0x00008008         (0, 0, 1)      [9] [W]
    187     0x00005F00       0xFFFFFF80      0x00018000         (0, 0, 11)      [9, 10] []
    188     0x00009900       0xFFFFFF80      0x00010000         (0, 0, 3)      [10] []
    189     0x00038200       0xFFFFFF00      0x00000004         (0, 3, 0)      [] [N]
    190     0x0000CD00       0xFFFFFF80      0x00000008         (0, 0, 9)      [] [W]
    191     0x00012280       0xFFFFFF80      0x00000018         (0, 1, 4)      [] [W, SW]
    192     0x00037700       0xFFFFFF00      0x00000004         (0, 3, 14)      [] [N]
    193     0x00023800       0xFFFFFF80      0x00200000         (0, 2, 7)      [15] []
    194     0x0000D880       0xFFFFFF80      0x00000008         (0, 0, 11)      [] [W]
    195     0x0000E480       0xFFFFFF80      0x00400000         (0, 0, 12)      [16] []
    196     0x00023680       0xFFFFFF80      0x00040000         (0, 2, 6)      [12] []
    197     0x00009980       0xFFFFFF80      0x00020000         (0, 0, 3)      [11] []
    198     0x00023180       0xFFFFFF80      0x00000100         (0, 2, 6)      [2] []
    199     0x00007F80       0xFFFFFF80      0x00800000         (0, 0, 15)      [17] []
    200     0x00017280       0xFFFFFF80      0x00000008         (0, 1, 14)      [] [W]
    201     0x0000F300       0xFFFFFF80      0x00400000         (0, 0, 14)      [16] []
    202     0x00008B00       0xFFFFFF80      0x00020008         (0, 0, 1)      [11] [W]
    203     0x0000B480       0xFFFFFF80      0x00002000         (0, 0, 6)      [7] []
    204     0x0000B900       0xFFFFFF80      0x00400000         (0, 0, 7)      [16] []
    205     0x00004300       0xFFFFFF80      0x000C0000         (0, 0, 8)      [12, 13] []
    206     0x00007800       0xFFFFFF80      0x00000100         (0, 0, 15)      [2] []
    207     0x00003E00       0xFFFFFF80      0x00000300         (0, 0, 7)      [2, 3] []
    208     0x0000FF00       0xFFFFFF80      0x00020000         (0, 0, 15)      [11] []
    209     0x00007D80       0xFFFFFF80      0x00080000         (0, 0, 15)      [13] []
    210     0x00013C00       0xFFFFFF80      0x00800000         (0, 1, 7)      [17] []
    211     0x0000B580       0xFFFFFF80      0x00008000         (0, 0, 6)      [9] []
    212     0x0000D680       0xFFFFFF80      0x00800008         (0, 0, 10)      [17] [W]
    213     0x00005380       0xFFFFFF80      0x00FFFF8F         (0, 0, 10)      [1, 2, 3, 4, 5, 6, 7, 8, 9, 10, 11, 12, 13, 14, 15, 16, 17] [E, NE, N, W]
    214     0x0002EF00       0xFFFFFF00      0x00800000         (0, 2, 13)      [17] []
    215     0x00003D80       0xFFFFFF80      0x00000180         (0, 0, 7)      [1, 2] []
    216     0x00023200       0xFFFFFF80      0x00000200         (0, 2, 6)      [3] []
    217     0x00000700       0xFFFFFF80      0x00004001         (0, 0, 0)      [8] [E]
    218     0x00005000       0xFFFFFF80      0x00FFFF8F         (0, 0, 10)      [1, 2, 3, 4, 5, 6, 7, 8, 9, 10, 11, 12, 13, 14, 15, 16, 17] [E, NE, N, W]
    219     0x0000A700       0xFFFFFF80      0x00008000         (0, 0, 4)      [9] []
    220     0x00009500       0xFFFFFF80      0x00000018         (0, 0, 2)      [] [W, SW]
    221     0x00012380       0xFFFFFF80      0x00000018         (0, 1, 4)      [] [W, SW]
    222     0x00003D00       0xFFFFFF80      0x00000080         (0, 0, 7)      [1] []
    223     0x00002680       0xFFFFFF80      0x00080001         (0, 0, 4)      [13] [E]
    224     0x00009C00       0xFFFFFF80      0x00400000         (0, 0, 3)      [16] []
    225     0x0000E280       0xFFFFFF80      0x00040000         (0, 0, 12)      [12] []
    226     0x00002100       0xFFFFFF80      0x00000100         (0, 0, 4)      [2] []
    227     0x00005600       0xFFFFFF80      0x00FFFF80         (0, 0, 10)      [1, 2, 3, 4, 5, 6, 7, 8, 9, 10, 11, 12, 13, 14, 15, 16, 17] []
    228     0x00006E80       0xFFFFFF80      0x00040000         (0, 0, 13)      [12] []
    229     0x0000D800       0xFFFFFF80      0x00000008         (0, 0, 11)      [] [W]
    230     0x00017500       0xFFFFFF80      0x00000008         (0, 1, 14)      [] [W]
    231     0x00002280       0xFFFFFF80      0x00000801         (0, 0, 4)      [5] [E]
    232     0x0002E000       0xFFFFFF00      0x00000100         (0, 2, 12)      [2] []
    233     0x00007D00       0xFFFFFF80      0x00040000         (0, 0, 15)      [12] []
    234     0x0000C800       0xFFFFFF80      0x00800000         (0, 0, 9)      [17] []
    235     0x00008C00       0xFFFFFF80      0x00080008         (0, 0, 1)      [13] [W]
    236     0x0000CB80       0xFFFFFF80      0x00000008         (0, 0, 9)      [] [W]
    237     0x0000D480       0xFFFFFF80      0x00080008         (0, 0, 10)      [13] [W]
    238     0x00012580       0xFFFFFF80      0x00000018         (0, 1, 4)      [] [W, SW]
    239     0x00006080       0xFFFFFF80      0x000C0000         (0, 0, 12)      [12, 13] []
    240     0x00007F00       0xFFFFFF80      0x00400000         (0, 0, 15)      [16] []
    241     0x00006F00       0xFFFFFF80      0x00080000         (0, 0, 13)      [13] []
    242     0x00002F00       0xFFFFFF80      0x00000080         (0, 0, 5)      [1] []
    243     0x0000AA00       0xFFFFFF80      0x00200000         (0, 0, 5)      [15] []
    244     0x00010080       0xFFFFFF80      0x00100000         (0, 1, 0)      [14] []
    245     0x00008A80       0xFFFFFF80      0x00010008         (0, 0, 1)      [10] [W]
    246     0x00012D00       0xFFFFFF80      0x00400000         (0, 1, 5)      [16] []
    247     0x0002E100       0xFFFFFF00      0x00000200         (0, 2, 12)      [3] []
    248     0x00024600       0xFFFFFF80      0x00000008         (0, 2, 8)      [] [W]
    249     0x00009000       0xFFFFFF80      0x00000008         (0, 0, 2)      [] [W]
    250     0x00003F00       0xFFFFFF80      0x00000C00         (0, 0, 7)      [4, 5] []
    251     0x00001280       0xFFFFFF80      0x00000100         (0, 0, 2)      [2] []
    252     0x00003E80       0xFFFFFF80      0x00000600         (0, 0, 7)      [3, 4] []
    253     0x00005900       0xFFFFFF80      0x00FFFF80         (0, 0, 11)      [1, 2, 3, 4, 5, 6, 7, 8, 9, 10, 11, 12, 13, 14, 15, 16, 17] []
    254     0x00014A00       0xFFFFFF80      0x00800000         (0, 1, 9)      [17] []
    255     0x00011D00       0xFFFFFF80      0x00080008         (0, 1, 3)      [13] [W]
    256     0x0000A680       0xFFFFFF80      0x00004000         (0, 0, 4)      [8] []
    257     0x00007980       0xFFFFFF80      0x00000800         (0, 0, 15)      [5] []
    258     0x0000C680       0xFFFFFF80      0x00100000         (0, 0, 8)      [14] []
    259     0x00009A00       0xFFFFFF80      0x00040000         (0, 0, 3)      [12] []
    260     0x00007900       0xFFFFFF80      0x00000400         (0, 0, 15)      [4] []
    261     0x00006A00       0xFFFFFF80      0x00000200         (0, 0, 13)      [3] []
    262     0x00035300       0xFFFFFF00      0x00000001         (0, 3, 10)      [] [E]
    263     0x0000AA80       0xFFFFFF80      0x00400000         (0, 0, 5)      [16] []
    264     0x00008B80       0xFFFFFF80      0x00040008         (0, 0, 1)      [12] [W]
    265     0x00006280       0xFFFFFF80      0x00C00000         (0, 0, 12)      [16, 17] []
    266     0x00024480       0xFFFFFF80      0x00000008         (0, 2, 8)      [] [W]
    267     0x00004380       0xFFFFFF80      0x00180000         (0, 0, 8)      [13, 14] []
    268     0x00023280       0xFFFFFF80      0x00000400         (0, 2, 6)      [4] []
    269     0x0000B600       0xFFFFFF80      0x00010000         (0, 0, 6)      [10] []
    270     0x00023580       0xFFFFFF80      0x00010000         (0, 2, 6)      [10] []
    271     0x00006980       0xFFFFFF80      0x00000100         (0, 0, 13)      [2] []
    272     0x0000E500       0xFFFFFF80      0x00800000         (0, 0, 12)      [17] []
    273     0x00002200       0xFFFFFF80      0x00000401         (0, 0, 4)      [4] [E]
    274     0x00013B00       0xFFFFFF80      0x00200000         (0, 1, 7)      [15] []
    275     0x00037500       0xFFFFFF00      0x00000004         (0, 3, 14)      [] [N]
    276     0x00005680       0xFFFFFF80      0x00FFFF80         (0, 0, 10)      [1, 2, 3, 4, 5, 6, 7, 8, 9, 10, 11, 12, 13, 14, 15, 16, 17] []
    277     0x00017700       0xFFFFFF80      0x00000008         (0, 1, 14)      [] [W]
    278     0x00023E00       0xFFFFFF80      0x00000008         (0, 2, 7)      [] [W]
    279     0x0000D980       0xFFFFFF80      0x00000018         (0, 0, 11)      [] [W, SW]
    280     0x0000F380       0xFFFFFF80      0x00800000         (0, 0, 14)      [17] []
    281     0x0000A780       0xFFFFFF80      0x00010000         (0, 0, 4)      [10] []
    282     0x0000B980       0xFFFFFF80      0x00800000         (0, 0, 7)      [17] []
    283     0x00038300       0xFFFFFF00      0x00000004         (0, 3, 0)      [] [N]
    284     0x00005C80       0xFFFFFF80      0x00000C00         (0, 0, 11)      [4, 5] []
    285     0x00008D80       0xFFFFFF80      0x00400008         (0, 0, 1)      [16] [W]
    286     0x0000D000       0xFFFFFF80      0x00000008         (0, 0, 10)      [] [W]
    287     0x00024580       0xFFFFFF80      0x00000008         (0, 2, 8)      [] [W]
    288     0x00008F80       0xFFFFFF80      0x00000008         (0, 0, 1)      [] [W]
    289     0x00011C00       0xFFFFFF80      0x00000008         (0, 1, 3)      [] [W]
    290     0x00038100       0xFFFFFF00      0x00000004         (0, 3, 0)      [] [N]
    291     0x00005C00       0xFFFFFF80      0x00000600         (0, 0, 11)      [3, 4] []
    292     0x00005400       0xFFFFFF80      0x00FFFFAF         (0, 0, 10)      [1, 2, 3, 4, 5, 6, 7, 8, 9, 10, 11, 12, 13, 14, 15, 16, 17] [E, NE, N, W, S]
    293     0x00003500       0xFFFFFF80      0x00080000         (0, 0, 6)      [13] []
    294     0x0002E300       0xFFFFFF00      0x00000800         (0, 2, 12)      [5] []
    295     0x00001400       0xFFFFFF80      0x00000800         (0, 0, 2)      [5] []
    296     0x00011880       0xFFFFFF80      0x00000008         (0, 1, 3)      [] [W]
    297     0x0000D200       0xFFFFFF80      0x00004008         (0, 0, 10)      [8] [W]
    298     0x00006200       0xFFFFFF80      0x00600000         (0, 0, 12)      [16, 15] []
    299     0x0000E300       0xFFFFFF80      0x00080000         (0, 0, 12)      [13] []
    300     0x00002700       0xFFFFFF80      0x00100001         (0, 0, 4)      [14] [E]
    301     0x00005B00       0xFFFFFF80      0x00000180         (0, 0, 11)      [1, 2] []
    302     0x00007B80       0xFFFFFF80      0x00008000         (0, 0, 15)      [9] []
    303     0x00009280       0xFFFFFF80      0x00000018         (0, 0, 2)      [] [W, SW]
    304     0x00005A80       0xFFFFFF80      0x00000080         (0, 0, 11)      [1] []
    305     0x00009C80       0xFFFFFF80      0x00800000         (0, 0, 3)      [17] []
    306     0x00012C80       0xFFFFFF80      0x00200000         (0, 1, 5)      [15] []
    307     0x00011700       0xFFFFFF80      0x00000008         (0, 1, 2)      [] [W]
    308     0x00003580       0xFFFFFF80      0x00100000         (0, 0, 6)      [14] []
    309     0x00003F80       0xFFFFFF80      0x00001800         (0, 0, 7)      [5, 6] []
    310     0x00009100       0xFFFFFF80      0x00000018         (0, 0, 2)      [] [W, SW]
    311     0x00008600       0xFFFFFF80      0x00000008         (0, 0, 0)      [] [W]
    312     0x00023100       0xFFFFFF80      0x00000080         (0, 2, 6)      [1] []
    313     0x00008700       0xFFFFFF80      0x00000208         (0, 0, 0)      [3] [W]
    314     0x00008E00       0xFFFFFF80      0x00800008         (0, 0, 1)      [17] [W]
    315     0x00003080       0xFFFFFF80      0x00000400         (0, 0, 6)      [4] []
    316     0x00006B00       0xFFFFFF80      0x00000800         (0, 0, 13)      [5] []
    317     0x0000C500       0xFFFFFF80      0x00020000         (0, 0, 8)      [11] []
    318     0x00006A80       0xFFFFFF80      0x00000400         (0, 0, 13)      [4] []
    319     0x00023380       0xFFFFFF80      0x00001000         (0, 2, 6)      [6] []
    320     0x0001B880       0xFFFFFF80      0x00000001         (0, 1, 7)      [] [E]
    321     0x00035400       0xFFFFFF00      0x00000001         (0, 3, 10)      [] [E]
    322     0x0001C100       0xFFFFFF80      0x00000001         (0, 1, 8)      [] [E]
    323     0x00006F80       0xFFFFFF80      0x00100000         (0, 0, 13)      [14] []
    324     0x00009180       0xFFFFFF80      0x00000018         (0, 0, 2)      [] [W, SW]
    325     0x00010F00       0xFFFFFF80      0x00100000         (0, 1, 1)      [14] []
    326     0x00017600       0xFFFFFF80      0x00000008         (0, 1, 14)      [] [W]
    327     0x0000F200       0xFFFFFF80      0x00100000         (0, 0, 14)      [14] []
    328     0x00037600       0xFFFFFF00      0x00000004         (0, 3, 14)      [] [N]
    329     0x00038500       0xFFFFFF00      0x00000004         (0, 3, 0)      [] [N]
    330     0x0000CA80       0xFFFFFF80      0x00000008         (0, 0, 9)      [] [W]
    331     0x0002E200       0xFFFFFF00      0x00000400         (0, 2, 12)      [4] []
    332     0x00000680       0xFFFFFF80      0x00002001         (0, 0, 0)      [7] [E]
    333     0x00024180       0xFFFFFF80      0x00000008         (0, 2, 8)      [] [W]
    334     0x0000D080       0xFFFFFF80      0x00000008         (0, 0, 10)      [] [W]
    335     0x00002F80       0xFFFFFF80      0x00000100         (0, 0, 5)      [2] []
    336     0x0000C580       0xFFFFFF80      0x00040000         (0, 0, 8)      [12] []
    337     0x00012080       0xFFFFFF80      0x00000008         (0, 1, 4)      [] [W]
    338     0x0002E400       0xFFFFFF00      0x00001000         (0, 2, 12)      [6] []
    339     0x00010000       0xFFFFFF80      0x00080000         (0, 1, 0)      [13] []
    340     0x00009A80       0xFFFFFF80      0x00080000         (0, 0, 3)      [13] []
    341     0x00037C00       0xFFFFFF00      0x00000004         (0, 3, 15)      [] [N]
    342     0x00011800       0xFFFFFF80      0x00000008         (0, 1, 3)      [] [W]
    343     0x0000FF80       0xFFFFFF80      0x00040000         (0, 0, 15)      [12] []
    344     0x0000A900       0xFFFFFF80      0x00080000         (0, 0, 5)      [13] []
    345     0x00000480       0xFFFFFF80      0x00000201         (0, 0, 0)      [3] [E]
    346     0x00006900       0xFFFFFF80      0x00000080         (0, 0, 13)      [1] []
    347     0x00005D00       0xFFFFFF80      0x00001800         (0, 0, 11)      [5, 6] []
    348     0x00005D80       0xFFFFFF80      0x00003000         (0, 0, 11)      [6, 7] []
    349     0x00002400       0xFFFFFF80      0x00004001         (0, 0, 4)      [8] [E]
    350     0x0000C700       0xFFFFFF80      0x00200000         (0, 0, 8)      [15] []
    351     0x00037A00       0xFFFFFF00      0x00000004         (0, 3, 15)      [] [N]
    352     0x0002E500       0xFFFFFF00      0x00002000         (0, 2, 12)      [7] []
    353     0x0000CF80       0xFFFFFF80      0x00000008         (0, 0, 9)      [] [W]
    354     0x0002E800       0xFFFFFF00      0x00010000         (0, 2, 13)      [10] []
    355     0x00003000       0xFFFFFF80      0x00000200         (0, 0, 6)      [3] []
    356     0x00002800       0xFFFFFF80      0x00400001         (0, 0, 5)      [16] [E]
    357     0x00012C00       0xFFFFFF80      0x00100000         (0, 1, 5)      [14] []
    358     0x00006300       0xFFFFFF80      0x00800000         (0, 0, 12)      [17] []
    359     0x00005B80       0xFFFFFF80      0x00000300         (0, 0, 11)      [2, 3] []
    360     0x0000DA00       0xFFFFFF80      0x00000018         (0, 0, 11)      [] [W, SW]
    361     0x00037F00       0xFFFFFF00      0x00000004         (0, 3, 15)      [] [N]
    362     0x00023D00       0xFFFFFF80      0x00000008         (0, 2, 7)      [] [W]
    363     0x00012500       0xFFFFFF80      0x00000018         (0, 1, 4)      [] [W, SW]
    364     0x0000E400       0xFFFFFF80      0x00200000         (0, 0, 12)      [15] []
    365     0x00005500       0xFFFFFF80      0x00FFFF80         (0, 0, 10)      [1, 2, 3, 4, 5, 6, 7, 8, 9, 10, 11, 12, 13, 14, 15, 16, 17] []
    366     0x00009200       0xFFFFFF80      0x00000018         (0, 0, 2)      [] [W, SW]
    367     0x0000A880       0xFFFFFF80      0x00040000         (0, 0, 5)      [12] []
    368     0x00023400       0xFFFFFF80      0x00002000         (0, 2, 6)      [7] []
    369     0x00000B80       0xFFFFFF80      0x00800001         (0, 0, 1)      [17] [E]
    370     0x0000CC80       0xFFFFFF80      0x00000008         (0, 0, 9)      [] [W]
    371     0x00009680       0xFFFFFF80      0x00000808         (0, 0, 2)      [5] [W]
    372     0x00004F80       0xFFFFFF80      0x00FFFF8F         (0, 0, 9)      [1, 2, 3, 4, 5, 6, 7, 8, 9, 10, 11, 12, 13, 14, 15, 16, 17] [E, NE, N, W]
    373     0x00017300       0xFFFFFF80      0x00000008         (0, 1, 14)      [] [W]
    374     0x00011080       0xFFFFFF80      0x00800000         (0, 1, 2)      [17] []
    375     0x0002ED00       0xFFFFFF00      0x00200000         (0, 2, 13)      [15] []
    376     0x00001880       0xFFFFFF80      0x00100000         (0, 0, 3)      [14] []
    377     0x0000D500       0xFFFFFF80      0x00100008         (0, 0, 10)      [14] [W]
    378     0x00002080       0xFFFFFF80      0x00000080         (0, 0, 4)      [1] []
    379     0x00011900       0xFFFFFF80      0x00000008         (0, 1, 3)      [] [W]
    380     0x00007880       0xFFFFFF80      0x00000200         (0, 0, 15)      [3] []
    381     0x00006100       0xFFFFFF80      0x00180000         (0, 0, 12)      [13, 14] []
    382     0x00004100       0xFFFFFF80      0x0000C000         (0, 0, 8)      [8, 9] []
    383     0x00006D00       0xFFFFFF80      0x00008000         (0, 0, 13)      [9] []
    384     0x00007A00       0xFFFFFF80      0x00001000         (0, 0, 15)      [6] []
    385     0x00002780       0xFFFFFF80      0x00200001         (0, 0, 4)      [15] [E]
    386     0x00004B80       0xFFFFFF80      0x00FFFF80         (0, 0, 9)      [1, 2, 3, 4, 5, 6, 7, 8, 9, 10, 11, 12, 13, 14, 15, 16, 17] []
    387     0x0000E380       0xFFFFFF80      0x00100000         (0, 0, 12)      [14] []
    388     0x00003200       0xFFFFFF80      0x00002000         (0, 0, 6)      [7] []
    389     0x00004180       0xFFFFFF80      0x00018000         (0, 0, 8)      [9, 10] []
    390     0x00012300       0xFFFFFF80      0x00000018         (0, 1, 4)      [] [W, SW]
    391     0x00005200       0xFFFFFF80      0x00FFFF8F         (0, 0, 10)      [1, 2, 3, 4, 5, 6, 7, 8, 9, 10, 11, 12, 13, 14, 15, 16, 17] [E, NE, N, W]
    392     0x00002880       0xFFFFFF80      0x00800001         (0, 0, 5)      [17] [E]
    393     0x00009B80       0xFFFFFF80      0x00200000         (0, 0, 3)      [15] []
    394     0x00004C80       0xFFFFFF80      0x00FFFF8C         (0, 0, 9)      [1, 2, 3, 4, 5, 6, 7, 8, 9, 10, 11, 12, 13, 14, 15, 16, 17] [N, W]
    395     0x00037800       0xFFFFFF00      0x00000004         (0, 3, 15)      [] [N]
    396     0x00011D80       0xFFFFFF80      0x00100008         (0, 1, 3)      [14] [W]
    397     0x0001B800       0xFFFFFF80      0x00000001         (0, 1, 7)      [] [E]
    398     0x00017880       0xFFFFFF80      0x00000008         (0, 1, 15)      [] [W]
    399     0x00004C00       0xFFFFFF80      0x00FFFF8C         (0, 0, 9)      [1, 2, 3, 4, 5, 6, 7, 8, 9, 10, 11, 12, 13, 14, 15, 16, 17] [N, W]
    400     0x0000D700       0xFFFFFF80      0x00000008         (0, 0, 10)      [] [W]
    401     0x00009480       0xFFFFFF80      0x00000018         (0, 0, 2)      [] [W, SW]
    402     0x00023E80       0xFFFFFF80      0x00000008         (0, 2, 7)      [] [W]
    403     0x00004580       0xFFFFFF80      0x00800000         (0, 0, 8)      [17] []
    404     0x0000B680       0xFFFFFF80      0x00020000         (0, 0, 6)      [11] []
    405     0x00036500       0xFFFFFF00      0x00000002         (0, 3, 12)      [] [NE]
    406     0x00009700       0xFFFFFF80      0x00001000         (0, 0, 2)      [6] []
    407     0x00002380       0xFFFFFF80      0x00002001         (0, 0, 4)      [7] [E]
    408     0x00023880       0xFFFFFF80      0x00400000         (0, 2, 7)      [16] []
    409     0x00007E00       0xFFFFFF80      0x00100000         (0, 0, 15)      [14] []
    410     0x00037E00       0xFFFFFF00      0x00000004         (0, 3, 15)      [] [N]
    411     0x00000A00       0xFFFFFF80      0x00100001         (0, 0, 1)      [14] [E]
    412     0x00009600       0xFFFFFF80      0x00000408         (0, 0, 2)      [4] [W]
    413     0x00007000       0xFFFFFF80      0x00200000         (0, 0, 14)      [15] []
    414     0x0000F280       0xFFFFFF80      0x00200000         (0, 0, 14)      [15] []
    415     0x00008800       0xFFFFFF80      0x00000808         (0, 0, 1)      [5] [W]
    416     0x00007080       0xFFFFFF80      0x00400000         (0, 0, 14)      [16] []
    417     0x0000A800       0xFFFFFF80      0x00020000         (0, 0, 5)      [11] []
    418     0x00010F80       0xFFFFFF80      0x00200000         (0, 1, 1)      [15] []
    419     0x00000880       0xFFFFFF80      0x00020001         (0, 0, 1)      [11] [E]
    420     0x00006E00       0xFFFFFF80      0x00020000         (0, 0, 13)      [11] []
    421     0x00004400       0xFFFFFF80      0x00300000         (0, 0, 8)      [14, 15] []
    422     0x00011F80       0xFFFFFF80      0x00000008         (0, 1, 3)      [] [W]
    423     0x00001580       0xFFFFFF80      0x00004000         (0, 0, 2)      [8] []
    424     0x00017980       0xFFFFFF80      0x00000008         (0, 1, 15)      [] [W]
    425     0x00005E00       0xFFFFFF80      0x00006000         (0, 0, 11)      [8, 7] []
    426     0x00005180       0xFFFFFF80      0x00FFFF8F         (0, 0, 10)      [1, 2, 3, 4, 5, 6, 7, 8, 9, 10, 11, 12, 13, 14, 15, 16, 17] [E, NE, N, W]
    427     0x00017480       0xFFFFFF80      0x00000008         (0, 1, 14)      [] [W]
    428     0x00001380       0xFFFFFF80      0x00000400         (0, 0, 2)      [4] []
    429     0x0000D280       0xFFFFFF80      0x00008008         (0, 0, 10)      [9] [W]
    430     0x00017400       0xFFFFFF80      0x00000008         (0, 1, 14)      [] [W]
    431     0x00005980       0xFFFFFF80      0x00FFFF80         (0, 0, 11)      [1, 2, 3, 4, 5, 6, 7, 8, 9, 10, 11, 12, 13, 14, 15, 16, 17] []
    432     0x00003280       0xFFFFFF80      0x00004000         (0, 0, 6)      [8] []
    433     0x00017580       0xFFFFFF80      0x00000008         (0, 1, 14)      [] [W]
    434     0x0000E100       0xFFFFFF80      0x00008000         (0, 0, 12)      [9] []
    435     0x00003700       0xFFFFFF80      0x00800000         (0, 0, 6)      [17] []
    436     0x00003180       0xFFFFFF80      0x00001000         (0, 0, 6)      [6] []
    437     0x0002E900       0xFFFFFF00      0x00020000         (0, 2, 13)      [11] []
    438     0x00003100       0xFFFFFF80      0x00000800         (0, 0, 6)      [5] []
    439     0x0000D300       0xFFFFFF80      0x00010008         (0, 0, 10)      [10] [W]
    440     0x00006C00       0xFFFFFF80      0x00002000         (0, 0, 13)      [7] []
    441     0x00006C80       0xFFFFFF80      0x00004000         (0, 0, 13)      [8] []
    442     0x0000CE00       0xFFFFFF80      0x00000008         (0, 0, 9)      [] [W]
    443     0x00001700       0xFFFFFF80      0x00020000         (0, 0, 2)      [11] []
