router contains 112 entries 
 
  Index   Key(hex)    Mask(hex)    Route(hex)    Src. Core -> [Cores][Links]
------------------------------------------------------------------------------
    0     0x0000D000       0xFFFFFF80      0x00000008         (0, 0, 10)      [] [W]
    1     0x00030E00       0xFFFFFF00      0x00000004         (0, 3, 1)      [] [N]
    2     0x00029C00       0xFFFFFF00      0x00000004         (0, 2, 3)      [] [N]
    3     0x00030300       0xFFFFFF00      0x00000004         (0, 3, 0)      [] [N]
    4     0x0000CD00       0xFFFFFF80      0x00000008         (0, 0, 9)      [] [W]
    5     0x00023280       0xFFFFFF80      0x00080001         (0, 2, 6)      [13] [E]
    6     0x0002A300       0xFFFFFF00      0x00000004         (0, 2, 4)      [] [N]
    7     0x00011980       0xFFFFFF80      0x00000008         (0, 1, 3)      [] [W]
    8     0x00029D00       0xFFFFFF00      0x00000004         (0, 2, 3)      [] [N]
    9     0x00024480       0xFFFFFF80      0x00000008         (0, 2, 8)      [] [W]
    10     0x00022F00       0xFFFFFF80      0x00001000         (0, 2, 5)      [6] []
    11     0x00023200       0xFFFFFF80      0x00040001         (0, 2, 6)      [12] [E]
    12     0x00009400       0xFFFFFF80      0x00000008         (0, 0, 2)      [] [W]
    13     0x00030400       0xFFFFFF00      0x00000004         (0, 3, 0)      [] [N]
    14     0x00008600       0xFFFFFF80      0x00000008         (0, 0, 0)      [] [W]
    15     0x00024380       0xFFFFFF80      0x00000008         (0, 2, 8)      [] [W]
    16     0x00035300       0xFFFFFF00      0x00000002         (0, 3, 10)      [] [NE]
    17     0x0002A900       0xFFFFFF00      0x00000004         (0, 2, 5)      [] [N]
    18     0x00023980       0xFFFFFF80      0x00000001         (0, 2, 7)      [] [E]
    19     0x00023C80       0xFFFFFF80      0x00000401         (0, 2, 7)      [4] [E]
    20     0x00023B00       0xFFFFFF80      0x00000081         (0, 2, 7)      [1] [E]
    21     0x00029F00       0xFFFFFF00      0x00000004         (0, 2, 3)      [] [N]
    22     0x00023080       0xFFFFFF80      0x00008001         (0, 2, 6)      [9] [E]
    23     0x00023300       0xFFFFFF80      0x00100000         (0, 2, 6)      [14] []
    24     0x00021580       0xFFFFFF80      0x00000F80         (0, 2, 2)      [1, 2, 3, 4, 5] []
    25     0x00009500       0xFFFFFF80      0x00000008         (0, 0, 2)      [] [W]
    26     0x00030600       0xFFFFFF00      0x00000004         (0, 3, 0)      [] [N]
    27     0x00011880       0xFFFFFF80      0x00000008         (0, 1, 3)      [] [W]
    28     0x0002A000       0xFFFFFF00      0x00000004         (0, 2, 4)      [] [N]
    29     0x0002A700       0xFFFFFF00      0x00000004         (0, 2, 4)      [] [N]
    30     0x00008680       0xFFFFFF80      0x00000008         (0, 0, 0)      [] [W]
    31     0x00011580       0xFFFFFF80      0x00000008         (0, 1, 2)      [] [W]
    32     0x00024600       0xFFFFFF80      0x00000008         (0, 2, 8)      [] [W]
    33     0x00024180       0xFFFFFF80      0x00000008         (0, 2, 8)      [] [W]
    34     0x0002A200       0xFFFFFF00      0x00000004         (0, 2, 4)      [] [N]
    35     0x00023B80       0xFFFFFF80      0x00000101         (0, 2, 7)      [2] [E]
    36     0x00023400       0xFFFFFF80      0x00400000         (0, 2, 6)      [16] []
    37     0x00011A80       0xFFFFFF80      0x00000008         (0, 1, 3)      [] [W]
    38     0x00011800       0xFFFFFF80      0x00000008         (0, 1, 3)      [] [W]
    39     0x0002AA00       0xFFFFFF00      0x00000004         (0, 2, 5)      [] [N]
    40     0x00009300       0xFFFFFF80      0x00000008         (0, 0, 2)      [] [W]
    41     0x00009380       0xFFFFFF80      0x00000008         (0, 0, 2)      [] [W]
    42     0x00023900       0xFFFFFF80      0x00000001         (0, 2, 7)      [] [E]
    43     0x0002A400       0xFFFFFF00      0x00000004         (0, 2, 4)      [] [N]
    44     0x00023A00       0xFFFFFF80      0x00000001         (0, 2, 7)      [] [E]
    45     0x00030900       0xFFFFFF00      0x00000004         (0, 3, 1)      [] [N]
    46     0x00024200       0xFFFFFF80      0x00000008         (0, 2, 8)      [] [W]
    47     0x0000D080       0xFFFFFF80      0x00000008         (0, 0, 10)      [] [W]
    48     0x00023380       0xFFFFFF80      0x00200000         (0, 2, 6)      [15] []
    49     0x00030700       0xFFFFFF00      0x00000004         (0, 3, 0)      [] [N]
    50     0x00030A00       0xFFFFFF00      0x00000004         (0, 3, 1)      [] [N]
    51     0x0000CF00       0xFFFFFF80      0x00000008         (0, 0, 9)      [] [W]
    52     0x00036400       0xFFFFFF00      0x00000002         (0, 3, 12)      [] [NE]
    53     0x0000CF80       0xFFFFFF80      0x00000008         (0, 0, 9)      [] [W]
    54     0x00024100       0xFFFFFF80      0x00000008         (0, 2, 8)      [] [W]
    55     0x0002A100       0xFFFFFF00      0x00000004         (0, 2, 4)      [] [N]
    56     0x0000CD80       0xFFFFFF80      0x00000008         (0, 0, 9)      [] [W]
    57     0x0002A800       0xFFFFFF00      0x00000004         (0, 2, 5)      [] [N]
    58     0x00030B00       0xFFFFFF00      0x00000004         (0, 3, 1)      [] [N]
    59     0x00022F80       0xFFFFFF80      0x00002000         (0, 2, 5)      [7] []
    60     0x00023180       0xFFFFFF80      0x00020001         (0, 2, 6)      [11] [E]
    61     0x0000CC80       0xFFFFFF80      0x00000008         (0, 0, 9)      [] [W]
    62     0x00011700       0xFFFFFF80      0x00000008         (0, 1, 2)      [] [W]
    63     0x00011B80       0xFFFFFF80      0x00000008         (0, 1, 3)      [] [W]
    64     0x00023100       0xFFFFFF80      0x00010001         (0, 2, 6)      [10] [E]
    65     0x0000D100       0xFFFFFF80      0x00000008         (0, 0, 10)      [] [W]
    66     0x00030C00       0xFFFFFF00      0x00000004         (0, 3, 1)      [] [N]
    67     0x00011900       0xFFFFFF80      0x00000008         (0, 1, 3)      [] [W]
    68     0x00023E80       0xFFFFFF80      0x00000008         (0, 2, 7)      [] [W]
    69     0x00011A00       0xFFFFFF80      0x00000008         (0, 1, 3)      [] [W]
    70     0x00036500       0xFFFFFF00      0x00000002         (0, 3, 12)      [] [NE]
    71     0x00011680       0xFFFFFF80      0x00000008         (0, 1, 2)      [] [W]
    72     0x00030D00       0xFFFFFF00      0x00000004         (0, 3, 1)      [] [N]
    73     0x00029E00       0xFFFFFF00      0x00000004         (0, 2, 3)      [] [N]
    74     0x00009480       0xFFFFFF80      0x00000008         (0, 0, 2)      [] [W]
    75     0x00009580       0xFFFFFF80      0x00000008         (0, 0, 2)      [] [W]
    76     0x00024280       0xFFFFFF80      0x00000008         (0, 2, 8)      [] [W]
    77     0x0000CE00       0xFFFFFF80      0x00000008         (0, 0, 9)      [] [W]
    78     0x00024500       0xFFFFFF80      0x00000008         (0, 2, 8)      [] [W]
    79     0x00011B00       0xFFFFFF80      0x00000008         (0, 1, 3)      [] [W]
    80     0x00023D00       0xFFFFFF80      0x00000800         (0, 2, 7)      [5] []
    81     0x00024080       0xFFFFFF80      0x00000008         (0, 2, 8)      [] [W]
    82     0x00023C00       0xFFFFFF80      0x00000201         (0, 2, 7)      [3] [E]
    83     0x00023F80       0xFFFFFF80      0x00000008         (0, 2, 7)      [] [W]
    84     0x00035400       0xFFFFFF00      0x00000002         (0, 3, 10)      [] [NE]
    85     0x0002AB00       0xFFFFFF00      0x00000004         (0, 2, 5)      [] [N]
    86     0x00011500       0xFFFFFF80      0x00000008         (0, 1, 2)      [] [W]
    87     0x00023000       0xFFFFFF80      0x00004000         (0, 2, 6)      [8] []
    88     0x00030200       0xFFFFFF00      0x00000004         (0, 3, 0)      [] [N]
    89     0x00030800       0xFFFFFF00      0x00000004         (0, 3, 1)      [] [N]
    90     0x00023E00       0xFFFFFF80      0x00000008         (0, 2, 7)      [] [W]
    91     0x00024400       0xFFFFFF80      0x00000008         (0, 2, 8)      [] [W]
    92     0x00030000       0xFFFFFF00      0x00000004         (0, 3, 0)      [] [N]
    93     0x00011C80       0xFFFFFF80      0x00000008         (0, 1, 3)      [] [W]
    94     0x00031000       0xFFFFFF00      0x00000004         (0, 3, 2)      [] [N]
    95     0x0002A500       0xFFFFFF00      0x00000004         (0, 2, 4)      [] [N]
    96     0x00021600       0xFFFFFF80      0x007FF000         (0, 2, 2)      [6, 7, 8, 9, 10, 11, 12, 13, 14, 15, 16] []
    97     0x00030F00       0xFFFFFF00      0x00000004         (0, 3, 1)      [] [N]
    98     0x00024300       0xFFFFFF80      0x00000008         (0, 2, 8)      [] [W]
    99     0x00030100       0xFFFFFF00      0x00000004         (0, 3, 0)      [] [N]
    100     0x0000D180       0xFFFFFF80      0x00000008         (0, 0, 10)      [] [W]
    101     0x00023D80       0xFFFFFF80      0x00000008         (0, 2, 7)      [] [W]
    102     0x00009280       0xFFFFFF80      0x00000008         (0, 0, 2)      [] [W]
    103     0x0002A600       0xFFFFFF00      0x00000004         (0, 2, 4)      [] [N]
    104     0x00023F00       0xFFFFFF80      0x00000008         (0, 2, 7)      [] [W]
    105     0x00030500       0xFFFFFF00      0x00000004         (0, 3, 0)      [] [N]
    106     0x00011780       0xFFFFFF80      0x00000008         (0, 1, 2)      [] [W]
    107     0x00011C00       0xFFFFFF80      0x00000008         (0, 1, 3)      [] [W]
    108     0x00023A80       0xFFFFFF80      0x00000001         (0, 2, 7)      [] [E]
    109     0x00024000       0xFFFFFF80      0x00000008         (0, 2, 8)      [] [W]
    110     0x0000CE80       0xFFFFFF80      0x00000008         (0, 0, 9)      [] [W]
    111     0x00011600       0xFFFFFF80      0x00000008         (0, 1, 2)      [] [W]
