router contains 532 entries 
 
  Index   Key(hex)    Mask(hex)    Route(hex)    Src. Core -> [Cores][Links]
------------------------------------------------------------------------------
    0     0x00007B00       0xFFFFFF80      0x00001000         (0, 0, 15)      [6] []
    1     0x00021580       0xFFFFFF80      0x00FFFF80         (0, 2, 2)      [1, 2, 3, 4, 5, 6, 7, 8, 9, 10, 11, 12, 13, 14, 15, 16, 17] []
    2     0x00012400       0xFFFFFF80      0x00000008         (0, 1, 4)      [] [W]
    3     0x00038E00       0xFFFFFF00      0x00000004         (0, 3, 1)      [] [N]
    4     0x00008D80       0xFFFFFF80      0x00100008         (0, 0, 1)      [14] [W]
    5     0x00000600       0xFFFFFF80      0x00000401         (0, 0, 0)      [4] [E]
    6     0x00001900       0xFFFFFF80      0x00180000         (0, 0, 3)      [13, 14] []
    7     0x0000B580       0xFFFFFF80      0x00002000         (0, 0, 6)      [7] []
    8     0x00007B80       0xFFFFFF80      0x00002000         (0, 0, 15)      [7] []
    9     0x00001A00       0xFFFFFF80      0x00600000         (0, 0, 3)      [16, 15] []
    10     0x00023D00       0xFFFFFF80      0x00000008         (0, 2, 7)      [] [W]
    11     0x00011580       0xFFFFFF80      0x00000008         (0, 1, 2)      [] [W]
    12     0x0000F100       0xFFFFFF80      0x00010000         (0, 0, 14)      [10] []
    13     0x0000D580       0xFFFFFF80      0x00080008         (0, 0, 10)      [13] [W]
    14     0x0000CB00       0xFFFFFF80      0x00000008         (0, 0, 9)      [] [W]
    15     0x0000F480       0xFFFFFF80      0x00800000         (0, 0, 14)      [17] []
    16     0x00015780       0xFFFFFF80      0x00200000         (0, 1, 10)      [15] []
    17     0x00002800       0xFFFFFF80      0x00FFFF9F         (0, 0, 5)      [1, 2, 3, 4, 5, 6, 7, 8, 9, 10, 11, 12, 13, 14, 15, 16, 17] [E, NE, N, W, SW]
    18     0x00005700       0xFFFFFF80      0x00000018         (0, 0, 10)      [] [W, SW]
    19     0x00003300       0xFFFFFF80      0x00003000         (0, 0, 6)      [6, 7] []
    20     0x00005E80       0xFFFFFF80      0x00002000         (0, 0, 11)      [7] []
    21     0x00009780       0xFFFFFF80      0x00000808         (0, 0, 2)      [5] [W]
    22     0x00023D80       0xFFFFFF80      0x00000008         (0, 2, 7)      [] [W]
    23     0x0000C600       0xFFFFFF80      0x00020000         (0, 0, 8)      [11] []
    24     0x00000800       0xFFFFFF80      0x00004001         (0, 0, 1)      [8] [E]
    25     0x00015800       0xFFFFFF80      0x00400000         (0, 1, 11)      [16] []
    26     0x00023300       0xFFFFFF80      0x00000201         (0, 2, 6)      [3] [E]
    27     0x0000AB00       0xFFFFFF80      0x00200000         (0, 0, 5)      [15] []
    28     0x0000CA00       0xFFFFFF80      0x00000008         (0, 0, 9)      [] [W]
    29     0x00008780       0xFFFFFF80      0x00000108         (0, 0, 0)      [2] [W]
    30     0x00005200       0xFFFFFF80      0x00020008         (0, 0, 10)      [11] [W]
    31     0x00009B00       0xFFFFFF80      0x00040008         (0, 0, 3)      [12] [W]
    32     0x00001A80       0xFFFFFF80      0x00C00000         (0, 0, 3)      [16, 17] []
    33     0x0000D900       0xFFFFFF80      0x00000008         (0, 0, 11)      [] [W]
    34     0x0000CF00       0xFFFFFF80      0x00000008         (0, 0, 9)      [] [W]
    35     0x00008900       0xFFFFFF80      0x00000808         (0, 0, 1)      [5] [W]
    36     0x00012100       0xFFFFFF80      0x00000008         (0, 1, 4)      [] [W]
    37     0x00009000       0xFFFFFF80      0x00000008         (0, 0, 2)      [] [W]
    38     0x00009F00       0xFFFFFF80      0x00000008         (0, 0, 3)      [] [W]
    39     0x00006180       0xFFFFFF80      0x00080000         (0, 0, 12)      [13] []
    40     0x00038F00       0xFFFFFF00      0x00000004         (0, 3, 1)      [] [N]
    41     0x0002FC00       0xFFFFFF00      0x00000002         (0, 2, 15)      [] [NE]
    42     0x00024000       0xFFFFFF80      0x00000008         (0, 2, 8)      [] [W]
    43     0x00004E00       0xFFFFFF80      0x00000208         (0, 0, 9)      [3] [W]
    44     0x00003800       0xFFFFFF80      0x00C00000         (0, 0, 7)      [16, 17] []
    45     0x00005980       0xFFFFFF80      0x00000018         (0, 0, 11)      [] [W, SW]
    46     0x0000B780       0xFFFFFF80      0x00020000         (0, 0, 6)      [11] []
    47     0x0000DC80       0xFFFFFF80      0x00000018         (0, 0, 11)      [] [W, SW]
    48     0x00004280       0xFFFFFF80      0x00008000         (0, 0, 8)      [9] []
    49     0x0000D500       0xFFFFFF80      0x00040008         (0, 0, 10)      [12] [W]
    50     0x00004600       0xFFFFFF80      0x00400000         (0, 0, 8)      [16] []
    51     0x00023100       0xFFFFFF80      0x00000001         (0, 2, 6)      [] [E]
    52     0x00002C00       0xFFFFFF80      0x00FFFF80         (0, 0, 5)      [1, 2, 3, 4, 5, 6, 7, 8, 9, 10, 11, 12, 13, 14, 15, 16, 17] []
    53     0x00003600       0xFFFFFF80      0x000C0000         (0, 0, 6)      [12, 13] []
    54     0x0000A900       0xFFFFFF80      0x00020000         (0, 0, 5)      [11] []
    55     0x00017300       0xFFFFFF80      0x00000008         (0, 1, 14)      [] [W]
    56     0x00006A80       0xFFFFFF80      0x00000100         (0, 0, 13)      [2] []
    57     0x00011680       0xFFFFFF80      0x00000008         (0, 1, 2)      [] [W]
    58     0x00006200       0xFFFFFF80      0x00100000         (0, 0, 12)      [14] []
    59     0x0000D780       0xFFFFFF80      0x00800008         (0, 0, 10)      [17] [W]
    60     0x00002A80       0xFFFFFF80      0x00FFFF80         (0, 0, 5)      [1, 2, 3, 4, 5, 6, 7, 8, 9, 10, 11, 12, 13, 14, 15, 16, 17] []
    61     0x00004300       0xFFFFFF80      0x00010000         (0, 0, 8)      [10] []
    62     0x00039100       0xFFFFFF00      0x00000004         (0, 3, 2)      [] [N]
    63     0x00028A00       0xFFFFFF00      0x00000080         (0, 2, 1)      [1] []
    64     0x00000980       0xFFFFFF80      0x00020001         (0, 0, 1)      [11] [E]
    65     0x00002400       0xFFFFFF80      0x00FFFF8F         (0, 0, 4)      [1, 2, 3, 4, 5, 6, 7, 8, 9, 10, 11, 12, 13, 14, 15, 16, 17] [E, NE, N, W]
    66     0x00023900       0xFFFFFF80      0x00200001         (0, 2, 7)      [15] [E]
    67     0x00017E80       0xFFFFFF80      0x00000008         (0, 1, 15)      [] [W]
    68     0x00007200       0xFFFFFF80      0x00800000         (0, 0, 14)      [17] []
    69     0x0000F080       0xFFFFFF80      0x00008000         (0, 0, 14)      [9] []
    70     0x00003280       0xFFFFFF80      0x00001800         (0, 0, 6)      [5, 6] []
    71     0x00006E00       0xFFFFFF80      0x00008000         (0, 0, 13)      [9] []
    72     0x00000C00       0xFFFFFF80      0x00400000         (0, 0, 1)      [16] []
    73     0x00039200       0xFFFFFF00      0x00000004         (0, 3, 2)      [] [N]
    74     0x00001F80       0xFFFFFF80      0x00FFFF80         (0, 0, 3)      [1, 2, 3, 4, 5, 6, 7, 8, 9, 10, 11, 12, 13, 14, 15, 16, 17] []
    75     0x00007C00       0xFFFFFF80      0x00004000         (0, 0, 15)      [8] []
    76     0x0000C300       0xFFFFFF80      0x00000800         (0, 0, 8)      [5] []
    77     0x00007E80       0xFFFFFF80      0x00080000         (0, 0, 15)      [13] []
    78     0x00000B00       0xFFFFFF80      0x00100001         (0, 0, 1)      [14] [E]
    79     0x00004480       0xFFFFFF80      0x00080000         (0, 0, 8)      [13] []
    80     0x00029300       0xFFFFFF00      0x00010000         (0, 2, 2)      [10] []
    81     0x0000C380       0xFFFFFF80      0x00001000         (0, 0, 8)      [6] []
    82     0x00010200       0xFFFFFF80      0x00200000         (0, 1, 0)      [15] []
    83     0x00010E80       0xFFFFFF80      0x00020000         (0, 1, 1)      [11] []
    84     0x00007100       0xFFFFFF80      0x00200000         (0, 0, 14)      [15] []
    85     0x00004680       0xFFFFFF80      0x00800000         (0, 0, 8)      [17] []
    86     0x00012900       0xFFFFFF80      0x00000018         (0, 1, 5)      [] [W, SW]
    87     0x0000E300       0xFFFFFF80      0x00020000         (0, 0, 12)      [11] []
    88     0x00009800       0xFFFFFF80      0x00001008         (0, 0, 3)      [6] [W]
    89     0x00003380       0xFFFFFF80      0x00006000         (0, 0, 6)      [8, 7] []
    90     0x00012780       0xFFFFFF80      0x00000008         (0, 1, 4)      [] [W]
    91     0x00005F00       0xFFFFFF80      0x00004000         (0, 0, 11)      [8] []
    92     0x00008980       0xFFFFFF80      0x00001008         (0, 0, 1)      [6] [W]
    93     0x00002B80       0xFFFFFF80      0x00FFFF80         (0, 0, 5)      [1, 2, 3, 4, 5, 6, 7, 8, 9, 10, 11, 12, 13, 14, 15, 16, 17] []
    94     0x00019A00       0xFFFFFF80      0x00000001         (0, 1, 3)      [] [E]
    95     0x0000B700       0xFFFFFF80      0x00010000         (0, 0, 6)      [10] []
    96     0x00009880       0xFFFFFF80      0x00002008         (0, 0, 3)      [7] [W]
    97     0x00023500       0xFFFFFF80      0x00002001         (0, 2, 6)      [7] [E]
    98     0x00000380       0xFFFFFF80      0x00000001         (0, 0, 0)      [] [E]
    99     0x0000D600       0xFFFFFF80      0x00100008         (0, 0, 10)      [14] [W]
    100     0x00008C80       0xFFFFFF80      0x00040008         (0, 0, 1)      [12] [W]
    101     0x00023480       0xFFFFFF80      0x00001001         (0, 2, 6)      [6] [E]
    102     0x00002600       0xFFFFFF80      0x00FFFF9F         (0, 0, 4)      [1, 2, 3, 4, 5, 6, 7, 8, 9, 10, 11, 12, 13, 14, 15, 16, 17] [E, NE, N, W, SW]
    103     0x0000B400       0xFFFFFF80      0x00000400         (0, 0, 6)      [4] []
    104     0x00012A80       0xFFFFFF80      0x00000018         (0, 1, 5)      [] [W, SW]
    105     0x00004F00       0xFFFFFF80      0x00000808         (0, 0, 9)      [5] [W]
    106     0x00001980       0xFFFFFF80      0x00300000         (0, 0, 3)      [14, 15] []
    107     0x0000CD80       0xFFFFFF80      0x00000008         (0, 0, 9)      [] [W]
    108     0x00023600       0xFFFFFF80      0x00008001         (0, 2, 6)      [9] [E]
    109     0x00012B80       0xFFFFFF80      0x00000018         (0, 1, 5)      [] [W, SW]
    110     0x00018000       0xFFFFFF80      0x00000008         (0, 1, 0)      [] [W]
    111     0x0002F700       0xFFFFFF00      0x00000002         (0, 2, 14)      [] [NE]
    112     0x00000C80       0xFFFFFF80      0x00800000         (0, 0, 1)      [17] []
    113     0x00023680       0xFFFFFF80      0x00010001         (0, 2, 6)      [10] [E]
    114     0x00039600       0xFFFFFF00      0x00000004         (0, 3, 2)      [] [N]
    115     0x0000E580       0xFFFFFF80      0x00400000         (0, 0, 12)      [16] []
    116     0x00005000       0xFFFFFF80      0x00002008         (0, 0, 10)      [7] [W]
    117     0x00017680       0xFFFFFF80      0x00000008         (0, 1, 14)      [] [W]
    118     0x0002FE00       0xFFFFFF00      0x00000002         (0, 2, 15)      [] [NE]
    119     0x00009B80       0xFFFFFF80      0x00080008         (0, 0, 3)      [13] [W]
    120     0x00005E00       0xFFFFFF80      0x00001000         (0, 0, 11)      [6] []
    121     0x00001500       0xFFFFFF80      0x00001800         (0, 0, 2)      [5, 6] []
    122     0x0000A580       0xFFFFFF80      0x00000400         (0, 0, 4)      [4] []
    123     0x0000D380       0xFFFFFF80      0x00008008         (0, 0, 10)      [9] [W]
    124     0x00007A80       0xFFFFFF80      0x00000800         (0, 0, 15)      [5] []
    125     0x00000580       0xFFFFFF80      0x00000201         (0, 0, 0)      [3] [E]
    126     0x00010080       0xFFFFFF80      0x00040000         (0, 1, 0)      [12] []
    127     0x0000E280       0xFFFFFF80      0x00010008         (0, 0, 12)      [10] [W]
    128     0x0000DF00       0xFFFFFF80      0x00000018         (0, 0, 11)      [] [W, SW]
    129     0x00007F80       0xFFFFFF80      0x00200000         (0, 0, 15)      [15] []
    130     0x00004E80       0xFFFFFF80      0x00000408         (0, 0, 9)      [4] [W]
    131     0x00038A00       0xFFFFFF00      0x00000004         (0, 3, 1)      [] [N]
    132     0x00023980       0xFFFFFF80      0x00400000         (0, 2, 7)      [16] []
    133     0x00000400       0xFFFFFF80      0x00000001         (0, 0, 0)      [] [E]
    134     0x0002F000       0xFFFFFF00      0x00000002         (0, 2, 14)      [] [NE]
    135     0x00001280       0xFFFFFF80      0x00000080         (0, 0, 2)      [1] []
    136     0x00005300       0xFFFFFF80      0x00080008         (0, 0, 10)      [13] [W]
    137     0x00016500       0xFFFFFF80      0x00400000         (0, 1, 12)      [16] []
    138     0x00008680       0xFFFFFF80      0x00000008         (0, 0, 0)      [] [W]
    139     0x00001B00       0xFFFFFF80      0x00800000         (0, 0, 3)      [17] []
    140     0x00023280       0xFFFFFF80      0x00000101         (0, 2, 6)      [2] [E]
    141     0x0000D400       0xFFFFFF80      0x00010008         (0, 0, 10)      [10] [W]
    142     0x00001300       0xFFFFFF80      0x00000180         (0, 0, 2)      [1, 2] []
    143     0x00002580       0xFFFFFF80      0x00FFFF8F         (0, 0, 4)      [1, 2, 3, 4, 5, 6, 7, 8, 9, 10, 11, 12, 13, 14, 15, 16, 17] [E, NE, N, W]
    144     0x00007000       0xFFFFFF80      0x00080000         (0, 0, 14)      [13] []
    145     0x0002F200       0xFFFFFF00      0x00000002         (0, 2, 14)      [] [NE]
    146     0x00024600       0xFFFFFF80      0x00000008         (0, 2, 8)      [] [W]
    147     0x00000780       0xFFFFFF80      0x00002001         (0, 0, 0)      [7] [E]
    148     0x0000E400       0xFFFFFF80      0x00080000         (0, 0, 12)      [13] []
    149     0x00038C00       0xFFFFFF00      0x00000004         (0, 3, 1)      [] [N]
    150     0x00010100       0xFFFFFF80      0x00080000         (0, 1, 0)      [13] []
    151     0x00002900       0xFFFFFF80      0x00FFFF9E         (0, 0, 5)      [1, 2, 3, 4, 5, 6, 7, 8, 9, 10, 11, 12, 13, 14, 15, 16, 17] [NE, N, W, SW]
    152     0x00017400       0xFFFFFF80      0x00000008         (0, 1, 14)      [] [W]
    153     0x00012180       0xFFFFFF80      0x00000008         (0, 1, 4)      [] [W]
    154     0x00007C80       0xFFFFFF80      0x00008000         (0, 0, 15)      [9] []
    155     0x00012880       0xFFFFFF80      0x00000018         (0, 1, 5)      [] [W, SW]
    156     0x00014B00       0xFFFFFF80      0x00800000         (0, 1, 9)      [17] []
    157     0x00017280       0xFFFFFF80      0x00000008         (0, 1, 14)      [] [W]
    158     0x0001C100       0xFFFFFF80      0x00000001         (0, 1, 8)      [] [E]
    159     0x00008880       0xFFFFFF80      0x00000408         (0, 0, 1)      [4] [W]
    160     0x0002F400       0xFFFFFF00      0x00000002         (0, 2, 14)      [] [NE]
    161     0x00038D00       0xFFFFFF00      0x00000004         (0, 3, 1)      [] [N]
    162     0x00023A00       0xFFFFFF80      0x00800000         (0, 2, 7)      [17] []
    163     0x00001F00       0xFFFFFF80      0x00FFFF80         (0, 0, 3)      [1, 2, 3, 4, 5, 6, 7, 8, 9, 10, 11, 12, 13, 14, 15, 16, 17] []
    164     0x0000B880       0xFFFFFF80      0x00080000         (0, 0, 7)      [13] []
    165     0x0002F500       0xFFFFFF00      0x00000002         (0, 2, 14)      [] [NE]
    166     0x00028E00       0xFFFFFF00      0x00000800         (0, 2, 1)      [5] []
    167     0x00009D80       0xFFFFFF80      0x00800008         (0, 0, 3)      [17] [W]
    168     0x00017580       0xFFFFFF80      0x00000008         (0, 1, 14)      [] [W]
    169     0x00003400       0xFFFFFF80      0x0000C000         (0, 0, 6)      [8, 9] []
    170     0x00024100       0xFFFFFF80      0x00000008         (0, 2, 8)      [] [W]
    171     0x0002F600       0xFFFFFF00      0x00000002         (0, 2, 14)      [] [NE]
    172     0x00023F80       0xFFFFFF80      0x00000008         (0, 2, 7)      [] [W]
    173     0x0000DA80       0xFFFFFF80      0x00000018         (0, 0, 11)      [] [W, SW]
    174     0x00011700       0xFFFFFF80      0x00000008         (0, 1, 2)      [] [W]
    175     0x00002300       0xFFFFFF80      0x00FFFF8F         (0, 0, 4)      [1, 2, 3, 4, 5, 6, 7, 8, 9, 10, 11, 12, 13, 14, 15, 16, 17] [E, NE, N, W]
    176     0x00004F80       0xFFFFFF80      0x00001008         (0, 0, 9)      [6] [W]
    177     0x00011E00       0xFFFFFF80      0x00080008         (0, 1, 3)      [13] [W]
    178     0x00006000       0xFFFFFF80      0x00010000         (0, 0, 12)      [10] []
    179     0x00007080       0xFFFFFF80      0x00100000         (0, 0, 14)      [14] []
    180     0x00012E80       0xFFFFFF80      0x00800000         (0, 1, 5)      [17] []
    181     0x0002F300       0xFFFFFF00      0x00000002         (0, 2, 14)      [] [NE]
    182     0x00017900       0xFFFFFF80      0x00000008         (0, 1, 15)      [] [W]
    183     0x0000DC00       0xFFFFFF80      0x00000018         (0, 0, 11)      [] [W, SW]
    184     0x00010F00       0xFFFFFF80      0x00040000         (0, 1, 1)      [12] []
    185     0x00011500       0xFFFFFF80      0x00000008         (0, 1, 2)      [] [W]
    186     0x0000AB80       0xFFFFFF80      0x00400000         (0, 0, 5)      [16] []
    187     0x00012480       0xFFFFFF80      0x00000008         (0, 1, 4)      [] [W]
    188     0x00002180       0xFFFFFF80      0x00FFFF8F         (0, 0, 4)      [1, 2, 3, 4, 5, 6, 7, 8, 9, 10, 11, 12, 13, 14, 15, 16, 17] [E, NE, N, W]
    189     0x00039000       0xFFFFFF00      0x00000004         (0, 3, 2)      [] [N]
    190     0x00024500       0xFFFFFF80      0x00000008         (0, 2, 8)      [] [W]
    191     0x0000C900       0xFFFFFF80      0x00800000         (0, 0, 9)      [17] []
    192     0x0002F900       0xFFFFFF00      0x00000002         (0, 2, 15)      [] [NE]
    193     0x00013C00       0xFFFFFF80      0x00200000         (0, 1, 7)      [15] []
    194     0x00028F00       0xFFFFFF00      0x00001000         (0, 2, 1)      [6] []
    195     0x00009180       0xFFFFFF80      0x00000008         (0, 0, 2)      [] [W]
    196     0x00012200       0xFFFFFF80      0x00000008         (0, 1, 4)      [] [W]
    197     0x00009580       0xFFFFFF80      0x00000008         (0, 0, 2)      [] [W]
    198     0x00003100       0xFFFFFF80      0x00000300         (0, 0, 6)      [2, 3] []
    199     0x00002780       0xFFFFFF80      0x00FFFF9F         (0, 0, 4)      [1, 2, 3, 4, 5, 6, 7, 8, 9, 10, 11, 12, 13, 14, 15, 16, 17] [E, NE, N, W, SW]
    200     0x00024080       0xFFFFFF80      0x00000008         (0, 2, 8)      [] [W]
    201     0x0000DB80       0xFFFFFF80      0x00000018         (0, 0, 11)      [] [W, SW]
    202     0x00016580       0xFFFFFF80      0x00800000         (0, 1, 12)      [17] []
    203     0x00011E80       0xFFFFFF80      0x00100008         (0, 1, 3)      [14] [W]
    204     0x00029400       0xFFFFFF00      0x00020000         (0, 2, 2)      [11] []
    205     0x00000500       0xFFFFFF80      0x00000101         (0, 0, 0)      [2] [E]
    206     0x00012580       0xFFFFFF80      0x00000008         (0, 1, 4)      [] [W]
    207     0x00003880       0xFFFFFF80      0x00800000         (0, 0, 7)      [17] []
    208     0x00023200       0xFFFFFF80      0x00000081         (0, 2, 6)      [1] [E]
    209     0x0000A980       0xFFFFFF80      0x00040000         (0, 0, 5)      [12] []
    210     0x0000BA80       0xFFFFFF80      0x00800000         (0, 0, 7)      [17] []
    211     0x00007D00       0xFFFFFF80      0x00010000         (0, 0, 15)      [10] []
    212     0x00012A00       0xFFFFFF80      0x00000018         (0, 1, 5)      [] [W, SW]
    213     0x00012D00       0xFFFFFF80      0x00100008         (0, 1, 5)      [14] [W]
    214     0x00003080       0xFFFFFF80      0x00000180         (0, 0, 6)      [1, 2] []
    215     0x00005880       0xFFFFFF80      0x00000018         (0, 0, 11)      [] [W, SW]
    216     0x0000D800       0xFFFFFF80      0x00000008         (0, 0, 11)      [] [W]
    217     0x0000CC00       0xFFFFFF80      0x00000008         (0, 0, 9)      [] [W]
    218     0x00006280       0xFFFFFF80      0x00200000         (0, 0, 12)      [15] []
    219     0x00003680       0xFFFFFF80      0x00180000         (0, 0, 6)      [13, 14] []
    220     0x0001A480       0xFFFFFF80      0x00000001         (0, 1, 4)      [] [E]
    221     0x0000E080       0xFFFFFF80      0x00000018         (0, 0, 12)      [] [W, SW]
    222     0x00028B00       0xFFFFFF00      0x00000100         (0, 2, 1)      [2] []
    223     0x00009080       0xFFFFFF80      0x00000008         (0, 0, 2)      [] [W]
    224     0x00008080       0xFFFFFF80      0x00800000         (0, 0, 0)      [17] []
    225     0x0000C400       0xFFFFFF80      0x00002000         (0, 0, 8)      [7] []
    226     0x00011D80       0xFFFFFF80      0x00040008         (0, 1, 3)      [12] [W]
    227     0x00012D80       0xFFFFFF80      0x00200008         (0, 1, 5)      [15] [W]
    228     0x00019A80       0xFFFFFF80      0x00000001         (0, 1, 3)      [] [E]
    229     0x00023F00       0xFFFFFF80      0x00000008         (0, 2, 7)      [] [W]
    230     0x00009280       0xFFFFFF80      0x00000008         (0, 0, 2)      [] [W]
    231     0x0000D880       0xFFFFFF80      0x00000008         (0, 0, 11)      [] [W]
    232     0x0000D000       0xFFFFFF80      0x00000008         (0, 0, 10)      [] [W]
    233     0x00009D00       0xFFFFFF80      0x00400008         (0, 0, 3)      [16] [W]
    234     0x00006D80       0xFFFFFF80      0x00004000         (0, 0, 13)      [8] []
    235     0x0000CE80       0xFFFFFF80      0x00000008         (0, 0, 9)      [] [W]
    236     0x00017200       0xFFFFFF80      0x00800008         (0, 1, 14)      [17] [W]
    237     0x00009900       0xFFFFFF80      0x00004008         (0, 0, 3)      [8] [W]
    238     0x00002000       0xFFFFFF80      0x00FFFF80         (0, 0, 4)      [1, 2, 3, 4, 5, 6, 7, 8, 9, 10, 11, 12, 13, 14, 15, 16, 17] []
    239     0x00012000       0xFFFFFF80      0x00800008         (0, 1, 4)      [17] [W]
    240     0x0000B480       0xFFFFFF80      0x00000800         (0, 0, 6)      [5] []
    241     0x00001880       0xFFFFFF80      0x000C0000         (0, 0, 3)      [12, 13] []
    242     0x0000D080       0xFFFFFF80      0x00000008         (0, 0, 10)      [] [W]
    243     0x0000E480       0xFFFFFF80      0x00100000         (0, 0, 12)      [14] []
    244     0x00012700       0xFFFFFF80      0x00000008         (0, 1, 4)      [] [W]
    245     0x0000B500       0xFFFFFF80      0x00001000         (0, 0, 6)      [6] []
    246     0x00002500       0xFFFFFF80      0x00FFFF8F         (0, 0, 4)      [1, 2, 3, 4, 5, 6, 7, 8, 9, 10, 11, 12, 13, 14, 15, 16, 17] [E, NE, N, W]
    247     0x00028C00       0xFFFFFF00      0x00000200         (0, 2, 1)      [3] []
    248     0x00003700       0xFFFFFF80      0x00300000         (0, 0, 6)      [14, 15] []
    249     0x00023880       0xFFFFFF80      0x00100001         (0, 2, 7)      [14] [E]
    250     0x00009980       0xFFFFFF80      0x00008008         (0, 0, 3)      [9] [W]
    251     0x0002FD00       0xFFFFFF00      0x00000002         (0, 2, 15)      [] [NE]
    252     0x00005A00       0xFFFFFF80      0x00000008         (0, 0, 11)      [] [W]
    253     0x00001680       0xFFFFFF80      0x0000C000         (0, 0, 2)      [8, 9] []
    254     0x0000F300       0xFFFFFF80      0x00100000         (0, 0, 14)      [14] []
    255     0x00010280       0xFFFFFF80      0x00400000         (0, 1, 0)      [16] []
    256     0x00007980       0xFFFFFF80      0x00000200         (0, 0, 15)      [3] []
    257     0x0000C680       0xFFFFFF80      0x00040000         (0, 0, 8)      [12] []
    258     0x00001480       0xFFFFFF80      0x00000C00         (0, 0, 2)      [4, 5] []
    259     0x0000B900       0xFFFFFF80      0x00100000         (0, 0, 7)      [14] []
    260     0x00002480       0xFFFFFF80      0x00FFFF8F         (0, 0, 4)      [1, 2, 3, 4, 5, 6, 7, 8, 9, 10, 11, 12, 13, 14, 15, 16, 17] [E, NE, N, W]
    261     0x00009E00       0xFFFFFF80      0x00000008         (0, 0, 3)      [] [W]
    262     0x00009A00       0xFFFFFF80      0x00010008         (0, 0, 3)      [10] [W]
    263     0x00005500       0xFFFFFF80      0x00800008         (0, 0, 10)      [17] [W]
    264     0x0000DB00       0xFFFFFF80      0x00000018         (0, 0, 11)      [] [W, SW]
    265     0x00001580       0xFFFFFF80      0x00003000         (0, 0, 2)      [6, 7] []
    266     0x0000D680       0xFFFFFF80      0x00200008         (0, 0, 10)      [15] [W]
    267     0x00009500       0xFFFFFF80      0x00000008         (0, 0, 2)      [] [W]
    268     0x00004380       0xFFFFFF80      0x00020000         (0, 0, 8)      [11] []
    269     0x00017600       0xFFFFFF80      0x00000008         (0, 1, 14)      [] [W]
    270     0x0000F200       0xFFFFFF80      0x00040000         (0, 0, 14)      [12] []
    271     0x0000A700       0xFFFFFF80      0x00002000         (0, 0, 4)      [7] []
    272     0x00011100       0xFFFFFF80      0x00400000         (0, 1, 2)      [16] []
    273     0x00000700       0xFFFFFF80      0x00001001         (0, 0, 0)      [6] [E]
    274     0x00039400       0xFFFFFF00      0x00000004         (0, 3, 2)      [] [N]
    275     0x00002280       0xFFFFFF80      0x00FFFF8F         (0, 0, 4)      [1, 2, 3, 4, 5, 6, 7, 8, 9, 10, 11, 12, 13, 14, 15, 16, 17] [E, NE, N, W]
    276     0x00012380       0xFFFFFF80      0x00000008         (0, 1, 4)      [] [W]
    277     0x00009C00       0xFFFFFF80      0x00100008         (0, 0, 3)      [14] [W]
    278     0x0000A680       0xFFFFFF80      0x00001000         (0, 0, 4)      [6] []
    279     0x0000AC00       0xFFFFFF80      0x00800000         (0, 0, 5)      [17] []
    280     0x0000DE80       0xFFFFFF80      0x00000018         (0, 0, 11)      [] [W, SW]
    281     0x00006E80       0xFFFFFF80      0x00010000         (0, 0, 13)      [10] []
    282     0x0000E000       0xFFFFFF80      0x00000018         (0, 0, 12)      [] [W, SW]
    283     0x00002700       0xFFFFFF80      0x00FFFF9F         (0, 0, 4)      [1, 2, 3, 4, 5, 6, 7, 8, 9, 10, 11, 12, 13, 14, 15, 16, 17] [E, NE, N, W, SW]
    284     0x0000C800       0xFFFFFF80      0x00200000         (0, 0, 9)      [15] []
    285     0x00039500       0xFFFFFF00      0x00000004         (0, 3, 2)      [] [N]
    286     0x00017500       0xFFFFFF80      0x00000008         (0, 1, 14)      [] [W]
    287     0x00012800       0xFFFFFF80      0x00000018         (0, 1, 5)      [] [W, SW]
    288     0x0000D480       0xFFFFFF80      0x00020008         (0, 0, 10)      [11] [W]
    289     0x00001700       0xFFFFFF80      0x00018000         (0, 0, 2)      [9, 10] []
    290     0x00005480       0xFFFFFF80      0x00400008         (0, 0, 10)      [16] [W]
    291     0x0000DD80       0xFFFFFF80      0x00000018         (0, 0, 11)      [] [W, SW]
    292     0x00003F00       0xFFFFFF80      0x00000100         (0, 0, 7)      [2] []
    293     0x0002F800       0xFFFFFF00      0x00000002         (0, 2, 15)      [] [NE]
    294     0x00017780       0xFFFFFF80      0x00000008         (0, 1, 14)      [] [W]
    295     0x00002B00       0xFFFFFF80      0x00FFFF80         (0, 0, 5)      [1, 2, 3, 4, 5, 6, 7, 8, 9, 10, 11, 12, 13, 14, 15, 16, 17] []
    296     0x00029900       0xFFFFFF00      0x00400000         (0, 2, 3)      [16] []
    297     0x00017F80       0xFFFFFF80      0x00000008         (0, 1, 15)      [] [W]
    298     0x00003E80       0xFFFFFF80      0x00000080         (0, 0, 7)      [1] []
    299     0x00004D80       0xFFFFFF80      0x00000108         (0, 0, 9)      [2] [W]
    300     0x00006F00       0xFFFFFF80      0x00020000         (0, 0, 13)      [11] []
    301     0x0000AA00       0xFFFFFF80      0x00080000         (0, 0, 5)      [13] []
    302     0x00002A00       0xFFFFFF80      0x00FFFF80         (0, 0, 5)      [1, 2, 3, 4, 5, 6, 7, 8, 9, 10, 11, 12, 13, 14, 15, 16, 17] []
    303     0x00009400       0xFFFFFF80      0x00000008         (0, 0, 2)      [] [W]
    304     0x00008A80       0xFFFFFF80      0x00004008         (0, 0, 1)      [8] [W]
    305     0x00005600       0xFFFFFF80      0x00000008         (0, 0, 10)      [] [W]
    306     0x0000E200       0xFFFFFF80      0x00008008         (0, 0, 12)      [9] [W]
    307     0x0000DE00       0xFFFFFF80      0x00000018         (0, 0, 11)      [] [W, SW]
    308     0x00023E00       0xFFFFFF80      0x00000008         (0, 2, 7)      [] [W]
    309     0x0000C580       0xFFFFFF80      0x00010000         (0, 0, 8)      [10] []
    310     0x00012B00       0xFFFFFF80      0x00000018         (0, 1, 5)      [] [W, SW]
    311     0x00011800       0xFFFFFF80      0x00000008         (0, 1, 3)      [] [W]
    312     0x00008F00       0xFFFFFF80      0x00800008         (0, 0, 1)      [17] [W]
    313     0x0000B800       0xFFFFFF80      0x00040000         (0, 0, 7)      [12] []
    314     0x00010E00       0xFFFFFF80      0x00010000         (0, 1, 1)      [10] []
    315     0x00005400       0xFFFFFF80      0x00200008         (0, 0, 10)      [15] [W]
    316     0x00014A00       0xFFFFFF80      0x00200000         (0, 1, 9)      [15] []
    317     0x00003480       0xFFFFFF80      0x00018000         (0, 0, 6)      [9, 10] []
    318     0x00005080       0xFFFFFF80      0x00004008         (0, 0, 10)      [8] [W]
    319     0x00012080       0xFFFFFF80      0x00000008         (0, 1, 4)      [] [W]
    320     0x00011880       0xFFFFFF80      0x00000008         (0, 1, 3)      [] [W]
    321     0x00029000       0xFFFFFF00      0x00002000         (0, 2, 2)      [7] []
    322     0x00002680       0xFFFFFF80      0x00FFFF9F         (0, 0, 4)      [1, 2, 3, 4, 5, 6, 7, 8, 9, 10, 11, 12, 13, 14, 15, 16, 17] [E, NE, N, W, SW]
    323     0x00008800       0xFFFFFF80      0x00000208         (0, 0, 1)      [3] [W]
    324     0x00005780       0xFFFFFF80      0x00000018         (0, 0, 10)      [] [W, SW]
    325     0x00009E80       0xFFFFFF80      0x00000008         (0, 0, 3)      [] [W]
    326     0x00007900       0xFFFFFF80      0x00000100         (0, 0, 15)      [2] []
    327     0x00003000       0xFFFFFF80      0x00000080         (0, 0, 6)      [1] []
    328     0x00017700       0xFFFFFF80      0x00000008         (0, 1, 14)      [] [W]
    329     0x00011600       0xFFFFFF80      0x00000008         (0, 1, 2)      [] [W]
    330     0x00005F80       0xFFFFFF80      0x00008000         (0, 0, 11)      [9] []
    331     0x00007880       0xFFFFFF80      0x00000080         (0, 0, 15)      [1] []
    332     0x00005100       0xFFFFFF80      0x00008008         (0, 0, 10)      [9] [W]
    333     0x00024480       0xFFFFFF80      0x00000008         (0, 2, 8)      [] [W]
    334     0x0000E100       0xFFFFFF80      0x00002008         (0, 0, 12)      [7] [W]
    335     0x0000D980       0xFFFFFF80      0x00000008         (0, 0, 11)      [] [W]
    336     0x00005D00       0xFFFFFF80      0x00000400         (0, 0, 11)      [4] []
    337     0x0000E500       0xFFFFFF80      0x00200000         (0, 0, 12)      [15] []
    338     0x00001E00       0xFFFFFF80      0x00FFFF80         (0, 0, 3)      [1, 2, 3, 4, 5, 6, 7, 8, 9, 10, 11, 12, 13, 14, 15, 16, 17] []
    339     0x00029500       0xFFFFFF00      0x00040000         (0, 2, 2)      [12] []
    340     0x00005C80       0xFFFFFF80      0x00000200         (0, 0, 11)      [3] []
    341     0x00038B00       0xFFFFFF00      0x00000004         (0, 3, 1)      [] [N]
    342     0x0000F380       0xFFFFFF80      0x00200000         (0, 0, 14)      [15] []
    343     0x00011D00       0xFFFFFF80      0x00020008         (0, 1, 3)      [11] [W]
    344     0x0000A780       0xFFFFFF80      0x00004000         (0, 0, 4)      [8] []
    345     0x00002100       0xFFFFFF80      0x00FFFF80         (0, 0, 4)      [1, 2, 3, 4, 5, 6, 7, 8, 9, 10, 11, 12, 13, 14, 15, 16, 17] []
    346     0x00012680       0xFFFFFF80      0x00000008         (0, 1, 4)      [] [W]
    347     0x00005C00       0xFFFFFF80      0x00000108         (0, 0, 11)      [2] [W]
    348     0x00024180       0xFFFFFF80      0x00000008         (0, 2, 8)      [] [W]
    349     0x0000B980       0xFFFFFF80      0x00200000         (0, 0, 7)      [15] []
    350     0x00012980       0xFFFFFF80      0x00000018         (0, 1, 5)      [] [W, SW]
    351     0x00012C80       0xFFFFFF80      0x00080008         (0, 1, 5)      [13] [W]
    352     0x00001E80       0xFFFFFF80      0x00FFFF80         (0, 0, 3)      [1, 2, 3, 4, 5, 6, 7, 8, 9, 10, 11, 12, 13, 14, 15, 16, 17] []
    353     0x00017F00       0xFFFFFF80      0x00000008         (0, 1, 15)      [] [W]
    354     0x00004000       0xFFFFFF80      0x00000400         (0, 0, 8)      [4] []
    355     0x00005B00       0xFFFFFF80      0x00000008         (0, 0, 11)      [] [W]
    356     0x0000C780       0xFFFFFF80      0x00100000         (0, 0, 8)      [14] []
    357     0x00003F80       0xFFFFFF80      0x00000200         (0, 0, 7)      [3] []
    358     0x00024580       0xFFFFFF80      0x00000008         (0, 2, 8)      [] [W]
    359     0x00008A00       0xFFFFFF80      0x00002008         (0, 0, 1)      [7] [W]
    360     0x00005380       0xFFFFFF80      0x00100008         (0, 0, 10)      [14] [W]
    361     0x00011C00       0xFFFFFF80      0x00000008         (0, 1, 3)      [] [W]
    362     0x0000B680       0xFFFFFF80      0x00008000         (0, 0, 6)      [9] []
    363     0x0000D200       0xFFFFFF80      0x00001008         (0, 0, 10)      [6] [W]
    364     0x00003580       0xFFFFFF80      0x00060000         (0, 0, 6)      [11, 12] []
    365     0x00029100       0xFFFFFF00      0x00004000         (0, 2, 2)      [8] []
    366     0x0000E180       0xFFFFFF80      0x00004008         (0, 0, 12)      [8] [W]
    367     0x00005680       0xFFFFFF80      0x00000008         (0, 0, 10)      [] [W]
    368     0x00001780       0xFFFFFF80      0x00030000         (0, 0, 2)      [10, 11] []
    369     0x0000C480       0xFFFFFF80      0x00004000         (0, 0, 8)      [8] []
    370     0x00029600       0xFFFFFF00      0x00080000         (0, 2, 2)      [13] []
    371     0x00038700       0xFFFFFF00      0x00000004         (0, 3, 0)      [] [N]
    372     0x00023380       0xFFFFFF80      0x00000401         (0, 2, 6)      [4] [E]
    373     0x00005A80       0xFFFFFF80      0x00000008         (0, 0, 11)      [] [W]
    374     0x0000F180       0xFFFFFF80      0x00020000         (0, 0, 14)      [11] []
    375     0x00009C80       0xFFFFFF80      0x00200008         (0, 0, 3)      [15] [W]
    376     0x00002C80       0xFFFFFF80      0x00FFFF80         (0, 0, 5)      [1, 2, 3, 4, 5, 6, 7, 8, 9, 10, 11, 12, 13, 14, 15, 16, 17] []
    377     0x00011780       0xFFFFFF80      0x00000008         (0, 1, 2)      [] [W]
    378     0x00000900       0xFFFFFF80      0x00010001         (0, 0, 1)      [10] [E]
    379     0x00014980       0xFFFFFF80      0x00100000         (0, 1, 9)      [14] []
    380     0x00006A00       0xFFFFFF80      0x00000080         (0, 0, 13)      [1] []
    381     0x00007D80       0xFFFFFF80      0x00020000         (0, 0, 15)      [11] []
    382     0x0000FF80       0xFFFFFF80      0x00010000         (0, 0, 15)      [10] []
    383     0x00006300       0xFFFFFF80      0x00400000         (0, 0, 12)      [16] []
    384     0x00008E00       0xFFFFFF80      0x00200008         (0, 0, 1)      [15] [W]
    385     0x0000A600       0xFFFFFF80      0x00000800         (0, 0, 4)      [5] []
    386     0x00004400       0xFFFFFF80      0x00040000         (0, 0, 8)      [12] []
    387     0x00004200       0xFFFFFF80      0x00004000         (0, 0, 8)      [8] []
    388     0x00001400       0xFFFFFF80      0x00000600         (0, 0, 2)      [3, 4] []
    389     0x00008600       0xFFFFFF80      0x00000008         (0, 0, 0)      [] [W]
    390     0x00003200       0xFFFFFF80      0x00000C00         (0, 0, 6)      [4, 5] []
    391     0x00007A00       0xFFFFFF80      0x00000400         (0, 0, 15)      [4] []
    392     0x00006F80       0xFFFFFF80      0x00040000         (0, 0, 13)      [12] []
    393     0x00008F80       0xFFFFFF80      0x00000008         (0, 0, 1)      [] [W]
    394     0x00011180       0xFFFFFF80      0x00800000         (0, 1, 2)      [17] []
    395     0x00028D00       0xFFFFFF00      0x00000400         (0, 2, 1)      [4] []
    396     0x00012280       0xFFFFFF80      0x00000008         (0, 1, 4)      [] [W]
    397     0x00013B00       0xFFFFFF80      0x00080000         (0, 1, 7)      [13] []
    398     0x0000CB80       0xFFFFFF80      0x00000008         (0, 0, 9)      [] [W]
    399     0x00009100       0xFFFFFF80      0x00000008         (0, 0, 2)      [] [W]
    400     0x0000F000       0xFFFFFF80      0x00004000         (0, 0, 14)      [8] []
    401     0x00009380       0xFFFFFF80      0x00000008         (0, 0, 2)      [] [W]
    402     0x00017380       0xFFFFFF80      0x00000008         (0, 1, 14)      [] [W]
    403     0x00000680       0xFFFFFF80      0x00000801         (0, 0, 0)      [5] [E]
    404     0x00017480       0xFFFFFF80      0x00000008         (0, 1, 14)      [] [W]
    405     0x0000DF80       0xFFFFFF80      0x00000018         (0, 0, 11)      [] [W, SW]
    406     0x00005D80       0xFFFFFF80      0x00000800         (0, 0, 11)      [5] []
    407     0x00001800       0xFFFFFF80      0x00060000         (0, 0, 3)      [11, 12] []
    408     0x0000AA80       0xFFFFFF80      0x00100000         (0, 0, 5)      [14] []
    409     0x00009A80       0xFFFFFF80      0x00020008         (0, 0, 3)      [11] [W]
    410     0x00023580       0xFFFFFF80      0x00004001         (0, 2, 6)      [8] [E]
    411     0x00006100       0xFFFFFF80      0x00040000         (0, 0, 12)      [12] []
    412     0x00008E80       0xFFFFFF80      0x00400008         (0, 0, 1)      [16] [W]
    413     0x00005180       0xFFFFFF80      0x00010008         (0, 0, 10)      [10] [W]
    414     0x00000480       0xFFFFFF80      0x00000081         (0, 0, 0)      [1] [E]
    415     0x00008B80       0xFFFFFF80      0x00010008         (0, 0, 1)      [10] [W]
    416     0x00029800       0xFFFFFF00      0x00200000         (0, 2, 3)      [15] []
    417     0x00013B80       0xFFFFFF80      0x00100000         (0, 1, 7)      [14] []
    418     0x00010F80       0xFFFFFF80      0x00080000         (0, 1, 1)      [13] []
    419     0x00009680       0xFFFFFF80      0x00000208         (0, 0, 2)      [3] [W]
    420     0x0000C700       0xFFFFFF80      0x00080000         (0, 0, 8)      [13] []
    421     0x00005B80       0xFFFFFF80      0x00000088         (0, 0, 11)      [1] [W]
    422     0x00004080       0xFFFFFF80      0x00000800         (0, 0, 8)      [5] []
    423     0x00029A00       0xFFFFFF00      0x00800000         (0, 2, 3)      [17] []
    424     0x00013C80       0xFFFFFF80      0x00400000         (0, 1, 7)      [16] []
    425     0x00012300       0xFFFFFF80      0x00000008         (0, 1, 4)      [] [W]
    426     0x00004100       0xFFFFFF80      0x00001000         (0, 0, 8)      [6] []
    427     0x00012C00       0xFFFFFF80      0x00040008         (0, 1, 5)      [12] [W]
    428     0x0001B880       0xFFFFFF80      0x00000001         (0, 1, 7)      [] [E]
    429     0x0000CD00       0xFFFFFF80      0x00000008         (0, 0, 9)      [] [W]
    430     0x0000CF80       0xFFFFFF80      0x00000008         (0, 0, 9)      [] [W]
    431     0x0000B600       0xFFFFFF80      0x00004000         (0, 0, 6)      [8] []
    432     0x00005800       0xFFFFFF80      0x00000018         (0, 0, 11)      [] [W, SW]
    433     0x00008000       0xFFFFFF80      0x00400000         (0, 0, 0)      [16] []
    434     0x0002F100       0xFFFFFF00      0x00000002         (0, 2, 14)      [] [NE]
    435     0x0000CE00       0xFFFFFF80      0x00000008         (0, 0, 9)      [] [W]
    436     0x0000CA80       0xFFFFFF80      0x00000008         (0, 0, 9)      [] [W]
    437     0x00017980       0xFFFFFF80      0x00000008         (0, 1, 15)      [] [W]
    438     0x00007180       0xFFFFFF80      0x00400000         (0, 0, 14)      [16] []
    439     0x0000A880       0xFFFFFF80      0x00010000         (0, 0, 5)      [10] []
    440     0x00002080       0xFFFFFF80      0x00FFFF80         (0, 0, 4)      [1, 2, 3, 4, 5, 6, 7, 8, 9, 10, 11, 12, 13, 14, 15, 16, 17] []
    441     0x00023400       0xFFFFFF80      0x00000801         (0, 2, 6)      [5] [E]
    442     0x00004500       0xFFFFFF80      0x00100000         (0, 0, 8)      [14] []
    443     0x0000F400       0xFFFFFF80      0x00400000         (0, 0, 14)      [16] []
    444     0x00009200       0xFFFFFF80      0x00000008         (0, 0, 2)      [] [W]
    445     0x00038800       0xFFFFFF00      0x00000004         (0, 3, 1)      [] [N]
    446     0x00001600       0xFFFFFF80      0x00006000         (0, 0, 2)      [8, 7] []
    447     0x0000DD00       0xFFFFFF80      0x00000018         (0, 0, 11)      [] [W, SW]
    448     0x00017880       0xFFFFFF80      0x00000008         (0, 1, 15)      [] [W]
    449     0x0000C500       0xFFFFFF80      0x00008000         (0, 0, 8)      [9] []
    450     0x00023180       0xFFFFFF80      0x00000001         (0, 2, 6)      [] [E]
    451     0x0000CC80       0xFFFFFF80      0x00000008         (0, 0, 9)      [] [W]
    452     0x00006B80       0xFFFFFF80      0x00000400         (0, 0, 13)      [4] []
    453     0x00000A80       0xFFFFFF80      0x00080001         (0, 0, 1)      [13] [E]
    454     0x00006B00       0xFFFFFF80      0x00000200         (0, 0, 13)      [3] []
    455     0x0000BA00       0xFFFFFF80      0x00400000         (0, 0, 7)      [16] []
    456     0x00038900       0xFFFFFF00      0x00000004         (0, 3, 1)      [] [N]
    457     0x0000E380       0xFFFFFF80      0x00040000         (0, 0, 12)      [12] []
    458     0x00038600       0xFFFFFF00      0x00000004         (0, 3, 0)      [] [N]
    459     0x00011900       0xFFFFFF80      0x00000008         (0, 1, 3)      [] [W]
    460     0x0000C880       0xFFFFFF80      0x00400000         (0, 0, 9)      [16] []
    461     0x00023780       0xFFFFFF80      0x00040001         (0, 2, 6)      [12] [E]
    462     0x0000DA00       0xFFFFFF80      0x00000008         (0, 0, 11)      [] [W]
    463     0x00001380       0xFFFFFF80      0x00000300         (0, 0, 2)      [2, 3] []
    464     0x00002980       0xFFFFFF80      0x00FFFF9E         (0, 0, 5)      [1, 2, 3, 4, 5, 6, 7, 8, 9, 10, 11, 12, 13, 14, 15, 16, 17] [NE, N, W, SW]
    465     0x0002FA00       0xFFFFFF00      0x00000002         (0, 2, 15)      [] [NE]
    466     0x00004C00       0xFFFFFF80      0x00000008         (0, 0, 9)      [] [W]
    467     0x00008B00       0xFFFFFF80      0x00008008         (0, 0, 1)      [9] [W]
    468     0x00009480       0xFFFFFF80      0x00000008         (0, 0, 2)      [] [W]
    469     0x00005900       0xFFFFFF80      0x00000018         (0, 0, 11)      [] [W, SW]
    470     0x0002FB00       0xFFFFFF00      0x00000002         (0, 2, 15)      [] [NE]
    471     0x00011F80       0xFFFFFF80      0x00400008         (0, 1, 3)      [16] [W]
    472     0x00003180       0xFFFFFF80      0x00000600         (0, 0, 6)      [3, 4] []
    473     0x00003780       0xFFFFFF80      0x00600000         (0, 0, 6)      [16, 15] []
    474     0x0000FF00       0xFFFFFF80      0x00008000         (0, 0, 15)      [9] []
    475     0x00005580       0xFFFFFF80      0x00000008         (0, 0, 10)      [] [W]
    476     0x00007E00       0xFFFFFF80      0x00040000         (0, 0, 15)      [12] []
    477     0x00008C00       0xFFFFFF80      0x00020008         (0, 0, 1)      [11] [W]
    478     0x00004580       0xFFFFFF80      0x00200000         (0, 0, 8)      [15] []
    479     0x00012E00       0xFFFFFF80      0x00400008         (0, 1, 5)      [16] [W]
    480     0x00023800       0xFFFFFF80      0x00080001         (0, 2, 7)      [13] [E]
    481     0x00009700       0xFFFFFF80      0x00000408         (0, 0, 2)      [4] [W]
    482     0x00003500       0xFFFFFF80      0x00030000         (0, 0, 6)      [10, 11] []
    483     0x00010300       0xFFFFFF80      0x00800000         (0, 1, 0)      [17] []
    484     0x00029B00       0xFFFFFF00      0x00000004         (0, 2, 3)      [] [N]
    485     0x0000F280       0xFFFFFF80      0x00080000         (0, 0, 14)      [13] []
    486     0x00000A00       0xFFFFFF80      0x00040001         (0, 0, 1)      [12] [E]
    487     0x00029200       0xFFFFFF00      0x00008000         (0, 2, 2)      [9] []
    488     0x00017800       0xFFFFFF80      0x00000008         (0, 1, 15)      [] [W]
    489     0x00009600       0xFFFFFF80      0x00000108         (0, 0, 2)      [2] [W]
    490     0x00007F00       0xFFFFFF80      0x00100000         (0, 0, 15)      [14] []
    491     0x0000A800       0xFFFFFF80      0x00008000         (0, 0, 5)      [9] []
    492     0x0000D700       0xFFFFFF80      0x00400008         (0, 0, 10)      [16] [W]
    493     0x0002FF00       0xFFFFFF00      0x00000002         (0, 2, 15)      [] [NE]
    494     0x00015880       0xFFFFFF80      0x00800000         (0, 1, 11)      [17] []
    495     0x00000880       0xFFFFFF80      0x00008001         (0, 0, 1)      [9] [E]
    496     0x00004180       0xFFFFFF80      0x00002000         (0, 0, 8)      [7] []
    497     0x00009300       0xFFFFFF80      0x00000008         (0, 0, 2)      [] [W]
    498     0x00010000       0xFFFFFF80      0x00020000         (0, 1, 0)      [11] []
    499     0x0001B800       0xFFFFFF80      0x00000001         (0, 1, 7)      [] [E]
    500     0x0000D280       0xFFFFFF80      0x00002008         (0, 0, 10)      [7] [W]
    501     0x00029700       0xFFFFFF00      0x00100000         (0, 2, 2)      [14] []
    502     0x00012500       0xFFFFFF80      0x00000008         (0, 1, 4)      [] [W]
    503     0x00011C80       0xFFFFFF80      0x00000008         (0, 1, 3)      [] [W]
    504     0x00000B80       0xFFFFFF80      0x00200001         (0, 0, 1)      [15] [E]
    505     0x00002200       0xFFFFFF80      0x00FFFF8F         (0, 0, 4)      [1, 2, 3, 4, 5, 6, 7, 8, 9, 10, 11, 12, 13, 14, 15, 16, 17] [E, NE, N, W]
    506     0x00008D00       0xFFFFFF80      0x00080008         (0, 0, 1)      [13] [W]
    507     0x00002380       0xFFFFFF80      0x00FFFF8F         (0, 0, 4)      [1, 2, 3, 4, 5, 6, 7, 8, 9, 10, 11, 12, 13, 14, 15, 16, 17] [E, NE, N, W]
    508     0x00002880       0xFFFFFF80      0x00FFFF9F         (0, 0, 5)      [1, 2, 3, 4, 5, 6, 7, 8, 9, 10, 11, 12, 13, 14, 15, 16, 17] [E, NE, N, W, SW]
    509     0x00006380       0xFFFFFF80      0x00800000         (0, 0, 12)      [17] []
    510     0x00023700       0xFFFFFF80      0x00020001         (0, 2, 6)      [11] [E]
    511     0x00008700       0xFFFFFF80      0x00000088         (0, 0, 0)      [1] [W]
    512     0x00005280       0xFFFFFF80      0x00040008         (0, 0, 10)      [12] [W]
    513     0x0000D300       0xFFFFFF80      0x00004008         (0, 0, 10)      [8] [W]
    514     0x00014A80       0xFFFFFF80      0x00400000         (0, 1, 9)      [16] []
    515     0x0001C180       0xFFFFFF80      0x00000001         (0, 1, 8)      [] [E]
    516     0x00006C00       0xFFFFFF80      0x00000800         (0, 0, 13)      [5] []
    517     0x00006080       0xFFFFFF80      0x00020000         (0, 0, 12)      [11] []
    518     0x00006C80       0xFFFFFF80      0x00001000         (0, 0, 13)      [6] []
    519     0x00004D00       0xFFFFFF80      0x00000088         (0, 0, 9)      [1] [W]
    520     0x00011F00       0xFFFFFF80      0x00200008         (0, 1, 3)      [15] [W]
    521     0x00023E80       0xFFFFFF80      0x00000008         (0, 2, 7)      [] [W]
    522     0x00004C80       0xFFFFFF80      0x00000008         (0, 0, 9)      [] [W]
    523     0x00013D00       0xFFFFFF80      0x00800000         (0, 1, 7)      [17] []
    524     0x00006D00       0xFFFFFF80      0x00002000         (0, 0, 13)      [7] []
    525     0x00011000       0xFFFFFF80      0x00100000         (0, 1, 2)      [14] []
    526     0x00010180       0xFFFFFF80      0x00100000         (0, 1, 0)      [14] []
    527     0x0000A500       0xFFFFFF80      0x00000200         (0, 0, 4)      [3] []
    528     0x00011080       0xFFFFFF80      0x00200000         (0, 1, 2)      [15] []
    529     0x0000E600       0xFFFFFF80      0x00800000         (0, 0, 12)      [17] []
    530     0x00039300       0xFFFFFF00      0x00000004         (0, 3, 2)      [] [N]
    531     0x00012600       0xFFFFFF80      0x00000008         (0, 1, 4)      [] [W]
