router contains 840 entries 
 
  Index   Key(hex)    Mask(hex)    Route(hex)    Src. Core -> [Cores][Links]
------------------------------------------------------------------------------
    0     0x00039800       0xFFFFFF00      0x00000020         (0, 3, 3)      [] [S]
    1     0x00016E00       0xFFFFFF80      0x00000008         (0, 1, 13)      [] [W]
    2     0x00008F80       0xFFFFFF80      0x00008000         (0, 0, 1)      [9] []
    3     0x0001AC80       0xFFFFFF80      0x00200001         (0, 1, 5)      [15] [E]
    4     0x00010700       0xFFFFFF80      0x00400001         (0, 1, 0)      [16] [E]
    5     0x00008500       0xFFFFFF80      0x00800001         (0, 0, 0)      [17] [E]
    6     0x00016400       0xFFFFFF80      0x00000208         (0, 1, 12)      [3] [W]
    7     0x00023A80       0xFFFFFF80      0x00008008         (0, 2, 7)      [9] [W]
    8     0x0001FB80       0xFFFFFF80      0x00000001         (0, 1, 15)      [] [E]
    9     0x00001A00       0xFFFFFF80      0x00001000         (0, 0, 3)      [6] []
    10     0x0001C300       0xFFFFFF80      0x00000008         (0, 1, 8)      [] [W]
    11     0x00002B80       0xFFFFFF80      0x00040000         (0, 0, 5)      [12] []
    12     0x00009300       0xFFFFFF80      0x00400000         (0, 0, 2)      [16] []
    13     0x00018500       0xFFFFFF80      0x00000018         (0, 1, 0)      [] [W, SW]
    14     0x00004580       0xFFFFFF80      0x00001001         (0, 0, 8)      [6] [E]
    15     0x00005580       0xFFFFFF80      0x00008000         (0, 0, 10)      [9] []
    16     0x0001A700       0xFFFFFF80      0x00000001         (0, 1, 4)      [] [E]
    17     0x0000D700       0xFFFFFF80      0x00002008         (0, 0, 10)      [7] [W]
    18     0x0001EB80       0xFFFFFF80      0x00000088         (0, 1, 13)      [1] [W]
    19     0x00000E80       0xFFFFFF80      0x00040000         (0, 0, 1)      [12] []
    20     0x0000A300       0xFFFFFF80      0x0000000E         (0, 0, 4)      [] [NE, N, W]
    21     0x0000CF00       0xFFFFFF80      0x00000008         (0, 0, 9)      [] [W]
    22     0x00013D80       0xFFFFFF80      0x00018780         (0, 1, 7)      [1, 2, 3, 4, 9, 10] []
    23     0x0001A580       0xFFFFFF80      0x00000001         (0, 1, 4)      [] [E]
    24     0x00023C00       0xFFFFFF80      0x00040008         (0, 2, 7)      [12] [W]
    25     0x00021F80       0xFFFFFF80      0x00FFF800         (0, 2, 3)      [5, 6, 7, 8, 9, 10, 11, 12, 13, 14, 15, 16, 17] []
    26     0x0001C480       0xFFFFFF80      0x00000008         (0, 1, 8)      [] [W]
    27     0x00002800       0xFFFFFF80      0x00000800         (0, 0, 5)      [5] []
    28     0x00011180       0xFFFFFF80      0x00004000         (0, 1, 2)      [8] []
    29     0x00007F00       0xFFFFFF80      0x00000801         (0, 0, 15)      [5] [E]
    30     0x00003980       0xFFFFFF80      0x00020002         (0, 0, 7)      [11] [NE]
    31     0x0001FE00       0xFFFFFF80      0x00000001         (0, 1, 15)      [] [E]
    32     0x00044A00       0xFFFFFF00      0x00000010         (0, 4, 9)      [] [SW]
    33     0x00019880       0xFFFFFF80      0x00400000         (0, 1, 3)      [16] []
    34     0x00016A80       0xFFFFFF80      0x00000008         (0, 1, 13)      [] [W]
    35     0x00021D00       0xFFFFFF80      0x00000010         (0, 2, 3)      [] [SW]
    36     0x00016E80       0xFFFFFF80      0x00000008         (0, 1, 13)      [] [W]
    37     0x0001F880       0xFFFFFF80      0x00000408         (0, 1, 15)      [4] [W]
    38     0x00013B00       0xFFFFFF80      0x00000F80         (0, 1, 7)      [1, 2, 3, 4, 5] []
    39     0x00017480       0xFFFFFF80      0x00080000         (0, 1, 14)      [13] []
    40     0x0000F400       0xFFFFFF80      0x00002008         (0, 0, 14)      [7] [W]
    41     0x00043F00       0xFFFFFF00      0x00000010         (0, 4, 7)      [] [SW]
    42     0x00023880       0xFFFFFF80      0x00000800         (0, 2, 7)      [5] []
    43     0x0000CA00       0xFFFFFF80      0x00010000         (0, 0, 9)      [10] []
    44     0x0001CB00       0xFFFFFF80      0x00000001         (0, 1, 9)      [] [E]
    45     0x00013E80       0xFFFFFF80      0x00060780         (0, 1, 7)      [1, 2, 3, 4, 11, 12] []
    46     0x00044B00       0xFFFFFF00      0x00000010         (0, 4, 9)      [] [SW]
    47     0x00015780       0xFFFFFF80      0x00001821         (0, 1, 10)      [5, 6] [E, S]
    48     0x0001CC00       0xFFFFFF80      0x00000001         (0, 1, 9)      [] [E]
    49     0x0000ED80       0xFFFFFF80      0x00000008         (0, 0, 13)      [] [W]
    50     0x00019100       0xFFFFFF80      0x00000030         (0, 1, 2)      [] [SW, S]
    51     0x00008580       0xFFFFFF80      0x00000001         (0, 0, 0)      [] [E]
    52     0x00016D80       0xFFFFFF80      0x00000008         (0, 1, 13)      [] [W]
    53     0x00018800       0xFFFFFF80      0x00000018         (0, 1, 1)      [] [W, SW]
    54     0x00016300       0xFFFFFF80      0x00000088         (0, 1, 12)      [1] [W]
    55     0x00017200       0xFFFFFF80      0x00004000         (0, 1, 14)      [8] []
    56     0x0001E580       0xFFFFFF80      0x00000108         (0, 1, 12)      [2] [W]
    57     0x00018C80       0xFFFFFF80      0x00100030         (0, 1, 1)      [14] [SW, S]
    58     0x00008E80       0xFFFFFF80      0x00002008         (0, 0, 1)      [7] [W]
    59     0x0001E380       0xFFFFFF80      0x00000018         (0, 1, 12)      [] [W, SW]
    60     0x00013A00       0xFFFFFF80      0x00000608         (0, 1, 7)      [3, 4] [W]
    61     0x0001F480       0xFFFFFF80      0x00000008         (0, 1, 14)      [] [W]
    62     0x0001F300       0xFFFFFF80      0x00000408         (0, 1, 14)      [4] [W]
    63     0x0000D180       0xFFFFFF80      0x00000008         (0, 0, 10)      [] [W]
    64     0x0001CD80       0xFFFFFF80      0x00000001         (0, 1, 9)      [] [E]
    65     0x00008E00       0xFFFFFF80      0x00001000         (0, 0, 1)      [6] []
    66     0x00003800       0xFFFFFF80      0x00004000         (0, 0, 7)      [8] []
    67     0x00014500       0xFFFFFF80      0x00000788         (0, 1, 8)      [1, 2, 3, 4] [W]
    68     0x0003A200       0xFFFFFF00      0x00000020         (0, 3, 4)      [] [S]
    69     0x00005980       0xFFFFFF80      0x00800000         (0, 0, 11)      [17] []
    70     0x0001A280       0xFFFFFF80      0x00200000         (0, 1, 4)      [15] []
    71     0x00018B00       0xFFFFFF80      0x00020010         (0, 1, 1)      [11] [SW]
    72     0x00018580       0xFFFFFF80      0x00000018         (0, 1, 0)      [] [W, SW]
    73     0x00012880       0xFFFFFF80      0x00000008         (0, 1, 5)      [] [W]
    74     0x00014C00       0xFFFFFF80      0x00FFF83B         (0, 1, 9)      [5, 6, 7, 8, 9, 10, 11, 12, 13, 14, 15, 16, 17] [E, NE, W, SW, S]
    75     0x00013680       0xFFFFFF80      0x00000008         (0, 1, 6)      [] [W]
    76     0x0001E080       0xFFFFFF80      0x00000008         (0, 1, 12)      [] [W]
    77     0x00002B00       0xFFFFFF80      0x00020002         (0, 0, 5)      [11] [NE]
    78     0x00007780       0xFFFFFF80      0x00000003         (0, 0, 14)      [] [E, NE]
    79     0x0000C700       0xFFFFFF80      0x00000001         (0, 0, 8)      [] [E]
    80     0x00006200       0xFFFFFF80      0x00000800         (0, 0, 12)      [5] []
    81     0x00014900       0xFFFFFF80      0x000007BF         (0, 1, 9)      [1, 2, 3, 4] [E, NE, N, W, SW, S]
    82     0x00002C00       0xFFFFFF80      0x00080000         (0, 0, 5)      [13] []
    83     0x00010380       0xFFFFFF80      0x00008003         (0, 1, 0)      [9] [E, NE]
    84     0x0001EA00       0xFFFFFF80      0x00000008         (0, 1, 13)      [] [W]
    85     0x0000EA00       0xFFFFFF80      0x00400000         (0, 0, 13)      [16] []
    86     0x00007280       0xFFFFFF80      0x00008000         (0, 0, 14)      [9] []
    87     0x0001FD00       0xFFFFFF80      0x00000201         (0, 1, 15)      [3] [E]
    88     0x0001C680       0xFFFFFF80      0x00000108         (0, 1, 8)      [2] [W]
    89     0x0000C200       0xFFFFFF80      0x00000001         (0, 0, 8)      [] [E]
    90     0x00002A00       0xFFFFFF80      0x00008000         (0, 0, 5)      [9] []
    91     0x0000DF80       0xFFFFFF80      0x00000008         (0, 0, 11)      [] [W]
    92     0x00010780       0xFFFFFF80      0x00800001         (0, 1, 0)      [17] [E]
    93     0x00021300       0xFFFFFF80      0x00000200         (0, 2, 2)      [3] []
    94     0x0001AA00       0xFFFFFF80      0x00000100         (0, 1, 5)      [2] []
    95     0x00021380       0xFFFFFF80      0x00000400         (0, 2, 2)      [4] []
    96     0x00011300       0xFFFFFF80      0x00020000         (0, 1, 2)      [11] []
    97     0x00020900       0xFFFFFF80      0x00000200         (0, 2, 1)      [3] []
    98     0x0000CB00       0xFFFFFF80      0x00040000         (0, 0, 9)      [12] []
    99     0x00013780       0xFFFFFF80      0x00000008         (0, 1, 6)      [] [W]
    100     0x00013F00       0xFFFFFF80      0x000C0780         (0, 1, 7)      [1, 2, 3, 4, 12, 13] []
    101     0x00001C80       0xFFFFFF80      0x00020002         (0, 0, 3)      [11] [NE]
    102     0x0001A100       0xFFFFFF80      0x00040000         (0, 1, 4)      [12] []
    103     0x0001CF00       0xFFFFFF80      0x00000101         (0, 1, 9)      [2] [E]
    104     0x0000A400       0xFFFFFF80      0x0000000E         (0, 0, 4)      [] [NE, N, W]
    105     0x0000BE80       0xFFFFFF80      0x00400003         (0, 0, 7)      [16] [E, NE]
    106     0x0001B900       0xFFFFFF80      0x00000008         (0, 1, 7)      [] [W]
    107     0x0000C900       0xFFFFFF80      0x00004001         (0, 0, 9)      [8] [E]
    108     0x00020C00       0xFFFFFF80      0x00000200         (0, 2, 1)      [3] []
    109     0x00012400       0xFFFFFF80      0x00400000         (0, 1, 4)      [16] []
    110     0x0001E600       0xFFFFFF80      0x00000208         (0, 1, 12)      [3] [W]
    111     0x00013A80       0xFFFFFF80      0x00000408         (0, 1, 7)      [4] [W]
    112     0x00015A80       0xFFFFFF80      0x00060008         (0, 1, 11)      [11, 12] [W]
    113     0x00014D80       0xFFFFFF80      0x00FFF83F         (0, 1, 9)      [5, 6, 7, 8, 9, 10, 11, 12, 13, 14, 15, 16, 17] [E, NE, N, W, SW, S]
    114     0x00000C00       0xFFFFFF80      0x00002000         (0, 0, 1)      [7] []
    115     0x0001EE80       0xFFFFFF80      0x00000008         (0, 1, 13)      [] [W]
    116     0x0001AD80       0xFFFFFF80      0x00800000         (0, 1, 5)      [17] []
    117     0x00044900       0xFFFFFF00      0x00000010         (0, 4, 9)      [] [SW]
    118     0x0000B100       0xFFFFFF80      0x00000002         (0, 0, 6)      [] [NE]
    119     0x0001FC80       0xFFFFFF80      0x00000101         (0, 1, 15)      [2] [E]
    120     0x00014A80       0xFFFFFF80      0x00FFF83B         (0, 1, 9)      [5, 6, 7, 8, 9, 10, 11, 12, 13, 14, 15, 16, 17] [E, NE, W, SW, S]
    121     0x0003A100       0xFFFFFF00      0x00000020         (0, 3, 4)      [] [S]
    122     0x00010D80       0xFFFFFF80      0x00000088         (0, 1, 1)      [1] [W]
    123     0x00010880       0xFFFFFF80      0x00000001         (0, 1, 1)      [] [E]
    124     0x00011780       0xFFFFFF80      0x00000008         (0, 1, 2)      [] [W]
    125     0x00015180       0xFFFFFF80      0x00FFF821         (0, 1, 10)      [5, 6, 7, 8, 9, 10, 11, 12, 13, 14, 15, 16, 17] [E, S]
    126     0x0000EB00       0xFFFFFF80      0x00000008         (0, 0, 13)      [] [W]
    127     0x00009400       0xFFFFFF80      0x0000000A         (0, 0, 2)      [] [NE, W]
    128     0x0000EE80       0xFFFFFF80      0x00000008         (0, 0, 13)      [] [W]
    129     0x00020000       0xFFFFFF80      0x00000001         (0, 2, 0)      [] [E]
    130     0x00019600       0xFFFFFF80      0x00020000         (0, 1, 2)      [11] []
    131     0x0001EB00       0xFFFFFF80      0x00000008         (0, 1, 13)      [] [W]
    132     0x00005500       0xFFFFFF80      0x00004000         (0, 0, 10)      [8] []
    133     0x00039E00       0xFFFFFF00      0x00000020         (0, 3, 3)      [] [S]
    134     0x00012B80       0xFFFFFF80      0x00000208         (0, 1, 5)      [3] [W]
    135     0x00016680       0xFFFFFF80      0x00010000         (0, 1, 12)      [10] []
    136     0x00013400       0xFFFFFF80      0x00000008         (0, 1, 6)      [] [W]
    137     0x00020580       0xFFFFFF80      0x00000200         (0, 2, 0)      [3] []
    138     0x0001EE00       0xFFFFFF80      0x00000008         (0, 1, 13)      [] [W]
    139     0x00012100       0xFFFFFF80      0x00010000         (0, 1, 4)      [10] []
    140     0x0001C400       0xFFFFFF80      0x00000008         (0, 1, 8)      [] [W]
    141     0x0000E580       0xFFFFFF80      0x00002008         (0, 0, 12)      [7] [W]
    142     0x00019300       0xFFFFFF80      0x00000030         (0, 1, 2)      [] [SW, S]
    143     0x00020C80       0xFFFFFF80      0x00000400         (0, 2, 1)      [4] []
    144     0x0001CB80       0xFFFFFF80      0x00000001         (0, 1, 9)      [] [E]
    145     0x00020380       0xFFFFFF80      0x00000001         (0, 2, 0)      [] [E]
    146     0x0000F780       0xFFFFFF80      0x00100004         (0, 0, 14)      [14] [N]
    147     0x00016480       0xFFFFFF80      0x00000408         (0, 1, 12)      [4] [W]
    148     0x0000BC00       0xFFFFFF80      0x00020003         (0, 0, 7)      [11] [E, NE]
    149     0x0001C880       0xFFFFFF80      0x00800001         (0, 1, 9)      [17] [E]
    150     0x0000CD80       0xFFFFFF80      0x00800000         (0, 0, 9)      [17] []
    151     0x00020680       0xFFFFFF80      0x00000001         (0, 2, 0)      [] [E]
    152     0x0000D900       0xFFFFFF80      0x00020000         (0, 0, 11)      [11] []
    153     0x00005400       0xFFFFFF80      0x00001000         (0, 0, 10)      [6] []
    154     0x0000BA00       0xFFFFFF80      0x00002003         (0, 0, 7)      [7] [E, NE]
    155     0x0001EF00       0xFFFFFF80      0x00000008         (0, 1, 13)      [] [W]
    156     0x0000D100       0xFFFFFF80      0x00000008         (0, 0, 10)      [] [W]
    157     0x00012800       0xFFFFFF80      0x00000008         (0, 1, 5)      [] [W]
    158     0x00006700       0xFFFFFF80      0x00200000         (0, 0, 12)      [15] []
    159     0x00014980       0xFFFFFF80      0x00FFF83B         (0, 1, 9)      [5, 6, 7, 8, 9, 10, 11, 12, 13, 14, 15, 16, 17] [E, NE, W, SW, S]
    160     0x00007400       0xFFFFFF80      0x00040000         (0, 0, 14)      [12] []
    161     0x00004600       0xFFFFFF80      0x00002001         (0, 0, 8)      [7] [E]
    162     0x00006400       0xFFFFFF80      0x00008000         (0, 0, 12)      [9] []
    163     0x00001980       0xFFFFFF80      0x00000800         (0, 0, 3)      [5] []
    164     0x0000F600       0xFFFFFF80      0x00020002         (0, 0, 14)      [11] [NE]
    165     0x00016380       0xFFFFFF80      0x00000108         (0, 1, 12)      [2] [W]
    166     0x00011080       0xFFFFFF80      0x00001008         (0, 1, 2)      [6] [W]
    167     0x00020F00       0xFFFFFF80      0x00000400         (0, 2, 1)      [4] []
    168     0x0001B580       0xFFFFFF80      0x00100000         (0, 1, 6)      [14] []
    169     0x0000CC00       0xFFFFFF80      0x00100000         (0, 0, 9)      [14] []
    170     0x0001AC00       0xFFFFFF80      0x00100001         (0, 1, 5)      [14] [E]
    171     0x0001B880       0xFFFFFF80      0x00000008         (0, 1, 7)      [] [W]
    172     0x00018680       0xFFFFFF80      0x00000018         (0, 1, 0)      [] [W, SW]
    173     0x0001EA80       0xFFFFFF80      0x00000008         (0, 1, 13)      [] [W]
    174     0x00018E00       0xFFFFFF80      0x00800030         (0, 1, 1)      [17] [SW, S]
    175     0x0000C100       0xFFFFFF80      0x00000003         (0, 0, 8)      [] [E, NE]
    176     0x00013D00       0xFFFFFF80      0x0000C780         (0, 1, 7)      [1, 2, 3, 4, 8, 9] []
    177     0x00017680       0xFFFFFF80      0x00800000         (0, 1, 14)      [17] []
    178     0x0001F600       0xFFFFFF80      0x00000008         (0, 1, 14)      [] [W]
    179     0x0000B180       0xFFFFFF80      0x00000002         (0, 0, 6)      [] [NE]
    180     0x0000D780       0xFFFFFF80      0x00004000         (0, 0, 10)      [8] []
    181     0x00021400       0xFFFFFF80      0x00000400         (0, 2, 2)      [4] []
    182     0x0001D780       0xFFFFFF80      0x00000200         (0, 1, 10)      [3] []
    183     0x00017500       0xFFFFFF80      0x00100000         (0, 1, 14)      [14] []
    184     0x00009000       0xFFFFFF80      0x00010002         (0, 0, 2)      [10] [NE]
    185     0x00015680       0xFFFFFF80      0x00FFFB01         (0, 1, 10)      [2, 3, 5, 6, 7, 8, 9, 10, 11, 12, 13, 14, 15, 16, 17] [E]
    186     0x0000DF00       0xFFFFFF80      0x00000008         (0, 0, 11)      [] [W]
    187     0x0001C080       0xFFFFFF80      0x00000008         (0, 1, 8)      [] [W]
    188     0x0001FD80       0xFFFFFF80      0x00000401         (0, 1, 15)      [4] [E]
    189     0x00003A00       0xFFFFFF80      0x00040000         (0, 0, 7)      [12] []
    190     0x00017100       0xFFFFFF80      0x00000208         (0, 1, 14)      [3] [W]
    191     0x00007200       0xFFFFFF80      0x00004000         (0, 0, 14)      [8] []
    192     0x00017400       0xFFFFFF80      0x00040000         (0, 1, 14)      [12] []
    193     0x0001FF00       0xFFFFFF80      0x00000001         (0, 1, 15)      [] [E]
    194     0x00009580       0xFFFFFF80      0x0000000A         (0, 0, 2)      [] [NE, W]
    195     0x0000F480       0xFFFFFF80      0x00004000         (0, 0, 14)      [8] []
    196     0x00013500       0xFFFFFF80      0x00000008         (0, 1, 6)      [] [W]
    197     0x0001A180       0xFFFFFF80      0x00080000         (0, 1, 4)      [13] []
    198     0x00020300       0xFFFFFF80      0x00000001         (0, 2, 0)      [] [E]
    199     0x0000FC80       0xFFFFFF80      0x00000003         (0, 0, 15)      [] [E, NE]
    200     0x0004DD00       0xFFFFFF00      0x00004000         (0, 4, 11)      [8] []
    201     0x00013900       0xFFFFFF80      0x00000188         (0, 1, 7)      [1, 2] [W]
    202     0x0001AB00       0xFFFFFF80      0x00000400         (0, 1, 5)      [4] []
    203     0x00020600       0xFFFFFF80      0x00000400         (0, 2, 0)      [4] []
    204     0x00011B00       0xFFFFFF80      0x00000008         (0, 1, 3)      [] [W]
    205     0x0004E000       0xFFFFFF00      0x00020000         (0, 4, 12)      [11] []
    206     0x00000D80       0xFFFFFF80      0x00010002         (0, 0, 1)      [10] [NE]
    207     0x00012B00       0xFFFFFF80      0x00000108         (0, 1, 5)      [2] [W]
    208     0x00020E00       0xFFFFFF80      0x00000100         (0, 2, 1)      [2] []
    209     0x00012180       0xFFFFFF80      0x00020000         (0, 1, 4)      [11] []
    210     0x0001FA80       0xFFFFFF80      0x00000001         (0, 1, 15)      [] [E]
    211     0x00020480       0xFFFFFF80      0x00000080         (0, 2, 0)      [1] []
    212     0x0000AB00       0xFFFFFF80      0x00001008         (0, 0, 5)      [6] [W]
    213     0x00017D00       0xFFFFFF80      0x00000108         (0, 1, 15)      [2] [W]
    214     0x00013000       0xFFFFFF80      0x00020000         (0, 1, 6)      [11] []
    215     0x00011A80       0xFFFFFF80      0x00000008         (0, 1, 3)      [] [W]
    216     0x00016600       0xFFFFFF80      0x00008000         (0, 1, 12)      [9] []
    217     0x0000EF80       0xFFFFFF80      0x00000008         (0, 0, 13)      [] [W]
    218     0x00017800       0xFFFFFF80      0x00000008         (0, 1, 15)      [] [W]
    219     0x00010500       0xFFFFFF80      0x00040001         (0, 1, 0)      [12] [E]
    220     0x00000B00       0xFFFFFF80      0x00000800         (0, 0, 1)      [5] []
    221     0x00010B80       0xFFFFFF80      0x00000001         (0, 1, 1)      [] [E]
    222     0x0000AA80       0xFFFFFF80      0x00000800         (0, 0, 5)      [5] []
    223     0x00014580       0xFFFFFF80      0x00000788         (0, 1, 8)      [1, 2, 3, 4] [W]
    224     0x0000AD00       0xFFFFFF80      0x00010002         (0, 0, 5)      [10] [NE]
    225     0x0001BB80       0xFFFFFF80      0x00000008         (0, 1, 7)      [] [W]
    226     0x0001C980       0xFFFFFF80      0x00000001         (0, 1, 9)      [] [E]
    227     0x00006580       0xFFFFFF80      0x00040000         (0, 0, 12)      [12] []
    228     0x00019F00       0xFFFFFF80      0x00000080         (0, 1, 3)      [1] []
    229     0x0004E400       0xFFFFFF00      0x00200000         (0, 4, 12)      [15] []
    230     0x00017380       0xFFFFFF80      0x00020000         (0, 1, 14)      [11] []
    231     0x00001B00       0xFFFFFF80      0x00004000         (0, 0, 3)      [8] []
    232     0x0000C980       0xFFFFFF80      0x00008001         (0, 0, 9)      [9] [E]
    233     0x00011700       0xFFFFFF80      0x00000008         (0, 1, 2)      [] [W]
    234     0x00018B80       0xFFFFFF80      0x00040030         (0, 1, 1)      [12] [SW, S]
    235     0x00021200       0xFFFFFF80      0x00000200         (0, 2, 2)      [3] []
    236     0x00002900       0xFFFFFF80      0x00002000         (0, 0, 5)      [7] []
    237     0x0001C580       0xFFFFFF80      0x00000008         (0, 1, 8)      [] [W]
    238     0x00018780       0xFFFFFF80      0x00000018         (0, 1, 0)      [] [W, SW]
    239     0x00015C80       0xFFFFFF80      0x00600008         (0, 1, 11)      [16, 15] [W]
    240     0x0000E900       0xFFFFFF80      0x00100000         (0, 0, 13)      [14] []
    241     0x0001E500       0xFFFFFF80      0x00000088         (0, 1, 12)      [1] [W]
    242     0x0004E500       0xFFFFFF00      0x00400000         (0, 4, 12)      [16] []
    243     0x0001CF80       0xFFFFFF80      0x00000200         (0, 1, 9)      [3] []
    244     0x00015700       0xFFFFFF80      0x00FFFE01         (0, 1, 10)      [3, 4, 5, 6, 7, 8, 9, 10, 11, 12, 13, 14, 15, 16, 17] [E]
    245     0x0000DC80       0xFFFFFF80      0x00000008         (0, 0, 11)      [] [W]
    246     0x00012E80       0xFFFFFF80      0x00004000         (0, 1, 5)      [8] []
    247     0x00021080       0xFFFFFF80      0x00000200         (0, 2, 2)      [3] []
    248     0x0001C280       0xFFFFFF80      0x00000008         (0, 1, 8)      [] [W]
    249     0x00012700       0xFFFFFF80      0x00000008         (0, 1, 4)      [] [W]
    250     0x00005780       0xFFFFFF80      0x00080000         (0, 0, 10)      [13] []
    251     0x00011500       0xFFFFFF80      0x00200000         (0, 1, 2)      [15] []
    252     0x0001E680       0xFFFFFF80      0x00000408         (0, 1, 12)      [4] [W]
    253     0x0000FD80       0xFFFFFF80      0x00000003         (0, 0, 15)      [] [E, NE]
    254     0x00013380       0xFFFFFF80      0x00000008         (0, 1, 6)      [] [W]
    255     0x0001D680       0xFFFFFF80      0x00000080         (0, 1, 10)      [1] []
    256     0x00012A00       0xFFFFFF80      0x00000008         (0, 1, 5)      [] [W]
    257     0x0000DA80       0xFFFFFF80      0x00100000         (0, 0, 11)      [14] []
    258     0x0001F180       0xFFFFFF80      0x00000088         (0, 1, 14)      [1] [W]
    259     0x00010A80       0xFFFFFF80      0x00000001         (0, 1, 1)      [] [E]
    260     0x0003A300       0xFFFFFF00      0x00000020         (0, 3, 4)      [] [S]
    261     0x00016880       0xFFFFFF80      0x00100000         (0, 1, 13)      [14] []
    262     0x00011480       0xFFFFFF80      0x00100000         (0, 1, 2)      [14] []
    263     0x00014680       0xFFFFFF80      0x00000788         (0, 1, 8)      [1, 2, 3, 4] [W]
    264     0x00015D80       0xFFFFFF80      0x00800008         (0, 1, 11)      [17] [W]
    265     0x00008200       0xFFFFFF80      0x00020001         (0, 0, 0)      [11] [E]
    266     0x0001F700       0xFFFFFF80      0x00000088         (0, 1, 14)      [1] [W]
    267     0x00007380       0xFFFFFF80      0x00020002         (0, 0, 14)      [11] [NE]
    268     0x00014000       0xFFFFFF80      0x00300780         (0, 1, 8)      [1, 2, 3, 4, 14, 15] []
    269     0x00014180       0xFFFFFF80      0x00800788         (0, 1, 8)      [1, 2, 3, 4, 17] [W]
    270     0x00017180       0xFFFFFF80      0x00000408         (0, 1, 14)      [4] [W]
    271     0x00004980       0xFFFFFF80      0x00100003         (0, 0, 9)      [14] [E, NE]
    272     0x0000F900       0xFFFFFF80      0x00800004         (0, 0, 15)      [17] [N]
    273     0x0000B000       0xFFFFFF80      0x00400004         (0, 0, 6)      [16] [N]
    274     0x00008380       0xFFFFFF80      0x00100001         (0, 0, 0)      [14] [E]
    275     0x00010C80       0xFFFFFF80      0x00000008         (0, 1, 1)      [] [W]
    276     0x0001E900       0xFFFFFF80      0x00000008         (0, 1, 13)      [] [W]
    277     0x0000C780       0xFFFFFF80      0x00000801         (0, 0, 8)      [5] [E]
    278     0x00009180       0xFFFFFF80      0x00080000         (0, 0, 2)      [13] []
    279     0x00015D00       0xFFFFFF80      0x00C00008         (0, 1, 11)      [16, 17] [W]
    280     0x00013280       0xFFFFFF80      0x00400000         (0, 1, 6)      [16] []
    281     0x00014480       0xFFFFFF80      0x00000788         (0, 1, 8)      [1, 2, 3, 4] [W]
    282     0x00010400       0xFFFFFF80      0x00010001         (0, 1, 0)      [10] [E]
    283     0x00003B80       0xFFFFFF80      0x00200000         (0, 0, 7)      [15] []
    284     0x00014600       0xFFFFFF80      0x00000788         (0, 1, 8)      [1, 2, 3, 4] [W]
    285     0x00018980       0xFFFFFF80      0x00000218         (0, 1, 1)      [3] [W, SW]
    286     0x00019900       0xFFFFFF80      0x00800000         (0, 1, 3)      [17] []
    287     0x00001D00       0xFFFFFF80      0x00040000         (0, 0, 3)      [12] []
    288     0x0000E080       0xFFFFFF80      0x00000008         (0, 0, 12)      [] [W]
    289     0x00005480       0xFFFFFF80      0x00002000         (0, 0, 10)      [7] []
    290     0x0000E600       0xFFFFFF80      0x00004000         (0, 0, 12)      [8] []
    291     0x0001FE80       0xFFFFFF80      0x00000001         (0, 1, 15)      [] [E]
    292     0x00039900       0xFFFFFF00      0x00000020         (0, 3, 3)      [] [S]
    293     0x00007F80       0xFFFFFF80      0x00001001         (0, 0, 15)      [6] [E]
    294     0x00015B80       0xFFFFFF80      0x00180008         (0, 1, 11)      [13, 14] [W]
    295     0x00010980       0xFFFFFF80      0x00000001         (0, 1, 1)      [] [E]
    296     0x00014380       0xFFFFFF80      0x00000788         (0, 1, 8)      [1, 2, 3, 4] [W]
    297     0x0001F380       0xFFFFFF80      0x00000008         (0, 1, 14)      [] [W]
    298     0x00015200       0xFFFFFF80      0x00FFF821         (0, 1, 10)      [5, 6, 7, 8, 9, 10, 11, 12, 13, 14, 15, 16, 17] [E, S]
    299     0x00005600       0xFFFFFF80      0x00010002         (0, 0, 10)      [10] [NE]
    300     0x0000DB80       0xFFFFFF80      0x00400000         (0, 0, 11)      [16] []
    301     0x00007580       0xFFFFFF80      0x00200003         (0, 0, 14)      [15] [E, NE]
    302     0x00020F80       0xFFFFFF80      0x00000080         (0, 2, 1)      [1] []
    303     0x0001EC00       0xFFFFFF80      0x00000108         (0, 1, 13)      [2] [W]
    304     0x0000DB00       0xFFFFFF80      0x00200000         (0, 0, 11)      [15] []
    305     0x0001F400       0xFFFFFF80      0x00000008         (0, 1, 14)      [] [W]
    306     0x00018400       0xFFFFFF80      0x00000018         (0, 1, 0)      [] [W, SW]
    307     0x00016000       0xFFFFFF80      0x00000008         (0, 1, 12)      [] [W]
    308     0x00023C80       0xFFFFFF80      0x00080008         (0, 2, 7)      [13] [W]
    309     0x00017F00       0xFFFFFF80      0x00010000         (0, 1, 15)      [10] []
    310     0x00018D80       0xFFFFFF80      0x00400030         (0, 1, 1)      [16] [SW, S]
    311     0x00044C00       0xFFFFFF00      0x00000010         (0, 4, 9)      [] [SW]
    312     0x00003880       0xFFFFFF80      0x00008000         (0, 0, 7)      [9] []
    313     0x00044000       0xFFFFFF00      0x00000010         (0, 4, 8)      [] [SW]
    314     0x00005880       0xFFFFFF80      0x00200000         (0, 0, 11)      [15] []
    315     0x0001C200       0xFFFFFF80      0x00000008         (0, 1, 8)      [] [W]
    316     0x00014D00       0xFFFFFF80      0x00FFF83F         (0, 1, 9)      [5, 6, 7, 8, 9, 10, 11, 12, 13, 14, 15, 16, 17] [E, NE, N, W, SW, S]
    317     0x00009F00       0xFFFFFF80      0x00020002         (0, 0, 3)      [11] [NE]
    318     0x00004480       0xFFFFFF80      0x00000001         (0, 0, 8)      [] [E]
    319     0x0001A080       0xFFFFFF80      0x00000400         (0, 1, 4)      [4] []
    320     0x00020280       0xFFFFFF80      0x00000001         (0, 2, 0)      [] [E]
    321     0x00001C00       0xFFFFFF80      0x00010002         (0, 0, 3)      [10] [NE]
    322     0x0001F800       0xFFFFFF80      0x00000208         (0, 1, 15)      [3] [W]
    323     0x0000DD80       0xFFFFFF80      0x00000008         (0, 0, 11)      [] [W]
    324     0x00015580       0xFFFFFF80      0x00FFF881         (0, 1, 10)      [1, 5, 6, 7, 8, 9, 10, 11, 12, 13, 14, 15, 16, 17] [E]
    325     0x00016180       0xFFFFFF80      0x00000008         (0, 1, 12)      [] [W]
    326     0x0000CE80       0xFFFFFF80      0x00000008         (0, 0, 9)      [] [W]
    327     0x00000D00       0xFFFFFF80      0x00008000         (0, 0, 1)      [9] []
    328     0x0000D000       0xFFFFFF80      0x00000008         (0, 0, 10)      [] [W]
    329     0x00011B80       0xFFFFFF80      0x00000008         (0, 1, 3)      [] [W]
    330     0x00014C80       0xFFFFFF80      0x00FFF83B         (0, 1, 9)      [5, 6, 7, 8, 9, 10, 11, 12, 13, 14, 15, 16, 17] [E, NE, W, SW, S]
    331     0x00009280       0xFFFFFF80      0x00200000         (0, 0, 2)      [15] []
    332     0x0000D600       0xFFFFFF80      0x00000800         (0, 0, 10)      [5] []
    333     0x00016F80       0xFFFFFF80      0x00000008         (0, 1, 13)      [] [W]
    334     0x00004A80       0xFFFFFF80      0x00400003         (0, 0, 9)      [16] [E, NE]
    335     0x0004E300       0xFFFFFF00      0x00100000         (0, 4, 12)      [14] []
    336     0x00016100       0xFFFFFF80      0x00000008         (0, 1, 12)      [] [W]
    337     0x00016080       0xFFFFFF80      0x00000008         (0, 1, 12)      [] [W]
    338     0x00023D00       0xFFFFFF80      0x00100000         (0, 2, 7)      [14] []
    339     0x00010680       0xFFFFFF80      0x00200001         (0, 1, 0)      [15] [E]
    340     0x00017780       0xFFFFFF80      0x00000008         (0, 1, 14)      [] [W]
    341     0x0001BD80       0xFFFFFF80      0x00000108         (0, 1, 7)      [2] [W]
    342     0x00024580       0xFFFFFF80      0x00000200         (0, 2, 8)      [3] []
    343     0x0000F300       0xFFFFFF80      0x00000800         (0, 0, 14)      [5] []
    344     0x0003A600       0xFFFFFF00      0x00000020         (0, 3, 4)      [] [S]
    345     0x0000A080       0xFFFFFF80      0x00100004         (0, 0, 4)      [14] [N]
    346     0x0000AB80       0xFFFFFF80      0x00002008         (0, 0, 5)      [7] [W]
    347     0x00015880       0xFFFFFF80      0x00006008         (0, 1, 11)      [8, 7] [W]
    348     0x00044200       0xFFFFFF00      0x00000010         (0, 4, 8)      [] [SW]
    349     0x00021F00       0xFFFFFF80      0x00000780         (0, 2, 3)      [1, 2, 3, 4] []
    350     0x00012280       0xFFFFFF80      0x00080000         (0, 1, 4)      [13] []
    351     0x00018380       0xFFFFFF80      0x00000018         (0, 1, 0)      [] [W, SW]
    352     0x0000CD00       0xFFFFFF80      0x00400000         (0, 0, 9)      [16] []
    353     0x0000EA80       0xFFFFFF80      0x00800000         (0, 0, 13)      [17] []
    354     0x00017C00       0xFFFFFF80      0x00000008         (0, 1, 15)      [] [W]
    355     0x00015900       0xFFFFFF80      0x0000C008         (0, 1, 11)      [8, 9] [W]
    356     0x0001EF80       0xFFFFFF80      0x00000008         (0, 1, 13)      [] [W]
    357     0x0001C700       0xFFFFFF80      0x00000201         (0, 1, 8)      [3] [E]
    358     0x00014280       0xFFFFFF80      0x00000788         (0, 1, 8)      [1, 2, 3, 4] [W]
    359     0x00011880       0xFFFFFF80      0x00000008         (0, 1, 3)      [] [W]
    360     0x0000AF00       0xFFFFFF80      0x00100004         (0, 0, 5)      [14] [N]
    361     0x0001CD00       0xFFFFFF80      0x00000001         (0, 1, 9)      [] [E]
    362     0x00003680       0xFFFFFF80      0x00000800         (0, 0, 6)      [5] []
    363     0x00017C80       0xFFFFFF80      0x00000088         (0, 1, 15)      [1] [W]
    364     0x00015000       0xFFFFFF80      0x00FFF821         (0, 1, 10)      [5, 6, 7, 8, 9, 10, 11, 12, 13, 14, 15, 16, 17] [E, S]
    365     0x00023D80       0xFFFFFF80      0x00200000         (0, 2, 7)      [15] []
    366     0x0000ED00       0xFFFFFF80      0x00000008         (0, 0, 13)      [] [W]
    367     0x0001B800       0xFFFFFF80      0x00000008         (0, 1, 7)      [] [W]
    368     0x00004780       0xFFFFFF80      0x00010003         (0, 0, 8)      [10] [E, NE]
    369     0x00008180       0xFFFFFF80      0x00010001         (0, 0, 0)      [10] [E]
    370     0x0001A880       0xFFFFFF80      0x00000001         (0, 1, 5)      [] [E]
    371     0x0000BF00       0xFFFFFF80      0x00800003         (0, 0, 7)      [17] [E, NE]
    372     0x00014100       0xFFFFFF80      0x00C00780         (0, 1, 8)      [1, 2, 3, 4, 16, 17] []
    373     0x00023E00       0xFFFFFF80      0x00400000         (0, 2, 7)      [16] []
    374     0x00009D80       0xFFFFFF80      0x00004000         (0, 0, 3)      [8] []
    375     0x00004500       0xFFFFFF80      0x00000801         (0, 0, 8)      [5] [E]
    376     0x00020400       0xFFFFFF80      0x00000001         (0, 2, 0)      [] [E]
    377     0x0004D800       0xFFFFFF00      0x00000200         (0, 4, 11)      [3] []
    378     0x00003700       0xFFFFFF80      0x00001000         (0, 0, 6)      [6] []
    379     0x0001BC80       0xFFFFFF80      0x00000008         (0, 1, 7)      [] [W]
    380     0x0000B300       0xFFFFFF80      0x00000002         (0, 0, 6)      [] [NE]
    381     0x0001B480       0xFFFFFF80      0x00000200         (0, 1, 6)      [3] []
    382     0x00003900       0xFFFFFF80      0x00010002         (0, 0, 7)      [10] [NE]
    383     0x0001D800       0xFFFFFF80      0x00000400         (0, 1, 11)      [4] []
    384     0x0000FF00       0xFFFFFF80      0x00000002         (0, 0, 15)      [] [NE]
    385     0x0000D080       0xFFFFFF80      0x00000008         (0, 0, 10)      [] [W]
    386     0x0001E800       0xFFFFFF80      0x00000008         (0, 1, 13)      [] [W]
    387     0x00044500       0xFFFFFF00      0x00000010         (0, 4, 8)      [] [SW]
    388     0x00020200       0xFFFFFF80      0x00000400         (0, 2, 0)      [4] []
    389     0x00016800       0xFFFFFF80      0x00080000         (0, 1, 13)      [13] []
    390     0x00013080       0xFFFFFF80      0x00040000         (0, 1, 6)      [12] []
    391     0x00018100       0xFFFFFF80      0x00100000         (0, 1, 0)      [14] []
    392     0x00011E80       0xFFFFFF80      0x00000800         (0, 1, 3)      [5] []
    393     0x00016A00       0xFFFFFF80      0x00800000         (0, 1, 13)      [17] []
    394     0x0001E700       0xFFFFFF80      0x00000008         (0, 1, 12)      [] [W]
    395     0x00001D80       0xFFFFFF80      0x00080000         (0, 0, 3)      [13] []
    396     0x00007500       0xFFFFFF80      0x00100000         (0, 0, 14)      [14] []
    397     0x0000A200       0xFFFFFF80      0x00800004         (0, 0, 4)      [17] [N]
    398     0x0001C600       0xFFFFFF80      0x00000088         (0, 1, 8)      [1] [W]
    399     0x00006600       0xFFFFFF80      0x00080000         (0, 0, 12)      [13] []
    400     0x0000B900       0xFFFFFF80      0x00000803         (0, 0, 7)      [5] [E, NE]
    401     0x0000BA80       0xFFFFFF80      0x00004003         (0, 0, 7)      [8] [E, NE]
    402     0x0001CE00       0xFFFFFF80      0x00000001         (0, 1, 9)      [] [E]
    403     0x0000C000       0xFFFFFF80      0x00000003         (0, 0, 8)      [] [E, NE]
    404     0x00018D00       0xFFFFFF80      0x00200030         (0, 1, 1)      [15] [SW, S]
    405     0x00017080       0xFFFFFF80      0x00000108         (0, 1, 14)      [2] [W]
    406     0x00019500       0xFFFFFF80      0x00000200         (0, 1, 2)      [3] []
    407     0x0001F980       0xFFFFFF80      0x00000001         (0, 1, 15)      [] [E]
    408     0x0000C180       0xFFFFFF80      0x00000001         (0, 0, 8)      [] [E]
    409     0x00016580       0xFFFFFF80      0x00004008         (0, 1, 12)      [8] [W]
    410     0x00024480       0xFFFFFF80      0x00000080         (0, 2, 8)      [1] []
    411     0x00010580       0xFFFFFF80      0x00080001         (0, 1, 0)      [13] [E]
    412     0x00018900       0xFFFFFF80      0x00000118         (0, 1, 1)      [2] [W, SW]
    413     0x00013980       0xFFFFFF80      0x00000308         (0, 1, 7)      [2, 3] [W]
    414     0x0001A200       0xFFFFFF80      0x00100000         (0, 1, 4)      [14] []
    415     0x0001A680       0xFFFFFF80      0x00000001         (0, 1, 4)      [] [E]
    416     0x0004D900       0xFFFFFF00      0x00000400         (0, 4, 11)      [4] []
    417     0x00012380       0xFFFFFF80      0x00200000         (0, 1, 4)      [15] []
    418     0x0000EC00       0xFFFFFF80      0x00000008         (0, 0, 13)      [] [W]
    419     0x00023B00       0xFFFFFF80      0x00010008         (0, 2, 7)      [10] [W]
    420     0x0001F200       0xFFFFFF80      0x00000108         (0, 1, 14)      [2] [W]
    421     0x00004880       0xFFFFFF80      0x00040003         (0, 0, 9)      [12] [E, NE]
    422     0x00002A80       0xFFFFFF80      0x00010002         (0, 0, 5)      [10] [NE]
    423     0x00012580       0xFFFFFF80      0x00000008         (0, 1, 4)      [] [W]
    424     0x0001BE80       0xFFFFFF80      0x00000408         (0, 1, 7)      [4] [W]
    425     0x00013800       0xFFFFFF80      0x00000008         (0, 1, 7)      [] [W]
    426     0x00020700       0xFFFFFF80      0x00000001         (0, 2, 0)      [] [E]
    427     0x00017B00       0xFFFFFF80      0x00000008         (0, 1, 15)      [] [W]
    428     0x00004680       0xFFFFFF80      0x00004003         (0, 0, 8)      [8] [E, NE]
    429     0x0000F680       0xFFFFFF80      0x00040004         (0, 0, 14)      [12] [N]
    430     0x0000EC80       0xFFFFFF80      0x00000008         (0, 0, 13)      [] [W]
    431     0x00005380       0xFFFFFF80      0x00000800         (0, 0, 10)      [5] []
    432     0x00023E80       0xFFFFFF80      0x00800000         (0, 2, 7)      [17] []
    433     0x00011200       0xFFFFFF80      0x00008000         (0, 1, 2)      [9] []
    434     0x00005900       0xFFFFFF80      0x00400000         (0, 0, 11)      [16] []
    435     0x00015980       0xFFFFFF80      0x00018008         (0, 1, 11)      [9, 10] [W]
    436     0x00010100       0xFFFFFF80      0x00000003         (0, 1, 0)      [] [E, NE]
    437     0x0001E280       0xFFFFFF80      0x00000018         (0, 1, 12)      [] [W, SW]
    438     0x00016D00       0xFFFFFF80      0x00000008         (0, 1, 13)      [] [W]
    439     0x00006880       0xFFFFFF80      0x00000002         (0, 0, 13)      [] [NE]
    440     0x0001A500       0xFFFFFF80      0x00000001         (0, 1, 4)      [] [E]
    441     0x0000B080       0xFFFFFF80      0x00800000         (0, 0, 6)      [17] []
    442     0x00020800       0xFFFFFF80      0x00000080         (0, 2, 1)      [1] []
    443     0x00011680       0xFFFFFF80      0x00000008         (0, 1, 2)      [] [W]
    444     0x00024600       0xFFFFFF80      0x00000400         (0, 2, 8)      [4] []
    445     0x00016F00       0xFFFFFF80      0x00000008         (0, 1, 13)      [] [W]
    446     0x0000EE00       0xFFFFFF80      0x00000008         (0, 0, 13)      [] [W]
    447     0x00039700       0xFFFFFF00      0x00000020         (0, 3, 2)      [] [S]
    448     0x0000F500       0xFFFFFF80      0x00008000         (0, 0, 14)      [9] []
    449     0x00019780       0xFFFFFF80      0x00100000         (0, 1, 2)      [14] []
    450     0x0001A980       0xFFFFFF80      0x00000080         (0, 1, 5)      [1] []
    451     0x0001BA00       0xFFFFFF80      0x00000008         (0, 1, 7)      [] [W]
    452     0x00013700       0xFFFFFF80      0x00000008         (0, 1, 6)      [] [W]
    453     0x00014300       0xFFFFFF80      0x00000788         (0, 1, 8)      [1, 2, 3, 4] [W]
    454     0x0001BB00       0xFFFFFF80      0x00000008         (0, 1, 7)      [] [W]
    455     0x0001F580       0xFFFFFF80      0x00000008         (0, 1, 14)      [] [W]
    456     0x0000FB80       0xFFFFFF80      0x0000000E         (0, 0, 15)      [] [NE, N, W]
    457     0x0003A000       0xFFFFFF00      0x00000020         (0, 3, 4)      [] [S]
    458     0x00015F80       0xFFFFFF80      0x00000008         (0, 1, 11)      [] [W]
    459     0x0000E480       0xFFFFFF80      0x00000800         (0, 0, 12)      [5] []
    460     0x00012900       0xFFFFFF80      0x00000008         (0, 1, 5)      [] [W]
    461     0x00018480       0xFFFFFF80      0x00000018         (0, 1, 0)      [] [W, SW]
    462     0x00015100       0xFFFFFF80      0x00FFF821         (0, 1, 10)      [5, 6, 7, 8, 9, 10, 11, 12, 13, 14, 15, 16, 17] [E, S]
    463     0x0001F680       0xFFFFFF80      0x00000008         (0, 1, 14)      [] [W]
    464     0x00008F00       0xFFFFFF80      0x00004000         (0, 0, 1)      [8] []
    465     0x00007080       0xFFFFFF80      0x00000800         (0, 0, 14)      [5] []
    466     0x00000B80       0xFFFFFF80      0x00001000         (0, 0, 1)      [6] []
    467     0x0001E880       0xFFFFFF80      0x00000008         (0, 1, 13)      [] [W]
    468     0x00019000       0xFFFFFF80      0x00000030         (0, 1, 2)      [] [SW, S]
    469     0x00008100       0xFFFFFF80      0x00008001         (0, 0, 0)      [9] [E]
    470     0x00010800       0xFFFFFF80      0x00000001         (0, 1, 1)      [] [E]
    471     0x0000CB80       0xFFFFFF80      0x00080000         (0, 0, 9)      [13] []
    472     0x00012F80       0xFFFFFF80      0x00010000         (0, 1, 5)      [10] []
    473     0x00020B80       0xFFFFFF80      0x00000100         (0, 2, 1)      [2] []
    474     0x00000E00       0xFFFFFF80      0x00020002         (0, 0, 1)      [11] [NE]
    475     0x0001A000       0xFFFFFF80      0x00000200         (0, 1, 4)      [3] []
    476     0x0001B680       0xFFFFFF80      0x00400000         (0, 1, 6)      [16] []
    477     0x00018200       0xFFFFFF80      0x00400000         (0, 1, 0)      [16] []
    478     0x0000C280       0xFFFFFF80      0x00000001         (0, 0, 8)      [] [E]
    479     0x00017700       0xFFFFFF80      0x00000008         (0, 1, 14)      [] [W]
    480     0x0001BA80       0xFFFFFF80      0x00000008         (0, 1, 7)      [] [W]
    481     0x00009F80       0xFFFFFF80      0x00040004         (0, 0, 3)      [12] [N]
    482     0x0001BD00       0xFFFFFF80      0x00000088         (0, 1, 7)      [1] [W]
    483     0x00007E80       0xFFFFFF80      0x00000001         (0, 0, 15)      [] [E]
    484     0x00013300       0xFFFFFF80      0x00800000         (0, 1, 6)      [17] []
    485     0x00008300       0xFFFFFF80      0x00080001         (0, 0, 0)      [13] [E]
    486     0x00013C00       0xFFFFFF80      0x00003788         (0, 1, 7)      [1, 2, 3, 4, 6, 7] [W]
    487     0x00014800       0xFFFFFF80      0x000007BF         (0, 1, 9)      [1, 2, 3, 4] [E, NE, N, W, SW, S]
    488     0x0000D680       0xFFFFFF80      0x00001008         (0, 0, 10)      [6] [W]
    489     0x00023A00       0xFFFFFF80      0x00004008         (0, 2, 7)      [8] [W]
    490     0x00013E00       0xFFFFFF80      0x00030780         (0, 1, 7)      [1, 2, 3, 4, 10, 11] []
    491     0x0001B400       0xFFFFFF80      0x00000100         (0, 1, 6)      [2] []
    492     0x00017880       0xFFFFFF80      0x00000008         (0, 1, 15)      [] [W]
    493     0x0001AB80       0xFFFFFF80      0x00080001         (0, 1, 5)      [13] [E]
    494     0x0000E000       0xFFFFFF80      0x00000008         (0, 0, 12)      [] [W]
    495     0x00009E00       0xFFFFFF80      0x00008000         (0, 0, 3)      [9] []
    496     0x00011800       0xFFFFFF80      0x00000008         (0, 1, 3)      [] [W]
    497     0x0001F500       0xFFFFFF80      0x00000008         (0, 1, 14)      [] [W]
    498     0x0001FF80       0xFFFFFF80      0x00000001         (0, 1, 15)      [] [E]
    499     0x00020180       0xFFFFFF80      0x00000200         (0, 2, 0)      [3] []
    500     0x0001B500       0xFFFFFF80      0x00000400         (0, 1, 6)      [4] []
    501     0x0001F000       0xFFFFFF80      0x00000008         (0, 1, 14)      [] [W]
    502     0x00009500       0xFFFFFF80      0x0000000A         (0, 0, 2)      [] [NE, W]
    503     0x00015400       0xFFFFFF80      0x00FFF801         (0, 1, 10)      [5, 6, 7, 8, 9, 10, 11, 12, 13, 14, 15, 16, 17] [E]
    504     0x00007300       0xFFFFFF80      0x00010002         (0, 0, 14)      [10] [NE]
    505     0x00017E00       0xFFFFFF80      0x00000408         (0, 1, 15)      [4] [W]
    506     0x00007100       0xFFFFFF80      0x00001000         (0, 0, 14)      [6] []
    507     0x00017600       0xFFFFFF80      0x00400000         (0, 1, 14)      [16] []
    508     0x0004E100       0xFFFFFF00      0x00040000         (0, 4, 12)      [12] []
    509     0x00016200       0xFFFFFF80      0x00000008         (0, 1, 12)      [] [W]
    510     0x00015600       0xFFFFFF80      0x00FFF981         (0, 1, 10)      [1, 2, 5, 6, 7, 8, 9, 10, 11, 12, 13, 14, 15, 16, 17] [E]
    511     0x00020D80       0xFFFFFF80      0x00000080         (0, 2, 1)      [1] []
    512     0x00023980       0xFFFFFF80      0x00002008         (0, 2, 7)      [7] [W]
    513     0x00012D00       0xFFFFFF80      0x00000800         (0, 1, 5)      [5] []
    514     0x00009C00       0xFFFFFF80      0x00000800         (0, 0, 3)      [5] []
    515     0x00020980       0xFFFFFF80      0x00000400         (0, 2, 1)      [4] []
    516     0x00016C80       0xFFFFFF80      0x00000008         (0, 1, 13)      [] [W]
    517     0x0000AC00       0xFFFFFF80      0x00004000         (0, 0, 5)      [8] []
    518     0x0004DC00       0xFFFFFF00      0x00002000         (0, 4, 11)      [7] []
    519     0x0001EC80       0xFFFFFF80      0x00000208         (0, 1, 13)      [3] [W]
    520     0x0000E800       0xFFFFFF80      0x00040000         (0, 0, 13)      [12] []
    521     0x00021100       0xFFFFFF80      0x00000400         (0, 2, 2)      [4] []
    522     0x0001E480       0xFFFFFF80      0x00000018         (0, 1, 12)      [] [W, SW]
    523     0x00008D80       0xFFFFFF80      0x00000800         (0, 0, 1)      [5] []
    524     0x0000BE00       0xFFFFFF80      0x00200003         (0, 0, 7)      [15] [E, NE]
    525     0x0000F980       0xFFFFFF80      0x0000000E         (0, 0, 15)      [] [NE, N, W]
    526     0x0001FB00       0xFFFFFF80      0x00000001         (0, 1, 15)      [] [E]
    527     0x00011600       0xFFFFFF80      0x00800000         (0, 1, 2)      [17] []
    528     0x00010900       0xFFFFFF80      0x00000001         (0, 1, 1)      [] [E]
    529     0x00021180       0xFFFFFF80      0x00000100         (0, 2, 2)      [2] []
    530     0x00006280       0xFFFFFF80      0x00001000         (0, 0, 12)      [6] []
    531     0x00017300       0xFFFFFF80      0x00010000         (0, 1, 14)      [10] []
    532     0x00007D00       0xFFFFFF80      0x00000002         (0, 0, 15)      [] [NE]
    533     0x0000EF00       0xFFFFFF80      0x00000008         (0, 0, 13)      [] [W]
    534     0x00017E80       0xFFFFFF80      0x00008000         (0, 1, 15)      [9] []
    535     0x0000CF80       0xFFFFFF80      0x00000008         (0, 0, 9)      [] [W]
    536     0x00014880       0xFFFFFF80      0x000007BF         (0, 1, 9)      [1, 2, 3, 4] [E, NE, N, W, SW, S]
    537     0x00039F00       0xFFFFFF00      0x00000020         (0, 3, 3)      [] [S]
    538     0x00021C80       0xFFFFFF80      0x00000010         (0, 2, 3)      [] [SW]
    539     0x0000CA80       0xFFFFFF80      0x00020000         (0, 0, 9)      [11] []
    540     0x0000D800       0xFFFFFF80      0x00008000         (0, 0, 11)      [9] []
    541     0x00018080       0xFFFFFF80      0x00080000         (0, 1, 0)      [13] []
    542     0x00006480       0xFFFFFF80      0x00010002         (0, 0, 12)      [10] [NE]
    543     0x00019180       0xFFFFFF80      0x00000030         (0, 1, 2)      [] [SW, S]
    544     0x00018600       0xFFFFFF80      0x00000018         (0, 1, 0)      [] [W, SW]
    545     0x00016900       0xFFFFFF80      0x00200000         (0, 1, 13)      [15] []
    546     0x00020E80       0xFFFFFF80      0x00000200         (0, 2, 1)      [3] []
    547     0x00017A00       0xFFFFFF80      0x00000008         (0, 1, 15)      [] [W]
    548     0x00016C00       0xFFFFFF80      0x00000008         (0, 1, 13)      [] [W]
    549     0x0000BD80       0xFFFFFF80      0x00100003         (0, 0, 7)      [14] [E, NE]
    550     0x00019380       0xFFFFFF80      0x00000030         (0, 1, 2)      [] [SW, S]
    551     0x00015E80       0xFFFFFF80      0x00000008         (0, 1, 11)      [] [W]
    552     0x00020080       0xFFFFFF80      0x00000081         (0, 2, 0)      [1] [E]
    553     0x0000B200       0xFFFFFF80      0x00000002         (0, 0, 6)      [] [NE]
    554     0x0001E100       0xFFFFFF80      0x00000008         (0, 1, 12)      [] [W]
    555     0x00009080       0xFFFFFF80      0x00020002         (0, 0, 2)      [11] [NE]
    556     0x0001CC80       0xFFFFFF80      0x00000001         (0, 1, 9)      [] [E]
    557     0x00020500       0xFFFFFF80      0x00000100         (0, 2, 0)      [2] []
    558     0x0000BB00       0xFFFFFF80      0x00008003         (0, 0, 7)      [9] [E, NE]
    559     0x00044300       0xFFFFFF00      0x00000010         (0, 4, 8)      [] [SW]
    560     0x00016700       0xFFFFFF80      0x00020000         (0, 1, 12)      [11] []
    561     0x0001A780       0xFFFFFF80      0x00000001         (0, 1, 4)      [] [E]
    562     0x0004DF00       0xFFFFFF00      0x00010000         (0, 4, 11)      [10] []
    563     0x00003A80       0xFFFFFF80      0x00080000         (0, 0, 7)      [13] []
    564     0x00005680       0xFFFFFF80      0x00020002         (0, 0, 10)      [11] [NE]
    565     0x00014080       0xFFFFFF80      0x00600780         (0, 1, 8)      [1, 2, 3, 4, 15, 16] []
    566     0x00007480       0xFFFFFF80      0x00080000         (0, 0, 14)      [13] []
    567     0x0001CA00       0xFFFFFF80      0x00000001         (0, 1, 9)      [] [E]
    568     0x00011A00       0xFFFFFF80      0x00000008         (0, 1, 3)      [] [W]
    569     0x00019680       0xFFFFFF80      0x00040000         (0, 1, 2)      [12] []
    570     0x0000AE80       0xFFFFFF80      0x00080004         (0, 0, 5)      [13] [N]
    571     0x0004D600       0xFFFFFF00      0x00000080         (0, 4, 10)      [1] []
    572     0x0001ED00       0xFFFFFF80      0x00000408         (0, 1, 13)      [4] [W]
    573     0x0001E200       0xFFFFFF80      0x00000018         (0, 1, 12)      [] [W, SW]
    574     0x00014B00       0xFFFFFF80      0x00FFF83B         (0, 1, 9)      [5, 6, 7, 8, 9, 10, 11, 12, 13, 14, 15, 16, 17] [E, NE, W, SW, S]
    575     0x00015080       0xFFFFFF80      0x00FFF821         (0, 1, 10)      [5, 6, 7, 8, 9, 10, 11, 12, 13, 14, 15, 16, 17] [E, S]
    576     0x0001BF80       0xFFFFFF80      0x00400000         (0, 1, 7)      [16] []
    577     0x0001B380       0xFFFFFF80      0x00000080         (0, 1, 6)      [1] []
    578     0x0001F780       0xFFFFFF80      0x00000108         (0, 1, 14)      [2] [W]
    579     0x0001D700       0xFFFFFF80      0x00000100         (0, 1, 10)      [2] []
    580     0x0000A100       0xFFFFFF80      0x00200004         (0, 0, 4)      [15] [N]
    581     0x0001A800       0xFFFFFF80      0x00000001         (0, 1, 5)      [] [E]
    582     0x00007600       0xFFFFFF80      0x00400003         (0, 0, 14)      [16] [E, NE]
    583     0x0000A480       0xFFFFFF80      0x0000000E         (0, 0, 4)      [] [NE, N, W]
    584     0x0000C080       0xFFFFFF80      0x00000003         (0, 0, 8)      [] [E, NE]
    585     0x00020100       0xFFFFFF80      0x00000101         (0, 2, 0)      [2] [E]
    586     0x0001E000       0xFFFFFF80      0x00000008         (0, 1, 12)      [] [W]
    587     0x0000A280       0xFFFFFF80      0x0000000E         (0, 0, 4)      [] [NE, N, W]
    588     0x00014A00       0xFFFFFF80      0x00FFF83B         (0, 1, 9)      [5, 6, 7, 8, 9, 10, 11, 12, 13, 14, 15, 16, 17] [E, NE, W, SW, S]
    589     0x0001C380       0xFFFFFF80      0x00000008         (0, 1, 8)      [] [W]
    590     0x0000DC00       0xFFFFFF80      0x00800000         (0, 0, 11)      [17] []
    591     0x00010A00       0xFFFFFF80      0x00000001         (0, 1, 1)      [] [E]
    592     0x0004E200       0xFFFFFF00      0x00080000         (0, 4, 12)      [13] []
    593     0x00012980       0xFFFFFF80      0x00000008         (0, 1, 5)      [] [W]
    594     0x00018A00       0xFFFFFF80      0x00000418         (0, 1, 1)      [4] [W, SW]
    595     0x00021000       0xFFFFFF80      0x00000100         (0, 2, 2)      [2] []
    596     0x00044400       0xFFFFFF00      0x00000010         (0, 4, 8)      [] [SW]
    597     0x00008480       0xFFFFFF80      0x00400001         (0, 0, 0)      [16] [E]
    598     0x0000F580       0xFFFFFF80      0x00010002         (0, 0, 14)      [10] [NE]
    599     0x00010B00       0xFFFFFF80      0x00000001         (0, 1, 1)      [] [E]
    600     0x0000F700       0xFFFFFF80      0x00080004         (0, 0, 14)      [13] [N]
    601     0x00014E00       0xFFFFFF80      0x00FFF83F         (0, 1, 9)      [5, 6, 7, 8, 9, 10, 11, 12, 13, 14, 15, 16, 17] [E, NE, N, W, SW, S]
    602     0x00012080       0xFFFFFF80      0x00008000         (0, 1, 4)      [9] []
    603     0x0004E600       0xFFFFFF00      0x00800000         (0, 4, 12)      [17] []
    604     0x0000D880       0xFFFFFF80      0x00010000         (0, 0, 11)      [10] []
    605     0x00019F80       0xFFFFFF80      0x00000100         (0, 1, 3)      [2] []
    606     0x00006780       0xFFFFFF80      0x00400000         (0, 0, 12)      [16] []
    607     0x0001B700       0xFFFFFF80      0x00800000         (0, 1, 6)      [17] []
    608     0x00018300       0xFFFFFF80      0x00000018         (0, 1, 0)      [] [W, SW]
    609     0x00013100       0xFFFFFF80      0x00080000         (0, 1, 6)      [13] []
    610     0x0000DE80       0xFFFFFF80      0x00000008         (0, 0, 11)      [] [W]
    611     0x0001F900       0xFFFFFF80      0x00000001         (0, 1, 15)      [] [E]
    612     0x00004900       0xFFFFFF80      0x00080003         (0, 0, 9)      [13] [E, NE]
    613     0x00018C00       0xFFFFFF80      0x00080030         (0, 1, 1)      [13] [SW, S]
    614     0x0001E400       0xFFFFFF80      0x00000018         (0, 1, 12)      [] [W, SW]
    615     0x0000E500       0xFFFFFF80      0x00001008         (0, 0, 12)      [6] [W]
    616     0x00018700       0xFFFFFF80      0x00000018         (0, 1, 0)      [] [W, SW]
    617     0x00014400       0xFFFFFF80      0x00000788         (0, 1, 8)      [1, 2, 3, 4] [W]
    618     0x00015800       0xFFFFFF80      0x00003021         (0, 1, 11)      [6, 7] [E, S]
    619     0x0000F380       0xFFFFFF80      0x00001008         (0, 0, 14)      [6] [W]
    620     0x00014780       0xFFFFFF80      0x000007BF         (0, 1, 8)      [1, 2, 3, 4] [E, NE, N, W, SW, S]
    621     0x00009380       0xFFFFFF80      0x00800000         (0, 0, 2)      [17] []
    622     0x00017280       0xFFFFFF80      0x00008000         (0, 1, 14)      [9] []
    623     0x00015500       0xFFFFFF80      0x00FFF801         (0, 1, 10)      [5, 6, 7, 8, 9, 10, 11, 12, 13, 14, 15, 16, 17] [E]
    624     0x00013880       0xFFFFFF80      0x00000088         (0, 1, 7)      [1] [W]
    625     0x0003A400       0xFFFFFF00      0x00000020         (0, 3, 4)      [] [S]
    626     0x00010280       0xFFFFFF80      0x00002003         (0, 1, 0)      [7] [E, NE]
    627     0x0000E980       0xFFFFFF80      0x00200000         (0, 0, 13)      [15] []
    628     0x0001E180       0xFFFFFF80      0x00000008         (0, 1, 12)      [] [W]
    629     0x00012000       0xFFFFFF80      0x00004000         (0, 1, 4)      [8] []
    630     0x0001FA00       0xFFFFFF80      0x00000001         (0, 1, 15)      [] [E]
    631     0x0001E780       0xFFFFFF80      0x00000008         (0, 1, 12)      [] [W]
    632     0x0001ED80       0xFFFFFF80      0x00000008         (0, 1, 13)      [] [W]
    633     0x0000FA80       0xFFFFFF80      0x0000000E         (0, 0, 15)      [] [NE, N, W]
    634     0x00013480       0xFFFFFF80      0x00000008         (0, 1, 6)      [] [W]
    635     0x0001DF00       0xFFFFFF80      0x00000200         (0, 1, 11)      [3] []
    636     0x00018A80       0xFFFFFF80      0x00010010         (0, 1, 1)      [10] [SW]
    637     0x0000AD80       0xFFFFFF80      0x00020002         (0, 0, 5)      [11] [NE]
    638     0x00015E00       0xFFFFFF80      0x00000008         (0, 1, 11)      [] [W]
    639     0x00010080       0xFFFFFF80      0x00000002         (0, 1, 0)      [] [NE]
    640     0x00016B00       0xFFFFFF80      0x00000008         (0, 1, 13)      [] [W]
    641     0x00011400       0xFFFFFF80      0x00080000         (0, 1, 2)      [13] []
    642     0x00014B80       0xFFFFFF80      0x00FFF83B         (0, 1, 9)      [5, 6, 7, 8, 9, 10, 11, 12, 13, 14, 15, 16, 17] [E, NE, W, SW, S]
    643     0x0000EB80       0xFFFFFF80      0x00000008         (0, 0, 13)      [] [W]
    644     0x00011C00       0xFFFFFF80      0x00000088         (0, 1, 3)      [1] [W]
    645     0x0000FF80       0xFFFFFF80      0x00000002         (0, 0, 15)      [] [NE]
    646     0x0001C800       0xFFFFFF80      0x00400001         (0, 1, 9)      [16] [E]
    647     0x00012300       0xFFFFFF80      0x00100000         (0, 1, 4)      [14] []
    648     0x0000C800       0xFFFFFF80      0x00001001         (0, 0, 9)      [6] [E]
    649     0x0001B600       0xFFFFFF80      0x00200000         (0, 1, 6)      [15] []
    650     0x00005800       0xFFFFFF80      0x00100000         (0, 0, 11)      [14] []
    651     0x0000A380       0xFFFFFF80      0x0000000E         (0, 0, 4)      [] [NE, N, W]
    652     0x00024500       0xFFFFFF80      0x00000100         (0, 2, 8)      [2] []
    653     0x0000CE00       0xFFFFFF80      0x00000008         (0, 0, 9)      [] [W]
    654     0x00017980       0xFFFFFF80      0x00000008         (0, 1, 15)      [] [W]
    655     0x00016780       0xFFFFFF80      0x00040000         (0, 1, 12)      [12] []
    656     0x0001F100       0xFFFFFF80      0x00000008         (0, 1, 14)      [] [W]
    657     0x0003A500       0xFFFFFF00      0x00000020         (0, 3, 4)      [] [S]
    658     0x0001DF80       0xFFFFFF80      0x00000400         (0, 1, 11)      [4] []
    659     0x0001D000       0xFFFFFF80      0x00000400         (0, 1, 10)      [4] []
    660     0x0000DD00       0xFFFFFF80      0x00000008         (0, 0, 11)      [] [W]
    661     0x00011000       0xFFFFFF80      0x00000800         (0, 1, 2)      [5] []
    662     0x00019480       0xFFFFFF80      0x00000100         (0, 1, 2)      [2] []
    663     0x0001D080       0xFFFFFF80      0x00800000         (0, 1, 10)      [17] []
    664     0x0000E680       0xFFFFFF80      0x00008000         (0, 0, 12)      [9] []
    665     0x00014700       0xFFFFFF80      0x00000788         (0, 1, 8)      [1, 2, 3, 4] [W]
    666     0x0000D980       0xFFFFFF80      0x00040000         (0, 0, 11)      [12] []
    667     0x00007180       0xFFFFFF80      0x00002000         (0, 0, 14)      [7] []
    668     0x00013600       0xFFFFFF80      0x00000008         (0, 1, 6)      [] [W]
    669     0x0001B780       0xFFFFFF80      0x00000008         (0, 1, 6)      [] [W]
    670     0x0001CA80       0xFFFFFF80      0x00000001         (0, 1, 9)      [] [E]
    671     0x00009C80       0xFFFFFF80      0x00001008         (0, 0, 3)      [6] [W]
    672     0x00012A80       0xFFFFFF80      0x00000088         (0, 1, 5)      [1] [W]
    673     0x00004A00       0xFFFFFF80      0x00200003         (0, 0, 9)      [15] [E, NE]
    674     0x0004DB00       0xFFFFFF00      0x00001000         (0, 4, 11)      [6] []
    675     0x0000B380       0xFFFFFF80      0x00000002         (0, 0, 6)      [] [NE]
    676     0x00003B00       0xFFFFFF80      0x00100000         (0, 0, 7)      [14] []
    677     0x0001AA80       0xFFFFFF80      0x00000200         (0, 1, 5)      [3] []
    678     0x00011280       0xFFFFFF80      0x00010000         (0, 1, 2)      [10] []
    679     0x00014F80       0xFFFFFF80      0x00FFF83F         (0, 1, 9)      [5, 6, 7, 8, 9, 10, 11, 12, 13, 14, 15, 16, 17] [E, NE, N, W, SW, S]
    680     0x00004700       0xFFFFFF80      0x00008003         (0, 0, 8)      [9] [E, NE]
    681     0x0001C900       0xFFFFFF80      0x00000001         (0, 1, 9)      [] [E]
    682     0x00002C80       0xFFFFFF80      0x00100000         (0, 0, 5)      [14] []
    683     0x00017000       0xFFFFFF80      0x00000088         (0, 1, 14)      [1] [W]
    684     0x00009200       0xFFFFFF80      0x00100000         (0, 0, 2)      [14] []
    685     0x0001FC00       0xFFFFFF80      0x00000081         (0, 1, 15)      [1] [E]
    686     0x00006680       0xFFFFFF80      0x00100000         (0, 0, 12)      [14] []
    687     0x00017580       0xFFFFFF80      0x00200000         (0, 1, 14)      [15] []
    688     0x0000CC80       0xFFFFFF80      0x00200000         (0, 0, 9)      [15] []
    689     0x00006300       0xFFFFFF80      0x00002000         (0, 0, 12)      [7] []
    690     0x00016280       0xFFFFFF80      0x00000008         (0, 1, 12)      [] [W]
    691     0x0001BE00       0xFFFFFF80      0x00000208         (0, 1, 7)      [3] [W]
    692     0x00011C80       0xFFFFFF80      0x00000108         (0, 1, 3)      [2] [W]
    693     0x0004D700       0xFFFFFF00      0x00000100         (0, 4, 10)      [2] []
    694     0x00011980       0xFFFFFF80      0x00000008         (0, 1, 3)      [] [W]
    695     0x00011900       0xFFFFFF80      0x00000008         (0, 1, 3)      [] [W]
    696     0x00001A80       0xFFFFFF80      0x00002000         (0, 0, 3)      [7] []
    697     0x00012680       0xFFFFFF80      0x00000008         (0, 1, 4)      [] [W]
    698     0x00000C80       0xFFFFFF80      0x00004000         (0, 0, 1)      [8] []
    699     0x00011380       0xFFFFFF80      0x00040000         (0, 1, 2)      [12] []
    700     0x00018F00       0xFFFFFF80      0x00000030         (0, 1, 1)      [] [SW, S]
    701     0x0000F880       0xFFFFFF80      0x00400004         (0, 0, 15)      [16] [N]
    702     0x0001DE00       0xFFFFFF80      0x00000080         (0, 1, 11)      [1] []
    703     0x00016500       0xFFFFFF80      0x00002008         (0, 1, 12)      [7] [W]
    704     0x0001CE80       0xFFFFFF80      0x00000081         (0, 1, 9)      [1] [E]
    705     0x0000FD00       0xFFFFFF80      0x00000003         (0, 0, 15)      [] [E, NE]
    706     0x00012600       0xFFFFFF80      0x00000008         (0, 1, 4)      [] [W]
    707     0x00039C00       0xFFFFFF00      0x00000020         (0, 3, 3)      [] [S]
    708     0x00019080       0xFFFFFF80      0x00000030         (0, 1, 2)      [] [SW, S]
    709     0x00006500       0xFFFFFF80      0x00020002         (0, 0, 12)      [11] [NE]
    710     0x00011F80       0xFFFFFF80      0x00002008         (0, 1, 3)      [7] [W]
    711     0x0000DA00       0xFFFFFF80      0x00080000         (0, 0, 11)      [13] []
    712     0x00044800       0xFFFFFF00      0x00000010         (0, 4, 9)      [] [SW]
    713     0x00009D00       0xFFFFFF80      0x00002008         (0, 0, 3)      [7] [W]
    714     0x00019800       0xFFFFFF80      0x00200000         (0, 1, 3)      [15] []
    715     0x0000BB80       0xFFFFFF80      0x00010003         (0, 0, 7)      [10] [E, NE]
    716     0x0001C500       0xFFFFFF80      0x00000008         (0, 1, 8)      [] [W]
    717     0x00013F80       0xFFFFFF80      0x00180780         (0, 1, 7)      [1, 2, 3, 4, 13, 14] []
    718     0x00009100       0xFFFFFF80      0x00040000         (0, 0, 2)      [12] []
    719     0x00019400       0xFFFFFF80      0x00000080         (0, 1, 2)      [1] []
    720     0x00039D00       0xFFFFFF00      0x00000020         (0, 3, 3)      [] [S]
    721     0x00011100       0xFFFFFF80      0x00002008         (0, 1, 2)      [7] [W]
    722     0x0000BD00       0xFFFFFF80      0x00080003         (0, 0, 7)      [13] [E, NE]
    723     0x00007700       0xFFFFFF80      0x00000003         (0, 0, 14)      [] [E, NE]
    724     0x0001C000       0xFFFFFF80      0x00800000         (0, 1, 8)      [17] []
    725     0x0004DA00       0xFFFFFF00      0x00000800         (0, 4, 11)      [5] []
    726     0x00044100       0xFFFFFF00      0x00000010         (0, 4, 8)      [] [SW]
    727     0x00015F00       0xFFFFFF80      0x00000008         (0, 1, 11)      [] [W]
    728     0x00010C00       0xFFFFFF80      0x00000001         (0, 1, 1)      [] [E]
    729     0x00039A00       0xFFFFFF00      0x00000020         (0, 3, 3)      [] [S]
    730     0x00019280       0xFFFFFF80      0x00000030         (0, 1, 2)      [] [SW, S]
    731     0x0001C780       0xFFFFFF80      0x00000401         (0, 1, 8)      [4] [E]
    732     0x00010200       0xFFFFFF80      0x00001003         (0, 1, 0)      [6] [E, NE]
    733     0x00012780       0xFFFFFF80      0x00000008         (0, 1, 4)      [] [W]
    734     0x0001A900       0xFFFFFF80      0x00000001         (0, 1, 5)      [] [E]
    735     0x00002980       0xFFFFFF80      0x00004000         (0, 0, 5)      [8] []
    736     0x00017A80       0xFFFFFF80      0x00000008         (0, 1, 15)      [] [W]
    737     0x00001B80       0xFFFFFF80      0x00008000         (0, 0, 3)      [9] []
    738     0x00008000       0xFFFFFF80      0x00002001         (0, 0, 0)      [7] [E]
    739     0x00012D80       0xFFFFFF80      0x00001008         (0, 1, 5)      [6] [W]
    740     0x00018E80       0xFFFFFF80      0x00000030         (0, 1, 1)      [] [SW, S]
    741     0x0001F280       0xFFFFFF80      0x00000208         (0, 1, 14)      [3] [W]
    742     0x00021280       0xFFFFFF80      0x00000400         (0, 2, 2)      [4] []
    743     0x00018880       0xFFFFFF80      0x00000098         (0, 1, 1)      [1] [W, SW]
    744     0x0000B980       0xFFFFFF80      0x00001003         (0, 0, 7)      [6] [E, NE]
    745     0x0001C100       0xFFFFFF80      0x00000008         (0, 1, 8)      [] [W]
    746     0x00018000       0xFFFFFF80      0x00040000         (0, 1, 0)      [12] []
    747     0x00003780       0xFFFFFF80      0x00002000         (0, 0, 6)      [7] []
    748     0x00015B00       0xFFFFFF80      0x000C0008         (0, 1, 11)      [12, 13] [W]
    749     0x00017900       0xFFFFFF80      0x00000008         (0, 1, 15)      [] [W]
    750     0x0000FC00       0xFFFFFF80      0x00000003         (0, 0, 15)      [] [E, NE]
    751     0x00020880       0xFFFFFF80      0x00000100         (0, 2, 1)      [2] []
    752     0x00013C80       0xFFFFFF80      0x00006788         (0, 1, 7)      [1, 2, 3, 4, 7, 8] [W]
    753     0x00023B80       0xFFFFFF80      0x00020008         (0, 2, 7)      [11] [W]
    754     0x0000A000       0xFFFFFF80      0x00080004         (0, 0, 4)      [13] [N]
    755     0x0000AF80       0xFFFFFF80      0x00200004         (0, 0, 5)      [15] [N]
    756     0x00012F00       0xFFFFFF80      0x00008000         (0, 1, 5)      [9] []
    757     0x00044D00       0xFFFFFF00      0x00000010         (0, 4, 9)      [] [SW]
    758     0x00010300       0xFFFFFF80      0x00004003         (0, 1, 0)      [8] [E, NE]
    759     0x00023900       0xFFFFFF80      0x00001008         (0, 2, 7)      [6] [W]
    760     0x0001F080       0xFFFFFF80      0x00000008         (0, 1, 14)      [] [W]
    761     0x0000FE00       0xFFFFFF80      0x00000003         (0, 0, 15)      [] [E, NE]
    762     0x00039B00       0xFFFFFF00      0x00000020         (0, 3, 3)      [] [S]
    763     0x0000BF80       0xFFFFFF80      0x00000003         (0, 0, 7)      [] [E, NE]
    764     0x00017B80       0xFFFFFF80      0x00000008         (0, 1, 15)      [] [W]
    765     0x0000BC80       0xFFFFFF80      0x00040003         (0, 0, 7)      [12] [E, NE]
    766     0x0001A380       0xFFFFFF80      0x00800000         (0, 1, 4)      [17] []
    767     0x00005700       0xFFFFFF80      0x00040000         (0, 0, 10)      [12] []
    768     0x00020B00       0xFFFFFF80      0x00000080         (0, 2, 1)      [1] []
    769     0x0001B980       0xFFFFFF80      0x00000008         (0, 1, 7)      [] [W]
    770     0x0000AE00       0xFFFFFF80      0x00040004         (0, 0, 5)      [12] [N]
    771     0x00014F00       0xFFFFFF80      0x00FFF83F         (0, 1, 9)      [5, 6, 7, 8, 9, 10, 11, 12, 13, 14, 15, 16, 17] [E, NE, N, W, SW, S]
    772     0x00011F00       0xFFFFFF80      0x00001008         (0, 1, 3)      [6] [W]
    773     0x0001A300       0xFFFFFF80      0x00400000         (0, 1, 4)      [16] []
    774     0x00013B80       0xFFFFFF80      0x00001F80         (0, 1, 7)      [1, 2, 3, 4, 5, 6] []
    775     0x00017F80       0xFFFFFF80      0x00020000         (0, 1, 15)      [11] []
    776     0x0001BF00       0xFFFFFF80      0x00200000         (0, 1, 7)      [15] []
    777     0x00044600       0xFFFFFF00      0x00000010         (0, 4, 8)      [] [SW]
    778     0x00010D00       0xFFFFFF80      0x00000008         (0, 1, 1)      [] [W]
    779     0x0000F800       0xFFFFFF80      0x00200004         (0, 0, 15)      [15] [N]
    780     0x00004800       0xFFFFFF80      0x00020003         (0, 0, 9)      [11] [E, NE]
    781     0x00012500       0xFFFFFF80      0x00000008         (0, 1, 4)      [] [W]
    782     0x00015C00       0xFFFFFF80      0x00300008         (0, 1, 11)      [14, 15] [W]
    783     0x00006800       0xFFFFFF80      0x00800000         (0, 0, 13)      [17] []
    784     0x00010000       0xFFFFFF80      0x00000002         (0, 1, 0)      [] [NE]
    785     0x0001E300       0xFFFFFF80      0x00000018         (0, 1, 12)      [] [W, SW]
    786     0x00009E80       0xFFFFFF80      0x00010002         (0, 0, 3)      [10] [NE]
    787     0x00015380       0xFFFFFF80      0x00FFF801         (0, 1, 10)      [5, 6, 7, 8, 9, 10, 11, 12, 13, 14, 15, 16, 17] [E]
    788     0x00018F80       0xFFFFFF80      0x00000030         (0, 1, 1)      [] [SW, S]
    789     0x0001C180       0xFFFFFF80      0x00000008         (0, 1, 8)      [] [W]
    790     0x0000AC80       0xFFFFFF80      0x00008000         (0, 0, 5)      [9] []
    791     0x0004DE00       0xFFFFFF00      0x00008000         (0, 4, 11)      [9] []
    792     0x00013180       0xFFFFFF80      0x00100000         (0, 1, 6)      [14] []
    793     0x00010480       0xFFFFFF80      0x00020001         (0, 1, 0)      [11] [E]
    794     0x00019580       0xFFFFFF80      0x00000400         (0, 1, 2)      [4] []
    795     0x00008280       0xFFFFFF80      0x00040001         (0, 0, 0)      [12] [E]
    796     0x0000C880       0xFFFFFF80      0x00002001         (0, 0, 9)      [7] [E]
    797     0x0000B280       0xFFFFFF80      0x00000002         (0, 0, 6)      [] [NE]
    798     0x00011580       0xFFFFFF80      0x00400000         (0, 1, 2)      [16] []
    799     0x00019200       0xFFFFFF80      0x00000030         (0, 1, 2)      [] [SW, S]
    800     0x00019700       0xFFFFFF80      0x00080000         (0, 1, 2)      [13] []
    801     0x00008400       0xFFFFFF80      0x00200001         (0, 0, 0)      [15] [E]
    802     0x00010600       0xFFFFFF80      0x00100001         (0, 1, 0)      [14] [E]
    803     0x00015480       0xFFFFFF80      0x00FFF801         (0, 1, 10)      [5, 6, 7, 8, 9, 10, 11, 12, 13, 14, 15, 16, 17] [E]
    804     0x00044700       0xFFFFFF00      0x00000010         (0, 4, 8)      [] [SW]
    805     0x0000E880       0xFFFFFF80      0x00080000         (0, 0, 13)      [13] []
    806     0x00020780       0xFFFFFF80      0x00000001         (0, 2, 0)      [] [E]
    807     0x0000A180       0xFFFFFF80      0x00400004         (0, 0, 4)      [16] [N]
    808     0x00010180       0xFFFFFF80      0x00000803         (0, 1, 0)      [5] [E, NE]
    809     0x00015280       0xFFFFFF80      0x00FFF801         (0, 1, 10)      [5, 6, 7, 8, 9, 10, 11, 12, 13, 14, 15, 16, 17] [E]
    810     0x00014E80       0xFFFFFF80      0x00FFF83F         (0, 1, 9)      [5, 6, 7, 8, 9, 10, 11, 12, 13, 14, 15, 16, 17] [E, NE, N, W, SW, S]
    811     0x0000FB00       0xFFFFFF80      0x0000000E         (0, 0, 15)      [] [NE, N, W]
    812     0x00007680       0xFFFFFF80      0x00800003         (0, 0, 14)      [17] [E, NE]
    813     0x0001A600       0xFFFFFF80      0x00000001         (0, 1, 4)      [] [E]
    814     0x00002880       0xFFFFFF80      0x00001000         (0, 0, 5)      [6] []
    815     0x0001DE80       0xFFFFFF80      0x00000100         (0, 1, 11)      [2] []
    816     0x0000FA00       0xFFFFFF80      0x0000000E         (0, 0, 15)      [] [NE, N, W]
    817     0x00012200       0xFFFFFF80      0x00040000         (0, 1, 4)      [12] []
    818     0x00008080       0xFFFFFF80      0x00004001         (0, 0, 0)      [8] [E]
    819     0x0001BC00       0xFFFFFF80      0x00000008         (0, 1, 7)      [] [W]
    820     0x00015A00       0xFFFFFF80      0x00030008         (0, 1, 11)      [10, 11] [W]
    821     0x0000E700       0xFFFFFF80      0x00010000         (0, 0, 12)      [10] []
    822     0x00014200       0xFFFFFF80      0x00000788         (0, 1, 8)      [1, 2, 3, 4] [W]
    823     0x00015300       0xFFFFFF80      0x00FFF801         (0, 1, 10)      [5, 6, 7, 8, 9, 10, 11, 12, 13, 14, 15, 16, 17] [E]
    824     0x00017D80       0xFFFFFF80      0x00000208         (0, 1, 15)      [3] [W]
    825     0x00016980       0xFFFFFF80      0x00400000         (0, 1, 13)      [16] []
    826     0x00013580       0xFFFFFF80      0x00000008         (0, 1, 6)      [] [W]
    827     0x00016B80       0xFFFFFF80      0x00000008         (0, 1, 13)      [] [W]
    828     0x00009480       0xFFFFFF80      0x0000000A         (0, 0, 2)      [] [NE, W]
    829     0x00013200       0xFFFFFF80      0x00200000         (0, 1, 6)      [15] []
    830     0x0000E780       0xFFFFFF80      0x00020000         (0, 0, 12)      [11] []
    831     0x00018180       0xFFFFFF80      0x00200000         (0, 1, 0)      [15] []
    832     0x0000DE00       0xFFFFFF80      0x00000008         (0, 0, 11)      [] [W]
    833     0x00012E00       0xFFFFFF80      0x00002008         (0, 1, 5)      [7] [W]
    834     0x0001E980       0xFFFFFF80      0x00000008         (0, 1, 13)      [] [W]
    835     0x0000FE80       0xFFFFFF80      0x00000003         (0, 0, 15)      [] [E, NE]
    836     0x00012480       0xFFFFFF80      0x00800000         (0, 1, 4)      [17] []
    837     0x0001AD00       0xFFFFFF80      0x00400001         (0, 1, 5)      [16] [E]
    838     0x00006380       0xFFFFFF80      0x00004000         (0, 0, 12)      [8] []
    839     0x00018280       0xFFFFFF80      0x00800000         (0, 1, 0)      [17] []
