router contains 51 entries 
 
  Index   Key(hex)    Mask(hex)    Route(hex)    Src. Core -> [Cores][Links]
------------------------------------------------------------------------------
    0     0x00024500       0xFFFFFF80      0x00000010         (0, 2, 8)      [] [SW]
    1     0x00039F00       0xFFFFFF00      0x00000001         (0, 3, 3)      [] [E]
    2     0x00023D00       0xFFFFFF80      0x00200018         (0, 2, 7)      [15] [W, SW]
    3     0x00023E00       0xFFFFFF80      0x00000018         (0, 2, 7)      [] [W, SW]
    4     0x00023B80       0xFFFFFF80      0x00040000         (0, 2, 7)      [12] []
    5     0x00023780       0xFFFFFF80      0x00000400         (0, 2, 6)      [4] []
    6     0x00023800       0xFFFFFF80      0x00000800         (0, 2, 7)      [5] []
    7     0x00039C00       0xFFFFFF00      0x00000001         (0, 3, 3)      [] [E]
    8     0x00039E00       0xFFFFFF00      0x00000001         (0, 3, 3)      [] [E]
    9     0x00023A00       0xFFFFFF80      0x00008000         (0, 2, 7)      [9] []
    10     0x00023E80       0xFFFFFF80      0x00000018         (0, 2, 7)      [] [W, SW]
    11     0x00023680       0xFFFFFF80      0x00000100         (0, 2, 6)      [2] []
    12     0x00024280       0xFFFFFF80      0x00000010         (0, 2, 8)      [] [SW]
    13     0x00039800       0xFFFFFF00      0x00000001         (0, 3, 3)      [] [E]
    14     0x00024580       0xFFFFFF80      0x00000010         (0, 2, 8)      [] [SW]
    15     0x00023C00       0xFFFFFF80      0x00080000         (0, 2, 7)      [13] []
    16     0x00023880       0xFFFFFF80      0x00001000         (0, 2, 7)      [6] []
    17     0x00023A80       0xFFFFFF80      0x00010000         (0, 2, 7)      [10] []
    18     0x00024380       0xFFFFFF80      0x00000010         (0, 2, 8)      [] [SW]
    19     0x00023980       0xFFFFFF80      0x00004000         (0, 2, 7)      [8] []
    20     0x00024600       0xFFFFFF80      0x00000010         (0, 2, 8)      [] [SW]
    21     0x0003A600       0xFFFFFF00      0x00000001         (0, 3, 4)      [] [E]
    22     0x00023700       0xFFFFFF80      0x00000200         (0, 2, 6)      [3] []
    23     0x00023B00       0xFFFFFF80      0x00020000         (0, 2, 7)      [11] []
    24     0x00024480       0xFFFFFF80      0x00000010         (0, 2, 8)      [] [SW]
    25     0x0003A500       0xFFFFFF00      0x00000001         (0, 3, 4)      [] [E]
    26     0x00024300       0xFFFFFF80      0x00000010         (0, 2, 8)      [] [SW]
    27     0x00039D00       0xFFFFFF00      0x00000001         (0, 3, 3)      [] [E]
    28     0x00023C80       0xFFFFFF80      0x00100020         (0, 2, 7)      [14] [S]
    29     0x00024000       0xFFFFFF80      0x00000018         (0, 2, 8)      [] [W, SW]
    30     0x00023600       0xFFFFFF80      0x00000080         (0, 2, 6)      [1] []
    31     0x00023F00       0xFFFFFF80      0x00000018         (0, 2, 7)      [] [W, SW]
    32     0x00039900       0xFFFFFF00      0x00000001         (0, 3, 3)      [] [E]
    33     0x0003A300       0xFFFFFF00      0x00000001         (0, 3, 4)      [] [E]
    34     0x0003A400       0xFFFFFF00      0x00000001         (0, 3, 4)      [] [E]
    35     0x00024400       0xFFFFFF80      0x00000010         (0, 2, 8)      [] [SW]
    36     0x00023D80       0xFFFFFF80      0x00400018         (0, 2, 7)      [16] [W, SW]
    37     0x00024100       0xFFFFFF80      0x00000010         (0, 2, 8)      [] [SW]
    38     0x00023900       0xFFFFFF80      0x00002000         (0, 2, 7)      [7] []
    39     0x00039B00       0xFFFFFF00      0x00000001         (0, 3, 3)      [] [E]
    40     0x00023F80       0xFFFFFF80      0x00000018         (0, 2, 7)      [] [W, SW]
    41     0x00024180       0xFFFFFF80      0x00000010         (0, 2, 8)      [] [SW]
    42     0x00024080       0xFFFFFF80      0x00000010         (0, 2, 8)      [] [SW]
    43     0x00021A00       0xFFFFFF80      0x007FFF80         (0, 2, 3)      [1, 2, 3, 4, 5, 6, 7, 8, 9, 10, 11, 12, 13, 14, 15, 16] []
    44     0x00021900       0xFFFFFF80      0x00000008         (0, 2, 3)      [] [W]
    45     0x0003A100       0xFFFFFF00      0x00000001         (0, 3, 4)      [] [E]
    46     0x00024200       0xFFFFFF80      0x00000010         (0, 2, 8)      [] [SW]
    47     0x00039A00       0xFFFFFF00      0x00000001         (0, 3, 3)      [] [E]
    48     0x0003A000       0xFFFFFF00      0x00000001         (0, 3, 4)      [] [E]
    49     0x00039700       0xFFFFFF00      0x00000001         (0, 3, 2)      [] [E]
    50     0x0003A200       0xFFFFFF00      0x00000001         (0, 3, 4)      [] [E]
