router contains 853 entries 
 
  Index   Key(hex)    Mask(hex)    Route(hex)    Src. Core -> [Cores][Links]
------------------------------------------------------------------------------
    0     0x00007300       0xFFFFFF80      0x00000002         (0, 0, 14)      [] [NE]
    1     0x0001F400       0xFFFFFF80      0x00000088         (0, 1, 14)      [1] [W]
    2     0x0000D700       0xFFFFFF80      0x00100000         (0, 0, 10)      [14] []
    3     0x0001FF00       0xFFFFFF80      0x00000401         (0, 1, 15)      [4] [E]
    4     0x0000CF00       0xFFFFFF80      0x00000008         (0, 0, 9)      [] [W]
    5     0x0001F380       0xFFFFFF80      0x00000008         (0, 1, 14)      [] [W]
    6     0x00045D00       0xFFFFFF00      0x00000008         (0, 4, 11)      [] [W]
    7     0x00001A00       0xFFFFFF80      0x00080002         (0, 0, 3)      [13] [NE]
    8     0x00012C00       0xFFFFFF80      0x00010000         (0, 1, 5)      [10] []
    9     0x00015800       0xFFFFFF80      0x00100030         (0, 1, 11)      [14] [SW, S]
    10     0x00014F00       0xFFFFFF80      0x00000018         (0, 1, 9)      [] [W, SW]
    11     0x00004580       0xFFFFFF80      0x00080003         (0, 0, 8)      [13] [E, NE]
    12     0x00000E80       0xFFFFFF80      0x00000002         (0, 0, 1)      [] [NE]
    13     0x00010300       0xFFFFFF80      0x007FE03B         (0, 1, 0)      [7, 8, 9, 10, 11, 12, 13, 14, 15, 16] [E, NE, W, SW, S]
    14     0x0000A880       0xFFFFFF80      0x00004000         (0, 0, 5)      [8] []
    15     0x00044400       0xFFFFFF00      0x00001000         (0, 4, 8)      [6] []
    16     0x00006180       0xFFFFFF80      0x00020000         (0, 0, 12)      [11] []
    17     0x00014C80       0xFFFFFF80      0x00000018         (0, 1, 9)      [] [W, SW]
    18     0x00016A80       0xFFFFFF80      0x00000008         (0, 1, 13)      [] [W]
    19     0x00023600       0xFFFFFF80      0x00002008         (0, 2, 6)      [7] [W]
    20     0x00002600       0xFFFFFF80      0x00004000         (0, 0, 4)      [8] []
    21     0x00005700       0xFFFFFF80      0x0000000E         (0, 0, 10)      [] [NE, N, W]
    22     0x0001FE00       0xFFFFFF80      0x00000101         (0, 1, 15)      [2] [E]
    23     0x0003AE00       0xFFFFFF00      0x00000020         (0, 3, 5)      [] [S]
    24     0x00010700       0xFFFFFF80      0x007FE021         (0, 1, 0)      [7, 8, 9, 10, 11, 12, 13, 14, 15, 16] [E, S]
    25     0x00015200       0xFFFFFF80      0x00000030         (0, 1, 10)      [] [SW, S]
    26     0x00002800       0xFFFFFF80      0x00040002         (0, 0, 5)      [12] [NE]
    27     0x00023580       0xFFFFFF80      0x00000008         (0, 2, 6)      [] [W]
    28     0x00023B00       0xFFFFFF80      0x00000008         (0, 2, 7)      [] [W]
    29     0x00014C00       0xFFFFFF80      0x00000018         (0, 1, 9)      [] [W, SW]
    30     0x00018780       0xFFFFFF80      0x00000810         (0, 1, 0)      [5] [SW]
    31     0x0001D500       0xFFFFFF80      0x00000401         (0, 1, 10)      [4] [E]
    32     0x00008580       0xFFFFFF80      0x00000001         (0, 0, 0)      [] [E]
    33     0x00020380       0xFFFFFF80      0x00000801         (0, 2, 0)      [5] [E]
    34     0x0000DF80       0xFFFFFF80      0x00000108         (0, 0, 11)      [2] [W]
    35     0x00013E00       0xFFFFFF80      0x00000008         (0, 1, 7)      [] [W]
    36     0x0001C880       0xFFFFFF80      0x00000001         (0, 1, 9)      [] [E]
    37     0x00015180       0xFFFFFF80      0x00000030         (0, 1, 10)      [] [SW, S]
    38     0x00007380       0xFFFFFF80      0x00000002         (0, 0, 14)      [] [NE]
    39     0x00010D00       0xFFFFFF80      0x007FF808         (0, 1, 1)      [5, 6, 7, 8, 9, 10, 11, 12, 13, 14, 15, 16] [W]
    40     0x00007D80       0xFFFFFF80      0x00008001         (0, 0, 15)      [9] [E]
    41     0x00008E00       0xFFFFFF80      0x00080000         (0, 0, 1)      [13] []
    42     0x0001F480       0xFFFFFF80      0x00000108         (0, 1, 14)      [2] [W]
    43     0x0000C100       0xFFFFFF80      0x00000003         (0, 0, 8)      [] [E, NE]
    44     0x00019780       0xFFFFFF80      0x00000002         (0, 1, 2)      [] [NE]
    45     0x00018B00       0xFFFFFF80      0x00000018         (0, 1, 1)      [] [W, SW]
    46     0x00019C80       0xFFFFFF80      0x00000100         (0, 1, 3)      [2] []
    47     0x0000F000       0xFFFFFF80      0x00003F80         (0, 0, 14)      [1, 2, 3, 4, 5, 6, 7] []
    48     0x00013100       0xFFFFFF80      0x00000008         (0, 1, 6)      [] [W]
    49     0x00004280       0xFFFFFF80      0x00002000         (0, 0, 8)      [7] []
    50     0x00008680       0xFFFFFF80      0x00000008         (0, 0, 0)      [] [W]
    51     0x00020680       0xFFFFFF80      0x00000401         (0, 2, 0)      [4] [E]
    52     0x00016080       0xFFFFFF80      0x00000108         (0, 1, 12)      [2] [W]
    53     0x00008000       0xFFFFFF80      0x00100001         (0, 0, 0)      [14] [E]
    54     0x00013F00       0xFFFFFF80      0x00000008         (0, 1, 7)      [] [W]
    55     0x0000F400       0xFFFFFF80      0x00301F80         (0, 0, 14)      [1, 2, 3, 4, 5, 6, 14, 15] []
    56     0x0003AD00       0xFFFFFF00      0x00000020         (0, 3, 5)      [] [S]
    57     0x00012C80       0xFFFFFF80      0x00020000         (0, 1, 5)      [11] []
    58     0x0001F580       0xFFFFFF80      0x00000408         (0, 1, 14)      [4] [W]
    59     0x00003800       0xFFFFFF80      0x00200002         (0, 0, 7)      [15] [NE]
    60     0x00024280       0xFFFFFF80      0x00000200         (0, 2, 8)      [3] []
    61     0x00013680       0xFFFFFF80      0x00000108         (0, 1, 6)      [2] [W]
    62     0x00011080       0xFFFFFF80      0x000C0000         (0, 1, 2)      [12, 13] []
    63     0x00045B00       0xFFFFFF00      0x00000008         (0, 4, 11)      [] [W]
    64     0x00017400       0xFFFFFF80      0x00000008         (0, 1, 14)      [] [W]
    65     0x00044500       0xFFFFFF00      0x00002000         (0, 4, 8)      [7] []
    66     0x0000AE80       0xFFFFFF80      0x00000008         (0, 0, 5)      [] [W]
    67     0x00015C80       0xFFFFFF80      0x00000008         (0, 1, 11)      [] [W]
    68     0x0000D180       0xFFFFFF80      0x00000208         (0, 0, 10)      [3] [W]
    69     0x00010180       0xFFFFFF80      0x007FE03B         (0, 1, 0)      [7, 8, 9, 10, 11, 12, 13, 14, 15, 16] [E, NE, W, SW, S]
    70     0x00001C80       0xFFFFFF80      0x00000002         (0, 0, 3)      [] [NE]
    71     0x00015B80       0xFFFFFF80      0x00000008         (0, 1, 11)      [] [W]
    72     0x00007580       0xFFFFFF80      0x00000003         (0, 0, 14)      [] [E, NE]
    73     0x00011680       0xFFFFFF80      0x00000008         (0, 1, 2)      [] [W]
    74     0x00013780       0xFFFFFF80      0x00000408         (0, 1, 6)      [4] [W]
    75     0x00006200       0xFFFFFF80      0x00040002         (0, 0, 12)      [12] [NE]
    76     0x00020400       0xFFFFFF80      0x00001000         (0, 2, 0)      [6] []
    77     0x00007600       0xFFFFFF80      0x00000003         (0, 0, 14)      [] [E, NE]
    78     0x0000EC80       0xFFFFFF80      0x00000008         (0, 0, 13)      [] [W]
    79     0x00015680       0xFFFFFF80      0x00000030         (0, 1, 10)      [] [SW, S]
    80     0x00002B80       0xFFFFFF80      0x00000002         (0, 0, 5)      [] [NE]
    81     0x0000D580       0xFFFFFF80      0x00020000         (0, 0, 10)      [11] []
    82     0x00045700       0xFFFFFF00      0x00000008         (0, 4, 10)      [] [W]
    83     0x00014E80       0xFFFFFF80      0x00000018         (0, 1, 9)      [] [W, SW]
    84     0x00003600       0xFFFFFF80      0x00020000         (0, 0, 6)      [11] []
    85     0x00012780       0xFFFFFF80      0x00000088         (0, 1, 4)      [1] [W]
    86     0x0000CB00       0xFFFFFF80      0x00000008         (0, 0, 9)      [] [W]
    87     0x0001C380       0xFFFFFF80      0x00000100         (0, 1, 8)      [2] []
    88     0x00044E00       0xFFFFFF00      0x00400000         (0, 4, 9)      [16] []
    89     0x00016C80       0xFFFFFF80      0x00000008         (0, 1, 13)      [] [W]
    90     0x0001E400       0xFFFFFF80      0x00000800         (0, 1, 12)      [5] []
    91     0x00005980       0xFFFFFF80      0x0000000E         (0, 0, 11)      [] [NE, N, W]
    92     0x00015A00       0xFFFFFF80      0x00000008         (0, 1, 11)      [] [W]
    93     0x00014F80       0xFFFFFF80      0x00000018         (0, 1, 9)      [] [W, SW]
    94     0x0000BE80       0xFFFFFF80      0x00000003         (0, 0, 7)      [] [E, NE]
    95     0x00006100       0xFFFFFF80      0x00010000         (0, 0, 12)      [10] []
    96     0x00019D00       0xFFFFFF80      0x00000200         (0, 1, 3)      [3] []
    97     0x00044F00       0xFFFFFF00      0x00000008         (0, 4, 9)      [] [W]
    98     0x00011700       0xFFFFFF80      0x00000008         (0, 1, 2)      [] [W]
    99     0x00009300       0xFFFFFF80      0x00000008         (0, 0, 2)      [] [W]
    100     0x00018980       0xFFFFFF80      0x00000010         (0, 1, 1)      [] [SW]
    101     0x0001C400       0xFFFFFF80      0x00000200         (0, 1, 8)      [3] []
    102     0x00007000       0xFFFFFF80      0x00020000         (0, 0, 14)      [11] []
    103     0x0001BB80       0xFFFFFF80      0x00000400         (0, 1, 7)      [4] []
    104     0x00005180       0xFFFFFF80      0x00004000         (0, 0, 10)      [8] []
    105     0x0000A180       0xFFFFFF80      0x00000008         (0, 0, 4)      [] [W]
    106     0x00012400       0xFFFFFF80      0x00000008         (0, 1, 4)      [] [W]
    107     0x00018A80       0xFFFFFF80      0x00000018         (0, 1, 1)      [] [W, SW]
    108     0x0001CA00       0xFFFFFF80      0x00000001         (0, 1, 9)      [] [E]
    109     0x0000AB00       0xFFFFFF80      0x00080000         (0, 0, 5)      [13] []
    110     0x00005400       0xFFFFFF80      0x00080002         (0, 0, 10)      [13] [NE]
    111     0x0001C580       0xFFFFFF80      0x00001000         (0, 1, 8)      [6] []
    112     0x00010780       0xFFFFFF80      0x007FE021         (0, 1, 0)      [7, 8, 9, 10, 11, 12, 13, 14, 15, 16] [E, S]
    113     0x00005580       0xFFFFFF80      0x00400002         (0, 0, 10)      [16] [NE]
    114     0x00005200       0xFFFFFF80      0x00008000         (0, 0, 10)      [9] []
    115     0x00006480       0xFFFFFF80      0x0000000A         (0, 0, 12)      [] [NE, W]
    116     0x0000C600       0xFFFFFF80      0x00008001         (0, 0, 8)      [9] [E]
    117     0x00000C00       0xFFFFFF80      0x00100002         (0, 0, 1)      [14] [NE]
    118     0x00011D00       0xFFFFFF80      0x00008000         (0, 1, 3)      [9] []
    119     0x0000BB80       0xFFFFFF80      0x00000003         (0, 0, 7)      [] [E, NE]
    120     0x00045900       0xFFFFFF00      0x00000008         (0, 4, 11)      [] [W]
    121     0x0000EB00       0xFFFFFF80      0x00000008         (0, 0, 13)      [] [W]
    122     0x00015600       0xFFFFFF80      0x00000030         (0, 1, 10)      [] [SW, S]
    123     0x0001FB80       0xFFFFFF80      0x00001000         (0, 1, 15)      [6] []
    124     0x00018400       0xFFFFFF80      0x00000018         (0, 1, 0)      [] [W, SW]
    125     0x0000A300       0xFFFFFF80      0x00000008         (0, 0, 4)      [] [W]
    126     0x00007400       0xFFFFFF80      0x00000002         (0, 0, 14)      [] [NE]
    127     0x00017F80       0xFFFFFF80      0x00000008         (0, 1, 15)      [] [W]
    128     0x00024400       0xFFFFFF80      0x00001000         (0, 2, 8)      [6] []
    129     0x00019800       0xFFFFFF80      0x00000002         (0, 1, 3)      [] [NE]
    130     0x0000BC00       0xFFFFFF80      0x00000003         (0, 0, 7)      [] [E, NE]
    131     0x0000E580       0xFFFFFF80      0x00100000         (0, 0, 12)      [14] []
    132     0x00024200       0xFFFFFF80      0x00000100         (0, 2, 8)      [2] []
    133     0x00015D80       0xFFFFFF80      0x00000008         (0, 1, 11)      [] [W]
    134     0x00007500       0xFFFFFF80      0x00000002         (0, 0, 14)      [] [NE]
    135     0x0000D900       0xFFFFFF80      0x00000008         (0, 0, 11)      [] [W]
    136     0x0001BC80       0xFFFFFF80      0x00001000         (0, 1, 7)      [6] []
    137     0x00007680       0xFFFFFF80      0x00000003         (0, 0, 14)      [] [E, NE]
    138     0x0001D480       0xFFFFFF80      0x00000201         (0, 1, 10)      [3] [E]
    139     0x00018280       0xFFFFFF80      0x00000008         (0, 1, 0)      [] [W]
    140     0x0001EA00       0xFFFFFF80      0x00000408         (0, 1, 13)      [4] [W]
    141     0x0000CD80       0xFFFFFF80      0x00000008         (0, 0, 9)      [] [W]
    142     0x00019300       0xFFFFFF80      0x00000810         (0, 1, 2)      [5] [SW]
    143     0x0000F600       0xFFFFFF80      0x00001F88         (0, 0, 14)      [1, 2, 3, 4, 5, 6] [W]
    144     0x00016600       0xFFFFFF80      0x00400000         (0, 1, 12)      [16] []
    145     0x00019880       0xFFFFFF80      0x00000002         (0, 1, 3)      [] [NE]
    146     0x0003AF00       0xFFFFFF00      0x00000020         (0, 3, 5)      [] [S]
    147     0x00005280       0xFFFFFF80      0x00010000         (0, 0, 10)      [10] []
    148     0x0000CC00       0xFFFFFF80      0x00000008         (0, 0, 9)      [] [W]
    149     0x0000B000       0xFFFFFF80      0x00000008         (0, 0, 6)      [] [W]
    150     0x00019100       0xFFFFFF80      0x00000090         (0, 1, 2)      [1] [SW]
    151     0x00005100       0xFFFFFF80      0x00002000         (0, 0, 10)      [7] []
    152     0x00023880       0xFFFFFF80      0x00040000         (0, 2, 7)      [12] []
    153     0x0001AB00       0xFFFFFF80      0x00000002         (0, 1, 5)      [] [NE]
    154     0x00009000       0xFFFFFF80      0x00000008         (0, 0, 2)      [] [W]
    155     0x00019200       0xFFFFFF80      0x00000210         (0, 1, 2)      [3] [SW]
    156     0x00019E00       0xFFFFFF80      0x00000800         (0, 1, 3)      [5] []
    157     0x00018680       0xFFFFFF80      0x00000218         (0, 1, 0)      [3] [W, SW]
    158     0x00013D00       0xFFFFFF80      0x00200000         (0, 1, 7)      [15] []
    159     0x0000A900       0xFFFFFF80      0x00008000         (0, 0, 5)      [9] []
    160     0x00004680       0xFFFFFF80      0x00200003         (0, 0, 8)      [15] [E, NE]
    161     0x00006400       0xFFFFFF80      0x00400002         (0, 0, 12)      [16] [NE]
    162     0x0001B580       0xFFFFFF80      0x00000001         (0, 1, 6)      [] [E]
    163     0x0000D380       0xFFFFFF80      0x00002000         (0, 0, 10)      [7] []
    164     0x0001BA80       0xFFFFFF80      0x00000100         (0, 1, 7)      [2] []
    165     0x0000C700       0xFFFFFF80      0x00020001         (0, 0, 8)      [11] [E]
    166     0x00009580       0xFFFFFF80      0x00000008         (0, 0, 2)      [] [W]
    167     0x00020780       0xFFFFFF80      0x00001000         (0, 2, 0)      [6] []
    168     0x0001D380       0xFFFFFF80      0x00000081         (0, 1, 10)      [1] [E]
    169     0x0000BA00       0xFFFFFF80      0x00100003         (0, 0, 7)      [14] [E, NE]
    170     0x00016D80       0xFFFFFF80      0x00000108         (0, 1, 13)      [2] [W]
    171     0x00009400       0xFFFFFF80      0x00000008         (0, 0, 2)      [] [W]
    172     0x0001BA00       0xFFFFFF80      0x00000080         (0, 1, 7)      [1] []
    173     0x0000B180       0xFFFFFF80      0x0000000E         (0, 0, 6)      [] [NE, N, W]
    174     0x0000F080       0xFFFFFF80      0x00007F80         (0, 0, 14)      [1, 2, 3, 4, 5, 6, 7, 8] []
    175     0x0001FE80       0xFFFFFF80      0x00000201         (0, 1, 15)      [3] [E]
    176     0x00019180       0xFFFFFF80      0x00000110         (0, 1, 2)      [2] [SW]
    177     0x00004600       0xFFFFFF80      0x00100003         (0, 0, 8)      [14] [E, NE]
    178     0x00010380       0xFFFFFF80      0x007FE03B         (0, 1, 0)      [7, 8, 9, 10, 11, 12, 13, 14, 15, 16] [E, NE, W, SW, S]
    179     0x00013C80       0xFFFFFF80      0x00100000         (0, 1, 7)      [14] []
    180     0x00015500       0xFFFFFF80      0x00001030         (0, 1, 10)      [6] [SW, S]
    181     0x00006E00       0xFFFFFF80      0x00002000         (0, 0, 13)      [7] []
    182     0x0001E200       0xFFFFFF80      0x00000080         (0, 1, 12)      [1] []
    183     0x00045300       0xFFFFFF00      0x00000008         (0, 4, 10)      [] [W]
    184     0x00004300       0xFFFFFF80      0x00004000         (0, 0, 8)      [8] []
    185     0x00018000       0xFFFFFF80      0x00000008         (0, 1, 0)      [] [W]
    186     0x00010B80       0xFFFFFF80      0x007FE301         (0, 1, 1)      [2, 3, 7, 8, 9, 10, 11, 12, 13, 14, 15, 16] [E]
    187     0x00003A00       0xFFFFFF80      0x00000002         (0, 0, 7)      [] [NE]
    188     0x0001A780       0xFFFFFF80      0x00000203         (0, 1, 4)      [3] [E, NE]
    189     0x00007200       0xFFFFFF80      0x00200002         (0, 0, 14)      [15] [NE]
    190     0x00016200       0xFFFFFF80      0x00000800         (0, 1, 12)      [5] []
    191     0x00001900       0xFFFFFF80      0x00020000         (0, 0, 3)      [11] []
    192     0x0000AD00       0xFFFFFF80      0x00000008         (0, 0, 5)      [] [W]
    193     0x00011500       0xFFFFFF80      0x00000008         (0, 1, 2)      [] [W]
    194     0x00007C00       0xFFFFFF80      0x00000001         (0, 0, 15)      [] [E]
    195     0x00002A80       0xFFFFFF80      0x00000002         (0, 0, 5)      [] [NE]
    196     0x0001DD00       0xFFFFFF80      0x00000800         (0, 1, 11)      [5] []
    197     0x00000D80       0xFFFFFF80      0x00000002         (0, 0, 1)      [] [NE]
    198     0x00010680       0xFFFFFF80      0x007FE021         (0, 1, 0)      [7, 8, 9, 10, 11, 12, 13, 14, 15, 16] [E, S]
    199     0x00017A80       0xFFFFFF80      0x00000208         (0, 1, 15)      [3] [W]
    200     0x0000F100       0xFFFFFF80      0x0000DF80         (0, 0, 14)      [1, 2, 3, 4, 5, 6, 8, 9] []
    201     0x00001B80       0xFFFFFF80      0x00400002         (0, 0, 3)      [16] [NE]
    202     0x00013000       0xFFFFFF80      0x00000008         (0, 1, 6)      [] [W]
    203     0x00015780       0xFFFFFF80      0x00080030         (0, 1, 10)      [13] [SW, S]
    204     0x0000B280       0xFFFFFF80      0x0000000E         (0, 0, 6)      [] [NE, N, W]
    205     0x00045A00       0xFFFFFF00      0x00000008         (0, 4, 11)      [] [W]
    206     0x00014600       0xFFFFFF80      0x00000408         (0, 1, 8)      [4] [W]
    207     0x00013B00       0xFFFFFF80      0x00020000         (0, 1, 7)      [11] []
    208     0x00000B00       0xFFFFFF80      0x00040002         (0, 0, 1)      [12] [NE]
    209     0x0000B700       0xFFFFFF80      0x00004000         (0, 0, 6)      [8] []
    210     0x00000B80       0xFFFFFF80      0x00080002         (0, 0, 1)      [13] [NE]
    211     0x0001AA00       0xFFFFFF80      0x00000002         (0, 1, 5)      [] [NE]
    212     0x00009C00       0xFFFFFF80      0x00040000         (0, 0, 3)      [12] []
    213     0x00014580       0xFFFFFF80      0x00000208         (0, 1, 8)      [3] [W]
    214     0x00017F00       0xFFFFFF80      0x00000008         (0, 1, 15)      [] [W]
    215     0x00010E80       0xFFFFFF80      0x0000C000         (0, 1, 1)      [8, 9] []
    216     0x0000C080       0xFFFFFF80      0x00000003         (0, 0, 8)      [] [E, NE]
    217     0x00013B80       0xFFFFFF80      0x00040000         (0, 1, 7)      [12] []
    218     0x0000DC80       0xFFFFFF80      0x00000008         (0, 0, 11)      [] [W]
    219     0x00008F00       0xFFFFFF80      0x00200000         (0, 0, 1)      [15] []
    220     0x00005F80       0xFFFFFF80      0x00002000         (0, 0, 11)      [7] []
    221     0x0003B400       0xFFFFFF00      0x00000020         (0, 3, 6)      [] [S]
    222     0x00012100       0xFFFFFF80      0x00000008         (0, 1, 4)      [] [W]
    223     0x00013700       0xFFFFFF80      0x00000208         (0, 1, 6)      [3] [W]
    224     0x00003680       0xFFFFFF80      0x00040002         (0, 0, 6)      [12] [NE]
    225     0x0000E900       0xFFFFFF80      0x00000008         (0, 0, 13)      [] [W]
    226     0x00023A00       0xFFFFFF80      0x00200000         (0, 2, 7)      [15] []
    227     0x0001C480       0xFFFFFF80      0x00000400         (0, 1, 8)      [4] []
    228     0x00014400       0xFFFFFF80      0x00000008         (0, 1, 8)      [] [W]
    229     0x0001E480       0xFFFFFF80      0x00001000         (0, 1, 12)      [6] []
    230     0x0000EF00       0xFFFFFF80      0x00000C08         (0, 0, 13)      [4, 5] [W]
    231     0x00045100       0xFFFFFF00      0x00000008         (0, 4, 10)      [] [W]
    232     0x00016A00       0xFFFFFF80      0x00000008         (0, 1, 13)      [] [W]
    233     0x00002580       0xFFFFFF80      0x00002000         (0, 0, 4)      [7] []
    234     0x0001C300       0xFFFFFF80      0x00000080         (0, 1, 8)      [1] []
    235     0x00003880       0xFFFFFF80      0x00400002         (0, 0, 7)      [16] [NE]
    236     0x00002900       0xFFFFFF80      0x00100002         (0, 0, 5)      [14] [NE]
    237     0x00010400       0xFFFFFF80      0x007FE021         (0, 1, 0)      [7, 8, 9, 10, 11, 12, 13, 14, 15, 16] [E, S]
    238     0x00002A00       0xFFFFFF80      0x00400002         (0, 0, 5)      [16] [NE]
    239     0x0000EC00       0xFFFFFF80      0x00000008         (0, 0, 13)      [] [W]
    240     0x00011400       0xFFFFFF80      0x00000008         (0, 1, 2)      [] [W]
    241     0x00023680       0xFFFFFF80      0x00004008         (0, 2, 6)      [8] [W]
    242     0x00008500       0xFFFFFF80      0x00000001         (0, 0, 0)      [] [E]
    243     0x0003B100       0xFFFFFF00      0x00000020         (0, 3, 6)      [] [S]
    244     0x00023A80       0xFFFFFF80      0x00400000         (0, 2, 7)      [16] []
    245     0x00011E00       0xFFFFFF80      0x00020000         (0, 1, 3)      [11] []
    246     0x00008380       0xFFFFFF80      0x00000001         (0, 0, 0)      [] [E]
    247     0x0000D080       0xFFFFFF80      0x00000088         (0, 0, 10)      [1] [W]
    248     0x00019400       0xFFFFFF80      0x00000002         (0, 1, 2)      [] [NE]
    249     0x0003AA00       0xFFFFFF00      0x00000020         (0, 3, 5)      [] [S]
    250     0x00016000       0xFFFFFF80      0x00000088         (0, 1, 12)      [1] [W]
    251     0x00012E80       0xFFFFFF80      0x00200000         (0, 1, 5)      [15] []
    252     0x0001D100       0xFFFFFF80      0x00000001         (0, 1, 10)      [] [E]
    253     0x0000C200       0xFFFFFF80      0x00000081         (0, 0, 8)      [1] [E]
    254     0x00008200       0xFFFFFF80      0x00000001         (0, 0, 0)      [] [E]
    255     0x00009B80       0xFFFFFF80      0x00020000         (0, 0, 3)      [11] []
    256     0x00009280       0xFFFFFF80      0x00000008         (0, 0, 2)      [] [W]
    257     0x0003A800       0xFFFFFF00      0x00000020         (0, 3, 5)      [] [S]
    258     0x0001BB00       0xFFFFFF80      0x00000200         (0, 1, 7)      [3] []
    259     0x0000C780       0xFFFFFF80      0x00040001         (0, 0, 8)      [12] [E]
    260     0x00014280       0xFFFFFF80      0x00000008         (0, 1, 8)      [] [W]
    261     0x0003A700       0xFFFFFF00      0x00000001         (0, 3, 4)      [] [E]
    262     0x0000A400       0xFFFFFF80      0x00000008         (0, 0, 4)      [] [W]
    263     0x00021D00       0xFFFFFF80      0x007FE000         (0, 2, 3)      [7, 8, 9, 10, 11, 12, 13, 14, 15, 16] []
    264     0x00044B00       0xFFFFFF00      0x00080000         (0, 4, 9)      [13] []
    265     0x00011980       0xFFFFFF80      0x00000108         (0, 1, 3)      [2] [W]
    266     0x00018B80       0xFFFFFF80      0x00000010         (0, 1, 1)      [] [SW]
    267     0x00005480       0xFFFFFF80      0x00100006         (0, 0, 10)      [14] [NE, N]
    268     0x00007F80       0xFFFFFF80      0x00080001         (0, 0, 15)      [13] [E]
    269     0x00016B80       0xFFFFFF80      0x00000008         (0, 1, 13)      [] [W]
    270     0x00015080       0xFFFFFF80      0x00000030         (0, 1, 10)      [] [SW, S]
    271     0x00019080       0xFFFFFF80      0x00000010         (0, 1, 2)      [] [SW]
    272     0x0001EB00       0xFFFFFF80      0x00001000         (0, 1, 13)      [6] []
    273     0x0001AC00       0xFFFFFF80      0x00000003         (0, 1, 5)      [] [E, NE]
    274     0x00007080       0xFFFFFF80      0x00040002         (0, 0, 14)      [12] [NE]
    275     0x0000DB80       0xFFFFFF80      0x00000008         (0, 0, 11)      [] [W]
    276     0x00004980       0xFFFFFF80      0x00000003         (0, 0, 9)      [] [E, NE]
    277     0x00012280       0xFFFFFF80      0x00000008         (0, 1, 4)      [] [W]
    278     0x0000E600       0xFFFFFF80      0x00200000         (0, 0, 12)      [15] []
    279     0x00018500       0xFFFFFF80      0x00000018         (0, 1, 0)      [] [W, SW]
    280     0x00005300       0xFFFFFF80      0x00020000         (0, 0, 10)      [11] []
    281     0x00012800       0xFFFFFF80      0x00000108         (0, 1, 5)      [2] [W]
    282     0x00003B80       0xFFFFFF80      0x00000002         (0, 0, 7)      [] [NE]
    283     0x0000B800       0xFFFFFF80      0x00010000         (0, 0, 7)      [10] []
    284     0x00020700       0xFFFFFF80      0x00000801         (0, 2, 0)      [5] [E]
    285     0x00018100       0xFFFFFF80      0x00000008         (0, 1, 0)      [] [W]
    286     0x0000D400       0xFFFFFF80      0x00004000         (0, 0, 10)      [8] []
    287     0x00016500       0xFFFFFF80      0x00100000         (0, 1, 12)      [14] []
    288     0x00008C80       0xFFFFFF80      0x00010000         (0, 0, 1)      [10] []
    289     0x00019600       0xFFFFFF80      0x00000002         (0, 1, 2)      [] [NE]
    290     0x00019680       0xFFFFFF80      0x00000002         (0, 1, 2)      [] [NE]
    291     0x00002C00       0xFFFFFF80      0x00000002         (0, 0, 5)      [] [NE]
    292     0x00014D00       0xFFFFFF80      0x00000018         (0, 1, 9)      [] [W, SW]
    293     0x00018300       0xFFFFFF80      0x00000018         (0, 1, 0)      [] [W, SW]
    294     0x0000FD80       0xFFFFFF80      0x00001FBF         (0, 0, 15)      [1, 2, 3, 4, 5, 6] [E, NE, N, W, SW, S]
    295     0x0001A600       0xFFFFFF80      0x00000003         (0, 1, 4)      [] [E, NE]
    296     0x00017880       0xFFFFFF80      0x00000008         (0, 1, 15)      [] [W]
    297     0x00010200       0xFFFFFF80      0x007FE03F         (0, 1, 0)      [7, 8, 9, 10, 11, 12, 13, 14, 15, 16] [E, NE, N, W, SW, S]
    298     0x0000E400       0xFFFFFF80      0x00020000         (0, 0, 12)      [11] []
    299     0x00000D00       0xFFFFFF80      0x00400002         (0, 0, 1)      [16] [NE]
    300     0x00017500       0xFFFFFF80      0x00000008         (0, 1, 14)      [] [W]
    301     0x00011880       0xFFFFFF80      0x00000008         (0, 1, 3)      [] [W]
    302     0x0000F680       0xFFFFFF80      0x00001F88         (0, 0, 14)      [1, 2, 3, 4, 5, 6] [W]
    303     0x0001E380       0xFFFFFF80      0x00000400         (0, 1, 12)      [4] []
    304     0x0001CB80       0xFFFFFF80      0x00000081         (0, 1, 9)      [1] [E]
    305     0x00007C80       0xFFFFFF80      0x00002001         (0, 0, 15)      [7] [E]
    306     0x0003AB00       0xFFFFFF00      0x00000020         (0, 3, 5)      [] [S]
    307     0x0001B280       0xFFFFFF80      0x00000800         (0, 1, 6)      [5] []
    308     0x00014100       0xFFFFFF80      0x00000008         (0, 1, 8)      [] [W]
    309     0x00018800       0xFFFFFF80      0x00001010         (0, 1, 1)      [6] [SW]
    310     0x00017A00       0xFFFFFF80      0x00000108         (0, 1, 15)      [2] [W]
    311     0x00014980       0xFFFFFF80      0x00040010         (0, 1, 9)      [12] [SW]
    312     0x0001DD80       0xFFFFFF80      0x00001000         (0, 1, 11)      [6] []
    313     0x00016E80       0xFFFFFF80      0x00000408         (0, 1, 13)      [4] [W]
    314     0x00014380       0xFFFFFF80      0x00000008         (0, 1, 8)      [] [W]
    315     0x00015F80       0xFFFFFF80      0x00000008         (0, 1, 11)      [] [W]
    316     0x0000F280       0xFFFFFF80      0x00061F80         (0, 0, 14)      [1, 2, 3, 4, 5, 6, 11, 12] []
    317     0x0000EE00       0xFFFFFF80      0x00000308         (0, 0, 13)      [2, 3] [W]
    318     0x0000B880       0xFFFFFF80      0x00020000         (0, 0, 7)      [11] []
    319     0x00012700       0xFFFFFF80      0x00000008         (0, 1, 4)      [] [W]
    320     0x0000D000       0xFFFFFF80      0x00000008         (0, 0, 10)      [] [W]
    321     0x00010F80       0xFFFFFF80      0x00030000         (0, 1, 1)      [10, 11] []
    322     0x0000CD00       0xFFFFFF80      0x00000008         (0, 0, 9)      [] [W]
    323     0x00009D80       0xFFFFFF80      0x00200000         (0, 0, 3)      [15] []
    324     0x0000D600       0xFFFFFF80      0x00040000         (0, 0, 10)      [12] []
    325     0x0000CE80       0xFFFFFF80      0x00000008         (0, 0, 9)      [] [W]
    326     0x00013C00       0xFFFFFF80      0x00080000         (0, 1, 7)      [13] []
    327     0x0000EA80       0xFFFFFF80      0x00000008         (0, 0, 13)      [] [W]
    328     0x00016100       0xFFFFFF80      0x00000208         (0, 1, 12)      [3] [W]
    329     0x00016800       0xFFFFFF80      0x00000008         (0, 1, 13)      [] [W]
    330     0x00004A80       0xFFFFFF80      0x00000003         (0, 0, 9)      [] [E, NE]
    331     0x0000EE80       0xFFFFFF80      0x00000608         (0, 0, 13)      [3, 4] [W]
    332     0x0000AF00       0xFFFFFF80      0x00000008         (0, 0, 5)      [] [W]
    333     0x00017300       0xFFFFFF80      0x00000008         (0, 1, 14)      [] [W]
    334     0x00017600       0xFFFFFF80      0x00000008         (0, 1, 14)      [] [W]
    335     0x0001DB80       0xFFFFFF80      0x00000100         (0, 1, 11)      [2] []
    336     0x00014300       0xFFFFFF80      0x00000008         (0, 1, 8)      [] [W]
    337     0x00005880       0xFFFFFF80      0x0000000E         (0, 0, 11)      [] [NE, N, W]
    338     0x00006000       0xFFFFFF80      0x00004000         (0, 0, 12)      [8] []
    339     0x00013500       0xFFFFFF80      0x00000008         (0, 1, 6)      [] [W]
    340     0x0000FE80       0xFFFFFF80      0x00001FB7         (0, 0, 15)      [1, 2, 3, 4, 5, 6] [E, NE, N, SW, S]
    341     0x00044100       0xFFFFFF00      0x00000200         (0, 4, 8)      [3] []
    342     0x00013080       0xFFFFFF80      0x00000008         (0, 1, 6)      [] [W]
    343     0x0001DB00       0xFFFFFF80      0x00000080         (0, 1, 11)      [1] []
    344     0x00000A80       0xFFFFFF80      0x00020000         (0, 0, 1)      [11] []
    345     0x00011300       0xFFFFFF80      0x00000008         (0, 1, 2)      [] [W]
    346     0x0000AD80       0xFFFFFF80      0x00000008         (0, 0, 5)      [] [W]
    347     0x00045200       0xFFFFFF00      0x00000008         (0, 4, 10)      [] [W]
    348     0x0000AB80       0xFFFFFF80      0x00100000         (0, 0, 5)      [14] []
    349     0x00018480       0xFFFFFF80      0x00000018         (0, 1, 0)      [] [W, SW]
    350     0x00011780       0xFFFFFF80      0x00000008         (0, 1, 2)      [] [W]
    351     0x00013D80       0xFFFFFF80      0x00400000         (0, 1, 7)      [16] []
    352     0x00015100       0xFFFFFF80      0x00000030         (0, 1, 10)      [] [SW, S]
    353     0x00044200       0xFFFFFF00      0x00000400         (0, 4, 8)      [4] []
    354     0x0001A700       0xFFFFFF80      0x00000103         (0, 1, 4)      [2] [E, NE]
    355     0x00008180       0xFFFFFF80      0x00000001         (0, 0, 0)      [] [E]
    356     0x00023780       0xFFFFFF80      0x00010008         (0, 2, 6)      [10] [W]
    357     0x00004780       0xFFFFFF80      0x00000003         (0, 0, 8)      [] [E, NE]
    358     0x00015A80       0xFFFFFF80      0x00000008         (0, 1, 11)      [] [W]
    359     0x00019500       0xFFFFFF80      0x00000002         (0, 1, 2)      [] [NE]
    360     0x00008D00       0xFFFFFF80      0x00020000         (0, 0, 1)      [11] []
    361     0x0000BF00       0xFFFFFF80      0x00000003         (0, 0, 7)      [] [E, NE]
    362     0x0003B200       0xFFFFFF00      0x00000020         (0, 3, 6)      [] [S]
    363     0x0000F980       0xFFFFFF80      0x00001F88         (0, 0, 15)      [1, 2, 3, 4, 5, 6] [W]
    364     0x0001EA80       0xFFFFFF80      0x00000800         (0, 1, 13)      [5] []
    365     0x0000BD80       0xFFFFFF80      0x00000003         (0, 0, 7)      [] [E, NE]
    366     0x00012500       0xFFFFFF80      0x00000008         (0, 1, 4)      [] [W]
    367     0x0000CB80       0xFFFFFF80      0x00000008         (0, 0, 9)      [] [W]
    368     0x0000A200       0xFFFFFF80      0x00000008         (0, 0, 4)      [] [W]
    369     0x00014000       0xFFFFFF80      0x00000008         (0, 1, 8)      [] [W]
    370     0x00003900       0xFFFFFF80      0x00000002         (0, 0, 7)      [] [NE]
    371     0x00018580       0xFFFFFF80      0x00000098         (0, 1, 0)      [1] [W, SW]
    372     0x00004500       0xFFFFFF80      0x00040003         (0, 0, 8)      [12] [E, NE]
    373     0x00003700       0xFFFFFF80      0x00080002         (0, 0, 6)      [13] [NE]
    374     0x00006580       0xFFFFFF80      0x0000000E         (0, 0, 12)      [] [NE, N, W]
    375     0x00001780       0xFFFFFF80      0x00004000         (0, 0, 2)      [8] []
    376     0x00019380       0xFFFFFF80      0x00001010         (0, 1, 2)      [6] [SW]
    377     0x0000EA00       0xFFFFFF80      0x00000008         (0, 0, 13)      [] [W]
    378     0x0000F800       0xFFFFFF80      0x00001F88         (0, 0, 15)      [1, 2, 3, 4, 5, 6] [W]
    379     0x00016D00       0xFFFFFF80      0x00000088         (0, 1, 13)      [1] [W]
    380     0x0001E880       0xFFFFFF80      0x00000088         (0, 1, 13)      [1] [W]
    381     0x00017700       0xFFFFFF80      0x00000008         (0, 1, 14)      [] [W]
    382     0x00011E80       0xFFFFFF80      0x00040000         (0, 1, 3)      [12] []
    383     0x0001E900       0xFFFFFF80      0x00000108         (0, 1, 13)      [2] [W]
    384     0x00015900       0xFFFFFF80      0x00400000         (0, 1, 11)      [16] []
    385     0x00016580       0xFFFFFF80      0x00200000         (0, 1, 12)      [15] []
    386     0x00002980       0xFFFFFF80      0x00200002         (0, 0, 5)      [15] [NE]
    387     0x0000A980       0xFFFFFF80      0x00010000         (0, 0, 5)      [10] []
    388     0x0001A680       0xFFFFFF80      0x00000083         (0, 1, 4)      [1] [E, NE]
    389     0x0000C180       0xFFFFFF80      0x00000001         (0, 0, 8)      [] [E]
    390     0x00008E80       0xFFFFFF80      0x00100000         (0, 0, 1)      [14] []
    391     0x0001F000       0xFFFFFF80      0x00000408         (0, 1, 14)      [4] [W]
    392     0x0000BA80       0xFFFFFF80      0x00200003         (0, 0, 7)      [15] [E, NE]
    393     0x00003980       0xFFFFFF80      0x00000002         (0, 0, 7)      [] [NE]
    394     0x00006780       0xFFFFFF80      0x0000000E         (0, 0, 12)      [] [NE, N, W]
    395     0x00012180       0xFFFFFF80      0x00000008         (0, 1, 4)      [] [W]
    396     0x00005780       0xFFFFFF80      0x0000000E         (0, 0, 10)      [] [NE, N, W]
    397     0x00009F00       0xFFFFFF80      0x00000008         (0, 0, 3)      [] [W]
    398     0x00011200       0xFFFFFF80      0x00600000         (0, 1, 2)      [16, 15] []
    399     0x00012680       0xFFFFFF80      0x00000008         (0, 1, 4)      [] [W]
    400     0x00004380       0xFFFFFF80      0x00008001         (0, 0, 8)      [9] [E]
    401     0x0000FC00       0xFFFFFF80      0x00001FBF         (0, 0, 15)      [1, 2, 3, 4, 5, 6] [E, NE, N, W, SW, S]
    402     0x00012D00       0xFFFFFF80      0x00040000         (0, 1, 5)      [12] []
    403     0x0001B000       0xFFFFFF80      0x00000001         (0, 1, 6)      [] [E]
    404     0x00010580       0xFFFFFF80      0x007FE021         (0, 1, 0)      [7, 8, 9, 10, 11, 12, 13, 14, 15, 16] [E, S]
    405     0x00011A80       0xFFFFFF80      0x00000408         (0, 1, 3)      [4] [W]
    406     0x0001B080       0xFFFFFF80      0x00000080         (0, 1, 6)      [1] []
    407     0x00044700       0xFFFFFF00      0x00008000         (0, 4, 8)      [9] []
    408     0x0001EE80       0xFFFFFF80      0x00000088         (0, 1, 13)      [1] [W]
    409     0x0001FF80       0xFFFFFF80      0x00000801         (0, 1, 15)      [5] [E]
    410     0x00010A00       0xFFFFFF80      0x007FE021         (0, 1, 1)      [7, 8, 9, 10, 11, 12, 13, 14, 15, 16] [E, S]
    411     0x00014180       0xFFFFFF80      0x00000008         (0, 1, 8)      [] [W]
    412     0x0000C000       0xFFFFFF80      0x00000003         (0, 0, 8)      [] [E, NE]
    413     0x00020D00       0xFFFFFF80      0x00001000         (0, 2, 1)      [6] []
    414     0x00006700       0xFFFFFF80      0x0000000E         (0, 0, 12)      [] [NE, N, W]
    415     0x00010D80       0xFFFFFF80      0x007FF008         (0, 1, 1)      [6, 7, 8, 9, 10, 11, 12, 13, 14, 15, 16] [W]
    416     0x0000FA80       0xFFFFFF80      0x00001F88         (0, 0, 15)      [1, 2, 3, 4, 5, 6] [W]
    417     0x0001C980       0xFFFFFF80      0x00000001         (0, 1, 9)      [] [E]
    418     0x00004880       0xFFFFFF80      0x00000003         (0, 0, 9)      [] [E, NE]
    419     0x0001A580       0xFFFFFF80      0x00000003         (0, 1, 4)      [] [E, NE]
    420     0x0000B680       0xFFFFFF80      0x00002000         (0, 0, 6)      [7] []
    421     0x00003B00       0xFFFFFF80      0x00000002         (0, 0, 7)      [] [NE]
    422     0x0001AD00       0xFFFFFF80      0x00000003         (0, 1, 5)      [] [E, NE]
    423     0x00017680       0xFFFFFF80      0x00000008         (0, 1, 14)      [] [W]
    424     0x00014880       0xFFFFFF80      0x00000010         (0, 1, 9)      [] [SW]
    425     0x00006880       0xFFFFFF80      0x0000000E         (0, 0, 13)      [] [NE, N, W]
    426     0x0000FC80       0xFFFFFF80      0x00001FBF         (0, 0, 15)      [1, 2, 3, 4, 5, 6] [E, NE, N, W, SW, S]
    427     0x0001D280       0xFFFFFF80      0x00000001         (0, 1, 10)      [] [E]
    428     0x00005380       0xFFFFFF80      0x00040002         (0, 0, 10)      [12] [NE]
    429     0x00002700       0xFFFFFF80      0x00010000         (0, 0, 4)      [10] []
    430     0x00016780       0xFFFFFF80      0x00000008         (0, 1, 12)      [] [W]
    431     0x00016F00       0xFFFFFF80      0x00000800         (0, 1, 13)      [5] []
    432     0x00013300       0xFFFFFF80      0x00000008         (0, 1, 6)      [] [W]
    433     0x00012580       0xFFFFFF80      0x00000008         (0, 1, 4)      [] [W]
    434     0x00023500       0xFFFFFF80      0x00000008         (0, 2, 6)      [] [W]
    435     0x00012000       0xFFFFFF80      0x00200000         (0, 1, 4)      [15] []
    436     0x00023B80       0xFFFFFF80      0x00000008         (0, 2, 7)      [] [W]
    437     0x00023800       0xFFFFFF80      0x00020000         (0, 2, 7)      [11] []
    438     0x00009F80       0xFFFFFF80      0x00000008         (0, 0, 3)      [] [W]
    439     0x00011800       0xFFFFFF80      0x00000008         (0, 1, 3)      [] [W]
    440     0x0000E480       0xFFFFFF80      0x00040000         (0, 0, 12)      [12] []
    441     0x0000C280       0xFFFFFF80      0x00000101         (0, 0, 8)      [2] [E]
    442     0x00015700       0xFFFFFF80      0x00000030         (0, 1, 10)      [] [SW, S]
    443     0x00017B00       0xFFFFFF80      0x00000408         (0, 1, 15)      [4] [W]
    444     0x00018200       0xFFFFFF80      0x00000008         (0, 1, 0)      [] [W]
    445     0x00015D00       0xFFFFFF80      0x00000008         (0, 1, 11)      [] [W]
    446     0x00016B00       0xFFFFFF80      0x00000008         (0, 1, 13)      [] [W]
    447     0x00045C00       0xFFFFFF00      0x00000008         (0, 4, 11)      [] [W]
    448     0x00019000       0xFFFFFF80      0x00000010         (0, 1, 2)      [] [SW]
    449     0x0000E000       0xFFFFFF80      0x00000208         (0, 0, 12)      [3] [W]
    450     0x0001D600       0xFFFFFF80      0x00001000         (0, 1, 10)      [6] []
    451     0x00001880       0xFFFFFF80      0x00010000         (0, 0, 3)      [10] []
    452     0x00013180       0xFFFFFF80      0x00000008         (0, 1, 6)      [] [W]
    453     0x00007E80       0xFFFFFF80      0x00020001         (0, 0, 15)      [11] [E]
    454     0x00024300       0xFFFFFF80      0x00000400         (0, 2, 8)      [4] []
    455     0x00018C00       0xFFFFFF80      0x00000010         (0, 1, 1)      [] [SW]
    456     0x00044C00       0xFFFFFF00      0x00100000         (0, 4, 9)      [14] []
    457     0x00001D00       0xFFFFFF80      0x00000002         (0, 0, 3)      [] [NE]
    458     0x00006600       0xFFFFFF80      0x0000000E         (0, 0, 12)      [] [NE, N, W]
    459     0x0000F500       0xFFFFFF80      0x00401F88         (0, 0, 14)      [1, 2, 3, 4, 5, 6, 16] [W]
    460     0x00001700       0xFFFFFF80      0x00002000         (0, 0, 2)      [7] []
    461     0x0001A880       0xFFFFFF80      0x00000803         (0, 1, 5)      [5] [E, NE]
    462     0x0000B080       0xFFFFFF80      0x0000000E         (0, 0, 6)      [] [NE, N, W]
    463     0x00018080       0xFFFFFF80      0x00000008         (0, 1, 0)      [] [W]
    464     0x0000E880       0xFFFFFF80      0x00000008         (0, 0, 13)      [] [W]
    465     0x00000E00       0xFFFFFF80      0x00000002         (0, 0, 1)      [] [NE]
    466     0x00020280       0xFFFFFF80      0x00000201         (0, 2, 0)      [3] [E]
    467     0x0000BF80       0xFFFFFF80      0x00000003         (0, 0, 7)      [] [E, NE]
    468     0x00016880       0xFFFFFF80      0x00000008         (0, 1, 13)      [] [W]
    469     0x00023980       0xFFFFFF80      0x00100000         (0, 2, 7)      [14] []
    470     0x00009500       0xFFFFFF80      0x00000008         (0, 0, 2)      [] [W]
    471     0x00006080       0xFFFFFF80      0x00008000         (0, 0, 12)      [9] []
    472     0x0003B500       0xFFFFFF00      0x00000020         (0, 3, 6)      [] [S]
    473     0x00010800       0xFFFFFF80      0x007FE021         (0, 1, 1)      [7, 8, 9, 10, 11, 12, 13, 14, 15, 16] [E, S]
    474     0x0000D680       0xFFFFFF80      0x00080000         (0, 0, 10)      [13] []
    475     0x00015980       0xFFFFFF80      0x00000008         (0, 1, 11)      [] [W]
    476     0x00015580       0xFFFFFF80      0x00000030         (0, 1, 10)      [] [SW, S]
    477     0x0000FF00       0xFFFFFF80      0x007FE03B         (0, 0, 15)      [7, 8, 9, 10, 11, 12, 13, 14, 15, 16] [E, NE, W, SW, S]
    478     0x00009E00       0xFFFFFF80      0x00400000         (0, 0, 3)      [16] []
    479     0x0000DA80       0xFFFFFF80      0x00000008         (0, 0, 11)      [] [W]
    480     0x0001B200       0xFFFFFF80      0x00000400         (0, 1, 6)      [4] []
    481     0x0000B900       0xFFFFFF80      0x00040003         (0, 0, 7)      [12] [E, NE]
    482     0x00015380       0xFFFFFF80      0x00000230         (0, 1, 10)      [3] [SW, S]
    483     0x00007780       0xFFFFFF80      0x00000003         (0, 0, 14)      [] [E, NE]
    484     0x00014080       0xFFFFFF80      0x00000008         (0, 1, 8)      [] [W]
    485     0x00015E80       0xFFFFFF80      0x00000008         (0, 1, 11)      [] [W]
    486     0x0001BC00       0xFFFFFF80      0x00000800         (0, 1, 7)      [5] []
    487     0x00023700       0xFFFFFF80      0x00008008         (0, 2, 6)      [9] [W]
    488     0x0001CC00       0xFFFFFF80      0x00000101         (0, 1, 9)      [2] [E]
    489     0x0000C480       0xFFFFFF80      0x00000001         (0, 0, 8)      [] [E]
    490     0x00020A80       0xFFFFFF80      0x00001000         (0, 2, 1)      [6] []
    491     0x00024380       0xFFFFFF80      0x00000800         (0, 2, 8)      [5] []
    492     0x00012980       0xFFFFFF80      0x00000800         (0, 1, 5)      [5] []
    493     0x0001E280       0xFFFFFF80      0x00000100         (0, 1, 12)      [2] []
    494     0x00011600       0xFFFFFF80      0x00000008         (0, 1, 2)      [] [W]
    495     0x00023C80       0xFFFFFF80      0x00000008         (0, 2, 7)      [] [W]
    496     0x00018E80       0xFFFFFF80      0x00000010         (0, 1, 1)      [] [SW]
    497     0x00011B80       0xFFFFFF80      0x00001000         (0, 1, 3)      [6] []
    498     0x0000E800       0xFFFFFF80      0x00000008         (0, 0, 13)      [] [W]
    499     0x00002680       0xFFFFFF80      0x00008000         (0, 0, 4)      [9] []
    500     0x0001CD80       0xFFFFFF80      0x00000801         (0, 1, 9)      [5] [E]
    501     0x0001AF80       0xFFFFFF80      0x00000001         (0, 1, 5)      [] [E]
    502     0x0000AC00       0xFFFFFF80      0x00200000         (0, 0, 5)      [15] []
    503     0x0001FA80       0xFFFFFF80      0x00000401         (0, 1, 15)      [4] [E]
    504     0x0000D980       0xFFFFFF80      0x00000008         (0, 0, 11)      [] [W]
    505     0x0000E280       0xFFFFFF80      0x00004000         (0, 0, 12)      [8] []
    506     0x0000EB80       0xFFFFFF80      0x00000008         (0, 0, 13)      [] [W]
    507     0x0001F980       0xFFFFFF80      0x00000101         (0, 1, 15)      [2] [E]
    508     0x0001CE00       0xFFFFFF80      0x00001000         (0, 1, 9)      [6] []
    509     0x00003480       0xFFFFFF80      0x00004000         (0, 0, 6)      [8] []
    510     0x0000FB80       0xFFFFFF80      0x00001F88         (0, 0, 15)      [1, 2, 3, 4, 5, 6] [W]
    511     0x00006E80       0xFFFFFF80      0x00004000         (0, 0, 13)      [8] []
    512     0x00015C00       0xFFFFFF80      0x00000008         (0, 1, 11)      [] [W]
    513     0x0000CE00       0xFFFFFF80      0x00000008         (0, 0, 9)      [] [W]
    514     0x0001F100       0xFFFFFF80      0x00001000         (0, 1, 14)      [6] []
    515     0x0001AC80       0xFFFFFF80      0x00000003         (0, 1, 5)      [] [E, NE]
    516     0x0001D080       0xFFFFFF80      0x00000001         (0, 1, 10)      [] [E]
    517     0x00023C00       0xFFFFFF80      0x00000008         (0, 2, 7)      [] [W]
    518     0x0000C800       0xFFFFFF80      0x00080001         (0, 0, 9)      [13] [E]
    519     0x00018D80       0xFFFFFF80      0x00000010         (0, 1, 1)      [] [SW]
    520     0x00013800       0xFFFFFF80      0x00000800         (0, 1, 7)      [5] []
    521     0x00000900       0xFFFFFF80      0x00004000         (0, 0, 1)      [8] []
    522     0x00016280       0xFFFFFF80      0x00001000         (0, 1, 12)      [6] []
    523     0x0000D480       0xFFFFFF80      0x00008000         (0, 0, 10)      [9] []
    524     0x00011280       0xFFFFFF80      0x00400008         (0, 1, 2)      [16] [W]
    525     0x00007100       0xFFFFFF80      0x00080002         (0, 0, 14)      [13] [NE]
    526     0x00045E00       0xFFFFFF00      0x00000008         (0, 4, 11)      [] [W]
    527     0x00007700       0xFFFFFF80      0x00000003         (0, 0, 14)      [] [E, NE]
    528     0x00006280       0xFFFFFF80      0x00080006         (0, 0, 12)      [13] [NE, N]
    529     0x00008600       0xFFFFFF80      0x00000008         (0, 0, 0)      [] [W]
    530     0x00018F00       0xFFFFFF80      0x00000010         (0, 1, 1)      [] [SW]
    531     0x0001F600       0xFFFFFF80      0x00000800         (0, 1, 14)      [5] []
    532     0x00009080       0xFFFFFF80      0x00000008         (0, 0, 2)      [] [W]
    533     0x00010900       0xFFFFFF80      0x007FE021         (0, 1, 1)      [7, 8, 9, 10, 11, 12, 13, 14, 15, 16] [E, S]
    534     0x0001F500       0xFFFFFF80      0x00000208         (0, 1, 14)      [3] [W]
    535     0x00003500       0xFFFFFF80      0x00008000         (0, 0, 6)      [9] []
    536     0x00044A00       0xFFFFFF00      0x00040000         (0, 4, 9)      [12] []
    537     0x0000F300       0xFFFFFF80      0x000C1F80         (0, 0, 14)      [1, 2, 3, 4, 5, 6, 12, 13] []
    538     0x0001A980       0xFFFFFF80      0x00000002         (0, 1, 5)      [] [NE]
    539     0x0000AA00       0xFFFFFF80      0x00020000         (0, 0, 5)      [11] []
    540     0x00009C80       0xFFFFFF80      0x00080000         (0, 0, 3)      [13] []
    541     0x00006F00       0xFFFFFF80      0x00008000         (0, 0, 13)      [9] []
    542     0x00009180       0xFFFFFF80      0x00000008         (0, 0, 2)      [] [W]
    543     0x0000BC80       0xFFFFFF80      0x00000003         (0, 0, 7)      [] [E, NE]
    544     0x0000A480       0xFFFFFF80      0x00000008         (0, 0, 4)      [] [W]
    545     0x0003A900       0xFFFFFF00      0x00000020         (0, 3, 5)      [] [S]
    546     0x0000A100       0xFFFFFF80      0x00000008         (0, 0, 4)      [] [W]
    547     0x0001CB00       0xFFFFFF80      0x00000001         (0, 1, 9)      [] [E]
    548     0x0001A500       0xFFFFFF80      0x00000003         (0, 1, 4)      [] [E, NE]
    549     0x0000A280       0xFFFFFF80      0x00000008         (0, 0, 4)      [] [W]
    550     0x0000B200       0xFFFFFF80      0x0000000E         (0, 0, 6)      [] [NE, N, W]
    551     0x0000C900       0xFFFFFF80      0x00200001         (0, 0, 9)      [15] [E]
    552     0x0000DC00       0xFFFFFF80      0x00000008         (0, 0, 11)      [] [W]
    553     0x00018A00       0xFFFFFF80      0x00000010         (0, 1, 1)      [] [SW]
    554     0x00008480       0xFFFFFF80      0x00000001         (0, 0, 0)      [] [E]
    555     0x0001EF80       0xFFFFFF80      0x00000208         (0, 1, 13)      [3] [W]
    556     0x00008B00       0xFFFFFF80      0x00002000         (0, 0, 1)      [7] []
    557     0x00017900       0xFFFFFF80      0x00000008         (0, 1, 15)      [] [W]
    558     0x00003A80       0xFFFFFF80      0x00000002         (0, 0, 7)      [] [NE]
    559     0x00017C00       0xFFFFFF80      0x00001000         (0, 1, 15)      [6] []
    560     0x00003580       0xFFFFFF80      0x00010000         (0, 0, 6)      [10] []
    561     0x00021C80       0xFFFFFF80      0x00001F80         (0, 2, 3)      [1, 2, 3, 4, 5, 6] []
    562     0x00002B00       0xFFFFFF80      0x00000002         (0, 0, 5)      [] [NE]
    563     0x00011100       0xFFFFFF80      0x00180000         (0, 1, 2)      [13, 14] []
    564     0x00014800       0xFFFFFF80      0x00000010         (0, 1, 9)      [] [SW]
    565     0x00013F80       0xFFFFFF80      0x00000008         (0, 1, 7)      [] [W]
    566     0x0000BB00       0xFFFFFF80      0x00400003         (0, 0, 7)      [16] [E, NE]
    567     0x00009A00       0xFFFFFF80      0x00004000         (0, 0, 3)      [8] []
    568     0x0000C680       0xFFFFFF80      0x00010001         (0, 0, 8)      [10] [E]
    569     0x00007480       0xFFFFFF80      0x00000002         (0, 0, 14)      [] [NE]
    570     0x00010C80       0xFFFFFF80      0x007FEC08         (0, 1, 1)      [4, 5, 7, 8, 9, 10, 11, 12, 13, 14, 15, 16] [W]
    571     0x0000DE80       0xFFFFFF80      0x00000008         (0, 0, 11)      [] [W]
    572     0x0000AA80       0xFFFFFF80      0x00040000         (0, 0, 5)      [12] []
    573     0x00008B80       0xFFFFFF80      0x00004000         (0, 0, 1)      [8] []
    574     0x0000D880       0xFFFFFF80      0x00000008         (0, 0, 11)      [] [W]
    575     0x00017280       0xFFFFFF80      0x00400000         (0, 1, 14)      [16] []
    576     0x00002780       0xFFFFFF80      0x00020000         (0, 0, 4)      [11] []
    577     0x00015B00       0xFFFFFF80      0x00000008         (0, 1, 11)      [] [W]
    578     0x00015480       0xFFFFFF80      0x00000830         (0, 1, 10)      [5] [SW, S]
    579     0x00044D00       0xFFFFFF00      0x00200000         (0, 4, 9)      [15] []
    580     0x00005500       0xFFFFFF80      0x00200002         (0, 0, 10)      [15] [NE]
    581     0x00045500       0xFFFFFF00      0x00000008         (0, 4, 10)      [] [W]
    582     0x0000A080       0xFFFFFF80      0x00000008         (0, 0, 4)      [] [W]
    583     0x00016900       0xFFFFFF80      0x00000008         (0, 1, 13)      [] [W]
    584     0x0001CC80       0xFFFFFF80      0x00000201         (0, 1, 9)      [3] [E]
    585     0x00008300       0xFFFFFF80      0x00000001         (0, 0, 0)      [] [E]
    586     0x00010500       0xFFFFFF80      0x007FE021         (0, 1, 0)      [7, 8, 9, 10, 11, 12, 13, 14, 15, 16] [E, S]
    587     0x0001FB00       0xFFFFFF80      0x00000801         (0, 1, 15)      [5] [E]
    588     0x0000ED00       0xFFFFFF80      0x00000088         (0, 0, 13)      [1] [W]
    589     0x00010000       0xFFFFFF80      0x007FE03B         (0, 1, 0)      [7, 8, 9, 10, 11, 12, 13, 14, 15, 16] [E, NE, W, SW, S]
    590     0x0003B700       0xFFFFFF00      0x00000020         (0, 3, 6)      [] [S]
    591     0x00009380       0xFFFFFF80      0x00000008         (0, 0, 2)      [] [W]
    592     0x0003AC00       0xFFFFFF00      0x00000020         (0, 3, 5)      [] [S]
    593     0x0000F580       0xFFFFFF80      0x00001F88         (0, 0, 14)      [1, 2, 3, 4, 5, 6] [W]
    594     0x0000B300       0xFFFFFF80      0x0000000E         (0, 0, 6)      [] [NE, N, W]
    595     0x0000E500       0xFFFFFF80      0x00080000         (0, 0, 12)      [13] []
    596     0x0000D800       0xFFFFFF80      0x00400000         (0, 0, 11)      [16] []
    597     0x00016F80       0xFFFFFF80      0x00001000         (0, 1, 13)      [6] []
    598     0x00010F00       0xFFFFFF80      0x00018000         (0, 1, 1)      [9, 10] []
    599     0x00012080       0xFFFFFF80      0x00400000         (0, 1, 4)      [16] []
    600     0x00014680       0xFFFFFF80      0x00000800         (0, 1, 8)      [5] []
    601     0x0000E980       0xFFFFFF80      0x00000008         (0, 0, 13)      [] [W]
    602     0x00045000       0xFFFFFF00      0x00000008         (0, 4, 10)      [] [W]
    603     0x00011B00       0xFFFFFF80      0x00000808         (0, 1, 3)      [5] [W]
    604     0x0000C980       0xFFFFFF80      0x00400001         (0, 0, 9)      [16] [E]
    605     0x00008080       0xFFFFFF80      0x00200001         (0, 0, 0)      [15] [E]
    606     0x00001C00       0xFFFFFF80      0x00000002         (0, 0, 3)      [] [NE]
    607     0x00004900       0xFFFFFF80      0x00000003         (0, 0, 9)      [] [E, NE]
    608     0x00017200       0xFFFFFF80      0x00200000         (0, 1, 14)      [15] []
    609     0x0000B780       0xFFFFFF80      0x00008000         (0, 0, 6)      [9] []
    610     0x00006500       0xFFFFFF80      0x0000000A         (0, 0, 12)      [] [NE, W]
    611     0x00014A00       0xFFFFFF80      0x00080010         (0, 1, 9)      [13] [SW]
    612     0x00011480       0xFFFFFF80      0x00000008         (0, 1, 2)      [] [W]
    613     0x00008D80       0xFFFFFF80      0x00040000         (0, 0, 1)      [12] []
    614     0x00019480       0xFFFFFF80      0x00000002         (0, 1, 2)      [] [NE]
    615     0x0001FA00       0xFFFFFF80      0x00000201         (0, 1, 15)      [3] [E]
    616     0x00014200       0xFFFFFF80      0x00000008         (0, 1, 8)      [] [W]
    617     0x00018C80       0xFFFFFF80      0x00000010         (0, 1, 1)      [] [SW]
    618     0x00023900       0xFFFFFF80      0x00080000         (0, 2, 7)      [13] []
    619     0x0000F900       0xFFFFFF80      0x00001F88         (0, 0, 15)      [1, 2, 3, 4, 5, 6] [W]
    620     0x00015E00       0xFFFFFF80      0x00000008         (0, 1, 11)      [] [W]
    621     0x00014A80       0xFFFFFF80      0x00100010         (0, 1, 9)      [14] [SW]
    622     0x0001EE00       0xFFFFFF80      0x00000008         (0, 1, 13)      [] [W]
    623     0x0000F380       0xFFFFFF80      0x00181F80         (0, 0, 14)      [1, 2, 3, 4, 5, 6, 13, 14] []
    624     0x0001C900       0xFFFFFF80      0x00000001         (0, 1, 9)      [] [E]
    625     0x00012300       0xFFFFFF80      0x00000008         (0, 1, 4)      [] [W]
    626     0x00001800       0xFFFFFF80      0x00008000         (0, 0, 3)      [9] []
    627     0x00043F00       0xFFFFFF00      0x00000080         (0, 4, 7)      [1] []
    628     0x0000CF80       0xFFFFFF80      0x00000008         (0, 0, 9)      [] [W]
    629     0x0003B800       0xFFFFFF00      0x00000020         (0, 3, 7)      [] [S]
    630     0x00010E00       0xFFFFFF80      0x00006000         (0, 1, 1)      [8, 7] []
    631     0x0001F080       0xFFFFFF80      0x00000800         (0, 1, 14)      [5] []
    632     0x0000E300       0xFFFFFF80      0x00008000         (0, 0, 12)      [9] []
    633     0x00017380       0xFFFFFF80      0x00000008         (0, 1, 14)      [] [W]
    634     0x0000F780       0xFFFFFF80      0x00001F88         (0, 0, 14)      [1, 2, 3, 4, 5, 6] [W]
    635     0x00013480       0xFFFFFF80      0x00000008         (0, 1, 6)      [] [W]
    636     0x00004A00       0xFFFFFF80      0x00000003         (0, 0, 9)      [] [E, NE]
    637     0x0000E680       0xFFFFFF80      0x00400000         (0, 0, 12)      [16] []
    638     0x0000DD00       0xFFFFFF80      0x00000008         (0, 0, 11)      [] [W]
    639     0x00009200       0xFFFFFF80      0x00000008         (0, 0, 2)      [] [W]
    640     0x0000BE00       0xFFFFFF80      0x00000003         (0, 0, 7)      [] [E, NE]
    641     0x0001CD00       0xFFFFFF80      0x00000401         (0, 1, 9)      [4] [E]
    642     0x00014700       0xFFFFFF80      0x00001000         (0, 1, 8)      [6] []
    643     0x00014780       0xFFFFFF80      0x00000010         (0, 1, 8)      [] [SW]
    644     0x0000EF80       0xFFFFFF80      0x00001800         (0, 0, 13)      [5, 6] []
    645     0x00017980       0xFFFFFF80      0x00000088         (0, 1, 15)      [1] [W]
    646     0x00009B00       0xFFFFFF80      0x00010000         (0, 0, 3)      [10] []
    647     0x0000CC80       0xFFFFFF80      0x00000008         (0, 0, 9)      [] [W]
    648     0x00011A00       0xFFFFFF80      0x00000208         (0, 1, 3)      [3] [W]
    649     0x0001B100       0xFFFFFF80      0x00000100         (0, 1, 6)      [2] []
    650     0x0001AA80       0xFFFFFF80      0x00000002         (0, 1, 5)      [] [NE]
    651     0x00010A80       0xFFFFFF80      0x007FE0A1         (0, 1, 1)      [1, 7, 8, 9, 10, 11, 12, 13, 14, 15, 16] [E, S]
    652     0x0003B300       0xFFFFFF00      0x00000020         (0, 3, 6)      [] [S]
    653     0x00023380       0xFFFFFF80      0x00000008         (0, 2, 6)      [] [W]
    654     0x00007180       0xFFFFFF80      0x00100002         (0, 0, 14)      [14] [NE]
    655     0x0000E780       0xFFFFFF80      0x00000008         (0, 0, 12)      [] [W]
    656     0x0000D500       0xFFFFFF80      0x00010000         (0, 0, 10)      [10] []
    657     0x00012F00       0xFFFFFF80      0x00400000         (0, 1, 5)      [16] []
    658     0x0001D200       0xFFFFFF80      0x00000001         (0, 1, 10)      [] [E]
    659     0x0000B380       0xFFFFFF80      0x0000008E         (0, 0, 6)      [1] [NE, N, W]
    660     0x0001AE80       0xFFFFFF80      0x00000001         (0, 1, 5)      [] [E]
    661     0x00013600       0xFFFFFF80      0x00000088         (0, 1, 6)      [1] [W]
    662     0x0000F880       0xFFFFFF80      0x00001F88         (0, 0, 15)      [1, 2, 3, 4, 5, 6] [W]
    663     0x00017780       0xFFFFFF80      0x00000008         (0, 1, 14)      [] [W]
    664     0x0000E080       0xFFFFFF80      0x00000408         (0, 0, 12)      [4] [W]
    665     0x00015F00       0xFFFFFF80      0x00000008         (0, 1, 11)      [] [W]
    666     0x0000C500       0xFFFFFF80      0x00002001         (0, 0, 8)      [7] [E]
    667     0x0001DC80       0xFFFFFF80      0x00000400         (0, 1, 11)      [4] []
    668     0x00012D80       0xFFFFFF80      0x00080000         (0, 1, 5)      [13] []
    669     0x00013580       0xFFFFFF80      0x00000008         (0, 1, 6)      [] [W]
    670     0x00016C00       0xFFFFFF80      0x00000008         (0, 1, 13)      [] [W]
    671     0x00044000       0xFFFFFF00      0x00000100         (0, 4, 8)      [2] []
    672     0x00013200       0xFFFFFF80      0x00000008         (0, 1, 6)      [] [W]
    673     0x0001AD80       0xFFFFFF80      0x00000001         (0, 1, 5)      [] [E]
    674     0x0001E980       0xFFFFFF80      0x00000208         (0, 1, 13)      [3] [W]
    675     0x0000CA80       0xFFFFFF80      0x00000008         (0, 0, 9)      [] [W]
    676     0x0000DA00       0xFFFFFF80      0x00000008         (0, 0, 11)      [] [W]
    677     0x0000CA00       0xFFFFFF80      0x00000008         (0, 0, 9)      [] [W]
    678     0x00044900       0xFFFFFF00      0x00020000         (0, 4, 9)      [11] []
    679     0x00000C80       0xFFFFFF80      0x00200002         (0, 0, 1)      [15] [NE]
    680     0x00006F80       0xFFFFFF80      0x00010000         (0, 0, 13)      [10] []
    681     0x00014B80       0xFFFFFF80      0x00400010         (0, 1, 9)      [16] [SW]
    682     0x00010280       0xFFFFFF80      0x007FE03F         (0, 1, 0)      [7, 8, 9, 10, 11, 12, 13, 14, 15, 16] [E, NE, N, W, SW, S]
    683     0x00005800       0xFFFFFF80      0x0000000E         (0, 0, 11)      [] [NE, N, W]
    684     0x00002C80       0xFFFFFF80      0x00000002         (0, 0, 5)      [] [NE]
    685     0x00011380       0xFFFFFF80      0x00000008         (0, 1, 2)      [] [W]
    686     0x00018600       0xFFFFFF80      0x00000118         (0, 1, 0)      [2] [W, SW]
    687     0x00019700       0xFFFFFF80      0x00000002         (0, 1, 2)      [] [NE]
    688     0x0001AE00       0xFFFFFF80      0x00000001         (0, 1, 5)      [] [E]
    689     0x00018E00       0xFFFFFF80      0x00000010         (0, 1, 1)      [] [SW]
    690     0x00009D00       0xFFFFFF80      0x00100000         (0, 0, 3)      [14] []
    691     0x00011900       0xFFFFFF80      0x00000088         (0, 1, 3)      [1] [W]
    692     0x00010600       0xFFFFFF80      0x007FE021         (0, 1, 0)      [7, 8, 9, 10, 11, 12, 13, 14, 15, 16] [E, S]
    693     0x0000C580       0xFFFFFF80      0x00004001         (0, 0, 8)      [8] [E]
    694     0x0001B180       0xFFFFFF80      0x00000200         (0, 1, 6)      [3] []
    695     0x0000F200       0xFFFFFF80      0x00031F80         (0, 0, 14)      [1, 2, 3, 4, 5, 6, 10, 11] []
    696     0x00014480       0xFFFFFF80      0x00000088         (0, 1, 8)      [1] [W]
    697     0x0000AF80       0xFFFFFF80      0x00000008         (0, 0, 5)      [] [W]
    698     0x00012A00       0xFFFFFF80      0x00001000         (0, 1, 5)      [6] []
    699     0x00015400       0xFFFFFF80      0x00000430         (0, 1, 10)      [4] [SW, S]
    700     0x00006680       0xFFFFFF80      0x0000000E         (0, 0, 12)      [] [NE, N, W]
    701     0x00017580       0xFFFFFF80      0x00000008         (0, 1, 14)      [] [W]
    702     0x0000DD80       0xFFFFFF80      0x00000008         (0, 0, 11)      [] [W]
    703     0x00009A80       0xFFFFFF80      0x00008000         (0, 0, 3)      [9] []
    704     0x0003B600       0xFFFFFF00      0x00000020         (0, 3, 6)      [] [S]
    705     0x00015000       0xFFFFFF80      0x00000030         (0, 1, 10)      [] [SW, S]
    706     0x00015280       0xFFFFFF80      0x000000B0         (0, 1, 10)      [1] [SW, S]
    707     0x00012480       0xFFFFFF80      0x00000008         (0, 1, 4)      [] [W]
    708     0x0000F480       0xFFFFFF80      0x00601F80         (0, 0, 14)      [1, 2, 3, 4, 5, 6, 15, 16] []
    709     0x0001ED80       0xFFFFFF80      0x00000008         (0, 1, 13)      [] [W]
    710     0x0000FB00       0xFFFFFF80      0x00001F88         (0, 0, 15)      [1, 2, 3, 4, 5, 6] [W]
    711     0x00012880       0xFFFFFF80      0x00000208         (0, 1, 5)      [3] [W]
    712     0x0000DB00       0xFFFFFF80      0x00000008         (0, 0, 11)      [] [W]
    713     0x00011580       0xFFFFFF80      0x00000008         (0, 1, 2)      [] [W]
    714     0x00014D80       0xFFFFFF80      0x00000018         (0, 1, 9)      [] [W, SW]
    715     0x00015300       0xFFFFFF80      0x00000130         (0, 1, 10)      [2] [SW, S]
    716     0x00000980       0xFFFFFF80      0x00008000         (0, 0, 1)      [9] []
    717     0x00008F80       0xFFFFFF80      0x00400000         (0, 0, 1)      [16] []
    718     0x00018D00       0xFFFFFF80      0x00000010         (0, 1, 1)      [] [SW]
    719     0x0000D100       0xFFFFFF80      0x00000108         (0, 0, 10)      [2] [W]
    720     0x0000FF80       0xFFFFFF80      0x007FE03B         (0, 0, 15)      [7, 8, 9, 10, 11, 12, 13, 14, 15, 16] [E, NE, W, SW, S]
    721     0x00007D00       0xFFFFFF80      0x00004003         (0, 0, 15)      [8] [E, NE]
    722     0x00011180       0xFFFFFF80      0x00300000         (0, 1, 2)      [14, 15] []
    723     0x00012600       0xFFFFFF80      0x00000008         (0, 1, 4)      [] [W]
    724     0x0001DC00       0xFFFFFF80      0x00000200         (0, 1, 11)      [3] []
    725     0x0000FD00       0xFFFFFF80      0x00001FBF         (0, 0, 15)      [1, 2, 3, 4, 5, 6] [E, NE, N, W, SW, S]
    726     0x00013880       0xFFFFFF80      0x00001000         (0, 1, 7)      [6] []
    727     0x0000B100       0xFFFFFF80      0x0000000E         (0, 0, 6)      [] [NE, N, W]
    728     0x00020A00       0xFFFFFF80      0x00000800         (0, 2, 1)      [5] []
    729     0x00001A80       0xFFFFFF80      0x00100002         (0, 0, 3)      [14] [NE]
    730     0x0000AE00       0xFFFFFF80      0x00000008         (0, 0, 5)      [] [W]
    731     0x00019E80       0xFFFFFF80      0x00001000         (0, 1, 3)      [6] []
    732     0x0001D180       0xFFFFFF80      0x00000001         (0, 1, 10)      [] [E]
    733     0x00010C00       0xFFFFFF80      0x007FE601         (0, 1, 1)      [3, 4, 7, 8, 9, 10, 11, 12, 13, 14, 15, 16] [E]
    734     0x00045400       0xFFFFFF00      0x00000008         (0, 4, 10)      [] [W]
    735     0x00005900       0xFFFFFF80      0x0000000E         (0, 0, 11)      [] [NE, N, W]
    736     0x00018380       0xFFFFFF80      0x00000018         (0, 1, 0)      [] [W, SW]
    737     0x00017B80       0xFFFFFF80      0x00000800         (0, 1, 15)      [5] []
    738     0x00023400       0xFFFFFF80      0x00000008         (0, 2, 6)      [] [W]
    739     0x0000B980       0xFFFFFF80      0x00080003         (0, 0, 7)      [13] [E, NE]
    740     0x00013400       0xFFFFFF80      0x00000008         (0, 1, 6)      [] [W]
    741     0x0001F900       0xFFFFFF80      0x00000081         (0, 1, 15)      [1] [E]
    742     0x0001A800       0xFFFFFF80      0x00000403         (0, 1, 5)      [4] [E, NE]
    743     0x00003780       0xFFFFFF80      0x00100002         (0, 0, 6)      [14] [NE]
    744     0x00012E00       0xFFFFFF80      0x00100000         (0, 1, 5)      [14] []
    745     0x00009E80       0xFFFFFF80      0x00000008         (0, 0, 3)      [] [W]
    746     0x00011000       0xFFFFFF80      0x00060000         (0, 1, 2)      [11, 12] []
    747     0x0001AF00       0xFFFFFF80      0x00000001         (0, 1, 5)      [] [E]
    748     0x00014E00       0xFFFFFF80      0x00000018         (0, 1, 9)      [] [W, SW]
    749     0x00006300       0xFFFFFF80      0x00100006         (0, 0, 12)      [14] [NE, N]
    750     0x00010100       0xFFFFFF80      0x007FE03B         (0, 1, 0)      [7, 8, 9, 10, 11, 12, 13, 14, 15, 16] [E, NE, W, SW, S]
    751     0x00013380       0xFFFFFF80      0x00000008         (0, 1, 6)      [] [W]
    752     0x00014500       0xFFFFFF80      0x00000108         (0, 1, 8)      [2] [W]
    753     0x0000D780       0xFFFFFF80      0x00200000         (0, 0, 10)      [15] []
    754     0x00014900       0xFFFFFF80      0x00000010         (0, 1, 9)      [] [SW]
    755     0x0001D400       0xFFFFFF80      0x00000101         (0, 1, 10)      [2] [E]
    756     0x0001D580       0xFFFFFF80      0x00000801         (0, 1, 10)      [5] [E]
    757     0x00017480       0xFFFFFF80      0x00000008         (0, 1, 14)      [] [W]
    758     0x00011F00       0xFFFFFF80      0x00080000         (0, 1, 3)      [13] []
    759     0x00009980       0xFFFFFF80      0x00002000         (0, 0, 3)      [7] []
    760     0x0001D300       0xFFFFFF80      0x00000001         (0, 1, 10)      [] [E]
    761     0x00019900       0xFFFFFF80      0x00000002         (0, 1, 3)      [] [NE]
    762     0x0001AB80       0xFFFFFF80      0x00000003         (0, 1, 5)      [] [E, NE]
    763     0x00044800       0xFFFFFF00      0x00010000         (0, 4, 9)      [10] []
    764     0x00010B00       0xFFFFFF80      0x007FE181         (0, 1, 1)      [1, 2, 7, 8, 9, 10, 11, 12, 13, 14, 15, 16] [E]
    765     0x00001D80       0xFFFFFF80      0x00000002         (0, 0, 3)      [] [NE]
    766     0x00018900       0xFFFFFF80      0x00000010         (0, 1, 1)      [] [SW]
    767     0x00008400       0xFFFFFF80      0x00000001         (0, 0, 0)      [] [E]
    768     0x00016E00       0xFFFFFF80      0x00000208         (0, 1, 13)      [3] [W]
    769     0x0000AC80       0xFFFFFF80      0x00400000         (0, 0, 5)      [16] []
    770     0x00004800       0xFFFFFF80      0x00000003         (0, 0, 9)      [] [E, NE]
    771     0x0001C500       0xFFFFFF80      0x00000800         (0, 1, 8)      [5] []
    772     0x00012200       0xFFFFFF80      0x00000008         (0, 1, 4)      [] [W]
    773     0x0000FA00       0xFFFFFF80      0x00001F88         (0, 0, 15)      [1, 2, 3, 4, 5, 6] [W]
    774     0x00012F80       0xFFFFFF80      0x00000008         (0, 1, 5)      [] [W]
    775     0x00008100       0xFFFFFF80      0x00400001         (0, 0, 0)      [16] [E]
    776     0x00018F80       0xFFFFFF80      0x00000010         (0, 1, 1)      [] [SW]
    777     0x00012380       0xFFFFFF80      0x00000008         (0, 1, 4)      [] [W]
    778     0x00008280       0xFFFFFF80      0x00000001         (0, 0, 0)      [] [E]
    779     0x00013280       0xFFFFFF80      0x00000008         (0, 1, 6)      [] [W]
    780     0x00016680       0xFFFFFF80      0x00000008         (0, 1, 12)      [] [W]
    781     0x00018700       0xFFFFFF80      0x00000418         (0, 1, 0)      [4] [W, SW]
    782     0x00004480       0xFFFFFF80      0x00020003         (0, 0, 8)      [11] [E, NE]
    783     0x0000E380       0xFFFFFF80      0x00010000         (0, 0, 12)      [10] []
    784     0x0000ED80       0xFFFFFF80      0x00000188         (0, 0, 13)      [1, 2] [W]
    785     0x00004400       0xFFFFFF80      0x00010001         (0, 0, 8)      [10] [E]
    786     0x0000C880       0xFFFFFF80      0x00100001         (0, 0, 9)      [14] [E]
    787     0x00005600       0xFFFFFF80      0x0000000A         (0, 0, 10)      [] [NE, W]
    788     0x0001A900       0xFFFFFF80      0x00001002         (0, 1, 5)      [6] [NE]
    789     0x0001B300       0xFFFFFF80      0x00001000         (0, 1, 6)      [6] []
    790     0x00001B00       0xFFFFFF80      0x00200002         (0, 0, 3)      [15] [NE]
    791     0x0001EF00       0xFFFFFF80      0x00000108         (0, 1, 13)      [2] [W]
    792     0x00014B00       0xFFFFFF80      0x00200010         (0, 1, 9)      [15] [SW]
    793     0x0000E200       0xFFFFFF80      0x00002000         (0, 0, 12)      [7] []
    794     0x0000FE00       0xFFFFFF80      0x00001FB7         (0, 0, 15)      [1, 2, 3, 4, 5, 6] [E, NE, N, SW, S]
    795     0x00018880       0xFFFFFF80      0x00000010         (0, 1, 1)      [] [SW]
    796     0x00016700       0xFFFFFF80      0x00000008         (0, 1, 12)      [] [W]
    797     0x00009480       0xFFFFFF80      0x00000008         (0, 0, 2)      [] [W]
    798     0x00017E80       0xFFFFFF80      0x00400000         (0, 1, 15)      [16] []
    799     0x0000A800       0xFFFFFF80      0x00002000         (0, 0, 5)      [7] []
    800     0x0000E700       0xFFFFFF80      0x00000008         (0, 0, 12)      [] [W]
    801     0x00045F00       0xFFFFFF00      0x00000008         (0, 4, 11)      [] [W]
    802     0x00018180       0xFFFFFF80      0x00000008         (0, 1, 0)      [] [W]
    803     0x0001F680       0xFFFFFF80      0x00001000         (0, 1, 14)      [6] []
    804     0x00006800       0xFFFFFF80      0x0000000E         (0, 0, 13)      [] [NE, N, W]
    805     0x00016980       0xFFFFFF80      0x00000008         (0, 1, 13)      [] [W]
    806     0x0001E300       0xFFFFFF80      0x00000200         (0, 1, 12)      [3] []
    807     0x0000F180       0xFFFFFF80      0x00019F80         (0, 0, 14)      [1, 2, 3, 4, 5, 6, 9, 10] []
    808     0x0000DE00       0xFFFFFF80      0x00000008         (0, 0, 11)      [] [W]
    809     0x00002880       0xFFFFFF80      0x00080002         (0, 0, 5)      [13] [NE]
    810     0x0001CA80       0xFFFFFF80      0x00000001         (0, 1, 9)      [] [E]
    811     0x00010080       0xFFFFFF80      0x007FE03B         (0, 1, 0)      [7, 8, 9, 10, 11, 12, 13, 14, 15, 16] [E, NE, W, SW, S]
    812     0x0000BD00       0xFFFFFF80      0x00000003         (0, 0, 7)      [] [E, NE]
    813     0x00011F80       0xFFFFFF80      0x00100000         (0, 1, 3)      [14] []
    814     0x00023480       0xFFFFFF80      0x00000008         (0, 2, 6)      [] [W]
    815     0x0003B000       0xFFFFFF00      0x00000020         (0, 3, 6)      [] [S]
    816     0x00012900       0xFFFFFF80      0x00000408         (0, 1, 5)      [4] [W]
    817     0x00017800       0xFFFFFF80      0x00000008         (0, 1, 15)      [] [W]
    818     0x00019580       0xFFFFFF80      0x00000002         (0, 1, 2)      [] [NE]
    819     0x00005680       0xFFFFFF80      0x0000000A         (0, 0, 10)      [] [NE, W]
    820     0x00045600       0xFFFFFF00      0x00000008         (0, 4, 10)      [] [W]
    821     0x00044300       0xFFFFFF00      0x00000800         (0, 4, 8)      [5] []
    822     0x0000A380       0xFFFFFF80      0x00000008         (0, 0, 4)      [] [W]
    823     0x0001C800       0xFFFFFF80      0x00000001         (0, 1, 9)      [] [E]
    824     0x0000A000       0xFFFFFF80      0x00000008         (0, 0, 4)      [] [W]
    825     0x00010480       0xFFFFFF80      0x007FE021         (0, 1, 0)      [7, 8, 9, 10, 11, 12, 13, 14, 15, 16] [E, S]
    826     0x00008C00       0xFFFFFF80      0x00008000         (0, 0, 1)      [9] []
    827     0x00020000       0xFFFFFF80      0x00001000         (0, 2, 0)      [6] []
    828     0x00007280       0xFFFFFF80      0x00400002         (0, 0, 14)      [16] [NE]
    829     0x00010880       0xFFFFFF80      0x007FE021         (0, 1, 1)      [7, 8, 9, 10, 11, 12, 13, 14, 15, 16] [E, S]
    830     0x00015880       0xFFFFFF80      0x00200000         (0, 1, 11)      [15] []
    831     0x00044600       0xFFFFFF00      0x00004000         (0, 4, 8)      [8] []
    832     0x00004700       0xFFFFFF80      0x00400003         (0, 0, 8)      [16] [E, NE]
    833     0x00019C00       0xFFFFFF80      0x00000080         (0, 1, 3)      [1] []
    834     0x00001980       0xFFFFFF80      0x00040002         (0, 0, 3)      [12] [NE]
    835     0x00019280       0xFFFFFF80      0x00000410         (0, 1, 2)      [4] [SW]
    836     0x00007E00       0xFFFFFF80      0x00010001         (0, 0, 15)      [10] [E]
    837     0x00011D80       0xFFFFFF80      0x00010000         (0, 1, 3)      [10] []
    838     0x00009100       0xFFFFFF80      0x00000008         (0, 0, 2)      [] [W]
    839     0x00000A00       0xFFFFFF80      0x00010000         (0, 0, 1)      [10] []
    840     0x00016180       0xFFFFFF80      0x00000408         (0, 1, 12)      [4] [W]
    841     0x0000DF00       0xFFFFFF80      0x00000088         (0, 0, 11)      [1] [W]
    842     0x00019D80       0xFFFFFF80      0x00000400         (0, 1, 3)      [4] []
    843     0x00007F00       0xFFFFFF80      0x00040001         (0, 0, 15)      [12] [E]
    844     0x00013E80       0xFFFFFF80      0x00000008         (0, 1, 7)      [] [W]
    845     0x00006380       0xFFFFFF80      0x00200002         (0, 0, 12)      [15] [NE]
    846     0x00010980       0xFFFFFF80      0x007FE021         (0, 1, 1)      [7, 8, 9, 10, 11, 12, 13, 14, 15, 16] [E, S]
    847     0x00020300       0xFFFFFF80      0x00000401         (0, 2, 0)      [4] [E]
    848     0x00003400       0xFFFFFF80      0x00002000         (0, 0, 6)      [7] []
    849     0x00024180       0xFFFFFF80      0x00000080         (0, 2, 8)      [1] []
    850     0x00045800       0xFFFFFF00      0x00000008         (0, 4, 11)      [] [W]
    851     0x0000F700       0xFFFFFF80      0x00001F88         (0, 0, 14)      [1, 2, 3, 4, 5, 6] [W]
    852     0x00000880       0xFFFFFF80      0x00002000         (0, 0, 1)      [7] []
