router contains 75 entries 
 
  Index   Key(hex)    Mask(hex)    Route(hex)    Src. Core -> [Cores][Links]
------------------------------------------------------------------------------
    0     0x00024100       0xFFFFFF80      0x000000A1         (0, 2, 8)      [1] [E, S]
    1     0x0001D900       0xFFFFFF80      0x00000008         (0, 1, 11)      [] [W]
    2     0x0001D980       0xFFFFFF80      0x00000008         (0, 1, 11)      [] [W]
    3     0x00023900       0xFFFFFF80      0x00100008         (0, 2, 7)      [14] [W]
    4     0x00023300       0xFFFFFF80      0x00000008         (0, 2, 6)      [] [W]
    5     0x00024380       0xFFFFFF80      0x00001021         (0, 2, 8)      [6] [E, S]
    6     0x00023E00       0xFFFFFF80      0x00000021         (0, 2, 7)      [] [E, S]
    7     0x0001E700       0xFFFFFF80      0x00000008         (0, 1, 12)      [] [W]
    8     0x0004BC00       0xFFFFFF00      0x00000020         (0, 4, 7)      [] [S]
    9     0x00023480       0xFFFFFF80      0x00000008         (0, 2, 6)      [] [W]
    10     0x00023700       0xFFFFFF80      0x00000008         (0, 2, 6)      [] [W]
    11     0x00024480       0xFFFFFF80      0x00004021         (0, 2, 8)      [8] [E, S]
    12     0x0004C000       0xFFFFFF00      0x00000020         (0, 4, 8)      [] [S]
    13     0x0004BD00       0xFFFFFF00      0x00000020         (0, 4, 7)      [] [S]
    14     0x00023A00       0xFFFFFF80      0x00400000         (0, 2, 7)      [16] []
    15     0x00023780       0xFFFFFF80      0x00000008         (0, 2, 6)      [] [W]
    16     0x00023680       0xFFFFFF80      0x00000008         (0, 2, 6)      [] [W]
    17     0x00023D00       0xFFFFFF80      0x00000021         (0, 2, 7)      [] [E, S]
    18     0x00023F80       0xFFFFFF80      0x00000021         (0, 2, 7)      [] [E, S]
    19     0x0004B800       0xFFFFFF00      0x00000020         (0, 4, 7)      [] [S]
    20     0x00023880       0xFFFFFF80      0x00080008         (0, 2, 7)      [13] [W]
    21     0x0001CA00       0xFFFFFF80      0x00000008         (0, 1, 9)      [] [W]
    22     0x0004BB00       0xFFFFFF00      0x00000020         (0, 4, 7)      [] [S]
    23     0x00024600       0xFFFFFF80      0x00020001         (0, 2, 8)      [11] [E]
    24     0x00021E80       0xFFFFFF80      0x0003FF80         (0, 2, 3)      [1, 2, 3, 4, 5, 6, 7, 8, 9, 10, 11] []
    25     0x00023800       0xFFFFFF80      0x00040008         (0, 2, 7)      [12] [W]
    26     0x00021880       0xFFFFFF80      0x00000008         (0, 2, 3)      [] [W]
    27     0x00021900       0xFFFFFF80      0x00000008         (0, 2, 3)      [] [W]
    28     0x0001E080       0xFFFFFF80      0x00000008         (0, 1, 12)      [] [W]
    29     0x0004C200       0xFFFFFF00      0x00000020         (0, 4, 8)      [] [S]
    30     0x00024200       0xFFFFFF80      0x00000221         (0, 2, 8)      [3] [E, S]
    31     0x00024580       0xFFFFFF80      0x00010001         (0, 2, 8)      [10] [E]
    32     0x00023400       0xFFFFFF80      0x00000008         (0, 2, 6)      [] [W]
    33     0x0004C100       0xFFFFFF00      0x00000020         (0, 4, 8)      [] [S]
    34     0x00024500       0xFFFFFF80      0x00008021         (0, 2, 8)      [9] [E, S]
    35     0x00008600       0xFFFFFF80      0x00000021         (0, 0, 0)      [] [E, S]
    36     0x00023F00       0xFFFFFF80      0x00000021         (0, 2, 7)      [] [E, S]
    37     0x00015E00       0xFFFFFF80      0x00000008         (0, 1, 11)      [] [W]
    38     0x00023600       0xFFFFFF80      0x00000008         (0, 2, 6)      [] [W]
    39     0x00008680       0xFFFFFF80      0x00000021         (0, 0, 0)      [] [E, S]
    40     0x0004BA00       0xFFFFFF00      0x00000020         (0, 4, 7)      [] [S]
    41     0x0004B300       0xFFFFFF00      0x00000004         (0, 4, 6)      [] [N]
    42     0x00024080       0xFFFFFF80      0x00000021         (0, 2, 8)      [] [E, S]
    43     0x00024280       0xFFFFFF80      0x00000421         (0, 2, 8)      [4] [E, S]
    44     0x00023280       0xFFFFFF80      0x00000008         (0, 2, 6)      [] [W]
    45     0x00023580       0xFFFFFF80      0x00000008         (0, 2, 6)      [] [W]
    46     0x00021F00       0xFFFFFF80      0x00FC0000         (0, 2, 3)      [12, 13, 14, 15, 16, 17] []
    47     0x0004B900       0xFFFFFF00      0x00000020         (0, 4, 7)      [] [S]
    48     0x00024400       0xFFFFFF80      0x00002021         (0, 2, 8)      [7] [E, S]
    49     0x0004BF00       0xFFFFFF00      0x00000020         (0, 4, 7)      [] [S]
    50     0x00023380       0xFFFFFF80      0x00000008         (0, 2, 6)      [] [W]
    51     0x00015E80       0xFFFFFF80      0x00000008         (0, 1, 11)      [] [W]
    52     0x0004B400       0xFFFFFF00      0x00000004         (0, 4, 6)      [] [N]
    53     0x0001D200       0xFFFFFF80      0x00000008         (0, 1, 10)      [] [W]
    54     0x00023D80       0xFFFFFF80      0x00000021         (0, 2, 7)      [] [E, S]
    55     0x00023980       0xFFFFFF80      0x00200000         (0, 2, 7)      [15] []
    56     0x00023E80       0xFFFFFF80      0x00000021         (0, 2, 7)      [] [E, S]
    57     0x0001AF00       0xFFFFFF80      0x00000008         (0, 1, 5)      [] [W]
    58     0x00024000       0xFFFFFF80      0x00000021         (0, 2, 8)      [] [E, S]
    59     0x0004B200       0xFFFFFF00      0x00000004         (0, 4, 6)      [] [N]
    60     0x0001C980       0xFFFFFF80      0x00000008         (0, 1, 9)      [] [W]
    61     0x00024180       0xFFFFFF80      0x00000121         (0, 2, 8)      [2] [E, S]
    62     0x0004B600       0xFFFFFF00      0x00000020         (0, 4, 6)      [] [S]
    63     0x0004B500       0xFFFFFF00      0x00000020         (0, 4, 6)      [] [S]
    64     0x0001AE80       0xFFFFFF80      0x00000008         (0, 1, 5)      [] [W]
    65     0x00021700       0xFFFFFF80      0x00000008         (0, 2, 2)      [] [W]
    66     0x00021580       0xFFFFFF80      0x00000008         (0, 2, 2)      [] [W]
    67     0x00023A80       0xFFFFFF80      0x00800000         (0, 2, 7)      [17] []
    68     0x00023500       0xFFFFFF80      0x00000008         (0, 2, 6)      [] [W]
    69     0x00024300       0xFFFFFF80      0x00000821         (0, 2, 8)      [5] [E, S]
    70     0x0004B700       0xFFFFFF00      0x00000020         (0, 4, 6)      [] [S]
    71     0x00023200       0xFFFFFF80      0x00000008         (0, 2, 6)      [] [W]
    72     0x0001D180       0xFFFFFF80      0x00000008         (0, 1, 10)      [] [W]
    73     0x0001E000       0xFFFFFF80      0x00000008         (0, 1, 12)      [] [W]
    74     0x0004BE00       0xFFFFFF00      0x00000020         (0, 4, 7)      [] [S]
