router contains 627 entries 
 
  Index   Key(hex)    Mask(hex)    Route(hex)    Src. Core -> [Cores][Links]
------------------------------------------------------------------------------
    0     0x00001900       0xFFFFFF80      0x00F00C00         (0, 0, 3)      [4, 5, 14, 15, 16, 17] []
    1     0x00015780       0xFFFFFF80      0x00002000         (0, 1, 10)      [7] []
    2     0x0000D580       0xFFFFFF80      0x00000800         (0, 0, 10)      [5] []
    3     0x00011580       0xFFFFFF80      0x00000008         (0, 1, 2)      [] [W]
    4     0x00001A00       0xFFFFFF80      0x00F03000         (0, 0, 3)      [6, 7, 14, 15, 16, 17] []
    5     0x00022E80       0xFFFFFF80      0x00200000         (0, 2, 5)      [15] []
    6     0x00012780       0xFFFFFF80      0x00000008         (0, 1, 4)      [] [W]
    7     0x0002A700       0xFFFFFF00      0x00000002         (0, 2, 4)      [] [NE]
    8     0x00005E80       0xFFFFFF80      0x00000008         (0, 0, 11)      [] [W]
    9     0x00008880       0xFFFFFF80      0x00000008         (0, 0, 1)      [] [W]
    10     0x00030C00       0xFFFFFF00      0x00000002         (0, 3, 1)      [] [NE]
    11     0x00000800       0xFFFFFF80      0x000FFF81         (0, 0, 1)      [1, 2, 3, 4, 5, 6, 7, 8, 9, 10, 11, 12, 13] [E]
    12     0x00005200       0xFFFFFF80      0x00000200         (0, 0, 10)      [3] []
    13     0x00013C00       0xFFFFFF80      0x00002000         (0, 1, 7)      [7] []
    14     0x00000400       0xFFFFFF80      0x000FFF81         (0, 0, 0)      [1, 2, 3, 4, 5, 6, 7, 8, 9, 10, 11, 12, 13] [E]
    15     0x00006180       0xFFFFFF80      0x00000800         (0, 0, 12)      [5] []
    16     0x00002E80       0xFFFFFF80      0x00000008         (0, 0, 5)      [] [W]
    17     0x0000CF00       0xFFFFFF80      0x00000008         (0, 0, 9)      [] [W]
    18     0x00007F80       0xFFFFFF80      0x00002000         (0, 0, 15)      [7] []
    19     0x00004E00       0xFFFFFF80      0x00000008         (0, 0, 9)      [] [W]
    20     0x00025800       0xFFFFFF00      0x00000080         (0, 2, 11)      [1] []
    21     0x0000B780       0xFFFFFF80      0x00000200         (0, 0, 6)      [3] []
    22     0x00006400       0xFFFFFF80      0x00010000         (0, 0, 12)      [10] []
    23     0x0000CA00       0xFFFFFF80      0x00020000         (0, 0, 9)      [11] []
    24     0x00012F00       0xFFFFFF80      0x00010000         (0, 1, 5)      [10] []
    25     0x0000F180       0xFFFFFF80      0x00000200         (0, 0, 14)      [3] []
    26     0x0000C780       0xFFFFFF80      0x00001000         (0, 0, 8)      [6] []
    27     0x00016780       0xFFFFFF80      0x00080000         (0, 1, 12)      [13] []
    28     0x00025B00       0xFFFFFF00      0x00000400         (0, 2, 11)      [4] []
    29     0x00009000       0xFFFFFF80      0x00020000         (0, 0, 2)      [11] []
    30     0x00002880       0xFFFFFF80      0x00002000         (0, 0, 5)      [7] []
    31     0x00024580       0xFFFFFF80      0x00000008         (0, 2, 8)      [] [W]
    32     0x00025C00       0xFFFFFF00      0x00000800         (0, 2, 11)      [5] []
    33     0x00011300       0xFFFFFF80      0x00040000         (0, 1, 2)      [12] []
    34     0x00025D00       0xFFFFFF00      0x00001000         (0, 2, 11)      [6] []
    35     0x00016680       0xFFFFFF80      0x00020000         (0, 1, 12)      [11] []
    36     0x00011680       0xFFFFFF80      0x00000008         (0, 1, 2)      [] [W]
    37     0x0000F080       0xFFFFFF80      0x00000080         (0, 0, 14)      [1] []
    38     0x00013580       0xFFFFFF80      0x00000008         (0, 1, 6)      [] [W]
    39     0x00025E00       0xFFFFFF00      0x00002000         (0, 2, 11)      [7] []
    40     0x00023B80       0xFFFFFF80      0x00040000         (0, 2, 7)      [12] []
    41     0x0000F480       0xFFFFFF80      0x00008000         (0, 0, 14)      [9] []
    42     0x00009080       0xFFFFFF80      0x00040008         (0, 0, 2)      [12] [W]
    43     0x00014C80       0xFFFFFF80      0x00040000         (0, 1, 9)      [12] []
    44     0x00010E80       0xFFFFFF80      0x00000200         (0, 1, 1)      [3] []
    45     0x00002A80       0xFFFFFF80      0x00020000         (0, 0, 5)      [11] []
    46     0x00001680       0xFFFFFF80      0x00F00000         (0, 0, 2)      [16, 17, 14, 15] []
    47     0x0000F100       0xFFFFFF80      0x00000100         (0, 0, 14)      [2] []
    48     0x00013D80       0xFFFFFF80      0x00010000         (0, 1, 7)      [10] []
    49     0x00017800       0xFFFFFF80      0x00000008         (0, 1, 15)      [] [W]
    50     0x00012600       0xFFFFFF80      0x00000008         (0, 1, 4)      [] [W]
    51     0x00011C80       0xFFFFFF80      0x00000008         (0, 1, 3)      [] [W]
    52     0x0000CB00       0xFFFFFF80      0x00080008         (0, 0, 9)      [13] [W]
    53     0x00004680       0xFFFFFF80      0x00008000         (0, 0, 8)      [9] []
    54     0x0001C180       0xFFFFFF80      0x00000001         (0, 1, 8)      [] [E]
    55     0x00008980       0xFFFFFF80      0x00000008         (0, 0, 1)      [] [W]
    56     0x0002A900       0xFFFFFF00      0x00000002         (0, 2, 5)      [] [NE]
    57     0x00012900       0xFFFFFF80      0x00000008         (0, 1, 5)      [] [W]
    58     0x0000D600       0xFFFFFF80      0x00001000         (0, 0, 10)      [6] []
    59     0x00023300       0xFFFFFF80      0x00000001         (0, 2, 6)      [] [E]
    60     0x00008C80       0xFFFFFF80      0x00000400         (0, 0, 1)      [4] []
    61     0x0000BC00       0xFFFFFF80      0x00040000         (0, 0, 7)      [12] []
    62     0x0000E580       0xFFFFFF80      0x00004000         (0, 0, 12)      [8] []
    63     0x00002D00       0xFFFFFF80      0x00400008         (0, 0, 5)      [16] [W]
    64     0x00013400       0xFFFFFF80      0x00000008         (0, 1, 6)      [] [W]
    65     0x0000AB00       0xFFFFFF80      0x00002000         (0, 0, 5)      [7] []
    66     0x00023680       0xFFFFFF80      0x00000101         (0, 2, 6)      [2] [E]
    67     0x0002A600       0xFFFFFF00      0x00000002         (0, 2, 4)      [] [NE]
    68     0x00012B80       0xFFFFFF80      0x00000008         (0, 1, 5)      [] [W]
    69     0x0000E780       0xFFFFFF80      0x00040008         (0, 0, 12)      [12] [W]
    70     0x0000D900       0xFFFFFF80      0x00040008         (0, 0, 11)      [12] [W]
    71     0x00011E80       0xFFFFFF80      0x00001000         (0, 1, 3)      [6] []
    72     0x0000CD80       0xFFFFFF80      0x00000008         (0, 0, 9)      [] [W]
    73     0x00005000       0xFFFFFF80      0x00000008         (0, 0, 10)      [] [W]
    74     0x0000A580       0xFFFFFF80      0x00000008         (0, 0, 4)      [] [W]
    75     0x00004780       0xFFFFFF80      0x00020000         (0, 0, 8)      [11] []
    76     0x00023200       0xFFFFFF80      0x00000001         (0, 2, 6)      [] [E]
    77     0x0000A680       0xFFFFFF80      0x00000008         (0, 0, 4)      [] [W]
    78     0x0000D380       0xFFFFFF80      0x00000080         (0, 0, 10)      [1] []
    79     0x00017680       0xFFFFFF80      0x00000008         (0, 1, 14)      [] [W]
    80     0x00010080       0xFFFFFF80      0x00000400         (0, 1, 0)      [4] []
    81     0x0000CC00       0xFFFFFF80      0x00000008         (0, 0, 9)      [] [W]
    82     0x00018000       0xFFFFFF80      0x00080000         (0, 1, 0)      [13] []
    83     0x00017400       0xFFFFFF80      0x00080008         (0, 1, 14)      [13] [W]
    84     0x00008780       0xFFFFFF80      0x00000008         (0, 0, 0)      [] [W]
    85     0x0000DF00       0xFFFFFF80      0x00000008         (0, 0, 11)      [] [W]
    86     0x0000D400       0xFFFFFF80      0x00000100         (0, 0, 10)      [2] []
    87     0x00000580       0xFFFFFF80      0x000FFF81         (0, 0, 0)      [1, 2, 3, 4, 5, 6, 7, 8, 9, 10, 11, 12, 13] [E]
    88     0x00001E80       0xFFFFFF80      0x00600000         (0, 0, 3)      [16, 15] []
    89     0x00011880       0xFFFFFF80      0x00000008         (0, 1, 3)      [] [W]
    90     0x00009800       0xFFFFFF80      0x00000008         (0, 0, 3)      [] [W]
    91     0x00018A80       0xFFFFFF80      0x00020000         (0, 1, 1)      [11] []
    92     0x00003680       0xFFFFFF80      0x00001000         (0, 0, 6)      [6] []
    93     0x00005B00       0xFFFFFF80      0x00000008         (0, 0, 11)      [] [W]
    94     0x00001480       0xFFFFFF80      0x00F00000         (0, 0, 2)      [16, 17, 14, 15] []
    95     0x00018B80       0xFFFFFF80      0x00080000         (0, 1, 1)      [13] []
    96     0x00009B00       0xFFFFFF80      0x00000400         (0, 0, 3)      [4] []
    97     0x0000BA80       0xFFFFFF80      0x00008000         (0, 0, 7)      [9] []
    98     0x00013000       0xFFFFFF80      0x00040008         (0, 1, 6)      [12] [W]
    99     0x00007C80       0xFFFFFF80      0x00000080         (0, 0, 15)      [1] []
    100     0x00002B00       0xFFFFFF80      0x00040008         (0, 0, 5)      [12] [W]
    101     0x00002900       0xFFFFFF80      0x00004000         (0, 0, 5)      [8] []
    102     0x0000B880       0xFFFFFF80      0x00000800         (0, 0, 7)      [5] []
    103     0x00023780       0xFFFFFF80      0x00000401         (0, 2, 6)      [4] [E]
    104     0x00000080       0xFFFFFF80      0x003FFF80         (0, 0, 0)      [1, 2, 3, 4, 5, 6, 7, 8, 9, 10, 11, 12, 13, 14, 15] []
    105     0x0000E900       0xFFFFFF80      0x00000018         (0, 0, 13)      [] [W, SW]
    106     0x0002AB00       0xFFFFFF00      0x00000002         (0, 2, 5)      [] [NE]
    107     0x00024480       0xFFFFFF80      0x00000008         (0, 2, 8)      [] [W]
    108     0x0000DA80       0xFFFFFF80      0x00000008         (0, 0, 11)      [] [W]
    109     0x00001B00       0xFFFFFF80      0x00F0C000         (0, 0, 3)      [8, 9, 14, 15, 16, 17] []
    110     0x00007080       0xFFFFFF80      0x00001000         (0, 0, 14)      [6] []
    111     0x00024100       0xFFFFFF80      0x00000008         (0, 2, 8)      [] [W]
    112     0x00006580       0xFFFFFF80      0x00080000         (0, 0, 12)      [13] []
    113     0x00002C00       0xFFFFFF80      0x00000018         (0, 0, 5)      [] [W, SW]
    114     0x00023A80       0xFFFFFF80      0x00010000         (0, 2, 7)      [10] []
    115     0x0000AD80       0xFFFFFF80      0x00040000         (0, 0, 5)      [12] []
    116     0x00002600       0xFFFFFF80      0x00000100         (0, 0, 4)      [2] []
    117     0x00011100       0xFFFFFF80      0x00004000         (0, 1, 2)      [8] []
    118     0x00017900       0xFFFFFF80      0x00000008         (0, 1, 15)      [] [W]
    119     0x00001F00       0xFFFFFF80      0x00C00000         (0, 0, 3)      [16, 17] []
    120     0x00019600       0xFFFFFF80      0x00040000         (0, 1, 2)      [12] []
    121     0x00012480       0xFFFFFF80      0x00000008         (0, 1, 4)      [] [W]
    122     0x00024500       0xFFFFFF80      0x00000008         (0, 2, 8)      [] [W]
    123     0x00013280       0xFFFFFF80      0x00000008         (0, 1, 6)      [] [W]
    124     0x00022F00       0xFFFFFF80      0x00400000         (0, 2, 5)      [16] []
    125     0x00022E00       0xFFFFFF80      0x00100000         (0, 2, 5)      [14] []
    126     0x00009F00       0xFFFFFF80      0x00040008         (0, 0, 3)      [12] [W]
    127     0x0000E200       0xFFFFFF80      0x00000080         (0, 0, 12)      [1] []
    128     0x00013B00       0xFFFFFF80      0x00000800         (0, 1, 7)      [5] []
    129     0x00023100       0xFFFFFF80      0x00000001         (0, 2, 6)      [] [E]
    130     0x00009580       0xFFFFFF80      0x00000008         (0, 0, 2)      [] [W]
    131     0x00014B80       0xFFFFFF80      0x00010000         (0, 1, 9)      [10] []
    132     0x00012C00       0xFFFFFF80      0x00000400         (0, 1, 5)      [4] []
    133     0x00023500       0xFFFFFF80      0x00000001         (0, 2, 6)      [] [E]
    134     0x00012D00       0xFFFFFF80      0x00001000         (0, 1, 5)      [6] []
    135     0x00023A00       0xFFFFFF80      0x00008001         (0, 2, 7)      [9] [E]
    136     0x00004380       0xFFFFFF80      0x00000200         (0, 0, 8)      [3] []
    137     0x00003000       0xFFFFFF80      0x00000008         (0, 0, 6)      [] [W]
    138     0x0000E080       0xFFFFFF80      0x00000008         (0, 0, 12)      [] [W]
    139     0x00012100       0xFFFFFF80      0x00020000         (0, 1, 4)      [11] []
    140     0x0000DD80       0xFFFFFF80      0x00000008         (0, 0, 11)      [] [W]
    141     0x0000BB00       0xFFFFFF80      0x00010000         (0, 0, 7)      [10] []
    142     0x00013180       0xFFFFFF80      0x00000008         (0, 1, 6)      [] [W]
    143     0x00012000       0xFFFFFF80      0x00008000         (0, 1, 4)      [9] []
    144     0x00008100       0xFFFFFF80      0x00010000         (0, 0, 0)      [10] []
    145     0x00009900       0xFFFFFF80      0x00000008         (0, 0, 3)      [] [W]
    146     0x00003900       0xFFFFFF80      0x00020000         (0, 0, 7)      [11] []
    147     0x00009280       0xFFFFFF80      0x00000008         (0, 0, 2)      [] [W]
    148     0x0000E480       0xFFFFFF80      0x00001000         (0, 0, 12)      [6] []
    149     0x00023880       0xFFFFFF80      0x00001001         (0, 2, 7)      [6] [E]
    150     0x0000EA80       0xFFFFFF80      0x00000018         (0, 0, 13)      [] [W, SW]
    151     0x00001500       0xFFFFFF80      0x00F00000         (0, 0, 2)      [16, 17, 14, 15] []
    152     0x00005A00       0xFFFFFF80      0x00000008         (0, 0, 11)      [] [W]
    153     0x0000D080       0xFFFFFF80      0x00000008         (0, 0, 10)      [] [W]
    154     0x00017F00       0xFFFFFF80      0x00020000         (0, 1, 15)      [11] []
    155     0x00012A00       0xFFFFFF80      0x00000008         (0, 1, 5)      [] [W]
    156     0x0000C680       0xFFFFFF80      0x00000400         (0, 0, 8)      [4] []
    157     0x00009A00       0xFFFFFF80      0x00000100         (0, 0, 3)      [2] []
    158     0x00006080       0xFFFFFF80      0x00000200         (0, 0, 12)      [3] []
    159     0x00024000       0xFFFFFF80      0x00000008         (0, 2, 8)      [] [W]
    160     0x00005780       0xFFFFFF80      0x00000008         (0, 0, 10)      [] [W]
    161     0x00000180       0xFFFFFF80      0x00CFFF80         (0, 0, 0)      [1, 2, 3, 4, 5, 6, 7, 8, 9, 10, 11, 12, 13, 16, 17] []
    162     0x00023180       0xFFFFFF80      0x00000001         (0, 2, 6)      [] [E]
    163     0x00025900       0xFFFFFF00      0x00000100         (0, 2, 11)      [2] []
    164     0x00003480       0xFFFFFF80      0x00000100         (0, 0, 6)      [2] []
    165     0x0000BC80       0xFFFFFF80      0x00080000         (0, 0, 7)      [13] []
    166     0x00007100       0xFFFFFF80      0x00002000         (0, 0, 14)      [7] []
    167     0x00001000       0xFFFFFF80      0x00F0000E         (0, 0, 2)      [16, 17, 14, 15] [NE, N, W]
    168     0x00000700       0xFFFFFF80      0x000FFF81         (0, 0, 0)      [1, 2, 3, 4, 5, 6, 7, 8, 9, 10, 11, 12, 13] [E]
    169     0x0000E280       0xFFFFFF80      0x00000100         (0, 0, 12)      [2] []
    170     0x00001C80       0xFFFFFF80      0x00F60000         (0, 0, 3)      [11, 12, 14, 15, 16, 17] []
    171     0x00006E80       0xFFFFFF80      0x00000100         (0, 0, 13)      [2] []
    172     0x00023600       0xFFFFFF80      0x00000081         (0, 2, 6)      [1] [E]
    173     0x00010100       0xFFFFFF80      0x00000800         (0, 1, 0)      [5] []
    174     0x00002280       0xFFFFFF80      0x00000008         (0, 0, 4)      [] [W]
    175     0x00002480       0xFFFFFF80      0x00000008         (0, 0, 4)      [] [W]
    176     0x0000C800       0xFFFFFF80      0x00002000         (0, 0, 9)      [7] []
    177     0x0000E980       0xFFFFFF80      0x00000018         (0, 0, 13)      [] [W, SW]
    178     0x00010E00       0xFFFFFF80      0x00000100         (0, 1, 1)      [2] []
    179     0x00001280       0xFFFFFF80      0x00F00000         (0, 0, 2)      [16, 17, 14, 15] []
    180     0x00025A00       0xFFFFFF00      0x00000200         (0, 2, 11)      [3] []
    181     0x00005480       0xFFFFFF80      0x00004000         (0, 0, 10)      [8] []
    182     0x0000AA00       0xFFFFFF80      0x00000800         (0, 0, 5)      [5] []
    183     0x00017780       0xFFFFFF80      0x00000008         (0, 1, 14)      [] [W]
    184     0x00016700       0xFFFFFF80      0x00040000         (0, 1, 12)      [12] []
    185     0x00004600       0xFFFFFF80      0x00004000         (0, 0, 8)      [8] []
    186     0x00008A80       0xFFFFFF80      0x00000008         (0, 0, 1)      [] [W]
    187     0x0001A480       0xFFFFFF80      0x00000001         (0, 1, 4)      [] [E]
    188     0x00009A80       0xFFFFFF80      0x00000200         (0, 0, 3)      [3] []
    189     0x00014A00       0xFFFFFF80      0x00002000         (0, 1, 9)      [7] []
    190     0x00001880       0xFFFFFF80      0x00F00600         (0, 0, 3)      [3, 4, 14, 15, 16, 17] []
    191     0x00011380       0xFFFFFF80      0x00080000         (0, 1, 2)      [13] []
    192     0x00000680       0xFFFFFF80      0x000FFF81         (0, 0, 0)      [1, 2, 3, 4, 5, 6, 7, 8, 9, 10, 11, 12, 13] [E]
    193     0x00008F00       0xFFFFFF80      0x00008000         (0, 0, 1)      [9] []
    194     0x00023380       0xFFFFFF80      0x00000001         (0, 2, 6)      [] [E]
    195     0x00009F80       0xFFFFFF80      0x00080018         (0, 0, 3)      [13] [W, SW]
    196     0x00005F80       0xFFFFFF80      0x00000080         (0, 0, 11)      [1] []
    197     0x00013100       0xFFFFFF80      0x00000008         (0, 1, 6)      [] [W]
    198     0x00000000       0xFFFFFF80      0x001FFF80         (0, 0, 0)      [1, 2, 3, 4, 5, 6, 7, 8, 9, 10, 11, 12, 13, 14] []
    199     0x00002780       0xFFFFFF80      0x00000800         (0, 0, 4)      [5] []
    200     0x00005180       0xFFFFFF80      0x00000100         (0, 0, 10)      [2] []
    201     0x0000C980       0xFFFFFF80      0x00010000         (0, 0, 9)      [10] []
    202     0x0000F500       0xFFFFFF80      0x00010000         (0, 0, 14)      [10] []
    203     0x00012080       0xFFFFFF80      0x00010000         (0, 1, 4)      [10] []
    204     0x00011600       0xFFFFFF80      0x00000008         (0, 1, 2)      [] [W]
    205     0x0000F380       0xFFFFFF80      0x00002000         (0, 0, 14)      [7] []
    206     0x00005C00       0xFFFFFF80      0x00000008         (0, 0, 11)      [] [W]
    207     0x0000D200       0xFFFFFF80      0x00000008         (0, 0, 10)      [] [W]
    208     0x00011280       0xFFFFFF80      0x00020000         (0, 1, 2)      [11] []
    209     0x00006480       0xFFFFFF80      0x00020000         (0, 0, 12)      [11] []
    210     0x00012680       0xFFFFFF80      0x00000008         (0, 1, 4)      [] [W]
    211     0x00022F80       0xFFFFFF80      0x00800000         (0, 2, 5)      [17] []
    212     0x0000E800       0xFFFFFF80      0x00080018         (0, 0, 13)      [13] [W, SW]
    213     0x00003700       0xFFFFFF80      0x00002000         (0, 0, 6)      [7] []
    214     0x00012980       0xFFFFFF80      0x00000008         (0, 1, 5)      [] [W]
    215     0x00005380       0xFFFFFF80      0x00001000         (0, 0, 10)      [6] []
    216     0x00008280       0xFFFFFF80      0x00080000         (0, 0, 0)      [13] []
    217     0x00013C80       0xFFFFFF80      0x00004000         (0, 1, 7)      [8] []
    218     0x00007D80       0xFFFFFF80      0x00000200         (0, 0, 15)      [3] []
    219     0x00003580       0xFFFFFF80      0x00000400         (0, 0, 6)      [4] []
    220     0x00010480       0xFFFFFF80      0x00040000         (0, 1, 0)      [12] []
    221     0x00011F00       0xFFFFFF80      0x00002000         (0, 1, 3)      [7] []
    222     0x00009C80       0xFFFFFF80      0x00002000         (0, 0, 3)      [7] []
    223     0x00001980       0xFFFFFF80      0x00F01800         (0, 0, 3)      [5, 6, 14, 15, 16, 17] []
    224     0x00005680       0xFFFFFF80      0x00040008         (0, 0, 10)      [12] [W]
    225     0x00019A00       0xFFFFFF80      0x00000001         (0, 1, 3)      [] [E]
    226     0x00008E00       0xFFFFFF80      0x00002000         (0, 0, 1)      [7] []
    227     0x00006300       0xFFFFFF80      0x00004000         (0, 0, 12)      [8] []
    228     0x0000A280       0xFFFFFF80      0x00000018         (0, 0, 4)      [] [W, SW]
    229     0x0000A100       0xFFFFFF80      0x00000018         (0, 0, 4)      [] [W, SW]
    230     0x00023C00       0xFFFFFF80      0x00080000         (0, 2, 7)      [13] []
    231     0x0000DC00       0xFFFFFF80      0x00000008         (0, 0, 11)      [] [W]
    232     0x0000F300       0xFFFFFF80      0x00001000         (0, 0, 14)      [6] []
    233     0x00003C00       0xFFFFFF80      0x00800000         (0, 0, 7)      [17] []
    234     0x00011700       0xFFFFFF80      0x00000008         (0, 1, 2)      [] [W]
    235     0x00003080       0xFFFFFF80      0x00000008         (0, 0, 6)      [] [W]
    236     0x0000F200       0xFFFFFF80      0x00000400         (0, 0, 14)      [4] []
    237     0x00006F80       0xFFFFFF80      0x00000400         (0, 0, 13)      [4] []
    238     0x00014D00       0xFFFFFF80      0x00080000         (0, 1, 9)      [13] []
    239     0x00008B80       0xFFFFFF80      0x00000100         (0, 0, 1)      [2] []
    240     0x0000D880       0xFFFFFF80      0x00020000         (0, 0, 11)      [11] []
    241     0x00017280       0xFFFFFF80      0x00010000         (0, 1, 14)      [10] []
    242     0x00009D00       0xFFFFFF80      0x00004000         (0, 0, 3)      [8] []
    243     0x00009680       0xFFFFFF80      0x00000008         (0, 0, 2)      [] [W]
    244     0x0000BB80       0xFFFFFF80      0x00020000         (0, 0, 7)      [11] []
    245     0x0000CB80       0xFFFFFF80      0x00000008         (0, 0, 9)      [] [W]
    246     0x00005D00       0xFFFFFF80      0x00000008         (0, 0, 11)      [] [W]
    247     0x00004300       0xFFFFFF80      0x00000100         (0, 0, 8)      [2] []
    248     0x00008000       0xFFFFFF80      0x00004000         (0, 0, 0)      [8] []
    249     0x00008B00       0xFFFFFF80      0x00000080         (0, 0, 1)      [1] []
    250     0x00006100       0xFFFFFF80      0x00000400         (0, 0, 12)      [4] []
    251     0x00000A00       0xFFFFFF80      0x000FFF9F         (0, 0, 1)      [1, 2, 3, 4, 5, 6, 7, 8, 9, 10, 11, 12, 13] [E, NE, N, W, SW]
    252     0x0000A380       0xFFFFFF80      0x00000018         (0, 0, 4)      [] [W, SW]
    253     0x00024180       0xFFFFFF80      0x00000008         (0, 2, 8)      [] [W]
    254     0x00000480       0xFFFFFF80      0x000FFF81         (0, 0, 0)      [1, 2, 3, 4, 5, 6, 7, 8, 9, 10, 11, 12, 13] [E]
    255     0x00008F80       0xFFFFFF80      0x00010000         (0, 0, 1)      [10] []
    256     0x0000C700       0xFFFFFF80      0x00000800         (0, 0, 8)      [5] []
    257     0x00023B00       0xFFFFFF80      0x00020000         (0, 2, 7)      [11] []
    258     0x00002400       0xFFFFFF80      0x00000008         (0, 0, 4)      [] [W]
    259     0x00030B00       0xFFFFFF00      0x00000002         (0, 3, 1)      [] [NE]
    260     0x00017F80       0xFFFFFF80      0x00040000         (0, 1, 15)      [12] []
    261     0x0000AE00       0xFFFFFF80      0x00080000         (0, 0, 5)      [13] []
    262     0x00011080       0xFFFFFF80      0x00002000         (0, 1, 2)      [7] []
    263     0x00013480       0xFFFFFF80      0x00000008         (0, 1, 6)      [] [W]
    264     0x00016600       0xFFFFFF80      0x00010000         (0, 1, 12)      [10] []
    265     0x00005800       0xFFFFFF80      0x00000008         (0, 0, 11)      [] [W]
    266     0x00006E00       0xFFFFFF80      0x00000080         (0, 0, 13)      [1] []
    267     0x0000CF80       0xFFFFFF80      0x00000008         (0, 0, 9)      [] [W]
    268     0x00012800       0xFFFFFF80      0x00000008         (0, 1, 5)      [] [W]
    269     0x00017980       0xFFFFFF80      0x00000008         (0, 1, 15)      [] [W]
    270     0x00001A80       0xFFFFFF80      0x00F06000         (0, 0, 3)      [7, 8, 14, 15, 16, 17] []
    271     0x00002C80       0xFFFFFF80      0x00000018         (0, 0, 5)      [] [W, SW]
    272     0x00017700       0xFFFFFF80      0x00000008         (0, 1, 14)      [] [W]
    273     0x00012F80       0xFFFFFF80      0x00020000         (0, 1, 5)      [11] []
    274     0x00023D00       0xFFFFFF80      0x00000008         (0, 2, 7)      [] [W]
    275     0x0000E380       0xFFFFFF80      0x00000400         (0, 0, 12)      [4] []
    276     0x0000CC80       0xFFFFFF80      0x00000008         (0, 0, 9)      [] [W]
    277     0x00012A80       0xFFFFFF80      0x00000008         (0, 1, 5)      [] [W]
    278     0x00012200       0xFFFFFF80      0x00080008         (0, 1, 4)      [13] [W]
    279     0x00017880       0xFFFFFF80      0x00000008         (0, 1, 15)      [] [W]
    280     0x0000A880       0xFFFFFF80      0x00000100         (0, 0, 5)      [2] []
    281     0x00014A80       0xFFFFFF80      0x00004000         (0, 1, 9)      [8] []
    282     0x00004700       0xFFFFFF80      0x00010000         (0, 0, 8)      [10] []
    283     0x0000AD00       0xFFFFFF80      0x00020000         (0, 0, 5)      [11] []
    284     0x00000D80       0xFFFFFF80      0x000FFF9E         (0, 0, 1)      [1, 2, 3, 4, 5, 6, 7, 8, 9, 10, 11, 12, 13] [NE, N, W, SW]
    285     0x00009480       0xFFFFFF80      0x00000008         (0, 0, 2)      [] [W]
    286     0x00008080       0xFFFFFF80      0x00008000         (0, 0, 0)      [9] []
    287     0x00023400       0xFFFFFF80      0x00000001         (0, 2, 6)      [] [E]
    288     0x00008C00       0xFFFFFF80      0x00000200         (0, 0, 1)      [3] []
    289     0x00010200       0xFFFFFF80      0x00002000         (0, 1, 0)      [7] []
    290     0x00006380       0xFFFFFF80      0x00008000         (0, 0, 12)      [9] []
    291     0x00001780       0xFFFFFF80      0x00F00180         (0, 0, 2)      [1, 2, 14, 15, 16, 17] []
    292     0x0000DE00       0xFFFFFF80      0x00000008         (0, 0, 11)      [] [W]
    293     0x0001B880       0xFFFFFF80      0x00000001         (0, 1, 7)      [] [E]
    294     0x0000F280       0xFFFFFF80      0x00000800         (0, 0, 14)      [5] []
    295     0x00008800       0xFFFFFF80      0x00000008         (0, 0, 1)      [] [W]
    296     0x0000A800       0xFFFFFF80      0x00000080         (0, 0, 5)      [1] []
    297     0x00004480       0xFFFFFF80      0x00000800         (0, 0, 8)      [5] []
    298     0x0000BA00       0xFFFFFF80      0x00004000         (0, 0, 7)      [8] []
    299     0x0000DB00       0xFFFFFF80      0x00000008         (0, 0, 11)      [] [W]
    300     0x00004800       0xFFFFFF80      0x00040000         (0, 0, 9)      [12] []
    301     0x00003800       0xFFFFFF80      0x00008000         (0, 0, 7)      [9] []
    302     0x00015A00       0xFFFFFF80      0x00040000         (0, 1, 11)      [12] []
    303     0x00007380       0xFFFFFF80      0x00040000         (0, 0, 14)      [12] []
    304     0x0000F600       0xFFFFFF80      0x00040000         (0, 0, 14)      [12] []
    305     0x00017580       0xFFFFFF80      0x00000008         (0, 1, 14)      [] [W]
    306     0x0000D300       0xFFFFFF80      0x00000008         (0, 0, 10)      [] [W]
    307     0x0001B800       0xFFFFFF80      0x00000001         (0, 1, 7)      [] [E]
    308     0x00013300       0xFFFFFF80      0x00000008         (0, 1, 6)      [] [W]
    309     0x00019680       0xFFFFFF80      0x00080000         (0, 1, 2)      [13] []
    310     0x00012500       0xFFFFFF80      0x00000008         (0, 1, 4)      [] [W]
    311     0x0000A500       0xFFFFFF80      0x00000008         (0, 0, 4)      [] [W]
    312     0x0000CE00       0xFFFFFF80      0x00000008         (0, 0, 9)      [] [W]
    313     0x00001D80       0xFFFFFF80      0x00F80000         (0, 0, 3)      [16, 17, 13, 14, 15] []
    314     0x00001700       0xFFFFFF80      0x00F00080         (0, 0, 2)      [16, 17, 15, 14, 1] []
    315     0x00004C80       0xFFFFFF80      0x00000008         (0, 0, 9)      [] [W]
    316     0x00023E80       0xFFFFFF80      0x00000008         (0, 2, 7)      [] [W]
    317     0x0000AC80       0xFFFFFF80      0x00010000         (0, 0, 5)      [10] []
    318     0x0000EA00       0xFFFFFF80      0x00000018         (0, 0, 13)      [] [W, SW]
    319     0x00003980       0xFFFFFF80      0x00040000         (0, 0, 7)      [12] []
    320     0x00003600       0xFFFFFF80      0x00000800         (0, 0, 6)      [5] []
    321     0x00012400       0xFFFFFF80      0x00000008         (0, 1, 4)      [] [W]
    322     0x00000600       0xFFFFFF80      0x000FFF81         (0, 0, 0)      [1, 2, 3, 4, 5, 6, 7, 8, 9, 10, 11, 12, 13] [E]
    323     0x00000100       0xFFFFFF80      0x006FFF80         (0, 0, 0)      [1, 2, 3, 4, 5, 6, 7, 8, 9, 10, 11, 12, 13, 15, 16] []
    324     0x0000A700       0xFFFFFF80      0x00000008         (0, 0, 4)      [] [W]
    325     0x0002A800       0xFFFFFF00      0x00000002         (0, 2, 5)      [] [NE]
    326     0x00013200       0xFFFFFF80      0x00000008         (0, 1, 6)      [] [W]
    327     0x00002D80       0xFFFFFF80      0x00800008         (0, 0, 5)      [17] [W]
    328     0x00009780       0xFFFFFF80      0x00000008         (0, 0, 2)      [] [W]
    329     0x00007000       0xFFFFFF80      0x00000800         (0, 0, 14)      [5] []
    330     0x00005700       0xFFFFFF80      0x00080008         (0, 0, 10)      [13] [W]
    331     0x00023480       0xFFFFFF80      0x00000001         (0, 2, 6)      [] [E]
    332     0x00001580       0xFFFFFF80      0x00F00000         (0, 0, 2)      [16, 17, 14, 15] []
    333     0x0000DF80       0xFFFFFF80      0x00000008         (0, 0, 11)      [] [W]
    334     0x0002AA00       0xFFFFFF00      0x00000002         (0, 2, 5)      [] [NE]
    335     0x0000C600       0xFFFFFF80      0x00000200         (0, 0, 8)      [3] []
    336     0x00008180       0xFFFFFF80      0x00020000         (0, 0, 0)      [11] []
    337     0x00009300       0xFFFFFF80      0x00000008         (0, 0, 2)      [] [W]
    338     0x00005880       0xFFFFFF80      0x00000008         (0, 0, 11)      [] [W]
    339     0x00009500       0xFFFFFF80      0x00000008         (0, 0, 2)      [] [W]
    340     0x0000A180       0xFFFFFF80      0x00000018         (0, 0, 4)      [] [W, SW]
    341     0x00002500       0xFFFFFF80      0x00000008         (0, 0, 4)      [] [W]
    342     0x00002B80       0xFFFFFF80      0x00080018         (0, 0, 5)      [13] [W, SW]
    343     0x00000E80       0xFFFFFF80      0x000FFF9E         (0, 0, 1)      [1, 2, 3, 4, 5, 6, 7, 8, 9, 10, 11, 12, 13] [NE, N, W, SW]
    344     0x0000E180       0xFFFFFF80      0x00000008         (0, 0, 12)      [] [W]
    345     0x00004D80       0xFFFFFF80      0x00000008         (0, 0, 9)      [] [W]
    346     0x00011200       0xFFFFFF80      0x00010000         (0, 1, 2)      [10] []
    347     0x00026000       0xFFFFFF00      0x00008000         (0, 2, 12)      [9] []
    348     0x00005980       0xFFFFFF80      0x00000008         (0, 0, 11)      [] [W]
    349     0x0000A600       0xFFFFFF80      0x00000008         (0, 0, 4)      [] [W]
    350     0x00010380       0xFFFFFF80      0x00010000         (0, 1, 0)      [10] []
    351     0x0000A900       0xFFFFFF80      0x00000200         (0, 0, 5)      [3] []
    352     0x00002E00       0xFFFFFF80      0x00000008         (0, 0, 5)      [] [W]
    353     0x0000D780       0xFFFFFF80      0x00008000         (0, 0, 10)      [9] []
    354     0x00006200       0xFFFFFF80      0x00001000         (0, 0, 12)      [6] []
    355     0x00002680       0xFFFFFF80      0x00000200         (0, 0, 4)      [3] []
    356     0x0001A100       0xFFFFFF80      0x00080000         (0, 1, 4)      [13] []
    357     0x00013F00       0xFFFFFF80      0x00080000         (0, 1, 7)      [13] []
    358     0x00005600       0xFFFFFF80      0x00020000         (0, 0, 10)      [11] []
    359     0x00003A00       0xFFFFFF80      0x00080000         (0, 0, 7)      [13] []
    360     0x00001080       0xFFFFFF80      0x00F0000E         (0, 0, 2)      [16, 17, 14, 15] [NE, N, W]
    361     0x00001100       0xFFFFFF80      0x00F00000         (0, 0, 2)      [16, 17, 14, 15] []
    362     0x00002800       0xFFFFFF80      0x00001000         (0, 0, 5)      [6] []
    363     0x00014B00       0xFFFFFF80      0x00008000         (0, 1, 9)      [9] []
    364     0x00000C00       0xFFFFFF80      0x000FFF9F         (0, 0, 1)      [1, 2, 3, 4, 5, 6, 7, 8, 9, 10, 11, 12, 13] [E, NE, N, W, SW]
    365     0x00015A80       0xFFFFFF80      0x00080000         (0, 1, 11)      [13] []
    366     0x00008900       0xFFFFFF80      0x00000008         (0, 0, 1)      [] [W]
    367     0x00030D00       0xFFFFFF00      0x00000002         (0, 3, 1)      [] [NE]
    368     0x00004F00       0xFFFFFF80      0x00000008         (0, 0, 9)      [] [W]
    369     0x00005F00       0xFFFFFF80      0x00000008         (0, 0, 11)      [] [W]
    370     0x00017E80       0xFFFFFF80      0x00010000         (0, 1, 15)      [10] []
    371     0x00009880       0xFFFFFF80      0x00000008         (0, 0, 3)      [] [W]
    372     0x0000B700       0xFFFFFF80      0x00000100         (0, 0, 6)      [2] []
    373     0x00030E00       0xFFFFFF00      0x00000002         (0, 3, 1)      [] [NE]
    374     0x00012380       0xFFFFFF80      0x00000008         (0, 1, 4)      [] [W]
    375     0x00002180       0xFFFFFF80      0x00000008         (0, 0, 4)      [] [W]
    376     0x00000280       0xFFFFFF80      0x000FFF80         (0, 0, 0)      [1, 2, 3, 4, 5, 6, 7, 8, 9, 10, 11, 12, 13] []
    377     0x00017300       0xFFFFFF80      0x00020000         (0, 1, 14)      [11] []
    378     0x00016500       0xFFFFFF80      0x00004000         (0, 1, 12)      [8] []
    379     0x00001F80       0xFFFFFF80      0x00800000         (0, 0, 3)      [17] []
    380     0x00000980       0xFFFFFF80      0x000FFF9F         (0, 0, 1)      [1, 2, 3, 4, 5, 6, 7, 8, 9, 10, 11, 12, 13] [E, NE, N, W, SW]
    381     0x00004E80       0xFFFFFF80      0x00000008         (0, 0, 9)      [] [W]
    382     0x00015900       0xFFFFFF80      0x00010000         (0, 1, 11)      [10] []
    383     0x00011780       0xFFFFFF80      0x00000008         (0, 1, 2)      [] [W]
    384     0x00031000       0xFFFFFF00      0x00000002         (0, 3, 2)      [] [NE]
    385     0x00000380       0xFFFFFF80      0x000FFF81         (0, 0, 0)      [1, 2, 3, 4, 5, 6, 7, 8, 9, 10, 11, 12, 13] [E]
    386     0x0000A300       0xFFFFFF80      0x00000018         (0, 0, 4)      [] [W, SW]
    387     0x00030500       0xFFFFFF00      0x00000002         (0, 3, 0)      [] [NE]
    388     0x00009B80       0xFFFFFF80      0x00000800         (0, 0, 3)      [5] []
    389     0x00001180       0xFFFFFF80      0x00F00000         (0, 0, 2)      [16, 17, 14, 15] []
    390     0x00026300       0xFFFFFF00      0x00040000         (0, 2, 12)      [12] []
    391     0x00003180       0xFFFFFF80      0x00000008         (0, 0, 6)      [] [W]
    392     0x0000E600       0xFFFFFF80      0x00008000         (0, 0, 12)      [9] []
    393     0x00005300       0xFFFFFF80      0x00000800         (0, 0, 10)      [5] []
    394     0x00003880       0xFFFFFF80      0x00010000         (0, 0, 7)      [10] []
    395     0x00003400       0xFFFFFF80      0x00000080         (0, 0, 6)      [1] []
    396     0x00029D00       0xFFFFFF00      0x00000002         (0, 2, 3)      [] [NE]
    397     0x0000D500       0xFFFFFF80      0x00000400         (0, 0, 10)      [4] []
    398     0x00007400       0xFFFFFF80      0x00080000         (0, 0, 14)      [13] []
    399     0x00007F00       0xFFFFFF80      0x00001000         (0, 0, 15)      [6] []
    400     0x00010500       0xFFFFFF80      0x00080000         (0, 1, 0)      [13] []
    401     0x00008680       0xFFFFFF80      0x00000008         (0, 0, 0)      [] [W]
    402     0x0000E400       0xFFFFFF80      0x00000800         (0, 0, 12)      [5] []
    403     0x00001300       0xFFFFFF80      0x00F00000         (0, 0, 2)      [16, 17, 14, 15] []
    404     0x00007E00       0xFFFFFF80      0x00000400         (0, 0, 15)      [4] []
    405     0x00000780       0xFFFFFF80      0x000FFF81         (0, 0, 0)      [1, 2, 3, 4, 5, 6, 7, 8, 9, 10, 11, 12, 13] [E]
    406     0x00008E80       0xFFFFFF80      0x00004000         (0, 0, 1)      [8] []
    407     0x0000E500       0xFFFFFF80      0x00002000         (0, 0, 12)      [7] []
    408     0x00029F00       0xFFFFFF00      0x00000002         (0, 2, 3)      [] [NE]
    409     0x00004C00       0xFFFFFF80      0x00000008         (0, 0, 9)      [] [W]
    410     0x00009100       0xFFFFFF80      0x00080008         (0, 0, 2)      [13] [W]
    411     0x0002A000       0xFFFFFF00      0x00000002         (0, 2, 4)      [] [NE]
    412     0x00005900       0xFFFFFF80      0x00000008         (0, 0, 11)      [] [W]
    413     0x00012880       0xFFFFFF80      0x00000008         (0, 1, 5)      [] [W]
    414     0x00023700       0xFFFFFF80      0x00000201         (0, 2, 6)      [3] [E]
    415     0x0002A100       0xFFFFFF00      0x00000002         (0, 2, 4)      [] [NE]
    416     0x0001C100       0xFFFFFF80      0x00000001         (0, 1, 8)      [] [E]
    417     0x00000300       0xFFFFFF80      0x000FFF80         (0, 0, 0)      [1, 2, 3, 4, 5, 6, 7, 8, 9, 10, 11, 12, 13] []
    418     0x00011E00       0xFFFFFF80      0x00000800         (0, 1, 3)      [5] []
    419     0x0000DC80       0xFFFFFF80      0x00000008         (0, 0, 11)      [] [W]
    420     0x00026500       0xFFFFFF00      0x00100000         (0, 2, 12)      [14] []
    421     0x00021480       0xFFFFFF80      0x000FFFA0         (0, 2, 2)      [1, 2, 3, 4, 5, 6, 7, 8, 9, 10, 11, 12, 13] [S]
    422     0x00010F00       0xFFFFFF80      0x00000400         (0, 1, 1)      [4] []
    423     0x00015880       0xFFFFFF80      0x00008000         (0, 1, 11)      [9] []
    424     0x00012E80       0xFFFFFF80      0x00008000         (0, 1, 5)      [9] []
    425     0x00002580       0xFFFFFF80      0x00000080         (0, 0, 4)      [1] []
    426     0x0002A300       0xFFFFFF00      0x00000002         (0, 2, 4)      [] [NE]
    427     0x0000AB80       0xFFFFFF80      0x00004000         (0, 0, 5)      [8] []
    428     0x0002A400       0xFFFFFF00      0x00000002         (0, 2, 4)      [] [NE]
    429     0x0000E680       0xFFFFFF80      0x00010000         (0, 0, 12)      [10] []
    430     0x00005E00       0xFFFFFF80      0x00000008         (0, 0, 11)      [] [W]
    431     0x0002A500       0xFFFFFF00      0x00000002         (0, 2, 4)      [] [NE]
    432     0x00030F00       0xFFFFFF00      0x00000002         (0, 3, 1)      [] [NE]
    433     0x00021500       0xFFFFFF80      0x00F00020         (0, 2, 2)      [16, 17, 14, 15] [S]
    434     0x00002980       0xFFFFFF80      0x00008000         (0, 0, 5)      [9] []
    435     0x00009180       0xFFFFFF80      0x00000008         (0, 0, 2)      [] [W]
    436     0x00016580       0xFFFFFF80      0x00008000         (0, 1, 12)      [9] []
    437     0x0000A080       0xFFFFFF80      0x00000018         (0, 0, 4)      [] [W, SW]
    438     0x00015980       0xFFFFFF80      0x00020000         (0, 1, 11)      [11] []
    439     0x00024080       0xFFFFFF80      0x00000008         (0, 2, 8)      [] [W]
    440     0x0000F680       0xFFFFFF80      0x00080000         (0, 0, 14)      [13] []
    441     0x0000A980       0xFFFFFF80      0x00000400         (0, 0, 5)      [4] []
    442     0x00011500       0xFFFFFF80      0x00000008         (0, 1, 2)      [] [W]
    443     0x00000500       0xFFFFFF80      0x000FFF81         (0, 0, 0)      [1, 2, 3, 4, 5, 6, 7, 8, 9, 10, 11, 12, 13] [E]
    444     0x0000B680       0xFFFFFF80      0x00000080         (0, 0, 6)      [1] []
    445     0x0000DB80       0xFFFFFF80      0x00000008         (0, 0, 11)      [] [W]
    446     0x00012C80       0xFFFFFF80      0x00000800         (0, 1, 5)      [5] []
    447     0x00001C00       0xFFFFFF80      0x00F30000         (0, 0, 3)      [10, 11, 14, 15, 16, 17] []
    448     0x00030700       0xFFFFFF00      0x00000002         (0, 3, 0)      [] [NE]
    449     0x00006280       0xFFFFFF80      0x00002000         (0, 0, 12)      [7] []
    450     0x00001400       0xFFFFFF80      0x00F00000         (0, 0, 2)      [16, 17, 14, 15] []
    451     0x00013500       0xFFFFFF80      0x00000008         (0, 1, 6)      [] [W]
    452     0x0000D800       0xFFFFFF80      0x00010000         (0, 0, 11)      [10] []
    453     0x00008600       0xFFFFFF80      0x00000008         (0, 0, 0)      [] [W]
    454     0x00000D00       0xFFFFFF80      0x000FFF9E         (0, 0, 1)      [1, 2, 3, 4, 5, 6, 7, 8, 9, 10, 11, 12, 13] [NE, N, W, SW]
    455     0x00017200       0xFFFFFF80      0x00008000         (0, 1, 14)      [9] []
    456     0x00008A00       0xFFFFFF80      0x00000008         (0, 0, 1)      [] [W]
    457     0x0000B900       0xFFFFFF80      0x00001000         (0, 0, 7)      [6] []
    458     0x00023800       0xFFFFFF80      0x00000801         (0, 2, 7)      [5] [E]
    459     0x0000C900       0xFFFFFF80      0x00008000         (0, 0, 9)      [9] []
    460     0x00023F00       0xFFFFFF80      0x00000008         (0, 2, 7)      [] [W]
    461     0x0000D000       0xFFFFFF80      0x00000008         (0, 0, 10)      [] [W]
    462     0x00013380       0xFFFFFF80      0x00000008         (0, 1, 6)      [] [W]
    463     0x0000CE80       0xFFFFFF80      0x00000008         (0, 0, 9)      [] [W]
    464     0x00000A80       0xFFFFFF80      0x000FFF9F         (0, 0, 1)      [1, 2, 3, 4, 5, 6, 7, 8, 9, 10, 11, 12, 13] [E, NE, N, W, SW]
    465     0x00017600       0xFFFFFF80      0x00000008         (0, 1, 14)      [] [W]
    466     0x00009980       0xFFFFFF80      0x00000080         (0, 0, 3)      [1] []
    467     0x00012280       0xFFFFFF80      0x00000008         (0, 1, 4)      [] [W]
    468     0x00026800       0xFFFFFF00      0x00800000         (0, 2, 13)      [17] []
    469     0x00010280       0xFFFFFF80      0x00004000         (0, 1, 0)      [8] []
    470     0x00004500       0xFFFFFF80      0x00001000         (0, 0, 8)      [6] []
    471     0x00013B80       0xFFFFFF80      0x00001000         (0, 1, 7)      [6] []
    472     0x00011000       0xFFFFFF80      0x00001000         (0, 1, 2)      [6] []
    473     0x0000CD00       0xFFFFFF80      0x00000008         (0, 0, 9)      [] [W]
    474     0x00008D00       0xFFFFFF80      0x00000800         (0, 0, 1)      [5] []
    475     0x00017380       0xFFFFFF80      0x00040008         (0, 1, 14)      [12] [W]
    476     0x0000D680       0xFFFFFF80      0x00002000         (0, 0, 10)      [7] []
    477     0x0000FF00       0xFFFFFF80      0x00000080         (0, 0, 15)      [1] []
    478     0x00005500       0xFFFFFF80      0x00008000         (0, 0, 10)      [9] []
    479     0x00009E00       0xFFFFFF80      0x00010000         (0, 0, 3)      [10] []
    480     0x00013600       0xFFFFFF80      0x00000008         (0, 1, 6)      [] [W]
    481     0x00007300       0xFFFFFF80      0x00020000         (0, 0, 14)      [11] []
    482     0x00030300       0xFFFFFF00      0x00000002         (0, 3, 0)      [] [NE]
    483     0x00025F00       0xFFFFFF00      0x00004000         (0, 2, 11)      [8] []
    484     0x00001600       0xFFFFFF80      0x00F00000         (0, 0, 2)      [16, 17, 14, 15] []
    485     0x0000A200       0xFFFFFF80      0x00000018         (0, 0, 4)      [] [W, SW]
    486     0x0000DE80       0xFFFFFF80      0x00000008         (0, 0, 11)      [] [W]
    487     0x00009C00       0xFFFFFF80      0x00001000         (0, 0, 3)      [6] []
    488     0x0000AC00       0xFFFFFF80      0x00008000         (0, 0, 5)      [9] []
    489     0x00030400       0xFFFFFF00      0x00000002         (0, 3, 0)      [] [NE]
    490     0x00026100       0xFFFFFF00      0x00010000         (0, 2, 12)      [10] []
    491     0x00009380       0xFFFFFF80      0x00000008         (0, 0, 2)      [] [W]
    492     0x0000B800       0xFFFFFF80      0x00000400         (0, 0, 7)      [4] []
    493     0x00026200       0xFFFFFF00      0x00020000         (0, 2, 12)      [11] []
    494     0x00013E00       0xFFFFFF80      0x00020000         (0, 1, 7)      [11] []
    495     0x0000E000       0xFFFFFF80      0x00000008         (0, 0, 12)      [] [W]
    496     0x0000D480       0xFFFFFF80      0x00000200         (0, 0, 10)      [3] []
    497     0x00026400       0xFFFFFF00      0x00080000         (0, 2, 12)      [13] []
    498     0x00008700       0xFFFFFF80      0x00000008         (0, 0, 0)      [] [W]
    499     0x00023980       0xFFFFFF80      0x00004001         (0, 2, 7)      [8] [E]
    500     0x00030600       0xFFFFFF00      0x00000002         (0, 3, 0)      [] [NE]
    501     0x00019A80       0xFFFFFF80      0x00000001         (0, 1, 3)      [] [E]
    502     0x00017500       0xFFFFFF80      0x00000008         (0, 1, 14)      [] [W]
    503     0x00007280       0xFFFFFF80      0x00010000         (0, 0, 14)      [10] []
    504     0x00026600       0xFFFFFF00      0x00200000         (0, 2, 12)      [15] []
    505     0x00006F00       0xFFFFFF80      0x00000200         (0, 0, 13)      [3] []
    506     0x00012580       0xFFFFFF80      0x00000008         (0, 1, 4)      [] [W]
    507     0x00005400       0xFFFFFF80      0x00002000         (0, 0, 10)      [7] []
    508     0x00007D00       0xFFFFFF80      0x00000100         (0, 0, 15)      [2] []
    509     0x00026700       0xFFFFFF00      0x00400000         (0, 2, 12)      [16] []
    510     0x00009400       0xFFFFFF80      0x00000008         (0, 0, 2)      [] [W]
    511     0x00000B80       0xFFFFFF80      0x000FFF9F         (0, 0, 1)      [1, 2, 3, 4, 5, 6, 7, 8, 9, 10, 11, 12, 13] [E, NE, N, W, SW]
    512     0x00015800       0xFFFFFF80      0x00004000         (0, 1, 11)      [8] []
    513     0x00030800       0xFFFFFF00      0x00000002         (0, 3, 1)      [] [NE]
    514     0x00012700       0xFFFFFF80      0x00000008         (0, 1, 4)      [] [W]
    515     0x0000A400       0xFFFFFF80      0x00000018         (0, 0, 4)      [] [W, SW]
    516     0x00012B00       0xFFFFFF80      0x00000008         (0, 1, 5)      [] [W]
    517     0x00011D00       0xFFFFFF80      0x00000200         (0, 1, 3)      [3] []
    518     0x00010000       0xFFFFFF80      0x00000200         (0, 1, 0)      [3] []
    519     0x00000E00       0xFFFFFF80      0x000FFF9E         (0, 0, 1)      [1, 2, 3, 4, 5, 6, 7, 8, 9, 10, 11, 12, 13] [NE, N, W, SW]
    520     0x00030900       0xFFFFFF00      0x00000002         (0, 3, 1)      [] [NE]
    521     0x00005080       0xFFFFFF80      0x00000008         (0, 0, 10)      [] [W]
    522     0x0000A000       0xFFFFFF80      0x00000018         (0, 0, 4)      [] [W, SW]
    523     0x00024600       0xFFFFFF80      0x00000008         (0, 2, 8)      [] [W]
    524     0x00001D00       0xFFFFFF80      0x00FC0000         (0, 0, 3)      [12, 13, 14, 15, 16, 17] []
    525     0x00030A00       0xFFFFFF00      0x00000002         (0, 3, 1)      [] [NE]
    526     0x00013080       0xFFFFFF80      0x00080008         (0, 1, 6)      [13] [W]
    527     0x00014980       0xFFFFFF80      0x00001000         (0, 1, 9)      [6] []
    528     0x0000A780       0xFFFFFF80      0x00000008         (0, 0, 4)      [] [W]
    529     0x00005100       0xFFFFFF80      0x00000080         (0, 0, 10)      [1] []
    530     0x00023900       0xFFFFFF80      0x00002001         (0, 2, 7)      [7] [E]
    531     0x0000B980       0xFFFFFF80      0x00002000         (0, 0, 7)      [7] []
    532     0x00029E00       0xFFFFFF00      0x00000002         (0, 2, 3)      [] [NE]
    533     0x0000F580       0xFFFFFF80      0x00020000         (0, 0, 14)      [11] []
    534     0x00005C80       0xFFFFFF80      0x00000008         (0, 0, 11)      [] [W]
    535     0x00008D80       0xFFFFFF80      0x00001000         (0, 0, 1)      [6] []
    536     0x00003500       0xFFFFFF80      0x00000200         (0, 0, 6)      [3] []
    537     0x00000B00       0xFFFFFF80      0x000FFF9F         (0, 0, 1)      [1, 2, 3, 4, 5, 6, 7, 8, 9, 10, 11, 12, 13] [E, NE, N, W, SW]
    538     0x00012180       0xFFFFFF80      0x00040008         (0, 1, 4)      [12] [W]
    539     0x00004880       0xFFFFFF80      0x00080000         (0, 0, 9)      [13] []
    540     0x0000E300       0xFFFFFF80      0x00000200         (0, 0, 12)      [3] []
    541     0x00002300       0xFFFFFF80      0x00000008         (0, 0, 4)      [] [W]
    542     0x00001E00       0xFFFFFF80      0x00300000         (0, 0, 3)      [14, 15] []
    543     0x00005A80       0xFFFFFF80      0x00000008         (0, 0, 11)      [] [W]
    544     0x00002700       0xFFFFFF80      0x00000400         (0, 0, 4)      [4] []
    545     0x0000CA80       0xFFFFFF80      0x00040008         (0, 0, 9)      [12] [W]
    546     0x00012D80       0xFFFFFF80      0x00002000         (0, 1, 5)      [7] []
    547     0x00023D80       0xFFFFFF80      0x00000008         (0, 2, 7)      [] [W]
    548     0x00011180       0xFFFFFF80      0x00008000         (0, 1, 2)      [9] []
    549     0x00004400       0xFFFFFF80      0x00000400         (0, 0, 8)      [4] []
    550     0x00006500       0xFFFFFF80      0x00040000         (0, 0, 12)      [12] []
    551     0x0000AA80       0xFFFFFF80      0x00001000         (0, 0, 5)      [6] []
    552     0x0000A480       0xFFFFFF80      0x00000018         (0, 0, 4)      [] [W, SW]
    553     0x00005280       0xFFFFFF80      0x00000400         (0, 0, 10)      [4] []
    554     0x00003780       0xFFFFFF80      0x00004000         (0, 0, 6)      [8] []
    555     0x0000C580       0xFFFFFF80      0x00000100         (0, 0, 8)      [2] []
    556     0x00017480       0xFFFFFF80      0x00000008         (0, 1, 14)      [] [W]
    557     0x00000F00       0xFFFFFF80      0x00F0000C         (0, 0, 1)      [16, 17, 14, 15] [N, W]
    558     0x00005D80       0xFFFFFF80      0x00000008         (0, 0, 11)      [] [W]
    559     0x00002F80       0xFFFFFF80      0x00000008         (0, 0, 5)      [] [W]
    560     0x00000880       0xFFFFFF80      0x000FFF8F         (0, 0, 1)      [1, 2, 3, 4, 5, 6, 7, 8, 9, 10, 11, 12, 13] [E, NE, N, W]
    561     0x00010F80       0xFFFFFF80      0x00000800         (0, 1, 1)      [5] []
    562     0x0000FF80       0xFFFFFF80      0x00000100         (0, 0, 15)      [2] []
    563     0x00005B80       0xFFFFFF80      0x00000008         (0, 0, 11)      [] [W]
    564     0x00000900       0xFFFFFF80      0x000FFF9F         (0, 0, 1)      [1, 2, 3, 4, 5, 6, 7, 8, 9, 10, 11, 12, 13] [E, NE, N, W, SW]
    565     0x00001800       0xFFFFFF80      0x00F00300         (0, 0, 3)      [2, 3, 14, 15, 16, 17] []
    566     0x00000200       0xFFFFFF80      0x008FFF80         (0, 0, 0)      [1, 2, 3, 4, 5, 6, 7, 8, 9, 10, 11, 12, 13, 17] []
    567     0x00002F00       0xFFFFFF80      0x00000008         (0, 0, 5)      [] [W]
    568     0x00011800       0xFFFFFF80      0x00000008         (0, 1, 3)      [] [W]
    569     0x00007E80       0xFFFFFF80      0x00000800         (0, 0, 15)      [5] []
    570     0x00010400       0xFFFFFF80      0x00020000         (0, 1, 0)      [11] []
    571     0x00012300       0xFFFFFF80      0x00000008         (0, 1, 4)      [] [W]
    572     0x0000DD00       0xFFFFFF80      0x00000008         (0, 0, 11)      [] [W]
    573     0x00007180       0xFFFFFF80      0x00004000         (0, 0, 14)      [8] []
    574     0x0000F400       0xFFFFFF80      0x00004000         (0, 0, 14)      [8] []
    575     0x00014C00       0xFFFFFF80      0x00020000         (0, 1, 9)      [11] []
    576     0x00009200       0xFFFFFF80      0x00000008         (0, 0, 2)      [] [W]
    577     0x00007200       0xFFFFFF80      0x00008000         (0, 0, 14)      [9] []
    578     0x00009D80       0xFFFFFF80      0x00008000         (0, 0, 3)      [9] []
    579     0x00000F80       0xFFFFFF80      0x00F0000C         (0, 0, 1)      [16, 17, 14, 15] [N, W]
    580     0x00018B00       0xFFFFFF80      0x00040000         (0, 1, 1)      [12] []
    581     0x0000C500       0xFFFFFF80      0x00000080         (0, 0, 8)      [1] []
    582     0x00000C80       0xFFFFFF80      0x000FFF9F         (0, 0, 1)      [1, 2, 3, 4, 5, 6, 7, 8, 9, 10, 11, 12, 13] [E, NE, N, W, SW]
    583     0x0000C880       0xFFFFFF80      0x00004000         (0, 0, 9)      [8] []
    584     0x00023280       0xFFFFFF80      0x00000001         (0, 2, 6)      [] [E]
    585     0x00004280       0xFFFFFF80      0x00000080         (0, 0, 8)      [1] []
    586     0x00011900       0xFFFFFF80      0x00000008         (0, 1, 3)      [] [W]
    587     0x0000DA00       0xFFFFFF80      0x00000008         (0, 0, 11)      [] [W]
    588     0x0000E700       0xFFFFFF80      0x00020000         (0, 0, 12)      [11] []
    589     0x00011C00       0xFFFFFF80      0x00000008         (0, 1, 3)      [] [W]
    590     0x00001380       0xFFFFFF80      0x00F00000         (0, 0, 2)      [16, 17, 14, 15] []
    591     0x00023F80       0xFFFFFF80      0x00000008         (0, 2, 7)      [] [W]
    592     0x00009600       0xFFFFFF80      0x00000008         (0, 0, 2)      [] [W]
    593     0x00011D80       0xFFFFFF80      0x00000400         (0, 1, 3)      [4] []
    594     0x00023E00       0xFFFFFF80      0x00000008         (0, 2, 7)      [] [W]
    595     0x00012E00       0xFFFFFF80      0x00004000         (0, 1, 5)      [8] []
    596     0x00009700       0xFFFFFF80      0x00000008         (0, 0, 2)      [] [W]
    597     0x00010300       0xFFFFFF80      0x00008000         (0, 1, 0)      [9] []
    598     0x00004580       0xFFFFFF80      0x00002000         (0, 0, 8)      [7] []
    599     0x00002380       0xFFFFFF80      0x00000008         (0, 0, 4)      [] [W]
    600     0x00013E80       0xFFFFFF80      0x00040000         (0, 1, 7)      [12] []
    601     0x0002A200       0xFFFFFF00      0x00000002         (0, 2, 4)      [] [NE]
    602     0x0000D700       0xFFFFFF80      0x00004000         (0, 0, 10)      [8] []
    603     0x00002200       0xFFFFFF80      0x00000008         (0, 0, 4)      [] [W]
    604     0x00001B80       0xFFFFFF80      0x00F18000         (0, 0, 3)      [9, 10, 14, 15, 16, 17] []
    605     0x00008200       0xFFFFFF80      0x00040000         (0, 0, 0)      [12] []
    606     0x00005580       0xFFFFFF80      0x00010000         (0, 0, 10)      [10] []
    607     0x0000E100       0xFFFFFF80      0x00000008         (0, 0, 12)      [] [W]
    608     0x0000D280       0xFFFFFF80      0x00000008         (0, 0, 10)      [] [W]
    609     0x00009E80       0xFFFFFF80      0x00020000         (0, 0, 3)      [11] []
    610     0x00001200       0xFFFFFF80      0x00F00000         (0, 0, 2)      [16, 17, 14, 15] []
    611     0x00002A00       0xFFFFFF80      0x00010000         (0, 0, 5)      [10] []
    612     0x00004F80       0xFFFFFF80      0x00000008         (0, 0, 9)      [] [W]
    613     0x00030000       0xFFFFFF00      0x00000002         (0, 3, 0)      [] [NE]
    614     0x00003200       0xFFFFFF80      0x00000008         (0, 0, 6)      [] [W]
    615     0x00013D00       0xFFFFFF80      0x00008000         (0, 1, 7)      [9] []
    616     0x00010180       0xFFFFFF80      0x00001000         (0, 1, 0)      [6] []
    617     0x00003100       0xFFFFFF80      0x00000008         (0, 0, 6)      [] [W]
    618     0x00004D00       0xFFFFFF80      0x00000008         (0, 0, 9)      [] [W]
    619     0x00030100       0xFFFFFF00      0x00000002         (0, 3, 0)      [] [NE]
    620     0x0000D980       0xFFFFFF80      0x00080008         (0, 0, 11)      [13] [W]
    621     0x00006000       0xFFFFFF80      0x00000100         (0, 0, 12)      [2] []
    622     0x00023580       0xFFFFFF80      0x00000001         (0, 2, 6)      [] [E]
    623     0x00030200       0xFFFFFF00      0x00000002         (0, 3, 0)      [] [NE]
    624     0x00011F80       0xFFFFFF80      0x00004000         (0, 1, 3)      [8] []
    625     0x0000E880       0xFFFFFF80      0x00000018         (0, 0, 13)      [] [W, SW]
    626     0x00029C00       0xFFFFFF00      0x00000002         (0, 2, 3)      [] [NE]
