router contains 259 entries 
 
  Index   Key(hex)    Mask(hex)    Route(hex)    Src. Core -> [Cores][Links]
------------------------------------------------------------------------------
    0     0x00016400       0xFFFFFF80      0x00000020         (0, 1, 12)      [] [S]
    1     0x00019880       0xFFFFFF80      0x00000008         (0, 1, 3)      [] [W]
    2     0x0001DD80       0xFFFFFF80      0x0000000C         (0, 1, 11)      [] [N, W]
    3     0x00016D80       0xFFFFFF80      0x00000001         (0, 1, 13)      [] [E]
    4     0x00060400       0xFFFFFF00      0x00000020         (0, 6, 0)      [] [S]
    5     0x0001FC80       0xFFFFFF80      0x00000008         (0, 1, 15)      [] [W]
    6     0x00020500       0xFFFFFF80      0x00000008         (0, 2, 0)      [] [W]
    7     0x00017580       0xFFFFFF80      0x00000001         (0, 1, 14)      [] [E]
    8     0x00004880       0xFFFFFF80      0x00000008         (0, 0, 9)      [] [W]
    9     0x00016300       0xFFFFFF80      0x00000020         (0, 1, 12)      [] [S]
    10     0x0001AD00       0xFFFFFF80      0x00000008         (0, 1, 5)      [] [W]
    11     0x0000C900       0xFFFFFF80      0x00000008         (0, 0, 9)      [] [W]
    12     0x0001DE80       0xFFFFFF80      0x0000000C         (0, 1, 11)      [] [N, W]
    13     0x0001E280       0xFFFFFF80      0x00000008         (0, 1, 12)      [] [W]
    14     0x0001E780       0xFFFFFF80      0x00000008         (0, 1, 12)      [] [W]
    15     0x00004680       0xFFFFFF80      0x00000008         (0, 0, 8)      [] [W]
    16     0x00019B00       0xFFFFFF80      0x00000008         (0, 1, 3)      [] [W]
    17     0x00052D00       0xFFFFFF00      0x00000008         (0, 5, 5)      [] [W]
    18     0x0001C700       0xFFFFFF80      0x00000008         (0, 1, 8)      [] [W]
    19     0x00024580       0xFFFFFF80      0x00000001         (0, 2, 8)      [] [E]
    20     0x00012A80       0xFFFFFF80      0x00000021         (0, 1, 5)      [] [E, S]
    21     0x0001B480       0xFFFFFF80      0x00000008         (0, 1, 6)      [] [W]
    22     0x0001CF00       0xFFFFFF80      0x00000008         (0, 1, 9)      [] [W]
    23     0x0001FF00       0xFFFFFF80      0x00000008         (0, 1, 15)      [] [W]
    24     0x0001D800       0xFFFFFF80      0x00000004         (0, 1, 11)      [] [N]
    25     0x00019780       0xFFFFFF80      0x00000008         (0, 1, 2)      [] [W]
    26     0x00017A00       0xFFFFFF80      0x00000021         (0, 1, 15)      [] [E, S]
    27     0x0001AC80       0xFFFFFF80      0x00000008         (0, 1, 5)      [] [W]
    28     0x0001E700       0xFFFFFF80      0x00000008         (0, 1, 12)      [] [W]
    29     0x0001FB00       0xFFFFFF80      0x00000008         (0, 1, 15)      [] [W]
    30     0x0001DD00       0xFFFFFF80      0x0000000C         (0, 1, 11)      [] [N, W]
    31     0x00020B00       0xFFFFFF80      0x0000000C         (0, 2, 1)      [] [N, W]
    32     0x00020280       0xFFFFFF80      0x00000008         (0, 2, 0)      [] [W]
    33     0x0001B380       0xFFFFFF80      0x00000008         (0, 1, 6)      [] [W]
    34     0x0001AC00       0xFFFFFF80      0x00000008         (0, 1, 5)      [] [W]
    35     0x00017A80       0xFFFFFF80      0x00000020         (0, 1, 15)      [] [S]
    36     0x00008380       0xFFFFFF80      0x00000008         (0, 0, 0)      [] [W]
    37     0x0001C980       0xFFFFFF80      0x00000008         (0, 1, 9)      [] [W]
    38     0x00060300       0xFFFFFF00      0x00000020         (0, 6, 0)      [] [S]
    39     0x00053200       0xFFFFFF00      0x00000008         (0, 5, 6)      [] [W]
    40     0x00020E80       0xFFFFFF80      0x0000000C         (0, 2, 1)      [] [N, W]
    41     0x0000C200       0xFFFFFF80      0x00000008         (0, 0, 8)      [] [W]
    42     0x00016280       0xFFFFFF80      0x00000020         (0, 1, 12)      [] [S]
    43     0x0001D500       0xFFFFFF80      0x00000008         (0, 1, 10)      [] [W]
    44     0x00008500       0xFFFFFF80      0x00000008         (0, 0, 0)      [] [W]
    45     0x00012780       0xFFFFFF80      0x00000021         (0, 1, 4)      [] [E, S]
    46     0x00008580       0xFFFFFF80      0x00000008         (0, 0, 0)      [] [W]
    47     0x00024600       0xFFFFFF80      0x00000001         (0, 2, 8)      [] [E]
    48     0x00016C80       0xFFFFFF80      0x00000001         (0, 1, 13)      [] [E]
    49     0x00008300       0xFFFFFF80      0x00000008         (0, 0, 0)      [] [W]
    50     0x00008100       0xFFFFFF80      0x00000008         (0, 0, 0)      [] [W]
    51     0x0001D780       0xFFFFFF80      0x00000008         (0, 1, 10)      [] [W]
    52     0x00021000       0xFFFFFF80      0x0000000C         (0, 2, 2)      [] [N, W]
    53     0x00019680       0xFFFFFF80      0x00000008         (0, 1, 2)      [] [W]
    54     0x0001E800       0xFFFFFF80      0x00000008         (0, 1, 13)      [] [W]
    55     0x0001A680       0xFFFFFF80      0x00000008         (0, 1, 4)      [] [W]
    56     0x0001FF80       0xFFFFFF80      0x00000008         (0, 1, 15)      [] [W]
    57     0x0001D200       0xFFFFFF80      0x00000008         (0, 1, 10)      [] [W]
    58     0x0000C280       0xFFFFFF80      0x00000008         (0, 0, 8)      [] [W]
    59     0x00017480       0xFFFFFF80      0x00000001         (0, 1, 14)      [] [E]
    60     0x00024180       0xFFFFFF80      0x00000003         (0, 2, 8)      [] [E, NE]
    61     0x00020B80       0xFFFFFF80      0x0000000C         (0, 2, 1)      [] [N, W]
    62     0x00004900       0xFFFFFF80      0x00000008         (0, 0, 9)      [] [W]
    63     0x00004700       0xFFFFFF80      0x00000008         (0, 0, 8)      [] [W]
    64     0x0001D600       0xFFFFFF80      0x00000008         (0, 1, 10)      [] [W]
    65     0x0001AE00       0xFFFFFF80      0x00000008         (0, 1, 5)      [] [W]
    66     0x00008200       0xFFFFFF80      0x00000008         (0, 0, 0)      [] [W]
    67     0x00021180       0xFFFFFF80      0x0000000C         (0, 2, 2)      [] [N, W]
    68     0x00017680       0xFFFFFF80      0x00000001         (0, 1, 14)      [] [E]
    69     0x0001D900       0xFFFFFF80      0x00000008         (0, 1, 11)      [] [W]
    70     0x00053B00       0xFFFFFF00      0x00000008         (0, 5, 7)      [] [W]
    71     0x00020A00       0xFFFFFF80      0x0000000C         (0, 2, 1)      [] [N, W]
    72     0x00023C80       0xFFFFFF80      0x00000020         (0, 2, 7)      [] [S]
    73     0x00019800       0xFFFFFF80      0x00000008         (0, 1, 3)      [] [W]
    74     0x0001FD00       0xFFFFFF80      0x00000008         (0, 1, 15)      [] [W]
    75     0x0000C180       0xFFFFFF80      0x00000008         (0, 0, 8)      [] [W]
    76     0x00017400       0xFFFFFF80      0x00000001         (0, 1, 14)      [] [E]
    77     0x00021200       0xFFFFFF80      0x0000000C         (0, 2, 2)      [] [N, W]
    78     0x0001C800       0xFFFFFF80      0x00000008         (0, 1, 9)      [] [W]
    79     0x00053300       0xFFFFFF00      0x00000008         (0, 5, 6)      [] [W]
    80     0x00020C80       0xFFFFFF80      0x00000004         (0, 2, 1)      [] [N]
    81     0x00024300       0xFFFFFF80      0x00000001         (0, 2, 8)      [] [E]
    82     0x0001CB00       0xFFFFFF80      0x00000008         (0, 1, 9)      [] [W]
    83     0x0001FE00       0xFFFFFF80      0x00000008         (0, 1, 15)      [] [W]
    84     0x00053100       0xFFFFFF00      0x00000008         (0, 5, 6)      [] [W]
    85     0x00017C80       0xFFFFFF80      0x00000020         (0, 1, 15)      [] [S]
    86     0x00017E00       0xFFFFFF80      0x00000020         (0, 1, 15)      [] [S]
    87     0x00017280       0xFFFFFF80      0x00000001         (0, 1, 14)      [] [E]
    88     0x0001B200       0xFFFFFF80      0x00000008         (0, 1, 6)      [] [W]
    89     0x0001CF80       0xFFFFFF80      0x00000008         (0, 1, 9)      [] [W]
    90     0x0001A600       0xFFFFFF80      0x00000008         (0, 1, 4)      [] [W]
    91     0x00023D80       0xFFFFFF80      0x00000003         (0, 2, 7)      [] [E, NE]
    92     0x0001CD80       0xFFFFFF80      0x00000008         (0, 1, 9)      [] [W]
    93     0x00060500       0xFFFFFF00      0x00000020         (0, 6, 0)      [] [S]
    94     0x0001B580       0xFFFFFF80      0x00000008         (0, 1, 6)      [] [W]
    95     0x00020380       0xFFFFFF80      0x00000008         (0, 2, 0)      [] [W]
    96     0x0001CE80       0xFFFFFF80      0x00000008         (0, 1, 9)      [] [W]
    97     0x0001D680       0xFFFFFF80      0x00000008         (0, 1, 10)      [] [W]
    98     0x0001DB00       0xFFFFFF80      0x00000008         (0, 1, 11)      [] [W]
    99     0x00017D80       0xFFFFFF80      0x00000020         (0, 1, 15)      [] [S]
    100     0x00052B00       0xFFFFFF00      0x00000008         (0, 5, 5)      [] [W]
    101     0x0001CC00       0xFFFFFF80      0x00000008         (0, 1, 9)      [] [W]
    102     0x00017800       0xFFFFFF80      0x00000021         (0, 1, 15)      [] [E, S]
    103     0x0001DB80       0xFFFFFF80      0x00000008         (0, 1, 11)      [] [W]
    104     0x0001E200       0xFFFFFF80      0x00000008         (0, 1, 12)      [] [W]
    105     0x00017C00       0xFFFFFF80      0x00000020         (0, 1, 15)      [] [S]
    106     0x00012980       0xFFFFFF80      0x00000021         (0, 1, 5)      [] [E, S]
    107     0x00021080       0xFFFFFF80      0x0000000C         (0, 2, 2)      [] [N, W]
    108     0x00008480       0xFFFFFF80      0x00000008         (0, 0, 0)      [] [W]
    109     0x00017900       0xFFFFFF80      0x00000021         (0, 1, 15)      [] [E, S]
    110     0x00020780       0xFFFFFF80      0x00000008         (0, 2, 0)      [] [W]
    111     0x00023D00       0xFFFFFF80      0x00000003         (0, 2, 7)      [] [E, NE]
    112     0x00017380       0xFFFFFF80      0x00000001         (0, 1, 14)      [] [E]
    113     0x0001D380       0xFFFFFF80      0x00000008         (0, 1, 10)      [] [W]
    114     0x0001F980       0xFFFFFF80      0x00000008         (0, 1, 15)      [] [W]
    115     0x00052F00       0xFFFFFF00      0x00000008         (0, 5, 5)      [] [W]
    116     0x0001FE80       0xFFFFFF80      0x00000008         (0, 1, 15)      [] [W]
    117     0x00012680       0xFFFFFF80      0x00000021         (0, 1, 4)      [] [E, S]
    118     0x00012600       0xFFFFFF80      0x00000021         (0, 1, 4)      [] [E, S]
    119     0x00017300       0xFFFFFF80      0x00000001         (0, 1, 14)      [] [E]
    120     0x0001A580       0xFFFFFF80      0x00000008         (0, 1, 4)      [] [W]
    121     0x00024400       0xFFFFFF80      0x00000001         (0, 2, 8)      [] [E]
    122     0x0004A100       0xFFFFFF00      0x00000008         (0, 4, 4)      [] [W]
    123     0x0001D700       0xFFFFFF80      0x00000008         (0, 1, 10)      [] [W]
    124     0x0001AB80       0xFFFFFF80      0x00000008         (0, 1, 5)      [] [W]
    125     0x00012800       0xFFFFFF80      0x00000021         (0, 1, 5)      [] [E, S]
    126     0x00017700       0xFFFFFF80      0x00000021         (0, 1, 14)      [] [E, S]
    127     0x0001B000       0xFFFFFF80      0x00000008         (0, 1, 6)      [] [W]
    128     0x0001CE00       0xFFFFFF80      0x00000008         (0, 1, 9)      [] [W]
    129     0x0001D480       0xFFFFFF80      0x00000008         (0, 1, 10)      [] [W]
    130     0x00016380       0xFFFFFF80      0x00000020         (0, 1, 12)      [] [S]
    131     0x00012900       0xFFFFFF80      0x00000021         (0, 1, 5)      [] [E, S]
    132     0x0001D100       0xFFFFFF80      0x00000008         (0, 1, 10)      [] [W]
    133     0x00020F80       0xFFFFFF80      0x0000000C         (0, 2, 1)      [] [N, W]
    134     0x00017600       0xFFFFFF80      0x00000001         (0, 1, 14)      [] [E]
    135     0x00020D80       0xFFFFFF80      0x0000000C         (0, 2, 1)      [] [N, W]
    136     0x0001FB80       0xFFFFFF80      0x00000008         (0, 1, 15)      [] [W]
    137     0x0001F900       0xFFFFFF80      0x00000008         (0, 1, 15)      [] [W]
    138     0x00020C00       0xFFFFFF80      0x0000000C         (0, 2, 1)      [] [N, W]
    139     0x0001D280       0xFFFFFF80      0x00000008         (0, 1, 10)      [] [W]
    140     0x00012A00       0xFFFFFF80      0x00000021         (0, 1, 5)      [] [E, S]
    141     0x00020700       0xFFFFFF80      0x00000008         (0, 2, 0)      [] [W]
    142     0x00060600       0xFFFFFF00      0x00000020         (0, 6, 0)      [] [S]
    143     0x0004A300       0xFFFFFF00      0x00000008         (0, 4, 4)      [] [W]
    144     0x00017B80       0xFFFFFF80      0x00000020         (0, 1, 15)      [] [S]
    145     0x0001DC00       0xFFFFFF80      0x0000000C         (0, 1, 11)      [] [N, W]
    146     0x00017B00       0xFFFFFF80      0x00000020         (0, 1, 15)      [] [S]
    147     0x00053900       0xFFFFFF00      0x00000008         (0, 5, 7)      [] [W]
    148     0x0001D880       0xFFFFFF80      0x00000008         (0, 1, 11)      [] [W]
    149     0x0001E100       0xFFFFFF80      0x00000008         (0, 1, 12)      [] [W]
    150     0x0001AE80       0xFFFFFF80      0x00000008         (0, 1, 5)      [] [W]
    151     0x0001D580       0xFFFFFF80      0x00000008         (0, 1, 10)      [] [W]
    152     0x00053800       0xFFFFFF00      0x00000008         (0, 5, 7)      [] [W]
    153     0x0001FA00       0xFFFFFF80      0x00000008         (0, 1, 15)      [] [W]
    154     0x00020000       0xFFFFFF80      0x00000008         (0, 2, 0)      [] [W]
    155     0x0001A500       0xFFFFFF80      0x00000008         (0, 1, 4)      [] [W]
    156     0x0001B100       0xFFFFFF80      0x00000008         (0, 1, 6)      [] [W]
    157     0x0001E180       0xFFFFFF80      0x00000008         (0, 1, 12)      [] [W]
    158     0x0001D080       0xFFFFFF80      0x00000008         (0, 1, 10)      [] [W]
    159     0x00019A80       0xFFFFFF80      0x00000008         (0, 1, 3)      [] [W]
    160     0x0001CA80       0xFFFFFF80      0x00000008         (0, 1, 9)      [] [W]
    161     0x00004A00       0xFFFFFF80      0x00000008         (0, 0, 9)      [] [W]
    162     0x00020E00       0xFFFFFF80      0x0000000C         (0, 2, 1)      [] [N, W]
    163     0x00024100       0xFFFFFF80      0x00000003         (0, 2, 8)      [] [E, NE]
    164     0x00024280       0xFFFFFF80      0x00000001         (0, 2, 8)      [] [E]
    165     0x0004A200       0xFFFFFF00      0x00000008         (0, 4, 4)      [] [W]
    166     0x00012B80       0xFFFFFF80      0x00000021         (0, 1, 5)      [] [E, S]
    167     0x00024200       0xFFFFFF80      0x00000001         (0, 2, 8)      [] [E]
    168     0x00020480       0xFFFFFF80      0x00000008         (0, 2, 0)      [] [W]
    169     0x0001D980       0xFFFFFF80      0x00000008         (0, 1, 11)      [] [W]
    170     0x00008080       0xFFFFFF80      0x00000008         (0, 0, 0)      [] [W]
    171     0x00019700       0xFFFFFF80      0x00000008         (0, 1, 2)      [] [W]
    172     0x00017500       0xFFFFFF80      0x00000001         (0, 1, 14)      [] [E]
    173     0x0001DF00       0xFFFFFF80      0x0000000C         (0, 1, 11)      [] [N, W]
    174     0x00024000       0xFFFFFF80      0x00000002         (0, 2, 8)      [] [NE]
    175     0x00019980       0xFFFFFF80      0x00000008         (0, 1, 3)      [] [W]
    176     0x00012B00       0xFFFFFF80      0x00000021         (0, 1, 5)      [] [E, S]
    177     0x00019B80       0xFFFFFF80      0x00000008         (0, 1, 3)      [] [W]
    178     0x00004980       0xFFFFFF80      0x00000008         (0, 0, 9)      [] [W]
    179     0x0001DF80       0xFFFFFF80      0x00000004         (0, 1, 11)      [] [N]
    180     0x00016480       0xFFFFFF80      0x00000020         (0, 1, 12)      [] [S]
    181     0x00020D00       0xFFFFFF80      0x0000000C         (0, 2, 1)      [] [N, W]
    182     0x0001C900       0xFFFFFF80      0x00000008         (0, 1, 9)      [] [W]
    183     0x00016D00       0xFFFFFF80      0x00000001         (0, 1, 13)      [] [E]
    184     0x00017980       0xFFFFFF80      0x00000021         (0, 1, 15)      [] [E, S]
    185     0x0001CA00       0xFFFFFF80      0x00000008         (0, 1, 9)      [] [W]
    186     0x00016200       0xFFFFFF80      0x00000020         (0, 1, 12)      [] [S]
    187     0x00020680       0xFFFFFF80      0x00000008         (0, 2, 0)      [] [W]
    188     0x00053400       0xFFFFFF00      0x00000008         (0, 5, 6)      [] [W]
    189     0x00019900       0xFFFFFF80      0x00000008         (0, 1, 3)      [] [W]
    190     0x00024380       0xFFFFFF80      0x00000001         (0, 2, 8)      [] [E]
    191     0x0001DC80       0xFFFFFF80      0x0000000C         (0, 1, 11)      [] [N, W]
    192     0x0001FA80       0xFFFFFF80      0x00000008         (0, 1, 15)      [] [W]
    193     0x0001D300       0xFFFFFF80      0x00000008         (0, 1, 10)      [] [W]
    194     0x00012880       0xFFFFFF80      0x00000021         (0, 1, 5)      [] [E, S]
    195     0x00052C00       0xFFFFFF00      0x00000008         (0, 5, 5)      [] [W]
    196     0x00052E00       0xFFFFFF00      0x00000008         (0, 5, 5)      [] [W]
    197     0x0001CB80       0xFFFFFF80      0x00000008         (0, 1, 9)      [] [W]
    198     0x00060200       0xFFFFFF00      0x00000020         (0, 6, 0)      [] [S]
    199     0x00023F00       0xFFFFFF80      0x00000003         (0, 2, 7)      [] [E, NE]
    200     0x00023F80       0xFFFFFF80      0x00000002         (0, 2, 7)      [] [NE]
    201     0x00024080       0xFFFFFF80      0x00000003         (0, 2, 8)      [] [E, NE]
    202     0x00019600       0xFFFFFF80      0x00000008         (0, 1, 2)      [] [W]
    203     0x0001DA80       0xFFFFFF80      0x00000008         (0, 1, 11)      [] [W]
    204     0x0001C880       0xFFFFFF80      0x00000008         (0, 1, 9)      [] [W]
    205     0x0001B280       0xFFFFFF80      0x00000008         (0, 1, 6)      [] [W]
    206     0x0001B080       0xFFFFFF80      0x00000008         (0, 1, 6)      [] [W]
    207     0x00020800       0xFFFFFF80      0x00000008         (0, 2, 1)      [] [W]
    208     0x00020900       0xFFFFFF80      0x00000008         (0, 2, 1)      [] [W]
    209     0x00017780       0xFFFFFF80      0x00000021         (0, 1, 14)      [] [E, S]
    210     0x0001CC80       0xFFFFFF80      0x00000008         (0, 1, 9)      [] [W]
    211     0x00053500       0xFFFFFF00      0x00000008         (0, 5, 6)      [] [W]
    212     0x00053000       0xFFFFFF00      0x00000008         (0, 5, 6)      [] [W]
    213     0x00017D00       0xFFFFFF80      0x00000020         (0, 1, 15)      [] [S]
    214     0x0001AF80       0xFFFFFF80      0x00000008         (0, 1, 5)      [] [W]
    215     0x0001D400       0xFFFFFF80      0x00000008         (0, 1, 10)      [] [W]
    216     0x0001AD80       0xFFFFFF80      0x00000008         (0, 1, 5)      [] [W]
    217     0x00008180       0xFFFFFF80      0x00000008         (0, 0, 0)      [] [W]
    218     0x0001DA00       0xFFFFFF80      0x00000008         (0, 1, 11)      [] [W]
    219     0x00020400       0xFFFFFF80      0x00000008         (0, 2, 0)      [] [W]
    220     0x00053600       0xFFFFFF00      0x00000008         (0, 5, 6)      [] [W]
    221     0x00020880       0xFFFFFF80      0x00000008         (0, 2, 1)      [] [W]
    222     0x00024480       0xFFFFFF80      0x00000001         (0, 2, 8)      [] [E]
    223     0x00020080       0xFFFFFF80      0x00000008         (0, 2, 0)      [] [W]
    224     0x00053A00       0xFFFFFF00      0x00000008         (0, 5, 7)      [] [W]
    225     0x00004800       0xFFFFFF80      0x00000008         (0, 0, 9)      [] [W]
    226     0x0001DE00       0xFFFFFF80      0x0000000C         (0, 1, 11)      [] [N, W]
    227     0x00004A80       0xFFFFFF80      0x00000008         (0, 0, 9)      [] [W]
    228     0x0001FC00       0xFFFFFF80      0x00000008         (0, 1, 15)      [] [W]
    229     0x00024500       0xFFFFFF80      0x00000001         (0, 2, 8)      [] [E]
    230     0x00053700       0xFFFFFF00      0x00000008         (0, 5, 6)      [] [W]
    231     0x00020F00       0xFFFFFF80      0x00000004         (0, 2, 1)      [] [N]
    232     0x00019A00       0xFFFFFF80      0x00000008         (0, 1, 3)      [] [W]
    233     0x00020A80       0xFFFFFF80      0x0000000C         (0, 2, 1)      [] [N, W]
    234     0x00017880       0xFFFFFF80      0x00000021         (0, 1, 15)      [] [E, S]
    235     0x0000C980       0xFFFFFF80      0x00000008         (0, 0, 9)      [] [W]
    236     0x0001AF00       0xFFFFFF80      0x00000008         (0, 1, 5)      [] [W]
    237     0x0001A700       0xFFFFFF80      0x00000008         (0, 1, 4)      [] [W]
    238     0x0001B180       0xFFFFFF80      0x00000008         (0, 1, 6)      [] [W]
    239     0x00020100       0xFFFFFF80      0x00000008         (0, 2, 0)      [] [W]
    240     0x00023C00       0xFFFFFF80      0x00000020         (0, 2, 7)      [] [S]
    241     0x00021100       0xFFFFFF80      0x00000004         (0, 2, 2)      [] [N]
    242     0x00004780       0xFFFFFF80      0x00000008         (0, 0, 8)      [] [W]
    243     0x00020300       0xFFFFFF80      0x00000008         (0, 2, 0)      [] [W]
    244     0x00020180       0xFFFFFF80      0x00000008         (0, 2, 0)      [] [W]
    245     0x0001B300       0xFFFFFF80      0x00000008         (0, 1, 6)      [] [W]
    246     0x00008400       0xFFFFFF80      0x00000008         (0, 0, 0)      [] [W]
    247     0x00023E00       0xFFFFFF80      0x00000003         (0, 2, 7)      [] [E, NE]
    248     0x00008280       0xFFFFFF80      0x00000008         (0, 0, 0)      [] [W]
    249     0x00019C00       0xFFFFFF80      0x00000008         (0, 1, 3)      [] [W]
    250     0x0001E000       0xFFFFFF80      0x00000008         (0, 1, 12)      [] [W]
    251     0x0001CD00       0xFFFFFF80      0x00000008         (0, 1, 9)      [] [W]
    252     0x00012700       0xFFFFFF80      0x00000021         (0, 1, 4)      [] [E, S]
    253     0x0001B400       0xFFFFFF80      0x00000008         (0, 1, 6)      [] [W]
    254     0x00017200       0xFFFFFF80      0x00000001         (0, 1, 14)      [] [E]
    255     0x00023E80       0xFFFFFF80      0x00000003         (0, 2, 7)      [] [E, NE]
    256     0x0001E080       0xFFFFFF80      0x00000008         (0, 1, 12)      [] [W]
    257     0x0001D180       0xFFFFFF80      0x00000008         (0, 1, 10)      [] [W]
    258     0x00020580       0xFFFFFF80      0x00000008         (0, 2, 0)      [] [W]
