router contains 270 entries 
 
  Index   Key(hex)    Mask(hex)    Route(hex)    Src. Core -> [Cores][Links]
------------------------------------------------------------------------------
    0     0x0003FB00       0xFFFFFF00      0x00000004         (0, 3, 15)      [] [N]
    1     0x00021F00       0xFFFFFF80      0x00000008         (0, 2, 3)      [] [W]
    2     0x00021D80       0xFFFFFF80      0x00000004         (0, 2, 3)      [] [N]
    3     0x00008680       0xFFFFFF80      0x00000001         (0, 0, 0)      [] [E]
    4     0x00023F00       0xFFFFFF80      0x00001001         (0, 2, 7)      [6] [E]
    5     0x00008580       0xFFFFFF80      0x00000008         (0, 0, 0)      [] [W]
    6     0x0001B780       0xFFFFFF80      0x00000008         (0, 1, 6)      [] [W]
    7     0x0003FC00       0xFFFFFF00      0x00000004         (0, 3, 15)      [] [N]
    8     0x00064900       0xFFFFFF00      0x00000002         (0, 6, 9)      [] [NE]
    9     0x00008300       0xFFFFFF80      0x00000008         (0, 0, 0)      [] [W]
    10     0x00020280       0xFFFFFF80      0x00000008         (0, 2, 0)      [] [W]
    11     0x00064D00       0xFFFFFF00      0x00000002         (0, 6, 9)      [] [NE]
    12     0x00059E00       0xFFFFFF00      0x00000001         (0, 5, 3)      [] [E]
    13     0x0003EB00       0xFFFFFF00      0x00000008         (0, 3, 13)      [] [W]
    14     0x00066700       0xFFFFFF00      0x00000001         (0, 6, 12)      [] [E]
    15     0x0003FD00       0xFFFFFF00      0x00000004         (0, 3, 15)      [] [N]
    16     0x0000D100       0xFFFFFF80      0x00000001         (0, 0, 10)      [] [E]
    17     0x00021B80       0xFFFFFF80      0x001FFF8E         (0, 2, 3)      [1, 2, 3, 4, 5, 6, 7, 8, 9, 10, 11, 12, 13, 14] [NE, N, W]
    18     0x0001E700       0xFFFFFF80      0x00000008         (0, 1, 12)      [] [W]
    19     0x0003DC00       0xFFFFFF00      0x00000008         (0, 3, 11)      [] [W]
    20     0x00023300       0xFFFFFF80      0x00000008         (0, 2, 6)      [] [W]
    21     0x00023580       0xFFFFFF80      0x00400002         (0, 2, 6)      [16] [NE]
    22     0x0001EE00       0xFFFFFF80      0x00000008         (0, 1, 13)      [] [W]
    23     0x00008600       0xFFFFFF80      0x00000001         (0, 0, 0)      [] [E]
    24     0x0001DC00       0xFFFFFF80      0x00000008         (0, 1, 11)      [] [W]
    25     0x0001CA00       0xFFFFFF80      0x00000008         (0, 1, 9)      [] [W]
    26     0x00023B00       0xFFFFFF80      0x0000000A         (0, 2, 7)      [] [NE, W]
    27     0x0001D880       0xFFFFFF80      0x00000008         (0, 1, 11)      [] [W]
    28     0x0001B100       0xFFFFFF80      0x00000008         (0, 1, 6)      [] [W]
    29     0x0001E900       0xFFFFFF80      0x00000008         (0, 1, 13)      [] [W]
    30     0x0001E280       0xFFFFFF80      0x00000008         (0, 1, 12)      [] [W]
    31     0x0003FF00       0xFFFFFF00      0x00000004         (0, 3, 15)      [] [N]
    32     0x00024100       0xFFFFFF80      0x00010001         (0, 2, 8)      [10] [E]
    33     0x00066000       0xFFFFFF00      0x00000001         (0, 6, 12)      [] [E]
    34     0x00023E00       0xFFFFFF80      0x00000401         (0, 2, 7)      [4] [E]
    35     0x0001E080       0xFFFFFF80      0x00000008         (0, 1, 12)      [] [W]
    36     0x00024580       0xFFFFFF80      0x00000001         (0, 2, 8)      [] [E]
    37     0x00021E00       0xFFFFFF80      0x00000004         (0, 2, 3)      [] [N]
    38     0x00065400       0xFFFFFF00      0x00000002         (0, 6, 10)      [] [NE]
    39     0x00009500       0xFFFFFF80      0x00000001         (0, 0, 2)      [] [E]
    40     0x0001D080       0xFFFFFF80      0x00000008         (0, 1, 10)      [] [W]
    41     0x00040100       0xFFFFFF00      0x00000004         (0, 4, 0)      [] [N]
    42     0x0001DA00       0xFFFFFF80      0x00000008         (0, 1, 11)      [] [W]
    43     0x0001B980       0xFFFFFF80      0x00000008         (0, 1, 7)      [] [W]
    44     0x0001CA80       0xFFFFFF80      0x00000008         (0, 1, 9)      [] [W]
    45     0x0003EA00       0xFFFFFF00      0x00000008         (0, 3, 13)      [] [W]
    46     0x00022800       0xFFFFFF80      0x00000004         (0, 2, 5)      [] [N]
    47     0x0003DF00       0xFFFFFF00      0x00000008         (0, 3, 11)      [] [W]
    48     0x00017D80       0xFFFFFF80      0x00000020         (0, 1, 15)      [] [S]
    49     0x00040900       0xFFFFFF00      0x00000004         (0, 4, 1)      [] [N]
    50     0x00064B00       0xFFFFFF00      0x00000002         (0, 6, 9)      [] [NE]
    51     0x00023800       0xFFFFFF80      0x00000002         (0, 2, 7)      [] [NE]
    52     0x00024000       0xFFFFFF80      0x00004001         (0, 2, 8)      [8] [E]
    53     0x00021E80       0xFFFFFF80      0x00000004         (0, 2, 3)      [] [N]
    54     0x00021980       0xFFFFFF80      0x0000000C         (0, 2, 3)      [] [N, W]
    55     0x0001AC00       0xFFFFFF80      0x00000008         (0, 1, 5)      [] [W]
    56     0x00024200       0xFFFFFF80      0x00040001         (0, 2, 8)      [12] [E]
    57     0x0001B900       0xFFFFFF80      0x00000008         (0, 1, 7)      [] [W]
    58     0x00065200       0xFFFFFF00      0x00000002         (0, 6, 10)      [] [NE]
    59     0x00022100       0xFFFFFF80      0x00000004         (0, 2, 4)      [] [N]
    60     0x0005A600       0xFFFFFF00      0x00000001         (0, 5, 4)      [] [E]
    61     0x0001D200       0xFFFFFF80      0x00000008         (0, 1, 10)      [] [W]
    62     0x0001A700       0xFFFFFF80      0x00000008         (0, 1, 4)      [] [W]
    63     0x00040200       0xFFFFFF00      0x00000004         (0, 4, 0)      [] [N]
    64     0x00023680       0xFFFFFF80      0x00000002         (0, 2, 6)      [] [NE]
    65     0x0001F980       0xFFFFFF80      0x00000008         (0, 1, 15)      [] [W]
    66     0x0003E100       0xFFFFFF00      0x00000008         (0, 3, 12)      [] [W]
    67     0x00065300       0xFFFFFF00      0x00000002         (0, 6, 10)      [] [NE]
    68     0x00040400       0xFFFFFF00      0x00000004         (0, 4, 0)      [] [N]
    69     0x00064A00       0xFFFFFF00      0x00000002         (0, 6, 9)      [] [NE]
    70     0x0001FA00       0xFFFFFF80      0x00000008         (0, 1, 15)      [] [W]
    71     0x00024480       0xFFFFFF80      0x00000001         (0, 2, 8)      [] [E]
    72     0x00064800       0xFFFFFF00      0x00000002         (0, 6, 9)      [] [NE]
    73     0x00066300       0xFFFFFF00      0x00000001         (0, 6, 12)      [] [E]
    74     0x0001A680       0xFFFFFF80      0x00000008         (0, 1, 4)      [] [W]
    75     0x00064700       0xFFFFFF00      0x00000002         (0, 6, 8)      [] [NE]
    76     0x0001E300       0xFFFFFF80      0x00000008         (0, 1, 12)      [] [W]
    77     0x00021A00       0xFFFFFF80      0x00000004         (0, 2, 3)      [] [N]
    78     0x0001CB00       0xFFFFFF80      0x00000008         (0, 1, 9)      [] [W]
    79     0x0003E200       0xFFFFFF00      0x00000008         (0, 3, 12)      [] [W]
    80     0x0001EE80       0xFFFFFF80      0x00000008         (0, 1, 13)      [] [W]
    81     0x00059D00       0xFFFFFF00      0x00000001         (0, 5, 3)      [] [E]
    82     0x00022080       0xFFFFFF80      0x00000004         (0, 2, 4)      [] [N]
    83     0x00065F00       0xFFFFFF00      0x00000001         (0, 6, 11)      [] [E]
    84     0x00024280       0xFFFFFF80      0x00080001         (0, 2, 8)      [13] [E]
    85     0x00023280       0xFFFFFF80      0x00000008         (0, 2, 6)      [] [W]
    86     0x00008480       0xFFFFFF80      0x00000008         (0, 0, 0)      [] [W]
    87     0x00024500       0xFFFFFF80      0x00000001         (0, 2, 8)      [] [E]
    88     0x00023B80       0xFFFFFF80      0x0000000A         (0, 2, 7)      [] [NE, W]
    89     0x00023600       0xFFFFFF80      0x00800002         (0, 2, 6)      [17] [NE]
    90     0x0001DB00       0xFFFFFF80      0x00000008         (0, 1, 11)      [] [W]
    91     0x0005AA00       0xFFFFFF00      0x00000001         (0, 5, 5)      [] [E]
    92     0x0001CC00       0xFFFFFF80      0x00000008         (0, 1, 9)      [] [W]
    93     0x0000D000       0xFFFFFF80      0x00000001         (0, 0, 10)      [] [E]
    94     0x0001D380       0xFFFFFF80      0x00000008         (0, 1, 10)      [] [W]
    95     0x0001E000       0xFFFFFF80      0x00000008         (0, 1, 12)      [] [W]
    96     0x0005AB00       0xFFFFFF00      0x00000001         (0, 5, 5)      [] [E]
    97     0x0001AE00       0xFFFFFF80      0x00000008         (0, 1, 5)      [] [W]
    98     0x0003DB00       0xFFFFFF00      0x00000008         (0, 3, 11)      [] [W]
    99     0x0001B700       0xFFFFFF80      0x00000008         (0, 1, 6)      [] [W]
    100     0x00021780       0xFFFFFF80      0x0000000C         (0, 2, 2)      [] [N, W]
    101     0x0001BA00       0xFFFFFF80      0x00000008         (0, 1, 7)      [] [W]
    102     0x00009580       0xFFFFFF80      0x00000001         (0, 0, 2)      [] [E]
    103     0x00066600       0xFFFFFF00      0x00000001         (0, 6, 12)      [] [E]
    104     0x0005A000       0xFFFFFF00      0x00000001         (0, 5, 4)      [] [E]
    105     0x00021300       0xFFFFFF80      0x00000004         (0, 2, 2)      [] [N]
    106     0x0003E500       0xFFFFFF00      0x00000008         (0, 3, 12)      [] [W]
    107     0x0001FE80       0xFFFFFF80      0x00000008         (0, 1, 15)      [] [W]
    108     0x0001A580       0xFFFFFF80      0x00000008         (0, 1, 4)      [] [W]
    109     0x00024300       0xFFFFFF80      0x00100001         (0, 2, 8)      [14] [E]
    110     0x0005A100       0xFFFFFF00      0x00000001         (0, 5, 4)      [] [E]
    111     0x0001B000       0xFFFFFF80      0x00000008         (0, 1, 6)      [] [W]
    112     0x0001BA80       0xFFFFFF80      0x00000008         (0, 1, 7)      [] [W]
    113     0x0001AD00       0xFFFFFF80      0x00000008         (0, 1, 5)      [] [W]
    114     0x0001C800       0xFFFFFF80      0x00000008         (0, 1, 9)      [] [W]
    115     0x00064600       0xFFFFFF00      0x00000002         (0, 6, 8)      [] [NE]
    116     0x00023D80       0xFFFFFF80      0x00000201         (0, 2, 7)      [3] [E]
    117     0x00022380       0xFFFFFF80      0x00000008         (0, 2, 4)      [] [W]
    118     0x00066800       0xFFFFFF00      0x00000001         (0, 6, 13)      [] [E]
    119     0x00023400       0xFFFFFF80      0x00000002         (0, 2, 6)      [] [NE]
    120     0x00021380       0xFFFFFF80      0x00000004         (0, 2, 2)      [] [N]
    121     0x0001B600       0xFFFFFF80      0x00000008         (0, 1, 6)      [] [W]
    122     0x0005A300       0xFFFFFF00      0x00000001         (0, 5, 4)      [] [E]
    123     0x00017E00       0xFFFFFF80      0x00000020         (0, 1, 15)      [] [S]
    124     0x0001DB80       0xFFFFFF80      0x00000008         (0, 1, 11)      [] [W]
    125     0x00021400       0xFFFFFF80      0x00000004         (0, 2, 2)      [] [N]
    126     0x0001AB80       0xFFFFFF80      0x00000008         (0, 1, 5)      [] [W]
    127     0x0005A200       0xFFFFFF00      0x00000001         (0, 5, 4)      [] [E]
    128     0x0000CD80       0xFFFFFF80      0x00000001         (0, 0, 9)      [] [E]
    129     0x00022300       0xFFFFFF80      0x0000000C         (0, 2, 4)      [] [N, W]
    130     0x0001E200       0xFFFFFF80      0x00000008         (0, 1, 12)      [] [W]
    131     0x0001BB00       0xFFFFFF80      0x00000008         (0, 1, 7)      [] [W]
    132     0x00017180       0xFFFFFF80      0x00000020         (0, 1, 14)      [] [S]
    133     0x0003E900       0xFFFFFF00      0x00000008         (0, 3, 13)      [] [W]
    134     0x0005A500       0xFFFFFF00      0x00000001         (0, 5, 4)      [] [E]
    135     0x00022280       0xFFFFFF80      0x00000004         (0, 2, 4)      [] [N]
    136     0x0001A500       0xFFFFFF80      0x00000008         (0, 1, 4)      [] [W]
    137     0x00040300       0xFFFFFF00      0x00000004         (0, 4, 0)      [] [N]
    138     0x0001AF80       0xFFFFFF80      0x00000008         (0, 1, 5)      [] [W]
    139     0x0005A700       0xFFFFFF00      0x00000001         (0, 5, 4)      [] [E]
    140     0x00008500       0xFFFFFF80      0x00000008         (0, 0, 0)      [] [W]
    141     0x00065100       0xFFFFFF00      0x00000002         (0, 6, 10)      [] [NE]
    142     0x00008380       0xFFFFFF80      0x00000008         (0, 0, 0)      [] [W]
    143     0x0001C900       0xFFFFFF80      0x00000008         (0, 1, 9)      [] [W]
    144     0x00024380       0xFFFFFF80      0x00000001         (0, 2, 8)      [] [E]
    145     0x0000CF80       0xFFFFFF80      0x00000001         (0, 0, 9)      [] [E]
    146     0x00023900       0xFFFFFF80      0x00000002         (0, 2, 7)      [] [NE]
    147     0x00008200       0xFFFFFF80      0x00000008         (0, 0, 0)      [] [W]
    148     0x00065500       0xFFFFFF00      0x00000002         (0, 6, 10)      [] [NE]
    149     0x0003E700       0xFFFFFF00      0x00000008         (0, 3, 12)      [] [W]
    150     0x0001B880       0xFFFFFF80      0x00000008         (0, 1, 7)      [] [W]
    151     0x0001E180       0xFFFFFF80      0x00000008         (0, 1, 12)      [] [W]
    152     0x00040500       0xFFFFFF00      0x00000004         (0, 4, 0)      [] [N]
    153     0x0001D100       0xFFFFFF80      0x00000008         (0, 1, 10)      [] [W]
    154     0x0000D080       0xFFFFFF80      0x00000001         (0, 0, 10)      [] [E]
    155     0x00024180       0xFFFFFF80      0x00020001         (0, 2, 8)      [11] [E]
    156     0x00023700       0xFFFFFF80      0x00000002         (0, 2, 6)      [] [NE]
    157     0x00065600       0xFFFFFF00      0x00000002         (0, 6, 10)      [] [NE]
    158     0x00024400       0xFFFFFF80      0x00000001         (0, 2, 8)      [] [E]
    159     0x0003FE00       0xFFFFFF00      0x00000004         (0, 3, 15)      [] [N]
    160     0x0001C880       0xFFFFFF80      0x00000008         (0, 1, 9)      [] [W]
    161     0x00022180       0xFFFFFF80      0x00000004         (0, 2, 4)      [] [N]
    162     0x0001AD80       0xFFFFFF80      0x00000008         (0, 1, 5)      [] [W]
    163     0x00023980       0xFFFFFF80      0x00000002         (0, 2, 7)      [] [NE]
    164     0x0000D180       0xFFFFFF80      0x00000001         (0, 0, 10)      [] [E]
    165     0x00040600       0xFFFFFF00      0x00000004         (0, 4, 0)      [] [N]
    166     0x00065700       0xFFFFFF00      0x00000002         (0, 6, 10)      [] [NE]
    167     0x0001F380       0xFFFFFF80      0x00000008         (0, 1, 14)      [] [W]
    168     0x0005AC00       0xFFFFFF00      0x00000001         (0, 5, 5)      [] [E]
    169     0x00022880       0xFFFFFF80      0x00000004         (0, 2, 5)      [] [N]
    170     0x00012B80       0xFFFFFF80      0x00000020         (0, 1, 5)      [] [S]
    171     0x00021C00       0xFFFFFF80      0x00E00004         (0, 2, 3)      [16, 17, 15] [N]
    172     0x0001D300       0xFFFFFF80      0x00000008         (0, 1, 10)      [] [W]
    173     0x00017100       0xFFFFFF80      0x00000020         (0, 1, 14)      [] [S]
    174     0x0001E880       0xFFFFFF80      0x00000008         (0, 1, 13)      [] [W]
    175     0x0000CE00       0xFFFFFF80      0x00000001         (0, 0, 9)      [] [E]
    176     0x00066100       0xFFFFFF00      0x00000001         (0, 6, 12)      [] [E]
    177     0x00009400       0xFFFFFF80      0x00000001         (0, 0, 2)      [] [E]
    178     0x0003DD00       0xFFFFFF00      0x00000008         (0, 3, 11)      [] [W]
    179     0x00040800       0xFFFFFF00      0x00000004         (0, 4, 1)      [] [N]
    180     0x0001AC80       0xFFFFFF80      0x00000008         (0, 1, 5)      [] [W]
    181     0x00023480       0xFFFFFF80      0x00000002         (0, 2, 6)      [] [NE]
    182     0x0005A900       0xFFFFFF00      0x00000001         (0, 5, 5)      [] [E]
    183     0x00064F00       0xFFFFFF00      0x00000002         (0, 6, 9)      [] [NE]
    184     0x0001EF80       0xFFFFFF80      0x00000008         (0, 1, 13)      [] [W]
    185     0x00023A00       0xFFFFFF80      0x00000002         (0, 2, 7)      [] [NE]
    186     0x0000CF00       0xFFFFFF80      0x00000001         (0, 0, 9)      [] [E]
    187     0x0003E600       0xFFFFFF00      0x00000008         (0, 3, 12)      [] [W]
    188     0x00022900       0xFFFFFF80      0x00000004         (0, 2, 5)      [] [N]
    189     0x0001CC80       0xFFFFFF80      0x00000008         (0, 1, 9)      [] [W]
    190     0x00066900       0xFFFFFF00      0x00000001         (0, 6, 13)      [] [E]
    191     0x00023880       0xFFFFFF80      0x00000002         (0, 2, 7)      [] [NE]
    192     0x0001B580       0xFFFFFF80      0x00000008         (0, 1, 6)      [] [W]
    193     0x0001ED80       0xFFFFFF80      0x00000008         (0, 1, 13)      [] [W]
    194     0x00064E00       0xFFFFFF00      0x00000002         (0, 6, 9)      [] [NE]
    195     0x00065C00       0xFFFFFF00      0x00000001         (0, 6, 11)      [] [E]
    196     0x00021A80       0xFFFFFF80      0x00000002         (0, 2, 3)      [] [NE]
    197     0x00065A00       0xFFFFFF00      0x00000002         (0, 6, 11)      [] [NE]
    198     0x00040A00       0xFFFFFF00      0x00000004         (0, 4, 1)      [] [N]
    199     0x00023D00       0xFFFFFF80      0x00000101         (0, 2, 7)      [2] [E]
    200     0x0001C980       0xFFFFFF80      0x00000008         (0, 1, 9)      [] [W]
    201     0x00066400       0xFFFFFF00      0x00000001         (0, 6, 12)      [] [E]
    202     0x0001FE00       0xFFFFFF80      0x00000008         (0, 1, 15)      [] [W]
    203     0x0003E800       0xFFFFFF00      0x00000008         (0, 3, 13)      [] [W]
    204     0x0001F400       0xFFFFFF80      0x00000008         (0, 1, 14)      [] [W]
    205     0x00065B00       0xFFFFFF00      0x00000001         (0, 6, 11)      [] [E]
    206     0x00040B00       0xFFFFFF00      0x00000004         (0, 4, 1)      [] [N]
    207     0x00059F00       0xFFFFFF00      0x00000001         (0, 5, 3)      [] [E]
    208     0x00021B00       0xFFFFFF80      0x0000000A         (0, 2, 3)      [] [NE, W]
    209     0x0001D180       0xFFFFFF80      0x00000008         (0, 1, 10)      [] [W]
    210     0x00008400       0xFFFFFF80      0x00000008         (0, 0, 0)      [] [W]
    211     0x0000CE80       0xFFFFFF80      0x00000001         (0, 0, 9)      [] [E]
    212     0x0001B180       0xFFFFFF80      0x00000008         (0, 1, 6)      [] [W]
    213     0x0000CC00       0xFFFFFF80      0x00000001         (0, 0, 9)      [] [E]
    214     0x0005A400       0xFFFFFF00      0x00000001         (0, 5, 4)      [] [E]
    215     0x00008280       0xFFFFFF80      0x00000008         (0, 0, 0)      [] [W]
    216     0x0001AF00       0xFFFFFF80      0x00000008         (0, 1, 5)      [] [W]
    217     0x00040700       0xFFFFFF00      0x00000004         (0, 4, 0)      [] [N]
    218     0x00008180       0xFFFFFF80      0x00000008         (0, 0, 0)      [] [W]
    219     0x0001AE80       0xFFFFFF80      0x00000008         (0, 1, 5)      [] [W]
    220     0x0003E300       0xFFFFFF00      0x00000008         (0, 3, 12)      [] [W]
    221     0x0001D400       0xFFFFFF80      0x00000008         (0, 1, 10)      [] [W]
    222     0x0001E100       0xFFFFFF80      0x00000008         (0, 1, 12)      [] [W]
    223     0x0003E400       0xFFFFFF00      0x00000008         (0, 3, 12)      [] [W]
    224     0x0001D480       0xFFFFFF80      0x00000008         (0, 1, 10)      [] [W]
    225     0x0001EF00       0xFFFFFF80      0x00000008         (0, 1, 13)      [] [W]
    226     0x00021700       0xFFFFFF80      0x00000008         (0, 2, 2)      [] [W]
    227     0x00024080       0xFFFFFF80      0x00008001         (0, 2, 8)      [9] [E]
    228     0x00023C00       0xFFFFFF80      0x0000000A         (0, 2, 7)      [] [NE, W]
    229     0x00064C00       0xFFFFFF00      0x00000002         (0, 6, 9)      [] [NE]
    230     0x00021280       0xFFFFFF80      0x00000004         (0, 2, 2)      [] [N]
    231     0x00065E00       0xFFFFFF00      0x00000001         (0, 6, 11)      [] [E]
    232     0x0003DE00       0xFFFFFF00      0x00000008         (0, 3, 11)      [] [W]
    233     0x0001A600       0xFFFFFF80      0x00000008         (0, 1, 4)      [] [W]
    234     0x0003E000       0xFFFFFF00      0x00000008         (0, 3, 12)      [] [W]
    235     0x00023E80       0xFFFFFF80      0x00000801         (0, 2, 7)      [5] [E]
    236     0x0005A800       0xFFFFFF00      0x00000001         (0, 5, 5)      [] [E]
    237     0x00023A80       0xFFFFFF80      0x00000002         (0, 2, 7)      [] [NE]
    238     0x0001D980       0xFFFFFF80      0x00000008         (0, 1, 11)      [] [W]
    239     0x00066B00       0xFFFFFF00      0x00000001         (0, 6, 13)      [] [E]
    240     0x00022200       0xFFFFFF80      0x00000004         (0, 2, 4)      [] [N]
    241     0x00065000       0xFFFFFF00      0x00000002         (0, 6, 10)      [] [NE]
    242     0x00023500       0xFFFFFF80      0x00200002         (0, 2, 6)      [15] [NE]
    243     0x0001B680       0xFFFFFF80      0x00000008         (0, 1, 6)      [] [W]
    244     0x0001E980       0xFFFFFF80      0x00000008         (0, 1, 13)      [] [W]
    245     0x0001DA80       0xFFFFFF80      0x00000008         (0, 1, 11)      [] [W]
    246     0x00023C80       0xFFFFFF80      0x00000088         (0, 2, 7)      [1] [W]
    247     0x00009480       0xFFFFFF80      0x00000001         (0, 0, 2)      [] [E]
    248     0x00065D00       0xFFFFFF00      0x00000001         (0, 6, 11)      [] [E]
    249     0x0001A780       0xFFFFFF80      0x00000008         (0, 1, 4)      [] [W]
    250     0x00023F80       0xFFFFFF80      0x00002001         (0, 2, 7)      [7] [E]
    251     0x00066A00       0xFFFFFF00      0x00000001         (0, 6, 13)      [] [E]
    252     0x0001B080       0xFFFFFF80      0x00000008         (0, 1, 6)      [] [W]
    253     0x0001D280       0xFFFFFF80      0x00000008         (0, 1, 10)      [] [W]
    254     0x00066500       0xFFFFFF00      0x00000001         (0, 6, 12)      [] [E]
    255     0x00023780       0xFFFFFF80      0x00000002         (0, 2, 6)      [] [NE]
    256     0x0001D900       0xFFFFFF80      0x00000008         (0, 1, 11)      [] [W]
    257     0x00065800       0xFFFFFF00      0x00000002         (0, 6, 11)      [] [NE]
    258     0x00021900       0xFFFFFF80      0x00000008         (0, 2, 3)      [] [W]
    259     0x0001CB80       0xFFFFFF80      0x00000008         (0, 1, 9)      [] [W]
    260     0x0001F500       0xFFFFFF80      0x00000008         (0, 1, 14)      [] [W]
    261     0x00040000       0xFFFFFF00      0x00000004         (0, 4, 0)      [] [N]
    262     0x00066200       0xFFFFFF00      0x00000001         (0, 6, 12)      [] [E]
    263     0x0001F480       0xFFFFFF80      0x00000008         (0, 1, 14)      [] [W]
    264     0x0001F900       0xFFFFFF80      0x00000008         (0, 1, 15)      [] [W]
    265     0x0001E800       0xFFFFFF80      0x00000008         (0, 1, 13)      [] [W]
    266     0x0001E780       0xFFFFFF80      0x00000008         (0, 1, 12)      [] [W]
    267     0x00065900       0xFFFFFF00      0x00000002         (0, 6, 11)      [] [NE]
    268     0x0001B800       0xFFFFFF80      0x00000008         (0, 1, 7)      [] [W]
    269     0x00024600       0xFFFFFF80      0x00000001         (0, 2, 8)      [] [E]
