router contains 688 entries 
 
  Index   Key(hex)    Mask(hex)    Route(hex)    Src. Core -> [Cores][Links]
------------------------------------------------------------------------------
    0     0x00017900       0xFFFFFF80      0x00400002         (0, 1, 15)      [16] [NE]
    1     0x00011500       0xFFFFFF80      0x00400000         (0, 1, 2)      [16] []
    2     0x00020500       0xFFFFFF80      0x00400010         (0, 2, 0)      [16] [SW]
    3     0x0001E480       0xFFFFFF80      0x00020000         (0, 1, 12)      [11] []
    4     0x00020380       0xFFFFFF80      0x00080010         (0, 2, 0)      [13] [SW]
    5     0x00011080       0xFFFFFF80      0x00002002         (0, 1, 2)      [7] [NE]
    6     0x00033E00       0xFFFFFF00      0x00000004         (0, 3, 7)      [] [N]
    7     0x00008B00       0xFFFFFF80      0x00010008         (0, 0, 1)      [10] [W]
    8     0x0001BB00       0xFFFFFF80      0x001801B0         (0, 1, 7)      [1, 2, 13, 14] [SW, S]
    9     0x0001F200       0xFFFFFF80      0x00020000         (0, 1, 14)      [11] []
    10     0x0001C280       0xFFFFFF80      0x00FFFE3E         (0, 1, 8)      [3, 4, 5, 6, 7, 8, 9, 10, 11, 12, 13, 14, 15, 16, 17] [NE, N, W, SW, S]
    11     0x00016780       0xFFFFFF80      0x00002002         (0, 1, 12)      [7] [NE]
    12     0x0001AF00       0xFFFFFF80      0x00008030         (0, 1, 5)      [9] [SW, S]
    13     0x0001A980       0xFFFFFF80      0x00000010         (0, 1, 5)      [] [SW]
    14     0x00005B00       0xFFFFFF80      0x00000400         (0, 0, 11)      [4] []
    15     0x0001AE00       0xFFFFFF80      0x00002030         (0, 1, 5)      [7] [SW, S]
    16     0x0000C800       0xFFFFFF80      0x00040010         (0, 0, 9)      [12] [SW]
    17     0x0000D700       0xFFFFFF80      0x00040008         (0, 0, 10)      [12] [W]
    18     0x00009800       0xFFFFFF80      0x00001000         (0, 0, 3)      [6] []
    19     0x00061700       0xFFFFFF00      0x00000004         (0, 6, 2)      [] [N]
    20     0x0001AE80       0xFFFFFF80      0x00004030         (0, 1, 5)      [8] [SW, S]
    21     0x00013380       0xFFFFFF80      0x00800002         (0, 1, 6)      [17] [NE]
    22     0x0000E180       0xFFFFFF80      0x00000200         (0, 0, 12)      [3] []
    23     0x00013F80       0xFFFFFF80      0x00020000         (0, 1, 7)      [11] []
    24     0x00020780       0xFFFFFF80      0x00000110         (0, 2, 0)      [2] [SW]
    25     0x0000D500       0xFFFFFF80      0x00004008         (0, 0, 10)      [8] [W]
    26     0x00013A00       0xFFFFFF80      0x00000002         (0, 1, 7)      [] [NE]
    27     0x00023A00       0xFFFFFF80      0x00000003         (0, 2, 7)      [] [E, NE]
    28     0x00020580       0xFFFFFF80      0x00800010         (0, 2, 0)      [17] [SW]
    29     0x00020300       0xFFFFFF80      0x00040010         (0, 2, 0)      [12] [SW]
    30     0x0001A880       0xFFFFFF80      0x00800010         (0, 1, 5)      [17] [SW]
    31     0x0000C400       0xFFFFFF80      0x00000400         (0, 0, 8)      [4] []
    32     0x0001A200       0xFFFFFF80      0x00000410         (0, 1, 4)      [4] [SW]
    33     0x0000F600       0xFFFFFF80      0x00100000         (0, 0, 14)      [14] []
    34     0x0001E580       0xFFFFFF80      0x00080000         (0, 1, 12)      [13] []
    35     0x0001A500       0xFFFFFF80      0x00010010         (0, 1, 4)      [10] [SW]
    36     0x00021180       0xFFFFFF80      0x00800000         (0, 2, 2)      [17] []
    37     0x00024A80       0xFFFFFF80      0x00010000         (0, 2, 9)      [10] []
    38     0x0000A700       0xFFFFFF80      0x00001000         (0, 0, 4)      [6] []
    39     0x00015A80       0xFFFFFF80      0x00004000         (0, 1, 11)      [8] []
    40     0x00011400       0xFFFFFF80      0x00100000         (0, 1, 2)      [14] []
    41     0x0001F080       0xFFFFFF80      0x00000102         (0, 1, 14)      [2] [NE]
    42     0x0001F980       0xFFFFFF80      0x00100010         (0, 1, 15)      [14] [SW]
    43     0x00010480       0xFFFFFF80      0x00080000         (0, 1, 0)      [13] []
    44     0x00012100       0xFFFFFF80      0x00010000         (0, 1, 4)      [10] []
    45     0x0000D780       0xFFFFFF80      0x00080008         (0, 0, 10)      [13] [W]
    46     0x0002B600       0xFFFFFF00      0x00000002         (0, 2, 6)      [] [NE]
    47     0x00062300       0xFFFFFF00      0x00000008         (0, 6, 4)      [] [W]
    48     0x00019380       0xFFFFFF80      0x00000080         (0, 1, 2)      [1] []
    49     0x0001DA80       0xFFFFFF80      0x00001000         (0, 1, 11)      [6] []
    50     0x0001FE00       0xFFFFFF80      0x00040010         (0, 1, 15)      [12] [SW]
    51     0x00019600       0xFFFFFF80      0x00000010         (0, 1, 2)      [] [SW]
    52     0x00001E00       0xFFFFFF80      0x00000010         (0, 0, 3)      [] [SW]
    53     0x0001B880       0xFFFFFF80      0x0000C1B0         (0, 1, 7)      [8, 1, 2, 9] [SW, S]
    54     0x00019D00       0xFFFFFF80      0x00400018         (0, 1, 3)      [16] [W, SW]
    55     0x0001BF80       0xFFFFFF80      0x00FFFE36         (0, 1, 7)      [3, 4, 5, 6, 7, 8, 9, 10, 11, 12, 13, 14, 15, 16, 17] [NE, N, SW, S]
    56     0x0001BD80       0xFFFFFF80      0x000001B0         (0, 1, 7)      [1, 2] [SW, S]
    57     0x0001A700       0xFFFFFF80      0x00100010         (0, 1, 4)      [14] [SW]
    58     0x0001DD80       0xFFFFFF80      0x00040000         (0, 1, 11)      [12] []
    59     0x00016400       0xFFFFFF80      0x00000002         (0, 1, 12)      [] [NE]
    60     0x00013000       0xFFFFFF80      0x00010000         (0, 1, 6)      [10] []
    61     0x00013280       0xFFFFFF80      0x00200002         (0, 1, 6)      [15] [NE]
    62     0x00009700       0xFFFFFF80      0x00000400         (0, 0, 2)      [4] []
    63     0x0001D300       0xFFFFFF80      0x00002030         (0, 1, 10)      [7] [SW, S]
    64     0x00024F00       0xFFFFFF80      0x00000010         (0, 2, 9)      [] [SW]
    65     0x00009980       0xFFFFFF80      0x00008008         (0, 0, 3)      [9] [W]
    66     0x0001D580       0xFFFFFF80      0x00040010         (0, 1, 10)      [12] [SW]
    67     0x0000F380       0xFFFFFF80      0x00008000         (0, 0, 14)      [9] []
    68     0x0002B800       0xFFFFFF00      0x00000002         (0, 2, 7)      [] [NE]
    69     0x00021300       0xFFFFFF80      0x00000080         (0, 2, 2)      [1] []
    70     0x00010380       0xFFFFFF80      0x00020000         (0, 1, 0)      [11] []
    71     0x0000B900       0xFFFFFF80      0x00040010         (0, 0, 7)      [12] [SW]
    72     0x0001FF00       0xFFFFFF80      0x00100010         (0, 1, 15)      [14] [SW]
    73     0x00018E80       0xFFFFFF80      0x00010000         (0, 1, 1)      [10] []
    74     0x0001DE80       0xFFFFFF80      0x00100000         (0, 1, 11)      [14] []
    75     0x0001A680       0xFFFFFF80      0x00080010         (0, 1, 4)      [13] [SW]
    76     0x0001A600       0xFFFFFF80      0x00040010         (0, 1, 4)      [12] [SW]
    77     0x00021900       0xFFFFFF80      0x00000100         (0, 2, 3)      [2] []
    78     0x00014A80       0xFFFFFF80      0x00000400         (0, 1, 9)      [4] []
    79     0x0000F400       0xFFFFFF80      0x00010000         (0, 0, 14)      [10] []
    80     0x0001FB80       0xFFFFFF80      0x00000010         (0, 1, 15)      [] [SW]
    81     0x0000E680       0xFFFFFF80      0x00080000         (0, 0, 12)      [13] []
    82     0x00014F80       0xFFFFFF80      0x00100000         (0, 1, 9)      [14] []
    83     0x00020280       0xFFFFFF80      0x00000110         (0, 2, 0)      [2] [SW]
    84     0x0000A600       0xFFFFFF80      0x00000400         (0, 0, 4)      [4] []
    85     0x00062A00       0xFFFFFF00      0x00000008         (0, 6, 5)      [] [W]
    86     0x0001FA80       0xFFFFFF80      0x00400010         (0, 1, 15)      [16] [SW]
    87     0x00062500       0xFFFFFF00      0x00000008         (0, 6, 4)      [] [W]
    88     0x0002BE00       0xFFFFFF00      0x00000002         (0, 2, 7)      [] [NE]
    89     0x00024E80       0xFFFFFF80      0x00000010         (0, 2, 9)      [] [SW]
    90     0x00005B80       0xFFFFFF80      0x00000800         (0, 0, 11)      [5] []
    91     0x0001D500       0xFFFFFF80      0x00020010         (0, 1, 10)      [11] [SW]
    92     0x00019E80       0xFFFFFF80      0x00000018         (0, 1, 3)      [] [W, SW]
    93     0x00023880       0xFFFFFF80      0x00000003         (0, 2, 7)      [] [E, NE]
    94     0x0000F700       0xFFFFFF80      0x00400000         (0, 0, 14)      [16] []
    95     0x0001D380       0xFFFFFF80      0x00004030         (0, 1, 10)      [8] [SW, S]
    96     0x0000E580       0xFFFFFF80      0x00020000         (0, 0, 12)      [11] []
    97     0x00017400       0xFFFFFF80      0x00001002         (0, 1, 14)      [6] [NE]
    98     0x00008980       0xFFFFFF80      0x00002000         (0, 0, 1)      [7] []
    99     0x00001E80       0xFFFFFF80      0x00000210         (0, 0, 3)      [3] [SW]
    100     0x00018400       0xFFFFFF80      0x00080000         (0, 1, 0)      [13] []
    101     0x00006980       0xFFFFFF80      0x00000200         (0, 0, 13)      [3] []
    102     0x0001B680       0xFFFFFF80      0x00000DB0         (0, 1, 6)      [1, 2, 4, 5] [SW, S]
    103     0x00019700       0xFFFFFF80      0x00000410         (0, 1, 2)      [4] [SW]
    104     0x0000F480       0xFFFFFF80      0x00020000         (0, 0, 14)      [11] []
    105     0x0001ED80       0xFFFFFF80      0x00200000         (0, 1, 13)      [15] []
    106     0x00009900       0xFFFFFF80      0x00004008         (0, 0, 3)      [8] [W]
    107     0x00012F80       0xFFFFFF80      0x00008002         (0, 1, 5)      [9] [NE]
    108     0x00010580       0xFFFFFF80      0x00200000         (0, 1, 0)      [15] []
    109     0x00020600       0xFFFFFF80      0x00000010         (0, 2, 0)      [] [SW]
    110     0x00020C80       0xFFFFFF80      0x00100000         (0, 2, 1)      [14] []
    111     0x0001F100       0xFFFFFF80      0x00008002         (0, 1, 14)      [9] [NE]
    112     0x0001D680       0xFFFFFF80      0x00100010         (0, 1, 10)      [14] [SW]
    113     0x00019000       0xFFFFFF80      0x00080000         (0, 1, 2)      [13] []
    114     0x00012200       0xFFFFFF80      0x00040000         (0, 1, 4)      [12] []
    115     0x00010000       0xFFFFFF80      0x00000400         (0, 1, 0)      [4] []
    116     0x0001EB80       0xFFFFFF80      0x00020000         (0, 1, 13)      [11] []
    117     0x0001DC00       0xFFFFFF80      0x00008000         (0, 1, 11)      [9] []
    118     0x00003C80       0xFFFFFF80      0x00000200         (0, 0, 7)      [3] []
    119     0x0000C900       0xFFFFFF80      0x00100010         (0, 0, 9)      [14] [SW]
    120     0x0001B400       0xFFFFFF80      0x000000B0         (0, 1, 6)      [1] [SW, S]
    121     0x00011200       0xFFFFFF80      0x00010000         (0, 1, 2)      [10] []
    122     0x00014080       0xFFFFFF80      0x00080000         (0, 1, 8)      [13] []
    123     0x00034B00       0xFFFFFF00      0x00000004         (0, 3, 9)      [] [N]
    124     0x0001CF00       0xFFFFFF80      0x00600010         (0, 1, 9)      [16, 15] [SW]
    125     0x00014B80       0xFFFFFF80      0x00001000         (0, 1, 9)      [6] []
    126     0x0001F880       0xFFFFFF80      0x00040000         (0, 1, 15)      [12] []
    127     0x00017A80       0xFFFFFF80      0x00000002         (0, 1, 15)      [] [NE]
    128     0x00019F00       0xFFFFFF80      0x00000098         (0, 1, 3)      [1] [W, SW]
    129     0x00003D00       0xFFFFFF80      0x00000400         (0, 0, 7)      [4] []
    130     0x00007980       0xFFFFFF80      0x00000800         (0, 0, 15)      [5] []
    131     0x00061800       0xFFFFFF00      0x00000004         (0, 6, 3)      [] [N]
    132     0x0001FC80       0xFFFFFF80      0x00000090         (0, 1, 15)      [1] [SW]
    133     0x00024900       0xFFFFFF80      0x00002000         (0, 2, 9)      [7] []
    134     0x00018000       0xFFFFFF80      0x00000802         (0, 1, 0)      [5] [NE]
    135     0x0000B680       0xFFFFFF80      0x00002000         (0, 0, 6)      [7] []
    136     0x0002B700       0xFFFFFF00      0x00000002         (0, 2, 6)      [] [NE]
    137     0x0001CE00       0xFFFFFF80      0x00180010         (0, 1, 9)      [13, 14] [SW]
    138     0x0000F180       0xFFFFFF80      0x00000800         (0, 0, 14)      [5] []
    139     0x00016980       0xFFFFFF80      0x00020000         (0, 1, 13)      [11] []
    140     0x00015080       0xFFFFFF80      0x00400000         (0, 1, 10)      [16] []
    141     0x00011D80       0xFFFFFF80      0x00000200         (0, 1, 3)      [3] []
    142     0x00010180       0xFFFFFF80      0x00002000         (0, 1, 0)      [7] []
    143     0x0001C480       0xFFFFFF80      0x00FFFE3E         (0, 1, 8)      [3, 4, 5, 6, 7, 8, 9, 10, 11, 12, 13, 14, 15, 16, 17] [NE, N, W, SW, S]
    144     0x00014B00       0xFFFFFF80      0x00000800         (0, 1, 9)      [5] []
    145     0x00005C80       0xFFFFFF80      0x00002000         (0, 0, 11)      [7] []
    146     0x00021400       0xFFFFFF80      0x00400000         (0, 2, 2)      [16] []
    147     0x00061300       0xFFFFFF00      0x00000004         (0, 6, 2)      [] [N]
    148     0x0000F080       0xFFFFFF80      0x00000200         (0, 0, 14)      [3] []
    149     0x00012D80       0xFFFFFF80      0x00000800         (0, 1, 5)      [5] []
    150     0x0000E300       0xFFFFFF80      0x00001000         (0, 0, 12)      [6] []
    151     0x00021C80       0xFFFFFF80      0x00000100         (0, 2, 3)      [2] []
    152     0x0000B800       0xFFFFFF80      0x00010000         (0, 0, 7)      [10] []
    153     0x00034700       0xFFFFFF00      0x00000004         (0, 3, 8)      [] [N]
    154     0x00016080       0xFFFFFF80      0x00000080         (0, 1, 12)      [1] []
    155     0x0000D380       0xFFFFFF80      0x00000800         (0, 0, 10)      [5] []
    156     0x00014D80       0xFFFFFF80      0x00010000         (0, 1, 9)      [10] []
    157     0x0001D000       0xFFFFFF80      0x00800010         (0, 1, 10)      [17] [SW]
    158     0x0000E780       0xFFFFFF80      0x00200000         (0, 0, 12)      [15] []
    159     0x00001D00       0xFFFFFF80      0x00000010         (0, 0, 3)      [] [SW]
    160     0x00061400       0xFFFFFF00      0x00000004         (0, 6, 2)      [] [N]
    161     0x00001D80       0xFFFFFF80      0x00000010         (0, 0, 3)      [] [SW]
    162     0x0001C200       0xFFFFFF80      0x00FFFE3E         (0, 1, 8)      [3, 4, 5, 6, 7, 8, 9, 10, 11, 12, 13, 14, 15, 16, 17] [NE, N, W, SW, S]
    163     0x00018280       0xFFFFFF80      0x00010000         (0, 1, 0)      [10] []
    164     0x0001F600       0xFFFFFF80      0x00000002         (0, 1, 14)      [] [NE]
    165     0x00004D00       0xFFFFFF80      0x00001000         (0, 0, 9)      [6] []
    166     0x0000E480       0xFFFFFF80      0x00008000         (0, 0, 12)      [9] []
    167     0x0001B800       0xFFFFFF80      0x000061B0         (0, 1, 7)      [8, 1, 2, 7] [SW, S]
    168     0x00062900       0xFFFFFF00      0x00000008         (0, 6, 5)      [] [W]
    169     0x00017580       0xFFFFFF80      0x00008002         (0, 1, 14)      [9] [NE]
    170     0x00011100       0xFFFFFF80      0x00004002         (0, 1, 2)      [8] [NE]
    171     0x0000D680       0xFFFFFF80      0x00020008         (0, 0, 10)      [11] [W]
    172     0x00012400       0xFFFFFF80      0x00400000         (0, 1, 4)      [16] []
    173     0x0005DD00       0xFFFFFF00      0x00400000         (0, 5, 11)      [16] []
    174     0x00021080       0xFFFFFF80      0x00200000         (0, 2, 2)      [15] []
    175     0x0001C580       0xFFFFFF80      0x00FFFE3E         (0, 1, 8)      [3, 4, 5, 6, 7, 8, 9, 10, 11, 12, 13, 14, 15, 16, 17] [NE, N, W, SW, S]
    176     0x0001D780       0xFFFFFF80      0x00400010         (0, 1, 10)      [16] [SW]
    177     0x00061500       0xFFFFFF00      0x00000004         (0, 6, 2)      [] [N]
    178     0x0001DF80       0xFFFFFF80      0x00400000         (0, 1, 11)      [16] []
    179     0x00019A00       0xFFFFFF80      0x00010010         (0, 1, 3)      [10] [SW]
    180     0x00016C00       0xFFFFFF80      0x00400000         (0, 1, 13)      [16] []
    181     0x00034000       0xFFFFFF00      0x00000004         (0, 3, 8)      [] [N]
    182     0x0000C880       0xFFFFFF80      0x00080010         (0, 0, 9)      [13] [SW]
    183     0x0001F480       0xFFFFFF80      0x00400002         (0, 1, 14)      [16] [NE]
    184     0x0001BA00       0xFFFFFF80      0x000601B0         (0, 1, 7)      [1, 2, 11, 12] [SW, S]
    185     0x00016880       0xFFFFFF80      0x00008002         (0, 1, 13)      [9] [NE]
    186     0x0001B000       0xFFFFFF80      0x00020030         (0, 1, 6)      [11] [SW, S]
    187     0x00015C80       0xFFFFFF80      0x00040000         (0, 1, 11)      [12] []
    188     0x00061900       0xFFFFFF00      0x00000004         (0, 6, 3)      [] [N]
    189     0x0001E780       0xFFFFFF80      0x00800000         (0, 1, 12)      [17] []
    190     0x00023A80       0xFFFFFF80      0x00000003         (0, 2, 7)      [] [E, NE]
    191     0x00014C80       0xFFFFFF80      0x00004000         (0, 1, 9)      [8] []
    192     0x0000D480       0xFFFFFF80      0x00002000         (0, 0, 10)      [7] []
    193     0x00020680       0xFFFFFF80      0x00000010         (0, 2, 0)      [] [SW]
    194     0x0001AC80       0xFFFFFF80      0x00000410         (0, 1, 5)      [4] [SW]
    195     0x00061600       0xFFFFFF00      0x00000004         (0, 6, 2)      [] [N]
    196     0x00010280       0xFFFFFF80      0x00008000         (0, 1, 0)      [9] []
    197     0x0001A300       0xFFFFFF80      0x00001010         (0, 1, 4)      [6] [SW]
    198     0x00016500       0xFFFFFF80      0x00000002         (0, 1, 12)      [] [NE]
    199     0x0000C780       0xFFFFFF80      0x00020010         (0, 0, 8)      [11] [SW]
    200     0x00022800       0xFFFFFF80      0x00000001         (0, 2, 5)      [] [E]
    201     0x00006B00       0xFFFFFF80      0x00001000         (0, 0, 13)      [6] []
    202     0x00023C80       0xFFFFFF80      0x00000003         (0, 2, 7)      [] [E, NE]
    203     0x00034200       0xFFFFFF00      0x00000004         (0, 3, 8)      [] [N]
    204     0x00014100       0xFFFFFF80      0x00100000         (0, 1, 8)      [14] []
    205     0x0002C400       0xFFFFFF00      0x00000002         (0, 2, 8)      [] [NE]
    206     0x00019C00       0xFFFFFF80      0x00100010         (0, 1, 3)      [14] [SW]
    207     0x0000A980       0xFFFFFF80      0x00020000         (0, 0, 5)      [11] []
    208     0x0000E400       0xFFFFFF80      0x00004000         (0, 0, 12)      [8] []
    209     0x0000D600       0xFFFFFF80      0x00010008         (0, 0, 10)      [10] [W]
    210     0x0001B100       0xFFFFFF80      0x00080030         (0, 1, 6)      [13] [SW, S]
    211     0x0001CD00       0xFFFFFF80      0x00060010         (0, 1, 9)      [11, 12] [SW]
    212     0x0001FA00       0xFFFFFF80      0x00200010         (0, 1, 15)      [15] [SW]
    213     0x0002C500       0xFFFFFF00      0x00000002         (0, 2, 8)      [] [NE]
    214     0x0001B080       0xFFFFFF80      0x00040030         (0, 1, 6)      [12] [SW, S]
    215     0x0002C000       0xFFFFFF00      0x00000002         (0, 2, 8)      [] [NE]
    216     0x00015980       0xFFFFFF80      0x00001000         (0, 1, 11)      [6] []
    217     0x00022280       0xFFFFFF80      0x00000020         (0, 2, 4)      [] [S]
    218     0x00022780       0xFFFFFF80      0x00000021         (0, 2, 4)      [] [E, S]
    219     0x0001A180       0xFFFFFF80      0x00000210         (0, 1, 4)      [3] [SW]
    220     0x00018500       0xFFFFFF80      0x00200000         (0, 1, 0)      [15] []
    221     0x00018480       0xFFFFFF80      0x00100000         (0, 1, 0)      [14] []
    222     0x00017300       0xFFFFFF80      0x00000402         (0, 1, 14)      [4] [NE]
    223     0x00015300       0xFFFFFF80      0x00000100         (0, 1, 10)      [2] []
    224     0x00014400       0xFFFFFF80      0x00000080         (0, 1, 8)      [1] []
    225     0x00013B00       0xFFFFFF80      0x00000002         (0, 1, 7)      [] [NE]
    226     0x0001A000       0xFFFFFF80      0x00000010         (0, 1, 4)      [] [SW]
    227     0x0001EE00       0xFFFFFF80      0x00400000         (0, 1, 13)      [16] []
    228     0x0001C100       0xFFFFFF80      0x00FFFE36         (0, 1, 8)      [3, 4, 5, 6, 7, 8, 9, 10, 11, 12, 13, 14, 15, 16, 17] [NE, N, SW, S]
    229     0x00013200       0xFFFFFF80      0x00100000         (0, 1, 6)      [14] []
    230     0x0001A580       0xFFFFFF80      0x00020010         (0, 1, 4)      [11] [SW]
    231     0x00011F80       0xFFFFFF80      0x00002000         (0, 1, 3)      [7] []
    232     0x00013500       0xFFFFFF80      0x00000082         (0, 1, 6)      [1] [NE]
    233     0x00024D80       0xFFFFFF80      0x00400000         (0, 2, 9)      [16] []
    234     0x00019080       0xFFFFFF80      0x00100000         (0, 1, 2)      [14] []
    235     0x00017980       0xFFFFFF80      0x00800002         (0, 1, 15)      [17] [NE]
    236     0x00007B00       0xFFFFFF80      0x00004000         (0, 0, 15)      [8] []
    237     0x00015880       0xFFFFFF80      0x00000400         (0, 1, 11)      [4] []
    238     0x0000A880       0xFFFFFF80      0x00008000         (0, 0, 5)      [9] []
    239     0x00019C80       0xFFFFFF80      0x00200018         (0, 1, 3)      [15] [W, SW]
    240     0x00009780       0xFFFFFF80      0x00000800         (0, 0, 2)      [5] []
    241     0x0005D200       0xFFFFFF00      0x00000800         (0, 5, 10)      [5] []
    242     0x00011E00       0xFFFFFF80      0x00000400         (0, 1, 3)      [4] []
    243     0x0001C680       0xFFFFFF80      0x00FFFE3E         (0, 1, 8)      [3, 4, 5, 6, 7, 8, 9, 10, 11, 12, 13, 14, 15, 16, 17] [NE, N, W, SW, S]
    244     0x00018580       0xFFFFFF80      0x00400000         (0, 1, 0)      [16] []
    245     0x00019480       0xFFFFFF80      0x00000010         (0, 1, 2)      [] [SW]
    246     0x00020800       0xFFFFFF80      0x00080010         (0, 2, 1)      [13] [SW]
    247     0x00011580       0xFFFFFF80      0x00800000         (0, 1, 2)      [17] []
    248     0x00021100       0xFFFFFF80      0x00400000         (0, 2, 2)      [16] []
    249     0x00012E00       0xFFFFFF80      0x00001000         (0, 1, 5)      [6] []
    250     0x00008880       0xFFFFFF80      0x00000800         (0, 0, 1)      [5] []
    251     0x00020180       0xFFFFFF80      0x00000010         (0, 2, 0)      [] [SW]
    252     0x00017780       0xFFFFFF80      0x00080000         (0, 1, 14)      [13] []
    253     0x00021C00       0xFFFFFF80      0x00000080         (0, 2, 3)      [1] []
    254     0x00017280       0xFFFFFF80      0x00000202         (0, 1, 14)      [3] [NE]
    255     0x00018C80       0xFFFFFF80      0x00001000         (0, 1, 1)      [6] []
    256     0x0000C580       0xFFFFFF80      0x00002000         (0, 0, 8)      [7] []
    257     0x0001CB80       0xFFFFFF80      0x0000C010         (0, 1, 9)      [8, 9] [SW]
    258     0x00025000       0xFFFFFF80      0x00000110         (0, 2, 10)      [2] [SW]
    259     0x0005D700       0xFFFFFF00      0x00010000         (0, 5, 10)      [10] []
    260     0x0000B580       0xFFFFFF80      0x00000800         (0, 0, 6)      [5] []
    261     0x00012280       0xFFFFFF80      0x00080000         (0, 1, 4)      [13] []
    262     0x0001BA80       0xFFFFFF80      0x000C01B0         (0, 1, 7)      [1, 2, 12, 13] [SW, S]
    263     0x00021B00       0xFFFFFF80      0x00000100         (0, 2, 3)      [2] []
    264     0x00012300       0xFFFFFF80      0x00100000         (0, 1, 4)      [14] []
    265     0x0001CB00       0xFFFFFF80      0x00006010         (0, 1, 9)      [8, 7] [SW]
    266     0x00016E80       0xFFFFFF80      0x00000100         (0, 1, 13)      [2] []
    267     0x00002D80       0xFFFFFF80      0x00000200         (0, 0, 5)      [3] []
    268     0x0001B500       0xFFFFFF80      0x00000130         (0, 1, 6)      [2] [SW, S]
    269     0x00015E80       0xFFFFFF80      0x00400000         (0, 1, 11)      [16] []
    270     0x0001E900       0xFFFFFF80      0x00000080         (0, 1, 13)      [1] []
    271     0x0002C100       0xFFFFFF00      0x00000002         (0, 2, 8)      [] [NE]
    272     0x0001AC00       0xFFFFFF80      0x00000210         (0, 1, 5)      [3] [SW]
    273     0x00014A00       0xFFFFFF80      0x00000200         (0, 1, 9)      [3] []
    274     0x00013D00       0xFFFFFF80      0x00001002         (0, 1, 7)      [6] [NE]
    275     0x00018F80       0xFFFFFF80      0x00040000         (0, 1, 1)      [12] []
    276     0x00011480       0xFFFFFF80      0x00200002         (0, 1, 2)      [15] [NE]
    277     0x0001EA00       0xFFFFFF80      0x00004000         (0, 1, 13)      [8] []
    278     0x00011000       0xFFFFFF80      0x00001002         (0, 1, 2)      [6] [NE]
    279     0x0001D480       0xFFFFFF80      0x00010030         (0, 1, 10)      [10] [SW, S]
    280     0x00014200       0xFFFFFF80      0x00400000         (0, 1, 8)      [16] []
    281     0x0001E200       0xFFFFFF80      0x00000100         (0, 1, 12)      [2] []
    282     0x0001B600       0xFFFFFF80      0x000007B0         (0, 1, 6)      [1, 2, 3, 4] [SW, S]
    283     0x00034300       0xFFFFFF00      0x00000004         (0, 3, 8)      [] [N]
    284     0x00034800       0xFFFFFF00      0x00000004         (0, 3, 9)      [] [N]
    285     0x00014E80       0xFFFFFF80      0x00040000         (0, 1, 9)      [12] []
    286     0x0001C800       0xFFFFFF80      0x00FFFE90         (0, 1, 9)      [1, 3, 4, 5, 6, 7, 8, 9, 10, 11, 12, 13, 14, 15, 16, 17] [SW]
    287     0x00013F00       0xFFFFFF80      0x00010000         (0, 1, 7)      [10] []
    288     0x00021000       0xFFFFFF80      0x00000100         (0, 2, 2)      [2] []
    289     0x00018100       0xFFFFFF80      0x00002002         (0, 1, 0)      [7] [NE]
    290     0x0005DA00       0xFFFFFF00      0x00080000         (0, 5, 11)      [13] []
    291     0x00018D00       0xFFFFFF80      0x00002000         (0, 1, 1)      [7] []
    292     0x00017D80       0xFFFFFF80      0x00000002         (0, 1, 15)      [] [NE]
    293     0x0005D800       0xFFFFFF00      0x00020000         (0, 5, 11)      [11] []
    294     0x0000F500       0xFFFFFF80      0x00040000         (0, 0, 14)      [12] []
    295     0x0001BE80       0xFFFFFF80      0x000001BE         (0, 1, 7)      [1, 2] [NE, N, W, SW, S]
    296     0x0001C880       0xFFFFFF80      0x00FFFF90         (0, 1, 9)      [1, 2, 3, 4, 5, 6, 7, 8, 9, 10, 11, 12, 13, 14, 15, 16, 17] [SW]
    297     0x00020A00       0xFFFFFF80      0x00800000         (0, 2, 1)      [17] []
    298     0x00018B80       0xFFFFFF80      0x00000400         (0, 1, 1)      [4] []
    299     0x00013C00       0xFFFFFF80      0x00000402         (0, 1, 7)      [4] [NE]
    300     0x0001FD80       0xFFFFFF80      0x00020010         (0, 1, 15)      [11] [SW]
    301     0x00034400       0xFFFFFF00      0x00000004         (0, 3, 8)      [] [N]
    302     0x0001D400       0xFFFFFF80      0x00008030         (0, 1, 10)      [9] [SW, S]
    303     0x00010F00       0xFFFFFF80      0x00000402         (0, 1, 1)      [4] [NE]
    304     0x00021380       0xFFFFFF80      0x00000100         (0, 2, 2)      [2] []
    305     0x00012080       0xFFFFFF80      0x00008000         (0, 1, 4)      [9] []
    306     0x00062700       0xFFFFFF00      0x00000008         (0, 6, 4)      [] [W]
    307     0x00020480       0xFFFFFF80      0x00200010         (0, 2, 0)      [15] [SW]
    308     0x0001EB00       0xFFFFFF80      0x00010000         (0, 1, 13)      [10] []
    309     0x00016A00       0xFFFFFF80      0x00040000         (0, 1, 13)      [12] []
    310     0x0000C380       0xFFFFFF80      0x00000200         (0, 0, 8)      [3] []
    311     0x00004C80       0xFFFFFF80      0x00000800         (0, 0, 9)      [5] []
    312     0x0001E380       0xFFFFFF80      0x00008000         (0, 1, 12)      [9] []
    313     0x0005DC00       0xFFFFFF00      0x00200000         (0, 5, 11)      [15] []
    314     0x00024C00       0xFFFFFF80      0x00080000         (0, 2, 9)      [13] []
    315     0x00034500       0xFFFFFF00      0x00000004         (0, 3, 8)      [] [N]
    316     0x00011380       0xFFFFFF80      0x00080000         (0, 1, 2)      [13] []
    317     0x00016100       0xFFFFFF80      0x00000102         (0, 1, 12)      [2] [NE]
    318     0x00010D80       0xFFFFFF80      0x00000002         (0, 1, 1)      [] [NE]
    319     0x0001EA80       0xFFFFFF80      0x00008000         (0, 1, 13)      [9] []
    320     0x0001F180       0xFFFFFF80      0x00010002         (0, 1, 14)      [10] [NE]
    321     0x0000A780       0xFFFFFF80      0x00002000         (0, 0, 4)      [7] []
    322     0x00010400       0xFFFFFF80      0x00040000         (0, 1, 0)      [12] []
    323     0x0001D600       0xFFFFFF80      0x00080010         (0, 1, 10)      [13] [SW]
    324     0x00019500       0xFFFFFF80      0x00000010         (0, 1, 2)      [] [SW]
    325     0x0001CC80       0xFFFFFF80      0x00030010         (0, 1, 9)      [10, 11] [SW]
    326     0x00034100       0xFFFFFF00      0x00000004         (0, 3, 8)      [] [N]
    327     0x00024B80       0xFFFFFF80      0x00040000         (0, 2, 9)      [12] []
    328     0x00009A80       0xFFFFFF80      0x00020008         (0, 0, 3)      [11] [W]
    329     0x0001E500       0xFFFFFF80      0x00040000         (0, 1, 12)      [12] []
    330     0x00010E00       0xFFFFFF80      0x00000002         (0, 1, 1)      [] [NE]
    331     0x00006A00       0xFFFFFF80      0x00000400         (0, 0, 13)      [4] []
    332     0x00020000       0xFFFFFF80      0x00400010         (0, 2, 0)      [16] [SW]
    333     0x00019200       0xFFFFFF80      0x00800000         (0, 1, 2)      [17] []
    334     0x0001EC00       0xFFFFFF80      0x00040000         (0, 1, 13)      [12] []
    335     0x00008800       0xFFFFFF80      0x00000400         (0, 0, 1)      [4] []
    336     0x00007880       0xFFFFFF80      0x00000200         (0, 0, 15)      [3] []
    337     0x00020900       0xFFFFFF80      0x00200010         (0, 2, 1)      [15] [SW]
    338     0x00015800       0xFFFFFF80      0x00000200         (0, 1, 11)      [3] []
    339     0x00033D00       0xFFFFFF00      0x00000004         (0, 3, 7)      [] [N]
    340     0x0001CD80       0xFFFFFF80      0x000C0010         (0, 1, 9)      [12, 13] [SW]
    341     0x00006B80       0xFFFFFF80      0x00002000         (0, 0, 13)      [7] []
    342     0x0002C200       0xFFFFFF00      0x00000002         (0, 2, 8)      [] [NE]
    343     0x0000E600       0xFFFFFF80      0x00040000         (0, 0, 12)      [12] []
    344     0x00018200       0xFFFFFF80      0x00008002         (0, 1, 0)      [9] [NE]
    345     0x0001DC80       0xFFFFFF80      0x00010000         (0, 1, 11)      [10] []
    346     0x00017F80       0xFFFFFF80      0x00000402         (0, 1, 15)      [4] [NE]
    347     0x0001F280       0xFFFFFF80      0x00040000         (0, 1, 14)      [12] []
    348     0x0000B500       0xFFFFFF80      0x00000400         (0, 0, 6)      [4] []
    349     0x00017E80       0xFFFFFF80      0x00000002         (0, 1, 15)      [] [NE]
    350     0x00061200       0xFFFFFF00      0x00000004         (0, 6, 2)      [] [N]
    351     0x0001A100       0xFFFFFF80      0x00000010         (0, 1, 4)      [] [SW]
    352     0x00012D00       0xFFFFFF80      0x00000400         (0, 1, 5)      [4] []
    353     0x0000A680       0xFFFFFF80      0x00000800         (0, 0, 4)      [5] []
    354     0x0000E200       0xFFFFFF80      0x00000400         (0, 0, 12)      [4] []
    355     0x00018E00       0xFFFFFF80      0x00008000         (0, 1, 1)      [9] []
    356     0x00014000       0xFFFFFF80      0x00040000         (0, 1, 8)      [12] []
    357     0x00019E00       0xFFFFFF80      0x00000018         (0, 1, 3)      [] [W, SW]
    358     0x0001C000       0xFFFFFF80      0x00FFFE36         (0, 1, 8)      [3, 4, 5, 6, 7, 8, 9, 10, 11, 12, 13, 14, 15, 16, 17] [NE, N, SW, S]
    359     0x0001BB80       0xFFFFFF80      0x003001B0         (0, 1, 7)      [1, 2, 14, 15] [SW, S]
    360     0x0000C680       0xFFFFFF80      0x00008010         (0, 0, 8)      [9] [SW]
    361     0x00018800       0xFFFFFF80      0x00000100         (0, 1, 1)      [2] []
    362     0x00062400       0xFFFFFF00      0x00000008         (0, 6, 4)      [] [W]
    363     0x0000C480       0xFFFFFF80      0x00000800         (0, 0, 8)      [5] []
    364     0x0001E000       0xFFFFFF80      0x00800000         (0, 1, 12)      [17] []
    365     0x0005D100       0xFFFFFF00      0x00000400         (0, 5, 10)      [4] []
    366     0x0001CA80       0xFFFFFF80      0x00003010         (0, 1, 9)      [6, 7] [SW]
    367     0x0001B280       0xFFFFFF80      0x00400030         (0, 1, 6)      [16] [SW, S]
    368     0x0001A280       0xFFFFFF80      0x00000810         (0, 1, 4)      [5] [SW]
    369     0x0000B700       0xFFFFFF80      0x00004000         (0, 0, 6)      [8] []
    370     0x00011E80       0xFFFFFF80      0x00000800         (0, 1, 3)      [5] []
    371     0x0001A900       0xFFFFFF80      0x00000010         (0, 1, 5)      [] [SW]
    372     0x0000D580       0xFFFFFF80      0x00008008         (0, 0, 10)      [9] [W]
    373     0x0001CF80       0xFFFFFF80      0x00C00010         (0, 1, 9)      [16, 17] [SW]
    374     0x0001BC00       0xFFFFFF80      0x006001B0         (0, 1, 7)      [16, 1, 2, 15] [SW, S]
    375     0x00024800       0xFFFFFF80      0x00000800         (0, 2, 9)      [5] []
    376     0x00023980       0xFFFFFF80      0x00000003         (0, 2, 7)      [] [E, NE]
    377     0x00023B80       0xFFFFFF80      0x00000003         (0, 2, 7)      [] [E, NE]
    378     0x0001F680       0xFFFFFF80      0x00000082         (0, 1, 14)      [1] [NE]
    379     0x00022E00       0xFFFFFF80      0x00FFFE00         (0, 2, 5)      [3, 4, 5, 6, 7, 8, 9, 10, 11, 12, 13, 14, 15, 16, 17] []
    380     0x0001B980       0xFFFFFF80      0x000301B0         (0, 1, 7)      [1, 2, 11, 10] [SW, S]
    381     0x00005A80       0xFFFFFF80      0x00000200         (0, 0, 11)      [3] []
    382     0x0005D000       0xFFFFFF00      0x00000200         (0, 5, 10)      [3] []
    383     0x0001B380       0xFFFFFF80      0x00000030         (0, 1, 6)      [] [SW, S]
    384     0x00017880       0xFFFFFF80      0x00200002         (0, 1, 15)      [15] [NE]
    385     0x0001B180       0xFFFFFF80      0x00100030         (0, 1, 6)      [14] [SW, S]
    386     0x00019400       0xFFFFFF80      0x00000110         (0, 1, 2)      [2] [SW]
    387     0x00013C80       0xFFFFFF80      0x00000802         (0, 1, 7)      [5] [NE]
    388     0x0000D300       0xFFFFFF80      0x00000400         (0, 0, 10)      [4] []
    389     0x00019100       0xFFFFFF80      0x00200000         (0, 1, 2)      [15] []
    390     0x00062600       0xFFFFFF00      0x00000008         (0, 6, 4)      [] [W]
    391     0x00004B00       0xFFFFFF80      0x00000010         (0, 0, 9)      [] [SW]
    392     0x0001E980       0xFFFFFF80      0x00000100         (0, 1, 13)      [2] []
    393     0x00017680       0xFFFFFF80      0x00020000         (0, 1, 14)      [11] []
    394     0x0000D880       0xFFFFFF80      0x00200008         (0, 0, 11)      [15] [W]
    395     0x00004B80       0xFFFFFF80      0x00000210         (0, 0, 9)      [3] [SW]
    396     0x0001F000       0xFFFFFF80      0x00000080         (0, 1, 14)      [1] []
    397     0x00016700       0xFFFFFF80      0x00001002         (0, 1, 12)      [6] [NE]
    398     0x0000FF80       0xFFFFFF80      0x00000200         (0, 0, 15)      [3] []
    399     0x00022D80       0xFFFFFF80      0x00000180         (0, 2, 5)      [1, 2] []
    400     0x00021D80       0xFFFFFF80      0x00000100         (0, 2, 3)      [2] []
    401     0x00020700       0xFFFFFF80      0x00000090         (0, 2, 0)      [1] [SW]
    402     0x00018180       0xFFFFFF80      0x00004002         (0, 1, 0)      [8] [NE]
    403     0x0001A400       0xFFFFFF80      0x00004018         (0, 1, 4)      [8] [W, SW]
    404     0x00008A80       0xFFFFFF80      0x00008008         (0, 0, 1)      [9] [W]
    405     0x0001F780       0xFFFFFF80      0x00010002         (0, 1, 14)      [10] [NE]
    406     0x0000B480       0xFFFFFF80      0x00000200         (0, 0, 6)      [3] []
    407     0x0005DB00       0xFFFFFF00      0x00100000         (0, 5, 11)      [14] []
    408     0x00016C80       0xFFFFFF80      0x00800000         (0, 1, 13)      [17] []
    409     0x0001C080       0xFFFFFF80      0x00FFFE36         (0, 1, 8)      [3, 4, 5, 6, 7, 8, 9, 10, 11, 12, 13, 14, 15, 16, 17] [NE, N, SW, S]
    410     0x00011F00       0xFFFFFF80      0x00001000         (0, 1, 3)      [6] []
    411     0x0001F900       0xFFFFFF80      0x00080010         (0, 1, 15)      [13] [SW]
    412     0x00015000       0xFFFFFF80      0x00200000         (0, 1, 10)      [15] []
    413     0x00018B00       0xFFFFFF80      0x00000200         (0, 1, 1)      [3] []
    414     0x0001B200       0xFFFFFF80      0x00200030         (0, 1, 6)      [15] [SW, S]
    415     0x0005D900       0xFFFFFF00      0x00040000         (0, 5, 11)      [12] []
    416     0x0001ED00       0xFFFFFF80      0x00100000         (0, 1, 13)      [14] []
    417     0x0002C300       0xFFFFFF00      0x00000002         (0, 2, 8)      [] [NE]
    418     0x00019580       0xFFFFFF80      0x00000010         (0, 1, 2)      [] [SW]
    419     0x0000E700       0xFFFFFF80      0x00100000         (0, 0, 12)      [14] []
    420     0x0001CC00       0xFFFFFF80      0x00018010         (0, 1, 9)      [9, 10] [SW]
    421     0x0001E680       0xFFFFFF80      0x00200000         (0, 1, 12)      [15] []
    422     0x0000F300       0xFFFFFF80      0x00004000         (0, 0, 14)      [8] []
    423     0x00008A00       0xFFFFFF80      0x00004008         (0, 0, 1)      [8] [W]
    424     0x00009680       0xFFFFFF80      0x00000200         (0, 0, 2)      [3] []
    425     0x00012380       0xFFFFFF80      0x00200000         (0, 1, 4)      [15] []
    426     0x00024880       0xFFFFFF80      0x00001000         (0, 2, 9)      [6] []
    427     0x0000F100       0xFFFFFF80      0x00000400         (0, 0, 14)      [4] []
    428     0x00021D00       0xFFFFFF80      0x00000080         (0, 2, 3)      [1] []
    429     0x0000E280       0xFFFFFF80      0x00000800         (0, 0, 12)      [5] []
    430     0x0001D100       0xFFFFFF80      0x00000090         (0, 1, 10)      [1] [SW]
    431     0x00014D00       0xFFFFFF80      0x00008000         (0, 1, 9)      [9] []
    432     0x00024700       0xFFFFFF80      0x00000200         (0, 2, 8)      [3] []
    433     0x00021600       0xFFFFFF80      0x00000080         (0, 2, 2)      [1] []
    434     0x00017500       0xFFFFFF80      0x00004002         (0, 1, 14)      [8] [NE]
    435     0x0001D700       0xFFFFFF80      0x00200010         (0, 1, 10)      [15] [SW]
    436     0x0001FC00       0xFFFFFF80      0x00000010         (0, 1, 15)      [] [SW]
    437     0x0001BF00       0xFFFFFF80      0x000001BE         (0, 1, 7)      [1, 2] [NE, N, W, SW, S]
    438     0x00016900       0xFFFFFF80      0x00010000         (0, 1, 13)      [10] []
    439     0x00010080       0xFFFFFF80      0x00000800         (0, 1, 0)      [5] []
    440     0x0000B980       0xFFFFFF80      0x00080010         (0, 0, 7)      [13] [SW]
    441     0x00019680       0xFFFFFF80      0x00000210         (0, 1, 2)      [3] [SW]
    442     0x0001E600       0xFFFFFF80      0x00100000         (0, 1, 12)      [14] []
    443     0x00023C00       0xFFFFFF80      0x00000003         (0, 2, 7)      [] [E, NE]
    444     0x0001D080       0xFFFFFF80      0x00000010         (0, 1, 10)      [] [SW]
    445     0x0002B900       0xFFFFFF00      0x00000002         (0, 2, 7)      [] [NE]
    446     0x00034900       0xFFFFFF00      0x00000004         (0, 3, 9)      [] [N]
    447     0x0001B780       0xFFFFFF80      0x000031B0         (0, 1, 6)      [1, 2, 6, 7] [SW, S]
    448     0x0001FE80       0xFFFFFF80      0x00080010         (0, 1, 15)      [13] [SW]
    449     0x00018780       0xFFFFFF80      0x00000080         (0, 1, 0)      [1] []
    450     0x0001C780       0xFFFFFF80      0x00FFFE10         (0, 1, 8)      [3, 4, 5, 6, 7, 8, 9, 10, 11, 12, 13, 14, 15, 16, 17] [SW]
    451     0x0001CA00       0xFFFFFF80      0x00001810         (0, 1, 9)      [5, 6] [SW]
    452     0x0005DE00       0xFFFFFF00      0x00800000         (0, 5, 11)      [17] []
    453     0x00024C80       0xFFFFFF80      0x00100000         (0, 2, 9)      [14] []
    454     0x00023900       0xFFFFFF80      0x00000003         (0, 2, 7)      [] [E, NE]
    455     0x0001C400       0xFFFFFF80      0x00FFFE3E         (0, 1, 8)      [3, 4, 5, 6, 7, 8, 9, 10, 11, 12, 13, 14, 15, 16, 17] [NE, N, W, SW, S]
    456     0x00020980       0xFFFFFF80      0x00400010         (0, 2, 1)      [16] [SW]
    457     0x00004A80       0xFFFFFF80      0x00000010         (0, 0, 9)      [] [SW]
    458     0x0002C600       0xFFFFFF00      0x00000002         (0, 2, 8)      [] [NE]
    459     0x0000E500       0xFFFFFF80      0x00010000         (0, 0, 12)      [10] []
    460     0x0002BC00       0xFFFFFF00      0x00000002         (0, 2, 7)      [] [NE]
    461     0x00018380       0xFFFFFF80      0x00040000         (0, 1, 0)      [12] []
    462     0x00016800       0xFFFFFF80      0x00004002         (0, 1, 13)      [8] [NE]
    463     0x00012F00       0xFFFFFF80      0x00004002         (0, 1, 5)      [8] [NE]
    464     0x00010500       0xFFFFFF80      0x00100000         (0, 1, 0)      [14] []
    465     0x00019800       0xFFFFFF80      0x00001010         (0, 1, 3)      [6] [SW]
    466     0x00013480       0xFFFFFF80      0x00000002         (0, 1, 6)      [] [NE]
    467     0x00013100       0xFFFFFF80      0x00040000         (0, 1, 6)      [12] []
    468     0x00010200       0xFFFFFF80      0x00004000         (0, 1, 0)      [8] []
    469     0x00013E00       0xFFFFFF80      0x00004002         (0, 1, 7)      [8] [NE]
    470     0x00012180       0xFFFFFF80      0x00020000         (0, 1, 4)      [11] []
    471     0x0000F780       0xFFFFFF80      0x00800000         (0, 0, 14)      [17] []
    472     0x0001B580       0xFFFFFF80      0x000003B0         (0, 1, 6)      [1, 2, 3] [SW, S]
    473     0x0001C700       0xFFFFFF80      0x00FFFE10         (0, 1, 8)      [3, 4, 5, 6, 7, 8, 9, 10, 11, 12, 13, 14, 15, 16, 17] [SW]
    474     0x0001BD00       0xFFFFFF80      0x008001B0         (0, 1, 7)      [1, 2, 17] [SW, S]
    475     0x00021E00       0xFFFFFF80      0x00000100         (0, 2, 3)      [2] []
    476     0x0001C180       0xFFFFFF80      0x00FFFE36         (0, 1, 8)      [3, 4, 5, 6, 7, 8, 9, 10, 11, 12, 13, 14, 15, 16, 17] [NE, N, SW, S]
    477     0x00016B00       0xFFFFFF80      0x00100000         (0, 1, 13)      [14] []
    478     0x00012480       0xFFFFFF80      0x00800000         (0, 1, 4)      [17] []
    479     0x00020E00       0xFFFFFF80      0x00800000         (0, 2, 1)      [17] []
    480     0x00018600       0xFFFFFF80      0x00800000         (0, 1, 0)      [17] []
    481     0x0005D300       0xFFFFFF00      0x00001000         (0, 5, 10)      [6] []
    482     0x00014E00       0xFFFFFF80      0x00020000         (0, 1, 9)      [11] []
    483     0x0001BC80       0xFFFFFF80      0x00C001B0         (0, 1, 7)      [16, 1, 2, 17] [SW, S]
    484     0x00019180       0xFFFFFF80      0x00400000         (0, 1, 2)      [16] []
    485     0x00010300       0xFFFFFF80      0x00010000         (0, 1, 0)      [10] []
    486     0x00020200       0xFFFFFF80      0x00000090         (0, 2, 0)      [1] [SW]
    487     0x00015900       0xFFFFFF80      0x00000800         (0, 1, 11)      [5] []
    488     0x0002BF00       0xFFFFFF00      0x00000002         (0, 2, 7)      [] [NE]
    489     0x0001C900       0xFFFFFF80      0x00000610         (0, 1, 9)      [3, 4] [SW]
    490     0x00013300       0xFFFFFF80      0x00400002         (0, 1, 6)      [16] [NE]
    491     0x00019980       0xFFFFFF80      0x00008010         (0, 1, 3)      [9] [SW]
    492     0x00010C80       0xFFFFFF80      0x00000002         (0, 1, 1)      [] [NE]
    493     0x0001F400       0xFFFFFF80      0x00200002         (0, 1, 14)      [15] [NE]
    494     0x0001F300       0xFFFFFF80      0x00080000         (0, 1, 14)      [13] []
    495     0x0000F580       0xFFFFFF80      0x00080000         (0, 0, 14)      [13] []
    496     0x0000E800       0xFFFFFF80      0x00400000         (0, 0, 13)      [16] []
    497     0x0001D200       0xFFFFFF80      0x00000830         (0, 1, 10)      [5] [SW, S]
    498     0x0001A380       0xFFFFFF80      0x00002010         (0, 1, 4)      [7] [SW]
    499     0x00020100       0xFFFFFF80      0x00000010         (0, 2, 0)      [] [SW]
    500     0x00007900       0xFFFFFF80      0x00000400         (0, 0, 15)      [4] []
    501     0x00005C00       0xFFFFFF80      0x00001000         (0, 0, 11)      [6] []
    502     0x00013D80       0xFFFFFF80      0x00002002         (0, 1, 7)      [7] [NE]
    503     0x0000B600       0xFFFFFF80      0x00001000         (0, 0, 6)      [6] []
    504     0x00013080       0xFFFFFF80      0x00020000         (0, 1, 6)      [11] []
    505     0x0001E300       0xFFFFFF80      0x00004000         (0, 1, 12)      [8] []
    506     0x00010100       0xFFFFFF80      0x00001000         (0, 1, 0)      [6] []
    507     0x00020080       0xFFFFFF80      0x00800010         (0, 2, 0)      [17] [SW]
    508     0x00015B00       0xFFFFFF80      0x00008000         (0, 1, 11)      [9] []
    509     0x0002BA00       0xFFFFFF00      0x00000002         (0, 2, 7)      [] [NE]
    510     0x0001C980       0xFFFFFF80      0x00000C10         (0, 1, 9)      [4, 5] [SW]
    511     0x00020B80       0xFFFFFF80      0x00000080         (0, 2, 1)      [1] []
    512     0x00015F00       0xFFFFFF80      0x00800000         (0, 1, 11)      [17] []
    513     0x0001AF80       0xFFFFFF80      0x00010030         (0, 1, 5)      [10] [SW, S]
    514     0x00033F00       0xFFFFFF00      0x00000004         (0, 3, 7)      [] [N]
    515     0x00024780       0xFFFFFF80      0x00000400         (0, 2, 8)      [4] []
    516     0x00017A00       0xFFFFFF80      0x00000002         (0, 1, 15)      [] [NE]
    517     0x00023800       0xFFFFFF80      0x00000002         (0, 2, 7)      [] [NE]
    518     0x00015280       0xFFFFFF80      0x00000080         (0, 1, 10)      [1] []
    519     0x00020400       0xFFFFFF80      0x00100010         (0, 2, 0)      [14] [SW]
    520     0x00013A80       0xFFFFFF80      0x00000002         (0, 1, 7)      [] [NE]
    521     0x0001F500       0xFFFFFF80      0x00800002         (0, 1, 14)      [17] [NE]
    522     0x00010600       0xFFFFFF80      0x00400000         (0, 1, 0)      [16] []
    523     0x00019780       0xFFFFFF80      0x00000810         (0, 1, 2)      [5] [SW]
    524     0x00019900       0xFFFFFF80      0x00004010         (0, 1, 3)      [8] [SW]
    525     0x00011280       0xFFFFFF80      0x00020000         (0, 1, 2)      [11] []
    526     0x00019880       0xFFFFFF80      0x00002010         (0, 1, 3)      [7] [SW]
    527     0x0001F800       0xFFFFFF80      0x00020000         (0, 1, 15)      [11] []
    528     0x0000AA00       0xFFFFFF80      0x00040000         (0, 0, 5)      [12] []
    529     0x0001A080       0xFFFFFF80      0x00000010         (0, 1, 4)      [] [SW]
    530     0x0001DB00       0xFFFFFF80      0x00002000         (0, 1, 11)      [7] []
    531     0x00023B00       0xFFFFFF80      0x00000003         (0, 2, 7)      [] [E, NE]
    532     0x0001FF80       0xFFFFFF80      0x00200010         (0, 1, 15)      [15] [SW]
    533     0x0000C500       0xFFFFFF80      0x00001000         (0, 0, 8)      [6] []
    534     0x00024E00       0xFFFFFF80      0x00800010         (0, 2, 9)      [17] [SW]
    535     0x0005D400       0xFFFFFF00      0x00002000         (0, 5, 10)      [7] []
    536     0x0000D400       0xFFFFFF80      0x00001000         (0, 0, 10)      [6] []
    537     0x0001CE80       0xFFFFFF80      0x00300010         (0, 1, 9)      [14, 15] [SW]
    538     0x0000D800       0xFFFFFF80      0x00100008         (0, 0, 11)      [14] [W]
    539     0x00024F80       0xFFFFFF80      0x00000090         (0, 2, 9)      [1] [SW]
    540     0x0001DE00       0xFFFFFF80      0x00080000         (0, 1, 11)      [13] []
    541     0x0000F200       0xFFFFFF80      0x00001000         (0, 0, 14)      [6] []
    542     0x00007A00       0xFFFFFF80      0x00001000         (0, 0, 15)      [6] []
    543     0x0001C500       0xFFFFFF80      0x00FFFE3E         (0, 1, 8)      [3, 4, 5, 6, 7, 8, 9, 10, 11, 12, 13, 14, 15, 16, 17] [NE, N, W, SW, S]
    544     0x00014C00       0xFFFFFF80      0x00002000         (0, 1, 9)      [7] []
    545     0x00014480       0xFFFFFF80      0x00000100         (0, 1, 8)      [2] []
    546     0x0001D180       0xFFFFFF80      0x00000130         (0, 1, 10)      [2] [SW, S]
    547     0x00009880       0xFFFFFF80      0x00002000         (0, 0, 3)      [7] []
    548     0x00015C00       0xFFFFFF80      0x00020000         (0, 1, 11)      [11] []
    549     0x00024980       0xFFFFFF80      0x00004000         (0, 2, 9)      [8] []
    550     0x00016480       0xFFFFFF80      0x00000002         (0, 1, 12)      [] [NE]
    551     0x00023780       0xFFFFFF80      0x00000002         (0, 2, 6)      [] [NE]
    552     0x0001C600       0xFFFFFF80      0x00FFFE3E         (0, 1, 8)      [3, 4, 5, 6, 7, 8, 9, 10, 11, 12, 13, 14, 15, 16, 17] [NE, N, W, SW, S]
    553     0x00034A00       0xFFFFFF00      0x00000004         (0, 3, 9)      [] [N]
    554     0x00019D80       0xFFFFFF80      0x00800018         (0, 1, 3)      [17] [W, SW]
    555     0x00018C00       0xFFFFFF80      0x00000800         (0, 1, 1)      [5] []
    556     0x00017480       0xFFFFFF80      0x00002002         (0, 1, 14)      [7] [NE]
    557     0x00014180       0xFFFFFF80      0x00200000         (0, 1, 8)      [15] []
    558     0x0005D600       0xFFFFFF00      0x00008000         (0, 5, 10)      [9] []
    559     0x00013400       0xFFFFFF80      0x00000002         (0, 1, 6)      [] [NE]
    560     0x0000B880       0xFFFFFF80      0x00020000         (0, 0, 7)      [11] []
    561     0x0001E400       0xFFFFFF80      0x00010000         (0, 1, 12)      [10] []
    562     0x0001FB00       0xFFFFFF80      0x00800010         (0, 1, 15)      [17] [SW]
    563     0x0000E380       0xFFFFFF80      0x00002000         (0, 0, 12)      [7] []
    564     0x0001F700       0xFFFFFF80      0x00000102         (0, 1, 14)      [2] [NE]
    565     0x0001E280       0xFFFFFF80      0x00002000         (0, 1, 12)      [7] []
    566     0x00018D80       0xFFFFFF80      0x00004000         (0, 1, 1)      [8] []
    567     0x0000A800       0xFFFFFF80      0x00004000         (0, 0, 5)      [8] []
    568     0x0001B700       0xFFFFFF80      0x000019B0         (0, 1, 6)      [1, 2, 5, 6] [SW, S]
    569     0x00012000       0xFFFFFF80      0x00004000         (0, 1, 4)      [8] []
    570     0x00034600       0xFFFFFF00      0x00000004         (0, 3, 8)      [] [N]
    571     0x0000A900       0xFFFFFF80      0x00010000         (0, 0, 5)      [10] []
    572     0x0001B900       0xFFFFFF80      0x000181B0         (0, 1, 7)      [1, 2, 10, 9] [SW, S]
    573     0x00013180       0xFFFFFF80      0x00080000         (0, 1, 6)      [13] []
    574     0x0001BE00       0xFFFFFF80      0x000001B0         (0, 1, 7)      [1, 2] [SW, S]
    575     0x0002BD00       0xFFFFFF00      0x00000002         (0, 2, 7)      [] [NE]
    576     0x0001AA80       0xFFFFFF80      0x00000110         (0, 1, 5)      [2] [SW]
    577     0x00010E80       0xFFFFFF80      0x00000202         (0, 1, 1)      [3] [NE]
    578     0x0001A800       0xFFFFFF80      0x00400010         (0, 1, 5)      [16] [SW]
    579     0x0001FD00       0xFFFFFF80      0x00000110         (0, 1, 15)      [2] [SW]
    580     0x00011180       0xFFFFFF80      0x00008002         (0, 1, 2)      [9] [NE]
    581     0x00022200       0xFFFFFF80      0x00000020         (0, 2, 4)      [] [S]
    582     0x00013B80       0xFFFFFF80      0x00000202         (0, 1, 7)      [3] [NE]
    583     0x0001C300       0xFFFFFF80      0x00FFFE3E         (0, 1, 8)      [3, 4, 5, 6, 7, 8, 9, 10, 11, 12, 13, 14, 15, 16, 17] [NE, N, W, SW, S]
    584     0x0002BB00       0xFFFFFF00      0x00000002         (0, 2, 7)      [] [NE]
    585     0x00015D80       0xFFFFFF80      0x00100000         (0, 1, 11)      [14] []
    586     0x00016680       0xFFFFFF80      0x00000802         (0, 1, 12)      [5] [NE]
    587     0x00021480       0xFFFFFF80      0x00800000         (0, 2, 2)      [17] []
    588     0x00017B00       0xFFFFFF80      0x00000082         (0, 1, 15)      [1] [NE]
    589     0x00008780       0xFFFFFF80      0x00000200         (0, 0, 0)      [3] []
    590     0x00004980       0xFFFFFF80      0x00000010         (0, 0, 9)      [] [SW]
    591     0x0005D500       0xFFFFFF00      0x00004000         (0, 5, 10)      [8] []
    592     0x0001EC80       0xFFFFFF80      0x00080000         (0, 1, 13)      [13] []
    593     0x00010D00       0xFFFFFF80      0x00000002         (0, 1, 1)      [] [NE]
    594     0x0001AB80       0xFFFFFF80      0x00000010         (0, 1, 5)      [] [SW]
    595     0x00015D00       0xFFFFFF80      0x00080000         (0, 1, 11)      [13] []
    596     0x00062200       0xFFFFFF00      0x00000008         (0, 6, 4)      [] [W]
    597     0x00016600       0xFFFFFF80      0x00000402         (0, 1, 12)      [4] [NE]
    598     0x00008900       0xFFFFFF80      0x00001000         (0, 0, 1)      [6] []
    599     0x0001D280       0xFFFFFF80      0x00001030         (0, 1, 10)      [6] [SW, S]
    600     0x00017F00       0xFFFFFF80      0x00000202         (0, 1, 15)      [3] [NE]
    601     0x00002E00       0xFFFFFF80      0x00000400         (0, 0, 5)      [4] []
    602     0x00007A80       0xFFFFFF80      0x00002000         (0, 0, 15)      [7] []
    603     0x00024A00       0xFFFFFF80      0x00008000         (0, 2, 9)      [9] []
    604     0x0000B780       0xFFFFFF80      0x00008000         (0, 0, 6)      [9] []
    605     0x00061100       0xFFFFFF00      0x00000004         (0, 6, 2)      [] [N]
    606     0x00021880       0xFFFFFF80      0x00000080         (0, 2, 3)      [1] []
    607     0x00001C80       0xFFFFFF80      0x00000010         (0, 0, 3)      [] [SW]
    608     0x00021700       0xFFFFFF80      0x00800000         (0, 2, 2)      [17] []
    609     0x0001F580       0xFFFFFF80      0x00000002         (0, 1, 14)      [] [NE]
    610     0x0005CE00       0xFFFFFF00      0x00000080         (0, 5, 9)      [1] []
    611     0x0001D980       0xFFFFFF80      0x00000080         (0, 1, 11)      [1] []
    612     0x00017700       0xFFFFFF80      0x00040000         (0, 1, 14)      [12] []
    613     0x00017E00       0xFFFFFF80      0x00000002         (0, 1, 15)      [] [NE]
    614     0x00014F00       0xFFFFFF80      0x00080000         (0, 1, 9)      [13] []
    615     0x0001DD00       0xFFFFFF80      0x00020000         (0, 1, 11)      [11] []
    616     0x00016E00       0xFFFFFF80      0x00000080         (0, 1, 13)      [1] []
    617     0x0001AD80       0xFFFFFF80      0x00001030         (0, 1, 5)      [6] [SW, S]
    618     0x0005CF00       0xFFFFFF00      0x00000100         (0, 5, 9)      [2] []
    619     0x00012C80       0xFFFFFF80      0x00000200         (0, 1, 5)      [3] []
    620     0x0000A580       0xFFFFFF80      0x00000200         (0, 0, 4)      [3] []
    621     0x0001DB80       0xFFFFFF80      0x00004000         (0, 1, 11)      [8] []
    622     0x00019B80       0xFFFFFF80      0x00080010         (0, 1, 3)      [13] [SW]
    623     0x0001AB00       0xFFFFFF80      0x00000010         (0, 1, 5)      [] [SW]
    624     0x0001E700       0xFFFFFF80      0x00400000         (0, 1, 12)      [16] []
    625     0x00022700       0xFFFFFF80      0x00000020         (0, 2, 4)      [] [S]
    626     0x00014280       0xFFFFFF80      0x00800000         (0, 1, 8)      [17] []
    627     0x00015A00       0xFFFFFF80      0x00002000         (0, 1, 11)      [7] []
    628     0x00016580       0xFFFFFF80      0x00000202         (0, 1, 12)      [3] [NE]
    629     0x00024D00       0xFFFFFF80      0x00200000         (0, 2, 9)      [15] []
    630     0x00017B80       0xFFFFFF80      0x00000102         (0, 1, 15)      [2] [NE]
    631     0x00016B80       0xFFFFFF80      0x00200000         (0, 1, 13)      [15] []
    632     0x00018080       0xFFFFFF80      0x00001002         (0, 1, 0)      [6] [NE]
    633     0x0000F680       0xFFFFFF80      0x00200000         (0, 0, 14)      [15] []
    634     0x00017380       0xFFFFFF80      0x00000802         (0, 1, 14)      [5] [NE]
    635     0x00020880       0xFFFFFF80      0x00100010         (0, 2, 1)      [14] [SW]
    636     0x00006C00       0xFFFFFF80      0x00004008         (0, 0, 13)      [8] [W]
    637     0x00010F80       0xFFFFFF80      0x00000802         (0, 1, 1)      [5] [NE]
    638     0x00021680       0xFFFFFF80      0x00000100         (0, 2, 2)      [2] []
    639     0x00015E00       0xFFFFFF80      0x00200000         (0, 1, 11)      [15] []
    640     0x00017200       0xFFFFFF80      0x00000002         (0, 1, 14)      [] [NE]
    641     0x00019A80       0xFFFFFF80      0x00020010         (0, 1, 3)      [11] [SW]
    642     0x00024B00       0xFFFFFF80      0x00020000         (0, 2, 9)      [11] []
    643     0x00015100       0xFFFFFF80      0x00800000         (0, 1, 10)      [17] []
    644     0x0001E180       0xFFFFFF80      0x00000080         (0, 1, 12)      [1] []
    645     0x00020D80       0xFFFFFF80      0x00400000         (0, 2, 1)      [16] []
    646     0x00006A80       0xFFFFFF80      0x00000800         (0, 0, 13)      [5] []
    647     0x0000C700       0xFFFFFF80      0x00010010         (0, 0, 8)      [10] [SW]
    648     0x0001AA00       0xFFFFFF80      0x00000090         (0, 1, 5)      [1] [SW]
    649     0x00013E80       0xFFFFFF80      0x00008002         (0, 1, 7)      [9] [NE]
    650     0x00018300       0xFFFFFF80      0x00020000         (0, 1, 0)      [11] []
    651     0x00012E80       0xFFFFFF80      0x00002002         (0, 1, 5)      [7] [NE]
    652     0x0000D280       0xFFFFFF80      0x00000200         (0, 0, 10)      [3] []
    653     0x00022000       0xFFFFFF80      0x00000020         (0, 2, 4)      [] [S]
    654     0x00062800       0xFFFFFF00      0x00000008         (0, 6, 5)      [] [W]
    655     0x00015B80       0xFFFFFF80      0x00010000         (0, 1, 11)      [10] []
    656     0x0001EE80       0xFFFFFF80      0x00800000         (0, 1, 13)      [17] []
    657     0x00019B00       0xFFFFFF80      0x00040010         (0, 1, 3)      [12] [SW]
    658     0x00017600       0xFFFFFF80      0x00010000         (0, 1, 14)      [10] []
    659     0x00019F80       0xFFFFFF80      0x00000118         (0, 1, 3)      [2] [W, SW]
    660     0x00013580       0xFFFFFF80      0x00000102         (0, 1, 6)      [2] [NE]
    661     0x00007B80       0xFFFFFF80      0x00008010         (0, 0, 15)      [9] [SW]
    662     0x00017800       0xFFFFFF80      0x00100000         (0, 1, 15)      [14] []
    663     0x00020D00       0xFFFFFF80      0x00200000         (0, 2, 1)      [15] []
    664     0x0001A780       0xFFFFFF80      0x00200010         (0, 1, 4)      [15] [SW]
    665     0x00012600       0xFFFFFF80      0x00000080         (0, 1, 4)      [1] []
    666     0x0001A480       0xFFFFFF80      0x00008018         (0, 1, 4)      [9] [W, SW]
    667     0x00020C00       0xFFFFFF80      0x00000100         (0, 2, 1)      [2] []
    668     0x0001DA00       0xFFFFFF80      0x00000100         (0, 1, 11)      [2] []
    669     0x00003D80       0xFFFFFF80      0x00000800         (0, 0, 7)      [5] []
    670     0x00020F80       0xFFFFFF80      0x00000080         (0, 2, 1)      [1] []
    671     0x00011300       0xFFFFFF80      0x00040000         (0, 1, 2)      [12] []
    672     0x00010680       0xFFFFFF80      0x00800000         (0, 1, 0)      [17] []
    673     0x0001AD00       0xFFFFFF80      0x00000810         (0, 1, 5)      [5] [SW]
    674     0x00018F00       0xFFFFFF80      0x00020000         (0, 1, 1)      [11] []
    675     0x0001B480       0xFFFFFF80      0x000001B0         (0, 1, 6)      [1, 2] [SW, S]
    676     0x00004A00       0xFFFFFF80      0x00000010         (0, 0, 9)      [] [SW]
    677     0x0001B300       0xFFFFFF80      0x00800030         (0, 1, 6)      [17] [SW, S]
    678     0x00009A00       0xFFFFFF80      0x00010008         (0, 0, 3)      [10] [W]
    679     0x0001C380       0xFFFFFF80      0x00FFFE3E         (0, 1, 8)      [3, 4, 5, 6, 7, 8, 9, 10, 11, 12, 13, 14, 15, 16, 17] [NE, N, W, SW, S]
    680     0x0001DF00       0xFFFFFF80      0x00200000         (0, 1, 11)      [15] []
    681     0x0000F280       0xFFFFFF80      0x00002000         (0, 0, 14)      [7] []
    682     0x00021A80       0xFFFFFF80      0x00000080         (0, 2, 3)      [1] []
    683     0x0001D800       0xFFFFFF80      0x00800000         (0, 1, 11)      [17] []
    684     0x00016A80       0xFFFFFF80      0x00080000         (0, 1, 13)      [13] []
    685     0x0000C600       0xFFFFFF80      0x00004000         (0, 0, 8)      [8] []
    686     0x00004C00       0xFFFFFF80      0x00000400         (0, 0, 9)      [4] []
    687     0x0001F380       0xFFFFFF80      0x00100000         (0, 1, 14)      [14] []
