router contains 371 entries 
 
  Index   Key(hex)    Mask(hex)    Route(hex)    Src. Core -> [Cores][Links]
------------------------------------------------------------------------------
    0     0x00063B00       0xFFFFFF00      0x00000020         (0, 6, 7)      [] [S]
    1     0x00012400       0xFFFFFF80      0x00000020         (0, 1, 4)      [] [S]
    2     0x00020C80       0xFFFFFF80      0x0000000C         (0, 2, 1)      [] [N, W]
    3     0x00017500       0xFFFFFF80      0x00000020         (0, 1, 14)      [] [S]
    4     0x00020C00       0xFFFFFF80      0x00000004         (0, 2, 1)      [] [N]
    5     0x00020300       0xFFFFFF80      0x00000008         (0, 2, 0)      [] [W]
    6     0x0001CB00       0xFFFFFF80      0x00000008         (0, 1, 9)      [] [W]
    7     0x00023E80       0xFFFFFF80      0x00000800         (0, 2, 7)      [5] []
    8     0x00024080       0xFFFFFF80      0x00008000         (0, 2, 8)      [9] []
    9     0x0003E100       0xFFFFFF00      0x00000002         (0, 3, 12)      [] [NE]
    10     0x0001DD00       0xFFFFFF80      0x0000000C         (0, 1, 11)      [] [N, W]
    11     0x0001CA80       0xFFFFFF80      0x00000008         (0, 1, 9)      [] [W]
    12     0x0001EA00       0xFFFFFF80      0x00000008         (0, 1, 13)      [] [W]
    13     0x00013280       0xFFFFFF80      0x00000020         (0, 1, 6)      [] [S]
    14     0x0001E080       0xFFFFFF80      0x0000000C         (0, 1, 12)      [] [N, W]
    15     0x0001FB80       0xFFFFFF80      0x00000008         (0, 1, 15)      [] [W]
    16     0x00017900       0xFFFFFF80      0x00000020         (0, 1, 15)      [] [S]
    17     0x0001CA00       0xFFFFFF80      0x00000008         (0, 1, 9)      [] [W]
    18     0x0001DE00       0xFFFFFF80      0x0000000C         (0, 1, 11)      [] [N, W]
    19     0x0003EA00       0xFFFFFF00      0x00000010         (0, 3, 13)      [] [SW]
    20     0x0001E700       0xFFFFFF80      0x0000000C         (0, 1, 12)      [] [N, W]
    21     0x0001E980       0xFFFFFF80      0x00000004         (0, 1, 13)      [] [N]
    22     0x0001BD80       0xFFFFFF80      0x00000008         (0, 1, 7)      [] [W]
    23     0x0001AD80       0xFFFFFF80      0x00000008         (0, 1, 5)      [] [W]
    24     0x00013480       0xFFFFFF80      0x00000020         (0, 1, 6)      [] [S]
    25     0x00063700       0xFFFFFF00      0x00000020         (0, 6, 6)      [] [S]
    26     0x00024E00       0xFFFFFF80      0x00000018         (0, 2, 9)      [] [W, SW]
    27     0x00058900       0xFFFFFF00      0x00000001         (0, 5, 1)      [] [E]
    28     0x00011580       0xFFFFFF80      0x00000021         (0, 1, 2)      [] [E, S]
    29     0x00004580       0xFFFFFF80      0x00000008         (0, 0, 8)      [] [W]
    30     0x00058F00       0xFFFFFF00      0x00000001         (0, 5, 1)      [] [E]
    31     0x00016C00       0xFFFFFF80      0x00000020         (0, 1, 13)      [] [S]
    32     0x00017400       0xFFFFFF80      0x00000020         (0, 1, 14)      [] [S]
    33     0x00024400       0xFFFFFF80      0x00400000         (0, 2, 8)      [16] []
    34     0x0000D500       0xFFFFFF80      0x00000021         (0, 0, 10)      [] [E, S]
    35     0x00020480       0xFFFFFF80      0x00000008         (0, 2, 0)      [] [W]
    36     0x00058600       0xFFFFFF00      0x00000001         (0, 5, 0)      [] [E]
    37     0x0001FE00       0xFFFFFF80      0x00000008         (0, 1, 15)      [] [W]
    38     0x0001E600       0xFFFFFF80      0x0000000C         (0, 1, 12)      [] [N, W]
    39     0x00063300       0xFFFFFF00      0x00000020         (0, 6, 6)      [] [S]
    40     0x00004880       0xFFFFFF80      0x00000008         (0, 0, 9)      [] [W]
    41     0x00023F00       0xFFFFFF80      0x00001000         (0, 2, 7)      [6] []
    42     0x00060800       0xFFFFFF00      0x00000020         (0, 6, 1)      [] [S]
    43     0x00020880       0xFFFFFF80      0x00000008         (0, 2, 1)      [] [W]
    44     0x0001B200       0xFFFFFF80      0x00000008         (0, 1, 6)      [] [W]
    45     0x0000D380       0xFFFFFF80      0x00000001         (0, 0, 10)      [] [E]
    46     0x00024C00       0xFFFFFF80      0x00000101         (0, 2, 9)      [2] [E]
    47     0x00020B00       0xFFFFFF80      0x0000000C         (0, 2, 1)      [] [N, W]
    48     0x00011500       0xFFFFFF80      0x00000021         (0, 1, 2)      [] [E, S]
    49     0x00058700       0xFFFFFF00      0x00000001         (0, 5, 0)      [] [E]
    50     0x0001DF80       0xFFFFFF80      0x0000000C         (0, 1, 11)      [] [N, W]
    51     0x00065700       0xFFFFFF00      0x00000001         (0, 6, 10)      [] [E]
    52     0x00024F00       0xFFFFFF80      0x00000018         (0, 2, 9)      [] [W, SW]
    53     0x00059000       0xFFFFFF00      0x00000001         (0, 5, 2)      [] [E]
    54     0x00012100       0xFFFFFF80      0x00000020         (0, 1, 4)      [] [S]
    55     0x0001FC00       0xFFFFFF80      0x00000008         (0, 1, 15)      [] [W]
    56     0x0003EF00       0xFFFFFF00      0x00000010         (0, 3, 13)      [] [SW]
    57     0x0001EA80       0xFFFFFF80      0x00000008         (0, 1, 13)      [] [W]
    58     0x0003E300       0xFFFFFF00      0x00000002         (0, 3, 12)      [] [NE]
    59     0x00004B00       0xFFFFFF80      0x00000008         (0, 0, 9)      [] [W]
    60     0x00058B00       0xFFFFFF00      0x00000001         (0, 5, 1)      [] [E]
    61     0x00021000       0xFFFFFF80      0x00000004         (0, 2, 2)      [] [N]
    62     0x00058800       0xFFFFFF00      0x00000001         (0, 5, 1)      [] [E]
    63     0x0001DD80       0xFFFFFF80      0x0000000C         (0, 1, 11)      [] [N, W]
    64     0x00017880       0xFFFFFF80      0x00000020         (0, 1, 15)      [] [S]
    65     0x00019600       0xFFFFFF80      0x00000008         (0, 1, 2)      [] [W]
    66     0x00024880       0xFFFFFF80      0x00000001         (0, 2, 9)      [] [E]
    67     0x0001A880       0xFFFFFF80      0x00000008         (0, 1, 5)      [] [W]
    68     0x0001D700       0xFFFFFF80      0x00000008         (0, 1, 10)      [] [W]
    69     0x00020080       0xFFFFFF80      0x00000008         (0, 2, 0)      [] [W]
    70     0x0001C600       0xFFFFFF80      0x00000008         (0, 1, 8)      [] [W]
    71     0x00063600       0xFFFFFF00      0x00000020         (0, 6, 6)      [] [S]
    72     0x00024900       0xFFFFFF80      0x00000001         (0, 2, 9)      [] [E]
    73     0x0000D880       0xFFFFFF80      0x00000021         (0, 0, 11)      [] [E, S]
    74     0x00062F00       0xFFFFFF00      0x00000020         (0, 6, 5)      [] [S]
    75     0x00004800       0xFFFFFF80      0x00000008         (0, 0, 9)      [] [W]
    76     0x0001B180       0xFFFFFF80      0x00000008         (0, 1, 6)      [] [W]
    77     0x0001DC80       0xFFFFFF80      0x0000000C         (0, 1, 11)      [] [N, W]
    78     0x00065900       0xFFFFFF00      0x00000001         (0, 6, 11)      [] [E]
    79     0x0001D980       0xFFFFFF80      0x00000004         (0, 1, 11)      [] [N]
    80     0x0001F000       0xFFFFFF80      0x00000004         (0, 1, 14)      [] [N]
    81     0x00064B00       0xFFFFFF00      0x00000002         (0, 6, 9)      [] [NE]
    82     0x0001B580       0xFFFFFF80      0x00000008         (0, 1, 6)      [] [W]
    83     0x00060600       0xFFFFFF00      0x00000020         (0, 6, 0)      [] [S]
    84     0x00024D80       0xFFFFFF80      0x00000001         (0, 2, 9)      [] [E]
    85     0x00011F00       0xFFFFFF80      0x00000020         (0, 1, 3)      [] [S]
    86     0x00058A00       0xFFFFFF00      0x00000001         (0, 5, 1)      [] [E]
    87     0x0001DF00       0xFFFFFF80      0x0000000C         (0, 1, 11)      [] [N, W]
    88     0x00020380       0xFFFFFF80      0x00000008         (0, 2, 0)      [] [W]
    89     0x0001E000       0xFFFFFF80      0x0000000C         (0, 1, 12)      [] [N, W]
    90     0x00065400       0xFFFFFF00      0x00000001         (0, 6, 10)      [] [E]
    91     0x0001BE00       0xFFFFFF80      0x00000008         (0, 1, 7)      [] [W]
    92     0x0003ED00       0xFFFFFF00      0x00000010         (0, 3, 13)      [] [SW]
    93     0x00065A00       0xFFFFFF00      0x00000001         (0, 6, 11)      [] [E]
    94     0x0001FE80       0xFFFFFF80      0x00000008         (0, 1, 15)      [] [W]
    95     0x0001D300       0xFFFFFF80      0x00000008         (0, 1, 10)      [] [W]
    96     0x0001F900       0xFFFFFF80      0x00000008         (0, 1, 15)      [] [W]
    97     0x00059200       0xFFFFFF00      0x00000001         (0, 5, 2)      [] [E]
    98     0x0001FA80       0xFFFFFF80      0x00000008         (0, 1, 15)      [] [W]
    99     0x00016C80       0xFFFFFF80      0x00000020         (0, 1, 13)      [] [S]
    100     0x00021180       0xFFFFFF80      0x0000000C         (0, 2, 2)      [] [N, W]
    101     0x0001AF00       0xFFFFFF80      0x00000008         (0, 1, 5)      [] [W]
    102     0x00020F00       0xFFFFFF80      0x0000000C         (0, 2, 1)      [] [N, W]
    103     0x0001CD80       0xFFFFFF80      0x00000008         (0, 1, 9)      [] [W]
    104     0x0003EC00       0xFFFFFF00      0x00000010         (0, 3, 13)      [] [SW]
    105     0x00008280       0xFFFFFF80      0x00000008         (0, 0, 0)      [] [W]
    106     0x00020D00       0xFFFFFF80      0x0000000C         (0, 2, 1)      [] [N, W]
    107     0x00012180       0xFFFFFF80      0x00000020         (0, 1, 4)      [] [S]
    108     0x00058500       0xFFFFFF00      0x00000001         (0, 5, 0)      [] [E]
    109     0x0001DB80       0xFFFFFF80      0x0000000C         (0, 1, 11)      [] [N, W]
    110     0x00004900       0xFFFFFF80      0x00000008         (0, 0, 9)      [] [W]
    111     0x00059100       0xFFFFFF00      0x00000001         (0, 5, 2)      [] [E]
    112     0x00013300       0xFFFFFF80      0x00000020         (0, 1, 6)      [] [S]
    113     0x00024300       0xFFFFFF80      0x00100000         (0, 2, 8)      [14] []
    114     0x0001EB80       0xFFFFFF80      0x0000000C         (0, 1, 13)      [] [N, W]
    115     0x0001FF80       0xFFFFFF80      0x00000008         (0, 1, 15)      [] [W]
    116     0x0001EC80       0xFFFFFF80      0x0000000C         (0, 1, 13)      [] [N, W]
    117     0x00017480       0xFFFFFF80      0x00000020         (0, 1, 14)      [] [S]
    118     0x0001B400       0xFFFFFF80      0x00000008         (0, 1, 6)      [] [W]
    119     0x00020600       0xFFFFFF80      0x00000008         (0, 2, 0)      [] [W]
    120     0x00017B00       0xFFFFFF80      0x00000020         (0, 1, 15)      [] [S]
    121     0x00063100       0xFFFFFF00      0x00000020         (0, 6, 6)      [] [S]
    122     0x0000D700       0xFFFFFF80      0x00000021         (0, 0, 10)      [] [E, S]
    123     0x00021200       0xFFFFFF80      0x0000000C         (0, 2, 2)      [] [N, W]
    124     0x0000E700       0xFFFFFF80      0x00000020         (0, 0, 12)      [] [S]
    125     0x0000E780       0xFFFFFF80      0x00000020         (0, 0, 12)      [] [S]
    126     0x0001E500       0xFFFFFF80      0x0000000C         (0, 1, 12)      [] [N, W]
    127     0x00017700       0xFFFFFF80      0x00000020         (0, 1, 14)      [] [S]
    128     0x0001AF80       0xFFFFFF80      0x00000008         (0, 1, 5)      [] [W]
    129     0x00020E00       0xFFFFFF80      0x0000000C         (0, 2, 1)      [] [N, W]
    130     0x00024F80       0xFFFFFF80      0x00000018         (0, 2, 9)      [] [W, SW]
    131     0x00063400       0xFFFFFF00      0x00000020         (0, 6, 6)      [] [S]
    132     0x0003E200       0xFFFFFF00      0x00000002         (0, 3, 12)      [] [NE]
    133     0x00065B00       0xFFFFFF00      0x00000001         (0, 6, 11)      [] [E]
    134     0x00065600       0xFFFFFF00      0x00000001         (0, 6, 10)      [] [E]
    135     0x00058400       0xFFFFFF00      0x00000001         (0, 5, 0)      [] [E]
    136     0x00020980       0xFFFFFF80      0x00000008         (0, 2, 1)      [] [W]
    137     0x00017980       0xFFFFFF80      0x00000020         (0, 1, 15)      [] [S]
    138     0x00012200       0xFFFFFF80      0x00000020         (0, 1, 4)      [] [S]
    139     0x00021080       0xFFFFFF80      0x0000000C         (0, 2, 2)      [] [N, W]
    140     0x0001FB00       0xFFFFFF80      0x00000008         (0, 1, 15)      [] [W]
    141     0x00024000       0xFFFFFF80      0x00004000         (0, 2, 8)      [8] []
    142     0x00008580       0xFFFFFF80      0x00000008         (0, 0, 0)      [] [W]
    143     0x0001E300       0xFFFFFF80      0x0000000C         (0, 1, 12)      [] [N, W]
    144     0x0001FA00       0xFFFFFF80      0x00000008         (0, 1, 15)      [] [W]
    145     0x00022500       0xFFFFFF80      0x007FFC00         (0, 2, 4)      [4, 5, 6, 7, 8, 9, 10, 11, 12, 13, 14, 15, 16] []
    146     0x0003E500       0xFFFFFF00      0x00000010         (0, 3, 12)      [] [SW]
    147     0x00023E00       0xFFFFFF80      0x00000400         (0, 2, 7)      [4] []
    148     0x00060700       0xFFFFFF00      0x00000020         (0, 6, 0)      [] [S]
    149     0x00024A00       0xFFFFFF80      0x00000001         (0, 2, 9)      [] [E]
    150     0x00008200       0xFFFFFF80      0x00000008         (0, 0, 0)      [] [W]
    151     0x00016980       0xFFFFFF80      0x00000020         (0, 1, 13)      [] [S]
    152     0x00020180       0xFFFFFF80      0x00000008         (0, 2, 0)      [] [W]
    153     0x0001FF00       0xFFFFFF80      0x00000008         (0, 1, 15)      [] [W]
    154     0x0001D480       0xFFFFFF80      0x00000008         (0, 1, 10)      [] [W]
    155     0x00065C00       0xFFFFFF00      0x00000001         (0, 6, 11)      [] [E]
    156     0x0001D280       0xFFFFFF80      0x00000008         (0, 1, 10)      [] [W]
    157     0x00024B80       0xFFFFFF80      0x00000081         (0, 2, 9)      [1] [E]
    158     0x00013400       0xFFFFFF80      0x00000020         (0, 1, 6)      [] [S]
    159     0x00016D00       0xFFFFFF80      0x00000020         (0, 1, 13)      [] [S]
    160     0x00017580       0xFFFFFF80      0x00000020         (0, 1, 14)      [] [S]
    161     0x00058300       0xFFFFFF00      0x00000001         (0, 5, 0)      [] [E]
    162     0x00024D00       0xFFFFFF80      0x00000001         (0, 2, 9)      [] [E]
    163     0x0001B380       0xFFFFFF80      0x00000008         (0, 1, 6)      [] [W]
    164     0x00004600       0xFFFFFF80      0x00000008         (0, 0, 8)      [] [W]
    165     0x0001D380       0xFFFFFF80      0x00000008         (0, 1, 10)      [] [W]
    166     0x0001B000       0xFFFFFF80      0x00000008         (0, 1, 6)      [] [W]
    167     0x00064700       0xFFFFFF00      0x00000002         (0, 6, 8)      [] [NE]
    168     0x0000D580       0xFFFFFF80      0x00000021         (0, 0, 10)      [] [E, S]
    169     0x00020F80       0xFFFFFF80      0x00000004         (0, 2, 1)      [] [N]
    170     0x0003E600       0xFFFFFF00      0x00000010         (0, 3, 12)      [] [SW]
    171     0x00065D00       0xFFFFFF00      0x00000001         (0, 6, 11)      [] [E]
    172     0x0000D780       0xFFFFFF80      0x00000021         (0, 0, 10)      [] [E, S]
    173     0x00012480       0xFFFFFF80      0x00000020         (0, 1, 4)      [] [S]
    174     0x0001DA80       0xFFFFFF80      0x0000000C         (0, 1, 11)      [] [N, W]
    175     0x0001D600       0xFFFFFF80      0x00000008         (0, 1, 10)      [] [W]
    176     0x00020A00       0xFFFFFF80      0x0000000C         (0, 2, 1)      [] [N, W]
    177     0x00024C80       0xFFFFFF80      0x00000201         (0, 2, 9)      [3] [E]
    178     0x00064A00       0xFFFFFF00      0x00000002         (0, 6, 9)      [] [NE]
    179     0x0003EE00       0xFFFFFF00      0x00000010         (0, 3, 13)      [] [SW]
    180     0x00016D80       0xFFFFFF80      0x00000020         (0, 1, 13)      [] [S]
    181     0x0001E280       0xFFFFFF80      0x0000000C         (0, 1, 12)      [] [N, W]
    182     0x00019480       0xFFFFFF80      0x00000008         (0, 1, 2)      [] [W]
    183     0x00022400       0xFFFFFF80      0x00000002         (0, 2, 4)      [] [NE]
    184     0x0001EB00       0xFFFFFF80      0x00000008         (0, 1, 13)      [] [W]
    185     0x00020500       0xFFFFFF80      0x00000008         (0, 2, 0)      [] [W]
    186     0x00011600       0xFFFFFF80      0x00000021         (0, 1, 2)      [] [E, S]
    187     0x00011D00       0xFFFFFF80      0x00000001         (0, 1, 3)      [] [E]
    188     0x0000C180       0xFFFFFF80      0x00000008         (0, 0, 8)      [] [W]
    189     0x0001CD00       0xFFFFFF80      0x00000008         (0, 1, 9)      [] [W]
    190     0x00016A80       0xFFFFFF80      0x00000020         (0, 1, 13)      [] [S]
    191     0x00020400       0xFFFFFF80      0x00000008         (0, 2, 0)      [] [W]
    192     0x00060100       0xFFFFFF00      0x00000020         (0, 6, 0)      [] [S]
    193     0x0001B100       0xFFFFFF80      0x00000008         (0, 1, 6)      [] [W]
    194     0x00063900       0xFFFFFF00      0x00000020         (0, 6, 7)      [] [S]
    195     0x0001DB00       0xFFFFFF80      0x0000000C         (0, 1, 11)      [] [N, W]
    196     0x0001C780       0xFFFFFF80      0x00000008         (0, 1, 8)      [] [W]
    197     0x0001AE00       0xFFFFFF80      0x00000008         (0, 1, 5)      [] [W]
    198     0x00004680       0xFFFFFF80      0x00000008         (0, 0, 8)      [] [W]
    199     0x00011680       0xFFFFFF80      0x00000021         (0, 1, 2)      [] [E, S]
    200     0x00024200       0xFFFFFF80      0x00040000         (0, 2, 8)      [12] []
    201     0x00004780       0xFFFFFF80      0x00000008         (0, 0, 8)      [] [W]
    202     0x00013380       0xFFFFFF80      0x00000020         (0, 1, 6)      [] [S]
    203     0x0000E800       0xFFFFFF80      0x00000020         (0, 0, 13)      [] [S]
    204     0x0001ED80       0xFFFFFF80      0x0000000C         (0, 1, 13)      [] [N, W]
    205     0x00062B00       0xFFFFFF00      0x00000020         (0, 6, 5)      [] [S]
    206     0x0001C900       0xFFFFFF80      0x00000008         (0, 1, 9)      [] [W]
    207     0x00063500       0xFFFFFF00      0x00000020         (0, 6, 6)      [] [S]
    208     0x0000D480       0xFFFFFF80      0x00000021         (0, 0, 10)      [] [E, S]
    209     0x00020680       0xFFFFFF80      0x00000008         (0, 2, 0)      [] [W]
    210     0x00064800       0xFFFFFF00      0x00000002         (0, 6, 9)      [] [NE]
    211     0x0000C280       0xFFFFFF80      0x00000008         (0, 0, 8)      [] [W]
    212     0x00064C00       0xFFFFFF00      0x00000002         (0, 6, 9)      [] [NE]
    213     0x00058C00       0xFFFFFF00      0x00000001         (0, 5, 1)      [] [E]
    214     0x0000D600       0xFFFFFF80      0x00000021         (0, 0, 10)      [] [E, S]
    215     0x00024B00       0xFFFFFF80      0x00000001         (0, 2, 9)      [] [E]
    216     0x0003EB00       0xFFFFFF00      0x00000010         (0, 3, 13)      [] [SW]
    217     0x00018180       0xFFFFFF80      0x00000020         (0, 1, 0)      [] [S]
    218     0x00024380       0xFFFFFF80      0x00200000         (0, 2, 8)      [15] []
    219     0x00062E00       0xFFFFFF00      0x00000020         (0, 6, 5)      [] [S]
    220     0x00060300       0xFFFFFF00      0x00000020         (0, 6, 0)      [] [S]
    221     0x00062C00       0xFFFFFF00      0x00000020         (0, 6, 5)      [] [S]
    222     0x00012580       0xFFFFFF80      0x00000020         (0, 1, 4)      [] [S]
    223     0x00063800       0xFFFFFF00      0x00000020         (0, 6, 7)      [] [S]
    224     0x0001B080       0xFFFFFF80      0x00000008         (0, 1, 6)      [] [W]
    225     0x0001D080       0xFFFFFF80      0x00000008         (0, 1, 10)      [] [W]
    226     0x0001B280       0xFFFFFF80      0x00000008         (0, 1, 6)      [] [W]
    227     0x0001BC80       0xFFFFFF80      0x00000008         (0, 1, 7)      [] [W]
    228     0x0000D400       0xFFFFFF80      0x00000021         (0, 0, 10)      [] [E, S]
    229     0x00025000       0xFFFFFF80      0x00000018         (0, 2, 10)      [] [W, SW]
    230     0x00020580       0xFFFFFF80      0x00000008         (0, 2, 0)      [] [W]
    231     0x0001CC00       0xFFFFFF80      0x00000008         (0, 1, 9)      [] [W]
    232     0x00060400       0xFFFFFF00      0x00000020         (0, 6, 0)      [] [S]
    233     0x00018280       0xFFFFFF80      0x00000020         (0, 1, 0)      [] [S]
    234     0x0003E400       0xFFFFFF00      0x00000002         (0, 3, 12)      [] [NE]
    235     0x00062D00       0xFFFFFF00      0x00000020         (0, 6, 5)      [] [S]
    236     0x0001AE80       0xFFFFFF80      0x00000008         (0, 1, 5)      [] [W]
    237     0x0001E780       0xFFFFFF80      0x0000000C         (0, 1, 12)      [] [N, W]
    238     0x00060200       0xFFFFFF00      0x00000020         (0, 6, 0)      [] [S]
    239     0x0000D800       0xFFFFFF80      0x00000021         (0, 0, 11)      [] [E, S]
    240     0x00017A00       0xFFFFFF80      0x00000020         (0, 1, 15)      [] [S]
    241     0x00012000       0xFFFFFF80      0x00000020         (0, 1, 4)      [] [S]
    242     0x0001DE80       0xFFFFFF80      0x0000000C         (0, 1, 11)      [] [N, W]
    243     0x0001AB80       0xFFFFFF80      0x00000008         (0, 1, 5)      [] [W]
    244     0x00012500       0xFFFFFF80      0x00000020         (0, 1, 4)      [] [S]
    245     0x00060500       0xFFFFFF00      0x00000020         (0, 6, 0)      [] [S]
    246     0x00004700       0xFFFFFF80      0x00000008         (0, 0, 8)      [] [W]
    247     0x00008500       0xFFFFFF80      0x00000008         (0, 0, 0)      [] [W]
    248     0x00011F80       0xFFFFFF80      0x00000020         (0, 1, 3)      [] [S]
    249     0x0001E480       0xFFFFFF80      0x0000000C         (0, 1, 12)      [] [N, W]
    250     0x0001DC00       0xFFFFFF80      0x0000000C         (0, 1, 11)      [] [N, W]
    251     0x00019580       0xFFFFFF80      0x00000008         (0, 1, 2)      [] [W]
    252     0x0001D880       0xFFFFFF80      0x0000000C         (0, 1, 11)      [] [N, W]
    253     0x0001FD80       0xFFFFFF80      0x00000008         (0, 1, 15)      [] [W]
    254     0x0000C200       0xFFFFFF80      0x00000008         (0, 0, 8)      [] [W]
    255     0x00058E00       0xFFFFFF00      0x00000001         (0, 5, 1)      [] [E]
    256     0x00004A00       0xFFFFFF80      0x00000008         (0, 0, 9)      [] [W]
    257     0x0003F000       0xFFFFFF00      0x00000010         (0, 3, 14)      [] [SW]
    258     0x00020000       0xFFFFFF80      0x00000008         (0, 2, 0)      [] [W]
    259     0x0001CF00       0xFFFFFF80      0x00000008         (0, 1, 9)      [] [W]
    260     0x00013200       0xFFFFFF80      0x00000020         (0, 1, 6)      [] [S]
    261     0x00021100       0xFFFFFF80      0x0000000C         (0, 2, 2)      [] [N, W]
    262     0x00008400       0xFFFFFF80      0x00000008         (0, 0, 0)      [] [W]
    263     0x00022480       0xFFFFFF80      0x00000382         (0, 2, 4)      [1, 2, 3] [NE]
    264     0x0001A980       0xFFFFFF80      0x00000008         (0, 1, 5)      [] [W]
    265     0x00016E00       0xFFFFFF80      0x00000020         (0, 1, 13)      [] [S]
    266     0x00020100       0xFFFFFF80      0x00000008         (0, 2, 0)      [] [W]
    267     0x0001EE00       0xFFFFFF80      0x0000000C         (0, 1, 13)      [] [N, W]
    268     0x00004980       0xFFFFFF80      0x00000008         (0, 0, 9)      [] [W]
    269     0x0001BD00       0xFFFFFF80      0x00000008         (0, 1, 7)      [] [W]
    270     0x0001E800       0xFFFFFF80      0x0000000C         (0, 1, 13)      [] [N, W]
    271     0x00063000       0xFFFFFF00      0x00000020         (0, 6, 6)      [] [S]
    272     0x00017780       0xFFFFFF80      0x00000020         (0, 1, 14)      [] [S]
    273     0x0001C680       0xFFFFFF80      0x00000008         (0, 1, 8)      [] [W]
    274     0x0001EE80       0xFFFFFF80      0x0000000C         (0, 1, 13)      [] [N, W]
    275     0x00063200       0xFFFFFF00      0x00000020         (0, 6, 6)      [] [S]
    276     0x00017B80       0xFFFFFF80      0x00000020         (0, 1, 15)      [] [S]
    277     0x0001D580       0xFFFFFF80      0x00000008         (0, 1, 10)      [] [W]
    278     0x00008180       0xFFFFFF80      0x00000008         (0, 0, 0)      [] [W]
    279     0x00024180       0xFFFFFF80      0x00020000         (0, 2, 8)      [11] []
    280     0x00063A00       0xFFFFFF00      0x00000020         (0, 6, 7)      [] [S]
    281     0x00064600       0xFFFFFF00      0x00000002         (0, 6, 8)      [] [NE]
    282     0x0001E400       0xFFFFFF80      0x0000000C         (0, 1, 12)      [] [N, W]
    283     0x00023F80       0xFFFFFF80      0x00002000         (0, 2, 7)      [7] []
    284     0x00013500       0xFFFFFF80      0x00000020         (0, 1, 6)      [] [S]
    285     0x00020E80       0xFFFFFF80      0x0000000C         (0, 2, 1)      [] [N, W]
    286     0x0003E800       0xFFFFFF00      0x00000010         (0, 3, 13)      [] [SW]
    287     0x0001B300       0xFFFFFF80      0x00000008         (0, 1, 6)      [] [W]
    288     0x00058200       0xFFFFFF00      0x00000001         (0, 5, 0)      [] [E]
    289     0x00016100       0xFFFFFF80      0x00000020         (0, 1, 12)      [] [S]
    290     0x00064900       0xFFFFFF00      0x00000002         (0, 6, 9)      [] [NE]
    291     0x00011C80       0xFFFFFF80      0x00000001         (0, 1, 3)      [] [E]
    292     0x0001F980       0xFFFFFF80      0x00000008         (0, 1, 15)      [] [W]
    293     0x0001C980       0xFFFFFF80      0x00000008         (0, 1, 9)      [] [W]
    294     0x00012E00       0xFFFFFF80      0x00000020         (0, 1, 5)      [] [S]
    295     0x00065500       0xFFFFFF00      0x00000001         (0, 6, 10)      [] [E]
    296     0x0000C300       0xFFFFFF80      0x00000008         (0, 0, 8)      [] [W]
    297     0x0003E700       0xFFFFFF00      0x00000010         (0, 3, 12)      [] [SW]
    298     0x00008380       0xFFFFFF80      0x00000008         (0, 0, 0)      [] [W]
    299     0x00013580       0xFFFFFF80      0x00000020         (0, 1, 6)      [] [S]
    300     0x00020800       0xFFFFFF80      0x00000008         (0, 2, 1)      [] [W]
    301     0x00012300       0xFFFFFF80      0x00000020         (0, 1, 4)      [] [S]
    302     0x00024800       0xFFFFFF80      0x00000001         (0, 2, 9)      [] [E]
    303     0x00016A00       0xFFFFFF80      0x00000020         (0, 1, 13)      [] [S]
    304     0x00018200       0xFFFFFF80      0x00000020         (0, 1, 0)      [] [S]
    305     0x0001D900       0xFFFFFF80      0x0000000C         (0, 1, 11)      [] [N, W]
    306     0x00024980       0xFFFFFF80      0x00000001         (0, 2, 9)      [] [E]
    307     0x0000D680       0xFFFFFF80      0x00000021         (0, 0, 10)      [] [E, S]
    308     0x00012280       0xFFFFFF80      0x00000020         (0, 1, 4)      [] [S]
    309     0x0001D400       0xFFFFFF80      0x00000008         (0, 1, 10)      [] [W]
    310     0x0001EF00       0xFFFFFF80      0x0000000C         (0, 1, 13)      [] [N, W]
    311     0x0001A900       0xFFFFFF80      0x00000008         (0, 1, 5)      [] [W]
    312     0x0001D800       0xFFFFFF80      0x0000000C         (0, 1, 11)      [] [N, W]
    313     0x00012600       0xFFFFFF80      0x00000020         (0, 1, 4)      [] [S]
    314     0x00020D80       0xFFFFFF80      0x0000000C         (0, 2, 1)      [] [N, W]
    315     0x0001E180       0xFFFFFF80      0x00000004         (0, 1, 12)      [] [N]
    316     0x00017A80       0xFFFFFF80      0x00000020         (0, 1, 15)      [] [S]
    317     0x0001D780       0xFFFFFF80      0x00000008         (0, 1, 10)      [] [W]
    318     0x0001E200       0xFFFFFF80      0x00000004         (0, 1, 12)      [] [N]
    319     0x0001CE00       0xFFFFFF80      0x00000008         (0, 1, 9)      [] [W]
    320     0x00012380       0xFFFFFF80      0x00000020         (0, 1, 4)      [] [S]
    321     0x00024E80       0xFFFFFF80      0x00000018         (0, 2, 9)      [] [W, SW]
    322     0x00016E80       0xFFFFFF80      0x00000020         (0, 1, 13)      [] [S]
    323     0x00018100       0xFFFFFF80      0x00000020         (0, 1, 0)      [] [S]
    324     0x0001CC80       0xFFFFFF80      0x00000008         (0, 1, 9)      [] [W]
    325     0x00017680       0xFFFFFF80      0x00000020         (0, 1, 14)      [] [S]
    326     0x00008100       0xFFFFFF80      0x00000008         (0, 0, 0)      [] [W]
    327     0x0001DA00       0xFFFFFF80      0x00000004         (0, 1, 11)      [] [N]
    328     0x00024780       0xFFFFFF80      0x00000001         (0, 2, 8)      [] [E]
    329     0x00008480       0xFFFFFF80      0x00000008         (0, 0, 0)      [] [W]
    330     0x0001E380       0xFFFFFF80      0x0000000C         (0, 1, 12)      [] [N, W]
    331     0x0001EF80       0xFFFFFF80      0x0000000C         (0, 1, 13)      [] [N, W]
    332     0x00012080       0xFFFFFF80      0x00000020         (0, 1, 4)      [] [S]
    333     0x0001ED00       0xFFFFFF80      0x0000000C         (0, 1, 13)      [] [N, W]
    334     0x00018080       0xFFFFFF80      0x00000020         (0, 1, 0)      [] [S]
    335     0x0001D200       0xFFFFFF80      0x00000008         (0, 1, 10)      [] [W]
    336     0x00024100       0xFFFFFF80      0x00010000         (0, 2, 8)      [10] []
    337     0x00008300       0xFFFFFF80      0x00000008         (0, 0, 0)      [] [W]
    338     0x00016B80       0xFFFFFF80      0x00000020         (0, 1, 13)      [] [S]
    339     0x0001C700       0xFFFFFF80      0x00000008         (0, 1, 8)      [] [W]
    340     0x0001D680       0xFFFFFF80      0x00000008         (0, 1, 10)      [] [W]
    341     0x00004A80       0xFFFFFF80      0x00000008         (0, 0, 9)      [] [W]
    342     0x00064300       0xFFFFFF00      0x00000002         (0, 6, 8)      [] [NE]
    343     0x00064400       0xFFFFFF00      0x00000002         (0, 6, 8)      [] [NE]
    344     0x0001EC00       0xFFFFFF80      0x0000000C         (0, 1, 13)      [] [N, W]
    345     0x0001E880       0xFFFFFF80      0x0000000C         (0, 1, 13)      [] [N, W]
    346     0x0001E680       0xFFFFFF80      0x0000000C         (0, 1, 12)      [] [N, W]
    347     0x00016B00       0xFFFFFF80      0x00000020         (0, 1, 13)      [] [S]
    348     0x0001CF80       0xFFFFFF80      0x00000008         (0, 1, 9)      [] [W]
    349     0x00017600       0xFFFFFF80      0x00000020         (0, 1, 14)      [] [S]
    350     0x0001E580       0xFFFFFF80      0x0000000C         (0, 1, 12)      [] [N, W]
    351     0x00024280       0xFFFFFF80      0x00080000         (0, 2, 8)      [13] []
    352     0x0003E900       0xFFFFFF00      0x00000010         (0, 3, 13)      [] [SW]
    353     0x00020A80       0xFFFFFF80      0x0000000C         (0, 2, 1)      [] [N, W]
    354     0x00065800       0xFFFFFF00      0x00000001         (0, 6, 11)      [] [E]
    355     0x00019500       0xFFFFFF80      0x00000008         (0, 1, 2)      [] [W]
    356     0x00017800       0xFFFFFF80      0x00000020         (0, 1, 15)      [] [S]
    357     0x00058D00       0xFFFFFF00      0x00000001         (0, 5, 1)      [] [E]
    358     0x0001CE80       0xFFFFFF80      0x00000008         (0, 1, 9)      [] [W]
    359     0x00004500       0xFFFFFF80      0x00000008         (0, 0, 8)      [] [W]
    360     0x0001E100       0xFFFFFF80      0x0000000C         (0, 1, 12)      [] [N, W]
    361     0x00020900       0xFFFFFF80      0x00000008         (0, 2, 1)      [] [W]
    362     0x0001D000       0xFFFFFF80      0x00000008         (0, 1, 10)      [] [W]
    363     0x0001E900       0xFFFFFF80      0x00000004         (0, 1, 13)      [] [N]
    364     0x00020B80       0xFFFFFF80      0x00000004         (0, 2, 1)      [] [N]
    365     0x0001D500       0xFFFFFF80      0x00000008         (0, 1, 10)      [] [W]
    366     0x00064500       0xFFFFFF00      0x00000002         (0, 6, 8)      [] [NE]
    367     0x0001A800       0xFFFFFF80      0x00000008         (0, 1, 5)      [] [W]
    368     0x0001AB00       0xFFFFFF80      0x00000008         (0, 1, 5)      [] [W]
    369     0x0001CB80       0xFFFFFF80      0x00000008         (0, 1, 9)      [] [W]
    370     0x00024A80       0xFFFFFF80      0x00000001         (0, 2, 9)      [] [E]
