router contains 823 entries 
 
  Index   Key(hex)    Mask(hex)    Route(hex)    Src. Core -> [Cores][Links]
------------------------------------------------------------------------------
    0     0x00024280       0xFFFFFF80      0x00800008         (0, 2, 8)      [17] [W]
    1     0x0000E680       0xFFFFFF80      0x00000008         (0, 0, 12)      [] [W]
    2     0x00009A80       0xFFFFFF80      0x00000C0E         (0, 0, 3)      [4, 5] [NE, N, W]
    3     0x00012200       0xFFFFFF80      0x00000808         (0, 1, 4)      [5] [W]
    4     0x0001AB80       0xFFFFFF80      0x00000001         (0, 1, 5)      [] [E]
    5     0x00019800       0xFFFFFF80      0x00000001         (0, 1, 3)      [] [E]
    6     0x00006680       0xFFFFFF80      0x00000003         (0, 0, 12)      [] [E, NE]
    7     0x0000C800       0xFFFFFF80      0x00000801         (0, 0, 9)      [5] [E]
    8     0x0001FF80       0xFFFFFF80      0x00000001         (0, 1, 15)      [] [E]
    9     0x00004400       0xFFFFFF80      0x00020001         (0, 0, 8)      [11] [E]
    10     0x0000DD80       0xFFFFFF80      0x00000008         (0, 0, 11)      [] [W]
    11     0x00005A00       0xFFFFFF80      0x00000002         (0, 0, 11)      [] [NE]
    12     0x0001CA80       0xFFFFFF80      0x00000001         (0, 1, 9)      [] [E]
    13     0x0000DC80       0xFFFFFF80      0x00400008         (0, 0, 11)      [16] [W]
    14     0x00005180       0xFFFFFF80      0x00004000         (0, 0, 10)      [8] []
    15     0x00006480       0xFFFFFF80      0x00400002         (0, 0, 12)      [16] [NE]
    16     0x00009880       0xFFFFFF80      0x0000008E         (0, 0, 3)      [1] [NE, N, W]
    17     0x00009F00       0xFFFFFF80      0x00180F8C         (0, 0, 3)      [1, 2, 3, 4, 5, 13, 14] [N, W]
    18     0x0003B000       0xFFFFFF00      0x00400000         (0, 3, 6)      [16] []
    19     0x00000900       0xFFFFFF80      0x00080000         (0, 0, 1)      [13] []
    20     0x0000E080       0xFFFFFF80      0x00000008         (0, 0, 12)      [] [W]
    21     0x00005200       0xFFFFFF80      0x00008000         (0, 0, 10)      [9] []
    22     0x00009700       0xFFFFFF80      0x0000000E         (0, 0, 2)      [] [NE, N, W]
    23     0x00000B00       0xFFFFFF80      0x00800002         (0, 0, 1)      [17] [NE]
    24     0x00012D00       0xFFFFFF80      0x00000008         (0, 1, 5)      [] [W]
    25     0x00012A80       0xFFFFFF80      0x00000008         (0, 1, 5)      [] [W]
    26     0x00002500       0xFFFFFF80      0x00008000         (0, 0, 4)      [9] []
    27     0x0001B880       0xFFFFFF80      0x00000080         (0, 1, 7)      [1] []
    28     0x0001AF00       0xFFFFFF80      0x00000101         (0, 1, 5)      [2] [E]
    29     0x0000A800       0xFFFFFF80      0x00000FBF         (0, 0, 5)      [1, 2, 3, 4, 5] [E, NE, N, W, SW, S]
    30     0x0003A200       0xFFFFFF00      0x00000100         (0, 3, 4)      [2] []
    31     0x0000EE80       0xFFFFFF80      0x00000018         (0, 0, 13)      [] [W, SW]
    32     0x00014A00       0xFFFFFF80      0x00000030         (0, 1, 9)      [] [SW, S]
    33     0x00011800       0xFFFFFF80      0x00200008         (0, 1, 3)      [15] [W]
    34     0x0000B400       0xFFFFFF80      0x00FFF021         (0, 0, 6)      [6, 7, 8, 9, 10, 11, 12, 13, 14, 15, 16, 17] [E, S]
    35     0x0001DB80       0xFFFFFF80      0x00000080         (0, 1, 11)      [1] []
    36     0x00005B80       0xFFFFFF80      0x00000002         (0, 0, 11)      [] [NE]
    37     0x00000580       0xFFFFFF80      0x00001000         (0, 0, 0)      [6] []
    38     0x00012780       0xFFFFFF80      0x00400008         (0, 1, 4)      [16] [W]
    39     0x00014E80       0xFFFFFF80      0x00000800         (0, 1, 9)      [5] []
    40     0x00006180       0xFFFFFF80      0x00010000         (0, 0, 12)      [10] []
    41     0x00023C80       0xFFFFFF80      0x00000010         (0, 2, 7)      [] [SW]
    42     0x00007B80       0xFFFFFF80      0x00000101         (0, 0, 15)      [2] [E]
    43     0x00004880       0xFFFFFF80      0x00000001         (0, 0, 9)      [] [E]
    44     0x0001CD80       0xFFFFFF80      0x00000001         (0, 1, 9)      [] [E]
    45     0x0000F900       0xFFFFFF80      0x00080030         (0, 0, 15)      [13] [SW, S]
    46     0x00001E00       0xFFFFFF80      0x00000001         (0, 0, 3)      [] [E]
    47     0x0001A300       0xFFFFFF80      0x00000001         (0, 1, 4)      [] [E]
    48     0x0001F780       0xFFFFFF80      0x00000208         (0, 1, 14)      [3] [W]
    49     0x00003380       0xFFFFFF80      0x00004000         (0, 0, 6)      [8] []
    50     0x0001AF80       0xFFFFFF80      0x00000201         (0, 1, 5)      [3] [E]
    51     0x00001980       0xFFFFFF80      0x00400001         (0, 0, 3)      [16] [E]
    52     0x0001CC80       0xFFFFFF80      0x00000401         (0, 1, 9)      [4] [E]
    53     0x0000D400       0xFFFFFF80      0x00000008         (0, 0, 10)      [] [W]
    54     0x0000EB00       0xFFFFFF80      0x00200018         (0, 0, 13)      [15] [W, SW]
    55     0x00002800       0xFFFFFF80      0x00200002         (0, 0, 5)      [15] [NE]
    56     0x00017500       0xFFFFFF80      0x00000088         (0, 1, 14)      [1] [W]
    57     0x0000C980       0xFFFFFF80      0x00004021         (0, 0, 9)      [8] [E, S]
    58     0x00019580       0xFFFFFF80      0x00000001         (0, 1, 2)      [] [E]
    59     0x0000BF80       0xFFFFFF80      0x00800021         (0, 0, 7)      [17] [E, S]
    60     0x00004280       0xFFFFFF80      0x00004000         (0, 0, 8)      [8] []
    61     0x00008A00       0xFFFFFF80      0x0000008E         (0, 0, 1)      [1] [NE, N, W]
    62     0x00024900       0xFFFFFF80      0x0000000A         (0, 2, 9)      [] [NE, W]
    63     0x00001880       0xFFFFFF80      0x00100001         (0, 0, 3)      [14] [E]
    64     0x00004580       0xFFFFFF80      0x00100001         (0, 0, 8)      [14] [E]
    65     0x00022400       0xFFFFFF80      0x00FFF000         (0, 2, 4)      [6, 7, 8, 9, 10, 11, 12, 13, 14, 15, 16, 17] []
    66     0x00005900       0xFFFFFF80      0x00000002         (0, 0, 11)      [] [NE]
    67     0x0000FA00       0xFFFFFF80      0x00200030         (0, 0, 15)      [15] [SW, S]
    68     0x00002980       0xFFFFFF80      0x00000002         (0, 0, 5)      [] [NE]
    69     0x00009200       0xFFFFFF80      0x0080000E         (0, 0, 2)      [17] [NE, N, W]
    70     0x00000C00       0xFFFFFF80      0x00000002         (0, 0, 1)      [] [NE]
    71     0x00008C80       0xFFFFFF80      0x00001000         (0, 0, 1)      [6] []
    72     0x0000D880       0xFFFFFF80      0x00000008         (0, 0, 11)      [] [W]
    73     0x0000FC80       0xFFFFFF80      0x00000020         (0, 0, 15)      [] [S]
    74     0x0000F180       0xFFFFFF80      0x00000018         (0, 0, 14)      [] [W, SW]
    75     0x0001A500       0xFFFFFF80      0x00000201         (0, 1, 4)      [3] [E]
    76     0x0001FE80       0xFFFFFF80      0x00000001         (0, 1, 15)      [] [E]
    77     0x00007080       0xFFFFFF80      0x00010001         (0, 0, 14)      [10] [E]
    78     0x0000C000       0xFFFFFF80      0x00000021         (0, 0, 8)      [] [E, S]
    79     0x00010D80       0xFFFFFF80      0x00000018         (0, 1, 1)      [] [W, SW]
    80     0x0001B180       0xFFFFFF80      0x00000001         (0, 1, 6)      [] [E]
    81     0x00002D00       0xFFFFFF80      0x00000002         (0, 0, 5)      [] [NE]
    82     0x00007400       0xFFFFFF80      0x00800001         (0, 0, 14)      [17] [E]
    83     0x0000D580       0xFFFFFF80      0x00000108         (0, 0, 10)      [2] [W]
    84     0x00002700       0xFFFFFF80      0x00080000         (0, 0, 4)      [13] []
    85     0x0001F200       0xFFFFFF80      0x00000408         (0, 1, 14)      [4] [W]
    86     0x00010300       0xFFFFFF80      0x00000220         (0, 1, 0)      [3] [S]
    87     0x00012080       0xFFFFFF80      0x00000108         (0, 1, 4)      [2] [W]
    88     0x0000DB80       0xFFFFFF80      0x00100008         (0, 0, 11)      [14] [W]
    89     0x00017200       0xFFFFFF80      0x00000008         (0, 1, 14)      [] [W]
    90     0x0001C200       0xFFFFFF80      0x00000080         (0, 1, 8)      [1] []
    91     0x00009B00       0xFFFFFF80      0x00001F80         (0, 0, 3)      [1, 2, 3, 4, 5, 6] []
    92     0x00005300       0xFFFFFF80      0x00020000         (0, 0, 10)      [11] []
    93     0x00005C80       0xFFFFFF80      0x00000002         (0, 0, 11)      [] [NE]
    94     0x00003980       0xFFFFFF80      0x00000003         (0, 0, 7)      [] [E, NE]
    95     0x00009D00       0xFFFFFF80      0x00018F88         (0, 0, 3)      [1, 2, 3, 4, 5, 9, 10] [W]
    96     0x0001EA80       0xFFFFFF80      0x00000100         (0, 1, 13)      [2] []
    97     0x00004A00       0xFFFFFF80      0x00000001         (0, 0, 9)      [] [E]
    98     0x00004380       0xFFFFFF80      0x00010001         (0, 0, 8)      [10] [E]
    99     0x00009C00       0xFFFFFF80      0x00006F88         (0, 0, 3)      [1, 2, 3, 4, 5, 7, 8] [W]
    100     0x0000B900       0xFFFFFF80      0x00FFFC01         (0, 0, 7)      [4, 5, 6, 7, 8, 9, 10, 11, 12, 13, 14, 15, 16, 17] [E]
    101     0x0000D380       0xFFFFFF80      0x00000008         (0, 0, 10)      [] [W]
    102     0x00011100       0xFFFFFF80      0x00000098         (0, 1, 2)      [1] [W, SW]
    103     0x0000EF80       0xFFFFFF80      0x00000018         (0, 0, 13)      [] [W, SW]
    104     0x0000A600       0xFFFFFF80      0x00000F8E         (0, 0, 4)      [1, 2, 3, 4, 5] [NE, N, W]
    105     0x00004D00       0xFFFFFF80      0x00000002         (0, 0, 9)      [] [NE]
    106     0x0000CC00       0xFFFFFF80      0x00080008         (0, 0, 9)      [13] [W]
    107     0x00007180       0xFFFFFF80      0x00040001         (0, 0, 14)      [12] [E]
    108     0x00015680       0xFFFFFF80      0x00000020         (0, 1, 10)      [] [S]
    109     0x00003780       0xFFFFFF80      0x00400003         (0, 0, 6)      [16] [E, NE]
    110     0x0000B180       0xFFFFFF80      0x00FFF021         (0, 0, 6)      [6, 7, 8, 9, 10, 11, 12, 13, 14, 15, 16, 17] [E, S]
    111     0x00023E00       0xFFFFFF80      0x00004008         (0, 2, 7)      [8] [W]
    112     0x0001E400       0xFFFFFF80      0x00000200         (0, 1, 12)      [3] []
    113     0x0001E380       0xFFFFFF80      0x00000100         (0, 1, 12)      [2] []
    114     0x00016500       0xFFFFFF80      0x00000008         (0, 1, 12)      [] [W]
    115     0x00002780       0xFFFFFF80      0x00100000         (0, 0, 4)      [14] []
    116     0x00011D00       0xFFFFFF80      0x00000008         (0, 1, 3)      [] [W]
    117     0x00018C80       0xFFFFFF80      0x00000030         (0, 1, 1)      [] [SW, S]
    118     0x00009900       0xFFFFFF80      0x0000018E         (0, 0, 3)      [1, 2] [NE, N, W]
    119     0x00024800       0xFFFFFF80      0x0000000A         (0, 2, 9)      [] [NE, W]
    120     0x0000C580       0xFFFFFF80      0x00000021         (0, 0, 8)      [] [E, S]
    121     0x00002B80       0xFFFFFF80      0x00000002         (0, 0, 5)      [] [NE]
    122     0x0000B780       0xFFFFFF80      0x00FFF1A1         (0, 0, 6)      [1, 2, 6, 7, 8, 9, 10, 11, 12, 13, 14, 15, 16, 17] [E, S]
    123     0x0000BE00       0xFFFFFF80      0x00300021         (0, 0, 7)      [14, 15] [E, S]
    124     0x0000DF80       0xFFFFFF80      0x00000008         (0, 0, 11)      [] [W]
    125     0x00016600       0xFFFFFF80      0x00000008         (0, 1, 12)      [] [W]
    126     0x00024A00       0xFFFFFF80      0x00000108         (0, 2, 9)      [2] [W]
    127     0x00007880       0xFFFFFF80      0x00000001         (0, 0, 15)      [] [E]
    128     0x00010780       0xFFFFFF80      0x00040020         (0, 1, 0)      [12] [S]
    129     0x00002900       0xFFFFFF80      0x00800002         (0, 0, 5)      [17] [NE]
    130     0x00023B00       0xFFFFFF80      0x00000018         (0, 2, 7)      [] [W, SW]
    131     0x00000700       0xFFFFFF80      0x00008000         (0, 0, 0)      [9] []
    132     0x00013700       0xFFFFFF80      0x00800018         (0, 1, 6)      [17] [W, SW]
    133     0x0000F800       0xFFFFFF80      0x00020030         (0, 0, 15)      [11] [SW, S]
    134     0x0000C180       0xFFFFFF80      0x00000021         (0, 0, 8)      [] [E, S]
    135     0x00003680       0xFFFFFF80      0x00100001         (0, 0, 6)      [14] [E]
    136     0x00015A80       0xFFFFFF80      0x00000090         (0, 1, 11)      [1] [SW]
    137     0x00024580       0xFFFFFF80      0x0000000A         (0, 2, 8)      [] [NE, W]
    138     0x00007D80       0xFFFFFF80      0x00001000         (0, 0, 15)      [6] []
    139     0x00016880       0xFFFFFF80      0x00000108         (0, 1, 13)      [2] [W]
    140     0x0000E200       0xFFFFFF80      0x00000008         (0, 0, 12)      [] [W]
    141     0x00007200       0xFFFFFF80      0x00080001         (0, 0, 14)      [13] [E]
    142     0x00001A00       0xFFFFFF80      0x00800001         (0, 0, 3)      [17] [E]
    143     0x00019980       0xFFFFFF80      0x00000101         (0, 1, 3)      [2] [E]
    144     0x00008580       0xFFFFFF80      0x00000001         (0, 0, 0)      [] [E]
    145     0x0001FD80       0xFFFFFF80      0x00000401         (0, 1, 15)      [4] [E]
    146     0x00003300       0xFFFFFF80      0x00002000         (0, 0, 6)      [7] []
    147     0x00002C00       0xFFFFFF80      0x00000002         (0, 0, 5)      [] [NE]
    148     0x0001AD80       0xFFFFFF80      0x00000001         (0, 1, 5)      [] [E]
    149     0x00013A00       0xFFFFFF80      0x00000018         (0, 1, 7)      [] [W, SW]
    150     0x00012980       0xFFFFFF80      0x00000008         (0, 1, 5)      [] [W]
    151     0x00006500       0xFFFFFF80      0x00800003         (0, 0, 12)      [17] [E, NE]
    152     0x00014A80       0xFFFFFF80      0x00000030         (0, 1, 9)      [] [SW, S]
    153     0x00003400       0xFFFFFF80      0x00008000         (0, 0, 6)      [9] []
    154     0x00011000       0xFFFFFF80      0x00000018         (0, 1, 2)      [] [W, SW]
    155     0x00015600       0xFFFFFF80      0x00000020         (0, 1, 10)      [] [S]
    156     0x0003AE00       0xFFFFFF00      0x00100000         (0, 3, 5)      [14] []
    157     0x0000EE00       0xFFFFFF80      0x00000018         (0, 0, 13)      [] [W, SW]
    158     0x00011C80       0xFFFFFF80      0x00000008         (0, 1, 3)      [] [W]
    159     0x00009180       0xFFFFFF80      0x0040000E         (0, 0, 2)      [16] [NE, N, W]
    160     0x0000E400       0xFFFFFF80      0x00000088         (0, 0, 12)      [1] [W]
    161     0x0000A180       0xFFFFFF80      0x00000F8E         (0, 0, 4)      [1, 2, 3, 4, 5] [NE, N, W]
    162     0x00010180       0xFFFFFF80      0x00000020         (0, 1, 0)      [] [S]
    163     0x0000F480       0xFFFFFF80      0x00000420         (0, 0, 14)      [4] [S]
    164     0x00011200       0xFFFFFF80      0x00000208         (0, 1, 2)      [3] [W]
    165     0x00008680       0xFFFFFF80      0x0000000E         (0, 0, 0)      [] [NE, N, W]
    166     0x0001FE00       0xFFFFFF80      0x00000801         (0, 1, 15)      [5] [E]
    167     0x0000BB00       0xFFFFFF80      0x0000C021         (0, 0, 7)      [8, 9] [E, S]
    168     0x00003C80       0xFFFFFF80      0x00000001         (0, 0, 7)      [] [E]
    169     0x00010380       0xFFFFFF80      0x00000420         (0, 1, 0)      [4] [S]
    170     0x00023C00       0xFFFFFF80      0x00000010         (0, 2, 7)      [] [SW]
    171     0x00004600       0xFFFFFF80      0x00200001         (0, 0, 8)      [15] [E]
    172     0x00013C80       0xFFFFFF80      0x00000018         (0, 1, 7)      [] [W, SW]
    173     0x00019C00       0xFFFFFF80      0x00000001         (0, 1, 3)      [] [E]
    174     0x00013D80       0xFFFFFF80      0x00000018         (0, 1, 7)      [] [W, SW]
    175     0x0000FF80       0xFFFFFF80      0x00000020         (0, 0, 15)      [] [S]
    176     0x00019B80       0xFFFFFF80      0x00000001         (0, 1, 3)      [] [E]
    177     0x0000E300       0xFFFFFF80      0x00000008         (0, 0, 12)      [] [W]
    178     0x0001E500       0xFFFFFF80      0x00000800         (0, 1, 12)      [5] []
    179     0x00005780       0xFFFFFF80      0x00000002         (0, 0, 10)      [] [NE]
    180     0x0001F900       0xFFFFFF80      0x00000001         (0, 1, 15)      [] [E]
    181     0x00015400       0xFFFFFF80      0x00000020         (0, 1, 10)      [] [S]
    182     0x0000D900       0xFFFFFF80      0x00008008         (0, 0, 11)      [9] [W]
    183     0x00016700       0xFFFFFF80      0x00000008         (0, 1, 12)      [] [W]
    184     0x0001EC00       0xFFFFFF80      0x00000800         (0, 1, 13)      [5] []
    185     0x0000DE00       0xFFFFFF80      0x00000008         (0, 0, 11)      [] [W]
    186     0x00006100       0xFFFFFF80      0x00008000         (0, 0, 12)      [9] []
    187     0x00015380       0xFFFFFF80      0x00800020         (0, 1, 10)      [17] [S]
    188     0x00018D80       0xFFFFFF80      0x000000B0         (0, 1, 1)      [1] [SW, S]
    189     0x00001700       0xFFFFFF80      0x00020001         (0, 0, 2)      [11] [E]
    190     0x00009680       0xFFFFFF80      0x0000000E         (0, 0, 2)      [] [NE, N, W]
    191     0x00017780       0xFFFFFF80      0x00000008         (0, 1, 14)      [] [W]
    192     0x00013F80       0xFFFFFF80      0x00000400         (0, 1, 7)      [4] []
    193     0x00015B00       0xFFFFFF80      0x00000100         (0, 1, 11)      [2] []
    194     0x00001D00       0xFFFFFF80      0x00000001         (0, 0, 3)      [] [E]
    195     0x0001A400       0xFFFFFF80      0x00000081         (0, 1, 4)      [1] [E]
    196     0x0001DD80       0xFFFFFF80      0x00000800         (0, 1, 11)      [5] []
    197     0x00008F80       0xFFFFFF80      0x0004000C         (0, 0, 1)      [12] [N, W]
    198     0x00010980       0xFFFFFF80      0x00400020         (0, 1, 1)      [16] [S]
    199     0x00010280       0xFFFFFF80      0x00000120         (0, 1, 0)      [2] [S]
    200     0x00005580       0xFFFFFF80      0x00400002         (0, 0, 10)      [16] [NE]
    201     0x00018D00       0xFFFFFF80      0x00000030         (0, 1, 1)      [] [SW, S]
    202     0x0001A700       0xFFFFFF80      0x00000001         (0, 1, 4)      [] [E]
    203     0x0000D700       0xFFFFFF80      0x00000808         (0, 0, 10)      [5] [W]
    204     0x0001F180       0xFFFFFF80      0x00000208         (0, 1, 14)      [3] [W]
    205     0x0000FA80       0xFFFFFF80      0x00400030         (0, 0, 15)      [16] [SW, S]
    206     0x00005280       0xFFFFFF80      0x00010000         (0, 0, 10)      [10] []
    207     0x00012E00       0xFFFFFF80      0x00000008         (0, 1, 5)      [] [W]
    208     0x0001FF00       0xFFFFFF80      0x00000001         (0, 1, 15)      [] [E]
    209     0x00010B80       0xFFFFFF80      0x00000020         (0, 1, 1)      [] [S]
    210     0x00008880       0xFFFFFF80      0x0000000E         (0, 0, 1)      [] [NE, N, W]
    211     0x0000A200       0xFFFFFF80      0x00000F8E         (0, 0, 4)      [1, 2, 3, 4, 5] [NE, N, W]
    212     0x00017180       0xFFFFFF80      0x00000008         (0, 1, 14)      [] [W]
    213     0x00017E80       0xFFFFFF80      0x00000008         (0, 1, 15)      [] [W]
    214     0x00020000       0xFFFFFF80      0x00000001         (0, 2, 0)      [] [E]
    215     0x0000AF00       0xFFFFFF80      0x00FFF03F         (0, 0, 5)      [6, 7, 8, 9, 10, 11, 12, 13, 14, 15, 16, 17] [E, NE, N, W, SW, S]
    216     0x00012280       0xFFFFFF80      0x00000008         (0, 1, 4)      [] [W]
    217     0x00002A00       0xFFFFFF80      0x00000002         (0, 0, 5)      [] [NE]
    218     0x00023F00       0xFFFFFF80      0x00010008         (0, 2, 7)      [10] [W]
    219     0x0001AE00       0xFFFFFF80      0x00000001         (0, 1, 5)      [] [E]
    220     0x00009C80       0xFFFFFF80      0x0000CF88         (0, 0, 3)      [1, 2, 3, 4, 5, 8, 9] [W]
    221     0x00011B00       0xFFFFFF80      0x00000008         (0, 1, 3)      [] [W]
    222     0x00014000       0xFFFFFF80      0x00000800         (0, 1, 8)      [5] []
    223     0x00010E00       0xFFFFFF80      0x00000018         (0, 1, 1)      [] [W, SW]
    224     0x00004300       0xFFFFFF80      0x00008000         (0, 0, 8)      [9] []
    225     0x0001EA00       0xFFFFFF80      0x00000080         (0, 1, 13)      [1] []
    226     0x00009380       0xFFFFFF80      0x0000000E         (0, 0, 2)      [] [NE, N, W]
    227     0x00011980       0xFFFFFF80      0x00000008         (0, 1, 3)      [] [W]
    228     0x0001D600       0xFFFFFF80      0x00000001         (0, 1, 10)      [] [E]
    229     0x00004780       0xFFFFFF80      0x00000001         (0, 0, 8)      [] [E]
    230     0x00019C80       0xFFFFFF80      0x00000001         (0, 1, 3)      [] [E]
    231     0x00024C00       0xFFFFFF80      0x00000008         (0, 2, 9)      [] [W]
    232     0x0001D780       0xFFFFFF80      0x00000001         (0, 1, 10)      [] [E]
    233     0x0000EC80       0xFFFFFF80      0x00000018         (0, 0, 13)      [] [W, SW]
    234     0x00007480       0xFFFFFF80      0x00000001         (0, 0, 14)      [] [E]
    235     0x00013D00       0xFFFFFF80      0x00000018         (0, 1, 7)      [] [W, SW]
    236     0x00011F80       0xFFFFFF80      0x00000008         (0, 1, 3)      [] [W]
    237     0x0001B900       0xFFFFFF80      0x00000100         (0, 1, 7)      [2] []
    238     0x00024780       0xFFFFFF80      0x0000000A         (0, 2, 8)      [] [NE, W]
    239     0x0000E180       0xFFFFFF80      0x00000008         (0, 0, 12)      [] [W]
    240     0x00017680       0xFFFFFF80      0x00000408         (0, 1, 14)      [4] [W]
    241     0x0001CD00       0xFFFFFF80      0x00000801         (0, 1, 9)      [5] [E]
    242     0x00005880       0xFFFFFF80      0x00000002         (0, 0, 11)      [] [NE]
    243     0x00006880       0xFFFFFF80      0x00000003         (0, 0, 13)      [] [E, NE]
    244     0x0001CB00       0xFFFFFF80      0x00000081         (0, 1, 9)      [1] [E]
    245     0x00000E00       0xFFFFFF80      0x00000002         (0, 0, 1)      [] [NE]
    246     0x0001FA80       0xFFFFFF80      0x00000001         (0, 1, 15)      [] [E]
    247     0x00003480       0xFFFFFF80      0x00010001         (0, 0, 6)      [10] [E]
    248     0x00003B80       0xFFFFFF80      0x00000001         (0, 0, 7)      [] [E]
    249     0x00024A80       0xFFFFFF80      0x00000208         (0, 2, 9)      [3] [W]
    250     0x0003AB00       0xFFFFFF00      0x00020000         (0, 3, 5)      [11] []
    251     0x00001500       0xFFFFFF80      0x00002000         (0, 0, 2)      [7] []
    252     0x0001D580       0xFFFFFF80      0x00000801         (0, 1, 10)      [5] [E]
    253     0x00012C80       0xFFFFFF80      0x00000008         (0, 1, 5)      [] [W]
    254     0x0001A680       0xFFFFFF80      0x00000001         (0, 1, 4)      [] [E]
    255     0x00009F80       0xFFFFFF80      0x00300F8C         (0, 0, 3)      [1, 2, 3, 4, 5, 14, 15] [N, W]
    256     0x0000D500       0xFFFFFF80      0x00000088         (0, 0, 10)      [1] [W]
    257     0x0001CA00       0xFFFFFF80      0x00000001         (0, 1, 9)      [] [E]
    258     0x0000EA80       0xFFFFFF80      0x00100008         (0, 0, 13)      [14] [W]
    259     0x00015980       0xFFFFFF80      0x00000010         (0, 1, 11)      [] [SW]
    260     0x0000C780       0xFFFFFF80      0x00000421         (0, 0, 8)      [4] [E, S]
    261     0x00003800       0xFFFFFF80      0x00800003         (0, 0, 7)      [17] [E, NE]
    262     0x00013180       0xFFFFFF80      0x00000008         (0, 1, 6)      [] [W]
    263     0x00003A00       0xFFFFFF80      0x00000003         (0, 0, 7)      [] [E, NE]
    264     0x00016580       0xFFFFFF80      0x00000008         (0, 1, 12)      [] [W]
    265     0x0000B080       0xFFFFFF80      0x00FFF021         (0, 0, 6)      [6, 7, 8, 9, 10, 11, 12, 13, 14, 15, 16, 17] [E, S]
    266     0x0003A300       0xFFFFFF00      0x00000200         (0, 3, 4)      [3] []
    267     0x0001CC00       0xFFFFFF80      0x00000201         (0, 1, 9)      [3] [E]
    268     0x00010C00       0xFFFFFF80      0x00000020         (0, 1, 1)      [] [S]
    269     0x0001D700       0xFFFFFF80      0x00000001         (0, 1, 10)      [] [E]
    270     0x00002D80       0xFFFFFF80      0x00000002         (0, 0, 5)      [] [NE]
    271     0x0001AD00       0xFFFFFF80      0x00000001         (0, 1, 5)      [] [E]
    272     0x0000E100       0xFFFFFF80      0x00000008         (0, 0, 12)      [] [W]
    273     0x00017280       0xFFFFFF80      0x00000008         (0, 1, 14)      [] [W]
    274     0x0000A980       0xFFFFFF80      0x00000FBF         (0, 0, 5)      [1, 2, 3, 4, 5] [E, NE, N, W, SW, S]
    275     0x00018F80       0xFFFFFF80      0x00000800         (0, 1, 1)      [5] []
    276     0x00017600       0xFFFFFF80      0x00000208         (0, 1, 14)      [3] [W]
    277     0x0000D000       0xFFFFFF80      0x00000008         (0, 0, 10)      [] [W]
    278     0x0000BB80       0xFFFFFF80      0x00018021         (0, 0, 7)      [9, 10] [E, S]
    279     0x0000B300       0xFFFFFF80      0x00FFF021         (0, 0, 6)      [6, 7, 8, 9, 10, 11, 12, 13, 14, 15, 16, 17] [E, S]
    280     0x0000DA80       0xFFFFFF80      0x00040008         (0, 0, 11)      [12] [W]
    281     0x0000BA80       0xFFFFFF80      0x00006021         (0, 0, 7)      [8, 7] [E, S]
    282     0x0000CD00       0xFFFFFF80      0x00200008         (0, 0, 9)      [15] [W]
    283     0x0000AC00       0xFFFFFF80      0x00FFF039         (0, 0, 5)      [6, 7, 8, 9, 10, 11, 12, 13, 14, 15, 16, 17] [E, W, SW, S]
    284     0x0001B980       0xFFFFFF80      0x00000200         (0, 1, 7)      [3] []
    285     0x0000A500       0xFFFFFF80      0x00000F8E         (0, 0, 4)      [1, 2, 3, 4, 5] [NE, N, W]
    286     0x0000CB80       0xFFFFFF80      0x00040008         (0, 0, 9)      [12] [W]
    287     0x0000A380       0xFFFFFF80      0x00000F8E         (0, 0, 4)      [1, 2, 3, 4, 5] [NE, N, W]
    288     0x00017700       0xFFFFFF80      0x00000808         (0, 1, 14)      [5] [W]
    289     0x00017F80       0xFFFFFF80      0x00000008         (0, 1, 15)      [] [W]
    290     0x00024980       0xFFFFFF80      0x0000008A         (0, 2, 9)      [1] [NE, W]
    291     0x00010B00       0xFFFFFF80      0x00000020         (0, 1, 1)      [] [S]
    292     0x0000A000       0xFFFFFF80      0x00600F8E         (0, 0, 4)      [1, 2, 3, 4, 5, 15, 16] [NE, N, W]
    293     0x0003A900       0xFFFFFF00      0x00008000         (0, 3, 5)      [9] []
    294     0x00008180       0xFFFFFF80      0x00100001         (0, 0, 0)      [14] [E]
    295     0x00017480       0xFFFFFF80      0x00000008         (0, 1, 14)      [] [W]
    296     0x00008400       0xFFFFFF80      0x00000001         (0, 0, 0)      [] [E]
    297     0x0000C680       0xFFFFFF80      0x00000121         (0, 0, 8)      [2] [E, S]
    298     0x00005680       0xFFFFFF80      0x00000002         (0, 0, 10)      [] [NE]
    299     0x0000AC80       0xFFFFFF80      0x00FFF039         (0, 0, 5)      [6, 7, 8, 9, 10, 11, 12, 13, 14, 15, 16, 17] [E, W, SW, S]
    300     0x00011A00       0xFFFFFF80      0x00000008         (0, 1, 3)      [] [W]
    301     0x00009400       0xFFFFFF80      0x0000000E         (0, 0, 2)      [] [NE, N, W]
    302     0x0000B280       0xFFFFFF80      0x00FFF021         (0, 0, 6)      [6, 7, 8, 9, 10, 11, 12, 13, 14, 15, 16, 17] [E, S]
    303     0x0000C480       0xFFFFFF80      0x00000021         (0, 0, 8)      [] [E, S]
    304     0x00024B00       0xFFFFFF80      0x00000408         (0, 2, 9)      [4] [W]
    305     0x00007B00       0xFFFFFF80      0x00000081         (0, 0, 15)      [1] [E]
    306     0x0000C380       0xFFFFFF80      0x00000021         (0, 0, 8)      [] [E, S]
    307     0x00016300       0xFFFFFF80      0x00000008         (0, 1, 12)      [] [W]
    308     0x00008800       0xFFFFFF80      0x0000000E         (0, 0, 1)      [] [NE, N, W]
    309     0x0001F980       0xFFFFFF80      0x00000001         (0, 1, 15)      [] [E]
    310     0x0000D600       0xFFFFFF80      0x00000208         (0, 0, 10)      [3] [W]
    311     0x00010F80       0xFFFFFF80      0x00000018         (0, 1, 1)      [] [W, SW]
    312     0x0000E600       0xFFFFFF80      0x00000808         (0, 0, 12)      [5] [W]
    313     0x00014780       0xFFFFFF80      0x00000030         (0, 1, 8)      [] [SW, S]
    314     0x00009A00       0xFFFFFF80      0x0000060E         (0, 0, 3)      [3, 4] [NE, N, W]
    315     0x00002380       0xFFFFFF80      0x00001000         (0, 0, 4)      [6] []
    316     0x0000CE80       0xFFFFFF80      0x00000008         (0, 0, 9)      [] [W]
    317     0x00012700       0xFFFFFF80      0x00200008         (0, 1, 4)      [15] [W]
    318     0x0000D980       0xFFFFFF80      0x00010008         (0, 0, 11)      [10] [W]
    319     0x00001C80       0xFFFFFF80      0x00000001         (0, 0, 3)      [] [E]
    320     0x0003AF00       0xFFFFFF00      0x00200000         (0, 3, 5)      [15] []
    321     0x00003280       0xFFFFFF80      0x00001000         (0, 0, 6)      [6] []
    322     0x00018900       0xFFFFFF80      0x00000010         (0, 1, 1)      [] [SW]
    323     0x00012B00       0xFFFFFF80      0x00000008         (0, 1, 5)      [] [W]
    324     0x00014880       0xFFFFFF80      0x00000030         (0, 1, 9)      [] [SW, S]
    325     0x00014500       0xFFFFFF80      0x00400010         (0, 1, 8)      [16] [SW]
    326     0x00001900       0xFFFFFF80      0x00200001         (0, 0, 3)      [15] [E]
    327     0x00006080       0xFFFFFF80      0x00004000         (0, 0, 12)      [8] []
    328     0x00002600       0xFFFFFF80      0x00020000         (0, 0, 4)      [11] []
    329     0x00009000       0xFFFFFF80      0x0008000C         (0, 0, 2)      [13] [N, W]
    330     0x0001F300       0xFFFFFF80      0x00000008         (0, 1, 14)      [] [W]
    331     0x00018200       0xFFFFFF80      0x00000108         (0, 1, 0)      [2] [W]
    332     0x0000E000       0xFFFFFF80      0x00000008         (0, 0, 12)      [] [W]
    333     0x0000DA00       0xFFFFFF80      0x00020008         (0, 0, 11)      [11] [W]
    334     0x0001D400       0xFFFFFF80      0x00000101         (0, 1, 10)      [2] [E]
    335     0x00024400       0xFFFFFF80      0x00000008         (0, 2, 8)      [] [W]
    336     0x0000CA00       0xFFFFFF80      0x00008008         (0, 0, 9)      [9] [W]
    337     0x0001BA80       0xFFFFFF80      0x00000800         (0, 1, 7)      [5] []
    338     0x00006E80       0xFFFFFF80      0x00001000         (0, 0, 13)      [6] []
    339     0x0000E880       0xFFFFFF80      0x00010008         (0, 0, 13)      [10] [W]
    340     0x00000680       0xFFFFFF80      0x00004000         (0, 0, 0)      [8] []
    341     0x00005A80       0xFFFFFF80      0x00000002         (0, 0, 11)      [] [NE]
    342     0x00006A00       0xFFFFFF80      0x00000003         (0, 0, 13)      [] [E, NE]
    343     0x00004480       0xFFFFFF80      0x00040001         (0, 0, 8)      [12] [E]
    344     0x0000CA80       0xFFFFFF80      0x00010008         (0, 0, 9)      [10] [W]
    345     0x0000DD00       0xFFFFFF80      0x00800008         (0, 0, 11)      [17] [W]
    346     0x00013C00       0xFFFFFF80      0x00000018         (0, 1, 7)      [] [W, SW]
    347     0x00015B80       0xFFFFFF80      0x00000200         (0, 1, 11)      [3] []
    348     0x0000B700       0xFFFFFF80      0x00FFF0A1         (0, 0, 6)      [1, 6, 7, 8, 9, 10, 11, 12, 13, 14, 15, 16, 17] [E, S]
    349     0x00011880       0xFFFFFF80      0x00400008         (0, 1, 3)      [16] [W]
    350     0x0000DE80       0xFFFFFF80      0x00000008         (0, 0, 11)      [] [W]
    351     0x00008000       0xFFFFFF80      0x00020001         (0, 0, 0)      [11] [E]
    352     0x0001DC80       0xFFFFFF80      0x00000200         (0, 1, 11)      [3] []
    353     0x0000A400       0xFFFFFF80      0x00000F8E         (0, 0, 4)      [1, 2, 3, 4, 5] [NE, N, W]
    354     0x00009100       0xFFFFFF80      0x0020000E         (0, 0, 2)      [15] [NE, N, W]
    355     0x00012F00       0xFFFFFF80      0x00000088         (0, 1, 5)      [1] [W]
    356     0x0000A780       0xFFFFFF80      0x00000F8E         (0, 0, 4)      [1, 2, 3, 4, 5] [NE, N, W]
    357     0x00013000       0xFFFFFF80      0x00000208         (0, 1, 6)      [3] [W]
    358     0x0001C300       0xFFFFFF80      0x00000200         (0, 1, 8)      [3] []
    359     0x00004500       0xFFFFFF80      0x00080001         (0, 0, 8)      [13] [E]
    360     0x00007100       0xFFFFFF80      0x00020001         (0, 0, 14)      [11] [E]
    361     0x00006B80       0xFFFFFF80      0x00000003         (0, 0, 13)      [] [E, NE]
    362     0x00023E80       0xFFFFFF80      0x00008008         (0, 2, 7)      [9] [W]
    363     0x0000AB00       0xFFFFFF80      0x00FFF038         (0, 0, 5)      [6, 7, 8, 9, 10, 11, 12, 13, 14, 15, 16, 17] [W, SW, S]
    364     0x0000F400       0xFFFFFF80      0x00000220         (0, 0, 14)      [3] [S]
    365     0x00009080       0xFFFFFF80      0x0010000C         (0, 0, 2)      [14] [N, W]
    366     0x00013B00       0xFFFFFF80      0x00000018         (0, 1, 7)      [] [W, SW]
    367     0x0000ED00       0xFFFFFF80      0x00000018         (0, 0, 13)      [] [W, SW]
    368     0x0000C300       0xFFFFFF80      0x00000021         (0, 0, 8)      [] [E, S]
    369     0x00016800       0xFFFFFF80      0x00000088         (0, 1, 13)      [1] [W]
    370     0x00001B80       0xFFFFFF80      0x00000001         (0, 0, 3)      [] [E]
    371     0x00008A80       0xFFFFFF80      0x0000010E         (0, 0, 1)      [2] [NE, N, W]
    372     0x00004C80       0xFFFFFF80      0x00000002         (0, 0, 9)      [] [NE]
    373     0x00007E80       0xFFFFFF80      0x00004000         (0, 0, 15)      [8] []
    374     0x00013800       0xFFFFFF80      0x00000018         (0, 1, 7)      [] [W, SW]
    375     0x0000AF80       0xFFFFFF80      0x00FFF03F         (0, 0, 5)      [6, 7, 8, 9, 10, 11, 12, 13, 14, 15, 16, 17] [E, NE, N, W, SW, S]
    376     0x0001F800       0xFFFFFF80      0x00000408         (0, 1, 15)      [4] [W]
    377     0x00023D80       0xFFFFFF80      0x00002008         (0, 2, 7)      [7] [W]
    378     0x00007280       0xFFFFFF80      0x00100001         (0, 0, 14)      [14] [E]
    379     0x00024700       0xFFFFFF80      0x0000000A         (0, 2, 8)      [] [NE, W]
    380     0x00008300       0xFFFFFF80      0x00800001         (0, 0, 0)      [17] [E]
    381     0x0000FB80       0xFFFFFF80      0x00000030         (0, 0, 15)      [] [SW, S]
    382     0x00014B00       0xFFFFFF80      0x00000030         (0, 1, 9)      [] [SW, S]
    383     0x0000BE80       0xFFFFFF80      0x00600021         (0, 0, 7)      [16, 15] [E, S]
    384     0x00007700       0xFFFFFF80      0x00000001         (0, 0, 14)      [] [E]
    385     0x00006280       0xFFFFFF80      0x00040000         (0, 0, 12)      [12] []
    386     0x00016180       0xFFFFFF80      0x00000008         (0, 1, 12)      [] [W]
    387     0x00010E80       0xFFFFFF80      0x00000018         (0, 1, 1)      [] [W, SW]
    388     0x00007500       0xFFFFFF80      0x00000001         (0, 0, 14)      [] [E]
    389     0x00017D00       0xFFFFFF80      0x00000008         (0, 1, 15)      [] [W]
    390     0x00001680       0xFFFFFF80      0x00010001         (0, 0, 2)      [10] [E]
    391     0x00010400       0xFFFFFF80      0x00000800         (0, 1, 0)      [5] []
    392     0x0000F380       0xFFFFFF80      0x00000130         (0, 0, 14)      [2] [SW, S]
    393     0x00017000       0xFFFFFF80      0x00000008         (0, 1, 14)      [] [W]
    394     0x00012800       0xFFFFFF80      0x00800008         (0, 1, 5)      [17] [W]
    395     0x00005700       0xFFFFFF80      0x00000002         (0, 0, 10)      [] [NE]
    396     0x00008B00       0xFFFFFF80      0x0000020E         (0, 0, 1)      [3] [NE, N, W]
    397     0x0001A580       0xFFFFFF80      0x00000401         (0, 1, 4)      [4] [E]
    398     0x00003500       0xFFFFFF80      0x00020001         (0, 0, 6)      [11] [E]
    399     0x0000CD80       0xFFFFFF80      0x00400008         (0, 0, 9)      [16] [W]
    400     0x0000AB80       0xFFFFFF80      0x00FFF038         (0, 0, 5)      [6, 7, 8, 9, 10, 11, 12, 13, 14, 15, 16, 17] [W, SW, S]
    401     0x00011380       0xFFFFFF80      0x00000018         (0, 1, 2)      [] [W, SW]
    402     0x00024300       0xFFFFFF80      0x00000008         (0, 2, 8)      [] [W]
    403     0x0000A680       0xFFFFFF80      0x00000F8E         (0, 0, 4)      [1, 2, 3, 4, 5] [NE, N, W]
    404     0x00018380       0xFFFFFF80      0x00000800         (0, 1, 0)      [5] []
    405     0x00011E00       0xFFFFFF80      0x00000008         (0, 1, 3)      [] [W]
    406     0x00024680       0xFFFFFF80      0x0000000A         (0, 2, 8)      [] [NE, W]
    407     0x00009980       0xFFFFFF80      0x0000030E         (0, 0, 3)      [2, 3] [NE, N, W]
    408     0x0001F280       0xFFFFFF80      0x00000808         (0, 1, 14)      [5] [W]
    409     0x0001E480       0xFFFFFF80      0x00000400         (0, 1, 12)      [4] []
    410     0x0000D180       0xFFFFFF80      0x00000008         (0, 0, 10)      [] [W]
    411     0x0003B100       0xFFFFFF00      0x00800000         (0, 3, 6)      [17] []
    412     0x00020300       0xFFFFFF80      0x00000800         (0, 2, 0)      [5] []
    413     0x0000E700       0xFFFFFF80      0x00000008         (0, 0, 12)      [] [W]
    414     0x0000BA00       0xFFFFFF80      0x00003020         (0, 0, 7)      [6, 7] [S]
    415     0x00009780       0xFFFFFF80      0x0000000E         (0, 0, 2)      [] [NE, N, W]
    416     0x00006300       0xFFFFFF80      0x00080000         (0, 0, 12)      [13] []
    417     0x0001A800       0xFFFFFF80      0x00000001         (0, 1, 5)      [] [E]
    418     0x00012680       0xFFFFFF80      0x00100008         (0, 1, 4)      [14] [W]
    419     0x00007780       0xFFFFFF80      0x00000001         (0, 0, 14)      [] [E]
    420     0x0000E280       0xFFFFFF80      0x00000008         (0, 0, 12)      [] [W]
    421     0x00018A80       0xFFFFFF80      0x00000010         (0, 1, 1)      [] [SW]
    422     0x0000FD00       0xFFFFFF80      0x00000020         (0, 0, 15)      [] [S]
    423     0x0000AD00       0xFFFFFF80      0x00FFF03D         (0, 0, 5)      [6, 7, 8, 9, 10, 11, 12, 13, 14, 15, 16, 17] [E, N, W, SW, S]
    424     0x00014D80       0xFFFFFF80      0x00000220         (0, 1, 9)      [3] [S]
    425     0x00016900       0xFFFFFF80      0x00000208         (0, 1, 13)      [3] [W]
    426     0x0000A880       0xFFFFFF80      0x00000FBF         (0, 0, 5)      [1, 2, 3, 4, 5] [E, NE, N, W, SW, S]
    427     0x0000C200       0xFFFFFF80      0x00000021         (0, 0, 8)      [] [E, S]
    428     0x00004B80       0xFFFFFF80      0x00000001         (0, 0, 9)      [] [E]
    429     0x00001E80       0xFFFFFF80      0x00000001         (0, 0, 3)      [] [E]
    430     0x0001C400       0xFFFFFF80      0x00000800         (0, 1, 8)      [5] []
    431     0x00019A80       0xFFFFFF80      0x00000401         (0, 1, 3)      [4] [E]
    432     0x0000F780       0xFFFFFF80      0x00000010         (0, 0, 14)      [] [SW]
    433     0x00001780       0xFFFFFF80      0x00040001         (0, 0, 2)      [12] [E]
    434     0x00009280       0xFFFFFF80      0x0000000E         (0, 0, 2)      [] [NE, N, W]
    435     0x00013F00       0xFFFFFF80      0x00000218         (0, 1, 7)      [3] [W, SW]
    436     0x00008D00       0xFFFFFF80      0x00002008         (0, 0, 1)      [7] [W]
    437     0x00011A80       0xFFFFFF80      0x00000008         (0, 1, 3)      [] [W]
    438     0x00002B00       0xFFFFFF80      0x00000002         (0, 0, 5)      [] [NE]
    439     0x00017100       0xFFFFFF80      0x00000008         (0, 1, 14)      [] [W]
    440     0x00011400       0xFFFFFF80      0x00000018         (0, 1, 2)      [] [W, SW]
    441     0x0000F100       0xFFFFFF80      0x00000018         (0, 0, 14)      [] [W, SW]
    442     0x00014580       0xFFFFFF80      0x00800010         (0, 1, 8)      [17] [SW]
    443     0x00005800       0xFFFFFF80      0x00000002         (0, 0, 11)      [] [NE]
    444     0x00024380       0xFFFFFF80      0x00000008         (0, 2, 8)      [] [W]
    445     0x00019600       0xFFFFFF80      0x00000001         (0, 1, 2)      [] [E]
    446     0x0000C500       0xFFFFFF80      0x00000021         (0, 0, 8)      [] [E, S]
    447     0x0000DF00       0xFFFFFF80      0x00000008         (0, 0, 11)      [] [W]
    448     0x00006F00       0xFFFFFF80      0x00002000         (0, 0, 13)      [7] []
    449     0x00013900       0xFFFFFF80      0x00000018         (0, 1, 7)      [] [W, SW]
    450     0x00002680       0xFFFFFF80      0x00040000         (0, 0, 4)      [12] []
    451     0x00014980       0xFFFFFF80      0x00000030         (0, 1, 9)      [] [SW, S]
    452     0x0000BD00       0xFFFFFF80      0x000C0021         (0, 0, 7)      [12, 13] [E, S]
    453     0x0000CF80       0xFFFFFF80      0x00000008         (0, 0, 9)      [] [W]
    454     0x00014C80       0xFFFFFF80      0x000000B0         (0, 1, 9)      [1] [SW, S]
    455     0x0001D380       0xFFFFFF80      0x00000081         (0, 1, 10)      [1] [E]
    456     0x00016380       0xFFFFFF80      0x00000008         (0, 1, 12)      [] [W]
    457     0x00018E00       0xFFFFFF80      0x00000120         (0, 1, 1)      [2] [S]
    458     0x00000C80       0xFFFFFF80      0x00000002         (0, 0, 1)      [] [NE]
    459     0x00011700       0xFFFFFF80      0x00080008         (0, 1, 2)      [13] [W]
    460     0x00005980       0xFFFFFF80      0x00000002         (0, 0, 11)      [] [NE]
    461     0x0001FA00       0xFFFFFF80      0x00000001         (0, 1, 15)      [] [E]
    462     0x0000C080       0xFFFFFF80      0x00000021         (0, 0, 8)      [] [E, S]
    463     0x00024880       0xFFFFFF80      0x0000000A         (0, 2, 9)      [] [NE, W]
    464     0x0000D080       0xFFFFFF80      0x00000008         (0, 0, 10)      [] [W]
    465     0x00000780       0xFFFFFF80      0x00010001         (0, 0, 0)      [10] [E]
    466     0x00001480       0xFFFFFF80      0x00001000         (0, 0, 2)      [6] []
    467     0x00003900       0xFFFFFF80      0x00000003         (0, 0, 7)      [] [E, NE]
    468     0x0000E500       0xFFFFFF80      0x00000208         (0, 0, 12)      [3] [W]
    469     0x0003AA00       0xFFFFFF00      0x00010000         (0, 3, 5)      [10] []
    470     0x00009D80       0xFFFFFF80      0x00030F88         (0, 0, 3)      [1, 2, 3, 4, 5, 10, 11] [W]
    471     0x00010A00       0xFFFFFF80      0x00800020         (0, 1, 1)      [17] [S]
    472     0x00008080       0xFFFFFF80      0x00040001         (0, 0, 0)      [12] [E]
    473     0x00019700       0xFFFFFF80      0x00000001         (0, 1, 2)      [] [E]
    474     0x0000A580       0xFFFFFF80      0x00000F8E         (0, 0, 4)      [1, 2, 3, 4, 5] [NE, N, W]
    475     0x00008500       0xFFFFFF80      0x00000001         (0, 0, 0)      [] [E]
    476     0x00017380       0xFFFFFF80      0x00000008         (0, 1, 14)      [] [W]
    477     0x00007980       0xFFFFFF80      0x00000001         (0, 0, 15)      [] [E]
    478     0x00010200       0xFFFFFF80      0x000000A0         (0, 1, 0)      [1] [S]
    479     0x0000CB00       0xFFFFFF80      0x00020008         (0, 0, 9)      [11] [W]
    480     0x00018E80       0xFFFFFF80      0x00000220         (0, 1, 1)      [3] [S]
    481     0x00015780       0xFFFFFF80      0x00000020         (0, 1, 10)      [] [S]
    482     0x0000CF00       0xFFFFFF80      0x00000008         (0, 0, 9)      [] [W]
    483     0x00017F00       0xFFFFFF80      0x00000008         (0, 1, 15)      [] [W]
    484     0x0000C600       0xFFFFFF80      0x000000A1         (0, 0, 8)      [1] [E, S]
    485     0x00014E00       0xFFFFFF80      0x00000420         (0, 1, 9)      [4] [S]
    486     0x00006700       0xFFFFFF80      0x00000003         (0, 0, 12)      [] [E, NE]
    487     0x00014800       0xFFFFFF80      0x00000030         (0, 1, 9)      [] [SW, S]
    488     0x00004B00       0xFFFFFF80      0x00000001         (0, 0, 9)      [] [E]
    489     0x00018300       0xFFFFFF80      0x00000400         (0, 1, 0)      [4] []
    490     0x00015A00       0xFFFFFF80      0x00000010         (0, 1, 11)      [] [SW]
    491     0x00002A80       0xFFFFFF80      0x00000002         (0, 0, 5)      [] [NE]
    492     0x0000B000       0xFFFFFF80      0x00FFF03F         (0, 0, 6)      [6, 7, 8, 9, 10, 11, 12, 13, 14, 15, 16, 17] [E, NE, N, W, SW, S]
    493     0x0001F880       0xFFFFFF80      0x00000808         (0, 1, 15)      [5] [W]
    494     0x00009E00       0xFFFFFF80      0x00060F8C         (0, 0, 3)      [1, 2, 3, 4, 5, 11, 12] [N, W]
    495     0x00010C80       0xFFFFFF80      0x00000018         (0, 1, 1)      [] [W, SW]
    496     0x0000F000       0xFFFFFF80      0x00000018         (0, 0, 14)      [] [W, SW]
    497     0x00005480       0xFFFFFF80      0x00100000         (0, 0, 10)      [14] []
    498     0x00014C00       0xFFFFFF80      0x00000030         (0, 1, 9)      [] [SW, S]
    499     0x00003D00       0xFFFFFF80      0x00000001         (0, 0, 7)      [] [E]
    500     0x00014D00       0xFFFFFF80      0x00000130         (0, 1, 9)      [2] [SW, S]
    501     0x0001CB80       0xFFFFFF80      0x00000101         (0, 1, 9)      [2] [E]
    502     0x00016680       0xFFFFFF80      0x00000008         (0, 1, 12)      [] [W]
    503     0x0000D800       0xFFFFFF80      0x00000008         (0, 0, 11)      [] [W]
    504     0x00011180       0xFFFFFF80      0x00000118         (0, 1, 2)      [2] [W, SW]
    505     0x0000FC00       0xFFFFFF80      0x00000020         (0, 0, 15)      [] [S]
    506     0x00004800       0xFFFFFF80      0x00000001         (0, 0, 9)      [] [E]
    507     0x0001A600       0xFFFFFF80      0x00000801         (0, 1, 4)      [5] [E]
    508     0x00018280       0xFFFFFF80      0x00000208         (0, 1, 0)      [3] [W]
    509     0x0000C880       0xFFFFFF80      0x00000001         (0, 0, 9)      [] [E]
    510     0x0001F100       0xFFFFFF80      0x00000108         (0, 1, 14)      [2] [W]
    511     0x00011480       0xFFFFFF80      0x00000010         (0, 1, 2)      [] [SW]
    512     0x00013780       0xFFFFFF80      0x00000018         (0, 1, 6)      [] [W, SW]
    513     0x00019880       0xFFFFFF80      0x00000001         (0, 1, 3)      [] [E]
    514     0x00003A80       0xFFFFFF80      0x00000003         (0, 0, 7)      [] [E, NE]
    515     0x00019900       0xFFFFFF80      0x00000081         (0, 1, 3)      [1] [E]
    516     0x0000B480       0xFFFFFF80      0x00FFF021         (0, 0, 6)      [6, 7, 8, 9, 10, 11, 12, 13, 14, 15, 16, 17] [E, S]
    517     0x00005400       0xFFFFFF80      0x00080000         (0, 0, 10)      [13] []
    518     0x00009580       0xFFFFFF80      0x0000000E         (0, 0, 2)      [] [NE, N, W]
    519     0x00000880       0xFFFFFF80      0x00040000         (0, 0, 1)      [12] []
    520     0x00018080       0xFFFFFF80      0x00000008         (0, 1, 0)      [] [W]
    521     0x00023F80       0xFFFFFF80      0x00020008         (0, 2, 7)      [11] [W]
    522     0x00009500       0xFFFFFF80      0x0000000E         (0, 0, 2)      [] [NE, N, W]
    523     0x00018B80       0xFFFFFF80      0x00000030         (0, 1, 1)      [] [SW, S]
    524     0x00000F00       0xFFFFFF80      0x00000002         (0, 0, 1)      [] [NE]
    525     0x0000B680       0xFFFFFF80      0x00FFF021         (0, 0, 6)      [6, 7, 8, 9, 10, 11, 12, 13, 14, 15, 16, 17] [E, S]
    526     0x0000F680       0xFFFFFF80      0x00000010         (0, 0, 14)      [] [SW]
    527     0x00007E00       0xFFFFFF80      0x00002000         (0, 0, 15)      [7] []
    528     0x00013880       0xFFFFFF80      0x00000018         (0, 1, 7)      [] [W, SW]
    529     0x00024B80       0xFFFFFF80      0x00000808         (0, 2, 9)      [5] [W]
    530     0x00015500       0xFFFFFF80      0x00000020         (0, 1, 10)      [] [S]
    531     0x00006000       0xFFFFFF80      0x00002000         (0, 0, 12)      [7] []
    532     0x00007900       0xFFFFFF80      0x00000001         (0, 0, 15)      [] [E]
    533     0x0000BC00       0xFFFFFF80      0x00030021         (0, 0, 7)      [10, 11] [E, S]
    534     0x00003580       0xFFFFFF80      0x00040001         (0, 0, 6)      [12] [E]
    535     0x0000E580       0xFFFFFF80      0x00000408         (0, 0, 12)      [4] [W]
    536     0x00003880       0xFFFFFF80      0x00000003         (0, 0, 7)      [] [E, NE]
    537     0x00024080       0xFFFFFF80      0x00080008         (0, 2, 8)      [13] [W]
    538     0x00018C00       0xFFFFFF80      0x00000030         (0, 1, 1)      [] [SW, S]
    539     0x00008900       0xFFFFFF80      0x0000000E         (0, 0, 1)      [] [NE, N, W]
    540     0x00005C00       0xFFFFFF80      0x00000002         (0, 0, 11)      [] [NE]
    541     0x00005F80       0xFFFFFF80      0x00001000         (0, 0, 11)      [6] []
    542     0x0001BA00       0xFFFFFF80      0x00000400         (0, 1, 7)      [4] []
    543     0x00000E80       0xFFFFFF80      0x00000002         (0, 0, 1)      [] [NE]
    544     0x0000D200       0xFFFFFF80      0x00000008         (0, 0, 10)      [] [W]
    545     0x00002C80       0xFFFFFF80      0x00000002         (0, 0, 5)      [] [NE]
    546     0x00012B80       0xFFFFFF80      0x00000008         (0, 1, 5)      [] [W]
    547     0x0003A700       0xFFFFFF00      0x00002000         (0, 3, 4)      [7] []
    548     0x00008D80       0xFFFFFF80      0x00004008         (0, 0, 1)      [8] [W]
    549     0x0000F500       0xFFFFFF80      0x00000800         (0, 0, 14)      [5] []
    550     0x00024480       0xFFFFFF80      0x00000008         (0, 2, 8)      [] [W]
    551     0x0000A080       0xFFFFFF80      0x00C00F8E         (0, 0, 4)      [1, 2, 3, 4, 5, 16, 17] [NE, N, W]
    552     0x00013A80       0xFFFFFF80      0x00000018         (0, 1, 7)      [] [W, SW]
    553     0x00000600       0xFFFFFF80      0x00002000         (0, 0, 0)      [7] []
    554     0x00018100       0xFFFFFF80      0x00000008         (0, 1, 0)      [] [W]
    555     0x00007680       0xFFFFFF80      0x00000001         (0, 0, 14)      [] [E]
    556     0x00024500       0xFFFFFF80      0x00000008         (0, 2, 8)      [] [W]
    557     0x00024200       0xFFFFFF80      0x00400008         (0, 2, 8)      [16] [W]
    558     0x0000AD80       0xFFFFFF80      0x00FFF03D         (0, 0, 5)      [6, 7, 8, 9, 10, 11, 12, 13, 14, 15, 16, 17] [E, N, W, SW, S]
    559     0x0000EB80       0xFFFFFF80      0x00400018         (0, 0, 13)      [16] [W, SW]
    560     0x00008E00       0xFFFFFF80      0x00008008         (0, 0, 1)      [9] [W]
    561     0x00006F80       0xFFFFFF80      0x00004000         (0, 0, 13)      [8] []
    562     0x0001EB80       0xFFFFFF80      0x00000400         (0, 1, 13)      [4] []
    563     0x00011080       0xFFFFFF80      0x00000018         (0, 1, 2)      [] [W, SW]
    564     0x00007380       0xFFFFFF80      0x00400001         (0, 0, 14)      [16] [E]
    565     0x0001AA00       0xFFFFFF80      0x00000001         (0, 1, 5)      [] [E]
    566     0x0001D300       0xFFFFFF80      0x00000001         (0, 1, 10)      [] [E]
    567     0x00002880       0xFFFFFF80      0x00400002         (0, 0, 5)      [16] [NE]
    568     0x00012880       0xFFFFFF80      0x00000008         (0, 1, 5)      [] [W]
    569     0x00004680       0xFFFFFF80      0x00400001         (0, 0, 8)      [16] [E]
    570     0x00007000       0xFFFFFF80      0x00008000         (0, 0, 14)      [9] []
    571     0x00012180       0xFFFFFF80      0x00000408         (0, 1, 4)      [4] [W]
    572     0x00000980       0xFFFFFF80      0x00100000         (0, 0, 1)      [14] []
    573     0x0000CE00       0xFFFFFF80      0x00800008         (0, 0, 9)      [17] [W]
    574     0x0001D280       0xFFFFFF80      0x00000001         (0, 1, 10)      [] [E]
    575     0x0000B200       0xFFFFFF80      0x00FFF021         (0, 0, 6)      [6, 7, 8, 9, 10, 11, 12, 13, 14, 15, 16, 17] [E, S]
    576     0x0000DC00       0xFFFFFF80      0x00200008         (0, 0, 11)      [15] [W]
    577     0x0000C280       0xFFFFFF80      0x00000021         (0, 0, 8)      [] [E, S]
    578     0x00005B00       0xFFFFFF80      0x00000002         (0, 0, 11)      [] [NE]
    579     0x0001AE80       0xFFFFFF80      0x00000081         (0, 1, 5)      [1] [E]
    580     0x0001B200       0xFFFFFF80      0x00000001         (0, 1, 6)      [] [E]
    581     0x00017E00       0xFFFFFF80      0x00000008         (0, 1, 15)      [] [W]
    582     0x0000BD80       0xFFFFFF80      0x00180021         (0, 0, 7)      [13, 14] [E, S]
    583     0x00008200       0xFFFFFF80      0x00200001         (0, 0, 0)      [15] [E]
    584     0x00001600       0xFFFFFF80      0x00008000         (0, 0, 2)      [9] []
    585     0x0001AC00       0xFFFFFF80      0x00000001         (0, 1, 5)      [] [E]
    586     0x0000E380       0xFFFFFF80      0x00000008         (0, 0, 12)      [] [W]
    587     0x00013200       0xFFFFFF80      0x00000008         (0, 1, 6)      [] [W]
    588     0x00015C80       0xFFFFFF80      0x00000800         (0, 1, 11)      [5] []
    589     0x0000B100       0xFFFFFF80      0x00FFF021         (0, 0, 6)      [6, 7, 8, 9, 10, 11, 12, 13, 14, 15, 16, 17] [E, S]
    590     0x00013600       0xFFFFFF80      0x00200008         (0, 1, 6)      [15] [W]
    591     0x0000A280       0xFFFFFF80      0x00000F8E         (0, 0, 4)      [1, 2, 3, 4, 5] [NE, N, W]
    592     0x00013E00       0xFFFFFF80      0x00000098         (0, 1, 7)      [1] [W, SW]
    593     0x00012000       0xFFFFFF80      0x00000088         (0, 1, 4)      [1] [W]
    594     0x0000C400       0xFFFFFF80      0x00000021         (0, 0, 8)      [] [E, S]
    595     0x0000EC00       0xFFFFFF80      0x00800018         (0, 0, 13)      [17] [W, SW]
    596     0x00009300       0xFFFFFF80      0x0000000E         (0, 0, 2)      [] [NE, N, W]
    597     0x0000DB00       0xFFFFFF80      0x00080008         (0, 0, 11)      [13] [W]
    598     0x00010080       0xFFFFFF80      0x00000020         (0, 1, 0)      [] [S]
    599     0x0000C700       0xFFFFFF80      0x00000221         (0, 0, 8)      [3] [E, S]
    600     0x0003AC00       0xFFFFFF00      0x00040000         (0, 3, 5)      [12] []
    601     0x0000F880       0xFFFFFF80      0x00040030         (0, 0, 15)      [12] [SW, S]
    602     0x00011B80       0xFFFFFF80      0x00000008         (0, 1, 3)      [] [W]
    603     0x0001B100       0xFFFFFF80      0x00000001         (0, 1, 6)      [] [E]
    604     0x0001DD00       0xFFFFFF80      0x00000400         (0, 1, 11)      [4] []
    605     0x00000800       0xFFFFFF80      0x00020001         (0, 0, 1)      [11] [E]
    606     0x00001D80       0xFFFFFF80      0x00000001         (0, 0, 3)      [] [E]
    607     0x00014900       0xFFFFFF80      0x00000030         (0, 1, 9)      [] [SW, S]
    608     0x00017580       0xFFFFFF80      0x00000108         (0, 1, 14)      [2] [W]
    609     0x00016200       0xFFFFFF80      0x00000008         (0, 1, 12)      [] [W]
    610     0x0003AD00       0xFFFFFF00      0x00080000         (0, 3, 5)      [13] []
    611     0x0003A800       0xFFFFFF00      0x00004000         (0, 3, 5)      [8] []
    612     0x00001A80       0xFFFFFF80      0x00000001         (0, 0, 3)      [] [E]
    613     0x00010D00       0xFFFFFF80      0x00000018         (0, 1, 1)      [] [W, SW]
    614     0x00010100       0xFFFFFF80      0x00000020         (0, 1, 0)      [] [S]
    615     0x00024600       0xFFFFFF80      0x0000000A         (0, 2, 8)      [] [NE, W]
    616     0x0000F300       0xFFFFFF80      0x00000098         (0, 0, 14)      [1] [W, SW]
    617     0x00013B80       0xFFFFFF80      0x00000018         (0, 1, 7)      [] [W, SW]
    618     0x00012C00       0xFFFFFF80      0x00000008         (0, 1, 5)      [] [W]
    619     0x00015900       0xFFFFFF80      0x00000010         (0, 1, 11)      [] [SW]
    620     0x00019480       0xFFFFFF80      0x00000001         (0, 1, 2)      [] [E]
    621     0x0000C900       0xFFFFFF80      0x00000001         (0, 0, 9)      [] [E]
    622     0x0000BC80       0xFFFFFF80      0x00060021         (0, 0, 7)      [11, 12] [E, S]
    623     0x00008780       0xFFFFFF80      0x0000000E         (0, 0, 0)      [] [NE, N, W]
    624     0x00016F00       0xFFFFFF80      0x00000008         (0, 1, 13)      [] [W]
    625     0x0001B080       0xFFFFFF80      0x00000801         (0, 1, 6)      [5] [E]
    626     0x0000D100       0xFFFFFF80      0x00000008         (0, 0, 10)      [] [W]
    627     0x00005380       0xFFFFFF80      0x00040000         (0, 0, 10)      [12] []
    628     0x00006900       0xFFFFFF80      0x00000003         (0, 0, 13)      [] [E, NE]
    629     0x00014600       0xFFFFFF80      0x00000010         (0, 1, 8)      [] [SW]
    630     0x0001DC00       0xFFFFFF80      0x00000100         (0, 1, 11)      [2] []
    631     0x00008100       0xFFFFFF80      0x00080001         (0, 0, 0)      [13] [E]
    632     0x0000A100       0xFFFFFF80      0x00800F8E         (0, 0, 4)      [1, 2, 3, 4, 5, 17] [NE, N, W]
    633     0x0000FF00       0xFFFFFF80      0x00000020         (0, 0, 15)      [] [S]
    634     0x00005100       0xFFFFFF80      0x00002000         (0, 0, 10)      [7] []
    635     0x00003C00       0xFFFFFF80      0x00000001         (0, 0, 7)      [] [E]
    636     0x0000B580       0xFFFFFF80      0x00FFF021         (0, 0, 6)      [6, 7, 8, 9, 10, 11, 12, 13, 14, 15, 16, 17] [E, S]
    637     0x00023D00       0xFFFFFF80      0x00001000         (0, 2, 7)      [6] []
    638     0x0000BF00       0xFFFFFF80      0x00C00021         (0, 0, 7)      [16, 17] [E, S]
    639     0x0001CE80       0xFFFFFF80      0x00000001         (0, 1, 9)      [] [E]
    640     0x00006780       0xFFFFFF80      0x00000003         (0, 0, 12)      [] [E, NE]
    641     0x00018180       0xFFFFFF80      0x00000088         (0, 1, 0)      [1] [W]
    642     0x00015480       0xFFFFFF80      0x00000020         (0, 1, 10)      [] [S]
    643     0x00006580       0xFFFFFF80      0x00000003         (0, 0, 12)      [] [E, NE]
    644     0x00002480       0xFFFFFF80      0x00004000         (0, 0, 4)      [8] []
    645     0x0001A780       0xFFFFFF80      0x00000001         (0, 1, 4)      [] [E]
    646     0x00007A80       0xFFFFFF80      0x00000001         (0, 0, 15)      [] [E]
    647     0x00007580       0xFFFFFF80      0x00000001         (0, 0, 14)      [] [E]
    648     0x00006980       0xFFFFFF80      0x00000003         (0, 0, 13)      [] [E, NE]
    649     0x0000F200       0xFFFFFF80      0x00000018         (0, 0, 14)      [] [W, SW]
    650     0x00011280       0xFFFFFF80      0x00000418         (0, 1, 2)      [4] [W, SW]
    651     0x00024100       0xFFFFFF80      0x00100008         (0, 2, 8)      [14] [W]
    652     0x00019B00       0xFFFFFF80      0x00000801         (0, 1, 3)      [5] [E]
    653     0x00009B80       0xFFFFFF80      0x00003F80         (0, 0, 3)      [1, 2, 3, 4, 5, 6, 7] []
    654     0x00019A00       0xFFFFFF80      0x00000201         (0, 1, 3)      [3] [E]
    655     0x0000B600       0xFFFFFF80      0x00FFF021         (0, 0, 6)      [6, 7, 8, 9, 10, 11, 12, 13, 14, 15, 16, 17] [E, S]
    656     0x00008980       0xFFFFFF80      0x0000000E         (0, 0, 1)      [] [NE, N, W]
    657     0x00024180       0xFFFFFF80      0x00200008         (0, 2, 8)      [15] [W]
    658     0x00024000       0xFFFFFF80      0x00040008         (0, 2, 8)      [12] [W]
    659     0x00006380       0xFFFFFF80      0x00100000         (0, 0, 12)      [14] []
    660     0x0003A100       0xFFFFFF00      0x00000080         (0, 3, 4)      [1] []
    661     0x0001D480       0xFFFFFF80      0x00000201         (0, 1, 10)      [3] [E]
    662     0x00002E00       0xFFFFFF80      0x00000002         (0, 0, 5)      [] [NE]
    663     0x00019780       0xFFFFFF80      0x00000001         (0, 1, 2)      [] [E]
    664     0x0000F980       0xFFFFFF80      0x00100030         (0, 0, 15)      [14] [SW, S]
    665     0x00018880       0xFFFFFF80      0x00000010         (0, 1, 1)      [] [SW]
    666     0x0001C380       0xFFFFFF80      0x00000400         (0, 1, 8)      [4] []
    667     0x0000A480       0xFFFFFF80      0x00000F8E         (0, 0, 4)      [1, 2, 3, 4, 5] [NE, N, W]
    668     0x00009480       0xFFFFFF80      0x0000000E         (0, 0, 2)      [] [NE, N, W]
    669     0x00003B00       0xFFFFFF80      0x00000001         (0, 0, 7)      [] [E]
    670     0x00010000       0xFFFFFF80      0x00000020         (0, 1, 0)      [] [S]
    671     0x00017080       0xFFFFFF80      0x00000008         (0, 1, 14)      [] [W]
    672     0x0000CC80       0xFFFFFF80      0x00100008         (0, 0, 9)      [14] [W]
    673     0x00023B80       0xFFFFFF80      0x00000018         (0, 2, 7)      [] [W, SW]
    674     0x00015700       0xFFFFFF80      0x00000020         (0, 1, 10)      [] [S]
    675     0x00012A00       0xFFFFFF80      0x00000008         (0, 1, 5)      [] [W]
    676     0x00008E80       0xFFFFFF80      0x00010008         (0, 0, 1)      [10] [W]
    677     0x0000B800       0xFFFFFF80      0x00FFF321         (0, 0, 7)      [2, 3, 6, 7, 8, 9, 10, 11, 12, 13, 14, 15, 16, 17] [E, S]
    678     0x00006600       0xFFFFFF80      0x00000003         (0, 0, 12)      [] [E, NE]
    679     0x00012100       0xFFFFFF80      0x00000208         (0, 1, 4)      [3] [W]
    680     0x00013080       0xFFFFFF80      0x00000408         (0, 1, 6)      [4] [W]
    681     0x0000AA00       0xFFFFFF80      0x00000FBF         (0, 0, 5)      [1, 2, 3, 4, 5] [E, NE, N, W, SW, S]
    682     0x0000E480       0xFFFFFF80      0x00000108         (0, 0, 12)      [2] [W]
    683     0x00005600       0xFFFFFF80      0x00800002         (0, 0, 10)      [17] [NE]
    684     0x0000EF00       0xFFFFFF80      0x00000018         (0, 0, 13)      [] [W, SW]
    685     0x00015C00       0xFFFFFF80      0x00000400         (0, 1, 11)      [4] []
    686     0x00008280       0xFFFFFF80      0x00400001         (0, 0, 0)      [16] [E]
    687     0x0000FE00       0xFFFFFF80      0x00000020         (0, 0, 15)      [] [S]
    688     0x00004180       0xFFFFFF80      0x00001000         (0, 0, 8)      [6] []
    689     0x00016480       0xFFFFFF80      0x00000008         (0, 1, 12)      [] [W]
    690     0x0001A480       0xFFFFFF80      0x00000101         (0, 1, 4)      [2] [E]
    691     0x0000AE00       0xFFFFFF80      0x00FFF03D         (0, 0, 5)      [6, 7, 8, 9, 10, 11, 12, 13, 14, 15, 16, 17] [E, N, W, SW, S]
    692     0x00011D80       0xFFFFFF80      0x00000008         (0, 1, 3)      [] [W]
    693     0x0000FB00       0xFFFFFF80      0x00800030         (0, 0, 15)      [17] [SW, S]
    694     0x00007300       0xFFFFFF80      0x00200001         (0, 0, 14)      [15] [E]
    695     0x0001C280       0xFFFFFF80      0x00000100         (0, 1, 8)      [2] []
    696     0x00016A80       0xFFFFFF80      0x00000008         (0, 1, 13)      [] [W]
    697     0x0003A600       0xFFFFFF00      0x00001000         (0, 3, 4)      [6] []
    698     0x00012900       0xFFFFFF80      0x00000008         (0, 1, 5)      [] [W]
    699     0x00012300       0xFFFFFF80      0x00000008         (0, 1, 4)      [] [W]
    700     0x00007F00       0xFFFFFF80      0x00008000         (0, 0, 15)      [9] []
    701     0x00015880       0xFFFFFF80      0x00000010         (0, 1, 11)      [] [SW]
    702     0x00013E80       0xFFFFFF80      0x00000118         (0, 1, 7)      [2] [W, SW]
    703     0x00004700       0xFFFFFF80      0x00800001         (0, 0, 8)      [17] [E]
    704     0x00010800       0xFFFFFF80      0x00080020         (0, 1, 1)      [13] [S]
    705     0x0000E900       0xFFFFFF80      0x00020008         (0, 0, 13)      [11] [W]
    706     0x00006800       0xFFFFFF80      0x00000003         (0, 0, 13)      [] [E, NE]
    707     0x0000FE80       0xFFFFFF80      0x00000020         (0, 0, 15)      [] [S]
    708     0x00011300       0xFFFFFF80      0x00000818         (0, 1, 2)      [5] [W, SW]
    709     0x00010900       0xFFFFFF80      0x00200020         (0, 1, 1)      [15] [S]
    710     0x00017800       0xFFFFFF80      0x00000008         (0, 1, 15)      [] [W]
    711     0x0001A380       0xFFFFFF80      0x00000001         (0, 1, 4)      [] [E]
    712     0x0001B000       0xFFFFFF80      0x00000401         (0, 1, 6)      [4] [E]
    713     0x00009800       0xFFFFFF80      0x0000000E         (0, 0, 3)      [] [NE, N, W]
    714     0x00013980       0xFFFFFF80      0x00000018         (0, 1, 7)      [] [W, SW]
    715     0x00003700       0xFFFFFF80      0x00200003         (0, 0, 6)      [15] [E, NE]
    716     0x0000B880       0xFFFFFF80      0x00FFF621         (0, 0, 7)      [3, 4, 6, 7, 8, 9, 10, 11, 12, 13, 14, 15, 16, 17] [E, S]
    717     0x00011780       0xFFFFFF80      0x00100008         (0, 1, 2)      [14] [W]
    718     0x0000A900       0xFFFFFF80      0x00000FBF         (0, 0, 5)      [1, 2, 3, 4, 5] [E, NE, N, W, SW, S]
    719     0x00013680       0xFFFFFF80      0x00400008         (0, 1, 6)      [16] [W]
    720     0x00011900       0xFFFFFF80      0x00800008         (0, 1, 3)      [17] [W]
    721     0x0001EB00       0xFFFFFF80      0x00000200         (0, 1, 13)      [3] []
    722     0x00009E80       0xFFFFFF80      0x000C0F8C         (0, 0, 3)      [1, 2, 3, 4, 5, 12, 13] [N, W]
    723     0x00010A80       0xFFFFFF80      0x00000020         (0, 1, 1)      [] [S]
    724     0x00007A00       0xFFFFFF80      0x00000001         (0, 0, 15)      [] [E]
    725     0x0000C100       0xFFFFFF80      0x00000021         (0, 0, 8)      [] [E, S]
    726     0x00000B80       0xFFFFFF80      0x00000002         (0, 0, 1)      [] [NE]
    727     0x00004980       0xFFFFFF80      0x00000001         (0, 0, 9)      [] [E]
    728     0x0000D280       0xFFFFFF80      0x00000008         (0, 0, 10)      [] [W]
    729     0x00000D00       0xFFFFFF80      0x00000002         (0, 0, 1)      [] [NE]
    730     0x00018A00       0xFFFFFF80      0x00000010         (0, 1, 1)      [] [SW]
    731     0x00018F00       0xFFFFFF80      0x00000420         (0, 1, 1)      [4] [S]
    732     0x00006A80       0xFFFFFF80      0x00000003         (0, 0, 13)      [] [E, NE]
    733     0x00004900       0xFFFFFF80      0x00000001         (0, 0, 9)      [] [E]
    734     0x0000A300       0xFFFFFF80      0x00000F8E         (0, 0, 4)      [1, 2, 3, 4, 5] [NE, N, W]
    735     0x00012E80       0xFFFFFF80      0x00000008         (0, 1, 5)      [] [W]
    736     0x00001B00       0xFFFFFF80      0x00000001         (0, 0, 3)      [] [E]
    737     0x00017300       0xFFFFFF80      0x00000008         (0, 1, 14)      [] [W]
    738     0x00007F80       0xFFFFFF80      0x00010001         (0, 0, 15)      [10] [E]
    739     0x00011F00       0xFFFFFF80      0x00000008         (0, 1, 3)      [] [W]
    740     0x00017D80       0xFFFFFF80      0x00000008         (0, 1, 15)      [] [W]
    741     0x00019D00       0xFFFFFF80      0x00000001         (0, 1, 3)      [] [E]
    742     0x0001CF00       0xFFFFFF80      0x00000001         (0, 1, 9)      [] [E]
    743     0x00010880       0xFFFFFF80      0x00100020         (0, 1, 1)      [14] [S]
    744     0x00005080       0xFFFFFF80      0x00001000         (0, 0, 10)      [6] []
    745     0x00016280       0xFFFFFF80      0x00000008         (0, 1, 12)      [] [W]
    746     0x00008600       0xFFFFFF80      0x0000000E         (0, 0, 0)      [] [NE, N, W]
    747     0x00002400       0xFFFFFF80      0x00002000         (0, 0, 4)      [7] []
    748     0x0001AB00       0xFFFFFF80      0x00000001         (0, 1, 5)      [] [E]
    749     0x00019500       0xFFFFFF80      0x00000001         (0, 1, 2)      [] [E]
    750     0x00016400       0xFFFFFF80      0x00000008         (0, 1, 12)      [] [W]
    751     0x0000D480       0xFFFFFF80      0x00000008         (0, 0, 10)      [] [W]
    752     0x00004C00       0xFFFFFF80      0x00000002         (0, 0, 9)      [] [NE]
    753     0x00001C00       0xFFFFFF80      0x00000001         (0, 0, 3)      [] [E]
    754     0x00006C00       0xFFFFFF80      0x00000083         (0, 0, 13)      [1] [E, NE]
    755     0x00008380       0xFFFFFF80      0x00000001         (0, 0, 0)      [] [E]
    756     0x00003D80       0xFFFFFF80      0x00000001         (0, 0, 7)      [] [E]
    757     0x00000A80       0xFFFFFF80      0x00400002         (0, 0, 1)      [16] [NE]
    758     0x00006200       0xFFFFFF80      0x00020000         (0, 0, 12)      [11] []
    759     0x00015800       0xFFFFFF80      0x00000020         (0, 1, 11)      [] [S]
    760     0x0001CE00       0xFFFFFF80      0x00000001         (0, 1, 9)      [] [E]
    761     0x00022380       0xFFFFFF80      0x00000F80         (0, 2, 4)      [1, 2, 3, 4, 5] []
    762     0x0000EA00       0xFFFFFF80      0x00080008         (0, 0, 13)      [13] [W]
    763     0x00013100       0xFFFFFF80      0x00000808         (0, 1, 6)      [5] [W]
    764     0x00017C00       0xFFFFFF80      0x00000008         (0, 1, 15)      [] [W]
    765     0x00002580       0xFFFFFF80      0x00010000         (0, 0, 4)      [10] []
    766     0x00012D80       0xFFFFFF80      0x00000008         (0, 1, 5)      [] [W]
    767     0x00014B80       0xFFFFFF80      0x00000030         (0, 1, 9)      [] [SW, S]
    768     0x00003600       0xFFFFFF80      0x00080001         (0, 0, 6)      [13] [E]
    769     0x0000B500       0xFFFFFF80      0x00FFF021         (0, 0, 6)      [6, 7, 8, 9, 10, 11, 12, 13, 14, 15, 16, 17] [E, S]
    770     0x00018B00       0xFFFFFF80      0x00000010         (0, 1, 1)      [] [SW]
    771     0x00011E80       0xFFFFFF80      0x00000008         (0, 1, 3)      [] [W]
    772     0x0000F080       0xFFFFFF80      0x00000018         (0, 0, 14)      [] [W, SW]
    773     0x0000ED80       0xFFFFFF80      0x00000018         (0, 0, 13)      [] [W, SW]
    774     0x00016780       0xFFFFFF80      0x00000008         (0, 1, 12)      [] [W]
    775     0x00001580       0xFFFFFF80      0x00004000         (0, 0, 2)      [8] []
    776     0x0001AC80       0xFFFFFF80      0x00000001         (0, 1, 5)      [] [E]
    777     0x00017400       0xFFFFFF80      0x00000008         (0, 1, 14)      [] [W]
    778     0x0000AA80       0xFFFFFF80      0x00FFF038         (0, 0, 5)      [6, 7, 8, 9, 10, 11, 12, 13, 14, 15, 16, 17] [W, SW, S]
    779     0x00000A00       0xFFFFFF80      0x00200002         (0, 0, 1)      [15] [NE]
    780     0x00011C00       0xFFFFFF80      0x00000008         (0, 1, 3)      [] [W]
    781     0x00005500       0xFFFFFF80      0x00200002         (0, 0, 10)      [15] [NE]
    782     0x00009600       0xFFFFFF80      0x0000000E         (0, 0, 2)      [] [NE, N, W]
    783     0x00008480       0xFFFFFF80      0x00000001         (0, 0, 0)      [] [E]
    784     0x00004200       0xFFFFFF80      0x00002000         (0, 0, 8)      [7] []
    785     0x0000D780       0xFFFFFF80      0x00000008         (0, 0, 10)      [] [W]
    786     0x0000F280       0xFFFFFF80      0x00000018         (0, 0, 14)      [] [W, SW]
    787     0x0000D680       0xFFFFFF80      0x00000408         (0, 0, 10)      [4] [W]
    788     0x0000A700       0xFFFFFF80      0x00000F8E         (0, 0, 4)      [1, 2, 3, 4, 5] [NE, N, W]
    789     0x00012F80       0xFFFFFF80      0x00000108         (0, 1, 5)      [2] [W]
    790     0x00000D80       0xFFFFFF80      0x00000002         (0, 0, 1)      [] [NE]
    791     0x0000B380       0xFFFFFF80      0x00FFF021         (0, 0, 6)      [6, 7, 8, 9, 10, 11, 12, 13, 14, 15, 16, 17] [E, S]
    792     0x0000D300       0xFFFFFF80      0x00000008         (0, 0, 10)      [] [W]
    793     0x00008F00       0xFFFFFF80      0x0002000C         (0, 0, 1)      [11] [N, W]
    794     0x00014700       0xFFFFFF80      0x00000010         (0, 1, 8)      [] [SW]
    795     0x00004A80       0xFFFFFF80      0x00000001         (0, 0, 9)      [] [E]
    796     0x00016980       0xFFFFFF80      0x00000408         (0, 1, 13)      [4] [W]
    797     0x00006B00       0xFFFFFF80      0x00000003         (0, 0, 13)      [] [E, NE]
    798     0x00018980       0xFFFFFF80      0x00000010         (0, 1, 1)      [] [SW]
    799     0x00007800       0xFFFFFF80      0x00000001         (0, 0, 15)      [] [E]
    800     0x00014680       0xFFFFFF80      0x00000010         (0, 1, 8)      [] [SW]
    801     0x0000B980       0xFFFFFF80      0x00FFF801         (0, 0, 7)      [5, 6, 7, 8, 9, 10, 11, 12, 13, 14, 15, 16, 17] [E]
    802     0x00010F00       0xFFFFFF80      0x00000018         (0, 1, 1)      [] [W, SW]
    803     0x00016F80       0xFFFFFF80      0x00000008         (0, 1, 13)      [] [W]
    804     0x00007600       0xFFFFFF80      0x00000001         (0, 0, 14)      [] [E]
    805     0x0000F700       0xFFFFFF80      0x00000010         (0, 0, 14)      [] [SW]
    806     0x0001D680       0xFFFFFF80      0x00000001         (0, 1, 10)      [] [E]
    807     0x0001D500       0xFFFFFF80      0x00000401         (0, 1, 10)      [4] [E]
    808     0x00018000       0xFFFFFF80      0x00000008         (0, 1, 0)      [] [W]
    809     0x0003A400       0xFFFFFF00      0x00000400         (0, 3, 4)      [4] []
    810     0x0001E300       0xFFFFFF80      0x00000080         (0, 1, 12)      [1] []
    811     0x0001B280       0xFFFFFF80      0x00000001         (0, 1, 6)      [] [E]
    812     0x00016A00       0xFFFFFF80      0x00000808         (0, 1, 13)      [5] [W]
    813     0x00006400       0xFFFFFF80      0x00200002         (0, 0, 12)      [15] [NE]
    814     0x0000AE80       0xFFFFFF80      0x00FFF03D         (0, 0, 5)      [6, 7, 8, 9, 10, 11, 12, 13, 14, 15, 16, 17] [E, N, W, SW, S]
    815     0x0000FD80       0xFFFFFF80      0x00000020         (0, 0, 15)      [] [S]
    816     0x0000E980       0xFFFFFF80      0x00040008         (0, 0, 13)      [12] [W]
    817     0x00017C80       0xFFFFFF80      0x00000008         (0, 1, 15)      [] [W]
    818     0x00015580       0xFFFFFF80      0x00000020         (0, 1, 10)      [] [S]
    819     0x00019680       0xFFFFFF80      0x00000001         (0, 1, 2)      [] [E]
    820     0x00008700       0xFFFFFF80      0x0000000E         (0, 0, 0)      [] [NE, N, W]
    821     0x0003A500       0xFFFFFF00      0x00000800         (0, 3, 4)      [5] []
    822     0x00001800       0xFFFFFF80      0x00080001         (0, 0, 3)      [13] [E]
