router contains 680 entries 
 
  Index   Key(hex)    Mask(hex)    Route(hex)    Src. Core -> [Cores][Links]
------------------------------------------------------------------------------
    0     0x0000E480       0xFFFFFF80      0x00001000         (0, 0, 12)      [6] []
    1     0x00056F00       0xFFFFFF00      0x00004000         (0, 5, 13)      [8] []
    2     0x00016780       0xFFFFFF80      0x00000400         (0, 1, 12)      [4] []
    3     0x00024100       0xFFFFFF80      0x00000010         (0, 2, 8)      [] [SW]
    4     0x00020500       0xFFFFFF80      0x00080000         (0, 2, 0)      [13] []
    5     0x00020580       0xFFFFFF80      0x00100000         (0, 2, 0)      [14] []
    6     0x00018600       0xFFFFFF80      0x00300000         (0, 1, 0)      [14, 15] []
    7     0x00017580       0xFFFFFF80      0x00001000         (0, 1, 14)      [6] []
    8     0x0000F380       0xFFFFFF80      0x00001000         (0, 0, 14)      [6] []
    9     0x00014D00       0xFFFFFF80      0x00001002         (0, 1, 9)      [6] [NE]
    10     0x0001A900       0xFFFFFF80      0x00200000         (0, 1, 5)      [15] []
    11     0x00024F80       0xFFFFFF80      0x00800001         (0, 2, 9)      [17] [E]
    12     0x0001FE00       0xFFFFFF80      0x00008001         (0, 1, 15)      [9] [E]
    13     0x00016880       0xFFFFFF80      0x00001000         (0, 1, 13)      [6] []
    14     0x0000C400       0xFFFFFF80      0x00000081         (0, 0, 8)      [1] [E]
    15     0x0004E200       0xFFFFFF00      0x00000020         (0, 4, 12)      [] [S]
    16     0x0000A700       0xFFFFFF80      0x00000200         (0, 0, 4)      [3] []
    17     0x00055D00       0xFFFFFF00      0x00000001         (0, 5, 11)      [] [E]
    18     0x0001A500       0xFFFFFF80      0x00002000         (0, 1, 4)      [7] []
    19     0x00019C00       0xFFFFFF80      0x00030000         (0, 1, 3)      [10, 11] []
    20     0x00010480       0xFFFFFF80      0x00010003         (0, 1, 0)      [10] [E, NE]
    21     0x00013280       0xFFFFFF80      0x00040000         (0, 1, 6)      [12] []
    22     0x00022B80       0xFFFFFF80      0x00FFFF80         (0, 2, 5)      [1, 2, 3, 4, 5, 6, 7, 8, 9, 10, 11, 12, 13, 14, 15, 16, 17] []
    23     0x0001A880       0xFFFFFF80      0x00100000         (0, 1, 5)      [14] []
    24     0x00013000       0xFFFFFF80      0x00002000         (0, 1, 6)      [7] []
    25     0x00021280       0xFFFFFF80      0x00400010         (0, 2, 2)      [16] [SW]
    26     0x00011380       0xFFFFFF80      0x00010000         (0, 1, 2)      [10] []
    27     0x00015580       0xFFFFFF80      0x00000001         (0, 1, 10)      [] [E]
    28     0x00020A00       0xFFFFFF80      0x00100000         (0, 2, 1)      [14] []
    29     0x00015F80       0xFFFFFF80      0x00200000         (0, 1, 11)      [15] []
    30     0x0001F800       0xFFFFFF80      0x00004000         (0, 1, 15)      [8] []
    31     0x0001B200       0xFFFFFF80      0x00040000         (0, 1, 6)      [12] []
    32     0x00024780       0xFFFFFF80      0x000000B0         (0, 2, 8)      [1] [SW, S]
    33     0x00009700       0xFFFFFF80      0x00000080         (0, 0, 2)      [1] []
    34     0x00024400       0xFFFFFF80      0x00000010         (0, 2, 8)      [] [SW]
    35     0x00018F80       0xFFFFFF80      0x00FFFFB3         (0, 1, 1)      [1, 2, 3, 4, 5, 6, 7, 8, 9, 10, 11, 12, 13, 14, 15, 16, 17] [E, NE, SW, S]
    36     0x0001B880       0xFFFFFF80      0x00000800         (0, 1, 7)      [5] []
    37     0x0000A800       0xFFFFFF80      0x00000800         (0, 0, 5)      [5] []
    38     0x0001D580       0xFFFFFF80      0x00008000         (0, 1, 10)      [9] []
    39     0x00015880       0xFFFFFF80      0x00000080         (0, 1, 11)      [1] []
    40     0x00057800       0xFFFFFF00      0x00800000         (0, 5, 15)      [17] []
    41     0x0001B980       0xFFFFFF80      0x00002000         (0, 1, 7)      [7] []
    42     0x00010380       0xFFFFFF80      0x00004000         (0, 1, 0)      [8] []
    43     0x0001FD80       0xFFFFFF80      0x00004001         (0, 1, 15)      [8] [E]
    44     0x0000A900       0xFFFFFF80      0x00002000         (0, 0, 5)      [7] []
    45     0x00017700       0xFFFFFF80      0x00008000         (0, 1, 14)      [9] []
    46     0x00019A00       0xFFFFFF80      0x00003000         (0, 1, 3)      [6, 7] []
    47     0x0001D000       0xFFFFFF80      0x00200000         (0, 1, 10)      [15] []
    48     0x00014A80       0xFFFFFF80      0x00000080         (0, 1, 9)      [1] []
    49     0x0000E680       0xFFFFFF80      0x00010000         (0, 0, 12)      [10] []
    50     0x0001D100       0xFFFFFF80      0x00800000         (0, 1, 10)      [17] []
    51     0x00019E80       0xFFFFFF80      0x00600000         (0, 1, 3)      [16, 15] []
    52     0x00024380       0xFFFFFF80      0x00000010         (0, 2, 8)      [] [SW]
    53     0x0000D600       0xFFFFFF80      0x00002000         (0, 0, 10)      [7] []
    54     0x00021180       0xFFFFFF80      0x00100000         (0, 2, 2)      [14] []
    55     0x00020700       0xFFFFFF80      0x00800000         (0, 2, 0)      [17] []
    56     0x00010580       0xFFFFFF80      0x00040003         (0, 1, 0)      [12] [E, NE]
    57     0x00005B80       0xFFFFFF80      0x00000100         (0, 0, 11)      [2] []
    58     0x0001B100       0xFFFFFF80      0x00010000         (0, 1, 6)      [10] []
    59     0x0001A600       0xFFFFFF80      0x00008000         (0, 1, 4)      [9] []
    60     0x0000E400       0xFFFFFF80      0x00000800         (0, 0, 12)      [5] []
    61     0x0000A600       0xFFFFFF80      0x00000080         (0, 0, 4)      [1] []
    62     0x00014000       0xFFFFFF80      0x00008000         (0, 1, 8)      [9] []
    63     0x00012D00       0xFFFFFF80      0x00000080         (0, 1, 5)      [1] []
    64     0x0001D500       0xFFFFFF80      0x00004000         (0, 1, 10)      [8] []
    65     0x00021800       0xFFFFFF80      0x00400010         (0, 2, 3)      [16] [SW]
    66     0x0000E200       0xFFFFFF80      0x00000080         (0, 0, 12)      [1] []
    67     0x00055B00       0xFFFFFF00      0x00000001         (0, 5, 11)      [] [E]
    68     0x00019D00       0xFFFFFF80      0x000C0000         (0, 1, 3)      [12, 13] []
    69     0x00018400       0xFFFFFF80      0x00030000         (0, 1, 0)      [10, 11] []
    70     0x00010B00       0xFFFFFF80      0x00000001         (0, 1, 1)      [] [E]
    71     0x0001AF00       0xFFFFFF80      0x00001000         (0, 1, 5)      [6] []
    72     0x0000B900       0xFFFFFF80      0x00008000         (0, 0, 7)      [9] []
    73     0x00056600       0xFFFFFF00      0x00000001         (0, 5, 12)      [] [E]
    74     0x00012200       0xFFFFFF80      0x00008000         (0, 1, 4)      [9] []
    75     0x00050D00       0xFFFFFF00      0x00000001         (0, 5, 1)      [] [E]
    76     0x00010280       0xFFFFFF80      0x00001000         (0, 1, 0)      [6] []
    77     0x0004E300       0xFFFFFF00      0x00000020         (0, 4, 12)      [] [S]
    78     0x00020180       0xFFFFFF80      0x00400000         (0, 2, 0)      [16] []
    79     0x00015480       0xFFFFFF80      0x00000001         (0, 1, 10)      [] [E]
    80     0x0001F000       0xFFFFFF80      0x00800000         (0, 1, 14)      [17] []
    81     0x00024E00       0xFFFFFF80      0x00100001         (0, 2, 9)      [14] [E]
    82     0x00010800       0xFFFFFF80      0x00000001         (0, 1, 1)      [] [E]
    83     0x0000D380       0xFFFFFF80      0x00000100         (0, 0, 10)      [2] []
    84     0x00020200       0xFFFFFF80      0x00800000         (0, 2, 0)      [17] []
    85     0x00011400       0xFFFFFF80      0x00020000         (0, 1, 2)      [11] []
    86     0x0000F480       0xFFFFFF80      0x00004000         (0, 0, 14)      [8] []
    87     0x00021700       0xFFFFFF80      0x00100010         (0, 2, 2)      [14] [SW]
    88     0x00011680       0xFFFFFF80      0x00400000         (0, 1, 2)      [16] []
    89     0x0001B180       0xFFFFFF80      0x00020000         (0, 1, 6)      [11] []
    90     0x00010000       0xFFFFFF80      0x00000080         (0, 1, 0)      [1] []
    91     0x00020E80       0xFFFFFF80      0x00200000         (0, 2, 1)      [15] []
    92     0x0001F100       0xFFFFFF80      0x00001000         (0, 1, 14)      [6] []
    93     0x00011200       0xFFFFFF80      0x00002000         (0, 1, 2)      [7] []
    94     0x00018D00       0xFFFFFF80      0x00FFFFB7         (0, 1, 1)      [1, 2, 3, 4, 5, 6, 7, 8, 9, 10, 11, 12, 13, 14, 15, 16, 17] [E, NE, N, SW, S]
    95     0x00051200       0xFFFFFF00      0x00000001         (0, 5, 2)      [] [E]
    96     0x00010100       0xFFFFFF80      0x00000200         (0, 1, 0)      [3] []
    97     0x00010C00       0xFFFFFF80      0x00000001         (0, 1, 1)      [] [E]
    98     0x00009780       0xFFFFFF80      0x00000100         (0, 0, 2)      [2] []
    99     0x00019B80       0xFFFFFF80      0x00018000         (0, 1, 3)      [9, 10] []
    100     0x0000F600       0xFFFFFF80      0x00020000         (0, 0, 14)      [11] []
    101     0x0001EF00       0xFFFFFF80      0x00200000         (0, 1, 13)      [15] []
    102     0x00007980       0xFFFFFF80      0x00000100         (0, 0, 15)      [2] []
    103     0x0000B680       0xFFFFFF80      0x00000400         (0, 0, 6)      [4] []
    104     0x00016980       0xFFFFFF80      0x00004000         (0, 1, 13)      [8] []
    105     0x00012400       0xFFFFFF80      0x00080000         (0, 1, 4)      [13] []
    106     0x00024A00       0xFFFFFF80      0x00001030         (0, 2, 9)      [6] [SW, S]
    107     0x00010780       0xFFFFFF80      0x00000001         (0, 1, 0)      [] [E]
    108     0x00010180       0xFFFFFF80      0x00000400         (0, 1, 0)      [4] []
    109     0x00008580       0xFFFFFF80      0x00000001         (0, 0, 0)      [] [E]
    110     0x0001DB80       0xFFFFFF80      0x00000800         (0, 1, 11)      [5] []
    111     0x0001FC80       0xFFFFFF80      0x00800001         (0, 1, 15)      [17] [E]
    112     0x0001C480       0xFFFFFF80      0x00010000         (0, 1, 8)      [10] []
    113     0x00005C80       0xFFFFFF80      0x00000400         (0, 0, 11)      [4] []
    114     0x0001CF00       0xFFFFFF80      0x00080001         (0, 1, 9)      [13] [E]
    115     0x0001CB80       0xFFFFFF80      0x00001000         (0, 1, 9)      [6] []
    116     0x0001FF00       0xFFFFFF80      0x00020001         (0, 1, 15)      [11] [E]
    117     0x00024D00       0xFFFFFF80      0x00040030         (0, 2, 9)      [12] [SW, S]
    118     0x0000E300       0xFFFFFF80      0x00000200         (0, 0, 12)      [3] []
    119     0x00019000       0xFFFFFF80      0x00FFFFB3         (0, 1, 2)      [1, 2, 3, 4, 5, 6, 7, 8, 9, 10, 11, 12, 13, 14, 15, 16, 17] [E, NE, SW, S]
    120     0x00014100       0xFFFFFF80      0x00020000         (0, 1, 8)      [11] []
    121     0x00021900       0xFFFFFF80      0x00000010         (0, 2, 3)      [] [SW]
    122     0x0000E780       0xFFFFFF80      0x00040000         (0, 0, 12)      [12] []
    123     0x0000B800       0xFFFFFF80      0x00002000         (0, 0, 7)      [7] []
    124     0x00019C80       0xFFFFFF80      0x00060000         (0, 1, 3)      [11, 12] []
    125     0x00023680       0xFFFFFF80      0x00000008         (0, 2, 6)      [] [W]
    126     0x00024C00       0xFFFFFF80      0x00010030         (0, 2, 9)      [10] [SW, S]
    127     0x00004D00       0xFFFFFF80      0x00000200         (0, 0, 9)      [3] []
    128     0x00014B80       0xFFFFFF80      0x00000202         (0, 1, 9)      [3] [NE]
    129     0x00015A80       0xFFFFFF80      0x00000800         (0, 1, 11)      [5] []
    130     0x0000C480       0xFFFFFF80      0x00000101         (0, 0, 8)      [2] [E]
    131     0x0000C180       0xFFFFFF80      0x00000001         (0, 0, 8)      [] [E]
    132     0x00011100       0xFFFFFF80      0x00000800         (0, 1, 2)      [5] []
    133     0x00017A80       0xFFFFFF80      0x00400000         (0, 1, 15)      [16] []
    134     0x00021780       0xFFFFFF80      0x00200010         (0, 2, 2)      [15] [SW]
    135     0x0000C380       0xFFFFFF80      0x00000001         (0, 0, 8)      [] [E]
    136     0x0000C880       0xFFFFFF80      0x00010001         (0, 0, 9)      [10] [E]
    137     0x0000C580       0xFFFFFF80      0x00000401         (0, 0, 8)      [4] [E]
    138     0x0000F700       0xFFFFFF80      0x00080004         (0, 0, 14)      [13] [N]
    139     0x0004E000       0xFFFFFF00      0x00000020         (0, 4, 12)      [] [S]
    140     0x00016C00       0xFFFFFF80      0x00080000         (0, 1, 13)      [13] []
    141     0x00056900       0xFFFFFF00      0x00000100         (0, 5, 13)      [2] []
    142     0x00021400       0xFFFFFF80      0x00080010         (0, 2, 2)      [13] [SW]
    143     0x00056800       0xFFFFFF00      0x00000080         (0, 5, 13)      [1] []
    144     0x00012300       0xFFFFFF80      0x00020000         (0, 1, 4)      [11] []
    145     0x00057000       0xFFFFFF00      0x00008000         (0, 5, 14)      [9] []
    146     0x0001DE00       0xFFFFFF80      0x00010000         (0, 1, 11)      [10] []
    147     0x00016080       0xFFFFFF80      0x00800000         (0, 1, 12)      [17] []
    148     0x00020600       0xFFFFFF80      0x00200000         (0, 2, 0)      [15] []
    149     0x00018000       0xFFFFFF80      0x00000300         (0, 1, 0)      [2, 3] []
    150     0x00018B80       0xFFFFFF80      0x00FFFFB7         (0, 1, 1)      [1, 2, 3, 4, 5, 6, 7, 8, 9, 10, 11, 12, 13, 14, 15, 16, 17] [E, NE, N, SW, S]
    151     0x0001D980       0xFFFFFF80      0x00800010         (0, 1, 11)      [17] [SW]
    152     0x00050F00       0xFFFFFF00      0x00000001         (0, 5, 1)      [] [E]
    153     0x0001C080       0xFFFFFF80      0x00000100         (0, 1, 8)      [2] []
    154     0x00015F00       0xFFFFFF80      0x00100000         (0, 1, 11)      [14] []
    155     0x00010080       0xFFFFFF80      0x00000100         (0, 1, 0)      [2] []
    156     0x0000B580       0xFFFFFF80      0x00000100         (0, 0, 6)      [2] []
    157     0x0001D680       0xFFFFFF80      0x00020000         (0, 1, 10)      [11] []
    158     0x0000F180       0xFFFFFF80      0x00000100         (0, 0, 14)      [2] []
    159     0x00051000       0xFFFFFF00      0x00000001         (0, 5, 2)      [] [E]
    160     0x00055F00       0xFFFFFF00      0x00000001         (0, 5, 11)      [] [E]
    161     0x00015E80       0xFFFFFF80      0x00080000         (0, 1, 11)      [13] []
    162     0x00012500       0xFFFFFF80      0x00200000         (0, 1, 4)      [15] []
    163     0x00016700       0xFFFFFF80      0x00000200         (0, 1, 12)      [3] []
    164     0x00014D80       0xFFFFFF80      0x00002002         (0, 1, 9)      [7] [NE]
    165     0x00020980       0xFFFFFF80      0x00080000         (0, 2, 1)      [13] []
    166     0x00023500       0xFFFFFF80      0x00000008         (0, 2, 6)      [] [W]
    167     0x0001A380       0xFFFFFF80      0x00000400         (0, 1, 4)      [4] []
    168     0x0001A580       0xFFFFFF80      0x00004000         (0, 1, 4)      [8] []
    169     0x00051100       0xFFFFFF00      0x00000001         (0, 5, 2)      [] [E]
    170     0x0000A980       0xFFFFFF80      0x00004000         (0, 0, 5)      [8] []
    171     0x00015300       0xFFFFFF80      0x00000003         (0, 1, 10)      [] [E, NE]
    172     0x0001F480       0xFFFFFF80      0x00080000         (0, 1, 14)      [13] []
    173     0x0001E580       0xFFFFFF80      0x00010000         (0, 1, 12)      [10] []
    174     0x00015B80       0xFFFFFF80      0x00002000         (0, 1, 11)      [7] []
    175     0x0001DD80       0xFFFFFF80      0x00008000         (0, 1, 11)      [9] []
    176     0x00010680       0xFFFFFF80      0x00100003         (0, 1, 0)      [14] [E, NE]
    177     0x00056A00       0xFFFFFF00      0x00000200         (0, 5, 13)      [3] []
    178     0x00019E00       0xFFFFFF80      0x00300000         (0, 1, 3)      [14, 15] []
    179     0x00018A00       0xFFFFFF80      0x00FFFF80         (0, 1, 1)      [1, 2, 3, 4, 5, 6, 7, 8, 9, 10, 11, 12, 13, 14, 15, 16, 17] []
    180     0x00019380       0xFFFFFF80      0x00FFFFB7         (0, 1, 2)      [1, 2, 3, 4, 5, 6, 7, 8, 9, 10, 11, 12, 13, 14, 15, 16, 17] [E, NE, N, SW, S]
    181     0x0001E900       0xFFFFFF80      0x00800000         (0, 1, 13)      [17] []
    182     0x00015980       0xFFFFFF80      0x00000200         (0, 1, 11)      [3] []
    183     0x00016600       0xFFFFFF80      0x00000080         (0, 1, 12)      [1] []
    184     0x0001C580       0xFFFFFF80      0x00040000         (0, 1, 8)      [12] []
    185     0x00018F00       0xFFFFFF80      0x00FFFFB3         (0, 1, 1)      [1, 2, 3, 4, 5, 6, 7, 8, 9, 10, 11, 12, 13, 14, 15, 16, 17] [E, NE, SW, S]
    186     0x0000C280       0xFFFFFF80      0x00000001         (0, 0, 8)      [] [E]
    187     0x00018E80       0xFFFFFF80      0x00FFFFB7         (0, 1, 1)      [1, 2, 3, 4, 5, 6, 7, 8, 9, 10, 11, 12, 13, 14, 15, 16, 17] [E, NE, N, SW, S]
    188     0x0001E080       0xFFFFFF80      0x00200000         (0, 1, 12)      [15] []
    189     0x00011F80       0xFFFFFF80      0x00000400         (0, 1, 3)      [4] []
    190     0x0001E400       0xFFFFFF80      0x00002000         (0, 1, 12)      [7] []
    191     0x0001DA00       0xFFFFFF80      0x00000010         (0, 1, 11)      [] [SW]
    192     0x00014400       0xFFFFFF80      0x00800000         (0, 1, 8)      [17] []
    193     0x0000D780       0xFFFFFF80      0x00010000         (0, 0, 10)      [10] []
    194     0x0001EC80       0xFFFFFF80      0x00010000         (0, 1, 13)      [10] []
    195     0x00020380       0xFFFFFF80      0x00010000         (0, 2, 0)      [10] []
    196     0x00021A00       0xFFFFFF80      0x00400010         (0, 2, 3)      [16] [SW]
    197     0x00014C80       0xFFFFFF80      0x00000802         (0, 1, 9)      [5] [NE]
    198     0x00017980       0xFFFFFF80      0x00100000         (0, 1, 15)      [14] []
    199     0x0001E000       0xFFFFFF80      0x00100000         (0, 1, 12)      [14] []
    200     0x0001D300       0xFFFFFF80      0x00000400         (0, 1, 10)      [4] []
    201     0x0001C280       0xFFFFFF80      0x00001000         (0, 1, 8)      [6] []
    202     0x00057600       0xFFFFFF00      0x00200000         (0, 5, 14)      [15] []
    203     0x00056200       0xFFFFFF00      0x00000001         (0, 5, 12)      [] [E]
    204     0x00057100       0xFFFFFF00      0x00010000         (0, 5, 14)      [10] []
    205     0x00011E80       0xFFFFFF80      0x00000100         (0, 1, 3)      [2] []
    206     0x00015D80       0xFFFFFF80      0x00020000         (0, 1, 11)      [11] []
    207     0x00018180       0xFFFFFF80      0x00001800         (0, 1, 0)      [5, 6] []
    208     0x0000C700       0xFFFFFF80      0x00002001         (0, 0, 8)      [7] [E]
    209     0x00024580       0xFFFFFF80      0x00000030         (0, 2, 8)      [] [SW, S]
    210     0x00007B00       0xFFFFFF80      0x00000800         (0, 0, 15)      [5] []
    211     0x0000C800       0xFFFFFF80      0x00008001         (0, 0, 9)      [9] [E]
    212     0x00021880       0xFFFFFF80      0x00800010         (0, 2, 3)      [17] [SW]
    213     0x00020800       0xFFFFFF80      0x00010000         (0, 2, 1)      [10] []
    214     0x00011580       0xFFFFFF80      0x00100000         (0, 1, 2)      [14] []
    215     0x00055800       0xFFFFFF00      0x00000001         (0, 5, 11)      [] [E]
    216     0x0001EE00       0xFFFFFF80      0x00080000         (0, 1, 13)      [13] []
    217     0x0001EA00       0xFFFFFF80      0x00000800         (0, 1, 13)      [5] []
    218     0x00009980       0xFFFFFF80      0x00001000         (0, 0, 3)      [6] []
    219     0x00020400       0xFFFFFF80      0x00020000         (0, 2, 0)      [11] []
    220     0x0000A880       0xFFFFFF80      0x00001000         (0, 0, 5)      [6] []
    221     0x0001A400       0xFFFFFF80      0x00000800         (0, 1, 4)      [5] []
    222     0x00017400       0xFFFFFF80      0x00000200         (0, 1, 14)      [3] []
    223     0x00013E00       0xFFFFFF80      0x00000800         (0, 1, 7)      [5] []
    224     0x00018380       0xFFFFFF80      0x00018000         (0, 1, 0)      [9, 10] []
    225     0x00021B80       0xFFFFFF80      0x00400010         (0, 2, 3)      [16] [SW]
    226     0x00018B00       0xFFFFFF80      0x00FFFF80         (0, 1, 1)      [1, 2, 3, 4, 5, 6, 7, 8, 9, 10, 11, 12, 13, 14, 15, 16, 17] []
    227     0x00023480       0xFFFFFF80      0x00000008         (0, 2, 6)      [] [W]
    228     0x00020E00       0xFFFFFF80      0x00100000         (0, 2, 1)      [14] []
    229     0x00021A80       0xFFFFFF80      0x00800010         (0, 2, 3)      [17] [SW]
    230     0x00018680       0xFFFFFF80      0x00600000         (0, 1, 0)      [16, 15] []
    231     0x00015500       0xFFFFFF80      0x00000001         (0, 1, 10)      [] [E]
    232     0x0000D700       0xFFFFFF80      0x00008000         (0, 0, 10)      [9] []
    233     0x00057300       0xFFFFFF00      0x00040000         (0, 5, 14)      [12] []
    234     0x0001D400       0xFFFFFF80      0x00001000         (0, 1, 10)      [6] []
    235     0x0000D580       0xFFFFFF80      0x00001000         (0, 0, 10)      [6] []
    236     0x00010A00       0xFFFFFF80      0x00000001         (0, 1, 1)      [] [E]
    237     0x0000D480       0xFFFFFF80      0x00000400         (0, 0, 10)      [4] []
    238     0x0000F500       0xFFFFFF80      0x00008000         (0, 0, 14)      [9] []
    239     0x0001ED80       0xFFFFFF80      0x00040000         (0, 1, 13)      [12] []
    240     0x0001DB00       0xFFFFFF80      0x00000400         (0, 1, 11)      [4] []
    241     0x0001BA80       0xFFFFFF80      0x00008000         (0, 1, 7)      [9] []
    242     0x0000F200       0xFFFFFF80      0x00000200         (0, 0, 14)      [3] []
    243     0x0001B780       0xFFFFFF80      0x00000200         (0, 1, 6)      [3] []
    244     0x0001C000       0xFFFFFF80      0x00000080         (0, 1, 8)      [1] []
    245     0x00015C80       0xFFFFFF80      0x00008000         (0, 1, 11)      [9] []
    246     0x00009880       0xFFFFFF80      0x00000400         (0, 0, 3)      [4] []
    247     0x0001BC80       0xFFFFFF80      0x00080000         (0, 1, 7)      [13] []
    248     0x00057400       0xFFFFFF00      0x00080000         (0, 5, 14)      [13] []
    249     0x00024D80       0xFFFFFF80      0x00080030         (0, 2, 9)      [13] [SW, S]
    250     0x00019080       0xFFFFFF80      0x00FFFFB7         (0, 1, 2)      [1, 2, 3, 4, 5, 6, 7, 8, 9, 10, 11, 12, 13, 14, 15, 16, 17] [E, NE, N, SW, S]
    251     0x0001A700       0xFFFFFF80      0x00020000         (0, 1, 4)      [11] []
    252     0x00013D00       0xFFFFFF80      0x00000200         (0, 1, 7)      [3] []
    253     0x0001C500       0xFFFFFF80      0x00020000         (0, 1, 8)      [11] []
    254     0x0001BC00       0xFFFFFF80      0x00040000         (0, 1, 7)      [12] []
    255     0x00011480       0xFFFFFF80      0x00040000         (0, 1, 2)      [12] []
    256     0x0004E500       0xFFFFFF00      0x00000020         (0, 4, 12)      [] [S]
    257     0x0000C780       0xFFFFFF80      0x00004001         (0, 0, 8)      [8] [E]
    258     0x00007A00       0xFFFFFF80      0x00000200         (0, 0, 15)      [3] []
    259     0x0001AE00       0xFFFFFF80      0x00000400         (0, 1, 5)      [4] []
    260     0x00018480       0xFFFFFF80      0x00060000         (0, 1, 0)      [11, 12] []
    261     0x00019980       0xFFFFFF80      0x00001800         (0, 1, 3)      [5, 6] []
    262     0x00056E00       0xFFFFFF00      0x00002000         (0, 5, 13)      [7] []
    263     0x00015180       0xFFFFFF80      0x00200003         (0, 1, 10)      [15] [E, NE]
    264     0x00022980       0xFFFFFF80      0x00000008         (0, 2, 5)      [] [W]
    265     0x0001C200       0xFFFFFF80      0x00000800         (0, 1, 8)      [5] []
    266     0x0001E500       0xFFFFFF80      0x00008000         (0, 1, 12)      [9] []
    267     0x0001F500       0xFFFFFF80      0x00100000         (0, 1, 14)      [14] []
    268     0x00020F80       0xFFFFFF80      0x00800000         (0, 2, 1)      [17] []
    269     0x00012080       0xFFFFFF80      0x00001000         (0, 1, 4)      [6] []
    270     0x00014200       0xFFFFFF80      0x00080000         (0, 1, 8)      [13] []
    271     0x00010F00       0xFFFFFF80      0x00000080         (0, 1, 1)      [1] []
    272     0x00013F00       0xFFFFFF80      0x00002000         (0, 1, 7)      [7] []
    273     0x0004EF00       0xFFFFFF00      0x00000020         (0, 4, 13)      [] [S]
    274     0x0001DE80       0xFFFFFF80      0x00020000         (0, 1, 11)      [11] []
    275     0x00024B80       0xFFFFFF80      0x00008030         (0, 2, 9)      [9] [SW, S]
    276     0x0000C680       0xFFFFFF80      0x00001001         (0, 0, 8)      [6] [E]
    277     0x0004E600       0xFFFFFF00      0x00000020         (0, 4, 12)      [] [S]
    278     0x00013080       0xFFFFFF80      0x00004000         (0, 1, 6)      [8] []
    279     0x00057500       0xFFFFFF00      0x00100000         (0, 5, 14)      [14] []
    280     0x00009A80       0xFFFFFF80      0x00004000         (0, 0, 3)      [8] []
    281     0x0004EE00       0xFFFFFF00      0x00000020         (0, 4, 13)      [] [S]
    282     0x00018C80       0xFFFFFF80      0x00FFFFB7         (0, 1, 1)      [1, 2, 3, 4, 5, 6, 7, 8, 9, 10, 11, 12, 13, 14, 15, 16, 17] [E, NE, N, SW, S]
    283     0x0001C100       0xFFFFFF80      0x00000200         (0, 1, 8)      [3] []
    284     0x00021600       0xFFFFFF80      0x00800010         (0, 2, 2)      [17] [SW]
    285     0x00016B00       0xFFFFFF80      0x00020000         (0, 1, 13)      [11] []
    286     0x0001A780       0xFFFFFF80      0x00040000         (0, 1, 4)      [12] []
    287     0x0001E800       0xFFFFFF80      0x00200000         (0, 1, 13)      [15] []
    288     0x00019280       0xFFFFFF80      0x00FFFFB7         (0, 1, 2)      [1, 2, 3, 4, 5, 6, 7, 8, 9, 10, 11, 12, 13, 14, 15, 16, 17] [E, NE, N, SW, S]
    289     0x00019D80       0xFFFFFF80      0x00180000         (0, 1, 3)      [13, 14] []
    290     0x0001D200       0xFFFFFF80      0x00000100         (0, 1, 10)      [2] []
    291     0x0001E680       0xFFFFFF80      0x00040000         (0, 1, 12)      [12] []
    292     0x00016900       0xFFFFFF80      0x00002000         (0, 1, 13)      [7] []
    293     0x00020B80       0xFFFFFF80      0x00800000         (0, 2, 1)      [17] []
    294     0x00022A00       0xFFFFFF80      0x00000008         (0, 2, 5)      [] [W]
    295     0x00011000       0xFFFFFF80      0x00000200         (0, 1, 2)      [3] []
    296     0x0001B480       0xFFFFFF80      0x00800000         (0, 1, 6)      [17] []
    297     0x00014E80       0xFFFFFF80      0x00008002         (0, 1, 9)      [9] [NE]
    298     0x0001FB80       0xFFFFFF80      0x00200001         (0, 1, 15)      [15] [E]
    299     0x0001F180       0xFFFFFF80      0x00002000         (0, 1, 14)      [7] []
    300     0x00024900       0xFFFFFF80      0x00000430         (0, 2, 9)      [4] [SW, S]
    301     0x00020000       0xFFFFFF80      0x00080001         (0, 2, 0)      [13] [E]
    302     0x00018100       0xFFFFFF80      0x00000C00         (0, 1, 0)      [4, 5] []
    303     0x0001E280       0xFFFFFF80      0x00000400         (0, 1, 12)      [4] []
    304     0x0001D700       0xFFFFFF80      0x00040000         (0, 1, 10)      [12] []
    305     0x00006A00       0xFFFFFF80      0x00000080         (0, 0, 13)      [1] []
    306     0x0001A800       0xFFFFFF80      0x00080000         (0, 1, 5)      [13] []
    307     0x0001BE00       0xFFFFFF80      0x00400000         (0, 1, 7)      [16] []
    308     0x0001EB00       0xFFFFFF80      0x00002000         (0, 1, 13)      [7] []
    309     0x00013C00       0xFFFFFF80      0x00000080         (0, 1, 7)      [1] []
    310     0x0001EF80       0xFFFFFF80      0x00400000         (0, 1, 13)      [16] []
    311     0x00015380       0xFFFFFF80      0x00000001         (0, 1, 10)      [] [E]
    312     0x0000E600       0xFFFFFF80      0x00008000         (0, 0, 12)      [9] []
    313     0x00056100       0xFFFFFF00      0x00000001         (0, 5, 12)      [] [E]
    314     0x0001CD80       0xFFFFFF80      0x00010001         (0, 1, 9)      [10] [E]
    315     0x00019F00       0xFFFFFF80      0x00C00000         (0, 1, 3)      [16, 17] []
    316     0x00006B80       0xFFFFFF80      0x00000400         (0, 0, 13)      [4] []
    317     0x0001DD00       0xFFFFFF80      0x00004000         (0, 1, 11)      [8] []
    318     0x00014F00       0xFFFFFF80      0x00010002         (0, 1, 9)      [10] [NE]
    319     0x00020A80       0xFFFFFF80      0x00200000         (0, 2, 1)      [15] []
    320     0x0001EC00       0xFFFFFF80      0x00008000         (0, 1, 13)      [9] []
    321     0x0001DC00       0xFFFFFF80      0x00001000         (0, 1, 11)      [6] []
    322     0x0001FE80       0xFFFFFF80      0x00010001         (0, 1, 15)      [10] [E]
    323     0x00055900       0xFFFFFF00      0x00000001         (0, 5, 11)      [] [E]
    324     0x00018D80       0xFFFFFF80      0x00FFFFB7         (0, 1, 1)      [1, 2, 3, 4, 5, 6, 7, 8, 9, 10, 11, 12, 13, 14, 15, 16, 17] [E, NE, N, SW, S]
    325     0x00017800       0xFFFFFF80      0x00020000         (0, 1, 15)      [11] []
    326     0x0001C800       0xFFFFFF80      0x00800001         (0, 1, 9)      [17] [E]
    327     0x00019900       0xFFFFFF80      0x00000C00         (0, 1, 3)      [4, 5] []
    328     0x0001CE80       0xFFFFFF80      0x00040001         (0, 1, 9)      [12] [E]
    329     0x0001DA80       0xFFFFFF80      0x00000200         (0, 1, 11)      [3] []
    330     0x0004E100       0xFFFFFF00      0x00000020         (0, 4, 12)      [] [S]
    331     0x00017380       0xFFFFFF80      0x00000100         (0, 1, 14)      [2] []
    332     0x00016800       0xFFFFFF80      0x00000800         (0, 1, 13)      [5] []
    333     0x0004F000       0xFFFFFF00      0x00000020         (0, 4, 14)      [] [S]
    334     0x0001BD80       0xFFFFFF80      0x00200000         (0, 1, 7)      [15] []
    335     0x00055A00       0xFFFFFF00      0x00000001         (0, 5, 11)      [] [E]
    336     0x0001FC00       0xFFFFFF80      0x00400001         (0, 1, 15)      [16] [E]
    337     0x00024F00       0xFFFFFF80      0x00400001         (0, 2, 9)      [16] [E]
    338     0x0001FA80       0xFFFFFF80      0x00080001         (0, 1, 15)      [13] [E]
    339     0x00015800       0xFFFFFF80      0x00000003         (0, 1, 11)      [] [E, NE]
    340     0x00017880       0xFFFFFF80      0x00040000         (0, 1, 15)      [12] []
    341     0x00016000       0xFFFFFF80      0x00400000         (0, 1, 12)      [16] []
    342     0x0001E380       0xFFFFFF80      0x00001000         (0, 1, 12)      [6] []
    343     0x0001B280       0xFFFFFF80      0x00080000         (0, 1, 6)      [13] []
    344     0x00019800       0xFFFFFF80      0x00000300         (0, 1, 3)      [2, 3] []
    345     0x00024600       0xFFFFFF80      0x00000030         (0, 2, 8)      [] [SW, S]
    346     0x00008A80       0xFFFFFF80      0x00001020         (0, 0, 1)      [6] [S]
    347     0x00014F80       0xFFFFFF80      0x00020002         (0, 1, 9)      [11] [NE]
    348     0x00018580       0xFFFFFF80      0x00180000         (0, 1, 0)      [13, 14] []
    349     0x0000D300       0xFFFFFF80      0x00000080         (0, 0, 10)      [1] []
    350     0x0001AC80       0xFFFFFF80      0x00000080         (0, 1, 5)      [1] []
    351     0x0001FA00       0xFFFFFF80      0x00040001         (0, 1, 15)      [12] [E]
    352     0x0001C700       0xFFFFFF80      0x00200001         (0, 1, 8)      [15] [E]
    353     0x0001C600       0xFFFFFF80      0x00080000         (0, 1, 8)      [13] []
    354     0x0001F880       0xFFFFFF80      0x00008000         (0, 1, 15)      [9] []
    355     0x00008500       0xFFFFFF80      0x00000001         (0, 0, 0)      [] [E]
    356     0x0001F680       0xFFFFFF80      0x00800000         (0, 1, 14)      [17] []
    357     0x0000F100       0xFFFFFF80      0x00000080         (0, 0, 14)      [1] []
    358     0x00021580       0xFFFFFF80      0x00400010         (0, 2, 2)      [16] [SW]
    359     0x00021100       0xFFFFFF80      0x00080000         (0, 2, 2)      [13] []
    360     0x00020B00       0xFFFFFF80      0x00400000         (0, 2, 1)      [16] []
    361     0x00015680       0xFFFFFF80      0x00000001         (0, 1, 10)      [] [E]
    362     0x00024080       0xFFFFFF80      0x00000010         (0, 2, 8)      [] [SW]
    363     0x0001AA00       0xFFFFFF80      0x00800000         (0, 1, 5)      [17] []
    364     0x00024B00       0xFFFFFF80      0x00004030         (0, 2, 9)      [8] [SW, S]
    365     0x00016C80       0xFFFFFF80      0x00100000         (0, 1, 13)      [14] []
    366     0x0001CD00       0xFFFFFF80      0x00008001         (0, 1, 9)      [9] [E]
    367     0x00023580       0xFFFFFF80      0x00000008         (0, 2, 6)      [] [W]
    368     0x00013C80       0xFFFFFF80      0x00000100         (0, 1, 7)      [2] []
    369     0x00011F00       0xFFFFFF80      0x00000200         (0, 1, 3)      [3] []
    370     0x00008B00       0xFFFFFF80      0x00002020         (0, 0, 1)      [7] [S]
    371     0x00021D80       0xFFFFFF80      0x00000010         (0, 2, 3)      [] [SW]
    372     0x00018900       0xFFFFFF80      0x00FFFF80         (0, 1, 1)      [1, 2, 3, 4, 5, 6, 7, 8, 9, 10, 11, 12, 13, 14, 15, 16, 17] []
    373     0x00015000       0xFFFFFF80      0x00040003         (0, 1, 10)      [12] [E, NE]
    374     0x00025000       0xFFFFFF80      0x00000001         (0, 2, 10)      [] [E]
    375     0x00010880       0xFFFFFF80      0x00000001         (0, 1, 1)      [] [E]
    376     0x0001A480       0xFFFFFF80      0x00001000         (0, 1, 4)      [6] []
    377     0x00013E80       0xFFFFFF80      0x00001000         (0, 1, 7)      [6] []
    378     0x00010400       0xFFFFFF80      0x00008003         (0, 1, 0)      [9] [E, NE]
    379     0x00015700       0xFFFFFF80      0x00000001         (0, 1, 10)      [] [E]
    380     0x00012F00       0xFFFFFF80      0x00000800         (0, 1, 5)      [5] []
    381     0x0001D480       0xFFFFFF80      0x00002000         (0, 1, 10)      [7] []
    382     0x00010B80       0xFFFFFF80      0x00000001         (0, 1, 1)      [] [E]
    383     0x00012280       0xFFFFFF80      0x00010000         (0, 1, 4)      [10] []
    384     0x0000A680       0xFFFFFF80      0x00000100         (0, 0, 4)      [2] []
    385     0x00017500       0xFFFFFF80      0x00000800         (0, 1, 14)      [5] []
    386     0x00015400       0xFFFFFF80      0x00000001         (0, 1, 10)      [] [E]
    387     0x0001E700       0xFFFFFF80      0x00080000         (0, 1, 12)      [13] []
    388     0x0000E700       0xFFFFFF80      0x00020000         (0, 0, 12)      [11] []
    389     0x0001B080       0xFFFFFF80      0x00008000         (0, 1, 6)      [9] []
    390     0x00012380       0xFFFFFF80      0x00040000         (0, 1, 4)      [12] []
    391     0x0001CF80       0xFFFFFF80      0x00100000         (0, 1, 9)      [14] []
    392     0x00021300       0xFFFFFF80      0x00800010         (0, 2, 2)      [17] [SW]
    393     0x0001A300       0xFFFFFF80      0x00000200         (0, 1, 4)      [3] []
    394     0x00056400       0xFFFFFF00      0x00000001         (0, 5, 12)      [] [E]
    395     0x0000F300       0xFFFFFF80      0x00000800         (0, 0, 14)      [5] []
    396     0x0000E280       0xFFFFFF80      0x00000100         (0, 0, 12)      [2] []
    397     0x00017300       0xFFFFFF80      0x00000080         (0, 1, 14)      [1] []
    398     0x00024300       0xFFFFFF80      0x00000010         (0, 2, 8)      [] [SW]
    399     0x00021B00       0xFFFFFF80      0x00000010         (0, 2, 3)      [] [SW]
    400     0x0001F300       0xFFFFFF80      0x00010000         (0, 1, 14)      [10] []
    401     0x0001DF80       0xFFFFFF80      0x00080010         (0, 1, 11)      [13] [SW]
    402     0x00021E00       0xFFFFFF80      0x00000010         (0, 2, 3)      [] [SW]
    403     0x00020F00       0xFFFFFF80      0x00400000         (0, 2, 1)      [16] []
    404     0x0001BB80       0xFFFFFF80      0x00020000         (0, 1, 7)      [11] []
    405     0x0001ED00       0xFFFFFF80      0x00020000         (0, 1, 13)      [11] []
    406     0x00023400       0xFFFFFF80      0x00000008         (0, 2, 6)      [] [W]
    407     0x00010300       0xFFFFFF80      0x00002000         (0, 1, 0)      [7] []
    408     0x00021D00       0xFFFFFF80      0x00800010         (0, 2, 3)      [17] [SW]
    409     0x00015A00       0xFFFFFF80      0x00000400         (0, 1, 11)      [4] []
    410     0x00014300       0xFFFFFF80      0x00200000         (0, 1, 8)      [15] []
    411     0x00006C00       0xFFFFFF80      0x00000800         (0, 0, 13)      [5] []
    412     0x0004E900       0xFFFFFF00      0x00000020         (0, 4, 13)      [] [S]
    413     0x0000C500       0xFFFFFF80      0x00000201         (0, 0, 8)      [3] [E]
    414     0x00018880       0xFFFFFF80      0x00FFFF80         (0, 1, 1)      [1, 2, 3, 4, 5, 6, 7, 8, 9, 10, 11, 12, 13, 14, 15, 16, 17] []
    415     0x00011280       0xFFFFFF80      0x00004000         (0, 1, 2)      [8] []
    416     0x00017F80       0xFFFFFF80      0x00000180         (0, 1, 15)      [1, 2] []
    417     0x0001BE80       0xFFFFFF80      0x00800000         (0, 1, 7)      [17] []
    418     0x0000AA00       0xFFFFFF80      0x00008000         (0, 0, 5)      [9] []
    419     0x0001E180       0xFFFFFF80      0x00800000         (0, 1, 12)      [17] []
    420     0x0000A780       0xFFFFFF80      0x00000400         (0, 0, 4)      [4] []
    421     0x00010700       0xFFFFFF80      0x00200003         (0, 1, 0)      [15] [E, NE]
    422     0x0000D400       0xFFFFFF80      0x00000200         (0, 0, 10)      [3] []
    423     0x00023700       0xFFFFFF80      0x00000008         (0, 2, 6)      [] [W]
    424     0x00024680       0xFFFFFF80      0x00000030         (0, 2, 8)      [] [SW, S]
    425     0x0000D880       0xFFFFFF80      0x00040000         (0, 0, 11)      [12] []
    426     0x0001AD00       0xFFFFFF80      0x00000100         (0, 1, 5)      [2] []
    427     0x00019200       0xFFFFFF80      0x00FFFFB7         (0, 1, 2)      [1, 2, 3, 4, 5, 6, 7, 8, 9, 10, 11, 12, 13, 14, 15, 16, 17] [E, NE, N, SW, S]
    428     0x00012180       0xFFFFFF80      0x00004000         (0, 1, 4)      [8] []
    429     0x0001CC80       0xFFFFFF80      0x00004001         (0, 1, 9)      [8] [E]
    430     0x00056C00       0xFFFFFF00      0x00000800         (0, 5, 13)      [5] []
    431     0x0001C900       0xFFFFFF80      0x00000080         (0, 1, 9)      [1] []
    432     0x00024000       0xFFFFFF80      0x00000010         (0, 2, 8)      [] [SW]
    433     0x00055C00       0xFFFFFF00      0x00000001         (0, 5, 11)      [] [E]
    434     0x00055700       0xFFFFFF00      0x00000001         (0, 5, 10)      [] [E]
    435     0x00015900       0xFFFFFF80      0x00000100         (0, 1, 11)      [2] []
    436     0x0001FD00       0xFFFFFF80      0x00000001         (0, 1, 15)      [] [E]
    437     0x0001B800       0xFFFFFF80      0x00000400         (0, 1, 7)      [4] []
    438     0x00010500       0xFFFFFF80      0x00020003         (0, 1, 0)      [11] [E, NE]
    439     0x0001B700       0xFFFFFF80      0x00000100         (0, 1, 6)      [2] []
    440     0x00010200       0xFFFFFF80      0x00000800         (0, 1, 0)      [5] []
    441     0x00021680       0xFFFFFF80      0x00000010         (0, 2, 2)      [] [SW]
    442     0x0001CA00       0xFFFFFF80      0x00000200         (0, 1, 9)      [3] []
    443     0x0001F600       0xFFFFFF80      0x00400000         (0, 1, 14)      [16] []
    444     0x00012480       0xFFFFFF80      0x00100000         (0, 1, 4)      [14] []
    445     0x0001C780       0xFFFFFF80      0x00400001         (0, 1, 8)      [16] [E]
    446     0x0001C980       0xFFFFFF80      0x00000100         (0, 1, 9)      [2] []
    447     0x0000F400       0xFFFFFF80      0x00002000         (0, 0, 14)      [7] []
    448     0x00007B80       0xFFFFFF80      0x00001000         (0, 0, 15)      [6] []
    449     0x0001D780       0xFFFFFF80      0x00080000         (0, 1, 10)      [13] []
    450     0x00057200       0xFFFFFF00      0x00020000         (0, 5, 14)      [11] []
    451     0x0004ED00       0xFFFFFF00      0x00000020         (0, 4, 13)      [] [S]
    452     0x00024980       0xFFFFFF80      0x00000830         (0, 2, 9)      [5] [SW, S]
    453     0x00021980       0xFFFFFF80      0x00200010         (0, 2, 3)      [15] [SW]
    454     0x00011300       0xFFFFFF80      0x00008000         (0, 1, 2)      [9] []
    455     0x00013300       0xFFFFFF80      0x00080000         (0, 1, 6)      [13] []
    456     0x00011600       0xFFFFFF80      0x00200000         (0, 1, 2)      [15] []
    457     0x00013200       0xFFFFFF80      0x00020000         (0, 1, 6)      [11] []
    458     0x0001E600       0xFFFFFF80      0x00020000         (0, 1, 12)      [11] []
    459     0x00008600       0xFFFFFF80      0x00000030         (0, 0, 0)      [] [SW, S]
    460     0x00021200       0xFFFFFF80      0x00200000         (0, 2, 2)      [15] []
    461     0x00019B00       0xFFFFFF80      0x0000C000         (0, 1, 3)      [8, 9] []
    462     0x00004C00       0xFFFFFF80      0x00000080         (0, 0, 9)      [1] []
    463     0x00013480       0xFFFFFF80      0x00400000         (0, 1, 6)      [16] []
    464     0x00015280       0xFFFFFF80      0x00800003         (0, 1, 10)      [17] [E, NE]
    465     0x00008780       0xFFFFFF80      0x00000030         (0, 0, 0)      [] [SW, S]
    466     0x00023380       0xFFFFFF80      0x00000008         (0, 2, 6)      [] [W]
    467     0x0001B000       0xFFFFFF80      0x00004000         (0, 1, 6)      [8] []
    468     0x0000E800       0xFFFFFF80      0x00080000         (0, 0, 13)      [13] []
    469     0x00008800       0xFFFFFF80      0x000000A0         (0, 0, 1)      [1] [S]
    470     0x0001A980       0xFFFFFF80      0x00400000         (0, 1, 5)      [16] []
    471     0x0001A680       0xFFFFFF80      0x00010000         (0, 1, 4)      [10] []
    472     0x00020100       0xFFFFFF80      0x00200001         (0, 2, 0)      [15] [E]
    473     0x00020900       0xFFFFFF80      0x00040000         (0, 2, 1)      [12] []
    474     0x00055E00       0xFFFFFF00      0x00000001         (0, 5, 11)      [] [E]
    475     0x0001F400       0xFFFFFF80      0x00040000         (0, 1, 14)      [12] []
    476     0x0000F580       0xFFFFFF80      0x00010000         (0, 0, 14)      [10] []
    477     0x00012E80       0xFFFFFF80      0x00000400         (0, 1, 5)      [4] []
    478     0x00005C00       0xFFFFFF80      0x00000200         (0, 0, 11)      [3] []
    479     0x00007900       0xFFFFFF80      0x00000080         (0, 0, 15)      [1] []
    480     0x00056B00       0xFFFFFF00      0x00000400         (0, 5, 13)      [4] []
    481     0x0000B600       0xFFFFFF80      0x00000200         (0, 0, 6)      [3] []
    482     0x0000B980       0xFFFFFF80      0x00010000         (0, 0, 7)      [10] []
    483     0x00024700       0xFFFFFF80      0x00000030         (0, 2, 8)      [] [SW, S]
    484     0x00004C80       0xFFFFFF80      0x00000100         (0, 0, 9)      [2] []
    485     0x00024280       0xFFFFFF80      0x00000010         (0, 2, 8)      [] [SW]
    486     0x00056700       0xFFFFFF00      0x00000001         (0, 5, 12)      [] [E]
    487     0x0000D680       0xFFFFFF80      0x00004000         (0, 0, 10)      [8] []
    488     0x00012580       0xFFFFFF80      0x00400000         (0, 1, 4)      [16] []
    489     0x00011500       0xFFFFFF80      0x00080000         (0, 1, 2)      [13] []
    490     0x00024480       0xFFFFFF80      0x00000010         (0, 2, 8)      [] [SW]
    491     0x00014E00       0xFFFFFF80      0x00004002         (0, 1, 9)      [8] [NE]
    492     0x0001AF80       0xFFFFFF80      0x00002000         (0, 1, 5)      [7] []
    493     0x00013380       0xFFFFFF80      0x00100000         (0, 1, 6)      [14] []
    494     0x0000D500       0xFFFFFF80      0x00000800         (0, 0, 10)      [5] []
    495     0x00011080       0xFFFFFF80      0x00000400         (0, 1, 2)      [4] []
    496     0x00016D00       0xFFFFFF80      0x00200000         (0, 1, 13)      [15] []
    497     0x00021080       0xFFFFFF80      0x00040000         (0, 2, 2)      [12] []
    498     0x00021C00       0xFFFFFF80      0x00800010         (0, 2, 3)      [17] [SW]
    499     0x00056D00       0xFFFFFF00      0x00001000         (0, 5, 13)      [6] []
    500     0x00020680       0xFFFFFF80      0x00400000         (0, 2, 0)      [16] []
    501     0x0001CC00       0xFFFFFF80      0x00002000         (0, 1, 9)      [7] []
    502     0x00013500       0xFFFFFF80      0x00800000         (0, 1, 6)      [17] []
    503     0x00015780       0xFFFFFF80      0x00000001         (0, 1, 10)      [] [E]
    504     0x00018A80       0xFFFFFF80      0x00FFFF80         (0, 1, 1)      [1, 2, 3, 4, 5, 6, 7, 8, 9, 10, 11, 12, 13, 14, 15, 16, 17] []
    505     0x0001CB00       0xFFFFFF80      0x00000800         (0, 1, 9)      [5] []
    506     0x00005B00       0xFFFFFF80      0x00000080         (0, 0, 11)      [1] []
    507     0x0001B400       0xFFFFFF80      0x00400000         (0, 1, 6)      [16] []
    508     0x0004EA00       0xFFFFFF00      0x00000020         (0, 4, 13)      [] [S]
    509     0x00056000       0xFFFFFF00      0x00000001         (0, 5, 12)      [] [E]
    510     0x0000F680       0xFFFFFF80      0x00040000         (0, 0, 14)      [12] []
    511     0x00008A00       0xFFFFFF80      0x00000820         (0, 0, 1)      [5] [S]
    512     0x00016B80       0xFFFFFF80      0x00040000         (0, 1, 13)      [12] []
    513     0x00017A00       0xFFFFFF80      0x00200000         (0, 1, 15)      [15] []
    514     0x0001C680       0xFFFFFF80      0x00100000         (0, 1, 8)      [14] []
    515     0x00019300       0xFFFFFF80      0x00FFFFB7         (0, 1, 2)      [1, 2, 3, 4, 5, 6, 7, 8, 9, 10, 11, 12, 13, 14, 15, 16, 17] [E, NE, N, SW, S]
    516     0x00020C80       0xFFFFFF80      0x00020000         (0, 2, 1)      [11] []
    517     0x0001C880       0xFFFFFF80      0x00000001         (0, 1, 9)      [] [E]
    518     0x00015C00       0xFFFFFF80      0x00004000         (0, 1, 11)      [8] []
    519     0x0001C380       0xFFFFFF80      0x00004000         (0, 1, 8)      [8] []
    520     0x00019780       0xFFFFFF80      0x00000180         (0, 1, 2)      [1, 2] []
    521     0x00008680       0xFFFFFF80      0x00000030         (0, 0, 0)      [] [SW, S]
    522     0x00012000       0xFFFFFF80      0x00000800         (0, 1, 4)      [5] []
    523     0x0001FF80       0xFFFFFF80      0x00040001         (0, 1, 15)      [12] [E]
    524     0x0001FB00       0xFFFFFF80      0x00100001         (0, 1, 15)      [14] [E]
    525     0x0001C400       0xFFFFFF80      0x00008000         (0, 1, 8)      [9] []
    526     0x00019100       0xFFFFFF80      0x00FFFFB7         (0, 1, 2)      [1, 2, 3, 4, 5, 6, 7, 8, 9, 10, 11, 12, 13, 14, 15, 16, 17] [E, NE, N, SW, S]
    527     0x00016E00       0xFFFFFF80      0x00800000         (0, 1, 13)      [17] []
    528     0x0001D280       0xFFFFFF80      0x00000200         (0, 1, 10)      [3] []
    529     0x00013180       0xFFFFFF80      0x00010000         (0, 1, 6)      [10] []
    530     0x0000B880       0xFFFFFF80      0x00004000         (0, 0, 7)      [8] []
    531     0x0000E380       0xFFFFFF80      0x00000400         (0, 0, 12)      [4] []
    532     0x00010A80       0xFFFFFF80      0x00000001         (0, 1, 1)      [] [E]
    533     0x0001B900       0xFFFFFF80      0x00001000         (0, 1, 7)      [6] []
    534     0x00010600       0xFFFFFF80      0x00080003         (0, 1, 0)      [13] [E, NE]
    535     0x00012F80       0xFFFFFF80      0x00001000         (0, 1, 5)      [6] []
    536     0x00014180       0xFFFFFF80      0x00040000         (0, 1, 8)      [12] []
    537     0x00021C80       0xFFFFFF80      0x00000010         (0, 2, 3)      [] [SW]
    538     0x00024800       0xFFFFFF80      0x00000130         (0, 2, 9)      [2] [SW, S]
    539     0x00019700       0xFFFFFF80      0x00000080         (0, 1, 2)      [1] []
    540     0x00019400       0xFFFFFF80      0x00FFFF80         (0, 1, 2)      [1, 2, 3, 4, 5, 6, 7, 8, 9, 10, 11, 12, 13, 14, 15, 16, 17] []
    541     0x0000C200       0xFFFFFF80      0x00000001         (0, 0, 8)      [] [E]
    542     0x00011180       0xFFFFFF80      0x00001000         (0, 1, 2)      [6] []
    543     0x00021380       0xFFFFFF80      0x00000010         (0, 2, 2)      [] [SW]
    544     0x0001EB80       0xFFFFFF80      0x00004000         (0, 1, 13)      [8] []
    545     0x00017B00       0xFFFFFF80      0x00800000         (0, 1, 15)      [17] []
    546     0x0001E300       0xFFFFFF80      0x00000800         (0, 1, 12)      [5] []
    547     0x0000C900       0xFFFFFF80      0x00020001         (0, 0, 9)      [11] [E]
    548     0x0000C600       0xFFFFFF80      0x00000801         (0, 0, 8)      [5] [E]
    549     0x0001A280       0xFFFFFF80      0x00000100         (0, 1, 4)      [2] []
    550     0x00018500       0xFFFFFF80      0x000C0000         (0, 1, 0)      [12, 13] []
    551     0x00014C00       0xFFFFFF80      0x00000402         (0, 1, 9)      [4] [NE]
    552     0x00020300       0xFFFFFF80      0x00008000         (0, 2, 0)      [9] []
    553     0x0001F980       0xFFFFFF80      0x00020001         (0, 1, 15)      [11] [E]
    554     0x00018700       0xFFFFFF80      0x00C00000         (0, 1, 0)      [16, 17] []
    555     0x00019180       0xFFFFFF80      0x00FFFFB7         (0, 1, 2)      [1, 2, 3, 4, 5, 6, 7, 8, 9, 10, 11, 12, 13, 14, 15, 16, 17] [E, NE, N, SW, S]
    556     0x00016680       0xFFFFFF80      0x00000100         (0, 1, 12)      [2] []
    557     0x0001F580       0xFFFFFF80      0x00200000         (0, 1, 14)      [15] []
    558     0x00024500       0xFFFFFF80      0x00000010         (0, 2, 8)      [] [SW]
    559     0x00015D00       0xFFFFFF80      0x00010000         (0, 1, 11)      [10] []
    560     0x0001BB00       0xFFFFFF80      0x00010000         (0, 1, 7)      [10] []
    561     0x00014080       0xFFFFFF80      0x00010000         (0, 1, 8)      [10] []
    562     0x00012D80       0xFFFFFF80      0x00000100         (0, 1, 5)      [2] []
    563     0x00024A80       0xFFFFFF80      0x00002030         (0, 2, 9)      [7] [SW, S]
    564     0x00017900       0xFFFFFF80      0x00080000         (0, 1, 15)      [13] []
    565     0x00009900       0xFFFFFF80      0x00000800         (0, 0, 3)      [5] []
    566     0x00008900       0xFFFFFF80      0x00000220         (0, 0, 1)      [3] [S]
    567     0x00007A80       0xFFFFFF80      0x00000400         (0, 0, 15)      [4] []
    568     0x0001E100       0xFFFFFF80      0x00400000         (0, 1, 12)      [16] []
    569     0x0000B780       0xFFFFFF80      0x00001000         (0, 0, 6)      [6] []
    570     0x0001E880       0xFFFFFF80      0x00400000         (0, 1, 13)      [16] []
    571     0x00002E00       0xFFFFFF80      0x00000080         (0, 0, 5)      [1] []
    572     0x0004E400       0xFFFFFF00      0x00000020         (0, 4, 12)      [] [S]
    573     0x00013D80       0xFFFFFF80      0x00000400         (0, 1, 7)      [4] []
    574     0x0001B380       0xFFFFFF80      0x00200000         (0, 1, 6)      [15] []
    575     0x0000D800       0xFFFFFF80      0x00020000         (0, 0, 11)      [11] []
    576     0x0001BA00       0xFFFFFF80      0x00004000         (0, 1, 7)      [8] []
    577     0x0001C300       0xFFFFFF80      0x00002000         (0, 1, 8)      [7] []
    578     0x00008980       0xFFFFFF80      0x00000420         (0, 0, 1)      [4] [S]
    579     0x0001F280       0xFFFFFF80      0x00008000         (0, 1, 14)      [9] []
    580     0x00003D00       0xFFFFFF80      0x00000080         (0, 0, 7)      [1] []
    581     0x00024E80       0xFFFFFF80      0x00200001         (0, 2, 9)      [15] [E]
    582     0x0001F900       0xFFFFFF80      0x00010001         (0, 1, 15)      [10] [E]
    583     0x00010980       0xFFFFFF80      0x00000001         (0, 1, 1)      [] [E]
    584     0x00011E00       0xFFFFFF80      0x00000080         (0, 1, 3)      [1] []
    585     0x0003A100       0xFFFFFF00      0x00000020         (0, 3, 4)      [] [S]
    586     0x00017F00       0xFFFFFF80      0x00000080         (0, 1, 15)      [1] []
    587     0x0001D600       0xFFFFFF80      0x00010000         (0, 1, 10)      [10] []
    588     0x0001EE80       0xFFFFFF80      0x00100000         (0, 1, 13)      [14] []
    589     0x00024C80       0xFFFFFF80      0x00020030         (0, 2, 9)      [11] [SW, S]
    590     0x00019880       0xFFFFFF80      0x00000600         (0, 1, 3)      [3, 4] []
    591     0x00023600       0xFFFFFF80      0x00000008         (0, 2, 6)      [] [W]
    592     0x0001E480       0xFFFFFF80      0x00004000         (0, 1, 12)      [8] []
    593     0x0001AE80       0xFFFFFF80      0x00000800         (0, 1, 5)      [5] []
    594     0x00014280       0xFFFFFF80      0x00100000         (0, 1, 8)      [14] []
    595     0x00009800       0xFFFFFF80      0x00000200         (0, 0, 3)      [3] []
    596     0x0001F380       0xFFFFFF80      0x00020000         (0, 1, 14)      [11] []
    597     0x00012100       0xFFFFFF80      0x00002000         (0, 1, 4)      [7] []
    598     0x0001D080       0xFFFFFF80      0x00400000         (0, 1, 10)      [16] []
    599     0x0001F200       0xFFFFFF80      0x00004000         (0, 1, 14)      [8] []
    600     0x0001EA80       0xFFFFFF80      0x00001000         (0, 1, 13)      [6] []
    601     0x00018C00       0xFFFFFF80      0x00FFFFB7         (0, 1, 1)      [1, 2, 3, 4, 5, 6, 7, 8, 9, 10, 11, 12, 13, 14, 15, 16, 17] [E, NE, N, SW, S]
    602     0x0001AD80       0xFFFFFF80      0x00000200         (0, 1, 5)      [3] []
    603     0x00010F80       0xFFFFFF80      0x00000100         (0, 1, 1)      [2] []
    604     0x0000C300       0xFFFFFF80      0x00000001         (0, 0, 8)      [] [E]
    605     0x0000B500       0xFFFFFF80      0x00000080         (0, 0, 6)      [1] []
    606     0x00015100       0xFFFFFF80      0x00100003         (0, 1, 10)      [14] [E, NE]
    607     0x00017780       0xFFFFFF80      0x00010000         (0, 1, 14)      [10] []
    608     0x00015E00       0xFFFFFF80      0x00040000         (0, 1, 11)      [12] []
    609     0x0001A200       0xFFFFFF80      0x00000080         (0, 1, 4)      [1] []
    610     0x00015080       0xFFFFFF80      0x00080003         (0, 1, 10)      [13] [E, NE]
    611     0x00013100       0xFFFFFF80      0x00008000         (0, 1, 6)      [9] []
    612     0x0004EC00       0xFFFFFF00      0x00000020         (0, 4, 13)      [] [S]
    613     0x00017600       0xFFFFFF80      0x00002000         (0, 1, 14)      [7] []
    614     0x00019F80       0xFFFFFF80      0x00800000         (0, 1, 3)      [17] []
    615     0x0001C180       0xFFFFFF80      0x00000400         (0, 1, 8)      [4] []
    616     0x0001DF00       0xFFFFFF80      0x00040010         (0, 1, 11)      [12] [SW]
    617     0x00018780       0xFFFFFF80      0x00800000         (0, 1, 0)      [17] []
    618     0x0001E780       0xFFFFFF80      0x00100000         (0, 1, 12)      [14] []
    619     0x00056300       0xFFFFFF00      0x00000001         (0, 5, 12)      [] [E]
    620     0x0000E500       0xFFFFFF80      0x00002000         (0, 0, 12)      [7] []
    621     0x00006A80       0xFFFFFF80      0x00000100         (0, 0, 13)      [2] []
    622     0x00013400       0xFFFFFF80      0x00200000         (0, 1, 6)      [15] []
    623     0x0004E700       0xFFFFFF00      0x00000020         (0, 4, 12)      [] [S]
    624     0x0001B680       0xFFFFFF80      0x00000080         (0, 1, 6)      [1] []
    625     0x00018200       0xFFFFFF80      0x00003000         (0, 1, 0)      [6, 7] []
    626     0x00018280       0xFFFFFF80      0x00006000         (0, 1, 0)      [8, 7] []
    627     0x00018980       0xFFFFFF80      0x00FFFF80         (0, 1, 1)      [1, 2, 3, 4, 5, 6, 7, 8, 9, 10, 11, 12, 13, 14, 15, 16, 17] []
    628     0x00024880       0xFFFFFF80      0x00000230         (0, 2, 9)      [3] [SW, S]
    629     0x0001BD00       0xFFFFFF80      0x00100000         (0, 1, 7)      [14] []
    630     0x00009A00       0xFFFFFF80      0x00002000         (0, 0, 3)      [7] []
    631     0x00012E00       0xFFFFFF80      0x00000200         (0, 1, 5)      [3] []
    632     0x00012600       0xFFFFFF80      0x00800000         (0, 1, 4)      [17] []
    633     0x0004E800       0xFFFFFF00      0x00000020         (0, 4, 13)      [] [S]
    634     0x0001D380       0xFFFFFF80      0x00000800         (0, 1, 10)      [5] []
    635     0x00021500       0xFFFFFF80      0x00200010         (0, 2, 2)      [15] [SW]
    636     0x0000F780       0xFFFFFF80      0x00100004         (0, 0, 14)      [14] [N]
    637     0x0001F780       0xFFFFFF80      0x00002000         (0, 1, 14)      [7] []
    638     0x00019A80       0xFFFFFF80      0x00006000         (0, 1, 3)      [8, 7] []
    639     0x00014380       0xFFFFFF80      0x00400000         (0, 1, 8)      [16] []
    640     0x00008880       0xFFFFFF80      0x00000120         (0, 0, 1)      [2] [S]
    641     0x00050E00       0xFFFFFF00      0x00000001         (0, 5, 1)      [] [E]
    642     0x00057700       0xFFFFFF00      0x00400000         (0, 5, 14)      [16] []
    643     0x0001CE00       0xFFFFFF80      0x00020001         (0, 1, 9)      [11] [E]
    644     0x00018E00       0xFFFFFF80      0x00FFFFB7         (0, 1, 1)      [1, 2, 3, 4, 5, 6, 7, 8, 9, 10, 11, 12, 13, 14, 15, 16, 17] [E, NE, N, SW, S]
    645     0x00003D80       0xFFFFFF80      0x00000100         (0, 0, 7)      [2] []
    646     0x00017480       0xFFFFFF80      0x00000400         (0, 1, 14)      [4] []
    647     0x00056500       0xFFFFFF00      0x00000001         (0, 5, 12)      [] [E]
    648     0x00015600       0xFFFFFF80      0x00000001         (0, 1, 10)      [] [E]
    649     0x00021480       0xFFFFFF80      0x00100010         (0, 2, 2)      [14] [SW]
    650     0x00015200       0xFFFFFF80      0x00400003         (0, 1, 10)      [16] [E, NE]
    651     0x00020480       0xFFFFFF80      0x00040000         (0, 2, 0)      [12] []
    652     0x00018080       0xFFFFFF80      0x00000600         (0, 1, 0)      [3, 4] []
    653     0x0000F280       0xFFFFFF80      0x00000400         (0, 0, 14)      [4] []
    654     0x00016A80       0xFFFFFF80      0x00010000         (0, 1, 13)      [10] []
    655     0x00020D80       0xFFFFFF80      0x00080000         (0, 2, 1)      [13] []
    656     0x0001B300       0xFFFFFF80      0x00100000         (0, 1, 6)      [14] []
    657     0x0001CA80       0xFFFFFF80      0x00000400         (0, 1, 9)      [4] []
    658     0x00015B00       0xFFFFFF80      0x00001000         (0, 1, 11)      [6] []
    659     0x0000E580       0xFFFFFF80      0x00004000         (0, 0, 12)      [8] []
    660     0x0000B700       0xFFFFFF80      0x00000800         (0, 0, 6)      [5] []
    661     0x0004EB00       0xFFFFFF00      0x00000020         (0, 4, 13)      [] [S]
    662     0x00010900       0xFFFFFF80      0x00000001         (0, 1, 1)      [] [E]
    663     0x00024200       0xFFFFFF80      0x00000010         (0, 2, 8)      [] [SW]
    664     0x0001D800       0xFFFFFF80      0x00100010         (0, 1, 11)      [14] [SW]
    665     0x0001D900       0xFFFFFF80      0x00400010         (0, 1, 11)      [16] [SW]
    666     0x00008700       0xFFFFFF80      0x00000030         (0, 0, 0)      [] [SW, S]
    667     0x00013F80       0xFFFFFF80      0x00004000         (0, 1, 7)      [8] []
    668     0x00016A00       0xFFFFFF80      0x00008000         (0, 1, 13)      [9] []
    669     0x0001DC80       0xFFFFFF80      0x00002000         (0, 1, 11)      [7] []
    670     0x00024180       0xFFFFFF80      0x00000010         (0, 2, 8)      [] [SW]
    671     0x00016D80       0xFFFFFF80      0x00400000         (0, 1, 13)      [16] []
    672     0x00020D00       0xFFFFFF80      0x00040000         (0, 2, 1)      [12] []
    673     0x00018300       0xFFFFFF80      0x0000C000         (0, 1, 0)      [8, 9] []
    674     0x00014B00       0xFFFFFF80      0x00000100         (0, 1, 9)      [2] []
    675     0x00017680       0xFFFFFF80      0x00004000         (0, 1, 14)      [8] []
    676     0x00020880       0xFFFFFF80      0x00020000         (0, 2, 1)      [11] []
    677     0x00006B00       0xFFFFFF80      0x00000200         (0, 0, 13)      [3] []
    678     0x00020080       0xFFFFFF80      0x00100001         (0, 2, 0)      [14] [E]
    679     0x0001D880       0xFFFFFF80      0x00200010         (0, 1, 11)      [15] [SW]
