router contains 58 entries 
 
  Index   Key(hex)    Mask(hex)    Route(hex)    Src. Core -> [Cores][Links]
------------------------------------------------------------------------------
    0     0x00018C00       0xFFFFFF80      0x00000004         (0, 1, 1)      [] [N]
    1     0x00024C00       0xFFFFFF80      0x0000003F         (0, 2, 9)      [] [E, NE, N, W, SW, S]
    2     0x00023D80       0xFFFFFF80      0x00000018         (0, 2, 7)      [] [W, SW]
    3     0x00024480       0xFFFFFF80      0x00000018         (0, 2, 8)      [] [W, SW]
    4     0x00018D00       0xFFFFFF80      0x00000004         (0, 1, 1)      [] [N]
    5     0x00008800       0xFFFFFF80      0x00000020         (0, 0, 1)      [] [S]
    6     0x00024C80       0xFFFFFF80      0x0000003F         (0, 2, 9)      [] [E, NE, N, W, SW, S]
    7     0x00024100       0xFFFFFF80      0x00000018         (0, 2, 8)      [] [W, SW]
    8     0x00018C80       0xFFFFFF80      0x00000004         (0, 1, 1)      [] [N]
    9     0x00024680       0xFFFFFF80      0x0000003F         (0, 2, 8)      [] [E, NE, N, W, SW, S]
    10     0x00008B00       0xFFFFFF80      0x00000020         (0, 0, 1)      [] [S]
    11     0x00021F80       0xFFFFFF80      0x00000008         (0, 2, 3)      [] [W]
    12     0x00018E80       0xFFFFFF80      0x00000004         (0, 1, 1)      [] [N]
    13     0x00008780       0xFFFFFF80      0x00000020         (0, 0, 0)      [] [S]
    14     0x00024000       0xFFFFFF80      0x00000018         (0, 2, 8)      [] [W, SW]
    15     0x00024580       0xFFFFFF80      0x0000003F         (0, 2, 8)      [] [E, NE, N, W, SW, S]
    16     0x00022080       0xFFFFFF80      0x00000008         (0, 2, 4)      [] [W]
    17     0x00004D00       0xFFFFFF80      0x00000020         (0, 0, 9)      [] [S]
    18     0x00023D00       0xFFFFFF80      0x00000018         (0, 2, 7)      [] [W, SW]
    19     0x00008700       0xFFFFFF80      0x00000020         (0, 0, 0)      [] [S]
    20     0x00008880       0xFFFFFF80      0x00000020         (0, 0, 1)      [] [S]
    21     0x00024D00       0xFFFFFF80      0x0000003F         (0, 2, 9)      [] [E, NE, N, W, SW, S]
    22     0x00024780       0xFFFFFF80      0x0000003F         (0, 2, 8)      [] [E, NE, N, W, SW, S]
    23     0x00024180       0xFFFFFF80      0x00000018         (0, 2, 8)      [] [W, SW]
    24     0x00008680       0xFFFFFF80      0x00000020         (0, 0, 0)      [] [S]
    25     0x00008600       0xFFFFFF80      0x00000020         (0, 0, 0)      [] [S]
    26     0x00008900       0xFFFFFF80      0x00000020         (0, 0, 1)      [] [S]
    27     0x00023E80       0xFFFFFF80      0x00000018         (0, 2, 7)      [] [W, SW]
    28     0x00024500       0xFFFFFF80      0x00000018         (0, 2, 8)      [] [W, SW]
    29     0x00024700       0xFFFFFF80      0x0000003F         (0, 2, 8)      [] [E, NE, N, W, SW, S]
    30     0x00018E00       0xFFFFFF80      0x00000004         (0, 1, 1)      [] [N]
    31     0x00008980       0xFFFFFF80      0x00000020         (0, 0, 1)      [] [S]
    32     0x00023F80       0xFFFFFF80      0x00000018         (0, 2, 7)      [] [W, SW]
    33     0x00018B80       0xFFFFFF80      0x00000004         (0, 1, 1)      [] [N]
    34     0x00024A00       0xFFFFFF80      0x0000003F         (0, 2, 9)      [] [E, NE, N, W, SW, S]
    35     0x00024980       0xFFFFFF80      0x0000003F         (0, 2, 9)      [] [E, NE, N, W, SW, S]
    36     0x00024300       0xFFFFFF80      0x00000018         (0, 2, 8)      [] [W, SW]
    37     0x00008A00       0xFFFFFF80      0x00000020         (0, 0, 1)      [] [S]
    38     0x00004C80       0xFFFFFF80      0x00000020         (0, 0, 9)      [] [S]
    39     0x00024D80       0xFFFFFF80      0x0000003F         (0, 2, 9)      [] [E, NE, N, W, SW, S]
    40     0x00018D80       0xFFFFFF80      0x00000004         (0, 1, 1)      [] [N]
    41     0x00024B00       0xFFFFFF80      0x0000003F         (0, 2, 9)      [] [E, NE, N, W, SW, S]
    42     0x00004C00       0xFFFFFF80      0x00000020         (0, 0, 9)      [] [S]
    43     0x00024280       0xFFFFFF80      0x00000018         (0, 2, 8)      [] [W, SW]
    44     0x00024400       0xFFFFFF80      0x00000018         (0, 2, 8)      [] [W, SW]
    45     0x00024A80       0xFFFFFF80      0x0000003F         (0, 2, 9)      [] [E, NE, N, W, SW, S]
    46     0x00024380       0xFFFFFF80      0x00000018         (0, 2, 8)      [] [W, SW]
    47     0x00008A80       0xFFFFFF80      0x00000020         (0, 0, 1)      [] [S]
    48     0x00024800       0xFFFFFF80      0x0000003F         (0, 2, 9)      [] [E, NE, N, W, SW, S]
    49     0x00024B80       0xFFFFFF80      0x0000003F         (0, 2, 9)      [] [E, NE, N, W, SW, S]
    50     0x00024200       0xFFFFFF80      0x00000018         (0, 2, 8)      [] [W, SW]
    51     0x00024880       0xFFFFFF80      0x0000003F         (0, 2, 9)      [] [E, NE, N, W, SW, S]
    52     0x00022100       0xFFFFFF80      0x00000008         (0, 2, 4)      [] [W]
    53     0x00024600       0xFFFFFF80      0x0000003F         (0, 2, 8)      [] [E, NE, N, W, SW, S]
    54     0x00023E00       0xFFFFFF80      0x00000018         (0, 2, 7)      [] [W, SW]
    55     0x00023F00       0xFFFFFF80      0x00000018         (0, 2, 7)      [] [W, SW]
    56     0x00024080       0xFFFFFF80      0x00000018         (0, 2, 8)      [] [W, SW]
    57     0x00024900       0xFFFFFF80      0x0000003F         (0, 2, 9)      [] [E, NE, N, W, SW, S]
