router contains 641 entries 
 
  Index   Key(hex)    Mask(hex)    Route(hex)    Src. Core -> [Cores][Links]
------------------------------------------------------------------------------
    0     0x0005E400       0xFFFFFF00      0x00000002         (0, 5, 12)      [] [NE]
    1     0x00004C80       0xFFFFFF80      0x00001000         (0, 0, 9)      [6] []
    2     0x0000A800       0xFFFFFF80      0x00008000         (0, 0, 5)      [9] []
    3     0x00012D80       0xFFFFFF80      0x00001000         (0, 1, 5)      [6] []
    4     0x0000C800       0xFFFFFF80      0x00080010         (0, 0, 9)      [13] [SW]
    5     0x0001ED80       0xFFFFFF80      0x00400002         (0, 1, 13)      [16] [NE]
    6     0x0001EE80       0xFFFFFF80      0x00000080         (0, 1, 13)      [1] []
    7     0x0001DA80       0xFFFFFF80      0x00003003         (0, 1, 11)      [6, 7] [E, NE]
    8     0x00021780       0xFFFFFF80      0x00000101         (0, 2, 2)      [2] [E]
    9     0x00011500       0xFFFFFF80      0x00800020         (0, 1, 2)      [17] [S]
    10     0x0001B100       0xFFFFFF80      0x00100006         (0, 1, 6)      [14] [NE, N]
    11     0x00014180       0xFFFFFF80      0x00400000         (0, 1, 8)      [16] []
    12     0x00013D80       0xFFFFFF80      0x00004000         (0, 1, 7)      [8] []
    13     0x00011080       0xFFFFFF80      0x00004002         (0, 1, 2)      [8] [NE]
    14     0x00015280       0xFFFFFF80      0x00000418         (0, 1, 10)      [4] [W, SW]
    15     0x00059500       0xFFFFFF00      0x00000001         (0, 5, 2)      [] [E]
    16     0x0000D500       0xFFFFFF80      0x00008000         (0, 0, 10)      [9] []
    17     0x00017500       0xFFFFFF80      0x00008020         (0, 1, 14)      [9] [S]
    18     0x00013200       0xFFFFFF80      0x00200000         (0, 1, 6)      [15] []
    19     0x0001C880       0xFFFFFF80      0x00000818         (0, 1, 9)      [5] [W, SW]
    20     0x0001B700       0xFFFFFF80      0x00001006         (0, 1, 6)      [6] [NE, N]
    21     0x0000D800       0xFFFFFF80      0x00200000         (0, 0, 11)      [15] []
    22     0x00021580       0xFFFFFF80      0x00000201         (0, 2, 2)      [3] [E]
    23     0x00011F80       0xFFFFFF80      0x00004020         (0, 1, 3)      [8] [S]
    24     0x0001FE00       0xFFFFFF80      0x00080010         (0, 1, 15)      [13] [SW]
    25     0x00009800       0xFFFFFF80      0x00002000         (0, 0, 3)      [7] []
    26     0x0001A480       0xFFFFFF80      0x00010000         (0, 1, 4)      [10] []
    27     0x00013F80       0xFFFFFF80      0x00040000         (0, 1, 7)      [12] []
    28     0x00024C80       0xFFFFFF80      0x00200000         (0, 2, 9)      [15] []
    29     0x00017900       0xFFFFFF80      0x00800020         (0, 1, 15)      [17] [S]
    30     0x0000D380       0xFFFFFF80      0x00001000         (0, 0, 10)      [6] []
    31     0x0001EE00       0xFFFFFF80      0x00800002         (0, 1, 13)      [17] [NE]
    32     0x0000E480       0xFFFFFF80      0x00010000         (0, 0, 12)      [10] []
    33     0x0005FD00       0xFFFFFF00      0x00100000         (0, 5, 15)      [14] []
    34     0x0005E600       0xFFFFFF00      0x00000002         (0, 5, 12)      [] [NE]
    35     0x0001A500       0xFFFFFF80      0x00020000         (0, 1, 4)      [11] []
    36     0x0001C100       0xFFFFFF80      0x00002002         (0, 1, 8)      [7] [NE]
    37     0x0000A700       0xFFFFFF80      0x00002000         (0, 0, 4)      [7] []
    38     0x0001BF80       0xFFFFFF80      0x00000002         (0, 1, 7)      [] [NE]
    39     0x00010480       0xFFFFFF80      0x00100010         (0, 1, 0)      [14] [SW]
    40     0x0005A700       0xFFFFFF00      0x00000001         (0, 5, 4)      [] [E]
    41     0x0001A880       0xFFFFFF80      0x00000088         (0, 1, 5)      [1] [W]
    42     0x00011400       0xFFFFFF80      0x00200002         (0, 1, 2)      [15] [NE]
    43     0x00021B00       0xFFFFFF80      0x00000803         (0, 2, 3)      [5] [E, NE]
    44     0x0001DA00       0xFFFFFF80      0x00FFFC03         (0, 1, 11)      [4, 5, 6, 7, 8, 9, 10, 11, 12, 13, 14, 15, 16, 17] [E, NE]
    45     0x00016780       0xFFFFFF80      0x00004000         (0, 1, 12)      [8] []
    46     0x00019380       0xFFFFFF80      0x00000400         (0, 1, 2)      [4] []
    47     0x00007B00       0xFFFFFF80      0x00008000         (0, 0, 15)      [9] []
    48     0x00021380       0xFFFFFF80      0x00000801         (0, 2, 2)      [5] [E]
    49     0x0001B200       0xFFFFFF80      0x0040000E         (0, 1, 6)      [16] [NE, N, W]
    50     0x00019D00       0xFFFFFF80      0x00800008         (0, 1, 3)      [17] [W]
    51     0x0001F200       0xFFFFFF80      0x00040002         (0, 1, 14)      [12] [NE]
    52     0x00015F80       0xFFFFFF80      0x00000100         (0, 1, 11)      [2] []
    53     0x0001D100       0xFFFFFF80      0x00000FBF         (0, 1, 10)      [1, 2, 3, 4, 5] [E, NE, N, W, SW, S]
    54     0x00013280       0xFFFFFF80      0x00400000         (0, 1, 6)      [16] []
    55     0x0001FD80       0xFFFFFF80      0x00040010         (0, 1, 15)      [12] [SW]
    56     0x0001B600       0xFFFFFF80      0x00000006         (0, 1, 6)      [] [NE, N]
    57     0x0001A600       0xFFFFFF80      0x00080000         (0, 1, 4)      [13] []
    58     0x00019280       0xFFFFFF80      0x00000100         (0, 1, 2)      [2] []
    59     0x0001D580       0xFFFFFF80      0x00FFF037         (0, 1, 10)      [6, 7, 8, 9, 10, 11, 12, 13, 14, 15, 16, 17] [E, NE, N, SW, S]
    60     0x0001F580       0xFFFFFF80      0x00000102         (0, 1, 14)      [2] [NE]
    61     0x00024C00       0xFFFFFF80      0x00100000         (0, 2, 9)      [14] []
    62     0x0000F380       0xFFFFFF80      0x00010000         (0, 0, 14)      [10] []
    63     0x0005F100       0xFFFFFF00      0x00000100         (0, 5, 14)      [2] []
    64     0x0001A300       0xFFFFFF80      0x00002000         (0, 1, 4)      [7] []
    65     0x00019100       0xFFFFFF80      0x00400000         (0, 1, 2)      [16] []
    66     0x00010380       0xFFFFFF80      0x00040000         (0, 1, 0)      [12] []
    67     0x00011E80       0xFFFFFF80      0x00001000         (0, 1, 3)      [6] []
    68     0x0001BE80       0xFFFFFF80      0x0000040E         (0, 1, 7)      [4] [NE, N, W]
    69     0x0001F880       0xFFFFFF80      0x00080002         (0, 1, 15)      [13] [NE]
    70     0x0005F000       0xFFFFFF00      0x00000080         (0, 5, 14)      [1] []
    71     0x0001BD80       0xFFFFFF80      0x0000010E         (0, 1, 7)      [2] [NE, N, W]
    72     0x0001AF00       0xFFFFFF80      0x00010006         (0, 1, 5)      [10] [NE, N]
    73     0x00019800       0xFFFFFF80      0x00002000         (0, 1, 3)      [7] []
    74     0x00020800       0xFFFFFF80      0x00100030         (0, 2, 1)      [14] [SW, S]
    75     0x0000E280       0xFFFFFF80      0x00001000         (0, 0, 12)      [6] []
    76     0x00011200       0xFFFFFF80      0x00020002         (0, 1, 2)      [11] [NE]
    77     0x0001B300       0xFFFFFF80      0x0000008E         (0, 1, 6)      [1] [NE, N, W]
    78     0x0000B780       0xFFFFFF80      0x00010000         (0, 0, 6)      [10] []
    79     0x0005A500       0xFFFFFF00      0x00000001         (0, 5, 4)      [] [E]
    80     0x00020580       0xFFFFFF80      0x000000B0         (0, 2, 0)      [1] [SW, S]
    81     0x00009900       0xFFFFFF80      0x00008000         (0, 0, 3)      [9] []
    82     0x0001AD00       0xFFFFFF80      0x00001000         (0, 1, 5)      [6] []
    83     0x00019C80       0xFFFFFF80      0x00400008         (0, 1, 3)      [16] [W]
    84     0x00008580       0xFFFFFF80      0x00000008         (0, 0, 0)      [] [W]
    85     0x0000C500       0xFFFFFF80      0x00002010         (0, 0, 8)      [7] [SW]
    86     0x0001D180       0xFFFFFF80      0x00000FBF         (0, 1, 10)      [1, 2, 3, 4, 5] [E, NE, N, W, SW, S]
    87     0x0001F100       0xFFFFFF80      0x00010002         (0, 1, 14)      [10] [NE]
    88     0x00015000       0xFFFFFF80      0x00400018         (0, 1, 10)      [16] [W, SW]
    89     0x0001DF80       0xFFFFFF80      0x00C00003         (0, 1, 11)      [16, 17] [E, NE]
    90     0x0001F000       0xFFFFFF80      0x00000402         (0, 1, 14)      [4] [NE]
    91     0x00061000       0xFFFFFF00      0x00000010         (0, 6, 2)      [] [SW]
    92     0x00019880       0xFFFFFF80      0x00004000         (0, 1, 3)      [8] []
    93     0x0000E580       0xFFFFFF80      0x00040000         (0, 0, 12)      [12] []
    94     0x0001FF80       0xFFFFFF80      0x00400010         (0, 1, 15)      [16] [SW]
    95     0x0001EA00       0xFFFFFF80      0x00008002         (0, 1, 13)      [9] [NE]
    96     0x00016D00       0xFFFFFF80      0x00000120         (0, 1, 13)      [2] [S]
    97     0x00008980       0xFFFFFF80      0x00004000         (0, 0, 1)      [8] []
    98     0x00018800       0xFFFFFF80      0x00000800         (0, 1, 1)      [5] []
    99     0x0001C500       0xFFFFFF80      0x0020000E         (0, 1, 8)      [15] [NE, N, W]
    100     0x0000D780       0xFFFFFF80      0x00100000         (0, 0, 10)      [14] []
    101     0x00012480       0xFFFFFF80      0x000000A0         (0, 1, 4)      [1] [S]
    102     0x00011680       0xFFFFFF80      0x00000220         (0, 1, 2)      [3] [S]
    103     0x00019E00       0xFFFFFF80      0x00000108         (0, 1, 3)      [2] [W]
    104     0x0001CE00       0xFFFFFF80      0x00600F98         (0, 1, 9)      [1, 2, 3, 4, 5, 15, 16] [W, SW]
    105     0x0000B900       0xFFFFFF80      0x00080000         (0, 0, 7)      [13] []
    106     0x0001BB00       0xFFFFFF80      0x00100006         (0, 1, 7)      [14] [NE, N]
    107     0x00021700       0xFFFFFF80      0x00000081         (0, 2, 2)      [1] [E]
    108     0x0001A980       0xFFFFFF80      0x00000208         (0, 1, 5)      [3] [W]
    109     0x0001EB80       0xFFFFFF80      0x00040002         (0, 1, 13)      [12] [NE]
    110     0x00012200       0xFFFFFF80      0x00080020         (0, 1, 4)      [13] [S]
    111     0x0001C480       0xFFFFFF80      0x00100006         (0, 1, 8)      [14] [NE, N]
    112     0x00019E80       0xFFFFFF80      0x00000208         (0, 1, 3)      [3] [W]
    113     0x0000F700       0xFFFFFF80      0x00800008         (0, 0, 14)      [17] [W]
    114     0x00014B80       0xFFFFFF80      0x00002000         (0, 1, 9)      [7] []
    115     0x0000B680       0xFFFFFF80      0x00004000         (0, 0, 6)      [8] []
    116     0x00016980       0xFFFFFF80      0x00040020         (0, 1, 13)      [12] [S]
    117     0x00007980       0xFFFFFF80      0x00001000         (0, 0, 15)      [6] []
    118     0x00017400       0xFFFFFF80      0x00002020         (0, 1, 14)      [7] [S]
    119     0x0001D380       0xFFFFFF80      0x00FFF037         (0, 1, 10)      [6, 7, 8, 9, 10, 11, 12, 13, 14, 15, 16, 17] [E, NE, N, SW, S]
    120     0x00015080       0xFFFFFF80      0x00800018         (0, 1, 10)      [17] [W, SW]
    121     0x00010580       0xFFFFFF80      0x00400018         (0, 1, 0)      [16] [W, SW]
    122     0x0001C580       0xFFFFFF80      0x0040000E         (0, 1, 8)      [16] [NE, N, W]
    123     0x00015200       0xFFFFFF80      0x00000218         (0, 1, 10)      [3] [W, SW]
    124     0x0000F400       0xFFFFFF80      0x00020000         (0, 0, 14)      [11] []
    125     0x00022480       0xFFFFFF80      0x00000002         (0, 2, 4)      [] [NE]
    126     0x00018000       0xFFFFFF80      0x00001000         (0, 1, 0)      [6] []
    127     0x0001DC00       0xFFFFFF80      0x00018002         (0, 1, 11)      [9, 10] [NE]
    128     0x0001B800       0xFFFFFF80      0x00004006         (0, 1, 7)      [8] [NE, N]
    129     0x0001CF00       0xFFFFFF80      0x00800F98         (0, 1, 9)      [1, 2, 3, 4, 5, 17] [W, SW]
    130     0x00005C80       0xFFFFFF80      0x00004000         (0, 0, 11)      [8] []
    131     0x0005A800       0xFFFFFF00      0x00000001         (0, 5, 5)      [] [E]
    132     0x00020900       0xFFFFFF80      0x00400030         (0, 2, 1)      [16] [SW, S]
    133     0x0001FC80       0xFFFFFF80      0x00000410         (0, 1, 15)      [4] [SW]
    134     0x00010180       0xFFFFFF80      0x00004000         (0, 1, 0)      [8] []
    135     0x00012400       0xFFFFFF80      0x00800020         (0, 1, 4)      [17] [S]
    136     0x0000F600       0xFFFFFF80      0x00200008         (0, 0, 14)      [15] [W]
    137     0x0001C300       0xFFFFFF80      0x00020002         (0, 1, 8)      [11] [NE]
    138     0x00014D80       0xFFFFFF80      0x00020000         (0, 1, 9)      [11] []
    139     0x00014D00       0xFFFFFF80      0x00010000         (0, 1, 9)      [10] []
    140     0x0000C880       0xFFFFFF80      0x00100010         (0, 0, 9)      [14] [SW]
    141     0x0000B800       0xFFFFFF80      0x00020000         (0, 0, 7)      [11] []
    142     0x0000C580       0xFFFFFF80      0x00004010         (0, 0, 8)      [8] [SW]
    143     0x00020880       0xFFFFFF80      0x00200030         (0, 2, 1)      [15] [SW, S]
    144     0x0001B880       0xFFFFFF80      0x00008006         (0, 1, 7)      [9] [NE, N]
    145     0x0000E780       0xFFFFFF80      0x00400000         (0, 0, 12)      [16] []
    146     0x00004D00       0xFFFFFF80      0x00002000         (0, 0, 9)      [7] []
    147     0x0000F480       0xFFFFFF80      0x00040000         (0, 0, 14)      [12] []
    148     0x00017580       0xFFFFFF80      0x00010020         (0, 1, 14)      [10] [S]
    149     0x0001F900       0xFFFFFF80      0x00100010         (0, 1, 15)      [14] [SW]
    150     0x00011100       0xFFFFFF80      0x00008002         (0, 1, 2)      [9] [NE]
    151     0x00019180       0xFFFFFF80      0x00800000         (0, 1, 2)      [17] []
    152     0x00018280       0xFFFFFF80      0x00020000         (0, 1, 0)      [11] []
    153     0x0005FC00       0xFFFFFF00      0x00080000         (0, 5, 15)      [13] []
    154     0x00010500       0xFFFFFF80      0x00200018         (0, 1, 0)      [15] [W, SW]
    155     0x00016A80       0xFFFFFF80      0x00100020         (0, 1, 13)      [14] [S]
    156     0x00007A80       0xFFFFFF80      0x00004000         (0, 0, 15)      [8] []
    157     0x0000F280       0xFFFFFF80      0x00004000         (0, 0, 14)      [8] []
    158     0x00020200       0xFFFFFF80      0x00000430         (0, 2, 0)      [4] [SW, S]
    159     0x00021080       0xFFFFFF80      0x00400021         (0, 2, 2)      [16] [E, S]
    160     0x0005F600       0xFFFFFF00      0x00002000         (0, 5, 14)      [7] []
    161     0x00010680       0xFFFFFF80      0x00000098         (0, 1, 0)      [1] [W, SW]
    162     0x00018580       0xFFFFFF80      0x00800000         (0, 1, 0)      [17] []
    163     0x00024880       0xFFFFFF80      0x00002000         (0, 2, 9)      [7] []
    164     0x0001E300       0xFFFFFF80      0x00008002         (0, 1, 12)      [9] [NE]
    165     0x00020280       0xFFFFFF80      0x00000830         (0, 2, 0)      [5] [SW, S]
    166     0x00021800       0xFFFFFF80      0x00000201         (0, 2, 3)      [3] [E]
    167     0x00015C80       0xFFFFFF80      0x00080000         (0, 1, 11)      [13] []
    168     0x00016880       0xFFFFFF80      0x00010000         (0, 1, 13)      [10] []
    169     0x0000F180       0xFFFFFF80      0x00001000         (0, 0, 14)      [6] []
    170     0x0000D600       0xFFFFFF80      0x00020000         (0, 0, 10)      [11] []
    171     0x00010700       0xFFFFFF80      0x00000118         (0, 1, 0)      [2] [W, SW]
    172     0x00020F80       0xFFFFFF80      0x00000421         (0, 2, 1)      [4] [E, S]
    173     0x00010280       0xFFFFFF80      0x00010000         (0, 1, 0)      [10] []
    174     0x00018180       0xFFFFFF80      0x00008000         (0, 1, 0)      [9] []
    175     0x0000D480       0xFFFFFF80      0x00004000         (0, 0, 10)      [8] []
    176     0x00016000       0xFFFFFF80      0x00000200         (0, 1, 12)      [3] []
    177     0x00006B00       0xFFFFFF80      0x00002000         (0, 0, 13)      [7] []
    178     0x0001B780       0xFFFFFF80      0x00002006         (0, 1, 6)      [7] [NE, N]
    179     0x0001AB80       0xFFFFFF80      0x00000008         (0, 1, 5)      [] [W]
    180     0x0005E000       0xFFFFFF00      0x00000002         (0, 5, 12)      [] [NE]
    181     0x00018680       0xFFFFFF80      0x00000100         (0, 1, 0)      [2] []
    182     0x0001B080       0xFFFFFF80      0x00080006         (0, 1, 6)      [13] [NE, N]
    183     0x0001C080       0xFFFFFF80      0x00001002         (0, 1, 8)      [6] [NE]
    184     0x00012500       0xFFFFFF80      0x00000120         (0, 1, 4)      [2] [S]
    185     0x0000A980       0xFFFFFF80      0x00040000         (0, 0, 5)      [12] []
    186     0x00022080       0xFFFFFF80      0x00000002         (0, 2, 4)      [] [NE]
    187     0x00022200       0xFFFFFF80      0x00000002         (0, 2, 4)      [] [NE]
    188     0x00059700       0xFFFFFF00      0x00000001         (0, 5, 2)      [] [E]
    189     0x0001F400       0xFFFFFF80      0x00400002         (0, 1, 14)      [16] [NE]
    190     0x0001EC80       0xFFFFFF80      0x00100002         (0, 1, 13)      [14] [NE]
    191     0x00024900       0xFFFFFF80      0x00004000         (0, 2, 9)      [8] []
    192     0x00020380       0xFFFFFF80      0x00100030         (0, 2, 0)      [14] [SW, S]
    193     0x00013380       0xFFFFFF80      0x00000080         (0, 1, 6)      [1] []
    194     0x0005A000       0xFFFFFF00      0x00000001         (0, 5, 4)      [] [E]
    195     0x00015980       0xFFFFFF80      0x00002000         (0, 1, 11)      [7] []
    196     0x00020D80       0xFFFFFF80      0x00800021         (0, 2, 1)      [17] [E, S]
    197     0x0001F680       0xFFFFFF80      0x00000402         (0, 1, 14)      [4] [NE]
    198     0x00018480       0xFFFFFF80      0x00200000         (0, 1, 0)      [15] []
    199     0x0001D300       0xFFFFFF80      0x00FFF037         (0, 1, 10)      [6, 7, 8, 9, 10, 11, 12, 13, 14, 15, 16, 17] [E, NE, N, SW, S]
    200     0x0001C200       0xFFFFFF80      0x00008002         (0, 1, 8)      [9] [NE]
    201     0x0005F700       0xFFFFFF00      0x00004000         (0, 5, 14)      [8] []
    202     0x0000E300       0xFFFFFF80      0x00002000         (0, 0, 12)      [7] []
    203     0x0001BA00       0xFFFFFF80      0x00040006         (0, 1, 7)      [12] [NE, N]
    204     0x00014400       0xFFFFFF80      0x00000400         (0, 1, 8)      [4] []
    205     0x0001FC00       0xFFFFFF80      0x00000210         (0, 1, 15)      [3] [SW]
    206     0x0001E580       0xFFFFFF80      0x00100002         (0, 1, 12)      [14] [NE]
    207     0x0001F780       0xFFFFFF80      0x00020002         (0, 1, 14)      [11] [NE]
    208     0x00019980       0xFFFFFF80      0x00010000         (0, 1, 3)      [10] []
    209     0x00020600       0xFFFFFF80      0x00000130         (0, 2, 0)      [2] [SW, S]
    210     0x00017A80       0xFFFFFF80      0x00000200         (0, 1, 15)      [3] []
    211     0x00015B80       0xFFFFFF80      0x00020000         (0, 1, 11)      [11] []
    212     0x00017B80       0xFFFFFF80      0x00000800         (0, 1, 15)      [5] []
    213     0x00020F00       0xFFFFFF80      0x00000221         (0, 2, 1)      [3] [E, S]
    214     0x00013500       0xFFFFFF80      0x00000400         (0, 1, 6)      [4] []
    215     0x00015D80       0xFFFFFF80      0x00200000         (0, 1, 11)      [15] []
    216     0x0005F800       0xFFFFFF00      0x00008000         (0, 5, 15)      [9] []
    217     0x00008180       0xFFFFFF80      0x00000008         (0, 0, 0)      [] [W]
    218     0x0005FA00       0xFFFFFF00      0x00020000         (0, 5, 15)      [11] []
    219     0x00014100       0xFFFFFF80      0x00200000         (0, 1, 8)      [15] []
    220     0x0000A880       0xFFFFFF80      0x00010000         (0, 0, 5)      [10] []
    221     0x00019300       0xFFFFFF80      0x00000200         (0, 1, 2)      [3] []
    222     0x0001F600       0xFFFFFF80      0x00000202         (0, 1, 14)      [3] [NE]
    223     0x00021A80       0xFFFFFF80      0x00000401         (0, 2, 3)      [4] [E]
    224     0x0005F900       0xFFFFFF00      0x00010000         (0, 5, 15)      [10] []
    225     0x00011580       0xFFFFFF80      0x000000A0         (0, 1, 2)      [1] [S]
    226     0x00009980       0xFFFFFF80      0x00010000         (0, 0, 3)      [10] []
    227     0x00012F80       0xFFFFFF80      0x00010000         (0, 1, 5)      [10] []
    228     0x0001EA80       0xFFFFFF80      0x00010002         (0, 1, 13)      [10] [NE]
    229     0x00024B00       0xFFFFFF80      0x00040000         (0, 2, 9)      [12] []
    230     0x00013E00       0xFFFFFF80      0x00008000         (0, 1, 7)      [9] []
    231     0x0001DB80       0xFFFFFF80      0x0000C002         (0, 1, 11)      [8, 9] [NE]
    232     0x00012E80       0xFFFFFF80      0x00004000         (0, 1, 5)      [8] []
    233     0x00021280       0xFFFFFF80      0x00000201         (0, 2, 2)      [3] [E]
    234     0x00020180       0xFFFFFF80      0x00000230         (0, 2, 0)      [3] [SW, S]
    235     0x00022180       0xFFFFFF80      0x00000002         (0, 2, 4)      [] [NE]
    236     0x00024E00       0xFFFFFF80      0x000000B0         (0, 2, 9)      [1] [SW, S]
    237     0x0000B600       0xFFFFFF80      0x00002000         (0, 0, 6)      [7] []
    238     0x00016A00       0xFFFFFF80      0x00080020         (0, 1, 13)      [13] [S]
    239     0x00008900       0xFFFFFF80      0x00002000         (0, 0, 1)      [7] []
    240     0x0000E400       0xFFFFFF80      0x00008000         (0, 0, 12)      [9] []
    241     0x0000B580       0xFFFFFF80      0x00001000         (0, 0, 6)      [6] []
    242     0x0001D000       0xFFFFFF80      0x00000FBF         (0, 1, 10)      [1, 2, 3, 4, 5] [E, NE, N, W, SW, S]
    243     0x00016E80       0xFFFFFF80      0x00000820         (0, 1, 13)      [5] [S]
    244     0x0001D800       0xFFFFFF80      0x00FFF083         (0, 1, 11)      [1, 6, 7, 8, 9, 10, 11, 12, 13, 14, 15, 16, 17] [E, NE]
    245     0x00021900       0xFFFFFF80      0x00000801         (0, 2, 3)      [5] [E]
    246     0x00005C00       0xFFFFFF80      0x00002000         (0, 0, 11)      [7] []
    247     0x00020D00       0xFFFFFF80      0x00400021         (0, 2, 1)      [16] [E, S]
    248     0x00012300       0xFFFFFF80      0x00200020         (0, 1, 4)      [15] [S]
    249     0x00021C80       0xFFFFFF80      0x00000803         (0, 2, 3)      [5] [E, NE]
    250     0x00024F00       0xFFFFFF80      0x00000230         (0, 2, 9)      [3] [SW, S]
    251     0x0005A400       0xFFFFFF00      0x00000001         (0, 5, 4)      [] [E]
    252     0x0001E480       0xFFFFFF80      0x00040002         (0, 1, 12)      [12] [NE]
    253     0x0001F500       0xFFFFFF80      0x00000080         (0, 1, 14)      [1] []
    254     0x0001CB00       0xFFFFFF80      0x00018F90         (0, 1, 9)      [1, 2, 3, 4, 5, 9, 10] [SW]
    255     0x00018C80       0xFFFFFF80      0x00002000         (0, 1, 1)      [7] []
    256     0x0001C680       0xFFFFFF80      0x0000018E         (0, 1, 8)      [1, 2] [NE, N, W]
    257     0x00018500       0xFFFFFF80      0x00400000         (0, 1, 0)      [16] []
    258     0x0001B180       0xFFFFFF80      0x0020000E         (0, 1, 6)      [15] [NE, N, W]
    259     0x00015E80       0xFFFFFF80      0x00800000         (0, 1, 11)      [17] []
    260     0x00013D00       0xFFFFFF80      0x00002000         (0, 1, 7)      [7] []
    261     0x00020B80       0xFFFFFF80      0x00000421         (0, 2, 1)      [4] [E, S]
    262     0x00021B80       0xFFFFFF80      0x00000203         (0, 2, 3)      [3] [E, NE]
    263     0x0001BC00       0xFFFFFF80      0x0040000E         (0, 1, 7)      [16] [NE, N, W]
    264     0x00011000       0xFFFFFF80      0x00002002         (0, 1, 2)      [7] [NE]
    265     0x00018100       0xFFFFFF80      0x00004000         (0, 1, 0)      [8] []
    266     0x00012580       0xFFFFFF80      0x00000220         (0, 1, 4)      [3] [S]
    267     0x00014E80       0xFFFFFF80      0x00080000         (0, 1, 9)      [13] []
    268     0x00021000       0xFFFFFF80      0x00000821         (0, 2, 2)      [5] [E, S]
    269     0x00060900       0xFFFFFF00      0x00000010         (0, 6, 1)      [] [SW]
    270     0x00007F80       0xFFFFFF80      0x00000008         (0, 0, 15)      [] [W]
    271     0x00010F00       0xFFFFFF80      0x00000002         (0, 1, 1)      [] [NE]
    272     0x0000C600       0xFFFFFF80      0x00008010         (0, 0, 8)      [9] [SW]
    273     0x00019F00       0xFFFFFF80      0x00000408         (0, 1, 3)      [4] [W]
    274     0x00012100       0xFFFFFF80      0x00020020         (0, 1, 4)      [11] [S]
    275     0x00021400       0xFFFFFF80      0x00800001         (0, 2, 2)      [17] [E]
    276     0x00017680       0xFFFFFF80      0x00040020         (0, 1, 14)      [12] [S]
    277     0x0000C680       0xFFFFFF80      0x00010010         (0, 0, 8)      [10] [SW]
    278     0x0001E900       0xFFFFFF80      0x00000402         (0, 1, 13)      [4] [NE]
    279     0x00014200       0xFFFFFF80      0x00800000         (0, 1, 8)      [17] []
    280     0x0001E980       0xFFFFFF80      0x00000802         (0, 1, 13)      [5] [NE]
    281     0x00021600       0xFFFFFF80      0x00000401         (0, 2, 2)      [4] [E]
    282     0x00060C00       0xFFFFFF00      0x00000010         (0, 6, 1)      [] [SW]
    283     0x00016B00       0xFFFFFF80      0x00200020         (0, 1, 13)      [15] [S]
    284     0x0001D280       0xFFFFFF80      0x00FFF037         (0, 1, 10)      [6, 7, 8, 9, 10, 11, 12, 13, 14, 15, 16, 17] [E, NE, N, SW, S]
    285     0x00012080       0xFFFFFF80      0x00010020         (0, 1, 4)      [10] [S]
    286     0x0001D200       0xFFFFFF80      0x00FFF037         (0, 1, 10)      [6, 7, 8, 9, 10, 11, 12, 13, 14, 15, 16, 17] [E, NE, N, SW, S]
    287     0x00008000       0xFFFFFF80      0x00000008         (0, 0, 0)      [] [W]
    288     0x0001F180       0xFFFFFF80      0x00020002         (0, 1, 14)      [11] [NE]
    289     0x0001B980       0xFFFFFF80      0x00020006         (0, 1, 7)      [11] [NE, N]
    290     0x0005FE00       0xFFFFFF00      0x00200000         (0, 5, 15)      [15] []
    291     0x00018D80       0xFFFFFF80      0x00008000         (0, 1, 1)      [9] []
    292     0x00009A80       0xFFFFFF80      0x00040000         (0, 0, 3)      [12] []
    293     0x00020A00       0xFFFFFF80      0x000000A1         (0, 2, 1)      [1] [E, S]
    294     0x00013080       0xFFFFFF80      0x00040000         (0, 1, 6)      [12] []
    295     0x00011380       0xFFFFFF80      0x00100002         (0, 1, 2)      [14] [NE]
    296     0x0001BF00       0xFFFFFF80      0x0000080E         (0, 1, 7)      [5] [NE, N, W]
    297     0x0001B480       0xFFFFFF80      0x0000040E         (0, 1, 6)      [4] [NE, N, W]
    298     0x00015180       0xFFFFFF80      0x00000118         (0, 1, 10)      [2] [W, SW]
    299     0x00014280       0xFFFFFF80      0x00000080         (0, 1, 8)      [1] []
    300     0x0001EB00       0xFFFFFF80      0x00020002         (0, 1, 13)      [11] [NE]
    301     0x00016D80       0xFFFFFF80      0x00000220         (0, 1, 13)      [3] [S]
    302     0x0001B000       0xFFFFFF80      0x00040006         (0, 1, 6)      [12] [NE, N]
    303     0x0001EF80       0xFFFFFF80      0x00000202         (0, 1, 13)      [3] [NE]
    304     0x0005A300       0xFFFFFF00      0x00000001         (0, 5, 4)      [] [E]
    305     0x0001A800       0xFFFFFF80      0x00800008         (0, 1, 5)      [17] [W]
    306     0x00021880       0xFFFFFF80      0x00000401         (0, 2, 3)      [4] [E]
    307     0x00016900       0xFFFFFF80      0x00020000         (0, 1, 13)      [11] []
    308     0x0001D900       0xFFFFFF80      0x00FFF303         (0, 1, 11)      [2, 3, 6, 7, 8, 9, 10, 11, 12, 13, 14, 15, 16, 17] [E, NE]
    309     0x00022100       0xFFFFFF80      0x00000002         (0, 2, 4)      [] [NE]
    310     0x00024B80       0xFFFFFF80      0x00080000         (0, 2, 9)      [13] []
    311     0x0001C980       0xFFFFFF80      0x00003F90         (0, 1, 9)      [1, 2, 3, 4, 5, 6, 7] [SW]
    312     0x0005E200       0xFFFFFF00      0x00000002         (0, 5, 12)      [] [NE]
    313     0x00015900       0xFFFFFF80      0x00001000         (0, 1, 11)      [6] []
    314     0x0000C780       0xFFFFFF80      0x00040010         (0, 0, 8)      [12] [SW]
    315     0x00012280       0xFFFFFF80      0x00100020         (0, 1, 4)      [14] [S]
    316     0x00020E80       0xFFFFFF80      0x00000121         (0, 2, 1)      [2] [E, S]
    317     0x00016C00       0xFFFFFF80      0x00800020         (0, 1, 13)      [17] [S]
    318     0x0001DE80       0xFFFFFF80      0x00300003         (0, 1, 11)      [14, 15] [E, NE]
    319     0x00021A00       0xFFFFFF80      0x00000201         (0, 2, 3)      [3] [E]
    320     0x0001AE80       0xFFFFFF80      0x00008006         (0, 1, 5)      [9] [NE, N]
    321     0x00019200       0xFFFFFF80      0x00000080         (0, 1, 2)      [1] []
    322     0x0005A100       0xFFFFFF00      0x00000001         (0, 5, 4)      [] [E]
    323     0x00006B80       0xFFFFFF80      0x00004000         (0, 0, 13)      [8] []
    324     0x00060000       0xFFFFFF00      0x00800000         (0, 6, 0)      [17] []
    325     0x0001FB80       0xFFFFFF80      0x00000110         (0, 1, 15)      [2] [SW]
    326     0x00015A80       0xFFFFFF80      0x00008000         (0, 1, 11)      [9] []
    327     0x0000D580       0xFFFFFF80      0x00010000         (0, 0, 10)      [10] []
    328     0x00008300       0xFFFFFF80      0x00000008         (0, 0, 0)      [] [W]
    329     0x00014000       0xFFFFFF80      0x00080000         (0, 1, 8)      [13] []
    330     0x00008500       0xFFFFFF80      0x00000008         (0, 0, 0)      [] [W]
    331     0x00020B00       0xFFFFFF80      0x00000221         (0, 2, 1)      [3] [E, S]
    332     0x00019080       0xFFFFFF80      0x00200000         (0, 1, 2)      [15] []
    333     0x00018E80       0xFFFFFF80      0x00020000         (0, 1, 1)      [11] []
    334     0x0001CA80       0xFFFFFF80      0x0000CF90         (0, 1, 9)      [1, 2, 3, 4, 5, 8, 9] [SW]
    335     0x0000C480       0xFFFFFF80      0x00001000         (0, 0, 8)      [6] []
    336     0x0005E500       0xFFFFFF00      0x00000002         (0, 5, 12)      [] [NE]
    337     0x0001FA00       0xFFFFFF80      0x00400010         (0, 1, 15)      [16] [SW]
    338     0x00008A00       0xFFFFFF80      0x00008000         (0, 0, 1)      [9] []
    339     0x00014F80       0xFFFFFF80      0x00200008         (0, 1, 9)      [15] [W]
    340     0x0000A780       0xFFFFFF80      0x00004000         (0, 0, 4)      [8] []
    341     0x0001CB80       0xFFFFFF80      0x00030F90         (0, 1, 9)      [1, 2, 3, 4, 5, 10, 11] [SW]
    342     0x0000B700       0xFFFFFF80      0x00008000         (0, 0, 6)      [9] []
    343     0x0001B280       0xFFFFFF80      0x0080000E         (0, 1, 6)      [17] [NE, N, W]
    344     0x0001E400       0xFFFFFF80      0x00020002         (0, 1, 12)      [11] [NE]
    345     0x0000D880       0xFFFFFF80      0x00400000         (0, 0, 11)      [16] []
    346     0x00017880       0xFFFFFF80      0x00400020         (0, 1, 15)      [16] [S]
    347     0x00021F80       0xFFFFFF80      0x00000001         (0, 2, 3)      [] [E]
    348     0x0001DD80       0xFFFFFF80      0x000C0003         (0, 1, 11)      [12, 13] [E, NE]
    349     0x00019400       0xFFFFFF80      0x00000808         (0, 1, 2)      [5] [W]
    350     0x00060B00       0xFFFFFF00      0x00000010         (0, 6, 1)      [] [SW]
    351     0x00010300       0xFFFFFF80      0x00020000         (0, 1, 0)      [11] []
    352     0x00021980       0xFFFFFF80      0x00000101         (0, 2, 3)      [2] [E]
    353     0x00008A80       0xFFFFFF80      0x00010000         (0, 0, 1)      [10] []
    354     0x00022280       0xFFFFFF80      0x00000002         (0, 2, 4)      [] [NE]
    355     0x0005FF00       0xFFFFFF00      0x00400000         (0, 5, 15)      [16] []
    356     0x00024A00       0xFFFFFF80      0x00010000         (0, 2, 9)      [10] []
    357     0x00009780       0xFFFFFF80      0x00001000         (0, 0, 2)      [6] []
    358     0x0001AA00       0xFFFFFF80      0x00000408         (0, 1, 5)      [4] [W]
    359     0x00010600       0xFFFFFF80      0x00800018         (0, 1, 0)      [17] [W, SW]
    360     0x0001E500       0xFFFFFF80      0x00080002         (0, 1, 12)      [13] [NE]
    361     0x0001E700       0xFFFFFF80      0x00800002         (0, 1, 12)      [17] [NE]
    362     0x0001D980       0xFFFFFF80      0x00FFF603         (0, 1, 11)      [3, 4, 6, 7, 8, 9, 10, 11, 12, 13, 14, 15, 16, 17] [E, NE]
    363     0x00018F80       0xFFFFFF80      0x00080000         (0, 1, 1)      [13] []
    364     0x0001BA80       0xFFFFFF80      0x00080006         (0, 1, 7)      [13] [NE, N]
    365     0x00020C80       0xFFFFFF80      0x00200021         (0, 2, 1)      [15] [E, S]
    366     0x0001E680       0xFFFFFF80      0x00400002         (0, 1, 12)      [16] [NE]
    367     0x00020700       0xFFFFFF80      0x00000430         (0, 2, 0)      [4] [SW, S]
    368     0x00010400       0xFFFFFF80      0x00080010         (0, 1, 0)      [13] [SW]
    369     0x0001FA80       0xFFFFFF80      0x00800010         (0, 1, 15)      [17] [SW]
    370     0x00016C80       0xFFFFFF80      0x000000A0         (0, 1, 13)      [1] [S]
    371     0x00019900       0xFFFFFF80      0x00008000         (0, 1, 3)      [9] []
    372     0x00060D00       0xFFFFFF00      0x00000010         (0, 6, 1)      [] [SW]
    373     0x0001A400       0xFFFFFF80      0x00008000         (0, 1, 4)      [9] []
    374     0x00021300       0xFFFFFF80      0x00000401         (0, 2, 2)      [4] [E]
    375     0x0000A680       0xFFFFFF80      0x00001000         (0, 0, 4)      [6] []
    376     0x0001B500       0xFFFFFF80      0x0000080E         (0, 1, 6)      [5] [NE, N, W]
    377     0x00021500       0xFFFFFF80      0x00000101         (0, 2, 2)      [2] [E]
    378     0x00016700       0xFFFFFF80      0x00002000         (0, 1, 12)      [7] []
    379     0x00011F00       0xFFFFFF80      0x00002020         (0, 1, 3)      [7] [S]
    380     0x0005A600       0xFFFFFF00      0x00000001         (0, 5, 4)      [] [E]
    381     0x00008B00       0xFFFFFF80      0x00020000         (0, 0, 1)      [11] []
    382     0x00020780       0xFFFFFF80      0x00000830         (0, 2, 0)      [5] [SW, S]
    383     0x00020100       0xFFFFFF80      0x00000110         (0, 2, 0)      [2] [SW]
    384     0x0001BB80       0xFFFFFF80      0x0020000E         (0, 1, 7)      [15] [NE, N, W]
    385     0x0001ED00       0xFFFFFF80      0x00200002         (0, 1, 13)      [15] [NE]
    386     0x0000E700       0xFFFFFF80      0x00200000         (0, 0, 12)      [15] []
    387     0x0005E100       0xFFFFFF00      0x00000002         (0, 5, 12)      [] [NE]
    388     0x0001E800       0xFFFFFF80      0x00000102         (0, 1, 13)      [2] [NE]
    389     0x0000F300       0xFFFFFF80      0x00008000         (0, 0, 14)      [9] []
    390     0x00021D00       0xFFFFFF80      0x00000403         (0, 2, 3)      [4] [E, NE]
    391     0x0001DD00       0xFFFFFF80      0x00060003         (0, 1, 11)      [11, 12] [E, NE]
    392     0x00012F00       0xFFFFFF80      0x00008000         (0, 1, 5)      [9] []
    393     0x00012380       0xFFFFFF80      0x00400020         (0, 1, 4)      [16] [S]
    394     0x0001F280       0xFFFFFF80      0x00080002         (0, 1, 14)      [13] [NE]
    395     0x00021F00       0xFFFFFF80      0x00000001         (0, 2, 3)      [] [E]
    396     0x00017980       0xFFFFFF80      0x000000A0         (0, 1, 15)      [1] [S]
    397     0x00020980       0xFFFFFF80      0x00800030         (0, 2, 1)      [17] [SW, S]
    398     0x0001FB00       0xFFFFFF80      0x00000090         (0, 1, 15)      [1] [SW]
    399     0x0000F500       0xFFFFFF80      0x00080000         (0, 0, 14)      [13] []
    400     0x00011D00       0xFFFFFF80      0x00000020         (0, 1, 3)      [] [S]
    401     0x0001E080       0xFFFFFF80      0x00000102         (0, 1, 12)      [2] [NE]
    402     0x00010080       0xFFFFFF80      0x00001000         (0, 1, 0)      [6] []
    403     0x0001D500       0xFFFFFF80      0x00FFF037         (0, 1, 10)      [6, 7, 8, 9, 10, 11, 12, 13, 14, 15, 16, 17] [E, NE, N, SW, S]
    404     0x00020480       0xFFFFFF80      0x00400030         (0, 2, 0)      [16] [SW, S]
    405     0x00014300       0xFFFFFF80      0x00000100         (0, 1, 8)      [2] []
    406     0x00059300       0xFFFFFF00      0x00000001         (0, 5, 2)      [] [E]
    407     0x0000F200       0xFFFFFF80      0x00002000         (0, 0, 14)      [7] []
    408     0x00014C80       0xFFFFFF80      0x00008000         (0, 1, 9)      [9] []
    409     0x00019B00       0xFFFFFF80      0x00080000         (0, 1, 3)      [13] []
    410     0x00009880       0xFFFFFF80      0x00004000         (0, 0, 3)      [8] []
    411     0x00059B00       0xFFFFFF00      0x00000001         (0, 5, 3)      [] [E]
    412     0x00020080       0xFFFFFF80      0x00000090         (0, 2, 0)      [1] [SW]
    413     0x0000D200       0xFFFFFF80      0x00000020         (0, 0, 10)      [] [S]
    414     0x0000D700       0xFFFFFF80      0x00080000         (0, 0, 10)      [13] []
    415     0x00022500       0xFFFFFF80      0x00000002         (0, 2, 4)      [] [NE]
    416     0x0001B680       0xFFFFFF80      0x00000006         (0, 1, 6)      [] [NE, N]
    417     0x00008200       0xFFFFFF80      0x00000008         (0, 0, 0)      [] [W]
    418     0x00021200       0xFFFFFF80      0x00000121         (0, 2, 2)      [2] [E, S]
    419     0x00060E00       0xFFFFFF00      0x00000010         (0, 6, 1)      [] [SW]
    420     0x0001C180       0xFFFFFF80      0x00004002         (0, 1, 8)      [8] [NE]
    421     0x0001E100       0xFFFFFF80      0x00000202         (0, 1, 12)      [3] [NE]
    422     0x00024A80       0xFFFFFF80      0x00020000         (0, 2, 9)      [11] []
    423     0x00015300       0xFFFFFF80      0x00000818         (0, 1, 10)      [5] [W, SW]
    424     0x0000E500       0xFFFFFF80      0x00020000         (0, 0, 12)      [11] []
    425     0x00022E00       0xFFFFFF80      0x00000002         (0, 2, 5)      [] [NE]
    426     0x00016800       0xFFFFFF80      0x00008000         (0, 1, 13)      [9] []
    427     0x00010200       0xFFFFFF80      0x00008000         (0, 1, 0)      [9] []
    428     0x0005F500       0xFFFFFF00      0x00001000         (0, 5, 14)      [6] []
    429     0x00059D00       0xFFFFFF00      0x00000001         (0, 5, 3)      [] [E]
    430     0x0001C780       0xFFFFFF80      0x00000618         (0, 1, 8)      [3, 4] [W, SW]
    431     0x00021180       0xFFFFFF80      0x000000A1         (0, 2, 2)      [1] [E, S]
    432     0x00012180       0xFFFFFF80      0x00040020         (0, 1, 4)      [12] [S]
    433     0x00006A80       0xFFFFFF80      0x00001000         (0, 0, 13)      [6] []
    434     0x0001D600       0xFFFFFF80      0x00FFF037         (0, 1, 10)      [6, 7, 8, 9, 10, 11, 12, 13, 14, 15, 16, 17] [E, NE, N, SW, S]
    435     0x0001C700       0xFFFFFF80      0x00000318         (0, 1, 8)      [2, 3] [W, SW]
    436     0x00059E00       0xFFFFFF00      0x00000001         (0, 5, 3)      [] [E]
    437     0x00011600       0xFFFFFF80      0x00000120         (0, 1, 2)      [2] [S]
    438     0x00011480       0xFFFFFF80      0x00400002         (0, 1, 2)      [16] [NE]
    439     0x0001F300       0xFFFFFF80      0x00100002         (0, 1, 14)      [14] [NE]
    440     0x00059A00       0xFFFFFF00      0x00000001         (0, 5, 3)      [] [E]
    441     0x0001C280       0xFFFFFF80      0x00010002         (0, 1, 8)      [10] [NE]
    442     0x00022E80       0xFFFFFF80      0x00000F82         (0, 2, 5)      [1, 2, 3, 4, 5] [NE]
    443     0x00014E00       0xFFFFFF80      0x00040000         (0, 1, 9)      [12] []
    444     0x00024980       0xFFFFFF80      0x00008000         (0, 2, 9)      [9] []
    445     0x00060F00       0xFFFFFF00      0x00000010         (0, 6, 1)      [] [SW]
    446     0x0001B380       0xFFFFFF80      0x0000010E         (0, 1, 6)      [2] [NE, N, W]
    447     0x00018380       0xFFFFFF80      0x00080000         (0, 1, 0)      [13] []
    448     0x0001E600       0xFFFFFF80      0x00200002         (0, 1, 12)      [15] [NE]
    449     0x0001D780       0xFFFFFF80      0x00FFF03F         (0, 1, 10)      [6, 7, 8, 9, 10, 11, 12, 13, 14, 15, 16, 17] [E, NE, N, W, SW, S]
    450     0x00019C00       0xFFFFFF80      0x00200008         (0, 1, 3)      [15] [W]
    451     0x00018600       0xFFFFFF80      0x00000080         (0, 1, 0)      [1] []
    452     0x0000E680       0xFFFFFF80      0x00100000         (0, 0, 12)      [14] []
    453     0x0000F680       0xFFFFFF80      0x00400008         (0, 0, 14)      [16] [W]
    454     0x0001CC80       0xFFFFFF80      0x000C0F90         (0, 1, 9)      [1, 2, 3, 4, 5, 12, 13] [SW]
    455     0x00014B00       0xFFFFFF80      0x00001000         (0, 1, 9)      [6] []
    456     0x00013300       0xFFFFFF80      0x00800000         (0, 1, 6)      [17] []
    457     0x0001C900       0xFFFFFF80      0x00001F90         (0, 1, 9)      [1, 2, 3, 4, 5, 6] [SW]
    458     0x0001D880       0xFFFFFF80      0x00FFF183         (0, 1, 11)      [1, 2, 6, 7, 8, 9, 10, 11, 12, 13, 14, 15, 16, 17] [E, NE]
    459     0x0001B580       0xFFFFFF80      0x0000000E         (0, 1, 6)      [] [NE, N, W]
    460     0x00020500       0xFFFFFF80      0x00800030         (0, 2, 0)      [17] [SW, S]
    461     0x0001A700       0xFFFFFF80      0x00200008         (0, 1, 4)      [15] [W]
    462     0x0001E380       0xFFFFFF80      0x00010002         (0, 1, 12)      [10] [NE]
    463     0x0000F580       0xFFFFFF80      0x00100000         (0, 0, 14)      [14] []
    464     0x00013480       0xFFFFFF80      0x00000200         (0, 1, 6)      [3] []
    465     0x0001CD00       0xFFFFFF80      0x00180F90         (0, 1, 9)      [1, 2, 3, 4, 5, 13, 14] [SW]
    466     0x00020000       0xFFFFFF80      0x00800010         (0, 2, 0)      [17] [SW]
    467     0x0000E800       0xFFFFFF80      0x00800000         (0, 0, 13)      [17] []
    468     0x00010100       0xFFFFFF80      0x00002000         (0, 1, 0)      [7] []
    469     0x00013F00       0xFFFFFF80      0x00020000         (0, 1, 7)      [11] []
    470     0x00015F00       0xFFFFFF80      0x00000080         (0, 1, 11)      [1] []
    471     0x0001EC00       0xFFFFFF80      0x00080002         (0, 1, 13)      [13] [NE]
    472     0x00015B00       0xFFFFFF80      0x00010000         (0, 1, 11)      [10] []
    473     0x00018700       0xFFFFFF80      0x00000200         (0, 1, 0)      [3] []
    474     0x0005F300       0xFFFFFF00      0x00000400         (0, 5, 14)      [4] []
    475     0x00020400       0xFFFFFF80      0x00200030         (0, 2, 0)      [15] [SW, S]
    476     0x00008080       0xFFFFFF80      0x00000008         (0, 0, 0)      [] [W]
    477     0x00008880       0xFFFFFF80      0x00001000         (0, 0, 1)      [6] []
    478     0x00017780       0xFFFFFF80      0x00100020         (0, 1, 14)      [14] [S]
    479     0x0001A280       0xFFFFFF80      0x00001000         (0, 1, 4)      [6] []
    480     0x0001E180       0xFFFFFF80      0x00000402         (0, 1, 12)      [4] [NE]
    481     0x00019780       0xFFFFFF80      0x00001000         (0, 1, 2)      [6] []
    482     0x00007F00       0xFFFFFF80      0x00000008         (0, 0, 15)      [] [W]
    483     0x00014C00       0xFFFFFF80      0x00004000         (0, 1, 9)      [8] []
    484     0x0000E600       0xFFFFFF80      0x00080000         (0, 0, 12)      [13] []
    485     0x00018D00       0xFFFFFF80      0x00004000         (0, 1, 1)      [8] []
    486     0x0001AE00       0xFFFFFF80      0x00004006         (0, 1, 5)      [8] [NE, N]
    487     0x0001FD00       0xFFFFFF80      0x00000810         (0, 1, 15)      [5] [SW]
    488     0x0001BC80       0xFFFFFF80      0x0080000E         (0, 1, 7)      [17] [NE, N, W]
    489     0x0000AA00       0xFFFFFF80      0x00080000         (0, 0, 5)      [13] []
    490     0x00019A80       0xFFFFFF80      0x00040000         (0, 1, 3)      [12] []
    491     0x0001AB00       0xFFFFFF80      0x00000008         (0, 1, 5)      [] [W]
    492     0x0001CE80       0xFFFFFF80      0x00C00F98         (0, 1, 9)      [1, 2, 3, 4, 5, 16, 17] [W, SW]
    493     0x0001CC00       0xFFFFFF80      0x00060F90         (0, 1, 9)      [1, 2, 3, 4, 5, 11, 12] [SW]
    494     0x00011280       0xFFFFFF80      0x00040002         (0, 1, 2)      [12] [NE]
    495     0x0001A900       0xFFFFFF80      0x00000108         (0, 1, 5)      [2] [W]
    496     0x00025000       0xFFFFFF80      0x00000830         (0, 2, 10)      [5] [SW, S]
    497     0x0001FF00       0xFFFFFF80      0x00200010         (0, 1, 15)      [15] [SW]
    498     0x00007A00       0xFFFFFF80      0x00002000         (0, 0, 15)      [7] []
    499     0x00021E00       0xFFFFFF80      0x00000803         (0, 2, 3)      [5] [E, NE]
    500     0x00020E00       0xFFFFFF80      0x000000A1         (0, 2, 1)      [1] [E, S]
    501     0x0000D400       0xFFFFFF80      0x00002000         (0, 0, 10)      [7] []
    502     0x0001B900       0xFFFFFF80      0x00010006         (0, 1, 7)      [10] [NE, N]
    503     0x0001C800       0xFFFFFF80      0x00000C18         (0, 1, 9)      [4, 5] [W, SW]
    504     0x00008100       0xFFFFFF80      0x00000008         (0, 0, 0)      [] [W]
    505     0x00014480       0xFFFFFF80      0x00000800         (0, 1, 8)      [5] []
    506     0x0001DE00       0xFFFFFF80      0x00180003         (0, 1, 11)      [13, 14] [E, NE]
    507     0x00017A00       0xFFFFFF80      0x00000120         (0, 1, 15)      [2] [S]
    508     0x00020680       0xFFFFFF80      0x00000230         (0, 2, 0)      [3] [SW, S]
    509     0x00013C80       0xFFFFFF80      0x00001000         (0, 1, 7)      [6] []
    510     0x00016080       0xFFFFFF80      0x00000400         (0, 1, 12)      [4] []
    511     0x00015C00       0xFFFFFF80      0x00040000         (0, 1, 11)      [12] []
    512     0x0001D700       0xFFFFFF80      0x00FFF03F         (0, 1, 10)      [6, 7, 8, 9, 10, 11, 12, 13, 14, 15, 16, 17] [E, NE, N, W, SW, S]
    513     0x0001E000       0xFFFFFF80      0x00800082         (0, 1, 12)      [1, 17] [NE]
    514     0x0005AB00       0xFFFFFF00      0x00000001         (0, 5, 5)      [] [E]
    515     0x00016E00       0xFFFFFF80      0x00000420         (0, 1, 13)      [4] [S]
    516     0x0001BE00       0xFFFFFF80      0x0000020E         (0, 1, 7)      [3] [NE, N, W]
    517     0x0005F200       0xFFFFFF00      0x00000200         (0, 5, 14)      [3] []
    518     0x00018C00       0xFFFFFF80      0x00001000         (0, 1, 1)      [6] []
    519     0x00005B80       0xFFFFFF80      0x00001000         (0, 0, 11)      [6] []
    520     0x0001C600       0xFFFFFF80      0x0080008E         (0, 1, 8)      [17, 1] [NE, N, W]
    521     0x00016100       0xFFFFFF80      0x00000800         (0, 1, 12)      [5] []
    522     0x00007B80       0xFFFFFF80      0x00010000         (0, 0, 15)      [10] []
    523     0x0001D080       0xFFFFFF80      0x00000FBF         (0, 1, 10)      [1, 2, 3, 4, 5] [E, NE, N, W, SW, S]
    524     0x0000B880       0xFFFFFF80      0x00040000         (0, 0, 7)      [12] []
    525     0x0001E280       0xFFFFFF80      0x00004002         (0, 1, 12)      [8] [NE]
    526     0x0001F980       0xFFFFFF80      0x00200010         (0, 1, 15)      [15] [SW]
    527     0x0000E380       0xFFFFFF80      0x00004000         (0, 0, 12)      [8] []
    528     0x00006C00       0xFFFFFF80      0x00008000         (0, 0, 13)      [9] []
    529     0x0000A900       0xFFFFFF80      0x00020000         (0, 0, 5)      [11] []
    530     0x00012000       0xFFFFFF80      0x00008020         (0, 1, 4)      [9] [S]
    531     0x0001F080       0xFFFFFF80      0x00000802         (0, 1, 14)      [5] [NE]
    532     0x0001A380       0xFFFFFF80      0x00004000         (0, 1, 4)      [8] []
    533     0x0001C380       0xFFFFFF80      0x00040006         (0, 1, 8)      [12] [NE, N]
    534     0x00013180       0xFFFFFF80      0x00100000         (0, 1, 6)      [14] []
    535     0x0001F700       0xFFFFFF80      0x00000802         (0, 1, 14)      [5] [NE]
    536     0x00017800       0xFFFFFF80      0x00200020         (0, 1, 15)      [15] [S]
    537     0x00011180       0xFFFFFF80      0x00010002         (0, 1, 2)      [10] [NE]
    538     0x00024800       0xFFFFFF80      0x00001000         (0, 2, 9)      [6] []
    539     0x00024E80       0xFFFFFF80      0x00000130         (0, 2, 9)      [2] [SW, S]
    540     0x00019F80       0xFFFFFF80      0x00000808         (0, 1, 3)      [5] [W]
    541     0x0001BD00       0xFFFFFF80      0x0000008E         (0, 1, 7)      [1] [NE, N, W]
    542     0x00021480       0xFFFFFF80      0x00000081         (0, 2, 2)      [1] [E]
    543     0x00021680       0xFFFFFF80      0x00000801         (0, 2, 2)      [5] [E]
    544     0x0000C900       0xFFFFFF80      0x00200018         (0, 0, 9)      [15] [W, SW]
    545     0x00017B00       0xFFFFFF80      0x00000400         (0, 1, 15)      [4] []
    546     0x00017480       0xFFFFFF80      0x00004020         (0, 1, 14)      [8] [S]
    547     0x0001F800       0xFFFFFF80      0x00040002         (0, 1, 15)      [12] [NE]
    548     0x0001AF80       0xFFFFFF80      0x00020006         (0, 1, 5)      [11] [NE, N]
    549     0x00020C00       0xFFFFFF80      0x00000821         (0, 2, 1)      [5] [E, S]
    550     0x00013000       0xFFFFFF80      0x00020000         (0, 1, 6)      [11] []
    551     0x00018400       0xFFFFFF80      0x00100000         (0, 1, 0)      [14] []
    552     0x0001E880       0xFFFFFF80      0x00000202         (0, 1, 13)      [3] [NE]
    553     0x00019D80       0xFFFFFF80      0x00000088         (0, 1, 3)      [1] [W]
    554     0x00015D00       0xFFFFFF80      0x00100000         (0, 1, 11)      [14] []
    555     0x00016680       0xFFFFFF80      0x00001000         (0, 1, 12)      [6] []
    556     0x0001A680       0xFFFFFF80      0x00100000         (0, 1, 4)      [14] []
    557     0x00014080       0xFFFFFF80      0x00100000         (0, 1, 8)      [14] []
    558     0x0001A580       0xFFFFFF80      0x00040000         (0, 1, 4)      [12] []
    559     0x00024F80       0xFFFFFF80      0x00000430         (0, 2, 9)      [4] [SW, S]
    560     0x00012E00       0xFFFFFF80      0x00002000         (0, 1, 5)      [7] []
    561     0x0005A900       0xFFFFFF00      0x00000001         (0, 5, 5)      [] [E]
    562     0x00018200       0xFFFFFF80      0x00010000         (0, 1, 0)      [10] []
    563     0x00024D00       0xFFFFFF80      0x00400000         (0, 2, 9)      [16] []
    564     0x0005FB00       0xFFFFFF00      0x00040000         (0, 5, 15)      [12] []
    565     0x0001B400       0xFFFFFF80      0x0000020E         (0, 1, 6)      [3] [NE, N, W]
    566     0x0005E300       0xFFFFFF00      0x00000002         (0, 5, 12)      [] [NE]
    567     0x0000D680       0xFFFFFF80      0x00040000         (0, 0, 10)      [12] []
    568     0x00021100       0xFFFFFF80      0x00800021         (0, 2, 2)      [17] [E, S]
    569     0x0001E200       0xFFFFFF80      0x00000802         (0, 1, 12)      [5] [NE]
    570     0x0001AD80       0xFFFFFF80      0x00002006         (0, 1, 5)      [7] [NE, N]
    571     0x00014F00       0xFFFFFF80      0x00100000         (0, 1, 9)      [14] []
    572     0x0001A780       0xFFFFFF80      0x00400008         (0, 1, 4)      [16] [W]
    573     0x0001D480       0xFFFFFF80      0x00FFF037         (0, 1, 10)      [6, 7, 8, 9, 10, 11, 12, 13, 14, 15, 16, 17] [E, NE, N, SW, S]
    574     0x0001E780       0xFFFFFF80      0x00000082         (0, 1, 12)      [1] [NE]
    575     0x0001C000       0xFFFFFF80      0x00000002         (0, 1, 8)      [] [NE]
    576     0x00059400       0xFFFFFF00      0x00000001         (0, 5, 2)      [] [E]
    577     0x0001DB00       0xFFFFFF80      0x00006002         (0, 1, 11)      [8, 7] [NE]
    578     0x00003D80       0xFFFFFF80      0x00001000         (0, 0, 7)      [6] []
    579     0x00008480       0xFFFFFF80      0x00000008         (0, 0, 0)      [] [W]
    580     0x00021D80       0xFFFFFF80      0x00000803         (0, 2, 3)      [5] [E, NE]
    581     0x00016B80       0xFFFFFF80      0x00400020         (0, 1, 13)      [16] [S]
    582     0x0001DC80       0xFFFFFF80      0x00030003         (0, 1, 11)      [10, 11] [E, NE]
    583     0x0001AA80       0xFFFFFF80      0x00000808         (0, 1, 5)      [5] [W]
    584     0x0000C700       0xFFFFFF80      0x00020010         (0, 0, 8)      [11] [SW]
    585     0x00015A00       0xFFFFFF80      0x00004000         (0, 1, 11)      [8] []
    586     0x0001CD80       0xFFFFFF80      0x00300F90         (0, 1, 9)      [1, 2, 3, 4, 5, 14, 15] [SW]
    587     0x0000F780       0xFFFFFF80      0x00000088         (0, 0, 14)      [1] [W]
    588     0x0005A200       0xFFFFFF00      0x00000001         (0, 5, 4)      [] [E]
    589     0x00017380       0xFFFFFF80      0x00001000         (0, 1, 14)      [6] []
    590     0x00008400       0xFFFFFF80      0x00000008         (0, 0, 0)      [] [W]
    591     0x0001CF80       0xFFFFFF80      0x00000FBF         (0, 1, 9)      [1, 2, 3, 4, 5] [E, NE, N, W, SW, S]
    592     0x0001D400       0xFFFFFF80      0x00FFF037         (0, 1, 10)      [6, 7, 8, 9, 10, 11, 12, 13, 14, 15, 16, 17] [E, NE, N, SW, S]
    593     0x00018E00       0xFFFFFF80      0x00010000         (0, 1, 1)      [10] []
    594     0x00018080       0xFFFFFF80      0x00002000         (0, 1, 0)      [7] []
    595     0x00010F80       0xFFFFFF80      0x00001002         (0, 1, 1)      [6] [NE]
    596     0x00017200       0xFFFFFF80      0x00000020         (0, 1, 14)      [] [S]
    597     0x0001C400       0xFFFFFF80      0x00080006         (0, 1, 8)      [13] [NE, N]
    598     0x00015E00       0xFFFFFF80      0x00400000         (0, 1, 11)      [16] []
    599     0x00020300       0xFFFFFF80      0x00080030         (0, 2, 0)      [13] [SW, S]
    600     0x0001CA00       0xFFFFFF80      0x00006F90         (0, 1, 9)      [1, 2, 3, 4, 5, 7, 8] [SW]
    601     0x00059600       0xFFFFFF00      0x00000001         (0, 5, 2)      [] [E]
    602     0x00020A80       0xFFFFFF80      0x00000121         (0, 2, 1)      [2] [E, S]
    603     0x00021C00       0xFFFFFF80      0x00000403         (0, 2, 3)      [4] [E, NE]
    604     0x00015100       0xFFFFFF80      0x00000098         (0, 1, 10)      [1] [W, SW]
    605     0x0005F400       0xFFFFFF00      0x00000800         (0, 5, 14)      [5] []
    606     0x0001DF00       0xFFFFFF80      0x00600003         (0, 1, 11)      [16, 15] [E, NE]
    607     0x00018780       0xFFFFFF80      0x00000400         (0, 1, 0)      [4] []
    608     0x00019A00       0xFFFFFF80      0x00020000         (0, 1, 3)      [11] []
    609     0x00018300       0xFFFFFF80      0x00040000         (0, 1, 0)      [12] []
    610     0x00017700       0xFFFFFF80      0x00080020         (0, 1, 14)      [13] [S]
    611     0x0000B980       0xFFFFFF80      0x00100000         (0, 0, 7)      [14] []
    612     0x00022000       0xFFFFFF80      0x00000003         (0, 2, 4)      [] [E, NE]
    613     0x00060A00       0xFFFFFF00      0x00000010         (0, 6, 1)      [] [SW]
    614     0x00013100       0xFFFFFF80      0x00080000         (0, 1, 6)      [13] []
    615     0x00022F00       0xFFFFFF80      0x00FFF000         (0, 2, 5)      [6, 7, 8, 9, 10, 11, 12, 13, 14, 15, 16, 17] []
    616     0x00024D80       0xFFFFFF80      0x00800000         (0, 2, 9)      [17] []
    617     0x0001F480       0xFFFFFF80      0x00800002         (0, 1, 14)      [17] [NE]
    618     0x00017600       0xFFFFFF80      0x00020020         (0, 1, 14)      [11] [S]
    619     0x00059900       0xFFFFFF00      0x00000001         (0, 5, 3)      [] [E]
    620     0x00013580       0xFFFFFF80      0x00000800         (0, 1, 6)      [5] []
    621     0x00008280       0xFFFFFF80      0x00000008         (0, 0, 0)      [] [W]
    622     0x0001EF00       0xFFFFFF80      0x00000102         (0, 1, 13)      [2] [NE]
    623     0x00013400       0xFFFFFF80      0x00000100         (0, 1, 6)      [2] []
    624     0x00013E80       0xFFFFFF80      0x00010000         (0, 1, 7)      [10] []
    625     0x00059F00       0xFFFFFF00      0x00000001         (0, 5, 3)      [] [E]
    626     0x00059800       0xFFFFFF00      0x00000001         (0, 5, 3)      [] [E]
    627     0x0001D680       0xFFFFFF80      0x00FFF03F         (0, 1, 10)      [6, 7, 8, 9, 10, 11, 12, 13, 14, 15, 16, 17] [E, NE, N, W, SW, S]
    628     0x0005AA00       0xFFFFFF00      0x00000001         (0, 5, 5)      [] [E]
    629     0x00009A00       0xFFFFFF80      0x00020000         (0, 0, 3)      [11] []
    630     0x00014380       0xFFFFFF80      0x00000200         (0, 1, 8)      [3] []
    631     0x00059C00       0xFFFFFF00      0x00000001         (0, 5, 3)      [] [E]
    632     0x00012600       0xFFFFFF80      0x00000400         (0, 1, 4)      [4] []
    633     0x00018F00       0xFFFFFF80      0x00040000         (0, 1, 1)      [12] []
    634     0x0001FE80       0xFFFFFF80      0x00100010         (0, 1, 15)      [14] [SW]
    635     0x00008380       0xFFFFFF80      0x00000008         (0, 0, 0)      [] [W]
    636     0x00011300       0xFFFFFF80      0x00080002         (0, 1, 2)      [13] [NE]
    637     0x00019B80       0xFFFFFF80      0x00100000         (0, 1, 3)      [14] []
    638     0x0005DF00       0xFFFFFF00      0x00000002         (0, 5, 11)      [] [NE]
    639     0x0001F380       0xFFFFFF80      0x00200002         (0, 1, 14)      [15] [NE]
    640     0x00019000       0xFFFFFF80      0x00100000         (0, 1, 2)      [14] []
