router contains 123 entries 
 
  Index   Key(hex)    Mask(hex)    Route(hex)    Src. Core -> [Cores][Links]
------------------------------------------------------------------------------
    0     0x00024900       0xFFFFFF80      0x00000008         (0, 2, 9)      [] [W]
    1     0x0000D580       0xFFFFFF80      0x00000008         (0, 0, 10)      [] [W]
    2     0x00004C00       0xFFFFFF80      0x00000008         (0, 0, 9)      [] [W]
    3     0x00039900       0xFFFFFF00      0x00000004         (0, 3, 3)      [] [N]
    4     0x0000D500       0xFFFFFF80      0x00000008         (0, 0, 10)      [] [W]
    5     0x0002B200       0xFFFFFF00      0x00000004         (0, 2, 6)      [] [N]
    6     0x00008A80       0xFFFFFF80      0x00000008         (0, 0, 1)      [] [W]
    7     0x00030E00       0xFFFFFF00      0x00000004         (0, 3, 1)      [] [N]
    8     0x00023900       0xFFFFFF80      0x00008000         (0, 2, 7)      [9] []
    9     0x0000D480       0xFFFFFF80      0x00000008         (0, 0, 10)      [] [W]
    10     0x00023D00       0xFFFFFF80      0x00000008         (0, 2, 7)      [] [W]
    11     0x0002B300       0xFFFFFF00      0x00000004         (0, 2, 6)      [] [N]
    12     0x00035E00       0xFFFFFF00      0x00000002         (0, 3, 11)      [] [NE]
    13     0x00031800       0xFFFFFF00      0x00000004         (0, 3, 3)      [] [N]
    14     0x00024280       0xFFFFFF80      0x00000008         (0, 2, 8)      [] [W]
    15     0x0000D880       0xFFFFFF80      0x00000008         (0, 0, 11)      [] [W]
    16     0x00024700       0xFFFFFF80      0x00002008         (0, 2, 8)      [7] [W]
    17     0x00030F00       0xFFFFFF00      0x00000004         (0, 3, 1)      [] [N]
    18     0x00023B80       0xFFFFFF80      0x00100000         (0, 2, 7)      [14] []
    19     0x00024180       0xFFFFFF80      0x00000008         (0, 2, 8)      [] [W]
    20     0x00023F00       0xFFFFFF80      0x00000008         (0, 2, 7)      [] [W]
    21     0x00023B00       0xFFFFFF80      0x00080000         (0, 2, 7)      [13] []
    22     0x00024580       0xFFFFFF80      0x00000408         (0, 2, 8)      [4] [W]
    23     0x0000D600       0xFFFFFF80      0x00000008         (0, 0, 10)      [] [W]
    24     0x0000D380       0xFFFFFF80      0x00000008         (0, 0, 10)      [] [W]
    25     0x00024C80       0xFFFFFF80      0x00000008         (0, 2, 9)      [] [W]
    26     0x00024880       0xFFFFFF80      0x00000008         (0, 2, 9)      [] [W]
    27     0x0002B500       0xFFFFFF00      0x00000004         (0, 2, 6)      [] [N]
    28     0x00023E00       0xFFFFFF80      0x00000008         (0, 2, 7)      [] [W]
    29     0x00039200       0xFFFFFF00      0x00000004         (0, 3, 2)      [] [N]
    30     0x00024300       0xFFFFFF80      0x00000008         (0, 2, 8)      [] [W]
    31     0x00024080       0xFFFFFF80      0x00000008         (0, 2, 8)      [] [W]
    32     0x00035D00       0xFFFFFF00      0x00000002         (0, 3, 11)      [] [NE]
    33     0x0000D300       0xFFFFFF80      0x00000008         (0, 0, 10)      [] [W]
    34     0x00039A00       0xFFFFFF00      0x00000004         (0, 3, 3)      [] [N]
    35     0x00023C80       0xFFFFFF80      0x00400000         (0, 2, 7)      [16] []
    36     0x00031100       0xFFFFFF00      0x00000004         (0, 3, 2)      [] [N]
    37     0x00023980       0xFFFFFF80      0x00010000         (0, 2, 7)      [10] []
    38     0x00021F80       0xFFFFFF80      0x00007F80         (0, 2, 3)      [1, 2, 3, 4, 5, 6, 7, 8] []
    39     0x00023A80       0xFFFFFF80      0x00040000         (0, 2, 7)      [12] []
    40     0x00039E00       0xFFFFFF00      0x00000004         (0, 3, 3)      [] [N]
    41     0x00031200       0xFFFFFF00      0x00000004         (0, 3, 2)      [] [N]
    42     0x00031500       0xFFFFFF00      0x00000004         (0, 3, 2)      [] [N]
    43     0x0003A000       0xFFFFFF00      0x00000004         (0, 3, 4)      [] [N]
    44     0x00031A00       0xFFFFFF00      0x00000004         (0, 3, 3)      [] [N]
    45     0x00024C00       0xFFFFFF80      0x00000008         (0, 2, 9)      [] [W]
    46     0x00039500       0xFFFFFF00      0x00000004         (0, 3, 2)      [] [N]
    47     0x00008980       0xFFFFFF80      0x00000008         (0, 0, 1)      [] [W]
    48     0x00008B00       0xFFFFFF80      0x00000008         (0, 0, 1)      [] [W]
    49     0x00036F00       0xFFFFFF00      0x00000002         (0, 3, 13)      [] [NE]
    50     0x0002AF00       0xFFFFFF00      0x00000004         (0, 2, 5)      [] [N]
    51     0x00031300       0xFFFFFF00      0x00000004         (0, 3, 2)      [] [N]
    52     0x00024800       0xFFFFFF80      0x00000008         (0, 2, 9)      [] [W]
    53     0x00039C00       0xFFFFFF00      0x00000004         (0, 3, 3)      [] [N]
    54     0x0002A800       0xFFFFFF00      0x00000004         (0, 2, 5)      [] [N]
    55     0x00008780       0xFFFFFF80      0x00000008         (0, 0, 0)      [] [W]
    56     0x00039600       0xFFFFFF00      0x00000004         (0, 3, 2)      [] [N]
    57     0x00031400       0xFFFFFF00      0x00000004         (0, 3, 2)      [] [N]
    58     0x00011580       0xFFFFFF80      0x00000008         (0, 1, 2)      [] [W]
    59     0x0000D800       0xFFFFFF80      0x00000008         (0, 0, 11)      [] [W]
    60     0x00009680       0xFFFFFF80      0x00000008         (0, 0, 2)      [] [W]
    61     0x00024D00       0xFFFFFF80      0x00000008         (0, 2, 9)      [] [W]
    62     0x00039D00       0xFFFFFF00      0x00000004         (0, 3, 3)      [] [N]
    63     0x00031900       0xFFFFFF00      0x00000004         (0, 3, 3)      [] [N]
    64     0x00008900       0xFFFFFF80      0x00000008         (0, 0, 1)      [] [W]
    65     0x00036E00       0xFFFFFF00      0x00000002         (0, 3, 13)      [] [NE]
    66     0x00023F80       0xFFFFFF80      0x00000008         (0, 2, 7)      [] [W]
    67     0x00023D80       0xFFFFFF80      0x00000008         (0, 2, 7)      [] [W]
    68     0x00030C00       0xFFFFFF00      0x00000004         (0, 3, 1)      [] [N]
    69     0x0000D680       0xFFFFFF80      0x00000008         (0, 0, 10)      [] [W]
    70     0x00039400       0xFFFFFF00      0x00000004         (0, 3, 2)      [] [N]
    71     0x0002A700       0xFFFFFF00      0x00000004         (0, 2, 4)      [] [N]
    72     0x0000D700       0xFFFFFF80      0x00000008         (0, 0, 10)      [] [W]
    73     0x00039300       0xFFFFFF00      0x00000004         (0, 3, 2)      [] [N]
    74     0x0000D780       0xFFFFFF80      0x00000008         (0, 0, 10)      [] [W]
    75     0x00024400       0xFFFFFF80      0x00000088         (0, 2, 8)      [1] [W]
    76     0x00024D80       0xFFFFFF80      0x00000008         (0, 2, 9)      [] [W]
    77     0x00024200       0xFFFFFF80      0x00000008         (0, 2, 8)      [] [W]
    78     0x00024A80       0xFFFFFF80      0x00000008         (0, 2, 9)      [] [W]
    79     0x0000D400       0xFFFFFF80      0x00000008         (0, 0, 10)      [] [W]
    80     0x00008A00       0xFFFFFF80      0x00000008         (0, 0, 1)      [] [W]
    81     0x0002A900       0xFFFFFF00      0x00000004         (0, 2, 5)      [] [N]
    82     0x00031600       0xFFFFFF00      0x00000004         (0, 3, 2)      [] [N]
    83     0x00039F00       0xFFFFFF00      0x00000004         (0, 3, 3)      [] [N]
    84     0x0002B000       0xFFFFFF00      0x00000004         (0, 2, 6)      [] [N]
    85     0x00023C00       0xFFFFFF80      0x00200000         (0, 2, 7)      [15] []
    86     0x00008800       0xFFFFFF80      0x00000008         (0, 0, 1)      [] [W]
    87     0x0002AA00       0xFFFFFF00      0x00000004         (0, 2, 5)      [] [N]
    88     0x00024780       0xFFFFFF80      0x00004008         (0, 2, 8)      [8] [W]
    89     0x00039800       0xFFFFFF00      0x00000004         (0, 3, 3)      [] [N]
    90     0x00024A00       0xFFFFFF80      0x00000008         (0, 2, 9)      [] [W]
    91     0x00024380       0xFFFFFF80      0x00000008         (0, 2, 8)      [] [W]
    92     0x0002AB00       0xFFFFFF00      0x00000004         (0, 2, 5)      [] [N]
    93     0x00031700       0xFFFFFF00      0x00000004         (0, 3, 2)      [] [N]
    94     0x00008880       0xFFFFFF80      0x00000008         (0, 0, 1)      [] [W]
    95     0x00024480       0xFFFFFF80      0x00000108         (0, 2, 8)      [2] [W]
    96     0x0002AC00       0xFFFFFF00      0x00000004         (0, 2, 5)      [] [N]
    97     0x00024680       0xFFFFFF80      0x00001008         (0, 2, 8)      [6] [W]
    98     0x00030A00       0xFFFFFF00      0x00000004         (0, 3, 1)      [] [N]
    99     0x0002AD00       0xFFFFFF00      0x00000004         (0, 2, 5)      [] [N]
    100     0x0000D280       0xFFFFFF80      0x00000008         (0, 0, 10)      [] [W]
    101     0x00024000       0xFFFFFF80      0x00000008         (0, 2, 8)      [] [W]
    102     0x0002B400       0xFFFFFF00      0x00000004         (0, 2, 6)      [] [N]
    103     0x0002AE00       0xFFFFFF00      0x00000004         (0, 2, 5)      [] [N]
    104     0x00039B00       0xFFFFFF00      0x00000004         (0, 3, 3)      [] [N]
    105     0x00024980       0xFFFFFF80      0x00000008         (0, 2, 9)      [] [W]
    106     0x00030B00       0xFFFFFF00      0x00000004         (0, 3, 1)      [] [N]
    107     0x00030D00       0xFFFFFF00      0x00000004         (0, 3, 1)      [] [N]
    108     0x00023A00       0xFFFFFF80      0x00020000         (0, 2, 7)      [11] []
    109     0x00011500       0xFFFFFF80      0x00000008         (0, 1, 2)      [] [W]
    110     0x00024B80       0xFFFFFF80      0x00000008         (0, 2, 9)      [] [W]
    111     0x00024100       0xFFFFFF80      0x00000008         (0, 2, 8)      [] [W]
    112     0x00004D00       0xFFFFFF80      0x00000008         (0, 0, 9)      [] [W]
    113     0x00031000       0xFFFFFF00      0x00000004         (0, 3, 2)      [] [N]
    114     0x00022000       0xFFFFFF80      0x007F8000         (0, 2, 4)      [9, 10, 11, 12, 13, 14, 15, 16] []
    115     0x00023E80       0xFFFFFF80      0x00000008         (0, 2, 7)      [] [W]
    116     0x00039700       0xFFFFFF00      0x00000004         (0, 3, 2)      [] [N]
    117     0x00024500       0xFFFFFF80      0x00000208         (0, 2, 8)      [3] [W]
    118     0x00024600       0xFFFFFF80      0x00000808         (0, 2, 8)      [5] [W]
    119     0x0002A600       0xFFFFFF00      0x00000004         (0, 2, 4)      [] [N]
    120     0x00024B00       0xFFFFFF80      0x00000008         (0, 2, 9)      [] [W]
    121     0x00004C80       0xFFFFFF80      0x00000008         (0, 0, 9)      [] [W]
    122     0x0002B100       0xFFFFFF00      0x00000004         (0, 2, 6)      [] [N]
