router contains 57 entries 
 
  Index   Key(hex)    Mask(hex)    Route(hex)    Src. Core -> [Cores][Links]
------------------------------------------------------------------------------
    0     0x00024200       0xFFFFFF80      0x00000818         (0, 2, 8)      [5] [W, SW]
    1     0x00037800       0xFFFFFF00      0x00000004         (0, 3, 15)      [] [N]
    2     0x00015800       0xFFFFFF80      0x00000004         (0, 1, 11)      [] [N]
    3     0x00024080       0xFFFFFF80      0x00000118         (0, 2, 8)      [2] [W, SW]
    4     0x00024600       0xFFFFFF80      0x00080018         (0, 2, 8)      [13] [W, SW]
    5     0x00024680       0xFFFFFF80      0x00100018         (0, 2, 8)      [14] [W, SW]
    6     0x00037900       0xFFFFFF00      0x00000004         (0, 3, 15)      [] [N]
    7     0x00037B00       0xFFFFFF00      0x00000004         (0, 3, 15)      [] [N]
    8     0x00022300       0xFFFFFF80      0x00FFFF80         (0, 2, 4)      [1, 2, 3, 4, 5, 6, 7, 8, 9, 10, 11, 12, 13, 14, 15, 16, 17] []
    9     0x00023D00       0xFFFFFF80      0x00000018         (0, 2, 7)      [] [W, SW]
    10     0x00024480       0xFFFFFF80      0x00010018         (0, 2, 8)      [10] [W, SW]
    11     0x00024580       0xFFFFFF80      0x00040018         (0, 2, 8)      [12] [W, SW]
    12     0x00037A00       0xFFFFFF00      0x00000004         (0, 3, 15)      [] [N]
    13     0x00037600       0xFFFFFF00      0x00000004         (0, 3, 14)      [] [N]
    14     0x00024300       0xFFFFFF80      0x00002018         (0, 2, 8)      [7] [W, SW]
    15     0x00023F80       0xFFFFFF80      0x00000018         (0, 2, 7)      [] [W, SW]
    16     0x00024B80       0xFFFFFF80      0x00000018         (0, 2, 9)      [] [W, SW]
    17     0x00038000       0xFFFFFF00      0x00000004         (0, 3, 0)      [] [N]
    18     0x00024880       0xFFFFFF80      0x00000018         (0, 2, 9)      [] [W, SW]
    19     0x00023E80       0xFFFFFF80      0x00000018         (0, 2, 7)      [] [W, SW]
    20     0x00023F00       0xFFFFFF80      0x00000018         (0, 2, 7)      [] [W, SW]
    21     0x00037100       0xFFFFFF00      0x00000004         (0, 3, 14)      [] [N]
    22     0x00024000       0xFFFFFF80      0x00000098         (0, 2, 8)      [1] [W, SW]
    23     0x00024D00       0xFFFFFF80      0x00000018         (0, 2, 9)      [] [W, SW]
    24     0x00022100       0xFFFFFF80      0x00000008         (0, 2, 4)      [] [W]
    25     0x00037000       0xFFFFFF00      0x00000004         (0, 3, 14)      [] [N]
    26     0x00024B00       0xFFFFFF80      0x00000018         (0, 2, 9)      [] [W, SW]
    27     0x00037200       0xFFFFFF00      0x00000004         (0, 3, 14)      [] [N]
    28     0x00015700       0xFFFFFF80      0x00000004         (0, 1, 10)      [] [N]
    29     0x00024380       0xFFFFFF80      0x00004018         (0, 2, 8)      [8] [W, SW]
    30     0x00037D00       0xFFFFFF00      0x00000004         (0, 3, 15)      [] [N]
    31     0x00024C80       0xFFFFFF80      0x00000018         (0, 2, 9)      [] [W, SW]
    32     0x00024800       0xFFFFFF80      0x00800018         (0, 2, 9)      [17] [W, SW]
    33     0x00037300       0xFFFFFF00      0x00000004         (0, 3, 14)      [] [N]
    34     0x00024A00       0xFFFFFF80      0x00000018         (0, 2, 9)      [] [W, SW]
    35     0x00024A80       0xFFFFFF80      0x00000018         (0, 2, 9)      [] [W, SW]
    36     0x00037E00       0xFFFFFF00      0x00000004         (0, 3, 15)      [] [N]
    37     0x00024900       0xFFFFFF80      0x00000018         (0, 2, 9)      [] [W, SW]
    38     0x00024500       0xFFFFFF80      0x00020018         (0, 2, 8)      [11] [W, SW]
    39     0x00037400       0xFFFFFF00      0x00000004         (0, 3, 14)      [] [N]
    40     0x00015680       0xFFFFFF80      0x00000004         (0, 1, 10)      [] [N]
    41     0x00037500       0xFFFFFF00      0x00000004         (0, 3, 14)      [] [N]
    42     0x00037C00       0xFFFFFF00      0x00000004         (0, 3, 15)      [] [N]
    43     0x00037F00       0xFFFFFF00      0x00000004         (0, 3, 15)      [] [N]
    44     0x00024180       0xFFFFFF80      0x00000418         (0, 2, 8)      [4] [W, SW]
    45     0x00024700       0xFFFFFF80      0x00200018         (0, 2, 8)      [15] [W, SW]
    46     0x00024100       0xFFFFFF80      0x00000218         (0, 2, 8)      [3] [W, SW]
    47     0x00024D80       0xFFFFFF80      0x00000018         (0, 2, 9)      [] [W, SW]
    48     0x00024400       0xFFFFFF80      0x00008018         (0, 2, 8)      [9] [W, SW]
    49     0x00023E00       0xFFFFFF80      0x00000018         (0, 2, 7)      [] [W, SW]
    50     0x00024C00       0xFFFFFF80      0x00000018         (0, 2, 9)      [] [W, SW]
    51     0x00024780       0xFFFFFF80      0x00400018         (0, 2, 8)      [16] [W, SW]
    52     0x00015780       0xFFFFFF80      0x00000004         (0, 1, 10)      [] [N]
    53     0x00023D80       0xFFFFFF80      0x00000018         (0, 2, 7)      [] [W, SW]
    54     0x00024980       0xFFFFFF80      0x00000018         (0, 2, 9)      [] [W, SW]
    55     0x00024280       0xFFFFFF80      0x00001018         (0, 2, 8)      [6] [W, SW]
    56     0x00037700       0xFFFFFF00      0x00000004         (0, 3, 14)      [] [N]
