router contains 135 entries 
 
  Index   Key(hex)    Mask(hex)    Route(hex)    Src. Core -> [Cores][Links]
------------------------------------------------------------------------------
    0     0x00024800       0xFFFFFF80      0x00000420         (0, 2, 9)      [4] [S]
    1     0x0005C200       0xFFFFFF00      0x00000001         (0, 5, 8)      [] [E]
    2     0x00024080       0xFFFFFF80      0x00000020         (0, 2, 8)      [] [S]
    3     0x0005B500       0xFFFFFF00      0x00000002         (0, 5, 6)      [] [NE]
    4     0x00024180       0xFFFFFF80      0x00000020         (0, 2, 8)      [] [S]
    5     0x0005C000       0xFFFFFF00      0x00000001         (0, 5, 8)      [] [E]
    6     0x00018780       0xFFFFFF80      0x00000002         (0, 1, 0)      [] [NE]
    7     0x00015080       0xFFFFFF80      0x00000002         (0, 1, 10)      [] [NE]
    8     0x0005BD00       0xFFFFFF00      0x00000001         (0, 5, 7)      [] [E]
    9     0x00041700       0xFFFFFF00      0x00000004         (0, 4, 2)      [] [N]
    10     0x00024F00       0xFFFFFF80      0x00000010         (0, 2, 9)      [] [SW]
    11     0x00024B80       0xFFFFFF80      0x00020021         (0, 2, 9)      [11] [E, S]
    12     0x00024900       0xFFFFFF80      0x00001021         (0, 2, 9)      [6] [E, S]
    13     0x00019100       0xFFFFFF80      0x00000002         (0, 1, 2)      [] [NE]
    14     0x00068600       0xFFFFFF00      0x00000002         (0, 6, 0)      [] [NE]
    15     0x00024780       0xFFFFFF80      0x00000220         (0, 2, 8)      [3] [S]
    16     0x00024880       0xFFFFFF80      0x00000820         (0, 2, 9)      [5] [S]
    17     0x00041A00       0xFFFFFF00      0x00000004         (0, 4, 3)      [] [N]
    18     0x00014100       0xFFFFFF80      0x00000002         (0, 1, 8)      [] [NE]
    19     0x00024B00       0xFFFFFF80      0x00010021         (0, 2, 9)      [10] [E, S]
    20     0x00023F80       0xFFFFFF80      0x00000020         (0, 2, 7)      [] [S]
    21     0x00024500       0xFFFFFF80      0x00000020         (0, 2, 8)      [] [S]
    22     0x0005C400       0xFFFFFF00      0x00000001         (0, 5, 8)      [] [E]
    23     0x0005B400       0xFFFFFF00      0x00000002         (0, 5, 6)      [] [NE]
    24     0x00024A80       0xFFFFFF80      0x00008021         (0, 2, 9)      [9] [E, S]
    25     0x00011300       0xFFFFFF80      0x00000002         (0, 1, 2)      [] [NE]
    26     0x00015D80       0xFFFFFF80      0x00000002         (0, 1, 11)      [] [NE]
    27     0x00024F80       0xFFFFFF80      0x00000010         (0, 2, 9)      [] [SW]
    28     0x00021F80       0xFFFFFF80      0x00000008         (0, 2, 3)      [] [W]
    29     0x00041800       0xFFFFFF00      0x00000004         (0, 4, 3)      [] [N]
    30     0x00019300       0xFFFFFF80      0x00000002         (0, 1, 2)      [] [NE]
    31     0x00015D00       0xFFFFFF80      0x00000002         (0, 1, 11)      [] [NE]
    32     0x00041500       0xFFFFFF00      0x00000004         (0, 4, 2)      [] [N]
    33     0x00042200       0xFFFFFF00      0x00000004         (0, 4, 4)      [] [N]
    34     0x00022D00       0xFFFFFF80      0x00000008         (0, 2, 5)      [] [W]
    35     0x00068300       0xFFFFFF00      0x00000002         (0, 6, 0)      [] [NE]
    36     0x00018580       0xFFFFFF80      0x00000002         (0, 1, 0)      [] [NE]
    37     0x00015F00       0xFFFFFF80      0x00000002         (0, 1, 11)      [] [NE]
    38     0x00024400       0xFFFFFF80      0x00000020         (0, 2, 8)      [] [S]
    39     0x00019080       0xFFFFFF80      0x00000002         (0, 1, 2)      [] [NE]
    40     0x00015F80       0xFFFFFF80      0x00000002         (0, 1, 11)      [] [NE]
    41     0x0005C100       0xFFFFFF00      0x00000001         (0, 5, 8)      [] [E]
    42     0x00016080       0xFFFFFF80      0x00000002         (0, 1, 12)      [] [NE]
    43     0x00024E80       0xFFFFFF80      0x00000010         (0, 2, 9)      [] [SW]
    44     0x00022880       0xFFFFFF80      0x00000008         (0, 2, 5)      [] [W]
    45     0x00025000       0xFFFFFF80      0x00000010         (0, 2, 10)      [] [SW]
    46     0x00022580       0xFFFFFF80      0x003FFF80         (0, 2, 4)      [1, 2, 3, 4, 5, 6, 7, 8, 9, 10, 11, 12, 13, 14, 15] []
    47     0x00014380       0xFFFFFF80      0x00000002         (0, 1, 8)      [] [NE]
    48     0x00022080       0xFFFFFF80      0x00000008         (0, 2, 4)      [] [W]
    49     0x00041600       0xFFFFFF00      0x00000004         (0, 4, 2)      [] [N]
    50     0x00018700       0xFFFFFF80      0x00000002         (0, 1, 0)      [] [NE]
    51     0x00068A00       0xFFFFFF00      0x00000001         (0, 6, 1)      [] [E]
    52     0x00016100       0xFFFFFF80      0x00000002         (0, 1, 12)      [] [NE]
    53     0x00041B00       0xFFFFFF00      0x00000004         (0, 4, 3)      [] [N]
    54     0x00024600       0xFFFFFF80      0x00000020         (0, 2, 8)      [] [S]
    55     0x00041C00       0xFFFFFF00      0x00000004         (0, 4, 3)      [] [N]
    56     0x00024280       0xFFFFFF80      0x00000020         (0, 2, 8)      [] [S]
    57     0x00018500       0xFFFFFF80      0x00000002         (0, 1, 0)      [] [NE]
    58     0x0000F700       0xFFFFFF80      0x00000002         (0, 0, 14)      [] [NE]
    59     0x0000F780       0xFFFFFF80      0x00000002         (0, 0, 14)      [] [NE]
    60     0x00024580       0xFFFFFF80      0x00000020         (0, 2, 8)      [] [S]
    61     0x00022C80       0xFFFFFF80      0x00000008         (0, 2, 5)      [] [W]
    62     0x0005BA00       0xFFFFFF00      0x00000002         (0, 5, 7)      [] [NE]
    63     0x00068700       0xFFFFFF00      0x00000001         (0, 6, 0)      [] [E]
    64     0x00015C80       0xFFFFFF80      0x00000002         (0, 1, 11)      [] [NE]
    65     0x0005BE00       0xFFFFFF00      0x00000001         (0, 5, 7)      [] [E]
    66     0x00015300       0xFFFFFF80      0x00000002         (0, 1, 10)      [] [NE]
    67     0x00068100       0xFFFFFF00      0x00000002         (0, 6, 0)      [] [NE]
    68     0x00019280       0xFFFFFF80      0x00000002         (0, 1, 2)      [] [NE]
    69     0x00015E80       0xFFFFFF80      0x00000002         (0, 1, 11)      [] [NE]
    70     0x00024100       0xFFFFFF80      0x00000020         (0, 2, 8)      [] [S]
    71     0x00018800       0xFFFFFF80      0x00000002         (0, 1, 1)      [] [NE]
    72     0x0005B900       0xFFFFFF00      0x00000002         (0, 5, 7)      [] [NE]
    73     0x00024980       0xFFFFFF80      0x00002021         (0, 2, 9)      [7] [E, S]
    74     0x00011480       0xFFFFFF80      0x00000002         (0, 1, 2)      [] [NE]
    75     0x00042000       0xFFFFFF00      0x00000004         (0, 4, 4)      [] [N]
    76     0x00022600       0xFFFFFF80      0x00400000         (0, 2, 4)      [16] []
    77     0x00014300       0xFFFFFF80      0x00000002         (0, 1, 8)      [] [NE]
    78     0x00014400       0xFFFFFF80      0x00000002         (0, 1, 8)      [] [NE]
    79     0x0005B700       0xFFFFFF00      0x00000002         (0, 5, 6)      [] [NE]
    80     0x00023F00       0xFFFFFF80      0x00400000         (0, 2, 7)      [16] []
    81     0x00068900       0xFFFFFF00      0x00000001         (0, 6, 1)      [] [E]
    82     0x00011400       0xFFFFFF80      0x00000002         (0, 1, 2)      [] [NE]
    83     0x00014280       0xFFFFFF80      0x00000002         (0, 1, 8)      [] [NE]
    84     0x00024A00       0xFFFFFF80      0x00004021         (0, 2, 9)      [8] [E, S]
    85     0x00024480       0xFFFFFF80      0x00000020         (0, 2, 8)      [] [S]
    86     0x00024380       0xFFFFFF80      0x00000020         (0, 2, 8)      [] [S]
    87     0x00015E00       0xFFFFFF80      0x00000002         (0, 1, 11)      [] [NE]
    88     0x00015280       0xFFFFFF80      0x00000002         (0, 1, 10)      [] [NE]
    89     0x00068500       0xFFFFFF00      0x00000002         (0, 6, 0)      [] [NE]
    90     0x00024300       0xFFFFFF80      0x00000020         (0, 2, 8)      [] [S]
    91     0x00019200       0xFFFFFF80      0x00000002         (0, 1, 2)      [] [NE]
    92     0x00022100       0xFFFFFF80      0x00000008         (0, 2, 4)      [] [W]
    93     0x0005BB00       0xFFFFFF00      0x00000002         (0, 5, 7)      [] [NE]
    94     0x00042100       0xFFFFFF00      0x00000004         (0, 4, 4)      [] [N]
    95     0x00068B00       0xFFFFFF00      0x00000001         (0, 6, 1)      [] [E]
    96     0x00041D00       0xFFFFFF00      0x00000004         (0, 4, 3)      [] [N]
    97     0x00018680       0xFFFFFF80      0x00000002         (0, 1, 0)      [] [NE]
    98     0x00024E00       0xFFFFFF80      0x00000010         (0, 2, 9)      [] [SW]
    99     0x00041F00       0xFFFFFF00      0x00000004         (0, 4, 3)      [] [N]
    100     0x00016000       0xFFFFFF80      0x00000002         (0, 1, 12)      [] [NE]
    101     0x00041E00       0xFFFFFF00      0x00000004         (0, 4, 3)      [] [N]
    102     0x00014200       0xFFFFFF80      0x00000002         (0, 1, 8)      [] [NE]
    103     0x0005B600       0xFFFFFF00      0x00000002         (0, 5, 6)      [] [NE]
    104     0x00014480       0xFFFFFF80      0x00000002         (0, 1, 8)      [] [NE]
    105     0x00024D00       0xFFFFFF80      0x00100021         (0, 2, 9)      [14] [E, S]
    106     0x00024700       0xFFFFFF80      0x00000120         (0, 2, 8)      [2] [S]
    107     0x00041900       0xFFFFFF00      0x00000004         (0, 4, 3)      [] [N]
    108     0x00041300       0xFFFFFF00      0x00000004         (0, 4, 2)      [] [N]
    109     0x00015200       0xFFFFFF80      0x00000002         (0, 1, 10)      [] [NE]
    110     0x00068800       0xFFFFFF00      0x00000001         (0, 6, 1)      [] [E]
    111     0x00015100       0xFFFFFF80      0x00000002         (0, 1, 10)      [] [NE]
    112     0x00024D80       0xFFFFFF80      0x00200021         (0, 2, 9)      [15] [E, S]
    113     0x00068C00       0xFFFFFF00      0x00000001         (0, 6, 1)      [] [E]
    114     0x00018600       0xFFFFFF80      0x00000002         (0, 1, 0)      [] [NE]
    115     0x0005B800       0xFFFFFF00      0x00000002         (0, 5, 7)      [] [NE]
    116     0x0005C300       0xFFFFFF00      0x00000001         (0, 5, 8)      [] [E]
    117     0x00019380       0xFFFFFF80      0x00000002         (0, 1, 2)      [] [NE]
    118     0x00019180       0xFFFFFF80      0x00000002         (0, 1, 2)      [] [NE]
    119     0x00018480       0xFFFFFF80      0x00000002         (0, 1, 0)      [] [NE]
    120     0x0005BF00       0xFFFFFF00      0x00000001         (0, 5, 7)      [] [E]
    121     0x00041400       0xFFFFFF00      0x00000004         (0, 4, 2)      [] [N]
    122     0x00024C00       0xFFFFFF80      0x00040021         (0, 2, 9)      [12] [E, S]
    123     0x00068000       0xFFFFFF00      0x00000002         (0, 6, 0)      [] [NE]
    124     0x00024200       0xFFFFFF80      0x00000020         (0, 2, 8)      [] [S]
    125     0x0005BC00       0xFFFFFF00      0x00000002         (0, 5, 7)      [] [NE]
    126     0x00014180       0xFFFFFF80      0x00000002         (0, 1, 8)      [] [NE]
    127     0x00068400       0xFFFFFF00      0x00000002         (0, 6, 0)      [] [NE]
    128     0x00015180       0xFFFFFF80      0x00000002         (0, 1, 10)      [] [NE]
    129     0x00024C80       0xFFFFFF80      0x00080021         (0, 2, 9)      [13] [E, S]
    130     0x00011380       0xFFFFFF80      0x00000002         (0, 1, 2)      [] [NE]
    131     0x00024680       0xFFFFFF80      0x000000A0         (0, 2, 8)      [1] [S]
    132     0x00068200       0xFFFFFF00      0x00000002         (0, 6, 0)      [] [NE]
    133     0x00068D00       0xFFFFFF00      0x00000001         (0, 6, 1)      [] [E]
    134     0x00024000       0xFFFFFF80      0x00000020         (0, 2, 8)      [] [S]
