router contains 493 entries 
 
  Index   Key(hex)    Mask(hex)    Route(hex)    Src. Core -> [Cores][Links]
------------------------------------------------------------------------------
    0     0x0000BC00       0xFFFFFF80      0x00200000         (0, 0, 7)      [15] []
    1     0x00009D00       0xFFFFFF80      0x00080000         (0, 0, 3)      [13] []
    2     0x00001180       0xFFFFFF80      0x00000400         (0, 0, 2)      [4] []
    3     0x00009200       0xFFFFFF80      0x00000008         (0, 0, 2)      [] [W]
    4     0x0001A080       0xFFFFFF80      0x00000001         (0, 1, 4)      [] [E]
    5     0x00017500       0xFFFFFF80      0x00000008         (0, 1, 14)      [] [W]
    6     0x00004800       0xFFFFFF80      0x00000380         (0, 0, 9)      [1, 2, 3] []
    7     0x0001A280       0xFFFFFF80      0x00000101         (0, 1, 4)      [2] [E]
    8     0x00017680       0xFFFFFF80      0x00000008         (0, 1, 14)      [] [W]
    9     0x00023A00       0xFFFFFF80      0x00000400         (0, 2, 7)      [4] []
    10     0x0000CD00       0xFFFFFF80      0x00000008         (0, 0, 9)      [] [W]
    11     0x00010F00       0xFFFFFF80      0x00000080         (0, 1, 1)      [1] []
    12     0x0000D500       0xFFFFFF80      0x00000018         (0, 0, 10)      [] [W, SW]
    13     0x00004680       0xFFFFFF80      0x00000380         (0, 0, 8)      [1, 2, 3] []
    14     0x00012180       0xFFFFFF80      0x00000018         (0, 1, 4)      [] [W, SW]
    15     0x0000E200       0xFFFFFF80      0x00000080         (0, 0, 12)      [1] []
    16     0x00002500       0xFFFFFF80      0x00080001         (0, 0, 4)      [13] [E]
    17     0x00006280       0xFFFFFF80      0x00600000         (0, 0, 12)      [16, 15] []
    18     0x00024A00       0xFFFFFF80      0x00000008         (0, 2, 9)      [] [W]
    19     0x0001A300       0xFFFFFF80      0x00000201         (0, 1, 4)      [3] [E]
    20     0x00009D80       0xFFFFFF80      0x00100000         (0, 0, 3)      [14] []
    21     0x00000580       0xFFFFFF80      0x00010001         (0, 0, 0)      [10] [E]
    22     0x00011E00       0xFFFFFF80      0x00000098         (0, 1, 3)      [1] [W, SW]
    23     0x0000A700       0xFFFFFF80      0x00000200         (0, 0, 4)      [3] []
    24     0x0000DA80       0xFFFFFF80      0x00400000         (0, 0, 11)      [16] []
    25     0x00003380       0xFFFFFF80      0x00040000         (0, 0, 6)      [12] []
    26     0x00008600       0xFFFFFF80      0x00000008         (0, 0, 0)      [] [W]
    27     0x00037A00       0xFFFFFF00      0x00000002         (0, 3, 15)      [] [NE]
    28     0x00018C80       0xFFFFFF80      0x00000200         (0, 1, 1)      [3] []
    29     0x0000D880       0xFFFFFF80      0x00000018         (0, 0, 11)      [] [W, SW]
    30     0x0000AD00       0xFFFFFF80      0x00200000         (0, 0, 5)      [15] []
    31     0x00008780       0xFFFFFF80      0x00000008         (0, 0, 0)      [] [W]
    32     0x0000D300       0xFFFFFF80      0x00000098         (0, 0, 10)      [1] [W, SW]
    33     0x0000CA80       0xFFFFFF80      0x00100008         (0, 0, 9)      [14] [W]
    34     0x00010F80       0xFFFFFF80      0x00000100         (0, 1, 1)      [2] []
    35     0x0000E880       0xFFFFFF80      0x00100000         (0, 0, 13)      [14] []
    36     0x00004400       0xFFFFFF80      0x00600380         (0, 0, 8)      [16, 1, 2, 3, 15] []
    37     0x0000D080       0xFFFFFF80      0x00000008         (0, 0, 10)      [] [W]
    38     0x00005180       0xFFFFFF80      0x00FFFC0D         (0, 0, 10)      [4, 5, 6, 7, 8, 9, 10, 11, 12, 13, 14, 15, 16, 17] [E, N, W]
    39     0x00012400       0xFFFFFF80      0x00000010         (0, 1, 4)      [] [SW]
    40     0x00002600       0xFFFFFF80      0x00200000         (0, 0, 4)      [15] []
    41     0x00000780       0xFFFFFF80      0x00100000         (0, 0, 0)      [14] []
    42     0x00005E80       0xFFFFFF80      0x00006000         (0, 0, 11)      [8, 7] []
    43     0x0000F800       0xFFFFFF80      0x00200000         (0, 0, 15)      [15] []
    44     0x00008B00       0xFFFFFF80      0x00000008         (0, 0, 1)      [] [W]
    45     0x00038000       0xFFFFFF00      0x00000004         (0, 3, 0)      [] [N]
    46     0x00009400       0xFFFFFF80      0x00000008         (0, 0, 2)      [] [W]
    47     0x0000C480       0xFFFFFF80      0x00000100         (0, 0, 8)      [2] []
    48     0x00006300       0xFFFFFF80      0x00C00000         (0, 0, 12)      [16, 17] []
    49     0x00011980       0xFFFFFF80      0x00000008         (0, 1, 3)      [] [W]
    50     0x0000BA00       0xFFFFFF80      0x00020000         (0, 0, 7)      [11] []
    51     0x00002180       0xFFFFFF80      0x00001000         (0, 0, 4)      [6] []
    52     0x00009680       0xFFFFFF80      0x00000018         (0, 0, 2)      [] [W, SW]
    53     0x00001300       0xFFFFFF80      0x00002000         (0, 0, 2)      [7] []
    54     0x00037800       0xFFFFFF00      0x00000002         (0, 3, 15)      [] [NE]
    55     0x00009280       0xFFFFFF80      0x00000008         (0, 0, 2)      [] [W]
    56     0x00024700       0xFFFFFF80      0x00000008         (0, 2, 8)      [] [W]
    57     0x00019900       0xFFFFFF80      0x00000001         (0, 1, 3)      [] [E]
    58     0x0000F900       0xFFFFFF80      0x00800000         (0, 0, 15)      [17] []
    59     0x00024280       0xFFFFFF80      0x00000008         (0, 2, 8)      [] [W]
    60     0x00011F00       0xFFFFFF80      0x00000218         (0, 1, 3)      [3] [W, SW]
    61     0x00007D00       0xFFFFFF80      0x00008000         (0, 0, 15)      [9] []
    62     0x0002F500       0xFFFFFF00      0x00080000         (0, 2, 14)      [13] []
    63     0x00037200       0xFFFFFF00      0x00000002         (0, 3, 14)      [] [NE]
    64     0x00002680       0xFFFFFF80      0x00400000         (0, 0, 4)      [16] []
    65     0x00011700       0xFFFFFF80      0x00800008         (0, 1, 2)      [17] [W]
    66     0x00024500       0xFFFFFF80      0x00000008         (0, 2, 8)      [] [W]
    67     0x00010780       0xFFFFFF80      0x00400000         (0, 1, 0)      [16] []
    68     0x00006100       0xFFFFFF80      0x000C0000         (0, 0, 12)      [12, 13] []
    69     0x00000480       0xFFFFFF80      0x00004001         (0, 0, 0)      [8] [E]
    70     0x00007E80       0xFFFFFF80      0x00040000         (0, 0, 15)      [12] []
    71     0x00006D00       0xFFFFFF80      0x00002000         (0, 0, 13)      [7] []
    72     0x00005280       0xFFFFFF80      0x00FFFC0E         (0, 0, 10)      [4, 5, 6, 7, 8, 9, 10, 11, 12, 13, 14, 15, 16, 17] [NE, N, W]
    73     0x0000BD00       0xFFFFFF80      0x00800000         (0, 0, 7)      [17] []
    74     0x00003100       0xFFFFFF80      0x00002000         (0, 0, 6)      [7] []
    75     0x00016F80       0xFFFFFF80      0x00000008         (0, 1, 13)      [] [W]
    76     0x00007080       0xFFFFFF80      0x00100000         (0, 0, 14)      [14] []
    77     0x00017200       0xFFFFFF80      0x00000008         (0, 1, 14)      [] [W]
    78     0x00007100       0xFFFFFF80      0x00200000         (0, 0, 14)      [15] []
    79     0x0001C200       0xFFFFFF80      0x00000001         (0, 1, 8)      [] [E]
    80     0x00000F00       0xFFFFFF80      0x00000001         (0, 0, 1)      [] [E]
    81     0x00004600       0xFFFFFF80      0x00000380         (0, 0, 8)      [1, 2, 3] []
    82     0x0000B600       0xFFFFFF80      0x00000200         (0, 0, 6)      [3] []
    83     0x00023A80       0xFFFFFF80      0x00000800         (0, 2, 7)      [5] []
    84     0x00000880       0xFFFFFF80      0x00400000         (0, 0, 1)      [16] []
    85     0x00004C80       0xFFFFFF80      0x0000039F         (0, 0, 9)      [1, 2, 3] [E, NE, N, W, SW]
    86     0x00007900       0xFFFFFF80      0x00000080         (0, 0, 15)      [1] []
    87     0x00018C00       0xFFFFFF80      0x00000100         (0, 1, 1)      [2] []
    88     0x00006180       0xFFFFFF80      0x00180000         (0, 0, 12)      [13, 14] []
    89     0x00001780       0xFFFFFF80      0x00400000         (0, 0, 2)      [16] []
    90     0x00037F00       0xFFFFFF00      0x00000004         (0, 3, 15)      [] [N]
    91     0x00002700       0xFFFFFF80      0x00800000         (0, 0, 4)      [17] []
    92     0x0000F100       0xFFFFFF80      0x00000080         (0, 0, 14)      [1] []
    93     0x0002F300       0xFFFFFF00      0x00020000         (0, 2, 14)      [11] []
    94     0x0000D100       0xFFFFFF80      0x00000008         (0, 0, 10)      [] [W]
    95     0x00001200       0xFFFFFF80      0x00000800         (0, 0, 2)      [5] []
    96     0x0000D000       0xFFFFFF80      0x00000008         (0, 0, 10)      [] [W]
    97     0x00018B80       0xFFFFFF80      0x00000080         (0, 1, 1)      [1] []
    98     0x00011E80       0xFFFFFF80      0x00000118         (0, 1, 3)      [2] [W, SW]
    99     0x00015980       0xFFFFFF80      0x00000200         (0, 1, 11)      [3] []
    100     0x00023D80       0xFFFFFF80      0x00020008         (0, 2, 7)      [11] [W]
    101     0x0002F700       0xFFFFFF00      0x00200000         (0, 2, 14)      [15] []
    102     0x00016600       0xFFFFFF80      0x00000080         (0, 1, 12)      [1] []
    103     0x0002E800       0xFFFFFF00      0x00000004         (0, 2, 13)      [] [N]
    104     0x00000E80       0xFFFFFF80      0x00000001         (0, 0, 1)      [] [E]
    105     0x0001C280       0xFFFFFF80      0x00000001         (0, 1, 8)      [] [E]
    106     0x00001680       0xFFFFFF80      0x00100000         (0, 0, 2)      [14] []
    107     0x00009B00       0xFFFFFF80      0x00008000         (0, 0, 3)      [9] []
    108     0x00002080       0xFFFFFF80      0x00000400         (0, 0, 4)      [4] []
    109     0x00036F00       0xFFFFFF00      0x00000002         (0, 3, 13)      [] [NE]
    110     0x00004280       0xFFFFFF80      0x000C0380         (0, 0, 8)      [1, 2, 3, 12, 13] []
    111     0x00024800       0xFFFFFF80      0x00000108         (0, 2, 9)      [2] [W]
    112     0x00009480       0xFFFFFF80      0x00000008         (0, 0, 2)      [] [W]
    113     0x0000D580       0xFFFFFF80      0x00000018         (0, 0, 10)      [] [W, SW]
    114     0x00005A80       0xFFFFFF80      0x00FFFC00         (0, 0, 11)      [4, 5, 6, 7, 8, 9, 10, 11, 12, 13, 14, 15, 16, 17] []
    115     0x0000CB80       0xFFFFFF80      0x00400008         (0, 0, 9)      [16] [W]
    116     0x00014A80       0xFFFFFF80      0x00000080         (0, 1, 9)      [1] []
    117     0x0000AD80       0xFFFFFF80      0x00400000         (0, 0, 5)      [16] []
    118     0x00035E00       0xFFFFFF00      0x00000001         (0, 3, 11)      [] [E]
    119     0x0000F200       0xFFFFFF80      0x00000200         (0, 0, 14)      [3] []
    120     0x0000AB80       0xFFFFFF80      0x00040000         (0, 0, 5)      [12] []
    121     0x00000800       0xFFFFFF80      0x00200000         (0, 0, 1)      [15] []
    122     0x0000EA00       0xFFFFFF80      0x00800000         (0, 0, 13)      [17] []
    123     0x00017700       0xFFFFFF80      0x00000008         (0, 1, 14)      [] [W]
    124     0x00023E00       0xFFFFFF80      0x00040008         (0, 2, 7)      [12] [W]
    125     0x00003000       0xFFFFFF80      0x00000800         (0, 0, 6)      [5] []
    126     0x00007A00       0xFFFFFF80      0x00000200         (0, 0, 15)      [3] []
    127     0x00008D00       0xFFFFFF80      0x00020008         (0, 0, 1)      [11] [W]
    128     0x0001D200       0xFFFFFF80      0x00000100         (0, 1, 10)      [2] []
    129     0x00024100       0xFFFFFF80      0x00000008         (0, 2, 8)      [] [W]
    130     0x0000AA80       0xFFFFFF80      0x00010000         (0, 0, 5)      [10] []
    131     0x0000E280       0xFFFFFF80      0x00000100         (0, 0, 12)      [2] []
    132     0x00035D00       0xFFFFFF00      0x00000001         (0, 3, 11)      [] [E]
    133     0x00005780       0xFFFFFF80      0x00FFFC00         (0, 0, 10)      [4, 5, 6, 7, 8, 9, 10, 11, 12, 13, 14, 15, 16, 17] []
    134     0x0001F180       0xFFFFFF80      0x00000001         (0, 1, 14)      [] [E]
    135     0x00017580       0xFFFFFF80      0x00000008         (0, 1, 14)      [] [W]
    136     0x00005C00       0xFFFFFF80      0x00FFFF00         (0, 0, 11)      [2, 3, 4, 5, 6, 7, 8, 9, 10, 11, 12, 13, 14, 15, 16, 17] []
    137     0x00001800       0xFFFFFF80      0x00800000         (0, 0, 3)      [17] []
    138     0x00004C00       0xFFFFFF80      0x0000039F         (0, 0, 9)      [1, 2, 3] [E, NE, N, W, SW]
    139     0x0001B680       0xFFFFFF80      0x00000081         (0, 1, 6)      [1] [E]
    140     0x00005B00       0xFFFFFF80      0x00FFFC80         (0, 0, 11)      [1, 4, 5, 6, 7, 8, 9, 10, 11, 12, 13, 14, 15, 16, 17] []
    141     0x0000C500       0xFFFFFF80      0x00000200         (0, 0, 8)      [3] []
    142     0x00003F80       0xFFFFFF80      0x00003380         (0, 0, 7)      [1, 2, 3, 6, 7] []
    143     0x00005800       0xFFFFFF80      0x00FFFC00         (0, 0, 11)      [4, 5, 6, 7, 8, 9, 10, 11, 12, 13, 14, 15, 16, 17] []
    144     0x00004380       0xFFFFFF80      0x00300380         (0, 0, 8)      [1, 2, 3, 14, 15] []
    145     0x00012D80       0xFFFFFF80      0x00000100         (0, 1, 5)      [2] []
    146     0x00005B80       0xFFFFFF80      0x00FFFD80         (0, 0, 11)      [1, 2, 4, 5, 6, 7, 8, 9, 10, 11, 12, 13, 14, 15, 16, 17] []
    147     0x00006D80       0xFFFFFF80      0x00004000         (0, 0, 13)      [8] []
    148     0x00005580       0xFFFFFF80      0x00FFFC00         (0, 0, 10)      [4, 5, 6, 7, 8, 9, 10, 11, 12, 13, 14, 15, 16, 17] []
    149     0x0000CE00       0xFFFFFF80      0x00000008         (0, 0, 9)      [] [W]
    150     0x00009000       0xFFFFFF80      0x00800008         (0, 0, 2)      [17] [W]
    151     0x0001B880       0xFFFFFF80      0x00000001         (0, 1, 7)      [] [E]
    152     0x00003300       0xFFFFFF80      0x00020000         (0, 0, 6)      [11] []
    153     0x00001480       0xFFFFFF80      0x00010000         (0, 0, 2)      [10] []
    154     0x00007C00       0xFFFFFF80      0x00002000         (0, 0, 15)      [7] []
    155     0x00003500       0xFFFFFF80      0x00200000         (0, 0, 6)      [15] []
    156     0x00000700       0xFFFFFF80      0x00080001         (0, 0, 0)      [13] [E]
    157     0x00012100       0xFFFFFF80      0x00000018         (0, 1, 4)      [] [W, SW]
    158     0x00024C00       0xFFFFFF80      0x00000008         (0, 2, 9)      [] [W]
    159     0x00024300       0xFFFFFF80      0x00000008         (0, 2, 8)      [] [W]
    160     0x00002F80       0xFFFFFF80      0x00000400         (0, 0, 5)      [4] []
    161     0x0001C080       0xFFFFFF80      0x00000101         (0, 1, 8)      [2] [E]
    162     0x00003400       0xFFFFFF80      0x00080000         (0, 0, 6)      [13] []
    163     0x00011900       0xFFFFFF80      0x00000008         (0, 1, 3)      [] [W]
    164     0x00009300       0xFFFFFF80      0x00000008         (0, 0, 2)      [] [W]
    165     0x00000500       0xFFFFFF80      0x00008001         (0, 0, 0)      [9] [E]
    166     0x00019980       0xFFFFFF80      0x00000001         (0, 1, 3)      [] [E]
    167     0x00013D00       0xFFFFFF80      0x00000200         (0, 1, 7)      [3] []
    168     0x0000BB00       0xFFFFFF80      0x00080000         (0, 0, 7)      [13] []
    169     0x00013C00       0xFFFFFF80      0x00000080         (0, 1, 7)      [1] []
    170     0x00005F00       0xFFFFFF80      0x0000C000         (0, 0, 11)      [8, 9] []
    171     0x00022100       0xFFFFFF80      0x00FFFC00         (0, 2, 4)      [4, 5, 6, 7, 8, 9, 10, 11, 12, 13, 14, 15, 16, 17] []
    172     0x00003C80       0xFFFFFF80      0x00000080         (0, 0, 7)      [1] []
    173     0x0000CF00       0xFFFFFF80      0x00000008         (0, 0, 9)      [] [W]
    174     0x00037E00       0xFFFFFF00      0x00000002         (0, 3, 15)      [] [NE]
    175     0x00001600       0xFFFFFF80      0x00080000         (0, 0, 2)      [13] []
    176     0x00024200       0xFFFFFF80      0x00000008         (0, 2, 8)      [] [W]
    177     0x0001B980       0xFFFFFF80      0x00000001         (0, 1, 7)      [] [E]
    178     0x00000400       0xFFFFFF80      0x00002000         (0, 0, 0)      [7] []
    179     0x0000D700       0xFFFFFF80      0x00000018         (0, 0, 10)      [] [W, SW]
    180     0x00006F80       0xFFFFFF80      0x00040000         (0, 0, 13)      [12] []
    181     0x00023F00       0xFFFFFF80      0x00100008         (0, 2, 7)      [14] [W]
    182     0x00016680       0xFFFFFF80      0x00000100         (0, 1, 12)      [2] []
    183     0x00003480       0xFFFFFF80      0x00100000         (0, 0, 6)      [14] []
    184     0x0000F180       0xFFFFFF80      0x00000100         (0, 0, 14)      [2] []
    185     0x00007D80       0xFFFFFF80      0x00010000         (0, 0, 15)      [10] []
    186     0x00037900       0xFFFFFF00      0x00000002         (0, 3, 15)      [] [NE]
    187     0x00017000       0xFFFFFF80      0x00000008         (0, 1, 14)      [] [W]
    188     0x0002E900       0xFFFFFF00      0x00000080         (0, 2, 13)      [1] []
    189     0x00007000       0xFFFFFF80      0x00080000         (0, 0, 14)      [13] []
    190     0x00011C00       0xFFFFFF80      0x00000008         (0, 1, 3)      [] [W]
    191     0x00006A80       0xFFFFFF80      0x00000100         (0, 0, 13)      [2] []
    192     0x00008700       0xFFFFFF80      0x00000008         (0, 0, 0)      [] [W]
    193     0x0002EF00       0xFFFFFF00      0x00002000         (0, 2, 13)      [7] []
    194     0x0001B900       0xFFFFFF80      0x00000001         (0, 1, 7)      [] [E]
    195     0x00004B80       0xFFFFFF80      0x00000380         (0, 0, 9)      [1, 2, 3] []
    196     0x00005100       0xFFFFFF80      0x00FFFC0D         (0, 0, 10)      [4, 5, 6, 7, 8, 9, 10, 11, 12, 13, 14, 15, 16, 17] [E, N, W]
    197     0x00005D80       0xFFFFFF80      0x00001800         (0, 0, 11)      [5, 6] []
    198     0x00017280       0xFFFFFF80      0x00000008         (0, 1, 14)      [] [W]
    199     0x0002F900       0xFFFFFF00      0x00800000         (0, 2, 15)      [17] []
    200     0x00011000       0xFFFFFF80      0x00000200         (0, 1, 2)      [3] []
    201     0x0001CA00       0xFFFFFF80      0x00000200         (0, 1, 9)      [3] []
    202     0x0000A600       0xFFFFFF80      0x00000080         (0, 0, 4)      [1] []
    203     0x00001280       0xFFFFFF80      0x00001000         (0, 0, 2)      [6] []
    204     0x00001700       0xFFFFFF80      0x00200000         (0, 0, 2)      [15] []
    205     0x00037000       0xFFFFFF00      0x00000002         (0, 3, 14)      [] [NE]
    206     0x00008F80       0xFFFFFF80      0x00400008         (0, 0, 1)      [16] [W]
    207     0x0000D900       0xFFFFFF80      0x00080008         (0, 0, 11)      [13] [W]
    208     0x00024980       0xFFFFFF80      0x00000008         (0, 2, 9)      [] [W]
    209     0x00024680       0xFFFFFF80      0x00000008         (0, 2, 8)      [] [W]
    210     0x00011D00       0xFFFFFF80      0x00000008         (0, 1, 3)      [] [W]
    211     0x00012480       0xFFFFFF80      0x00000010         (0, 1, 4)      [] [SW]
    212     0x00004100       0xFFFFFF80      0x00018380         (0, 0, 8)      [1, 2, 3, 10, 9] []
    213     0x00005300       0xFFFFFF80      0x00FFFC0E         (0, 0, 10)      [4, 5, 6, 7, 8, 9, 10, 11, 12, 13, 14, 15, 16, 17] [NE, N, W]
    214     0x00019500       0xFFFFFF80      0x00000001         (0, 1, 2)      [] [E]
    215     0x0000D280       0xFFFFFF80      0x00000018         (0, 0, 10)      [] [W, SW]
    216     0x00005C80       0xFFFFFF80      0x00FFFE00         (0, 0, 11)      [3, 4, 5, 6, 7, 8, 9, 10, 11, 12, 13, 14, 15, 16, 17] []
    217     0x0001C180       0xFFFFFF80      0x00000001         (0, 1, 8)      [] [E]
    218     0x0001A400       0xFFFFFF80      0x00000001         (0, 1, 4)      [] [E]
    219     0x0000CD80       0xFFFFFF80      0x00000008         (0, 0, 9)      [] [W]
    220     0x00006A00       0xFFFFFF80      0x00000080         (0, 0, 13)      [1] []
    221     0x0000E300       0xFFFFFF80      0x00000200         (0, 0, 12)      [3] []
    222     0x0001B700       0xFFFFFF80      0x00000101         (0, 1, 6)      [2] [E]
    223     0x0001B780       0xFFFFFF80      0x00000201         (0, 1, 6)      [3] [E]
    224     0x00011780       0xFFFFFF80      0x00000008         (0, 1, 2)      [] [W]
    225     0x0000C400       0xFFFFFF80      0x00000080         (0, 0, 8)      [1] []
    226     0x00013C80       0xFFFFFF80      0x00000100         (0, 1, 7)      [2] []
    227     0x0002EB00       0xFFFFFF00      0x00000200         (0, 2, 13)      [3] []
    228     0x00011A80       0xFFFFFF80      0x00000008         (0, 1, 3)      [] [W]
    229     0x00009B80       0xFFFFFF80      0x00010000         (0, 0, 3)      [10] []
    230     0x00009C00       0xFFFFFF80      0x00020000         (0, 0, 3)      [11] []
    231     0x00037500       0xFFFFFF00      0x00000002         (0, 3, 14)      [] [NE]
    232     0x0001B800       0xFFFFFF80      0x00000001         (0, 1, 7)      [] [E]
    233     0x00009600       0xFFFFFF80      0x00000018         (0, 0, 2)      [] [W, SW]
    234     0x00037100       0xFFFFFF00      0x00000002         (0, 3, 14)      [] [NE]
    235     0x0000F880       0xFFFFFF80      0x00400000         (0, 0, 15)      [16] []
    236     0x00024B00       0xFFFFFF80      0x00000008         (0, 2, 9)      [] [W]
    237     0x00017080       0xFFFFFF80      0x00000008         (0, 1, 14)      [] [W]
    238     0x00037B00       0xFFFFFF00      0x00000002         (0, 3, 15)      [] [NE]
    239     0x0001AD80       0xFFFFFF80      0x00000200         (0, 1, 5)      [3] []
    240     0x00003600       0xFFFFFF80      0x00800000         (0, 0, 6)      [17] []
    241     0x00012200       0xFFFFFF80      0x00000018         (0, 1, 4)      [] [W, SW]
    242     0x00019580       0xFFFFFF80      0x00000001         (0, 1, 2)      [] [E]
    243     0x00004000       0xFFFFFF80      0x00006380         (0, 0, 8)      [8, 1, 2, 3, 7] []
    244     0x00023D00       0xFFFFFF80      0x00010008         (0, 2, 7)      [10] [W]
    245     0x00007180       0xFFFFFF80      0x00400000         (0, 0, 14)      [16] []
    246     0x00019680       0xFFFFFF80      0x00000001         (0, 1, 2)      [] [E]
    247     0x00017100       0xFFFFFF80      0x00000008         (0, 1, 14)      [] [W]
    248     0x0000D480       0xFFFFFF80      0x00000018         (0, 0, 10)      [] [W, SW]
    249     0x00004300       0xFFFFFF80      0x00180380         (0, 0, 8)      [1, 2, 3, 13, 14] []
    250     0x00009E00       0xFFFFFF80      0x00200000         (0, 0, 3)      [15] []
    251     0x0001AD00       0xFFFFFF80      0x00000100         (0, 1, 5)      [2] []
    252     0x00012E00       0xFFFFFF80      0x00000200         (0, 1, 5)      [3] []
    253     0x0000D400       0xFFFFFF80      0x00000218         (0, 0, 10)      [3] [W, SW]
    254     0x00004A00       0xFFFFFF80      0x00000380         (0, 0, 9)      [1, 2, 3] []
    255     0x00004980       0xFFFFFF80      0x00000380         (0, 0, 9)      [1, 2, 3] []
    256     0x00024000       0xFFFFFF80      0x00400008         (0, 2, 8)      [16] [W]
    257     0x0000D600       0xFFFFFF80      0x00000018         (0, 0, 10)      [] [W, SW]
    258     0x00008B80       0xFFFFFF80      0x00004008         (0, 0, 1)      [8] [W]
    259     0x00010100       0xFFFFFF80      0x00000200         (0, 1, 0)      [3] []
    260     0x00008100       0xFFFFFF80      0x00800000         (0, 0, 0)      [17] []
    261     0x00023C00       0xFFFFFF80      0x00004000         (0, 2, 7)      [8] []
    262     0x0002EE00       0xFFFFFF00      0x00001000         (0, 2, 13)      [6] []
    263     0x0000B580       0xFFFFFF80      0x00000100         (0, 0, 6)      [2] []
    264     0x00005400       0xFFFFFF80      0x00FFFC0E         (0, 0, 10)      [4, 5, 6, 7, 8, 9, 10, 11, 12, 13, 14, 15, 16, 17] [NE, N, W]
    265     0x00006F00       0xFFFFFF80      0x00020000         (0, 0, 13)      [11] []
    266     0x00004D00       0xFFFFFF80      0x0000039F         (0, 0, 9)      [1, 2, 3] [E, NE, N, W, SW]
    267     0x0002EC00       0xFFFFFF00      0x00000400         (0, 2, 13)      [4] []
    268     0x00005680       0xFFFFFF80      0x00FFFC00         (0, 0, 10)      [4, 5, 6, 7, 8, 9, 10, 11, 12, 13, 14, 15, 16, 17] []
    269     0x00002480       0xFFFFFF80      0x00040001         (0, 0, 4)      [12] [E]
    270     0x0002F800       0xFFFFFF00      0x00400000         (0, 2, 15)      [16] []
    271     0x00000E00       0xFFFFFF80      0x00000001         (0, 0, 1)      [] [E]
    272     0x00017800       0xFFFFFF80      0x00000008         (0, 1, 15)      [] [W]
    273     0x00003580       0xFFFFFF80      0x00400000         (0, 0, 6)      [16] []
    274     0x00004780       0xFFFFFF80      0x00000380         (0, 0, 8)      [1, 2, 3] []
    275     0x0002ED00       0xFFFFFF00      0x00000800         (0, 2, 13)      [5] []
    276     0x00003200       0xFFFFFF80      0x00008000         (0, 0, 6)      [9] []
    277     0x00022080       0xFFFFFF80      0x00000380         (0, 2, 4)      [1, 2, 3] []
    278     0x00009800       0xFFFFFF80      0x00000200         (0, 0, 3)      [3] []
    279     0x0000AE00       0xFFFFFF80      0x00800000         (0, 0, 5)      [17] []
    280     0x00001500       0xFFFFFF80      0x00020000         (0, 0, 2)      [11] []
    281     0x00012D00       0xFFFFFF80      0x00000080         (0, 1, 5)      [1] []
    282     0x00005000       0xFFFFFF80      0x00FFFC0D         (0, 0, 10)      [4, 5, 6, 7, 8, 9, 10, 11, 12, 13, 14, 15, 16, 17] [E, N, W]
    283     0x00000300       0xFFFFFF80      0x00000800         (0, 0, 0)      [5] []
    284     0x00002200       0xFFFFFF80      0x00002000         (0, 0, 4)      [7] []
    285     0x00008E80       0xFFFFFF80      0x00100008         (0, 0, 1)      [14] [W]
    286     0x00010000       0xFFFFFF80      0x00000080         (0, 1, 0)      [1] []
    287     0x00012500       0xFFFFFF80      0x00000010         (0, 1, 4)      [] [SW]
    288     0x00011880       0xFFFFFF80      0x00000008         (0, 1, 3)      [] [W]
    289     0x00004F80       0xFFFFFF80      0x00FFFC0D         (0, 0, 9)      [4, 5, 6, 7, 8, 9, 10, 11, 12, 13, 14, 15, 16, 17] [E, N, W]
    290     0x00008D80       0xFFFFFF80      0x00040008         (0, 0, 1)      [12] [W]
    291     0x00037400       0xFFFFFF00      0x00000002         (0, 3, 14)      [] [NE]
    292     0x0001A100       0xFFFFFF80      0x00000001         (0, 1, 4)      [] [E]
    293     0x00012000       0xFFFFFF80      0x00000018         (0, 1, 4)      [] [W, SW]
    294     0x00017480       0xFFFFFF80      0x00000008         (0, 1, 14)      [] [W]
    295     0x00011C80       0xFFFFFF80      0x00000008         (0, 1, 3)      [] [W]
    296     0x00006000       0xFFFFFF80      0x00030000         (0, 0, 12)      [10, 11] []
    297     0x0000E900       0xFFFFFF80      0x00200000         (0, 0, 13)      [15] []
    298     0x00024A80       0xFFFFFF80      0x00000008         (0, 2, 9)      [] [W]
    299     0x00004F00       0xFFFFFF80      0x00FFFC0C         (0, 0, 9)      [4, 5, 6, 7, 8, 9, 10, 11, 12, 13, 14, 15, 16, 17] [N, W]
    300     0x00011F80       0xFFFFFF80      0x00000018         (0, 1, 3)      [] [W, SW]
    301     0x0001C900       0xFFFFFF80      0x00000080         (0, 1, 9)      [1] []
    302     0x0000AC00       0xFFFFFF80      0x00080000         (0, 0, 5)      [13] []
    303     0x00009F00       0xFFFFFF80      0x00800000         (0, 0, 3)      [17] []
    304     0x00005700       0xFFFFFF80      0x00FFFC00         (0, 0, 10)      [4, 5, 6, 7, 8, 9, 10, 11, 12, 13, 14, 15, 16, 17] []
    305     0x00024880       0xFFFFFF80      0x00000208         (0, 2, 9)      [3] [W]
    306     0x00003E80       0xFFFFFF80      0x00000F80         (0, 0, 7)      [1, 2, 3, 4, 5] []
    307     0x0001C300       0xFFFFFF80      0x00000001         (0, 1, 8)      [] [E]
    308     0x00011A00       0xFFFFFF80      0x00000008         (0, 1, 3)      [] [W]
    309     0x00023B00       0xFFFFFF80      0x00001000         (0, 2, 7)      [6] []
    310     0x00005480       0xFFFFFF80      0x00FFFC00         (0, 0, 10)      [4, 5, 6, 7, 8, 9, 10, 11, 12, 13, 14, 15, 16, 17] []
    311     0x00017600       0xFFFFFF80      0x00000008         (0, 1, 14)      [] [W]
    312     0x0000CA00       0xFFFFFF80      0x00080008         (0, 0, 9)      [13] [W]
    313     0x00023C80       0xFFFFFF80      0x00008000         (0, 2, 7)      [9] []
    314     0x00009E80       0xFFFFFF80      0x00400000         (0, 0, 3)      [16] []
    315     0x00009500       0xFFFFFF80      0x00000018         (0, 0, 2)      [] [W, SW]
    316     0x00011800       0xFFFFFF80      0x00000008         (0, 1, 3)      [] [W]
    317     0x00017780       0xFFFFFF80      0x00000008         (0, 1, 14)      [] [W]
    318     0x00005600       0xFFFFFF80      0x00FFFC00         (0, 0, 10)      [4, 5, 6, 7, 8, 9, 10, 11, 12, 13, 14, 15, 16, 17] []
    319     0x00005200       0xFFFFFF80      0x00FFFC0F         (0, 0, 10)      [4, 5, 6, 7, 8, 9, 10, 11, 12, 13, 14, 15, 16, 17] [E, NE, N, W]
    320     0x0000AC80       0xFFFFFF80      0x00100000         (0, 0, 5)      [14] []
    321     0x0000D180       0xFFFFFF80      0x00000008         (0, 0, 10)      [] [W]
    322     0x00002380       0xFFFFFF80      0x00010001         (0, 0, 4)      [10] [E]
    323     0x00005D00       0xFFFFFF80      0x00000C00         (0, 0, 11)      [4, 5] []
    324     0x00002100       0xFFFFFF80      0x00000800         (0, 0, 4)      [5] []
    325     0x0002F400       0xFFFFFF00      0x00040000         (0, 2, 14)      [12] []
    326     0x00017F80       0xFFFFFF80      0x00000080         (0, 1, 15)      [1] []
    327     0x00024C80       0xFFFFFF80      0x00000008         (0, 2, 9)      [] [W]
    328     0x00008880       0xFFFFFF80      0x00000108         (0, 0, 1)      [2] [W]
    329     0x00006080       0xFFFFFF80      0x00060000         (0, 0, 12)      [11, 12] []
    330     0x00003E00       0xFFFFFF80      0x00000780         (0, 0, 7)      [1, 2, 3, 4] []
    331     0x00019800       0xFFFFFF80      0x00000201         (0, 1, 3)      [3] [E]
    332     0x00023F80       0xFFFFFF80      0x00200008         (0, 2, 7)      [15] [W]
    333     0x00006380       0xFFFFFF80      0x00800000         (0, 0, 12)      [17] []
    334     0x0000DA00       0xFFFFFF80      0x00200008         (0, 0, 11)      [15] [W]
    335     0x00008900       0xFFFFFF80      0x00000208         (0, 0, 1)      [3] [W]
    336     0x00024080       0xFFFFFF80      0x00800008         (0, 2, 8)      [17] [W]
    337     0x00007F00       0xFFFFFF80      0x00080000         (0, 0, 15)      [13] []
    338     0x0001C000       0xFFFFFF80      0x00000081         (0, 1, 8)      [1] [E]
    339     0x0002F600       0xFFFFFF00      0x00100000         (0, 2, 14)      [14] []
    340     0x0001BF80       0xFFFFFF80      0x00000001         (0, 1, 7)      [] [E]
    341     0x0000E980       0xFFFFFF80      0x00400000         (0, 0, 13)      [16] []
    342     0x00037700       0xFFFFFF00      0x00000002         (0, 3, 14)      [] [NE]
    343     0x0000CF80       0xFFFFFF80      0x00000008         (0, 0, 9)      [] [W]
    344     0x00024B80       0xFFFFFF80      0x00000008         (0, 2, 9)      [] [W]
    345     0x00003D00       0xFFFFFF80      0x00000180         (0, 0, 7)      [1, 2] []
    346     0x00004180       0xFFFFFF80      0x00030380         (0, 0, 8)      [3, 1, 2, 11, 10] []
    347     0x00007200       0xFFFFFF80      0x00800000         (0, 0, 14)      [17] []
    348     0x00007980       0xFFFFFF80      0x00000100         (0, 0, 15)      [2] []
    349     0x00008E00       0xFFFFFF80      0x00080008         (0, 0, 1)      [13] [W]
    350     0x00036E00       0xFFFFFF00      0x00000002         (0, 3, 13)      [] [NE]
    351     0x00011D80       0xFFFFFF80      0x00000018         (0, 1, 3)      [] [W, SW]
    352     0x00008980       0xFFFFFF80      0x00000008         (0, 0, 1)      [] [W]
    353     0x00004080       0xFFFFFF80      0x0000C380         (0, 0, 8)      [8, 1, 2, 3, 9] []
    354     0x00002300       0xFFFFFF80      0x00008001         (0, 0, 4)      [9] [E]
    355     0x0001DA80       0xFFFFFF80      0x00000200         (0, 1, 11)      [3] []
    356     0x00004D80       0xFFFFFF80      0x00FFFC0C         (0, 0, 9)      [4, 5, 6, 7, 8, 9, 10, 11, 12, 13, 14, 15, 16, 17] [N, W]
    357     0x0001A200       0xFFFFFF80      0x00000081         (0, 1, 4)      [1] [E]
    358     0x00006200       0xFFFFFF80      0x00300000         (0, 0, 12)      [14, 15] []
    359     0x0000B500       0xFFFFFF80      0x00000080         (0, 0, 6)      [1] []
    360     0x00012380       0xFFFFFF80      0x00000010         (0, 1, 4)      [] [SW]
    361     0x00008080       0xFFFFFF80      0x00400000         (0, 0, 0)      [16] []
    362     0x00019600       0xFFFFFF80      0x00000001         (0, 1, 2)      [] [E]
    363     0x00007C80       0xFFFFFF80      0x00004000         (0, 0, 15)      [8] []
    364     0x0000BB80       0xFFFFFF80      0x00100000         (0, 0, 7)      [14] []
    365     0x00000900       0xFFFFFF80      0x00800000         (0, 0, 1)      [17] []
    366     0x00024180       0xFFFFFF80      0x00000008         (0, 2, 8)      [] [W]
    367     0x0001F780       0xFFFFFF80      0x00000001         (0, 1, 14)      [] [E]
    368     0x00016F00       0xFFFFFF80      0x00000008         (0, 1, 13)      [] [W]
    369     0x0000CC80       0xFFFFFF80      0x00000008         (0, 0, 9)      [] [W]
    370     0x00005E00       0xFFFFFF80      0x00003000         (0, 0, 11)      [6, 7] []
    371     0x0002EA00       0xFFFFFF00      0x00000100         (0, 2, 13)      [2] []
    372     0x00024900       0xFFFFFF80      0x00000008         (0, 2, 9)      [] [W]
    373     0x00008C00       0xFFFFFF80      0x00008008         (0, 0, 1)      [9] [W]
    374     0x00009780       0xFFFFFF80      0x00000100         (0, 0, 2)      [2] []
    375     0x0000D980       0xFFFFFF80      0x00100008         (0, 0, 11)      [14] [W]
    376     0x0001A380       0xFFFFFF80      0x00000001         (0, 1, 4)      [] [E]
    377     0x00005880       0xFFFFFF80      0x00FFFC00         (0, 0, 11)      [4, 5, 6, 7, 8, 9, 10, 11, 12, 13, 14, 15, 16, 17] []
    378     0x00037D00       0xFFFFFF00      0x00000002         (0, 3, 15)      [] [NE]
    379     0x0001AC80       0xFFFFFF80      0x00000080         (0, 1, 5)      [1] []
    380     0x00005500       0xFFFFFF80      0x00FFFC00         (0, 0, 10)      [4, 5, 6, 7, 8, 9, 10, 11, 12, 13, 14, 15, 16, 17] []
    381     0x00007F80       0xFFFFFF80      0x00100000         (0, 0, 15)      [14] []
    382     0x00024380       0xFFFFFF80      0x00000008         (0, 2, 8)      [] [W]
    383     0x00023E80       0xFFFFFF80      0x00080008         (0, 2, 7)      [13] [W]
    384     0x00017180       0xFFFFFF80      0x00000008         (0, 1, 14)      [] [W]
    385     0x00012300       0xFFFFFF80      0x00000018         (0, 1, 4)      [] [W, SW]
    386     0x0000CB00       0xFFFFFF80      0x00200008         (0, 0, 9)      [15] [W]
    387     0x00017300       0xFFFFFF80      0x00000088         (0, 1, 14)      [1] [W]
    388     0x00004900       0xFFFFFF80      0x00000380         (0, 0, 9)      [1, 2, 3] []
    389     0x0000BC80       0xFFFFFF80      0x00400000         (0, 0, 7)      [16] []
    390     0x00002400       0xFFFFFF80      0x00020001         (0, 0, 4)      [11] [E]
    391     0x00008000       0xFFFFFF80      0x00200000         (0, 0, 0)      [15] []
    392     0x0002F000       0xFFFFFF00      0x00004000         (0, 2, 14)      [8] []
    393     0x00015900       0xFFFFFF80      0x00000100         (0, 1, 11)      [2] []
    394     0x00019A00       0xFFFFFF80      0x00000001         (0, 1, 3)      [] [E]
    395     0x00024480       0xFFFFFF80      0x00000008         (0, 2, 8)      [] [W]
    396     0x0000D200       0xFFFFFF80      0x00000008         (0, 0, 10)      [] [W]
    397     0x0001F100       0xFFFFFF80      0x00000001         (0, 1, 14)      [] [E]
    398     0x00000600       0xFFFFFF80      0x00020001         (0, 0, 0)      [11] [E]
    399     0x00005A00       0xFFFFFF80      0x00FFFC00         (0, 0, 11)      [4, 5, 6, 7, 8, 9, 10, 11, 12, 13, 14, 15, 16, 17] []
    400     0x0001A180       0xFFFFFF80      0x00000001         (0, 1, 4)      [] [E]
    401     0x00002580       0xFFFFFF80      0x00100000         (0, 0, 4)      [14] []
    402     0x00017400       0xFFFFFF80      0x00000208         (0, 1, 14)      [3] [W]
    403     0x00019880       0xFFFFFF80      0x00000001         (0, 1, 3)      [] [E]
    404     0x00002280       0xFFFFFF80      0x00004001         (0, 0, 4)      [8] [E]
    405     0x00000680       0xFFFFFF80      0x00040001         (0, 0, 0)      [12] [E]
    406     0x00018000       0xFFFFFF80      0x00000100         (0, 1, 0)      [2] []
    407     0x00005080       0xFFFFFF80      0x00FFFC0D         (0, 0, 10)      [4, 5, 6, 7, 8, 9, 10, 11, 12, 13, 14, 15, 16, 17] [E, N, W]
    408     0x00001400       0xFFFFFF80      0x00008000         (0, 0, 2)      [9] []
    409     0x00004580       0xFFFFFF80      0x00000380         (0, 0, 8)      [1, 2, 3] []
    410     0x00001580       0xFFFFFF80      0x00040000         (0, 0, 2)      [12] []
    411     0x00012080       0xFFFFFF80      0x00000018         (0, 1, 4)      [] [W, SW]
    412     0x00018080       0xFFFFFF80      0x00000200         (0, 1, 0)      [3] []
    413     0x00000380       0xFFFFFF80      0x00001000         (0, 0, 0)      [6] []
    414     0x00004500       0xFFFFFF80      0x00800380         (0, 0, 8)      [1, 2, 3, 17] []
    415     0x00006E80       0xFFFFFF80      0x00010000         (0, 0, 13)      [10] []
    416     0x00009100       0xFFFFFF80      0x00000008         (0, 0, 2)      [] [W]
    417     0x00019780       0xFFFFFF80      0x00000101         (0, 1, 2)      [2] [E]
    418     0x0002F100       0xFFFFFF00      0x00008000         (0, 2, 14)      [9] []
    419     0x00006E00       0xFFFFFF80      0x00008000         (0, 0, 13)      [9] []
    420     0x00009080       0xFFFFFF80      0x00000008         (0, 0, 2)      [] [W]
    421     0x00004880       0xFFFFFF80      0x00000380         (0, 0, 9)      [1, 2, 3] []
    422     0x00006B00       0xFFFFFF80      0x00000200         (0, 0, 13)      [3] []
    423     0x00009380       0xFFFFFF80      0x00000008         (0, 0, 2)      [] [W]
    424     0x00008680       0xFFFFFF80      0x00000008         (0, 0, 0)      [] [W]
    425     0x00005980       0xFFFFFF80      0x00FFFC00         (0, 0, 11)      [4, 5, 6, 7, 8, 9, 10, 11, 12, 13, 14, 15, 16, 17] []
    426     0x0000D780       0xFFFFFF80      0x00000018         (0, 0, 10)      [] [W, SW]
    427     0x00014B80       0xFFFFFF80      0x00000200         (0, 1, 9)      [3] []
    428     0x00008F00       0xFFFFFF80      0x00200008         (0, 0, 1)      [15] [W]
    429     0x00003180       0xFFFFFF80      0x00004000         (0, 0, 6)      [8] []
    430     0x00009C80       0xFFFFFF80      0x00040000         (0, 0, 3)      [12] []
    431     0x00007E00       0xFFFFFF80      0x00020000         (0, 0, 15)      [11] []
    432     0x00004B00       0xFFFFFF80      0x00000380         (0, 0, 9)      [1, 2, 3] []
    433     0x00003280       0xFFFFFF80      0x00010000         (0, 0, 6)      [10] []
    434     0x0001C100       0xFFFFFF80      0x00000201         (0, 1, 8)      [3] [E]
    435     0x00037300       0xFFFFFF00      0x00000002         (0, 3, 14)      [] [NE]
    436     0x00024600       0xFFFFFF80      0x00000008         (0, 2, 8)      [] [W]
    437     0x00017380       0xFFFFFF80      0x00000108         (0, 1, 14)      [2] [W]
    438     0x00004E80       0xFFFFFF80      0x00FFFC0C         (0, 0, 9)      [4, 5, 6, 7, 8, 9, 10, 11, 12, 13, 14, 15, 16, 17] [N, W]
    439     0x00003F00       0xFFFFFF80      0x00001B80         (0, 0, 7)      [1, 2, 3, 5, 6] []
    440     0x00004480       0xFFFFFF80      0x00C00380         (0, 0, 8)      [16, 1, 2, 3, 17] []
    441     0x00008A80       0xFFFFFF80      0x00000008         (0, 0, 1)      [] [W]
    442     0x00004A80       0xFFFFFF80      0x00000380         (0, 0, 9)      [1, 2, 3] []
    443     0x00001380       0xFFFFFF80      0x00004000         (0, 0, 2)      [8] []
    444     0x0001A480       0xFFFFFF80      0x00000001         (0, 1, 4)      [] [E]
    445     0x00014B00       0xFFFFFF80      0x00000100         (0, 1, 9)      [2] []
    446     0x00009180       0xFFFFFF80      0x00000008         (0, 0, 2)      [] [W]
    447     0x0002F200       0xFFFFFF00      0x00010000         (0, 2, 14)      [10] []
    448     0x00009580       0xFFFFFF80      0x00000018         (0, 0, 2)      [] [W, SW]
    449     0x00016700       0xFFFFFF80      0x00000200         (0, 1, 12)      [3] []
    450     0x00008800       0xFFFFFF80      0x00000088         (0, 0, 1)      [1] [W]
    451     0x0000CE80       0xFFFFFF80      0x00000008         (0, 0, 9)      [] [W]
    452     0x00011B00       0xFFFFFF80      0x00000008         (0, 1, 3)      [] [W]
    453     0x00024780       0xFFFFFF80      0x00000088         (0, 2, 8)      [1] [W]
    454     0x0000D380       0xFFFFFF80      0x00000118         (0, 0, 10)      [2] [W, SW]
    455     0x0000A680       0xFFFFFF80      0x00000100         (0, 0, 4)      [2] []
    456     0x00010800       0xFFFFFF80      0x00800000         (0, 1, 1)      [17] []
    457     0x00004700       0xFFFFFF80      0x00000380         (0, 0, 8)      [1, 2, 3] []
    458     0x0001B600       0xFFFFFF80      0x00000001         (0, 1, 6)      [] [E]
    459     0x00004E00       0xFFFFFF80      0x00FFFC0C         (0, 0, 9)      [4, 5, 6, 7, 8, 9, 10, 11, 12, 13, 14, 15, 16, 17] [N, W]
    460     0x0001C980       0xFFFFFF80      0x00000100         (0, 1, 9)      [2] []
    461     0x00037C00       0xFFFFFF00      0x00000002         (0, 3, 15)      [] [NE]
    462     0x00005900       0xFFFFFF80      0x00FFFC00         (0, 0, 11)      [4, 5, 6, 7, 8, 9, 10, 11, 12, 13, 14, 15, 16, 17] []
    463     0x00006C80       0xFFFFFF80      0x00001000         (0, 0, 13)      [6] []
    464     0x0000AB00       0xFFFFFF80      0x00020000         (0, 0, 5)      [11] []
    465     0x00008A00       0xFFFFFF80      0x00000008         (0, 0, 1)      [] [W]
    466     0x00003080       0xFFFFFF80      0x00001000         (0, 0, 6)      [6] []
    467     0x00019700       0xFFFFFF80      0x00000081         (0, 1, 2)      [1] [E]
    468     0x0000D680       0xFFFFFF80      0x00000018         (0, 0, 10)      [] [W, SW]
    469     0x00015880       0xFFFFFF80      0x00000080         (0, 1, 11)      [1] []
    470     0x00024400       0xFFFFFF80      0x00000008         (0, 2, 8)      [] [W]
    471     0x00012280       0xFFFFFF80      0x00000018         (0, 1, 4)      [] [W, SW]
    472     0x00011B80       0xFFFFFF80      0x00000008         (0, 1, 3)      [] [W]
    473     0x00012580       0xFFFFFF80      0x00000010         (0, 1, 4)      [] [SW]
    474     0x00004200       0xFFFFFF80      0x00060380         (0, 0, 8)      [3, 1, 2, 11, 12] []
    475     0x00002E00       0xFFFFFF80      0x00000080         (0, 0, 5)      [1] []
    476     0x00009700       0xFFFFFF80      0x00000080         (0, 0, 2)      [1] []
    477     0x0001A000       0xFFFFFF80      0x00000001         (0, 1, 4)      [] [E]
    478     0x00005380       0xFFFFFF80      0x00FFFC0E         (0, 0, 10)      [4, 5, 6, 7, 8, 9, 10, 11, 12, 13, 14, 15, 16, 17] [NE, N, W]
    479     0x00005F80       0xFFFFFF80      0x00018000         (0, 0, 11)      [9, 10] []
    480     0x00003D80       0xFFFFFF80      0x00000300         (0, 0, 7)      [2, 3] []
    481     0x00010080       0xFFFFFF80      0x00000100         (0, 1, 0)      [2] []
    482     0x00024580       0xFFFFFF80      0x00000008         (0, 2, 8)      [] [W]
    483     0x0000DB00       0xFFFFFF80      0x00800000         (0, 0, 11)      [17] []
    484     0x0001D280       0xFFFFFF80      0x00000200         (0, 1, 10)      [3] []
    485     0x00037600       0xFFFFFF00      0x00000002         (0, 3, 14)      [] [NE]
    486     0x0000D800       0xFFFFFF80      0x00000018         (0, 0, 11)      [] [W, SW]
    487     0x00008C80       0xFFFFFF80      0x00010008         (0, 0, 1)      [10] [W]
    488     0x00000280       0xFFFFFF80      0x00000400         (0, 0, 0)      [4] []
    489     0x0000C980       0xFFFFFF80      0x00040000         (0, 0, 9)      [12] []
    490     0x00023B80       0xFFFFFF80      0x00002000         (0, 2, 7)      [7] []
    491     0x0000CC00       0xFFFFFF80      0x00800008         (0, 0, 9)      [17] [W]
    492     0x0000BA80       0xFFFFFF80      0x00040000         (0, 0, 7)      [12] []
