router contains 710 entries 
 
  Index   Key(hex)    Mask(hex)    Route(hex)    Src. Core -> [Cores][Links]
------------------------------------------------------------------------------
    0     0x0000E480       0xFFFFFF80      0x00400000         (0, 0, 12)      [16] []
    1     0x00020380       0xFFFFFF80      0x00000008         (0, 2, 0)      [] [W]
    2     0x00016400       0xFFFFFF80      0x00002030         (0, 1, 12)      [7] [SW, S]
    3     0x00020B80       0xFFFFFF80      0x00000108         (0, 2, 1)      [2] [W]
    4     0x00015180       0xFFFFFF80      0x00000020         (0, 1, 10)      [] [S]
    5     0x00007800       0xFFFFFF80      0x00008000         (0, 0, 15)      [9] []
    6     0x00018600       0xFFFFFF80      0x00FFFC20         (0, 1, 0)      [4, 5, 6, 7, 8, 9, 10, 11, 12, 13, 14, 15, 16, 17] [S]
    7     0x0000C400       0xFFFFFF80      0x00020000         (0, 0, 8)      [11] []
    8     0x00016C00       0xFFFFFF80      0x0000000C         (0, 1, 13)      [] [N, W]
    9     0x00011400       0xFFFFFF80      0x00000020         (0, 1, 2)      [] [S]
    10     0x0000A700       0xFFFFFF80      0x00080000         (0, 0, 4)      [13] []
    11     0x00021380       0xFFFFFF80      0x00000208         (0, 2, 2)      [3] [W]
    12     0x0001FB80       0xFFFFFF80      0x00000008         (0, 1, 15)      [] [W]
    13     0x00010480       0xFFFFFF80      0x00000020         (0, 1, 0)      [] [S]
    14     0x00024680       0xFFFFFF80      0x00008000         (0, 2, 8)      [9] []
    15     0x00019380       0xFFFFFF80      0x00000120         (0, 1, 2)      [2] [S]
    16     0x00002B80       0xFFFFFF80      0x00001000         (0, 0, 5)      [6] []
    17     0x00013280       0xFFFFFF80      0x00000021         (0, 1, 6)      [] [E, S]
    18     0x00016880       0xFFFFFF80      0x00400030         (0, 1, 13)      [16] [SW, S]
    19     0x00006680       0xFFFFFF80      0x00000400         (0, 0, 12)      [4] []
    20     0x00024A80       0xFFFFFF80      0x00800002         (0, 2, 9)      [17] [NE]
    21     0x00021C80       0xFFFFFF80      0x00000200         (0, 2, 3)      [3] []
    22     0x00015F80       0xFFFFFF80      0x00000020         (0, 1, 11)      [] [S]
    23     0x00025000       0xFFFFFF80      0x00000208         (0, 2, 10)      [3] [W]
    24     0x0001D500       0xFFFFFF80      0x00000008         (0, 1, 10)      [] [W]
    25     0x00055300       0xFFFFFF00      0x00100000         (0, 5, 10)      [14] []
    26     0x0000F200       0xFFFFFF80      0x00080020         (0, 0, 14)      [13] [S]
    27     0x00013480       0xFFFFFF80      0x000000A1         (0, 1, 6)      [1] [E, S]
    28     0x00009700       0xFFFFFF80      0x00020000         (0, 0, 2)      [11] []
    29     0x0000F080       0xFFFFFF80      0x00010020         (0, 0, 14)      [10] [S]
    30     0x00010380       0xFFFFFF80      0x00000020         (0, 1, 0)      [] [S]
    31     0x00005A00       0xFFFFFF80      0x00008000         (0, 0, 11)      [9] []
    32     0x00013A00       0xFFFFFF80      0x00002020         (0, 1, 7)      [7] [S]
    33     0x0001BF80       0xFFFFFF80      0x00010010         (0, 1, 7)      [10] [SW]
    34     0x0001B780       0xFFFFFF80      0x00080010         (0, 1, 6)      [13] [SW]
    35     0x00014F80       0xFFFFFF80      0x00000020         (0, 1, 9)      [] [S]
    36     0x0000F380       0xFFFFFF80      0x00400020         (0, 0, 14)      [16] [S]
    37     0x00011100       0xFFFFFF80      0x00200030         (0, 1, 2)      [15] [SW, S]
    38     0x0001FA00       0xFFFFFF80      0x00000008         (0, 1, 15)      [] [W]
    39     0x00020280       0xFFFFFF80      0x00000208         (0, 2, 0)      [3] [W]
    40     0x0001D100       0xFFFFFF80      0x00000108         (0, 1, 10)      [2] [W]
    41     0x00018200       0xFFFFFF80      0x00FFFC3D         (0, 1, 0)      [4, 5, 6, 7, 8, 9, 10, 11, 12, 13, 14, 15, 16, 17] [E, N, W, SW, S]
    42     0x0000E400       0xFFFFFF80      0x00200000         (0, 0, 12)      [15] []
    43     0x0000E080       0xFFFFFF80      0x00004000         (0, 0, 12)      [8] []
    44     0x00014A80       0xFFFFFF80      0x00020020         (0, 1, 9)      [11] [S]
    45     0x00019880       0xFFFFFF80      0x00100000         (0, 1, 3)      [14] []
    46     0x00020F00       0xFFFFFF80      0x00000088         (0, 2, 1)      [1] [W]
    47     0x0001AC80       0xFFFFFF80      0x00020000         (0, 1, 5)      [11] []
    48     0x0000D600       0xFFFFFF80      0x00800000         (0, 0, 10)      [17] []
    49     0x00015000       0xFFFFFF80      0x00000020         (0, 1, 10)      [] [S]
    50     0x0000A480       0xFFFFFF80      0x00004000         (0, 0, 4)      [8] []
    51     0x0001D900       0xFFFFFF80      0x00000080         (0, 1, 11)      [1] []
    52     0x00005B80       0xFFFFFF80      0x00040000         (0, 0, 11)      [12] []
    53     0x0001D480       0xFFFFFF80      0x00800008         (0, 1, 10)      [17] [W]
    54     0x0000B280       0xFFFFFF80      0x00001000         (0, 0, 6)      [6] []
    55     0x00024C00       0xFFFFFF80      0x00000002         (0, 2, 9)      [] [NE]
    56     0x00004900       0xFFFFFF80      0x00000800         (0, 0, 9)      [5] []
    57     0x0000A600       0xFFFFFF80      0x00020000         (0, 0, 4)      [11] []
    58     0x00010580       0xFFFFFF80      0x00000020         (0, 1, 0)      [] [S]
    59     0x0001A500       0xFFFFFF80      0x00800000         (0, 1, 4)      [17] []
    60     0x00012D00       0xFFFFFF80      0x00020000         (0, 1, 5)      [11] []
    61     0x0001FC00       0xFFFFFF80      0x00000088         (0, 1, 15)      [1] [W]
    62     0x00017F00       0xFFFFFF80      0x00FFFC3C         (0, 1, 15)      [4, 5, 6, 7, 8, 9, 10, 11, 12, 13, 14, 15, 16, 17] [N, W, SW, S]
    63     0x0000E200       0xFFFFFF80      0x00020000         (0, 0, 12)      [11] []
    64     0x00004880       0xFFFFFF80      0x00000400         (0, 0, 9)      [4] []
    65     0x00017B00       0xFFFFFF80      0x000003BD         (0, 1, 15)      [1, 2, 3] [E, N, W, SW, S]
    66     0x0001BE80       0xFFFFFF80      0x00000110         (0, 1, 7)      [2] [SW]
    67     0x00024D00       0xFFFFFF80      0x00000002         (0, 2, 9)      [] [NE]
    68     0x00020180       0xFFFFFF80      0x00000088         (0, 2, 0)      [1] [W]
    69     0x00019100       0xFFFFFF80      0x00000020         (0, 1, 2)      [] [S]
    70     0x0001F600       0xFFFFFF80      0x00000080         (0, 1, 14)      [1] []
    71     0x00024600       0xFFFFFF80      0x00004000         (0, 2, 8)      [8] []
    72     0x0001E400       0xFFFFFF80      0x00800000         (0, 1, 12)      [17] []
    73     0x0001B500       0xFFFFFF80      0x00000200         (0, 1, 6)      [3] []
    74     0x00010280       0xFFFFFF80      0x00400020         (0, 1, 0)      [16] [S]
    75     0x0000F480       0xFFFFFF80      0x00000020         (0, 0, 14)      [] [S]
    76     0x00020780       0xFFFFFF80      0x00000208         (0, 2, 0)      [3] [W]
    77     0x00014E80       0xFFFFFF80      0x00000020         (0, 1, 9)      [] [S]
    78     0x00020C00       0xFFFFFF80      0x00000208         (0, 2, 1)      [3] [W]
    79     0x00016780       0xFFFFFF80      0x00100030         (0, 1, 12)      [14] [SW, S]
    80     0x00016D00       0xFFFFFF80      0x0000008C         (0, 1, 13)      [1] [N, W]
    81     0x00020100       0xFFFFFF80      0x00000008         (0, 2, 0)      [] [W]
    82     0x0000C480       0xFFFFFF80      0x00040000         (0, 0, 8)      [12] []
    83     0x00000F00       0xFFFFFF80      0x00008000         (0, 0, 1)      [9] []
    84     0x0001A300       0xFFFFFF80      0x00080010         (0, 1, 4)      [13] [SW]
    85     0x0001CA80       0xFFFFFF80      0x00100000         (0, 1, 9)      [14] []
    86     0x0000F100       0xFFFFFF80      0x00020020         (0, 0, 14)      [11] [S]
    87     0x00054A00       0xFFFFFF00      0x00000800         (0, 5, 9)      [5] []
    88     0x00005900       0xFFFFFF80      0x00002000         (0, 0, 11)      [7] []
    89     0x00011200       0xFFFFFF80      0x00800030         (0, 1, 2)      [17] [SW, S]
    90     0x00014B80       0xFFFFFF80      0x00080020         (0, 1, 9)      [13] [S]
    91     0x00004B00       0xFFFFFF80      0x00008000         (0, 0, 9)      [9] []
    92     0x0000F600       0xFFFFFF80      0x00000020         (0, 0, 14)      [] [S]
    93     0x00015080       0xFFFFFF80      0x00000020         (0, 1, 10)      [] [S]
    94     0x0001C780       0xFFFFFF80      0x00000080         (0, 1, 8)      [1] []
    95     0x00022580       0xFFFFFF80      0x00000010         (0, 2, 4)      [] [SW]
    96     0x00024900       0xFFFFFF80      0x00100002         (0, 2, 9)      [14] [NE]
    97     0x00004C80       0xFFFFFF80      0x00040000         (0, 0, 9)      [12] []
    98     0x00020500       0xFFFFFF80      0x00000008         (0, 2, 0)      [] [W]
    99     0x0001C800       0xFFFFFF80      0x00000100         (0, 1, 9)      [2] []
    100     0x00016080       0xFFFFFF80      0x00000120         (0, 1, 12)      [2] [S]
    101     0x00020E00       0xFFFFFF80      0x00000008         (0, 2, 1)      [] [W]
    102     0x00008880       0xFFFFFF80      0x00040000         (0, 0, 1)      [12] []
    103     0x00007980       0xFFFFFF80      0x00040000         (0, 0, 15)      [12] []
    104     0x00013300       0xFFFFFF80      0x00000021         (0, 1, 6)      [] [E, S]
    105     0x0001A480       0xFFFFFF80      0x00400000         (0, 1, 4)      [16] []
    106     0x0000B680       0xFFFFFF80      0x00100000         (0, 0, 6)      [14] []
    107     0x00015500       0xFFFFFF80      0x00000420         (0, 1, 10)      [4] [S]
    108     0x00018100       0xFFFFFF80      0x00FFFC3D         (0, 1, 0)      [4, 5, 6, 7, 8, 9, 10, 11, 12, 13, 14, 15, 16, 17] [E, N, W, SW, S]
    109     0x00003980       0xFFFFFF80      0x00000400         (0, 0, 7)      [4] []
    110     0x00002D00       0xFFFFFF80      0x00008000         (0, 0, 5)      [9] []
    111     0x00014800       0xFFFFFF80      0x00001020         (0, 1, 9)      [6] [S]
    112     0x00010180       0xFFFFFF80      0x00100020         (0, 1, 0)      [14] [S]
    113     0x00010C00       0xFFFFFF80      0x00000800         (0, 1, 1)      [5] []
    114     0x00007A00       0xFFFFFF80      0x00080000         (0, 0, 15)      [13] []
    115     0x0001DC00       0xFFFFFF80      0x00400000         (0, 1, 11)      [16] []
    116     0x00011280       0xFFFFFF80      0x00000030         (0, 1, 2)      [] [SW, S]
    117     0x0001D680       0xFFFFFF80      0x00000008         (0, 1, 10)      [] [W]
    118     0x00046600       0xFFFFFF00      0x00000008         (0, 4, 12)      [] [W]
    119     0x00019A00       0xFFFFFF80      0x00800000         (0, 1, 3)      [17] []
    120     0x0000EF00       0xFFFFFF80      0x00002020         (0, 0, 13)      [7] [S]
    121     0x0001F780       0xFFFFFF80      0x00800010         (0, 1, 14)      [17] [SW]
    122     0x0000E300       0xFFFFFF80      0x00080000         (0, 0, 12)      [13] []
    123     0x0001A280       0xFFFFFF80      0x00040010         (0, 1, 4)      [12] [SW]
    124     0x00021800       0xFFFFFF80      0x00000088         (0, 2, 3)      [1] [W]
    125     0x00015300       0xFFFFFF80      0x00000220         (0, 1, 10)      [3] [S]
    126     0x00021A80       0xFFFFFF80      0x00000108         (0, 2, 3)      [2] [W]
    127     0x00014D80       0xFFFFFF80      0x00800020         (0, 1, 9)      [17] [S]
    128     0x0000B800       0xFFFFFF80      0x00800000         (0, 0, 7)      [17] []
    129     0x00004D00       0xFFFFFF80      0x00080000         (0, 0, 9)      [13] []
    130     0x00008700       0xFFFFFF80      0x00008000         (0, 0, 0)      [9] []
    131     0x00006800       0xFFFFFF80      0x00002000         (0, 0, 13)      [7] []
    132     0x00015880       0xFFFFFF80      0x00020020         (0, 1, 11)      [11] [S]
    133     0x00012580       0xFFFFFF80      0x00000080         (0, 1, 4)      [1] []
    134     0x0000F700       0xFFFFFF80      0x00000020         (0, 0, 14)      [] [S]
    135     0x00021000       0xFFFFFF80      0x00000208         (0, 2, 2)      [3] [W]
    136     0x00017E80       0xFFFFFF80      0x00FFFC3C         (0, 1, 15)      [4, 5, 6, 7, 8, 9, 10, 11, 12, 13, 14, 15, 16, 17] [N, W, SW, S]
    137     0x0001B800       0xFFFFFF80      0x00100000         (0, 1, 7)      [14] []
    138     0x00016980       0xFFFFFF80      0x0000000C         (0, 1, 13)      [] [N, W]
    139     0x0000C580       0xFFFFFF80      0x00100000         (0, 0, 8)      [14] []
    140     0x00014680       0xFFFFFF80      0x00000020         (0, 1, 8)      [] [S]
    141     0x00018000       0xFFFFFF80      0x00FFFC3D         (0, 1, 0)      [4, 5, 6, 7, 8, 9, 10, 11, 12, 13, 14, 15, 16, 17] [E, N, W, SW, S]
    142     0x0000FF00       0xFFFFFF80      0x00008020         (0, 0, 15)      [9] [S]
    143     0x0001C200       0xFFFFFF80      0x00200000         (0, 1, 8)      [15] []
    144     0x0000B400       0xFFFFFF80      0x00008000         (0, 0, 6)      [9] []
    145     0x00018C00       0xFFFFFF80      0x00060020         (0, 1, 1)      [11, 12] [S]
    146     0x00020900       0xFFFFFF80      0x00000008         (0, 2, 1)      [] [W]
    147     0x00016600       0xFFFFFF80      0x00020030         (0, 1, 12)      [11] [SW, S]
    148     0x0000D480       0xFFFFFF80      0x00100000         (0, 0, 10)      [14] []
    149     0x00055200       0xFFFFFF00      0x00080000         (0, 5, 10)      [13] []
    150     0x00007880       0xFFFFFF80      0x00010000         (0, 0, 15)      [10] []
    151     0x00015A80       0xFFFFFF80      0x00200020         (0, 1, 11)      [15] [S]
    152     0x00019480       0xFFFFFF80      0x00001000         (0, 1, 2)      [6] []
    153     0x00011000       0xFFFFFF80      0x00080030         (0, 1, 2)      [13] [SW, S]
    154     0x00017580       0xFFFFFF80      0x00C0038C         (0, 1, 14)      [16, 1, 2, 3, 17] [N, W]
    155     0x0001AE80       0xFFFFFF80      0x00200000         (0, 1, 5)      [15] []
    156     0x00002C00       0xFFFFFF80      0x00002000         (0, 0, 5)      [7] []
    157     0x00019200       0xFFFFFF80      0x00000020         (0, 1, 2)      [] [S]
    158     0x00021580       0xFFFFFF80      0x00000088         (0, 2, 2)      [1] [W]
    159     0x00054F00       0xFFFFFF00      0x00010000         (0, 5, 9)      [10] []
    160     0x00022B00       0xFFFFFF80      0x00FFFC00         (0, 2, 5)      [4, 5, 6, 7, 8, 9, 10, 11, 12, 13, 14, 15, 16, 17] []
    161     0x00021B00       0xFFFFFF80      0x00000200         (0, 2, 3)      [3] []
    162     0x00013980       0xFFFFFF80      0x00001020         (0, 1, 7)      [6] [S]
    163     0x00019680       0xFFFFFF80      0x00010000         (0, 1, 2)      [10] []
    164     0x0000C180       0xFFFFFF80      0x00001000         (0, 0, 8)      [6] []
    165     0x00011680       0xFFFFFF80      0x00000080         (0, 1, 2)      [1] []
    166     0x0001C280       0xFFFFFF80      0x00400000         (0, 1, 8)      [16] []
    167     0x00024F80       0xFFFFFF80      0x00000108         (0, 2, 9)      [2] [W]
    168     0x00016700       0xFFFFFF80      0x00080030         (0, 1, 12)      [13] [SW, S]
    169     0x00018680       0xFFFFFF80      0x00FFFC20         (0, 1, 0)      [4, 5, 6, 7, 8, 9, 10, 11, 12, 13, 14, 15, 16, 17] [S]
    170     0x00016300       0xFFFFFF80      0x00000830         (0, 1, 12)      [5] [SW, S]
    171     0x0001D980       0xFFFFFF80      0x00000100         (0, 1, 11)      [2] []
    172     0x0001F080       0xFFFFFF80      0x00000200         (0, 1, 14)      [3] []
    173     0x00015580       0xFFFFFF80      0x00000820         (0, 1, 10)      [5] [S]
    174     0x00016500       0xFFFFFF80      0x00008030         (0, 1, 12)      [9] [SW, S]
    175     0x00014980       0xFFFFFF80      0x00008020         (0, 1, 9)      [9] [S]
    176     0x00015980       0xFFFFFF80      0x00080020         (0, 1, 11)      [13] [S]
    177     0x0001F900       0xFFFFFF80      0x00000008         (0, 1, 15)      [] [W]
    178     0x0000B480       0xFFFFFF80      0x00010000         (0, 0, 6)      [10] []
    179     0x00011F80       0xFFFFFF80      0x00100000         (0, 1, 3)      [14] []
    180     0x00019400       0xFFFFFF80      0x00000200         (0, 1, 2)      [3] []
    181     0x00001D80       0xFFFFFF80      0x00004000         (0, 0, 3)      [8] []
    182     0x00004A80       0xFFFFFF80      0x00004000         (0, 0, 9)      [8] []
    183     0x00018480       0xFFFFFF80      0x00FFFC20         (0, 1, 0)      [4, 5, 6, 7, 8, 9, 10, 11, 12, 13, 14, 15, 16, 17] [S]
    184     0x00012980       0xFFFFFF80      0x00000400         (0, 1, 5)      [4] []
    185     0x00024880       0xFFFFFF80      0x00080002         (0, 2, 9)      [13] [NE]
    186     0x00015B80       0xFFFFFF80      0x00800020         (0, 1, 11)      [17] [S]
    187     0x0001CF80       0xFFFFFF80      0x00000008         (0, 1, 9)      [] [W]
    188     0x00011E80       0xFFFFFF80      0x00040000         (0, 1, 3)      [12] []
    189     0x0000B200       0xFFFFFF80      0x00000800         (0, 0, 6)      [5] []
    190     0x0001D300       0xFFFFFF80      0x00100008         (0, 1, 10)      [14] [W]
    191     0x0000C700       0xFFFFFF80      0x00800000         (0, 0, 8)      [17] []
    192     0x0000A380       0xFFFFFF80      0x00001000         (0, 0, 4)      [6] []
    193     0x00024980       0xFFFFFF80      0x00200002         (0, 2, 9)      [15] [NE]
    194     0x00015D80       0xFFFFFF80      0x00000020         (0, 1, 11)      [] [S]
    195     0x00009500       0xFFFFFF80      0x00002000         (0, 0, 2)      [7] []
    196     0x0001CB00       0xFFFFFF80      0x00200000         (0, 1, 9)      [15] []
    197     0x00007B00       0xFFFFFF80      0x00200000         (0, 0, 15)      [15] []
    198     0x00010E00       0xFFFFFF80      0x00008030         (0, 1, 1)      [9] [SW, S]
    199     0x00011D00       0xFFFFFF80      0x00008000         (0, 1, 3)      [9] []
    200     0x00012F80       0xFFFFFF80      0x00400020         (0, 1, 5)      [16] [S]
    201     0x00024C80       0xFFFFFF80      0x00000002         (0, 2, 9)      [] [NE]
    202     0x00017300       0xFFFFFF80      0x0006038C         (0, 1, 14)      [3, 1, 2, 11, 12] [N, W]
    203     0x00009980       0xFFFFFF80      0x00400000         (0, 0, 3)      [16] []
    204     0x00012080       0xFFFFFF80      0x00400000         (0, 1, 4)      [16] []
    205     0x00014000       0xFFFFFF80      0x00000020         (0, 1, 8)      [] [S]
    206     0x00020680       0xFFFFFF80      0x00000088         (0, 2, 0)      [1] [W]
    207     0x00008580       0xFFFFFF80      0x00001000         (0, 0, 0)      [6] []
    208     0x00013E00       0xFFFFFF80      0x00200020         (0, 1, 7)      [15] [S]
    209     0x00006880       0xFFFFFF80      0x00004000         (0, 0, 13)      [8] []
    210     0x00021300       0xFFFFFF80      0x00000108         (0, 2, 2)      [2] [W]
    211     0x0000F500       0xFFFFFF80      0x00000020         (0, 0, 14)      [] [S]
    212     0x00023C80       0xFFFFFF80      0x00000010         (0, 2, 7)      [] [SW]
    213     0x00020880       0xFFFFFF80      0x00000008         (0, 2, 1)      [] [W]
    214     0x0001FA80       0xFFFFFF80      0x00000008         (0, 1, 15)      [] [W]
    215     0x0000C280       0xFFFFFF80      0x00004000         (0, 0, 8)      [8] []
    216     0x0001E380       0xFFFFFF80      0x00400000         (0, 1, 12)      [16] []
    217     0x00013B00       0xFFFFFF80      0x00008020         (0, 1, 7)      [9] [S]
    218     0x00020C80       0xFFFFFF80      0x00000008         (0, 2, 1)      [] [W]
    219     0x0000D580       0xFFFFFF80      0x00400000         (0, 0, 10)      [16] []
    220     0x00018580       0xFFFFFF80      0x00FFFC20         (0, 1, 0)      [4, 5, 6, 7, 8, 9, 10, 11, 12, 13, 14, 15, 16, 17] [S]
    221     0x00003B80       0xFFFFFF80      0x00004000         (0, 0, 7)      [8] []
    222     0x00020000       0xFFFFFF80      0x00000008         (0, 2, 0)      [] [W]
    223     0x00021100       0xFFFFFF80      0x00000008         (0, 2, 2)      [] [W]
    224     0x00003A00       0xFFFFFF80      0x00000800         (0, 0, 7)      [5] []
    225     0x00015C80       0xFFFFFF80      0x00000020         (0, 1, 11)      [] [S]
    226     0x00009880       0xFFFFFF80      0x00100000         (0, 0, 3)      [14] []
    227     0x00024400       0xFFFFFF80      0x00000402         (0, 2, 8)      [4] [NE]
    228     0x0001D700       0xFFFFFF80      0x00000008         (0, 1, 10)      [] [W]
    229     0x00015D00       0xFFFFFF80      0x00000020         (0, 1, 11)      [] [S]
    230     0x0000D200       0xFFFFFF80      0x00008000         (0, 0, 10)      [9] []
    231     0x00014200       0xFFFFFF80      0x00000020         (0, 1, 8)      [] [S]
    232     0x00019780       0xFFFFFF80      0x00040000         (0, 1, 2)      [12] []
    233     0x00054600       0xFFFFFF00      0x00000080         (0, 5, 8)      [1] []
    234     0x00013D00       0xFFFFFF80      0x00080020         (0, 1, 7)      [13] [S]
    235     0x00054B00       0xFFFFFF00      0x00001000         (0, 5, 9)      [6] []
    236     0x00021400       0xFFFFFF80      0x00000008         (0, 2, 2)      [] [W]
    237     0x00013F00       0xFFFFFF80      0x00800020         (0, 1, 7)      [17] [S]
    238     0x00011480       0xFFFFFF80      0x00000020         (0, 1, 2)      [] [S]
    239     0x00021D80       0xFFFFFF80      0x00000200         (0, 2, 3)      [3] []
    240     0x00017780       0xFFFFFF80      0x0000038C         (0, 1, 14)      [1, 2, 3] [N, W]
    241     0x00002D80       0xFFFFFF80      0x00010000         (0, 0, 5)      [10] []
    242     0x00018380       0xFFFFFF80      0x00FFFC20         (0, 1, 0)      [4, 5, 6, 7, 8, 9, 10, 11, 12, 13, 14, 15, 16, 17] [S]
    243     0x00000E00       0xFFFFFF80      0x00002000         (0, 0, 1)      [7] []
    244     0x00054E00       0xFFFFFF00      0x00008000         (0, 5, 9)      [9] []
    245     0x00020800       0xFFFFFF80      0x00000008         (0, 2, 1)      [] [W]
    246     0x00013A80       0xFFFFFF80      0x00004020         (0, 1, 7)      [8] [S]
    247     0x00021280       0xFFFFFF80      0x00000088         (0, 2, 2)      [1] [W]
    248     0x00020A80       0xFFFFFF80      0x00000008         (0, 2, 1)      [] [W]
    249     0x00017180       0xFFFFFF80      0x0000C38C         (0, 1, 14)      [8, 1, 2, 3, 9] [N, W]
    250     0x00019600       0xFFFFFF80      0x00008000         (0, 1, 2)      [9] []
    251     0x00010F00       0xFFFFFF80      0x00020030         (0, 1, 1)      [11] [SW, S]
    252     0x0001C080       0xFFFFFF80      0x00040010         (0, 1, 8)      [12] [SW]
    253     0x0001FE80       0xFFFFFF80      0x00000008         (0, 1, 15)      [] [W]
    254     0x00012C00       0xFFFFFF80      0x00008000         (0, 1, 5)      [9] []
    255     0x00021700       0xFFFFFF80      0x00000008         (0, 2, 2)      [] [W]
    256     0x00007600       0xFFFFFF80      0x00000800         (0, 0, 14)      [5] []
    257     0x00013080       0xFFFFFF80      0x00000020         (0, 1, 6)      [] [S]
    258     0x00014280       0xFFFFFF80      0x00000020         (0, 1, 8)      [] [S]
    259     0x00016E80       0xFFFFFF80      0x0000020C         (0, 1, 13)      [3] [N, W]
    260     0x0001F800       0xFFFFFF80      0x00000010         (0, 1, 15)      [] [SW]
    261     0x0001B600       0xFFFFFF80      0x00010010         (0, 1, 6)      [10] [SW]
    262     0x0001B700       0xFFFFFF80      0x00040010         (0, 1, 6)      [12] [SW]
    263     0x0000FE00       0xFFFFFF80      0x00002020         (0, 0, 15)      [7] [S]
    264     0x00018D80       0xFFFFFF80      0x00300020         (0, 1, 1)      [14, 15] [S]
    265     0x0001AB80       0xFFFFFF80      0x00008000         (0, 1, 5)      [9] []
    266     0x0001A100       0xFFFFFF80      0x00008010         (0, 1, 4)      [9] [SW]
    267     0x00013880       0xFFFFFF80      0x00000420         (0, 1, 7)      [4] [S]
    268     0x0001BE00       0xFFFFFF80      0x00000080         (0, 1, 7)      [1] []
    269     0x00013C00       0xFFFFFF80      0x00020020         (0, 1, 7)      [11] [S]
    270     0x0000E100       0xFFFFFF80      0x00008000         (0, 0, 12)      [9] []
    271     0x00054C00       0xFFFFFF00      0x00002000         (0, 5, 9)      [7] []
    272     0x00016A00       0xFFFFFF80      0x0000000C         (0, 1, 13)      [] [N, W]
    273     0x0001E280       0xFFFFFF80      0x00100000         (0, 1, 12)      [14] []
    274     0x00002C80       0xFFFFFF80      0x00004000         (0, 0, 5)      [8] []
    275     0x0001B480       0xFFFFFF80      0x00000100         (0, 1, 6)      [2] []
    276     0x00015E80       0xFFFFFF80      0x00000020         (0, 1, 11)      [] [S]
    277     0x00016100       0xFFFFFF80      0x00000220         (0, 1, 12)      [3] [S]
    278     0x00014D00       0xFFFFFF80      0x00400020         (0, 1, 9)      [16] [S]
    279     0x0000C380       0xFFFFFF80      0x00010000         (0, 0, 8)      [10] []
    280     0x00024E80       0xFFFFFF80      0x00000008         (0, 2, 9)      [] [W]
    281     0x0000C680       0xFFFFFF80      0x00400000         (0, 0, 8)      [16] []
    282     0x0000FC80       0xFFFFFF80      0x00000420         (0, 0, 15)      [4] [S]
    283     0x0001A000       0xFFFFFF80      0x00002010         (0, 1, 4)      [7] [SW]
    284     0x00013580       0xFFFFFF80      0x00000221         (0, 1, 6)      [3] [E, S]
    285     0x00024E00       0xFFFFFF80      0x00000008         (0, 2, 9)      [] [W]
    286     0x00019080       0xFFFFFF80      0x00000020         (0, 1, 2)      [] [S]
    287     0x0000A800       0xFFFFFF80      0x00200000         (0, 0, 5)      [15] []
    288     0x0001F180       0xFFFFFF80      0x00800010         (0, 1, 14)      [17] [SW]
    289     0x00016B80       0xFFFFFF80      0x0000000C         (0, 1, 13)      [] [N, W]
    290     0x00005780       0xFFFFFF80      0x00000400         (0, 0, 10)      [4] []
    291     0x00016900       0xFFFFFF80      0x00800030         (0, 1, 13)      [17] [SW, S]
    292     0x00010080       0xFFFFFF80      0x00040020         (0, 1, 0)      [12] [S]
    293     0x00001C80       0xFFFFFF80      0x00001000         (0, 0, 3)      [6] []
    294     0x0000B180       0xFFFFFF80      0x00000400         (0, 0, 6)      [4] []
    295     0x00017100       0xFFFFFF80      0x0000638C         (0, 1, 14)      [8, 1, 2, 3, 7] [N, W]
    296     0x00006A00       0xFFFFFF80      0x00020000         (0, 0, 13)      [11] []
    297     0x00008800       0xFFFFFF80      0x00020000         (0, 0, 1)      [11] []
    298     0x00019900       0xFFFFFF80      0x00200000         (0, 1, 3)      [15] []
    299     0x0001D200       0xFFFFFF80      0x00040000         (0, 1, 10)      [12] []
    300     0x0001EF80       0xFFFFFF80      0x00000080         (0, 1, 13)      [1] []
    301     0x00018900       0xFFFFFF80      0x00001820         (0, 1, 1)      [5, 6] [S]
    302     0x00011B00       0xFFFFFF80      0x00000800         (0, 1, 3)      [5] []
    303     0x00054700       0xFFFFFF00      0x00000100         (0, 5, 8)      [2] []
    304     0x00016000       0xFFFFFF80      0x000000A0         (0, 1, 12)      [1] [S]
    305     0x00055400       0xFFFFFF00      0x00200000         (0, 5, 10)      [15] []
    306     0x00018C80       0xFFFFFF80      0x000C0020         (0, 1, 1)      [12, 13] [S]
    307     0x0000D100       0xFFFFFF80      0x00002000         (0, 0, 10)      [7] []
    308     0x00015480       0xFFFFFF80      0x00000020         (0, 1, 10)      [] [S]
    309     0x00016B00       0xFFFFFF80      0x0000000C         (0, 1, 13)      [] [N, W]
    310     0x00006B80       0xFFFFFF80      0x00100000         (0, 0, 13)      [14] []
    311     0x00021D00       0xFFFFFF80      0x00000100         (0, 2, 3)      [2] []
    312     0x00015800       0xFFFFFF80      0x00010020         (0, 1, 11)      [10] [S]
    313     0x00016480       0xFFFFFF80      0x00004030         (0, 1, 12)      [8] [SW, S]
    314     0x00021980       0xFFFFFF80      0x00000008         (0, 2, 3)      [] [W]
    315     0x00003D00       0xFFFFFF80      0x00020000         (0, 0, 7)      [11] []
    316     0x00017D00       0xFFFFFF80      0x00FFFC3C         (0, 1, 15)      [4, 5, 6, 7, 8, 9, 10, 11, 12, 13, 14, 15, 16, 17] [N, W, SW, S]
    317     0x00005800       0xFFFFFF80      0x00000800         (0, 0, 11)      [5] []
    318     0x00016180       0xFFFFFF80      0x00000030         (0, 1, 12)      [] [SW, S]
    319     0x00014880       0xFFFFFF80      0x00002020         (0, 1, 9)      [7] [S]
    320     0x0001E180       0xFFFFFF80      0x00000110         (0, 1, 12)      [2] [SW]
    321     0x0001DA80       0xFFFFFF80      0x00080000         (0, 1, 11)      [13] []
    322     0x0000A500       0xFFFFFF80      0x00008000         (0, 0, 4)      [9] []
    323     0x00007680       0xFFFFFF80      0x00001000         (0, 0, 14)      [6] []
    324     0x00011C00       0xFFFFFF80      0x00002000         (0, 1, 3)      [7] []
    325     0x00024F00       0xFFFFFF80      0x00000088         (0, 2, 9)      [1] [W]
    326     0x0000E500       0xFFFFFF80      0x00800000         (0, 0, 12)      [17] []
    327     0x00004B80       0xFFFFFF80      0x00010000         (0, 0, 9)      [10] []
    328     0x0001C300       0xFFFFFF80      0x00800000         (0, 1, 8)      [17] []
    329     0x00022780       0xFFFFFF80      0x00000010         (0, 2, 4)      [] [SW]
    330     0x00014C00       0xFFFFFF80      0x00100020         (0, 1, 9)      [14] [S]
    331     0x00005880       0xFFFFFF80      0x00001000         (0, 0, 11)      [6] []
    332     0x00011380       0xFFFFFF80      0x00000020         (0, 1, 2)      [] [S]
    333     0x00016800       0xFFFFFF80      0x00200030         (0, 1, 13)      [15] [SW, S]
    334     0x0000A400       0xFFFFFF80      0x00002000         (0, 0, 4)      [7] []
    335     0x0000ED00       0xFFFFFF80      0x00000020         (0, 0, 13)      [] [S]
    336     0x00017280       0xFFFFFF80      0x0003038C         (0, 1, 14)      [3, 1, 2, 11, 10] [N, W]
    337     0x00008A80       0xFFFFFF80      0x00400000         (0, 0, 1)      [16] []
    338     0x00017380       0xFFFFFF80      0x000C038C         (0, 1, 14)      [1, 2, 3, 12, 13] [N, W]
    339     0x0000EF80       0xFFFFFF80      0x00004020         (0, 0, 13)      [8] [S]
    340     0x00016F80       0xFFFFFF80      0x00000F8C         (0, 1, 13)      [1, 2, 3, 4, 5] [N, W]
    341     0x00010400       0xFFFFFF80      0x00000020         (0, 1, 0)      [] [S]
    342     0x00013100       0xFFFFFF80      0x00000021         (0, 1, 6)      [] [E, S]
    343     0x0000EE80       0xFFFFFF80      0x00001020         (0, 0, 13)      [6] [S]
    344     0x0000D300       0xFFFFFF80      0x00020000         (0, 0, 10)      [11] []
    345     0x00020F80       0xFFFFFF80      0x00000108         (0, 2, 1)      [2] [W]
    346     0x00005A80       0xFFFFFF80      0x00010000         (0, 0, 11)      [10] []
    347     0x00009A00       0xFFFFFF80      0x00800000         (0, 0, 3)      [17] []
    348     0x00002A80       0xFFFFFF80      0x00000400         (0, 0, 5)      [4] []
    349     0x00020580       0xFFFFFF80      0x00000008         (0, 2, 0)      [] [W]
    350     0x00024700       0xFFFFFF80      0x00010000         (0, 2, 8)      [10] []
    351     0x0001BF00       0xFFFFFF80      0x00000200         (0, 1, 7)      [3] []
    352     0x00024A00       0xFFFFFF80      0x00400002         (0, 2, 9)      [16] [NE]
    353     0x00010700       0xFFFFFF80      0x00000020         (0, 1, 0)      [] [S]
    354     0x00016C80       0xFFFFFF80      0x0000000C         (0, 1, 13)      [] [N, W]
    355     0x00009780       0xFFFFFF80      0x00040000         (0, 0, 2)      [12] []
    356     0x00018F80       0xFFFFFF80      0x00000020         (0, 1, 1)      [] [S]
    357     0x00013E80       0xFFFFFF80      0x00400020         (0, 1, 7)      [16] [S]
    358     0x00020700       0xFFFFFF80      0x00000108         (0, 2, 0)      [2] [W]
    359     0x00024380       0xFFFFFF80      0x00000002         (0, 2, 8)      [] [NE]
    360     0x00046900       0xFFFFFF00      0x00000008         (0, 4, 13)      [] [W]
    361     0x0000D000       0xFFFFFF80      0x00000800         (0, 0, 10)      [5] []
    362     0x00017500       0xFFFFFF80      0x0060038C         (0, 1, 14)      [16, 1, 2, 3, 15] [N, W]
    363     0x00008B00       0xFFFFFF80      0x00800000         (0, 0, 1)      [17] []
    364     0x0001D000       0xFFFFFF80      0x00000008         (0, 1, 10)      [] [W]
    365     0x0000B300       0xFFFFFF80      0x00002000         (0, 0, 6)      [7] []
    366     0x00011F00       0xFFFFFF80      0x00080000         (0, 1, 3)      [13] []
    367     0x0001D280       0xFFFFFF80      0x00080000         (0, 1, 10)      [13] []
    368     0x0001D180       0xFFFFFF80      0x00000208         (0, 1, 10)      [3] [W]
    369     0x0001FD00       0xFFFFFF80      0x00000208         (0, 1, 15)      [3] [W]
    370     0x00018E80       0xFFFFFF80      0x00C00020         (0, 1, 1)      [16, 17] [S]
    371     0x0000FF80       0xFFFFFF80      0x00010020         (0, 0, 15)      [10] [S]
    372     0x00014C80       0xFFFFFF80      0x00200020         (0, 1, 9)      [15] [S]
    373     0x00017880       0xFFFFFF80      0x0000038C         (0, 1, 15)      [1, 2, 3] [N, W]
    374     0x00013400       0xFFFFFF80      0x00000021         (0, 1, 6)      [] [E, S]
    375     0x00017C80       0xFFFFFF80      0x00FFFC3C         (0, 1, 15)      [4, 5, 6, 7, 8, 9, 10, 11, 12, 13, 14, 15, 16, 17] [N, W, SW, S]
    376     0x0000F780       0xFFFFFF80      0x00000020         (0, 0, 14)      [] [S]
    377     0x0000A680       0xFFFFFF80      0x00040000         (0, 0, 4)      [12] []
    378     0x00014300       0xFFFFFF80      0x00000020         (0, 1, 8)      [] [S]
    379     0x00019000       0xFFFFFF80      0x00000020         (0, 1, 2)      [] [S]
    380     0x0001FB00       0xFFFFFF80      0x00000008         (0, 1, 15)      [] [W]
    381     0x00010600       0xFFFFFF80      0x00000020         (0, 1, 0)      [] [S]
    382     0x00020080       0xFFFFFF80      0x00000008         (0, 2, 0)      [] [W]
    383     0x0001AF00       0xFFFFFF80      0x00400000         (0, 1, 5)      [16] []
    384     0x00054900       0xFFFFFF00      0x00000400         (0, 5, 9)      [4] []
    385     0x00012F00       0xFFFFFF80      0x00200020         (0, 1, 5)      [15] [S]
    386     0x0001F980       0xFFFFFF80      0x00000008         (0, 1, 15)      [] [W]
    387     0x0001E300       0xFFFFFF80      0x00200000         (0, 1, 12)      [15] []
    388     0x0001CA00       0xFFFFFF80      0x00080000         (0, 1, 9)      [13] []
    389     0x0001FE00       0xFFFFFF80      0x00000008         (0, 1, 15)      [] [W]
    390     0x00013900       0xFFFFFF80      0x00000820         (0, 1, 7)      [5] [S]
    391     0x0000F300       0xFFFFFF80      0x00200020         (0, 0, 14)      [15] [S]
    392     0x0000E280       0xFFFFFF80      0x00040000         (0, 0, 12)      [12] []
    393     0x00017E00       0xFFFFFF80      0x00FFFC3C         (0, 1, 15)      [4, 5, 6, 7, 8, 9, 10, 11, 12, 13, 14, 15, 16, 17] [N, W, SW, S]
    394     0x00009680       0xFFFFFF80      0x00010000         (0, 0, 2)      [10] []
    395     0x0000EE00       0xFFFFFF80      0x00000820         (0, 0, 13)      [5] [S]
    396     0x00010C80       0xFFFFFF80      0x00001030         (0, 1, 1)      [6] [SW, S]
    397     0x00002B00       0xFFFFFF80      0x00000800         (0, 0, 5)      [5] []
    398     0x0001AD80       0xFFFFFF80      0x00080000         (0, 1, 5)      [13] []
    399     0x0000C080       0xFFFFFF80      0x00000400         (0, 0, 8)      [4] []
    400     0x00020B00       0xFFFFFF80      0x00000088         (0, 2, 1)      [1] [W]
    401     0x00014F00       0xFFFFFF80      0x00000020         (0, 1, 9)      [] [S]
    402     0x00017200       0xFFFFFF80      0x0001838C         (0, 1, 14)      [1, 2, 3, 10, 9] [N, W]
    403     0x00010300       0xFFFFFF80      0x00800020         (0, 1, 0)      [17] [S]
    404     0x00015600       0xFFFFFF80      0x00001020         (0, 1, 10)      [6] [S]
    405     0x00022A80       0xFFFFFF80      0x00000380         (0, 2, 5)      [1, 2, 3] []
    406     0x00005980       0xFFFFFF80      0x00004000         (0, 0, 11)      [8] []
    407     0x0001B980       0xFFFFFF80      0x00800000         (0, 1, 7)      [17] []
    408     0x0000F000       0xFFFFFF80      0x00008020         (0, 0, 14)      [9] [S]
    409     0x00017680       0xFFFFFF80      0x0000038C         (0, 1, 14)      [1, 2, 3] [N, W]
    410     0x0000C500       0xFFFFFF80      0x00080000         (0, 0, 8)      [13] []
    411     0x00006700       0xFFFFFF80      0x00000800         (0, 0, 12)      [5] []
    412     0x00010500       0xFFFFFF80      0x00000020         (0, 1, 0)      [] [S]
    413     0x00018F00       0xFFFFFF80      0x00800020         (0, 1, 1)      [17] [S]
    414     0x00014A00       0xFFFFFF80      0x00010020         (0, 1, 9)      [10] [S]
    415     0x00008500       0xFFFFFF80      0x00000800         (0, 0, 0)      [5] []
    416     0x00021900       0xFFFFFF80      0x00000208         (0, 2, 3)      [3] [W]
    417     0x0001D080       0xFFFFFF80      0x00000088         (0, 1, 10)      [1] [W]
    418     0x00017480       0xFFFFFF80      0x0030038C         (0, 1, 14)      [1, 2, 3, 14, 15] [N, W]
    419     0x0000D400       0xFFFFFF80      0x00080000         (0, 0, 10)      [13] []
    420     0x00012C80       0xFFFFFF80      0x00010000         (0, 1, 5)      [10] []
    421     0x0000DF80       0xFFFFFF80      0x00001000         (0, 0, 11)      [6] []
    422     0x00001E80       0xFFFFFF80      0x00010000         (0, 0, 3)      [10] []
    423     0x00016F00       0xFFFFFF80      0x0000078C         (0, 1, 13)      [1, 2, 3, 4] [N, W]
    424     0x0001FD80       0xFFFFFF80      0x00000008         (0, 1, 15)      [] [W]
    425     0x00020600       0xFFFFFF80      0x00000008         (0, 2, 0)      [] [W]
    426     0x00000C80       0xFFFFFF80      0x00000400         (0, 0, 1)      [4] []
    427     0x00016580       0xFFFFFF80      0x00010030         (0, 1, 12)      [10] [SW, S]
    428     0x00016D80       0xFFFFFF80      0x0000018C         (0, 1, 13)      [1, 2] [N, W]
    429     0x00018500       0xFFFFFF80      0x00FFFC20         (0, 1, 0)      [4, 5, 6, 7, 8, 9, 10, 11, 12, 13, 14, 15, 16, 17] [S]
    430     0x0000B580       0xFFFFFF80      0x00040000         (0, 0, 6)      [12] []
    431     0x00001B80       0xFFFFFF80      0x00000400         (0, 0, 3)      [4] []
    432     0x0000A580       0xFFFFFF80      0x00010000         (0, 0, 4)      [10] []
    433     0x00017A00       0xFFFFFF80      0x0000038C         (0, 1, 15)      [1, 2, 3] [N, W]
    434     0x00014400       0xFFFFFF80      0x00000120         (0, 1, 8)      [2] [S]
    435     0x00015A00       0xFFFFFF80      0x00100020         (0, 1, 11)      [14] [S]
    436     0x0001AD00       0xFFFFFF80      0x00040000         (0, 1, 5)      [12] []
    437     0x0001C100       0xFFFFFF80      0x00080010         (0, 1, 8)      [13] [SW]
    438     0x00020480       0xFFFFFF80      0x00000008         (0, 2, 0)      [] [W]
    439     0x00010200       0xFFFFFF80      0x00200020         (0, 1, 0)      [15] [S]
    440     0x00004C00       0xFFFFFF80      0x00020000         (0, 0, 9)      [11] []
    441     0x00014E00       0xFFFFFF80      0x00000020         (0, 1, 9)      [] [S]
    442     0x0001C980       0xFFFFFF80      0x00040000         (0, 1, 9)      [12] []
    443     0x00016200       0xFFFFFF80      0x00000030         (0, 1, 12)      [] [SW, S]
    444     0x00009400       0xFFFFFF80      0x00000800         (0, 0, 2)      [5] []
    445     0x00021B80       0xFFFFFF80      0x00000080         (0, 2, 3)      [1] []
    446     0x00009580       0xFFFFFF80      0x00004000         (0, 0, 2)      [8] []
    447     0x00019180       0xFFFFFF80      0x00000020         (0, 1, 2)      [] [S]
    448     0x00016380       0xFFFFFF80      0x00001030         (0, 1, 12)      [6] [SW, S]
    449     0x00014700       0xFFFFFF80      0x00000420         (0, 1, 8)      [4] [S]
    450     0x00024580       0xFFFFFF80      0x00002000         (0, 2, 8)      [7] []
    451     0x0001DB80       0xFFFFFF80      0x00200000         (0, 1, 11)      [15] []
    452     0x00015700       0xFFFFFF80      0x00004020         (0, 1, 10)      [8] [S]
    453     0x00010D80       0xFFFFFF80      0x00004030         (0, 1, 1)      [8] [SW, S]
    454     0x0001AA00       0xFFFFFF80      0x00000100         (0, 1, 5)      [2] []
    455     0x0000C300       0xFFFFFF80      0x00008000         (0, 0, 8)      [9] []
    456     0x00000D80       0xFFFFFF80      0x00001000         (0, 0, 1)      [6] []
    457     0x00018280       0xFFFFFF80      0x00FFFC3D         (0, 1, 0)      [4, 5, 6, 7, 8, 9, 10, 11, 12, 13, 14, 15, 16, 17] [E, N, W, SW, S]
    458     0x00018180       0xFFFFFF80      0x00FFFC3D         (0, 1, 0)      [4, 5, 6, 7, 8, 9, 10, 11, 12, 13, 14, 15, 16, 17] [E, N, W, SW, S]
    459     0x0000F400       0xFFFFFF80      0x00800020         (0, 0, 14)      [17] [S]
    460     0x0001F000       0xFFFFFF80      0x00000110         (0, 1, 14)      [2] [SW]
    461     0x00012A00       0xFFFFFF80      0x00000800         (0, 1, 5)      [5] []
    462     0x00015900       0xFFFFFF80      0x00040020         (0, 1, 11)      [12] [S]
    463     0x00018080       0xFFFFFF80      0x00FFFC3D         (0, 1, 0)      [4, 5, 6, 7, 8, 9, 10, 11, 12, 13, 14, 15, 16, 17] [E, N, W, SW, S]
    464     0x0000F580       0xFFFFFF80      0x00000020         (0, 0, 14)      [] [S]
    465     0x00024B80       0xFFFFFF80      0x00000002         (0, 2, 9)      [] [NE]
    466     0x00017400       0xFFFFFF80      0x0018038C         (0, 1, 14)      [1, 2, 3, 13, 14] [N, W]
    467     0x0001C180       0xFFFFFF80      0x00100000         (0, 1, 8)      [14] []
    468     0x00006900       0xFFFFFF80      0x00008000         (0, 0, 13)      [9] []
    469     0x00017000       0xFFFFFF80      0x00001B8C         (0, 1, 14)      [1, 2, 3, 5, 6] [N, W]
    470     0x00021080       0xFFFFFF80      0x00000008         (0, 2, 2)      [] [W]
    471     0x0001FF80       0xFFFFFF80      0x00000008         (0, 1, 15)      [] [W]
    472     0x00021880       0xFFFFFF80      0x00000108         (0, 2, 3)      [2] [W]
    473     0x00007900       0xFFFFFF80      0x00020000         (0, 0, 15)      [11] []
    474     0x00018A80       0xFFFFFF80      0x0000C020         (0, 1, 1)      [8, 9] [S]
    475     0x00019F80       0xFFFFFF80      0x00000200         (0, 1, 3)      [3] []
    476     0x00005C00       0xFFFFFF80      0x00080000         (0, 0, 11)      [13] []
    477     0x0000B600       0xFFFFFF80      0x00080000         (0, 0, 6)      [13] []
    478     0x0000D380       0xFFFFFF80      0x00040000         (0, 0, 10)      [12] []
    479     0x00024D80       0xFFFFFF80      0x00000002         (0, 2, 9)      [] [NE]
    480     0x00018A00       0xFFFFFF80      0x00006020         (0, 1, 1)      [8, 7] [S]
    481     0x00010100       0xFFFFFF80      0x00080020         (0, 1, 0)      [13] [S]
    482     0x0001DA00       0xFFFFFF80      0x00000200         (0, 1, 11)      [3] []
    483     0x00018700       0xFFFFFF80      0x00FFFCA0         (0, 1, 0)      [1, 4, 5, 6, 7, 8, 9, 10, 11, 12, 13, 14, 15, 16, 17] [S]
    484     0x00008680       0xFFFFFF80      0x00004000         (0, 0, 0)      [8] []
    485     0x0000A900       0xFFFFFF80      0x00800000         (0, 0, 5)      [17] []
    486     0x00008600       0xFFFFFF80      0x00002000         (0, 0, 0)      [7] []
    487     0x00015B00       0xFFFFFF80      0x00400020         (0, 1, 11)      [16] [S]
    488     0x00020E80       0xFFFFFF80      0x00000008         (0, 2, 1)      [] [W]
    489     0x00024B00       0xFFFFFF80      0x00000002         (0, 2, 9)      [] [NE]
    490     0x00015F00       0xFFFFFF80      0x00000020         (0, 1, 11)      [] [S]
    491     0x00012B00       0xFFFFFF80      0x00002000         (0, 1, 5)      [7] []
    492     0x00011080       0xFFFFFF80      0x00100030         (0, 1, 2)      [14] [SW, S]
    493     0x00004980       0xFFFFFF80      0x00001000         (0, 0, 9)      [6] []
    494     0x0001AF80       0xFFFFFF80      0x00800000         (0, 1, 5)      [17] []
    495     0x00019700       0xFFFFFF80      0x00020000         (0, 1, 2)      [11] []
    496     0x00015280       0xFFFFFF80      0x00000120         (0, 1, 10)      [2] [S]
    497     0x0000D500       0xFFFFFF80      0x00200000         (0, 0, 10)      [15] []
    498     0x00019280       0xFFFFFF80      0x00000020         (0, 1, 2)      [] [S]
    499     0x0001B400       0xFFFFFF80      0x00000080         (0, 1, 6)      [1] []
    500     0x00000E80       0xFFFFFF80      0x00004000         (0, 0, 1)      [8] []
    501     0x00020A00       0xFFFFFF80      0x00000008         (0, 2, 1)      [] [W]
    502     0x0000F680       0xFFFFFF80      0x00000020         (0, 0, 14)      [] [S]
    503     0x0000E180       0xFFFFFF80      0x00010000         (0, 0, 12)      [10] []
    504     0x0001FF00       0xFFFFFF80      0x00000008         (0, 1, 15)      [] [W]
    505     0x0001F680       0xFFFFFF80      0x00000110         (0, 1, 14)      [2] [SW]
    506     0x0001C880       0xFFFFFF80      0x00000200         (0, 1, 9)      [3] []
    507     0x00019800       0xFFFFFF80      0x00080000         (0, 1, 3)      [13] []
    508     0x00003A80       0xFFFFFF80      0x00001000         (0, 0, 7)      [6] []
    509     0x00005B00       0xFFFFFF80      0x00020000         (0, 0, 11)      [11] []
    510     0x00008A00       0xFFFFFF80      0x00200000         (0, 0, 1)      [15] []
    511     0x00018B00       0xFFFFFF80      0x00018020         (0, 1, 1)      [9, 10] [S]
    512     0x00011C80       0xFFFFFF80      0x00004000         (0, 1, 3)      [8] []
    513     0x00017A80       0xFFFFFF80      0x000003BD         (0, 1, 15)      [1, 2, 3] [E, N, W, SW, S]
    514     0x00014480       0xFFFFFF80      0x00000220         (0, 1, 8)      [3] [S]
    515     0x0000FE80       0xFFFFFF80      0x00004020         (0, 0, 15)      [8] [S]
    516     0x00006780       0xFFFFFF80      0x00001000         (0, 0, 12)      [6] []
    517     0x00021E00       0xFFFFFF80      0x00000200         (0, 2, 3)      [3] []
    518     0x00017F80       0xFFFFFF80      0x00FFFC3D         (0, 1, 15)      [4, 5, 6, 7, 8, 9, 10, 11, 12, 13, 14, 15, 16, 17] [E, N, W, SW, S]
    519     0x0000B380       0xFFFFFF80      0x00004000         (0, 0, 6)      [8] []
    520     0x00017800       0xFFFFFF80      0x0000038C         (0, 1, 15)      [1, 2, 3] [N, W]
    521     0x0001D580       0xFFFFFF80      0x00000008         (0, 1, 10)      [] [W]
    522     0x0001D780       0xFFFFFF80      0x00000008         (0, 1, 10)      [] [W]
    523     0x00013C80       0xFFFFFF80      0x00040020         (0, 1, 7)      [12] [S]
    524     0x00018800       0xFFFFFF80      0x00FFFF20         (0, 1, 1)      [2, 3, 4, 5, 6, 7, 8, 9, 10, 11, 12, 13, 14, 15, 16, 17] [S]
    525     0x00001E00       0xFFFFFF80      0x00008000         (0, 0, 3)      [9] []
    526     0x00024780       0xFFFFFF80      0x00020000         (0, 2, 8)      [11] []
    527     0x00017D80       0xFFFFFF80      0x00FFFC3C         (0, 1, 15)      [4, 5, 6, 7, 8, 9, 10, 11, 12, 13, 14, 15, 16, 17] [N, W, SW, S]
    528     0x00020300       0xFFFFFF80      0x00000008         (0, 2, 0)      [] [W]
    529     0x0001AB00       0xFFFFFF80      0x00004000         (0, 1, 5)      [8] []
    530     0x0001A180       0xFFFFFF80      0x00010010         (0, 1, 4)      [10] [SW]
    531     0x0001C900       0xFFFFFF80      0x00020000         (0, 1, 9)      [11] []
    532     0x00012000       0xFFFFFF80      0x00200000         (0, 1, 4)      [15] []
    533     0x00010000       0xFFFFFF80      0x00020020         (0, 1, 0)      [11] [S]
    534     0x0001DB00       0xFFFFFF80      0x00100000         (0, 1, 11)      [14] []
    535     0x00014180       0xFFFFFF80      0x00000020         (0, 1, 8)      [] [S]
    536     0x00007B80       0xFFFFFF80      0x00400000         (0, 0, 15)      [16] []
    537     0x00054D00       0xFFFFFF00      0x00004000         (0, 5, 9)      [8] []
    538     0x0000E380       0xFFFFFF80      0x00100000         (0, 0, 12)      [14] []
    539     0x0001B900       0xFFFFFF80      0x00400000         (0, 1, 7)      [16] []
    540     0x0001E100       0xFFFFFF80      0x00000080         (0, 1, 12)      [1] []
    541     0x0000A280       0xFFFFFF80      0x00000400         (0, 0, 4)      [4] []
    542     0x0001C000       0xFFFFFF80      0x00020010         (0, 1, 8)      [11] [SW]
    543     0x00021780       0xFFFFFF80      0x00000008         (0, 2, 2)      [] [W]
    544     0x00011180       0xFFFFFF80      0x00400030         (0, 1, 2)      [16] [SW, S]
    545     0x0001A980       0xFFFFFF80      0x00000080         (0, 1, 5)      [1] []
    546     0x00010E80       0xFFFFFF80      0x00010030         (0, 1, 1)      [10] [SW, S]
    547     0x00013380       0xFFFFFF80      0x00000021         (0, 1, 6)      [] [E, S]
    548     0x00013180       0xFFFFFF80      0x00000021         (0, 1, 6)      [] [E, S]
    549     0x00014080       0xFFFFFF80      0x00000020         (0, 1, 8)      [] [S]
    550     0x00024500       0xFFFFFF80      0x00001002         (0, 2, 8)      [6] [NE]
    551     0x0001F700       0xFFFFFF80      0x00000200         (0, 1, 14)      [3] []
    552     0x00008780       0xFFFFFF80      0x00010000         (0, 0, 0)      [10] []
    553     0x00013000       0xFFFFFF80      0x00800020         (0, 1, 6)      [17] [S]
    554     0x00003C00       0xFFFFFF80      0x00008000         (0, 0, 7)      [9] []
    555     0x0001B680       0xFFFFFF80      0x00020010         (0, 1, 6)      [11] [SW]
    556     0x0000C600       0xFFFFFF80      0x00200000         (0, 0, 8)      [15] []
    557     0x00021180       0xFFFFFF80      0x00000008         (0, 2, 2)      [] [W]
    558     0x00003C80       0xFFFFFF80      0x00010000         (0, 0, 7)      [10] []
    559     0x00011A80       0xFFFFFF80      0x00000400         (0, 1, 3)      [4] []
    560     0x00019E80       0xFFFFFF80      0x00000080         (0, 1, 3)      [1] []
    561     0x0001E200       0xFFFFFF80      0x00000200         (0, 1, 12)      [3] []
    562     0x00014900       0xFFFFFF80      0x00004020         (0, 1, 9)      [8] [S]
    563     0x00009380       0xFFFFFF80      0x00000400         (0, 0, 2)      [4] []
    564     0x00016280       0xFFFFFF80      0x00000430         (0, 1, 12)      [4] [SW, S]
    565     0x00013B80       0xFFFFFF80      0x00010020         (0, 1, 7)      [10] [S]
    566     0x00018D00       0xFFFFFF80      0x00180020         (0, 1, 1)      [13, 14] [S]
    567     0x00007580       0xFFFFFF80      0x00000400         (0, 0, 14)      [4] []
    568     0x00016680       0xFFFFFF80      0x00040030         (0, 1, 12)      [12] [SW, S]
    569     0x0001D600       0xFFFFFF80      0x00000008         (0, 1, 10)      [] [W]
    570     0x00021600       0xFFFFFF80      0x00000108         (0, 2, 2)      [2] [W]
    571     0x0000DF00       0xFFFFFF80      0x00000800         (0, 0, 11)      [5] []
    572     0x00021500       0xFFFFFF80      0x00000008         (0, 2, 2)      [] [W]
    573     0x00019980       0xFFFFFF80      0x00400000         (0, 1, 3)      [16] []
    574     0x00016E00       0xFFFFFF80      0x0000030C         (0, 1, 13)      [2, 3] [N, W]
    575     0x00012D80       0xFFFFFF80      0x00040000         (0, 1, 5)      [12] []
    576     0x0001B880       0xFFFFFF80      0x00200000         (0, 1, 7)      [15] []
    577     0x0001B580       0xFFFFFF80      0x00008000         (0, 1, 6)      [9] []
    578     0x0001EB00       0xFFFFFF80      0x00800000         (0, 1, 13)      [17] []
    579     0x00009900       0xFFFFFF80      0x00200000         (0, 0, 3)      [15] []
    580     0x0001F200       0xFFFFFF80      0x00000010         (0, 1, 14)      [] [SW]
    581     0x00014780       0xFFFFFF80      0x00000820         (0, 1, 8)      [5] [S]
    582     0x0001FC80       0xFFFFFF80      0x00000108         (0, 1, 15)      [2] [W]
    583     0x00011D80       0xFFFFFF80      0x00010000         (0, 1, 3)      [10] []
    584     0x0001E880       0xFFFFFF80      0x00000080         (0, 1, 13)      [1] []
    585     0x00007A80       0xFFFFFF80      0x00100000         (0, 0, 15)      [14] []
    586     0x00002E00       0xFFFFFF80      0x00020000         (0, 0, 5)      [11] []
    587     0x00009480       0xFFFFFF80      0x00001000         (0, 0, 2)      [6] []
    588     0x00021200       0xFFFFFF80      0x00000008         (0, 2, 2)      [] [W]
    589     0x00013D80       0xFFFFFF80      0x00100020         (0, 1, 7)      [14] [S]
    590     0x0000E000       0xFFFFFF80      0x00002000         (0, 0, 12)      [7] []
    591     0x00008980       0xFFFFFF80      0x00100000         (0, 0, 1)      [14] []
    592     0x00055000       0xFFFFFF00      0x00020000         (0, 5, 10)      [11] []
    593     0x00011E00       0xFFFFFF80      0x00020000         (0, 1, 3)      [11] []
    594     0x0000C200       0xFFFFFF80      0x00002000         (0, 0, 8)      [7] []
    595     0x00019580       0xFFFFFF80      0x00004000         (0, 1, 2)      [8] []
    596     0x00015100       0xFFFFFF80      0x00000020         (0, 1, 10)      [] [S]
    597     0x00017080       0xFFFFFF80      0x0000338C         (0, 1, 14)      [1, 2, 3, 6, 7] [N, W]
    598     0x0001A080       0xFFFFFF80      0x00004010         (0, 1, 4)      [8] [SW]
    599     0x0001CB80       0xFFFFFF80      0x00400000         (0, 1, 9)      [16] []
    600     0x00019300       0xFFFFFF80      0x000000A0         (0, 1, 2)      [1] [S]
    601     0x00055100       0xFFFFFF00      0x00040000         (0, 5, 10)      [12] []
    602     0x00055500       0xFFFFFF00      0x00400000         (0, 5, 10)      [16] []
    603     0x00024800       0xFFFFFF80      0x00040002         (0, 2, 9)      [12] [NE]
    604     0x00046700       0xFFFFFF00      0x00000008         (0, 4, 12)      [] [W]
    605     0x00020D80       0xFFFFFF80      0x00000008         (0, 2, 1)      [] [W]
    606     0x00012A80       0xFFFFFF80      0x00001000         (0, 1, 5)      [6] []
    607     0x0001E980       0xFFFFFF80      0x00000200         (0, 1, 13)      [3] []
    608     0x00009800       0xFFFFFF80      0x00080000         (0, 0, 3)      [13] []
    609     0x00018880       0xFFFFFF80      0x00000C20         (0, 1, 1)      [4, 5] [S]
    610     0x0001A380       0xFFFFFF80      0x00100000         (0, 1, 4)      [14] []
    611     0x0000F180       0xFFFFFF80      0x00040020         (0, 0, 14)      [12] [S]
    612     0x00012100       0xFFFFFF80      0x00800000         (0, 1, 4)      [17] []
    613     0x00014100       0xFFFFFF80      0x00000020         (0, 1, 8)      [] [S]
    614     0x00017900       0xFFFFFF80      0x0000038C         (0, 1, 15)      [1, 2, 3] [N, W]
    615     0x00015C00       0xFFFFFF80      0x00000020         (0, 1, 11)      [] [S]
    616     0x00010F80       0xFFFFFF80      0x00040030         (0, 1, 1)      [12] [SW, S]
    617     0x0000A880       0xFFFFFF80      0x00400000         (0, 0, 5)      [16] []
    618     0x0000B500       0xFFFFFF80      0x00020000         (0, 0, 6)      [11] []
    619     0x00013200       0xFFFFFF80      0x00000021         (0, 1, 6)      [] [E, S]
    620     0x00007780       0xFFFFFF80      0x00004000         (0, 0, 14)      [8] []
    621     0x00020200       0xFFFFFF80      0x00000108         (0, 2, 0)      [2] [W]
    622     0x0001DC80       0xFFFFFF80      0x00800000         (0, 1, 11)      [17] []
    623     0x00015E00       0xFFFFFF80      0x00000020         (0, 1, 11)      [] [S]
    624     0x00009600       0xFFFFFF80      0x00008000         (0, 0, 2)      [9] []
    625     0x0001D400       0xFFFFFF80      0x00400008         (0, 1, 10)      [16] [W]
    626     0x00046800       0xFFFFFF00      0x00000008         (0, 4, 13)      [] [W]
    627     0x00017600       0xFFFFFF80      0x0080038C         (0, 1, 14)      [1, 2, 3, 17] [N, W]
    628     0x0001F100       0xFFFFFF80      0x00400010         (0, 1, 14)      [16] [SW]
    629     0x00021480       0xFFFFFF80      0x00000008         (0, 2, 2)      [] [W]
    630     0x0001A400       0xFFFFFF80      0x00200000         (0, 1, 4)      [15] []
    631     0x0001A200       0xFFFFFF80      0x00020010         (0, 1, 4)      [11] [SW]
    632     0x00004A00       0xFFFFFF80      0x00002000         (0, 0, 9)      [7] []
    633     0x00020980       0xFFFFFF80      0x00000008         (0, 2, 1)      [] [W]
    634     0x00020400       0xFFFFFF80      0x00000008         (0, 2, 0)      [] [W]
    635     0x00019500       0xFFFFFF80      0x00002000         (0, 1, 2)      [7] []
    636     0x0000C100       0xFFFFFF80      0x00000800         (0, 0, 8)      [5] []
    637     0x00021C00       0xFFFFFF80      0x00000100         (0, 2, 3)      [2] []
    638     0x00012E00       0xFFFFFF80      0x00080000         (0, 1, 5)      [13] []
    639     0x00006A80       0xFFFFFF80      0x00040000         (0, 0, 13)      [12] []
    640     0x00018B80       0xFFFFFF80      0x00030020         (0, 1, 1)      [10, 11] [S]
    641     0x00017700       0xFFFFFF80      0x0000038C         (0, 1, 14)      [1, 2, 3] [N, W]
    642     0x0000D280       0xFFFFFF80      0x00010000         (0, 0, 10)      [10] []
    643     0x00010680       0xFFFFFF80      0x00000020         (0, 1, 0)      [] [S]
    644     0x0000FD00       0xFFFFFF80      0x00000820         (0, 0, 15)      [5] [S]
    645     0x00018300       0xFFFFFF80      0x00FFFC20         (0, 1, 0)      [4, 5, 6, 7, 8, 9, 10, 11, 12, 13, 14, 15, 16, 17] [S]
    646     0x00055600       0xFFFFFF00      0x00800000         (0, 5, 10)      [17] []
    647     0x00011B80       0xFFFFFF80      0x00001000         (0, 1, 3)      [6] []
    648     0x00022800       0xFFFFFF80      0x00000010         (0, 2, 5)      [] [SW]
    649     0x00013500       0xFFFFFF80      0x00000121         (0, 1, 6)      [2] [E, S]
    650     0x00017C00       0xFFFFFF80      0x00FFFC3C         (0, 1, 15)      [4, 5, 6, 7, 8, 9, 10, 11, 12, 13, 14, 15, 16, 17] [N, W, SW, S]
    651     0x00001D00       0xFFFFFF80      0x00002000         (0, 0, 3)      [7] []
    652     0x0001D380       0xFFFFFF80      0x00200008         (0, 1, 10)      [15] [W]
    653     0x00012B80       0xFFFFFF80      0x00004000         (0, 1, 5)      [8] []
    654     0x00012600       0xFFFFFF80      0x00000100         (0, 1, 4)      [2] []
    655     0x00020D00       0xFFFFFF80      0x00000008         (0, 2, 1)      [] [W]
    656     0x00024480       0xFFFFFF80      0x00000802         (0, 2, 8)      [5] [NE]
    657     0x00015680       0xFFFFFF80      0x00002020         (0, 1, 10)      [7] [S]
    658     0x00014380       0xFFFFFF80      0x000000A0         (0, 1, 8)      [1] [S]
    659     0x00010D00       0xFFFFFF80      0x00002030         (0, 1, 1)      [7] [SW, S]
    660     0x00006C00       0xFFFFFF80      0x00200000         (0, 0, 13)      [15] []
    661     0x0001CC00       0xFFFFFF80      0x00800000         (0, 1, 9)      [17] []
    662     0x0000A780       0xFFFFFF80      0x00100000         (0, 0, 4)      [14] []
    663     0x0000D180       0xFFFFFF80      0x00004000         (0, 0, 10)      [8] []
    664     0x00003D80       0xFFFFFF80      0x00040000         (0, 0, 7)      [12] []
    665     0x00018400       0xFFFFFF80      0x00FFFC20         (0, 1, 0)      [4, 5, 6, 7, 8, 9, 10, 11, 12, 13, 14, 15, 16, 17] [S]
    666     0x00011300       0xFFFFFF80      0x00000020         (0, 1, 2)      [] [S]
    667     0x00018780       0xFFFFFF80      0x00FFFDA0         (0, 1, 0)      [1, 2, 4, 5, 6, 7, 8, 9, 10, 11, 12, 13, 14, 15, 16, 17] [S]
    668     0x0000ED80       0xFFFFFF80      0x00000420         (0, 0, 13)      [4] [S]
    669     0x00000D00       0xFFFFFF80      0x00000800         (0, 0, 1)      [5] []
    670     0x0000FD80       0xFFFFFF80      0x00001020         (0, 0, 15)      [6] [S]
    671     0x0000B700       0xFFFFFF80      0x00200000         (0, 0, 6)      [15] []
    672     0x00019F00       0xFFFFFF80      0x00000110         (0, 1, 3)      [2] [SW]
    673     0x00007700       0xFFFFFF80      0x00002000         (0, 0, 14)      [7] []
    674     0x00010B80       0xFFFFFF80      0x00000400         (0, 1, 1)      [4] []
    675     0x0001EA80       0xFFFFFF80      0x00400000         (0, 1, 13)      [16] []
    676     0x00001C00       0xFFFFFF80      0x00000800         (0, 0, 3)      [5] []
    677     0x00017B80       0xFFFFFF80      0x000003BD         (0, 1, 15)      [1, 2, 3] [E, N, W, SW, S]
    678     0x0000F280       0xFFFFFF80      0x00100020         (0, 0, 14)      [14] [S]
    679     0x0001AA80       0xFFFFFF80      0x00000200         (0, 1, 5)      [3] []
    680     0x0001AC00       0xFFFFFF80      0x00010000         (0, 1, 5)      [10] []
    681     0x00013800       0xFFFFFF80      0x00000020         (0, 1, 7)      [] [S]
    682     0x00008900       0xFFFFFF80      0x00080000         (0, 0, 1)      [13] []
    683     0x00013F80       0xFFFFFF80      0x00000020         (0, 1, 7)      [] [S]
    684     0x00018980       0xFFFFFF80      0x00003020         (0, 1, 1)      [6, 7] [S]
    685     0x00014B00       0xFFFFFF80      0x00040020         (0, 1, 9)      [12] [S]
    686     0x0001AE00       0xFFFFFF80      0x00100000         (0, 1, 5)      [14] []
    687     0x0000A300       0xFFFFFF80      0x00000800         (0, 0, 4)      [5] []
    688     0x0000CF80       0xFFFFFF80      0x00000400         (0, 0, 9)      [4] []
    689     0x0000FC00       0xFFFFFF80      0x00000020         (0, 0, 15)      [] [S]
    690     0x0000D080       0xFFFFFF80      0x00001000         (0, 0, 10)      [6] []
    691     0x00012E80       0xFFFFFF80      0x00100020         (0, 1, 5)      [14] [S]
    692     0x00015200       0xFFFFFF80      0x000000A0         (0, 1, 10)      [1] [S]
    693     0x0000DE80       0xFFFFFF80      0x00000400         (0, 0, 11)      [4] []
    694     0x00018E00       0xFFFFFF80      0x00600020         (0, 1, 1)      [16, 15] [S]
    695     0x00006980       0xFFFFFF80      0x00010000         (0, 0, 13)      [10] []
    696     0x00017980       0xFFFFFF80      0x0000038C         (0, 1, 15)      [1, 2, 3] [N, W]
    697     0x00008480       0xFFFFFF80      0x00000400         (0, 0, 0)      [4] []
    698     0x0001EA00       0xFFFFFF80      0x00200000         (0, 1, 13)      [15] []
    699     0x00006B00       0xFFFFFF80      0x00080000         (0, 0, 13)      [13] []
    700     0x00024300       0xFFFFFF80      0x00000002         (0, 2, 8)      [] [NE]
    701     0x00021A00       0xFFFFFF80      0x00000088         (0, 2, 3)      [1] [W]
    702     0x00015780       0xFFFFFF80      0x00008020         (0, 1, 10)      [9] [S]
    703     0x00021680       0xFFFFFF80      0x00000208         (0, 2, 2)      [3] [W]
    704     0x0001E900       0xFFFFFF80      0x00000110         (0, 1, 13)      [2] [SW]
    705     0x00054800       0xFFFFFF00      0x00000200         (0, 5, 9)      [3] []
    706     0x0000B780       0xFFFFFF80      0x00400000         (0, 0, 6)      [16] []
    707     0x00003B00       0xFFFFFF80      0x00002000         (0, 0, 7)      [7] []
    708     0x00016A80       0xFFFFFF80      0x0000000C         (0, 1, 13)      [] [N, W]
    709     0x00005C80       0xFFFFFF80      0x00100000         (0, 0, 11)      [14] []
