router contains 700 entries 
 
  Index   Key(hex)    Mask(hex)    Route(hex)    Src. Core -> [Cores][Links]
------------------------------------------------------------------------------
    0     0x00014D00       0xFFFFFF80      0x00000018         (0, 1, 9)      [] [W, SW]
    1     0x00021980       0xFFFFFF80      0x00008000         (0, 2, 3)      [9] []
    2     0x00020B80       0xFFFFFF80      0x00020020         (0, 2, 1)      [11] [S]
    3     0x0000A800       0xFFFFFF80      0x00000008         (0, 0, 5)      [] [W]
    4     0x00004C80       0xFFFFFF80      0x00800008         (0, 0, 9)      [17] [W]
    5     0x0000F480       0xFFFFFF80      0x00000108         (0, 0, 14)      [2] [W]
    6     0x00059700       0xFFFFFF00      0x00000020         (0, 5, 2)      [] [S]
    7     0x00019E80       0xFFFFFF80      0x0003000C         (0, 1, 3)      [10, 11] [N, W]
    8     0x0001D780       0xFFFFFF80      0x00002020         (0, 1, 10)      [7] [S]
    9     0x00058C00       0xFFFFFF00      0x00000020         (0, 5, 1)      [] [S]
    10     0x0001AE80       0xFFFFFF80      0x00F80002         (0, 1, 5)      [16, 17, 13, 14, 15] [NE]
    11     0x00024F00       0xFFFFFF80      0x00010020         (0, 2, 9)      [10] [S]
    12     0x0001A800       0xFFFFFF80      0x0007FFBE         (0, 1, 5)      [1, 2, 3, 4, 5, 6, 7, 8, 9, 10, 11, 12] [NE, N, W, SW, S]
    13     0x0001CC00       0xFFFFFF80      0x000000B0         (0, 1, 9)      [1] [SW, S]
    14     0x0000E480       0xFFFFFF80      0x00000008         (0, 0, 12)      [] [W]
    15     0x0001A380       0xFFFFFF80      0x0007FF8E         (0, 1, 4)      [1, 2, 3, 4, 5, 6, 7, 8, 9, 10, 11, 12] [NE, N, W]
    16     0x0000E180       0xFFFFFF80      0x00200000         (0, 0, 12)      [15] []
    17     0x0001C580       0xFFFFFF80      0x00001000         (0, 1, 8)      [6] []
    18     0x00020580       0xFFFFFF80      0x00004020         (0, 2, 0)      [8] [S]
    19     0x00009800       0xFFFFFF80      0x00000008         (0, 0, 3)      [] [W]
    20     0x00058D00       0xFFFFFF00      0x00000020         (0, 5, 1)      [] [S]
    21     0x00021880       0xFFFFFF80      0x00020000         (0, 2, 3)      [11] []
    22     0x00007800       0xFFFFFF80      0x00100010         (0, 0, 15)      [14] [SW]
    23     0x0001C480       0xFFFFFF80      0x00000402         (0, 1, 8)      [4] [NE]
    24     0x0000C400       0xFFFFFF80      0x00400000         (0, 0, 8)      [16] []
    25     0x00011400       0xFFFFFF80      0x00000800         (0, 1, 2)      [5] []
    26     0x00005B00       0xFFFFFF80      0x00400000         (0, 0, 11)      [16] []
    27     0x00017900       0xFFFFFF80      0x00002000         (0, 1, 15)      [7] []
    28     0x0000F180       0xFFFFFF80      0x00800008         (0, 0, 14)      [17] [W]
    29     0x00013F80       0xFFFFFF80      0x00000108         (0, 1, 7)      [2] [W]
    30     0x00010480       0xFFFFFF80      0x00000410         (0, 1, 0)      [4] [SW]
    31     0x00021F80       0xFFFFFF80      0x00000001         (0, 2, 3)      [] [E]
    32     0x00020400       0xFFFFFF80      0x00000820         (0, 2, 0)      [5] [S]
    33     0x0001C780       0xFFFFFF80      0x00010030         (0, 1, 8)      [10] [SW, S]
    34     0x0000A700       0xFFFFFF80      0x00000008         (0, 0, 4)      [] [W]
    35     0x0001A500       0xFFFFFF80      0x0007FFBF         (0, 1, 4)      [1, 2, 3, 4, 5, 6, 7, 8, 9, 10, 11, 12] [E, NE, N, W, SW, S]
    36     0x00007B00       0xFFFFFF80      0x00000018         (0, 0, 15)      [] [W, SW]
    37     0x00057900       0xFFFFFF00      0x00000020         (0, 5, 15)      [] [S]
    38     0x0001BF80       0xFFFFFF80      0x00200002         (0, 1, 7)      [15] [NE]
    39     0x00021280       0xFFFFFF80      0x00010000         (0, 2, 2)      [10] []
    40     0x00018800       0xFFFFFF80      0x00040000         (0, 1, 1)      [12] []
    41     0x00015F80       0xFFFFFF80      0x00008000         (0, 1, 11)      [9] []
    42     0x00020A00       0xFFFFFF80      0x00004020         (0, 2, 1)      [8] [S]
    43     0x0001E880       0xFFFFFF80      0x00010000         (0, 1, 13)      [10] []
    44     0x00058F00       0xFFFFFF00      0x00000020         (0, 5, 1)      [] [S]
    45     0x00058200       0xFFFFFF00      0x00000020         (0, 5, 0)      [] [S]
    46     0x0001DD80       0xFFFFFF80      0x00000200         (0, 1, 11)      [3] []
    47     0x0005A900       0xFFFFFF00      0x00200000         (0, 5, 5)      [15] []
    48     0x00016980       0xFFFFFF80      0x00000120         (0, 1, 13)      [2] [S]
    49     0x00009700       0xFFFFFF80      0x00400000         (0, 0, 2)      [16] []
    50     0x00034000       0xFFFFFF00      0x00000002         (0, 3, 8)      [] [NE]
    51     0x00010080       0xFFFFFF80      0x00800008         (0, 1, 0)      [17] [W]
    52     0x00019100       0xFFFFFF80      0x00001000         (0, 1, 2)      [6] []
    53     0x00017880       0xFFFFFF80      0x00001000         (0, 1, 15)      [6] []
    54     0x00011E80       0xFFFFFF80      0x00800000         (0, 1, 3)      [17] []
    55     0x0001F100       0xFFFFFF80      0x00000002         (0, 1, 14)      [] [NE]
    56     0x00013280       0xFFFFFF80      0x00001008         (0, 1, 6)      [6] [W]
    57     0x00008880       0xFFFFFF80      0x00800000         (0, 0, 1)      [17] []
    58     0x00024B80       0xFFFFFF80      0x00000200         (0, 2, 9)      [3] []
    59     0x0001E380       0xFFFFFF80      0x00000002         (0, 1, 12)      [] [NE]
    60     0x0001FD80       0xFFFFFF80      0x00000130         (0, 1, 15)      [2] [SW, S]
    61     0x0000E080       0xFFFFFF80      0x00080000         (0, 0, 12)      [13] []
    62     0x0001B100       0xFFFFFF80      0x00F80602         (0, 1, 6)      [3, 4, 13, 14, 15, 16, 17] [NE]
    63     0x00024700       0xFFFFFF80      0x00200000         (0, 2, 8)      [15] []
    64     0x00014A80       0xFFFFFF80      0x00400000         (0, 1, 9)      [16] []
    65     0x00020280       0xFFFFFF80      0x00040020         (0, 2, 0)      [12] [S]
    66     0x00059400       0xFFFFFF00      0x00000020         (0, 5, 2)      [] [S]
    67     0x0000F380       0xFFFFFF80      0x00000008         (0, 0, 14)      [] [W]
    68     0x00034300       0xFFFFFF00      0x00000002         (0, 3, 8)      [] [NE]
    69     0x0000A480       0xFFFFFF80      0x00080000         (0, 0, 4)      [13] []
    70     0x0001B600       0xFFFFFF80      0x00300002         (0, 1, 6)      [14, 15] [NE]
    71     0x00022C80       0xFFFFFF80      0x0007FF80         (0, 2, 5)      [1, 2, 3, 4, 5, 6, 7, 8, 9, 10, 11, 12] []
    72     0x0001E580       0xFFFFFF80      0x00000402         (0, 1, 12)      [4] [NE]
    73     0x0001D100       0xFFFFFF80      0x00020020         (0, 1, 10)      [11] [S]
    74     0x0000D600       0xFFFFFF80      0x00000080         (0, 0, 10)      [1] []
    75     0x00018E80       0xFFFFFF80      0x00000080         (0, 1, 1)      [1] []
    76     0x0000A600       0xFFFFFF80      0x00400000         (0, 0, 4)      [16] []
    77     0x00034200       0xFFFFFF00      0x00000002         (0, 3, 8)      [] [NE]
    78     0x0001F180       0xFFFFFF80      0x00000080         (0, 1, 14)      [1] []
    79     0x0000E680       0xFFFFFF80      0x00000408         (0, 0, 12)      [4] [W]
    80     0x00020880       0xFFFFFF80      0x00000820         (0, 2, 1)      [5] [S]
    81     0x00010380       0xFFFFFF80      0x00000118         (0, 1, 0)      [2] [W, SW]
    82     0x00012100       0xFFFFFF80      0x00000080         (0, 1, 4)      [1] []
    83     0x0001D500       0xFFFFFF80      0x00000120         (0, 1, 10)      [2] [S]
    84     0x00018580       0xFFFFFF80      0x00002000         (0, 1, 0)      [7] []
    85     0x00012D00       0xFFFFFF80      0x00400000         (0, 1, 5)      [16] []
    86     0x0000F400       0xFFFFFF80      0x00000088         (0, 0, 14)      [1] [W]
    87     0x0000E200       0xFFFFFF80      0x00400000         (0, 0, 12)      [16] []
    88     0x00012200       0xFFFFFF80      0x00000200         (0, 1, 4)      [3] []
    89     0x00014F80       0xFFFFFF80      0x00000818         (0, 1, 9)      [5] [W, SW]
    90     0x00057C00       0xFFFFFF00      0x00000020         (0, 5, 15)      [] [S]
    91     0x0005A400       0xFFFFFF00      0x00010000         (0, 5, 4)      [10] []
    92     0x00006980       0xFFFFFF80      0x00200000         (0, 0, 13)      [15] []
    93     0x0005A700       0xFFFFFF00      0x00080000         (0, 5, 4)      [13] []
    94     0x00020F80       0xFFFFFF80      0x00020020         (0, 2, 1)      [11] [S]
    95     0x0000B780       0xFFFFFF80      0x00000008         (0, 0, 6)      [] [W]
    96     0x0000D380       0xFFFFFF80      0x00800000         (0, 0, 10)      [17] []
    97     0x00017080       0xFFFFFF80      0x00000020         (0, 1, 14)      [] [S]
    98     0x00013A80       0xFFFFFF80      0x00080000         (0, 1, 7)      [13] []
    99     0x00015200       0xFFFFFF80      0x00010010         (0, 1, 10)      [10] [SW]
    100     0x00015780       0xFFFFFF80      0x00100010         (0, 1, 10)      [14] [SW]
    101     0x0000F080       0xFFFFFF80      0x00200000         (0, 0, 14)      [15] []
    102     0x00016D00       0xFFFFFF80      0x00008000         (0, 1, 13)      [9] []
    103     0x00021380       0xFFFFFF80      0x00040000         (0, 2, 2)      [12] []
    104     0x00009880       0xFFFFFF80      0x00000008         (0, 0, 3)      [] [W]
    105     0x00021580       0xFFFFFF80      0x00010000         (0, 2, 2)      [10] []
    106     0x0001FF80       0xFFFFFF80      0x00001030         (0, 1, 15)      [6] [SW, S]
    107     0x0000E580       0xFFFFFF80      0x00000108         (0, 0, 12)      [2] [W]
    108     0x00017180       0xFFFFFF80      0x00080020         (0, 1, 14)      [13] [S]
    109     0x00020C80       0xFFFFFF80      0x00000820         (0, 2, 1)      [5] [S]
    110     0x00011680       0xFFFFFF80      0x00010000         (0, 1, 2)      [10] []
    111     0x00019200       0xFFFFFF80      0x00004000         (0, 1, 2)      [8] []
    112     0x00020E80       0xFFFFFF80      0x00008020         (0, 2, 1)      [9] [S]
    113     0x00015080       0xFFFFFF80      0x00002010         (0, 1, 10)      [7] [SW]
    114     0x0001F380       0xFFFFFF80      0x00000800         (0, 1, 14)      [5] []
    115     0x00003C80       0xFFFFFF80      0x00200000         (0, 0, 7)      [15] []
    116     0x00020B00       0xFFFFFF80      0x00010020         (0, 2, 1)      [10] [S]
    117     0x00017F00       0xFFFFFF80      0x00200000         (0, 1, 15)      [15] []
    118     0x0005A000       0xFFFFFF00      0x00001000         (0, 5, 4)      [6] []
    119     0x00019C00       0xFFFFFF80      0x0000180E         (0, 1, 3)      [5, 6] [NE, N, W]
    120     0x00021800       0xFFFFFF80      0x00010000         (0, 2, 3)      [10] []
    121     0x0000B900       0xFFFFFF80      0x00000218         (0, 0, 7)      [3] [W, SW]
    122     0x0001D380       0xFFFFFF80      0x00000020         (0, 1, 10)      [] [S]
    123     0x0001B400       0xFFFFFF80      0x00F98000         (0, 1, 6)      [9, 10, 13, 14, 15, 16, 17] []
    124     0x00017700       0xFFFFFF80      0x00000200         (0, 1, 14)      [3] []
    125     0x00002D00       0xFFFFFF80      0x00100000         (0, 0, 5)      [14] []
    126     0x00018000       0xFFFFFF80      0x00800000         (0, 1, 0)      [17] []
    127     0x00057F00       0xFFFFFF00      0x00000020         (0, 5, 15)      [] [S]
    128     0x00012400       0xFFFFFF80      0x00002000         (0, 1, 4)      [7] []
    129     0x00014B80       0xFFFFFF80      0x00000018         (0, 1, 9)      [] [W, SW]
    130     0x0001B780       0xFFFFFF80      0x00800002         (0, 1, 6)      [17] [NE]
    131     0x00007980       0xFFFFFF80      0x00800008         (0, 0, 15)      [17] [W]
    132     0x0000B680       0xFFFFFF80      0x00000008         (0, 0, 6)      [] [W]
    133     0x00019600       0xFFFFFF80      0x00100006         (0, 1, 2)      [14] [NE, N]
    134     0x00018B80       0xFFFFFF80      0x00400000         (0, 1, 1)      [16] []
    135     0x0001FF00       0xFFFFFF80      0x00000830         (0, 1, 15)      [5] [SW, S]
    136     0x0000F600       0xFFFFFF80      0x00000808         (0, 0, 14)      [5] [W]
    137     0x0005A500       0xFFFFFF00      0x00020000         (0, 5, 4)      [11] []
    138     0x00015300       0xFFFFFF80      0x00040010         (0, 1, 10)      [12] [SW]
    139     0x0001CA80       0xFFFFFF80      0x00000030         (0, 1, 9)      [] [SW, S]
    140     0x00005C80       0xFFFFFF80      0x00000008         (0, 0, 11)      [] [W]
    141     0x00018280       0xFFFFFF80      0x00000080         (0, 1, 0)      [1] []
    142     0x00058000       0xFFFFFF00      0x00000020         (0, 5, 0)      [] [S]
    143     0x00010180       0xFFFFFF80      0x00000018         (0, 1, 0)      [] [W, SW]
    144     0x00021C80       0xFFFFFF80      0x00040000         (0, 2, 3)      [12] []
    145     0x00018F80       0xFFFFFF80      0x00000200         (0, 1, 1)      [3] []
    146     0x00000F00       0xFFFFFF80      0x00100000         (0, 0, 1)      [14] []
    147     0x00058400       0xFFFFFF00      0x00000020         (0, 5, 0)      [] [S]
    148     0x0000E300       0xFFFFFF80      0x00000008         (0, 0, 12)      [] [W]
    149     0x0001C500       0xFFFFFF80      0x00000800         (0, 1, 8)      [5] []
    150     0x0001BA00       0xFFFFFF80      0x00000102         (0, 1, 7)      [2] [NE]
    151     0x00015880       0xFFFFFF80      0x00400000         (0, 1, 11)      [16] []
    152     0x00013300       0xFFFFFF80      0x00002008         (0, 1, 6)      [7] [W]
    153     0x0001E500       0xFFFFFF80      0x00000202         (0, 1, 12)      [3] [NE]
    154     0x0000C880       0xFFFFFF80      0x00000410         (0, 0, 9)      [4] [SW]
    155     0x0001A300       0xFFFFFF80      0x0007FF8E         (0, 1, 4)      [1, 2, 3, 4, 5, 6, 7, 8, 9, 10, 11, 12] [NE, N, W]
    156     0x0001AD80       0xFFFFFF80      0x00F80003         (0, 1, 5)      [16, 17, 13, 14, 15] [E, NE]
    157     0x0001FE00       0xFFFFFF80      0x00000230         (0, 1, 15)      [3] [SW, S]
    158     0x0000E780       0xFFFFFF80      0x00001008         (0, 0, 12)      [6] [W]
    159     0x00014D80       0xFFFFFF80      0x00000098         (0, 1, 9)      [1] [W, SW]
    160     0x00021B00       0xFFFFFF80      0x00040000         (0, 2, 3)      [12] []
    161     0x00008700       0xFFFFFF80      0x00100000         (0, 0, 0)      [14] []
    162     0x00012300       0xFFFFFF80      0x00000800         (0, 1, 4)      [5] []
    163     0x00004D00       0xFFFFFF80      0x00000008         (0, 0, 9)      [] [W]
    164     0x00016080       0xFFFFFF80      0x00020000         (0, 1, 12)      [11] []
    165     0x00020F00       0xFFFFFF80      0x00010020         (0, 2, 1)      [10] [S]
    166     0x0001B180       0xFFFFFF80      0x00F80C02         (0, 1, 6)      [4, 5, 13, 14, 15, 16, 17] [NE]
    167     0x0000D780       0xFFFFFF80      0x00000400         (0, 0, 10)      [4] []
    168     0x0000B400       0xFFFFFF80      0x00100000         (0, 0, 6)      [14] []
    169     0x00007900       0xFFFFFF80      0x00400000         (0, 0, 15)      [16] []
    170     0x0001DF80       0xFFFFFF80      0x00002000         (0, 1, 11)      [7] []
    171     0x00034800       0xFFFFFF00      0x00000002         (0, 3, 9)      [] [NE]
    172     0x0001EA80       0xFFFFFF80      0x00000002         (0, 1, 13)      [] [NE]
    173     0x0000D300       0xFFFFFF80      0x00400000         (0, 0, 10)      [16] []
    174     0x00007880       0xFFFFFF80      0x00200000         (0, 0, 15)      [15] []
    175     0x00020980       0xFFFFFF80      0x00002020         (0, 2, 1)      [7] [S]
    176     0x00021500       0xFFFFFF80      0x00008000         (0, 2, 2)      [9] []
    177     0x00020E00       0xFFFFFF80      0x00004020         (0, 2, 1)      [8] [S]
    178     0x00058700       0xFFFFFF00      0x00000020         (0, 5, 0)      [] [S]
    179     0x00016600       0xFFFFFF80      0x00400000         (0, 1, 12)      [16] []
    180     0x0001D880       0xFFFFFF80      0x00008000         (0, 1, 11)      [9] []
    181     0x00011D00       0xFFFFFF80      0x00100000         (0, 1, 3)      [14] []
    182     0x0001D680       0xFFFFFF80      0x00000820         (0, 1, 10)      [5] [S]
    183     0x0001EB00       0xFFFFFF80      0x00000080         (0, 1, 13)      [1] []
    184     0x0001AB80       0xFFFFFF80      0x00F8003F         (0, 1, 5)      [16, 17, 13, 14, 15] [E, NE, N, W, SW, S]
    185     0x0005A300       0xFFFFFF00      0x00008000         (0, 5, 4)      [9] []
    186     0x0001A600       0xFFFFFF80      0x0007FFBE         (0, 1, 4)      [1, 2, 3, 4, 5, 6, 7, 8, 9, 10, 11, 12] [NE, N, W, SW, S]
    187     0x00019980       0xFFFFFF80      0x0000008E         (0, 1, 3)      [1] [NE, N, W]
    188     0x00009600       0xFFFFFF80      0x00100000         (0, 0, 2)      [14] []
    189     0x0000B800       0xFFFFFF80      0x00000088         (0, 0, 7)      [1] [W]
    190     0x00007A80       0xFFFFFF80      0x00000018         (0, 0, 15)      [] [W, SW]
    191     0x0001DC80       0xFFFFFF80      0x00000080         (0, 1, 11)      [1] []
    192     0x00019380       0xFFFFFF80      0x00020000         (0, 1, 2)      [11] []
    193     0x00017A80       0xFFFFFF80      0x00010000         (0, 1, 15)      [10] []
    194     0x00020180       0xFFFFFF80      0x00010020         (0, 2, 0)      [10] [S]
    195     0x0001FC80       0xFFFFFF80      0x00020030         (0, 1, 15)      [11] [SW, S]
    196     0x00033C00       0xFFFFFF00      0x00000002         (0, 3, 7)      [] [NE]
    197     0x00020080       0xFFFFFF80      0x00004030         (0, 2, 0)      [8] [SW, S]
    198     0x0000FF00       0xFFFFFF80      0x00100010         (0, 0, 15)      [14] [SW]
    199     0x0001CD00       0xFFFFFF80      0x00000230         (0, 1, 9)      [3] [SW, S]
    200     0x00014C80       0xFFFFFF80      0x00000018         (0, 1, 9)      [] [W, SW]
    201     0x0001F780       0xFFFFFF80      0x00000080         (0, 1, 14)      [1] []
    202     0x00006B00       0xFFFFFF80      0x00000008         (0, 0, 13)      [] [W]
    203     0x00024D80       0xFFFFFF80      0x00002000         (0, 2, 9)      [7] []
    204     0x00034400       0xFFFFFF00      0x00000002         (0, 3, 8)      [] [NE]
    205     0x00014980       0xFFFFFF80      0x00100010         (0, 1, 9)      [14] [SW]
    206     0x00010280       0xFFFFFF80      0x00000018         (0, 1, 0)      [] [W, SW]
    207     0x00020780       0xFFFFFF80      0x00040020         (0, 2, 0)      [12] [S]
    208     0x0000A980       0xFFFFFF80      0x00000108         (0, 0, 5)      [2] [W]
    209     0x0001C180       0xFFFFFF80      0x00000002         (0, 1, 8)      [] [NE]
    210     0x0001D980       0xFFFFFF80      0x00020000         (0, 1, 11)      [11] []
    211     0x0001F080       0xFFFFFF80      0x00040000         (0, 1, 14)      [12] []
    212     0x00017300       0xFFFFFF80      0x00400000         (0, 1, 14)      [16] []
    213     0x00001D80       0xFFFFFF80      0x00080000         (0, 0, 3)      [13] []
    214     0x00015280       0xFFFFFF80      0x00020010         (0, 1, 10)      [11] [SW]
    215     0x00021A80       0xFFFFFF80      0x00020000         (0, 2, 3)      [11] []
    216     0x00017B80       0xFFFFFF80      0x00040000         (0, 1, 15)      [12] []
    217     0x0001F980       0xFFFFFF80      0x00000830         (0, 1, 15)      [5] [SW, S]
    218     0x00021100       0xFFFFFF80      0x00002020         (0, 2, 2)      [7] [S]
    219     0x00016500       0xFFFFFF80      0x00100000         (0, 1, 12)      [14] []
    220     0x0001B300       0xFFFFFF80      0x00F86002         (0, 1, 6)      [7, 8, 13, 14, 15, 16, 17] [NE]
    221     0x00017980       0xFFFFFF80      0x00004000         (0, 1, 15)      [8] []
    222     0x00021C00       0xFFFFFF80      0x00020000         (0, 2, 3)      [11] []
    223     0x0001CC80       0xFFFFFF80      0x00000130         (0, 1, 9)      [2] [SW, S]
    224     0x00019A00       0xFFFFFF80      0x0000018E         (0, 1, 3)      [1, 2] [NE, N, W]
    225     0x0001A180       0xFFFFFF80      0x0067FF86         (0, 1, 4)      [1, 2, 3, 4, 5, 6, 7, 8, 9, 10, 11, 12, 15, 16] [NE, N]
    226     0x0000C580       0xFFFFFF80      0x00000010         (0, 0, 8)      [] [SW]
    227     0x00021200       0xFFFFFF80      0x00008020         (0, 2, 2)      [9] [S]
    228     0x00015B80       0xFFFFFF80      0x00000080         (0, 1, 11)      [1] []
    229     0x0001CB00       0xFFFFFF80      0x00000030         (0, 1, 9)      [] [SW, S]
    230     0x00015D80       0xFFFFFF80      0x00000800         (0, 1, 11)      [5] []
    231     0x0000B600       0xFFFFFF80      0x00000008         (0, 0, 6)      [] [W]
    232     0x00014400       0xFFFFFF80      0x00020008         (0, 1, 8)      [11] [W]
    233     0x00013200       0xFFFFFF80      0x00000808         (0, 1, 6)      [5] [W]
    234     0x0001CF00       0xFFFFFF80      0x00002030         (0, 1, 9)      [7] [SW, S]
    235     0x0001C800       0xFFFFFF80      0x00020030         (0, 1, 9)      [11] [SW, S]
    236     0x00016B80       0xFFFFFF80      0x00001000         (0, 1, 13)      [6] []
    237     0x0001F200       0xFFFFFF80      0x00000100         (0, 1, 14)      [2] []
    238     0x00013380       0xFFFFFF80      0x00004008         (0, 1, 6)      [8] [W]
    239     0x0001B800       0xFFFFFF80      0x00000002         (0, 1, 7)      [] [NE]
    240     0x00013500       0xFFFFFF80      0x00020008         (0, 1, 6)      [11] [W]
    241     0x0001F000       0xFFFFFF80      0x00020000         (0, 1, 14)      [11] []
    242     0x00011580       0xFFFFFF80      0x00004000         (0, 1, 2)      [8] []
    243     0x00016C80       0xFFFFFF80      0x00004000         (0, 1, 13)      [8] []
    244     0x00017780       0xFFFFFF80      0x00000400         (0, 1, 14)      [4] []
    245     0x00011E00       0xFFFFFF80      0x00400000         (0, 1, 3)      [16] []
    246     0x0001E900       0xFFFFFF80      0x00020000         (0, 1, 13)      [11] []
    247     0x00021D80       0xFFFFFF80      0x00040000         (0, 2, 3)      [12] []
    248     0x00006880       0xFFFFFF80      0x00080000         (0, 0, 13)      [13] []
    249     0x0001F500       0xFFFFFF80      0x00004000         (0, 1, 14)      [8] []
    250     0x0001AF80       0xFFFFFF80      0x00F80082         (0, 1, 5)      [1, 13, 14, 15, 16, 17] [NE]
    251     0x00059E00       0xFFFFFF00      0x00000400         (0, 5, 3)      [4] []
    252     0x00019300       0xFFFFFF80      0x00010000         (0, 1, 2)      [10] []
    253     0x0001C080       0xFFFFFF80      0x00800002         (0, 1, 8)      [17] [NE]
    254     0x0000A880       0xFFFFFF80      0x00000008         (0, 0, 5)      [] [W]
    255     0x0001C300       0xFFFFFF80      0x00000080         (0, 1, 8)      [1] []
    256     0x0001F700       0xFFFFFF80      0x00040000         (0, 1, 14)      [12] []
    257     0x0000C280       0xFFFFFF80      0x00080000         (0, 0, 8)      [13] []
    258     0x00009980       0xFFFFFF80      0x00000008         (0, 0, 3)      [] [W]
    259     0x0001D480       0xFFFFFF80      0x000000A0         (0, 1, 10)      [1] [S]
    260     0x0000D700       0xFFFFFF80      0x00000200         (0, 0, 10)      [3] []
    261     0x00008680       0xFFFFFF80      0x00080000         (0, 0, 0)      [13] []
    262     0x00003B80       0xFFFFFF80      0x00080000         (0, 0, 7)      [13] []
    263     0x00017280       0xFFFFFF80      0x00200000         (0, 1, 14)      [15] []
    264     0x00012F80       0xFFFFFF80      0x00000008         (0, 1, 5)      [] [W]
    265     0x00013B00       0xFFFFFF80      0x00100000         (0, 1, 7)      [14] []
    266     0x00020500       0xFFFFFF80      0x00002020         (0, 2, 0)      [7] [S]
    267     0x00017680       0xFFFFFF80      0x00000100         (0, 1, 14)      [2] []
    268     0x0001BC80       0xFFFFFF80      0x00002000         (0, 1, 7)      [7] []
    269     0x00019C80       0xFFFFFF80      0x0000300C         (0, 1, 3)      [6, 7] [N, W]
    270     0x00015C80       0xFFFFFF80      0x00000200         (0, 1, 11)      [3] []
    271     0x0001E200       0xFFFFFF80      0x00040000         (0, 1, 12)      [12] []
    272     0x0001B380       0xFFFFFF80      0x00F8C000         (0, 1, 6)      [8, 9, 13, 14, 15, 16, 17] []
    273     0x00019780       0xFFFFFF80      0x0080000E         (0, 1, 2)      [17] [NE, N, W]
    274     0x00015E80       0xFFFFFF80      0x00002000         (0, 1, 11)      [7] []
    275     0x00012E80       0xFFFFFF80      0x00000008         (0, 1, 5)      [] [W]
    276     0x00011480       0xFFFFFF80      0x00001000         (0, 1, 2)      [6] []
    277     0x0001A200       0xFFFFFF80      0x00C7FF86         (0, 1, 4)      [1, 2, 3, 4, 5, 6, 7, 8, 9, 10, 11, 12, 16, 17] [NE, N]
    278     0x00016E80       0xFFFFFF80      0x00040020         (0, 1, 13)      [12] [S]
    279     0x00002D80       0xFFFFFF80      0x00200000         (0, 0, 5)      [15] []
    280     0x00021700       0xFFFFFF80      0x00004000         (0, 2, 2)      [8] []
    281     0x0000B580       0xFFFFFF80      0x00800008         (0, 0, 6)      [17] [W]
    282     0x00058800       0xFFFFFF00      0x00000020         (0, 5, 1)      [] [S]
    283     0x00019000       0xFFFFFF80      0x00000400         (0, 1, 2)      [4] []
    284     0x00016A00       0xFFFFFF80      0x00000220         (0, 1, 13)      [3] [S]
    285     0x0001C000       0xFFFFFF80      0x00400002         (0, 1, 8)      [16] [NE]
    286     0x00004A80       0xFFFFFF80      0x00080000         (0, 0, 9)      [13] []
    287     0x0001BB00       0xFFFFFF80      0x00000402         (0, 1, 7)      [4] [NE]
    288     0x00000E80       0xFFFFFF80      0x00080000         (0, 0, 1)      [13] []
    289     0x00021B80       0xFFFFFF80      0x00010000         (0, 2, 3)      [10] []
    290     0x00021A00       0xFFFFFF80      0x00010000         (0, 2, 3)      [10] []
    291     0x00010000       0xFFFFFF80      0x00400000         (0, 1, 0)      [16] []
    292     0x0001D400       0xFFFFFF80      0x00000020         (0, 1, 10)      [] [S]
    293     0x00014100       0xFFFFFF80      0x00000808         (0, 1, 8)      [5] [W]
    294     0x0001F800       0xFFFFFF80      0x00000100         (0, 1, 15)      [2] []
    295     0x0001A700       0xFFFFFF80      0x0007FFBE         (0, 1, 4)      [1, 2, 3, 4, 5, 6, 7, 8, 9, 10, 11, 12] [NE, N, W, SW, S]
    296     0x00034A00       0xFFFFFF00      0x00000002         (0, 3, 9)      [] [NE]
    297     0x00021000       0xFFFFFF80      0x00040020         (0, 2, 2)      [12] [S]
    298     0x00024E00       0xFFFFFF80      0x00004020         (0, 2, 9)      [8] [S]
    299     0x00013F00       0xFFFFFF80      0x00000080         (0, 1, 7)      [1] []
    300     0x00010400       0xFFFFFF80      0x00000210         (0, 1, 0)      [3] [SW]
    301     0x0001E400       0xFFFFFF80      0x00000082         (0, 1, 12)      [1] [NE]
    302     0x00010F00       0xFFFFFF80      0x00400000         (0, 1, 1)      [16] []
    303     0x00014E80       0xFFFFFF80      0x00000218         (0, 1, 9)      [3] [W, SW]
    304     0x0000C680       0xFFFFFF80      0x00000010         (0, 0, 8)      [] [SW]
    305     0x00025000       0xFFFFFF80      0x00040020         (0, 2, 10)      [12] [S]
    306     0x00005A00       0xFFFFFF80      0x00100000         (0, 0, 11)      [14] []
    307     0x00021600       0xFFFFFF80      0x00020000         (0, 2, 2)      [11] []
    308     0x0000E100       0xFFFFFF80      0x00100000         (0, 0, 12)      [14] []
    309     0x00015180       0xFFFFFF80      0x00008010         (0, 1, 10)      [9] [SW]
    310     0x0000A500       0xFFFFFF80      0x00100000         (0, 0, 4)      [14] []
    311     0x00022000       0xFFFFFF80      0x00000001         (0, 2, 4)      [] [E]
    312     0x00014200       0xFFFFFF80      0x00002008         (0, 1, 8)      [7] [W]
    313     0x0000C380       0xFFFFFF80      0x00200000         (0, 0, 8)      [15] []
    314     0x00011380       0xFFFFFF80      0x00000400         (0, 1, 2)      [4] []
    315     0x0001AF00       0xFFFFFF80      0x00F80002         (0, 1, 5)      [16, 17, 13, 14, 15] [NE]
    316     0x00016100       0xFFFFFF80      0x00040000         (0, 1, 12)      [12] []
    317     0x00016B00       0xFFFFFF80      0x00000820         (0, 1, 13)      [5] [S]
    318     0x00015E00       0xFFFFFF80      0x00001000         (0, 1, 11)      [6] []
    319     0x00010600       0xFFFFFF80      0x00002010         (0, 1, 0)      [7] [SW]
    320     0x00034500       0xFFFFFF00      0x00000002         (0, 3, 8)      [] [NE]
    321     0x00009A80       0xFFFFFF80      0x00000108         (0, 0, 3)      [2] [W]
    322     0x0001D200       0xFFFFFF80      0x00800021         (0, 1, 10)      [17] [E, S]
    323     0x0001B200       0xFFFFFF80      0x00F81802         (0, 1, 6)      [5, 6, 13, 14, 15, 16, 17] [NE]
    324     0x00059300       0xFFFFFF00      0x00000020         (0, 5, 2)      [] [S]
    325     0x00013080       0xFFFFFF80      0x00000108         (0, 1, 6)      [2] [W]
    326     0x0001CE80       0xFFFFFF80      0x00001030         (0, 1, 9)      [6] [SW, S]
    327     0x0000D200       0xFFFFFF80      0x00100000         (0, 0, 10)      [14] []
    328     0x0001FE80       0xFFFFFF80      0x00000430         (0, 1, 15)      [4] [SW, S]
    329     0x00020000       0xFFFFFF80      0x00002030         (0, 2, 0)      [7] [SW, S]
    330     0x00021300       0xFFFFFF80      0x00020000         (0, 2, 2)      [11] []
    331     0x00006A00       0xFFFFFF80      0x00400000         (0, 0, 13)      [16] []
    332     0x00034600       0xFFFFFF00      0x00000002         (0, 3, 8)      [] [NE]
    333     0x00059000       0xFFFFFF00      0x00000020         (0, 5, 2)      [] [S]
    334     0x00016D80       0xFFFFFF80      0x00010000         (0, 1, 13)      [10] []
    335     0x0001AA00       0xFFFFFF80      0x0007FFBE         (0, 1, 5)      [1, 2, 3, 4, 5, 6, 7, 8, 9, 10, 11, 12] [NE, N, W, SW, S]
    336     0x00019900       0xFFFFFF80      0x0000000E         (0, 1, 3)      [] [NE, N, W]
    337     0x00008800       0xFFFFFF80      0x00400000         (0, 0, 1)      [16] []
    338     0x00012380       0xFFFFFF80      0x00001000         (0, 1, 4)      [6] []
    339     0x0001FC00       0xFFFFFF80      0x00010030         (0, 1, 15)      [10] [SW, S]
    340     0x00012C00       0xFFFFFF80      0x00100000         (0, 1, 5)      [14] []
    341     0x00015800       0xFFFFFF80      0x00200000         (0, 1, 11)      [15] []
    342     0x0001EC00       0xFFFFFF80      0x00000202         (0, 1, 13)      [3] [NE]
    343     0x00034700       0xFFFFFF00      0x00000002         (0, 3, 8)      [] [NE]
    344     0x0001A100       0xFFFFFF80      0x0037FF86         (0, 1, 4)      [1, 2, 3, 4, 5, 6, 7, 8, 9, 10, 11, 12, 14, 15] [NE, N]
    345     0x00018680       0xFFFFFF80      0x00008000         (0, 1, 0)      [9] []
    346     0x00019F80       0xFFFFFF80      0x0004000C         (0, 1, 3)      [12] [N, W]
    347     0x00019F00       0xFFFFFF80      0x0006000C         (0, 1, 3)      [11, 12] [N, W]
    348     0x0001DD00       0xFFFFFF80      0x00000100         (0, 1, 11)      [2] []
    349     0x0005A200       0xFFFFFF00      0x00004000         (0, 5, 4)      [8] []
    350     0x00016C00       0xFFFFFF80      0x00002000         (0, 1, 13)      [7] []
    351     0x0001F900       0xFFFFFF80      0x00000430         (0, 1, 15)      [4] [SW, S]
    352     0x00003D00       0xFFFFFF80      0x00400000         (0, 0, 7)      [16] []
    353     0x0005AA00       0xFFFFFF00      0x00400000         (0, 5, 5)      [16] []
    354     0x0001DF00       0xFFFFFF80      0x00001000         (0, 1, 11)      [6] []
    355     0x0001A000       0xFFFFFF80      0x000FFF86         (0, 1, 4)      [1, 2, 3, 4, 5, 6, 7, 8, 9, 10, 11, 12, 13] [NE, N]
    356     0x0001EF00       0xFFFFFF80      0x00008000         (0, 1, 13)      [9] []
    357     0x0000A780       0xFFFFFF80      0x00000008         (0, 0, 4)      [] [W]
    358     0x0000C780       0xFFFFFF80      0x00000110         (0, 0, 8)      [2] [SW]
    359     0x0005A800       0xFFFFFF00      0x00100000         (0, 5, 5)      [14] []
    360     0x0000C480       0xFFFFFF80      0x00800000         (0, 0, 8)      [17] []
    361     0x0001F300       0xFFFFFF80      0x00000400         (0, 1, 14)      [4] []
    362     0x00017E80       0xFFFFFF80      0x00100000         (0, 1, 15)      [14] []
    363     0x0001E780       0xFFFFFF80      0x00004000         (0, 1, 12)      [8] []
    364     0x0001B980       0xFFFFFF80      0x00000082         (0, 1, 7)      [1] [NE]
    365     0x00024780       0xFFFFFF80      0x00400000         (0, 2, 8)      [16] []
    366     0x00016000       0xFFFFFF80      0x00010000         (0, 1, 12)      [10] []
    367     0x0001A880       0xFFFFFF80      0x0007FFBE         (0, 1, 5)      [1, 2, 3, 4, 5, 6, 7, 8, 9, 10, 11, 12] [NE, N, W, SW, S]
    368     0x00019A80       0xFFFFFF80      0x0000030E         (0, 1, 3)      [2, 3] [NE, N, W]
    369     0x00014000       0xFFFFFF80      0x00000208         (0, 1, 8)      [3] [W]
    370     0x0001E000       0xFFFFFF80      0x00004000         (0, 1, 12)      [8] []
    371     0x00057A00       0xFFFFFF00      0x00000020         (0, 5, 15)      [] [S]
    372     0x00024E80       0xFFFFFF80      0x00008020         (0, 2, 9)      [9] [S]
    373     0x0001B880       0xFFFFFF80      0x00000002         (0, 1, 7)      [] [NE]
    374     0x0001B900       0xFFFFFF80      0x00000002         (0, 1, 7)      [] [NE]
    375     0x0001F880       0xFFFFFF80      0x00000200         (0, 1, 15)      [3] []
    376     0x0001FA80       0xFFFFFF80      0x00002030         (0, 1, 15)      [7] [SW, S]
    377     0x0001F680       0xFFFFFF80      0x00020000         (0, 1, 14)      [11] []
    378     0x00024A80       0xFFFFFF80      0x00000080         (0, 2, 9)      [1] []
    379     0x0000B700       0xFFFFFF80      0x00000008         (0, 0, 6)      [] [W]
    380     0x00019500       0xFFFFFF80      0x00000006         (0, 1, 2)      [] [NE, N]
    381     0x00005A80       0xFFFFFF80      0x00200000         (0, 0, 11)      [15] []
    382     0x0000F100       0xFFFFFF80      0x00400000         (0, 0, 14)      [16] []
    383     0x00019E00       0xFFFFFF80      0x0001800C         (0, 1, 3)      [9, 10] [N, W]
    384     0x0001DE80       0xFFFFFF80      0x00000800         (0, 1, 11)      [5] []
    385     0x0001D900       0xFFFFFF80      0x00010000         (0, 1, 11)      [10] []
    386     0x0000E400       0xFFFFFF80      0x00000008         (0, 0, 12)      [] [W]
    387     0x0001E980       0xFFFFFF80      0x00040000         (0, 1, 13)      [12] []
    388     0x00015000       0xFFFFFF80      0x00001010         (0, 1, 10)      [6] [SW]
    389     0x0001B280       0xFFFFFF80      0x00F83002         (0, 1, 6)      [6, 7, 13, 14, 15, 16, 17] [NE]
    390     0x0000F280       0xFFFFFF80      0x00000008         (0, 0, 14)      [] [W]
    391     0x00058500       0xFFFFFF00      0x00000020         (0, 5, 0)      [] [S]
    392     0x00019D00       0xFFFFFF80      0x0000600C         (0, 1, 3)      [8, 7] [N, W]
    393     0x00008B00       0xFFFFFF80      0x00000080         (0, 0, 1)      [1] []
    394     0x00019400       0xFFFFFF80      0x0004000C         (0, 1, 2)      [12] [N, W]
    395     0x0001FB00       0xFFFFFF80      0x00004030         (0, 1, 15)      [8] [SW, S]
    396     0x00009780       0xFFFFFF80      0x00800008         (0, 0, 2)      [17] [W]
    397     0x00058300       0xFFFFFF00      0x00000020         (0, 5, 0)      [] [S]
    398     0x0000FF80       0xFFFFFF80      0x00200000         (0, 0, 15)      [15] []
    399     0x0001AC00       0xFFFFFF80      0x00F80037         (0, 1, 5)      [16, 17, 13, 14, 15] [E, NE, N, SW, S]
    400     0x00007780       0xFFFFFF80      0x00080000         (0, 0, 14)      [13] []
    401     0x00020800       0xFFFFFF80      0x00000420         (0, 2, 1)      [4] [S]
    402     0x0001A400       0xFFFFFF80      0x0007FF8E         (0, 1, 4)      [1, 2, 3, 4, 5, 6, 7, 8, 9, 10, 11, 12] [NE, N, W]
    403     0x0000B480       0xFFFFFF80      0x00200000         (0, 0, 6)      [15] []
    404     0x0001F280       0xFFFFFF80      0x00000200         (0, 1, 14)      [3] []
    405     0x00017F80       0xFFFFFF80      0x00400000         (0, 1, 15)      [16] []
    406     0x00018380       0xFFFFFF80      0x00000200         (0, 1, 0)      [3] []
    407     0x0001BB80       0xFFFFFF80      0x00000800         (0, 1, 7)      [5] []
    408     0x0001ED00       0xFFFFFF80      0x00000800         (0, 1, 13)      [5] []
    409     0x00010D80       0xFFFFFF80      0x00080000         (0, 1, 1)      [13] []
    410     0x00010700       0xFFFFFF80      0x00008010         (0, 1, 0)      [9] [SW]
    411     0x0001BD00       0xFFFFFF80      0x00004000         (0, 1, 7)      [8] []
    412     0x0001C100       0xFFFFFF80      0x00000002         (0, 1, 8)      [] [NE]
    413     0x00019080       0xFFFFFF80      0x00000800         (0, 1, 2)      [5] []
    414     0x0000A680       0xFFFFFF80      0x00800008         (0, 0, 4)      [17] [W]
    415     0x0001D000       0xFFFFFF80      0x00008020         (0, 1, 10)      [9] [S]
    416     0x0000C500       0xFFFFFF80      0x00000010         (0, 0, 8)      [] [SW]
    417     0x0001E800       0xFFFFFF80      0x00008000         (0, 1, 13)      [9] []
    418     0x00022D00       0xFFFFFF80      0x00F80000         (0, 2, 5)      [16, 17, 13, 14, 15] []
    419     0x0000E700       0xFFFFFF80      0x00000808         (0, 0, 12)      [5] [W]
    420     0x00057D00       0xFFFFFF00      0x00000020         (0, 5, 15)      [] [S]
    421     0x00017100       0xFFFFFF80      0x00000020         (0, 1, 14)      [] [S]
    422     0x00021D00       0xFFFFFF80      0x00020000         (0, 2, 3)      [11] []
    423     0x00058A00       0xFFFFFF00      0x00000020         (0, 5, 1)      [] [S]
    424     0x0000F300       0xFFFFFF80      0x00000008         (0, 0, 14)      [] [W]
    425     0x0000F000       0xFFFFFF80      0x00100000         (0, 0, 14)      [14] []
    426     0x00013C00       0xFFFFFF80      0x00400000         (0, 1, 7)      [16] []
    427     0x00020D80       0xFFFFFF80      0x00002020         (0, 2, 1)      [7] [S]
    428     0x00005980       0xFFFFFF80      0x00080000         (0, 0, 11)      [13] []
    429     0x0001F480       0xFFFFFF80      0x00002000         (0, 1, 14)      [7] []
    430     0x00012280       0xFFFFFF80      0x00000400         (0, 1, 4)      [4] []
    431     0x00012F00       0xFFFFFF80      0x00000008         (0, 1, 5)      [] [W]
    432     0x0001E080       0xFFFFFF80      0x00008000         (0, 1, 12)      [9] []
    433     0x00019700       0xFFFFFF80      0x00400006         (0, 1, 2)      [16] [NE, N]
    434     0x00011280       0xFFFFFF80      0x00000100         (0, 1, 2)      [2] []
    435     0x0001B500       0xFFFFFF80      0x00FE0000         (0, 1, 6)      [11, 12, 13, 14, 15, 16, 17] []
    436     0x00058B00       0xFFFFFF00      0x00000020         (0, 5, 1)      [] [S]
    437     0x0001CF80       0xFFFFFF80      0x00004020         (0, 1, 9)      [8] [S]
    438     0x0000D880       0xFFFFFF80      0x00001000         (0, 0, 11)      [6] []
    439     0x0001C600       0xFFFFFF80      0x00002000         (0, 1, 8)      [7] []
    440     0x00021F00       0xFFFFFF80      0x00000001         (0, 2, 3)      [] [E]
    441     0x0001D280       0xFFFFFF80      0x00000021         (0, 1, 10)      [] [E, S]
    442     0x00015C00       0xFFFFFF80      0x00000100         (0, 1, 11)      [2] []
    443     0x00012180       0xFFFFFF80      0x00000100         (0, 1, 4)      [2] []
    444     0x00021780       0xFFFFFF80      0x00008000         (0, 2, 2)      [9] []
    445     0x0000F500       0xFFFFFF80      0x00000208         (0, 0, 14)      [3] [W]
    446     0x0001E280       0xFFFFFF80      0x00000002         (0, 1, 12)      [] [NE]
    447     0x00005B80       0xFFFFFF80      0x00800008         (0, 0, 11)      [17] [W]
    448     0x0001B700       0xFFFFFF80      0x00C00002         (0, 1, 6)      [16, 17] [NE]
    449     0x0000B980       0xFFFFFF80      0x00000418         (0, 0, 7)      [4] [W, SW]
    450     0x00059500       0xFFFFFF00      0x00000020         (0, 5, 2)      [] [S]
    451     0x00020380       0xFFFFFF80      0x00000420         (0, 2, 0)      [4] [S]
    452     0x0001CA00       0xFFFFFF80      0x00000030         (0, 1, 9)      [] [SW, S]
    453     0x00019680       0xFFFFFF80      0x00200006         (0, 1, 2)      [15] [NE, N]
    454     0x0000F200       0xFFFFFF80      0x00000008         (0, 0, 14)      [] [W]
    455     0x0001C980       0xFFFFFF80      0x00800020         (0, 1, 9)      [17] [S]
    456     0x00018B00       0xFFFFFF80      0x00200000         (0, 1, 1)      [15] []
    457     0x0001E100       0xFFFFFF80      0x00010000         (0, 1, 12)      [10] []
    458     0x00010500       0xFFFFFF80      0x00000810         (0, 1, 0)      [5] [SW]
    459     0x00012B80       0xFFFFFF80      0x00080000         (0, 1, 5)      [13] []
    460     0x00059B00       0xFFFFFF00      0x00000080         (0, 5, 3)      [1] []
    461     0x00058E00       0xFFFFFF00      0x00000020         (0, 5, 1)      [] [S]
    462     0x00012480       0xFFFFFF80      0x00004000         (0, 1, 4)      [8] []
    463     0x0000E280       0xFFFFFF80      0x00800008         (0, 0, 12)      [17] [W]
    464     0x00009580       0xFFFFFF80      0x00080000         (0, 0, 2)      [13] []
    465     0x00015700       0xFFFFFF80      0x00080000         (0, 1, 10)      [13] []
    466     0x0001E180       0xFFFFFF80      0x00020000         (0, 1, 12)      [11] []
    467     0x00019580       0xFFFFFF80      0x00080006         (0, 1, 2)      [13] [NE, N]
    468     0x0001AC80       0xFFFFFF80      0x00F80037         (0, 1, 5)      [16, 17, 13, 14, 15] [E, NE, N, SW, S]
    469     0x00020480       0xFFFFFF80      0x00001020         (0, 2, 0)      [6] [S]
    470     0x00019B00       0xFFFFFF80      0x0000060E         (0, 1, 3)      [3, 4] [NE, N, W]
    471     0x00020D00       0xFFFFFF80      0x00001020         (0, 2, 1)      [6] [S]
    472     0x00010200       0xFFFFFF80      0x00000018         (0, 1, 0)      [] [W, SW]
    473     0x00019180       0xFFFFFF80      0x00002000         (0, 1, 2)      [7] []
    474     0x00018A00       0xFFFFFF80      0x00080000         (0, 1, 1)      [13] []
    475     0x0001D180       0xFFFFFF80      0x00040020         (0, 1, 10)      [12] [S]
    476     0x0001B580       0xFFFFFF80      0x00180003         (0, 1, 6)      [13, 14] [E, NE]
    477     0x0001A280       0xFFFFFF80      0x0087FF8E         (0, 1, 4)      [1, 2, 3, 4, 5, 6, 7, 8, 9, 10, 11, 12, 17] [NE, N, W]
    478     0x00011600       0xFFFFFF80      0x00008000         (0, 1, 2)      [9] []
    479     0x00015900       0xFFFFFF80      0x00800000         (0, 1, 11)      [17] []
    480     0x00017200       0xFFFFFF80      0x00100000         (0, 1, 14)      [14] []
    481     0x00018600       0xFFFFFF80      0x00004000         (0, 1, 0)      [8] []
    482     0x00014E00       0xFFFFFF80      0x00000118         (0, 1, 9)      [2] [W, SW]
    483     0x00024F80       0xFFFFFF80      0x00020020         (0, 2, 9)      [11] [S]
    484     0x0001F400       0xFFFFFF80      0x00001000         (0, 1, 14)      [6] []
    485     0x0001F600       0xFFFFFF80      0x00010000         (0, 1, 14)      [10] []
    486     0x0001ED80       0xFFFFFF80      0x00001000         (0, 1, 13)      [6] []
    487     0x00014A00       0xFFFFFF80      0x00200000         (0, 1, 9)      [15] []
    488     0x00020100       0xFFFFFF80      0x00008030         (0, 2, 0)      [9] [SW, S]
    489     0x00058900       0xFFFFFF00      0x00000020         (0, 5, 1)      [] [S]
    490     0x00033F00       0xFFFFFF00      0x00000002         (0, 3, 7)      [] [NE]
    491     0x00014B00       0xFFFFFF80      0x00800008         (0, 1, 9)      [17] [W]
    492     0x0000F680       0xFFFFFF80      0x00001008         (0, 0, 14)      [6] [W]
    493     0x00013480       0xFFFFFF80      0x00010008         (0, 1, 6)      [10] [W]
    494     0x00019800       0xFFFFFF80      0x0000000E         (0, 1, 3)      [] [NE, N, W]
    495     0x0000E800       0xFFFFFF80      0x00002008         (0, 0, 13)      [7] [W]
    496     0x0000F580       0xFFFFFF80      0x00000408         (0, 0, 14)      [4] [W]
    497     0x00059A00       0xFFFFFF00      0x00000020         (0, 5, 3)      [] [S]
    498     0x00016900       0xFFFFFF80      0x00000080         (0, 1, 13)      [1] []
    499     0x0001B000       0xFFFFFF80      0x00F80182         (0, 1, 6)      [1, 2, 13, 14, 15, 16, 17] [NE]
    500     0x0001A680       0xFFFFFF80      0x0007FFBE         (0, 1, 4)      [1, 2, 3, 4, 5, 6, 7, 8, 9, 10, 11, 12] [NE, N, W, SW, S]
    501     0x0001D580       0xFFFFFF80      0x00000220         (0, 1, 10)      [3] [S]
    502     0x00010100       0xFFFFFF80      0x00000018         (0, 1, 0)      [] [W, SW]
    503     0x00005C00       0xFFFFFF80      0x00000008         (0, 0, 11)      [] [W]
    504     0x00020700       0xFFFFFF80      0x00020020         (0, 2, 0)      [11] [S]
    505     0x00024C80       0xFFFFFF80      0x00000800         (0, 2, 9)      [5] []
    506     0x00015F00       0xFFFFFF80      0x00004000         (0, 1, 11)      [8] []
    507     0x0001E680       0xFFFFFF80      0x00001000         (0, 1, 12)      [6] []
    508     0x0000D680       0xFFFFFF80      0x00000100         (0, 0, 10)      [2] []
    509     0x00013400       0xFFFFFF80      0x00008008         (0, 1, 6)      [9] [W]
    510     0x00018700       0xFFFFFF80      0x00010000         (0, 1, 0)      [10] []
    511     0x00012580       0xFFFFFF80      0x00010000         (0, 1, 4)      [10] []
    512     0x0001A080       0xFFFFFF80      0x001FFF86         (0, 1, 4)      [1, 2, 3, 4, 5, 6, 7, 8, 9, 10, 11, 12, 13, 14] [NE, N]
    513     0x00012500       0xFFFFFF80      0x00008000         (0, 1, 4)      [9] []
    514     0x00011500       0xFFFFFF80      0x00002000         (0, 1, 2)      [7] []
    515     0x00021900       0xFFFFFF80      0x00040000         (0, 2, 3)      [12] []
    516     0x0000C800       0xFFFFFF80      0x00000210         (0, 0, 9)      [3] [SW]
    517     0x0005A100       0xFFFFFF00      0x00002000         (0, 5, 4)      [7] []
    518     0x0001BA80       0xFFFFFF80      0x00000202         (0, 1, 7)      [3] [NE]
    519     0x00034100       0xFFFFFF00      0x00000002         (0, 3, 8)      [] [NE]
    520     0x0001FB80       0xFFFFFF80      0x00008030         (0, 1, 15)      [9] [SW, S]
    521     0x00021080       0xFFFFFF80      0x00001020         (0, 2, 2)      [6] [S]
    522     0x00059200       0xFFFFFF00      0x00000020         (0, 5, 2)      [] [S]
    523     0x0001CE00       0xFFFFFF80      0x00000830         (0, 1, 9)      [5] [SW, S]
    524     0x00009680       0xFFFFFF80      0x00200000         (0, 0, 2)      [15] []
    525     0x0000EF80       0xFFFFFF80      0x00080000         (0, 0, 13)      [13] []
    526     0x00018C00       0xFFFFFF80      0x00800000         (0, 1, 1)      [17] []
    527     0x00059F00       0xFFFFFF00      0x00000800         (0, 5, 3)      [5] []
    528     0x0001DA80       0xFFFFFF80      0x00000001         (0, 1, 11)      [] [E]
    529     0x00004B80       0xFFFFFF80      0x00200000         (0, 0, 9)      [15] []
    530     0x00006B80       0xFFFFFF80      0x00000008         (0, 0, 13)      [] [W]
    531     0x00021180       0xFFFFFF80      0x00004020         (0, 2, 2)      [8] [S]
    532     0x0001C200       0xFFFFFF80      0x00000002         (0, 1, 8)      [] [NE]
    533     0x00011300       0xFFFFFF80      0x00000200         (0, 1, 2)      [3] []
    534     0x00034900       0xFFFFFF00      0x00000002         (0, 3, 9)      [] [NE]
    535     0x00017A00       0xFFFFFF80      0x00008000         (0, 1, 15)      [9] []
    536     0x0000E600       0xFFFFFF80      0x00000208         (0, 0, 12)      [3] [W]
    537     0x0001BC00       0xFFFFFF80      0x00001000         (0, 1, 7)      [6] []
    538     0x00010300       0xFFFFFF80      0x00000098         (0, 1, 0)      [1] [W, SW]
    539     0x00001E80       0xFFFFFF80      0x00200000         (0, 0, 3)      [15] []
    540     0x00007A00       0xFFFFFF80      0x00000018         (0, 0, 15)      [] [W, SW]
    541     0x00018A80       0xFFFFFF80      0x00100000         (0, 1, 1)      [14] []
    542     0x0001DE00       0xFFFFFF80      0x00000400         (0, 1, 11)      [4] []
    543     0x0001C280       0xFFFFFF80      0x00000002         (0, 1, 8)      [] [NE]
    544     0x0000AA00       0xFFFFFF80      0x00000208         (0, 0, 5)      [3] [W]
    545     0x00001E00       0xFFFFFF80      0x00100000         (0, 0, 3)      [14] []
    546     0x0001AB00       0xFFFFFF80      0x00F8003F         (0, 1, 5)      [16, 17, 13, 14, 15] [E, NE, N, W, SW, S]
    547     0x0001CB80       0xFFFFFF80      0x00000030         (0, 1, 9)      [] [SW, S]
    548     0x0001C900       0xFFFFFF80      0x00400020         (0, 1, 9)      [16] [S]
    549     0x0001D080       0xFFFFFF80      0x00010020         (0, 1, 10)      [10] [S]
    550     0x00013C80       0xFFFFFF80      0x00800000         (0, 1, 7)      [17] []
    551     0x0001A900       0xFFFFFF80      0x0007FFBE         (0, 1, 5)      [1, 2, 3, 4, 5, 6, 7, 8, 9, 10, 11, 12] [NE, N, W, SW, S]
    552     0x00014480       0xFFFFFF80      0x00040008         (0, 1, 8)      [12] [W]
    553     0x0001EA00       0xFFFFFF80      0x00000002         (0, 1, 13)      [] [NE]
    554     0x00009900       0xFFFFFF80      0x00000008         (0, 0, 3)      [] [W]
    555     0x00020680       0xFFFFFF80      0x00010020         (0, 2, 0)      [10] [S]
    556     0x00014C00       0xFFFFFF80      0x00000018         (0, 1, 9)      [] [W, SW]
    557     0x0001EF80       0xFFFFFF80      0x00010000         (0, 1, 13)      [10] []
    558     0x00020C00       0xFFFFFF80      0x00040020         (0, 2, 1)      [12] [S]
    559     0x00016E00       0xFFFFFF80      0x00020000         (0, 1, 13)      [11] []
    560     0x00018480       0xFFFFFF80      0x00000800         (0, 1, 0)      [5] []
    561     0x00006900       0xFFFFFF80      0x00100000         (0, 0, 13)      [14] []
    562     0x0001C700       0xFFFFFF80      0x00008030         (0, 1, 8)      [9] [SW, S]
    563     0x00010580       0xFFFFFF80      0x00001010         (0, 1, 0)      [6] [SW]
    564     0x0000B880       0xFFFFFF80      0x00000108         (0, 0, 7)      [2] [W]
    565     0x0001C400       0xFFFFFF80      0x00000202         (0, 1, 8)      [3] [NE]
    566     0x0001BE00       0xFFFFFF80      0x00010000         (0, 1, 7)      [10] []
    567     0x0001BE80       0xFFFFFF80      0x00020000         (0, 1, 7)      [11] []
    568     0x0000E380       0xFFFFFF80      0x00000008         (0, 0, 12)      [] [W]
    569     0x0001D300       0xFFFFFF80      0x00000020         (0, 1, 10)      [] [S]
    570     0x00007B80       0xFFFFFF80      0x00000018         (0, 0, 15)      [] [W, SW]
    571     0x0000A900       0xFFFFFF80      0x00000088         (0, 0, 5)      [1] [W]
    572     0x0001FD00       0xFFFFFF80      0x00040030         (0, 1, 15)      [12] [SW, S]
    573     0x0005A600       0xFFFFFF00      0x00040000         (0, 5, 4)      [12] []
    574     0x00003C00       0xFFFFFF80      0x00100000         (0, 0, 7)      [14] []
    575     0x00013180       0xFFFFFF80      0x00000408         (0, 1, 6)      [4] [W]
    576     0x0001B080       0xFFFFFF80      0x00F80302         (0, 1, 6)      [2, 3, 13, 14, 15, 16, 17] [NE]
    577     0x0000C600       0xFFFFFF80      0x00000010         (0, 0, 8)      [] [SW]
    578     0x0001CD80       0xFFFFFF80      0x00000430         (0, 1, 9)      [4] [SW, S]
    579     0x00019D80       0xFFFFFF80      0x0000C00C         (0, 1, 3)      [8, 9] [N, W]
    580     0x0001A980       0xFFFFFF80      0x0007FFBE         (0, 1, 5)      [1, 2, 3, 4, 5, 6, 7, 8, 9, 10, 11, 12] [NE, N, W, SW, S]
    581     0x00014900       0xFFFFFF80      0x00080000         (0, 1, 9)      [13] []
    582     0x00014180       0xFFFFFF80      0x00001008         (0, 1, 8)      [6] [W]
    583     0x00058100       0xFFFFFF00      0x00000020         (0, 5, 0)      [] [S]
    584     0x00057E00       0xFFFFFF00      0x00000020         (0, 5, 15)      [] [S]
    585     0x00021680       0xFFFFFF80      0x00040000         (0, 2, 2)      [12] []
    586     0x0001BF00       0xFFFFFF80      0x00040000         (0, 1, 7)      [12] []
    587     0x00024800       0xFFFFFF80      0x00800000         (0, 2, 9)      [17] []
    588     0x00014300       0xFFFFFF80      0x00008008         (0, 1, 8)      [9] [W]
    589     0x00008780       0xFFFFFF80      0x00200000         (0, 0, 0)      [15] []
    590     0x00015D00       0xFFFFFF80      0x00000400         (0, 1, 11)      [4] []
    591     0x00013B80       0xFFFFFF80      0x00200000         (0, 1, 7)      [15] []
    592     0x00018400       0xFFFFFF80      0x00000400         (0, 1, 0)      [4] []
    593     0x00013000       0xFFFFFF80      0x00000088         (0, 1, 6)      [1] [W]
    594     0x00021E00       0xFFFFFF80      0x00040000         (0, 2, 3)      [12] []
    595     0x00016680       0xFFFFFF80      0x00800000         (0, 1, 12)      [17] []
    596     0x0000F700       0xFFFFFF80      0x00002008         (0, 0, 14)      [7] [W]
    597     0x00012D80       0xFFFFFF80      0x00800000         (0, 1, 5)      [17] []
    598     0x00021400       0xFFFFFF80      0x00002000         (0, 2, 2)      [7] []
    599     0x0001BD80       0xFFFFFF80      0x00008000         (0, 1, 7)      [9] []
    600     0x00019880       0xFFFFFF80      0x0000000E         (0, 1, 3)      [] [NE, N, W]
    601     0x00011D80       0xFFFFFF80      0x00200000         (0, 1, 3)      [15] []
    602     0x00019B80       0xFFFFFF80      0x00000C0E         (0, 1, 3)      [4, 5] [NE, N, W]
    603     0x00002E00       0xFFFFFF80      0x00400000         (0, 0, 5)      [16] []
    604     0x0000D800       0xFFFFFF80      0x00000800         (0, 0, 11)      [5] []
    605     0x0001DA00       0xFFFFFF80      0x00040000         (0, 1, 11)      [12] []
    606     0x00014080       0xFFFFFF80      0x00000408         (0, 1, 8)      [4] [W]
    607     0x0005AB00       0xFFFFFF00      0x00800000         (0, 5, 5)      [17] []
    608     0x0001E480       0xFFFFFF80      0x00000102         (0, 1, 12)      [2] [NE]
    609     0x0001EE80       0xFFFFFF80      0x00004000         (0, 1, 13)      [8] []
    610     0x00058600       0xFFFFFF00      0x00000020         (0, 5, 0)      [] [S]
    611     0x0001C880       0xFFFFFF80      0x00040030         (0, 1, 9)      [12] [SW, S]
    612     0x00021480       0xFFFFFF80      0x00004000         (0, 2, 2)      [8] []
    613     0x00010E80       0xFFFFFF80      0x00200000         (0, 1, 1)      [15] []
    614     0x00019480       0xFFFFFF80      0x00000006         (0, 1, 2)      [] [NE, N]
    615     0x0001A580       0xFFFFFF80      0x0007FFBE         (0, 1, 4)      [1, 2, 3, 4, 5, 6, 7, 8, 9, 10, 11, 12] [NE, N, W, SW, S]
    616     0x0001B680       0xFFFFFF80      0x00600002         (0, 1, 6)      [16, 15] [NE]
    617     0x0000FE80       0xFFFFFF80      0x00080000         (0, 0, 15)      [13] []
    618     0x00012C80       0xFFFFFF80      0x00200000         (0, 1, 5)      [15] []
    619     0x00011C80       0xFFFFFF80      0x00080000         (0, 1, 3)      [13] []
    620     0x00018500       0xFFFFFF80      0x00001000         (0, 1, 0)      [6] []
    621     0x00024C00       0xFFFFFF80      0x00000400         (0, 2, 9)      [4] []
    622     0x0000C900       0xFFFFFF80      0x00000810         (0, 0, 9)      [5] [SW]
    623     0x0000A580       0xFFFFFF80      0x00200000         (0, 0, 4)      [15] []
    624     0x00017380       0xFFFFFF80      0x00800000         (0, 1, 14)      [17] []
    625     0x00004B00       0xFFFFFF80      0x00100010         (0, 0, 9)      [14] [SW]
    626     0x0000B380       0xFFFFFF80      0x00080000         (0, 0, 6)      [13] []
    627     0x00014F00       0xFFFFFF80      0x00000418         (0, 1, 9)      [4] [W, SW]
    628     0x00033E00       0xFFFFFF00      0x00000002         (0, 3, 7)      [] [NE]
    629     0x00016580       0xFFFFFF80      0x00200000         (0, 1, 12)      [15] []
    630     0x0000C700       0xFFFFFF80      0x00000090         (0, 0, 8)      [1] [SW]
    631     0x0001A780       0xFFFFFF80      0x0007FFBE         (0, 1, 4)      [1, 2, 3, 4, 5, 6, 7, 8, 9, 10, 11, 12] [NE, N, W, SW, S]
    632     0x0000E500       0xFFFFFF80      0x00000088         (0, 0, 12)      [1] [W]
    633     0x0000B500       0xFFFFFF80      0x00400000         (0, 0, 6)      [16] []
    634     0x00010F80       0xFFFFFF80      0x00800000         (0, 1, 1)      [17] []
    635     0x0001EC80       0xFFFFFF80      0x00000402         (0, 1, 13)      [4] [NE]
    636     0x00014280       0xFFFFFF80      0x00004008         (0, 1, 8)      [8] [W]
    637     0x00016480       0xFFFFFF80      0x00080000         (0, 1, 12)      [13] []
    638     0x00024D00       0xFFFFFF80      0x00001000         (0, 2, 9)      [6] []
    639     0x00059100       0xFFFFFF00      0x00000020         (0, 5, 2)      [] [S]
    640     0x0000F780       0xFFFFFF80      0x00004008         (0, 0, 14)      [8] [W]
    641     0x00011200       0xFFFFFF80      0x00000080         (0, 1, 2)      [1] []
    642     0x00015100       0xFFFFFF80      0x00004010         (0, 1, 10)      [8] [SW]
    643     0x00017E00       0xFFFFFF80      0x00080000         (0, 1, 15)      [13] []
    644     0x00019280       0xFFFFFF80      0x00008000         (0, 1, 2)      [9] []
    645     0x00017600       0xFFFFFF80      0x00000080         (0, 1, 14)      [1] []
    646     0x00020200       0xFFFFFF80      0x00020020         (0, 2, 0)      [11] [S]
    647     0x00018780       0xFFFFFF80      0x00020000         (0, 1, 0)      [11] []
    648     0x00020300       0xFFFFFF80      0x00000220         (0, 2, 0)      [3] [S]
    649     0x0001E300       0xFFFFFF80      0x00000002         (0, 1, 12)      [] [NE]
    650     0x00017800       0xFFFFFF80      0x00000800         (0, 1, 15)      [5] []
    651     0x00059D00       0xFFFFFF00      0x00000200         (0, 5, 3)      [3] []
    652     0x00018300       0xFFFFFF80      0x00000100         (0, 1, 0)      [2] []
    653     0x00020A80       0xFFFFFF80      0x00008020         (0, 2, 1)      [9] [S]
    654     0x0001C380       0xFFFFFF80      0x00000100         (0, 1, 8)      [2] []
    655     0x00006A80       0xFFFFFF80      0x00800008         (0, 0, 13)      [17] [W]
    656     0x0001EE00       0xFFFFFF80      0x00002000         (0, 1, 13)      [7] []
    657     0x0000D280       0xFFFFFF80      0x00200000         (0, 0, 10)      [15] []
    658     0x00059600       0xFFFFFF00      0x00000020         (0, 5, 2)      [] [S]
    659     0x0001EB80       0xFFFFFF80      0x00000100         (0, 1, 13)      [2] []
    660     0x00013100       0xFFFFFF80      0x00000208         (0, 1, 6)      [3] [W]
    661     0x00018F00       0xFFFFFF80      0x00000100         (0, 1, 1)      [2] []
    662     0x00024B00       0xFFFFFF80      0x00000100         (0, 2, 9)      [2] []
    663     0x0001FA00       0xFFFFFF80      0x00001030         (0, 1, 15)      [6] [SW, S]
    664     0x00012600       0xFFFFFF80      0x00020000         (0, 1, 4)      [11] []
    665     0x0001AA80       0xFFFFFF80      0x0007FFBE         (0, 1, 5)      [1, 2, 3, 4, 5, 6, 7, 8, 9, 10, 11, 12] [NE, N, W, SW, S]
    666     0x00017B00       0xFFFFFF80      0x00020000         (0, 1, 15)      [11] []
    667     0x00020900       0xFFFFFF80      0x00001020         (0, 2, 1)      [6] [S]
    668     0x0001E600       0xFFFFFF80      0x00000800         (0, 1, 12)      [5] []
    669     0x0000C300       0xFFFFFF80      0x00100010         (0, 0, 8)      [14] [SW]
    670     0x00024680       0xFFFFFF80      0x00100000         (0, 2, 8)      [14] []
    671     0x00013580       0xFFFFFF80      0x00040008         (0, 1, 6)      [12] [W]
    672     0x00006C00       0xFFFFFF80      0x00000008         (0, 0, 13)      [] [W]
    673     0x0001F580       0xFFFFFF80      0x00008000         (0, 1, 14)      [9] []
    674     0x0001E700       0xFFFFFF80      0x00002000         (0, 1, 12)      [7] []
    675     0x00009A00       0xFFFFFF80      0x00000088         (0, 0, 3)      [1] [W]
    676     0x0001D700       0xFFFFFF80      0x00001020         (0, 1, 10)      [6] [S]
    677     0x00033D00       0xFFFFFF00      0x00000002         (0, 3, 7)      [] [NE]
    678     0x0001C680       0xFFFFFF80      0x00004000         (0, 1, 8)      [8] []
    679     0x0000D180       0xFFFFFF80      0x00080000         (0, 0, 10)      [13] []
    680     0x00010E00       0xFFFFFF80      0x00100000         (0, 1, 1)      [14] []
    681     0x00059800       0xFFFFFF00      0x00000020         (0, 5, 3)      [] [S]
    682     0x0001D600       0xFFFFFF80      0x00000420         (0, 1, 10)      [4] [S]
    683     0x00014380       0xFFFFFF80      0x00010008         (0, 1, 8)      [10] [W]
    684     0x00010680       0xFFFFFF80      0x00004010         (0, 1, 0)      [8] [SW]
    685     0x0001B480       0xFFFFFF80      0x00FB0000         (0, 1, 6)      [10, 11, 13, 14, 15, 16, 17] []
    686     0x00016A80       0xFFFFFF80      0x00000420         (0, 1, 13)      [4] [S]
    687     0x00003D80       0xFFFFFF80      0x00800008         (0, 0, 7)      [17] [W]
    688     0x00020600       0xFFFFFF80      0x00008020         (0, 2, 0)      [9] [S]
    689     0x0001D800       0xFFFFFF80      0x00004000         (0, 1, 11)      [8] []
    690     0x00004C00       0xFFFFFF80      0x00400000         (0, 0, 9)      [16] []
    691     0x0001A480       0xFFFFFF80      0x0007FF8E         (0, 1, 4)      [1, 2, 3, 4, 5, 6, 7, 8, 9, 10, 11, 12] [NE, N, W]
    692     0x00024600       0xFFFFFF80      0x00080000         (0, 2, 8)      [13] []
    693     0x00059900       0xFFFFFF00      0x00000020         (0, 5, 3)      [] [S]
    694     0x00057B00       0xFFFFFF00      0x00000020         (0, 5, 15)      [] [S]
    695     0x0001AE00       0xFFFFFF80      0x00F80002         (0, 1, 5)      [16, 17, 13, 14, 15] [NE]
    696     0x00034B00       0xFFFFFF00      0x00000002         (0, 3, 9)      [] [NE]
    697     0x00002C80       0xFFFFFF80      0x00080000         (0, 0, 5)      [13] []
    698     0x0001AD00       0xFFFFFF80      0x00F8003F         (0, 1, 5)      [16, 17, 13, 14, 15] [E, NE, N, W, SW, S]
    699     0x00059C00       0xFFFFFF00      0x00000100         (0, 5, 3)      [2] []
