router contains 77 entries 
 
  Index   Key(hex)    Mask(hex)    Route(hex)    Src. Core -> [Cores][Links]
------------------------------------------------------------------------------
    0     0x00035300       0xFFFFFF00      0x00000020         (0, 3, 10)      [] [S]
    1     0x00053A00       0xFFFFFF00      0x00000010         (0, 5, 7)      [] [SW]
    2     0x00024800       0xFFFFFF80      0x00010000         (0, 2, 9)      [10] []
    3     0x00053400       0xFFFFFF00      0x00000010         (0, 5, 6)      [] [SW]
    4     0x00035A00       0xFFFFFF00      0x00000020         (0, 3, 11)      [] [S]
    5     0x00052F00       0xFFFFFF00      0x00000010         (0, 5, 5)      [] [SW]
    6     0x0003C000       0xFFFFFF00      0x00000001         (0, 3, 8)      [] [E]
    7     0x00024680       0xFFFFFF80      0x00002000         (0, 2, 8)      [7] []
    8     0x00025000       0xFFFFFF80      0x00000002         (0, 2, 10)      [] [NE]
    9     0x00053600       0xFFFFFF00      0x00000010         (0, 5, 6)      [] [SW]
    10     0x00035100       0xFFFFFF00      0x00000020         (0, 3, 10)      [] [S]
    11     0x00022400       0xFFFFFF80      0x00FFFF80         (0, 2, 4)      [1, 2, 3, 4, 5, 6, 7, 8, 9, 10, 11, 12, 13, 14, 15, 16, 17] []
    12     0x00024F80       0xFFFFFF80      0x00000002         (0, 2, 9)      [] [NE]
    13     0x00053000       0xFFFFFF00      0x00000010         (0, 5, 6)      [] [SW]
    14     0x00024600       0xFFFFFF80      0x00001000         (0, 2, 8)      [6] []
    15     0x00024A00       0xFFFFFF80      0x00100000         (0, 2, 9)      [14] []
    16     0x00053100       0xFFFFFF00      0x00000010         (0, 5, 6)      [] [SW]
    17     0x00034C00       0xFFFFFF00      0x00000020         (0, 3, 9)      [] [S]
    18     0x00053900       0xFFFFFF00      0x00000010         (0, 5, 7)      [] [SW]
    19     0x00035600       0xFFFFFF00      0x00000020         (0, 3, 10)      [] [S]
    20     0x00053200       0xFFFFFF00      0x00000010         (0, 5, 6)      [] [SW]
    21     0x0003B500       0xFFFFFF00      0x00000001         (0, 3, 6)      [] [E]
    22     0x00034D00       0xFFFFFF00      0x00000020         (0, 3, 9)      [] [S]
    23     0x00024700       0xFFFFFF80      0x00004000         (0, 2, 8)      [8] []
    24     0x00008500       0xFFFFFF80      0x00000008         (0, 0, 0)      [] [W]
    25     0x0003B800       0xFFFFFF00      0x00000001         (0, 3, 7)      [] [E]
    26     0x00053800       0xFFFFFF00      0x00000010         (0, 5, 7)      [] [SW]
    27     0x00024E80       0xFFFFFF80      0x00000003         (0, 2, 9)      [] [E, NE]
    28     0x00053300       0xFFFFFF00      0x00000010         (0, 5, 6)      [] [SW]
    29     0x00034E00       0xFFFFFF00      0x00000020         (0, 3, 9)      [] [S]
    30     0x00024580       0xFFFFFF80      0x00000800         (0, 2, 8)      [5] []
    31     0x00035400       0xFFFFFF00      0x00000020         (0, 3, 10)      [] [S]
    32     0x00008480       0xFFFFFF80      0x00000008         (0, 0, 0)      [] [W]
    33     0x00053700       0xFFFFFF00      0x00000010         (0, 5, 6)      [] [SW]
    34     0x0003B700       0xFFFFFF00      0x00000001         (0, 3, 6)      [] [E]
    35     0x00024B00       0xFFFFFF80      0x00400000         (0, 2, 9)      [16] []
    36     0x00053B00       0xFFFFFF00      0x00000010         (0, 5, 7)      [] [SW]
    37     0x00034F00       0xFFFFFF00      0x00000020         (0, 3, 9)      [] [S]
    38     0x0003C100       0xFFFFFF00      0x00000001         (0, 3, 8)      [] [E]
    39     0x00053C00       0xFFFFFF00      0x00000010         (0, 5, 7)      [] [SW]
    40     0x0003C200       0xFFFFFF00      0x00000001         (0, 3, 8)      [] [E]
    41     0x00035000       0xFFFFFF00      0x00000020         (0, 3, 10)      [] [S]
    42     0x00024900       0xFFFFFF80      0x00040000         (0, 2, 9)      [12] []
    43     0x00024A80       0xFFFFFF80      0x00200000         (0, 2, 9)      [15] []
    44     0x00035200       0xFFFFFF00      0x00000020         (0, 3, 10)      [] [S]
    45     0x00053500       0xFFFFFF00      0x00000010         (0, 5, 6)      [] [SW]
    46     0x0003C300       0xFFFFFF00      0x00000001         (0, 3, 8)      [] [E]
    47     0x0003BA00       0xFFFFFF00      0x00000001         (0, 3, 7)      [] [E]
    48     0x00035800       0xFFFFFF00      0x00000020         (0, 3, 11)      [] [S]
    49     0x00024780       0xFFFFFF80      0x00008000         (0, 2, 8)      [9] []
    50     0x0003B600       0xFFFFFF00      0x00000001         (0, 3, 6)      [] [E]
    51     0x0003BB00       0xFFFFFF00      0x00000001         (0, 3, 7)      [] [E]
    52     0x0003B300       0xFFFFFF00      0x00000001         (0, 3, 6)      [] [E]
    53     0x00053E00       0xFFFFFF00      0x00000010         (0, 5, 7)      [] [SW]
    54     0x00053D00       0xFFFFFF00      0x00000010         (0, 5, 7)      [] [SW]
    55     0x0003B900       0xFFFFFF00      0x00000001         (0, 3, 7)      [] [E]
    56     0x00035900       0xFFFFFF00      0x00000020         (0, 3, 11)      [] [S]
    57     0x00024980       0xFFFFFF80      0x00080000         (0, 2, 9)      [13] []
    58     0x0003BD00       0xFFFFFF00      0x00000001         (0, 3, 7)      [] [E]
    59     0x0003BC00       0xFFFFFF00      0x00000001         (0, 3, 7)      [] [E]
    60     0x00024380       0xFFFFFF80      0x00000080         (0, 2, 8)      [1] []
    61     0x00024E00       0xFFFFFF80      0x00000003         (0, 2, 9)      [] [E, NE]
    62     0x00035700       0xFFFFFF00      0x00000020         (0, 3, 10)      [] [S]
    63     0x00024880       0xFFFFFF80      0x00020000         (0, 2, 9)      [11] []
    64     0x00024500       0xFFFFFF80      0x00000400         (0, 2, 8)      [4] []
    65     0x0003B400       0xFFFFFF00      0x00000001         (0, 3, 6)      [] [E]
    66     0x00024F00       0xFFFFFF80      0x00000002         (0, 2, 9)      [] [NE]
    67     0x0003BE00       0xFFFFFF00      0x00000001         (0, 3, 7)      [] [E]
    68     0x00024480       0xFFFFFF80      0x00000200         (0, 2, 8)      [3] []
    69     0x00008580       0xFFFFFF80      0x00000008         (0, 0, 0)      [] [W]
    70     0x00035B00       0xFFFFFF00      0x00000020         (0, 3, 11)      [] [S]
    71     0x00035500       0xFFFFFF00      0x00000020         (0, 3, 10)      [] [S]
    72     0x00024C00       0xFFFFFF80      0x00000010         (0, 2, 9)      [] [SW]
    73     0x00024B80       0xFFFFFF80      0x00800000         (0, 2, 9)      [17] []
    74     0x0003BF00       0xFFFFFF00      0x00000001         (0, 3, 7)      [] [E]
    75     0x00024400       0xFFFFFF80      0x00000100         (0, 2, 8)      [2] []
    76     0x00035C00       0xFFFFFF00      0x00000020         (0, 3, 11)      [] [S]
