router contains 200 entries 
 
  Index   Key(hex)    Mask(hex)    Route(hex)    Src. Core -> [Cores][Links]
------------------------------------------------------------------------------
    0     0x00052D00       0xFFFFFF00      0x00000010         (0, 5, 5)      [] [SW]
    1     0x0000C400       0xFFFFFF80      0x00000008         (0, 0, 8)      [] [W]
    2     0x0003CB00       0xFFFFFF00      0x00000001         (0, 3, 9)      [] [E]
    3     0x00004B80       0xFFFFFF80      0x00000008         (0, 0, 9)      [] [W]
    4     0x00020800       0xFFFFFF80      0x00000003         (0, 2, 1)      [] [E, NE]
    5     0x00024600       0xFFFFFF80      0x00004000         (0, 2, 8)      [8] []
    6     0x0003CC00       0xFFFFFF00      0x00000001         (0, 3, 9)      [] [E]
    7     0x00052E00       0xFFFFFF00      0x00000010         (0, 5, 5)      [] [SW]
    8     0x00066300       0xFFFFFF00      0x00000010         (0, 6, 12)      [] [SW]
    9     0x00017100       0xFFFFFF80      0x00000001         (0, 1, 14)      [] [E]
    10     0x00020280       0xFFFFFF80      0x00000002         (0, 2, 0)      [] [NE]
    11     0x00020E80       0xFFFFFF80      0x00000002         (0, 2, 1)      [] [NE]
    12     0x0003CD00       0xFFFFFF00      0x00000001         (0, 3, 9)      [] [E]
    13     0x00067200       0xFFFFFF00      0x00000010         (0, 6, 14)      [] [SW]
    14     0x0003CE00       0xFFFFFF00      0x00000001         (0, 3, 9)      [] [E]
    15     0x00034D00       0xFFFFFF00      0x00000020         (0, 3, 9)      [] [S]
    16     0x00024700       0xFFFFFF80      0x00010000         (0, 2, 8)      [10] []
    17     0x0001FB80       0xFFFFFF80      0x00000002         (0, 1, 15)      [] [NE]
    18     0x0003CF00       0xFFFFFF00      0x00000001         (0, 3, 9)      [] [E]
    19     0x0001FA80       0xFFFFFF80      0x00000003         (0, 1, 15)      [] [E, NE]
    20     0x00024280       0xFFFFFF80      0x00000080         (0, 2, 8)      [1] []
    21     0x00020180       0xFFFFFF80      0x00000002         (0, 2, 0)      [] [NE]
    22     0x0003D000       0xFFFFFF00      0x00000001         (0, 3, 10)      [] [E]
    23     0x00024580       0xFFFFFF80      0x00002000         (0, 2, 8)      [7] []
    24     0x0003D600       0xFFFFFF00      0x00000001         (0, 3, 10)      [] [E]
    25     0x0003D100       0xFFFFFF00      0x00000001         (0, 3, 10)      [] [E]
    26     0x0000C500       0xFFFFFF80      0x00000008         (0, 0, 8)      [] [W]
    27     0x00020580       0xFFFFFF80      0x00000002         (0, 2, 0)      [] [NE]
    28     0x00023B80       0xFFFFFF80      0x00800000         (0, 2, 7)      [17] []
    29     0x00020380       0xFFFFFF80      0x00000003         (0, 2, 0)      [] [E, NE]
    30     0x00024880       0xFFFFFF80      0x00080000         (0, 2, 9)      [13] []
    31     0x0003D200       0xFFFFFF00      0x00000001         (0, 3, 10)      [] [E]
    32     0x0003C500       0xFFFFFF00      0x00000001         (0, 3, 8)      [] [E]
    33     0x0003D300       0xFFFFFF00      0x00000001         (0, 3, 10)      [] [E]
    34     0x0000C480       0xFFFFFF80      0x00000008         (0, 0, 8)      [] [W]
    35     0x00008500       0xFFFFFF80      0x00000004         (0, 0, 0)      [] [N]
    36     0x0003D400       0xFFFFFF00      0x00000001         (0, 3, 10)      [] [E]
    37     0x00021180       0xFFFFFF80      0x00000002         (0, 2, 2)      [] [NE]
    38     0x0003DF00       0xFFFFFF00      0x00000001         (0, 3, 11)      [] [E]
    39     0x00004B00       0xFFFFFF80      0x00000008         (0, 0, 9)      [] [W]
    40     0x00032B00       0xFFFFFF00      0x00000001         (0, 3, 5)      [] [E]
    41     0x0003DB00       0xFFFFFF00      0x00000001         (0, 3, 11)      [] [E]
    42     0x00024680       0xFFFFFF80      0x00008000         (0, 2, 8)      [9] []
    43     0x00008480       0xFFFFFF80      0x00000004         (0, 0, 0)      [] [N]
    44     0x00020E00       0xFFFFFF80      0x00000002         (0, 2, 1)      [] [NE]
    45     0x00032700       0xFFFFFF00      0x00000001         (0, 3, 4)      [] [E]
    46     0x0003DE00       0xFFFFFF00      0x00000001         (0, 3, 11)      [] [E]
    47     0x00035600       0xFFFFFF00      0x00000020         (0, 3, 10)      [] [S]
    48     0x00032200       0xFFFFFF00      0x00000001         (0, 3, 4)      [] [E]
    49     0x00021080       0xFFFFFF80      0x00000002         (0, 2, 2)      [] [NE]
    50     0x0003D700       0xFFFFFF00      0x00000001         (0, 3, 10)      [] [E]
    51     0x0001FC80       0xFFFFFF80      0x00000002         (0, 1, 15)      [] [NE]
    52     0x00024900       0xFFFFFF80      0x00100000         (0, 2, 9)      [14] []
    53     0x00032800       0xFFFFFF00      0x00000001         (0, 3, 5)      [] [E]
    54     0x00024500       0xFFFFFF80      0x00001000         (0, 2, 8)      [6] []
    55     0x0001FF00       0xFFFFFF80      0x00000003         (0, 1, 15)      [] [E, NE]
    56     0x00020780       0xFFFFFF80      0x00000002         (0, 2, 0)      [] [NE]
    57     0x00020100       0xFFFFFF80      0x00000002         (0, 2, 0)      [] [NE]
    58     0x00032900       0xFFFFFF00      0x00000001         (0, 3, 5)      [] [E]
    59     0x00020F00       0xFFFFFF80      0x00000002         (0, 2, 1)      [] [NE]
    60     0x0003D500       0xFFFFFF00      0x00000001         (0, 3, 10)      [] [E]
    61     0x00052400       0xFFFFFF00      0x00000010         (0, 5, 4)      [] [SW]
    62     0x00065100       0xFFFFFF00      0x00000010         (0, 6, 10)      [] [SW]
    63     0x0003E300       0xFFFFFF00      0x00000001         (0, 3, 12)      [] [E]
    64     0x00020B00       0xFFFFFF80      0x00000002         (0, 2, 1)      [] [NE]
    65     0x00035800       0xFFFFFF00      0x00000020         (0, 3, 11)      [] [S]
    66     0x00032A00       0xFFFFFF00      0x00000001         (0, 3, 5)      [] [E]
    67     0x0003C400       0xFFFFFF00      0x00000001         (0, 3, 8)      [] [E]
    68     0x00024400       0xFFFFFF80      0x00000400         (0, 2, 8)      [4] []
    69     0x0003E400       0xFFFFFF00      0x00000001         (0, 3, 12)      [] [E]
    70     0x0000C880       0xFFFFFF80      0x00000008         (0, 0, 9)      [] [W]
    71     0x00035900       0xFFFFFF00      0x00000020         (0, 3, 11)      [] [S]
    72     0x00052800       0xFFFFFF00      0x00000010         (0, 5, 5)      [] [SW]
    73     0x00020A00       0xFFFFFF80      0x00000002         (0, 2, 1)      [] [NE]
    74     0x00024800       0xFFFFFF80      0x00040000         (0, 2, 9)      [12] []
    75     0x00066100       0xFFFFFF00      0x00000010         (0, 6, 12)      [] [SW]
    76     0x00035A00       0xFFFFFF00      0x00000020         (0, 3, 11)      [] [S]
    77     0x0000C800       0xFFFFFF80      0x00000008         (0, 0, 9)      [] [W]
    78     0x0003C600       0xFFFFFF00      0x00000001         (0, 3, 8)      [] [E]
    79     0x0003C700       0xFFFFFF00      0x00000001         (0, 3, 8)      [] [E]
    80     0x0003D800       0xFFFFFF00      0x00000001         (0, 3, 11)      [] [E]
    81     0x00066F00       0xFFFFFF00      0x00000010         (0, 6, 13)      [] [SW]
    82     0x00052500       0xFFFFFF00      0x00000010         (0, 5, 4)      [] [SW]
    83     0x00032300       0xFFFFFF00      0x00000001         (0, 3, 4)      [] [E]
    84     0x0003C800       0xFFFFFF00      0x00000001         (0, 3, 9)      [] [E]
    85     0x00008580       0xFFFFFF80      0x00000004         (0, 0, 0)      [] [N]
    86     0x0001FF80       0xFFFFFF80      0x00000003         (0, 1, 15)      [] [E, NE]
    87     0x0003C900       0xFFFFFF00      0x00000001         (0, 3, 9)      [] [E]
    88     0x00021000       0xFFFFFF80      0x00000002         (0, 2, 2)      [] [NE]
    89     0x00052600       0xFFFFFF00      0x00000010         (0, 5, 4)      [] [SW]
    90     0x0001FE00       0xFFFFFF80      0x00000003         (0, 1, 15)      [] [E, NE]
    91     0x00035C00       0xFFFFFF00      0x00000020         (0, 3, 11)      [] [S]
    92     0x00020980       0xFFFFFF80      0x00000002         (0, 2, 1)      [] [NE]
    93     0x0000C700       0xFFFFFF80      0x00000008         (0, 0, 8)      [] [W]
    94     0x0001F980       0xFFFFFF80      0x00000003         (0, 1, 15)      [] [E, NE]
    95     0x0003E200       0xFFFFFF00      0x00000001         (0, 3, 12)      [] [E]
    96     0x00016980       0xFFFFFF80      0x00000001         (0, 1, 13)      [] [E]
    97     0x00064D00       0xFFFFFF00      0x00000010         (0, 6, 9)      [] [SW]
    98     0x00064F00       0xFFFFFF00      0x00000010         (0, 6, 9)      [] [SW]
    99     0x00052700       0xFFFFFF00      0x00000010         (0, 5, 4)      [] [SW]
    100     0x00020A80       0xFFFFFF80      0x00000002         (0, 2, 1)      [] [NE]
    101     0x00017180       0xFFFFFF80      0x00000001         (0, 1, 14)      [] [E]
    102     0x00020600       0xFFFFFF80      0x00000002         (0, 2, 0)      [] [NE]
    103     0x00020300       0xFFFFFF80      0x00000003         (0, 2, 0)      [] [E, NE]
    104     0x00064E00       0xFFFFFF00      0x00000010         (0, 6, 9)      [] [SW]
    105     0x00067100       0xFFFFFF00      0x00000010         (0, 6, 14)      [] [SW]
    106     0x00021500       0xFFFFFF80      0x00000002         (0, 2, 2)      [] [NE]
    107     0x0001FD80       0xFFFFFF80      0x00000003         (0, 1, 15)      [] [E, NE]
    108     0x0003E000       0xFFFFFF00      0x00000001         (0, 3, 12)      [] [E]
    109     0x00067400       0xFFFFFF00      0x00000010         (0, 6, 14)      [] [SW]
    110     0x0000C900       0xFFFFFF80      0x00000008         (0, 0, 9)      [] [W]
    111     0x0000C600       0xFFFFFF80      0x00000008         (0, 0, 8)      [] [W]
    112     0x00052900       0xFFFFFF00      0x00000010         (0, 5, 5)      [] [SW]
    113     0x00017080       0xFFFFFF80      0x00000001         (0, 1, 14)      [] [E]
    114     0x00065000       0xFFFFFF00      0x00000010         (0, 6, 10)      [] [SW]
    115     0x00024980       0xFFFFFF80      0x00200000         (0, 2, 9)      [15] []
    116     0x00020C00       0xFFFFFF80      0x00000002         (0, 2, 1)      [] [NE]
    117     0x00020680       0xFFFFFF80      0x00000002         (0, 2, 0)      [] [NE]
    118     0x00052A00       0xFFFFFF00      0x00000010         (0, 5, 5)      [] [SW]
    119     0x00021100       0xFFFFFF80      0x00000002         (0, 2, 2)      [] [NE]
    120     0x00016B00       0xFFFFFF80      0x00000001         (0, 1, 13)      [] [E]
    121     0x00021700       0xFFFFFF80      0x00000002         (0, 2, 2)      [] [NE]
    122     0x00065F00       0xFFFFFF00      0x00000010         (0, 6, 11)      [] [SW]
    123     0x0003DD00       0xFFFFFF00      0x00000001         (0, 3, 11)      [] [E]
    124     0x0001F900       0xFFFFFF80      0x00000003         (0, 1, 15)      [] [E, NE]
    125     0x00066200       0xFFFFFF00      0x00000010         (0, 6, 12)      [] [SW]
    126     0x00052B00       0xFFFFFF00      0x00000010         (0, 5, 5)      [] [SW]
    127     0x00031B00       0xFFFFFF00      0x00000001         (0, 3, 3)      [] [E]
    128     0x00065200       0xFFFFFF00      0x00000010         (0, 6, 10)      [] [SW]
    129     0x00021400       0xFFFFFF80      0x00000002         (0, 2, 2)      [] [NE]
    130     0x00066000       0xFFFFFF00      0x00000010         (0, 6, 12)      [] [SW]
    131     0x00035B00       0xFFFFFF00      0x00000020         (0, 3, 11)      [] [S]
    132     0x00023B00       0xFFFFFF80      0x00400000         (0, 2, 7)      [16] []
    133     0x0003DA00       0xFFFFFF00      0x00000001         (0, 3, 11)      [] [E]
    134     0x00031C00       0xFFFFFF00      0x00000001         (0, 3, 3)      [] [E]
    135     0x0000C780       0xFFFFFF80      0x00000008         (0, 0, 8)      [] [W]
    136     0x0003E100       0xFFFFFF00      0x00000001         (0, 3, 12)      [] [E]
    137     0x00052C00       0xFFFFFF00      0x00000010         (0, 5, 5)      [] [SW]
    138     0x00024300       0xFFFFFF80      0x00000100         (0, 2, 8)      [2] []
    139     0x00067500       0xFFFFFF00      0x00000010         (0, 6, 14)      [] [SW]
    140     0x00065300       0xFFFFFF00      0x00000010         (0, 6, 10)      [] [SW]
    141     0x00034E00       0xFFFFFF00      0x00000020         (0, 3, 9)      [] [S]
    142     0x00031D00       0xFFFFFF00      0x00000001         (0, 3, 3)      [] [E]
    143     0x0001FA00       0xFFFFFF80      0x00000003         (0, 1, 15)      [] [E, NE]
    144     0x00020C80       0xFFFFFF80      0x00000003         (0, 2, 1)      [] [E, NE]
    145     0x00016A80       0xFFFFFF80      0x00000001         (0, 1, 13)      [] [E]
    146     0x00024780       0xFFFFFF80      0x00020000         (0, 2, 8)      [11] []
    147     0x00021480       0xFFFFFF80      0x00000002         (0, 2, 2)      [] [NE]
    148     0x00031E00       0xFFFFFF00      0x00000001         (0, 3, 3)      [] [E]
    149     0x00020080       0xFFFFFF80      0x00000002         (0, 2, 0)      [] [NE]
    150     0x00034F00       0xFFFFFF00      0x00000020         (0, 3, 9)      [] [S]
    151     0x00067000       0xFFFFFF00      0x00000010         (0, 6, 14)      [] [SW]
    152     0x00065E00       0xFFFFFF00      0x00000010         (0, 6, 11)      [] [SW]
    153     0x00024380       0xFFFFFF80      0x00000200         (0, 2, 8)      [3] []
    154     0x00066400       0xFFFFFF00      0x00000010         (0, 6, 12)      [] [SW]
    155     0x00016A00       0xFFFFFF80      0x00000001         (0, 1, 13)      [] [E]
    156     0x0000C680       0xFFFFFF80      0x00000008         (0, 0, 8)      [] [W]
    157     0x00031F00       0xFFFFFF00      0x00000001         (0, 3, 3)      [] [E]
    158     0x00020900       0xFFFFFF80      0x00000002         (0, 2, 1)      [] [NE]
    159     0x00020B80       0xFFFFFF80      0x00000002         (0, 2, 1)      [] [NE]
    160     0x00035000       0xFFFFFF00      0x00000020         (0, 3, 10)      [] [S]
    161     0x00022180       0xFFFFFF80      0x003FFF80         (0, 2, 4)      [1, 2, 3, 4, 5, 6, 7, 8, 9, 10, 11, 12, 13, 14, 15] []
    162     0x00020D00       0xFFFFFF80      0x00000002         (0, 2, 1)      [] [NE]
    163     0x0000C380       0xFFFFFF80      0x00000008         (0, 0, 8)      [] [W]
    164     0x00020400       0xFFFFFF80      0x00000003         (0, 2, 0)      [] [E, NE]
    165     0x00032000       0xFFFFFF00      0x00000001         (0, 3, 4)      [] [E]
    166     0x0001FD00       0xFFFFFF80      0x00000002         (0, 1, 15)      [] [NE]
    167     0x00020700       0xFFFFFF80      0x00000002         (0, 2, 0)      [] [NE]
    168     0x00035100       0xFFFFFF00      0x00000020         (0, 3, 10)      [] [S]
    169     0x00020000       0xFFFFFF80      0x00000003         (0, 2, 0)      [] [E, NE]
    170     0x0003D900       0xFFFFFF00      0x00000001         (0, 3, 11)      [] [E]
    171     0x00032100       0xFFFFFF00      0x00000001         (0, 3, 4)      [] [E]
    172     0x00035700       0xFFFFFF00      0x00000020         (0, 3, 10)      [] [S]
    173     0x0000C300       0xFFFFFF80      0x00000008         (0, 0, 8)      [] [W]
    174     0x00022200       0xFFFFFF80      0x00C00000         (0, 2, 4)      [16, 17] []
    175     0x00035200       0xFFFFFF00      0x00000020         (0, 3, 10)      [] [S]
    176     0x00020500       0xFFFFFF80      0x00000002         (0, 2, 0)      [] [NE]
    177     0x00067300       0xFFFFFF00      0x00000010         (0, 6, 14)      [] [SW]
    178     0x0001FE80       0xFFFFFF80      0x00000003         (0, 1, 15)      [] [E, NE]
    179     0x00021780       0xFFFFFF80      0x00000002         (0, 2, 2)      [] [NE]
    180     0x00021980       0xFFFFFF80      0x00000002         (0, 2, 3)      [] [NE]
    181     0x0000C580       0xFFFFFF80      0x00000008         (0, 0, 8)      [] [W]
    182     0x00035300       0xFFFFFF00      0x00000020         (0, 3, 10)      [] [S]
    183     0x00020880       0xFFFFFF80      0x00000003         (0, 2, 1)      [] [E, NE]
    184     0x00020D80       0xFFFFFF80      0x00000002         (0, 2, 1)      [] [NE]
    185     0x00032400       0xFFFFFF00      0x00000001         (0, 3, 4)      [] [E]
    186     0x00034C00       0xFFFFFF00      0x00000020         (0, 3, 9)      [] [S]
    187     0x00035400       0xFFFFFF00      0x00000020         (0, 3, 10)      [] [S]
    188     0x00021200       0xFFFFFF80      0x00000002         (0, 2, 2)      [] [NE]
    189     0x00020480       0xFFFFFF80      0x00000002         (0, 2, 0)      [] [NE]
    190     0x00024480       0xFFFFFF80      0x00000800         (0, 2, 8)      [5] []
    191     0x00020F80       0xFFFFFF80      0x00000002         (0, 2, 1)      [] [NE]
    192     0x00032500       0xFFFFFF00      0x00000001         (0, 3, 4)      [] [E]
    193     0x0001FC00       0xFFFFFF80      0x00000002         (0, 1, 15)      [] [NE]
    194     0x00020200       0xFFFFFF80      0x00000002         (0, 2, 0)      [] [NE]
    195     0x0003CA00       0xFFFFFF00      0x00000001         (0, 3, 9)      [] [E]
    196     0x00035500       0xFFFFFF00      0x00000020         (0, 3, 10)      [] [S]
    197     0x00032600       0xFFFFFF00      0x00000001         (0, 3, 4)      [] [E]
    198     0x0003DC00       0xFFFFFF00      0x00000001         (0, 3, 11)      [] [E]
    199     0x0001FB00       0xFFFFFF80      0x00000002         (0, 1, 15)      [] [NE]
