router contains 126 entries 
 
  Index   Key(hex)    Mask(hex)    Route(hex)    Src. Core -> [Cores][Links]
------------------------------------------------------------------------------
    0     0x00023A00       0xFFFFFF80      0x00200001         (0, 2, 7)      [15] [E]
    1     0x00028D00       0xFFFFFF00      0x00000004         (0, 2, 1)      [] [N]
    2     0x0000D700       0xFFFFFF80      0x00000008         (0, 0, 10)      [] [W]
    3     0x00023F80       0xFFFFFF80      0x00000008         (0, 2, 7)      [] [W]
    4     0x0000D500       0xFFFFFF80      0x00000008         (0, 0, 10)      [] [W]
    5     0x00011500       0xFFFFFF80      0x00000008         (0, 1, 2)      [] [W]
    6     0x0000D880       0xFFFFFF80      0x00000008         (0, 0, 11)      [] [W]
    7     0x0000D780       0xFFFFFF80      0x00000008         (0, 0, 10)      [] [W]
    8     0x00023900       0xFFFFFF80      0x00080001         (0, 2, 7)      [13] [E]
    9     0x00009880       0xFFFFFF80      0x00000008         (0, 0, 3)      [] [W]
    10     0x00028800       0xFFFFFF00      0x00000004         (0, 2, 1)      [] [N]
    11     0x00008980       0xFFFFFF80      0x00000008         (0, 0, 1)      [] [W]
    12     0x00024500       0xFFFFFF80      0x00002000         (0, 2, 8)      [7] []
    13     0x00021F00       0xFFFFFF80      0x0003FF80         (0, 2, 3)      [1, 2, 3, 4, 5, 6, 7, 8, 9, 10, 11] []
    14     0x0002DD00       0xFFFFFF00      0x00000004         (0, 2, 11)      [] [N]
    15     0x00004C00       0xFFFFFF80      0x00000008         (0, 0, 9)      [] [W]
    16     0x00024D80       0xFFFFFF80      0x00000008         (0, 2, 9)      [] [W]
    17     0x0000D480       0xFFFFFF80      0x00000008         (0, 0, 10)      [] [W]
    18     0x00024400       0xFFFFFF80      0x00000800         (0, 2, 8)      [5] []
    19     0x00023E00       0xFFFFFF80      0x00000008         (0, 2, 7)      [] [W]
    20     0x00024080       0xFFFFFF80      0x00000008         (0, 2, 8)      [] [W]
    21     0x00009980       0xFFFFFF80      0x00000018         (0, 0, 3)      [] [W, SW]
    22     0x0002E100       0xFFFFFF00      0x00000004         (0, 2, 12)      [] [N]
    23     0x0000D600       0xFFFFFF80      0x00000008         (0, 0, 10)      [] [W]
    24     0x00005B00       0xFFFFFF80      0x00000008         (0, 0, 11)      [] [W]
    25     0x00008800       0xFFFFFF80      0x00000008         (0, 0, 1)      [] [W]
    26     0x00023C00       0xFFFFFF80      0x00000001         (0, 2, 7)      [] [E]
    27     0x00028B00       0xFFFFFF00      0x00000004         (0, 2, 1)      [] [N]
    28     0x00021F80       0xFFFFFF80      0x00FC0000         (0, 2, 3)      [12, 13, 14, 15, 16, 17] []
    29     0x00009800       0xFFFFFF80      0x00000008         (0, 0, 3)      [] [W]
    30     0x0000D400       0xFFFFFF80      0x00000008         (0, 0, 10)      [] [W]
    31     0x00022800       0xFFFFFF80      0x00000020         (0, 2, 5)      [] [S]
    32     0x0000E180       0xFFFFFF80      0x00000008         (0, 0, 12)      [] [W]
    33     0x00009680       0xFFFFFF80      0x00000008         (0, 0, 2)      [] [W]
    34     0x00028700       0xFFFFFF00      0x00000004         (0, 2, 0)      [] [N]
    35     0x00028F00       0xFFFFFF00      0x00000004         (0, 2, 1)      [] [N]
    36     0x00024900       0xFFFFFF80      0x00000008         (0, 2, 9)      [] [W]
    37     0x0002D700       0xFFFFFF00      0x00000004         (0, 2, 10)      [] [N]
    38     0x00008A80       0xFFFFFF80      0x00000008         (0, 0, 1)      [] [W]
    39     0x0002DA00       0xFFFFFF00      0x00000004         (0, 2, 11)      [] [N]
    40     0x00022300       0xFFFFFF80      0x00000020         (0, 2, 4)      [] [S]
    41     0x0002D900       0xFFFFFF00      0x00000004         (0, 2, 11)      [] [N]
    42     0x00023C80       0xFFFFFF80      0x00000001         (0, 2, 7)      [] [E]
    43     0x0002E400       0xFFFFFF00      0x00000004         (0, 2, 12)      [] [N]
    44     0x00023B00       0xFFFFFF80      0x00800001         (0, 2, 7)      [17] [E]
    45     0x0002DC00       0xFFFFFF00      0x00000004         (0, 2, 11)      [] [N]
    46     0x00028C00       0xFFFFFF00      0x00000004         (0, 2, 1)      [] [N]
    47     0x00023D00       0xFFFFFF80      0x00000008         (0, 2, 7)      [] [W]
    48     0x00008880       0xFFFFFF80      0x00000008         (0, 0, 1)      [] [W]
    49     0x00005A80       0xFFFFFF80      0x00000008         (0, 0, 11)      [] [W]
    50     0x00024480       0xFFFFFF80      0x00001000         (0, 2, 8)      [6] []
    51     0x00024280       0xFFFFFF80      0x00000100         (0, 2, 8)      [2] []
    52     0x0002E200       0xFFFFFF00      0x00000004         (0, 2, 12)      [] [N]
    53     0x00024680       0xFFFFFF80      0x00010000         (0, 2, 8)      [10] []
    54     0x0002E000       0xFFFFFF00      0x00000004         (0, 2, 12)      [] [N]
    55     0x0000D300       0xFFFFFF80      0x00000008         (0, 0, 10)      [] [W]
    56     0x00023D80       0xFFFFFF80      0x00000008         (0, 2, 7)      [] [W]
    57     0x0002E500       0xFFFFFF00      0x00000004         (0, 2, 12)      [] [N]
    58     0x00009A00       0xFFFFFF80      0x00000018         (0, 0, 3)      [] [W, SW]
    59     0x00024300       0xFFFFFF80      0x00000200         (0, 2, 8)      [3] []
    60     0x00028600       0xFFFFFF00      0x00000004         (0, 2, 0)      [] [N]
    61     0x00023E80       0xFFFFFF80      0x00000008         (0, 2, 7)      [] [W]
    62     0x00009780       0xFFFFFF80      0x00000008         (0, 0, 2)      [] [W]
    63     0x0000E200       0xFFFFFF80      0x00000008         (0, 0, 12)      [] [W]
    64     0x00023A80       0xFFFFFF80      0x00400001         (0, 2, 7)      [16] [E]
    65     0x00024700       0xFFFFFF80      0x00020008         (0, 2, 8)      [11] [W]
    66     0x00024200       0xFFFFFF80      0x00000080         (0, 2, 8)      [1] []
    67     0x00008B00       0xFFFFFF80      0x00000008         (0, 0, 1)      [] [W]
    68     0x00028E00       0xFFFFFF00      0x00000004         (0, 2, 1)      [] [N]
    69     0x00024B00       0xFFFFFF80      0x00000008         (0, 2, 9)      [] [W]
    70     0x00022780       0xFFFFFF80      0x00000020         (0, 2, 4)      [] [S]
    71     0x00008900       0xFFFFFF80      0x00000008         (0, 0, 1)      [] [W]
    72     0x00029200       0xFFFFFF00      0x00000004         (0, 2, 2)      [] [N]
    73     0x0002E300       0xFFFFFF00      0x00000004         (0, 2, 12)      [] [N]
    74     0x0000D280       0xFFFFFF80      0x00000008         (0, 0, 10)      [] [W]
    75     0x00008A00       0xFFFFFF80      0x00000008         (0, 0, 1)      [] [W]
    76     0x0002E700       0xFFFFFF00      0x00000004         (0, 2, 12)      [] [N]
    77     0x00024C00       0xFFFFFF80      0x00000008         (0, 2, 9)      [] [W]
    78     0x00024000       0xFFFFFF80      0x00000008         (0, 2, 8)      [] [W]
    79     0x00024580       0xFFFFFF80      0x00004000         (0, 2, 8)      [8] []
    80     0x00024B80       0xFFFFFF80      0x00000008         (0, 2, 9)      [] [W]
    81     0x0002DB00       0xFFFFFF00      0x00000004         (0, 2, 11)      [] [N]
    82     0x00024C80       0xFFFFFF80      0x00000008         (0, 2, 9)      [] [W]
    83     0x00028400       0xFFFFFF00      0x00000004         (0, 2, 0)      [] [N]
    84     0x0002DF00       0xFFFFFF00      0x00000004         (0, 2, 11)      [] [N]
    85     0x00023880       0xFFFFFF80      0x00040000         (0, 2, 7)      [12] []
    86     0x00009700       0xFFFFFF80      0x00000008         (0, 0, 2)      [] [W]
    87     0x0000D800       0xFFFFFF80      0x00000008         (0, 0, 11)      [] [W]
    88     0x00024380       0xFFFFFF80      0x00000400         (0, 2, 8)      [4] []
    89     0x00029000       0xFFFFFF00      0x00000004         (0, 2, 2)      [] [N]
    90     0x00028900       0xFFFFFF00      0x00000004         (0, 2, 1)      [] [N]
    91     0x00024A00       0xFFFFFF80      0x00000008         (0, 2, 9)      [] [W]
    92     0x00024800       0xFFFFFF80      0x00000008         (0, 2, 9)      [] [W]
    93     0x00028A00       0xFFFFFF00      0x00000004         (0, 2, 1)      [] [N]
    94     0x00028500       0xFFFFFF00      0x00000004         (0, 2, 0)      [] [N]
    95     0x00029400       0xFFFFFF00      0x00000002         (0, 2, 2)      [] [NE]
    96     0x00024100       0xFFFFFF80      0x00000008         (0, 2, 8)      [] [W]
    97     0x00005C00       0xFFFFFF80      0x00000008         (0, 0, 11)      [] [W]
    98     0x00024D00       0xFFFFFF80      0x00000008         (0, 2, 9)      [] [W]
    99     0x00008780       0xFFFFFF80      0x00000008         (0, 0, 0)      [] [W]
    100     0x00024180       0xFFFFFF80      0x00000008         (0, 2, 8)      [] [W]
    101     0x0002D800       0xFFFFFF00      0x00000004         (0, 2, 11)      [] [N]
    102     0x00024A80       0xFFFFFF80      0x00000008         (0, 2, 9)      [] [W]
    103     0x0000D380       0xFFFFFF80      0x00000008         (0, 0, 10)      [] [W]
    104     0x00004D00       0xFFFFFF80      0x00000008         (0, 0, 9)      [] [W]
    105     0x00022280       0xFFFFFF80      0x00000020         (0, 2, 4)      [] [S]
    106     0x00029100       0xFFFFFF00      0x00000004         (0, 2, 2)      [] [N]
    107     0x0002E600       0xFFFFFF00      0x00000004         (0, 2, 12)      [] [N]
    108     0x00011580       0xFFFFFF80      0x00000008         (0, 1, 2)      [] [W]
    109     0x00024780       0xFFFFFF80      0x00000008         (0, 2, 8)      [] [W]
    110     0x0000D680       0xFFFFFF80      0x00000008         (0, 0, 10)      [] [W]
    111     0x00023F00       0xFFFFFF80      0x00000008         (0, 2, 7)      [] [W]
    112     0x00009A80       0xFFFFFF80      0x00000018         (0, 0, 3)      [] [W, SW]
    113     0x00022080       0xFFFFFF80      0x00000020         (0, 2, 4)      [] [S]
    114     0x00009900       0xFFFFFF80      0x00000008         (0, 0, 3)      [] [W]
    115     0x0002DE00       0xFFFFFF00      0x00000004         (0, 2, 11)      [] [N]
    116     0x0000E280       0xFFFFFF80      0x00000008         (0, 0, 12)      [] [W]
    117     0x00023B80       0xFFFFFF80      0x00000001         (0, 2, 7)      [] [E]
    118     0x0000D580       0xFFFFFF80      0x00000008         (0, 0, 10)      [] [W]
    119     0x00023980       0xFFFFFF80      0x00100001         (0, 2, 7)      [14] [E]
    120     0x00004C80       0xFFFFFF80      0x00000008         (0, 0, 9)      [] [W]
    121     0x00029300       0xFFFFFF00      0x00000004         (0, 2, 2)      [] [N]
    122     0x00024980       0xFFFFFF80      0x00000008         (0, 2, 9)      [] [W]
    123     0x00024600       0xFFFFFF80      0x00008000         (0, 2, 8)      [9] []
    124     0x00005B80       0xFFFFFF80      0x00000008         (0, 0, 11)      [] [W]
    125     0x00024880       0xFFFFFF80      0x00000008         (0, 2, 9)      [] [W]
