router contains 295 entries 
 
  Index   Key(hex)    Mask(hex)    Route(hex)    Src. Core -> [Cores][Links]
------------------------------------------------------------------------------
    0     0x00016B00       0xFFFFFF80      0x00000001         (0, 1, 13)      [] [E]
    1     0x0001A880       0xFFFFFF80      0x00000008         (0, 1, 5)      [] [W]
    2     0x00020580       0xFFFFFF80      0x00000008         (0, 2, 0)      [] [W]
    3     0x00020600       0xFFFFFF80      0x00000008         (0, 2, 0)      [] [W]
    4     0x00021A00       0xFFFFFF80      0x00000004         (0, 2, 3)      [] [N]
    5     0x00017500       0xFFFFFF80      0x00000001         (0, 1, 14)      [] [E]
    6     0x0001FA80       0xFFFFFF80      0x00000008         (0, 1, 15)      [] [W]
    7     0x00012D80       0xFFFFFF80      0x00000001         (0, 1, 5)      [] [E]
    8     0x0001B200       0xFFFFFF80      0x00000008         (0, 1, 6)      [] [W]
    9     0x00013480       0xFFFFFF80      0x00000020         (0, 1, 6)      [] [S]
    10     0x00020D00       0xFFFFFF80      0x00000008         (0, 2, 1)      [] [W]
    11     0x00021700       0xFFFFFF80      0x0000000C         (0, 2, 2)      [] [N, W]
    12     0x00020380       0xFFFFFF80      0x00000008         (0, 2, 0)      [] [W]
    13     0x0001F600       0xFFFFFF80      0x00000010         (0, 1, 14)      [] [SW]
    14     0x0001CA00       0xFFFFFF80      0x00000008         (0, 1, 9)      [] [W]
    15     0x00021580       0xFFFFFF80      0x00000004         (0, 2, 2)      [] [N]
    16     0x00019800       0xFFFFFF80      0x00000008         (0, 1, 3)      [] [W]
    17     0x0001FB80       0xFFFFFF80      0x00000008         (0, 1, 15)      [] [W]
    18     0x0001D580       0xFFFFFF80      0x00000008         (0, 1, 10)      [] [W]
    19     0x00019C00       0xFFFFFF80      0x00000008         (0, 1, 3)      [] [W]
    20     0x00013400       0xFFFFFF80      0x00000020         (0, 1, 6)      [] [S]
    21     0x00048C00       0xFFFFFF00      0x00000010         (0, 4, 1)      [] [SW]
    22     0x0001E700       0xFFFFFF80      0x00000008         (0, 1, 12)      [] [W]
    23     0x00017900       0xFFFFFF80      0x00000021         (0, 1, 15)      [] [E, S]
    24     0x00020D80       0xFFFFFF80      0x00000008         (0, 2, 1)      [] [W]
    25     0x0001E500       0xFFFFFF80      0x00000008         (0, 1, 12)      [] [W]
    26     0x00017100       0xFFFFFF80      0x00000001         (0, 1, 14)      [] [E]
    27     0x00049000       0xFFFFFF00      0x00000010         (0, 4, 2)      [] [SW]
    28     0x00020100       0xFFFFFF80      0x00000008         (0, 2, 0)      [] [W]
    29     0x0001AD80       0xFFFFFF80      0x00000008         (0, 1, 5)      [] [W]
    30     0x00021400       0xFFFFFF80      0x0000000C         (0, 2, 2)      [] [N, W]
    31     0x00017880       0xFFFFFF80      0x00000001         (0, 1, 15)      [] [E]
    32     0x00021180       0xFFFFFF80      0x00000008         (0, 2, 2)      [] [W]
    33     0x0001DF00       0xFFFFFF80      0x00000008         (0, 1, 11)      [] [W]
    34     0x00021680       0xFFFFFF80      0x00000004         (0, 2, 2)      [] [N]
    35     0x0000C480       0xFFFFFF80      0x00000008         (0, 0, 8)      [] [W]
    36     0x0001AD00       0xFFFFFF80      0x00000008         (0, 1, 5)      [] [W]
    37     0x0001AF00       0xFFFFFF80      0x00000008         (0, 1, 5)      [] [W]
    38     0x0004A500       0xFFFFFF00      0x00000008         (0, 4, 4)      [] [W]
    39     0x00053E00       0xFFFFFF00      0x00000008         (0, 5, 7)      [] [W]
    40     0x0001BE80       0xFFFFFF80      0x00000010         (0, 1, 7)      [] [SW]
    41     0x00017A80       0xFFFFFF80      0x00000020         (0, 1, 15)      [] [S]
    42     0x0001D380       0xFFFFFF80      0x00000008         (0, 1, 10)      [] [W]
    43     0x00048700       0xFFFFFF00      0x00000010         (0, 4, 0)      [] [SW]
    44     0x0001CB00       0xFFFFFF80      0x00000008         (0, 1, 9)      [] [W]
    45     0x0001AB80       0xFFFFFF80      0x00000008         (0, 1, 5)      [] [W]
    46     0x00004B00       0xFFFFFF80      0x00000008         (0, 0, 9)      [] [W]
    47     0x0000C300       0xFFFFFF80      0x00000008         (0, 0, 8)      [] [W]
    48     0x00019700       0xFFFFFF80      0x00000008         (0, 1, 2)      [] [W]
    49     0x0001CA80       0xFFFFFF80      0x00000008         (0, 1, 9)      [] [W]
    50     0x00048F00       0xFFFFFF00      0x00000010         (0, 4, 1)      [] [SW]
    51     0x0004A200       0xFFFFFF00      0x00000008         (0, 4, 4)      [] [W]
    52     0x00049400       0xFFFFFF00      0x00000010         (0, 4, 2)      [] [SW]
    53     0x00048200       0xFFFFFF00      0x00000010         (0, 4, 0)      [] [SW]
    54     0x0001B580       0xFFFFFF80      0x00000008         (0, 1, 6)      [] [W]
    55     0x00019B00       0xFFFFFF80      0x00000008         (0, 1, 3)      [] [W]
    56     0x00049E00       0xFFFFFF00      0x00000008         (0, 4, 3)      [] [W]
    57     0x0001A500       0xFFFFFF80      0x00000008         (0, 1, 4)      [] [W]
    58     0x00019600       0xFFFFFF80      0x00000008         (0, 1, 2)      [] [W]
    59     0x0001A700       0xFFFFFF80      0x00000008         (0, 1, 4)      [] [W]
    60     0x0004A300       0xFFFFFF00      0x00000008         (0, 4, 4)      [] [W]
    61     0x00021480       0xFFFFFF80      0x0000000C         (0, 2, 2)      [] [N, W]
    62     0x0001C600       0xFFFFFF80      0x00000010         (0, 1, 8)      [] [SW]
    63     0x00020A00       0xFFFFFF80      0x00000008         (0, 2, 1)      [] [W]
    64     0x00047F00       0xFFFFFF00      0x00000010         (0, 4, 15)      [] [SW]
    65     0x0004A000       0xFFFFFF00      0x00000008         (0, 4, 4)      [] [W]
    66     0x0001FF00       0xFFFFFF80      0x00000008         (0, 1, 15)      [] [W]
    67     0x0001CD00       0xFFFFFF80      0x00000008         (0, 1, 9)      [] [W]
    68     0x00021600       0xFFFFFF80      0x0000000C         (0, 2, 2)      [] [N, W]
    69     0x0001B300       0xFFFFFF80      0x00000008         (0, 1, 6)      [] [W]
    70     0x0001F880       0xFFFFFF80      0x00000010         (0, 1, 15)      [] [SW]
    71     0x00053C00       0xFFFFFF00      0x00000008         (0, 5, 7)      [] [W]
    72     0x0001E600       0xFFFFFF80      0x00000008         (0, 1, 12)      [] [W]
    73     0x0004A400       0xFFFFFF00      0x00000008         (0, 4, 4)      [] [W]
    74     0x00049600       0xFFFFFF00      0x00000010         (0, 4, 2)      [] [SW]
    75     0x00054500       0xFFFFFF00      0x00000008         (0, 5, 8)      [] [W]
    76     0x00017980       0xFFFFFF80      0x00000021         (0, 1, 15)      [] [E, S]
    77     0x00021080       0xFFFFFF80      0x00000008         (0, 2, 2)      [] [W]
    78     0x00017B80       0xFFFFFF80      0x00000020         (0, 1, 15)      [] [S]
    79     0x0001F300       0xFFFFFF80      0x00000010         (0, 1, 14)      [] [SW]
    80     0x00017700       0xFFFFFF80      0x00000001         (0, 1, 14)      [] [E]
    81     0x0001C700       0xFFFFFF80      0x00000008         (0, 1, 8)      [] [W]
    82     0x00053A00       0xFFFFFF00      0x00000008         (0, 5, 7)      [] [W]
    83     0x0001B380       0xFFFFFF80      0x00000008         (0, 1, 6)      [] [W]
    84     0x0001CE00       0xFFFFFF80      0x00000008         (0, 1, 9)      [] [W]
    85     0x00017B00       0xFFFFFF80      0x00000020         (0, 1, 15)      [] [S]
    86     0x0001D880       0xFFFFFF80      0x00000008         (0, 1, 11)      [] [W]
    87     0x00021D00       0xFFFFFF80      0x00000008         (0, 2, 3)      [] [W]
    88     0x00020A80       0xFFFFFF80      0x00000008         (0, 2, 1)      [] [W]
    89     0x00024F80       0xFFFFFF80      0x00000008         (0, 2, 9)      [] [W]
    90     0x00019A00       0xFFFFFF80      0x00000008         (0, 1, 3)      [] [W]
    91     0x00053D00       0xFFFFFF00      0x00000008         (0, 5, 7)      [] [W]
    92     0x0001D200       0xFFFFFF80      0x00000008         (0, 1, 10)      [] [W]
    93     0x0001A680       0xFFFFFF80      0x00000008         (0, 1, 4)      [] [W]
    94     0x00048000       0xFFFFFF00      0x00000010         (0, 4, 0)      [] [SW]
    95     0x0001CF00       0xFFFFFF80      0x00000008         (0, 1, 9)      [] [W]
    96     0x00054400       0xFFFFFF00      0x00000008         (0, 5, 8)      [] [W]
    97     0x00013300       0xFFFFFF80      0x00000020         (0, 1, 6)      [] [S]
    98     0x0001C980       0xFFFFFF80      0x00000008         (0, 1, 9)      [] [W]
    99     0x0000E780       0xFFFFFF80      0x00000001         (0, 0, 12)      [] [E]
    100     0x00004B80       0xFFFFFF80      0x00000008         (0, 0, 9)      [] [W]
    101     0x0000C880       0xFFFFFF80      0x00000008         (0, 0, 9)      [] [W]
    102     0x00021200       0xFFFFFF80      0x00000008         (0, 2, 2)      [] [W]
    103     0x00048100       0xFFFFFF00      0x00000010         (0, 4, 0)      [] [SW]
    104     0x0000E700       0xFFFFFF80      0x00000001         (0, 0, 12)      [] [E]
    105     0x00054000       0xFFFFFF00      0x00000008         (0, 5, 8)      [] [W]
    106     0x0001FE80       0xFFFFFF80      0x00000008         (0, 1, 15)      [] [W]
    107     0x0000C580       0xFFFFFF80      0x00000008         (0, 0, 8)      [] [W]
    108     0x00017400       0xFFFFFF80      0x00000001         (0, 1, 14)      [] [E]
    109     0x0001CC00       0xFFFFFF80      0x00000008         (0, 1, 9)      [] [W]
    110     0x0001AF80       0xFFFFFF80      0x00000008         (0, 1, 5)      [] [W]
    111     0x0001B180       0xFFFFFF80      0x00000008         (0, 1, 6)      [] [W]
    112     0x00054300       0xFFFFFF00      0x00000008         (0, 5, 8)      [] [W]
    113     0x0000C800       0xFFFFFF80      0x00000008         (0, 0, 9)      [] [W]
    114     0x00048300       0xFFFFFF00      0x00000010         (0, 4, 0)      [] [SW]
    115     0x0001E300       0xFFFFFF80      0x00000008         (0, 1, 12)      [] [W]
    116     0x0000C900       0xFFFFFF80      0x00000008         (0, 0, 9)      [] [W]
    117     0x00020300       0xFFFFFF80      0x00000008         (0, 2, 0)      [] [W]
    118     0x0001A780       0xFFFFFF80      0x00000008         (0, 1, 4)      [] [W]
    119     0x0001A900       0xFFFFFF80      0x00000008         (0, 1, 5)      [] [W]
    120     0x00020E00       0xFFFFFF80      0x00000008         (0, 2, 1)      [] [W]
    121     0x0001FF80       0xFFFFFF80      0x00000008         (0, 1, 15)      [] [W]
    122     0x00021A80       0xFFFFFF80      0x0000000C         (0, 2, 3)      [] [N, W]
    123     0x00053F00       0xFFFFFF00      0x00000008         (0, 5, 7)      [] [W]
    124     0x0001A580       0xFFFFFF80      0x00000008         (0, 1, 4)      [] [W]
    125     0x0001D680       0xFFFFFF80      0x00000008         (0, 1, 10)      [] [W]
    126     0x0001D600       0xFFFFFF80      0x00000008         (0, 1, 10)      [] [W]
    127     0x00020700       0xFFFFFF80      0x00000008         (0, 2, 0)      [] [W]
    128     0x0001D800       0xFFFFFF80      0x00000008         (0, 1, 11)      [] [W]
    129     0x00047C00       0xFFFFFF00      0x00000010         (0, 4, 15)      [] [SW]
    130     0x00021980       0xFFFFFF80      0x0000000C         (0, 2, 3)      [] [N, W]
    131     0x00020C80       0xFFFFFF80      0x00000008         (0, 2, 1)      [] [W]
    132     0x00019980       0xFFFFFF80      0x00000008         (0, 1, 3)      [] [W]
    133     0x0001E280       0xFFFFFF80      0x00000008         (0, 1, 12)      [] [W]
    134     0x0001F200       0xFFFFFF80      0x00000010         (0, 1, 14)      [] [SW]
    135     0x0001B480       0xFFFFFF80      0x00000008         (0, 1, 6)      [] [W]
    136     0x0001D280       0xFFFFFF80      0x00000008         (0, 1, 10)      [] [W]
    137     0x00047D00       0xFFFFFF00      0x00000010         (0, 4, 15)      [] [SW]
    138     0x00048500       0xFFFFFF00      0x00000010         (0, 4, 0)      [] [SW]
    139     0x00049D00       0xFFFFFF00      0x00000008         (0, 4, 3)      [] [W]
    140     0x0001AE80       0xFFFFFF80      0x00000008         (0, 1, 5)      [] [W]
    141     0x0000C700       0xFFFFFF80      0x00000008         (0, 0, 8)      [] [W]
    142     0x0001F080       0xFFFFFF80      0x00000010         (0, 1, 14)      [] [SW]
    143     0x00053B00       0xFFFFFF00      0x00000008         (0, 5, 7)      [] [W]
    144     0x0000C400       0xFFFFFF80      0x00000008         (0, 0, 8)      [] [W]
    145     0x00048600       0xFFFFFF00      0x00000010         (0, 4, 0)      [] [SW]
    146     0x00017580       0xFFFFFF80      0x00000001         (0, 1, 14)      [] [E]
    147     0x00020480       0xFFFFFF80      0x00000008         (0, 2, 0)      [] [W]
    148     0x0001FD80       0xFFFFFF80      0x00000008         (0, 1, 15)      [] [W]
    149     0x0001B080       0xFFFFFF80      0x00000008         (0, 1, 6)      [] [W]
    150     0x00021800       0xFFFFFF80      0x00000004         (0, 2, 3)      [] [N]
    151     0x0001DB00       0xFFFFFF80      0x00000008         (0, 1, 11)      [] [W]
    152     0x0001F700       0xFFFFFF80      0x00000010         (0, 1, 14)      [] [SW]
    153     0x0001F580       0xFFFFFF80      0x00000010         (0, 1, 14)      [] [SW]
    154     0x00053500       0xFFFFFF00      0x00000008         (0, 5, 6)      [] [W]
    155     0x0001CF80       0xFFFFFF80      0x00000008         (0, 1, 9)      [] [W]
    156     0x0001F500       0xFFFFFF80      0x00000010         (0, 1, 14)      [] [SW]
    157     0x00021880       0xFFFFFF80      0x0000000C         (0, 2, 3)      [] [N, W]
    158     0x00049100       0xFFFFFF00      0x00000010         (0, 4, 2)      [] [SW]
    159     0x00048800       0xFFFFFF00      0x00000010         (0, 4, 1)      [] [SW]
    160     0x00049F00       0xFFFFFF00      0x00000008         (0, 4, 3)      [] [W]
    161     0x00048400       0xFFFFFF00      0x00000010         (0, 4, 0)      [] [SW]
    162     0x0001D300       0xFFFFFF80      0x00000008         (0, 1, 10)      [] [W]
    163     0x00013380       0xFFFFFF80      0x00000020         (0, 1, 6)      [] [S]
    164     0x00024E00       0xFFFFFF80      0x00000008         (0, 2, 9)      [] [W]
    165     0x00017180       0xFFFFFF80      0x00000001         (0, 1, 14)      [] [E]
    166     0x00021380       0xFFFFFF80      0x00000004         (0, 2, 2)      [] [N]
    167     0x0001F380       0xFFFFFF80      0x00000010         (0, 1, 14)      [] [SW]
    168     0x00019880       0xFFFFFF80      0x00000008         (0, 1, 3)      [] [W]
    169     0x0001C900       0xFFFFFF80      0x00000008         (0, 1, 9)      [] [W]
    170     0x0000C600       0xFFFFFF80      0x00000008         (0, 0, 8)      [] [W]
    171     0x00048900       0xFFFFFF00      0x00000010         (0, 4, 1)      [] [SW]
    172     0x0001F980       0xFFFFFF80      0x00000008         (0, 1, 15)      [] [W]
    173     0x0000E800       0xFFFFFF80      0x00000021         (0, 0, 13)      [] [E, S]
    174     0x0001DE00       0xFFFFFF80      0x00000008         (0, 1, 11)      [] [W]
    175     0x00017300       0xFFFFFF80      0x00000001         (0, 1, 14)      [] [E]
    176     0x00053700       0xFFFFFF00      0x00000008         (0, 5, 6)      [] [W]
    177     0x00020400       0xFFFFFF80      0x00000008         (0, 2, 0)      [] [W]
    178     0x00021100       0xFFFFFF80      0x00000008         (0, 2, 2)      [] [W]
    179     0x00021900       0xFFFFFF80      0x00000004         (0, 2, 3)      [] [N]
    180     0x00048A00       0xFFFFFF00      0x00000010         (0, 4, 1)      [] [SW]
    181     0x00020980       0xFFFFFF80      0x00000008         (0, 2, 1)      [] [W]
    182     0x00019A80       0xFFFFFF80      0x00000008         (0, 1, 3)      [] [W]
    183     0x00017780       0xFFFFFF80      0x00000001         (0, 1, 14)      [] [E]
    184     0x00019780       0xFFFFFF80      0x00000008         (0, 1, 2)      [] [W]
    185     0x0001F800       0xFFFFFF80      0x00000010         (0, 1, 15)      [] [SW]
    186     0x00020000       0xFFFFFF80      0x00000008         (0, 2, 0)      [] [W]
    187     0x00020800       0xFFFFFF80      0x00000008         (0, 2, 1)      [] [W]
    188     0x0004A600       0xFFFFFF00      0x00000008         (0, 4, 4)      [] [W]
    189     0x00017080       0xFFFFFF80      0x00000001         (0, 1, 14)      [] [E]
    190     0x0001DC00       0xFFFFFF80      0x00000008         (0, 1, 11)      [] [W]
    191     0x0001C800       0xFFFFFF80      0x00000008         (0, 1, 9)      [] [W]
    192     0x0000C780       0xFFFFFF80      0x00000008         (0, 0, 8)      [] [W]
    193     0x0001A800       0xFFFFFF80      0x00000008         (0, 1, 5)      [] [W]
    194     0x0004A100       0xFFFFFF00      0x00000008         (0, 4, 4)      [] [W]
    195     0x0001C500       0xFFFFFF80      0x00000010         (0, 1, 8)      [] [SW]
    196     0x0001AE00       0xFFFFFF80      0x00000008         (0, 1, 5)      [] [W]
    197     0x00020500       0xFFFFFF80      0x00000008         (0, 2, 0)      [] [W]
    198     0x00019680       0xFFFFFF80      0x00000008         (0, 1, 2)      [] [W]
    199     0x0001A600       0xFFFFFF80      0x00000008         (0, 1, 4)      [] [W]
    200     0x0001B100       0xFFFFFF80      0x00000008         (0, 1, 6)      [] [W]
    201     0x0001DD80       0xFFFFFF80      0x00000008         (0, 1, 11)      [] [W]
    202     0x00053600       0xFFFFFF00      0x00000008         (0, 5, 6)      [] [W]
    203     0x0001FC80       0xFFFFFF80      0x00000008         (0, 1, 15)      [] [W]
    204     0x0001E480       0xFFFFFF80      0x00000008         (0, 1, 12)      [] [W]
    205     0x0001B280       0xFFFFFF80      0x00000008         (0, 1, 6)      [] [W]
    206     0x0001FE00       0xFFFFFF80      0x00000008         (0, 1, 15)      [] [W]
    207     0x0001C380       0xFFFFFF80      0x00000010         (0, 1, 8)      [] [SW]
    208     0x0004A700       0xFFFFFF00      0x00000008         (0, 4, 4)      [] [W]
    209     0x00048D00       0xFFFFFF00      0x00000010         (0, 4, 1)      [] [SW]
    210     0x0001DB80       0xFFFFFF80      0x00000008         (0, 1, 11)      [] [W]
    211     0x00020880       0xFFFFFF80      0x00000008         (0, 2, 1)      [] [W]
    212     0x0001FA00       0xFFFFFF80      0x00000008         (0, 1, 15)      [] [W]
    213     0x00049200       0xFFFFFF00      0x00000010         (0, 4, 2)      [] [SW]
    214     0x0001D780       0xFFFFFF80      0x00000008         (0, 1, 10)      [] [W]
    215     0x0001F680       0xFFFFFF80      0x00000010         (0, 1, 14)      [] [SW]
    216     0x0001DE80       0xFFFFFF80      0x00000008         (0, 1, 11)      [] [W]
    217     0x0001E400       0xFFFFFF80      0x00000008         (0, 1, 12)      [] [W]
    218     0x00048E00       0xFFFFFF00      0x00000010         (0, 4, 1)      [] [SW]
    219     0x0001D100       0xFFFFFF80      0x00000008         (0, 1, 10)      [] [W]
    220     0x0001DA80       0xFFFFFF80      0x00000008         (0, 1, 11)      [] [W]
    221     0x0001D400       0xFFFFFF80      0x00000008         (0, 1, 10)      [] [W]
    222     0x0001C480       0xFFFFFF80      0x00000010         (0, 1, 8)      [] [SW]
    223     0x00047B00       0xFFFFFF00      0x00000010         (0, 4, 15)      [] [SW]
    224     0x00012E00       0xFFFFFF80      0x00000001         (0, 1, 5)      [] [E]
    225     0x00024E80       0xFFFFFF80      0x00000008         (0, 2, 9)      [] [W]
    226     0x00016980       0xFFFFFF80      0x00000001         (0, 1, 13)      [] [E]
    227     0x0001D700       0xFFFFFF80      0x00000008         (0, 1, 10)      [] [W]
    228     0x0000C680       0xFFFFFF80      0x00000008         (0, 0, 8)      [] [W]
    229     0x0001DD00       0xFFFFFF80      0x00000008         (0, 1, 11)      [] [W]
    230     0x00013500       0xFFFFFF80      0x00000020         (0, 1, 6)      [] [S]
    231     0x0001E000       0xFFFFFF80      0x00000008         (0, 1, 12)      [] [W]
    232     0x00021780       0xFFFFFF80      0x0000000C         (0, 2, 2)      [] [N, W]
    233     0x00049500       0xFFFFFF00      0x00000010         (0, 4, 2)      [] [SW]
    234     0x0000C380       0xFFFFFF80      0x00000008         (0, 0, 8)      [] [W]
    235     0x0001CB80       0xFFFFFF80      0x00000008         (0, 1, 9)      [] [W]
    236     0x00053800       0xFFFFFF00      0x00000008         (0, 5, 7)      [] [W]
    237     0x00019900       0xFFFFFF80      0x00000008         (0, 1, 3)      [] [W]
    238     0x00016A80       0xFFFFFF80      0x00000001         (0, 1, 13)      [] [E]
    239     0x00017380       0xFFFFFF80      0x00000001         (0, 1, 14)      [] [E]
    240     0x00020080       0xFFFFFF80      0x00000008         (0, 2, 0)      [] [W]
    241     0x0001D000       0xFFFFFF80      0x00000008         (0, 1, 10)      [] [W]
    242     0x00020B80       0xFFFFFF80      0x00000008         (0, 2, 1)      [] [W]
    243     0x00017A00       0xFFFFFF80      0x00000021         (0, 1, 15)      [] [E, S]
    244     0x0001F480       0xFFFFFF80      0x00000010         (0, 1, 14)      [] [SW]
    245     0x0001D500       0xFFFFFF80      0x00000008         (0, 1, 10)      [] [W]
    246     0x0001CC80       0xFFFFFF80      0x00000008         (0, 1, 9)      [] [W]
    247     0x00013580       0xFFFFFF80      0x00000020         (0, 1, 6)      [] [S]
    248     0x00017480       0xFFFFFF80      0x00000001         (0, 1, 14)      [] [E]
    249     0x0001E380       0xFFFFFF80      0x00000008         (0, 1, 12)      [] [W]
    250     0x0000C500       0xFFFFFF80      0x00000008         (0, 0, 8)      [] [W]
    251     0x0001CD80       0xFFFFFF80      0x00000008         (0, 1, 9)      [] [W]
    252     0x0001DC80       0xFFFFFF80      0x00000008         (0, 1, 11)      [] [W]
    253     0x0001F280       0xFFFFFF80      0x00000010         (0, 1, 14)      [] [SW]
    254     0x0001C680       0xFFFFFF80      0x00000010         (0, 1, 8)      [] [SW]
    255     0x0001CE80       0xFFFFFF80      0x00000008         (0, 1, 9)      [] [W]
    256     0x00012600       0xFFFFFF80      0x00000021         (0, 1, 4)      [] [E, S]
    257     0x0001C400       0xFFFFFF80      0x00000010         (0, 1, 8)      [] [SW]
    258     0x0001E780       0xFFFFFF80      0x00000008         (0, 1, 12)      [] [W]
    259     0x00016A00       0xFFFFFF80      0x00000001         (0, 1, 13)      [] [E]
    260     0x0001E800       0xFFFFFF80      0x00000008         (0, 1, 13)      [] [W]
    261     0x00021300       0xFFFFFF80      0x0000000C         (0, 2, 2)      [] [N, W]
    262     0x00017680       0xFFFFFF80      0x00000001         (0, 1, 14)      [] [E]
    263     0x00017800       0xFFFFFF80      0x00000001         (0, 1, 15)      [] [E]
    264     0x00048B00       0xFFFFFF00      0x00000010         (0, 4, 1)      [] [SW]
    265     0x00019B80       0xFFFFFF80      0x00000008         (0, 1, 3)      [] [W]
    266     0x0001AC80       0xFFFFFF80      0x00000008         (0, 1, 5)      [] [W]
    267     0x0001F400       0xFFFFFF80      0x00000010         (0, 1, 14)      [] [SW]
    268     0x00020900       0xFFFFFF80      0x00000008         (0, 2, 1)      [] [W]
    269     0x00047E00       0xFFFFFF00      0x00000010         (0, 4, 15)      [] [SW]
    270     0x00017280       0xFFFFFF80      0x00000001         (0, 1, 14)      [] [E]
    271     0x00017200       0xFFFFFF80      0x00000001         (0, 1, 14)      [] [E]
    272     0x00020200       0xFFFFFF80      0x00000008         (0, 2, 0)      [] [W]
    273     0x0001E080       0xFFFFFF80      0x00000008         (0, 1, 12)      [] [W]
    274     0x00049300       0xFFFFFF00      0x00000010         (0, 4, 2)      [] [SW]
    275     0x0001AC00       0xFFFFFF80      0x00000008         (0, 1, 5)      [] [W]
    276     0x00021500       0xFFFFFF80      0x0000000C         (0, 2, 2)      [] [N, W]
    277     0x00020F80       0xFFFFFF80      0x00000008         (0, 2, 1)      [] [W]
    278     0x0001D480       0xFFFFFF80      0x00000008         (0, 1, 10)      [] [W]
    279     0x0001FB00       0xFFFFFF80      0x00000008         (0, 1, 15)      [] [W]
    280     0x00021C00       0xFFFFFF80      0x00000008         (0, 2, 3)      [] [W]
    281     0x00053900       0xFFFFFF00      0x00000008         (0, 5, 7)      [] [W]
    282     0x00017600       0xFFFFFF80      0x00000001         (0, 1, 14)      [] [E]
    283     0x0001C580       0xFFFFFF80      0x00000010         (0, 1, 8)      [] [SW]
    284     0x00054100       0xFFFFFF00      0x00000008         (0, 5, 8)      [] [W]
    285     0x0001BF00       0xFFFFFF80      0x00000010         (0, 1, 7)      [] [SW]
    286     0x0001F900       0xFFFFFF80      0x00000008         (0, 1, 15)      [] [W]
    287     0x0001E680       0xFFFFFF80      0x00000008         (0, 1, 12)      [] [W]
    288     0x00021280       0xFFFFFF80      0x00000004         (0, 2, 2)      [] [N]
    289     0x0001B000       0xFFFFFF80      0x00000008         (0, 1, 6)      [] [W]
    290     0x0001E580       0xFFFFFF80      0x00000008         (0, 1, 12)      [] [W]
    291     0x00020E80       0xFFFFFF80      0x00000008         (0, 2, 1)      [] [W]
    292     0x00054200       0xFFFFFF00      0x00000008         (0, 5, 8)      [] [W]
    293     0x0001D980       0xFFFFFF80      0x00000008         (0, 1, 11)      [] [W]
    294     0x0001DF80       0xFFFFFF80      0x00000008         (0, 1, 11)      [] [W]
