router contains 879 entries 
 
  Index   Key(hex)    Mask(hex)    Route(hex)    Src. Core -> [Cores][Links]
------------------------------------------------------------------------------
    0     0x00032E00       0xFFFFFF00      0x00000010         (0, 3, 5)      [] [SW]
    1     0x0001A480       0xFFFFFF80      0x00000400         (0, 1, 4)      [4] []
    2     0x00004580       0xFFFFFF80      0x00400001         (0, 0, 8)      [16] [E]
    3     0x00006680       0xFFFFFF80      0x00000001         (0, 0, 12)      [] [E]
    4     0x0000A700       0xFFFFFF80      0x00000083         (0, 0, 4)      [1] [E, NE]
    5     0x00011900       0xFFFFFF80      0x00000008         (0, 1, 3)      [] [W]
    6     0x0001AA00       0xFFFFFF80      0x00000001         (0, 1, 5)      [] [E]
    7     0x00009F00       0xFFFFFF80      0x00200000         (0, 0, 3)      [15] []
    8     0x00024A80       0xFFFFFF80      0x00000802         (0, 2, 9)      [5] [NE]
    9     0x00012D00       0xFFFFFF80      0x00000008         (0, 1, 5)      [] [W]
    10     0x00023E00       0xFFFFFF80      0x00000008         (0, 2, 7)      [] [W]
    11     0x00012F80       0xFFFFFF80      0x00000418         (0, 1, 5)      [4] [W, SW]
    12     0x00006480       0xFFFFFF80      0x00000003         (0, 0, 12)      [] [E, NE]
    13     0x0001B280       0xFFFFFF80      0x00020000         (0, 1, 6)      [11] []
    14     0x00002B80       0xFFFFFF80      0x00000003         (0, 0, 5)      [] [E, NE]
    15     0x0000E980       0xFFFFFF80      0x007C003C         (0, 0, 13)      [16, 12, 13, 14, 15] [N, W, SW, S]
    16     0x00015600       0xFFFFFF80      0x00000020         (0, 1, 10)      [] [S]
    17     0x00017C80       0xFFFFFF80      0x00000008         (0, 1, 15)      [] [W]
    18     0x0001CA80       0xFFFFFF80      0x00000100         (0, 1, 9)      [2] []
    19     0x00015400       0xFFFFFF80      0x00000020         (0, 1, 10)      [] [S]
    20     0x00008700       0xFFFFFF80      0x00000002         (0, 0, 0)      [] [NE]
    21     0x00004400       0xFFFFFF80      0x00080000         (0, 0, 8)      [13] []
    22     0x0001CB00       0xFFFFFF80      0x00000200         (0, 1, 9)      [3] []
    23     0x00016400       0xFFFFFF80      0x00000018         (0, 1, 12)      [] [W, SW]
    24     0x0001AF00       0xFFFFFF80      0x00000400         (0, 1, 5)      [4] []
    25     0x00013500       0xFFFFFF80      0x00000010         (0, 1, 6)      [] [SW]
    26     0x00016F80       0xFFFFFF80      0x00000008         (0, 1, 13)      [] [W]
    27     0x0000BF80       0xFFFFFF80      0x00000021         (0, 0, 7)      [] [E, S]
    28     0x00041D00       0xFFFFFF00      0x00002000         (0, 4, 3)      [7] []
    29     0x00011500       0xFFFFFF80      0x00020000         (0, 1, 2)      [11] []
    30     0x00009180       0xFFFFFF80      0x00000002         (0, 0, 2)      [] [NE]
    31     0x00023E80       0xFFFFFF80      0x00000008         (0, 2, 7)      [] [W]
    32     0x00001980       0xFFFFFF80      0x00000001         (0, 0, 3)      [] [E]
    33     0x0000D600       0xFFFFFF80      0x0000180E         (0, 0, 10)      [5, 6] [NE, N, W]
    34     0x00011380       0xFFFFFF80      0x00004000         (0, 1, 2)      [8] []
    35     0x00005A00       0xFFFFFF80      0x00000002         (0, 0, 11)      [] [NE]
    36     0x0000BB80       0xFFFFFF80      0x00040020         (0, 0, 7)      [12] [S]
    37     0x00010780       0xFFFFFF80      0x00100020         (0, 1, 0)      [14] [S]
    38     0x00000900       0xFFFFFF80      0x00200000         (0, 0, 1)      [15] []
    39     0x0000F500       0xFFFFFF80      0x007C3020         (0, 0, 14)      [6, 7, 12, 13, 14, 15, 16] [S]
    40     0x0000C480       0xFFFFFF80      0x00000021         (0, 0, 8)      [] [E, S]
    41     0x0000DB80       0xFFFFFF80      0x0043FF8C         (0, 0, 11)      [1, 2, 3, 4, 5, 6, 7, 8, 9, 10, 11, 16] [N, W]
    42     0x0001D400       0xFFFFFF80      0x00000400         (0, 1, 10)      [4] []
    43     0x00010580       0xFFFFFF80      0x00010020         (0, 1, 0)      [10] [S]
    44     0x00008300       0xFFFFFF80      0x00000001         (0, 0, 0)      [] [E]
    45     0x00014E80       0xFFFFFF80      0x00002020         (0, 1, 9)      [7] [S]
    46     0x0001C480       0xFFFFFF80      0x00004000         (0, 1, 8)      [8] []
    47     0x0001ED00       0xFFFFFF80      0x00008000         (0, 1, 13)      [9] []
    48     0x0000A480       0xFFFFFF80      0x00000003         (0, 0, 4)      [] [E, NE]
    49     0x0000DC00       0xFFFFFF80      0x0003FF8E         (0, 0, 11)      [1, 2, 3, 4, 5, 6, 7, 8, 9, 10, 11] [NE, N, W]
    50     0x00017680       0xFFFFFF80      0x00001008         (0, 1, 14)      [6] [W]
    51     0x0000B280       0xFFFFFF80      0x00000021         (0, 0, 6)      [] [E, S]
    52     0x00005280       0xFFFFFF80      0x00040000         (0, 0, 10)      [12] []
    53     0x0001CA00       0xFFFFFF80      0x00000080         (0, 1, 9)      [1] []
    54     0x00019700       0xFFFFFF80      0x00000001         (0, 1, 2)      [] [E]
    55     0x0000A600       0xFFFFFF80      0x00000003         (0, 0, 4)      [] [E, NE]
    56     0x0000D380       0xFFFFFF80      0x0000008E         (0, 0, 10)      [1] [NE, N, W]
    57     0x00002D80       0xFFFFFF80      0x00000003         (0, 0, 5)      [] [E, NE]
    58     0x00013080       0xFFFFFF80      0x00001018         (0, 1, 6)      [6] [W, SW]
    59     0x0001F980       0xFFFFFF80      0x00008000         (0, 1, 15)      [9] []
    60     0x0000E200       0xFFFFFF80      0x0003FF8E         (0, 0, 12)      [1, 2, 3, 4, 5, 6, 7, 8, 9, 10, 11] [NE, N, W]
    61     0x0000C900       0xFFFFFF80      0x00008021         (0, 0, 9)      [9] [E, S]
    62     0x00005B80       0xFFFFFF80      0x00000002         (0, 0, 11)      [] [NE]
    63     0x00033500       0xFFFFFF00      0x00000010         (0, 3, 6)      [] [SW]
    64     0x00023F00       0xFFFFFF80      0x00040008         (0, 2, 7)      [12] [W]
    65     0x00012380       0xFFFFFF80      0x00010000         (0, 1, 4)      [10] []
    66     0x0000C880       0xFFFFFF80      0x00004021         (0, 0, 9)      [8] [E, S]
    67     0x0000C980       0xFFFFFF80      0x00000020         (0, 0, 9)      [] [S]
    68     0x00019000       0xFFFFFF80      0x00004020         (0, 1, 2)      [8] [S]
    69     0x00006180       0xFFFFFF80      0x00040000         (0, 0, 12)      [12] []
    70     0x0000FE80       0xFFFFFF80      0x00000020         (0, 0, 15)      [] [S]
    71     0x00033900       0xFFFFFF00      0x00000010         (0, 3, 7)      [] [SW]
    72     0x0000FD80       0xFFFFFF80      0x00000020         (0, 0, 15)      [] [S]
    73     0x00016500       0xFFFFFF80      0x00000018         (0, 1, 12)      [] [W, SW]
    74     0x00001E00       0xFFFFFF80      0x00000001         (0, 0, 3)      [] [E]
    75     0x0001A780       0xFFFFFF80      0x00010000         (0, 1, 4)      [10] []
    76     0x0000C380       0xFFFFFF80      0x00000021         (0, 0, 8)      [] [E, S]
    77     0x0000BD80       0xFFFFFF80      0x00400021         (0, 0, 7)      [16] [E, S]
    78     0x0001A680       0xFFFFFF80      0x00004000         (0, 1, 4)      [8] []
    79     0x00001880       0xFFFFFF80      0x00400001         (0, 0, 3)      [16] [E]
    80     0x00004C80       0xFFFFFF80      0x00000002         (0, 0, 9)      [] [NE]
    81     0x00011780       0xFFFFFF80      0x00400008         (0, 1, 2)      [16] [W]
    82     0x00000780       0xFFFFFF80      0x00040000         (0, 0, 0)      [12] []
    83     0x00033800       0xFFFFFF00      0x00000010         (0, 3, 7)      [] [SW]
    84     0x0000E080       0xFFFFFF80      0x0003FF8E         (0, 0, 12)      [1, 2, 3, 4, 5, 6, 7, 8, 9, 10, 11] [NE, N, W]
    85     0x0001FD80       0xFFFFFF80      0x00001000         (0, 1, 15)      [6] []
    86     0x0001B180       0xFFFFFF80      0x00008000         (0, 1, 6)      [9] []
    87     0x0001EE00       0xFFFFFF80      0x00020000         (0, 1, 13)      [11] []
    88     0x00011B80       0xFFFFFF80      0x00000008         (0, 1, 3)      [] [W]
    89     0x00012B80       0xFFFFFF80      0x00000008         (0, 1, 5)      [] [W]
    90     0x0000F780       0xFFFFFF80      0x007E0000         (0, 0, 14)      [11, 12, 13, 14, 15, 16] []
    91     0x0000D880       0xFFFFFF80      0x0003000E         (0, 0, 11)      [10, 11] [NE, N, W]
    92     0x0000B100       0xFFFFFF80      0x00000021         (0, 0, 6)      [] [E, S]
    93     0x00013880       0xFFFFFF80      0x00000010         (0, 1, 7)      [] [SW]
    94     0x00011C00       0xFFFFFF80      0x00000008         (0, 1, 3)      [] [W]
    95     0x00000C00       0xFFFFFF80      0x00000001         (0, 0, 1)      [] [E]
    96     0x0000F580       0xFFFFFF80      0x007C6020         (0, 0, 14)      [7, 8, 12, 13, 14, 15, 16] [S]
    97     0x00002680       0xFFFFFF80      0x00100000         (0, 0, 4)      [14] []
    98     0x00005900       0xFFFFFF80      0x00000002         (0, 0, 11)      [] [NE]
    99     0x00024A00       0xFFFFFF80      0x00000402         (0, 2, 9)      [4] [NE]
    100     0x00009E80       0xFFFFFF80      0x00100000         (0, 0, 3)      [14] []
    101     0x00023B00       0xFFFFFF80      0x00000010         (0, 2, 7)      [] [SW]
    102     0x0001E500       0xFFFFFF80      0x00002000         (0, 1, 12)      [7] []
    103     0x00021100       0xFFFFFF80      0x00020000         (0, 2, 2)      [11] []
    104     0x00013280       0xFFFFFF80      0x00010010         (0, 1, 6)      [10] [SW]
    105     0x00007980       0xFFFFFF80      0x00000001         (0, 0, 15)      [] [E]
    106     0x00019A80       0xFFFFFF80      0x00001000         (0, 1, 3)      [6] []
    107     0x00033B00       0xFFFFFF00      0x00000010         (0, 3, 7)      [] [SW]
    108     0x00016300       0xFFFFFF80      0x00000018         (0, 1, 12)      [] [W, SW]
    109     0x00013F00       0xFFFFFF80      0x00000800         (0, 1, 7)      [5] []
    110     0x00033000       0xFFFFFF00      0x00000010         (0, 3, 6)      [] [SW]
    111     0x00008580       0xFFFFFF80      0x00000001         (0, 0, 0)      [] [E]
    112     0x00011080       0xFFFFFF80      0x00000110         (0, 1, 2)      [2] [SW]
    113     0x0000F080       0xFFFFFF80      0x007C0030         (0, 0, 14)      [16, 12, 13, 14, 15] [SW, S]
    114     0x0000BE00       0xFFFFFF80      0x00000021         (0, 0, 7)      [] [E, S]
    115     0x00004380       0xFFFFFF80      0x00040000         (0, 0, 8)      [12] []
    116     0x00008280       0xFFFFFF80      0x00000001         (0, 0, 0)      [] [E]
    117     0x0001C580       0xFFFFFF80      0x00010000         (0, 1, 8)      [10] []
    118     0x00014D80       0xFFFFFF80      0x00000820         (0, 1, 9)      [5] [S]
    119     0x00013900       0xFFFFFF80      0x00000010         (0, 1, 7)      [] [SW]
    120     0x0000B400       0xFFFFFF80      0x00000021         (0, 0, 6)      [] [E, S]
    121     0x00007100       0xFFFFFF80      0x00080000         (0, 0, 14)      [13] []
    122     0x00017F80       0xFFFFFF80      0x00000008         (0, 1, 15)      [] [W]
    123     0x00014F80       0xFFFFFF80      0x00008020         (0, 1, 9)      [9] [S]
    124     0x00002D00       0xFFFFFF80      0x00000003         (0, 0, 5)      [] [E, NE]
    125     0x00013A00       0xFFFFFF80      0x00000010         (0, 1, 7)      [] [SW]
    126     0x0000E380       0xFFFFFF80      0x0003FFBF         (0, 0, 12)      [1, 2, 3, 4, 5, 6, 7, 8, 9, 10, 11] [E, NE, N, W, SW, S]
    127     0x00005C80       0xFFFFFF80      0x00000103         (0, 0, 11)      [2] [E, NE]
    128     0x00012980       0xFFFFFF80      0x00000008         (0, 1, 5)      [] [W]
    129     0x00017100       0xFFFFFF80      0x00000008         (0, 1, 14)      [] [W]
    130     0x00015A80       0xFFFFFF80      0x00000200         (0, 1, 11)      [3] []
    131     0x00007180       0xFFFFFF80      0x00100000         (0, 0, 14)      [14] []
    132     0x00010600       0xFFFFFF80      0x00020000         (0, 1, 0)      [11] []
    133     0x0001E700       0xFFFFFF80      0x00020000         (0, 1, 12)      [11] []
    134     0x00018F00       0xFFFFFF80      0x00001020         (0, 1, 1)      [6] [S]
    135     0x00003780       0xFFFFFF80      0x00000001         (0, 0, 6)      [] [E]
    136     0x00014700       0xFFFFFF80      0x00000030         (0, 1, 8)      [] [SW, S]
    137     0x00000B80       0xFFFFFF80      0x00000001         (0, 0, 1)      [] [E]
    138     0x0001D300       0xFFFFFF80      0x00000100         (0, 1, 10)      [2] []
    139     0x00023C80       0xFFFFFF80      0x00000010         (0, 2, 7)      [] [SW]
    140     0x00014B00       0xFFFFFF80      0x00000020         (0, 1, 9)      [] [S]
    141     0x00012780       0xFFFFFF80      0x00000008         (0, 1, 4)      [] [W]
    142     0x0001C380       0xFFFFFF80      0x00001000         (0, 1, 8)      [6] []
    143     0x0000EA00       0xFFFFFF80      0x007C003D         (0, 0, 13)      [16, 12, 13, 14, 15] [E, N, W, SW, S]
    144     0x00002780       0xFFFFFF80      0x00400000         (0, 0, 4)      [16] []
    145     0x0000B900       0xFFFFFF80      0x00002021         (0, 0, 7)      [7] [E, S]
    146     0x0000C180       0xFFFFFF80      0x00000021         (0, 0, 8)      [] [E, S]
    147     0x00004D00       0xFFFFFF80      0x00000082         (0, 0, 9)      [1] [NE]
    148     0x0001B200       0xFFFFFF80      0x00010000         (0, 1, 6)      [10] []
    149     0x00023C00       0xFFFFFF80      0x00000010         (0, 2, 7)      [] [SW]
    150     0x00007200       0xFFFFFF80      0x00200000         (0, 0, 14)      [15] []
    151     0x00001800       0xFFFFFF80      0x00200000         (0, 0, 3)      [15] []
    152     0x00014D00       0xFFFFFF80      0x00000420         (0, 1, 9)      [4] [S]
    153     0x00017300       0xFFFFFF80      0x00000008         (0, 1, 14)      [] [W]
    154     0x0000E700       0xFFFFFF80      0x0003FFBF         (0, 0, 12)      [1, 2, 3, 4, 5, 6, 7, 8, 9, 10, 11] [E, NE, N, W, SW, S]
    155     0x00042400       0xFFFFFF00      0x00100000         (0, 4, 4)      [14] []
    156     0x00017800       0xFFFFFF80      0x00008008         (0, 1, 15)      [9] [W]
    157     0x00004600       0xFFFFFF80      0x00000001         (0, 0, 8)      [] [E]
    158     0x00020D00       0xFFFFFF80      0x00010000         (0, 2, 1)      [10] []
    159     0x00020500       0xFFFFFF80      0x00020000         (0, 2, 0)      [11] []
    160     0x0000C400       0xFFFFFF80      0x00000021         (0, 0, 8)      [] [E, S]
    161     0x00015E80       0xFFFFFF80      0x00020000         (0, 1, 11)      [11] []
    162     0x00016200       0xFFFFFF80      0x00000018         (0, 1, 12)      [] [W, SW]
    163     0x00000F00       0xFFFFFF80      0x00000003         (0, 0, 1)      [] [E, NE]
    164     0x0000A680       0xFFFFFF80      0x00000003         (0, 0, 4)      [] [E, NE]
    165     0x00007880       0xFFFFFF80      0x00000001         (0, 0, 15)      [] [E]
    166     0x00018E00       0xFFFFFF80      0x00000420         (0, 1, 1)      [4] [S]
    167     0x0000E580       0xFFFFFF80      0x0003FFBF         (0, 0, 12)      [1, 2, 3, 4, 5, 6, 7, 8, 9, 10, 11] [E, NE, N, W, SW, S]
    168     0x00013180       0xFFFFFF80      0x00004018         (0, 1, 6)      [8] [W, SW]
    169     0x00017280       0xFFFFFF80      0x00000008         (0, 1, 14)      [] [W]
    170     0x0000BB00       0xFFFFFF80      0x00000020         (0, 0, 7)      [] [S]
    171     0x00011000       0xFFFFFF80      0x00000090         (0, 1, 2)      [1] [SW]
    172     0x0000B580       0xFFFFFF80      0x00000021         (0, 0, 6)      [] [E, S]
    173     0x00006500       0xFFFFFF80      0x00000001         (0, 0, 12)      [] [E]
    174     0x00010C80       0xFFFFFF80      0x00000010         (0, 1, 1)      [] [SW]
    175     0x0001B800       0xFFFFFF80      0x00000100         (0, 1, 7)      [2] []
    176     0x00005300       0xFFFFFF80      0x00080000         (0, 0, 10)      [13] []
    177     0x0001CC00       0xFFFFFF80      0x00000800         (0, 1, 9)      [5] []
    178     0x00015880       0xFFFFFF80      0x00000010         (0, 1, 11)      [] [SW]
    179     0x00041F00       0xFFFFFF00      0x00008000         (0, 4, 3)      [9] []
    180     0x00002C00       0xFFFFFF80      0x00000003         (0, 0, 5)      [] [E, NE]
    181     0x00003480       0xFFFFFF80      0x00040000         (0, 0, 6)      [12] []
    182     0x00001D00       0xFFFFFF80      0x00000001         (0, 0, 3)      [] [E]
    183     0x0000D080       0xFFFFFF80      0x0000000E         (0, 0, 10)      [] [NE, N, W]
    184     0x00019C80       0xFFFFFF80      0x00010000         (0, 1, 3)      [10] []
    185     0x0000FE00       0xFFFFFF80      0x00000020         (0, 0, 15)      [] [S]
    186     0x0000D800       0xFFFFFF80      0x0001800E         (0, 0, 11)      [9, 10] [NE, N, W]
    187     0x00013380       0xFFFFFF80      0x00000010         (0, 1, 6)      [] [SW]
    188     0x0000F800       0xFFFFFF80      0x000C0020         (0, 0, 15)      [12, 13] [S]
    189     0x0001A300       0xFFFFFF80      0x00000080         (0, 1, 4)      [1] []
    190     0x00015080       0xFFFFFF80      0x00020000         (0, 1, 10)      [11] []
    191     0x0000E500       0xFFFFFF80      0x0003FFBF         (0, 0, 12)      [1, 2, 3, 4, 5, 6, 7, 8, 9, 10, 11] [E, NE, N, W, SW, S]
    192     0x00014500       0xFFFFFF80      0x00000030         (0, 1, 8)      [] [SW, S]
    193     0x00011200       0xFFFFFF80      0x00000800         (0, 1, 2)      [5] []
    194     0x00004880       0xFFFFFF80      0x00000001         (0, 0, 9)      [] [E]
    195     0x00019C00       0xFFFFFF80      0x00008000         (0, 1, 3)      [9] []
    196     0x00003C80       0xFFFFFF80      0x00000001         (0, 0, 7)      [] [E]
    197     0x00015980       0xFFFFFF80      0x00000090         (0, 1, 11)      [1] [SW]
    198     0x00024580       0xFFFFFF80      0x00000002         (0, 2, 8)      [] [NE]
    199     0x00012400       0xFFFFFF80      0x00020000         (0, 1, 4)      [11] []
    200     0x00003680       0xFFFFFF80      0x00400001         (0, 0, 6)      [16] [E]
    201     0x0000DF80       0xFFFFFF80      0x0003FF8E         (0, 0, 11)      [1, 2, 3, 4, 5, 6, 7, 8, 9, 10, 11] [NE, N, W]
    202     0x00010380       0xFFFFFF80      0x00001020         (0, 1, 0)      [6] [S]
    203     0x0000F600       0xFFFFFF80      0x007CC020         (0, 0, 14)      [8, 9, 12, 13, 14, 15, 16] [S]
    204     0x00013780       0xFFFFFF80      0x00000010         (0, 1, 6)      [] [SW]
    205     0x0000D900       0xFFFFFF80      0x0007FF88         (0, 0, 11)      [1, 2, 3, 4, 5, 6, 7, 8, 9, 10, 11, 12] [W]
    206     0x00018980       0xFFFFFF80      0x00000030         (0, 1, 1)      [] [SW, S]
    207     0x00008F80       0xFFFFFF80      0x00100000         (0, 0, 1)      [14] []
    208     0x0001DC80       0xFFFFFF80      0x00000800         (0, 1, 11)      [5] []
    209     0x00041800       0xFFFFFF00      0x00000100         (0, 4, 3)      [2] []
    210     0x0000C580       0xFFFFFF80      0x00000121         (0, 0, 8)      [2] [E, S]
    211     0x0001E300       0xFFFFFF80      0x00000200         (0, 1, 12)      [3] []
    212     0x00001700       0xFFFFFF80      0x00080000         (0, 0, 2)      [13] []
    213     0x00033700       0xFFFFFF00      0x00000010         (0, 3, 6)      [] [SW]
    214     0x00012C00       0xFFFFFF80      0x00000008         (0, 1, 5)      [] [W]
    215     0x0000A200       0xFFFFFF80      0x00000003         (0, 0, 4)      [] [E, NE]
    216     0x0001DE80       0xFFFFFF80      0x00008000         (0, 1, 11)      [9] []
    217     0x00017D80       0xFFFFFF80      0x00000008         (0, 1, 15)      [] [W]
    218     0x00012C80       0xFFFFFF80      0x00000008         (0, 1, 5)      [] [W]
    219     0x00007480       0xFFFFFF80      0x00000001         (0, 0, 14)      [] [E]
    220     0x0000C280       0xFFFFFF80      0x00000021         (0, 0, 8)      [] [E, S]
    221     0x0001EB80       0xFFFFFF80      0x00001000         (0, 1, 13)      [6] []
    222     0x00010980       0xFFFFFF80      0x00000020         (0, 1, 1)      [] [S]
    223     0x00016480       0xFFFFFF80      0x00000018         (0, 1, 12)      [] [W, SW]
    224     0x0000A880       0xFFFFFF80      0x00000421         (0, 0, 5)      [4] [E, S]
    225     0x00015480       0xFFFFFF80      0x00000020         (0, 1, 10)      [] [S]
    226     0x0001A700       0xFFFFFF80      0x00008000         (0, 1, 4)      [9] []
    227     0x00015D80       0xFFFFFF80      0x00008000         (0, 1, 11)      [9] []
    228     0x00014080       0xFFFFFF80      0x00004020         (0, 1, 8)      [8] [S]
    229     0x0000D100       0xFFFFFF80      0x0000000E         (0, 0, 10)      [] [NE, N, W]
    230     0x00000880       0xFFFFFF80      0x00100000         (0, 0, 1)      [14] []
    231     0x0000EE00       0xFFFFFF80      0x007C0030         (0, 0, 13)      [16, 12, 13, 14, 15] [SW, S]
    232     0x00017180       0xFFFFFF80      0x00000008         (0, 1, 14)      [] [W]
    233     0x0000AF00       0xFFFFFF80      0x00000021         (0, 0, 5)      [] [E, S]
    234     0x00017D00       0xFFFFFF80      0x00000008         (0, 1, 15)      [] [W]
    235     0x0000F000       0xFFFFFF80      0x007C0030         (0, 0, 14)      [16, 12, 13, 14, 15] [SW, S]
    236     0x0000A380       0xFFFFFF80      0x00000003         (0, 0, 4)      [] [E, NE]
    237     0x0000F880       0xFFFFFF80      0x00180020         (0, 0, 15)      [13, 14] [S]
    238     0x00005580       0xFFFFFF80      0x00000002         (0, 0, 10)      [] [NE]
    239     0x00024900       0xFFFFFF80      0x00000102         (0, 2, 9)      [2] [NE]
    240     0x00018C80       0xFFFFFF80      0x000000A0         (0, 1, 1)      [1] [S]
    241     0x0000CF80       0xFFFFFF80      0x0000000E         (0, 0, 9)      [] [NE, N, W]
    242     0x0001BB80       0xFFFFFF80      0x00008000         (0, 1, 7)      [9] []
    243     0x0000C780       0xFFFFFF80      0x00001021         (0, 0, 8)      [6] [E, S]
    244     0x00013B00       0xFFFFFF80      0x00000010         (0, 1, 7)      [] [SW]
    245     0x00019B80       0xFFFFFF80      0x00004000         (0, 1, 3)      [8] []
    246     0x00009500       0xFFFFFF80      0x00000002         (0, 0, 2)      [] [NE]
    247     0x0001F300       0xFFFFFF80      0x00004000         (0, 1, 14)      [8] []
    248     0x00006880       0xFFFFFF80      0x00000001         (0, 0, 13)      [] [E]
    249     0x0001FA00       0xFFFFFF80      0x00010000         (0, 1, 15)      [10] []
    250     0x00012B00       0xFFFFFF80      0x00000008         (0, 1, 5)      [] [W]
    251     0x0000DE00       0xFFFFFF80      0x0003FF8E         (0, 0, 11)      [1, 2, 3, 4, 5, 6, 7, 8, 9, 10, 11] [NE, N, W]
    252     0x0001AE80       0xFFFFFF80      0x00000200         (0, 1, 5)      [3] []
    253     0x00003B80       0xFFFFFF80      0x00000001         (0, 0, 7)      [] [E]
    254     0x0000A500       0xFFFFFF80      0x00000003         (0, 0, 4)      [] [E, NE]
    255     0x00012A00       0xFFFFFF80      0x00000008         (0, 1, 5)      [] [W]
    256     0x00011980       0xFFFFFF80      0x00000008         (0, 1, 3)      [] [W]
    257     0x00010E00       0xFFFFFF80      0x00000010         (0, 1, 1)      [] [SW]
    258     0x0001B780       0xFFFFFF80      0x00000080         (0, 1, 6)      [1] []
    259     0x0001D600       0xFFFFFF80      0x00004000         (0, 1, 10)      [8] []
    260     0x00014F00       0xFFFFFF80      0x00004020         (0, 1, 9)      [8] [S]
    261     0x00009F80       0xFFFFFF80      0x00400001         (0, 0, 3)      [16] [E]
    262     0x00016880       0xFFFFFF80      0x00000418         (0, 1, 13)      [4] [W, SW]
    263     0x00017E80       0xFFFFFF80      0x00000008         (0, 1, 15)      [] [W]
    264     0x00009980       0xFFFFFF80      0x00000402         (0, 0, 3)      [4] [NE]
    265     0x0000F380       0xFFFFFF80      0x007C0620         (0, 0, 14)      [3, 4, 12, 13, 14, 15, 16] [S]
    266     0x00014000       0xFFFFFF80      0x00002020         (0, 1, 8)      [7] [S]
    267     0x00009380       0xFFFFFF80      0x00000002         (0, 0, 2)      [] [NE]
    268     0x00019980       0xFFFFFF80      0x00000400         (0, 1, 3)      [4] []
    269     0x0000CC80       0xFFFFFF80      0x0040000C         (0, 0, 9)      [16] [N, W]
    270     0x0000E800       0xFFFFFF80      0x0003FFB7         (0, 0, 13)      [1, 2, 3, 4, 5, 6, 7, 8, 9, 10, 11] [E, NE, N, SW, S]
    271     0x0001E680       0xFFFFFF80      0x00010000         (0, 1, 12)      [10] []
    272     0x00014C80       0xFFFFFF80      0x00000220         (0, 1, 9)      [3] [S]
    273     0x00008880       0xFFFFFF80      0x00000002         (0, 0, 1)      [] [NE]
    274     0x00015C80       0xFFFFFF80      0x00002000         (0, 1, 11)      [7] []
    275     0x00008180       0xFFFFFF80      0x00400001         (0, 0, 0)      [16] [E]
    276     0x0001BC00       0xFFFFFF80      0x00010000         (0, 1, 7)      [10] []
    277     0x0000FB00       0xFFFFFF80      0x00000020         (0, 0, 15)      [] [S]
    278     0x00002A00       0xFFFFFF80      0x00000003         (0, 0, 5)      [] [E, NE]
    279     0x0001CC80       0xFFFFFF80      0x00001000         (0, 1, 9)      [6] []
    280     0x00013000       0xFFFFFF80      0x00000818         (0, 1, 6)      [5] [W, SW]
    281     0x0001E400       0xFFFFFF80      0x00000800         (0, 1, 12)      [5] []
    282     0x0001B900       0xFFFFFF80      0x00000400         (0, 1, 7)      [4] []
    283     0x00004B00       0xFFFFFF80      0x00000001         (0, 0, 9)      [] [E]
    284     0x00009880       0xFFFFFF80      0x00000102         (0, 0, 3)      [2] [NE]
    285     0x00013D00       0xFFFFFF80      0x00000090         (0, 1, 7)      [1] [SW]
    286     0x00008380       0xFFFFFF80      0x00000001         (0, 0, 0)      [] [E]
    287     0x00014980       0xFFFFFF80      0x00000020         (0, 1, 9)      [] [S]
    288     0x0000C680       0xFFFFFF80      0x00000421         (0, 0, 8)      [4] [E, S]
    289     0x00004A00       0xFFFFFF80      0x00000001         (0, 0, 9)      [] [E]
    290     0x00003800       0xFFFFFF80      0x00000001         (0, 0, 7)      [] [E]
    291     0x00012080       0xFFFFFF80      0x00000408         (0, 1, 4)      [4] [W]
    292     0x00019680       0xFFFFFF80      0x00000001         (0, 1, 2)      [] [E]
    293     0x0000D400       0xFFFFFF80      0x0000018E         (0, 0, 10)      [1, 2] [NE, N, W]
    294     0x00018A00       0xFFFFFF80      0x00000030         (0, 1, 1)      [] [SW, S]
    295     0x0000AC00       0xFFFFFF80      0x00000020         (0, 0, 5)      [] [S]
    296     0x0000AC80       0xFFFFFF80      0x00040020         (0, 0, 5)      [12] [S]
    297     0x00014200       0xFFFFFF80      0x00020000         (0, 1, 8)      [11] []
    298     0x0000EA80       0xFFFFFF80      0x007C003D         (0, 0, 13)      [16, 12, 13, 14, 15] [E, N, W, SW, S]
    299     0x0000F400       0xFFFFFF80      0x007C0C20         (0, 0, 14)      [4, 5, 12, 13, 14, 15, 16] [S]
    300     0x00020000       0xFFFFFF80      0x00020000         (0, 2, 0)      [11] []
    301     0x0000A000       0xFFFFFF80      0x00000003         (0, 0, 4)      [] [E, NE]
    302     0x00010800       0xFFFFFF80      0x00200020         (0, 1, 1)      [15] [S]
    303     0x00012200       0xFFFFFF80      0x00002008         (0, 1, 4)      [7] [W]
    304     0x00008400       0xFFFFFF80      0x00000001         (0, 0, 0)      [] [E]
    305     0x00017580       0xFFFFFF80      0x00000408         (0, 1, 14)      [4] [W]
    306     0x00020880       0xFFFFFF80      0x00008000         (0, 2, 1)      [9] []
    307     0x0000CD00       0xFFFFFF80      0x0000000E         (0, 0, 9)      [] [NE, N, W]
    308     0x00013680       0xFFFFFF80      0x00000018         (0, 1, 6)      [] [W, SW]
    309     0x00013800       0xFFFFFF80      0x00000010         (0, 1, 7)      [] [SW]
    310     0x00006200       0xFFFFFF80      0x00080000         (0, 0, 12)      [13] []
    311     0x00007900       0xFFFFFF80      0x00000001         (0, 0, 15)      [] [E]
    312     0x00010280       0xFFFFFF80      0x00000420         (0, 1, 0)      [4] [S]
    313     0x0001F880       0xFFFFFF80      0x00002000         (0, 1, 15)      [7] []
    314     0x00019800       0xFFFFFF80      0x00000081         (0, 1, 3)      [1] [E]
    315     0x0000D200       0xFFFFFF80      0x0000000E         (0, 0, 10)      [] [NE, N, W]
    316     0x0001E600       0xFFFFFF80      0x00008000         (0, 1, 12)      [9] []
    317     0x0000DC80       0xFFFFFF80      0x0003FF8E         (0, 0, 11)      [1, 2, 3, 4, 5, 6, 7, 8, 9, 10, 11] [NE, N, W]
    318     0x00019D00       0xFFFFFF80      0x00020000         (0, 1, 3)      [11] []
    319     0x0001D680       0xFFFFFF80      0x00008000         (0, 1, 10)      [9] []
    320     0x00020900       0xFFFFFF80      0x00010000         (0, 2, 1)      [10] []
    321     0x0000FC80       0xFFFFFF80      0x00000020         (0, 0, 15)      [] [S]
    322     0x00006700       0xFFFFFF80      0x00000001         (0, 0, 12)      [] [E]
    323     0x0000AF80       0xFFFFFF80      0x00000021         (0, 0, 5)      [] [E, S]
    324     0x00013200       0xFFFFFF80      0x00008018         (0, 1, 6)      [9] [W, SW]
    325     0x00000E00       0xFFFFFF80      0x00000003         (0, 0, 1)      [] [E, NE]
    326     0x00015800       0xFFFFFF80      0x00000020         (0, 1, 11)      [] [S]
    327     0x0000B000       0xFFFFFF80      0x00000021         (0, 0, 6)      [] [E, S]
    328     0x00009400       0xFFFFFF80      0x00000002         (0, 0, 2)      [] [NE]
    329     0x0000CB80       0xFFFFFF80      0x0010000C         (0, 0, 9)      [14] [N, W]
    330     0x00009A80       0xFFFFFF80      0x00001002         (0, 0, 3)      [6] [NE]
    331     0x00019600       0xFFFFFF80      0x00000001         (0, 1, 2)      [] [E]
    332     0x00018080       0xFFFFFF80      0x00000088         (0, 1, 0)      [1] [W]
    333     0x00024500       0xFFFFFF80      0x0000000E         (0, 2, 8)      [] [NE, N, W]
    334     0x00033400       0xFFFFFF00      0x00000010         (0, 3, 6)      [] [SW]
    335     0x00002980       0xFFFFFF80      0x00000002         (0, 0, 5)      [] [NE]
    336     0x00009000       0xFFFFFF80      0x00200000         (0, 0, 2)      [15] []
    337     0x00001C80       0xFFFFFF80      0x00000001         (0, 0, 3)      [] [E]
    338     0x00017600       0xFFFFFF80      0x00000808         (0, 1, 14)      [5] [W]
    339     0x0000E100       0xFFFFFF80      0x0003FF8E         (0, 0, 12)      [1, 2, 3, 4, 5, 6, 7, 8, 9, 10, 11] [NE, N, W]
    340     0x00012E80       0xFFFFFF80      0x00000118         (0, 1, 5)      [2] [W, SW]
    341     0x0001DD00       0xFFFFFF80      0x00001000         (0, 1, 11)      [6] []
    342     0x0000EC80       0xFFFFFF80      0x007C0030         (0, 0, 13)      [16, 12, 13, 14, 15] [SW, S]
    343     0x00005780       0xFFFFFF80      0x00000002         (0, 0, 10)      [] [NE]
    344     0x00013600       0xFFFFFF80      0x00000018         (0, 1, 6)      [] [W, SW]
    345     0x0000D980       0xFFFFFF80      0x000FFF88         (0, 0, 11)      [1, 2, 3, 4, 5, 6, 7, 8, 9, 10, 11, 12, 13] [W]
    346     0x00001900       0xFFFFFF80      0x00000001         (0, 0, 3)      [] [E]
    347     0x00013700       0xFFFFFF80      0x00000010         (0, 1, 6)      [] [SW]
    348     0x0001AB80       0xFFFFFF80      0x00000001         (0, 1, 5)      [] [E]
    349     0x0001DA80       0xFFFFFF80      0x00000080         (0, 1, 11)      [1] []
    350     0x0001D380       0xFFFFFF80      0x00000200         (0, 1, 10)      [3] []
    351     0x00011B00       0xFFFFFF80      0x00000008         (0, 1, 3)      [] [W]
    352     0x00010A00       0xFFFFFF80      0x00000020         (0, 1, 1)      [] [S]
    353     0x0001EB00       0xFFFFFF80      0x00000800         (0, 1, 13)      [5] []
    354     0x00013E00       0xFFFFFF80      0x00000200         (0, 1, 7)      [3] []
    355     0x00016800       0xFFFFFF80      0x00000218         (0, 1, 13)      [3] [W, SW]
    356     0x00011800       0xFFFFFF80      0x00000008         (0, 1, 3)      [] [W]
    357     0x00011400       0xFFFFFF80      0x00008000         (0, 1, 2)      [9] []
    358     0x00011880       0xFFFFFF80      0x00000008         (0, 1, 3)      [] [W]
    359     0x00017F00       0xFFFFFF80      0x00000008         (0, 1, 15)      [] [W]
    360     0x00006A00       0xFFFFFF80      0x00000001         (0, 0, 13)      [] [E]
    361     0x00042300       0xFFFFFF00      0x00080000         (0, 4, 4)      [13] []
    362     0x0000B180       0xFFFFFF80      0x00000021         (0, 0, 6)      [] [E, S]
    363     0x00018000       0xFFFFFF80      0x00000008         (0, 1, 0)      [] [W]
    364     0x00041A00       0xFFFFFF00      0x00000400         (0, 4, 3)      [4] []
    365     0x0001EC00       0xFFFFFF80      0x00002000         (0, 1, 13)      [7] []
    366     0x0001D280       0xFFFFFF80      0x00000080         (0, 1, 10)      [1] []
    367     0x0001DD80       0xFFFFFF80      0x00002000         (0, 1, 11)      [7] []
    368     0x0001DB00       0xFFFFFF80      0x00000100         (0, 1, 11)      [2] []
    369     0x00018200       0xFFFFFF80      0x00000408         (0, 1, 0)      [4] [W]
    370     0x00010180       0xFFFFFF80      0x00000120         (0, 1, 0)      [2] [S]
    371     0x00010E80       0xFFFFFF80      0x00000010         (0, 1, 1)      [] [SW]
    372     0x0000CA80       0xFFFFFF80      0x00040008         (0, 0, 9)      [12] [W]
    373     0x00013C00       0xFFFFFF80      0x00000010         (0, 1, 7)      [] [SW]
    374     0x0000BE80       0xFFFFFF80      0x00000021         (0, 0, 7)      [] [E, S]
    375     0x00004480       0xFFFFFF80      0x00100000         (0, 0, 8)      [14] []
    376     0x0001D480       0xFFFFFF80      0x00000800         (0, 1, 10)      [5] []
    377     0x00017380       0xFFFFFF80      0x00000008         (0, 1, 14)      [] [W]
    378     0x0001B100       0xFFFFFF80      0x00004000         (0, 1, 6)      [8] []
    379     0x0001E380       0xFFFFFF80      0x00000400         (0, 1, 12)      [4] []
    380     0x00024280       0xFFFFFF80      0x0000000E         (0, 2, 8)      [] [NE, N, W]
    381     0x00009080       0xFFFFFF80      0x00400000         (0, 0, 2)      [16] []
    382     0x00003980       0xFFFFFF80      0x00000001         (0, 0, 7)      [] [E]
    383     0x0000FD00       0xFFFFFF80      0x00000020         (0, 0, 15)      [] [S]
    384     0x00024780       0xFFFFFF80      0x00000002         (0, 2, 8)      [] [NE]
    385     0x00010500       0xFFFFFF80      0x00008020         (0, 1, 0)      [9] [S]
    386     0x00041E00       0xFFFFFF00      0x00004000         (0, 4, 3)      [8] []
    387     0x00041700       0xFFFFFF00      0x00000080         (0, 4, 2)      [1] []
    388     0x00041C00       0xFFFFFF00      0x00001000         (0, 4, 3)      [6] []
    389     0x0000E000       0xFFFFFF80      0x0003FF8E         (0, 0, 12)      [1, 2, 3, 4, 5, 6, 7, 8, 9, 10, 11] [NE, N, W]
    390     0x00020C80       0xFFFFFF80      0x00008000         (0, 2, 1)      [9] []
    391     0x00003D00       0xFFFFFF80      0x00000001         (0, 0, 7)      [] [E]
    392     0x00012280       0xFFFFFF80      0x00004008         (0, 1, 4)      [8] [W]
    393     0x0000A980       0xFFFFFF80      0x00001021         (0, 0, 5)      [6] [E, S]
    394     0x00014C00       0xFFFFFF80      0x00000120         (0, 1, 9)      [2] [S]
    395     0x00032F00       0xFFFFFF00      0x00000010         (0, 3, 5)      [] [SW]
    396     0x00017880       0xFFFFFF80      0x00010000         (0, 1, 15)      [10] []
    397     0x00010B00       0xFFFFFF80      0x00000020         (0, 1, 1)      [] [S]
    398     0x0001C200       0xFFFFFF80      0x00000200         (0, 1, 8)      [3] []
    399     0x0000ED00       0xFFFFFF80      0x007C0030         (0, 0, 13)      [16, 12, 13, 14, 15] [SW, S]
    400     0x0000B700       0xFFFFFF80      0x00000221         (0, 0, 6)      [3] [E, S]
    401     0x00011300       0xFFFFFF80      0x00002000         (0, 1, 2)      [7] []
    402     0x0000F100       0xFFFFFF80      0x007C0030         (0, 0, 14)      [16, 12, 13, 14, 15] [SW, S]
    403     0x00015700       0xFFFFFF80      0x00000020         (0, 1, 10)      [] [S]
    404     0x00008A80       0xFFFFFF80      0x00000402         (0, 0, 1)      [4] [NE]
    405     0x0000E300       0xFFFFFF80      0x0003FFBF         (0, 0, 12)      [1, 2, 3, 4, 5, 6, 7, 8, 9, 10, 11] [E, NE, N, W, SW, S]
    406     0x0000D300       0xFFFFFF80      0x0000000E         (0, 0, 10)      [] [NE, N, W]
    407     0x00005800       0xFFFFFF80      0x00000002         (0, 0, 11)      [] [NE]
    408     0x0000F480       0xFFFFFF80      0x007C1820         (0, 0, 14)      [5, 6, 12, 13, 14, 15, 16] [S]
    409     0x00016F00       0xFFFFFF80      0x00000008         (0, 1, 13)      [] [W]
    410     0x00033300       0xFFFFFF00      0x00000010         (0, 3, 6)      [] [SW]
    411     0x00018900       0xFFFFFF80      0x00000030         (0, 1, 1)      [] [SW, S]
    412     0x00016100       0xFFFFFF80      0x00000010         (0, 1, 12)      [] [SW]
    413     0x0000AD00       0xFFFFFF80      0x00080020         (0, 0, 5)      [13] [S]
    414     0x0000D000       0xFFFFFF80      0x0000000E         (0, 0, 10)      [] [NE, N, W]
    415     0x00011E00       0xFFFFFF80      0x00000008         (0, 1, 3)      [] [W]
    416     0x0001F200       0xFFFFFF80      0x00001000         (0, 1, 14)      [6] []
    417     0x00008000       0xFFFFFF80      0x00080000         (0, 0, 0)      [13] []
    418     0x0000A780       0xFFFFFF80      0x00000103         (0, 0, 4)      [2] [E, NE]
    419     0x0000A400       0xFFFFFF80      0x00000003         (0, 0, 4)      [] [E, NE]
    420     0x00017700       0xFFFFFF80      0x00002008         (0, 1, 14)      [7] [W]
    421     0x00003500       0xFFFFFF80      0x00080000         (0, 0, 6)      [13] []
    422     0x00017480       0xFFFFFF80      0x00000108         (0, 1, 14)      [2] [W]
    423     0x00001680       0xFFFFFF80      0x00040000         (0, 0, 2)      [12] []
    424     0x0000DE80       0xFFFFFF80      0x0003FF8E         (0, 0, 11)      [1, 2, 3, 4, 5, 6, 7, 8, 9, 10, 11] [NE, N, W]
    425     0x00003A00       0xFFFFFF80      0x00000001         (0, 0, 7)      [] [E]
    426     0x00007280       0xFFFFFF80      0x00400001         (0, 0, 14)      [16] [E]
    427     0x0000FA00       0xFFFFFF80      0x00400020         (0, 0, 15)      [16] [S]
    428     0x0000FC00       0xFFFFFF80      0x00000020         (0, 0, 15)      [] [S]
    429     0x00012680       0xFFFFFF80      0x00400008         (0, 1, 4)      [16] [W]
    430     0x0001A380       0xFFFFFF80      0x00000100         (0, 1, 4)      [2] []
    431     0x0000EB00       0xFFFFFF80      0x007C0030         (0, 0, 13)      [16, 12, 13, 14, 15] [SW, S]
    432     0x0001CD00       0xFFFFFF80      0x00002000         (0, 1, 9)      [7] []
    433     0x00007680       0xFFFFFF80      0x00000001         (0, 0, 14)      [] [E]
    434     0x00008B00       0xFFFFFF80      0x00000802         (0, 0, 1)      [5] [NE]
    435     0x0001BA80       0xFFFFFF80      0x00002000         (0, 1, 7)      [7] []
    436     0x00010C00       0xFFFFFF80      0x00000020         (0, 1, 1)      [] [S]
    437     0x00010400       0xFFFFFF80      0x00002020         (0, 1, 0)      [7] [S]
    438     0x0001DC00       0xFFFFFF80      0x00000400         (0, 1, 11)      [4] []
    439     0x00010200       0xFFFFFF80      0x00000220         (0, 1, 0)      [3] [S]
    440     0x00022600       0xFFFFFF80      0x007C0000         (0, 2, 4)      [16, 12, 13, 14, 15] []
    441     0x0001B000       0xFFFFFF80      0x00001000         (0, 1, 6)      [6] []
    442     0x00042100       0xFFFFFF00      0x00020000         (0, 4, 4)      [11] []
    443     0x0001B980       0xFFFFFF80      0x00000800         (0, 1, 7)      [5] []
    444     0x00005A80       0xFFFFFF80      0x00000002         (0, 0, 11)      [] [NE]
    445     0x00007780       0xFFFFFF80      0x00000001         (0, 0, 14)      [] [E]
    446     0x00013400       0xFFFFFF80      0x00000010         (0, 1, 6)      [] [SW]
    447     0x00018B00       0xFFFFFF80      0x00000030         (0, 1, 1)      [] [SW, S]
    448     0x00009780       0xFFFFFF80      0x00000002         (0, 0, 2)      [] [NE]
    449     0x0000B300       0xFFFFFF80      0x00000021         (0, 0, 6)      [] [E, S]
    450     0x0001BC80       0xFFFFFF80      0x00020000         (0, 1, 7)      [11] []
    451     0x0001F900       0xFFFFFF80      0x00004000         (0, 1, 15)      [8] []
    452     0x0000C500       0xFFFFFF80      0x000000A1         (0, 0, 8)      [1] [E, S]
    453     0x0000CE80       0xFFFFFF80      0x0000000E         (0, 0, 9)      [] [NE, N, W]
    454     0x00002600       0xFFFFFF80      0x00080000         (0, 0, 4)      [13] []
    455     0x00014580       0xFFFFFF80      0x00000030         (0, 1, 8)      [] [SW, S]
    456     0x00022580       0xFFFFFF80      0x0003FF80         (0, 2, 4)      [1, 2, 3, 4, 5, 6, 7, 8, 9, 10, 11] []
    457     0x00001780       0xFFFFFF80      0x00100000         (0, 0, 2)      [14] []
    458     0x00010F00       0xFFFFFF80      0x00000010         (0, 1, 1)      [] [SW]
    459     0x00015580       0xFFFFFF80      0x00000020         (0, 1, 10)      [] [S]
    460     0x0000B480       0xFFFFFF80      0x00000021         (0, 0, 6)      [] [E, S]
    461     0x00006B80       0xFFFFFF80      0x00000101         (0, 0, 13)      [2] [E]
    462     0x0000C080       0xFFFFFF80      0x00000021         (0, 0, 8)      [] [E, S]
    463     0x00013D80       0xFFFFFF80      0x00000110         (0, 1, 7)      [2] [SW]
    464     0x00006300       0xFFFFFF80      0x00200000         (0, 0, 12)      [15] []
    465     0x00009D80       0xFFFFFF80      0x00040000         (0, 0, 3)      [12] []
    466     0x0000DA00       0xFFFFFF80      0x001BFF8C         (0, 0, 11)      [1, 2, 3, 4, 5, 6, 7, 8, 9, 10, 11, 13, 14] [N, W]
    467     0x00007A00       0xFFFFFF80      0x00000081         (0, 0, 15)      [1] [E]
    468     0x0000EE80       0xFFFFFF80      0x007C0030         (0, 0, 13)      [16, 12, 13, 14, 15] [SW, S]
    469     0x00014900       0xFFFFFF80      0x00000020         (0, 1, 9)      [] [S]
    470     0x00019580       0xFFFFFF80      0x00000001         (0, 1, 2)      [] [E]
    471     0x00010300       0xFFFFFF80      0x00000820         (0, 1, 0)      [5] [S]
    472     0x00014180       0xFFFFFF80      0x00010020         (0, 1, 8)      [10] [S]
    473     0x00014780       0xFFFFFF80      0x00000020         (0, 1, 8)      [] [S]
    474     0x0000D580       0xFFFFFF80      0x00000C0E         (0, 0, 10)      [4, 5] [NE, N, W]
    475     0x0000C000       0xFFFFFF80      0x00000021         (0, 0, 8)      [] [E, S]
    476     0x00012F00       0xFFFFFF80      0x00000218         (0, 1, 5)      [3] [W, SW]
    477     0x0000F900       0xFFFFFF80      0x00300020         (0, 0, 15)      [14, 15] [S]
    478     0x00010480       0xFFFFFF80      0x00004020         (0, 1, 0)      [8] [S]
    479     0x00009280       0xFFFFFF80      0x00000002         (0, 0, 2)      [] [NE]
    480     0x00033100       0xFFFFFF00      0x00000010         (0, 3, 6)      [] [SW]
    481     0x0000E280       0xFFFFFF80      0x0003FF8E         (0, 0, 12)      [1, 2, 3, 4, 5, 6, 7, 8, 9, 10, 11] [NE, N, W]
    482     0x00015000       0xFFFFFF80      0x00010020         (0, 1, 10)      [10] [S]
    483     0x00008500       0xFFFFFF80      0x00000001         (0, 0, 0)      [] [E]
    484     0x0001C500       0xFFFFFF80      0x00008000         (0, 1, 8)      [9] []
    485     0x00011180       0xFFFFFF80      0x00000400         (0, 1, 2)      [4] []
    486     0x00019500       0xFFFFFF80      0x00000001         (0, 1, 2)      [] [E]
    487     0x00003900       0xFFFFFF80      0x00000001         (0, 0, 7)      [] [E]
    488     0x00007400       0xFFFFFF80      0x00000001         (0, 0, 14)      [] [E]
    489     0x00009E00       0xFFFFFF80      0x00080000         (0, 0, 3)      [13] []
    490     0x00002B00       0xFFFFFF80      0x00000003         (0, 0, 5)      [] [E, NE]
    491     0x00001B80       0xFFFFFF80      0x00000001         (0, 0, 3)      [] [E]
    492     0x00012180       0xFFFFFF80      0x00001008         (0, 1, 4)      [6] [W]
    493     0x00016C00       0xFFFFFF80      0x00020000         (0, 1, 13)      [11] []
    494     0x00009680       0xFFFFFF80      0x00000002         (0, 0, 2)      [] [NE]
    495     0x00015B80       0xFFFFFF80      0x00000800         (0, 1, 11)      [5] []
    496     0x00011280       0xFFFFFF80      0x00001000         (0, 1, 2)      [6] []
    497     0x00002800       0xFFFFFF80      0x00000002         (0, 0, 5)      [] [NE]
    498     0x00001E80       0xFFFFFF80      0x00000001         (0, 0, 3)      [] [E]
    499     0x0001DF80       0xFFFFFF80      0x00020000         (0, 1, 11)      [11] []
    500     0x00016380       0xFFFFFF80      0x00000018         (0, 1, 12)      [] [W, SW]
    501     0x0000CB00       0xFFFFFF80      0x0008000C         (0, 0, 9)      [13] [N, W]
    502     0x00003A80       0xFFFFFF80      0x00000001         (0, 0, 7)      [] [E]
    503     0x00005980       0xFFFFFF80      0x00000002         (0, 0, 11)      [] [NE]
    504     0x0000DA80       0xFFFFFF80      0x0033FF8C         (0, 0, 11)      [1, 2, 3, 4, 5, 6, 7, 8, 9, 10, 11, 14, 15] [N, W]
    505     0x00018C00       0xFFFFFF80      0x00000020         (0, 1, 1)      [] [S]
    506     0x00018A80       0xFFFFFF80      0x00000030         (0, 1, 1)      [] [SW, S]
    507     0x00004800       0xFFFFFF80      0x00000001         (0, 0, 9)      [] [E]
    508     0x0001BB00       0xFFFFFF80      0x00004000         (0, 1, 7)      [8] []
    509     0x0000E880       0xFFFFFF80      0x007C003C         (0, 0, 13)      [16, 12, 13, 14, 15] [N, W, SW, S]
    510     0x00019780       0xFFFFFF80      0x00000001         (0, 1, 2)      [] [E]
    511     0x00022380       0xFFFFFF80      0x00000010         (0, 2, 4)      [] [SW]
    512     0x0001CD80       0xFFFFFF80      0x00004000         (0, 1, 9)      [8] []
    513     0x0001D700       0xFFFFFF80      0x00010000         (0, 1, 10)      [10] []
    514     0x0000E180       0xFFFFFF80      0x0003FF8E         (0, 0, 12)      [1, 2, 3, 4, 5, 6, 7, 8, 9, 10, 11] [NE, N, W]
    515     0x00013E80       0xFFFFFF80      0x00000400         (0, 1, 7)      [4] []
    516     0x0000AA00       0xFFFFFF80      0x00002021         (0, 0, 5)      [7] [E, S]
    517     0x00008800       0xFFFFFF80      0x00000002         (0, 0, 1)      [] [NE]
    518     0x00015A00       0xFFFFFF80      0x00000110         (0, 1, 11)      [2] [SW]
    519     0x00020400       0xFFFFFF80      0x00008000         (0, 2, 0)      [9] []
    520     0x00006780       0xFFFFFF80      0x00000001         (0, 0, 12)      [] [E]
    521     0x0000E400       0xFFFFFF80      0x0003FFBF         (0, 0, 12)      [1, 2, 3, 4, 5, 6, 7, 8, 9, 10, 11] [E, NE, N, W, SW, S]
    522     0x00015900       0xFFFFFF80      0x00000010         (0, 1, 11)      [] [SW]
    523     0x0001EA80       0xFFFFFF80      0x00000400         (0, 1, 13)      [4] []
    524     0x0000A580       0xFFFFFF80      0x00000003         (0, 0, 4)      [] [E, NE]
    525     0x00014E00       0xFFFFFF80      0x00001020         (0, 1, 9)      [6] [S]
    526     0x0001CE00       0xFFFFFF80      0x00008000         (0, 1, 9)      [9] []
    527     0x0001FA80       0xFFFFFF80      0x00020000         (0, 1, 15)      [11] []
    528     0x00024080       0xFFFFFF80      0x0020000E         (0, 2, 8)      [15] [NE, N, W]
    529     0x00024300       0xFFFFFF80      0x0000000E         (0, 2, 8)      [] [NE, N, W]
    530     0x00005680       0xFFFFFF80      0x00000002         (0, 0, 10)      [] [NE]
    531     0x0000BC00       0xFFFFFF80      0x00080020         (0, 0, 7)      [13] [S]
    532     0x00024700       0xFFFFFF80      0x00000002         (0, 2, 8)      [] [NE]
    533     0x0000A900       0xFFFFFF80      0x00000821         (0, 0, 5)      [5] [E, S]
    534     0x00033A00       0xFFFFFF00      0x00000010         (0, 3, 7)      [] [SW]
    535     0x00002A80       0xFFFFFF80      0x00000003         (0, 0, 5)      [] [E, NE]
    536     0x00000C80       0xFFFFFF80      0x00000003         (0, 0, 1)      [] [E, NE]
    537     0x0001AD00       0xFFFFFF80      0x00000001         (0, 1, 5)      [] [E]
    538     0x0001AB00       0xFFFFFF80      0x00000001         (0, 1, 5)      [] [E]
    539     0x00019880       0xFFFFFF80      0x00000100         (0, 1, 3)      [2] []
    540     0x00020380       0xFFFFFF80      0x00004000         (0, 2, 0)      [8] []
    541     0x0000FA80       0xFFFFFF80      0x00000020         (0, 0, 15)      [] [S]
    542     0x00017780       0xFFFFFF80      0x00004008         (0, 1, 14)      [8] [W]
    543     0x0001C100       0xFFFFFF80      0x00000080         (0, 1, 8)      [1] []
    544     0x00023A80       0xFFFFFF80      0x00000010         (0, 2, 7)      [] [SW]
    545     0x00009580       0xFFFFFF80      0x00000002         (0, 0, 2)      [] [NE]
    546     0x0000A080       0xFFFFFF80      0x00000003         (0, 0, 4)      [] [E, NE]
    547     0x0000FF00       0xFFFFFF80      0x00000020         (0, 0, 15)      [] [S]
    548     0x0000A180       0xFFFFFF80      0x00000003         (0, 0, 4)      [] [E, NE]
    549     0x0001ED80       0xFFFFFF80      0x00010000         (0, 1, 13)      [10] []
    550     0x0001C180       0xFFFFFF80      0x00000100         (0, 1, 8)      [2] []
    551     0x0000A280       0xFFFFFF80      0x00000003         (0, 0, 4)      [] [E, NE]
    552     0x0000D280       0xFFFFFF80      0x0000000E         (0, 0, 10)      [] [NE, N, W]
    553     0x00003580       0xFFFFFF80      0x00100000         (0, 0, 6)      [14] []
    554     0x00016180       0xFFFFFF80      0x00000018         (0, 1, 12)      [] [W, SW]
    555     0x00024C00       0xFFFFFF80      0x00004002         (0, 2, 9)      [8] [NE]
    556     0x00004900       0xFFFFFF80      0x00000001         (0, 0, 9)      [] [E]
    557     0x00000A00       0xFFFFFF80      0x00000003         (0, 0, 1)      [] [E, NE]
    558     0x00024980       0xFFFFFF80      0x00000202         (0, 2, 9)      [3] [NE]
    559     0x0001FF80       0xFFFFFF80      0x00010000         (0, 1, 15)      [10] []
    560     0x00018880       0xFFFFFF80      0x00000030         (0, 1, 1)      [] [SW, S]
    561     0x0000CD80       0xFFFFFF80      0x0000000E         (0, 0, 9)      [] [NE, N, W]
    562     0x0000AD80       0xFFFFFF80      0x00100020         (0, 0, 5)      [14] [S]
    563     0x00004700       0xFFFFFF80      0x00000001         (0, 0, 8)      [] [E]
    564     0x00023D80       0xFFFFFF80      0x00000008         (0, 2, 7)      [] [W]
    565     0x0000D500       0xFFFFFF80      0x0000060E         (0, 0, 10)      [3, 4] [NE, N, W]
    566     0x0001CB80       0xFFFFFF80      0x00000400         (0, 1, 9)      [4] []
    567     0x00000D80       0xFFFFFF80      0x00000003         (0, 0, 1)      [] [E, NE]
    568     0x00004680       0xFFFFFF80      0x00000001         (0, 0, 8)      [] [E]
    569     0x00011C80       0xFFFFFF80      0x00000008         (0, 1, 3)      [] [W]
    570     0x00002C80       0xFFFFFF80      0x00000003         (0, 0, 5)      [] [E, NE]
    571     0x0000B680       0xFFFFFF80      0x00000121         (0, 0, 6)      [2] [E, S]
    572     0x0001E280       0xFFFFFF80      0x00000100         (0, 1, 12)      [2] []
    573     0x0000E480       0xFFFFFF80      0x0003FFBF         (0, 0, 12)      [1, 2, 3, 4, 5, 6, 7, 8, 9, 10, 11] [E, NE, N, W, SW, S]
    574     0x00008200       0xFFFFFF80      0x00000001         (0, 0, 0)      [] [E]
    575     0x00020D80       0xFFFFFF80      0x00020000         (0, 2, 1)      [11] []
    576     0x00020800       0xFFFFFF80      0x00004000         (0, 2, 1)      [8] []
    577     0x00003600       0xFFFFFF80      0x00200000         (0, 0, 6)      [15] []
    578     0x0000F200       0xFFFFFF80      0x007C00B0         (0, 0, 14)      [1, 12, 13, 14, 15, 16] [SW, S]
    579     0x00018D00       0xFFFFFF80      0x00000120         (0, 1, 1)      [2] [S]
    580     0x00013A80       0xFFFFFF80      0x00000010         (0, 1, 7)      [] [SW]
    581     0x0000DD00       0xFFFFFF80      0x0003FF8C         (0, 0, 11)      [1, 2, 3, 4, 5, 6, 7, 8, 9, 10, 11] [N, W]
    582     0x00005C00       0xFFFFFF80      0x00000082         (0, 0, 11)      [1] [NE]
    583     0x00014A80       0xFFFFFF80      0x00000020         (0, 1, 9)      [] [S]
    584     0x0000E780       0xFFFFFF80      0x0003FFB7         (0, 0, 12)      [1, 2, 3, 4, 5, 6, 7, 8, 9, 10, 11] [E, NE, N, SW, S]
    585     0x00018B80       0xFFFFFF80      0x00000020         (0, 1, 1)      [] [S]
    586     0x0000C700       0xFFFFFF80      0x00000821         (0, 0, 8)      [5] [E, S]
    587     0x00004780       0xFFFFFF80      0x00000001         (0, 0, 8)      [] [E]
    588     0x00008680       0xFFFFFF80      0x00000002         (0, 0, 0)      [] [NE]
    589     0x00008600       0xFFFFFF80      0x00000002         (0, 0, 0)      [] [NE]
    590     0x00024400       0xFFFFFF80      0x0000000E         (0, 2, 8)      [] [NE, N, W]
    591     0x00018180       0xFFFFFF80      0x00000208         (0, 1, 0)      [3] [W]
    592     0x00024D00       0xFFFFFF80      0x00010002         (0, 2, 9)      [10] [NE]
    593     0x0000D700       0xFFFFFF80      0x0000600E         (0, 0, 10)      [8, 7] [NE, N, W]
    594     0x00008A00       0xFFFFFF80      0x00000202         (0, 0, 1)      [3] [NE]
    595     0x00012800       0xFFFFFF80      0x00000008         (0, 1, 5)      [] [W]
    596     0x00016A00       0xFFFFFF80      0x00002008         (0, 1, 13)      [7] [W]
    597     0x00016B80       0xFFFFFF80      0x00010000         (0, 1, 13)      [10] []
    598     0x00020980       0xFFFFFF80      0x00020000         (0, 2, 1)      [11] []
    599     0x00016680       0xFFFFFF80      0x00000018         (0, 1, 12)      [] [W, SW]
    600     0x00011A00       0xFFFFFF80      0x00000008         (0, 1, 3)      [] [W]
    601     0x0001FF00       0xFFFFFF80      0x00008000         (0, 1, 15)      [9] []
    602     0x00001D80       0xFFFFFF80      0x00000001         (0, 0, 3)      [] [E]
    603     0x00015780       0xFFFFFF80      0x00000020         (0, 1, 10)      [] [S]
    604     0x00032C00       0xFFFFFF00      0x00000010         (0, 3, 5)      [] [SW]
    605     0x00018580       0xFFFFFF80      0x00020000         (0, 1, 0)      [11] []
    606     0x0000B980       0xFFFFFF80      0x00004021         (0, 0, 7)      [8] [E, S]
    607     0x0001C300       0xFFFFFF80      0x00000800         (0, 1, 8)      [5] []
    608     0x0000D780       0xFFFFFF80      0x0000C00E         (0, 0, 10)      [8, 9] [NE, N, W]
    609     0x0001F800       0xFFFFFF80      0x00001000         (0, 1, 15)      [6] []
    610     0x00018480       0xFFFFFF80      0x00008020         (0, 1, 0)      [9] [S]
    611     0x0001A400       0xFFFFFF80      0x00000200         (0, 1, 4)      [3] []
    612     0x00012000       0xFFFFFF80      0x00000208         (0, 1, 4)      [3] [W]
    613     0x00005700       0xFFFFFF80      0x00000002         (0, 0, 10)      [] [NE]
    614     0x00015380       0xFFFFFF80      0x00000020         (0, 1, 10)      [] [S]
    615     0x00013B80       0xFFFFFF80      0x00000010         (0, 1, 7)      [] [SW]
    616     0x00001A80       0xFFFFFF80      0x00000001         (0, 0, 3)      [] [E]
    617     0x00000E80       0xFFFFFF80      0x00000003         (0, 0, 1)      [] [E, NE]
    618     0x00041900       0xFFFFFF00      0x00000200         (0, 4, 3)      [3] []
    619     0x0000F680       0xFFFFFF80      0x007D8020         (0, 0, 14)      [9, 10, 12, 13, 14, 15, 16] [S]
    620     0x00007080       0xFFFFFF80      0x00040000         (0, 0, 14)      [12] []
    621     0x00005B00       0xFFFFFF80      0x00000002         (0, 0, 11)      [] [NE]
    622     0x0000C600       0xFFFFFF80      0x00000221         (0, 0, 8)      [3] [E, S]
    623     0x00024B00       0xFFFFFF80      0x00001002         (0, 2, 9)      [6] [NE]
    624     0x0000B380       0xFFFFFF80      0x00000021         (0, 0, 6)      [] [E, S]
    625     0x00017E00       0xFFFFFF80      0x00000008         (0, 1, 15)      [] [W]
    626     0x00000980       0xFFFFFF80      0x00400001         (0, 0, 1)      [16] [E]
    627     0x00018400       0xFFFFFF80      0x00004020         (0, 1, 0)      [8] [S]
    628     0x00032D00       0xFFFFFF00      0x00000010         (0, 3, 5)      [] [SW]
    629     0x00024200       0xFFFFFF80      0x0000000E         (0, 2, 8)      [] [NE, N, W]
    630     0x0000B200       0xFFFFFF80      0x00000021         (0, 0, 6)      [] [E, S]
    631     0x00024680       0xFFFFFF80      0x00000002         (0, 2, 8)      [] [NE]
    632     0x00009300       0xFFFFFF80      0x00000002         (0, 0, 2)      [] [NE]
    633     0x00011700       0xFFFFFF80      0x00200008         (0, 1, 2)      [15] [W]
    634     0x00007500       0xFFFFFF80      0x00000001         (0, 0, 14)      [] [E]
    635     0x00000800       0xFFFFFF80      0x00080000         (0, 0, 1)      [13] []
    636     0x00017000       0xFFFFFF80      0x00000008         (0, 1, 14)      [] [W]
    637     0x00009100       0xFFFFFF80      0x00000002         (0, 0, 2)      [] [NE]
    638     0x0000F280       0xFFFFFF80      0x007C01B0         (0, 0, 14)      [1, 2, 12, 13, 14, 15, 16] [SW, S]
    639     0x0000C300       0xFFFFFF80      0x00000021         (0, 0, 8)      [] [E, S]
    640     0x00017500       0xFFFFFF80      0x00000208         (0, 1, 14)      [3] [W]
    641     0x0000DB00       0xFFFFFF80      0x0063FF8C         (0, 0, 11)      [1, 2, 3, 4, 5, 6, 7, 8, 9, 10, 11, 15, 16] [N, W]
    642     0x00042200       0xFFFFFF00      0x00040000         (0, 4, 4)      [12] []
    643     0x00013300       0xFFFFFF80      0x00020010         (0, 1, 6)      [11] [SW]
    644     0x00019180       0xFFFFFF80      0x00020000         (0, 1, 2)      [11] []
    645     0x0001BA00       0xFFFFFF80      0x00001000         (0, 1, 7)      [6] []
    646     0x00013100       0xFFFFFF80      0x00002018         (0, 1, 6)      [7] [W, SW]
    647     0x0001EA00       0xFFFFFF80      0x00000200         (0, 1, 13)      [3] []
    648     0x00024C80       0xFFFFFF80      0x00008002         (0, 2, 9)      [9] [NE]
    649     0x00024600       0xFFFFFF80      0x00000002         (0, 2, 8)      [] [NE]
    650     0x00011D80       0xFFFFFF80      0x00000008         (0, 1, 3)      [] [W]
    651     0x00010B80       0xFFFFFF80      0x00000020         (0, 1, 1)      [] [S]
    652     0x00012880       0xFFFFFF80      0x00000008         (0, 1, 5)      [] [W]
    653     0x00006900       0xFFFFFF80      0x00000001         (0, 0, 13)      [] [E]
    654     0x00004500       0xFFFFFF80      0x00200000         (0, 0, 8)      [15] []
    655     0x00005400       0xFFFFFF80      0x00200000         (0, 0, 10)      [15] []
    656     0x00018D80       0xFFFFFF80      0x00000220         (0, 1, 1)      [3] [S]
    657     0x00007580       0xFFFFFF80      0x00000001         (0, 0, 14)      [] [E]
    658     0x00012A80       0xFFFFFF80      0x00000008         (0, 1, 5)      [] [W]
    659     0x00033600       0xFFFFFF00      0x00000010         (0, 3, 6)      [] [SW]
    660     0x00008080       0xFFFFFF80      0x00100000         (0, 0, 0)      [14] []
    661     0x00024800       0xFFFFFF80      0x00000002         (0, 2, 9)      [] [NE]
    662     0x00012D80       0xFFFFFF80      0x00000008         (0, 1, 5)      [] [W]
    663     0x00019B00       0xFFFFFF80      0x00002000         (0, 1, 3)      [7] []
    664     0x00021080       0xFFFFFF80      0x00010000         (0, 2, 2)      [10] []
    665     0x0000B880       0xFFFFFF80      0x00001021         (0, 0, 7)      [6] [E, S]
    666     0x00007B80       0xFFFFFF80      0x00000401         (0, 0, 15)      [4] [E]
    667     0x00013F80       0xFFFFFF80      0x00001020         (0, 1, 7)      [6] [S]
    668     0x00003C00       0xFFFFFF80      0x00000001         (0, 0, 7)      [] [E]
    669     0x0001F780       0xFFFFFF80      0x00000800         (0, 1, 14)      [5] []
    670     0x0000C200       0xFFFFFF80      0x00000021         (0, 0, 8)      [] [E, S]
    671     0x0001DE00       0xFFFFFF80      0x00004000         (0, 1, 11)      [8] []
    672     0x0001D580       0xFFFFFF80      0x00002000         (0, 1, 10)      [7] []
    673     0x0000BC80       0xFFFFFF80      0x00100020         (0, 0, 7)      [14] [S]
    674     0x0000D480       0xFFFFFF80      0x0000030E         (0, 0, 10)      [2, 3] [NE, N, W]
    675     0x0000D680       0xFFFFFF80      0x0000300E         (0, 0, 10)      [6, 7] [NE, N, W]
    676     0x0000F300       0xFFFFFF80      0x007C0320         (0, 0, 14)      [2, 3, 12, 13, 14, 15, 16] [S]
    677     0x0000F700       0xFFFFFF80      0x007F0000         (0, 0, 14)      [10, 11, 12, 13, 14, 15, 16] []
    678     0x00014B80       0xFFFFFF80      0x000000A0         (0, 1, 9)      [1] [S]
    679     0x00012E00       0xFFFFFF80      0x00000088         (0, 1, 5)      [1] [W]
    680     0x0000EB80       0xFFFFFF80      0x007C0030         (0, 0, 13)      [16, 12, 13, 14, 15] [SW, S]
    681     0x00007B00       0xFFFFFF80      0x00000201         (0, 0, 15)      [3] [E]
    682     0x00008780       0xFFFFFF80      0x00000002         (0, 0, 0)      [] [NE]
    683     0x00016580       0xFFFFFF80      0x00000018         (0, 1, 12)      [] [W, SW]
    684     0x00015D00       0xFFFFFF80      0x00004000         (0, 1, 11)      [8] []
    685     0x00011D00       0xFFFFFF80      0x00000008         (0, 1, 3)      [] [W]
    686     0x00018500       0xFFFFFF80      0x00010020         (0, 1, 0)      [10] [S]
    687     0x0000B780       0xFFFFFF80      0x00000421         (0, 0, 6)      [4] [E, S]
    688     0x0001F100       0xFFFFFF80      0x00000400         (0, 1, 14)      [4] []
    689     0x0001C400       0xFFFFFF80      0x00002000         (0, 1, 8)      [7] []
    690     0x00005480       0xFFFFFF80      0x00400000         (0, 0, 10)      [16] []
    691     0x00042000       0xFFFFFF00      0x00010000         (0, 4, 4)      [10] []
    692     0x00003880       0xFFFFFF80      0x00000001         (0, 0, 7)      [] [E]
    693     0x0000A800       0xFFFFFF80      0x00000221         (0, 0, 5)      [3] [E, S]
    694     0x00008980       0xFFFFFF80      0x00000102         (0, 0, 1)      [2] [NE]
    695     0x00016280       0xFFFFFF80      0x00000018         (0, 1, 12)      [] [W, SW]
    696     0x0000DF00       0xFFFFFF80      0x0003FF8E         (0, 0, 11)      [1, 2, 3, 4, 5, 6, 7, 8, 9, 10, 11] [NE, N, W]
    697     0x0001D780       0xFFFFFF80      0x00020000         (0, 1, 10)      [11] []
    698     0x00010D00       0xFFFFFF80      0x00000010         (0, 1, 1)      [] [SW]
    699     0x00009900       0xFFFFFF80      0x00000202         (0, 0, 3)      [3] [NE]
    700     0x00013980       0xFFFFFF80      0x00000010         (0, 1, 7)      [] [SW]
    701     0x00011F00       0xFFFFFF80      0x00000088         (0, 1, 3)      [1] [W]
    702     0x0000BD00       0xFFFFFF80      0x00200021         (0, 0, 7)      [15] [E, S]
    703     0x00002E00       0xFFFFFF80      0x00000003         (0, 0, 5)      [] [E, NE]
    704     0x0001A500       0xFFFFFF80      0x00000800         (0, 1, 4)      [5] []
    705     0x00033200       0xFFFFFF00      0x00000010         (0, 3, 6)      [] [SW]
    706     0x00006600       0xFFFFFF80      0x00000001         (0, 0, 12)      [] [E]
    707     0x0000C800       0xFFFFFF80      0x00002021         (0, 0, 9)      [7] [E, S]
    708     0x00017080       0xFFFFFF80      0x00000008         (0, 1, 14)      [] [W]
    709     0x0001FE80       0xFFFFFF80      0x00004000         (0, 1, 15)      [8] []
    710     0x0000F180       0xFFFFFF80      0x007C0030         (0, 0, 14)      [16, 12, 13, 14, 15] [SW, S]
    711     0x00012100       0xFFFFFF80      0x00000808         (0, 1, 4)      [5] [W]
    712     0x00042500       0xFFFFFF00      0x00200000         (0, 4, 4)      [15] []
    713     0x00006380       0xFFFFFF80      0x00400001         (0, 0, 12)      [16] [E]
    714     0x0000E680       0xFFFFFF80      0x0003FFBF         (0, 0, 12)      [1, 2, 3, 4, 5, 6, 7, 8, 9, 10, 11] [E, NE, N, W, SW, S]
    715     0x00008900       0xFFFFFF80      0x00000082         (0, 0, 1)      [1] [NE]
    716     0x0001F400       0xFFFFFF80      0x00010000         (0, 1, 14)      [10] []
    717     0x00008E80       0xFFFFFF80      0x00040000         (0, 0, 1)      [12] []
    718     0x00007300       0xFFFFFF80      0x00000001         (0, 0, 14)      [] [E]
    719     0x0001CF00       0xFFFFFF80      0x00020000         (0, 1, 9)      [11] []
    720     0x00012900       0xFFFFFF80      0x00000008         (0, 1, 5)      [] [W]
    721     0x00009480       0xFFFFFF80      0x00000002         (0, 0, 2)      [] [NE]
    722     0x00009600       0xFFFFFF80      0x00000002         (0, 0, 2)      [] [NE]
    723     0x00007A80       0xFFFFFF80      0x00000101         (0, 0, 15)      [2] [E]
    724     0x0001CE80       0xFFFFFF80      0x00010000         (0, 1, 9)      [10] []
    725     0x00006800       0xFFFFFF80      0x00000001         (0, 0, 13)      [] [E]
    726     0x00008100       0xFFFFFF80      0x00200000         (0, 0, 0)      [15] []
    727     0x00010F80       0xFFFFFF80      0x00000010         (0, 1, 1)      [] [SW]
    728     0x00001A00       0xFFFFFF80      0x00000001         (0, 0, 3)      [] [E]
    729     0x0000F980       0xFFFFFF80      0x00600020         (0, 0, 15)      [16, 15] [S]
    730     0x00024D80       0xFFFFFF80      0x00020002         (0, 2, 9)      [11] [NE]
    731     0x0001EC80       0xFFFFFF80      0x00004000         (0, 1, 13)      [8] []
    732     0x00011F80       0xFFFFFF80      0x00000108         (0, 1, 3)      [2] [W]
    733     0x00016780       0xFFFFFF80      0x00000118         (0, 1, 12)      [2] [W, SW]
    734     0x00024180       0xFFFFFF80      0x0000000E         (0, 2, 8)      [] [NE, N, W]
    735     0x00004980       0xFFFFFF80      0x00000001         (0, 0, 9)      [] [E]
    736     0x0000A100       0xFFFFFF80      0x00000001         (0, 0, 4)      [] [E]
    737     0x00015C00       0xFFFFFF80      0x00001000         (0, 1, 11)      [6] []
    738     0x0001AC80       0xFFFFFF80      0x00000001         (0, 1, 5)      [] [E]
    739     0x00024100       0xFFFFFF80      0x0040000E         (0, 2, 8)      [16] [NE, N, W]
    740     0x0000B800       0xFFFFFF80      0x00000821         (0, 0, 7)      [5] [E, S]
    741     0x0000C100       0xFFFFFF80      0x00000021         (0, 0, 8)      [] [E, S]
    742     0x00000B00       0xFFFFFF80      0x00000001         (0, 0, 1)      [] [E]
    743     0x0000BF00       0xFFFFFF80      0x00000021         (0, 0, 7)      [] [E, S]
    744     0x00019900       0xFFFFFF80      0x00000200         (0, 1, 3)      [3] []
    745     0x00016B00       0xFFFFFF80      0x00008000         (0, 1, 13)      [9] []
    746     0x0000EF80       0xFFFFFF80      0x007C0030         (0, 0, 13)      [16, 12, 13, 14, 15] [SW, S]
    747     0x00007800       0xFFFFFF80      0x00000001         (0, 0, 15)      [] [E]
    748     0x00009800       0xFFFFFF80      0x00000082         (0, 0, 3)      [1] [NE]
    749     0x00010100       0xFFFFFF80      0x000000A0         (0, 1, 0)      [1] [S]
    750     0x0000E900       0xFFFFFF80      0x007C003C         (0, 0, 13)      [16, 12, 13, 14, 15] [N, W, SW, S]
    751     0x0001AF80       0xFFFFFF80      0x00000800         (0, 1, 5)      [5] []
    752     0x00041B00       0xFFFFFF00      0x00000800         (0, 4, 3)      [5] []
    753     0x0001E480       0xFFFFFF80      0x00001000         (0, 1, 12)      [6] []
    754     0x00015E00       0xFFFFFF80      0x00010000         (0, 1, 11)      [10] []
    755     0x00017200       0xFFFFFF80      0x00000008         (0, 1, 14)      [] [W]
    756     0x00003700       0xFFFFFF80      0x00000001         (0, 0, 6)      [] [E]
    757     0x0000E600       0xFFFFFF80      0x0003FFBF         (0, 0, 12)      [1, 2, 3, 4, 5, 6, 7, 8, 9, 10, 11] [E, NE, N, W, SW, S]
    758     0x0000FB80       0xFFFFFF80      0x00000020         (0, 0, 15)      [] [S]
    759     0x0001AC00       0xFFFFFF80      0x00000001         (0, 1, 5)      [] [E]
    760     0x0000EF00       0xFFFFFF80      0x007C0030         (0, 0, 13)      [16, 12, 13, 14, 15] [SW, S]
    761     0x00014680       0xFFFFFF80      0x00000030         (0, 1, 8)      [] [SW, S]
    762     0x00005380       0xFFFFFF80      0x00100000         (0, 0, 10)      [14] []
    763     0x00019480       0xFFFFFF80      0x00000001         (0, 1, 2)      [] [E]
    764     0x00006A80       0xFFFFFF80      0x00000001         (0, 0, 13)      [] [E]
    765     0x00018E80       0xFFFFFF80      0x00000820         (0, 1, 1)      [5] [S]
    766     0x00018300       0xFFFFFF80      0x00001020         (0, 1, 0)      [6] [S]
    767     0x00015680       0xFFFFFF80      0x00000020         (0, 1, 10)      [] [S]
    768     0x00018280       0xFFFFFF80      0x00000808         (0, 1, 0)      [5] [W]
    769     0x00015500       0xFFFFFF80      0x00000020         (0, 1, 10)      [] [S]
    770     0x0000D180       0xFFFFFF80      0x0000000E         (0, 0, 10)      [] [NE, N, W]
    771     0x00006580       0xFFFFFF80      0x00000001         (0, 0, 12)      [] [E]
    772     0x00014100       0xFFFFFF80      0x00008020         (0, 1, 8)      [9] [S]
    773     0x00010880       0xFFFFFF80      0x00400020         (0, 1, 1)      [16] [S]
    774     0x0000FF80       0xFFFFFF80      0x00000020         (0, 0, 15)      [] [S]
    775     0x00007700       0xFFFFFF80      0x00000001         (0, 0, 14)      [] [E]
    776     0x00002700       0xFFFFFF80      0x00200000         (0, 0, 4)      [15] []
    777     0x00013C80       0xFFFFFF80      0x00000010         (0, 1, 7)      [] [SW]
    778     0x0000CC00       0xFFFFFF80      0x0020000C         (0, 0, 9)      [15] [N, W]
    779     0x0000ED80       0xFFFFFF80      0x007C0030         (0, 0, 13)      [16, 12, 13, 14, 15] [SW, S]
    780     0x00002880       0xFFFFFF80      0x00000002         (0, 0, 5)      [] [NE]
    781     0x00009A00       0xFFFFFF80      0x00000802         (0, 0, 3)      [5] [NE]
    782     0x00010D80       0xFFFFFF80      0x00000010         (0, 1, 1)      [] [SW]
    783     0x00021400       0xFFFFFF80      0x00020000         (0, 2, 2)      [11] []
    784     0x00024880       0xFFFFFF80      0x00000082         (0, 2, 9)      [1] [NE]
    785     0x00020300       0xFFFFFF80      0x00002000         (0, 2, 0)      [7] []
    786     0x00001C00       0xFFFFFF80      0x00000001         (0, 0, 3)      [] [E]
    787     0x0001B080       0xFFFFFF80      0x00002000         (0, 1, 6)      [7] []
    788     0x0001F480       0xFFFFFF80      0x00020000         (0, 1, 14)      [11] []
    789     0x00024000       0xFFFFFF80      0x0010000E         (0, 2, 8)      [14] [NE, N, W]
    790     0x00023F80       0xFFFFFF80      0x0008000C         (0, 2, 7)      [13] [N, W]
    791     0x00005880       0xFFFFFF80      0x00000002         (0, 0, 11)      [] [NE]
    792     0x0001F380       0xFFFFFF80      0x00008000         (0, 1, 14)      [9] []
    793     0x00011E80       0xFFFFFF80      0x00000008         (0, 1, 3)      [] [W]
    794     0x00024480       0xFFFFFF80      0x0000000E         (0, 2, 8)      [] [NE, N, W]
    795     0x00003D80       0xFFFFFF80      0x00000001         (0, 0, 7)      [] [E]
    796     0x00010000       0xFFFFFF80      0x00000020         (0, 1, 0)      [] [S]
    797     0x00024B80       0xFFFFFF80      0x00002002         (0, 2, 9)      [7] [NE]
    798     0x00016A80       0xFFFFFF80      0x00004008         (0, 1, 13)      [8] [W]
    799     0x0001C600       0xFFFFFF80      0x00020000         (0, 1, 8)      [11] []
    800     0x0001A580       0xFFFFFF80      0x00001000         (0, 1, 4)      [6] []
    801     0x0001C280       0xFFFFFF80      0x00000400         (0, 1, 8)      [4] []
    802     0x00020480       0xFFFFFF80      0x00010000         (0, 2, 0)      [10] []
    803     0x0000B080       0xFFFFFF80      0x00000021         (0, 0, 6)      [] [E, S]
    804     0x00017900       0xFFFFFF80      0x00020000         (0, 1, 15)      [11] []
    805     0x00016900       0xFFFFFF80      0x00000818         (0, 1, 13)      [5] [W, SW]
    806     0x00007380       0xFFFFFF80      0x00000001         (0, 0, 14)      [] [E]
    807     0x00018F80       0xFFFFFF80      0x00002020         (0, 1, 1)      [7] [S]
    808     0x00012300       0xFFFFFF80      0x00008008         (0, 1, 4)      [9] [W]
    809     0x0000AE00       0xFFFFFF80      0x00200021         (0, 0, 5)      [15] [E, S]
    810     0x00023B80       0xFFFFFF80      0x00000010         (0, 2, 7)      [] [SW]
    811     0x00006C00       0xFFFFFF80      0x00000201         (0, 0, 13)      [3] [E]
    812     0x0001E580       0xFFFFFF80      0x00004000         (0, 1, 12)      [8] []
    813     0x00004B80       0xFFFFFF80      0x00000001         (0, 0, 9)      [] [E]
    814     0x00004C00       0xFFFFFF80      0x00000002         (0, 0, 9)      [] [NE]
    815     0x00007F80       0xFFFFFF80      0x00040000         (0, 0, 15)      [12] []
    816     0x00013480       0xFFFFFF80      0x00000010         (0, 1, 6)      [] [SW]
    817     0x00008480       0xFFFFFF80      0x00000001         (0, 0, 0)      [] [E]
    818     0x00006280       0xFFFFFF80      0x00100000         (0, 0, 12)      [14] []
    819     0x0000CF00       0xFFFFFF80      0x0000000E         (0, 0, 9)      [] [NE, N, W]
    820     0x00011A80       0xFFFFFF80      0x00000008         (0, 1, 3)      [] [W]
    821     0x00004A80       0xFFFFFF80      0x00000001         (0, 0, 9)      [] [E]
    822     0x00014880       0xFFFFFF80      0x00000020         (0, 1, 9)      [] [S]
    823     0x00019100       0xFFFFFF80      0x00010020         (0, 1, 2)      [10] [S]
    824     0x0000BA80       0xFFFFFF80      0x00000020         (0, 0, 7)      [] [S]
    825     0x00002580       0xFFFFFF80      0x00040000         (0, 0, 4)      [12] []
    826     0x0001B880       0xFFFFFF80      0x00000200         (0, 1, 7)      [3] []
    827     0x00000D00       0xFFFFFF80      0x00000003         (0, 0, 1)      [] [E, NE]
    828     0x00017400       0xFFFFFF80      0x00000088         (0, 1, 14)      [1] [W]
    829     0x0000A300       0xFFFFFF80      0x00000003         (0, 0, 4)      [] [E, NE]
    830     0x00009700       0xFFFFFF80      0x00000002         (0, 0, 2)      [] [NE]
    831     0x00019A00       0xFFFFFF80      0x00000800         (0, 1, 3)      [5] []
    832     0x00010900       0xFFFFFF80      0x00000020         (0, 1, 1)      [] [S]
    833     0x0000CE00       0xFFFFFF80      0x0000000C         (0, 0, 9)      [] [N, W]
    834     0x00011100       0xFFFFFF80      0x00000200         (0, 1, 2)      [3] []
    835     0x00024380       0xFFFFFF80      0x0000000E         (0, 2, 8)      [] [NE, N, W]
    836     0x00003B00       0xFFFFFF80      0x00000001         (0, 0, 7)      [] [E]
    837     0x00023D00       0xFFFFFF80      0x00000008         (0, 2, 7)      [] [W]
    838     0x0001F180       0xFFFFFF80      0x00000800         (0, 1, 14)      [5] []
    839     0x00007600       0xFFFFFF80      0x00000001         (0, 0, 14)      [] [E]
    840     0x0000EC00       0xFFFFFF80      0x007C0030         (0, 0, 13)      [16, 12, 13, 14, 15] [SW, S]
    841     0x0001DB80       0xFFFFFF80      0x00000200         (0, 1, 11)      [3] []
    842     0x00006980       0xFFFFFF80      0x00000001         (0, 0, 13)      [] [E]
    843     0x00018100       0xFFFFFF80      0x00000108         (0, 1, 0)      [2] [W]
    844     0x0001A800       0xFFFFFF80      0x00020000         (0, 1, 5)      [11] []
    845     0x00017C00       0xFFFFFF80      0x00000008         (0, 1, 15)      [] [W]
    846     0x00001B00       0xFFFFFF80      0x00000001         (0, 0, 3)      [] [E]
    847     0x00000A80       0xFFFFFF80      0x00000003         (0, 0, 1)      [] [E, NE]
    848     0x00006B00       0xFFFFFF80      0x00000081         (0, 0, 13)      [1] [E]
    849     0x00013580       0xFFFFFF80      0x00000010         (0, 1, 6)      [] [SW]
    850     0x00008F00       0xFFFFFF80      0x00080000         (0, 0, 1)      [13] []
    851     0x00010A80       0xFFFFFF80      0x00000020         (0, 1, 1)      [] [S]
    852     0x00005500       0xFFFFFF80      0x00000002         (0, 0, 10)      [] [NE]
    853     0x00011480       0xFFFFFF80      0x00010000         (0, 1, 2)      [10] []
    854     0x0001F280       0xFFFFFF80      0x00002000         (0, 1, 14)      [7] []
    855     0x00014800       0xFFFFFF80      0x00000020         (0, 1, 9)      [] [S]
    856     0x0001DF00       0xFFFFFF80      0x00010000         (0, 1, 11)      [10] []
    857     0x0001AD80       0xFFFFFF80      0x00000080         (0, 1, 5)      [1] []
    858     0x00014A00       0xFFFFFF80      0x00000020         (0, 1, 9)      [] [S]
    859     0x00010080       0xFFFFFF80      0x00000020         (0, 1, 0)      [] [S]
    860     0x0000DD80       0xFFFFFF80      0x0003FF8E         (0, 0, 11)      [1, 2, 3, 4, 5, 6, 7, 8, 9, 10, 11] [NE, N, W]
    861     0x00016700       0xFFFFFF80      0x00000098         (0, 1, 12)      [1] [W, SW]
    862     0x0000AE80       0xFFFFFF80      0x00400021         (0, 0, 5)      [16] [E, S]
    863     0x0001AE00       0xFFFFFF80      0x00000100         (0, 1, 5)      [2] []
    864     0x00018380       0xFFFFFF80      0x00002020         (0, 1, 0)      [7] [S]
    865     0x0000B500       0xFFFFFF80      0x00000021         (0, 0, 6)      [] [E, S]
    866     0x00019080       0xFFFFFF80      0x00008020         (0, 1, 2)      [9] [S]
    867     0x0000B600       0xFFFFFF80      0x000000A1         (0, 0, 6)      [1] [E, S]
    868     0x00016980       0xFFFFFF80      0x00001008         (0, 1, 13)      [6] [W]
    869     0x0001FE00       0xFFFFFF80      0x00002000         (0, 1, 15)      [7] []
    870     0x0001A600       0xFFFFFF80      0x00002000         (0, 1, 4)      [7] []
    871     0x00015B00       0xFFFFFF80      0x00000400         (0, 1, 11)      [4] []
    872     0x0001D500       0xFFFFFF80      0x00001000         (0, 1, 10)      [6] []
    873     0x00012700       0xFFFFFF80      0x00000008         (0, 1, 4)      [] [W]
    874     0x00014600       0xFFFFFF80      0x00000030         (0, 1, 8)      [] [SW, S]
    875     0x0000CA00       0xFFFFFF80      0x00000008         (0, 0, 9)      [] [W]
    876     0x00042600       0xFFFFFF00      0x00400000         (0, 4, 4)      [16] []
    877     0x00006400       0xFFFFFF80      0x00000003         (0, 0, 12)      [] [E, NE]
    878     0x00016600       0xFFFFFF80      0x00000018         (0, 1, 12)      [] [W, SW]
