router contains 197 entries 
 
  Index   Key(hex)    Mask(hex)    Route(hex)    Src. Core -> [Cores][Links]
------------------------------------------------------------------------------
    0     0x00011500       0xFFFFFF80      0x00000008         (0, 1, 2)      [] [W]
    1     0x00061E00       0xFFFFFF00      0x00000004         (0, 6, 3)      [] [N]
    2     0x0000D600       0xFFFFFF80      0x00000008         (0, 0, 10)      [] [W]
    3     0x0000E200       0xFFFFFF80      0x00000008         (0, 0, 12)      [] [W]
    4     0x00008B00       0xFFFFFF80      0x00000008         (0, 0, 1)      [] [W]
    5     0x00019680       0xFFFFFF80      0x00000030         (0, 1, 2)      [] [SW, S]
    6     0x0000D480       0xFFFFFF80      0x00000008         (0, 0, 10)      [] [W]
    7     0x00062100       0xFFFFFF00      0x00000004         (0, 6, 4)      [] [N]
    8     0x0000D580       0xFFFFFF80      0x00000008         (0, 0, 10)      [] [W]
    9     0x00023A80       0xFFFFFF80      0x00000201         (0, 2, 7)      [3] [E]
    10     0x0000D800       0xFFFFFF80      0x00000008         (0, 0, 11)      [] [W]
    11     0x00005B00       0xFFFFFF80      0x00000008         (0, 0, 11)      [] [W]
    12     0x0001AD00       0xFFFFFF80      0x00000010         (0, 1, 5)      [] [SW]
    13     0x0000D880       0xFFFFFF80      0x00000008         (0, 0, 11)      [] [W]
    14     0x00024C00       0xFFFFFF80      0x00000008         (0, 2, 9)      [] [W]
    15     0x0002D200       0xFFFFFF00      0x00000004         (0, 2, 10)      [] [N]
    16     0x00022800       0xFFFFFF80      0x00000001         (0, 2, 5)      [] [E]
    17     0x0000E180       0xFFFFFF80      0x00000008         (0, 0, 12)      [] [W]
    18     0x00024C80       0xFFFFFF80      0x00000008         (0, 2, 9)      [] [W]
    19     0x00027400       0xFFFFFF00      0x00000004         (0, 2, 14)      [] [N]
    20     0x00019D00       0xFFFFFF80      0x00000030         (0, 1, 3)      [] [SW, S]
    21     0x0000A700       0xFFFFFF80      0x00000008         (0, 0, 4)      [] [W]
    22     0x0001A080       0xFFFFFF80      0x00000030         (0, 1, 4)      [] [SW, S]
    23     0x00024100       0xFFFFFF80      0x00400000         (0, 2, 8)      [16] []
    24     0x0001A400       0xFFFFFF80      0x00000030         (0, 1, 4)      [] [SW, S]
    25     0x00009800       0xFFFFFF80      0x00000008         (0, 0, 3)      [] [W]
    26     0x00008A80       0xFFFFFF80      0x00000008         (0, 0, 1)      [] [W]
    27     0x00062200       0xFFFFFF00      0x00000008         (0, 6, 4)      [] [W]
    28     0x00005A80       0xFFFFFF80      0x00000008         (0, 0, 11)      [] [W]
    29     0x00027500       0xFFFFFF00      0x00000004         (0, 2, 14)      [] [N]
    30     0x00023E00       0xFFFFFF80      0x00010000         (0, 2, 7)      [10] []
    31     0x00024080       0xFFFFFF80      0x00200000         (0, 2, 8)      [15] []
    32     0x00021F00       0xFFFFFF80      0x00FFFF80         (0, 2, 3)      [1, 2, 3, 4, 5, 6, 7, 8, 9, 10, 11, 12, 13, 14, 15, 16, 17] []
    33     0x00024780       0xFFFFFF80      0x00000008         (0, 2, 8)      [] [W]
    34     0x0000D300       0xFFFFFF80      0x00000008         (0, 0, 10)      [] [W]
    35     0x00019D80       0xFFFFFF80      0x00000030         (0, 1, 3)      [] [SW, S]
    36     0x00023D00       0xFFFFFF80      0x00004000         (0, 2, 7)      [8] []
    37     0x00019C80       0xFFFFFF80      0x00000030         (0, 1, 3)      [] [SW, S]
    38     0x00008800       0xFFFFFF80      0x00000008         (0, 0, 1)      [] [W]
    39     0x00019600       0xFFFFFF80      0x00000030         (0, 1, 2)      [] [SW, S]
    40     0x00009780       0xFFFFFF80      0x00000008         (0, 0, 2)      [] [W]
    41     0x0001A380       0xFFFFFF80      0x00000030         (0, 1, 4)      [] [SW, S]
    42     0x0002D500       0xFFFFFF00      0x00000004         (0, 2, 10)      [] [N]
    43     0x00062600       0xFFFFFF00      0x00000008         (0, 6, 4)      [] [W]
    44     0x0002C900       0xFFFFFF00      0x00000004         (0, 2, 9)      [] [N]
    45     0x00019980       0xFFFFFF80      0x00000030         (0, 1, 3)      [] [SW, S]
    46     0x00008980       0xFFFFFF80      0x00000008         (0, 0, 1)      [] [W]
    47     0x00001A80       0xFFFFFF80      0x00000010         (0, 0, 3)      [] [SW]
    48     0x00022780       0xFFFFFF80      0x00000021         (0, 2, 4)      [] [E, S]
    49     0x00008880       0xFFFFFF80      0x00000008         (0, 0, 1)      [] [W]
    50     0x0001A100       0xFFFFFF80      0x00000030         (0, 1, 4)      [] [SW, S]
    51     0x0001AC00       0xFFFFFF80      0x00000010         (0, 1, 5)      [] [SW]
    52     0x00009700       0xFFFFFF80      0x00000008         (0, 0, 2)      [] [W]
    53     0x00000E00       0xFFFFFF80      0x00000010         (0, 0, 1)      [] [SW]
    54     0x00019B00       0xFFFFFF80      0x00000010         (0, 1, 3)      [] [SW]
    55     0x00027800       0xFFFFFF00      0x00000004         (0, 2, 15)      [] [N]
    56     0x0000A680       0xFFFFFF80      0x00000008         (0, 0, 4)      [] [W]
    57     0x00001D80       0xFFFFFF80      0x00000010         (0, 0, 3)      [] [SW]
    58     0x00062700       0xFFFFFF00      0x00000008         (0, 6, 4)      [] [W]
    59     0x0002CC00       0xFFFFFF00      0x00000004         (0, 2, 9)      [] [N]
    60     0x0002C700       0xFFFFFF00      0x00000004         (0, 2, 8)      [] [N]
    61     0x0002CF00       0xFFFFFF00      0x00000004         (0, 2, 9)      [] [N]
    62     0x00022280       0xFFFFFF80      0x00000020         (0, 2, 4)      [] [S]
    63     0x00024900       0xFFFFFF80      0x00000008         (0, 2, 9)      [] [W]
    64     0x00008780       0xFFFFFF80      0x00000008         (0, 0, 0)      [] [W]
    65     0x00024A80       0xFFFFFF80      0x00000008         (0, 2, 9)      [] [W]
    66     0x00019880       0xFFFFFF80      0x00000030         (0, 1, 3)      [] [SW, S]
    67     0x00062800       0xFFFFFF00      0x00000008         (0, 6, 5)      [] [W]
    68     0x0001A300       0xFFFFFF80      0x00000030         (0, 1, 4)      [] [SW, S]
    69     0x00000C80       0xFFFFFF80      0x00000010         (0, 0, 1)      [] [SW]
    70     0x0002C800       0xFFFFFF00      0x00000004         (0, 2, 9)      [] [N]
    71     0x00023900       0xFFFFFF80      0x00000001         (0, 2, 7)      [] [E]
    72     0x00011580       0xFFFFFF80      0x00000008         (0, 1, 2)      [] [W]
    73     0x00009980       0xFFFFFF80      0x00000008         (0, 0, 3)      [] [W]
    74     0x00062900       0xFFFFFF00      0x00000008         (0, 6, 5)      [] [W]
    75     0x0002D000       0xFFFFFF00      0x00000004         (0, 2, 10)      [] [N]
    76     0x00019400       0xFFFFFF80      0x00000030         (0, 1, 2)      [] [SW, S]
    77     0x00001E80       0xFFFFFF80      0x00000010         (0, 0, 3)      [] [SW]
    78     0x00009680       0xFFFFFF80      0x00000008         (0, 0, 2)      [] [W]
    79     0x00019800       0xFFFFFF80      0x00000030         (0, 1, 3)      [] [SW, S]
    80     0x0000A600       0xFFFFFF80      0x00000008         (0, 0, 4)      [] [W]
    81     0x00005B80       0xFFFFFF80      0x00000008         (0, 0, 11)      [] [W]
    82     0x0000D400       0xFFFFFF80      0x00000008         (0, 0, 10)      [] [W]
    83     0x00009900       0xFFFFFF80      0x00000008         (0, 0, 3)      [] [W]
    84     0x00002E00       0xFFFFFF80      0x00000008         (0, 0, 5)      [] [W]
    85     0x00027B00       0xFFFFFF00      0x00000004         (0, 2, 15)      [] [N]
    86     0x00023A00       0xFFFFFF80      0x00000101         (0, 2, 7)      [2] [E]
    87     0x00024700       0xFFFFFF80      0x00000008         (0, 2, 8)      [] [W]
    88     0x00001E00       0xFFFFFF80      0x00000010         (0, 0, 3)      [] [SW]
    89     0x0001A500       0xFFFFFF80      0x00000010         (0, 1, 4)      [] [SW]
    90     0x0002D300       0xFFFFFF00      0x00000004         (0, 2, 10)      [] [N]
    91     0x00019A80       0xFFFFFF80      0x00000010         (0, 1, 3)      [] [SW]
    92     0x00008900       0xFFFFFF80      0x00000008         (0, 0, 1)      [] [W]
    93     0x00019700       0xFFFFFF80      0x00000030         (0, 1, 2)      [] [SW, S]
    94     0x00019E80       0xFFFFFF80      0x00000030         (0, 1, 3)      [] [SW, S]
    95     0x0000D700       0xFFFFFF80      0x00000008         (0, 0, 10)      [] [W]
    96     0x00023E80       0xFFFFFF80      0x00020000         (0, 2, 7)      [11] []
    97     0x00001B00       0xFFFFFF80      0x00000010         (0, 0, 3)      [] [SW]
    98     0x00008A00       0xFFFFFF80      0x00000008         (0, 0, 1)      [] [W]
    99     0x00009880       0xFFFFFF80      0x00000008         (0, 0, 3)      [] [W]
    100     0x00061B00       0xFFFFFF00      0x00000004         (0, 6, 3)      [] [N]
    101     0x0000D780       0xFFFFFF80      0x00000008         (0, 0, 10)      [] [W]
    102     0x0001A200       0xFFFFFF80      0x00000030         (0, 1, 4)      [] [SW, S]
    103     0x0002CA00       0xFFFFFF00      0x00000004         (0, 2, 9)      [] [N]
    104     0x00002D80       0xFFFFFF80      0x00000008         (0, 0, 5)      [] [W]
    105     0x0001AA80       0xFFFFFF80      0x00000010         (0, 1, 5)      [] [SW]
    106     0x00000F00       0xFFFFFF80      0x00000010         (0, 0, 1)      [] [SW]
    107     0x00019C00       0xFFFFFF80      0x00000010         (0, 1, 3)      [] [SW]
    108     0x00000C00       0xFFFFFF80      0x00000010         (0, 0, 1)      [] [SW]
    109     0x0001A480       0xFFFFFF80      0x00000030         (0, 1, 4)      [] [SW, S]
    110     0x00001D00       0xFFFFFF80      0x00000010         (0, 0, 3)      [] [SW]
    111     0x0001A280       0xFFFFFF80      0x00000030         (0, 1, 4)      [] [SW, S]
    112     0x0002CD00       0xFFFFFF00      0x00000004         (0, 2, 9)      [] [N]
    113     0x00019580       0xFFFFFF80      0x00000030         (0, 1, 2)      [] [SW, S]
    114     0x00028200       0xFFFFFF00      0x00000004         (0, 2, 0)      [] [N]
    115     0x0000A580       0xFFFFFF80      0x00000008         (0, 0, 4)      [] [W]
    116     0x0002D600       0xFFFFFF00      0x00000004         (0, 2, 10)      [] [N]
    117     0x00062400       0xFFFFFF00      0x00000008         (0, 6, 4)      [] [W]
    118     0x00024D80       0xFFFFFF80      0x00000008         (0, 2, 9)      [] [W]
    119     0x00022080       0xFFFFFF80      0x00000020         (0, 2, 4)      [] [S]
    120     0x0001AB80       0xFFFFFF80      0x00000010         (0, 1, 5)      [] [SW]
    121     0x00019500       0xFFFFFF80      0x00000030         (0, 1, 2)      [] [SW, S]
    122     0x00023C00       0xFFFFFF80      0x00001001         (0, 2, 7)      [6] [E]
    123     0x00024800       0xFFFFFF80      0x00000008         (0, 2, 9)      [] [W]
    124     0x00001C80       0xFFFFFF80      0x00000010         (0, 0, 3)      [] [SW]
    125     0x00000E80       0xFFFFFF80      0x00000010         (0, 0, 1)      [] [SW]
    126     0x00024880       0xFFFFFF80      0x00000008         (0, 2, 9)      [] [W]
    127     0x00023C80       0xFFFFFF80      0x00002001         (0, 2, 7)      [7] [E]
    128     0x00027300       0xFFFFFF00      0x00000004         (0, 2, 14)      [] [N]
    129     0x00061D00       0xFFFFFF00      0x00000004         (0, 6, 3)      [] [N]
    130     0x00023F00       0xFFFFFF80      0x00040000         (0, 2, 7)      [12] []
    131     0x00019780       0xFFFFFF80      0x00000030         (0, 1, 2)      [] [SW, S]
    132     0x00023880       0xFFFFFF80      0x00000001         (0, 2, 7)      [] [E]
    133     0x00019A00       0xFFFFFF80      0x00000030         (0, 1, 3)      [] [SW, S]
    134     0x0002D100       0xFFFFFF00      0x00000004         (0, 2, 10)      [] [N]
    135     0x00019480       0xFFFFFF80      0x00000030         (0, 1, 2)      [] [SW, S]
    136     0x00023980       0xFFFFFF80      0x00000081         (0, 2, 7)      [1] [E]
    137     0x00062000       0xFFFFFF00      0x00000004         (0, 6, 4)      [] [N]
    138     0x00019B80       0xFFFFFF80      0x00000010         (0, 1, 3)      [] [SW]
    139     0x00062300       0xFFFFFF00      0x00000008         (0, 6, 4)      [] [W]
    140     0x00000D00       0xFFFFFF80      0x00000010         (0, 0, 1)      [] [SW]
    141     0x00023B80       0xFFFFFF80      0x00000801         (0, 2, 7)      [5] [E]
    142     0x00023B00       0xFFFFFF80      0x00000401         (0, 2, 7)      [4] [E]
    143     0x00001C00       0xFFFFFF80      0x00000010         (0, 0, 3)      [] [SW]
    144     0x00027C00       0xFFFFFF00      0x00000004         (0, 2, 15)      [] [N]
    145     0x0000E280       0xFFFFFF80      0x00000008         (0, 0, 12)      [] [W]
    146     0x0000D280       0xFFFFFF80      0x00000008         (0, 0, 10)      [] [W]
    147     0x00019F00       0xFFFFFF80      0x00000030         (0, 1, 3)      [] [SW, S]
    148     0x0001A000       0xFFFFFF80      0x00000030         (0, 1, 4)      [] [SW, S]
    149     0x00005C80       0xFFFFFF80      0x00000008         (0, 0, 11)      [] [W]
    150     0x00024180       0xFFFFFF80      0x00800000         (0, 2, 8)      [17] []
    151     0x00024B80       0xFFFFFF80      0x00000008         (0, 2, 9)      [] [W]
    152     0x00023F80       0xFFFFFF80      0x00080000         (0, 2, 7)      [13] []
    153     0x0002D400       0xFFFFFF00      0x00000004         (0, 2, 10)      [] [N]
    154     0x00061F00       0xFFFFFF00      0x00000004         (0, 6, 3)      [] [N]
    155     0x00027D00       0xFFFFFF00      0x00000004         (0, 2, 15)      [] [N]
    156     0x00009A80       0xFFFFFF80      0x00000008         (0, 0, 3)      [] [W]
    157     0x00024000       0xFFFFFF80      0x00100000         (0, 2, 8)      [14] []
    158     0x00019900       0xFFFFFF80      0x00000030         (0, 1, 3)      [] [SW, S]
    159     0x00000B80       0xFFFFFF80      0x00000010         (0, 0, 1)      [] [SW]
    160     0x0000D380       0xFFFFFF80      0x00000008         (0, 0, 10)      [] [W]
    161     0x00024980       0xFFFFFF80      0x00000008         (0, 2, 9)      [] [W]
    162     0x0002CB00       0xFFFFFF00      0x00000004         (0, 2, 9)      [] [N]
    163     0x0001AB00       0xFFFFFF80      0x00000010         (0, 1, 5)      [] [SW]
    164     0x00024B00       0xFFFFFF80      0x00000008         (0, 2, 9)      [] [W]
    165     0x00005C00       0xFFFFFF80      0x00000008         (0, 0, 11)      [] [W]
    166     0x00019F80       0xFFFFFF80      0x00000030         (0, 1, 3)      [] [SW, S]
    167     0x00009A00       0xFFFFFF80      0x00000008         (0, 0, 3)      [] [W]
    168     0x00027A00       0xFFFFFF00      0x00000004         (0, 2, 15)      [] [N]
    169     0x00004D00       0xFFFFFF80      0x00000008         (0, 0, 9)      [] [W]
    170     0x00001B80       0xFFFFFF80      0x00000010         (0, 0, 3)      [] [SW]
    171     0x00023D80       0xFFFFFF80      0x00008000         (0, 2, 7)      [9] []
    172     0x00022000       0xFFFFFF80      0x00000020         (0, 2, 4)      [] [S]
    173     0x00061C00       0xFFFFFF00      0x00000004         (0, 6, 3)      [] [N]
    174     0x0001AC80       0xFFFFFF80      0x00000010         (0, 1, 5)      [] [SW]
    175     0x00019E00       0xFFFFFF80      0x00000030         (0, 1, 3)      [] [SW, S]
    176     0x0000D500       0xFFFFFF80      0x00000008         (0, 0, 10)      [] [W]
    177     0x00004C80       0xFFFFFF80      0x00000008         (0, 0, 9)      [] [W]
    178     0x00000D80       0xFFFFFF80      0x00000010         (0, 0, 1)      [] [SW]
    179     0x00027900       0xFFFFFF00      0x00000004         (0, 2, 15)      [] [N]
    180     0x00028000       0xFFFFFF00      0x00000004         (0, 2, 0)      [] [N]
    181     0x00062A00       0xFFFFFF00      0x00000008         (0, 6, 5)      [] [W]
    182     0x00028300       0xFFFFFF00      0x00000004         (0, 2, 0)      [] [N]
    183     0x00062500       0xFFFFFF00      0x00000008         (0, 6, 4)      [] [W]
    184     0x00061A00       0xFFFFFF00      0x00000004         (0, 6, 3)      [] [N]
    185     0x00004C00       0xFFFFFF80      0x00000008         (0, 0, 9)      [] [W]
    186     0x00024D00       0xFFFFFF80      0x00000008         (0, 2, 9)      [] [W]
    187     0x00027600       0xFFFFFF00      0x00000004         (0, 2, 14)      [] [N]
    188     0x0001A180       0xFFFFFF80      0x00000030         (0, 1, 4)      [] [SW, S]
    189     0x0000A780       0xFFFFFF80      0x00000008         (0, 0, 4)      [] [W]
    190     0x00027700       0xFFFFFF00      0x00000004         (0, 2, 14)      [] [N]
    191     0x00028100       0xFFFFFF00      0x00000004         (0, 2, 0)      [] [N]
    192     0x00027F00       0xFFFFFF00      0x00000004         (0, 2, 15)      [] [N]
    193     0x0002CE00       0xFFFFFF00      0x00000004         (0, 2, 9)      [] [N]
    194     0x00027E00       0xFFFFFF00      0x00000004         (0, 2, 15)      [] [N]
    195     0x0000D680       0xFFFFFF80      0x00000008         (0, 0, 10)      [] [W]
    196     0x00024A00       0xFFFFFF80      0x00000008         (0, 2, 9)      [] [W]
