router contains 458 entries 
 
  Index   Key(hex)    Mask(hex)    Route(hex)    Src. Core -> [Cores][Links]
------------------------------------------------------------------------------
    0     0x0001B200       0xFFFFFF80      0x00000010         (0, 1, 6)      [] [SW]
    1     0x00018400       0xFFFFFF80      0x00000001         (0, 1, 0)      [] [E]
    2     0x00018100       0xFFFFFF80      0x00000002         (0, 1, 0)      [] [NE]
    3     0x0001DE80       0xFFFFFF80      0x00000010         (0, 1, 11)      [] [SW]
    4     0x00015F00       0xFFFFFF80      0x00000003         (0, 1, 11)      [] [E, NE]
    5     0x0000B780       0xFFFFFF80      0x00000001         (0, 0, 6)      [] [E]
    6     0x0001D580       0xFFFFFF80      0x00000010         (0, 1, 10)      [] [SW]
    7     0x0000A800       0xFFFFFF80      0x00000002         (0, 0, 5)      [] [NE]
    8     0x00011400       0xFFFFFF80      0x00000002         (0, 1, 2)      [] [NE]
    9     0x0000F180       0xFFFFFF80      0x00000002         (0, 0, 14)      [] [NE]
    10     0x0001E600       0xFFFFFF80      0x00000010         (0, 1, 12)      [] [SW]
    11     0x0001D100       0xFFFFFF80      0x00000010         (0, 1, 10)      [] [SW]
    12     0x00022580       0xFFFFFF80      0x00000020         (0, 2, 4)      [] [S]
    13     0x00018480       0xFFFFFF80      0x00000001         (0, 1, 0)      [] [E]
    14     0x00016780       0xFFFFFF80      0x00000002         (0, 1, 12)      [] [NE]
    15     0x00021700       0xFFFFFF80      0x00000010         (0, 2, 2)      [] [SW]
    16     0x00013280       0xFFFFFF80      0x00000002         (0, 1, 6)      [] [NE]
    17     0x00012100       0xFFFFFF80      0x00000002         (0, 1, 4)      [] [NE]
    18     0x0000F480       0xFFFFFF80      0x00000003         (0, 0, 14)      [] [E, NE]
    19     0x0001A600       0xFFFFFF80      0x00000010         (0, 1, 4)      [] [SW]
    20     0x00022D80       0xFFFFFF80      0x0000000E         (0, 2, 5)      [] [NE, N, W]
    21     0x00021D80       0xFFFFFF80      0x00000030         (0, 2, 3)      [] [SW, S]
    22     0x00019800       0xFFFFFF80      0x00000010         (0, 1, 3)      [] [SW]
    23     0x00013B00       0xFFFFFF80      0x00000002         (0, 1, 7)      [] [NE]
    24     0x0001D500       0xFFFFFF80      0x00000010         (0, 1, 10)      [] [SW]
    25     0x0001E080       0xFFFFFF80      0x00000010         (0, 1, 12)      [] [SW]
    26     0x00013980       0xFFFFFF80      0x00000002         (0, 1, 7)      [] [NE]
    27     0x00022600       0xFFFFFF80      0x00000030         (0, 2, 4)      [] [SW, S]
    28     0x0000E480       0xFFFFFF80      0x00000002         (0, 0, 12)      [] [NE]
    29     0x00013F80       0xFFFFFF80      0x00000003         (0, 1, 7)      [] [E, NE]
    30     0x0001AF00       0xFFFFFF80      0x00000010         (0, 1, 5)      [] [SW]
    31     0x00023880       0xFFFFFF80      0x00000002         (0, 2, 7)      [] [NE]
    32     0x0001DC00       0xFFFFFF80      0x00000010         (0, 1, 11)      [] [SW]
    33     0x00010480       0xFFFFFF80      0x00000001         (0, 1, 0)      [] [E]
    34     0x00020180       0xFFFFFF80      0x00000010         (0, 2, 0)      [] [SW]
    35     0x00015F80       0xFFFFFF80      0x00000003         (0, 1, 11)      [] [E, NE]
    36     0x00016400       0xFFFFFF80      0x00000002         (0, 1, 12)      [] [NE]
    37     0x00021B80       0xFFFFFF80      0x00000030         (0, 2, 3)      [] [SW, S]
    38     0x0001F000       0xFFFFFF80      0x00000010         (0, 1, 14)      [] [SW]
    39     0x0001CC00       0xFFFFFF80      0x00000010         (0, 1, 9)      [] [SW]
    40     0x00021900       0xFFFFFF80      0x00000030         (0, 2, 3)      [] [SW, S]
    41     0x00023380       0xFFFFFF80      0x00000014         (0, 2, 6)      [] [N, SW]
    42     0x00019B00       0xFFFFFF80      0x00000010         (0, 1, 3)      [] [SW]
    43     0x0001E400       0xFFFFFF80      0x00000010         (0, 1, 12)      [] [SW]
    44     0x00020380       0xFFFFFF80      0x00000010         (0, 2, 0)      [] [SW]
    45     0x0001A700       0xFFFFFF80      0x00000010         (0, 1, 4)      [] [SW]
    46     0x00022680       0xFFFFFF80      0x00000030         (0, 2, 4)      [] [SW, S]
    47     0x00019100       0xFFFFFF80      0x00000001         (0, 1, 2)      [] [E]
    48     0x0001AF80       0xFFFFFF80      0x00000010         (0, 1, 5)      [] [SW]
    49     0x00023900       0xFFFFFF80      0x00000002         (0, 2, 7)      [] [NE]
    50     0x00021A00       0xFFFFFF80      0x00000010         (0, 2, 3)      [] [SW]
    51     0x00012D00       0xFFFFFF80      0x00000002         (0, 1, 5)      [] [NE]
    52     0x00017480       0xFFFFFF80      0x00000002         (0, 1, 14)      [] [NE]
    53     0x00018280       0xFFFFFF80      0x00000002         (0, 1, 0)      [] [NE]
    54     0x0001D380       0xFFFFFF80      0x00000010         (0, 1, 10)      [] [SW]
    55     0x00013A00       0xFFFFFF80      0x00000002         (0, 1, 7)      [] [NE]
    56     0x00017B00       0xFFFFFF80      0x00000002         (0, 1, 15)      [] [NE]
    57     0x00017E80       0xFFFFFF80      0x00000002         (0, 1, 15)      [] [NE]
    58     0x0001EB80       0xFFFFFF80      0x00000010         (0, 1, 13)      [] [SW]
    59     0x0001D780       0xFFFFFF80      0x00000010         (0, 1, 10)      [] [SW]
    60     0x00012380       0xFFFFFF80      0x00000002         (0, 1, 4)      [] [NE]
    61     0x00017700       0xFFFFFF80      0x00000002         (0, 1, 14)      [] [NE]
    62     0x00014080       0xFFFFFF80      0x00000003         (0, 1, 8)      [] [E, NE]
    63     0x00014D00       0xFFFFFF80      0x00000001         (0, 1, 9)      [] [E]
    64     0x00021800       0xFFFFFF80      0x00000010         (0, 2, 3)      [] [SW]
    65     0x00020F00       0xFFFFFF80      0x00000010         (0, 2, 1)      [] [SW]
    66     0x00015D80       0xFFFFFF80      0x00000003         (0, 1, 11)      [] [E, NE]
    67     0x00021080       0xFFFFFF80      0x00000010         (0, 2, 2)      [] [SW]
    68     0x00016080       0xFFFFFF80      0x00000003         (0, 1, 12)      [] [E, NE]
    69     0x00018000       0xFFFFFF80      0x00000002         (0, 1, 0)      [] [NE]
    70     0x0001B180       0xFFFFFF80      0x00000010         (0, 1, 6)      [] [SW]
    71     0x0001B800       0xFFFFFF80      0x00000010         (0, 1, 7)      [] [SW]
    72     0x00020500       0xFFFFFF80      0x00000010         (0, 2, 0)      [] [SW]
    73     0x00022700       0xFFFFFF80      0x00000020         (0, 2, 4)      [] [S]
    74     0x0001CE00       0xFFFFFF80      0x00000010         (0, 1, 9)      [] [SW]
    75     0x00019000       0xFFFFFF80      0x00000001         (0, 1, 2)      [] [E]
    76     0x0001DB80       0xFFFFFF80      0x00000010         (0, 1, 11)      [] [SW]
    77     0x00019480       0xFFFFFF80      0x00000010         (0, 1, 2)      [] [SW]
    78     0x00020E00       0xFFFFFF80      0x00000010         (0, 2, 1)      [] [SW]
    79     0x00023500       0xFFFFFF80      0x00000004         (0, 2, 6)      [] [N]
    80     0x00012200       0xFFFFFF80      0x00000002         (0, 1, 4)      [] [NE]
    81     0x0000F080       0xFFFFFF80      0x00000002         (0, 0, 14)      [] [NE]
    82     0x00015880       0xFFFFFF80      0x00000002         (0, 1, 11)      [] [NE]
    83     0x00019A00       0xFFFFFF80      0x00000010         (0, 1, 3)      [] [SW]
    84     0x00011100       0xFFFFFF80      0x00000002         (0, 1, 2)      [] [NE]
    85     0x00019280       0xFFFFFF80      0x00000001         (0, 1, 2)      [] [E]
    86     0x0001D680       0xFFFFFF80      0x00000010         (0, 1, 10)      [] [SW]
    87     0x00017580       0xFFFFFF80      0x00000002         (0, 1, 14)      [] [NE]
    88     0x00019300       0xFFFFFF80      0x00000001         (0, 1, 2)      [] [E]
    89     0x0000F600       0xFFFFFF80      0x00000003         (0, 0, 14)      [] [E, NE]
    90     0x0001A900       0xFFFFFF80      0x00000010         (0, 1, 5)      [] [SW]
    91     0x0001A580       0xFFFFFF80      0x00000010         (0, 1, 4)      [] [SW]
    92     0x00012400       0xFFFFFF80      0x00000002         (0, 1, 4)      [] [NE]
    93     0x0001AE80       0xFFFFFF80      0x00000010         (0, 1, 5)      [] [SW]
    94     0x00020980       0xFFFFFF80      0x00000010         (0, 2, 1)      [] [SW]
    95     0x0000F200       0xFFFFFF80      0x00000002         (0, 0, 14)      [] [NE]
    96     0x00011280       0xFFFFFF80      0x00000002         (0, 1, 2)      [] [NE]
    97     0x0001B700       0xFFFFFF80      0x00000010         (0, 1, 6)      [] [SW]
    98     0x00015080       0xFFFFFF80      0x00000001         (0, 1, 10)      [] [E]
    99     0x00016600       0xFFFFFF80      0x00000002         (0, 1, 12)      [] [NE]
    100     0x0001C980       0xFFFFFF80      0x00000010         (0, 1, 9)      [] [SW]
    101     0x00014D80       0xFFFFFF80      0x00000001         (0, 1, 9)      [] [E]
    102     0x00014380       0xFFFFFF80      0x00000003         (0, 1, 8)      [] [E, NE]
    103     0x0001AA00       0xFFFFFF80      0x00000010         (0, 1, 5)      [] [SW]
    104     0x00012480       0xFFFFFF80      0x00000002         (0, 1, 4)      [] [NE]
    105     0x0001CB00       0xFFFFFF80      0x00000010         (0, 1, 9)      [] [SW]
    106     0x00014100       0xFFFFFF80      0x00000003         (0, 1, 8)      [] [E, NE]
    107     0x0000B800       0xFFFFFF80      0x00000001         (0, 0, 7)      [] [E]
    108     0x00011000       0xFFFFFF80      0x00000002         (0, 1, 2)      [] [NE]
    109     0x00022980       0xFFFFFF80      0x00000030         (0, 2, 5)      [] [SW, S]
    110     0x00021180       0xFFFFFF80      0x00000010         (0, 2, 2)      [] [SW]
    111     0x00023400       0xFFFFFF80      0x00000014         (0, 2, 6)      [] [N, SW]
    112     0x00018F00       0xFFFFFF80      0x00000001         (0, 1, 1)      [] [E]
    113     0x00023300       0xFFFFFF80      0x00000014         (0, 2, 6)      [] [N, SW]
    114     0x00015300       0xFFFFFF80      0x00000001         (0, 1, 10)      [] [E]
    115     0x0001D300       0xFFFFFF80      0x00000010         (0, 1, 10)      [] [SW]
    116     0x00022F80       0xFFFFFF80      0x00000005         (0, 2, 5)      [] [E, N]
    117     0x0001EC80       0xFFFFFF80      0x00000010         (0, 1, 13)      [] [SW]
    118     0x00022900       0xFFFFFF80      0x00000010         (0, 2, 5)      [] [SW]
    119     0x0000E680       0xFFFFFF80      0x00000002         (0, 0, 12)      [] [NE]
    120     0x00017B80       0xFFFFFF80      0x00000002         (0, 1, 15)      [] [NE]
    121     0x00015980       0xFFFFFF80      0x00000002         (0, 1, 11)      [] [NE]
    122     0x00022400       0xFFFFFF80      0x00000030         (0, 2, 4)      [] [SW, S]
    123     0x00016500       0xFFFFFF80      0x00000002         (0, 1, 12)      [] [NE]
    124     0x00023980       0xFFFFFF80      0x00000002         (0, 2, 7)      [] [NE]
    125     0x00015C80       0xFFFFFF80      0x00000003         (0, 1, 11)      [] [E, NE]
    126     0x0000F380       0xFFFFFF80      0x00000003         (0, 0, 14)      [] [E, NE]
    127     0x00021A80       0xFFFFFF80      0x00000010         (0, 2, 3)      [] [SW]
    128     0x00013200       0xFFFFFF80      0x00000002         (0, 1, 6)      [] [NE]
    129     0x00023B80       0xFFFFFF80      0x00000002         (0, 2, 7)      [] [NE]
    130     0x00016000       0xFFFFFF80      0x00000003         (0, 1, 12)      [] [E, NE]
    131     0x0001EE00       0xFFFFFF80      0x00000010         (0, 1, 13)      [] [SW]
    132     0x0000A980       0xFFFFFF80      0x00000002         (0, 0, 5)      [] [NE]
    133     0x00013380       0xFFFFFF80      0x00000002         (0, 1, 6)      [] [NE]
    134     0x00012500       0xFFFFFF80      0x00000002         (0, 1, 4)      [] [NE]
    135     0x00018380       0xFFFFFF80      0x00000001         (0, 1, 0)      [] [E]
    136     0x00017300       0xFFFFFF80      0x00000002         (0, 1, 14)      [] [NE]
    137     0x0001DE00       0xFFFFFF80      0x00000010         (0, 1, 11)      [] [SW]
    138     0x00018080       0xFFFFFF80      0x00000002         (0, 1, 0)      [] [NE]
    139     0x0001B900       0xFFFFFF80      0x00000010         (0, 1, 7)      [] [SW]
    140     0x00013E00       0xFFFFFF80      0x00000002         (0, 1, 7)      [] [NE]
    141     0x0001CA80       0xFFFFFF80      0x00000010         (0, 1, 9)      [] [SW]
    142     0x00022A00       0xFFFFFF80      0x00000020         (0, 2, 5)      [] [S]
    143     0x00021500       0xFFFFFF80      0x00000010         (0, 2, 2)      [] [SW]
    144     0x00012F80       0xFFFFFF80      0x00000002         (0, 1, 5)      [] [NE]
    145     0x00019400       0xFFFFFF80      0x00000010         (0, 1, 2)      [] [SW]
    146     0x00017780       0xFFFFFF80      0x00000002         (0, 1, 14)      [] [NE]
    147     0x00021400       0xFFFFFF80      0x00000010         (0, 2, 2)      [] [SW]
    148     0x0001B280       0xFFFFFF80      0x00000010         (0, 1, 6)      [] [SW]
    149     0x00021000       0xFFFFFF80      0x00000010         (0, 2, 2)      [] [SW]
    150     0x0001AE00       0xFFFFFF80      0x00000010         (0, 1, 5)      [] [SW]
    151     0x00023A80       0xFFFFFF80      0x00000002         (0, 2, 7)      [] [NE]
    152     0x00014400       0xFFFFFF80      0x00000003         (0, 1, 8)      [] [E, NE]
    153     0x00015A00       0xFFFFFF80      0x00000002         (0, 1, 11)      [] [NE]
    154     0x00012E00       0xFFFFFF80      0x00000002         (0, 1, 5)      [] [NE]
    155     0x0001D600       0xFFFFFF80      0x00000010         (0, 1, 10)      [] [SW]
    156     0x0001E700       0xFFFFFF80      0x00000010         (0, 1, 12)      [] [SW]
    157     0x00013500       0xFFFFFF80      0x00000002         (0, 1, 6)      [] [NE]
    158     0x0001C900       0xFFFFFF80      0x00000010         (0, 1, 9)      [] [SW]
    159     0x0000A880       0xFFFFFF80      0x00000002         (0, 0, 5)      [] [NE]
    160     0x0001D980       0xFFFFFF80      0x00000010         (0, 1, 11)      [] [SW]
    161     0x00021100       0xFFFFFF80      0x00000010         (0, 2, 2)      [] [SW]
    162     0x00013D00       0xFFFFFF80      0x00000002         (0, 1, 7)      [] [NE]
    163     0x00022800       0xFFFFFF80      0x00000020         (0, 2, 5)      [] [S]
    164     0x00014F00       0xFFFFFF80      0x00000001         (0, 1, 9)      [] [E]
    165     0x00014E80       0xFFFFFF80      0x00000001         (0, 1, 9)      [] [E]
    166     0x00023080       0xFFFFFF80      0x00000007         (0, 2, 6)      [] [E, NE, N]
    167     0x0001C800       0xFFFFFF80      0x00000010         (0, 1, 9)      [] [SW]
    168     0x00011480       0xFFFFFF80      0x00000002         (0, 1, 2)      [] [NE]
    169     0x0001E380       0xFFFFFF80      0x00000010         (0, 1, 12)      [] [SW]
    170     0x0001B480       0xFFFFFF80      0x00000010         (0, 1, 6)      [] [SW]
    171     0x00019600       0xFFFFFF80      0x00000010         (0, 1, 2)      [] [SW]
    172     0x00013F00       0xFFFFFF80      0x00000002         (0, 1, 7)      [] [NE]
    173     0x00020B80       0xFFFFFF80      0x00000010         (0, 2, 1)      [] [SW]
    174     0x0000F580       0xFFFFFF80      0x00000003         (0, 0, 14)      [] [E, NE]
    175     0x0001E800       0xFFFFFF80      0x00000010         (0, 1, 13)      [] [SW]
    176     0x0001D280       0xFFFFFF80      0x00000010         (0, 1, 10)      [] [SW]
    177     0x0001EF00       0xFFFFFF80      0x00000010         (0, 1, 13)      [] [SW]
    178     0x00012600       0xFFFFFF80      0x00000002         (0, 1, 4)      [] [NE]
    179     0x0000E800       0xFFFFFF80      0x00000002         (0, 0, 13)      [] [NE]
    180     0x0001D200       0xFFFFFF80      0x00000010         (0, 1, 10)      [] [SW]
    181     0x00010F00       0xFFFFFF80      0x00000002         (0, 1, 1)      [] [NE]
    182     0x0001DD00       0xFFFFFF80      0x00000010         (0, 1, 11)      [] [SW]
    183     0x00023200       0xFFFFFF80      0x0000000C         (0, 2, 6)      [] [N, W]
    184     0x0001CC80       0xFFFFFF80      0x00000010         (0, 1, 9)      [] [SW]
    185     0x0001A800       0xFFFFFF80      0x00000010         (0, 1, 5)      [] [SW]
    186     0x00012300       0xFFFFFF80      0x00000002         (0, 1, 4)      [] [NE]
    187     0x00013C00       0xFFFFFF80      0x00000002         (0, 1, 7)      [] [NE]
    188     0x00021880       0xFFFFFF80      0x00000010         (0, 2, 3)      [] [SW]
    189     0x00013E80       0xFFFFFF80      0x00000002         (0, 1, 7)      [] [NE]
    190     0x00016100       0xFFFFFF80      0x00000002         (0, 1, 12)      [] [NE]
    191     0x00013080       0xFFFFFF80      0x00000002         (0, 1, 6)      [] [NE]
    192     0x0001ED00       0xFFFFFF80      0x00000010         (0, 1, 13)      [] [SW]
    193     0x00020A80       0xFFFFFF80      0x00000010         (0, 2, 1)      [] [SW]
    194     0x0001CD80       0xFFFFFF80      0x00000010         (0, 1, 9)      [] [SW]
    195     0x00019200       0xFFFFFF80      0x00000001         (0, 1, 2)      [] [E]
    196     0x0001EF80       0xFFFFFF80      0x00000010         (0, 1, 13)      [] [SW]
    197     0x00012080       0xFFFFFF80      0x00000002         (0, 1, 4)      [] [NE]
    198     0x00022E80       0xFFFFFF80      0x00000034         (0, 2, 5)      [] [N, SW, S]
    199     0x00021E00       0xFFFFFF80      0x00000030         (0, 2, 3)      [] [SW, S]
    200     0x0001CF80       0xFFFFFF80      0x00000010         (0, 1, 9)      [] [SW]
    201     0x00015180       0xFFFFFF80      0x00000001         (0, 1, 10)      [] [E]
    202     0x0000E400       0xFFFFFF80      0x00000002         (0, 0, 12)      [] [NE]
    203     0x0000E600       0xFFFFFF80      0x00000002         (0, 0, 12)      [] [NE]
    204     0x0001EC00       0xFFFFFF80      0x00000010         (0, 1, 13)      [] [SW]
    205     0x00018200       0xFFFFFF80      0x00000002         (0, 1, 0)      [] [NE]
    206     0x00013480       0xFFFFFF80      0x00000002         (0, 1, 6)      [] [NE]
    207     0x00014200       0xFFFFFF80      0x00000003         (0, 1, 8)      [] [E, NE]
    208     0x0001DA80       0xFFFFFF80      0x00000010         (0, 1, 11)      [] [SW]
    209     0x00021200       0xFFFFFF80      0x00000010         (0, 2, 2)      [] [SW]
    210     0x0001BD80       0xFFFFFF80      0x00000010         (0, 1, 7)      [] [SW]
    211     0x0001B380       0xFFFFFF80      0x00000010         (0, 1, 6)      [] [SW]
    212     0x0001D480       0xFFFFFF80      0x00000010         (0, 1, 10)      [] [SW]
    213     0x00010D80       0xFFFFFF80      0x00000002         (0, 1, 1)      [] [NE]
    214     0x00012F00       0xFFFFFF80      0x00000002         (0, 1, 5)      [] [NE]
    215     0x0001EB00       0xFFFFFF80      0x00000010         (0, 1, 13)      [] [SW]
    216     0x0001E980       0xFFFFFF80      0x00000010         (0, 1, 13)      [] [SW]
    217     0x00016800       0xFFFFFF80      0x00000002         (0, 1, 13)      [] [NE]
    218     0x00020480       0xFFFFFF80      0x00000010         (0, 2, 0)      [] [SW]
    219     0x0001DA00       0xFFFFFF80      0x00000010         (0, 1, 11)      [] [SW]
    220     0x00021C00       0xFFFFFF80      0x00000030         (0, 2, 3)      [] [SW, S]
    221     0x00021780       0xFFFFFF80      0x00000010         (0, 2, 2)      [] [SW]
    222     0x00021980       0xFFFFFF80      0x00000010         (0, 2, 3)      [] [SW]
    223     0x00019680       0xFFFFFF80      0x00000010         (0, 1, 2)      [] [SW]
    224     0x0001D880       0xFFFFFF80      0x00000010         (0, 1, 11)      [] [SW]
    225     0x00011380       0xFFFFFF80      0x00000002         (0, 1, 2)      [] [NE]
    226     0x00020700       0xFFFFFF80      0x00000010         (0, 2, 0)      [] [SW]
    227     0x00015A80       0xFFFFFF80      0x00000002         (0, 1, 11)      [] [NE]
    228     0x00018F80       0xFFFFFF80      0x00000001         (0, 1, 1)      [] [E]
    229     0x0001E500       0xFFFFFF80      0x00000010         (0, 1, 12)      [] [SW]
    230     0x00017680       0xFFFFFF80      0x00000002         (0, 1, 14)      [] [NE]
    231     0x00023C00       0xFFFFFF80      0x00000006         (0, 2, 7)      [] [NE, N]
    232     0x00017400       0xFFFFFF80      0x00000002         (0, 1, 14)      [] [NE]
    233     0x00014F80       0xFFFFFF80      0x00000001         (0, 1, 9)      [] [E]
    234     0x00019380       0xFFFFFF80      0x00000001         (0, 1, 2)      [] [E]
    235     0x00010C80       0xFFFFFF80      0x00000002         (0, 1, 1)      [] [NE]
    236     0x00016900       0xFFFFFF80      0x00000002         (0, 1, 13)      [] [NE]
    237     0x00022D00       0xFFFFFF80      0x00000004         (0, 2, 5)      [] [N]
    238     0x00015B80       0xFFFFFF80      0x00000003         (0, 1, 11)      [] [E, NE]
    239     0x00021300       0xFFFFFF80      0x00000010         (0, 2, 2)      [] [SW]
    240     0x00018700       0xFFFFFF80      0x00000001         (0, 1, 0)      [] [E]
    241     0x00020800       0xFFFFFF80      0x00000010         (0, 2, 1)      [] [SW]
    242     0x00022C80       0xFFFFFF80      0x00000006         (0, 2, 5)      [] [NE, N]
    243     0x00018E80       0xFFFFFF80      0x00000001         (0, 1, 1)      [] [E]
    244     0x0001B300       0xFFFFFF80      0x00000010         (0, 1, 6)      [] [SW]
    245     0x0001BA80       0xFFFFFF80      0x00000010         (0, 1, 7)      [] [SW]
    246     0x00023000       0xFFFFFF80      0x00000007         (0, 2, 6)      [] [E, NE, N]
    247     0x00017880       0xFFFFFF80      0x00000002         (0, 1, 15)      [] [NE]
    248     0x00021D00       0xFFFFFF80      0x00000030         (0, 2, 3)      [] [SW, S]
    249     0x00014000       0xFFFFFF80      0x00000003         (0, 1, 8)      [] [E, NE]
    250     0x00023600       0xFFFFFF80      0x00000004         (0, 2, 6)      [] [N]
    251     0x00015E80       0xFFFFFF80      0x00000003         (0, 1, 11)      [] [E, NE]
    252     0x00018800       0xFFFFFF80      0x00000001         (0, 1, 1)      [] [E]
    253     0x0000F100       0xFFFFFF80      0x00000002         (0, 0, 14)      [] [NE]
    254     0x00017F80       0xFFFFFF80      0x00000002         (0, 1, 15)      [] [NE]
    255     0x00022780       0xFFFFFF80      0x00000020         (0, 2, 4)      [] [S]
    256     0x00016700       0xFFFFFF80      0x00000002         (0, 1, 12)      [] [NE]
    257     0x00019C00       0xFFFFFF80      0x00000010         (0, 1, 3)      [] [SW]
    258     0x00010E80       0xFFFFFF80      0x00000002         (0, 1, 1)      [] [NE]
    259     0x0001BB80       0xFFFFFF80      0x00000010         (0, 1, 7)      [] [SW]
    260     0x00023680       0xFFFFFF80      0x00000004         (0, 2, 6)      [] [N]
    261     0x0001AD00       0xFFFFFF80      0x00000010         (0, 1, 5)      [] [SW]
    262     0x0001E000       0xFFFFFF80      0x00000010         (0, 1, 12)      [] [SW]
    263     0x0001DF00       0xFFFFFF80      0x00000010         (0, 1, 11)      [] [SW]
    264     0x00020580       0xFFFFFF80      0x00000010         (0, 2, 0)      [] [SW]
    265     0x00017280       0xFFFFFF80      0x00000002         (0, 1, 14)      [] [NE]
    266     0x00014280       0xFFFFFF80      0x00000003         (0, 1, 8)      [] [E, NE]
    267     0x00017500       0xFFFFFF80      0x00000002         (0, 1, 14)      [] [NE]
    268     0x0000F300       0xFFFFFF80      0x00000002         (0, 0, 14)      [] [NE]
    269     0x0001BC00       0xFFFFFF80      0x00000010         (0, 1, 7)      [] [SW]
    270     0x0001EA80       0xFFFFFF80      0x00000010         (0, 1, 13)      [] [SW]
    271     0x0001D080       0xFFFFFF80      0x00000010         (0, 1, 10)      [] [SW]
    272     0x00010280       0xFFFFFF80      0x00000001         (0, 1, 0)      [] [E]
    273     0x0001D900       0xFFFFFF80      0x00000010         (0, 1, 11)      [] [SW]
    274     0x00010700       0xFFFFFF80      0x00000001         (0, 1, 0)      [] [E]
    275     0x00022380       0xFFFFFF80      0x00000020         (0, 2, 4)      [] [S]
    276     0x0001AD80       0xFFFFFF80      0x00000010         (0, 1, 5)      [] [SW]
    277     0x0001CA00       0xFFFFFF80      0x00000010         (0, 1, 9)      [] [SW]
    278     0x0001E100       0xFFFFFF80      0x00000010         (0, 1, 12)      [] [SW]
    279     0x0001A500       0xFFFFFF80      0x00000010         (0, 1, 4)      [] [SW]
    280     0x00023700       0xFFFFFF80      0x00000004         (0, 2, 6)      [] [N]
    281     0x00010400       0xFFFFFF80      0x00000001         (0, 1, 0)      [] [E]
    282     0x00021480       0xFFFFFF80      0x00000010         (0, 2, 2)      [] [SW]
    283     0x00023100       0xFFFFFF80      0x00000005         (0, 2, 6)      [] [E, N]
    284     0x00015000       0xFFFFFF80      0x00000001         (0, 1, 10)      [] [E]
    285     0x00016380       0xFFFFFF80      0x00000002         (0, 1, 12)      [] [NE]
    286     0x00020200       0xFFFFFF80      0x00000010         (0, 2, 0)      [] [SW]
    287     0x00017D80       0xFFFFFF80      0x00000002         (0, 1, 15)      [] [NE]
    288     0x0000E780       0xFFFFFF80      0x00000002         (0, 0, 12)      [] [NE]
    289     0x00023A00       0xFFFFFF80      0x00000002         (0, 2, 7)      [] [NE]
    290     0x00022B00       0xFFFFFF80      0x00000020         (0, 2, 5)      [] [S]
    291     0x0001A680       0xFFFFFF80      0x00000010         (0, 1, 4)      [] [SW]
    292     0x00019980       0xFFFFFF80      0x00000010         (0, 1, 3)      [] [SW]
    293     0x0001B000       0xFFFFFF80      0x00000010         (0, 1, 6)      [] [SW]
    294     0x0000F500       0xFFFFFF80      0x00000003         (0, 0, 14)      [] [E, NE]
    295     0x00019580       0xFFFFFF80      0x00000010         (0, 1, 2)      [] [SW]
    296     0x00015280       0xFFFFFF80      0x00000001         (0, 1, 10)      [] [E]
    297     0x00022A80       0xFFFFFF80      0x00000020         (0, 2, 5)      [] [S]
    298     0x00014300       0xFFFFFF80      0x00000003         (0, 1, 8)      [] [E, NE]
    299     0x00022C00       0xFFFFFF80      0x00000006         (0, 2, 5)      [] [NE, N]
    300     0x0001DC80       0xFFFFFF80      0x00000010         (0, 1, 11)      [] [SW]
    301     0x00015900       0xFFFFFF80      0x00000002         (0, 1, 11)      [] [NE]
    302     0x00013300       0xFFFFFF80      0x00000002         (0, 1, 6)      [] [NE]
    303     0x0000E500       0xFFFFFF80      0x00000002         (0, 0, 12)      [] [NE]
    304     0x0000F680       0xFFFFFF80      0x00000003         (0, 0, 14)      [] [E, NE]
    305     0x00012180       0xFFFFFF80      0x00000002         (0, 1, 4)      [] [NE]
    306     0x00020600       0xFFFFFF80      0x00000010         (0, 2, 0)      [] [SW]
    307     0x00010500       0xFFFFFF80      0x00000001         (0, 1, 0)      [] [E]
    308     0x0001B600       0xFFFFFF80      0x00000010         (0, 1, 6)      [] [SW]
    309     0x00020F80       0xFFFFFF80      0x00000010         (0, 2, 1)      [] [SW]
    310     0x0001B400       0xFFFFFF80      0x00000010         (0, 1, 6)      [] [SW]
    311     0x0001E300       0xFFFFFF80      0x00000010         (0, 1, 12)      [] [SW]
    312     0x00023180       0xFFFFFF80      0x00000005         (0, 2, 6)      [] [E, N]
    313     0x0001A780       0xFFFFFF80      0x00000010         (0, 1, 4)      [] [SW]
    314     0x00010300       0xFFFFFF80      0x00000001         (0, 1, 0)      [] [E]
    315     0x00014E00       0xFFFFFF80      0x00000001         (0, 1, 9)      [] [E]
    316     0x0000F400       0xFFFFFF80      0x00000003         (0, 0, 14)      [] [E, NE]
    317     0x0001A880       0xFFFFFF80      0x00000010         (0, 1, 5)      [] [SW]
    318     0x00018600       0xFFFFFF80      0x00000001         (0, 1, 0)      [] [E]
    319     0x0001CE80       0xFFFFFF80      0x00000010         (0, 1, 9)      [] [SW]
    320     0x00019180       0xFFFFFF80      0x00000001         (0, 1, 2)      [] [E]
    321     0x0001A980       0xFFFFFF80      0x00000010         (0, 1, 5)      [] [SW]
    322     0x0001E280       0xFFFFFF80      0x00000010         (0, 1, 12)      [] [SW]
    323     0x0001B680       0xFFFFFF80      0x00000010         (0, 1, 6)      [] [SW]
    324     0x00015E00       0xFFFFFF80      0x00000003         (0, 1, 11)      [] [E, NE]
    325     0x00011080       0xFFFFFF80      0x00000002         (0, 1, 2)      [] [NE]
    326     0x00020E80       0xFFFFFF80      0x00000010         (0, 2, 1)      [] [SW]
    327     0x00017D00       0xFFFFFF80      0x00000002         (0, 1, 15)      [] [NE]
    328     0x00020D00       0xFFFFFF80      0x00000010         (0, 2, 1)      [] [SW]
    329     0x00015B00       0xFFFFFF80      0x00000003         (0, 1, 11)      [] [E, NE]
    330     0x00020C80       0xFFFFFF80      0x00000010         (0, 2, 1)      [] [SW]
    331     0x00021600       0xFFFFFF80      0x00000010         (0, 2, 2)      [] [SW]
    332     0x00013A80       0xFFFFFF80      0x00000002         (0, 1, 7)      [] [NE]
    333     0x00020A00       0xFFFFFF80      0x00000010         (0, 2, 1)      [] [SW]
    334     0x00018680       0xFFFFFF80      0x00000001         (0, 1, 0)      [] [E]
    335     0x0000F780       0xFFFFFF80      0x00000003         (0, 0, 14)      [] [E, NE]
    336     0x00010600       0xFFFFFF80      0x00000001         (0, 1, 0)      [] [E]
    337     0x00020D80       0xFFFFFF80      0x00000010         (0, 2, 1)      [] [SW]
    338     0x00010E00       0xFFFFFF80      0x00000002         (0, 1, 1)      [] [NE]
    339     0x00023280       0xFFFFFF80      0x0000001C         (0, 2, 6)      [] [N, W, SW]
    340     0x00013C80       0xFFFFFF80      0x00000002         (0, 1, 7)      [] [NE]
    341     0x00021C80       0xFFFFFF80      0x00000030         (0, 2, 3)      [] [SW, S]
    342     0x00019080       0xFFFFFF80      0x00000001         (0, 1, 2)      [] [E]
    343     0x00012580       0xFFFFFF80      0x00000002         (0, 1, 4)      [] [NE]
    344     0x00011200       0xFFFFFF80      0x00000002         (0, 1, 2)      [] [NE]
    345     0x0001BE00       0xFFFFFF80      0x00000010         (0, 1, 7)      [] [SW]
    346     0x0001E780       0xFFFFFF80      0x00000010         (0, 1, 12)      [] [SW]
    347     0x0001D180       0xFFFFFF80      0x00000010         (0, 1, 10)      [] [SW]
    348     0x0000AA00       0xFFFFFF80      0x00000002         (0, 0, 5)      [] [NE]
    349     0x00020300       0xFFFFFF80      0x00000010         (0, 2, 0)      [] [SW]
    350     0x00015200       0xFFFFFF80      0x00000001         (0, 1, 10)      [] [E]
    351     0x00017A00       0xFFFFFF80      0x00000002         (0, 1, 15)      [] [NE]
    352     0x00011180       0xFFFFFF80      0x00000002         (0, 1, 2)      [] [NE]
    353     0x00013180       0xFFFFFF80      0x00000002         (0, 1, 6)      [] [NE]
    354     0x00023B00       0xFFFFFF80      0x00000002         (0, 2, 7)      [] [NE]
    355     0x00021B00       0xFFFFFF80      0x00000030         (0, 2, 3)      [] [SW, S]
    356     0x00019880       0xFFFFFF80      0x00000010         (0, 1, 3)      [] [SW]
    357     0x00020C00       0xFFFFFF80      0x00000010         (0, 2, 1)      [] [SW]
    358     0x00021680       0xFFFFFF80      0x00000030         (0, 2, 2)      [] [SW, S]
    359     0x00017980       0xFFFFFF80      0x00000002         (0, 1, 15)      [] [NE]
    360     0x0001E480       0xFFFFFF80      0x00000010         (0, 1, 12)      [] [SW]
    361     0x00022F00       0xFFFFFF80      0x00000025         (0, 2, 5)      [] [E, N, S]
    362     0x0001EA00       0xFFFFFF80      0x00000010         (0, 1, 13)      [] [SW]
    363     0x0000E700       0xFFFFFF80      0x00000002         (0, 0, 12)      [] [NE]
    364     0x0001C780       0xFFFFFF80      0x00000010         (0, 1, 8)      [] [SW]
    365     0x00015C00       0xFFFFFF80      0x00000003         (0, 1, 11)      [] [E, NE]
    366     0x0001B500       0xFFFFFF80      0x00000010         (0, 1, 6)      [] [SW]
    367     0x0001CB80       0xFFFFFF80      0x00000010         (0, 1, 9)      [] [SW]
    368     0x00016480       0xFFFFFF80      0x00000002         (0, 1, 12)      [] [NE]
    369     0x0001E880       0xFFFFFF80      0x00000010         (0, 1, 13)      [] [SW]
    370     0x00013B80       0xFFFFFF80      0x00000002         (0, 1, 7)      [] [NE]
    371     0x0001CF00       0xFFFFFF80      0x00000010         (0, 1, 9)      [] [SW]
    372     0x0001BA00       0xFFFFFF80      0x00000010         (0, 1, 7)      [] [SW]
    373     0x00016680       0xFFFFFF80      0x00000002         (0, 1, 12)      [] [NE]
    374     0x00021380       0xFFFFFF80      0x00000030         (0, 2, 2)      [] [SW, S]
    375     0x00019900       0xFFFFFF80      0x00000010         (0, 1, 3)      [] [SW]
    376     0x0000A900       0xFFFFFF80      0x00000002         (0, 0, 5)      [] [NE]
    377     0x00020680       0xFFFFFF80      0x00000010         (0, 2, 0)      [] [SW]
    378     0x0000B880       0xFFFFFF80      0x00000001         (0, 0, 7)      [] [E]
    379     0x00018300       0xFFFFFF80      0x00000001         (0, 1, 0)      [] [E]
    380     0x00017F00       0xFFFFFF80      0x00000002         (0, 1, 15)      [] [NE]
    381     0x00017900       0xFFFFFF80      0x00000002         (0, 1, 15)      [] [NE]
    382     0x00020B00       0xFFFFFF80      0x00000010         (0, 2, 1)      [] [SW]
    383     0x0001EE80       0xFFFFFF80      0x00000010         (0, 1, 13)      [] [SW]
    384     0x00021580       0xFFFFFF80      0x00000010         (0, 2, 2)      [] [SW]
    385     0x00013D80       0xFFFFFF80      0x00000002         (0, 1, 7)      [] [NE]
    386     0x00014180       0xFFFFFF80      0x00000003         (0, 1, 8)      [] [E, NE]
    387     0x0001CD00       0xFFFFFF80      0x00000010         (0, 1, 9)      [] [SW]
    388     0x0001B080       0xFFFFFF80      0x00000010         (0, 1, 6)      [] [SW]
    389     0x0001DF80       0xFFFFFF80      0x00000010         (0, 1, 11)      [] [SW]
    390     0x0001DD80       0xFFFFFF80      0x00000010         (0, 1, 11)      [] [SW]
    391     0x00012D80       0xFFFFFF80      0x00000002         (0, 1, 5)      [] [NE]
    392     0x0001E200       0xFFFFFF80      0x00000010         (0, 1, 12)      [] [SW]
    393     0x00010D00       0xFFFFFF80      0x00000002         (0, 1, 1)      [] [NE]
    394     0x0001ED80       0xFFFFFF80      0x00000010         (0, 1, 13)      [] [SW]
    395     0x00017380       0xFFFFFF80      0x00000002         (0, 1, 14)      [] [NE]
    396     0x00015D00       0xFFFFFF80      0x00000003         (0, 1, 11)      [] [E, NE]
    397     0x0001D800       0xFFFFFF80      0x00000010         (0, 1, 11)      [] [SW]
    398     0x00018180       0xFFFFFF80      0x00000002         (0, 1, 0)      [] [NE]
    399     0x00010380       0xFFFFFF80      0x00000001         (0, 1, 0)      [] [E]
    400     0x0001B880       0xFFFFFF80      0x00000010         (0, 1, 7)      [] [SW]
    401     0x00010F80       0xFFFFFF80      0x00000002         (0, 1, 1)      [] [NE]
    402     0x00019780       0xFFFFFF80      0x00000010         (0, 1, 2)      [] [SW]
    403     0x00012C80       0xFFFFFF80      0x00000002         (0, 1, 5)      [] [NE]
    404     0x00017A80       0xFFFFFF80      0x00000002         (0, 1, 15)      [] [NE]
    405     0x0001E180       0xFFFFFF80      0x00000010         (0, 1, 12)      [] [SW]
    406     0x0001D000       0xFFFFFF80      0x00000010         (0, 1, 10)      [] [SW]
    407     0x00012E80       0xFFFFFF80      0x00000002         (0, 1, 5)      [] [NE]
    408     0x00019A80       0xFFFFFF80      0x00000010         (0, 1, 3)      [] [SW]
    409     0x0001BD00       0xFFFFFF80      0x00000010         (0, 1, 7)      [] [SW]
    410     0x00012000       0xFFFFFF80      0x00000002         (0, 1, 4)      [] [NE]
    411     0x00017E00       0xFFFFFF80      0x00000002         (0, 1, 15)      [] [NE]
    412     0x0001D700       0xFFFFFF80      0x00000010         (0, 1, 10)      [] [SW]
    413     0x00020900       0xFFFFFF80      0x00000010         (0, 2, 1)      [] [SW]
    414     0x0001B980       0xFFFFFF80      0x00000010         (0, 1, 7)      [] [SW]
    415     0x00023C80       0xFFFFFF80      0x00000006         (0, 2, 7)      [] [NE, N]
    416     0x0001B780       0xFFFFFF80      0x00000010         (0, 1, 6)      [] [SW]
    417     0x00014480       0xFFFFFF80      0x00000003         (0, 1, 8)      [] [E, NE]
    418     0x00013100       0xFFFFFF80      0x00000002         (0, 1, 6)      [] [NE]
    419     0x00019500       0xFFFFFF80      0x00000010         (0, 1, 2)      [] [SW]
    420     0x00020400       0xFFFFFF80      0x00000010         (0, 2, 0)      [] [SW]
    421     0x0001D400       0xFFFFFF80      0x00000010         (0, 1, 10)      [] [SW]
    422     0x00012280       0xFFFFFF80      0x00000002         (0, 1, 4)      [] [NE]
    423     0x00023580       0xFFFFFF80      0x00000004         (0, 2, 6)      [] [N]
    424     0x00023480       0xFFFFFF80      0x00000004         (0, 2, 6)      [] [N]
    425     0x00017800       0xFFFFFF80      0x00000002         (0, 1, 15)      [] [NE]
    426     0x00013400       0xFFFFFF80      0x00000002         (0, 1, 6)      [] [NE]
    427     0x00018500       0xFFFFFF80      0x00000001         (0, 1, 0)      [] [E]
    428     0x0001E680       0xFFFFFF80      0x00000010         (0, 1, 12)      [] [SW]
    429     0x0001B100       0xFFFFFF80      0x00000010         (0, 1, 6)      [] [SW]
    430     0x00018E00       0xFFFFFF80      0x00000001         (0, 1, 1)      [] [E]
    431     0x00011300       0xFFFFFF80      0x00000002         (0, 1, 2)      [] [NE]
    432     0x00022880       0xFFFFFF80      0x00000030         (0, 2, 5)      [] [SW, S]
    433     0x0001E580       0xFFFFFF80      0x00000010         (0, 1, 12)      [] [SW]
    434     0x0001DB00       0xFFFFFF80      0x00000010         (0, 1, 11)      [] [SW]
    435     0x00018780       0xFFFFFF80      0x00000001         (0, 1, 0)      [] [E]
    436     0x00019B80       0xFFFFFF80      0x00000010         (0, 1, 3)      [] [SW]
    437     0x0001AC80       0xFFFFFF80      0x00000010         (0, 1, 5)      [] [SW]
    438     0x00018580       0xFFFFFF80      0x00000001         (0, 1, 0)      [] [E]
    439     0x00015100       0xFFFFFF80      0x00000001         (0, 1, 10)      [] [E]
    440     0x00020880       0xFFFFFF80      0x00000010         (0, 2, 1)      [] [SW]
    441     0x00016580       0xFFFFFF80      0x00000002         (0, 1, 12)      [] [NE]
    442     0x00016880       0xFFFFFF80      0x00000002         (0, 1, 13)      [] [NE]
    443     0x00013000       0xFFFFFF80      0x00000002         (0, 1, 6)      [] [NE]
    444     0x00019700       0xFFFFFF80      0x00000010         (0, 1, 2)      [] [SW]
    445     0x00013580       0xFFFFFF80      0x00000002         (0, 1, 6)      [] [NE]
    446     0x00010580       0xFFFFFF80      0x00000001         (0, 1, 0)      [] [E]
    447     0x0001C700       0xFFFFFF80      0x00000010         (0, 1, 8)      [] [SW]
    448     0x0001E900       0xFFFFFF80      0x00000010         (0, 1, 13)      [] [SW]
    449     0x0000F280       0xFFFFFF80      0x00000002         (0, 0, 14)      [] [NE]
    450     0x0001BC80       0xFFFFFF80      0x00000010         (0, 1, 7)      [] [SW]
    451     0x00017600       0xFFFFFF80      0x00000002         (0, 1, 14)      [] [NE]
    452     0x0000F700       0xFFFFFF80      0x00000003         (0, 0, 14)      [] [E, NE]
    453     0x0001BB00       0xFFFFFF80      0x00000010         (0, 1, 7)      [] [SW]
    454     0x00022E00       0xFFFFFF80      0x0000001E         (0, 2, 5)      [] [NE, N, W, SW]
    455     0x00010680       0xFFFFFF80      0x00000001         (0, 1, 0)      [] [E]
    456     0x00021280       0xFFFFFF80      0x00000010         (0, 2, 2)      [] [SW]
    457     0x0000E580       0xFFFFFF80      0x00000002         (0, 0, 12)      [] [NE]
