router contains 925 entries 
 
  Index   Key(hex)    Mask(hex)    Route(hex)    Src. Core -> [Cores][Links]
------------------------------------------------------------------------------
    0     0x0001C480       0xFFFFFF80      0x00002010         (0, 1, 8)      [7] [SW]
    1     0x00006400       0xFFFFFF80      0x00400000         (0, 0, 12)      [16] []
    2     0x00018880       0xFFFFFF80      0x00000020         (0, 1, 1)      [] [S]
    3     0x00024A80       0xFFFFFF80      0x00000402         (0, 2, 9)      [4] [NE]
    4     0x0001FF80       0xFFFFFF80      0x00008000         (0, 1, 15)      [9] []
    5     0x0004BE00       0xFFFFFF00      0x00800000         (0, 4, 7)      [17] []
    6     0x00013300       0xFFFFFF80      0x003FFFBD         (0, 1, 6)      [1, 2, 3, 4, 5, 6, 7, 8, 9, 10, 11, 12, 13, 14, 15] [E, N, W, SW, S]
    7     0x00007800       0xFFFFFF80      0x00000001         (0, 0, 15)      [] [E]
    8     0x0001B880       0xFFFFFF80      0x00000110         (0, 1, 7)      [2] [SW]
    9     0x00024900       0xFFFFFF80      0x00000082         (0, 2, 9)      [1] [NE]
    10     0x00011900       0xFFFFFF80      0x0000000C         (0, 1, 3)      [] [N, W]
    11     0x0000A700       0xFFFFFF80      0x00000003         (0, 0, 4)      [] [E, NE]
    12     0x00011E80       0xFFFFFF80      0x0000000E         (0, 1, 3)      [] [NE, N, W]
    13     0x00014000       0xFFFFFF80      0x00C01820         (0, 1, 8)      [16, 17, 5, 6] [S]
    14     0x0001D600       0xFFFFFF80      0x00002000         (0, 1, 10)      [7] []
    15     0x00010A80       0xFFFFFF80      0x00000020         (0, 1, 1)      [] [S]
    16     0x00042400       0xFFFFFF00      0x00000010         (0, 4, 4)      [] [SW]
    17     0x00005A00       0xFFFFFF80      0x00000002         (0, 0, 11)      [] [NE]
    18     0x0001A900       0xFFFFFF80      0x00040000         (0, 1, 5)      [12] []
    19     0x0001D180       0xFFFFFF80      0x00200000         (0, 1, 10)      [15] []
    20     0x00010480       0xFFFFFF80      0x00002021         (0, 1, 0)      [7] [E, S]
    21     0x00014380       0xFFFFFF80      0x00CC0020         (0, 1, 8)      [16, 17, 12, 13] [S]
    22     0x00013980       0xFFFFFF80      0x00C00030         (0, 1, 7)      [16, 17] [SW, S]
    23     0x00009700       0xFFFFFF80      0x00000002         (0, 0, 2)      [] [NE]
    24     0x00006680       0xFFFFFF80      0x00000001         (0, 0, 12)      [] [E]
    25     0x00017080       0xFFFFFF80      0x00000008         (0, 1, 14)      [] [W]
    26     0x0001FA80       0xFFFFFF80      0x00010000         (0, 1, 15)      [10] []
    27     0x00016300       0xFFFFFF80      0x00000018         (0, 1, 12)      [] [W, SW]
    28     0x00014A80       0xFFFFFF80      0x00000020         (0, 1, 9)      [] [S]
    29     0x0000C800       0xFFFFFF80      0x00001000         (0, 0, 9)      [6] []
    30     0x0001ED00       0xFFFFFF80      0x00004010         (0, 1, 13)      [8] [SW]
    31     0x00019100       0xFFFFFF80      0x00008020         (0, 1, 2)      [9] [S]
    32     0x0001D500       0xFFFFFF80      0x00000800         (0, 1, 10)      [5] []
    33     0x0000FF80       0xFFFFFF80      0x00000021         (0, 0, 15)      [] [E, S]
    34     0x00016400       0xFFFFFF80      0x00000018         (0, 1, 12)      [] [W, SW]
    35     0x00033900       0xFFFFFF00      0x00000010         (0, 3, 7)      [] [SW]
    36     0x00018B80       0xFFFFFF80      0x00000020         (0, 1, 1)      [] [S]
    37     0x00015400       0xFFFFFF80      0x00000020         (0, 1, 10)      [] [S]
    38     0x00023C80       0xFFFFFF80      0x00000010         (0, 2, 7)      [] [SW]
    39     0x00011600       0xFFFFFF80      0x0004000C         (0, 1, 2)      [12] [N, W]
    40     0x00006480       0xFFFFFF80      0x00800000         (0, 0, 12)      [17] []
    41     0x00024400       0xFFFFFF80      0x00000002         (0, 2, 8)      [] [NE]
    42     0x0000E080       0xFFFFFF80      0x00000002         (0, 0, 12)      [] [NE]
    43     0x00045D00       0xFFFFFF00      0x00000008         (0, 4, 11)      [] [W]
    44     0x00046500       0xFFFFFF00      0x00000008         (0, 4, 12)      [] [W]
    45     0x00009180       0xFFFFFF80      0x00800000         (0, 0, 2)      [17] []
    46     0x00011800       0xFFFFFF80      0x00400008         (0, 1, 3)      [16] [W]
    47     0x00020180       0xFFFFFF80      0x00080000         (0, 2, 0)      [13] []
    48     0x00011F00       0xFFFFFF80      0x0000008E         (0, 1, 3)      [1] [NE, N, W]
    49     0x00014F80       0xFFFFFF80      0x00004020         (0, 1, 9)      [8] [S]
    50     0x00045500       0xFFFFFF00      0x00000008         (0, 4, 10)      [] [W]
    51     0x00010380       0xFFFFFF80      0x00000821         (0, 1, 0)      [5] [E, S]
    52     0x00011480       0xFFFFFF80      0x00008010         (0, 1, 2)      [9] [SW]
    53     0x00005B80       0xFFFFFF80      0x00000002         (0, 0, 11)      [] [NE]
    54     0x0000D680       0xFFFFFF80      0x00000800         (0, 0, 10)      [5] []
    55     0x00012D00       0xFFFFFF80      0x003FFF8E         (0, 1, 5)      [1, 2, 3, 4, 5, 6, 7, 8, 9, 10, 11, 12, 13, 14, 15] [NE, N, W]
    56     0x00012100       0xFFFFFF80      0x00000C0E         (0, 1, 4)      [4, 5] [NE, N, W]
    57     0x00020C80       0xFFFFFF80      0x00004000         (0, 2, 1)      [8] []
    58     0x00013480       0xFFFFFF80      0x003FFFB5         (0, 1, 6)      [1, 2, 3, 4, 5, 6, 7, 8, 9, 10, 11, 12, 13, 14, 15] [E, N, SW, S]
    59     0x0001DA00       0xFFFFFF80      0x00200000         (0, 1, 11)      [15] []
    60     0x0000A480       0xFFFFFF80      0x00000003         (0, 0, 4)      [] [E, NE]
    61     0x00024100       0xFFFFFF80      0x00000002         (0, 2, 8)      [] [NE]
    62     0x0001CA80       0xFFFFFF80      0x00000080         (0, 1, 9)      [1] []
    63     0x00001980       0xFFFFFF80      0x00800000         (0, 0, 3)      [17] []
    64     0x0001E800       0xFFFFFF80      0x00040000         (0, 1, 13)      [12] []
    65     0x0000E200       0xFFFFFF80      0x00000002         (0, 0, 12)      [] [NE]
    66     0x0000C400       0xFFFFFF80      0x00000001         (0, 0, 8)      [] [E]
    67     0x00019D80       0xFFFFFF80      0x00020000         (0, 1, 3)      [11] []
    68     0x00014C80       0xFFFFFF80      0x00000120         (0, 1, 9)      [2] [S]
    69     0x00019200       0xFFFFFF80      0x00020020         (0, 1, 2)      [11] [S]
    70     0x00024E80       0xFFFFFF80      0x00040000         (0, 2, 9)      [12] []
    71     0x00013C80       0xFFFFFF80      0x00C00030         (0, 1, 7)      [16, 17] [SW, S]
    72     0x00017E80       0xFFFFFF80      0x00000008         (0, 1, 15)      [] [W]
    73     0x00004880       0xFFFFFF80      0x00000001         (0, 0, 9)      [] [E]
    74     0x0001C180       0xFFFFFF80      0x00000090         (0, 1, 8)      [1] [SW]
    75     0x00018C80       0xFFFFFF80      0x00000020         (0, 1, 1)      [] [S]
    76     0x00015B00       0xFFFFFF80      0x00000230         (0, 1, 11)      [3] [SW, S]
    77     0x00016180       0xFFFFFF80      0x00000018         (0, 1, 12)      [] [W, SW]
    78     0x00013900       0xFFFFFF80      0x00C00030         (0, 1, 7)      [16, 17] [SW, S]
    79     0x00010B00       0xFFFFFF80      0x00000020         (0, 1, 1)      [] [S]
    80     0x00010600       0xFFFFFF80      0x00010021         (0, 1, 0)      [10] [E, S]
    81     0x0000D380       0xFFFFFF80      0x00000002         (0, 0, 10)      [] [NE]
    82     0x00015300       0xFFFFFF80      0x00200000         (0, 1, 10)      [15] []
    83     0x0001C200       0xFFFFFF80      0x00000110         (0, 1, 8)      [2] [SW]
    84     0x00010280       0xFFFFFF80      0x00000221         (0, 1, 0)      [3] [E, S]
    85     0x0001D780       0xFFFFFF80      0x00010000         (0, 1, 10)      [10] []
    86     0x00017400       0xFFFFFF80      0x00000008         (0, 1, 14)      [] [W]
    87     0x0001BD80       0xFFFFFF80      0x00040000         (0, 1, 7)      [12] []
    88     0x00021980       0xFFFFFF80      0x00040000         (0, 2, 3)      [12] []
    89     0x00019F80       0xFFFFFF80      0x00200000         (0, 1, 3)      [15] []
    90     0x0000C480       0xFFFFFF80      0x00000001         (0, 0, 8)      [] [E]
    91     0x0001E500       0xFFFFFF80      0x00001010         (0, 1, 12)      [6] [SW]
    92     0x00012700       0xFFFFFF80      0x00FFFF88         (0, 1, 4)      [1, 2, 3, 4, 5, 6, 7, 8, 9, 10, 11, 12, 13, 14, 15, 16, 17] [W]
    93     0x00016500       0xFFFFFF80      0x00000018         (0, 1, 12)      [] [W, SW]
    94     0x00024C00       0xFFFFFF80      0x00002000         (0, 2, 9)      [7] []
    95     0x00017300       0xFFFFFF80      0x00000008         (0, 1, 14)      [] [W]
    96     0x00018380       0xFFFFFF80      0x00001020         (0, 1, 0)      [6] [S]
    97     0x00045F00       0xFFFFFF00      0x00000008         (0, 4, 11)      [] [W]
    98     0x00005900       0xFFFFFF80      0x00000002         (0, 0, 11)      [] [NE]
    99     0x00011E00       0xFFFFFF80      0x0000000E         (0, 1, 3)      [] [NE, N, W]
    100     0x00002800       0xFFFFFF80      0x00400000         (0, 0, 5)      [16] []
    101     0x0000D500       0xFFFFFF80      0x00000102         (0, 0, 10)      [2] [NE]
    102     0x00023A80       0xFFFFFF80      0x00000010         (0, 2, 7)      [] [SW]
    103     0x0001E880       0xFFFFFF80      0x00080000         (0, 1, 13)      [13] []
    104     0x0004B600       0xFFFFFF00      0x00008000         (0, 4, 6)      [9] []
    105     0x00021B00       0xFFFFFF80      0x00200000         (0, 2, 3)      [15] []
    106     0x0001B400       0xFFFFFF80      0x00080000         (0, 1, 6)      [13] []
    107     0x00011C00       0xFFFFFF80      0x0000000E         (0, 1, 3)      [] [NE, N, W]
    108     0x0000FA00       0xFFFFFF80      0x00400020         (0, 0, 15)      [16] [S]
    109     0x00015580       0xFFFFFF80      0x00000020         (0, 1, 10)      [] [S]
    110     0x0000F480       0xFFFFFF80      0x00000821         (0, 0, 14)      [5] [E, S]
    111     0x00021600       0xFFFFFF80      0x00100000         (0, 2, 2)      [14] []
    112     0x00021200       0xFFFFFF80      0x00040000         (0, 2, 2)      [12] []
    113     0x00014980       0xFFFFFF80      0x00000020         (0, 1, 9)      [] [S]
    114     0x0001A480       0xFFFFFF80      0x00000200         (0, 1, 4)      [3] []
    115     0x00019C80       0xFFFFFF80      0x00008000         (0, 1, 3)      [9] []
    116     0x00007A00       0xFFFFFF80      0x00000001         (0, 0, 15)      [] [E]
    117     0x0000B280       0xFFFFFF80      0x00000001         (0, 0, 6)      [] [E]
    118     0x00004B00       0xFFFFFF80      0x00000001         (0, 0, 9)      [] [E]
    119     0x0001C280       0xFFFFFF80      0x00000210         (0, 1, 8)      [3] [SW]
    120     0x00010C00       0xFFFFFF80      0x00000021         (0, 1, 1)      [] [E, S]
    121     0x00033500       0xFFFFFF00      0x00000010         (0, 3, 6)      [] [SW]
    122     0x00003700       0xFFFFFF80      0x00400000         (0, 0, 6)      [16] []
    123     0x00015F80       0xFFFFFF80      0x00040020         (0, 1, 11)      [12] [S]
    124     0x00014F00       0xFFFFFF80      0x00002020         (0, 1, 9)      [7] [S]
    125     0x00021800       0xFFFFFF80      0x00080000         (0, 2, 3)      [13] []
    126     0x00003C80       0xFFFFFF80      0x00000001         (0, 0, 7)      [] [E]
    127     0x00014480       0xFFFFFF80      0x00F00000         (0, 1, 8)      [16, 17, 14, 15] []
    128     0x00016980       0xFFFFFF80      0x00000808         (0, 1, 13)      [5] [W]
    129     0x0000F600       0xFFFFFF80      0x00004021         (0, 0, 14)      [8] [E, S]
    130     0x0004C800       0xFFFFFF00      0x00000004         (0, 4, 9)      [] [N]
    131     0x00015F00       0xFFFFFF80      0x00020020         (0, 1, 11)      [11] [S]
    132     0x00008280       0xFFFFFF80      0x00800000         (0, 0, 0)      [17] []
    133     0x0001EB00       0xFFFFFF80      0x00000410         (0, 1, 13)      [4] [SW]
    134     0x00013180       0xFFFFFF80      0x003FFFBD         (0, 1, 6)      [1, 2, 3, 4, 5, 6, 7, 8, 9, 10, 11, 12, 13, 14, 15] [E, N, W, SW, S]
    135     0x00018680       0xFFFFFF80      0x00040020         (0, 1, 0)      [12] [S]
    136     0x0004BC00       0xFFFFFF00      0x00200000         (0, 4, 7)      [15] []
    137     0x00007980       0xFFFFFF80      0x00000001         (0, 0, 15)      [] [E]
    138     0x0001B180       0xFFFFFF80      0x00004000         (0, 1, 6)      [8] []
    139     0x0000E780       0xFFFFFF80      0x00008000         (0, 0, 12)      [9] []
    140     0x0000FF00       0xFFFFFF80      0x00000021         (0, 0, 15)      [] [E, S]
    141     0x00002D00       0xFFFFFF80      0x00000003         (0, 0, 5)      [] [E, NE]
    142     0x00020900       0xFFFFFF80      0x00008000         (0, 2, 1)      [9] []
    143     0x00003980       0xFFFFFF80      0x00000001         (0, 0, 7)      [] [E]
    144     0x0001E700       0xFFFFFF80      0x00010010         (0, 1, 12)      [10] [SW]
    145     0x0000BE00       0xFFFFFF80      0x00400000         (0, 0, 7)      [16] []
    146     0x00046100       0xFFFFFF00      0x00000008         (0, 4, 12)      [] [W]
    147     0x0001DF00       0xFFFFFF80      0x00008000         (0, 1, 11)      [9] []
    148     0x00013E00       0xFFFFFF80      0x00C001B0         (0, 1, 7)      [16, 17, 2, 1] [SW, S]
    149     0x00016780       0xFFFFFF80      0x00000098         (0, 1, 12)      [1] [W, SW]
    150     0x0000F080       0xFFFFFF80      0x00000021         (0, 0, 14)      [] [E, S]
    151     0x0000EF00       0xFFFFFF80      0x00000021         (0, 0, 13)      [] [E, S]
    152     0x00004D00       0xFFFFFF80      0x00000002         (0, 0, 9)      [] [NE]
    153     0x00011680       0xFFFFFF80      0x0008000C         (0, 1, 2)      [13] [N, W]
    154     0x00002B80       0xFFFFFF80      0x00000003         (0, 0, 5)      [] [E, NE]
    155     0x0001F600       0xFFFFFF80      0x00080000         (0, 1, 14)      [13] []
    156     0x00008700       0xFFFFFF80      0x00000002         (0, 0, 0)      [] [NE]
    157     0x0001F880       0xFFFFFF80      0x00001010         (0, 1, 15)      [6] [SW]
    158     0x0004BD00       0xFFFFFF00      0x00400000         (0, 4, 7)      [16] []
    159     0x00015980       0xFFFFFF80      0x00000030         (0, 1, 11)      [] [SW, S]
    160     0x0001ED80       0xFFFFFF80      0x00008010         (0, 1, 13)      [9] [SW]
    161     0x00023B00       0xFFFFFF80      0x00000010         (0, 2, 7)      [] [SW]
    162     0x0000B800       0xFFFFFF80      0x00000401         (0, 0, 7)      [4] [E]
    163     0x00024580       0xFFFFFF80      0x00000002         (0, 2, 8)      [] [NE]
    164     0x0001D680       0xFFFFFF80      0x00004000         (0, 1, 10)      [8] []
    165     0x00000F00       0xFFFFFF80      0x00000001         (0, 0, 1)      [] [E]
    166     0x00019380       0xFFFFFF80      0x00100020         (0, 1, 2)      [14] [S]
    167     0x0001FE80       0xFFFFFF80      0x00002000         (0, 1, 15)      [7] []
    168     0x0000C580       0xFFFFFF80      0x00000081         (0, 0, 8)      [1] [E]
    169     0x0001A600       0xFFFFFF80      0x00001000         (0, 1, 4)      [6] []
    170     0x0001AE80       0xFFFFFF80      0x00000100         (0, 1, 5)      [2] []
    171     0x0001E180       0xFFFFFF80      0x00100000         (0, 1, 12)      [14] []
    172     0x00011000       0xFFFFFF80      0x00000010         (0, 1, 2)      [] [SW]
    173     0x00018000       0xFFFFFF80      0x00000008         (0, 1, 0)      [] [W]
    174     0x00020980       0xFFFFFF80      0x00010000         (0, 2, 1)      [10] []
    175     0x0000D780       0xFFFFFF80      0x00002000         (0, 0, 10)      [7] []
    176     0x00023C00       0xFFFFFF80      0x00000010         (0, 2, 7)      [] [SW]
    177     0x0001A580       0xFFFFFF80      0x00000800         (0, 1, 4)      [5] []
    178     0x0001DD80       0xFFFFFF80      0x00001000         (0, 1, 11)      [6] []
    179     0x0001E980       0xFFFFFF80      0x00200000         (0, 1, 13)      [15] []
    180     0x00016080       0xFFFFFF80      0x00100020         (0, 1, 12)      [14] [S]
    181     0x00017500       0xFFFFFF80      0x00000108         (0, 1, 14)      [2] [W]
    182     0x0000D480       0xFFFFFF80      0x00000082         (0, 0, 10)      [1] [NE]
    183     0x00024780       0xFFFFFF80      0x00000002         (0, 2, 8)      [] [NE]
    184     0x0000F580       0xFFFFFF80      0x00002021         (0, 0, 14)      [7] [E, S]
    185     0x00016E80       0xFFFFFF80      0x00200000         (0, 1, 13)      [15] []
    186     0x0000DC00       0xFFFFFF80      0x00400000         (0, 0, 11)      [16] []
    187     0x00020680       0xFFFFFF80      0x00080000         (0, 2, 0)      [13] []
    188     0x00012780       0xFFFFFF80      0x00BFFF8C         (0, 1, 4)      [1, 2, 3, 4, 5, 6, 7, 8, 9, 10, 11, 12, 13, 14, 15, 17] [N, W]
    189     0x0001FB80       0xFFFFFF80      0x00040000         (0, 1, 15)      [12] []
    190     0x0000F700       0xFFFFFF80      0x00010021         (0, 0, 14)      [10] [E, S]
    191     0x00016C00       0xFFFFFF80      0x00010008         (0, 1, 13)      [10] [W]
    192     0x0000B400       0xFFFFFF80      0x00000001         (0, 0, 6)      [] [E]
    193     0x0001AF80       0xFFFFFF80      0x00000400         (0, 1, 5)      [4] []
    194     0x00017280       0xFFFFFF80      0x00000008         (0, 1, 14)      [] [W]
    195     0x00015A80       0xFFFFFF80      0x00000130         (0, 1, 11)      [2] [SW, S]
    196     0x0001B480       0xFFFFFF80      0x00100000         (0, 1, 6)      [14] []
    197     0x00010080       0xFFFFFF80      0x00000021         (0, 1, 0)      [] [E, S]
    198     0x00032C00       0xFFFFFF00      0x00000010         (0, 3, 5)      [] [SW]
    199     0x0000B580       0xFFFFFF80      0x00000001         (0, 0, 6)      [] [E]
    200     0x0001EF00       0xFFFFFF80      0x00040000         (0, 1, 13)      [12] []
    201     0x00007880       0xFFFFFF80      0x00000001         (0, 0, 15)      [] [E]
    202     0x00010C80       0xFFFFFF80      0x00000010         (0, 1, 1)      [] [SW]
    203     0x0000C180       0xFFFFFF80      0x00000001         (0, 0, 8)      [] [E]
    204     0x0004B400       0xFFFFFF00      0x00002000         (0, 4, 6)      [7] []
    205     0x00010100       0xFFFFFF80      0x00000021         (0, 1, 0)      [] [E, S]
    206     0x00002C00       0xFFFFFF80      0x00000003         (0, 0, 5)      [] [E, NE]
    207     0x0000A980       0xFFFFFF80      0x00000800         (0, 0, 5)      [5] []
    208     0x0001AA00       0xFFFFFF80      0x00100000         (0, 1, 5)      [14] []
    209     0x0001C380       0xFFFFFF80      0x00000810         (0, 1, 8)      [5] [SW]
    210     0x00004600       0xFFFFFF80      0x00400000         (0, 0, 8)      [16] []
    211     0x00013580       0xFFFFFF80      0x003FFFB7         (0, 1, 6)      [1, 2, 3, 4, 5, 6, 7, 8, 9, 10, 11, 12, 13, 14, 15] [E, NE, N, SW, S]
    212     0x00033600       0xFFFFFF00      0x00000010         (0, 3, 6)      [] [SW]
    213     0x0001B380       0xFFFFFF80      0x00040000         (0, 1, 6)      [12] []
    214     0x00021100       0xFFFFFF80      0x00010000         (0, 2, 2)      [10] []
    215     0x0001B300       0xFFFFFF80      0x00020000         (0, 1, 6)      [11] []
    216     0x0000D700       0xFFFFFF80      0x00001000         (0, 0, 10)      [6] []
    217     0x00016580       0xFFFFFF80      0x00000018         (0, 1, 12)      [] [W, SW]
    218     0x00020B00       0xFFFFFF80      0x00080000         (0, 2, 1)      [13] []
    219     0x00020A00       0xFFFFFF80      0x00020000         (0, 2, 1)      [11] []
    220     0x00005C80       0xFFFFFF80      0x00000083         (0, 0, 11)      [1] [E, NE]
    221     0x0000E100       0xFFFFFF80      0x00000002         (0, 0, 12)      [] [NE]
    222     0x00013A00       0xFFFFFF80      0x00C00030         (0, 1, 7)      [16, 17] [SW, S]
    223     0x00017480       0xFFFFFF80      0x00000088         (0, 1, 14)      [1] [W]
    224     0x0000B480       0xFFFFFF80      0x00000001         (0, 0, 6)      [] [E]
    225     0x00011200       0xFFFFFF80      0x00000410         (0, 1, 2)      [4] [SW]
    226     0x00005A80       0xFFFFFF80      0x00000002         (0, 0, 11)      [] [NE]
    227     0x0001C680       0xFFFFFF80      0x00020000         (0, 1, 8)      [11] []
    228     0x0000E480       0xFFFFFF80      0x00000203         (0, 0, 12)      [3] [E, NE]
    229     0x00020580       0xFFFFFF80      0x00020000         (0, 2, 0)      [11] []
    230     0x00011F80       0xFFFFFF80      0x0000018E         (0, 1, 3)      [1, 2] [NE, N, W]
    231     0x00024B00       0xFFFFFF80      0x00000800         (0, 2, 9)      [5] []
    232     0x00018300       0xFFFFFF80      0x00000820         (0, 1, 0)      [5] [S]
    233     0x0000EF80       0xFFFFFF80      0x00000021         (0, 0, 13)      [] [E, S]
    234     0x00015080       0xFFFFFF80      0x00010020         (0, 1, 10)      [10] [S]
    235     0x0001AF00       0xFFFFFF80      0x00000200         (0, 1, 5)      [3] []
    236     0x0001E680       0xFFFFFF80      0x00008010         (0, 1, 12)      [9] [SW]
    237     0x00015D80       0xFFFFFF80      0x00004030         (0, 1, 11)      [8] [SW, S]
    238     0x0000C200       0xFFFFFF80      0x00000001         (0, 0, 8)      [] [E]
    239     0x0000A380       0xFFFFFF80      0x00000003         (0, 0, 4)      [] [E, NE]
    240     0x0001BC00       0xFFFFFF80      0x00008010         (0, 1, 7)      [9] [SW]
    241     0x00013A80       0xFFFFFF80      0x00C00030         (0, 1, 7)      [16, 17] [SW, S]
    242     0x0001B500       0xFFFFFF80      0x00200000         (0, 1, 6)      [15] []
    243     0x0000DF80       0xFFFFFF80      0x00000002         (0, 0, 11)      [] [NE]
    244     0x00017980       0xFFFFFF80      0x00020008         (0, 1, 15)      [11] [W]
    245     0x0000F380       0xFFFFFF80      0x00000221         (0, 0, 14)      [3] [E, S]
    246     0x0000A180       0xFFFFFF80      0x00000002         (0, 0, 4)      [] [NE]
    247     0x0001FC80       0xFFFFFF80      0x00100000         (0, 1, 15)      [14] []
    248     0x00018480       0xFFFFFF80      0x00004020         (0, 1, 0)      [8] [S]
    249     0x00015500       0xFFFFFF80      0x00000020         (0, 1, 10)      [] [S]
    250     0x0000C680       0xFFFFFF80      0x00000201         (0, 0, 8)      [3] [E]
    251     0x00033200       0xFFFFFF00      0x00000010         (0, 3, 6)      [] [SW]
    252     0x0001EF80       0xFFFFFF80      0x00080000         (0, 1, 13)      [13] []
    253     0x0001CE80       0xFFFFFF80      0x00008000         (0, 1, 9)      [9] []
    254     0x00010980       0xFFFFFF80      0x00800020         (0, 1, 1)      [17] [S]
    255     0x00012400       0xFFFFFF80      0x0003000C         (0, 1, 4)      [10, 11] [N, W]
    256     0x0000FA80       0xFFFFFF80      0x00800020         (0, 0, 15)      [17] [S]
    257     0x00014600       0xFFFFFF80      0x00000020         (0, 1, 8)      [] [S]
    258     0x00019180       0xFFFFFF80      0x00010020         (0, 1, 2)      [10] [S]
    259     0x00010800       0xFFFFFF80      0x00000020         (0, 1, 1)      [] [S]
    260     0x0001C580       0xFFFFFF80      0x00008010         (0, 1, 8)      [9] [SW]
    261     0x00022580       0xFFFFFF80      0x00000010         (0, 2, 4)      [] [SW]
    262     0x00021E00       0xFFFFFF80      0x00200000         (0, 2, 3)      [15] []
    263     0x00001D80       0xFFFFFF80      0x00000001         (0, 0, 3)      [] [E]
    264     0x00009500       0xFFFFFF80      0x00000002         (0, 0, 2)      [] [NE]
    265     0x00024F00       0xFFFFFF80      0x00080000         (0, 2, 9)      [13] []
    266     0x00002980       0xFFFFFF80      0x00000002         (0, 0, 5)      [] [NE]
    267     0x00005580       0xFFFFFF80      0x00800000         (0, 0, 10)      [17] []
    268     0x0004C200       0xFFFFFF00      0x00000004         (0, 4, 8)      [] [N]
    269     0x0000AF00       0xFFFFFF80      0x00400000         (0, 0, 5)      [16] []
    270     0x00021A80       0xFFFFFF80      0x00100000         (0, 2, 3)      [14] []
    271     0x0000D600       0xFFFFFF80      0x00000402         (0, 0, 10)      [4] [NE]
    272     0x00004980       0xFFFFFF80      0x00000001         (0, 0, 9)      [] [E]
    273     0x0000DE00       0xFFFFFF80      0x00000002         (0, 0, 11)      [] [NE]
    274     0x0000EE00       0xFFFFFF80      0x00000021         (0, 0, 13)      [] [E, S]
    275     0x00009380       0xFFFFFF80      0x00000002         (0, 0, 2)      [] [NE]
    276     0x0001D880       0xFFFFFF80      0x00040000         (0, 1, 11)      [12] []
    277     0x00007B00       0xFFFFFF80      0x00000101         (0, 0, 15)      [2] [E]
    278     0x00024A00       0xFFFFFF80      0x00000202         (0, 2, 9)      [3] [NE]
    279     0x00015E80       0xFFFFFF80      0x00010030         (0, 1, 11)      [10] [SW, S]
    280     0x0001E200       0xFFFFFF80      0x00200000         (0, 1, 12)      [15] []
    281     0x00017180       0xFFFFFF80      0x00000008         (0, 1, 14)      [] [W]
    282     0x00014A00       0xFFFFFF80      0x00000020         (0, 1, 9)      [] [S]
    283     0x0001DB00       0xFFFFFF80      0x00000080         (0, 1, 11)      [1] []
    284     0x0001EB80       0xFFFFFF80      0x00000810         (0, 1, 13)      [5] [SW]
    285     0x0000C280       0xFFFFFF80      0x00000001         (0, 0, 8)      [] [E]
    286     0x00013C00       0xFFFFFF80      0x00C00030         (0, 1, 7)      [16, 17] [SW, S]
    287     0x0001FB00       0xFFFFFF80      0x00020000         (0, 1, 15)      [11] []
    288     0x00002A00       0xFFFFFF80      0x00000002         (0, 0, 5)      [] [NE]
    289     0x00021C80       0xFFFFFF80      0x00200000         (0, 2, 3)      [15] []
    290     0x0001AA80       0xFFFFFF80      0x00200000         (0, 1, 5)      [15] []
    291     0x00033700       0xFFFFFF00      0x00000010         (0, 3, 6)      [] [SW]
    292     0x00008880       0xFFFFFF80      0x00000002         (0, 0, 1)      [] [NE]
    293     0x00045E00       0xFFFFFF00      0x00000008         (0, 4, 11)      [] [W]
    294     0x0000E280       0xFFFFFF80      0x00000002         (0, 0, 12)      [] [NE]
    295     0x0000CF80       0xFFFFFF80      0x00000002         (0, 0, 9)      [] [NE]
    296     0x0001FF00       0xFFFFFF80      0x00004000         (0, 1, 15)      [8] []
    297     0x00006880       0xFFFFFF80      0x00000001         (0, 0, 13)      [] [E]
    298     0x00013780       0xFFFFFF80      0x00C00030         (0, 1, 6)      [16, 17] [SW, S]
    299     0x0001AE00       0xFFFFFF80      0x00000080         (0, 1, 5)      [1] []
    300     0x0001CC80       0xFFFFFF80      0x00000800         (0, 1, 9)      [5] []
    301     0x00009880       0xFFFFFF80      0x00000082         (0, 0, 3)      [1] [NE]
    302     0x00016B80       0xFFFFFF80      0x00008008         (0, 1, 13)      [9] [W]
    303     0x00045800       0xFFFFFF00      0x00000008         (0, 4, 11)      [] [W]
    304     0x00024700       0xFFFFFF80      0x00000002         (0, 2, 8)      [] [NE]
    305     0x00023B80       0xFFFFFF80      0x00000010         (0, 2, 7)      [] [SW]
    306     0x00014D00       0xFFFFFF80      0x00000220         (0, 1, 9)      [3] [S]
    307     0x0000C780       0xFFFFFF80      0x00000800         (0, 0, 8)      [5] []
    308     0x00003B80       0xFFFFFF80      0x00000001         (0, 0, 7)      [] [E]
    309     0x00012E00       0xFFFFFF80      0x003FFF8E         (0, 1, 5)      [1, 2, 3, 4, 5, 6, 7, 8, 9, 10, 11, 12, 13, 14, 15] [NE, N, W]
    310     0x0004B500       0xFFFFFF00      0x00004000         (0, 4, 6)      [8] []
    311     0x00019400       0xFFFFFF80      0x00200000         (0, 1, 2)      [15] []
    312     0x0000F200       0xFFFFFF80      0x00000021         (0, 0, 14)      [] [E, S]
    313     0x00020700       0xFFFFFF80      0x00100000         (0, 2, 0)      [14] []
    314     0x0001D080       0xFFFFFF80      0x00080000         (0, 1, 10)      [13] []
    315     0x00013700       0xFFFFFF80      0x00C00030         (0, 1, 6)      [16, 17] [SW, S]
    316     0x00014B00       0xFFFFFF80      0x00000020         (0, 1, 9)      [] [S]
    317     0x0000F500       0xFFFFFF80      0x00001021         (0, 0, 14)      [6] [E, S]
    318     0x0001BB80       0xFFFFFF80      0x00004010         (0, 1, 7)      [8] [SW]
    319     0x00003A00       0xFFFFFF80      0x00000001         (0, 0, 7)      [] [E]
    320     0x00020600       0xFFFFFF80      0x00040000         (0, 2, 0)      [12] []
    321     0x00045900       0xFFFFFF00      0x00000008         (0, 4, 11)      [] [W]
    322     0x0000C380       0xFFFFFF80      0x00000001         (0, 0, 8)      [] [E]
    323     0x00012500       0xFFFFFF80      0x000C000C         (0, 1, 4)      [12, 13] [N, W]
    324     0x00018E80       0xFFFFFF80      0x00000420         (0, 1, 1)      [4] [S]
    325     0x0004B000       0xFFFFFF00      0x00000200         (0, 4, 6)      [3] []
    326     0x0001DE00       0xFFFFFF80      0x00002000         (0, 1, 11)      [7] []
    327     0x00018780       0xFFFFFF80      0x00100020         (0, 1, 0)      [14] [S]
    328     0x00010700       0xFFFFFF80      0x00040021         (0, 1, 0)      [12] [E, S]
    329     0x0000B900       0xFFFFFF80      0x00001000         (0, 0, 7)      [6] []
    330     0x0001BD00       0xFFFFFF80      0x00020000         (0, 1, 7)      [11] []
    331     0x00018100       0xFFFFFF80      0x00000088         (0, 1, 0)      [1] [W]
    332     0x00013000       0xFFFFFF80      0x003FFFBF         (0, 1, 6)      [1, 2, 3, 4, 5, 6, 7, 8, 9, 10, 11, 12, 13, 14, 15] [E, NE, N, W, SW, S]
    333     0x00019C00       0xFFFFFF80      0x00004000         (0, 1, 3)      [8] []
    334     0x00015180       0xFFFFFF80      0x00040020         (0, 1, 10)      [12] [S]
    335     0x00011D00       0xFFFFFF80      0x0000000E         (0, 1, 3)      [] [NE, N, W]
    336     0x00006B80       0xFFFFFF80      0x00000081         (0, 0, 13)      [1] [E]
    337     0x00045A00       0xFFFFFF00      0x00000008         (0, 4, 11)      [] [W]
    338     0x00010E00       0xFFFFFF80      0x00000010         (0, 1, 1)      [] [SW]
    339     0x00016C80       0xFFFFFF80      0x00020008         (0, 1, 13)      [11] [W]
    340     0x00002D80       0xFFFFFF80      0x00000003         (0, 0, 5)      [] [E, NE]
    341     0x00042300       0xFFFFFF00      0x00000010         (0, 4, 4)      [] [SW]
    342     0x00024380       0xFFFFFF80      0x00000002         (0, 2, 8)      [] [NE]
    343     0x00000E00       0xFFFFFF80      0x00000001         (0, 0, 1)      [] [E]
    344     0x00019900       0xFFFFFF80      0x00000100         (0, 1, 3)      [2] []
    345     0x0004C400       0xFFFFFF00      0x00000004         (0, 4, 8)      [] [N]
    346     0x00009400       0xFFFFFF80      0x00000002         (0, 0, 2)      [] [NE]
    347     0x00045600       0xFFFFFF00      0x00000008         (0, 4, 10)      [] [W]
    348     0x00024D80       0xFFFFFF80      0x00010000         (0, 2, 9)      [10] []
    349     0x00017F00       0xFFFFFF80      0x00000008         (0, 1, 15)      [] [W]
    350     0x0001F500       0xFFFFFF80      0x00020000         (0, 1, 14)      [11] []
    351     0x00016F80       0xFFFFFF80      0x00000008         (0, 1, 13)      [] [W]
    352     0x0000DC80       0xFFFFFF80      0x00800000         (0, 0, 11)      [17] []
    353     0x0001D980       0xFFFFFF80      0x00100000         (0, 1, 11)      [14] []
    354     0x00021000       0xFFFFFF80      0x00200000         (0, 2, 2)      [15] []
    355     0x0001A680       0xFFFFFF80      0x00002000         (0, 1, 4)      [7] []
    356     0x0000D280       0xFFFFFF80      0x00000002         (0, 0, 10)      [] [NE]
    357     0x00015700       0xFFFFFF80      0x00000020         (0, 1, 10)      [] [S]
    358     0x0001B900       0xFFFFFF80      0x00000210         (0, 1, 7)      [3] [SW]
    359     0x0001D900       0xFFFFFF80      0x00080000         (0, 1, 11)      [13] []
    360     0x0000A500       0xFFFFFF80      0x00000003         (0, 0, 4)      [] [E, NE]
    361     0x00019B00       0xFFFFFF80      0x00001000         (0, 1, 3)      [6] []
    362     0x00009A80       0xFFFFFF80      0x00000800         (0, 0, 3)      [5] []
    363     0x00004A80       0xFFFFFF80      0x00000001         (0, 0, 9)      [] [E]
    364     0x0001FD00       0xFFFFFF80      0x00200000         (0, 1, 15)      [15] []
    365     0x00013880       0xFFFFFF80      0x00C00030         (0, 1, 7)      [16, 17] [SW, S]
    366     0x0001E580       0xFFFFFF80      0x00002010         (0, 1, 12)      [7] [SW]
    367     0x00015380       0xFFFFFF80      0x00000020         (0, 1, 10)      [] [S]
    368     0x00032F00       0xFFFFFF00      0x00000010         (0, 3, 5)      [] [SW]
    369     0x00005780       0xFFFFFF80      0x00000002         (0, 0, 10)      [] [NE]
    370     0x00002B00       0xFFFFFF80      0x00000003         (0, 0, 5)      [] [E, NE]
    371     0x00012300       0xFFFFFF80      0x0000C00C         (0, 1, 4)      [8, 9] [N, W]
    372     0x00007600       0xFFFFFF80      0x00000001         (0, 0, 14)      [] [E]
    373     0x00016900       0xFFFFFF80      0x00000418         (0, 1, 13)      [4] [W, SW]
    374     0x0000FE00       0xFFFFFF80      0x00000021         (0, 0, 15)      [] [E, S]
    375     0x00017D80       0xFFFFFF80      0x00000008         (0, 1, 15)      [] [W]
    376     0x00012480       0xFFFFFF80      0x0006000C         (0, 1, 4)      [11, 12] [N, W]
    377     0x00011380       0xFFFFFF80      0x00002010         (0, 1, 2)      [7] [SW]
    378     0x0001E000       0xFFFFFF80      0x00020000         (0, 1, 12)      [11] []
    379     0x0004AE00       0xFFFFFF00      0x00000080         (0, 4, 5)      [1] []
    380     0x0000E680       0xFFFFFF80      0x00002000         (0, 0, 12)      [7] []
    381     0x0001F000       0xFFFFFF80      0x00100000         (0, 1, 14)      [14] []
    382     0x00001900       0xFFFFFF80      0x00400000         (0, 0, 3)      [16] []
    383     0x0000EC80       0xFFFFFF80      0x00000020         (0, 0, 13)      [] [S]
    384     0x00006A80       0xFFFFFF80      0x00000001         (0, 0, 13)      [] [E]
    385     0x00033000       0xFFFFFF00      0x00000010         (0, 3, 6)      [] [SW]
    386     0x00011B80       0xFFFFFF80      0x0000000E         (0, 1, 3)      [] [NE, N, W]
    387     0x0001F700       0xFFFFFF80      0x00200000         (0, 1, 14)      [15] []
    388     0x00018D80       0xFFFFFF80      0x00000120         (0, 1, 1)      [2] [S]
    389     0x0001D300       0xFFFFFF80      0x00000080         (0, 1, 10)      [1] []
    390     0x00042500       0xFFFFFF00      0x00000010         (0, 4, 4)      [] [SW]
    391     0x0001CD80       0xFFFFFF80      0x00002000         (0, 1, 9)      [7] []
    392     0x00014500       0xFFFFFF80      0x00C00020         (0, 1, 8)      [16, 17] [S]
    393     0x00015900       0xFFFFFF80      0x00000030         (0, 1, 11)      [] [SW, S]
    394     0x0000FC80       0xFFFFFF80      0x00000021         (0, 0, 15)      [] [E, S]
    395     0x0000D200       0xFFFFFF80      0x00000002         (0, 0, 10)      [] [NE]
    396     0x00016A80       0xFFFFFF80      0x00002008         (0, 1, 13)      [7] [W]
    397     0x0001F180       0xFFFFFF80      0x00000410         (0, 1, 14)      [4] [SW]
    398     0x00024E00       0xFFFFFF80      0x00020000         (0, 2, 9)      [11] []
    399     0x00011B00       0xFFFFFF80      0x0000000E         (0, 1, 3)      [] [NE, N, W]
    400     0x00012D80       0xFFFFFF80      0x003FFF8E         (0, 1, 5)      [1, 2, 3, 4, 5, 6, 7, 8, 9, 10, 11, 12, 13, 14, 15] [NE, N, W]
    401     0x00014700       0xFFFFFF80      0x00000020         (0, 1, 8)      [] [S]
    402     0x00008800       0xFFFFFF80      0x00000002         (0, 0, 1)      [] [NE]
    403     0x0000A600       0xFFFFFF80      0x00000003         (0, 0, 4)      [] [E, NE]
    404     0x00033100       0xFFFFFF00      0x00000010         (0, 3, 6)      [] [SW]
    405     0x0000E600       0xFFFFFF80      0x00001000         (0, 0, 12)      [6] []
    406     0x00012E80       0xFFFFFF80      0x003FFFBF         (0, 1, 5)      [1, 2, 3, 4, 5, 6, 7, 8, 9, 10, 11, 12, 13, 14, 15] [E, NE, N, W, SW, S]
    407     0x0001C400       0xFFFFFF80      0x00001010         (0, 1, 8)      [6] [SW]
    408     0x00001C80       0xFFFFFF80      0x00000001         (0, 0, 3)      [] [E]
    409     0x00015800       0xFFFFFF80      0x00000020         (0, 1, 11)      [] [S]
    410     0x00019080       0xFFFFFF80      0x00004020         (0, 1, 2)      [8] [S]
    411     0x0000AA00       0xFFFFFF80      0x00001000         (0, 0, 5)      [6] []
    412     0x0000D100       0xFFFFFF80      0x00000002         (0, 0, 10)      [] [NE]
    413     0x00016680       0xFFFFFF80      0x00000018         (0, 1, 12)      [] [W, SW]
    414     0x00020100       0xFFFFFF80      0x00040000         (0, 2, 0)      [12] []
    415     0x00018200       0xFFFFFF80      0x00000208         (0, 1, 0)      [3] [W]
    416     0x00020F80       0xFFFFFF80      0x00100000         (0, 2, 1)      [14] []
    417     0x0000A200       0xFFFFFF80      0x00000002         (0, 0, 4)      [] [NE]
    418     0x00016380       0xFFFFFF80      0x00000018         (0, 1, 12)      [] [W, SW]
    419     0x00017B80       0xFFFFFF80      0x00200000         (0, 1, 15)      [15] []
    420     0x0001EC00       0xFFFFFF80      0x00001010         (0, 1, 13)      [6] [SW]
    421     0x0001A700       0xFFFFFF80      0x00004000         (0, 1, 4)      [8] []
    422     0x0004C600       0xFFFFFF00      0x00000004         (0, 4, 8)      [] [N]
    423     0x00005800       0xFFFFFF80      0x00000002         (0, 0, 11)      [] [NE]
    424     0x00010E80       0xFFFFFF80      0x00000010         (0, 1, 1)      [] [SW]
    425     0x0001BC80       0xFFFFFF80      0x00010010         (0, 1, 7)      [10] [SW]
    426     0x0000AF80       0xFFFFFF80      0x00800000         (0, 0, 5)      [17] []
    427     0x0001B780       0xFFFFFF80      0x00000010         (0, 1, 6)      [] [SW]
    428     0x0000BE80       0xFFFFFF80      0x00800000         (0, 0, 7)      [17] []
    429     0x00021880       0xFFFFFF80      0x00100000         (0, 2, 3)      [14] []
    430     0x00017380       0xFFFFFF80      0x00000008         (0, 1, 14)      [] [W]
    431     0x0000A080       0xFFFFFF80      0x00800000         (0, 0, 4)      [17] []
    432     0x00024600       0xFFFFFF80      0x00000002         (0, 2, 8)      [] [NE]
    433     0x00016800       0xFFFFFF80      0x00000118         (0, 1, 13)      [2] [W, SW]
    434     0x00001B80       0xFFFFFF80      0x00000001         (0, 0, 3)      [] [E]
    435     0x00010A00       0xFFFFFF80      0x00000020         (0, 1, 1)      [] [S]
    436     0x00003D00       0xFFFFFF80      0x00000001         (0, 0, 7)      [] [E]
    437     0x0001B000       0xFFFFFF80      0x00000800         (0, 1, 6)      [5] []
    438     0x00007680       0xFFFFFF80      0x00000001         (0, 0, 14)      [] [E]
    439     0x0001E380       0xFFFFFF80      0x00000210         (0, 1, 12)      [3] [SW]
    440     0x00004B80       0xFFFFFF80      0x00000001         (0, 0, 9)      [] [E]
    441     0x00016100       0xFFFFFF80      0x00200010         (0, 1, 12)      [15] [SW]
    442     0x00011500       0xFFFFFF80      0x0001000C         (0, 1, 2)      [10] [N, W]
    443     0x00014C00       0xFFFFFF80      0x000000A0         (0, 1, 9)      [1] [S]
    444     0x00016B00       0xFFFFFF80      0x00004008         (0, 1, 13)      [8] [W]
    445     0x00018F80       0xFFFFFF80      0x00001020         (0, 1, 1)      [6] [S]
    446     0x00012C80       0xFFFFFF80      0x003FFF8E         (0, 1, 5)      [1, 2, 3, 4, 5, 6, 7, 8, 9, 10, 11, 12, 13, 14, 15] [NE, N, W]
    447     0x0000E500       0xFFFFFF80      0x00000403         (0, 0, 12)      [4] [E, NE]
    448     0x00032D00       0xFFFFFF00      0x00000010         (0, 3, 5)      [] [SW]
    449     0x0001A380       0xFFFFFF80      0x00000080         (0, 1, 4)      [1] []
    450     0x0001D000       0xFFFFFF80      0x00040000         (0, 1, 10)      [12] []
    451     0x00016A00       0xFFFFFF80      0x00001008         (0, 1, 13)      [6] [W]
    452     0x0000DE80       0xFFFFFF80      0x00000002         (0, 0, 11)      [] [NE]
    453     0x0000A000       0xFFFFFF80      0x00400000         (0, 0, 4)      [16] []
    454     0x0000D300       0xFFFFFF80      0x00000002         (0, 0, 10)      [] [NE]
    455     0x0000D580       0xFFFFFF80      0x00000202         (0, 0, 10)      [3] [NE]
    456     0x00012C00       0xFFFFFF80      0x003FFF8E         (0, 1, 5)      [1, 2, 3, 4, 5, 6, 7, 8, 9, 10, 11, 12, 13, 14, 15] [NE, N, W]
    457     0x0000A400       0xFFFFFF80      0x00000003         (0, 0, 4)      [] [E, NE]
    458     0x00011400       0xFFFFFF80      0x00004010         (0, 1, 2)      [8] [SW]
    459     0x0001F280       0xFFFFFF80      0x00001010         (0, 1, 14)      [6] [SW]
    460     0x00021780       0xFFFFFF80      0x00040000         (0, 2, 2)      [12] []
    461     0x00014680       0xFFFFFF80      0x00000020         (0, 1, 8)      [] [S]
    462     0x0000B700       0xFFFFFF80      0x00000101         (0, 0, 6)      [2] [E]
    463     0x0001F100       0xFFFFFF80      0x00000210         (0, 1, 14)      [3] [SW]
    464     0x0001F580       0xFFFFFF80      0x00040000         (0, 1, 14)      [12] []
    465     0x00019E00       0xFFFFFF80      0x00040000         (0, 1, 3)      [12] []
    466     0x0001D400       0xFFFFFF80      0x00000200         (0, 1, 10)      [3] []
    467     0x00017C80       0xFFFFFF80      0x00000008         (0, 1, 15)      [] [W]
    468     0x00012600       0xFFFFFF80      0x00300004         (0, 1, 4)      [14, 15] [N]
    469     0x00024300       0xFFFFFF80      0x00000002         (0, 2, 8)      [] [NE]
    470     0x00009100       0xFFFFFF80      0x00400000         (0, 0, 2)      [16] []
    471     0x00020D80       0xFFFFFF80      0x00010000         (0, 2, 1)      [10] []
    472     0x0000ED00       0xFFFFFF80      0x00000021         (0, 0, 13)      [] [E, S]
    473     0x00025000       0xFFFFFF80      0x00200000         (0, 2, 10)      [15] []
    474     0x00014200       0xFFFFFF80      0x00C18020         (0, 1, 8)      [16, 17, 10, 9] [S]
    475     0x00019B80       0xFFFFFF80      0x00002000         (0, 1, 3)      [7] []
    476     0x0001CF80       0xFFFFFF80      0x00020000         (0, 1, 9)      [11] []
    477     0x0001A400       0xFFFFFF80      0x00000100         (0, 1, 4)      [2] []
    478     0x0000F100       0xFFFFFF80      0x00000021         (0, 0, 14)      [] [E, S]
    479     0x00011580       0xFFFFFF80      0x0002000C         (0, 1, 2)      [11] [N, W]
    480     0x0001A980       0xFFFFFF80      0x00080000         (0, 1, 5)      [13] []
    481     0x00009280       0xFFFFFF80      0x00000002         (0, 0, 2)      [] [NE]
    482     0x00021700       0xFFFFFF80      0x00020000         (0, 2, 2)      [11] []
    483     0x00009780       0xFFFFFF80      0x00000002         (0, 0, 2)      [] [NE]
    484     0x00016700       0xFFFFFF80      0x00000018         (0, 1, 12)      [] [W, SW]
    485     0x00013380       0xFFFFFF80      0x003FFFBD         (0, 1, 6)      [1, 2, 3, 4, 5, 6, 7, 8, 9, 10, 11, 12, 13, 14, 15] [E, N, W, SW, S]
    486     0x0000E400       0xFFFFFF80      0x00000103         (0, 0, 12)      [2] [E, NE]
    487     0x00042600       0xFFFFFF00      0x00000010         (0, 4, 4)      [] [SW]
    488     0x0001E400       0xFFFFFF80      0x00000410         (0, 1, 12)      [4] [SW]
    489     0x00002A80       0xFFFFFF80      0x00000003         (0, 0, 5)      [] [E, NE]
    490     0x00019980       0xFFFFFF80      0x00000200         (0, 1, 3)      [3] []
    491     0x0000B300       0xFFFFFF80      0x00000001         (0, 0, 6)      [] [E]
    492     0x0001F680       0xFFFFFF80      0x00100000         (0, 1, 14)      [14] []
    493     0x00045C00       0xFFFFFF00      0x00000008         (0, 4, 11)      [] [W]
    494     0x0000D000       0xFFFFFF80      0x00000002         (0, 0, 10)      [] [NE]
    495     0x0001A500       0xFFFFFF80      0x00000400         (0, 1, 4)      [4] []
    496     0x00046900       0xFFFFFF00      0x00000008         (0, 4, 13)      [] [W]
    497     0x0001C300       0xFFFFFF80      0x00000410         (0, 1, 8)      [4] [SW]
    498     0x00016D80       0xFFFFFF80      0x00080000         (0, 1, 13)      [13] []
    499     0x0004C500       0xFFFFFF00      0x00000004         (0, 4, 8)      [] [N]
    500     0x00008B00       0xFFFFFF80      0x00000402         (0, 0, 1)      [4] [NE]
    501     0x00015000       0xFFFFFF80      0x00008020         (0, 1, 10)      [9] [S]
    502     0x0000C900       0xFFFFFF80      0x00004000         (0, 0, 9)      [8] []
    503     0x0001E280       0xFFFFFF80      0x00000090         (0, 1, 12)      [1] [SW]
    504     0x0001BA80       0xFFFFFF80      0x00001010         (0, 1, 7)      [6] [SW]
    505     0x00019A80       0xFFFFFF80      0x00000800         (0, 1, 3)      [5] []
    506     0x00013280       0xFFFFFF80      0x003FFFBD         (0, 1, 6)      [1, 2, 3, 4, 5, 6, 7, 8, 9, 10, 11, 12, 13, 14, 15] [E, N, W, SW, S]
    507     0x0000E700       0xFFFFFF80      0x00004000         (0, 0, 12)      [8] []
    508     0x00011300       0xFFFFFF80      0x00001010         (0, 1, 2)      [6] [SW]
    509     0x0000F900       0xFFFFFF80      0x00000020         (0, 0, 15)      [] [S]
    510     0x00021D00       0xFFFFFF80      0x00100000         (0, 2, 3)      [14] []
    511     0x00020300       0xFFFFFF80      0x00001000         (0, 2, 0)      [6] []
    512     0x0000A680       0xFFFFFF80      0x00000003         (0, 0, 4)      [] [E, NE]
    513     0x00021400       0xFFFFFF80      0x00010000         (0, 2, 2)      [10] []
    514     0x00007780       0xFFFFFF80      0x00000001         (0, 0, 14)      [] [E]
    515     0x00013F00       0xFFFFFF80      0x00C00630         (0, 1, 7)      [16, 17, 3, 4] [SW, S]
    516     0x0001D580       0xFFFFFF80      0x00001000         (0, 1, 10)      [6] []
    517     0x00010400       0xFFFFFF80      0x00001021         (0, 1, 0)      [6] [E, S]
    518     0x00014D80       0xFFFFFF80      0x00000420         (0, 1, 9)      [4] [S]
    519     0x0000CE80       0xFFFFFF80      0x00000002         (0, 0, 9)      [] [NE]
    520     0x00021680       0xFFFFFF80      0x00200000         (0, 2, 2)      [15] []
    521     0x00009680       0xFFFFFF80      0x00000002         (0, 0, 2)      [] [NE]
    522     0x00012800       0xFFFFFF80      0x003FFF8C         (0, 1, 5)      [1, 2, 3, 4, 5, 6, 7, 8, 9, 10, 11, 12, 13, 14, 15] [N, W]
    523     0x0000F300       0xFFFFFF80      0x00000121         (0, 0, 14)      [2] [E, S]
    524     0x0001A780       0xFFFFFF80      0x00008000         (0, 1, 4)      [9] []
    525     0x0001D480       0xFFFFFF80      0x00000400         (0, 1, 10)      [4] []
    526     0x00018B00       0xFFFFFF80      0x00000020         (0, 1, 1)      [] [S]
    527     0x0001D800       0xFFFFFF80      0x00020000         (0, 1, 11)      [11] []
    528     0x00013400       0xFFFFFF80      0x003FFFBD         (0, 1, 6)      [1, 2, 3, 4, 5, 6, 7, 8, 9, 10, 11, 12, 13, 14, 15] [E, N, W, SW, S]
    529     0x00033800       0xFFFFFF00      0x00000010         (0, 3, 7)      [] [SW]
    530     0x00015600       0xFFFFFF80      0x00000020         (0, 1, 10)      [] [S]
    531     0x0001EC80       0xFFFFFF80      0x00002010         (0, 1, 13)      [7] [SW]
    532     0x0001BA00       0xFFFFFF80      0x00000810         (0, 1, 7)      [5] [SW]
    533     0x0000F780       0xFFFFFF80      0x00020021         (0, 0, 14)      [11] [E, S]
    534     0x0001DF80       0xFFFFFF80      0x00010000         (0, 1, 11)      [10] []
    535     0x00005980       0xFFFFFF80      0x00000002         (0, 0, 11)      [] [NE]
    536     0x0000C080       0xFFFFFF80      0x00000001         (0, 0, 8)      [] [E]
    537     0x0000B180       0xFFFFFF80      0x00000001         (0, 0, 6)      [] [E]
    538     0x0001F300       0xFFFFFF80      0x00002010         (0, 1, 14)      [7] [SW]
    539     0x0000D880       0xFFFFFF80      0x00008000         (0, 0, 11)      [9] []
    540     0x0001F980       0xFFFFFF80      0x00004000         (0, 1, 15)      [8] []
    541     0x0000F000       0xFFFFFF80      0x00000021         (0, 0, 14)      [] [E, S]
    542     0x0000D400       0xFFFFFF80      0x00000002         (0, 0, 10)      [] [NE]
    543     0x00016D00       0xFFFFFF80      0x00040008         (0, 1, 13)      [12] [W]
    544     0x00011280       0xFFFFFF80      0x00000810         (0, 1, 2)      [5] [SW]
    545     0x0000EE80       0xFFFFFF80      0x00000021         (0, 0, 13)      [] [E, S]
    546     0x00003D80       0xFFFFFF80      0x00000001         (0, 0, 7)      [] [E]
    547     0x00022380       0xFFFFFF80      0x00000010         (0, 2, 4)      [] [SW]
    548     0x0001E100       0xFFFFFF80      0x00080000         (0, 1, 12)      [13] []
    549     0x00018400       0xFFFFFF80      0x00002020         (0, 1, 0)      [7] [S]
    550     0x00020000       0xFFFFFF80      0x00010000         (0, 2, 0)      [10] []
    551     0x00006700       0xFFFFFF80      0x00000001         (0, 0, 12)      [] [E]
    552     0x0004C000       0xFFFFFF00      0x00000004         (0, 4, 8)      [] [N]
    553     0x00014580       0xFFFFFF80      0x00800020         (0, 1, 8)      [17] [S]
    554     0x00020800       0xFFFFFF80      0x00002000         (0, 2, 1)      [7] []
    555     0x00001E80       0xFFFFFF80      0x00000001         (0, 0, 3)      [] [E]
    556     0x00006A00       0xFFFFFF80      0x00000001         (0, 0, 13)      [] [E]
    557     0x0001FE00       0xFFFFFF80      0x00001000         (0, 1, 15)      [6] []
    558     0x0001A880       0xFFFFFF80      0x00020000         (0, 1, 5)      [11] []
    559     0x00019000       0xFFFFFF80      0x00002020         (0, 1, 2)      [7] [S]
    560     0x00013100       0xFFFFFF80      0x003FFFBD         (0, 1, 6)      [1, 2, 3, 4, 5, 6, 7, 8, 9, 10, 11, 12, 13, 14, 15] [E, N, W, SW, S]
    561     0x00018500       0xFFFFFF80      0x00008020         (0, 1, 0)      [9] [S]
    562     0x00010580       0xFFFFFF80      0x00008021         (0, 1, 0)      [9] [E, S]
    563     0x0001D380       0xFFFFFF80      0x00000100         (0, 1, 10)      [2] []
    564     0x0000E180       0xFFFFFF80      0x00000002         (0, 0, 12)      [] [NE]
    565     0x00000D00       0xFFFFFF80      0x00000001         (0, 0, 1)      [] [E]
    566     0x00016000       0xFFFFFF80      0x00080020         (0, 1, 12)      [13] [S]
    567     0x00015A00       0xFFFFFF80      0x000000B0         (0, 1, 11)      [1] [SW, S]
    568     0x00014180       0xFFFFFF80      0x00C0C020         (0, 1, 8)      [16, 17, 8, 9] [S]
    569     0x0000A580       0xFFFFFF80      0x00000003         (0, 0, 4)      [] [E, NE]
    570     0x00000C80       0xFFFFFF80      0x00000001         (0, 0, 1)      [] [E]
    571     0x00014E80       0xFFFFFF80      0x00001020         (0, 1, 9)      [6] [S]
    572     0x00012380       0xFFFFFF80      0x0001800C         (0, 1, 4)      [9, 10] [N, W]
    573     0x00009580       0xFFFFFF80      0x00000002         (0, 0, 2)      [] [NE]
    574     0x00013500       0xFFFFFF80      0x003FFFB5         (0, 1, 6)      [1, 2, 3, 4, 5, 6, 7, 8, 9, 10, 11, 12, 13, 14, 15] [E, N, SW, S]
    575     0x0001E780       0xFFFFFF80      0x00020000         (0, 1, 12)      [11] []
    576     0x00018800       0xFFFFFF80      0x00200000         (0, 1, 1)      [15] []
    577     0x00022600       0xFFFFFF80      0x00000010         (0, 2, 4)      [] [SW]
    578     0x00018180       0xFFFFFF80      0x00000108         (0, 1, 0)      [2] [W]
    579     0x00012000       0xFFFFFF80      0x0000030E         (0, 1, 4)      [2, 3] [NE, N, W]
    580     0x0001BE00       0xFFFFFF80      0x00080000         (0, 1, 7)      [13] []
    581     0x00022880       0xFFFFFF80      0x00C00000         (0, 2, 5)      [16, 17] []
    582     0x00020480       0xFFFFFF80      0x00008000         (0, 2, 0)      [9] []
    583     0x00010500       0xFFFFFF80      0x00004021         (0, 1, 0)      [8] [E, S]
    584     0x00033A00       0xFFFFFF00      0x00000010         (0, 3, 7)      [] [SW]
    585     0x00018600       0xFFFFFF80      0x00020020         (0, 1, 0)      [11] [S]
    586     0x00011880       0xFFFFFF80      0x0080000C         (0, 1, 3)      [17] [N, W]
    587     0x00018700       0xFFFFFF80      0x00080020         (0, 1, 0)      [13] [S]
    588     0x00017F80       0xFFFFFF80      0x00000008         (0, 1, 15)      [] [W]
    589     0x00008600       0xFFFFFF80      0x00000002         (0, 0, 0)      [] [NE]
    590     0x0000F400       0xFFFFFF80      0x00000421         (0, 0, 14)      [4] [E, S]
    591     0x0001DC00       0xFFFFFF80      0x00000200         (0, 1, 11)      [3] []
    592     0x0000CD00       0xFFFFFF80      0x00400000         (0, 0, 9)      [16] []
    593     0x00024080       0xFFFFFF80      0x00000002         (0, 2, 8)      [] [NE]
    594     0x00022800       0xFFFFFF80      0x003FFF80         (0, 2, 5)      [1, 2, 3, 4, 5, 6, 7, 8, 9, 10, 11, 12, 13, 14, 15] []
    595     0x0000EB00       0xFFFFFF80      0x00400020         (0, 0, 13)      [16] [S]
    596     0x00046300       0xFFFFFF00      0x00000008         (0, 4, 12)      [] [W]
    597     0x0000E580       0xFFFFFF80      0x00000800         (0, 0, 12)      [5] []
    598     0x00011700       0xFFFFFF80      0x00000008         (0, 1, 2)      [] [W]
    599     0x00024980       0xFFFFFF80      0x00000102         (0, 2, 9)      [2] [NE]
    600     0x0000E800       0xFFFFFF80      0x00010000         (0, 0, 13)      [10] []
    601     0x0001D100       0xFFFFFF80      0x00100000         (0, 1, 10)      [14] []
    602     0x00014400       0xFFFFFF80      0x00D80020         (0, 1, 8)      [16, 17, 13, 14] [S]
    603     0x00020A80       0xFFFFFF80      0x00040000         (0, 2, 1)      [12] []
    604     0x0001EA80       0xFFFFFF80      0x00000210         (0, 1, 13)      [3] [SW]
    605     0x00016200       0xFFFFFF80      0x00000018         (0, 1, 12)      [] [W, SW]
    606     0x0001DC80       0xFFFFFF80      0x00000400         (0, 1, 11)      [4] []
    607     0x00033B00       0xFFFFFF00      0x00000010         (0, 3, 7)      [] [SW]
    608     0x00020280       0xFFFFFF80      0x00200000         (0, 2, 0)      [15] []
    609     0x00000D80       0xFFFFFF80      0x00000001         (0, 0, 1)      [] [E]
    610     0x00012080       0xFFFFFF80      0x0000060E         (0, 1, 4)      [3, 4] [NE, N, W]
    611     0x00020380       0xFFFFFF80      0x00002000         (0, 2, 0)      [7] []
    612     0x0001F400       0xFFFFFF80      0x00008010         (0, 1, 14)      [9] [SW]
    613     0x00021D80       0xFFFFFF80      0x00200000         (0, 2, 3)      [15] []
    614     0x00008680       0xFFFFFF80      0x00000002         (0, 0, 0)      [] [NE]
    615     0x0000A900       0xFFFFFF80      0x00000401         (0, 0, 5)      [4] [E]
    616     0x00046600       0xFFFFFF00      0x00000008         (0, 4, 12)      [] [W]
    617     0x00046400       0xFFFFFF00      0x00000008         (0, 4, 12)      [] [W]
    618     0x00007300       0xFFFFFF80      0x00400000         (0, 0, 14)      [16] []
    619     0x00018C00       0xFFFFFF80      0x00000020         (0, 1, 1)      [] [S]
    620     0x00004C80       0xFFFFFF80      0x00000002         (0, 0, 9)      [] [NE]
    621     0x0001CC00       0xFFFFFF80      0x00000400         (0, 1, 9)      [4] []
    622     0x00020D00       0xFFFFFF80      0x00008000         (0, 2, 1)      [9] []
    623     0x00012A00       0xFFFFFF80      0x003FFF8E         (0, 1, 5)      [1, 2, 3, 4, 5, 6, 7, 8, 9, 10, 11, 12, 13, 14, 15] [NE, N, W]
    624     0x00009980       0xFFFFFF80      0x00000202         (0, 0, 3)      [3] [NE]
    625     0x0000FD80       0xFFFFFF80      0x00000021         (0, 0, 15)      [] [E, S]
    626     0x00004900       0xFFFFFF80      0x00000001         (0, 0, 9)      [] [E]
    627     0x00021180       0xFFFFFF80      0x00020000         (0, 2, 2)      [11] []
    628     0x0001FD80       0xFFFFFF80      0x00000800         (0, 1, 15)      [5] []
    629     0x00024680       0xFFFFFF80      0x00000002         (0, 2, 8)      [] [NE]
    630     0x00012680       0xFFFFFF80      0x007FFF88         (0, 1, 4)      [1, 2, 3, 4, 5, 6, 7, 8, 9, 10, 11, 12, 13, 14, 15, 16] [W]
    631     0x00007900       0xFFFFFF80      0x00000001         (0, 0, 15)      [] [E]
    632     0x00012180       0xFFFFFF80      0x0000180C         (0, 1, 4)      [5, 6] [N, W]
    633     0x0001FC00       0xFFFFFF80      0x00080000         (0, 1, 15)      [13] []
    634     0x0000B600       0xFFFFFF80      0x00000001         (0, 0, 6)      [] [E]
    635     0x0001C600       0xFFFFFF80      0x00010010         (0, 1, 8)      [10] [SW]
    636     0x00017780       0xFFFFFF80      0x00002008         (0, 1, 14)      [7] [W]
    637     0x00002C80       0xFFFFFF80      0x00000003         (0, 0, 5)      [] [E, NE]
    638     0x00018A80       0xFFFFFF80      0x00000020         (0, 1, 1)      [] [S]
    639     0x0001E300       0xFFFFFF80      0x00000110         (0, 1, 12)      [2] [SW]
    640     0x0001B200       0xFFFFFF80      0x00008000         (0, 1, 6)      [9] []
    641     0x00008A00       0xFFFFFF80      0x00000102         (0, 0, 1)      [2] [NE]
    642     0x0001E900       0xFFFFFF80      0x00100000         (0, 1, 13)      [14] []
    643     0x0000B980       0xFFFFFF80      0x00002000         (0, 0, 7)      [7] []
    644     0x00014880       0xFFFFFF80      0x00000020         (0, 1, 9)      [] [S]
    645     0x00015280       0xFFFFFF80      0x00100020         (0, 1, 10)      [14] [S]
    646     0x0001E080       0xFFFFFF80      0x00040000         (0, 1, 12)      [12] []
    647     0x00020C00       0xFFFFFF80      0x00200000         (0, 2, 1)      [15] []
    648     0x00017D00       0xFFFFFF80      0x00000008         (0, 1, 15)      [] [W]
    649     0x00010200       0xFFFFFF80      0x00000121         (0, 1, 0)      [2] [E, S]
    650     0x00011080       0xFFFFFF80      0x00000090         (0, 1, 2)      [1] [SW]
    651     0x00001C00       0xFFFFFF80      0x00000001         (0, 0, 3)      [] [E]
    652     0x00008200       0xFFFFFF80      0x00400000         (0, 0, 0)      [16] []
    653     0x00000E80       0xFFFFFF80      0x00000001         (0, 0, 1)      [] [E]
    654     0x00008780       0xFFFFFF80      0x00000002         (0, 0, 0)      [] [NE]
    655     0x00014300       0xFFFFFF80      0x00C60020         (0, 1, 8)      [16, 17, 11, 12] [S]
    656     0x00024800       0xFFFFFF80      0x00000002         (0, 2, 9)      [] [NE]
    657     0x00005B00       0xFFFFFF80      0x00000002         (0, 0, 11)      [] [NE]
    658     0x00018980       0xFFFFFF80      0x00000020         (0, 1, 1)      [] [S]
    659     0x0001F380       0xFFFFFF80      0x00004010         (0, 1, 14)      [8] [SW]
    660     0x00010F80       0xFFFFFF80      0x00000010         (0, 1, 1)      [] [SW]
    661     0x0001CB00       0xFFFFFF80      0x00000100         (0, 1, 9)      [2] []
    662     0x0001FA00       0xFFFFFF80      0x00008000         (0, 1, 15)      [9] []
    663     0x00046700       0xFFFFFF00      0x00000008         (0, 4, 12)      [] [W]
    664     0x0001F200       0xFFFFFF80      0x00000810         (0, 1, 14)      [5] [SW]
    665     0x00019300       0xFFFFFF80      0x00080020         (0, 1, 2)      [13] [S]
    666     0x00020E80       0xFFFFFF80      0x00040000         (0, 2, 1)      [12] []
    667     0x00017A00       0xFFFFFF80      0x00040008         (0, 1, 15)      [12] [W]
    668     0x00019E80       0xFFFFFF80      0x00080000         (0, 1, 3)      [13] []
    669     0x00009300       0xFFFFFF80      0x00000002         (0, 0, 2)      [] [NE]
    670     0x0000B500       0xFFFFFF80      0x00000001         (0, 0, 6)      [] [E]
    671     0x0000C880       0xFFFFFF80      0x00002000         (0, 0, 9)      [7] []
    672     0x0001E600       0xFFFFFF80      0x00004010         (0, 1, 12)      [8] [SW]
    673     0x00024B80       0xFFFFFF80      0x00001000         (0, 2, 9)      [6] []
    674     0x0001EE00       0xFFFFFF80      0x00010010         (0, 1, 13)      [10] [SW]
    675     0x0000F680       0xFFFFFF80      0x00008021         (0, 0, 14)      [9] [E, S]
    676     0x0001E480       0xFFFFFF80      0x00000810         (0, 1, 12)      [5] [SW]
    677     0x00000A00       0xFFFFFF80      0x00400000         (0, 0, 1)      [16] []
    678     0x00013600       0xFFFFFF80      0x00C0003C         (0, 1, 6)      [16, 17] [N, W, SW, S]
    679     0x0000FE80       0xFFFFFF80      0x00000021         (0, 0, 15)      [] [E, S]
    680     0x00014080       0xFFFFFF80      0x00C03020         (0, 1, 8)      [16, 17, 6, 7] [S]
    681     0x0000E000       0xFFFFFF80      0x00000002         (0, 0, 12)      [] [NE]
    682     0x00017E00       0xFFFFFF80      0x00000008         (0, 1, 15)      [] [W]
    683     0x0004BB00       0xFFFFFF00      0x00100000         (0, 4, 7)      [14] []
    684     0x00046000       0xFFFFFF00      0x00000008         (0, 4, 12)      [] [W]
    685     0x0000B380       0xFFFFFF80      0x00000001         (0, 0, 6)      [] [E]
    686     0x00010B80       0xFFFFFF80      0x00000021         (0, 1, 1)      [] [E, S]
    687     0x00011C80       0xFFFFFF80      0x0000000E         (0, 1, 3)      [] [NE, N, W]
    688     0x00032E00       0xFFFFFF00      0x00000010         (0, 3, 5)      [] [SW]
    689     0x00003780       0xFFFFFF80      0x00800000         (0, 0, 6)      [17] []
    690     0x00016E00       0xFFFFFF80      0x00100000         (0, 1, 13)      [14] []
    691     0x0001C800       0xFFFFFF80      0x00100000         (0, 1, 9)      [14] []
    692     0x00021080       0xFFFFFF80      0x00008000         (0, 2, 2)      [9] []
    693     0x00045700       0xFFFFFF00      0x00000008         (0, 4, 10)      [] [W]
    694     0x00015200       0xFFFFFF80      0x00080020         (0, 1, 10)      [13] [S]
    695     0x0001BF00       0xFFFFFF80      0x00200000         (0, 1, 7)      [15] []
    696     0x0000B880       0xFFFFFF80      0x00000800         (0, 0, 7)      [5] []
    697     0x00013B80       0xFFFFFF80      0x00C00030         (0, 1, 7)      [16, 17] [SW, S]
    698     0x00020E00       0xFFFFFF80      0x00020000         (0, 2, 1)      [11] []
    699     0x00024C80       0xFFFFFF80      0x00004000         (0, 2, 9)      [8] []
    700     0x00001E00       0xFFFFFF80      0x00000001         (0, 0, 3)      [] [E]
    701     0x00016480       0xFFFFFF80      0x00000018         (0, 1, 12)      [] [W, SW]
    702     0x00018900       0xFFFFFF80      0x00000020         (0, 1, 1)      [] [S]
    703     0x0001F780       0xFFFFFF80      0x00000410         (0, 1, 14)      [4] [SW]
    704     0x0000E380       0xFFFFFF80      0x00000083         (0, 0, 12)      [1] [E, NE]
    705     0x0000FB80       0xFFFFFF80      0x00000020         (0, 0, 15)      [] [S]
    706     0x00005680       0xFFFFFF80      0x00000002         (0, 0, 10)      [] [NE]
    707     0x00012900       0xFFFFFF80      0x003FFF8E         (0, 1, 5)      [1, 2, 3, 4, 5, 6, 7, 8, 9, 10, 11, 12, 13, 14, 15] [NE, N, W]
    708     0x00012980       0xFFFFFF80      0x003FFF8E         (0, 1, 5)      [1, 2, 3, 4, 5, 6, 7, 8, 9, 10, 11, 12, 13, 14, 15] [NE, N, W]
    709     0x00019F00       0xFFFFFF80      0x00100000         (0, 1, 3)      [14] []
    710     0x00011A00       0xFFFFFF80      0x0000000E         (0, 1, 3)      [] [NE, N, W]
    711     0x0001DD00       0xFFFFFF80      0x00000800         (0, 1, 11)      [5] []
    712     0x00017880       0xFFFFFF80      0x00008008         (0, 1, 15)      [9] [W]
    713     0x00007B80       0xFFFFFF80      0x00000201         (0, 0, 15)      [3] [E]
    714     0x00011180       0xFFFFFF80      0x00000210         (0, 1, 2)      [3] [SW]
    715     0x00008980       0xFFFFFF80      0x00000082         (0, 0, 1)      [1] [NE]
    716     0x00021300       0xFFFFFF80      0x00100000         (0, 2, 2)      [14] []
    717     0x00006900       0xFFFFFF80      0x00000001         (0, 0, 13)      [] [E]
    718     0x00019880       0xFFFFFF80      0x00000080         (0, 1, 3)      [1] []
    719     0x00008900       0xFFFFFF80      0x00000002         (0, 0, 1)      [] [NE]
    720     0x0004BA00       0xFFFFFF00      0x00080000         (0, 4, 7)      [13] []
    721     0x00014900       0xFFFFFF80      0x00000020         (0, 1, 9)      [] [S]
    722     0x00004680       0xFFFFFF80      0x00800000         (0, 0, 8)      [17] []
    723     0x0000DF00       0xFFFFFF80      0x00000002         (0, 0, 11)      [] [NE]
    724     0x0001C780       0xFFFFFF80      0x00080000         (0, 1, 8)      [13] []
    725     0x00015B80       0xFFFFFF80      0x00000430         (0, 1, 11)      [4] [SW, S]
    726     0x00006780       0xFFFFFF80      0x00000001         (0, 0, 12)      [] [E]
    727     0x00014E00       0xFFFFFF80      0x00000820         (0, 1, 9)      [5] [S]
    728     0x00003A80       0xFFFFFF80      0x00000001         (0, 0, 7)      [] [E]
    729     0x00013D80       0xFFFFFF80      0x00C000B0         (0, 1, 7)      [16, 17, 1] [SW, S]
    730     0x00017680       0xFFFFFF80      0x00000808         (0, 1, 14)      [5] [W]
    731     0x0001BE80       0xFFFFFF80      0x00100000         (0, 1, 7)      [14] []
    732     0x0004C700       0xFFFFFF00      0x00000004         (0, 4, 8)      [] [N]
    733     0x00009900       0xFFFFFF80      0x00000102         (0, 0, 3)      [2] [NE]
    734     0x0001CB80       0xFFFFFF80      0x00000200         (0, 1, 9)      [3] []
    735     0x00007580       0xFFFFFF80      0x00000001         (0, 0, 14)      [] [E]
    736     0x00011D80       0xFFFFFF80      0x0000000E         (0, 1, 3)      [] [NE, N, W]
    737     0x0004B800       0xFFFFFF00      0x00020000         (0, 4, 7)      [11] []
    738     0x00017000       0xFFFFFF80      0x00000008         (0, 1, 14)      [] [W]
    739     0x00014780       0xFFFFFF80      0x00000020         (0, 1, 8)      [] [S]
    740     0x0001CE00       0xFFFFFF80      0x00004000         (0, 1, 9)      [8] []
    741     0x00015D00       0xFFFFFF80      0x00002030         (0, 1, 11)      [7] [SW, S]
    742     0x00011100       0xFFFFFF80      0x00000110         (0, 1, 2)      [2] [SW]
    743     0x0001F900       0xFFFFFF80      0x00002000         (0, 1, 15)      [7] []
    744     0x0000EB80       0xFFFFFF80      0x00800020         (0, 0, 13)      [17] [S]
    745     0x00017900       0xFFFFFF80      0x00010008         (0, 1, 15)      [10] [W]
    746     0x0004B100       0xFFFFFF00      0x00000400         (0, 4, 6)      [4] []
    747     0x00017700       0xFFFFFF80      0x00001008         (0, 1, 14)      [6] [W]
    748     0x0004C300       0xFFFFFF00      0x00000004         (0, 4, 8)      [] [N]
    749     0x0001C100       0xFFFFFF80      0x00000010         (0, 1, 8)      [] [SW]
    750     0x00021900       0xFFFFFF80      0x00200000         (0, 2, 3)      [15] []
    751     0x00010D00       0xFFFFFF80      0x00000010         (0, 1, 1)      [] [SW]
    752     0x00011780       0xFFFFFF80      0x00000008         (0, 1, 2)      [] [W]
    753     0x00020B80       0xFFFFFF80      0x00100000         (0, 2, 1)      [14] []
    754     0x00017600       0xFFFFFF80      0x00000408         (0, 1, 14)      [4] [W]
    755     0x0001F800       0xFFFFFF80      0x00000810         (0, 1, 15)      [5] [SW]
    756     0x00018080       0xFFFFFF80      0x00000008         (0, 1, 0)      [] [W]
    757     0x0000D800       0xFFFFFF80      0x00004000         (0, 0, 11)      [8] []
    758     0x00012580       0xFFFFFF80      0x00180004         (0, 1, 4)      [13, 14] [N]
    759     0x00020880       0xFFFFFF80      0x00004000         (0, 2, 1)      [8] []
    760     0x00020F00       0xFFFFFF80      0x00080000         (0, 2, 1)      [13] []
    761     0x00007A80       0xFFFFFF80      0x00000081         (0, 0, 15)      [1] [E]
    762     0x00018A00       0xFFFFFF80      0x00000020         (0, 1, 1)      [] [S]
    763     0x00002E00       0xFFFFFF80      0x00000003         (0, 0, 5)      [] [E, NE]
    764     0x0000B780       0xFFFFFF80      0x00000201         (0, 0, 6)      [3] [E]
    765     0x00015780       0xFFFFFF80      0x00000020         (0, 1, 10)      [] [S]
    766     0x00012F00       0xFFFFFF80      0x003FFFBF         (0, 1, 5)      [1, 2, 3, 4, 5, 6, 7, 8, 9, 10, 11, 12, 13, 14, 15] [E, NE, N, W, SW, S]
    767     0x0001EE80       0xFFFFFF80      0x00020000         (0, 1, 13)      [11] []
    768     0x00046800       0xFFFFFF00      0x00000008         (0, 4, 13)      [] [W]
    769     0x00021280       0xFFFFFF80      0x00080000         (0, 2, 2)      [13] []
    770     0x0000A800       0xFFFFFF80      0x00000101         (0, 0, 5)      [2] [E]
    771     0x00021B80       0xFFFFFF80      0x00080000         (0, 2, 3)      [13] []
    772     0x0000A880       0xFFFFFF80      0x00000201         (0, 0, 5)      [3] [E]
    773     0x00016280       0xFFFFFF80      0x00000018         (0, 1, 12)      [] [W, SW]
    774     0x00009800       0xFFFFFF80      0x00000002         (0, 0, 3)      [] [NE]
    775     0x00020500       0xFFFFFF80      0x00010000         (0, 2, 0)      [10] []
    776     0x0001CD00       0xFFFFFF80      0x00001000         (0, 1, 9)      [6] []
    777     0x00011A80       0xFFFFFF80      0x0000000E         (0, 1, 3)      [] [NE, N, W]
    778     0x00010780       0xFFFFFF80      0x00000020         (0, 1, 0)      [] [S]
    779     0x00020200       0xFFFFFF80      0x00100000         (0, 2, 0)      [14] []
    780     0x0001C880       0xFFFFFF80      0x00200000         (0, 1, 9)      [15] []
    781     0x00016880       0xFFFFFF80      0x00000218         (0, 1, 13)      [3] [W, SW]
    782     0x0001B080       0xFFFFFF80      0x00001000         (0, 1, 6)      [6] []
    783     0x00021C00       0xFFFFFF80      0x00100000         (0, 2, 3)      [14] []
    784     0x00024000       0xFFFFFF80      0x00000002         (0, 2, 8)      [] [NE]
    785     0x0000D080       0xFFFFFF80      0x00000002         (0, 0, 10)      [] [NE]
    786     0x00010180       0xFFFFFF80      0x000000A1         (0, 1, 0)      [1] [E, S]
    787     0x00033400       0xFFFFFF00      0x00000010         (0, 3, 6)      [] [SW]
    788     0x00019D00       0xFFFFFF80      0x00010000         (0, 1, 3)      [10] []
    789     0x00024180       0xFFFFFF80      0x00400002         (0, 2, 8)      [16] [NE]
    790     0x0000FC00       0xFFFFFF80      0x00000021         (0, 0, 15)      [] [E, S]
    791     0x00033300       0xFFFFFF00      0x00000010         (0, 3, 6)      [] [SW]
    792     0x0000F180       0xFFFFFF80      0x00000021         (0, 0, 14)      [] [E, S]
    793     0x0001B100       0xFFFFFF80      0x00002000         (0, 1, 6)      [7] []
    794     0x00006800       0xFFFFFF80      0x00000001         (0, 0, 13)      [] [E]
    795     0x00016600       0xFFFFFF80      0x00000018         (0, 1, 12)      [] [W, SW]
    796     0x0000C500       0xFFFFFF80      0x00000001         (0, 0, 8)      [] [E]
    797     0x00015C00       0xFFFFFF80      0x00000830         (0, 1, 11)      [5] [SW, S]
    798     0x0001D700       0xFFFFFF80      0x00008000         (0, 1, 10)      [9] []
    799     0x00019A00       0xFFFFFF80      0x00000400         (0, 1, 3)      [4] []
    800     0x0001B980       0xFFFFFF80      0x00000410         (0, 1, 7)      [4] [SW]
    801     0x00015100       0xFFFFFF80      0x00020020         (0, 1, 10)      [11] [S]
    802     0x00010000       0xFFFFFF80      0x00000021         (0, 1, 0)      [] [E, S]
    803     0x00013B00       0xFFFFFF80      0x00C00030         (0, 1, 7)      [16, 17] [SW, S]
    804     0x0001CF00       0xFFFFFF80      0x00010000         (0, 1, 9)      [10] []
    805     0x00012A80       0xFFFFFF80      0x003FFF8E         (0, 1, 5)      [1, 2, 3, 4, 5, 6, 7, 8, 9, 10, 11, 12, 13, 14, 15] [NE, N, W]
    806     0x0004AF00       0xFFFFFF00      0x00000100         (0, 4, 5)      [2] []
    807     0x0004C100       0xFFFFFF00      0x00000004         (0, 4, 8)      [] [N]
    808     0x00012B00       0xFFFFFF80      0x003FFF8E         (0, 1, 5)      [1, 2, 3, 4, 5, 6, 7, 8, 9, 10, 11, 12, 13, 14, 15] [NE, N, W]
    809     0x0000CF00       0xFFFFFF80      0x00000002         (0, 0, 9)      [] [NE]
    810     0x0000A780       0xFFFFFF80      0x00000083         (0, 0, 4)      [1] [E, NE]
    811     0x00018D00       0xFFFFFF80      0x000000A0         (0, 1, 1)      [1] [S]
    812     0x00021A00       0xFFFFFF80      0x00080000         (0, 2, 3)      [13] []
    813     0x00010680       0xFFFFFF80      0x00020021         (0, 1, 0)      [11] [E, S]
    814     0x00012880       0xFFFFFF80      0x003FFF8E         (0, 1, 5)      [1, 2, 3, 4, 5, 6, 7, 8, 9, 10, 11, 12, 13, 14, 15] [NE, N, W]
    815     0x00013F80       0xFFFFFF80      0x00C00C20         (0, 1, 7)      [16, 17, 4, 5] [S]
    816     0x0000C700       0xFFFFFF80      0x00000401         (0, 0, 8)      [4] [E]
    817     0x00024200       0xFFFFFF80      0x00800002         (0, 2, 8)      [17] [NE]
    818     0x0000B200       0xFFFFFF80      0x00000001         (0, 0, 6)      [] [E]
    819     0x00002880       0xFFFFFF80      0x00800000         (0, 0, 5)      [17] []
    820     0x00010880       0xFFFFFF80      0x00000020         (0, 1, 1)      [] [S]
    821     0x00045B00       0xFFFFFF00      0x00000008         (0, 4, 11)      [] [W]
    822     0x00013080       0xFFFFFF80      0x003FFFBD         (0, 1, 6)      [1, 2, 3, 4, 5, 6, 7, 8, 9, 10, 11, 12, 13, 14, 15] [E, N, W, SW, S]
    823     0x0000FD00       0xFFFFFF80      0x00000021         (0, 0, 15)      [] [E, S]
    824     0x00017800       0xFFFFFF80      0x00004008         (0, 1, 15)      [8] [W]
    825     0x00015480       0xFFFFFF80      0x00000020         (0, 1, 10)      [] [S]
    826     0x00017200       0xFFFFFF80      0x00000008         (0, 1, 14)      [] [W]
    827     0x00010300       0xFFFFFF80      0x00000421         (0, 1, 0)      [4] [E, S]
    828     0x0000C100       0xFFFFFF80      0x00000001         (0, 0, 8)      [] [E]
    829     0x00020400       0xFFFFFF80      0x00004000         (0, 2, 0)      [8] []
    830     0x0001DB80       0xFFFFFF80      0x00000100         (0, 1, 11)      [2] []
    831     0x00004A00       0xFFFFFF80      0x00000001         (0, 0, 9)      [] [E]
    832     0x00018E00       0xFFFFFF80      0x00000220         (0, 1, 1)      [3] [S]
    833     0x0001BB00       0xFFFFFF80      0x00002010         (0, 1, 7)      [7] [SW]
    834     0x0001C500       0xFFFFFF80      0x00004010         (0, 1, 8)      [8] [SW]
    835     0x00005880       0xFFFFFF80      0x00000002         (0, 0, 11)      [] [NE]
    836     0x00009480       0xFFFFFF80      0x00000002         (0, 0, 2)      [] [NE]
    837     0x00012280       0xFFFFFF80      0x0000600C         (0, 1, 4)      [8, 7] [N, W]
    838     0x00009A00       0xFFFFFF80      0x00000402         (0, 0, 3)      [4] [NE]
    839     0x00005C00       0xFFFFFF80      0x00000002         (0, 0, 11)      [] [NE]
    840     0x00024480       0xFFFFFF80      0x00000002         (0, 2, 8)      [] [NE]
    841     0x00004C00       0xFFFFFF80      0x00000002         (0, 0, 9)      [] [NE]
    842     0x00010D80       0xFFFFFF80      0x00000010         (0, 1, 1)      [] [SW]
    843     0x00021480       0xFFFFFF80      0x00020000         (0, 2, 2)      [11] []
    844     0x00015880       0xFFFFFF80      0x00000030         (0, 1, 11)      [] [SW, S]
    845     0x00024880       0xFFFFFF80      0x00000002         (0, 2, 9)      [] [NE]
    846     0x00017100       0xFFFFFF80      0x00000008         (0, 1, 14)      [] [W]
    847     0x0004B900       0xFFFFFF00      0x00040000         (0, 4, 7)      [12] []
    848     0x00001D00       0xFFFFFF80      0x00000001         (0, 0, 3)      [] [E]
    849     0x0000D180       0xFFFFFF80      0x00000002         (0, 0, 10)      [] [NE]
    850     0x0000B680       0xFFFFFF80      0x00000081         (0, 0, 6)      [1] [E]
    851     0x00017C00       0xFFFFFF80      0x00000008         (0, 1, 15)      [] [W]
    852     0x0000C300       0xFFFFFF80      0x00000001         (0, 0, 8)      [] [E]
    853     0x00024280       0xFFFFFF80      0x00000002         (0, 2, 8)      [] [NE]
    854     0x00006C00       0xFFFFFF80      0x00000101         (0, 0, 13)      [2] [E]
    855     0x00010F00       0xFFFFFF80      0x00000010         (0, 1, 1)      [] [SW]
    856     0x00012B80       0xFFFFFF80      0x003FFF8E         (0, 1, 5)      [1, 2, 3, 4, 5, 6, 7, 8, 9, 10, 11, 12, 13, 14, 15] [NE, N, W]
    857     0x00011980       0xFFFFFF80      0x0000000E         (0, 1, 3)      [] [NE, N, W]
    858     0x00018F00       0xFFFFFF80      0x00000820         (0, 1, 1)      [5] [S]
    859     0x0000A280       0xFFFFFF80      0x00000003         (0, 0, 4)      [] [E, NE]
    860     0x00014100       0xFFFFFF80      0x00C06020         (0, 1, 8)      [16, 17, 8, 7] [S]
    861     0x00007700       0xFFFFFF80      0x00000001         (0, 0, 14)      [] [E]
    862     0x00017580       0xFFFFFF80      0x00000208         (0, 1, 14)      [3] [W]
    863     0x0004BF00       0xFFFFFF00      0x00000004         (0, 4, 7)      [] [N]
    864     0x0000CD80       0xFFFFFF80      0x00800000         (0, 0, 9)      [17] []
    865     0x0000ED80       0xFFFFFF80      0x00000021         (0, 0, 13)      [] [E, S]
    866     0x00018580       0xFFFFFF80      0x00010020         (0, 1, 0)      [10] [S]
    867     0x0000F980       0xFFFFFF80      0x00000020         (0, 0, 15)      [] [S]
    868     0x00021500       0xFFFFFF80      0x00040000         (0, 2, 2)      [12] []
    869     0x00005700       0xFFFFFF80      0x00000002         (0, 0, 10)      [] [NE]
    870     0x0000F280       0xFFFFFF80      0x000000A1         (0, 0, 14)      [1] [E, S]
    871     0x0001DE80       0xFFFFFF80      0x00004000         (0, 1, 11)      [8] []
    872     0x00013680       0xFFFFFF80      0x00C0003C         (0, 1, 6)      [16, 17] [N, W, SW, S]
    873     0x00013800       0xFFFFFF80      0x00C00030         (0, 1, 7)      [16, 17] [SW, S]
    874     0x00000A80       0xFFFFFF80      0x00800000         (0, 0, 1)      [17] []
    875     0x00016F00       0xFFFFFF80      0x00000008         (0, 1, 13)      [] [W]
    876     0x00019280       0xFFFFFF80      0x00040020         (0, 1, 2)      [12] [S]
    877     0x00020080       0xFFFFFF80      0x00020000         (0, 2, 0)      [11] []
    878     0x00007380       0xFFFFFF80      0x00800000         (0, 0, 14)      [17] []
    879     0x0001F480       0xFFFFFF80      0x00010010         (0, 1, 14)      [10] [SW]
    880     0x00003C00       0xFFFFFF80      0x00000001         (0, 0, 7)      [] [E]
    881     0x0001B800       0xFFFFFF80      0x00000090         (0, 1, 7)      [1] [SW]
    882     0x00014B80       0xFFFFFF80      0x00000020         (0, 1, 9)      [] [S]
    883     0x00012F80       0xFFFFFF80      0x003FFFBF         (0, 1, 5)      [1, 2, 3, 4, 5, 6, 7, 8, 9, 10, 11, 12, 13, 14, 15] [E, NE, N, W, SW, S]
    884     0x0000A300       0xFFFFFF80      0x00000003         (0, 0, 4)      [] [E, NE]
    885     0x00010900       0xFFFFFF80      0x00400020         (0, 1, 1)      [16] [S]
    886     0x00013D00       0xFFFFFF80      0x00C00030         (0, 1, 7)      [16, 17] [SW, S]
    887     0x00009600       0xFFFFFF80      0x00000002         (0, 0, 2)      [] [NE]
    888     0x00021580       0xFFFFFF80      0x00080000         (0, 2, 2)      [13] []
    889     0x0004B200       0xFFFFFF00      0x00000800         (0, 4, 6)      [5] []
    890     0x0000E300       0xFFFFFF80      0x00000003         (0, 0, 12)      [] [E, NE]
    891     0x0001A800       0xFFFFFF80      0x00010000         (0, 1, 5)      [10] []
    892     0x00015E00       0xFFFFFF80      0x00008030         (0, 1, 11)      [9] [SW, S]
    893     0x00024500       0xFFFFFF80      0x00000002         (0, 2, 8)      [] [NE]
    894     0x0001F080       0xFFFFFF80      0x00200000         (0, 1, 14)      [15] []
    895     0x0000C600       0xFFFFFF80      0x00000101         (0, 0, 8)      [2] [E]
    896     0x0000EC00       0xFFFFFF80      0x00000020         (0, 0, 13)      [] [S]
    897     0x00021380       0xFFFFFF80      0x00200000         (0, 2, 2)      [15] []
    898     0x00015C80       0xFFFFFF80      0x00001030         (0, 1, 11)      [6] [SW, S]
    899     0x00006980       0xFFFFFF80      0x00000001         (0, 0, 13)      [] [E]
    900     0x0000DD80       0xFFFFFF80      0x00000002         (0, 0, 11)      [] [NE]
    901     0x0004B700       0xFFFFFF00      0x00010000         (0, 4, 6)      [10] []
    902     0x00012200       0xFFFFFF80      0x0000300C         (0, 1, 4)      [6, 7] [N, W]
    903     0x00008A80       0xFFFFFF80      0x00000202         (0, 0, 1)      [3] [NE]
    904     0x00014280       0xFFFFFF80      0x00C30020         (0, 1, 8)      [16, 17, 10, 11] [S]
    905     0x0004B300       0xFFFFFF00      0x00001000         (0, 4, 6)      [6] []
    906     0x00024F80       0xFFFFFF80      0x00100000         (0, 2, 9)      [14] []
    907     0x0001EA00       0xFFFFFF80      0x00000110         (0, 1, 13)      [2] [SW]
    908     0x0001B280       0xFFFFFF80      0x00010000         (0, 1, 6)      [10] []
    909     0x00005500       0xFFFFFF80      0x00400000         (0, 0, 10)      [16] []
    910     0x00006B00       0xFFFFFF80      0x00000001         (0, 0, 13)      [] [E]
    911     0x0000FB00       0xFFFFFF80      0x00000020         (0, 0, 15)      [] [S]
    912     0x0004C900       0xFFFFFF00      0x00000004         (0, 4, 9)      [] [N]
    913     0x00003B00       0xFFFFFF80      0x00000001         (0, 0, 7)      [] [E]
    914     0x00020780       0xFFFFFF80      0x00200000         (0, 2, 0)      [15] []
    915     0x00013200       0xFFFFFF80      0x003FFFBD         (0, 1, 6)      [1, 2, 3, 4, 5, 6, 7, 8, 9, 10, 11, 12, 13, 14, 15] [E, N, W, SW, S]
    916     0x00017A80       0xFFFFFF80      0x00080000         (0, 1, 15)      [13] []
    917     0x0001C700       0xFFFFFF80      0x00040000         (0, 1, 8)      [12] []
    918     0x00015680       0xFFFFFF80      0x00000020         (0, 1, 10)      [] [S]
    919     0x00014800       0xFFFFFF80      0x00000020         (0, 1, 9)      [] [S]
    920     0x00024D00       0xFFFFFF80      0x00008000         (0, 2, 9)      [9] []
    921     0x00046200       0xFFFFFF00      0x00000008         (0, 4, 12)      [] [W]
    922     0x00017B00       0xFFFFFF80      0x00100000         (0, 1, 15)      [14] []
    923     0x00013E80       0xFFFFFF80      0x00C00330         (0, 1, 7)      [16, 17, 2, 3] [SW, S]
    924     0x00018280       0xFFFFFF80      0x00000408         (0, 1, 0)      [4] [W]
