router contains 698 entries 
 
  Index   Key(hex)    Mask(hex)    Route(hex)    Src. Core -> [Cores][Links]
------------------------------------------------------------------------------
    0     0x00014D00       0xFFFFFF80      0x00004000         (0, 1, 9)      [8] []
    1     0x0001A500       0xFFFFFF80      0x00008000         (0, 1, 4)      [9] []
    2     0x0001F900       0xFFFFFF80      0x00040000         (0, 1, 15)      [12] []
    3     0x0001A880       0xFFFFFF80      0x00400000         (0, 1, 5)      [16] []
    4     0x00007800       0xFFFFFF80      0x00000080         (0, 0, 15)      [1] []
    5     0x00013D80       0xFFFFFF80      0x00001000         (0, 1, 7)      [6] []
    6     0x00019380       0xFFFFFF80      0x00000020         (0, 1, 2)      [] [S]
    7     0x0001D300       0xFFFFFF80      0x00001000         (0, 1, 10)      [6] []
    8     0x0000E300       0xFFFFFF80      0x00000800         (0, 0, 12)      [5] []
    9     0x0000A700       0xFFFFFF80      0x00000800         (0, 0, 4)      [5] []
    10     0x0001D380       0xFFFFFF80      0x00002000         (0, 1, 10)      [7] []
    11     0x0001E080       0xFFFFFF80      0x00800000         (0, 1, 12)      [17] []
    12     0x00018580       0xFFFFFF80      0x00300020         (0, 1, 0)      [14, 15] [S]
    13     0x00014800       0xFFFFFF80      0x00000020         (0, 1, 9)      [] [S]
    14     0x00053A00       0xFFFFFF00      0x00001000         (0, 5, 7)      [6] []
    15     0x00015F80       0xFFFFFF80      0x00800020         (0, 1, 11)      [17] [S]
    16     0x00010480       0xFFFFFF80      0x00040000         (0, 1, 0)      [12] []
    17     0x00018B00       0xFFFFFF80      0x00000100         (0, 1, 1)      [2] []
    18     0x0001B200       0xFFFFFF80      0x00100000         (0, 1, 6)      [14] []
    19     0x00018B80       0xFFFFFF80      0x00000200         (0, 1, 1)      [3] []
    20     0x00013280       0xFFFFFF80      0x00100020         (0, 1, 6)      [14] [S]
    21     0x0001CA80       0xFFFFFF80      0x00001000         (0, 1, 9)      [6] []
    22     0x00021D00       0xFFFFFF80      0x00000008         (0, 2, 3)      [] [W]
    23     0x00017500       0xFFFFFF80      0x00FFFFBD         (0, 1, 14)      [1, 2, 3, 4, 5, 6, 7, 8, 9, 10, 11, 12, 13, 14, 15, 16, 17] [E, N, W, SW, S]
    24     0x0001C980       0xFFFFFF80      0x00000408         (0, 1, 9)      [4] [W]
    25     0x0001B880       0xFFFFFF80      0x00002000         (0, 1, 7)      [7] []
    26     0x00019780       0xFFFFFF80      0x00000400         (0, 1, 2)      [4] []
    27     0x00013980       0xFFFFFF80      0x00000020         (0, 1, 7)      [] [S]
    28     0x0001C200       0xFFFFFF80      0x00002010         (0, 1, 8)      [7] [SW]
    29     0x00014D80       0xFFFFFF80      0x00008000         (0, 1, 9)      [9] []
    30     0x0001D500       0xFFFFFF80      0x00010000         (0, 1, 10)      [10] []
    31     0x00020E80       0xFFFFFF80      0x00800000         (0, 2, 1)      [17] []
    32     0x00016D80       0xFFFFFF80      0x00000004         (0, 1, 13)      [] [N]
    33     0x0000E400       0xFFFFFF80      0x00002000         (0, 0, 12)      [7] []
    34     0x00009700       0xFFFFFF80      0x00000200         (0, 0, 2)      [3] []
    35     0x0001D100       0xFFFFFF80      0x00000008         (0, 1, 10)      [] [W]
    36     0x00054100       0xFFFFFF00      0x00080000         (0, 5, 8)      [13] []
    37     0x00011E80       0xFFFFFF80      0x00000400         (0, 1, 3)      [4] []
    38     0x0000B800       0xFFFFFF80      0x00008000         (0, 0, 7)      [9] []
    39     0x00005A00       0xFFFFFF80      0x00000080         (0, 0, 11)      [1] []
    40     0x0001BF80       0xFFFFFF80      0x00000110         (0, 1, 7)      [2] [SW]
    41     0x0000C000       0xFFFFFF80      0x00000020         (0, 0, 8)      [] [S]
    42     0x0000F380       0xFFFFFF80      0x00004000         (0, 0, 14)      [8] []
    43     0x0001FD80       0xFFFFFF80      0x00010000         (0, 1, 15)      [10] []
    44     0x0001CB80       0xFFFFFF80      0x00004000         (0, 1, 9)      [8] []
    45     0x00010380       0xFFFFFF80      0x00010020         (0, 1, 0)      [10] [S]
    46     0x0001A600       0xFFFFFF80      0x00020000         (0, 1, 4)      [11] []
    47     0x00014A80       0xFFFFFF80      0x00000200         (0, 1, 9)      [3] []
    48     0x0000E680       0xFFFFFF80      0x00040020         (0, 0, 12)      [12] [S]
    49     0x0001FB80       0xFFFFFF80      0x00800000         (0, 1, 15)      [17] []
    50     0x00021180       0xFFFFFF80      0x00400000         (0, 2, 2)      [16] []
    51     0x0000D480       0xFFFFFF80      0x00001000         (0, 0, 10)      [6] []
    52     0x00019000       0xFFFFFF80      0x00040020         (0, 1, 2)      [12] [S]
    53     0x0000B280       0xFFFFFF80      0x00000020         (0, 0, 6)      [] [S]
    54     0x0000F580       0xFFFFFF80      0x00040020         (0, 0, 14)      [12] [S]
    55     0x00016400       0xFFFFFF80      0x00000030         (0, 1, 12)      [] [SW, S]
    56     0x00053D00       0xFFFFFF00      0x00008000         (0, 5, 7)      [9] []
    57     0x00016780       0xFFFFFF80      0x00003030         (0, 1, 12)      [6, 7] [SW, S]
    58     0x00041D00       0xFFFFFF00      0x00000008         (0, 4, 3)      [] [W]
    59     0x00049E00       0xFFFFFF00      0x00000008         (0, 4, 3)      [] [W]
    60     0x00005B80       0xFFFFFF80      0x00000400         (0, 0, 11)      [4] []
    61     0x0001A300       0xFFFFFF80      0x00000800         (0, 1, 4)      [5] []
    62     0x00012D00       0xFFFFFF80      0x00000200         (0, 1, 5)      [3] []
    63     0x0000C580       0xFFFFFF80      0x00001000         (0, 0, 8)      [6] []
    64     0x0001AF00       0xFFFFFF80      0x00004000         (0, 1, 5)      [8] []
    65     0x0000F100       0xFFFFFF80      0x00000200         (0, 0, 14)      [3] []
    66     0x0000E200       0xFFFFFF80      0x00000200         (0, 0, 12)      [3] []
    67     0x0001A280       0xFFFFFF80      0x00000400         (0, 1, 4)      [4] []
    68     0x00016F80       0xFFFFFF80      0x00FFFF8C         (0, 1, 13)      [1, 2, 3, 4, 5, 6, 7, 8, 9, 10, 11, 12, 13, 14, 15, 16, 17] [N, W]
    69     0x0001C580       0xFFFFFF80      0x00100010         (0, 1, 8)      [14] [SW]
    70     0x00010280       0xFFFFFF80      0x00004000         (0, 1, 0)      [8] []
    71     0x0001DE80       0xFFFFFF80      0x00080008         (0, 1, 11)      [13] [W]
    72     0x0000C480       0xFFFFFF80      0x00000400         (0, 0, 8)      [4] []
    73     0x00015880       0xFFFFFF80      0x00000200         (0, 1, 11)      [3] []
    74     0x0000B100       0xFFFFFF80      0x00000020         (0, 0, 6)      [] [S]
    75     0x0001DB80       0xFFFFFF80      0x00002008         (0, 1, 11)      [7] [W]
    76     0x00013580       0xFFFFFF80      0x00000020         (0, 1, 6)      [] [S]
    77     0x0000D380       0xFFFFFF80      0x00000400         (0, 0, 10)      [4] []
    78     0x0001AE00       0xFFFFFF80      0x00001000         (0, 1, 5)      [6] []
    79     0x00021780       0xFFFFFF80      0x00800000         (0, 2, 2)      [17] []
    80     0x00019600       0xFFFFFF80      0x00000080         (0, 1, 2)      [1] []
    81     0x0000F480       0xFFFFFF80      0x00010020         (0, 0, 14)      [10] [S]
    82     0x00014E80       0xFFFFFF80      0x00020020         (0, 1, 9)      [11] [S]
    83     0x00012D80       0xFFFFFF80      0x00000401         (0, 1, 5)      [4] [E]
    84     0x00015580       0xFFFFFF80      0x00000020         (0, 1, 10)      [] [S]
    85     0x0001CA00       0xFFFFFF80      0x00000808         (0, 1, 9)      [5] [W]
    86     0x0001C500       0xFFFFFF80      0x00080010         (0, 1, 8)      [13] [SW]
    87     0x00042100       0xFFFFFF00      0x00000008         (0, 4, 4)      [] [W]
    88     0x00017A80       0xFFFFFF80      0x00FFFFB0         (0, 1, 15)      [1, 2, 3, 4, 5, 6, 7, 8, 9, 10, 11, 12, 13, 14, 15, 16, 17] [SW, S]
    89     0x00003C80       0xFFFFFF80      0x00000100         (0, 0, 7)      [2] []
    90     0x0001B800       0xFFFFFF80      0x00001000         (0, 1, 7)      [6] []
    91     0x0001F600       0xFFFFFF80      0x00000010         (0, 1, 14)      [] [SW]
    92     0x0001A480       0xFFFFFF80      0x00004000         (0, 1, 4)      [8] []
    93     0x0001CE00       0xFFFFFF80      0x00080000         (0, 1, 9)      [13] []
    94     0x0001B280       0xFFFFFF80      0x00200000         (0, 1, 6)      [15] []
    95     0x00024F80       0xFFFFFF80      0x00000008         (0, 2, 9)      [] [W]
    96     0x00020080       0xFFFFFF80      0x00400000         (0, 2, 0)      [16] []
    97     0x0001F380       0xFFFFFF80      0x00080010         (0, 1, 14)      [13] [SW]
    98     0x00016800       0xFFFFFF80      0x00006030         (0, 1, 13)      [8, 7] [SW, S]
    99     0x00012900       0xFFFFFF80      0x00000020         (0, 1, 5)      [] [S]
    100     0x0001B100       0xFFFFFF80      0x00040000         (0, 1, 6)      [12] []
    101     0x00021700       0xFFFFFF80      0x00400000         (0, 2, 2)      [16] []
    102     0x00017080       0xFFFFFF80      0x00FFFF8C         (0, 1, 14)      [1, 2, 3, 4, 5, 6, 7, 8, 9, 10, 11, 12, 13, 14, 15, 16, 17] [N, W]
    103     0x00018880       0xFFFFFF80      0x00000020         (0, 1, 1)      [] [S]
    104     0x0000F600       0xFFFFFF80      0x00080020         (0, 0, 14)      [13] [S]
    105     0x0000B680       0xFFFFFF80      0x00001000         (0, 0, 6)      [6] []
    106     0x00016280       0xFFFFFF80      0x00000030         (0, 1, 12)      [] [SW, S]
    107     0x00002D00       0xFFFFFF80      0x00000080         (0, 0, 5)      [1] []
    108     0x0000EF00       0xFFFFFF80      0x00000020         (0, 0, 13)      [] [S]
    109     0x00024800       0xFFFFFF80      0x00000400         (0, 2, 9)      [4] []
    110     0x00011D00       0xFFFFFF80      0x00000080         (0, 1, 3)      [1] []
    111     0x00005C80       0xFFFFFF80      0x00001000         (0, 0, 11)      [6] []
    112     0x00019080       0xFFFFFF80      0x00080020         (0, 1, 2)      [13] [S]
    113     0x0001FF00       0xFFFFFF80      0x00080000         (0, 1, 15)      [13] []
    114     0x0001DF80       0xFFFFFF80      0x00200008         (0, 1, 11)      [15] [W]
    115     0x00014480       0xFFFFFF80      0x00000020         (0, 1, 8)      [] [S]
    116     0x00017480       0xFFFFFF80      0x00FFFFBD         (0, 1, 14)      [1, 2, 3, 4, 5, 6, 7, 8, 9, 10, 11, 12, 13, 14, 15, 16, 17] [E, N, W, SW, S]
    117     0x0001A200       0xFFFFFF80      0x00000200         (0, 1, 4)      [3] []
    118     0x00018400       0xFFFFFF80      0x00060020         (0, 1, 0)      [11, 12] [S]
    119     0x00018D00       0xFFFFFF80      0x00001000         (0, 1, 1)      [6] []
    120     0x0000F080       0xFFFFFF80      0x00000100         (0, 0, 14)      [2] []
    121     0x00054200       0xFFFFFF00      0x00100000         (0, 5, 8)      [14] []
    122     0x00011100       0xFFFFFF80      0x00002030         (0, 1, 2)      [7] [SW, S]
    123     0x00009800       0xFFFFFF80      0x00000800         (0, 0, 3)      [5] []
    124     0x0000E700       0xFFFFFF80      0x00080021         (0, 0, 12)      [13] [E, S]
    125     0x00008700       0xFFFFFF80      0x00000080         (0, 0, 0)      [1] []
    126     0x0001DC00       0xFFFFFF80      0x00004008         (0, 1, 11)      [8] [W]
    127     0x00016980       0xFFFFFF80      0x0003000C         (0, 1, 13)      [10, 11] [N, W]
    128     0x0001B900       0xFFFFFF80      0x00004000         (0, 1, 7)      [8] []
    129     0x00004D00       0xFFFFFF80      0x00000800         (0, 0, 9)      [5] []
    130     0x00017C80       0xFFFFFF80      0x00000030         (0, 1, 15)      [] [SW, S]
    131     0x0000C880       0xFFFFFF80      0x00040000         (0, 0, 9)      [12] []
    132     0x00017700       0xFFFFFF80      0x00FFFFBD         (0, 1, 14)      [1, 2, 3, 4, 5, 6, 7, 8, 9, 10, 11, 12, 13, 14, 15, 16, 17] [E, N, W, SW, S]
    133     0x00000F00       0xFFFFFF80      0x00000080         (0, 0, 1)      [1] []
    134     0x0001B480       0xFFFFFF80      0x00000008         (0, 1, 6)      [] [W]
    135     0x0000FF00       0xFFFFFF80      0x00000080         (0, 0, 15)      [1] []
    136     0x00016080       0xFFFFFF80      0x00000020         (0, 1, 12)      [] [S]
    137     0x00014680       0xFFFFFF80      0x00000020         (0, 1, 8)      [] [S]
    138     0x0001D580       0xFFFFFF80      0x00020000         (0, 1, 10)      [11] []
    139     0x00015C00       0xFFFFFF80      0x00010020         (0, 1, 11)      [10] [S]
    140     0x00012980       0xFFFFFF80      0x00000020         (0, 1, 5)      [] [S]
    141     0x00012300       0xFFFFFF80      0x00080000         (0, 1, 4)      [13] []
    142     0x0001D680       0xFFFFFF80      0x00080000         (0, 1, 10)      [13] []
    143     0x00015E80       0xFFFFFF80      0x00200020         (0, 1, 11)      [15] [S]
    144     0x00010700       0xFFFFFF80      0x00800000         (0, 1, 0)      [17] []
    145     0x0000D780       0xFFFFFF80      0x00040000         (0, 0, 10)      [12] []
    146     0x0000B400       0xFFFFFF80      0x00000080         (0, 0, 6)      [1] []
    147     0x00041B00       0xFFFFFF00      0x00000008         (0, 4, 3)      [] [W]
    148     0x0000F700       0xFFFFFF80      0x00200020         (0, 0, 14)      [15] [S]
    149     0x0004A600       0xFFFFFF00      0x00000008         (0, 4, 4)      [] [W]
    150     0x00011500       0xFFFFFF80      0x00200000         (0, 1, 2)      [15] []
    151     0x00010080       0xFFFFFF80      0x00000400         (0, 1, 0)      [4] []
    152     0x00024D00       0xFFFFFF80      0x00100000         (0, 2, 9)      [14] []
    153     0x00007880       0xFFFFFF80      0x00000100         (0, 0, 15)      [2] []
    154     0x00011000       0xFFFFFF80      0x00000830         (0, 1, 2)      [5] [SW, S]
    155     0x00010000       0xFFFFFF80      0x00000200         (0, 1, 0)      [3] []
    156     0x0004A100       0xFFFFFF00      0x00000008         (0, 4, 4)      [] [W]
    157     0x00016D00       0xFFFFFF80      0x00800004         (0, 1, 13)      [17] [N]
    158     0x00020B80       0xFFFFFF80      0x00000008         (0, 2, 1)      [] [W]
    159     0x00020800       0xFFFFFF80      0x00040008         (0, 2, 1)      [12] [W]
    160     0x00017E00       0xFFFFFF80      0x00000030         (0, 1, 15)      [] [SW, S]
    161     0x00012500       0xFFFFFF80      0x00800000         (0, 1, 4)      [17] []
    162     0x00017F00       0xFFFFFF80      0x000001B0         (0, 1, 15)      [1, 2] [SW, S]
    163     0x00054000       0xFFFFFF00      0x00040000         (0, 5, 8)      [12] []
    164     0x0001C280       0xFFFFFF80      0x00004010         (0, 1, 8)      [8] [SW]
    165     0x0000EF80       0xFFFFFF80      0x00000020         (0, 0, 13)      [] [S]
    166     0x00011200       0xFFFFFF80      0x00008030         (0, 1, 2)      [9] [SW, S]
    167     0x00017900       0xFFFFFF80      0x00FFFFBD         (0, 1, 15)      [1, 2, 3, 4, 5, 6, 7, 8, 9, 10, 11, 12, 13, 14, 15, 16, 17] [E, N, W, SW, S]
    168     0x00013A00       0xFFFFFF80      0x00000020         (0, 1, 7)      [] [S]
    169     0x0000A980       0xFFFFFF80      0x00010020         (0, 0, 5)      [10] [S]
    170     0x00015200       0xFFFFFF80      0x00000020         (0, 1, 10)      [] [S]
    171     0x00019200       0xFFFFFF80      0x00400020         (0, 1, 2)      [16] [S]
    172     0x0001D800       0xFFFFFF80      0x00400000         (0, 1, 11)      [16] []
    173     0x00010400       0xFFFFFF80      0x00020000         (0, 1, 0)      [11] []
    174     0x0001A900       0xFFFFFF80      0x00800000         (0, 1, 5)      [17] []
    175     0x00018A80       0xFFFFFF80      0x00000080         (0, 1, 1)      [1] []
    176     0x00017E80       0xFFFFFF80      0x000000B0         (0, 1, 15)      [1] [SW, S]
    177     0x00014400       0xFFFFFF80      0x00000020         (0, 1, 8)      [] [S]
    178     0x00054500       0xFFFFFF00      0x00800000         (0, 5, 8)      [17] []
    179     0x0004A700       0xFFFFFF00      0x00000008         (0, 4, 4)      [] [W]
    180     0x0001B080       0xFFFFFF80      0x00020000         (0, 1, 6)      [11] []
    181     0x00014980       0xFFFFFF80      0x00000080         (0, 1, 9)      [1] []
    182     0x00015E00       0xFFFFFF80      0x00100020         (0, 1, 11)      [14] [S]
    183     0x0001BC00       0xFFFFFF80      0x00100000         (0, 1, 7)      [14] []
    184     0x00019680       0xFFFFFF80      0x00000100         (0, 1, 2)      [2] []
    185     0x00013500       0xFFFFFF80      0x00000020         (0, 1, 6)      [] [S]
    186     0x00013200       0xFFFFFF80      0x00080020         (0, 1, 6)      [13] [S]
    187     0x00010E00       0xFFFFFF80      0x000000B0         (0, 1, 1)      [1] [SW, S]
    188     0x00020C80       0xFFFFFF80      0x00080008         (0, 2, 1)      [13] [W]
    189     0x00018180       0xFFFFFF80      0x00003030         (0, 1, 0)      [6, 7] [SW, S]
    190     0x00018C80       0xFFFFFF80      0x00000800         (0, 1, 1)      [5] []
    191     0x0000EE00       0xFFFFFF80      0x00000020         (0, 0, 13)      [] [S]
    192     0x0001EC80       0xFFFFFF80      0x00040010         (0, 1, 13)      [12] [SW]
    193     0x0001B700       0xFFFFFF80      0x00000400         (0, 1, 6)      [4] []
    194     0x00018E00       0xFFFFFF80      0x00004000         (0, 1, 1)      [8] []
    195     0x00013380       0xFFFFFF80      0x00400020         (0, 1, 6)      [16] [S]
    196     0x0000B580       0xFFFFFF80      0x00000400         (0, 0, 6)      [4] []
    197     0x0001C800       0xFFFFFF80      0x00000008         (0, 1, 9)      [] [W]
    198     0x0000E800       0xFFFFFF80      0x00200021         (0, 0, 13)      [15] [E, S]
    199     0x00016200       0xFFFFFF80      0x00000030         (0, 1, 12)      [] [SW, S]
    200     0x00021600       0xFFFFFF80      0x00000008         (0, 2, 2)      [] [W]
    201     0x00018380       0xFFFFFF80      0x00030020         (0, 1, 0)      [10, 11] [S]
    202     0x00016880       0xFFFFFF80      0x0000C030         (0, 1, 13)      [8, 9] [SW, S]
    203     0x00019980       0xFFFFFF80      0x00004000         (0, 1, 3)      [8] []
    204     0x0001C180       0xFFFFFF80      0x00001010         (0, 1, 8)      [6] [SW]
    205     0x00019300       0xFFFFFF80      0x00000020         (0, 1, 2)      [] [S]
    206     0x00015A80       0xFFFFFF80      0x00002000         (0, 1, 11)      [7] []
    207     0x00007B00       0xFFFFFF80      0x00002000         (0, 0, 15)      [7] []
    208     0x00020600       0xFFFFFF80      0x00800000         (0, 2, 0)      [17] []
    209     0x0001E700       0xFFFFFF80      0x00200000         (0, 1, 12)      [15] []
    210     0x0001AD00       0xFFFFFF80      0x00000400         (0, 1, 5)      [4] []
    211     0x00021980       0xFFFFFF80      0x00800000         (0, 2, 3)      [17] []
    212     0x00014200       0xFFFFFF80      0x00200020         (0, 1, 8)      [15] [S]
    213     0x00041800       0xFFFFFF00      0x00000008         (0, 4, 3)      [] [W]
    214     0x00012F80       0xFFFFFF80      0x00004000         (0, 1, 5)      [8] []
    215     0x00009980       0xFFFFFF80      0x00004000         (0, 0, 3)      [8] []
    216     0x0001A580       0xFFFFFF80      0x00010000         (0, 1, 4)      [10] []
    217     0x0001EE00       0xFFFFFF80      0x00200010         (0, 1, 13)      [15] [SW]
    218     0x00019100       0xFFFFFF80      0x00100020         (0, 1, 2)      [14] [S]
    219     0x0000A880       0xFFFFFF80      0x00004000         (0, 0, 5)      [8] []
    220     0x00018200       0xFFFFFF80      0x00006030         (0, 1, 0)      [8, 7] [SW, S]
    221     0x00008880       0xFFFFFF80      0x00000400         (0, 0, 1)      [4] []
    222     0x0001AE80       0xFFFFFF80      0x00002000         (0, 1, 5)      [7] []
    223     0x0001B780       0xFFFFFF80      0x00000800         (0, 1, 6)      [5] []
    224     0x0001DD80       0xFFFFFF80      0x00020008         (0, 1, 11)      [11] [W]
    225     0x0001E500       0xFFFFFF80      0x00020000         (0, 1, 12)      [11] []
    226     0x0001D980       0xFFFFFF80      0x00000008         (0, 1, 11)      [] [W]
    227     0x0000D700       0xFFFFFF80      0x00020000         (0, 0, 10)      [11] []
    228     0x00019A80       0xFFFFFF80      0x00010000         (0, 1, 3)      [10] []
    229     0x00013B00       0xFFFFFF80      0x00000080         (0, 1, 7)      [1] []
    230     0x0000D580       0xFFFFFF80      0x00004000         (0, 0, 10)      [8] []
    231     0x00024E80       0xFFFFFF80      0x00800000         (0, 2, 9)      [17] []
    232     0x00011480       0xFFFFFF80      0x00100030         (0, 1, 2)      [14] [SW, S]
    233     0x00012380       0xFFFFFF80      0x00100000         (0, 1, 4)      [14] []
    234     0x0001DB00       0xFFFFFF80      0x00001008         (0, 1, 11)      [6] [W]
    235     0x0000F200       0xFFFFFF80      0x00000800         (0, 0, 14)      [5] []
    236     0x0001B600       0xFFFFFF80      0x00000100         (0, 1, 6)      [2] []
    237     0x0000F500       0xFFFFFF80      0x00020020         (0, 0, 14)      [11] [S]
    238     0x00009880       0xFFFFFF80      0x00001000         (0, 0, 3)      [6] []
    239     0x00016500       0xFFFFFF80      0x000001B0         (0, 1, 12)      [1, 2] [SW, S]
    240     0x00014000       0xFFFFFF80      0x00020020         (0, 1, 8)      [11] [S]
    241     0x00021200       0xFFFFFF80      0x00800000         (0, 2, 2)      [17] []
    242     0x0001F180       0xFFFFFF80      0x00008010         (0, 1, 14)      [9] [SW]
    243     0x00012400       0xFFFFFF80      0x00200000         (0, 1, 4)      [15] []
    244     0x00013100       0xFFFFFF80      0x00020020         (0, 1, 6)      [11] [S]
    245     0x00018E80       0xFFFFFF80      0x00008000         (0, 1, 1)      [9] []
    246     0x0000C780       0xFFFFFF80      0x00010000         (0, 0, 8)      [10] []
    247     0x00005B00       0xFFFFFF80      0x00000200         (0, 0, 11)      [3] []
    248     0x00013D00       0xFFFFFF80      0x00000800         (0, 1, 7)      [5] []
    249     0x00015B80       0xFFFFFF80      0x00008020         (0, 1, 11)      [9] [S]
    250     0x00007A00       0xFFFFFF80      0x00000800         (0, 0, 15)      [5] []
    251     0x00002D80       0xFFFFFF80      0x00000100         (0, 0, 5)      [2] []
    252     0x00017180       0xFFFFFF80      0x00FFFF8C         (0, 1, 14)      [1, 2, 3, 4, 5, 6, 7, 8, 9, 10, 11, 12, 13, 14, 15, 16, 17] [N, W]
    253     0x0001C080       0xFFFFFF80      0x00000410         (0, 1, 8)      [4] [SW]
    254     0x0000B900       0xFFFFFF80      0x00020020         (0, 0, 7)      [11] [S]
    255     0x00017F80       0xFFFFFF80      0x00000330         (0, 1, 15)      [2, 3] [SW, S]
    256     0x0000A600       0xFFFFFF80      0x00000200         (0, 0, 4)      [3] []
    257     0x00015180       0xFFFFFF80      0x00800020         (0, 1, 10)      [17] [S]
    258     0x00011380       0xFFFFFF80      0x00040030         (0, 1, 2)      [12] [SW, S]
    259     0x00020700       0xFFFFFF80      0x00000008         (0, 2, 0)      [] [W]
    260     0x0001EF80       0xFFFFFF80      0x00000010         (0, 1, 13)      [] [SW]
    261     0x00024E00       0xFFFFFF80      0x00400000         (0, 2, 9)      [16] []
    262     0x0001FA80       0xFFFFFF80      0x00200000         (0, 1, 15)      [15] []
    263     0x0000FE00       0xFFFFFF80      0x00000020         (0, 0, 15)      [] [S]
    264     0x00012080       0xFFFFFF80      0x00004000         (0, 1, 4)      [8] []
    265     0x00012C00       0xFFFFFF80      0x00000080         (0, 1, 5)      [1] []
    266     0x00049F00       0xFFFFFF00      0x00000008         (0, 4, 3)      [] [W]
    267     0x0000C680       0xFFFFFF80      0x00004000         (0, 0, 8)      [8] []
    268     0x00013F00       0xFFFFFF80      0x00008000         (0, 1, 7)      [9] []
    269     0x0000E280       0xFFFFFF80      0x00000400         (0, 0, 12)      [4] []
    270     0x0001E400       0xFFFFFF80      0x00008000         (0, 1, 12)      [9] []
    271     0x0001F500       0xFFFFFF80      0x00400010         (0, 1, 14)      [16] [SW]
    272     0x00009A80       0xFFFFFF80      0x00010000         (0, 0, 3)      [10] []
    273     0x00013880       0xFFFFFF80      0x00000020         (0, 1, 7)      [] [S]
    274     0x00016E80       0xFFFFFF80      0x00000004         (0, 1, 13)      [] [N]
    275     0x0000B380       0xFFFFFF80      0x00000020         (0, 0, 6)      [] [S]
    276     0x0000FC80       0xFFFFFF80      0x00000020         (0, 0, 15)      [] [S]
    277     0x00013080       0xFFFFFF80      0x00010020         (0, 1, 6)      [10] [S]
    278     0x00016180       0xFFFFFF80      0x00000030         (0, 1, 12)      [] [SW, S]
    279     0x0000E100       0xFFFFFF80      0x00000080         (0, 0, 12)      [1] []
    280     0x0001CC80       0xFFFFFF80      0x00010000         (0, 1, 9)      [10] []
    281     0x00013C00       0xFFFFFF80      0x00000200         (0, 1, 7)      [3] []
    282     0x0000A500       0xFFFFFF80      0x00000080         (0, 0, 4)      [1] []
    283     0x00016A00       0xFFFFFF80      0x0006000C         (0, 1, 13)      [11, 12] [N, W]
    284     0x0001FE00       0xFFFFFF80      0x00020000         (0, 1, 15)      [11] []
    285     0x0000B180       0xFFFFFF80      0x00000020         (0, 0, 6)      [] [S]
    286     0x0000D600       0xFFFFFF80      0x00008000         (0, 0, 10)      [9] []
    287     0x00019D00       0xFFFFFF80      0x00200000         (0, 1, 3)      [15] []
    288     0x0001D200       0xFFFFFF80      0x00000408         (0, 1, 10)      [4] [W]
    289     0x00020F80       0xFFFFFF80      0x00000008         (0, 2, 1)      [] [W]
    290     0x00024B00       0xFFFFFF80      0x00010000         (0, 2, 9)      [10] []
    291     0x0001E380       0xFFFFFF80      0x00004000         (0, 1, 12)      [8] []
    292     0x00041C00       0xFFFFFF00      0x00000008         (0, 4, 3)      [] [W]
    293     0x00017D80       0xFFFFFF80      0x00000030         (0, 1, 15)      [] [SW, S]
    294     0x00015480       0xFFFFFF80      0x00000020         (0, 1, 10)      [] [S]
    295     0x0001A800       0xFFFFFF80      0x00200000         (0, 1, 5)      [15] []
    296     0x00012600       0xFFFFFF80      0x00000021         (0, 1, 4)      [] [E, S]
    297     0x0001C300       0xFFFFFF80      0x00008010         (0, 1, 8)      [9] [SW]
    298     0x0001C100       0xFFFFFF80      0x00000810         (0, 1, 8)      [5] [SW]
    299     0x0001B180       0xFFFFFF80      0x00080000         (0, 1, 6)      [13] []
    300     0x00053500       0xFFFFFF00      0x00000080         (0, 5, 6)      [1] []
    301     0x00019900       0xFFFFFF80      0x00002000         (0, 1, 3)      [7] []
    302     0x00015D80       0xFFFFFF80      0x00080020         (0, 1, 11)      [13] [S]
    303     0x0001EF00       0xFFFFFF80      0x00800010         (0, 1, 13)      [17] [SW]
    304     0x00018000       0xFFFFFF80      0x00000630         (0, 1, 0)      [3, 4] [SW, S]
    305     0x00018100       0xFFFFFF80      0x00001830         (0, 1, 0)      [5, 6] [SW, S]
    306     0x00053C00       0xFFFFFF00      0x00004000         (0, 5, 7)      [8] []
    307     0x0001FF80       0xFFFFFF80      0x00100000         (0, 1, 15)      [14] []
    308     0x00012B00       0xFFFFFF80      0x00000020         (0, 1, 5)      [] [S]
    309     0x00008800       0xFFFFFF80      0x00000200         (0, 0, 1)      [3] []
    310     0x00024A80       0xFFFFFF80      0x00008000         (0, 2, 9)      [9] []
    311     0x00010D00       0xFFFFFF80      0x00000030         (0, 1, 1)      [] [SW, S]
    312     0x00017B80       0xFFFFFF80      0x00FFFFA0         (0, 1, 15)      [1, 2, 3, 4, 5, 6, 7, 8, 9, 10, 11, 12, 13, 14, 15, 16, 17] [S]
    313     0x00014880       0xFFFFFF80      0x00000020         (0, 1, 9)      [] [S]
    314     0x00018280       0xFFFFFF80      0x0000C030         (0, 1, 0)      [8, 9] [SW, S]
    315     0x0001EB00       0xFFFFFF80      0x00008010         (0, 1, 13)      [9] [SW]
    316     0x00017100       0xFFFFFF80      0x00FFFF8C         (0, 1, 14)      [1, 2, 3, 4, 5, 6, 7, 8, 9, 10, 11, 12, 13, 14, 15, 16, 17] [N, W]
    317     0x0000E600       0xFFFFFF80      0x00020020         (0, 0, 12)      [11] [S]
    318     0x00020A80       0xFFFFFF80      0x00800000         (0, 2, 1)      [17] []
    319     0x00020000       0xFFFFFF80      0x00200000         (0, 2, 0)      [15] []
    320     0x00006B80       0xFFFFFF80      0x00001000         (0, 0, 13)      [6] []
    321     0x0001C400       0xFFFFFF80      0x00020010         (0, 1, 8)      [11] [SW]
    322     0x00015800       0xFFFFFF80      0x00000100         (0, 1, 11)      [2] []
    323     0x00024C00       0xFFFFFF80      0x00040000         (0, 2, 9)      [12] []
    324     0x00008900       0xFFFFFF80      0x00000800         (0, 0, 1)      [5] []
    325     0x0001CF80       0xFFFFFF80      0x00400000         (0, 1, 9)      [16] []
    326     0x00011280       0xFFFFFF80      0x00010030         (0, 1, 2)      [10] [SW, S]
    327     0x0001BD80       0xFFFFFF80      0x00800000         (0, 1, 7)      [17] []
    328     0x00003D00       0xFFFFFF80      0x00000200         (0, 0, 7)      [3] []
    329     0x00016B00       0xFFFFFF80      0x0018000C         (0, 1, 13)      [13, 14] [N, W]
    330     0x00017680       0xFFFFFF80      0x00FFFFBD         (0, 1, 14)      [1, 2, 3, 4, 5, 6, 7, 8, 9, 10, 11, 12, 13, 14, 15, 16, 17] [E, N, W, SW, S]
    331     0x0000FD00       0xFFFFFF80      0x00000020         (0, 0, 15)      [] [S]
    332     0x0001D000       0xFFFFFF80      0x00800000         (0, 1, 10)      [17] []
    333     0x00041A00       0xFFFFFF00      0x00000008         (0, 4, 3)      [] [W]
    334     0x00018900       0xFFFFFF80      0x00000020         (0, 1, 1)      [] [S]
    335     0x0000D200       0xFFFFFF80      0x00000080         (0, 0, 10)      [1] []
    336     0x0000E500       0xFFFFFF80      0x00008000         (0, 0, 12)      [9] []
    337     0x0000ED00       0xFFFFFF80      0x00000020         (0, 0, 13)      [] [S]
    338     0x00014C00       0xFFFFFF80      0x00001000         (0, 1, 9)      [6] []
    339     0x00013900       0xFFFFFF80      0x00000020         (0, 1, 7)      [] [S]
    340     0x0000A780       0xFFFFFF80      0x00001000         (0, 0, 4)      [6] []
    341     0x0000B700       0xFFFFFF80      0x00002000         (0, 0, 6)      [7] []
    342     0x0001D280       0xFFFFFF80      0x00000808         (0, 1, 10)      [5] [W]
    343     0x00024880       0xFFFFFF80      0x00000800         (0, 2, 9)      [5] []
    344     0x00016380       0xFFFFFF80      0x00000030         (0, 1, 12)      [] [SW, S]
    345     0x00016100       0xFFFFFF80      0x00000020         (0, 1, 12)      [] [S]
    346     0x00008A80       0xFFFFFF80      0x00004000         (0, 0, 1)      [8] []
    347     0x00019D80       0xFFFFFF80      0x00400000         (0, 1, 3)      [16] []
    348     0x00018600       0xFFFFFF80      0x00600020         (0, 1, 0)      [16, 15] [S]
    349     0x00017880       0xFFFFFF80      0x00FFFFBD         (0, 1, 15)      [1, 2, 3, 4, 5, 6, 7, 8, 9, 10, 11, 12, 13, 14, 15, 16, 17] [E, N, W, SW, S]
    350     0x00020480       0xFFFFFF80      0x00100008         (0, 2, 0)      [14] [W]
    351     0x00020400       0xFFFFFF80      0x00080008         (0, 2, 0)      [13] [W]
    352     0x00016580       0xFFFFFF80      0x00000330         (0, 1, 12)      [2, 3] [SW, S]
    353     0x00018480       0xFFFFFF80      0x000C0020         (0, 1, 0)      [12, 13] [S]
    354     0x0001EE80       0xFFFFFF80      0x00400010         (0, 1, 13)      [16] [SW]
    355     0x0001FA00       0xFFFFFF80      0x00100000         (0, 1, 15)      [14] []
    356     0x0000D300       0xFFFFFF80      0x00000200         (0, 0, 10)      [3] []
    357     0x0001B580       0xFFFFFF80      0x00000088         (0, 1, 6)      [1] [W]
    358     0x00014300       0xFFFFFF80      0x00800020         (0, 1, 8)      [17] [S]
    359     0x00005A80       0xFFFFFF80      0x00000100         (0, 0, 11)      [2] []
    360     0x00020980       0xFFFFFF80      0x00200008         (0, 2, 1)      [15] [W]
    361     0x00018D80       0xFFFFFF80      0x00002000         (0, 1, 1)      [7] []
    362     0x0001F880       0xFFFFFF80      0x00020010         (0, 1, 15)      [11] [SW]
    363     0x0001F100       0xFFFFFF80      0x00004010         (0, 1, 14)      [8] [SW]
    364     0x00009780       0xFFFFFF80      0x00000400         (0, 0, 2)      [4] []
    365     0x00010C80       0xFFFFFF80      0x00000030         (0, 1, 1)      [] [SW, S]
    366     0x00021100       0xFFFFFF80      0x00200008         (0, 2, 2)      [15] [W]
    367     0x00014C80       0xFFFFFF80      0x00002000         (0, 1, 9)      [7] []
    368     0x00016600       0xFFFFFF80      0x00000630         (0, 1, 12)      [3, 4] [SW, S]
    369     0x00020900       0xFFFFFF80      0x00100008         (0, 2, 1)      [14] [W]
    370     0x0001A400       0xFFFFFF80      0x00002000         (0, 1, 4)      [7] []
    371     0x00016C80       0xFFFFFF80      0x00C00004         (0, 1, 13)      [16, 17] [N]
    372     0x00008B00       0xFFFFFF80      0x00008000         (0, 0, 1)      [9] []
    373     0x0000B300       0xFFFFFF80      0x00000020         (0, 0, 6)      [] [S]
    374     0x00018F80       0xFFFFFF80      0x00020020         (0, 1, 1)      [11] [S]
    375     0x00020580       0xFFFFFF80      0x00400000         (0, 2, 0)      [16] []
    376     0x00011F00       0xFFFFFF80      0x00000800         (0, 1, 3)      [5] []
    377     0x00006C00       0xFFFFFF80      0x00002000         (0, 0, 13)      [7] []
    378     0x0000FF80       0xFFFFFF80      0x00000100         (0, 0, 15)      [2] []
    379     0x0001BA80       0xFFFFFF80      0x00020000         (0, 1, 7)      [11] []
    380     0x00021A80       0xFFFFFF80      0x00000008         (0, 2, 3)      [] [W]
    381     0x0004A200       0xFFFFFF00      0x00000008         (0, 4, 4)      [] [W]
    382     0x00015000       0xFFFFFF80      0x00100020         (0, 1, 10)      [14] [S]
    383     0x0001A700       0xFFFFFF80      0x00080000         (0, 1, 4)      [13] []
    384     0x0000B480       0xFFFFFF80      0x00000100         (0, 0, 6)      [2] []
    385     0x0000A680       0xFFFFFF80      0x00000400         (0, 0, 4)      [4] []
    386     0x0001CD80       0xFFFFFF80      0x00040000         (0, 1, 9)      [12] []
    387     0x0004A000       0xFFFFFF00      0x00000008         (0, 4, 4)      [] [W]
    388     0x00017400       0xFFFFFF80      0x00FFFFBD         (0, 1, 14)      [1, 2, 3, 4, 5, 6, 7, 8, 9, 10, 11, 12, 13, 14, 15, 16, 17] [E, N, W, SW, S]
    389     0x00016000       0xFFFFFF80      0x00000020         (0, 1, 12)      [] [S]
    390     0x0001A100       0xFFFFFF80      0x00000080         (0, 1, 4)      [1] []
    391     0x00017280       0xFFFFFF80      0x00FFFFBD         (0, 1, 14)      [1, 2, 3, 4, 5, 6, 7, 8, 9, 10, 11, 12, 13, 14, 15, 16, 17] [E, N, W, SW, S]
    392     0x00012F00       0xFFFFFF80      0x00002000         (0, 1, 5)      [7] []
    393     0x0001BB80       0xFFFFFF80      0x00080000         (0, 1, 7)      [13] []
    394     0x00016900       0xFFFFFF80      0x00018030         (0, 1, 13)      [9, 10] [SW, S]
    395     0x0000F300       0xFFFFFF80      0x00002000         (0, 0, 14)      [7] []
    396     0x00020E00       0xFFFFFF80      0x00400000         (0, 2, 1)      [16] []
    397     0x00017780       0xFFFFFF80      0x00FFFFBD         (0, 1, 14)      [1, 2, 3, 4, 5, 6, 7, 8, 9, 10, 11, 12, 13, 14, 15, 16, 17] [E, N, W, SW, S]
    398     0x0001ED00       0xFFFFFF80      0x00080010         (0, 1, 13)      [13] [SW]
    399     0x00018300       0xFFFFFF80      0x00018020         (0, 1, 0)      [9, 10] [S]
    400     0x0000C080       0xFFFFFF80      0x00000020         (0, 0, 8)      [] [S]
    401     0x00014F00       0xFFFFFF80      0x00040020         (0, 1, 9)      [12] [S]
    402     0x00009680       0xFFFFFF80      0x00000100         (0, 0, 2)      [2] []
    403     0x00021880       0xFFFFFF80      0x00000008         (0, 2, 3)      [] [W]
    404     0x0000EE80       0xFFFFFF80      0x00000020         (0, 0, 13)      [] [S]
    405     0x0001DD00       0xFFFFFF80      0x00010008         (0, 1, 11)      [10] [W]
    406     0x00015600       0xFFFFFF80      0x00000020         (0, 1, 10)      [] [S]
    407     0x0000C500       0xFFFFFF80      0x00000800         (0, 0, 8)      [5] []
    408     0x00010300       0xFFFFFF80      0x00008000         (0, 1, 0)      [9] []
    409     0x00012200       0xFFFFFF80      0x00020000         (0, 1, 4)      [11] []
    410     0x00021500       0xFFFFFF80      0x00800000         (0, 2, 2)      [17] []
    411     0x00010600       0xFFFFFF80      0x00200000         (0, 1, 0)      [15] []
    412     0x00017380       0xFFFFFF80      0x00FFFFBD         (0, 1, 14)      [1, 2, 3, 4, 5, 6, 7, 8, 9, 10, 11, 12, 13, 14, 15, 16, 17] [E, N, W, SW, S]
    413     0x0000F000       0xFFFFFF80      0x00000080         (0, 0, 14)      [1] []
    414     0x00012280       0xFFFFFF80      0x00040000         (0, 1, 4)      [12] []
    415     0x00015980       0xFFFFFF80      0x00000800         (0, 1, 11)      [5] []
    416     0x00019800       0xFFFFFF80      0x00000800         (0, 1, 3)      [5] []
    417     0x0001F300       0xFFFFFF80      0x00040010         (0, 1, 14)      [12] [SW]
    418     0x0000D880       0xFFFFFF80      0x00100000         (0, 0, 11)      [14] []
    419     0x00003D80       0xFFFFFF80      0x00000400         (0, 0, 7)      [4] []
    420     0x00014A00       0xFFFFFF80      0x00000100         (0, 1, 9)      [2] []
    421     0x0000AA00       0xFFFFFF80      0x00020020         (0, 0, 5)      [11] [S]
    422     0x00020500       0xFFFFFF80      0x00200008         (0, 2, 0)      [15] [W]
    423     0x00012C80       0xFFFFFF80      0x00000100         (0, 1, 5)      [2] []
    424     0x0004A300       0xFFFFFF00      0x00000008         (0, 4, 4)      [] [W]
    425     0x0000D400       0xFFFFFF80      0x00000800         (0, 0, 10)      [5] []
    426     0x00001E80       0xFFFFFF80      0x00000100         (0, 0, 3)      [2] []
    427     0x00006A00       0xFFFFFF80      0x00000200         (0, 0, 13)      [3] []
    428     0x00016E00       0xFFFFFF80      0x0000000C         (0, 1, 13)      [] [N, W]
    429     0x00004B00       0xFFFFFF80      0x00000080         (0, 0, 9)      [1] []
    430     0x00013180       0xFFFFFF80      0x00040020         (0, 1, 6)      [12] [S]
    431     0x00054400       0xFFFFFF00      0x00400000         (0, 5, 8)      [16] []
    432     0x00016700       0xFFFFFF80      0x00001830         (0, 1, 12)      [5, 6] [SW, S]
    433     0x00010580       0xFFFFFF80      0x00100000         (0, 1, 0)      [14] []
    434     0x00016C00       0xFFFFFF80      0x0060000C         (0, 1, 13)      [16, 15] [N, W]
    435     0x0000A580       0xFFFFFF80      0x00000100         (0, 0, 4)      [2] []
    436     0x0000E180       0xFFFFFF80      0x00000100         (0, 0, 12)      [2] []
    437     0x00015500       0xFFFFFF80      0x00000020         (0, 1, 10)      [] [S]
    438     0x0001AD80       0xFFFFFF80      0x00000808         (0, 1, 5)      [5] [W]
    439     0x00010500       0xFFFFFF80      0x00080000         (0, 1, 0)      [13] []
    440     0x00011F80       0xFFFFFF80      0x00001000         (0, 1, 3)      [6] []
    441     0x00024980       0xFFFFFF80      0x00002000         (0, 2, 9)      [7] []
    442     0x00021480       0xFFFFFF80      0x00400000         (0, 2, 2)      [16] []
    443     0x00012480       0xFFFFFF80      0x00400000         (0, 1, 4)      [16] []
    444     0x0001D400       0xFFFFFF80      0x00004000         (0, 1, 10)      [8] []
    445     0x0001C700       0xFFFFFF80      0x00800000         (0, 1, 8)      [17] []
    446     0x00014700       0xFFFFFF80      0x00000020         (0, 1, 8)      [] [S]
    447     0x00015700       0xFFFFFF80      0x00000020         (0, 1, 10)      [] [S]
    448     0x0001B380       0xFFFFFF80      0x00800000         (0, 1, 6)      [17] []
    449     0x00017580       0xFFFFFF80      0x00FFFFBD         (0, 1, 14)      [1, 2, 3, 4, 5, 6, 7, 8, 9, 10, 11, 12, 13, 14, 15, 16, 17] [E, N, W, SW, S]
    450     0x00010E80       0xFFFFFF80      0x00000130         (0, 1, 1)      [2] [SW, S]
    451     0x00013480       0xFFFFFF80      0x00000020         (0, 1, 6)      [] [S]
    452     0x00013300       0xFFFFFF80      0x00200020         (0, 1, 6)      [15] [S]
    453     0x00012180       0xFFFFFF80      0x00010000         (0, 1, 4)      [10] []
    454     0x00012A00       0xFFFFFF80      0x00000020         (0, 1, 5)      [] [S]
    455     0x00053B00       0xFFFFFF00      0x00002000         (0, 5, 7)      [7] []
    456     0x0001A680       0xFFFFFF80      0x00040000         (0, 1, 4)      [12] []
    457     0x00008780       0xFFFFFF80      0x00000100         (0, 0, 0)      [2] []
    458     0x00041E00       0xFFFFFF00      0x00000008         (0, 4, 3)      [] [W]
    459     0x0000F400       0xFFFFFF80      0x00008000         (0, 0, 14)      [9] []
    460     0x0001D780       0xFFFFFF80      0x00200000         (0, 1, 10)      [15] []
    461     0x00011600       0xFFFFFF80      0x00800000         (0, 1, 2)      [17] []
    462     0x00014B00       0xFFFFFF80      0x00000400         (0, 1, 9)      [4] []
    463     0x00019A00       0xFFFFFF80      0x00008000         (0, 1, 3)      [9] []
    464     0x00017300       0xFFFFFF80      0x00FFFFBD         (0, 1, 14)      [1, 2, 3, 4, 5, 6, 7, 8, 9, 10, 11, 12, 13, 14, 15, 16, 17] [E, N, W, SW, S]
    465     0x00024780       0xFFFFFF80      0x00000200         (0, 2, 8)      [3] []
    466     0x0000E780       0xFFFFFF80      0x00100021         (0, 0, 12)      [14] [E, S]
    467     0x00015280       0xFFFFFF80      0x00000020         (0, 1, 10)      [] [S]
    468     0x00014180       0xFFFFFF80      0x00100020         (0, 1, 8)      [14] [S]
    469     0x00017000       0xFFFFFF80      0x00FFFF8C         (0, 1, 14)      [1, 2, 3, 4, 5, 6, 7, 8, 9, 10, 11, 12, 13, 14, 15, 16, 17] [N, W]
    470     0x00019B00       0xFFFFFF80      0x00020000         (0, 1, 3)      [11] []
    471     0x0001B000       0xFFFFFF80      0x00010000         (0, 1, 6)      [10] []
    472     0x00024C80       0xFFFFFF80      0x00080000         (0, 2, 9)      [13] []
    473     0x00007900       0xFFFFFF80      0x00000200         (0, 0, 15)      [3] []
    474     0x0001F280       0xFFFFFF80      0x00020010         (0, 1, 14)      [11] [SW]
    475     0x00005C00       0xFFFFFF80      0x00000800         (0, 0, 11)      [5] []
    476     0x00019700       0xFFFFFF80      0x00000200         (0, 1, 2)      [3] []
    477     0x0000B600       0xFFFFFF80      0x00000800         (0, 0, 6)      [5] []
    478     0x0001A180       0xFFFFFF80      0x00000100         (0, 1, 4)      [2] []
    479     0x00010100       0xFFFFFF80      0x00000800         (0, 1, 0)      [5] []
    480     0x0004A500       0xFFFFFF00      0x00000008         (0, 4, 4)      [] [W]
    481     0x00004C80       0xFFFFFF80      0x00000400         (0, 0, 9)      [4] []
    482     0x0001CE80       0xFFFFFF80      0x00100000         (0, 1, 9)      [14] []
    483     0x00015B00       0xFFFFFF80      0x00004000         (0, 1, 11)      [8] []
    484     0x00010D80       0xFFFFFF80      0x00000030         (0, 1, 1)      [] [SW, S]
    485     0x0001F400       0xFFFFFF80      0x00100010         (0, 1, 14)      [14] [SW]
    486     0x0000D680       0xFFFFFF80      0x00010000         (0, 0, 10)      [10] []
    487     0x00015A00       0xFFFFFF80      0x00001000         (0, 1, 11)      [6] []
    488     0x00011080       0xFFFFFF80      0x00001030         (0, 1, 2)      [6] [SW, S]
    489     0x0001F780       0xFFFFFF80      0x00008010         (0, 1, 14)      [9] [SW]
    490     0x0001C680       0xFFFFFF80      0x00400010         (0, 1, 8)      [16] [SW]
    491     0x0001F200       0xFFFFFF80      0x00010010         (0, 1, 14)      [10] [SW]
    492     0x00017800       0xFFFFFF80      0x00FFFFBD         (0, 1, 15)      [1, 2, 3, 4, 5, 6, 7, 8, 9, 10, 11, 12, 13, 14, 15, 16, 17] [E, N, W, SW, S]
    493     0x0000C800       0xFFFFFF80      0x00020000         (0, 0, 9)      [11] []
    494     0x0000C900       0xFFFFFF80      0x00080000         (0, 0, 9)      [13] []
    495     0x0001E280       0xFFFFFF80      0x00001000         (0, 1, 12)      [6] []
    496     0x0001AB80       0xFFFFFF80      0x00000080         (0, 1, 5)      [1] []
    497     0x0000D500       0xFFFFFF80      0x00002000         (0, 0, 10)      [7] []
    498     0x0001C480       0xFFFFFF80      0x00040010         (0, 1, 8)      [12] [SW]
    499     0x00018980       0xFFFFFF80      0x00000020         (0, 1, 1)      [] [S]
    500     0x0000B980       0xFFFFFF80      0x00040020         (0, 0, 7)      [12] [S]
    501     0x00021080       0xFFFFFF80      0x00100008         (0, 2, 2)      [14] [W]
    502     0x00016A80       0xFFFFFF80      0x000C000C         (0, 1, 13)      [12, 13] [N, W]
    503     0x00053E00       0xFFFFFF00      0x00010000         (0, 5, 7)      [10] []
    504     0x0001A780       0xFFFFFF80      0x00100000         (0, 1, 4)      [14] []
    505     0x00017D00       0xFFFFFF80      0x00000030         (0, 1, 15)      [] [SW, S]
    506     0x00041700       0xFFFFFF00      0x00000008         (0, 4, 2)      [] [W]
    507     0x00013A80       0xFFFFFF80      0x00000020         (0, 1, 7)      [] [S]
    508     0x00041900       0xFFFFFF00      0x00000008         (0, 4, 3)      [] [W]
    509     0x00010200       0xFFFFFF80      0x00002000         (0, 1, 0)      [7] []
    510     0x0001AC80       0xFFFFFF80      0x00000200         (0, 1, 5)      [3] []
    511     0x00020200       0xFFFFFF80      0x00000008         (0, 2, 0)      [] [W]
    512     0x0000FE80       0xFFFFFF80      0x00000020         (0, 0, 15)      [] [S]
    513     0x00022A80       0xFFFFFF80      0x00FFFF80         (0, 2, 5)      [1, 2, 3, 4, 5, 6, 7, 8, 9, 10, 11, 12, 13, 14, 15, 16, 17] []
    514     0x00008A00       0xFFFFFF80      0x00002000         (0, 0, 1)      [7] []
    515     0x00019C80       0xFFFFFF80      0x00100000         (0, 1, 3)      [14] []
    516     0x00021300       0xFFFFFF80      0x00000008         (0, 2, 2)      [] [W]
    517     0x0000F680       0xFFFFFF80      0x00100020         (0, 0, 14)      [14] [S]
    518     0x00018680       0xFFFFFF80      0x00C00020         (0, 1, 0)      [16, 17] [S]
    519     0x00011400       0xFFFFFF80      0x00080030         (0, 1, 2)      [13] [SW, S]
    520     0x00013000       0xFFFFFF80      0x00008000         (0, 1, 6)      [9] []
    521     0x0000C700       0xFFFFFF80      0x00008000         (0, 0, 8)      [9] []
    522     0x0000B200       0xFFFFFF80      0x00000020         (0, 0, 6)      [] [S]
    523     0x0001B680       0xFFFFFF80      0x00000200         (0, 1, 6)      [3] []
    524     0x00054300       0xFFFFFF00      0x00200000         (0, 5, 8)      [15] []
    525     0x0001FE80       0xFFFFFF80      0x00040000         (0, 1, 15)      [12] []
    526     0x0000C400       0xFFFFFF80      0x00000200         (0, 0, 8)      [3] []
    527     0x00001E00       0xFFFFFF80      0x00000080         (0, 0, 3)      [1] []
    528     0x0001C600       0xFFFFFF80      0x00200010         (0, 1, 8)      [15] [SW]
    529     0x0001FB00       0xFFFFFF80      0x00400000         (0, 1, 15)      [16] []
    530     0x00024900       0xFFFFFF80      0x00001000         (0, 2, 9)      [6] []
    531     0x00012000       0xFFFFFF80      0x00002000         (0, 1, 4)      [7] []
    532     0x00016300       0xFFFFFF80      0x00000030         (0, 1, 12)      [] [SW, S]
    533     0x00053F00       0xFFFFFF00      0x00020000         (0, 5, 7)      [11] []
    534     0x0001E880       0xFFFFFF80      0x00000010         (0, 1, 13)      [] [SW]
    535     0x00007B80       0xFFFFFF80      0x00004000         (0, 0, 15)      [8] []
    536     0x00019180       0xFFFFFF80      0x00200020         (0, 1, 2)      [15] [S]
    537     0x0000B880       0xFFFFFF80      0x00010020         (0, 0, 7)      [10] [S]
    538     0x00041F00       0xFFFFFF00      0x00000008         (0, 4, 3)      [] [W]
    539     0x0000E380       0xFFFFFF80      0x00001000         (0, 0, 12)      [6] []
    540     0x00006900       0xFFFFFF80      0x00000080         (0, 0, 13)      [1] []
    541     0x00016680       0xFFFFFF80      0x00000C30         (0, 1, 12)      [4, 5] [SW, S]
    542     0x00021400       0xFFFFFF80      0x00200008         (0, 2, 2)      [15] [W]
    543     0x0000A900       0xFFFFFF80      0x00008000         (0, 0, 5)      [9] []
    544     0x0001DA80       0xFFFFFF80      0x00000808         (0, 1, 11)      [5] [W]
    545     0x00020D80       0xFFFFFF80      0x00200008         (0, 2, 1)      [15] [W]
    546     0x0001EC00       0xFFFFFF80      0x00020010         (0, 1, 13)      [11] [SW]
    547     0x0000C600       0xFFFFFF80      0x00002000         (0, 0, 8)      [7] []
    548     0x0001F980       0xFFFFFF80      0x00080000         (0, 1, 15)      [13] []
    549     0x0001A380       0xFFFFFF80      0x00001000         (0, 1, 4)      [6] []
    550     0x00017B00       0xFFFFFF80      0x00FFFFA0         (0, 1, 15)      [1, 2, 3, 4, 5, 6, 7, 8, 9, 10, 11, 12, 13, 14, 15, 16, 17] [S]
    551     0x00018800       0xFFFFFF80      0x00000020         (0, 1, 1)      [] [S]
    552     0x00003C00       0xFFFFFF80      0x00000080         (0, 0, 7)      [1] []
    553     0x00015C80       0xFFFFFF80      0x00020020         (0, 1, 11)      [11] [S]
    554     0x00014780       0xFFFFFF80      0x00000020         (0, 1, 8)      [] [S]
    555     0x0001ED80       0xFFFFFF80      0x00100010         (0, 1, 13)      [14] [SW]
    556     0x0004A400       0xFFFFFF00      0x00000008         (0, 4, 4)      [] [W]
    557     0x0001AF80       0xFFFFFF80      0x00008000         (0, 1, 5)      [9] []
    558     0x0001FC80       0xFFFFFF80      0x00000008         (0, 1, 15)      [] [W]
    559     0x00013B80       0xFFFFFF80      0x00000100         (0, 1, 7)      [2] []
    560     0x00015D00       0xFFFFFF80      0x00040020         (0, 1, 11)      [12] [S]
    561     0x0001F580       0xFFFFFF80      0x00800010         (0, 1, 14)      [17] [SW]
    562     0x00011180       0xFFFFFF80      0x00004030         (0, 1, 2)      [8] [SW, S]
    563     0x00014080       0xFFFFFF80      0x00040020         (0, 1, 8)      [12] [S]
    564     0x00020380       0xFFFFFF80      0x00040008         (0, 2, 0)      [12] [W]
    565     0x00009900       0xFFFFFF80      0x00002000         (0, 0, 3)      [7] []
    566     0x00011580       0xFFFFFF80      0x00400000         (0, 1, 2)      [16] []
    567     0x0001CC00       0xFFFFFF80      0x00008000         (0, 1, 9)      [9] []
    568     0x0001BA00       0xFFFFFF80      0x00010000         (0, 1, 7)      [10] []
    569     0x00017980       0xFFFFFF80      0x00FFFFB5         (0, 1, 15)      [1, 2, 3, 4, 5, 6, 7, 8, 9, 10, 11, 12, 13, 14, 15, 16, 17] [E, N, SW, S]
    570     0x00011D80       0xFFFFFF80      0x00000100         (0, 1, 3)      [2] []
    571     0x00016B80       0xFFFFFF80      0x0030000C         (0, 1, 13)      [14, 15] [N, W]
    572     0x0001EB80       0xFFFFFF80      0x00010010         (0, 1, 13)      [10] [SW]
    573     0x00004B80       0xFFFFFF80      0x00000100         (0, 0, 9)      [2] []
    574     0x00002E00       0xFFFFFF80      0x00000200         (0, 0, 5)      [3] []
    575     0x00014900       0xFFFFFF80      0x00000020         (0, 1, 9)      [] [S]
    576     0x00053700       0xFFFFFF00      0x00000200         (0, 5, 6)      [3] []
    577     0x00016480       0xFFFFFF80      0x000000B0         (0, 1, 12)      [1] [SW, S]
    578     0x0000D800       0xFFFFFF80      0x00080000         (0, 0, 11)      [13] []
    579     0x00008980       0xFFFFFF80      0x00001000         (0, 0, 1)      [6] []
    580     0x00018080       0xFFFFFF80      0x00000C30         (0, 1, 0)      [4, 5] [SW, S]
    581     0x00053900       0xFFFFFF00      0x00000800         (0, 5, 7)      [5] []
    582     0x00017A00       0xFFFFFF80      0x00FFFFB5         (0, 1, 15)      [1, 2, 3, 4, 5, 6, 7, 8, 9, 10, 11, 12, 13, 14, 15, 16, 17] [E, N, SW, S]
    583     0x00018700       0xFFFFFF80      0x00800020         (0, 1, 0)      [17] [S]
    584     0x00007980       0xFFFFFF80      0x00000400         (0, 0, 15)      [4] []
    585     0x00021C00       0xFFFFFF80      0x00000008         (0, 2, 3)      [] [W]
    586     0x00012A80       0xFFFFFF80      0x00000020         (0, 1, 5)      [] [S]
    587     0x00024B80       0xFFFFFF80      0x00020000         (0, 2, 9)      [11] []
    588     0x0001CD00       0xFFFFFF80      0x00020000         (0, 1, 9)      [11] []
    589     0x00042000       0xFFFFFF00      0x00000008         (0, 4, 4)      [] [W]
    590     0x0001E480       0xFFFFFF80      0x00010000         (0, 1, 12)      [10] []
    591     0x00020300       0xFFFFFF80      0x00020008         (0, 2, 0)      [11] [W]
    592     0x0001DE00       0xFFFFFF80      0x00040008         (0, 1, 11)      [12] [W]
    593     0x0001E780       0xFFFFFF80      0x00400000         (0, 1, 12)      [16] []
    594     0x00014280       0xFFFFFF80      0x00400020         (0, 1, 8)      [16] [S]
    595     0x0000F180       0xFFFFFF80      0x00000400         (0, 0, 14)      [4] []
    596     0x00009600       0xFFFFFF80      0x00000080         (0, 0, 2)      [1] []
    597     0x0001C900       0xFFFFFF80      0x00000208         (0, 1, 9)      [3] [W]
    598     0x00012100       0xFFFFFF80      0x00008000         (0, 1, 4)      [9] []
    599     0x0000F780       0xFFFFFF80      0x00400020         (0, 0, 14)      [16] [S]
    600     0x00049D00       0xFFFFFF00      0x00000008         (0, 4, 3)      [] [W]
    601     0x0001D600       0xFFFFFF80      0x00040000         (0, 1, 10)      [12] []
    602     0x0000E480       0xFFFFFF80      0x00004000         (0, 0, 12)      [8] []
    603     0x00015080       0xFFFFFF80      0x00200020         (0, 1, 10)      [15] [S]
    604     0x00013C80       0xFFFFFF80      0x00000400         (0, 1, 7)      [4] []
    605     0x00020880       0xFFFFFF80      0x00080008         (0, 2, 1)      [13] [W]
    606     0x0000A800       0xFFFFFF80      0x00002000         (0, 0, 5)      [7] []
    607     0x0000B500       0xFFFFFF80      0x00000200         (0, 0, 6)      [3] []
    608     0x00013E00       0xFFFFFF80      0x00002000         (0, 1, 7)      [7] []
    609     0x0000C100       0xFFFFFF80      0x00000020         (0, 0, 8)      [] [S]
    610     0x0001DC80       0xFFFFFF80      0x00008008         (0, 1, 11)      [9] [W]
    611     0x00042200       0xFFFFFF00      0x00000008         (0, 4, 4)      [] [W]
    612     0x00014380       0xFFFFFF80      0x00000020         (0, 1, 8)      [] [S]
    613     0x00015100       0xFFFFFF80      0x00400020         (0, 1, 10)      [16] [S]
    614     0x0001B980       0xFFFFFF80      0x00008000         (0, 1, 7)      [9] []
    615     0x00012E00       0xFFFFFF80      0x00000801         (0, 1, 5)      [5] [E]
    616     0x00010F80       0xFFFFFF80      0x00000430         (0, 1, 1)      [4] [SW, S]
    617     0x0001C000       0xFFFFFF80      0x00000210         (0, 1, 8)      [3] [SW]
    618     0x00019880       0xFFFFFF80      0x00001000         (0, 1, 3)      [6] []
    619     0x00012B80       0xFFFFFF80      0x00000020         (0, 1, 5)      [] [S]
    620     0x0001EA80       0xFFFFFF80      0x00004010         (0, 1, 13)      [8] [SW]
    621     0x0001DF00       0xFFFFFF80      0x00100008         (0, 1, 11)      [14] [W]
    622     0x0001E800       0xFFFFFF80      0x00800000         (0, 1, 13)      [17] []
    623     0x00014E00       0xFFFFFF80      0x00010020         (0, 1, 9)      [10] [S]
    624     0x00016F00       0xFFFFFF80      0x00FFFF8C         (0, 1, 13)      [1, 2, 3, 4, 5, 6, 7, 8, 9, 10, 11, 12, 13, 14, 15, 16, 17] [N, W]
    625     0x00006A80       0xFFFFFF80      0x00000400         (0, 0, 13)      [4] []
    626     0x0001E000       0xFFFFFF80      0x00400000         (0, 1, 12)      [16] []
    627     0x0001BD00       0xFFFFFF80      0x00400000         (0, 1, 7)      [16] []
    628     0x0000D280       0xFFFFFF80      0x00000100         (0, 0, 10)      [2] []
    629     0x00053600       0xFFFFFF00      0x00000100         (0, 5, 6)      [2] []
    630     0x00010180       0xFFFFFF80      0x00001000         (0, 1, 0)      [6] []
    631     0x00013400       0xFFFFFF80      0x00800020         (0, 1, 6)      [17] [S]
    632     0x0001D480       0xFFFFFF80      0x00008000         (0, 1, 10)      [9] []
    633     0x00011300       0xFFFFFF80      0x00020030         (0, 1, 2)      [11] [SW, S]
    634     0x00009A00       0xFFFFFF80      0x00008000         (0, 0, 3)      [9] []
    635     0x00015680       0xFFFFFF80      0x00000020         (0, 1, 10)      [] [S]
    636     0x00013E80       0xFFFFFF80      0x00004000         (0, 1, 7)      [8] []
    637     0x00018A00       0xFFFFFF80      0x00000020         (0, 1, 1)      [] [S]
    638     0x0001D700       0xFFFFFF80      0x00100000         (0, 1, 10)      [14] []
    639     0x00018C00       0xFFFFFF80      0x00000400         (0, 1, 1)      [4] []
    640     0x0001E600       0xFFFFFF80      0x00080000         (0, 1, 12)      [13] []
    641     0x0001BB00       0xFFFFFF80      0x00040000         (0, 1, 7)      [12] []
    642     0x0000ED80       0xFFFFFF80      0x00000020         (0, 0, 13)      [] [S]
    643     0x0000C300       0xFFFFFF80      0x00000080         (0, 0, 8)      [1] []
    644     0x0001C380       0xFFFFFF80      0x00010010         (0, 1, 8)      [10] [SW]
    645     0x0000FD80       0xFFFFFF80      0x00000020         (0, 0, 15)      [] [S]
    646     0x00010680       0xFFFFFF80      0x00400000         (0, 1, 0)      [16] []
    647     0x00004C00       0xFFFFFF80      0x00000200         (0, 0, 9)      [3] []
    648     0x00012E80       0xFFFFFF80      0x00001000         (0, 1, 5)      [6] []
    649     0x00024A00       0xFFFFFF80      0x00004000         (0, 2, 9)      [8] []
    650     0x0001F800       0xFFFFFF80      0x00010010         (0, 1, 15)      [10] [SW]
    651     0x0001B300       0xFFFFFF80      0x00400000         (0, 1, 6)      [16] []
    652     0x00015900       0xFFFFFF80      0x00000400         (0, 1, 11)      [4] []
    653     0x00018F00       0xFFFFFF80      0x00010020         (0, 1, 1)      [10] [S]
    654     0x0001CB00       0xFFFFFF80      0x00002000         (0, 1, 9)      [7] []
    655     0x0001CF00       0xFFFFFF80      0x00200000         (0, 1, 9)      [15] []
    656     0x00013800       0xFFFFFF80      0x00000020         (0, 1, 7)      [] [S]
    657     0x00024D80       0xFFFFFF80      0x00200000         (0, 2, 9)      [15] []
    658     0x0000F280       0xFFFFFF80      0x00001000         (0, 0, 14)      [6] []
    659     0x00007A80       0xFFFFFF80      0x00001000         (0, 0, 15)      [6] []
    660     0x0000FC00       0xFFFFFF80      0x00000020         (0, 0, 15)      [] [S]
    661     0x0000C380       0xFFFFFF80      0x00000100         (0, 0, 8)      [2] []
    662     0x00015300       0xFFFFFF80      0x00000020         (0, 1, 10)      [] [S]
    663     0x00018500       0xFFFFFF80      0x00180020         (0, 1, 0)      [13, 14] [S]
    664     0x00017C00       0xFFFFFF80      0x00000030         (0, 1, 15)      [] [SW, S]
    665     0x00024700       0xFFFFFF80      0x00000100         (0, 2, 8)      [2] []
    666     0x00020A00       0xFFFFFF80      0x00400000         (0, 2, 1)      [16] []
    667     0x0000E580       0xFFFFFF80      0x00010020         (0, 0, 12)      [10] [S]
    668     0x0001BC80       0xFFFFFF80      0x00200000         (0, 1, 7)      [15] []
    669     0x00053800       0xFFFFFF00      0x00000400         (0, 5, 7)      [4] []
    670     0x00019E00       0xFFFFFF80      0x00800000         (0, 1, 3)      [17] []
    671     0x00024680       0xFFFFFF80      0x00000080         (0, 2, 8)      [1] []
    672     0x00019B80       0xFFFFFF80      0x00040000         (0, 1, 3)      [12] []
    673     0x00019280       0xFFFFFF80      0x00800020         (0, 1, 2)      [17] [S]
    674     0x0001E580       0xFFFFFF80      0x00040000         (0, 1, 12)      [12] []
    675     0x0001F480       0xFFFFFF80      0x00200010         (0, 1, 14)      [15] [SW]
    676     0x0000B780       0xFFFFFF80      0x00004000         (0, 0, 6)      [8] []
    677     0x00020D00       0xFFFFFF80      0x00100008         (0, 2, 1)      [14] [W]
    678     0x0001EA00       0xFFFFFF80      0x00002010         (0, 1, 13)      [7] [SW]
    679     0x00014F80       0xFFFFFF80      0x00080020         (0, 1, 9)      [13] [S]
    680     0x00006980       0xFFFFFF80      0x00000100         (0, 0, 13)      [2] []
    681     0x00017200       0xFFFFFF80      0x00FFFFBD         (0, 1, 14)      [1, 2, 3, 4, 5, 6, 7, 8, 9, 10, 11, 12, 13, 14, 15, 16, 17] [E, N, W, SW, S]
    682     0x0001AC00       0xFFFFFF80      0x00000100         (0, 1, 5)      [2] []
    683     0x0001D880       0xFFFFFF80      0x00800000         (0, 1, 11)      [17] []
    684     0x00011E00       0xFFFFFF80      0x00000200         (0, 1, 3)      [3] []
    685     0x00006B00       0xFFFFFF80      0x00000800         (0, 0, 13)      [5] []
    686     0x00015780       0xFFFFFF80      0x00000080         (0, 1, 10)      [1] []
    687     0x0001E300       0xFFFFFF80      0x00002000         (0, 1, 12)      [7] []
    688     0x00015F00       0xFFFFFF80      0x00400020         (0, 1, 11)      [16] [S]
    689     0x00013F80       0xFFFFFF80      0x00010020         (0, 1, 7)      [10] [S]
    690     0x0001E680       0xFFFFFF80      0x00100000         (0, 1, 12)      [14] []
    691     0x00019C00       0xFFFFFF80      0x00080000         (0, 1, 3)      [13] []
    692     0x00017600       0xFFFFFF80      0x00FFFFBD         (0, 1, 14)      [1, 2, 3, 4, 5, 6, 7, 8, 9, 10, 11, 12, 13, 14, 15, 16, 17] [E, N, W, SW, S]
    693     0x00010F00       0xFFFFFF80      0x00000230         (0, 1, 1)      [3] [SW, S]
    694     0x00018780       0xFFFFFF80      0x00000020         (0, 1, 0)      [] [S]
    695     0x00014B80       0xFFFFFF80      0x00000800         (0, 1, 9)      [5] []
    696     0x00014100       0xFFFFFF80      0x00080020         (0, 1, 8)      [13] [S]
    697     0x00020100       0xFFFFFF80      0x00800000         (0, 2, 0)      [17] []
