router contains 41 entries 
 
  Index   Key(hex)    Mask(hex)    Route(hex)    Src. Core -> [Cores][Links]
------------------------------------------------------------------------------
    0     0x00024F80       0xFFFFFF80      0x00000003         (0, 2, 9)      [] [E, NE]
    1     0x00024400       0xFFFFFF80      0x00000110         (0, 2, 8)      [2] [SW]
    2     0x00053B00       0xFFFFFF00      0x00000010         (0, 5, 7)      [] [SW]
    3     0x00024F00       0xFFFFFF80      0x00000003         (0, 2, 9)      [] [E, NE]
    4     0x00024980       0xFFFFFF80      0x00080010         (0, 2, 9)      [13] [SW]
    5     0x00024E00       0xFFFFFF80      0x00000003         (0, 2, 9)      [] [E, NE]
    6     0x00024780       0xFFFFFF80      0x00008010         (0, 2, 8)      [9] [SW]
    7     0x00022A80       0xFFFFFF80      0x007FFF88         (0, 2, 5)      [1, 2, 3, 4, 5, 6, 7, 8, 9, 10, 11, 12, 13, 14, 15, 16] [W]
    8     0x00053800       0xFFFFFF00      0x00000010         (0, 5, 7)      [] [SW]
    9     0x00053000       0xFFFFFF00      0x00000010         (0, 5, 6)      [] [SW]
    10     0x00053400       0xFFFFFF00      0x00000010         (0, 5, 6)      [] [SW]
    11     0x00053300       0xFFFFFF00      0x00000010         (0, 5, 6)      [] [SW]
    12     0x00024580       0xFFFFFF80      0x00000810         (0, 2, 8)      [5] [SW]
    13     0x00024C00       0xFFFFFF80      0x00000010         (0, 2, 9)      [] [SW]
    14     0x00053C00       0xFFFFFF00      0x00000010         (0, 5, 7)      [] [SW]
    15     0x00024380       0xFFFFFF80      0x00000090         (0, 2, 8)      [1] [SW]
    16     0x00053D00       0xFFFFFF00      0x00000010         (0, 5, 7)      [] [SW]
    17     0x00024800       0xFFFFFF80      0x00010010         (0, 2, 9)      [10] [SW]
    18     0x00053E00       0xFFFFFF00      0x00000010         (0, 5, 7)      [] [SW]
    19     0x00024600       0xFFFFFF80      0x00001010         (0, 2, 8)      [6] [SW]
    20     0x00024A00       0xFFFFFF80      0x00100010         (0, 2, 9)      [14] [SW]
    21     0x00053900       0xFFFFFF00      0x00000010         (0, 5, 7)      [] [SW]
    22     0x00024500       0xFFFFFF80      0x00000410         (0, 2, 8)      [4] [SW]
    23     0x00052F00       0xFFFFFF00      0x00000010         (0, 5, 5)      [] [SW]
    24     0x00022B00       0xFFFFFF80      0x00000008         (0, 2, 5)      [] [W]
    25     0x00024880       0xFFFFFF80      0x00020010         (0, 2, 9)      [11] [SW]
    26     0x00024B00       0xFFFFFF80      0x00400010         (0, 2, 9)      [16] [SW]
    27     0x00053700       0xFFFFFF00      0x00000010         (0, 5, 6)      [] [SW]
    28     0x00025000       0xFFFFFF80      0x00000003         (0, 2, 10)      [] [E, NE]
    29     0x00053200       0xFFFFFF00      0x00000010         (0, 5, 6)      [] [SW]
    30     0x00024480       0xFFFFFF80      0x00000210         (0, 2, 8)      [3] [SW]
    31     0x00024900       0xFFFFFF80      0x00040010         (0, 2, 9)      [12] [SW]
    32     0x00024680       0xFFFFFF80      0x00002010         (0, 2, 8)      [7] [SW]
    33     0x00053500       0xFFFFFF00      0x00000010         (0, 5, 6)      [] [SW]
    34     0x00024E80       0xFFFFFF80      0x00000003         (0, 2, 9)      [] [E, NE]
    35     0x00024A80       0xFFFFFF80      0x00200010         (0, 2, 9)      [15] [SW]
    36     0x00053100       0xFFFFFF00      0x00000010         (0, 5, 6)      [] [SW]
    37     0x00053A00       0xFFFFFF00      0x00000010         (0, 5, 7)      [] [SW]
    38     0x00053600       0xFFFFFF00      0x00000010         (0, 5, 6)      [] [SW]
    39     0x00024700       0xFFFFFF80      0x00004010         (0, 2, 8)      [8] [SW]
    40     0x00024B80       0xFFFFFF80      0x00000010         (0, 2, 9)      [] [SW]
