router contains 129 entries 
 
  Index   Key(hex)    Mask(hex)    Route(hex)    Src. Core -> [Cores][Links]
------------------------------------------------------------------------------
    0     0x00068500       0xFFFFFF00      0x00000002         (0, 6, 0)      [] [NE]
    1     0x00014180       0xFFFFFF80      0x00000002         (0, 1, 8)      [] [NE]
    2     0x00024900       0xFFFFFF80      0x00100020         (0, 2, 9)      [14] [S]
    3     0x0005BC00       0xFFFFFF00      0x00000002         (0, 5, 7)      [] [NE]
    4     0x00018600       0xFFFFFF80      0x00000002         (0, 1, 0)      [] [NE]
    5     0x00008B00       0xFFFFFF80      0x00000020         (0, 0, 1)      [] [S]
    6     0x00019100       0xFFFFFF80      0x00000002         (0, 1, 2)      [] [NE]
    7     0x00068600       0xFFFFFF00      0x00000002         (0, 6, 0)      [] [NE]
    8     0x00008A00       0xFFFFFF80      0x00000020         (0, 0, 1)      [] [S]
    9     0x00022900       0xFFFFFF80      0x00000008         (0, 2, 5)      [] [W]
    10     0x00015F80       0xFFFFFF80      0x00000002         (0, 1, 11)      [] [NE]
    11     0x00022100       0xFFFFFF80      0x00000008         (0, 2, 4)      [] [W]
    12     0x0005B400       0xFFFFFF00      0x00000002         (0, 5, 6)      [] [NE]
    13     0x00024F00       0xFFFFFF80      0x00001000         (0, 2, 9)      [6] []
    14     0x00015D80       0xFFFFFF80      0x00000002         (0, 1, 11)      [] [NE]
    15     0x00019300       0xFFFFFF80      0x00000002         (0, 1, 2)      [] [NE]
    16     0x00022D00       0xFFFFFF80      0x00007F80         (0, 2, 5)      [1, 2, 3, 4, 5, 6, 7, 8] []
    17     0x00024C80       0xFFFFFF80      0x000000A0         (0, 2, 9)      [1] [S]
    18     0x00018700       0xFFFFFF80      0x00000002         (0, 1, 0)      [] [NE]
    19     0x00019080       0xFFFFFF80      0x00000002         (0, 1, 2)      [] [NE]
    20     0x00015B80       0xFFFFFF80      0x00000004         (0, 1, 11)      [] [N]
    21     0x00015F00       0xFFFFFF80      0x00000002         (0, 1, 11)      [] [NE]
    22     0x00024F80       0xFFFFFF80      0x00002000         (0, 2, 9)      [7] []
    23     0x00068800       0xFFFFFF00      0x00000002         (0, 6, 1)      [] [NE]
    24     0x00024880       0xFFFFFF80      0x00080020         (0, 2, 9)      [13] [S]
    25     0x00063E00       0xFFFFFF00      0x00000001         (0, 6, 7)      [] [E]
    26     0x0005BF00       0xFFFFFF00      0x00000002         (0, 5, 7)      [] [NE]
    27     0x00025000       0xFFFFFF80      0x00004000         (0, 2, 10)      [8] []
    28     0x0005C200       0xFFFFFF00      0x00000002         (0, 5, 8)      [] [NE]
    29     0x00008900       0xFFFFFF80      0x00000020         (0, 0, 1)      [] [S]
    30     0x0005B600       0xFFFFFF00      0x00000002         (0, 5, 6)      [] [NE]
    31     0x00015C80       0xFFFFFF80      0x00000002         (0, 1, 11)      [] [NE]
    32     0x00024A00       0xFFFFFF80      0x00400020         (0, 2, 9)      [16] [S]
    33     0x00015080       0xFFFFFF80      0x00000002         (0, 1, 10)      [] [NE]
    34     0x00015A00       0xFFFFFF80      0x00000004         (0, 1, 11)      [] [N]
    35     0x0005C000       0xFFFFFF00      0x00000002         (0, 5, 8)      [] [NE]
    36     0x00019200       0xFFFFFF80      0x00000002         (0, 1, 2)      [] [NE]
    37     0x00068A00       0xFFFFFF00      0x00000002         (0, 6, 1)      [] [NE]
    38     0x00019280       0xFFFFFF80      0x00000002         (0, 1, 2)      [] [NE]
    39     0x0004CF00       0xFFFFFF00      0x00000020         (0, 4, 9)      [] [S]
    40     0x00024E00       0xFFFFFF80      0x00000400         (0, 2, 9)      [4] []
    41     0x00068B00       0xFFFFFF00      0x00000002         (0, 6, 1)      [] [NE]
    42     0x0005B800       0xFFFFFF00      0x00000002         (0, 5, 7)      [] [NE]
    43     0x00018800       0xFFFFFF80      0x00000002         (0, 1, 1)      [] [NE]
    44     0x00016080       0xFFFFFF80      0x00000002         (0, 1, 12)      [] [NE]
    45     0x00023100       0xFFFFFF80      0x00000008         (0, 2, 6)      [] [W]
    46     0x0004CA00       0xFFFFFF00      0x00000020         (0, 4, 9)      [] [S]
    47     0x00018680       0xFFFFFF80      0x00000002         (0, 1, 0)      [] [NE]
    48     0x00022D80       0xFFFFFF80      0x00FF8000         (0, 2, 5)      [9, 10, 11, 12, 13, 14, 15, 16, 17] []
    49     0x00016000       0xFFFFFF80      0x00000002         (0, 1, 12)      [] [NE]
    50     0x00019380       0xFFFFFF80      0x00000002         (0, 1, 2)      [] [NE]
    51     0x00024800       0xFFFFFF80      0x00040020         (0, 2, 9)      [12] [S]
    52     0x00063C00       0xFFFFFF00      0x00000001         (0, 6, 7)      [] [E]
    53     0x00024980       0xFFFFFF80      0x00200020         (0, 2, 9)      [15] [S]
    54     0x00024600       0xFFFFFF80      0x00000020         (0, 2, 8)      [] [S]
    55     0x00024D00       0xFFFFFF80      0x00000120         (0, 2, 9)      [2] [S]
    56     0x00015900       0xFFFFFF80      0x00000004         (0, 1, 11)      [] [N]
    57     0x00015300       0xFFFFFF80      0x00000002         (0, 1, 10)      [] [NE]
    58     0x00068C00       0xFFFFFF00      0x00000002         (0, 6, 1)      [] [NE]
    59     0x0005BA00       0xFFFFFF00      0x00000002         (0, 5, 7)      [] [NE]
    60     0x00018480       0xFFFFFF80      0x00000002         (0, 1, 0)      [] [NE]
    61     0x0005BE00       0xFFFFFF00      0x00000002         (0, 5, 7)      [] [NE]
    62     0x0005C400       0xFFFFFF00      0x00000002         (0, 5, 8)      [] [NE]
    63     0x0004CC00       0xFFFFFF00      0x00000020         (0, 4, 9)      [] [S]
    64     0x00022300       0xFFFFFF80      0x00000008         (0, 2, 4)      [] [W]
    65     0x00018780       0xFFFFFF80      0x00000002         (0, 1, 0)      [] [NE]
    66     0x00024E80       0xFFFFFF80      0x00000800         (0, 2, 9)      [5] []
    67     0x00014400       0xFFFFFF80      0x00000002         (0, 1, 8)      [] [NE]
    68     0x0004CB00       0xFFFFFF00      0x00000020         (0, 4, 9)      [] [S]
    69     0x00015880       0xFFFFFF80      0x00000004         (0, 1, 11)      [] [N]
    70     0x00018580       0xFFFFFF80      0x00000002         (0, 1, 0)      [] [NE]
    71     0x0005B700       0xFFFFFF00      0x00000002         (0, 5, 6)      [] [NE]
    72     0x00024780       0xFFFFFF80      0x00020020         (0, 2, 8)      [11] [S]
    73     0x0004CD00       0xFFFFFF00      0x00000020         (0, 4, 9)      [] [S]
    74     0x0005BD00       0xFFFFFF00      0x00000002         (0, 5, 7)      [] [NE]
    75     0x00014100       0xFFFFFF80      0x00000002         (0, 1, 8)      [] [NE]
    76     0x00024A80       0xFFFFFF80      0x00800020         (0, 2, 9)      [17] [S]
    77     0x00063F00       0xFFFFFF00      0x00000001         (0, 6, 7)      [] [E]
    78     0x00015D00       0xFFFFFF80      0x00000002         (0, 1, 11)      [] [NE]
    79     0x00015A80       0xFFFFFF80      0x00000004         (0, 1, 11)      [] [N]
    80     0x00023200       0xFFFFFF80      0x00000008         (0, 2, 6)      [] [W]
    81     0x0004CE00       0xFFFFFF00      0x00000020         (0, 4, 9)      [] [S]
    82     0x00022880       0xFFFFFF80      0x00000008         (0, 2, 5)      [] [W]
    83     0x00008800       0xFFFFFF80      0x00000020         (0, 0, 1)      [] [S]
    84     0x00014200       0xFFFFFF80      0x00000002         (0, 1, 8)      [] [NE]
    85     0x00064000       0xFFFFFF00      0x00000001         (0, 6, 8)      [] [E]
    86     0x00015180       0xFFFFFF80      0x00000002         (0, 1, 10)      [] [NE]
    87     0x00014380       0xFFFFFF80      0x00000002         (0, 1, 8)      [] [NE]
    88     0x0005C300       0xFFFFFF00      0x00000002         (0, 5, 8)      [] [NE]
    89     0x00068000       0xFFFFFF00      0x00000002         (0, 6, 0)      [] [NE]
    90     0x0000F780       0xFFFFFF80      0x00000002         (0, 0, 14)      [] [NE]
    91     0x00015E80       0xFFFFFF80      0x00000002         (0, 1, 11)      [] [NE]
    92     0x00068D00       0xFFFFFF00      0x00000002         (0, 6, 1)      [] [NE]
    93     0x00014300       0xFFFFFF80      0x00000002         (0, 1, 8)      [] [NE]
    94     0x00064100       0xFFFFFF00      0x00000001         (0, 6, 8)      [] [E]
    95     0x00024D80       0xFFFFFF80      0x00000220         (0, 2, 9)      [3] [S]
    96     0x00024C00       0xFFFFFF80      0x00000020         (0, 2, 9)      [] [S]
    97     0x00068900       0xFFFFFF00      0x00000002         (0, 6, 1)      [] [NE]
    98     0x00068100       0xFFFFFF00      0x00000002         (0, 6, 0)      [] [NE]
    99     0x0000F700       0xFFFFFF80      0x00000002         (0, 0, 14)      [] [NE]
    100     0x00063D00       0xFFFFFF00      0x00000001         (0, 6, 7)      [] [E]
    101     0x00064200       0xFFFFFF00      0x00000001         (0, 6, 8)      [] [E]
    102     0x00015280       0xFFFFFF80      0x00000002         (0, 1, 10)      [] [NE]
    103     0x00068700       0xFFFFFF00      0x00000002         (0, 6, 0)      [] [NE]
    104     0x00068200       0xFFFFFF00      0x00000002         (0, 6, 0)      [] [NE]
    105     0x00018500       0xFFFFFF80      0x00000002         (0, 1, 0)      [] [NE]
    106     0x00015E00       0xFFFFFF80      0x00000002         (0, 1, 11)      [] [NE]
    107     0x00024700       0xFFFFFF80      0x00010020         (0, 2, 8)      [10] [S]
    108     0x00023180       0xFFFFFF80      0x00000008         (0, 2, 6)      [] [W]
    109     0x0005B900       0xFFFFFF00      0x00000002         (0, 5, 7)      [] [NE]
    110     0x00015980       0xFFFFFF80      0x00000004         (0, 1, 11)      [] [N]
    111     0x00014280       0xFFFFFF80      0x00000002         (0, 1, 8)      [] [NE]
    112     0x0005BB00       0xFFFFFF00      0x00000002         (0, 5, 7)      [] [NE]
    113     0x00068300       0xFFFFFF00      0x00000002         (0, 6, 0)      [] [NE]
    114     0x0005C100       0xFFFFFF00      0x00000002         (0, 5, 8)      [] [NE]
    115     0x0005B500       0xFFFFFF00      0x00000002         (0, 5, 6)      [] [NE]
    116     0x00015200       0xFFFFFF80      0x00000002         (0, 1, 10)      [] [NE]
    117     0x00008A80       0xFFFFFF80      0x00000020         (0, 0, 1)      [] [S]
    118     0x00019180       0xFFFFFF80      0x00000002         (0, 1, 2)      [] [NE]
    119     0x00024680       0xFFFFFF80      0x00008020         (0, 2, 8)      [9] [S]
    120     0x00014480       0xFFFFFF80      0x00000002         (0, 1, 8)      [] [NE]
    121     0x00024580       0xFFFFFF80      0x00000020         (0, 2, 8)      [] [S]
    122     0x00068400       0xFFFFFF00      0x00000002         (0, 6, 0)      [] [NE]
    123     0x00024B00       0xFFFFFF80      0x00000020         (0, 2, 9)      [] [S]
    124     0x00015B00       0xFFFFFF80      0x00000004         (0, 1, 11)      [] [N]
    125     0x00008980       0xFFFFFF80      0x00000020         (0, 0, 1)      [] [S]
    126     0x00015100       0xFFFFFF80      0x00000002         (0, 1, 10)      [] [NE]
    127     0x00024B80       0xFFFFFF80      0x00000020         (0, 2, 9)      [] [S]
    128     0x00008880       0xFFFFFF80      0x00000020         (0, 0, 1)      [] [S]
