router contains 758 entries 
 
  Index   Key(hex)    Mask(hex)    Route(hex)    Src. Core -> [Cores][Links]
------------------------------------------------------------------------------
    0     0x00011880       0xFFFFFF80      0x00200000         (0, 1, 3)      [15] []
    1     0x00023800       0xFFFFFF80      0x00000010         (0, 2, 7)      [] [SW]
    2     0x00001C00       0xFFFFFF80      0x00000200         (0, 0, 3)      [3] []
    3     0x00014C80       0xFFFFFF80      0x00000400         (0, 1, 9)      [4] []
    4     0x0001A600       0xFFFFFF80      0x00200000         (0, 1, 4)      [15] []
    5     0x00015A80       0xFFFFFF80      0x00000800         (0, 1, 11)      [5] []
    6     0x00020500       0xFFFFFF80      0x00000008         (0, 2, 0)      [] [W]
    7     0x00010980       0xFFFFFF80      0x00100000         (0, 1, 1)      [14] []
    8     0x0000A380       0xFFFFFF80      0x00080000         (0, 0, 4)      [13] []
    9     0x00014400       0xFFFFFF80      0x00200020         (0, 1, 8)      [15] [S]
    10     0x0000AF80       0xFFFFFF80      0x00004000         (0, 0, 5)      [8] []
    11     0x00023980       0xFFFFFF80      0x00000010         (0, 2, 7)      [] [SW]
    12     0x00020480       0xFFFFFF80      0x00000008         (0, 2, 0)      [] [W]
    13     0x0000B180       0xFFFFFF80      0x00040020         (0, 0, 6)      [12] [S]
    14     0x0000EF80       0xFFFFFF80      0x00000020         (0, 0, 13)      [] [S]
    15     0x00014000       0xFFFFFF80      0x00002000         (0, 1, 8)      [7] []
    16     0x00011080       0xFFFFFF80      0x00000030         (0, 1, 2)      [] [SW, S]
    17     0x00013000       0xFFFFFF80      0x00000400         (0, 1, 6)      [4] []
    18     0x0001FA00       0xFFFFFF80      0x00000008         (0, 1, 15)      [] [W]
    19     0x00020880       0xFFFFFF80      0x00000008         (0, 2, 1)      [] [W]
    20     0x00018780       0xFFFFFF80      0x00000020         (0, 1, 0)      [] [S]
    21     0x00000D00       0xFFFFFF80      0x00000100         (0, 0, 1)      [2] []
    22     0x00016D80       0xFFFFFF80      0x0080000C         (0, 1, 13)      [17] [N, W]
    23     0x00021180       0xFFFFFF80      0x00000008         (0, 2, 2)      [] [W]
    24     0x00012B80       0xFFFFFF80      0x00000021         (0, 1, 5)      [] [E, S]
    25     0x00017E80       0xFFFFFF80      0x00000190         (0, 1, 15)      [1, 2] [SW]
    26     0x0001B280       0xFFFFFF80      0x00000008         (0, 1, 6)      [] [W]
    27     0x0001D880       0xFFFFFF80      0x00020000         (0, 1, 11)      [11] []
    28     0x00015300       0xFFFFFF80      0x00800020         (0, 1, 10)      [17] [S]
    29     0x00019B00       0xFFFFFF80      0x00100000         (0, 1, 3)      [14] []
    30     0x0001DA80       0xFFFFFF80      0x00200008         (0, 1, 11)      [15] [W]
    31     0x00053600       0xFFFFFF00      0x00040000         (0, 5, 6)      [12] []
    32     0x00018980       0xFFFFFF80      0x00000020         (0, 1, 1)      [] [S]
    33     0x0000E900       0xFFFFFF80      0x00002000         (0, 0, 13)      [7] []
    34     0x00010500       0xFFFFFF80      0x00000800         (0, 1, 0)      [5] []
    35     0x00023C80       0xFFFFFF80      0x00001010         (0, 2, 7)      [6] [SW]
    36     0x00019080       0xFFFFFF80      0x00200020         (0, 1, 2)      [15] [S]
    37     0x0000D080       0xFFFFFF80      0x00400000         (0, 0, 10)      [16] []
    38     0x0001D480       0xFFFFFF80      0x00000008         (0, 1, 10)      [] [W]
    39     0x00016500       0xFFFFFF80      0x000000B0         (0, 1, 12)      [1] [SW, S]
    40     0x0001BF00       0xFFFFFF80      0x00004010         (0, 1, 7)      [8] [SW]
    41     0x00020F80       0xFFFFFF80      0x00000008         (0, 2, 1)      [] [W]
    42     0x00049700       0xFFFFFF00      0x00000008         (0, 4, 2)      [] [W]
    43     0x00018480       0xFFFFFF80      0x00180020         (0, 1, 0)      [13, 14] [S]
    44     0x00012280       0xFFFFFF80      0x00001000         (0, 1, 4)      [6] []
    45     0x00048C00       0xFFFFFF00      0x00000010         (0, 4, 1)      [] [SW]
    46     0x0001B780       0xFFFFFF80      0x00020000         (0, 1, 6)      [11] []
    47     0x00012E80       0xFFFFFF80      0x00000080         (0, 1, 5)      [1] []
    48     0x00009200       0xFFFFFF80      0x00002000         (0, 0, 2)      [7] []
    49     0x00010680       0xFFFFFF80      0x00004000         (0, 1, 0)      [8] []
    50     0x0001C100       0xFFFFFF80      0x00040010         (0, 1, 8)      [12] [SW]
    51     0x0000AC80       0xFFFFFF80      0x00000100         (0, 0, 5)      [2] []
    52     0x00010F80       0xFFFFFF80      0x00000030         (0, 1, 1)      [] [SW, S]
    53     0x00023A00       0xFFFFFF80      0x00000090         (0, 2, 7)      [1] [SW]
    54     0x0001CC80       0xFFFFFF80      0x00000008         (0, 1, 9)      [] [W]
    55     0x0000BD80       0xFFFFFF80      0x00002000         (0, 0, 7)      [7] []
    56     0x0001A700       0xFFFFFF80      0x00800000         (0, 1, 4)      [17] []
    57     0x00017980       0xFFFFFF80      0x00FFFFBD         (0, 1, 15)      [1, 2, 3, 4, 5, 6, 7, 8, 9, 10, 11, 12, 13, 14, 15, 16, 17] [E, N, W, SW, S]
    58     0x0001C180       0xFFFFFF80      0x00080000         (0, 1, 8)      [13] []
    59     0x00010A80       0xFFFFFF80      0x00400000         (0, 1, 1)      [16] []
    60     0x00006500       0xFFFFFF80      0x00000400         (0, 0, 12)      [4] []
    61     0x00018200       0xFFFFFF80      0x0000C030         (0, 1, 0)      [8, 9] [SW, S]
    62     0x00048500       0xFFFFFF00      0x00000010         (0, 4, 0)      [] [SW]
    63     0x00011000       0xFFFFFF80      0x00000030         (0, 1, 2)      [] [SW, S]
    64     0x00014480       0xFFFFFF80      0x00400020         (0, 1, 8)      [16] [S]
    65     0x00004800       0xFFFFFF80      0x00000400         (0, 0, 9)      [4] []
    66     0x00016280       0xFFFFFF80      0x00000020         (0, 1, 12)      [] [S]
    67     0x00019C80       0xFFFFFF80      0x00800000         (0, 1, 3)      [17] []
    68     0x0001D380       0xFFFFFF80      0x00400008         (0, 1, 10)      [16] [W]
    69     0x0001CE00       0xFFFFFF80      0x00000008         (0, 1, 9)      [] [W]
    70     0x00016B80       0xFFFFFF80      0x0018000C         (0, 1, 13)      [13, 14] [N, W]
    71     0x0001DD80       0xFFFFFF80      0x00000008         (0, 1, 11)      [] [W]
    72     0x00003B80       0xFFFFFF80      0x00004000         (0, 0, 7)      [8] []
    73     0x00017B00       0xFFFFFF80      0x00FFFFA0         (0, 1, 15)      [1, 2, 3, 4, 5, 6, 7, 8, 9, 10, 11, 12, 13, 14, 15, 16, 17] [S]
    74     0x0000ED00       0xFFFFFF80      0x00200020         (0, 0, 13)      [15] [S]
    75     0x00016800       0xFFFFFF80      0x00003030         (0, 1, 13)      [6, 7] [SW, S]
    76     0x00003A00       0xFFFFFF80      0x00000800         (0, 0, 7)      [5] []
    77     0x00015980       0xFFFFFF80      0x00000200         (0, 1, 11)      [3] []
    78     0x00015C80       0xFFFFFF80      0x00008020         (0, 1, 11)      [9] [S]
    79     0x0000F800       0xFFFFFF80      0x00004000         (0, 0, 15)      [8] []
    80     0x00020280       0xFFFFFF80      0x00000008         (0, 2, 0)      [] [W]
    81     0x00023E00       0xFFFFFF80      0x00008000         (0, 2, 7)      [9] []
    82     0x00016180       0xFFFFFF80      0x00000020         (0, 1, 12)      [] [S]
    83     0x0001A280       0xFFFFFF80      0x00004000         (0, 1, 4)      [8] []
    84     0x00002A80       0xFFFFFF80      0x00000200         (0, 0, 5)      [3] []
    85     0x00014E00       0xFFFFFF80      0x00002000         (0, 1, 9)      [7] []
    86     0x00018580       0xFFFFFF80      0x00600020         (0, 1, 0)      [16, 15] [S]
    87     0x0000CD00       0xFFFFFF80      0x00008000         (0, 0, 9)      [9] []
    88     0x0001C700       0xFFFFFF80      0x00000008         (0, 1, 8)      [] [W]
    89     0x00020300       0xFFFFFF80      0x00000008         (0, 2, 0)      [] [W]
    90     0x00015F80       0xFFFFFF80      0x00200020         (0, 1, 11)      [15] [S]
    91     0x0000C000       0xFFFFFF80      0x00040020         (0, 0, 8)      [12] [S]
    92     0x0001AF80       0xFFFFFF80      0x00100008         (0, 1, 5)      [14] [W]
    93     0x00005700       0xFFFFFF80      0x00000800         (0, 0, 10)      [5] []
    94     0x00006780       0xFFFFFF80      0x00008000         (0, 0, 12)      [9] []
    95     0x00012380       0xFFFFFF80      0x00004000         (0, 1, 4)      [8] []
    96     0x0001DB00       0xFFFFFF80      0x00400008         (0, 1, 11)      [16] [W]
    97     0x0000AF00       0xFFFFFF80      0x00002000         (0, 0, 5)      [7] []
    98     0x00008F80       0xFFFFFF80      0x00000100         (0, 0, 1)      [2] []
    99     0x00013500       0xFFFFFF80      0x00100020         (0, 1, 6)      [14] [S]
    100     0x0000EC00       0xFFFFFF80      0x00080020         (0, 0, 13)      [13] [S]
    101     0x00049300       0xFFFFFF00      0x00000008         (0, 4, 2)      [] [W]
    102     0x0001AC00       0xFFFFFF80      0x00002000         (0, 1, 5)      [7] []
    103     0x00019280       0xFFFFFF80      0x00000020         (0, 1, 2)      [] [S]
    104     0x0001B300       0xFFFFFF80      0x00000008         (0, 1, 6)      [] [W]
    105     0x00013180       0xFFFFFF80      0x00002000         (0, 1, 6)      [7] []
    106     0x0001A200       0xFFFFFF80      0x00002000         (0, 1, 4)      [7] []
    107     0x00018500       0xFFFFFF80      0x00300020         (0, 1, 0)      [14, 15] [S]
    108     0x0000DD80       0xFFFFFF80      0x00080000         (0, 0, 11)      [13] []
    109     0x0000A000       0xFFFFFF80      0x00001000         (0, 0, 4)      [6] []
    110     0x0001CF00       0xFFFFFF80      0x00000008         (0, 1, 9)      [] [W]
    111     0x00015700       0xFFFFFF80      0x00000020         (0, 1, 10)      [] [S]
    112     0x00016100       0xFFFFFF80      0x00000020         (0, 1, 12)      [] [S]
    113     0x00012500       0xFFFFFF80      0x00020000         (0, 1, 4)      [11] []
    114     0x00019380       0xFFFFFF80      0x00000020         (0, 1, 2)      [] [S]
    115     0x0000D000       0xFFFFFF80      0x00200000         (0, 0, 10)      [15] []
    116     0x00017F00       0xFFFFFF80      0x00000330         (0, 1, 15)      [2, 3] [SW, S]
    117     0x00015E00       0xFFFFFF80      0x00040020         (0, 1, 11)      [12] [S]
    118     0x00016380       0xFFFFFF80      0x00000020         (0, 1, 12)      [] [S]
    119     0x0001E880       0xFFFFFF80      0x00400000         (0, 1, 13)      [16] []
    120     0x00024300       0xFFFFFF80      0x00000002         (0, 2, 8)      [] [NE]
    121     0x0001E700       0xFFFFFF80      0x00080000         (0, 1, 12)      [13] []
    122     0x00053900       0xFFFFFF00      0x00200000         (0, 5, 7)      [15] []
    123     0x0000A080       0xFFFFFF80      0x00002000         (0, 0, 4)      [7] []
    124     0x0000CE80       0xFFFFFF80      0x00040000         (0, 0, 9)      [12] []
    125     0x00012580       0xFFFFFF80      0x00040000         (0, 1, 4)      [12] []
    126     0x00012000       0xFFFFFF80      0x00000080         (0, 1, 4)      [1] []
    127     0x00007380       0xFFFFFF80      0x00000400         (0, 0, 14)      [4] []
    128     0x00011800       0xFFFFFF80      0x00100000         (0, 1, 3)      [14] []
    129     0x00015100       0xFFFFFF80      0x00080020         (0, 1, 10)      [13] [S]
    130     0x00012600       0xFFFFFF80      0x00080021         (0, 1, 4)      [13] [E, S]
    131     0x00013380       0xFFFFFF80      0x00020020         (0, 1, 6)      [11] [S]
    132     0x00014F80       0xFFFFFF80      0x00010020         (0, 1, 9)      [10] [S]
    133     0x00006800       0xFFFFFF80      0x00010000         (0, 0, 13)      [10] []
    134     0x00014B00       0xFFFFFF80      0x00000080         (0, 1, 9)      [1] []
    135     0x0001D400       0xFFFFFF80      0x00800008         (0, 1, 10)      [17] [W]
    136     0x0000FA80       0xFFFFFF80      0x00080020         (0, 0, 15)      [13] [S]
    137     0x00014580       0xFFFFFF80      0x00000020         (0, 1, 8)      [] [S]
    138     0x00014380       0xFFFFFF80      0x00100020         (0, 1, 8)      [14] [S]
    139     0x00013980       0xFFFFFF80      0x00000020         (0, 1, 7)      [] [S]
    140     0x00006380       0xFFFFFF80      0x00000080         (0, 0, 12)      [1] []
    141     0x00000E00       0xFFFFFF80      0x00000400         (0, 0, 1)      [4] []
    142     0x00019180       0xFFFFFF80      0x00800020         (0, 1, 2)      [17] [S]
    143     0x0001DF00       0xFFFFFF80      0x00000008         (0, 1, 11)      [] [W]
    144     0x00012A00       0xFFFFFF80      0x00000021         (0, 1, 5)      [] [E, S]
    145     0x00017E00       0xFFFFFF80      0x00FFFFA0         (0, 1, 15)      [1, 2, 3, 4, 5, 6, 7, 8, 9, 10, 11, 12, 13, 14, 15, 16, 17] [S]
    146     0x00008580       0xFFFFFF80      0x00020000         (0, 0, 0)      [11] []
    147     0x0000EE00       0xFFFFFF80      0x00800020         (0, 0, 13)      [17] [S]
    148     0x00053200       0xFFFFFF00      0x00004000         (0, 5, 6)      [8] []
    149     0x0001E080       0xFFFFFF80      0x00080000         (0, 1, 12)      [13] []
    150     0x0001D700       0xFFFFFF80      0x00000008         (0, 1, 10)      [] [W]
    151     0x0001C200       0xFFFFFF80      0x00100000         (0, 1, 8)      [14] []
    152     0x00008680       0xFFFFFF80      0x00080000         (0, 0, 0)      [13] []
    153     0x00041000       0xFFFFFF00      0x00000008         (0, 4, 2)      [] [W]
    154     0x00017780       0xFFFFFF80      0x00FFFFBD         (0, 1, 14)      [1, 2, 3, 4, 5, 6, 7, 8, 9, 10, 11, 12, 13, 14, 15, 16, 17] [E, N, W, SW, S]
    155     0x00017300       0xFFFFFF80      0x00FFFFBD         (0, 1, 14)      [1, 2, 3, 4, 5, 6, 7, 8, 9, 10, 11, 12, 13, 14, 15, 16, 17] [E, N, W, SW, S]
    156     0x0001FC80       0xFFFFFF80      0x00000008         (0, 1, 15)      [] [W]
    157     0x00001D00       0xFFFFFF80      0x00000800         (0, 0, 3)      [5] []
    158     0x0001F380       0xFFFFFF80      0x00200000         (0, 1, 14)      [15] []
    159     0x00012880       0xFFFFFF80      0x00000021         (0, 1, 5)      [] [E, S]
    160     0x00023700       0xFFFFFF80      0x00000010         (0, 2, 6)      [] [SW]
    161     0x00008400       0xFFFFFF80      0x00004000         (0, 0, 0)      [8] []
    162     0x00020700       0xFFFFFF80      0x00000008         (0, 2, 0)      [] [W]
    163     0x0001AD80       0xFFFFFF80      0x00010000         (0, 1, 5)      [10] []
    164     0x00012700       0xFFFFFF80      0x00200021         (0, 1, 4)      [15] [E, S]
    165     0x00008280       0xFFFFFF80      0x00000800         (0, 0, 0)      [5] []
    166     0x0000CF80       0xFFFFFF80      0x00100000         (0, 0, 9)      [14] []
    167     0x00016480       0xFFFFFF80      0x00000020         (0, 1, 12)      [] [S]
    168     0x0000CB80       0xFFFFFF80      0x00001000         (0, 0, 9)      [6] []
    169     0x0000BE80       0xFFFFFF80      0x00008020         (0, 0, 7)      [9] [S]
    170     0x00017080       0xFFFFFF80      0x0000000C         (0, 1, 14)      [] [N, W]
    171     0x00049900       0xFFFFFF00      0x00000008         (0, 4, 3)      [] [W]
    172     0x00021080       0xFFFFFF80      0x00000008         (0, 2, 2)      [] [W]
    173     0x00014080       0xFFFFFF80      0x00004000         (0, 1, 8)      [8] []
    174     0x0000FB80       0xFFFFFF80      0x00200020         (0, 0, 15)      [15] [S]
    175     0x00009480       0xFFFFFF80      0x00040000         (0, 0, 2)      [12] []
    176     0x00053400       0xFFFFFF00      0x00010000         (0, 5, 6)      [10] []
    177     0x00007780       0xFFFFFF80      0x00040000         (0, 0, 14)      [12] []
    178     0x00002980       0xFFFFFF80      0x00000080         (0, 0, 5)      [1] []
    179     0x0001EE00       0xFFFFFF80      0x00200000         (0, 1, 13)      [15] []
    180     0x00016580       0xFFFFFF80      0x000001B0         (0, 1, 12)      [1, 2] [SW, S]
    181     0x00023E80       0xFFFFFF80      0x00010000         (0, 2, 7)      [10] []
    182     0x00014B80       0xFFFFFF80      0x00000100         (0, 1, 9)      [2] []
    183     0x0000F980       0xFFFFFF80      0x00020020         (0, 0, 15)      [11] [S]
    184     0x00011100       0xFFFFFF80      0x00000030         (0, 1, 2)      [] [SW, S]
    185     0x0000B280       0xFFFFFF80      0x00100020         (0, 0, 6)      [14] [S]
    186     0x00013800       0xFFFFFF80      0x00000020         (0, 1, 7)      [] [S]
    187     0x00011180       0xFFFFFF80      0x000000B0         (0, 1, 2)      [1] [SW, S]
    188     0x0001B400       0xFFFFFF80      0x00000008         (0, 1, 6)      [] [W]
    189     0x00018700       0xFFFFFF80      0x00000020         (0, 1, 0)      [] [S]
    190     0x0001E000       0xFFFFFF80      0x00040000         (0, 1, 12)      [12] []
    191     0x00020900       0xFFFFFF80      0x00000008         (0, 2, 1)      [] [W]
    192     0x0000BA80       0xFFFFFF80      0x00000080         (0, 0, 7)      [1] []
    193     0x0001E100       0xFFFFFF80      0x00100000         (0, 1, 12)      [14] []
    194     0x0001B480       0xFFFFFF80      0x00000008         (0, 1, 6)      [] [W]
    195     0x0001B380       0xFFFFFF80      0x00000008         (0, 1, 6)      [] [W]
    196     0x00017400       0xFFFFFF80      0x00FFFFBD         (0, 1, 14)      [1, 2, 3, 4, 5, 6, 7, 8, 9, 10, 11, 12, 13, 14, 15, 16, 17] [E, N, W, SW, S]
    197     0x00048300       0xFFFFFF00      0x00000010         (0, 4, 0)      [] [SW]
    198     0x00004700       0xFFFFFF80      0x00000100         (0, 0, 8)      [2] []
    199     0x0000F600       0xFFFFFF80      0x00000400         (0, 0, 14)      [4] []
    200     0x0001BF80       0xFFFFFF80      0x00008010         (0, 1, 7)      [9] [SW]
    201     0x00003880       0xFFFFFF80      0x00000100         (0, 0, 7)      [2] []
    202     0x0001AD00       0xFFFFFF80      0x00008000         (0, 1, 5)      [9] []
    203     0x00009300       0xFFFFFF80      0x00008000         (0, 0, 2)      [9] []
    204     0x00053000       0xFFFFFF00      0x00001000         (0, 5, 6)      [6] []
    205     0x00049B00       0xFFFFFF00      0x00000008         (0, 4, 3)      [] [W]
    206     0x00048900       0xFFFFFF00      0x00000010         (0, 4, 1)      [] [SW]
    207     0x0000A180       0xFFFFFF80      0x00008000         (0, 0, 4)      [9] []
    208     0x00017680       0xFFFFFF80      0x00FFFFBD         (0, 1, 14)      [1, 2, 3, 4, 5, 6, 7, 8, 9, 10, 11, 12, 13, 14, 15, 16, 17] [E, N, W, SW, S]
    209     0x0000ED80       0xFFFFFF80      0x00400020         (0, 0, 13)      [16] [S]
    210     0x0001D500       0xFFFFFF80      0x00000008         (0, 1, 10)      [] [W]
    211     0x00005580       0xFFFFFF80      0x00000100         (0, 0, 10)      [2] []
    212     0x00020080       0xFFFFFF80      0x00000008         (0, 2, 0)      [] [W]
    213     0x00010D00       0xFFFFFF80      0x00000020         (0, 1, 1)      [] [S]
    214     0x0001CA80       0xFFFFFF80      0x00100008         (0, 1, 9)      [14] [W]
    215     0x0000BC80       0xFFFFFF80      0x00000800         (0, 0, 7)      [5] []
    216     0x00018100       0xFFFFFF80      0x00003030         (0, 1, 0)      [6, 7] [SW, S]
    217     0x00015500       0xFFFFFF80      0x00000020         (0, 1, 10)      [] [S]
    218     0x00023F00       0xFFFFFF80      0x00020000         (0, 2, 7)      [11] []
    219     0x00012780       0xFFFFFF80      0x00400021         (0, 1, 4)      [16] [E, S]
    220     0x0001CE80       0xFFFFFF80      0x00000008         (0, 1, 9)      [] [W]
    221     0x00011200       0xFFFFFF80      0x00000130         (0, 1, 2)      [2] [SW, S]
    222     0x0001B200       0xFFFFFF80      0x00000008         (0, 1, 6)      [] [W]
    223     0x00015900       0xFFFFFF80      0x00000100         (0, 1, 11)      [2] []
    224     0x0000CB00       0xFFFFFF80      0x00000800         (0, 0, 9)      [5] []
    225     0x0000F500       0xFFFFFF80      0x00000100         (0, 0, 14)      [2] []
    226     0x0001AC80       0xFFFFFF80      0x00004000         (0, 1, 5)      [8] []
    227     0x00023B00       0xFFFFFF80      0x00000210         (0, 2, 7)      [3] [SW]
    228     0x0001D280       0xFFFFFF80      0x00100008         (0, 1, 10)      [14] [W]
    229     0x0001C980       0xFFFFFF80      0x00040000         (0, 1, 9)      [12] []
    230     0x00014E80       0xFFFFFF80      0x00004000         (0, 1, 9)      [8] []
    231     0x00040E00       0xFFFFFF00      0x00000008         (0, 4, 1)      [] [W]
    232     0x00009E80       0xFFFFFF80      0x00000200         (0, 0, 3)      [3] []
    233     0x00015480       0xFFFFFF80      0x00000020         (0, 1, 10)      [] [S]
    234     0x00022100       0xFFFFFF80      0x00FFFF80         (0, 2, 4)      [1, 2, 3, 4, 5, 6, 7, 8, 9, 10, 11, 12, 13, 14, 15, 16, 17] []
    235     0x00053A00       0xFFFFFF00      0x00400000         (0, 5, 7)      [16] []
    236     0x00010F00       0xFFFFFF80      0x00000030         (0, 1, 1)      [] [SW, S]
    237     0x00015D00       0xFFFFFF80      0x00010020         (0, 1, 11)      [10] [S]
    238     0x00005780       0xFFFFFF80      0x00001000         (0, 0, 10)      [6] []
    239     0x00048800       0xFFFFFF00      0x00000010         (0, 4, 1)      [] [SW]
    240     0x0000EA80       0xFFFFFF80      0x00010020         (0, 0, 13)      [10] [S]
    241     0x00016A00       0xFFFFFF80      0x0003000C         (0, 1, 13)      [10, 11] [N, W]
    242     0x00018A80       0xFFFFFF80      0x00000200         (0, 1, 1)      [3] []
    243     0x0000F700       0xFFFFFF80      0x00001000         (0, 0, 14)      [6] []
    244     0x00014D00       0xFFFFFF80      0x00000800         (0, 1, 9)      [5] []
    245     0x00005980       0xFFFFFF80      0x00010000         (0, 0, 11)      [10] []
    246     0x0001C380       0xFFFFFF80      0x00800000         (0, 1, 8)      [17] []
    247     0x00052C00       0xFFFFFF00      0x00000100         (0, 5, 5)      [2] []
    248     0x00007700       0xFFFFFF80      0x00020000         (0, 0, 14)      [11] []
    249     0x0000DC00       0xFFFFFF80      0x00010000         (0, 0, 11)      [10] []
    250     0x00010800       0xFFFFFF80      0x00020000         (0, 1, 1)      [11] []
    251     0x0001D600       0xFFFFFF80      0x00000008         (0, 1, 10)      [] [W]
    252     0x00015B00       0xFFFFFF80      0x00001000         (0, 1, 11)      [6] []
    253     0x00019300       0xFFFFFF80      0x00000020         (0, 1, 2)      [] [S]
    254     0x0000C080       0xFFFFFF80      0x00080020         (0, 0, 8)      [13] [S]
    255     0x0001EE80       0xFFFFFF80      0x00400000         (0, 1, 13)      [16] []
    256     0x00015400       0xFFFFFF80      0x00000020         (0, 1, 10)      [] [S]
    257     0x00052E00       0xFFFFFF00      0x00000400         (0, 5, 5)      [4] []
    258     0x00015600       0xFFFFFF80      0x00000020         (0, 1, 10)      [] [S]
    259     0x00010A00       0xFFFFFF80      0x00200000         (0, 1, 1)      [15] []
    260     0x00018300       0xFFFFFF80      0x00030020         (0, 1, 0)      [10, 11] [S]
    261     0x0001D180       0xFFFFFF80      0x00040000         (0, 1, 10)      [12] []
    262     0x0001CB80       0xFFFFFF80      0x00400008         (0, 1, 9)      [16] [W]
    263     0x00016D00       0xFFFFFF80      0x00C0000C         (0, 1, 13)      [16, 17] [N, W]
    264     0x0000C280       0xFFFFFF80      0x00800000         (0, 0, 8)      [17] []
    265     0x00011600       0xFFFFFF80      0x00010000         (0, 1, 2)      [10] []
    266     0x0000AE80       0xFFFFFF80      0x00001000         (0, 0, 5)      [6] []
    267     0x00020E00       0xFFFFFF80      0x00000008         (0, 2, 1)      [] [W]
    268     0x00017A00       0xFFFFFF80      0x00FFFFBD         (0, 1, 15)      [1, 2, 3, 4, 5, 6, 7, 8, 9, 10, 11, 12, 13, 14, 15, 16, 17] [E, N, W, SW, S]
    269     0x0001B080       0xFFFFFF80      0x00400008         (0, 1, 6)      [16] [W]
    270     0x0001FA80       0xFFFFFF80      0x00000008         (0, 1, 15)      [] [W]
    271     0x00012080       0xFFFFFF80      0x00000100         (0, 1, 4)      [2] []
    272     0x00049500       0xFFFFFF00      0x00000008         (0, 4, 2)      [] [W]
    273     0x00010D80       0xFFFFFF80      0x00000020         (0, 1, 1)      [] [S]
    274     0x0000DE80       0xFFFFFF80      0x00200000         (0, 0, 11)      [15] []
    275     0x0000FD00       0xFFFFFF80      0x00000020         (0, 0, 15)      [] [S]
    276     0x00024400       0xFFFFFF80      0x00000002         (0, 2, 8)      [] [NE]
    277     0x00014600       0xFFFFFF80      0x00000020         (0, 1, 8)      [] [S]
    278     0x00009100       0xFFFFFF80      0x00000800         (0, 0, 2)      [5] []
    279     0x0001D100       0xFFFFFF80      0x00020000         (0, 1, 10)      [11] []
    280     0x00012F00       0xFFFFFF80      0x00000100         (0, 1, 5)      [2] []
    281     0x00020000       0xFFFFFF80      0x00000008         (0, 2, 0)      [] [W]
    282     0x00010580       0xFFFFFF80      0x00001000         (0, 1, 0)      [6] []
    283     0x00016980       0xFFFFFF80      0x0001800C         (0, 1, 13)      [9, 10] [N, W]
    284     0x0000E800       0xFFFFFF80      0x00000800         (0, 0, 13)      [5] []
    285     0x0001CD80       0xFFFFFF80      0x00000008         (0, 1, 9)      [] [W]
    286     0x00024000       0xFFFFFF80      0x00080002         (0, 2, 8)      [13] [NE]
    287     0x00018900       0xFFFFFF80      0x00000020         (0, 1, 1)      [] [S]
    288     0x0000D980       0xFFFFFF80      0x00000800         (0, 0, 11)      [5] []
    289     0x00008080       0xFFFFFF80      0x00000080         (0, 0, 0)      [1] []
    290     0x00048A00       0xFFFFFF00      0x00000010         (0, 4, 1)      [] [SW]
    291     0x00012180       0xFFFFFF80      0x00000400         (0, 1, 4)      [4] []
    292     0x00016F00       0xFFFFFF80      0x0000000C         (0, 1, 13)      [] [N, W]
    293     0x0001A100       0xFFFFFF80      0x00000800         (0, 1, 4)      [5] []
    294     0x00013F80       0xFFFFFF80      0x00001000         (0, 1, 7)      [6] []
    295     0x0000EF00       0xFFFFFF80      0x00000020         (0, 0, 13)      [] [S]
    296     0x0000EB80       0xFFFFFF80      0x00040020         (0, 0, 13)      [12] [S]
    297     0x00007500       0xFFFFFF80      0x00002000         (0, 0, 14)      [7] []
    298     0x00019900       0xFFFFFF80      0x00010000         (0, 1, 3)      [10] []
    299     0x0000D800       0xFFFFFF80      0x00000100         (0, 0, 11)      [2] []
    300     0x0000BE00       0xFFFFFF80      0x00004000         (0, 0, 7)      [8] []
    301     0x00013480       0xFFFFFF80      0x00080020         (0, 1, 6)      [13] [S]
    302     0x00019800       0xFFFFFF80      0x00004000         (0, 1, 3)      [8] []
    303     0x00041B00       0xFFFFFF00      0x00000008         (0, 4, 3)      [] [W]
    304     0x0001D300       0xFFFFFF80      0x00200008         (0, 1, 10)      [15] [W]
    305     0x0000A300       0xFFFFFF80      0x00040000         (0, 0, 4)      [12] []
    306     0x00020B80       0xFFFFFF80      0x00000008         (0, 2, 1)      [] [W]
    307     0x00007680       0xFFFFFF80      0x00010000         (0, 0, 14)      [10] []
    308     0x0000A400       0xFFFFFF80      0x00100000         (0, 0, 4)      [14] []
    309     0x00017700       0xFFFFFF80      0x00FFFFBD         (0, 1, 14)      [1, 2, 3, 4, 5, 6, 7, 8, 9, 10, 11, 12, 13, 14, 15, 16, 17] [E, N, W, SW, S]
    310     0x00002B80       0xFFFFFF80      0x00000800         (0, 0, 5)      [5] []
    311     0x0001A480       0xFFFFFF80      0x00040000         (0, 1, 4)      [12] []
    312     0x0000FE00       0xFFFFFF80      0x00000020         (0, 0, 15)      [] [S]
    313     0x00016E00       0xFFFFFF80      0x0000000C         (0, 1, 13)      [] [N, W]
    314     0x0001A500       0xFFFFFF80      0x00080000         (0, 1, 4)      [13] []
    315     0x0001DD00       0xFFFFFF80      0x00000008         (0, 1, 11)      [] [W]
    316     0x00015C00       0xFFFFFF80      0x00004020         (0, 1, 11)      [8] [S]
    317     0x0001ED80       0xFFFFFF80      0x00100000         (0, 1, 13)      [14] []
    318     0x00012B00       0xFFFFFF80      0x00000021         (0, 1, 5)      [] [E, S]
    319     0x0001AE00       0xFFFFFF80      0x00020000         (0, 1, 5)      [11] []
    320     0x00019A80       0xFFFFFF80      0x00080000         (0, 1, 3)      [13] []
    321     0x0000F780       0xFFFFFF80      0x00002000         (0, 0, 14)      [7] []
    322     0x00024380       0xFFFFFF80      0x00000002         (0, 2, 8)      [] [NE]
    323     0x00003A80       0xFFFFFF80      0x00001000         (0, 0, 7)      [6] []
    324     0x0001D580       0xFFFFFF80      0x00000008         (0, 1, 10)      [] [W]
    325     0x00014500       0xFFFFFF80      0x00800020         (0, 1, 8)      [17] [S]
    326     0x00018380       0xFFFFFF80      0x00060020         (0, 1, 0)      [11, 12] [S]
    327     0x0001C000       0xFFFFFF80      0x00010010         (0, 1, 8)      [10] [SW]
    328     0x00006400       0xFFFFFF80      0x00000100         (0, 0, 12)      [2] []
    329     0x00041200       0xFFFFFF00      0x00000008         (0, 4, 2)      [] [W]
    330     0x00011380       0xFFFFFF80      0x00000830         (0, 1, 2)      [5] [SW, S]
    331     0x00002B00       0xFFFFFF80      0x00000400         (0, 0, 5)      [4] []
    332     0x00016700       0xFFFFFF80      0x00000C30         (0, 1, 12)      [4, 5] [SW, S]
    333     0x00018D80       0xFFFFFF80      0x00008020         (0, 1, 1)      [9] [S]
    334     0x0001D980       0xFFFFFF80      0x00080008         (0, 1, 11)      [13] [W]
    335     0x00015D80       0xFFFFFF80      0x00020020         (0, 1, 11)      [11] [S]
    336     0x0000F880       0xFFFFFF80      0x00008020         (0, 0, 15)      [9] [S]
    337     0x00016900       0xFFFFFF80      0x0000C030         (0, 1, 13)      [8, 9] [SW, S]
    338     0x00019C00       0xFFFFFF80      0x00400000         (0, 1, 3)      [16] []
    339     0x00019700       0xFFFFFF80      0x00001000         (0, 1, 2)      [6] []
    340     0x00011700       0xFFFFFF80      0x00040000         (0, 1, 2)      [12] []
    341     0x0001E200       0xFFFFFF80      0x00400000         (0, 1, 12)      [16] []
    342     0x00000C80       0xFFFFFF80      0x00000080         (0, 0, 1)      [1] []
    343     0x00021A00       0xFFFFFF80      0x00000008         (0, 2, 3)      [] [W]
    344     0x0001C080       0xFFFFFF80      0x00020010         (0, 1, 8)      [11] [SW]
    345     0x00023D00       0xFFFFFF80      0x00002000         (0, 2, 7)      [7] []
    346     0x00013900       0xFFFFFF80      0x00000020         (0, 1, 7)      [] [S]
    347     0x00018C80       0xFFFFFF80      0x00002000         (0, 1, 1)      [7] []
    348     0x0001A680       0xFFFFFF80      0x00400000         (0, 1, 4)      [16] []
    349     0x00014800       0xFFFFFF80      0x00000020         (0, 1, 9)      [] [S]
    350     0x00014680       0xFFFFFF80      0x00000020         (0, 1, 8)      [] [S]
    351     0x00015680       0xFFFFFF80      0x00000020         (0, 1, 10)      [] [S]
    352     0x00049F00       0xFFFFFF00      0x00000008         (0, 4, 3)      [] [W]
    353     0x00011900       0xFFFFFF80      0x00400000         (0, 1, 3)      [16] []
    354     0x0000CA80       0xFFFFFF80      0x00000400         (0, 0, 9)      [4] []
    355     0x00012200       0xFFFFFF80      0x00000800         (0, 1, 4)      [5] []
    356     0x00016B00       0xFFFFFF80      0x000C000C         (0, 1, 13)      [12, 13] [N, W]
    357     0x00016000       0xFFFFFF80      0x00400020         (0, 1, 12)      [16] [S]
    358     0x0000D880       0xFFFFFF80      0x00000200         (0, 0, 11)      [3] []
    359     0x00007200       0xFFFFFF80      0x00000080         (0, 0, 14)      [1] []
    360     0x0001AB80       0xFFFFFF80      0x00001000         (0, 1, 5)      [6] []
    361     0x0000C980       0xFFFFFF80      0x00000100         (0, 0, 9)      [2] []
    362     0x00018800       0xFFFFFF80      0x00000020         (0, 1, 1)      [] [S]
    363     0x00009400       0xFFFFFF80      0x00020000         (0, 0, 2)      [11] []
    364     0x00007580       0xFFFFFF80      0x00004000         (0, 0, 14)      [8] []
    365     0x00017500       0xFFFFFF80      0x00FFFFBD         (0, 1, 14)      [1, 2, 3, 4, 5, 6, 7, 8, 9, 10, 11, 12, 13, 14, 15, 16, 17] [E, N, W, SW, S]
    366     0x0000BD00       0xFFFFFF80      0x00001000         (0, 0, 7)      [6] []
    367     0x0001B100       0xFFFFFF80      0x00800008         (0, 1, 6)      [17] [W]
    368     0x00011980       0xFFFFFF80      0x00800000         (0, 1, 3)      [17] []
    369     0x00048600       0xFFFFFF00      0x00000010         (0, 4, 0)      [] [SW]
    370     0x0001FD00       0xFFFFFF80      0x00000008         (0, 1, 15)      [] [W]
    371     0x00011480       0xFFFFFF80      0x00002030         (0, 1, 2)      [7] [SW, S]
    372     0x00019600       0xFFFFFF80      0x00000400         (0, 1, 2)      [4] []
    373     0x0001BA00       0xFFFFFF80      0x00400000         (0, 1, 7)      [16] []
    374     0x0000E980       0xFFFFFF80      0x00004000         (0, 0, 13)      [8] []
    375     0x00008380       0xFFFFFF80      0x00002000         (0, 0, 0)      [7] []
    376     0x0001C880       0xFFFFFF80      0x00010000         (0, 1, 9)      [10] []
    377     0x0000AD00       0xFFFFFF80      0x00000200         (0, 0, 5)      [3] []
    378     0x00018400       0xFFFFFF80      0x000C0020         (0, 1, 0)      [12, 13] [S]
    379     0x00018080       0xFFFFFF80      0x00001830         (0, 1, 0)      [5, 6] [SW, S]
    380     0x00005880       0xFFFFFF80      0x00004000         (0, 0, 11)      [8] []
    381     0x00053B00       0xFFFFFF00      0x00800000         (0, 5, 7)      [17] []
    382     0x00010400       0xFFFFFF80      0x00000200         (0, 1, 0)      [3] []
    383     0x0000E680       0xFFFFFF80      0x00000100         (0, 0, 12)      [2] []
    384     0x0000FB00       0xFFFFFF80      0x00100020         (0, 0, 15)      [14] [S]
    385     0x0000B100       0xFFFFFF80      0x00020020         (0, 0, 6)      [11] [S]
    386     0x00006700       0xFFFFFF80      0x00004000         (0, 0, 12)      [8] []
    387     0x00001B80       0xFFFFFF80      0x00000100         (0, 0, 3)      [2] []
    388     0x00024080       0xFFFFFF80      0x00100002         (0, 2, 8)      [14] [NE]
    389     0x0001CF80       0xFFFFFF80      0x00000008         (0, 1, 9)      [] [W]
    390     0x00012300       0xFFFFFF80      0x00002000         (0, 1, 4)      [7] []
    391     0x00020D00       0xFFFFFF80      0x00000008         (0, 2, 1)      [] [W]
    392     0x0000DD00       0xFFFFFF80      0x00040000         (0, 0, 11)      [12] []
    393     0x00006580       0xFFFFFF80      0x00000800         (0, 0, 12)      [5] []
    394     0x00013A80       0xFFFFFF80      0x00000020         (0, 1, 7)      [] [S]
    395     0x00013A00       0xFFFFFF80      0x00000020         (0, 1, 7)      [] [S]
    396     0x00024480       0xFFFFFF80      0x00000002         (0, 2, 8)      [] [NE]
    397     0x0000FA00       0xFFFFFF80      0x00040020         (0, 0, 15)      [12] [S]
    398     0x00009D80       0xFFFFFF80      0x00000080         (0, 0, 3)      [1] []
    399     0x0001CD00       0xFFFFFF80      0x00000008         (0, 1, 9)      [] [W]
    400     0x00014900       0xFFFFFF80      0x00000020         (0, 1, 9)      [] [S]
    401     0x0000BF80       0xFFFFFF80      0x00020020         (0, 0, 7)      [11] [S]
    402     0x0001F400       0xFFFFFF80      0x00400000         (0, 1, 14)      [16] []
    403     0x0001BA80       0xFFFFFF80      0x00800000         (0, 1, 7)      [17] []
    404     0x00020A00       0xFFFFFF80      0x00000008         (0, 2, 1)      [] [W]
    405     0x0001D080       0xFFFFFF80      0x00010000         (0, 1, 10)      [10] []
    406     0x00012480       0xFFFFFF80      0x00010000         (0, 1, 4)      [10] []
    407     0x00017600       0xFFFFFF80      0x00FFFFBD         (0, 1, 14)      [1, 2, 3, 4, 5, 6, 7, 8, 9, 10, 11, 12, 13, 14, 15, 16, 17] [E, N, W, SW, S]
    408     0x00004A80       0xFFFFFF80      0x00008000         (0, 0, 9)      [9] []
    409     0x0000CE00       0xFFFFFF80      0x00020000         (0, 0, 9)      [11] []
    410     0x00010B00       0xFFFFFF80      0x00800000         (0, 1, 1)      [17] []
    411     0x00015F00       0xFFFFFF80      0x00100020         (0, 1, 11)      [14] [S]
    412     0x00013D80       0xFFFFFF80      0x00000100         (0, 1, 7)      [2] []
    413     0x00019200       0xFFFFFF80      0x00000020         (0, 1, 2)      [] [S]
    414     0x00023900       0xFFFFFF80      0x00000010         (0, 2, 7)      [] [SW]
    415     0x00023500       0xFFFFFF80      0x00000010         (0, 2, 6)      [] [SW]
    416     0x00020A80       0xFFFFFF80      0x00000008         (0, 2, 1)      [] [W]
    417     0x00001D80       0xFFFFFF80      0x00001000         (0, 0, 3)      [6] []
    418     0x00002C80       0xFFFFFF80      0x00002000         (0, 0, 5)      [7] []
    419     0x0001DC80       0xFFFFFF80      0x00000008         (0, 1, 11)      [] [W]
    420     0x00018E80       0xFFFFFF80      0x00020020         (0, 1, 1)      [11] [S]
    421     0x00017880       0xFFFFFF80      0x00FFFFBD         (0, 1, 15)      [1, 2, 3, 4, 5, 6, 7, 8, 9, 10, 11, 12, 13, 14, 15, 16, 17] [E, N, W, SW, S]
    422     0x0001D900       0xFFFFFF80      0x00040000         (0, 1, 11)      [12] []
    423     0x0000DA80       0xFFFFFF80      0x00002000         (0, 0, 11)      [7] []
    424     0x00012F80       0xFFFFFF80      0x00000200         (0, 1, 5)      [3] []
    425     0x00015280       0xFFFFFF80      0x00400020         (0, 1, 10)      [16] [S]
    426     0x00016F80       0xFFFFFF80      0x0000000C         (0, 1, 13)      [] [N, W]
    427     0x00021000       0xFFFFFF80      0x00000008         (0, 2, 2)      [] [W]
    428     0x00017C00       0xFFFFFF80      0x00FFFFA0         (0, 1, 15)      [1, 2, 3, 4, 5, 6, 7, 8, 9, 10, 11, 12, 13, 14, 15, 16, 17] [S]
    429     0x00008500       0xFFFFFF80      0x00010000         (0, 0, 0)      [10] []
    430     0x00015B80       0xFFFFFF80      0x00002000         (0, 1, 11)      [7] []
    431     0x00053800       0xFFFFFF00      0x00100000         (0, 5, 7)      [14] []
    432     0x0001CC00       0xFFFFFF80      0x00800008         (0, 1, 9)      [17] [W]
    433     0x00014700       0xFFFFFF80      0x00000020         (0, 1, 8)      [] [S]
    434     0x00009000       0xFFFFFF80      0x00000200         (0, 0, 2)      [3] []
    435     0x00020680       0xFFFFFF80      0x00000008         (0, 2, 0)      [] [W]
    436     0x00023B80       0xFFFFFF80      0x00000410         (0, 2, 7)      [4] [SW]
    437     0x00009180       0xFFFFFF80      0x00001000         (0, 0, 2)      [6] []
    438     0x0001B880       0xFFFFFF80      0x00080000         (0, 1, 7)      [13] []
    439     0x00010480       0xFFFFFF80      0x00000400         (0, 1, 0)      [4] []
    440     0x00020100       0xFFFFFF80      0x00000008         (0, 2, 0)      [] [W]
    441     0x0001B180       0xFFFFFF80      0x00000008         (0, 1, 6)      [] [W]
    442     0x00008200       0xFFFFFF80      0x00000400         (0, 0, 0)      [4] []
    443     0x0000E780       0xFFFFFF80      0x00000400         (0, 0, 12)      [4] []
    444     0x00021300       0xFFFFFF80      0x00000008         (0, 2, 2)      [] [W]
    445     0x0000A200       0xFFFFFF80      0x00010000         (0, 0, 4)      [10] []
    446     0x00008180       0xFFFFFF80      0x00000200         (0, 0, 0)      [3] []
    447     0x00018000       0xFFFFFF80      0x00000C30         (0, 1, 0)      [4, 5] [SW, S]
    448     0x0000E700       0xFFFFFF80      0x00000200         (0, 0, 12)      [3] []
    449     0x00024180       0xFFFFFF80      0x00400002         (0, 2, 8)      [16] [NE]
    450     0x00012400       0xFFFFFF80      0x00008000         (0, 1, 4)      [9] []
    451     0x00015880       0xFFFFFF80      0x00000080         (0, 1, 11)      [1] []
    452     0x0000DC80       0xFFFFFF80      0x00020000         (0, 0, 11)      [11] []
    453     0x00053100       0xFFFFFF00      0x00002000         (0, 5, 6)      [7] []
    454     0x00014200       0xFFFFFF80      0x00020020         (0, 1, 8)      [11] [S]
    455     0x0001B000       0xFFFFFF80      0x00200008         (0, 1, 6)      [15] [W]
    456     0x00020E80       0xFFFFFF80      0x00000008         (0, 2, 1)      [] [W]
    457     0x00018F80       0xFFFFFF80      0x00080020         (0, 1, 1)      [13] [S]
    458     0x0001CB00       0xFFFFFF80      0x00200008         (0, 1, 9)      [15] [W]
    459     0x00013200       0xFFFFFF80      0x00004000         (0, 1, 6)      [8] []
    460     0x0001A380       0xFFFFFF80      0x00010000         (0, 1, 4)      [10] []
    461     0x00019000       0xFFFFFF80      0x00100020         (0, 1, 2)      [14] [S]
    462     0x00009F00       0xFFFFFF80      0x00000400         (0, 0, 3)      [4] []
    463     0x00020380       0xFFFFFF80      0x00000008         (0, 2, 0)      [] [W]
    464     0x00010880       0xFFFFFF80      0x00040000         (0, 1, 1)      [12] []
    465     0x00020780       0xFFFFFF80      0x00000008         (0, 2, 0)      [] [W]
    466     0x00015380       0xFFFFFF80      0x00000020         (0, 1, 10)      [] [S]
    467     0x00024500       0xFFFFFF80      0x00000002         (0, 2, 8)      [] [NE]
    468     0x0001A300       0xFFFFFF80      0x00008000         (0, 1, 4)      [9] []
    469     0x00019880       0xFFFFFF80      0x00008000         (0, 1, 3)      [9] []
    470     0x0000FE80       0xFFFFFF80      0x00000020         (0, 0, 15)      [] [S]
    471     0x0000DE00       0xFFFFFF80      0x00100000         (0, 0, 11)      [14] []
    472     0x00015580       0xFFFFFF80      0x00000020         (0, 1, 10)      [] [S]
    473     0x00017200       0xFFFFFF80      0x00FFFF9D         (0, 1, 14)      [1, 2, 3, 4, 5, 6, 7, 8, 9, 10, 11, 12, 13, 14, 15, 16, 17] [E, N, W, SW]
    474     0x00004780       0xFFFFFF80      0x00000200         (0, 0, 8)      [3] []
    475     0x00049A00       0xFFFFFF00      0x00000008         (0, 4, 3)      [] [W]
    476     0x00023C00       0xFFFFFF80      0x00000810         (0, 2, 7)      [5] [SW]
    477     0x00006880       0xFFFFFF80      0x00020000         (0, 0, 13)      [11] []
    478     0x00010700       0xFFFFFF80      0x00008000         (0, 1, 0)      [9] []
    479     0x00012800       0xFFFFFF80      0x00800021         (0, 1, 5)      [17] [E, S]
    480     0x00015180       0xFFFFFF80      0x00100020         (0, 1, 10)      [14] [S]
    481     0x0000A100       0xFFFFFF80      0x00004000         (0, 0, 4)      [8] []
    482     0x0001DC00       0xFFFFFF80      0x00000008         (0, 1, 11)      [] [W]
    483     0x0000DB00       0xFFFFFF80      0x00004000         (0, 0, 11)      [8] []
    484     0x00048B00       0xFFFFFF00      0x00000010         (0, 4, 1)      [] [SW]
    485     0x00000E80       0xFFFFFF80      0x00000800         (0, 0, 1)      [5] []
    486     0x00013600       0xFFFFFF80      0x00400020         (0, 1, 6)      [16] [S]
    487     0x0001F980       0xFFFFFF80      0x00800008         (0, 1, 15)      [17] [W]
    488     0x0001E780       0xFFFFFF80      0x00100000         (0, 1, 12)      [14] []
    489     0x00006680       0xFFFFFF80      0x00002000         (0, 0, 12)      [7] []
    490     0x0001C280       0xFFFFFF80      0x00200000         (0, 1, 8)      [15] []
    491     0x00009280       0xFFFFFF80      0x00004000         (0, 0, 2)      [8] []
    492     0x00018680       0xFFFFFF80      0x00800020         (0, 1, 0)      [17] [S]
    493     0x0000C180       0xFFFFFF80      0x00200000         (0, 0, 8)      [15] []
    494     0x00017380       0xFFFFFF80      0x00FFFFBD         (0, 1, 14)      [1, 2, 3, 4, 5, 6, 7, 8, 9, 10, 11, 12, 13, 14, 15, 16, 17] [E, N, W, SW, S]
    495     0x0000B080       0xFFFFFF80      0x00010020         (0, 0, 6)      [10] [S]
    496     0x0001E280       0xFFFFFF80      0x00800000         (0, 1, 12)      [17] []
    497     0x00011580       0xFFFFFF80      0x00008000         (0, 1, 2)      [9] []
    498     0x00004A00       0xFFFFFF80      0x00004000         (0, 0, 9)      [8] []
    499     0x00017A80       0xFFFFFF80      0x00FFFFA0         (0, 1, 15)      [1, 2, 3, 4, 5, 6, 7, 8, 9, 10, 11, 12, 13, 14, 15, 16, 17] [S]
    500     0x0001B980       0xFFFFFF80      0x00200000         (0, 1, 7)      [15] []
    501     0x0000BB00       0xFFFFFF80      0x00000100         (0, 0, 7)      [2] []
    502     0x00017100       0xFFFFFF80      0x0000000C         (0, 1, 14)      [] [N, W]
    503     0x00018B80       0xFFFFFF80      0x00000800         (0, 1, 1)      [5] []
    504     0x00015A00       0xFFFFFF80      0x00000400         (0, 1, 11)      [4] []
    505     0x0001DE80       0xFFFFFF80      0x00000008         (0, 1, 11)      [] [W]
    506     0x00053500       0xFFFFFF00      0x00020000         (0, 5, 6)      [11] []
    507     0x00017480       0xFFFFFF80      0x00FFFFBD         (0, 1, 14)      [1, 2, 3, 4, 5, 6, 7, 8, 9, 10, 11, 12, 13, 14, 15, 16, 17] [E, N, W, SW, S]
    508     0x0000CC80       0xFFFFFF80      0x00004000         (0, 0, 9)      [8] []
    509     0x00014300       0xFFFFFF80      0x00080020         (0, 1, 8)      [13] [S]
    510     0x0001FC00       0xFFFFFF80      0x00000008         (0, 1, 15)      [] [W]
    511     0x00013100       0xFFFFFF80      0x00001000         (0, 1, 6)      [6] []
    512     0x00017D00       0xFFFFFF80      0x00FFFFA0         (0, 1, 15)      [1, 2, 3, 4, 5, 6, 7, 8, 9, 10, 11, 12, 13, 14, 15, 16, 17] [S]
    513     0x00016300       0xFFFFFF80      0x00000020         (0, 1, 12)      [] [S]
    514     0x00023A80       0xFFFFFF80      0x00000110         (0, 2, 7)      [2] [SW]
    515     0x00014100       0xFFFFFF80      0x00008020         (0, 1, 8)      [9] [S]
    516     0x00018C00       0xFFFFFF80      0x00001000         (0, 1, 1)      [6] []
    517     0x00013300       0xFFFFFF80      0x00010020         (0, 1, 6)      [10] [S]
    518     0x00019A00       0xFFFFFF80      0x00040000         (0, 1, 3)      [12] []
    519     0x00017580       0xFFFFFF80      0x00FFFFBD         (0, 1, 14)      [1, 2, 3, 4, 5, 6, 7, 8, 9, 10, 11, 12, 13, 14, 15, 16, 17] [E, N, W, SW, S]
    520     0x00018A00       0xFFFFFF80      0x00000020         (0, 1, 1)      [] [S]
    521     0x00023580       0xFFFFFF80      0x00000010         (0, 2, 6)      [] [SW]
    522     0x00009F80       0xFFFFFF80      0x00000800         (0, 0, 3)      [5] []
    523     0x0004A000       0xFFFFFF00      0x00000008         (0, 4, 4)      [] [W]
    524     0x00023780       0xFFFFFF80      0x00000010         (0, 2, 6)      [] [SW]
    525     0x0000AD80       0xFFFFFF80      0x00000400         (0, 0, 5)      [4] []
    526     0x0000B300       0xFFFFFF80      0x00200020         (0, 0, 6)      [15] [S]
    527     0x00010600       0xFFFFFF80      0x00002000         (0, 1, 0)      [7] []
    528     0x0001C300       0xFFFFFF80      0x00400000         (0, 1, 8)      [16] []
    529     0x0000E880       0xFFFFFF80      0x00001000         (0, 0, 13)      [6] []
    530     0x0001E800       0xFFFFFF80      0x00200000         (0, 1, 13)      [15] []
    531     0x00008300       0xFFFFFF80      0x00001000         (0, 0, 0)      [6] []
    532     0x00023680       0xFFFFFF80      0x00000010         (0, 2, 6)      [] [SW]
    533     0x0001E900       0xFFFFFF80      0x00800000         (0, 1, 13)      [17] []
    534     0x0000DA00       0xFFFFFF80      0x00001000         (0, 0, 11)      [6] []
    535     0x0000CF00       0xFFFFFF80      0x00080000         (0, 0, 9)      [13] []
    536     0x00020580       0xFFFFFF80      0x00000008         (0, 2, 0)      [] [W]
    537     0x00009E00       0xFFFFFF80      0x00000100         (0, 0, 3)      [2] []
    538     0x00009500       0xFFFFFF80      0x00080000         (0, 0, 2)      [13] []
    539     0x0001A580       0xFFFFFF80      0x00100000         (0, 1, 4)      [14] []
    540     0x0001C900       0xFFFFFF80      0x00020000         (0, 1, 9)      [11] []
    541     0x00017D80       0xFFFFFF80      0x00FFFFA0         (0, 1, 15)      [1, 2, 3, 4, 5, 6, 7, 8, 9, 10, 11, 12, 13, 14, 15, 16, 17] [S]
    542     0x00017900       0xFFFFFF80      0x00FFFFBD         (0, 1, 15)      [1, 2, 3, 4, 5, 6, 7, 8, 9, 10, 11, 12, 13, 14, 15, 16, 17] [E, N, W, SW, S]
    543     0x00006600       0xFFFFFF80      0x00001000         (0, 0, 12)      [6] []
    544     0x0001EF00       0xFFFFFF80      0x00800000         (0, 1, 13)      [17] []
    545     0x0000DF80       0xFFFFFF80      0x00800000         (0, 0, 11)      [17] []
    546     0x00049C00       0xFFFFFF00      0x00000008         (0, 4, 3)      [] [W]
    547     0x00041700       0xFFFFFF00      0x00000008         (0, 4, 2)      [] [W]
    548     0x00052B00       0xFFFFFF00      0x00000080         (0, 5, 5)      [1] []
    549     0x00018D00       0xFFFFFF80      0x00004000         (0, 1, 1)      [8] []
    550     0x0001DE00       0xFFFFFF80      0x00000008         (0, 1, 11)      [] [W]
    551     0x0000EC80       0xFFFFFF80      0x00100020         (0, 0, 13)      [14] [S]
    552     0x00013580       0xFFFFFF80      0x00200020         (0, 1, 6)      [15] [S]
    553     0x00024280       0xFFFFFF80      0x00000002         (0, 2, 8)      [] [NE]
    554     0x00017280       0xFFFFFF80      0x00FFFF9D         (0, 1, 14)      [1, 2, 3, 4, 5, 6, 7, 8, 9, 10, 11, 12, 13, 14, 15, 16, 17] [E, N, W, SW]
    555     0x00011280       0xFFFFFF80      0x00000230         (0, 1, 2)      [3] [SW, S]
    556     0x00009080       0xFFFFFF80      0x00000400         (0, 0, 2)      [4] []
    557     0x00003900       0xFFFFFF80      0x00000200         (0, 0, 7)      [3] []
    558     0x00049800       0xFFFFFF00      0x00000008         (0, 4, 3)      [] [W]
    559     0x00007400       0xFFFFFF80      0x00000800         (0, 0, 14)      [5] []
    560     0x0001D780       0xFFFFFF80      0x00000008         (0, 1, 10)      [] [W]
    561     0x0000BB80       0xFFFFFF80      0x00000200         (0, 0, 7)      [3] []
    562     0x00048F00       0xFFFFFF00      0x00000010         (0, 4, 1)      [] [SW]
    563     0x0001D680       0xFFFFFF80      0x00000008         (0, 1, 10)      [] [W]
    564     0x00013E80       0xFFFFFF80      0x00000400         (0, 1, 7)      [4] []
    565     0x00002A00       0xFFFFFF80      0x00000100         (0, 0, 5)      [2] []
    566     0x0001AE80       0xFFFFFF80      0x00040000         (0, 1, 5)      [12] []
    567     0x00004880       0xFFFFFF80      0x00000800         (0, 0, 9)      [5] []
    568     0x00014D80       0xFFFFFF80      0x00001000         (0, 1, 9)      [6] []
    569     0x00048200       0xFFFFFF00      0x00000010         (0, 4, 0)      [] [SW]
    570     0x00020D80       0xFFFFFF80      0x00000008         (0, 2, 1)      [] [W]
    571     0x00003980       0xFFFFFF80      0x00000400         (0, 0, 7)      [4] []
    572     0x00016600       0xFFFFFF80      0x00000330         (0, 1, 12)      [2, 3] [SW, S]
    573     0x00013780       0xFFFFFF80      0x00000020         (0, 1, 6)      [] [S]
    574     0x00052F00       0xFFFFFF00      0x00000800         (0, 5, 5)      [5] []
    575     0x0001AF00       0xFFFFFF80      0x00080008         (0, 1, 5)      [13] [W]
    576     0x0000FC80       0xFFFFFF80      0x00800020         (0, 0, 15)      [17] [S]
    577     0x00053300       0xFFFFFF00      0x00008000         (0, 5, 6)      [9] []
    578     0x00016780       0xFFFFFF80      0x00001830         (0, 1, 12)      [5, 6] [SW, S]
    579     0x00019980       0xFFFFFF80      0x00020000         (0, 1, 3)      [11] []
    580     0x00007280       0xFFFFFF80      0x00000100         (0, 0, 14)      [2] []
    581     0x0001D200       0xFFFFFF80      0x00080008         (0, 1, 10)      [13] [W]
    582     0x00021200       0xFFFFFF80      0x00000008         (0, 2, 2)      [] [W]
    583     0x0000B200       0xFFFFFF80      0x00080020         (0, 0, 6)      [13] [S]
    584     0x00016A80       0xFFFFFF80      0x0006000C         (0, 1, 13)      [11, 12] [N, W]
    585     0x00021E00       0xFFFFFF80      0x00000008         (0, 2, 3)      [] [W]
    586     0x0001FB80       0xFFFFFF80      0x00000008         (0, 1, 15)      [] [W]
    587     0x00019680       0xFFFFFF80      0x00000800         (0, 1, 2)      [5] []
    588     0x0001FB00       0xFFFFFF80      0x00000008         (0, 1, 15)      [] [W]
    589     0x00005680       0xFFFFFF80      0x00000400         (0, 0, 10)      [4] []
    590     0x00004980       0xFFFFFF80      0x00002000         (0, 0, 9)      [7] []
    591     0x0000CD80       0xFFFFFF80      0x00010000         (0, 0, 9)      [10] []
    592     0x00019B80       0xFFFFFF80      0x00200000         (0, 1, 3)      [15] []
    593     0x00017F80       0xFFFFFF80      0x00000630         (0, 1, 15)      [3, 4] [SW, S]
    594     0x00019780       0xFFFFFF80      0x00002000         (0, 1, 2)      [7] []
    595     0x00048400       0xFFFFFF00      0x00000010         (0, 4, 0)      [] [SW]
    596     0x00023600       0xFFFFFF80      0x00000010         (0, 2, 6)      [] [SW]
    597     0x00016400       0xFFFFFF80      0x00000020         (0, 1, 12)      [] [S]
    598     0x00010E80       0xFFFFFF80      0x00000030         (0, 1, 1)      [] [SW, S]
    599     0x0001CA00       0xFFFFFF80      0x00080008         (0, 1, 9)      [13] [W]
    600     0x00017180       0xFFFFFF80      0x00000004         (0, 1, 14)      [] [N]
    601     0x00016080       0xFFFFFF80      0x00800020         (0, 1, 12)      [17] [S]
    602     0x0000C100       0xFFFFFF80      0x00100020         (0, 0, 8)      [14] [S]
    603     0x00018600       0xFFFFFF80      0x00C00020         (0, 1, 0)      [16, 17] [S]
    604     0x0000A480       0xFFFFFF80      0x00200000         (0, 0, 4)      [15] []
    605     0x0004A300       0xFFFFFF00      0x00000008         (0, 4, 4)      [] [W]
    606     0x00013D00       0xFFFFFF80      0x00000080         (0, 1, 7)      [1] []
    607     0x0000F680       0xFFFFFF80      0x00000800         (0, 0, 14)      [5] []
    608     0x00049600       0xFFFFFF00      0x00000008         (0, 4, 2)      [] [W]
    609     0x00012A80       0xFFFFFF80      0x00000021         (0, 1, 5)      [] [E, S]
    610     0x00017C80       0xFFFFFF80      0x00FFFFA0         (0, 1, 15)      [1, 2, 3, 4, 5, 6, 7, 8, 9, 10, 11, 12, 13, 14, 15, 16, 17] [S]
    611     0x0000B000       0xFFFFFF80      0x00008020         (0, 0, 6)      [9] [S]
    612     0x0001A180       0xFFFFFF80      0x00001000         (0, 1, 4)      [6] []
    613     0x00007480       0xFFFFFF80      0x00001000         (0, 0, 14)      [6] []
    614     0x00007600       0xFFFFFF80      0x00008000         (0, 0, 14)      [9] []
    615     0x00049D00       0xFFFFFF00      0x00000008         (0, 4, 3)      [] [W]
    616     0x0000FD80       0xFFFFFF80      0x00000020         (0, 0, 15)      [] [S]
    617     0x0000CC00       0xFFFFFF80      0x00002000         (0, 0, 9)      [7] []
    618     0x00008600       0xFFFFFF80      0x00040000         (0, 0, 0)      [12] []
    619     0x00015000       0xFFFFFF80      0x00020020         (0, 1, 10)      [11] [S]
    620     0x00011680       0xFFFFFF80      0x00020000         (0, 1, 2)      [11] []
    621     0x00018280       0xFFFFFF80      0x00018030         (0, 1, 0)      [9, 10] [SW, S]
    622     0x0001F900       0xFFFFFF80      0x00400008         (0, 1, 15)      [16] [W]
    623     0x00016C00       0xFFFFFF80      0x0030000C         (0, 1, 13)      [14, 15] [N, W]
    624     0x00017800       0xFFFFFF80      0x00FFFFBD         (0, 1, 15)      [1, 2, 3, 4, 5, 6, 7, 8, 9, 10, 11, 12, 13, 14, 15, 16, 17] [E, N, W, SW, S]
    625     0x0001FE00       0xFFFFFF80      0x00800008         (0, 1, 15)      [17] [W]
    626     0x00020800       0xFFFFFF80      0x00000008         (0, 2, 1)      [] [W]
    627     0x00008100       0xFFFFFF80      0x00000100         (0, 0, 0)      [2] []
    628     0x00048700       0xFFFFFF00      0x00000010         (0, 4, 0)      [] [SW]
    629     0x00049000       0xFFFFFF00      0x00000010         (0, 4, 2)      [] [SW]
    630     0x00013680       0xFFFFFF80      0x00800020         (0, 1, 6)      [17] [S]
    631     0x00013080       0xFFFFFF80      0x00000800         (0, 1, 6)      [5] []
    632     0x0000EA00       0xFFFFFF80      0x00008020         (0, 0, 13)      [9] [S]
    633     0x00012980       0xFFFFFF80      0x00000021         (0, 1, 5)      [] [E, S]
    634     0x00007300       0xFFFFFF80      0x00000200         (0, 0, 14)      [3] []
    635     0x00000D80       0xFFFFFF80      0x00000200         (0, 0, 1)      [3] []
    636     0x00015E80       0xFFFFFF80      0x00080020         (0, 1, 11)      [13] [S]
    637     0x00040F00       0xFFFFFF00      0x00000008         (0, 4, 1)      [] [W]
    638     0x0000F480       0xFFFFFF80      0x00000080         (0, 0, 14)      [1] []
    639     0x00016200       0xFFFFFF80      0x00000020         (0, 1, 12)      [] [S]
    640     0x00010780       0xFFFFFF80      0x00010000         (0, 1, 0)      [10] []
    641     0x00021E80       0xFFFFFF80      0x00000008         (0, 2, 3)      [] [W]
    642     0x00013700       0xFFFFFF80      0x00000020         (0, 1, 6)      [] [S]
    643     0x0004A100       0xFFFFFF00      0x00000008         (0, 4, 4)      [] [W]
    644     0x00004900       0xFFFFFF80      0x00001000         (0, 0, 9)      [6] []
    645     0x00017B80       0xFFFFFF80      0x00FFFFA0         (0, 1, 15)      [1, 2, 3, 4, 5, 6, 7, 8, 9, 10, 11, 12, 13, 14, 15, 16, 17] [S]
    646     0x00016680       0xFFFFFF80      0x00000630         (0, 1, 12)      [3, 4] [SW, S]
    647     0x00012900       0xFFFFFF80      0x00000021         (0, 1, 5)      [] [E, S]
    648     0x00009580       0xFFFFFF80      0x00100000         (0, 0, 2)      [14] []
    649     0x00013880       0xFFFFFF80      0x00000020         (0, 1, 7)      [] [S]
    650     0x00024100       0xFFFFFF80      0x00200002         (0, 2, 8)      [15] [NE]
    651     0x00014C00       0xFFFFFF80      0x00000200         (0, 1, 9)      [3] []
    652     0x00020B00       0xFFFFFF80      0x00000008         (0, 2, 1)      [] [W]
    653     0x00023F80       0xFFFFFF80      0x00040002         (0, 2, 7)      [12] [NE]
    654     0x0001E180       0xFFFFFF80      0x00200000         (0, 1, 12)      [15] []
    655     0x0001DA00       0xFFFFFF80      0x00100008         (0, 1, 11)      [14] [W]
    656     0x00019100       0xFFFFFF80      0x00400020         (0, 1, 2)      [16] [S]
    657     0x00048E00       0xFFFFFF00      0x00000010         (0, 4, 1)      [] [SW]
    658     0x0000C200       0xFFFFFF80      0x00400000         (0, 0, 8)      [16] []
    659     0x0000AC00       0xFFFFFF80      0x00000080         (0, 0, 5)      [1] []
    660     0x00049400       0xFFFFFF00      0x00000008         (0, 4, 2)      [] [W]
    661     0x00020180       0xFFFFFF80      0x00000008         (0, 2, 0)      [] [W]
    662     0x00041300       0xFFFFFF00      0x00000008         (0, 4, 2)      [] [W]
    663     0x00041A00       0xFFFFFF00      0x00000008         (0, 4, 3)      [] [W]
    664     0x00006480       0xFFFFFF80      0x00000200         (0, 0, 12)      [3] []
    665     0x00023D80       0xFFFFFF80      0x00004000         (0, 2, 7)      [8] []
    666     0x00005600       0xFFFFFF80      0x00000200         (0, 0, 10)      [3] []
    667     0x0001B680       0xFFFFFF80      0x00008000         (0, 1, 6)      [9] []
    668     0x00003B00       0xFFFFFF80      0x00002000         (0, 0, 7)      [7] []
    669     0x00014F00       0xFFFFFF80      0x00008020         (0, 1, 9)      [9] [S]
    670     0x00014780       0xFFFFFF80      0x00000020         (0, 1, 8)      [] [S]
    671     0x00041400       0xFFFFFF00      0x00000008         (0, 4, 2)      [] [W]
    672     0x0000BF00       0xFFFFFF80      0x00010020         (0, 0, 7)      [10] [S]
    673     0x00016C80       0xFFFFFF80      0x0060000C         (0, 1, 13)      [16, 15] [N, W]
    674     0x0001DB80       0xFFFFFF80      0x00800008         (0, 1, 11)      [17] [W]
    675     0x00011400       0xFFFFFF80      0x00001030         (0, 1, 2)      [6] [SW, S]
    676     0x0000F900       0xFFFFFF80      0x00010020         (0, 0, 15)      [10] [S]
    677     0x00024200       0xFFFFFF80      0x00800002         (0, 2, 8)      [17] [NE]
    678     0x0000FC00       0xFFFFFF80      0x00400020         (0, 0, 15)      [16] [S]
    679     0x00018180       0xFFFFFF80      0x00006030         (0, 1, 0)      [8, 7] [SW, S]
    680     0x0001FF00       0xFFFFFF80      0x00000008         (0, 1, 15)      [] [W]
    681     0x0000EE80       0xFFFFFF80      0x00000020         (0, 0, 13)      [] [S]
    682     0x00041100       0xFFFFFF00      0x00000008         (0, 4, 2)      [] [W]
    683     0x0000EB00       0xFFFFFF80      0x00020020         (0, 0, 13)      [11] [S]
    684     0x0001B580       0xFFFFFF80      0x00002000         (0, 1, 6)      [7] []
    685     0x00041500       0xFFFFFF00      0x00000008         (0, 4, 2)      [] [W]
    686     0x00001C80       0xFFFFFF80      0x00000400         (0, 0, 3)      [4] []
    687     0x00020C00       0xFFFFFF80      0x00000008         (0, 2, 1)      [] [W]
    688     0x00010900       0xFFFFFF80      0x00080000         (0, 1, 1)      [13] []
    689     0x00049E00       0xFFFFFF00      0x00000008         (0, 4, 3)      [] [W]
    690     0x00013400       0xFFFFFF80      0x00040020         (0, 1, 6)      [12] [S]
    691     0x00002C00       0xFFFFFF80      0x00001000         (0, 0, 5)      [6] []
    692     0x0000B380       0xFFFFFF80      0x00400020         (0, 0, 6)      [16] [S]
    693     0x00040D00       0xFFFFFF00      0x00000008         (0, 4, 1)      [] [W]
    694     0x0001FE80       0xFFFFFF80      0x00000008         (0, 1, 15)      [] [W]
    695     0x00005800       0xFFFFFF80      0x00002000         (0, 0, 11)      [7] []
    696     0x0001B700       0xFFFFFF80      0x00010000         (0, 1, 6)      [10] []
    697     0x00018880       0xFFFFFF80      0x00000020         (0, 1, 1)      [] [S]
    698     0x00015080       0xFFFFFF80      0x00040020         (0, 1, 10)      [12] [S]
    699     0x0000D900       0xFFFFFF80      0x00000400         (0, 0, 11)      [4] []
    700     0x00018E00       0xFFFFFF80      0x00010020         (0, 1, 1)      [10] [S]
    701     0x00011780       0xFFFFFF80      0x00080000         (0, 1, 2)      [13] []
    702     0x00010E00       0xFFFFFF80      0x00000030         (0, 1, 1)      [] [SW, S]
    703     0x00001B00       0xFFFFFF80      0x00000080         (0, 0, 3)      [1] []
    704     0x00041600       0xFFFFFF00      0x00000008         (0, 4, 2)      [] [W]
    705     0x0000C900       0xFFFFFF80      0x00000080         (0, 0, 9)      [1] []
    706     0x00012100       0xFFFFFF80      0x00000200         (0, 1, 4)      [3] []
    707     0x00014880       0xFFFFFF80      0x00000020         (0, 1, 9)      [] [S]
    708     0x00041C00       0xFFFFFF00      0x00000008         (0, 4, 3)      [] [W]
    709     0x0001FF80       0xFFFFFF80      0x00000008         (0, 1, 15)      [] [W]
    710     0x00010380       0xFFFFFF80      0x00000100         (0, 1, 0)      [2] []
    711     0x00014180       0xFFFFFF80      0x00010020         (0, 1, 8)      [10] [S]
    712     0x0000CA00       0xFFFFFF80      0x00000200         (0, 0, 9)      [3] []
    713     0x0000D100       0xFFFFFF80      0x00800000         (0, 0, 10)      [17] []
    714     0x0000A280       0xFFFFFF80      0x00020000         (0, 0, 4)      [11] []
    715     0x00018F00       0xFFFFFF80      0x00040020         (0, 1, 1)      [12] [S]
    716     0x00012680       0xFFFFFF80      0x00100021         (0, 1, 4)      [14] [E, S]
    717     0x0001F480       0xFFFFFF80      0x00800000         (0, 1, 14)      [17] []
    718     0x00003800       0xFFFFFF80      0x00000080         (0, 0, 7)      [1] []
    719     0x0000F580       0xFFFFFF80      0x00000200         (0, 0, 14)      [3] []
    720     0x00010C80       0xFFFFFF80      0x00000020         (0, 1, 1)      [] [S]
    721     0x0001B800       0xFFFFFF80      0x00040000         (0, 1, 7)      [12] []
    722     0x00013E00       0xFFFFFF80      0x00000200         (0, 1, 7)      [3] []
    723     0x0001A400       0xFFFFFF80      0x00020000         (0, 1, 4)      [11] []
    724     0x0000BC00       0xFFFFFF80      0x00000400         (0, 0, 7)      [4] []
    725     0x00004680       0xFFFFFF80      0x00000080         (0, 0, 8)      [1] []
    726     0x00005500       0xFFFFFF80      0x00000080         (0, 0, 10)      [1] []
    727     0x00011300       0xFFFFFF80      0x00000430         (0, 1, 2)      [4] [SW, S]
    728     0x00010300       0xFFFFFF80      0x00000080         (0, 1, 0)      [1] []
    729     0x00014280       0xFFFFFF80      0x00040020         (0, 1, 8)      [12] [S]
    730     0x00052D00       0xFFFFFF00      0x00000200         (0, 5, 5)      [3] []
    731     0x00016E80       0xFFFFFF80      0x0000000C         (0, 1, 13)      [] [N, W]
    732     0x0000D780       0xFFFFFF80      0x00000080         (0, 0, 10)      [1] []
    733     0x00023880       0xFFFFFF80      0x00000010         (0, 2, 7)      [] [SW]
    734     0x00008F00       0xFFFFFF80      0x00000080         (0, 0, 1)      [1] []
    735     0x00020400       0xFFFFFF80      0x00000008         (0, 2, 0)      [] [W]
    736     0x00041800       0xFFFFFF00      0x00000008         (0, 4, 3)      [] [W]
    737     0x0000AE00       0xFFFFFF80      0x00000800         (0, 0, 5)      [5] []
    738     0x00013280       0xFFFFFF80      0x00008020         (0, 1, 6)      [9] [S]
    739     0x00013F00       0xFFFFFF80      0x00000800         (0, 1, 7)      [5] []
    740     0x0000E600       0xFFFFFF80      0x00000080         (0, 0, 12)      [1] []
    741     0x00018B00       0xFFFFFF80      0x00000400         (0, 1, 1)      [4] []
    742     0x00005900       0xFFFFFF80      0x00008000         (0, 0, 11)      [9] []
    743     0x00015200       0xFFFFFF80      0x00200020         (0, 1, 10)      [15] [S]
    744     0x00016880       0xFFFFFF80      0x00006030         (0, 1, 13)      [8, 7] [SW, S]
    745     0x00017000       0xFFFFFF80      0x0000000C         (0, 1, 14)      [] [N, W]
    746     0x00048D00       0xFFFFFF00      0x00000010         (0, 4, 1)      [] [SW]
    747     0x0000DF00       0xFFFFFF80      0x00400000         (0, 0, 11)      [16] []
    748     0x0004A200       0xFFFFFF00      0x00000008         (0, 4, 4)      [] [W]
    749     0x0001B900       0xFFFFFF80      0x00100000         (0, 1, 7)      [14] []
    750     0x00041900       0xFFFFFF00      0x00000008         (0, 4, 3)      [] [W]
    751     0x00011500       0xFFFFFF80      0x00004000         (0, 1, 2)      [8] []
    752     0x0001C800       0xFFFFFF80      0x00008000         (0, 1, 9)      [9] []
    753     0x00008480       0xFFFFFF80      0x00008000         (0, 0, 0)      [9] []
    754     0x00053700       0xFFFFFF00      0x00080000         (0, 5, 6)      [13] []
    755     0x0000DB80       0xFFFFFF80      0x00008000         (0, 0, 11)      [9] []
    756     0x00009380       0xFFFFFF80      0x00010000         (0, 0, 2)      [10] []
    757     0x0001B600       0xFFFFFF80      0x00004000         (0, 1, 6)      [8] []
