router contains 87 entries 
 
  Index   Key(hex)    Mask(hex)    Route(hex)    Src. Core -> [Cores][Links]
------------------------------------------------------------------------------
    0     0x00056E00       0xFFFFFF00      0x00000001         (0, 5, 13)      [] [E]
    1     0x00055F00       0xFFFFFF00      0x00000001         (0, 5, 11)      [] [E]
    2     0x00056400       0xFFFFFF00      0x00000001         (0, 5, 12)      [] [E]
    3     0x00024180       0xFFFFFF80      0x00020010         (0, 2, 8)      [11] [SW]
    4     0x00055200       0xFFFFFF00      0x00000001         (0, 5, 10)      [] [E]
    5     0x00051900       0xFFFFFF00      0x00000010         (0, 5, 3)      [] [SW]
    6     0x00056000       0xFFFFFF00      0x00000001         (0, 5, 12)      [] [E]
    7     0x00024000       0xFFFFFF80      0x00004010         (0, 2, 8)      [8] [SW]
    8     0x00050D00       0xFFFFFF00      0x00000010         (0, 5, 1)      [] [SW]
    9     0x00054D00       0xFFFFFF00      0x00000001         (0, 5, 9)      [] [E]
    10     0x00051A00       0xFFFFFF00      0x00000010         (0, 5, 3)      [] [SW]
    11     0x00056100       0xFFFFFF00      0x00000001         (0, 5, 12)      [] [E]
    12     0x00055500       0xFFFFFF00      0x00000001         (0, 5, 10)      [] [E]
    13     0x00050E00       0xFFFFFF00      0x00000010         (0, 5, 1)      [] [SW]
    14     0x00051B00       0xFFFFFF00      0x00000010         (0, 5, 3)      [] [SW]
    15     0x00056200       0xFFFFFF00      0x00000001         (0, 5, 12)      [] [E]
    16     0x00024200       0xFFFFFF80      0x00040010         (0, 2, 8)      [12] [SW]
    17     0x00050C00       0xFFFFFF00      0x00000010         (0, 5, 1)      [] [SW]
    18     0x00024380       0xFFFFFF80      0x00200010         (0, 2, 8)      [15] [SW]
    19     0x00051C00       0xFFFFFF00      0x00000010         (0, 5, 3)      [] [SW]
    20     0x00056300       0xFFFFFF00      0x00000001         (0, 5, 12)      [] [E]
    21     0x00051D00       0xFFFFFF00      0x00000010         (0, 5, 3)      [] [SW]
    22     0x00055800       0xFFFFFF00      0x00000001         (0, 5, 11)      [] [E]
    23     0x00051000       0xFFFFFF00      0x00000010         (0, 5, 2)      [] [SW]
    24     0x00024280       0xFFFFFF80      0x00080010         (0, 2, 8)      [13] [SW]
    25     0x00024500       0xFFFFFF80      0x00000010         (0, 2, 8)      [] [SW]
    26     0x00024600       0xFFFFFF80      0x00000010         (0, 2, 8)      [] [SW]
    27     0x00056500       0xFFFFFF00      0x00000001         (0, 5, 12)      [] [E]
    28     0x00051E00       0xFFFFFF00      0x00000010         (0, 5, 3)      [] [SW]
    29     0x00054E00       0xFFFFFF00      0x00000001         (0, 5, 9)      [] [E]
    30     0x00051100       0xFFFFFF00      0x00000010         (0, 5, 2)      [] [SW]
    31     0x00024100       0xFFFFFF80      0x00010010         (0, 2, 8)      [10] [SW]
    32     0x00021E80       0xFFFFFF80      0x00000008         (0, 2, 3)      [] [W]
    33     0x00051700       0xFFFFFF00      0x00000010         (0, 5, 2)      [] [SW]
    34     0x00024080       0xFFFFFF80      0x00008010         (0, 2, 8)      [9] [SW]
    35     0x00052600       0xFFFFFF00      0x00000010         (0, 5, 4)      [] [SW]
    36     0x00056600       0xFFFFFF00      0x00000001         (0, 5, 12)      [] [E]
    37     0x00051F00       0xFFFFFF00      0x00000010         (0, 5, 3)      [] [SW]
    38     0x00024580       0xFFFFFF80      0x00000010         (0, 2, 8)      [] [SW]
    39     0x00055B00       0xFFFFFF00      0x00000001         (0, 5, 11)      [] [E]
    40     0x00051200       0xFFFFFF00      0x00000010         (0, 5, 2)      [] [SW]
    41     0x00022080       0xFFFFFF80      0x00FFFF80         (0, 2, 4)      [1, 2, 3, 4, 5, 6, 7, 8, 9, 10, 11, 12, 13, 14, 15, 16, 17] []
    42     0x00024400       0xFFFFFF80      0x00400010         (0, 2, 8)      [16] [SW]
    43     0x00056700       0xFFFFFF00      0x00000001         (0, 5, 12)      [] [E]
    44     0x00023F00       0xFFFFFF80      0x00001010         (0, 2, 7)      [6] [SW]
    45     0x00055000       0xFFFFFF00      0x00000001         (0, 5, 10)      [] [E]
    46     0x00052700       0xFFFFFF00      0x00000010         (0, 5, 4)      [] [SW]
    47     0x00056800       0xFFFFFF00      0x00000001         (0, 5, 13)      [] [E]
    48     0x00023C80       0xFFFFFF80      0x00000080         (0, 2, 7)      [1] []
    49     0x00051300       0xFFFFFF00      0x00000010         (0, 5, 2)      [] [SW]
    50     0x00055100       0xFFFFFF00      0x00000001         (0, 5, 10)      [] [E]
    51     0x00024300       0xFFFFFF80      0x00100010         (0, 2, 8)      [14] [SW]
    52     0x00023D80       0xFFFFFF80      0x00000210         (0, 2, 7)      [3] [SW]
    53     0x00050F00       0xFFFFFF00      0x00000010         (0, 5, 1)      [] [SW]
    54     0x00056900       0xFFFFFF00      0x00000001         (0, 5, 13)      [] [E]
    55     0x00023D00       0xFFFFFF80      0x00000110         (0, 2, 7)      [2] [SW]
    56     0x00051400       0xFFFFFF00      0x00000010         (0, 5, 2)      [] [SW]
    57     0x00055A00       0xFFFFFF00      0x00000001         (0, 5, 11)      [] [E]
    58     0x00023F80       0xFFFFFF80      0x00002010         (0, 2, 7)      [7] [SW]
    59     0x00052200       0xFFFFFF00      0x00000010         (0, 5, 4)      [] [SW]
    60     0x00055900       0xFFFFFF00      0x00000001         (0, 5, 11)      [] [E]
    61     0x00056A00       0xFFFFFF00      0x00000001         (0, 5, 13)      [] [E]
    62     0x00055E00       0xFFFFFF00      0x00000001         (0, 5, 11)      [] [E]
    63     0x00055300       0xFFFFFF00      0x00000001         (0, 5, 10)      [] [E]
    64     0x00051500       0xFFFFFF00      0x00000010         (0, 5, 2)      [] [SW]
    65     0x00052100       0xFFFFFF00      0x00000010         (0, 5, 4)      [] [SW]
    66     0x00052300       0xFFFFFF00      0x00000010         (0, 5, 4)      [] [SW]
    67     0x00052000       0xFFFFFF00      0x00000010         (0, 5, 4)      [] [SW]
    68     0x00056B00       0xFFFFFF00      0x00000001         (0, 5, 13)      [] [E]
    69     0x00055400       0xFFFFFF00      0x00000001         (0, 5, 10)      [] [E]
    70     0x00050900       0xFFFFFF00      0x00000010         (0, 5, 1)      [] [SW]
    71     0x00055C00       0xFFFFFF00      0x00000001         (0, 5, 11)      [] [E]
    72     0x00051600       0xFFFFFF00      0x00000010         (0, 5, 2)      [] [SW]
    73     0x00052400       0xFFFFFF00      0x00000010         (0, 5, 4)      [] [SW]
    74     0x00023E80       0xFFFFFF80      0x00000810         (0, 2, 7)      [5] [SW]
    75     0x00056C00       0xFFFFFF00      0x00000001         (0, 5, 13)      [] [E]
    76     0x00024480       0xFFFFFF80      0x00800010         (0, 2, 8)      [17] [SW]
    77     0x00054F00       0xFFFFFF00      0x00000001         (0, 5, 9)      [] [E]
    78     0x00050A00       0xFFFFFF00      0x00000010         (0, 5, 1)      [] [SW]
    79     0x00023E00       0xFFFFFF80      0x00000410         (0, 2, 7)      [4] [SW]
    80     0x00055D00       0xFFFFFF00      0x00000001         (0, 5, 11)      [] [E]
    81     0x00052500       0xFFFFFF00      0x00000010         (0, 5, 4)      [] [SW]
    82     0x00055600       0xFFFFFF00      0x00000001         (0, 5, 10)      [] [E]
    83     0x00056D00       0xFFFFFF00      0x00000001         (0, 5, 13)      [] [E]
    84     0x00050B00       0xFFFFFF00      0x00000010         (0, 5, 1)      [] [SW]
    85     0x00051800       0xFFFFFF00      0x00000010         (0, 5, 3)      [] [SW]
    86     0x00055700       0xFFFFFF00      0x00000001         (0, 5, 10)      [] [E]
