router contains 307 entries 
 
  Index   Key(hex)    Mask(hex)    Route(hex)    Src. Core -> [Cores][Links]
------------------------------------------------------------------------------
    0     0x00047800       0xFFFFFF00      0x00000010         (0, 4, 15)      [] [SW]
    1     0x00049400       0xFFFFFF00      0x00000008         (0, 4, 2)      [] [W]
    2     0x0001FB00       0xFFFFFF80      0x00000008         (0, 1, 15)      [] [W]
    3     0x0001DA80       0xFFFFFF80      0x00000008         (0, 1, 11)      [] [W]
    4     0x00052B00       0xFFFFFF00      0x00000008         (0, 5, 5)      [] [W]
    5     0x00024400       0xFFFFFF80      0x00000002         (0, 2, 8)      [] [NE]
    6     0x00008180       0xFFFFFF80      0x00000008         (0, 0, 0)      [] [W]
    7     0x0001B280       0xFFFFFF80      0x00000008         (0, 1, 6)      [] [W]
    8     0x0001F200       0xFFFFFF80      0x00000010         (0, 1, 14)      [] [SW]
    9     0x0001B080       0xFFFFFF80      0x00000008         (0, 1, 6)      [] [W]
    10     0x00023C80       0xFFFFFF80      0x00000010         (0, 2, 7)      [] [SW]
    11     0x0001AD80       0xFFFFFF80      0x00000008         (0, 1, 5)      [] [W]
    12     0x00047900       0xFFFFFF00      0x00000010         (0, 4, 15)      [] [SW]
    13     0x0001F880       0xFFFFFF80      0x00000010         (0, 1, 15)      [] [SW]
    14     0x0001F980       0xFFFFFF80      0x00000008         (0, 1, 15)      [] [W]
    15     0x0001C200       0xFFFFFF80      0x00000010         (0, 1, 8)      [] [SW]
    16     0x00019800       0xFFFFFF80      0x00000008         (0, 1, 3)      [] [W]
    17     0x00020900       0xFFFFFF80      0x00000008         (0, 2, 1)      [] [W]
    18     0x00017680       0xFFFFFF80      0x00000001         (0, 1, 14)      [] [E]
    19     0x00047200       0xFFFFFF00      0x00000010         (0, 4, 14)      [] [SW]
    20     0x00048000       0xFFFFFF00      0x00000010         (0, 4, 0)      [] [SW]
    21     0x0001D880       0xFFFFFF80      0x00000008         (0, 1, 11)      [] [W]
    22     0x00024200       0xFFFFFF80      0x00000002         (0, 2, 8)      [] [NE]
    23     0x0001E100       0xFFFFFF80      0x00000008         (0, 1, 12)      [] [W]
    24     0x0001C580       0xFFFFFF80      0x00000010         (0, 1, 8)      [] [SW]
    25     0x00023C00       0xFFFFFF80      0x00000010         (0, 2, 7)      [] [SW]
    26     0x00049F00       0xFFFFFF00      0x00000008         (0, 4, 3)      [] [W]
    27     0x0001C380       0xFFFFFF80      0x00000010         (0, 1, 8)      [] [SW]
    28     0x0001D080       0xFFFFFF80      0x00000008         (0, 1, 10)      [] [W]
    29     0x0001C480       0xFFFFFF80      0x00000010         (0, 1, 8)      [] [SW]
    30     0x00047B00       0xFFFFFF00      0x00000010         (0, 4, 15)      [] [SW]
    31     0x0001FA00       0xFFFFFF80      0x00000008         (0, 1, 15)      [] [W]
    32     0x00004A80       0xFFFFFF80      0x00000008         (0, 0, 9)      [] [W]
    33     0x00012B80       0xFFFFFF80      0x00000021         (0, 1, 5)      [] [E, S]
    34     0x0001E800       0xFFFFFF80      0x00000008         (0, 1, 13)      [] [W]
    35     0x0001A700       0xFFFFFF80      0x00000008         (0, 1, 4)      [] [W]
    36     0x00020480       0xFFFFFF80      0x00000008         (0, 2, 0)      [] [W]
    37     0x00017880       0xFFFFFF80      0x00000001         (0, 1, 15)      [] [E]
    38     0x0001CE00       0xFFFFFF80      0x00000008         (0, 1, 9)      [] [W]
    39     0x00047400       0xFFFFFF00      0x00000010         (0, 4, 14)      [] [SW]
    40     0x00049200       0xFFFFFF00      0x00000010         (0, 4, 2)      [] [SW]
    41     0x00047C00       0xFFFFFF00      0x00000010         (0, 4, 15)      [] [SW]
    42     0x00004900       0xFFFFFF80      0x00000008         (0, 0, 9)      [] [W]
    43     0x00008500       0xFFFFFF80      0x00000008         (0, 0, 0)      [] [W]
    44     0x0004A200       0xFFFFFF00      0x00000008         (0, 4, 4)      [] [W]
    45     0x00017580       0xFFFFFF80      0x00000001         (0, 1, 14)      [] [E]
    46     0x00053000       0xFFFFFF00      0x00000008         (0, 5, 6)      [] [W]
    47     0x0001E080       0xFFFFFF80      0x00000008         (0, 1, 12)      [] [W]
    48     0x00017980       0xFFFFFF80      0x00000001         (0, 1, 15)      [] [E]
    49     0x0001D300       0xFFFFFF80      0x00000008         (0, 1, 10)      [] [W]
    50     0x0001CA80       0xFFFFFF80      0x00000008         (0, 1, 9)      [] [W]
    51     0x00021380       0xFFFFFF80      0x00000004         (0, 2, 2)      [] [N]
    52     0x00012980       0xFFFFFF80      0x00000001         (0, 1, 5)      [] [E]
    53     0x00021300       0xFFFFFF80      0x0000000C         (0, 2, 2)      [] [N, W]
    54     0x0001AC00       0xFFFFFF80      0x00000008         (0, 1, 5)      [] [W]
    55     0x0001B180       0xFFFFFF80      0x00000008         (0, 1, 6)      [] [W]
    56     0x00021E80       0xFFFFFF80      0x00000008         (0, 2, 3)      [] [W]
    57     0x00017500       0xFFFFFF80      0x00000001         (0, 1, 14)      [] [E]
    58     0x0001B100       0xFFFFFF80      0x00000008         (0, 1, 6)      [] [W]
    59     0x00012B00       0xFFFFFF80      0x00000001         (0, 1, 5)      [] [E]
    60     0x00047600       0xFFFFFF00      0x00000010         (0, 4, 14)      [] [SW]
    61     0x00047E00       0xFFFFFF00      0x00000010         (0, 4, 15)      [] [SW]
    62     0x00047100       0xFFFFFF00      0x00000010         (0, 4, 14)      [] [SW]
    63     0x00020F80       0xFFFFFF80      0x00000008         (0, 2, 1)      [] [W]
    64     0x0001CD00       0xFFFFFF80      0x00000008         (0, 1, 9)      [] [W]
    65     0x00020680       0xFFFFFF80      0x00000008         (0, 2, 0)      [] [W]
    66     0x00053B00       0xFFFFFF00      0x00000008         (0, 5, 7)      [] [W]
    67     0x00020080       0xFFFFFF80      0x00000008         (0, 2, 0)      [] [W]
    68     0x00019600       0xFFFFFF80      0x00000008         (0, 1, 2)      [] [W]
    69     0x00021200       0xFFFFFF80      0x00000008         (0, 2, 2)      [] [W]
    70     0x0001FA80       0xFFFFFF80      0x00000008         (0, 1, 15)      [] [W]
    71     0x0001FC00       0xFFFFFF80      0x00000008         (0, 1, 15)      [] [W]
    72     0x00048100       0xFFFFFF00      0x00000010         (0, 4, 0)      [] [SW]
    73     0x0001D480       0xFFFFFF80      0x00000008         (0, 1, 10)      [] [W]
    74     0x00020E00       0xFFFFFF80      0x00000008         (0, 2, 1)      [] [W]
    75     0x0004A300       0xFFFFFF00      0x00000008         (0, 4, 4)      [] [W]
    76     0x0001CA00       0xFFFFFF80      0x00000008         (0, 1, 9)      [] [W]
    77     0x00012880       0xFFFFFF80      0x00000001         (0, 1, 5)      [] [E]
    78     0x00017D80       0xFFFFFF80      0x00000020         (0, 1, 15)      [] [S]
    79     0x0001C880       0xFFFFFF80      0x00000008         (0, 1, 9)      [] [W]
    80     0x00020300       0xFFFFFF80      0x00000008         (0, 2, 0)      [] [W]
    81     0x0001DE00       0xFFFFFF80      0x00000008         (0, 1, 11)      [] [W]
    82     0x0001DB00       0xFFFFFF80      0x00000008         (0, 1, 11)      [] [W]
    83     0x0001C680       0xFFFFFF80      0x00000010         (0, 1, 8)      [] [SW]
    84     0x00020800       0xFFFFFF80      0x00000008         (0, 2, 1)      [] [W]
    85     0x0001DB80       0xFFFFFF80      0x00000008         (0, 1, 11)      [] [W]
    86     0x0001CC80       0xFFFFFF80      0x00000008         (0, 1, 9)      [] [W]
    87     0x0001DC80       0xFFFFFF80      0x00000008         (0, 1, 11)      [] [W]
    88     0x0001AD00       0xFFFFFF80      0x00000008         (0, 1, 5)      [] [W]
    89     0x0000C900       0xFFFFFF80      0x00000008         (0, 0, 9)      [] [W]
    90     0x00004880       0xFFFFFF80      0x00000008         (0, 0, 9)      [] [W]
    91     0x0001E280       0xFFFFFF80      0x00000008         (0, 1, 12)      [] [W]
    92     0x00004680       0xFFFFFF80      0x00000008         (0, 0, 8)      [] [W]
    93     0x00047700       0xFFFFFF00      0x00000010         (0, 4, 14)      [] [SW]
    94     0x00047500       0xFFFFFF00      0x00000010         (0, 4, 14)      [] [SW]
    95     0x0001A580       0xFFFFFF80      0x00000008         (0, 1, 4)      [] [W]
    96     0x00019700       0xFFFFFF80      0x00000008         (0, 1, 2)      [] [W]
    97     0x00012800       0xFFFFFF80      0x00000001         (0, 1, 5)      [] [E]
    98     0x0001C700       0xFFFFFF80      0x00000008         (0, 1, 8)      [] [W]
    99     0x00049B00       0xFFFFFF00      0x00000008         (0, 4, 3)      [] [W]
    100     0x0001C180       0xFFFFFF80      0x00000010         (0, 1, 8)      [] [SW]
    101     0x00017600       0xFFFFFF80      0x00000001         (0, 1, 14)      [] [E]
    102     0x00023B00       0xFFFFFF80      0x00000010         (0, 2, 7)      [] [SW]
    103     0x0001FF00       0xFFFFFF80      0x00000008         (0, 1, 15)      [] [W]
    104     0x00023B80       0xFFFFFF80      0x00000010         (0, 2, 7)      [] [SW]
    105     0x00019A00       0xFFFFFF80      0x00000008         (0, 1, 3)      [] [W]
    106     0x00053400       0xFFFFFF00      0x00000008         (0, 5, 6)      [] [W]
    107     0x00004800       0xFFFFFF80      0x00000008         (0, 0, 9)      [] [W]
    108     0x0001AF00       0xFFFFFF80      0x00000008         (0, 1, 5)      [] [W]
    109     0x0001DE80       0xFFFFFF80      0x00000008         (0, 1, 11)      [] [W]
    110     0x00049600       0xFFFFFF00      0x00000008         (0, 4, 2)      [] [W]
    111     0x00020280       0xFFFFFF80      0x00000008         (0, 2, 0)      [] [W]
    112     0x00004780       0xFFFFFF80      0x00000008         (0, 0, 8)      [] [W]
    113     0x00008400       0xFFFFFF80      0x00000008         (0, 0, 0)      [] [W]
    114     0x0001FE00       0xFFFFFF80      0x00000008         (0, 1, 15)      [] [W]
    115     0x00020100       0xFFFFFF80      0x00000008         (0, 2, 0)      [] [W]
    116     0x00053700       0xFFFFFF00      0x00000008         (0, 5, 6)      [] [W]
    117     0x00021180       0xFFFFFF80      0x00000008         (0, 2, 2)      [] [W]
    118     0x00008300       0xFFFFFF80      0x00000008         (0, 0, 0)      [] [W]
    119     0x00020180       0xFFFFFF80      0x00000008         (0, 2, 0)      [] [W]
    120     0x0001F700       0xFFFFFF80      0x00000010         (0, 1, 14)      [] [SW]
    121     0x00008280       0xFFFFFF80      0x00000008         (0, 0, 0)      [] [W]
    122     0x00024100       0xFFFFFF80      0x00000002         (0, 2, 8)      [] [NE]
    123     0x00008580       0xFFFFFF80      0x00000008         (0, 0, 0)      [] [W]
    124     0x00047F00       0xFFFFFF00      0x00000010         (0, 4, 15)      [] [SW]
    125     0x0001A680       0xFFFFFF80      0x00000008         (0, 1, 4)      [] [W]
    126     0x0001F100       0xFFFFFF80      0x00000010         (0, 1, 14)      [] [SW]
    127     0x0001CB80       0xFFFFFF80      0x00000008         (0, 1, 9)      [] [W]
    128     0x00024380       0xFFFFFF80      0x00000002         (0, 2, 8)      [] [NE]
    129     0x00053800       0xFFFFFF00      0x00000008         (0, 5, 7)      [] [W]
    130     0x00023480       0xFFFFFF80      0x00000010         (0, 2, 6)      [] [SW]
    131     0x00012A00       0xFFFFFF80      0x00000001         (0, 1, 5)      [] [E]
    132     0x0001C800       0xFFFFFF80      0x00000008         (0, 1, 9)      [] [W]
    133     0x00024480       0xFFFFFF80      0x00000002         (0, 2, 8)      [] [NE]
    134     0x00022100       0xFFFFFF80      0x00000008         (0, 2, 4)      [] [W]
    135     0x00019900       0xFFFFFF80      0x00000008         (0, 1, 3)      [] [W]
    136     0x00012700       0xFFFFFF80      0x00000001         (0, 1, 4)      [] [E]
    137     0x0001DD80       0xFFFFFF80      0x00000008         (0, 1, 11)      [] [W]
    138     0x0001C000       0xFFFFFF80      0x00000010         (0, 1, 8)      [] [SW]
    139     0x00016C80       0xFFFFFF80      0x00000001         (0, 1, 13)      [] [E]
    140     0x00019780       0xFFFFFF80      0x00000008         (0, 1, 2)      [] [W]
    141     0x00020D80       0xFFFFFF80      0x00000008         (0, 2, 1)      [] [W]
    142     0x00019C00       0xFFFFFF80      0x00000008         (0, 1, 3)      [] [W]
    143     0x00020A80       0xFFFFFF80      0x00000008         (0, 2, 1)      [] [W]
    144     0x00053900       0xFFFFFF00      0x00000008         (0, 5, 7)      [] [W]
    145     0x0001DF00       0xFFFFFF80      0x00000008         (0, 1, 11)      [] [W]
    146     0x00020880       0xFFFFFF80      0x00000008         (0, 2, 1)      [] [W]
    147     0x0001B400       0xFFFFFF80      0x00000008         (0, 1, 6)      [] [W]
    148     0x0001D180       0xFFFFFF80      0x00000008         (0, 1, 10)      [] [W]
    149     0x0001DC00       0xFFFFFF80      0x00000008         (0, 1, 11)      [] [W]
    150     0x0001AE80       0xFFFFFF80      0x00000008         (0, 1, 5)      [] [W]
    151     0x00047300       0xFFFFFF00      0x00000010         (0, 4, 14)      [] [SW]
    152     0x00019B80       0xFFFFFF80      0x00000008         (0, 1, 3)      [] [W]
    153     0x0001E780       0xFFFFFF80      0x00000008         (0, 1, 12)      [] [W]
    154     0x0001FB80       0xFFFFFF80      0x00000008         (0, 1, 15)      [] [W]
    155     0x00049D00       0xFFFFFF00      0x00000008         (0, 4, 3)      [] [W]
    156     0x0000C180       0xFFFFFF80      0x00000008         (0, 0, 8)      [] [W]
    157     0x0001D900       0xFFFFFF80      0x00000008         (0, 1, 11)      [] [W]
    158     0x00020500       0xFFFFFF80      0x00000008         (0, 2, 0)      [] [W]
    159     0x0001BF80       0xFFFFFF80      0x00000010         (0, 1, 7)      [] [SW]
    160     0x0001DD00       0xFFFFFF80      0x00000008         (0, 1, 11)      [] [W]
    161     0x00049C00       0xFFFFFF00      0x00000008         (0, 4, 3)      [] [W]
    162     0x00049A00       0xFFFFFF00      0x00000008         (0, 4, 3)      [] [W]
    163     0x00016D80       0xFFFFFF80      0x00000001         (0, 1, 13)      [] [E]
    164     0x0001F300       0xFFFFFF80      0x00000010         (0, 1, 14)      [] [SW]
    165     0x0001F900       0xFFFFFF80      0x00000008         (0, 1, 15)      [] [W]
    166     0x0001D400       0xFFFFFF80      0x00000008         (0, 1, 10)      [] [W]
    167     0x0001F600       0xFFFFFF80      0x00000010         (0, 1, 14)      [] [SW]
    168     0x00024300       0xFFFFFF80      0x00000002         (0, 2, 8)      [] [NE]
    169     0x00052C00       0xFFFFFF00      0x00000008         (0, 5, 5)      [] [W]
    170     0x0001C980       0xFFFFFF80      0x00000008         (0, 1, 9)      [] [W]
    171     0x0001D600       0xFFFFFF80      0x00000008         (0, 1, 10)      [] [W]
    172     0x00019B00       0xFFFFFF80      0x00000008         (0, 1, 3)      [] [W]
    173     0x00049700       0xFFFFFF00      0x00000008         (0, 4, 2)      [] [W]
    174     0x0001D200       0xFFFFFF80      0x00000008         (0, 1, 10)      [] [W]
    175     0x00021280       0xFFFFFF80      0x00000004         (0, 2, 2)      [] [N]
    176     0x0001F180       0xFFFFFF80      0x00000010         (0, 1, 14)      [] [SW]
    177     0x0001DA00       0xFFFFFF80      0x00000008         (0, 1, 11)      [] [W]
    178     0x0001F680       0xFFFFFF80      0x00000010         (0, 1, 14)      [] [SW]
    179     0x0001CC00       0xFFFFFF80      0x00000008         (0, 1, 9)      [] [W]
    180     0x00017900       0xFFFFFF80      0x00000001         (0, 1, 15)      [] [E]
    181     0x0001F780       0xFFFFFF80      0x00000010         (0, 1, 14)      [] [SW]
    182     0x00020700       0xFFFFFF80      0x00000008         (0, 2, 0)      [] [W]
    183     0x0001B480       0xFFFFFF80      0x00000008         (0, 1, 6)      [] [W]
    184     0x0001B380       0xFFFFFF80      0x00000008         (0, 1, 6)      [] [W]
    185     0x00008080       0xFFFFFF80      0x00000008         (0, 0, 0)      [] [W]
    186     0x00049E00       0xFFFFFF00      0x00000008         (0, 4, 3)      [] [W]
    187     0x00020400       0xFFFFFF80      0x00000008         (0, 2, 0)      [] [W]
    188     0x00053200       0xFFFFFF00      0x00000008         (0, 5, 6)      [] [W]
    189     0x0001AC80       0xFFFFFF80      0x00000008         (0, 1, 5)      [] [W]
    190     0x00016D00       0xFFFFFF80      0x00000001         (0, 1, 13)      [] [E]
    191     0x0001A600       0xFFFFFF80      0x00000008         (0, 1, 4)      [] [W]
    192     0x0001D100       0xFFFFFF80      0x00000008         (0, 1, 10)      [] [W]
    193     0x0001D380       0xFFFFFF80      0x00000008         (0, 1, 10)      [] [W]
    194     0x0001B300       0xFFFFFF80      0x00000008         (0, 1, 6)      [] [W]
    195     0x0001B580       0xFFFFFF80      0x00000008         (0, 1, 6)      [] [W]
    196     0x00008480       0xFFFFFF80      0x00000008         (0, 0, 0)      [] [W]
    197     0x0001C300       0xFFFFFF80      0x00000010         (0, 1, 8)      [] [SW]
    198     0x0001CE80       0xFFFFFF80      0x00000008         (0, 1, 9)      [] [W]
    199     0x00008100       0xFFFFFF80      0x00000008         (0, 0, 0)      [] [W]
    200     0x0001E000       0xFFFFFF80      0x00000008         (0, 1, 12)      [] [W]
    201     0x0000C280       0xFFFFFF80      0x00000008         (0, 0, 8)      [] [W]
    202     0x0001D780       0xFFFFFF80      0x00000008         (0, 1, 10)      [] [W]
    203     0x00021E00       0xFFFFFF80      0x00000008         (0, 2, 3)      [] [W]
    204     0x0001B000       0xFFFFFF80      0x00000008         (0, 1, 6)      [] [W]
    205     0x00017800       0xFFFFFF80      0x00000001         (0, 1, 15)      [] [E]
    206     0x00004700       0xFFFFFF80      0x00000008         (0, 0, 8)      [] [W]
    207     0x00019680       0xFFFFFF80      0x00000008         (0, 1, 2)      [] [W]
    208     0x00019880       0xFFFFFF80      0x00000008         (0, 1, 3)      [] [W]
    209     0x0001F380       0xFFFFFF80      0x00000010         (0, 1, 14)      [] [SW]
    210     0x0001C600       0xFFFFFF80      0x00000010         (0, 1, 8)      [] [SW]
    211     0x00012900       0xFFFFFF80      0x00000001         (0, 1, 5)      [] [E]
    212     0x00024080       0xFFFFFF80      0x00000002         (0, 2, 8)      [] [NE]
    213     0x00049900       0xFFFFFF00      0x00000008         (0, 4, 3)      [] [W]
    214     0x00053600       0xFFFFFF00      0x00000008         (0, 5, 6)      [] [W]
    215     0x00017A00       0xFFFFFF80      0x00000001         (0, 1, 15)      [] [E]
    216     0x00012600       0xFFFFFF80      0x00000001         (0, 1, 4)      [] [E]
    217     0x00017700       0xFFFFFF80      0x00000001         (0, 1, 14)      [] [E]
    218     0x0001CF80       0xFFFFFF80      0x00000008         (0, 1, 9)      [] [W]
    219     0x0004A000       0xFFFFFF00      0x00000008         (0, 4, 4)      [] [W]
    220     0x0001AE00       0xFFFFFF80      0x00000008         (0, 1, 5)      [] [W]
    221     0x00047A00       0xFFFFFF00      0x00000010         (0, 4, 15)      [] [SW]
    222     0x0001F280       0xFFFFFF80      0x00000010         (0, 1, 14)      [] [SW]
    223     0x00017780       0xFFFFFF80      0x00000001         (0, 1, 14)      [] [E]
    224     0x00017200       0xFFFFFF80      0x00000001         (0, 1, 14)      [] [E]
    225     0x00020D00       0xFFFFFF80      0x00000008         (0, 2, 1)      [] [W]
    226     0x00008380       0xFFFFFF80      0x00000008         (0, 0, 0)      [] [W]
    227     0x00023700       0xFFFFFF80      0x00000010         (0, 2, 6)      [] [SW]
    228     0x00017480       0xFFFFFF80      0x00000001         (0, 1, 14)      [] [E]
    229     0x00021080       0xFFFFFF80      0x00000008         (0, 2, 2)      [] [W]
    230     0x0004A100       0xFFFFFF00      0x00000008         (0, 4, 4)      [] [W]
    231     0x00017300       0xFFFFFF80      0x00000001         (0, 1, 14)      [] [E]
    232     0x00012780       0xFFFFFF80      0x00000001         (0, 1, 4)      [] [E]
    233     0x00024180       0xFFFFFF80      0x00000002         (0, 2, 8)      [] [NE]
    234     0x0001D700       0xFFFFFF80      0x00000008         (0, 1, 10)      [] [W]
    235     0x0001CF00       0xFFFFFF80      0x00000008         (0, 1, 9)      [] [W]
    236     0x00049800       0xFFFFFF00      0x00000008         (0, 4, 3)      [] [W]
    237     0x0001A500       0xFFFFFF80      0x00000008         (0, 1, 4)      [] [W]
    238     0x0001BE80       0xFFFFFF80      0x00000010         (0, 1, 7)      [] [SW]
    239     0x0000C200       0xFFFFFF80      0x00000008         (0, 0, 8)      [] [W]
    240     0x00004A00       0xFFFFFF80      0x00000008         (0, 0, 9)      [] [W]
    241     0x00052E00       0xFFFFFF00      0x00000008         (0, 5, 5)      [] [W]
    242     0x00020B80       0xFFFFFF80      0x00000008         (0, 2, 1)      [] [W]
    243     0x0001F400       0xFFFFFF80      0x00000010         (0, 1, 14)      [] [SW]
    244     0x0001F080       0xFFFFFF80      0x00000010         (0, 1, 14)      [] [SW]
    245     0x0000C980       0xFFFFFF80      0x00000008         (0, 0, 9)      [] [W]
    246     0x0001D280       0xFFFFFF80      0x00000008         (0, 1, 10)      [] [W]
    247     0x0001F480       0xFFFFFF80      0x00000010         (0, 1, 14)      [] [SW]
    248     0x0001FD00       0xFFFFFF80      0x00000008         (0, 1, 15)      [] [W]
    249     0x0001FC80       0xFFFFFF80      0x00000008         (0, 1, 15)      [] [W]
    250     0x00049300       0xFFFFFF00      0x00000008         (0, 4, 2)      [] [W]
    251     0x00021A00       0xFFFFFF80      0x00000008         (0, 2, 3)      [] [W]
    252     0x0001AF80       0xFFFFFF80      0x00000008         (0, 1, 5)      [] [W]
    253     0x00017400       0xFFFFFF80      0x00000001         (0, 1, 14)      [] [E]
    254     0x00020E80       0xFFFFFF80      0x00000008         (0, 2, 1)      [] [W]
    255     0x0001AB80       0xFFFFFF80      0x00000008         (0, 1, 5)      [] [W]
    256     0x0001F800       0xFFFFFF80      0x00000010         (0, 1, 15)      [] [SW]
    257     0x00024000       0xFFFFFF80      0x00000002         (0, 2, 8)      [] [NE]
    258     0x0001CB00       0xFFFFFF80      0x00000008         (0, 1, 9)      [] [W]
    259     0x00053500       0xFFFFFF00      0x00000008         (0, 5, 6)      [] [W]
    260     0x0001FF80       0xFFFFFF80      0x00000008         (0, 1, 15)      [] [W]
    261     0x0001D580       0xFFFFFF80      0x00000008         (0, 1, 10)      [] [W]
    262     0x00019A80       0xFFFFFF80      0x00000008         (0, 1, 3)      [] [W]
    263     0x00020380       0xFFFFFF80      0x00000008         (0, 2, 0)      [] [W]
    264     0x0001F580       0xFFFFFF80      0x00000010         (0, 1, 14)      [] [SW]
    265     0x00020000       0xFFFFFF80      0x00000008         (0, 2, 0)      [] [W]
    266     0x0001B200       0xFFFFFF80      0x00000008         (0, 1, 6)      [] [W]
    267     0x00017280       0xFFFFFF80      0x00000001         (0, 1, 14)      [] [E]
    268     0x0001F500       0xFFFFFF80      0x00000010         (0, 1, 14)      [] [SW]
    269     0x00047D00       0xFFFFFF00      0x00000010         (0, 4, 15)      [] [SW]
    270     0x00012A80       0xFFFFFF80      0x00000001         (0, 1, 5)      [] [E]
    271     0x0001CD80       0xFFFFFF80      0x00000008         (0, 1, 9)      [] [W]
    272     0x0001D980       0xFFFFFF80      0x00000008         (0, 1, 11)      [] [W]
    273     0x0001C900       0xFFFFFF80      0x00000008         (0, 1, 9)      [] [W]
    274     0x00004980       0xFFFFFF80      0x00000008         (0, 0, 9)      [] [W]
    275     0x0001C080       0xFFFFFF80      0x00000010         (0, 1, 8)      [] [SW]
    276     0x00024280       0xFFFFFF80      0x00000002         (0, 2, 8)      [] [NE]
    277     0x00053100       0xFFFFFF00      0x00000008         (0, 5, 6)      [] [W]
    278     0x0001D680       0xFFFFFF80      0x00000008         (0, 1, 10)      [] [W]
    279     0x00024500       0xFFFFFF80      0x00000002         (0, 2, 8)      [] [NE]
    280     0x00017380       0xFFFFFF80      0x00000001         (0, 1, 14)      [] [E]
    281     0x00052F00       0xFFFFFF00      0x00000008         (0, 5, 5)      [] [W]
    282     0x00019980       0xFFFFFF80      0x00000008         (0, 1, 3)      [] [W]
    283     0x00049500       0xFFFFFF00      0x00000008         (0, 4, 2)      [] [W]
    284     0x00052D00       0xFFFFFF00      0x00000008         (0, 5, 5)      [] [W]
    285     0x0001E200       0xFFFFFF80      0x00000008         (0, 1, 12)      [] [W]
    286     0x0001D500       0xFFFFFF80      0x00000008         (0, 1, 10)      [] [W]
    287     0x00020A00       0xFFFFFF80      0x00000008         (0, 2, 1)      [] [W]
    288     0x00017E00       0xFFFFFF80      0x00000020         (0, 1, 15)      [] [S]
    289     0x00020C00       0xFFFFFF80      0x00000008         (0, 2, 1)      [] [W]
    290     0x00020580       0xFFFFFF80      0x00000008         (0, 2, 0)      [] [W]
    291     0x00008200       0xFFFFFF80      0x00000008         (0, 0, 0)      [] [W]
    292     0x00020780       0xFFFFFF80      0x00000008         (0, 2, 0)      [] [W]
    293     0x00012680       0xFFFFFF80      0x00000001         (0, 1, 4)      [] [E]
    294     0x0001E700       0xFFFFFF80      0x00000008         (0, 1, 12)      [] [W]
    295     0x0001C280       0xFFFFFF80      0x00000010         (0, 1, 8)      [] [SW]
    296     0x0001C500       0xFFFFFF80      0x00000010         (0, 1, 8)      [] [SW]
    297     0x0001C400       0xFFFFFF80      0x00000010         (0, 1, 8)      [] [SW]
    298     0x0001C100       0xFFFFFF80      0x00000010         (0, 1, 8)      [] [SW]
    299     0x0001FE80       0xFFFFFF80      0x00000008         (0, 1, 15)      [] [W]
    300     0x00053300       0xFFFFFF00      0x00000008         (0, 5, 6)      [] [W]
    301     0x00021400       0xFFFFFF80      0x00000004         (0, 2, 2)      [] [N]
    302     0x00053A00       0xFFFFFF00      0x00000008         (0, 5, 7)      [] [W]
    303     0x00049100       0xFFFFFF00      0x00000010         (0, 4, 2)      [] [SW]
    304     0x00021000       0xFFFFFF80      0x00000008         (0, 2, 2)      [] [W]
    305     0x0001E180       0xFFFFFF80      0x00000008         (0, 1, 12)      [] [W]
    306     0x00020B00       0xFFFFFF80      0x00000008         (0, 2, 1)      [] [W]
