router contains 287 entries 
 
  Index   Key(hex)    Mask(hex)    Route(hex)    Src. Core -> [Cores][Links]
------------------------------------------------------------------------------
    0     0x0001B280       0xFFFFFF80      0x00000010         (0, 1, 6)      [] [SW]
    1     0x00000A80       0xFFFFFF80      0x00000008         (0, 0, 1)      [] [W]
    2     0x00046100       0xFFFFFF00      0x00000008         (0, 4, 12)      [] [W]
    3     0x0001A000       0xFFFFFF80      0x00000010         (0, 1, 4)      [] [SW]
    4     0x0001DB80       0xFFFFFF80      0x00000010         (0, 1, 11)      [] [SW]
    5     0x0001B780       0xFFFFFF80      0x00000010         (0, 1, 6)      [] [SW]
    6     0x0001E680       0xFFFFFF80      0x00000010         (0, 1, 12)      [] [SW]
    7     0x0001D880       0xFFFFFF80      0x00000010         (0, 1, 11)      [] [SW]
    8     0x00047000       0xFFFFFF00      0x00000008         (0, 4, 14)      [] [W]
    9     0x00001B80       0xFFFFFF80      0x00000010         (0, 0, 3)      [] [SW]
    10     0x0001DA80       0xFFFFFF80      0x00000010         (0, 1, 11)      [] [SW]
    11     0x0001F380       0xFFFFFF80      0x00000010         (0, 1, 14)      [] [SW]
    12     0x0001AF00       0xFFFFFF80      0x00000010         (0, 1, 5)      [] [SW]
    13     0x0001C380       0xFFFFFF80      0x00000010         (0, 1, 8)      [] [SW]
    14     0x00019700       0xFFFFFF80      0x00000010         (0, 1, 2)      [] [SW]
    15     0x00046300       0xFFFFFF00      0x00000008         (0, 4, 12)      [] [W]
    16     0x00000D00       0xFFFFFF80      0x00000018         (0, 0, 1)      [] [W, SW]
    17     0x0001E880       0xFFFFFF80      0x00000010         (0, 1, 13)      [] [SW]
    18     0x0001B080       0xFFFFFF80      0x00000010         (0, 1, 6)      [] [SW]
    19     0x00002680       0xFFFFFF80      0x00000008         (0, 0, 4)      [] [W]
    20     0x00046400       0xFFFFFF00      0x00000008         (0, 4, 12)      [] [W]
    21     0x0001EE80       0xFFFFFF80      0x00000010         (0, 1, 13)      [] [SW]
    22     0x00023480       0xFFFFFF80      0x00000030         (0, 2, 6)      [] [SW, S]
    23     0x00002600       0xFFFFFF80      0x00000008         (0, 0, 4)      [] [W]
    24     0x0001FB00       0xFFFFFF80      0x00000008         (0, 1, 15)      [] [W]
    25     0x00046500       0xFFFFFF00      0x00000008         (0, 4, 12)      [] [W]
    26     0x00001D80       0xFFFFFF80      0x00000010         (0, 0, 3)      [] [SW]
    27     0x00032200       0xFFFFFF00      0x00000010         (0, 3, 4)      [] [SW]
    28     0x00021300       0xFFFFFF80      0x00000010         (0, 2, 2)      [] [SW]
    29     0x00046600       0xFFFFFF00      0x00000008         (0, 4, 12)      [] [W]
    30     0x00019E80       0xFFFFFF80      0x00000010         (0, 1, 3)      [] [SW]
    31     0x0001A900       0xFFFFFF80      0x00000010         (0, 1, 5)      [] [SW]
    32     0x0001E600       0xFFFFFF80      0x00000010         (0, 1, 12)      [] [SW]
    33     0x0001E080       0xFFFFFF80      0x00000010         (0, 1, 12)      [] [SW]
    34     0x00020080       0xFFFFFF80      0x00000008         (0, 2, 0)      [] [W]
    35     0x0001AB80       0xFFFFFF80      0x00000010         (0, 1, 5)      [] [SW]
    36     0x00019400       0xFFFFFF80      0x00000010         (0, 1, 2)      [] [SW]
    37     0x00032900       0xFFFFFF00      0x00000010         (0, 3, 5)      [] [SW]
    38     0x0001A380       0xFFFFFF80      0x00000010         (0, 1, 4)      [] [SW]
    39     0x0001B300       0xFFFFFF80      0x00000010         (0, 1, 6)      [] [SW]
    40     0x00022080       0xFFFFFF80      0x00000010         (0, 2, 4)      [] [SW]
    41     0x0001E800       0xFFFFFF80      0x00000010         (0, 1, 13)      [] [SW]
    42     0x0001BD00       0xFFFFFF80      0x00000010         (0, 1, 7)      [] [SW]
    43     0x00019C80       0xFFFFFF80      0x00000010         (0, 1, 3)      [] [SW]
    44     0x00023500       0xFFFFFF80      0x00000030         (0, 2, 6)      [] [SW, S]
    45     0x0001B180       0xFFFFFF80      0x00000010         (0, 1, 6)      [] [SW]
    46     0x00019600       0xFFFFFF80      0x00000010         (0, 1, 2)      [] [SW]
    47     0x00019500       0xFFFFFF80      0x00000010         (0, 1, 2)      [] [SW]
    48     0x0001BE00       0xFFFFFF80      0x00000010         (0, 1, 7)      [] [SW]
    49     0x0001BB00       0xFFFFFF80      0x00000010         (0, 1, 7)      [] [SW]
    50     0x00019480       0xFFFFFF80      0x00000010         (0, 1, 2)      [] [SW]
    51     0x00046A00       0xFFFFFF00      0x00000008         (0, 4, 13)      [] [W]
    52     0x0001F600       0xFFFFFF80      0x00000010         (0, 1, 14)      [] [SW]
    53     0x00046C00       0xFFFFFF00      0x00000008         (0, 4, 13)      [] [W]
    54     0x00021D80       0xFFFFFF80      0x00FFF800         (0, 2, 3)      [5, 6, 7, 8, 9, 10, 11, 12, 13, 14, 15, 16, 17] []
    55     0x00033100       0xFFFFFF00      0x00000010         (0, 3, 6)      [] [SW]
    56     0x00046B00       0xFFFFFF00      0x00000008         (0, 4, 13)      [] [W]
    57     0x0001A280       0xFFFFFF80      0x00000010         (0, 1, 4)      [] [SW]
    58     0x00019B80       0xFFFFFF80      0x00000010         (0, 1, 3)      [] [SW]
    59     0x0001BF00       0xFFFFFF80      0x00000010         (0, 1, 7)      [] [SW]
    60     0x0001E980       0xFFFFFF80      0x00000010         (0, 1, 13)      [] [SW]
    61     0x0001EF00       0xFFFFFF80      0x00000010         (0, 1, 13)      [] [SW]
    62     0x0001BC00       0xFFFFFF80      0x00000010         (0, 1, 7)      [] [SW]
    63     0x00000A00       0xFFFFFF80      0x00000008         (0, 0, 1)      [] [W]
    64     0x0001AD80       0xFFFFFF80      0x00000010         (0, 1, 5)      [] [SW]
    65     0x00032D00       0xFFFFFF00      0x00000010         (0, 3, 5)      [] [SW]
    66     0x00023680       0xFFFFFF80      0x00000830         (0, 2, 6)      [5] [SW, S]
    67     0x0001D900       0xFFFFFF80      0x00000010         (0, 1, 11)      [] [SW]
    68     0x00002900       0xFFFFFF80      0x00000008         (0, 0, 5)      [] [W]
    69     0x00046D00       0xFFFFFF00      0x00000008         (0, 4, 13)      [] [W]
    70     0x0001F680       0xFFFFFF80      0x00000010         (0, 1, 14)      [] [SW]
    71     0x00022180       0xFFFFFF80      0x00000020         (0, 2, 4)      [] [S]
    72     0x00001D00       0xFFFFFF80      0x00000010         (0, 0, 3)      [] [SW]
    73     0x00032B00       0xFFFFFF00      0x00000010         (0, 3, 5)      [] [SW]
    74     0x00021D00       0xFFFFFF80      0x00000780         (0, 2, 3)      [1, 2, 3, 4] []
    75     0x0001B100       0xFFFFFF80      0x00000010         (0, 1, 6)      [] [SW]
    76     0x00032400       0xFFFFFF00      0x00000010         (0, 3, 4)      [] [SW]
    77     0x0001E200       0xFFFFFF80      0x00000010         (0, 1, 12)      [] [SW]
    78     0x00022580       0xFFFFFF80      0x00000020         (0, 2, 4)      [] [S]
    79     0x0001DC00       0xFFFFFF80      0x00000010         (0, 1, 11)      [] [SW]
    80     0x0001C580       0xFFFFFF80      0x00000010         (0, 1, 8)      [] [SW]
    81     0x0001FC00       0xFFFFFF80      0x00000008         (0, 1, 15)      [] [W]
    82     0x0001DE00       0xFFFFFF80      0x00000010         (0, 1, 11)      [] [SW]
    83     0x0005FF00       0xFFFFFF00      0x00000004         (0, 5, 15)      [] [N]
    84     0x00000E00       0xFFFFFF80      0x00000018         (0, 0, 1)      [] [W, SW]
    85     0x00032700       0xFFFFFF00      0x00000010         (0, 3, 4)      [] [SW]
    86     0x0001BD80       0xFFFFFF80      0x00000010         (0, 1, 7)      [] [SW]
    87     0x0001A200       0xFFFFFF80      0x00000010         (0, 1, 4)      [] [SW]
    88     0x00021C00       0xFFFFFF80      0x00000010         (0, 2, 3)      [] [SW]
    89     0x0001C180       0xFFFFFF80      0x00000010         (0, 1, 8)      [] [SW]
    90     0x0001C680       0xFFFFFF80      0x00000010         (0, 1, 8)      [] [SW]
    91     0x00000B80       0xFFFFFF80      0x00000008         (0, 0, 1)      [] [W]
    92     0x0001B880       0xFFFFFF80      0x00000010         (0, 1, 7)      [] [SW]
    93     0x00000E80       0xFFFFFF80      0x00000018         (0, 0, 1)      [] [W, SW]
    94     0x00019A00       0xFFFFFF80      0x00000010         (0, 1, 3)      [] [SW]
    95     0x0001B500       0xFFFFFF80      0x00000010         (0, 1, 6)      [] [SW]
    96     0x00019780       0xFFFFFF80      0x00000010         (0, 1, 2)      [] [SW]
    97     0x00046E00       0xFFFFFF00      0x00000008         (0, 4, 13)      [] [W]
    98     0x00032C00       0xFFFFFF00      0x00000010         (0, 3, 5)      [] [SW]
    99     0x0001EE00       0xFFFFFF80      0x00000010         (0, 1, 13)      [] [SW]
    100     0x0001C000       0xFFFFFF80      0x00000010         (0, 1, 8)      [] [SW]
    101     0x0005F900       0xFFFFFF00      0x00000004         (0, 5, 15)      [] [N]
    102     0x0001F780       0xFFFFFF80      0x00000010         (0, 1, 14)      [] [SW]
    103     0x0001E100       0xFFFFFF80      0x00000010         (0, 1, 12)      [] [SW]
    104     0x00023A00       0xFFFFFF80      0x00040030         (0, 2, 7)      [12] [SW, S]
    105     0x00002880       0xFFFFFF80      0x00000008         (0, 0, 5)      [] [W]
    106     0x0001F800       0xFFFFFF80      0x00000010         (0, 1, 15)      [] [SW]
    107     0x0001EB80       0xFFFFFF80      0x00000010         (0, 1, 13)      [] [SW]
    108     0x00023900       0xFFFFFF80      0x00010030         (0, 2, 7)      [10] [SW, S]
    109     0x00060100       0xFFFFFF00      0x00000004         (0, 6, 0)      [] [N]
    110     0x00002800       0xFFFFFF80      0x00000008         (0, 0, 5)      [] [W]
    111     0x0001A800       0xFFFFFF80      0x00000010         (0, 1, 5)      [] [SW]
    112     0x00019580       0xFFFFFF80      0x00000010         (0, 1, 2)      [] [SW]
    113     0x00022600       0xFFFFFF80      0x00000020         (0, 2, 4)      [] [S]
    114     0x00001C80       0xFFFFFF80      0x00000010         (0, 0, 3)      [] [SW]
    115     0x00019900       0xFFFFFF80      0x00000010         (0, 1, 3)      [] [SW]
    116     0x00002780       0xFFFFFF80      0x00000008         (0, 0, 4)      [] [W]
    117     0x0001FF80       0xFFFFFF80      0x00000008         (0, 1, 15)      [] [W]
    118     0x0005F700       0xFFFFFF00      0x00000004         (0, 5, 14)      [] [N]
    119     0x0001E900       0xFFFFFF80      0x00000010         (0, 1, 13)      [] [SW]
    120     0x0001A100       0xFFFFFF80      0x00000010         (0, 1, 4)      [] [SW]
    121     0x0001E000       0xFFFFFF80      0x00000010         (0, 1, 12)      [] [SW]
    122     0x00019A80       0xFFFFFF80      0x00000010         (0, 1, 3)      [] [SW]
    123     0x0001EA80       0xFFFFFF80      0x00000010         (0, 1, 13)      [] [SW]
    124     0x0001B680       0xFFFFFF80      0x00000010         (0, 1, 6)      [] [SW]
    125     0x00046F00       0xFFFFFF00      0x00000008         (0, 4, 13)      [] [W]
    126     0x0001F200       0xFFFFFF80      0x00000010         (0, 1, 14)      [] [SW]
    127     0x0001A880       0xFFFFFF80      0x00000010         (0, 1, 5)      [] [SW]
    128     0x00022100       0xFFFFFF80      0x00000020         (0, 2, 4)      [] [S]
    129     0x00023300       0xFFFFFF80      0x00000010         (0, 2, 6)      [] [SW]
    130     0x00019B00       0xFFFFFF80      0x00000010         (0, 1, 3)      [] [SW]
    131     0x00019800       0xFFFFFF80      0x00000010         (0, 1, 3)      [] [SW]
    132     0x0001BA80       0xFFFFFF80      0x00000010         (0, 1, 7)      [] [SW]
    133     0x00032E00       0xFFFFFF00      0x00000010         (0, 3, 5)      [] [SW]
    134     0x0001AA00       0xFFFFFF80      0x00000010         (0, 1, 5)      [] [SW]
    135     0x0001A480       0xFFFFFF80      0x00000010         (0, 1, 4)      [] [SW]
    136     0x00023780       0xFFFFFF80      0x00002030         (0, 2, 6)      [7] [SW, S]
    137     0x00023700       0xFFFFFF80      0x00001030         (0, 2, 6)      [6] [SW, S]
    138     0x00023A80       0xFFFFFF80      0x00080030         (0, 2, 7)      [13] [SW, S]
    139     0x00000980       0xFFFFFF80      0x00000008         (0, 0, 1)      [] [W]
    140     0x00046200       0xFFFFFF00      0x00000008         (0, 4, 12)      [] [W]
    141     0x0001E380       0xFFFFFF80      0x00000010         (0, 1, 12)      [] [SW]
    142     0x00023400       0xFFFFFF80      0x00000030         (0, 2, 6)      [] [SW, S]
    143     0x00033000       0xFFFFFF00      0x00000010         (0, 3, 6)      [] [SW]
    144     0x0001DE80       0xFFFFFF80      0x00000010         (0, 1, 11)      [] [SW]
    145     0x0001C200       0xFFFFFF80      0x00000010         (0, 1, 8)      [] [SW]
    146     0x00046000       0xFFFFFF00      0x00000008         (0, 4, 12)      [] [W]
    147     0x0001F180       0xFFFFFF80      0x00000010         (0, 1, 14)      [] [SW]
    148     0x0001DD00       0xFFFFFF80      0x00000010         (0, 1, 11)      [] [SW]
    149     0x0001E480       0xFFFFFF80      0x00000010         (0, 1, 12)      [] [SW]
    150     0x00032800       0xFFFFFF00      0x00000010         (0, 3, 5)      [] [SW]
    151     0x0001DF00       0xFFFFFF80      0x00000010         (0, 1, 11)      [] [SW]
    152     0x0001F300       0xFFFFFF80      0x00000010         (0, 1, 14)      [] [SW]
    153     0x00000C00       0xFFFFFF80      0x00000018         (0, 0, 1)      [] [W, SW]
    154     0x00019980       0xFFFFFF80      0x00000010         (0, 1, 3)      [] [SW]
    155     0x0001EB00       0xFFFFFF80      0x00000010         (0, 1, 13)      [] [SW]
    156     0x0001ED00       0xFFFFFF80      0x00000010         (0, 1, 13)      [] [SW]
    157     0x0001D800       0xFFFFFF80      0x00000010         (0, 1, 11)      [] [SW]
    158     0x0001B580       0xFFFFFF80      0x00000010         (0, 1, 6)      [] [SW]
    159     0x00001C00       0xFFFFFF80      0x00000010         (0, 0, 3)      [] [SW]
    160     0x0001DB00       0xFFFFFF80      0x00000010         (0, 1, 11)      [] [SW]
    161     0x0001EF80       0xFFFFFF80      0x00000010         (0, 1, 13)      [] [SW]
    162     0x00000900       0xFFFFFF80      0x00000008         (0, 0, 1)      [] [W]
    163     0x0001F580       0xFFFFFF80      0x00000010         (0, 1, 14)      [] [SW]
    164     0x00023580       0xFFFFFF80      0x00000030         (0, 2, 6)      [] [SW, S]
    165     0x00020000       0xFFFFFF80      0x00000008         (0, 2, 0)      [] [W]
    166     0x0001AC80       0xFFFFFF80      0x00000010         (0, 1, 5)      [] [SW]
    167     0x0001DA00       0xFFFFFF80      0x00000010         (0, 1, 11)      [] [SW]
    168     0x0005FA00       0xFFFFFF00      0x00000004         (0, 5, 15)      [] [N]
    169     0x0001BB80       0xFFFFFF80      0x00000010         (0, 1, 7)      [] [SW]
    170     0x00032600       0xFFFFFF00      0x00000010         (0, 3, 4)      [] [SW]
    171     0x00024300       0xFFFFFF80      0x00000080         (0, 2, 8)      [1] []
    172     0x00019E00       0xFFFFFF80      0x00000010         (0, 1, 3)      [] [SW]
    173     0x0001B700       0xFFFFFF80      0x00000010         (0, 1, 6)      [] [SW]
    174     0x0001C280       0xFFFFFF80      0x00000010         (0, 1, 8)      [] [SW]
    175     0x0001B000       0xFFFFFF80      0x00000010         (0, 1, 6)      [] [SW]
    176     0x00002980       0xFFFFFF80      0x00000008         (0, 0, 5)      [] [W]
    177     0x0001F480       0xFFFFFF80      0x00000010         (0, 1, 14)      [] [SW]
    178     0x0001A080       0xFFFFFF80      0x00000010         (0, 1, 4)      [] [SW]
    179     0x0001C400       0xFFFFFF80      0x00000010         (0, 1, 8)      [] [SW]
    180     0x0001AA80       0xFFFFFF80      0x00000010         (0, 1, 5)      [] [SW]
    181     0x00019680       0xFFFFFF80      0x00000010         (0, 1, 2)      [] [SW]
    182     0x0001B380       0xFFFFFF80      0x00000010         (0, 1, 6)      [] [SW]
    183     0x0001E580       0xFFFFFF80      0x00000010         (0, 1, 12)      [] [SW]
    184     0x0005F800       0xFFFFFF00      0x00000004         (0, 5, 15)      [] [N]
    185     0x0001B900       0xFFFFFF80      0x00000010         (0, 1, 7)      [] [SW]
    186     0x0001C300       0xFFFFFF80      0x00000010         (0, 1, 8)      [] [SW]
    187     0x0001B480       0xFFFFFF80      0x00000010         (0, 1, 6)      [] [SW]
    188     0x00023600       0xFFFFFF80      0x00000030         (0, 2, 6)      [] [SW, S]
    189     0x0001BF80       0xFFFFFF80      0x00000010         (0, 1, 7)      [] [SW]
    190     0x00019D00       0xFFFFFF80      0x00000010         (0, 1, 3)      [] [SW]
    191     0x0001A300       0xFFFFFF80      0x00000010         (0, 1, 4)      [] [SW]
    192     0x0005FC00       0xFFFFFF00      0x00000004         (0, 5, 15)      [] [N]
    193     0x00021380       0xFFFFFF80      0x00000010         (0, 2, 2)      [] [SW]
    194     0x0001D780       0xFFFFFF80      0x00000010         (0, 1, 10)      [] [SW]
    195     0x00000B00       0xFFFFFF80      0x00000008         (0, 0, 1)      [] [W]
    196     0x0001CF80       0xFFFFFF80      0x00000010         (0, 1, 9)      [] [SW]
    197     0x0001D680       0xFFFFFF80      0x00000010         (0, 1, 10)      [] [SW]
    198     0x0001AE80       0xFFFFFF80      0x00000010         (0, 1, 5)      [] [SW]
    199     0x0001C600       0xFFFFFF80      0x00000010         (0, 1, 8)      [] [SW]
    200     0x0001F500       0xFFFFFF80      0x00000010         (0, 1, 14)      [] [SW]
    201     0x0001EC00       0xFFFFFF80      0x00000010         (0, 1, 13)      [] [SW]
    202     0x00000D80       0xFFFFFF80      0x00000018         (0, 0, 1)      [] [W, SW]
    203     0x0005FD00       0xFFFFFF00      0x00000004         (0, 5, 15)      [] [N]
    204     0x0001AE00       0xFFFFFF80      0x00000010         (0, 1, 5)      [] [SW]
    205     0x0001F280       0xFFFFFF80      0x00000010         (0, 1, 14)      [] [SW]
    206     0x00023800       0xFFFFFF80      0x00004030         (0, 2, 7)      [8] [SW, S]
    207     0x0001A180       0xFFFFFF80      0x00000010         (0, 1, 4)      [] [SW]
    208     0x00023C00       0xFFFFFF80      0x00400030         (0, 2, 7)      [16] [SW, S]
    209     0x0001E700       0xFFFFFF80      0x00000010         (0, 1, 12)      [] [SW]
    210     0x00032300       0xFFFFFF00      0x00000010         (0, 3, 4)      [] [SW]
    211     0x0001BE80       0xFFFFFF80      0x00000010         (0, 1, 7)      [] [SW]
    212     0x00021E80       0xFFFFFF80      0x00000010         (0, 2, 3)      [] [SW]
    213     0x0001F000       0xFFFFFF80      0x00000010         (0, 1, 14)      [] [SW]
    214     0x00022000       0xFFFFFF80      0x00000010         (0, 2, 4)      [] [SW]
    215     0x00019F00       0xFFFFFF80      0x00000010         (0, 1, 3)      [] [SW]
    216     0x0001E780       0xFFFFFF80      0x00000010         (0, 1, 12)      [] [SW]
    217     0x00046800       0xFFFFFF00      0x00000008         (0, 4, 13)      [] [W]
    218     0x00046900       0xFFFFFF00      0x00000008         (0, 4, 13)      [] [W]
    219     0x0001B200       0xFFFFFF80      0x00000010         (0, 1, 6)      [] [SW]
    220     0x0001D000       0xFFFFFF80      0x00000010         (0, 1, 10)      [] [SW]
    221     0x00019D80       0xFFFFFF80      0x00000010         (0, 1, 3)      [] [SW]
    222     0x0001B400       0xFFFFFF80      0x00000010         (0, 1, 6)      [] [SW]
    223     0x0001F100       0xFFFFFF80      0x00000010         (0, 1, 14)      [] [SW]
    224     0x0001AB00       0xFFFFFF80      0x00000010         (0, 1, 5)      [] [SW]
    225     0x0001EC80       0xFFFFFF80      0x00000010         (0, 1, 13)      [] [SW]
    226     0x00023B80       0xFFFFFF80      0x00200030         (0, 2, 7)      [15] [SW, S]
    227     0x00024380       0xFFFFFF80      0x00000100         (0, 2, 8)      [2] []
    228     0x00002700       0xFFFFFF80      0x00000008         (0, 0, 4)      [] [W]
    229     0x0001B980       0xFFFFFF80      0x00000010         (0, 1, 7)      [] [SW]
    230     0x0001D480       0xFFFFFF80      0x00000010         (0, 1, 10)      [] [SW]
    231     0x0001A980       0xFFFFFF80      0x00000010         (0, 1, 5)      [] [SW]
    232     0x0001F700       0xFFFFFF80      0x00000010         (0, 1, 14)      [] [SW]
    233     0x0001D700       0xFFFFFF80      0x00000010         (0, 1, 10)      [] [SW]
    234     0x0001A780       0xFFFFFF80      0x00000010         (0, 1, 4)      [] [SW]
    235     0x0001E400       0xFFFFFF80      0x00000010         (0, 1, 12)      [] [SW]
    236     0x0005FB00       0xFFFFFF00      0x00000004         (0, 5, 15)      [] [N]
    237     0x0001C480       0xFFFFFF80      0x00000010         (0, 1, 8)      [] [SW]
    238     0x00023380       0xFFFFFF80      0x00000030         (0, 2, 6)      [] [SW, S]
    239     0x00032500       0xFFFFFF00      0x00000010         (0, 3, 4)      [] [SW]
    240     0x0001D600       0xFFFFFF80      0x00000010         (0, 1, 10)      [] [SW]
    241     0x00046700       0xFFFFFF00      0x00000008         (0, 4, 12)      [] [W]
    242     0x0001E500       0xFFFFFF80      0x00000010         (0, 1, 12)      [] [SW]
    243     0x00060000       0xFFFFFF00      0x00000004         (0, 6, 0)      [] [N]
    244     0x00001B00       0xFFFFFF80      0x00000010         (0, 0, 3)      [] [SW]
    245     0x0001C100       0xFFFFFF80      0x00000010         (0, 1, 8)      [] [SW]
    246     0x00023B00       0xFFFFFF80      0x00100030         (0, 2, 7)      [14] [SW, S]
    247     0x0001DF80       0xFFFFFF80      0x00000010         (0, 1, 11)      [] [SW]
    248     0x00024480       0xFFFFFF80      0x00000400         (0, 2, 8)      [4] []
    249     0x0001BC80       0xFFFFFF80      0x00000010         (0, 1, 7)      [] [SW]
    250     0x0001A400       0xFFFFFF80      0x00000010         (0, 1, 4)      [] [SW]
    251     0x00024400       0xFFFFFF80      0x00000200         (0, 2, 8)      [3] []
    252     0x00021400       0xFFFFFF80      0x00000010         (0, 2, 2)      [] [SW]
    253     0x00021280       0xFFFFFF80      0x00000010         (0, 2, 2)      [] [SW]
    254     0x0001DC80       0xFFFFFF80      0x00000010         (0, 1, 11)      [] [SW]
    255     0x0001C080       0xFFFFFF80      0x00000010         (0, 1, 8)      [] [SW]
    256     0x0001ED80       0xFFFFFF80      0x00000010         (0, 1, 13)      [] [SW]
    257     0x00032F00       0xFFFFFF00      0x00000010         (0, 3, 5)      [] [SW]
    258     0x00000C80       0xFFFFFF80      0x00000018         (0, 0, 1)      [] [W, SW]
    259     0x0001FB80       0xFFFFFF80      0x00000008         (0, 1, 15)      [] [W]
    260     0x00001A80       0xFFFFFF80      0x00000010         (0, 0, 3)      [] [SW]
    261     0x0001AC00       0xFFFFFF80      0x00000010         (0, 1, 5)      [] [SW]
    262     0x0001B800       0xFFFFFF80      0x00000010         (0, 1, 7)      [] [SW]
    263     0x00019F80       0xFFFFFF80      0x00000010         (0, 1, 3)      [] [SW]
    264     0x0001C500       0xFFFFFF80      0x00000010         (0, 1, 8)      [] [SW]
    265     0x0001F080       0xFFFFFF80      0x00000010         (0, 1, 14)      [] [SW]
    266     0x00023980       0xFFFFFF80      0x00020030         (0, 2, 7)      [11] [SW, S]
    267     0x0001AF80       0xFFFFFF80      0x00000010         (0, 1, 5)      [] [SW]
    268     0x00045F00       0xFFFFFF00      0x00000010         (0, 4, 11)      [] [SW]
    269     0x00019880       0xFFFFFF80      0x00000010         (0, 1, 3)      [] [SW]
    270     0x0001E300       0xFFFFFF80      0x00000010         (0, 1, 12)      [] [SW]
    271     0x0001EA00       0xFFFFFF80      0x00000010         (0, 1, 13)      [] [SW]
    272     0x0001D980       0xFFFFFF80      0x00000010         (0, 1, 11)      [] [SW]
    273     0x0001E280       0xFFFFFF80      0x00000010         (0, 1, 12)      [] [SW]
    274     0x0001DD80       0xFFFFFF80      0x00000010         (0, 1, 11)      [] [SW]
    275     0x00019C00       0xFFFFFF80      0x00000010         (0, 1, 3)      [] [SW]
    276     0x0001F880       0xFFFFFF80      0x00000010         (0, 1, 15)      [] [SW]
    277     0x0001E180       0xFFFFFF80      0x00000010         (0, 1, 12)      [] [SW]
    278     0x0001D500       0xFFFFFF80      0x00000010         (0, 1, 10)      [] [SW]
    279     0x00023C80       0xFFFFFF80      0x00800030         (0, 2, 7)      [17] [SW, S]
    280     0x0001D580       0xFFFFFF80      0x00000010         (0, 1, 10)      [] [SW]
    281     0x0005FE00       0xFFFFFF00      0x00000004         (0, 5, 15)      [] [N]
    282     0x0001F400       0xFFFFFF80      0x00000010         (0, 1, 14)      [] [SW]
    283     0x00023880       0xFFFFFF80      0x00008030         (0, 2, 7)      [9] [SW, S]
    284     0x0001BA00       0xFFFFFF80      0x00000010         (0, 1, 7)      [] [SW]
    285     0x0001B600       0xFFFFFF80      0x00000010         (0, 1, 6)      [] [SW]
    286     0x00032A00       0xFFFFFF00      0x00000010         (0, 3, 5)      [] [SW]
