router contains 827 entries 
 
  Index   Key(hex)    Mask(hex)    Route(hex)    Src. Core -> [Cores][Links]
------------------------------------------------------------------------------
    0     0x00016C80       0xFFFFFF80      0x00001000         (0, 1, 13)      [6] []
    1     0x00010A80       0xFFFFFF80      0x00002000         (0, 1, 1)      [7] []
    2     0x00013600       0xFFFFFF80      0x00002008         (0, 1, 6)      [7] [W]
    3     0x00018B80       0xFFFFFF80      0x00000010         (0, 1, 1)      [] [SW]
    4     0x00009200       0xFFFFFF80      0x00000008         (0, 0, 2)      [] [W]
    5     0x00018480       0xFFFFFF80      0x00000800         (0, 1, 0)      [5] []
    6     0x00007A00       0xFFFFFF80      0x00004000         (0, 0, 15)      [8] []
    7     0x00023980       0xFFFFFF80      0x00000008         (0, 2, 7)      [] [W]
    8     0x0000DA00       0xFFFFFF80      0x00000008         (0, 0, 11)      [] [W]
    9     0x00009780       0xFFFFFF80      0x00008008         (0, 0, 2)      [9] [W]
    10     0x0000DA80       0xFFFFFF80      0x00000008         (0, 0, 11)      [] [W]
    11     0x00011F00       0xFFFFFF80      0x00000008         (0, 1, 3)      [] [W]
    12     0x0001ED80       0xFFFFFF80      0x00000800         (0, 1, 13)      [5] []
    13     0x00000A80       0xFFFFFF80      0x00800000         (0, 0, 1)      [17] []
    14     0x00015900       0xFFFFFF80      0x00000018         (0, 1, 11)      [] [W, SW]
    15     0x00018E80       0xFFFFFF80      0x00000110         (0, 1, 1)      [2] [SW]
    16     0x00006C00       0xFFFFFF80      0x00008008         (0, 0, 13)      [9] [W]
    17     0x00031200       0xFFFFFF00      0x00000020         (0, 3, 2)      [] [S]
    18     0x00002600       0xFFFFFF80      0x00100000         (0, 0, 4)      [14] []
    19     0x0001C800       0xFFFFFF80      0x00000001         (0, 1, 9)      [] [E]
    20     0x0000B880       0xFFFFFF80      0x00FFC03F         (0, 0, 7)      [8, 9, 10, 11, 12, 13, 14, 15, 16, 17] [E, NE, N, W, SW, S]
    21     0x0000E300       0xFFFFFF80      0x00200008         (0, 0, 12)      [15] [W]
    22     0x0000C600       0xFFFFFF80      0x00300021         (0, 0, 8)      [14, 15] [E, S]
    23     0x00011980       0xFFFFFF80      0x00000008         (0, 1, 3)      [] [W]
    24     0x00016500       0xFFFFFF80      0x00000008         (0, 1, 12)      [] [W]
    25     0x00013080       0xFFFFFF80      0x00000008         (0, 1, 6)      [] [W]
    26     0x00018A80       0xFFFFFF80      0x00000010         (0, 1, 1)      [] [SW]
    27     0x00014180       0xFFFFFF80      0x00000098         (0, 1, 8)      [1] [W, SW]
    28     0x00014380       0xFFFFFF80      0x00000818         (0, 1, 8)      [5] [W, SW]
    29     0x00003380       0xFFFFFF80      0x00040000         (0, 0, 6)      [12] []
    30     0x0000E180       0xFFFFFF80      0x00040008         (0, 0, 12)      [12] [W]
    31     0x00018300       0xFFFFFF80      0x00000100         (0, 1, 0)      [2] []
    32     0x00006F80       0xFFFFFF80      0x00400003         (0, 0, 13)      [16] [E, NE]
    33     0x00005400       0xFFFFFF80      0x0000000E         (0, 0, 10)      [] [NE, N, W]
    34     0x00023E80       0xFFFFFF80      0x00000088         (0, 2, 7)      [1] [W]
    35     0x0001D100       0xFFFFFF80      0x00000100         (0, 1, 10)      [2] []
    36     0x0001D380       0xFFFFFF80      0x00002000         (0, 1, 10)      [7] []
    37     0x00009D00       0xFFFFFF80      0x00000008         (0, 0, 3)      [] [W]
    38     0x00017700       0xFFFFFF80      0x00000108         (0, 1, 14)      [2] [W]
    39     0x0000ED00       0xFFFFFF80      0x00001008         (0, 0, 13)      [6] [W]
    40     0x00013000       0xFFFFFF80      0x00000008         (0, 1, 6)      [] [W]
    41     0x00001780       0xFFFFFF80      0x00100000         (0, 0, 2)      [14] []
    42     0x00004300       0xFFFFFF80      0x00100003         (0, 0, 8)      [14] [E, NE]
    43     0x00014300       0xFFFFFF80      0x00000418         (0, 1, 8)      [4] [W, SW]
    44     0x0000FE00       0xFFFFFF80      0x00000030         (0, 0, 15)      [] [SW, S]
    45     0x00009100       0xFFFFFF80      0x00000008         (0, 0, 2)      [] [W]
    46     0x00018F00       0xFFFFFF80      0x00000210         (0, 1, 1)      [3] [SW]
    47     0x00009700       0xFFFFFF80      0x00004000         (0, 0, 2)      [8] []
    48     0x00018200       0xFFFFFF80      0x00000008         (0, 1, 0)      [] [W]
    49     0x00003A00       0xFFFFFF80      0x00000002         (0, 0, 7)      [] [NE]
    50     0x00014A00       0xFFFFFF80      0x00000010         (0, 1, 9)      [] [SW]
    51     0x00005D80       0xFFFFFF80      0x00008008         (0, 0, 11)      [9] [W]
    52     0x0001AC80       0xFFFFFF80      0x00000001         (0, 1, 5)      [] [E]
    53     0x00011180       0xFFFFFF80      0x00000008         (0, 1, 2)      [] [W]
    54     0x0000AF80       0xFFFFFF80      0x00003F88         (0, 0, 5)      [1, 2, 3, 4, 5, 6, 7] [W]
    55     0x00031700       0xFFFFFF00      0x00000020         (0, 3, 2)      [] [S]
    56     0x00009A80       0xFFFFFF80      0x00200008         (0, 0, 3)      [15] [W]
    57     0x00006700       0xFFFFFF80      0x0000000E         (0, 0, 12)      [] [NE, N, W]
    58     0x00015980       0xFFFFFF80      0x00000018         (0, 1, 11)      [] [W, SW]
    59     0x00002A80       0xFFFFFF80      0x00000002         (0, 0, 5)      [] [NE]
    60     0x0000C180       0xFFFFFF80      0x00FFD801         (0, 0, 8)      [5, 6, 8, 9, 10, 11, 12, 13, 14, 15, 16, 17] [E]
    61     0x0000BF00       0xFFFFFF80      0x00FFC0A1         (0, 0, 7)      [1, 8, 9, 10, 11, 12, 13, 14, 15, 16, 17] [E, S]
    62     0x0000F180       0xFFFFFF80      0x00200008         (0, 0, 14)      [15] [W]
    63     0x00002C00       0xFFFFFF80      0x00000002         (0, 0, 5)      [] [NE]
    64     0x00003B80       0xFFFFFF80      0x00000003         (0, 0, 7)      [] [E, NE]
    65     0x00012280       0xFFFFFF80      0x00000008         (0, 1, 4)      [] [W]
    66     0x0000A000       0xFFFFFF80      0x00000008         (0, 0, 4)      [] [W]
    67     0x00011480       0xFFFFFF80      0x00000008         (0, 1, 2)      [] [W]
    68     0x00001A00       0xFFFFFF80      0x00000003         (0, 0, 3)      [] [E, NE]
    69     0x0000CB80       0xFFFFFF80      0x00000008         (0, 0, 9)      [] [W]
    70     0x00006380       0xFFFFFF80      0x0000000E         (0, 0, 12)      [] [NE, N, W]
    71     0x00003880       0xFFFFFF80      0x00000002         (0, 0, 7)      [] [NE]
    72     0x0000AC80       0xFFFFFF80      0x00003F88         (0, 0, 5)      [1, 2, 3, 4, 5, 6, 7] [W]
    73     0x00014680       0xFFFFFF80      0x00000010         (0, 1, 8)      [] [SW]
    74     0x00004800       0xFFFFFF80      0x00000001         (0, 0, 9)      [] [E]
    75     0x00013480       0xFFFFFF80      0x00000408         (0, 1, 6)      [4] [W]
    76     0x00002900       0xFFFFFF80      0x00000002         (0, 0, 5)      [] [NE]
    77     0x00018400       0xFFFFFF80      0x00000400         (0, 1, 0)      [4] []
    78     0x00001480       0xFFFFFF80      0x00004000         (0, 0, 2)      [8] []
    79     0x00014000       0xFFFFFF80      0x00000018         (0, 1, 8)      [] [W, SW]
    80     0x0001A200       0xFFFFFF80      0x00000002         (0, 1, 4)      [] [NE]
    81     0x00016880       0xFFFFFF80      0x00000008         (0, 1, 13)      [] [W]
    82     0x0001CA00       0xFFFFFF80      0x00000400         (0, 1, 9)      [4] []
    83     0x00009E80       0xFFFFFF80      0x00000008         (0, 0, 3)      [] [W]
    84     0x00005580       0xFFFFFF80      0x0000000E         (0, 0, 10)      [] [NE, N, W]
    85     0x00017F00       0xFFFFFF80      0x00000008         (0, 1, 15)      [] [W]
    86     0x0001DA00       0xFFFFFF80      0x00000800         (0, 1, 11)      [5] []
    87     0x0003AF00       0xFFFFFF00      0x00004000         (0, 3, 5)      [8] []
    88     0x00016D00       0xFFFFFF80      0x00002000         (0, 1, 13)      [7] []
    89     0x0000A800       0xFFFFFF80      0x00183F88         (0, 0, 5)      [1, 2, 3, 4, 5, 6, 7, 13, 14] [W]
    90     0x00012E80       0xFFFFFF80      0x00000008         (0, 1, 5)      [] [W]
    91     0x00014580       0xFFFFFF80      0x00000010         (0, 1, 8)      [] [SW]
    92     0x00015200       0xFFFFFF80      0x00001010         (0, 1, 10)      [6] [SW]
    93     0x00023E00       0xFFFFFF80      0x00000008         (0, 2, 7)      [] [W]
    94     0x00002580       0xFFFFFF80      0x00080000         (0, 0, 4)      [13] []
    95     0x0000FE80       0xFFFFFF80      0x00000030         (0, 0, 15)      [] [SW, S]
    96     0x00013380       0xFFFFFF80      0x00000108         (0, 1, 6)      [2] [W]
    97     0x00008280       0xFFFFFF80      0x00000001         (0, 0, 0)      [] [E]
    98     0x0000F300       0xFFFFFF80      0x00000008         (0, 0, 14)      [] [W]
    99     0x00007A80       0xFFFFFF80      0x00008000         (0, 0, 15)      [9] []
    100     0x0000C900       0xFFFFFF80      0x00000021         (0, 0, 9)      [] [E, S]
    101     0x00000E00       0xFFFFFF80      0x00000002         (0, 0, 1)      [] [NE]
    102     0x00016980       0xFFFFFF80      0x00000008         (0, 1, 13)      [] [W]
    103     0x0001E100       0xFFFFFF80      0x00000800         (0, 1, 12)      [5] []
    104     0x00004600       0xFFFFFF80      0x00000001         (0, 0, 8)      [] [E]
    105     0x00007380       0xFFFFFF80      0x00000003         (0, 0, 14)      [] [E, NE]
    106     0x00010100       0xFFFFFF80      0x00800030         (0, 1, 0)      [17] [SW, S]
    107     0x0001DB00       0xFFFFFF80      0x00002000         (0, 1, 11)      [7] []
    108     0x00007180       0xFFFFFF80      0x00000003         (0, 0, 14)      [] [E, NE]
    109     0x00014B80       0xFFFFFF80      0x00000010         (0, 1, 9)      [] [SW]
    110     0x00023500       0xFFFFFF80      0x00020008         (0, 2, 6)      [11] [W]
    111     0x0000A880       0xFFFFFF80      0x00303F88         (0, 0, 5)      [1, 2, 3, 4, 5, 6, 7, 14, 15] [W]
    112     0x00011E80       0xFFFFFF80      0x00000008         (0, 1, 3)      [] [W]
    113     0x0001D200       0xFFFFFF80      0x00000400         (0, 1, 10)      [4] []
    114     0x00001700       0xFFFFFF80      0x00080000         (0, 0, 2)      [13] []
    115     0x00006000       0xFFFFFF80      0x0010000C         (0, 0, 12)      [14] [N, W]
    116     0x00019900       0xFFFFFF80      0x00000083         (0, 1, 3)      [1] [E, NE]
    117     0x0000A480       0xFFFFFF80      0x00003008         (0, 0, 4)      [6, 7] [W]
    118     0x00019A00       0xFFFFFF80      0x00000202         (0, 1, 3)      [3] [NE]
    119     0x00019500       0xFFFFFF80      0x00000001         (0, 1, 2)      [] [E]
    120     0x00008080       0xFFFFFF80      0x00000001         (0, 0, 0)      [] [E]
    121     0x00019C00       0xFFFFFF80      0x00002003         (0, 1, 3)      [7] [E, NE]
    122     0x00006800       0xFFFFFF80      0x0000008E         (0, 0, 13)      [1] [NE, N, W]
    123     0x00031A00       0xFFFFFF00      0x00000020         (0, 3, 3)      [] [S]
    124     0x0001AA80       0xFFFFFF80      0x00000001         (0, 1, 5)      [] [E]
    125     0x0000D680       0xFFFFFF80      0x00000008         (0, 0, 10)      [] [W]
    126     0x0000B400       0xFFFFFF80      0x00FFC039         (0, 0, 6)      [8, 9, 10, 11, 12, 13, 14, 15, 16, 17] [E, W, SW, S]
    127     0x0003B200       0xFFFFFF00      0x00020000         (0, 3, 6)      [11] []
    128     0x00004700       0xFFFFFF80      0x00000001         (0, 0, 8)      [] [E]
    129     0x00000700       0xFFFFFF80      0x00010000         (0, 0, 0)      [10] []
    130     0x00015400       0xFFFFFF80      0x00000030         (0, 1, 10)      [] [SW, S]
    131     0x00001C80       0xFFFFFF80      0x00000003         (0, 0, 3)      [] [E, NE]
    132     0x00001D00       0xFFFFFF80      0x00000003         (0, 0, 3)      [] [E, NE]
    133     0x00017580       0xFFFFFF80      0x00000008         (0, 1, 14)      [] [W]
    134     0x00010580       0xFFFFFF80      0x00000020         (0, 1, 0)      [] [S]
    135     0x00013680       0xFFFFFF80      0x00000008         (0, 1, 6)      [] [W]
    136     0x00008500       0xFFFFFF80      0x00000081         (0, 0, 0)      [1] [E]
    137     0x0000FD80       0xFFFFFF80      0x00000030         (0, 0, 15)      [] [SW, S]
    138     0x00012480       0xFFFFFF80      0x00000088         (0, 1, 4)      [1] [W]
    139     0x00003400       0xFFFFFF80      0x00080000         (0, 0, 6)      [13] []
    140     0x0000FC00       0xFFFFFF80      0x00002030         (0, 0, 15)      [7] [SW, S]
    141     0x00009F00       0xFFFFFF80      0x00000008         (0, 0, 3)      [] [W]
    142     0x0001B980       0xFFFFFF80      0x00001000         (0, 1, 7)      [6] []
    143     0x00006200       0xFFFFFF80      0x0000000C         (0, 0, 12)      [] [N, W]
    144     0x00018000       0xFFFFFF80      0x00000008         (0, 1, 0)      [] [W]
    145     0x00017300       0xFFFFFF80      0x00000008         (0, 1, 14)      [] [W]
    146     0x0000B900       0xFFFFFF80      0x00FFC021         (0, 0, 7)      [8, 9, 10, 11, 12, 13, 14, 15, 16, 17] [E, S]
    147     0x0000C000       0xFFFFFF80      0x00FFC301         (0, 0, 8)      [2, 3, 8, 9, 10, 11, 12, 13, 14, 15, 16, 17] [E]
    148     0x00016580       0xFFFFFF80      0x00000008         (0, 1, 12)      [] [W]
    149     0x0000E680       0xFFFFFF80      0x00000008         (0, 0, 12)      [] [W]
    150     0x00008880       0xFFFFFF80      0x00004000         (0, 0, 1)      [8] []
    151     0x0003AC00       0xFFFFFF00      0x00000800         (0, 3, 5)      [5] []
    152     0x0000CF80       0xFFFFFF80      0x00000808         (0, 0, 9)      [5] [W]
    153     0x00011300       0xFFFFFF80      0x00000008         (0, 1, 2)      [] [W]
    154     0x0000E800       0xFFFFFF80      0x00000008         (0, 0, 13)      [] [W]
    155     0x0000CF00       0xFFFFFF80      0x00000408         (0, 0, 9)      [4] [W]
    156     0x0000E480       0xFFFFFF80      0x00000008         (0, 0, 12)      [] [W]
    157     0x00004380       0xFFFFFF80      0x00200001         (0, 0, 8)      [15] [E]
    158     0x00004180       0xFFFFFF80      0x00020000         (0, 0, 8)      [11] []
    159     0x0000D980       0xFFFFFF80      0x00000008         (0, 0, 11)      [] [W]
    160     0x00009300       0xFFFFFF80      0x00000008         (0, 0, 2)      [] [W]
    161     0x0001AA00       0xFFFFFF80      0x00000001         (0, 1, 5)      [] [E]
    162     0x0001B580       0xFFFFFF80      0x00000001         (0, 1, 6)      [] [E]
    163     0x00011100       0xFFFFFF80      0x00000008         (0, 1, 2)      [] [W]
    164     0x00024200       0xFFFFFF80      0x00000008         (0, 2, 8)      [] [W]
    165     0x00031500       0xFFFFFF00      0x00000020         (0, 3, 2)      [] [S]
    166     0x0000E280       0xFFFFFF80      0x00100008         (0, 0, 12)      [14] [W]
    167     0x00006480       0xFFFFFF80      0x0000000E         (0, 0, 12)      [] [NE, N, W]
    168     0x00001B00       0xFFFFFF80      0x00000003         (0, 0, 3)      [] [E, NE]
    169     0x00009000       0xFFFFFF80      0x00000008         (0, 0, 2)      [] [W]
    170     0x00015700       0xFFFFFF80      0x00000030         (0, 1, 10)      [] [SW, S]
    171     0x0000D480       0xFFFFFF80      0x00200008         (0, 0, 10)      [15] [W]
    172     0x0001C080       0xFFFFFF80      0x00000100         (0, 1, 8)      [2] []
    173     0x0001A300       0xFFFFFF80      0x00000002         (0, 1, 4)      [] [NE]
    174     0x0003B500       0xFFFFFF00      0x00100000         (0, 3, 6)      [14] []
    175     0x00002500       0xFFFFFF80      0x00040000         (0, 0, 4)      [12] []
    176     0x00005200       0xFFFFFF80      0x0020000C         (0, 0, 10)      [15] [N, W]
    177     0x00019380       0xFFFFFF80      0x00000010         (0, 1, 2)      [] [SW]
    178     0x00008C00       0xFFFFFF80      0x00200008         (0, 0, 1)      [15] [W]
    179     0x0000BD80       0xFFFFFF80      0x00FFC021         (0, 0, 7)      [8, 9, 10, 11, 12, 13, 14, 15, 16, 17] [E, S]
    180     0x00005700       0xFFFFFF80      0x0000000E         (0, 0, 10)      [] [NE, N, W]
    181     0x00014600       0xFFFFFF80      0x00000010         (0, 1, 8)      [] [SW]
    182     0x00017980       0xFFFFFF80      0x00002008         (0, 1, 15)      [7] [W]
    183     0x00007780       0xFFFFFF80      0x00000201         (0, 0, 14)      [3] [E]
    184     0x00012F00       0xFFFFFF80      0x00000008         (0, 1, 5)      [] [W]
    185     0x00001600       0xFFFFFF80      0x00020000         (0, 0, 2)      [11] []
    186     0x00007500       0xFFFFFF80      0x00000003         (0, 0, 14)      [] [E, NE]
    187     0x0000F980       0xFFFFFF80      0x00000118         (0, 0, 15)      [2] [W, SW]
    188     0x00023680       0xFFFFFF80      0x00100008         (0, 2, 6)      [14] [W]
    189     0x00015600       0xFFFFFF80      0x00000030         (0, 1, 10)      [] [SW, S]
    190     0x0003B800       0xFFFFFF00      0x00800000         (0, 3, 7)      [17] []
    191     0x00005E80       0xFFFFFF80      0x00020008         (0, 0, 11)      [11] [W]
    192     0x0000F700       0xFFFFFF80      0x00000018         (0, 0, 14)      [] [W, SW]
    193     0x0000B700       0xFFFFFF80      0x00FFC03F         (0, 0, 6)      [8, 9, 10, 11, 12, 13, 14, 15, 16, 17] [E, NE, N, W, SW, S]
    194     0x00012400       0xFFFFFF80      0x00000008         (0, 1, 4)      [] [W]
    195     0x00001980       0xFFFFFF80      0x00000003         (0, 0, 3)      [] [E, NE]
    196     0x00012F80       0xFFFFFF80      0x00000008         (0, 1, 5)      [] [W]
    197     0x0000BC80       0xFFFFFF80      0x00FFC021         (0, 0, 7)      [8, 9, 10, 11, 12, 13, 14, 15, 16, 17] [E, S]
    198     0x00019100       0xFFFFFF80      0x00002010         (0, 1, 2)      [7] [SW]
    199     0x0000BE00       0xFFFFFF80      0x00FFC021         (0, 0, 7)      [8, 9, 10, 11, 12, 13, 14, 15, 16, 17] [E, S]
    200     0x00015100       0xFFFFFF80      0x00000410         (0, 1, 10)      [4] [SW]
    201     0x00004500       0xFFFFFF80      0x00000001         (0, 0, 8)      [] [E]
    202     0x0001E000       0xFFFFFF80      0x00000200         (0, 1, 12)      [3] []
    203     0x00008E00       0xFFFFFF80      0x00000008         (0, 0, 1)      [] [W]
    204     0x00012E00       0xFFFFFF80      0x00000008         (0, 1, 5)      [] [W]
    205     0x00013E00       0xFFFFFF80      0x00000008         (0, 1, 7)      [] [W]
    206     0x0000D500       0xFFFFFF80      0x00400008         (0, 0, 10)      [16] [W]
    207     0x00009480       0xFFFFFF80      0x00000208         (0, 0, 2)      [3] [W]
    208     0x00011200       0xFFFFFF80      0x00000008         (0, 1, 2)      [] [W]
    209     0x00013C80       0xFFFFFF80      0x00000008         (0, 1, 7)      [] [W]
    210     0x0001B700       0xFFFFFF80      0x00000080         (0, 1, 6)      [1] []
    211     0x0001C900       0xFFFFFF80      0x00000100         (0, 1, 9)      [2] []
    212     0x00006D00       0xFFFFFF80      0x00020000         (0, 0, 13)      [11] []
    213     0x00009B80       0xFFFFFF80      0x00800008         (0, 0, 3)      [17] [W]
    214     0x0000DC00       0xFFFFFF80      0x00000088         (0, 0, 11)      [1] [W]
    215     0x0000A500       0xFFFFFF80      0x00007F80         (0, 0, 4)      [1, 2, 3, 4, 5, 6, 7, 8] []
    216     0x00011080       0xFFFFFF80      0x00000008         (0, 1, 2)      [] [W]
    217     0x00023380       0xFFFFFF80      0x00004000         (0, 2, 6)      [8] []
    218     0x0000B180       0xFFFFFF80      0x00003FBF         (0, 0, 6)      [1, 2, 3, 4, 5, 6, 7] [E, NE, N, W, SW, S]
    219     0x00009580       0xFFFFFF80      0x00000808         (0, 0, 2)      [5] [W]
    220     0x00003900       0xFFFFFF80      0x00000002         (0, 0, 7)      [] [NE]
    221     0x0001A400       0xFFFFFF80      0x00000102         (0, 1, 4)      [2] [NE]
    222     0x0000AE80       0xFFFFFF80      0x00003F88         (0, 0, 5)      [1, 2, 3, 4, 5, 6, 7] [W]
    223     0x00015680       0xFFFFFF80      0x00000030         (0, 1, 10)      [] [SW, S]
    224     0x0000A080       0xFFFFFF80      0x00000008         (0, 0, 4)      [] [W]
    225     0x00010F00       0xFFFFFF80      0x00400008         (0, 1, 1)      [16] [W]
    226     0x00021A80       0xFFFFFF80      0x00FFC000         (0, 2, 3)      [8, 9, 10, 11, 12, 13, 14, 15, 16, 17] []
    227     0x00010400       0xFFFFFF80      0x00000020         (0, 1, 0)      [] [S]
    228     0x00007C00       0xFFFFFF80      0x00040000         (0, 0, 15)      [12] []
    229     0x00015B00       0xFFFFFF80      0x00000018         (0, 1, 11)      [] [W, SW]
    230     0x0001A600       0xFFFFFF80      0x00001001         (0, 1, 4)      [6] [E]
    231     0x00006D80       0xFFFFFF80      0x00040002         (0, 0, 13)      [12] [NE]
    232     0x00002980       0xFFFFFF80      0x00000002         (0, 0, 5)      [] [NE]
    233     0x0000D900       0xFFFFFF80      0x00000008         (0, 0, 11)      [] [W]
    234     0x0000F380       0xFFFFFF80      0x00000018         (0, 0, 14)      [] [W, SW]
    235     0x0001F900       0xFFFFFF80      0x00002000         (0, 1, 15)      [7] []
    236     0x00002480       0xFFFFFF80      0x00020000         (0, 0, 4)      [11] []
    237     0x0000B100       0xFFFFFF80      0x00003FBF         (0, 0, 6)      [1, 2, 3, 4, 5, 6, 7] [E, NE, N, W, SW, S]
    238     0x0000A900       0xFFFFFF80      0x00603F88         (0, 0, 5)      [1, 2, 3, 4, 5, 6, 7, 15, 16] [W]
    239     0x00011580       0xFFFFFF80      0x00000008         (0, 1, 2)      [] [W]
    240     0x00002680       0xFFFFFF80      0x00200000         (0, 0, 4)      [15] []
    241     0x0000DE80       0xFFFFFF80      0x00001008         (0, 0, 11)      [6] [W]
    242     0x00031F00       0xFFFFFF00      0x00000020         (0, 3, 3)      [] [S]
    243     0x00011400       0xFFFFFF80      0x00000008         (0, 1, 2)      [] [W]
    244     0x0000AD00       0xFFFFFF80      0x00003F88         (0, 0, 5)      [1, 2, 3, 4, 5, 6, 7] [W]
    245     0x0000BC00       0xFFFFFF80      0x00FFC021         (0, 0, 7)      [8, 9, 10, 11, 12, 13, 14, 15, 16, 17] [E, S]
    246     0x00006E00       0xFFFFFF80      0x00080003         (0, 0, 13)      [13] [E, NE]
    247     0x0000E700       0xFFFFFF80      0x00000008         (0, 0, 12)      [] [W]
    248     0x00008E80       0xFFFFFF80      0x00000008         (0, 0, 1)      [] [W]
    249     0x0001AE00       0xFFFFFF80      0x00000100         (0, 1, 5)      [2] []
    250     0x00023B00       0xFFFFFF80      0x00000008         (0, 2, 7)      [] [W]
    251     0x0001C280       0xFFFFFF80      0x00001000         (0, 1, 8)      [6] []
    252     0x0000D200       0xFFFFFF80      0x00010008         (0, 0, 10)      [10] [W]
    253     0x00010280       0xFFFFFF80      0x00000030         (0, 1, 0)      [] [SW, S]
    254     0x0000AB00       0xFFFFFF80      0x00003F88         (0, 0, 5)      [1, 2, 3, 4, 5, 6, 7] [W]
    255     0x00001C00       0xFFFFFF80      0x00000003         (0, 0, 3)      [] [E, NE]
    256     0x00011000       0xFFFFFF80      0x00000008         (0, 1, 2)      [] [W]
    257     0x00015B80       0xFFFFFF80      0x00000018         (0, 1, 11)      [] [W, SW]
    258     0x00008900       0xFFFFFF80      0x00008008         (0, 0, 1)      [9] [W]
    259     0x0000D800       0xFFFFFF80      0x00000008         (0, 0, 11)      [] [W]
    260     0x00032000       0xFFFFFF00      0x00000020         (0, 3, 4)      [] [S]
    261     0x00000D00       0xFFFFFF80      0x00000002         (0, 0, 1)      [] [NE]
    262     0x00012100       0xFFFFFF80      0x00000008         (0, 1, 4)      [] [W]
    263     0x0001B880       0xFFFFFF80      0x00000400         (0, 1, 7)      [4] []
    264     0x00005F00       0xFFFFFF80      0x00040008         (0, 0, 11)      [12] [W]
    265     0x00013100       0xFFFFFF80      0x00000008         (0, 1, 6)      [] [W]
    266     0x0000D700       0xFFFFFF80      0x00000008         (0, 0, 10)      [] [W]
    267     0x00023B80       0xFFFFFF80      0x00000008         (0, 2, 7)      [] [W]
    268     0x00012380       0xFFFFFF80      0x00000008         (0, 1, 4)      [] [W]
    269     0x00011280       0xFFFFFF80      0x00000008         (0, 1, 2)      [] [W]
    270     0x00009B00       0xFFFFFF80      0x00400008         (0, 0, 3)      [16] [W]
    271     0x0001E800       0xFFFFFF80      0x00001000         (0, 1, 13)      [6] []
    272     0x00012680       0xFFFFFF80      0x00000808         (0, 1, 4)      [5] [W]
    273     0x0000F280       0xFFFFFF80      0x00800008         (0, 0, 14)      [17] [W]
    274     0x00013200       0xFFFFFF80      0x00000008         (0, 1, 6)      [] [W]
    275     0x0000DD00       0xFFFFFF80      0x00000208         (0, 0, 11)      [3] [W]
    276     0x00007000       0xFFFFFF80      0x00800003         (0, 0, 14)      [17] [E, NE]
    277     0x0000B980       0xFFFFFF80      0x00FFC021         (0, 0, 7)      [8, 9, 10, 11, 12, 13, 14, 15, 16, 17] [E, S]
    278     0x0001AF00       0xFFFFFF80      0x00000400         (0, 1, 5)      [4] []
    279     0x00019700       0xFFFFFF80      0x00000003         (0, 1, 2)      [] [E, NE]
    280     0x00008380       0xFFFFFF80      0x00000001         (0, 0, 0)      [] [E]
    281     0x00004F80       0xFFFFFF80      0x00010008         (0, 0, 9)      [10] [W]
    282     0x0001AD80       0xFFFFFF80      0x00000081         (0, 1, 5)      [1] [E]
    283     0x00014F80       0xFFFFFF80      0x00000090         (0, 1, 9)      [1] [SW]
    284     0x0000B000       0xFFFFFF80      0x00003F88         (0, 0, 6)      [1, 2, 3, 4, 5, 6, 7] [W]
    285     0x00003A80       0xFFFFFF80      0x00000002         (0, 0, 7)      [] [NE]
    286     0x00005F80       0xFFFFFF80      0x0008000C         (0, 0, 11)      [13] [N, W]
    287     0x00017200       0xFFFFFF80      0x00000008         (0, 1, 14)      [] [W]
    288     0x0000EB00       0xFFFFFF80      0x00000108         (0, 0, 13)      [2] [W]
    289     0x00017380       0xFFFFFF80      0x00000008         (0, 1, 14)      [] [W]
    290     0x00004980       0xFFFFFF80      0x00000001         (0, 0, 9)      [] [E]
    291     0x0001A500       0xFFFFFF80      0x00000401         (0, 1, 4)      [4] [E]
    292     0x00006500       0xFFFFFF80      0x0000000E         (0, 0, 12)      [] [NE, N, W]
    293     0x00003200       0xFFFFFF80      0x00008000         (0, 0, 6)      [9] []
    294     0x00005280       0xFFFFFF80      0x0040000C         (0, 0, 10)      [16] [N, W]
    295     0x00031800       0xFFFFFF00      0x00000020         (0, 3, 3)      [] [S]
    296     0x0000D400       0xFFFFFF80      0x00100008         (0, 0, 10)      [14] [W]
    297     0x0000A280       0xFFFFFF80      0x00000308         (0, 0, 4)      [2, 3] [W]
    298     0x0000B380       0xFFFFFF80      0x00003FBF         (0, 0, 6)      [1, 2, 3, 4, 5, 6, 7] [E, NE, N, W, SW, S]
    299     0x00017F80       0xFFFFFF80      0x00000008         (0, 1, 15)      [] [W]
    300     0x0003B100       0xFFFFFF00      0x00010000         (0, 3, 6)      [10] []
    301     0x00002B00       0xFFFFFF80      0x00000002         (0, 0, 5)      [] [NE]
    302     0x0000CC80       0xFFFFFF80      0x00000008         (0, 0, 9)      [] [W]
    303     0x00000C80       0xFFFFFF80      0x00000002         (0, 0, 1)      [] [NE]
    304     0x0000FD00       0xFFFFFF80      0x00000030         (0, 0, 15)      [] [SW, S]
    305     0x0000BB00       0xFFFFFF80      0x00FFC021         (0, 0, 7)      [8, 9, 10, 11, 12, 13, 14, 15, 16, 17] [E, S]
    306     0x0000A580       0xFFFFFF80      0x0000FF80         (0, 0, 4)      [1, 2, 3, 4, 5, 6, 7, 8, 9] []
    307     0x00018500       0xFFFFFF80      0x00001000         (0, 1, 0)      [6] []
    308     0x0000D080       0xFFFFFF80      0x00002008         (0, 0, 10)      [7] [W]
    309     0x00016000       0xFFFFFF80      0x00002018         (0, 1, 12)      [7] [W, SW]
    310     0x0000DF00       0xFFFFFF80      0x00002008         (0, 0, 11)      [7] [W]
    311     0x00002780       0xFFFFFF80      0x00800000         (0, 0, 4)      [17] []
    312     0x0000FF00       0xFFFFFF80      0x00080030         (0, 0, 15)      [13] [SW, S]
    313     0x00009400       0xFFFFFF80      0x00000108         (0, 0, 2)      [2] [W]
    314     0x00019880       0xFFFFFF80      0x00000003         (0, 1, 3)      [] [E, NE]
    315     0x0000F680       0xFFFFFF80      0x00000018         (0, 0, 14)      [] [W, SW]
    316     0x0001A480       0xFFFFFF80      0x00000202         (0, 1, 4)      [3] [NE]
    317     0x00007200       0xFFFFFF80      0x00000003         (0, 0, 14)      [] [E, NE]
    318     0x00001A80       0xFFFFFF80      0x00000003         (0, 0, 3)      [] [E, NE]
    319     0x0000D880       0xFFFFFF80      0x00000008         (0, 0, 11)      [] [W]
    320     0x00010700       0xFFFFFF80      0x00000020         (0, 1, 0)      [] [S]
    321     0x0000F500       0xFFFFFF80      0x00000018         (0, 0, 14)      [] [W, SW]
    322     0x0000A680       0xFFFFFF80      0x00033F88         (0, 0, 4)      [1, 2, 3, 4, 5, 6, 7, 10, 11] [W]
    323     0x0000F580       0xFFFFFF80      0x00000018         (0, 0, 14)      [] [W, SW]
    324     0x00005E00       0xFFFFFF80      0x00010008         (0, 0, 11)      [10] [W]
    325     0x00005300       0xFFFFFF80      0x0080000C         (0, 0, 10)      [17] [N, W]
    326     0x0001B080       0xFFFFFF80      0x00002000         (0, 1, 6)      [7] []
    327     0x0000EE00       0xFFFFFF80      0x00000008         (0, 0, 13)      [] [W]
    328     0x0000F880       0xFFFFFF80      0x00000018         (0, 0, 15)      [] [W, SW]
    329     0x00006400       0xFFFFFF80      0x0000000E         (0, 0, 12)      [] [NE, N, W]
    330     0x00004880       0xFFFFFF80      0x00000001         (0, 0, 9)      [] [E]
    331     0x00013580       0xFFFFFF80      0x00001008         (0, 1, 6)      [6] [W]
    332     0x0000C300       0xFFFFFF80      0x0000C021         (0, 0, 8)      [8, 9] [E, S]
    333     0x00003480       0xFFFFFF80      0x00100000         (0, 0, 6)      [14] []
    334     0x00004680       0xFFFFFF80      0x00000001         (0, 0, 8)      [] [E]
    335     0x0000C400       0xFFFFFF80      0x00030021         (0, 0, 8)      [10, 11] [E, S]
    336     0x00007400       0xFFFFFF80      0x00000003         (0, 0, 14)      [] [E, NE]
    337     0x00007C80       0xFFFFFF80      0x00080001         (0, 0, 15)      [13] [E]
    338     0x0000A380       0xFFFFFF80      0x00000C08         (0, 0, 4)      [4, 5] [W]
    339     0x00014C00       0xFFFFFF80      0x00000010         (0, 1, 9)      [] [SW]
    340     0x00015500       0xFFFFFF80      0x00000030         (0, 1, 10)      [] [SW, S]
    341     0x00019480       0xFFFFFF80      0x00000001         (0, 1, 2)      [] [E]
    342     0x00016B80       0xFFFFFF80      0x00000408         (0, 1, 13)      [4] [W]
    343     0x00014F00       0xFFFFFF80      0x00000010         (0, 1, 9)      [] [SW]
    344     0x00015A00       0xFFFFFF80      0x00000018         (0, 1, 11)      [] [W, SW]
    345     0x00009800       0xFFFFFF80      0x00010008         (0, 0, 3)      [10] [W]
    346     0x0001E780       0xFFFFFF80      0x00000800         (0, 1, 12)      [5] []
    347     0x00011800       0xFFFFFF80      0x00000808         (0, 1, 3)      [5] [W]
    348     0x00010900       0xFFFFFF80      0x00000400         (0, 1, 1)      [4] []
    349     0x00015080       0xFFFFFF80      0x00000230         (0, 1, 10)      [3] [SW, S]
    350     0x00014B00       0xFFFFFF80      0x00000010         (0, 1, 9)      [] [SW]
    351     0x00008980       0xFFFFFF80      0x00010008         (0, 0, 1)      [10] [W]
    352     0x00018B00       0xFFFFFF80      0x00000010         (0, 1, 1)      [] [SW]
    353     0x00031C00       0xFFFFFF00      0x00000020         (0, 3, 3)      [] [S]
    354     0x00004000       0xFFFFFF80      0x00004000         (0, 0, 8)      [8] []
    355     0x00014880       0xFFFFFF80      0x00000010         (0, 1, 9)      [] [SW]
    356     0x00009D80       0xFFFFFF80      0x00000008         (0, 0, 3)      [] [W]
    357     0x0001A800       0xFFFFFF80      0x00000001         (0, 1, 5)      [] [E]
    358     0x00001580       0xFFFFFF80      0x00010000         (0, 0, 2)      [10] []
    359     0x00005800       0xFFFFFF80      0x0000000E         (0, 0, 11)      [] [NE, N, W]
    360     0x00004E80       0xFFFFFF80      0x00004000         (0, 0, 9)      [8] []
    361     0x00010E80       0xFFFFFF80      0x00200008         (0, 1, 1)      [15] [W]
    362     0x00002700       0xFFFFFF80      0x00400000         (0, 0, 4)      [16] []
    363     0x0001B000       0xFFFFFF80      0x00001000         (0, 1, 6)      [6] []
    364     0x00015480       0xFFFFFF80      0x00000030         (0, 1, 10)      [] [SW, S]
    365     0x0000A300       0xFFFFFF80      0x00000608         (0, 0, 4)      [3, 4] [W]
    366     0x00013F80       0xFFFFFF80      0x00000018         (0, 1, 7)      [] [W, SW]
    367     0x00023C00       0xFFFFFF80      0x00000008         (0, 2, 7)      [] [W]
    368     0x00004F00       0xFFFFFF80      0x00008008         (0, 0, 9)      [9] [W]
    369     0x00012C00       0xFFFFFF80      0x00400008         (0, 1, 5)      [16] [W]
    370     0x0000BE80       0xFFFFFF80      0x00FFC021         (0, 0, 7)      [8, 9, 10, 11, 12, 13, 14, 15, 16, 17] [E, S]
    371     0x00013400       0xFFFFFF80      0x00000208         (0, 1, 6)      [3] [W]
    372     0x00018E00       0xFFFFFF80      0x00000090         (0, 1, 1)      [1] [SW]
    373     0x00031D00       0xFFFFFF00      0x00000020         (0, 3, 3)      [] [S]
    374     0x00008200       0xFFFFFF80      0x00000001         (0, 0, 0)      [] [E]
    375     0x00016A80       0xFFFFFF80      0x00000108         (0, 1, 13)      [2] [W]
    376     0x00012180       0xFFFFFF80      0x00000008         (0, 1, 4)      [] [W]
    377     0x00005880       0xFFFFFF80      0x0000000E         (0, 0, 11)      [] [NE, N, W]
    378     0x0001B800       0xFFFFFF80      0x00000200         (0, 1, 7)      [3] []
    379     0x00008180       0xFFFFFF80      0x00000001         (0, 0, 0)      [] [E]
    380     0x00008F80       0xFFFFFF80      0x00000008         (0, 0, 1)      [] [W]
    381     0x00002C80       0xFFFFFF80      0x00000002         (0, 0, 5)      [] [NE]
    382     0x00015E00       0xFFFFFF80      0x00000218         (0, 1, 11)      [3] [W, SW]
    383     0x00000680       0xFFFFFF80      0x00008000         (0, 0, 0)      [9] []
    384     0x00001680       0xFFFFFF80      0x00040000         (0, 0, 2)      [12] []
    385     0x00017480       0xFFFFFF80      0x00000008         (0, 1, 14)      [] [W]
    386     0x00015D00       0xFFFFFF80      0x00000098         (0, 1, 11)      [1] [W, SW]
    387     0x00001D80       0xFFFFFF80      0x00000003         (0, 0, 3)      [] [E, NE]
    388     0x00012D00       0xFFFFFF80      0x00000008         (0, 1, 5)      [] [W]
    389     0x00012780       0xFFFFFF80      0x00002008         (0, 1, 4)      [7] [W]
    390     0x0001A280       0xFFFFFF80      0x00000002         (0, 1, 4)      [] [NE]
    391     0x00014800       0xFFFFFF80      0x00000010         (0, 1, 9)      [] [SW]
    392     0x00003580       0xFFFFFF80      0x00400000         (0, 0, 6)      [16] []
    393     0x00031600       0xFFFFFF00      0x00000020         (0, 3, 2)      [] [S]
    394     0x00013280       0xFFFFFF80      0x00000008         (0, 1, 6)      [] [W]
    395     0x0003B300       0xFFFFFF00      0x00040000         (0, 3, 6)      [12] []
    396     0x00006580       0xFFFFFF80      0x0000000E         (0, 0, 12)      [] [NE, N, W]
    397     0x0001C100       0xFFFFFF80      0x00000200         (0, 1, 8)      [3] []
    398     0x00007F80       0xFFFFFF80      0x00000001         (0, 0, 15)      [] [E]
    399     0x0001A100       0xFFFFFF80      0x00000002         (0, 1, 4)      [] [NE]
    400     0x00012D80       0xFFFFFF80      0x00000008         (0, 1, 5)      [] [W]
    401     0x0000C080       0xFFFFFF80      0x00FFC601         (0, 0, 8)      [3, 4, 8, 9, 10, 11, 12, 13, 14, 15, 16, 17] [E]
    402     0x00008B80       0xFFFFFF80      0x00100008         (0, 0, 1)      [14] [W]
    403     0x00010300       0xFFFFFF80      0x00000030         (0, 1, 0)      [] [SW, S]
    404     0x00024100       0xFFFFFF80      0x00001008         (0, 2, 8)      [6] [W]
    405     0x00016600       0xFFFFFF80      0x00000008         (0, 1, 12)      [] [W]
    406     0x0001AB80       0xFFFFFF80      0x00000001         (0, 1, 5)      [] [E]
    407     0x00008D00       0xFFFFFF80      0x00800008         (0, 0, 1)      [17] [W]
    408     0x00017A00       0xFFFFFF80      0x00000008         (0, 1, 15)      [] [W]
    409     0x0000A600       0xFFFFFF80      0x0001BF88         (0, 0, 4)      [1, 2, 3, 4, 5, 6, 7, 9, 10] [W]
    410     0x0003AA00       0xFFFFFF00      0x00000200         (0, 3, 5)      [3] []
    411     0x00010E00       0xFFFFFF80      0x00100008         (0, 1, 1)      [14] [W]
    412     0x0001B680       0xFFFFFF80      0x00000001         (0, 1, 6)      [] [E]
    413     0x00011500       0xFFFFFF80      0x00000008         (0, 1, 2)      [] [W]
    414     0x00014700       0xFFFFFF80      0x00000010         (0, 1, 8)      [] [SW]
    415     0x0000B780       0xFFFFFF80      0x00FFC03F         (0, 0, 6)      [8, 9, 10, 11, 12, 13, 14, 15, 16, 17] [E, NE, N, W, SW, S]
    416     0x0000C800       0xFFFFFF80      0x00000021         (0, 0, 9)      [] [E, S]
    417     0x00014D00       0xFFFFFF80      0x00000010         (0, 1, 9)      [] [SW]
    418     0x0000C480       0xFFFFFF80      0x00060021         (0, 0, 8)      [11, 12] [E, S]
    419     0x0000C500       0xFFFFFF80      0x000C0021         (0, 0, 8)      [12, 13] [E, S]
    420     0x0003AD00       0xFFFFFF00      0x00001000         (0, 3, 5)      [6] []
    421     0x0000F200       0xFFFFFF80      0x00400008         (0, 0, 14)      [16] [W]
    422     0x00015D80       0xFFFFFF80      0x00000118         (0, 1, 11)      [2] [W, SW]
    423     0x0000A400       0xFFFFFF80      0x00001808         (0, 0, 4)      [5, 6] [W]
    424     0x00015800       0xFFFFFF80      0x00000030         (0, 1, 11)      [] [SW, S]
    425     0x00019400       0xFFFFFF80      0x00000001         (0, 1, 2)      [] [E]
    426     0x0001F400       0xFFFFFF80      0x00002000         (0, 1, 14)      [7] []
    427     0x00019180       0xFFFFFF80      0x00000010         (0, 1, 2)      [] [SW]
    428     0x00018180       0xFFFFFF80      0x00000008         (0, 1, 0)      [] [W]
    429     0x0000CD80       0xFFFFFF80      0x00000088         (0, 0, 9)      [1] [W]
    430     0x0000C280       0xFFFFFF80      0x00FFE001         (0, 0, 8)      [7, 8, 9, 10, 11, 12, 13, 14, 15, 16, 17] [E]
    431     0x0000DD80       0xFFFFFF80      0x00000408         (0, 0, 11)      [4] [W]
    432     0x00014D80       0xFFFFFF80      0x00000010         (0, 1, 9)      [] [SW]
    433     0x0000EA80       0xFFFFFF80      0x00000088         (0, 0, 13)      [1] [W]
    434     0x0000FB00       0xFFFFFF80      0x00000818         (0, 0, 15)      [5] [W, SW]
    435     0x00023C80       0xFFFFFF80      0x00000008         (0, 2, 7)      [] [W]
    436     0x00011900       0xFFFFFF80      0x00002008         (0, 1, 3)      [7] [W]
    437     0x0000C780       0xFFFFFF80      0x00800021         (0, 0, 8)      [17] [E, S]
    438     0x00015880       0xFFFFFF80      0x00000018         (0, 1, 11)      [] [W, SW]
    439     0x00007280       0xFFFFFF80      0x00000003         (0, 0, 14)      [] [E, NE]
    440     0x0000DE00       0xFFFFFF80      0x00000808         (0, 0, 11)      [5] [W]
    441     0x0000DB00       0xFFFFFF80      0x00000008         (0, 0, 11)      [] [W]
    442     0x00002380       0xFFFFFF80      0x00008000         (0, 0, 4)      [9] []
    443     0x0003B600       0xFFFFFF00      0x00200000         (0, 3, 6)      [15] []
    444     0x0000FF80       0xFFFFFF80      0x00100030         (0, 0, 15)      [14] [SW, S]
    445     0x0001CA80       0xFFFFFF80      0x00000800         (0, 1, 9)      [5] []
    446     0x00012300       0xFFFFFF80      0x00000008         (0, 1, 4)      [] [W]
    447     0x00014900       0xFFFFFF80      0x00000010         (0, 1, 9)      [] [SW]
    448     0x0001A780       0xFFFFFF80      0x00000001         (0, 1, 4)      [] [E]
    449     0x00000A00       0xFFFFFF80      0x00400000         (0, 0, 1)      [16] []
    450     0x00015280       0xFFFFFF80      0x00002010         (0, 1, 10)      [7] [SW]
    451     0x00013E80       0xFFFFFF80      0x00000008         (0, 1, 7)      [] [W]
    452     0x00019080       0xFFFFFF80      0x00001010         (0, 1, 2)      [6] [SW]
    453     0x0000C580       0xFFFFFF80      0x00180021         (0, 0, 8)      [13, 14] [E, S]
    454     0x00013F00       0xFFFFFF80      0x00000008         (0, 1, 7)      [] [W]
    455     0x00014480       0xFFFFFF80      0x00002018         (0, 1, 8)      [7] [W, SW]
    456     0x00011D80       0xFFFFFF80      0x00400008         (0, 1, 3)      [16] [W]
    457     0x0000B800       0xFFFFFF80      0x00FFC03F         (0, 0, 7)      [8, 9, 10, 11, 12, 13, 14, 15, 16, 17] [E, NE, N, W, SW, S]
    458     0x00017600       0xFFFFFF80      0x00000008         (0, 1, 14)      [] [W]
    459     0x00006180       0xFFFFFF80      0x0080000C         (0, 0, 12)      [17] [N, W]
    460     0x00000880       0xFFFFFF80      0x00080000         (0, 0, 1)      [13] []
    461     0x0000BB80       0xFFFFFF80      0x00FFC021         (0, 0, 7)      [8, 9, 10, 11, 12, 13, 14, 15, 16, 17] [E, S]
    462     0x00016080       0xFFFFFF80      0x00000018         (0, 1, 12)      [] [W, SW]
    463     0x00010180       0xFFFFFF80      0x00000030         (0, 1, 0)      [] [SW, S]
    464     0x00019200       0xFFFFFF80      0x00000010         (0, 1, 2)      [] [SW]
    465     0x00009280       0xFFFFFF80      0x00000008         (0, 0, 2)      [] [W]
    466     0x00023D80       0xFFFFFF80      0x00000008         (0, 2, 7)      [] [W]
    467     0x0000BF80       0xFFFFFF80      0x00FFC1A1         (0, 0, 7)      [1, 2, 8, 9, 10, 11, 12, 13, 14, 15, 16, 17] [E, S]
    468     0x00007580       0xFFFFFF80      0x00000001         (0, 0, 14)      [] [E]
    469     0x00018580       0xFFFFFF80      0x00002000         (0, 1, 0)      [7] []
    470     0x00007B00       0xFFFFFF80      0x00010000         (0, 0, 15)      [10] []
    471     0x00018100       0xFFFFFF80      0x00000008         (0, 1, 0)      [] [W]
    472     0x00004100       0xFFFFFF80      0x00010000         (0, 0, 8)      [10] []
    473     0x00031100       0xFFFFFF00      0x00000020         (0, 3, 2)      [] [S]
    474     0x00003500       0xFFFFFF80      0x00200000         (0, 0, 6)      [15] []
    475     0x00018C80       0xFFFFFF80      0x00000010         (0, 1, 1)      [] [SW]
    476     0x0000A980       0xFFFFFF80      0x00C03F88         (0, 0, 5)      [1, 2, 3, 4, 5, 6, 7, 16, 17] [W]
    477     0x00009380       0xFFFFFF80      0x00000088         (0, 0, 2)      [1] [W]
    478     0x00010480       0xFFFFFF80      0x00000020         (0, 1, 0)      [] [S]
    479     0x0000C700       0xFFFFFF80      0x00C00021         (0, 0, 8)      [16, 17] [E, S]
    480     0x0000F600       0xFFFFFF80      0x00000018         (0, 0, 14)      [] [W, SW]
    481     0x0000D280       0xFFFFFF80      0x00020008         (0, 0, 10)      [11] [W]
    482     0x0000D780       0xFFFFFF80      0x00000008         (0, 0, 10)      [] [W]
    483     0x0000B680       0xFFFFFF80      0x00FFC03F         (0, 0, 6)      [8, 9, 10, 11, 12, 13, 14, 15, 16, 17] [E, NE, N, W, SW, S]
    484     0x0000FA80       0xFFFFFF80      0x00000418         (0, 0, 15)      [4] [W, SW]
    485     0x00008300       0xFFFFFF80      0x00000001         (0, 0, 0)      [] [E]
    486     0x0000C980       0xFFFFFF80      0x00000021         (0, 0, 9)      [] [E, S]
    487     0x0000AF00       0xFFFFFF80      0x00003F88         (0, 0, 5)      [1, 2, 3, 4, 5, 6, 7] [W]
    488     0x00008A80       0xFFFFFF80      0x00040008         (0, 0, 1)      [12] [W]
    489     0x0000D300       0xFFFFFF80      0x00040008         (0, 0, 10)      [12] [W]
    490     0x00004780       0xFFFFFF80      0x00000001         (0, 0, 8)      [] [E]
    491     0x00014400       0xFFFFFF80      0x00001018         (0, 1, 8)      [6] [W, SW]
    492     0x00007B80       0xFFFFFF80      0x00020000         (0, 0, 15)      [11] []
    493     0x0001A380       0xFFFFFF80      0x00000082         (0, 1, 4)      [1] [NE]
    494     0x00010600       0xFFFFFF80      0x00000020         (0, 1, 0)      [] [S]
    495     0x0000E880       0xFFFFFF80      0x00000008         (0, 0, 13)      [] [W]
    496     0x00005500       0xFFFFFF80      0x0000000E         (0, 0, 10)      [] [NE, N, W]
    497     0x00009980       0xFFFFFF80      0x00080008         (0, 0, 3)      [13] [W]
    498     0x00005480       0xFFFFFF80      0x0000000E         (0, 0, 10)      [] [NE, N, W]
    499     0x00023A80       0xFFFFFF80      0x00000008         (0, 2, 7)      [] [W]
    500     0x0001CB80       0xFFFFFF80      0x00002000         (0, 1, 9)      [7] []
    501     0x00013300       0xFFFFFF80      0x00000088         (0, 1, 6)      [1] [W]
    502     0x0001C200       0xFFFFFF80      0x00000800         (0, 1, 8)      [5] []
    503     0x0000AB80       0xFFFFFF80      0x00003F88         (0, 0, 5)      [1, 2, 3, 4, 5, 6, 7] [W]
    504     0x0000EB80       0xFFFFFF80      0x00000208         (0, 0, 13)      [3] [W]
    505     0x00015780       0xFFFFFF80      0x00000030         (0, 1, 10)      [] [SW, S]
    506     0x0000DB80       0xFFFFFF80      0x00000008         (0, 0, 11)      [] [W]
    507     0x00014A80       0xFFFFFF80      0x00000010         (0, 1, 9)      [] [SW]
    508     0x00016B00       0xFFFFFF80      0x00000208         (0, 1, 13)      [3] [W]
    509     0x00023400       0xFFFFFF80      0x00008008         (0, 2, 6)      [9] [W]
    510     0x00005080       0xFFFFFF80      0x00040008         (0, 0, 10)      [12] [W]
    511     0x00007600       0xFFFFFF80      0x00000001         (0, 0, 14)      [] [E]
    512     0x0000B480       0xFFFFFF80      0x00FFC039         (0, 0, 6)      [8, 9, 10, 11, 12, 13, 14, 15, 16, 17] [E, W, SW, S]
    513     0x0000ED80       0xFFFFFF80      0x00002008         (0, 0, 13)      [7] [W]
    514     0x0000BA80       0xFFFFFF80      0x00FFC021         (0, 0, 7)      [8, 9, 10, 11, 12, 13, 14, 15, 16, 17] [E, S]
    515     0x00015180       0xFFFFFF80      0x00000810         (0, 1, 10)      [5] [SW]
    516     0x0001A880       0xFFFFFF80      0x00000001         (0, 1, 5)      [] [E]
    517     0x00002880       0xFFFFFF80      0x00000002         (0, 0, 5)      [] [NE]
    518     0x0000F000       0xFFFFFF80      0x00040008         (0, 0, 14)      [12] [W]
    519     0x00015A80       0xFFFFFF80      0x00000018         (0, 1, 11)      [] [W, SW]
    520     0x00006C80       0xFFFFFF80      0x00010008         (0, 0, 13)      [10] [W]
    521     0x00007080       0xFFFFFF80      0x00000003         (0, 0, 14)      [] [E, NE]
    522     0x00000600       0xFFFFFF80      0x00004000         (0, 0, 0)      [8] []
    523     0x00018280       0xFFFFFF80      0x00000088         (0, 1, 0)      [1] [W]
    524     0x00009E00       0xFFFFFF80      0x00000008         (0, 0, 3)      [] [W]
    525     0x00018D80       0xFFFFFF80      0x00000010         (0, 1, 1)      [] [SW]
    526     0x0000E380       0xFFFFFF80      0x00400008         (0, 0, 12)      [16] [W]
    527     0x00023880       0xFFFFFF80      0x00000008         (0, 2, 7)      [] [W]
    528     0x0000E500       0xFFFFFF80      0x00000008         (0, 0, 12)      [] [W]
    529     0x0000A700       0xFFFFFF80      0x00063F88         (0, 0, 4)      [1, 2, 3, 4, 5, 6, 7, 11, 12] [W]
    530     0x00024000       0xFFFFFF80      0x00000408         (0, 2, 8)      [4] [W]
    531     0x00006080       0xFFFFFF80      0x0020000C         (0, 0, 12)      [15] [N, W]
    532     0x00023F00       0xFFFFFF80      0x00000108         (0, 2, 7)      [2] [W]
    533     0x00015380       0xFFFFFF80      0x00000030         (0, 1, 10)      [] [SW, S]
    534     0x0001C880       0xFFFFFF80      0x00000081         (0, 1, 9)      [1] [E]
    535     0x0000EC80       0xFFFFFF80      0x00000808         (0, 0, 13)      [5] [W]
    536     0x00014E00       0xFFFFFF80      0x00000010         (0, 1, 9)      [] [SW]
    537     0x0000DF80       0xFFFFFF80      0x00000008         (0, 0, 11)      [] [W]
    538     0x00019780       0xFFFFFF80      0x00000003         (0, 1, 2)      [] [E, NE]
    539     0x0000E100       0xFFFFFF80      0x00020008         (0, 0, 12)      [11] [W]
    540     0x00010800       0xFFFFFF80      0x00000120         (0, 1, 1)      [2] [S]
    541     0x0001EE80       0xFFFFFF80      0x00002000         (0, 1, 13)      [7] []
    542     0x00023F80       0xFFFFFF80      0x00000208         (0, 2, 7)      [3] [W]
    543     0x00009C00       0xFFFFFF80      0x00000008         (0, 0, 3)      [] [W]
    544     0x00017280       0xFFFFFF80      0x00000008         (0, 1, 14)      [] [W]
    545     0x00005780       0xFFFFFF80      0x0000000E         (0, 0, 10)      [] [NE, N, W]
    546     0x00031400       0xFFFFFF00      0x00000020         (0, 3, 2)      [] [S]
    547     0x00019800       0xFFFFFF80      0x00000003         (0, 1, 3)      [] [E, NE]
    548     0x0001D900       0xFFFFFF80      0x00000200         (0, 1, 11)      [3] []
    549     0x00008680       0xFFFFFF80      0x00000408         (0, 0, 0)      [4] [W]
    550     0x00023A00       0xFFFFFF80      0x00000008         (0, 2, 7)      [] [W]
    551     0x0001D280       0xFFFFFF80      0x00000800         (0, 1, 10)      [5] []
    552     0x00012000       0xFFFFFF80      0x00000008         (0, 1, 4)      [] [W]
    553     0x00021A00       0xFFFFFF80      0x00003F80         (0, 2, 3)      [1, 2, 3, 4, 5, 6, 7] []
    554     0x00000800       0xFFFFFF80      0x00040000         (0, 0, 1)      [12] []
    555     0x00014100       0xFFFFFF80      0x00000018         (0, 1, 8)      [] [W, SW]
    556     0x00023700       0xFFFFFF80      0x00200008         (0, 2, 6)      [15] [W]
    557     0x00004A80       0xFFFFFF80      0x00000001         (0, 0, 9)      [] [E]
    558     0x0001AF80       0xFFFFFF80      0x00000800         (0, 1, 5)      [5] []
    559     0x00012600       0xFFFFFF80      0x00000408         (0, 1, 4)      [4] [W]
    560     0x0001A180       0xFFFFFF80      0x00000002         (0, 1, 4)      [] [NE]
    561     0x00010200       0xFFFFFF80      0x00000030         (0, 1, 0)      [] [SW, S]
    562     0x00006E80       0xFFFFFF80      0x00100003         (0, 0, 13)      [14] [E, NE]
    563     0x00003780       0xFFFFFF80      0x00000002         (0, 0, 6)      [] [NE]
    564     0x00011700       0xFFFFFF80      0x00000208         (0, 1, 2)      [3] [W]
    565     0x00008580       0xFFFFFF80      0x00000100         (0, 0, 0)      [2] []
    566     0x00007100       0xFFFFFF80      0x00000003         (0, 0, 14)      [] [E, NE]
    567     0x0001C000       0xFFFFFF80      0x00000080         (0, 1, 8)      [1] []
    568     0x00006600       0xFFFFFF80      0x0000000E         (0, 0, 12)      [] [NE, N, W]
    569     0x00002300       0xFFFFFF80      0x00004000         (0, 0, 4)      [8] []
    570     0x00010980       0xFFFFFF80      0x00000800         (0, 1, 1)      [5] []
    571     0x00009080       0xFFFFFF80      0x00000008         (0, 0, 2)      [] [W]
    572     0x00005680       0xFFFFFF80      0x0000000E         (0, 0, 10)      [] [NE, N, W]
    573     0x00008600       0xFFFFFF80      0x00000208         (0, 0, 0)      [3] [W]
    574     0x00007680       0xFFFFFF80      0x00000081         (0, 0, 14)      [1] [E]
    575     0x0001E180       0xFFFFFF80      0x00001000         (0, 1, 12)      [6] []
    576     0x0000B080       0xFFFFFF80      0x00003FBF         (0, 0, 6)      [1, 2, 3, 4, 5, 6, 7] [E, NE, N, W, SW, S]
    577     0x0001A900       0xFFFFFF80      0x00000001         (0, 1, 5)      [] [E]
    578     0x0001D980       0xFFFFFF80      0x00000400         (0, 1, 11)      [4] []
    579     0x0001F380       0xFFFFFF80      0x00001000         (0, 1, 14)      [6] []
    580     0x00004080       0xFFFFFF80      0x00008000         (0, 0, 8)      [9] []
    581     0x0001AC00       0xFFFFFF80      0x00000001         (0, 1, 5)      [] [E]
    582     0x00031B00       0xFFFFFF00      0x00000020         (0, 3, 3)      [] [S]
    583     0x0000BD00       0xFFFFFF80      0x00FFC021         (0, 0, 7)      [8, 9, 10, 11, 12, 13, 14, 15, 16, 17] [E, S]
    584     0x00007D00       0xFFFFFF80      0x00100001         (0, 0, 15)      [14] [E]
    585     0x00017900       0xFFFFFF80      0x00001008         (0, 1, 15)      [6] [W]
    586     0x00017880       0xFFFFFF80      0x00000808         (0, 1, 15)      [5] [W]
    587     0x00008A00       0xFFFFFF80      0x00020008         (0, 0, 1)      [11] [W]
    588     0x0001B780       0xFFFFFF80      0x00000100         (0, 1, 6)      [2] []
    589     0x0000AA00       0xFFFFFF80      0x00803F88         (0, 0, 5)      [1, 2, 3, 4, 5, 6, 7, 17] [W]
    590     0x00015F00       0xFFFFFF80      0x00000818         (0, 1, 11)      [5] [W, SW]
    591     0x0001B900       0xFFFFFF80      0x00000800         (0, 1, 7)      [5] []
    592     0x00012C80       0xFFFFFF80      0x00800008         (0, 1, 5)      [17] [W]
    593     0x00010000       0xFFFFFF80      0x00200030         (0, 1, 0)      [15] [SW, S]
    594     0x00005600       0xFFFFFF80      0x0000000E         (0, 0, 10)      [] [NE, N, W]
    595     0x00009900       0xFFFFFF80      0x00040008         (0, 0, 3)      [12] [W]
    596     0x00008480       0xFFFFFF80      0x00000001         (0, 0, 0)      [] [E]
    597     0x00010A00       0xFFFFFF80      0x00001000         (0, 1, 1)      [6] []
    598     0x00023D00       0xFFFFFF80      0x00000008         (0, 2, 7)      [] [W]
    599     0x0001D300       0xFFFFFF80      0x00001000         (0, 1, 10)      [6] []
    600     0x00031900       0xFFFFFF00      0x00000020         (0, 3, 3)      [] [S]
    601     0x00024180       0xFFFFFF80      0x00002008         (0, 2, 8)      [7] [W]
    602     0x0000D180       0xFFFFFF80      0x00000008         (0, 0, 10)      [] [W]
    603     0x00002400       0xFFFFFF80      0x00010000         (0, 0, 4)      [10] []
    604     0x00006280       0xFFFFFF80      0x0000000E         (0, 0, 12)      [] [NE, N, W]
    605     0x00008100       0xFFFFFF80      0x00000001         (0, 0, 0)      [] [E]
    606     0x00012700       0xFFFFFF80      0x00001008         (0, 1, 4)      [6] [W]
    607     0x00003180       0xFFFFFF80      0x00004000         (0, 0, 6)      [8] []
    608     0x00010F80       0xFFFFFF80      0x00800008         (0, 1, 1)      [17] [W]
    609     0x0003AE00       0xFFFFFF00      0x00002000         (0, 3, 5)      [7] []
    610     0x00005000       0xFFFFFF80      0x00020008         (0, 0, 10)      [11] [W]
    611     0x0000CE80       0xFFFFFF80      0x00000208         (0, 0, 9)      [3] [W]
    612     0x0001C180       0xFFFFFF80      0x00000400         (0, 1, 8)      [4] []
    613     0x00003280       0xFFFFFF80      0x00010000         (0, 0, 6)      [10] []
    614     0x00011E00       0xFFFFFF80      0x00800008         (0, 1, 3)      [17] [W]
    615     0x00007E80       0xFFFFFF80      0x00800001         (0, 0, 15)      [17] [E]
    616     0x00007F00       0xFFFFFF80      0x00000001         (0, 0, 15)      [] [E]
    617     0x00023580       0xFFFFFF80      0x00040008         (0, 2, 6)      [12] [W]
    618     0x00008F00       0xFFFFFF80      0x00000008         (0, 0, 1)      [] [W]
    619     0x0000B500       0xFFFFFF80      0x00FFC039         (0, 0, 6)      [8, 9, 10, 11, 12, 13, 14, 15, 16, 17] [E, W, SW, S]
    620     0x00011D00       0xFFFFFF80      0x00200008         (0, 1, 3)      [15] [W]
    621     0x00004200       0xFFFFFF80      0x00040002         (0, 0, 8)      [12] [NE]
    622     0x0000F400       0xFFFFFF80      0x00000018         (0, 0, 14)      [] [W, SW]
    623     0x0000C680       0xFFFFFF80      0x00600021         (0, 0, 8)      [16, 15] [E, S]
    624     0x00017680       0xFFFFFF80      0x00000088         (0, 1, 14)      [1] [W]
    625     0x00004400       0xFFFFFF80      0x00400001         (0, 0, 8)      [16] [E]
    626     0x00006100       0xFFFFFF80      0x0040000C         (0, 0, 12)      [16] [N, W]
    627     0x0000E980       0xFFFFFF80      0x00000008         (0, 0, 13)      [] [W]
    628     0x0000D380       0xFFFFFF80      0x00080008         (0, 0, 10)      [13] [W]
    629     0x0000EA00       0xFFFFFF80      0x00000008         (0, 0, 13)      [] [W]
    630     0x0000CC00       0xFFFFFF80      0x00000008         (0, 0, 9)      [] [W]
    631     0x00007480       0xFFFFFF80      0x00000003         (0, 0, 14)      [] [E, NE]
    632     0x0000F800       0xFFFFFF80      0x00000018         (0, 0, 15)      [] [W, SW]
    633     0x00019680       0xFFFFFF80      0x00000003         (0, 1, 2)      [] [E, NE]
    634     0x00004900       0xFFFFFF80      0x00000001         (0, 0, 9)      [] [E]
    635     0x0003A800       0xFFFFFF00      0x00000080         (0, 3, 5)      [1] []
    636     0x00000980       0xFFFFFF80      0x00200000         (0, 0, 1)      [15] []
    637     0x00011380       0xFFFFFF80      0x00000008         (0, 1, 2)      [] [W]
    638     0x00004280       0xFFFFFF80      0x00080003         (0, 0, 8)      [13] [E, NE]
    639     0x00011680       0xFFFFFF80      0x00000108         (0, 1, 2)      [2] [W]
    640     0x00000D80       0xFFFFFF80      0x00000002         (0, 0, 1)      [] [NE]
    641     0x00016900       0xFFFFFF80      0x00000008         (0, 1, 13)      [] [W]
    642     0x0000B300       0xFFFFFF80      0x00003FBF         (0, 0, 6)      [1, 2, 3, 4, 5, 6, 7] [E, NE, N, W, SW, S]
    643     0x00014200       0xFFFFFF80      0x00000118         (0, 1, 8)      [2] [W, SW]
    644     0x00013180       0xFFFFFF80      0x00000008         (0, 1, 6)      [] [W]
    645     0x0000F480       0xFFFFFF80      0x00000018         (0, 0, 14)      [] [W, SW]
    646     0x00017400       0xFFFFFF80      0x00000008         (0, 1, 14)      [] [W]
    647     0x0000F100       0xFFFFFF80      0x00100008         (0, 0, 14)      [14] [W]
    648     0x0000FC80       0xFFFFFF80      0x00000030         (0, 0, 15)      [] [SW, S]
    649     0x00005100       0xFFFFFF80      0x0008000C         (0, 0, 10)      [13] [N, W]
    650     0x0000BA00       0xFFFFFF80      0x00FFC021         (0, 0, 7)      [8, 9, 10, 11, 12, 13, 14, 15, 16, 17] [E, S]
    651     0x00013B00       0xFFFFFF80      0x00800008         (0, 1, 7)      [17] [W]
    652     0x0000B580       0xFFFFFF80      0x00FFC039         (0, 0, 6)      [8, 9, 10, 11, 12, 13, 14, 15, 16, 17] [E, W, SW, S]
    653     0x00011F80       0xFFFFFF80      0x00000008         (0, 1, 3)      [] [W]
    654     0x00006B80       0xFFFFFF80      0x00004000         (0, 0, 13)      [8] []
    655     0x0000D580       0xFFFFFF80      0x00800008         (0, 0, 10)      [17] [W]
    656     0x00013B80       0xFFFFFF80      0x00000008         (0, 1, 7)      [] [W]
    657     0x00007300       0xFFFFFF80      0x00000003         (0, 0, 14)      [] [E, NE]
    658     0x0001A700       0xFFFFFF80      0x00000001         (0, 1, 4)      [] [E]
    659     0x00010500       0xFFFFFF80      0x00000020         (0, 1, 0)      [] [S]
    660     0x0000C880       0xFFFFFF80      0x00000021         (0, 0, 9)      [] [E, S]
    661     0x00019300       0xFFFFFF80      0x00000010         (0, 1, 2)      [] [SW]
    662     0x00015E80       0xFFFFFF80      0x00000418         (0, 1, 11)      [4] [W, SW]
    663     0x0000F780       0xFFFFFF80      0x00000018         (0, 0, 14)      [] [W, SW]
    664     0x0000AC00       0xFFFFFF80      0x00003F88         (0, 0, 5)      [1, 2, 3, 4, 5, 6, 7] [W]
    665     0x00004580       0xFFFFFF80      0x00000001         (0, 0, 8)      [] [E]
    666     0x00018080       0xFFFFFF80      0x00000008         (0, 1, 0)      [] [W]
    667     0x0001E080       0xFFFFFF80      0x00000400         (0, 1, 12)      [4] []
    668     0x00019280       0xFFFFFF80      0x00000010         (0, 1, 2)      [] [SW]
    669     0x00000C00       0xFFFFFF80      0x00000002         (0, 0, 1)      [] [NE]
    670     0x0000B600       0xFFFFFF80      0x00FFC03B         (0, 0, 6)      [8, 9, 10, 11, 12, 13, 14, 15, 16, 17] [E, NE, W, SW, S]
    671     0x0001E200       0xFFFFFF80      0x00002000         (0, 1, 12)      [7] []
    672     0x0000FA00       0xFFFFFF80      0x00000218         (0, 0, 15)      [3] [W, SW]
    673     0x00008D80       0xFFFFFF80      0x00000008         (0, 0, 1)      [] [W]
    674     0x0001DA80       0xFFFFFF80      0x00001000         (0, 1, 11)      [6] []
    675     0x00015300       0xFFFFFF80      0x00000030         (0, 1, 10)      [] [SW, S]
    676     0x00013500       0xFFFFFF80      0x00000808         (0, 1, 6)      [5] [W]
    677     0x0000CB00       0xFFFFFF80      0x00000008         (0, 0, 9)      [] [W]
    678     0x00014080       0xFFFFFF80      0x00000018         (0, 1, 8)      [] [W, SW]
    679     0x00006780       0xFFFFFF80      0x0000000E         (0, 0, 12)      [] [NE, N, W]
    680     0x00012500       0xFFFFFF80      0x00000108         (0, 1, 4)      [2] [W]
    681     0x0000A780       0xFFFFFF80      0x000C3F88         (0, 0, 4)      [1, 2, 3, 4, 5, 6, 7, 12, 13] [W]
    682     0x00016680       0xFFFFFF80      0x00000008         (0, 1, 12)      [] [W]
    683     0x00013D80       0xFFFFFF80      0x00000008         (0, 1, 7)      [] [W]
    684     0x0001A680       0xFFFFFF80      0x00002001         (0, 1, 4)      [7] [E]
    685     0x00010680       0xFFFFFF80      0x00000020         (0, 1, 0)      [] [S]
    686     0x00009F80       0xFFFFFF80      0x00000008         (0, 0, 3)      [] [W]
    687     0x00015000       0xFFFFFF80      0x00000130         (0, 1, 10)      [2] [SW, S]
    688     0x0003AB00       0xFFFFFF00      0x00000400         (0, 3, 5)      [4] []
    689     0x00003B00       0xFFFFFF80      0x00000003         (0, 0, 7)      [] [E, NE]
    690     0x00013D00       0xFFFFFF80      0x00000008         (0, 1, 7)      [] [W]
    691     0x00017780       0xFFFFFF80      0x00000208         (0, 1, 14)      [3] [W]
    692     0x00001800       0xFFFFFF80      0x00200000         (0, 0, 3)      [15] []
    693     0x00010380       0xFFFFFF80      0x00000030         (0, 1, 0)      [] [SW, S]
    694     0x00010780       0xFFFFFF80      0x000000A0         (0, 1, 0)      [1] [S]
    695     0x00001500       0xFFFFFF80      0x00008000         (0, 0, 2)      [9] []
    696     0x00018F80       0xFFFFFF80      0x00000410         (0, 1, 1)      [4] [SW]
    697     0x00000B80       0xFFFFFF80      0x00000002         (0, 0, 1)      [] [NE]
    698     0x00003980       0xFFFFFF80      0x00000002         (0, 0, 7)      [] [NE]
    699     0x00019B00       0xFFFFFF80      0x00000803         (0, 1, 3)      [5] [E, NE]
    700     0x0000E900       0xFFFFFF80      0x00000008         (0, 0, 13)      [] [W]
    701     0x00005980       0xFFFFFF80      0x0000008E         (0, 0, 11)      [1] [NE, N, W]
    702     0x0000B200       0xFFFFFF80      0x00003FBF         (0, 0, 6)      [1, 2, 3, 4, 5, 6, 7] [E, NE, N, W, SW, S]
    703     0x00008400       0xFFFFFF80      0x00000001         (0, 0, 0)      [] [E]
    704     0x00015F80       0xFFFFFF80      0x00001018         (0, 1, 11)      [6] [W, SW]
    705     0x0000CD00       0xFFFFFF80      0x00000008         (0, 0, 9)      [] [W]
    706     0x0000C100       0xFFFFFF80      0x00FFCC01         (0, 0, 8)      [4, 5, 8, 9, 10, 11, 12, 13, 14, 15, 16, 17] [E]
    707     0x00023480       0xFFFFFF80      0x00010008         (0, 2, 6)      [10] [W]
    708     0x00009A00       0xFFFFFF80      0x00100008         (0, 0, 3)      [14] [W]
    709     0x0003B400       0xFFFFFF00      0x00080000         (0, 3, 6)      [13] []
    710     0x0001BA00       0xFFFFFF80      0x00002000         (0, 1, 7)      [7] []
    711     0x00006F00       0xFFFFFF80      0x00200003         (0, 0, 13)      [15] [E, NE]
    712     0x00019A80       0xFFFFFF80      0x00000403         (0, 1, 3)      [4] [E, NE]
    713     0x0000E780       0xFFFFFF80      0x00000008         (0, 0, 12)      [] [W]
    714     0x00001880       0xFFFFFF80      0x00400000         (0, 0, 3)      [16] []
    715     0x0000A100       0xFFFFFF80      0x00000008         (0, 0, 4)      [] [W]
    716     0x00017500       0xFFFFFF80      0x00000008         (0, 1, 14)      [] [W]
    717     0x00002A00       0xFFFFFF80      0x00000002         (0, 0, 5)      [] [NE]
    718     0x00009880       0xFFFFFF80      0x00020008         (0, 0, 3)      [11] [W]
    719     0x0000DC80       0xFFFFFF80      0x00000108         (0, 0, 11)      [2] [W]
    720     0x00007D80       0xFFFFFF80      0x00200001         (0, 0, 15)      [15] [E]
    721     0x0000F080       0xFFFFFF80      0x00080008         (0, 0, 14)      [13] [W]
    722     0x00011780       0xFFFFFF80      0x00000408         (0, 1, 2)      [4] [W]
    723     0x00016780       0xFFFFFF80      0x00000008         (0, 1, 12)      [] [W]
    724     0x0000CE00       0xFFFFFF80      0x00000108         (0, 0, 9)      [2] [W]
    725     0x00019600       0xFFFFFF80      0x00000003         (0, 1, 2)      [] [E, NE]
    726     0x0000AD80       0xFFFFFF80      0x00003F88         (0, 0, 5)      [1, 2, 3, 4, 5, 6, 7] [W]
    727     0x00012580       0xFFFFFF80      0x00000208         (0, 1, 4)      [3] [W]
    728     0x00007700       0xFFFFFF80      0x00000101         (0, 0, 14)      [2] [E]
    729     0x00013C00       0xFFFFFF80      0x00000008         (0, 1, 7)      [] [W]
    730     0x00008B00       0xFFFFFF80      0x00080008         (0, 0, 1)      [13] [W]
    731     0x0001EE00       0xFFFFFF80      0x00001000         (0, 1, 13)      [6] []
    732     0x0000CA00       0xFFFFFF80      0x00000008         (0, 0, 9)      [] [W]
    733     0x00016A00       0xFFFFFF80      0x00000088         (0, 1, 13)      [1] [W]
    734     0x00012080       0xFFFFFF80      0x00000008         (0, 1, 4)      [] [W]
    735     0x00003300       0xFFFFFF80      0x00020000         (0, 0, 6)      [11] []
    736     0x0001E700       0xFFFFFF80      0x00000400         (0, 1, 12)      [4] []
    737     0x00007E00       0xFFFFFF80      0x00400001         (0, 0, 15)      [16] [E]
    738     0x00014500       0xFFFFFF80      0x00000018         (0, 1, 8)      [] [W, SW]
    739     0x00011600       0xFFFFFF80      0x00000088         (0, 1, 2)      [1] [W]
    740     0x0001D180       0xFFFFFF80      0x00000200         (0, 1, 10)      [3] []
    741     0x00014E80       0xFFFFFF80      0x00000010         (0, 1, 9)      [] [SW]
    742     0x00009180       0xFFFFFF80      0x00000008         (0, 0, 2)      [] [W]
    743     0x00023900       0xFFFFFF80      0x00000008         (0, 2, 7)      [] [W]
    744     0x0001B600       0xFFFFFF80      0x00000001         (0, 1, 6)      [] [E]
    745     0x00003800       0xFFFFFF80      0x00000002         (0, 0, 7)      [] [NE]
    746     0x00031E00       0xFFFFFF00      0x00000020         (0, 3, 3)      [] [S]
    747     0x0001D880       0xFFFFFF80      0x00000100         (0, 1, 11)      [2] []
    748     0x0000AA80       0xFFFFFF80      0x00003F88         (0, 0, 5)      [1, 2, 3, 4, 5, 6, 7] [W]
    749     0x0001E880       0xFFFFFF80      0x00002000         (0, 1, 13)      [7] []
    750     0x0000F900       0xFFFFFF80      0x00000098         (0, 0, 15)      [1] [W, SW]
    751     0x00014C80       0xFFFFFF80      0x00000010         (0, 1, 9)      [] [SW]
    752     0x00010080       0xFFFFFF80      0x00400030         (0, 1, 0)      [16] [SW, S]
    753     0x00015C80       0xFFFFFF80      0x00000018         (0, 1, 11)      [] [W, SW]
    754     0x00014780       0xFFFFFF80      0x00000010         (0, 1, 8)      [] [SW]
    755     0x0000A200       0xFFFFFF80      0x00000188         (0, 0, 4)      [1, 2] [W]
    756     0x00006680       0xFFFFFF80      0x0000000E         (0, 0, 12)      [] [NE, N, W]
    757     0x00017800       0xFFFFFF80      0x00000408         (0, 1, 15)      [4] [W]
    758     0x00015C00       0xFFFFFF80      0x00000018         (0, 1, 11)      [] [W, SW]
    759     0x0000FB80       0xFFFFFF80      0x00001018         (0, 0, 15)      [6] [W, SW]
    760     0x00018380       0xFFFFFF80      0x00000200         (0, 1, 0)      [3] []
    761     0x0003B700       0xFFFFFF00      0x00400000         (0, 3, 6)      [16] []
    762     0x00006300       0xFFFFFF80      0x0000000E         (0, 0, 12)      [] [NE, N, W]
    763     0x00012200       0xFFFFFF80      0x00000008         (0, 1, 4)      [] [W]
    764     0x0000CA80       0xFFFFFF80      0x00000008         (0, 0, 9)      [] [W]
    765     0x00023800       0xFFFFFF80      0x00800008         (0, 2, 7)      [17] [W]
    766     0x0000E600       0xFFFFFF80      0x00000008         (0, 0, 12)      [] [W]
    767     0x0001A980       0xFFFFFF80      0x00000001         (0, 1, 5)      [] [E]
    768     0x00005D00       0xFFFFFF80      0x00004000         (0, 0, 11)      [8] []
    769     0x00018C00       0xFFFFFF80      0x00000010         (0, 1, 1)      [] [SW]
    770     0x0000E200       0xFFFFFF80      0x00080008         (0, 0, 12)      [13] [W]
    771     0x00003600       0xFFFFFF80      0x00800000         (0, 0, 6)      [17] []
    772     0x00006880       0xFFFFFF80      0x0000010E         (0, 0, 13)      [2] [NE, N, W]
    773     0x0001AE80       0xFFFFFF80      0x00000200         (0, 1, 5)      [3] []
    774     0x00000780       0xFFFFFF80      0x00020000         (0, 0, 0)      [11] []
    775     0x0000D100       0xFFFFFF80      0x00000008         (0, 0, 10)      [] [W]
    776     0x0000C200       0xFFFFFF80      0x00FFF001         (0, 0, 8)      [6, 7, 8, 9, 10, 11, 12, 13, 14, 15, 16, 17] [E]
    777     0x00000900       0xFFFFFF80      0x00100000         (0, 0, 1)      [14] []
    778     0x00024080       0xFFFFFF80      0x00000808         (0, 2, 8)      [5] [W]
    779     0x0001AD00       0xFFFFFF80      0x00000001         (0, 1, 5)      [] [E]
    780     0x0000D000       0xFFFFFF80      0x00001008         (0, 0, 10)      [6] [W]
    781     0x00019980       0xFFFFFF80      0x00000102         (0, 1, 3)      [2] [NE]
    782     0x0003A900       0xFFFFFF00      0x00000100         (0, 3, 5)      [2] []
    783     0x00015580       0xFFFFFF80      0x00000030         (0, 1, 10)      [] [SW, S]
    784     0x00005180       0xFFFFFF80      0x0010000C         (0, 0, 10)      [14] [N, W]
    785     0x00016800       0xFFFFFF80      0x00000008         (0, 1, 13)      [] [W]
    786     0x0000EC00       0xFFFFFF80      0x00000408         (0, 0, 13)      [4] [W]
    787     0x00004480       0xFFFFFF80      0x00800001         (0, 0, 8)      [17] [E]
    788     0x00001900       0xFFFFFF80      0x00800003         (0, 0, 3)      [17] [E, NE]
    789     0x00014280       0xFFFFFF80      0x00000218         (0, 1, 8)      [3] [W, SW]
    790     0x0001A580       0xFFFFFF80      0x00000801         (0, 1, 4)      [5] [E]
    791     0x0000AE00       0xFFFFFF80      0x00003F88         (0, 0, 5)      [1, 2, 3, 4, 5, 6, 7] [W]
    792     0x0003B000       0xFFFFFF00      0x00008000         (0, 3, 6)      [9] []
    793     0x00005900       0xFFFFFF80      0x0000000E         (0, 0, 11)      [] [NE, N, W]
    794     0x00019000       0xFFFFFF80      0x00000810         (0, 1, 2)      [5] [SW]
    795     0x00000E80       0xFFFFFF80      0x00000002         (0, 0, 1)      [] [NE]
    796     0x00014980       0xFFFFFF80      0x00000010         (0, 1, 9)      [] [SW]
    797     0x00008C80       0xFFFFFF80      0x00400008         (0, 0, 1)      [16] [W]
    798     0x00008000       0xFFFFFF80      0x00000001         (0, 0, 0)      [] [E]
    799     0x0000E400       0xFFFFFF80      0x00800008         (0, 0, 12)      [17] [W]
    800     0x0000A180       0xFFFFFF80      0x00000088         (0, 0, 4)      [1] [W]
    801     0x0001C300       0xFFFFFF80      0x00002000         (0, 1, 8)      [7] []
    802     0x0000C380       0xFFFFFF80      0x00018021         (0, 0, 8)      [9, 10] [E, S]
    803     0x00009500       0xFFFFFF80      0x00000408         (0, 0, 2)      [4] [W]
    804     0x0001C980       0xFFFFFF80      0x00000200         (0, 1, 9)      [3] []
    805     0x0001D080       0xFFFFFF80      0x00000081         (0, 1, 10)      [1] [E]
    806     0x00031300       0xFFFFFF00      0x00000020         (0, 3, 2)      [] [S]
    807     0x00002B80       0xFFFFFF80      0x00000002         (0, 0, 5)      [] [NE]
    808     0x00004A00       0xFFFFFF80      0x00000001         (0, 0, 9)      [] [E]
    809     0x00011880       0xFFFFFF80      0x00001008         (0, 1, 3)      [6] [W]
    810     0x00017E80       0xFFFFFF80      0x00000008         (0, 1, 15)      [] [W]
    811     0x00016700       0xFFFFFF80      0x00000008         (0, 1, 12)      [] [W]
    812     0x0000D600       0xFFFFFF80      0x00000008         (0, 0, 10)      [] [W]
    813     0x00003700       0xFFFFFF80      0x00000002         (0, 0, 6)      [] [NE]
    814     0x00019B80       0xFFFFFF80      0x00001003         (0, 1, 3)      [6] [E, NE]
    815     0x00023600       0xFFFFFF80      0x00080008         (0, 2, 6)      [13] [W]
    816     0x0001CB00       0xFFFFFF80      0x00001000         (0, 1, 9)      [6] []
    817     0x00023780       0xFFFFFF80      0x00400008         (0, 2, 6)      [16] [W]
    818     0x00010880       0xFFFFFF80      0x00000200         (0, 1, 1)      [3] []
    819     0x00016C00       0xFFFFFF80      0x00000808         (0, 1, 13)      [5] [W]
    820     0x00001B80       0xFFFFFF80      0x00000003         (0, 0, 3)      [] [E, NE]
    821     0x00012800       0xFFFFFF80      0x00000008         (0, 1, 5)      [] [W]
    822     0x00005380       0xFFFFFF80      0x0000000C         (0, 0, 10)      [] [N, W]
    823     0x0000B280       0xFFFFFF80      0x00003FBF         (0, 0, 6)      [1, 2, 3, 4, 5, 6, 7] [E, NE, N, W, SW, S]
    824     0x00009C80       0xFFFFFF80      0x00000008         (0, 0, 3)      [] [W]
    825     0x0000E580       0xFFFFFF80      0x00000008         (0, 0, 12)      [] [W]
    826     0x00018D00       0xFFFFFF80      0x00000010         (0, 1, 1)      [] [SW]
