router contains 64 entries 
 
  Index   Key(hex)    Mask(hex)    Route(hex)    Src. Core -> [Cores][Links]
------------------------------------------------------------------------------
    0     0x00024080       0xFFFFFF80      0x00800008         (0, 2, 8)      [17] [W]
    1     0x00024480       0xFFFFFF80      0x00000018         (0, 2, 8)      [] [W, SW]
    2     0x00024300       0xFFFFFF80      0x00000018         (0, 2, 8)      [] [W, SW]
    3     0x0004A600       0xFFFFFF00      0x00000010         (0, 4, 4)      [] [SW]
    4     0x0004AC00       0xFFFFFF00      0x00000010         (0, 4, 5)      [] [SW]
    5     0x00034B00       0xFFFFFF00      0x00000020         (0, 3, 9)      [] [S]
    6     0x00023C80       0xFFFFFF80      0x00008020         (0, 2, 7)      [9] [S]
    7     0x0004A400       0xFFFFFF00      0x00000010         (0, 4, 4)      [] [SW]
    8     0x00034400       0xFFFFFF00      0x00000020         (0, 3, 8)      [] [S]
    9     0x00023B80       0xFFFFFF80      0x00002020         (0, 2, 7)      [7] [S]
    10     0x00024000       0xFFFFFF80      0x00400008         (0, 2, 8)      [16] [W]
    11     0x00023D00       0xFFFFFF80      0x00010008         (0, 2, 7)      [10] [W]
    12     0x00023E00       0xFFFFFF80      0x00040008         (0, 2, 7)      [12] [W]
    13     0x00023880       0xFFFFFF80      0x000000A0         (0, 2, 7)      [1] [S]
    14     0x00023800       0xFFFFFF80      0x00000020         (0, 2, 7)      [] [S]
    15     0x0004A200       0xFFFFFF00      0x00000010         (0, 4, 4)      [] [SW]
    16     0x00034A00       0xFFFFFF00      0x00000020         (0, 3, 9)      [] [S]
    17     0x00023A00       0xFFFFFF80      0x00000420         (0, 2, 7)      [4] [S]
    18     0x00035000       0xFFFFFF00      0x00000020         (0, 3, 10)      [] [S]
    19     0x0004A500       0xFFFFFF00      0x00000010         (0, 4, 4)      [] [SW]
    20     0x00024380       0xFFFFFF80      0x00000018         (0, 2, 8)      [] [W, SW]
    21     0x0004AE00       0xFFFFFF00      0x00000010         (0, 4, 5)      [] [SW]
    22     0x0004A900       0xFFFFFF00      0x00000010         (0, 4, 5)      [] [SW]
    23     0x00023A80       0xFFFFFF80      0x00000820         (0, 2, 7)      [5] [S]
    24     0x00034E00       0xFFFFFF00      0x00000020         (0, 3, 9)      [] [S]
    25     0x00034800       0xFFFFFF00      0x00000020         (0, 3, 9)      [] [S]
    26     0x00034500       0xFFFFFF00      0x00000020         (0, 3, 8)      [] [S]
    27     0x0004B100       0xFFFFFF00      0x00000010         (0, 4, 6)      [] [SW]
    28     0x00034700       0xFFFFFF00      0x00000020         (0, 3, 8)      [] [S]
    29     0x00023980       0xFFFFFF80      0x00000220         (0, 2, 7)      [3] [S]
    30     0x00023C00       0xFFFFFF80      0x00004020         (0, 2, 7)      [8] [S]
    31     0x00024400       0xFFFFFF80      0x00000018         (0, 2, 8)      [] [W, SW]
    32     0x00023D80       0xFFFFFF80      0x00020008         (0, 2, 7)      [11] [W]
    33     0x00034200       0xFFFFFF00      0x00000020         (0, 3, 8)      [] [S]
    34     0x0004AF00       0xFFFFFF00      0x00000010         (0, 4, 5)      [] [SW]
    35     0x00024500       0xFFFFFF80      0x00000018         (0, 2, 8)      [] [W, SW]
    36     0x00034900       0xFFFFFF00      0x00000020         (0, 3, 9)      [] [S]
    37     0x0004AA00       0xFFFFFF00      0x00000010         (0, 4, 5)      [] [SW]
    38     0x00023F80       0xFFFFFF80      0x00200008         (0, 2, 7)      [15] [W]
    39     0x00023E80       0xFFFFFF80      0x00080008         (0, 2, 7)      [13] [W]
    40     0x00023900       0xFFFFFF80      0x00000120         (0, 2, 7)      [2] [S]
    41     0x00023B00       0xFFFFFF80      0x00001020         (0, 2, 7)      [6] [S]
    42     0x0004A800       0xFFFFFF00      0x00000010         (0, 4, 5)      [] [SW]
    43     0x00024100       0xFFFFFF80      0x00000018         (0, 2, 8)      [] [W, SW]
    44     0x0004A300       0xFFFFFF00      0x00000010         (0, 4, 4)      [] [SW]
    45     0x0004A700       0xFFFFFF00      0x00000010         (0, 4, 4)      [] [SW]
    46     0x00034600       0xFFFFFF00      0x00000020         (0, 3, 8)      [] [S]
    47     0x00035100       0xFFFFFF00      0x00000020         (0, 3, 10)      [] [S]
    48     0x00024580       0xFFFFFF80      0x00000018         (0, 2, 8)      [] [W, SW]
    49     0x0004B000       0xFFFFFF00      0x00000010         (0, 4, 6)      [] [SW]
    50     0x00021E80       0xFFFFFF80      0x00FFFF80         (0, 2, 3)      [1, 2, 3, 4, 5, 6, 7, 8, 9, 10, 11, 12, 13, 14, 15, 16, 17] []
    51     0x0004A100       0xFFFFFF00      0x00000010         (0, 4, 4)      [] [SW]
    52     0x00034300       0xFFFFFF00      0x00000020         (0, 3, 8)      [] [S]
    53     0x0004AB00       0xFFFFFF00      0x00000010         (0, 4, 5)      [] [SW]
    54     0x00034C00       0xFFFFFF00      0x00000020         (0, 3, 9)      [] [S]
    55     0x00024200       0xFFFFFF80      0x00000018         (0, 2, 8)      [] [W, SW]
    56     0x00024280       0xFFFFFF80      0x00000018         (0, 2, 8)      [] [W, SW]
    57     0x00035200       0xFFFFFF00      0x00000020         (0, 3, 10)      [] [S]
    58     0x00024180       0xFFFFFF80      0x00000018         (0, 2, 8)      [] [W, SW]
    59     0x00034F00       0xFFFFFF00      0x00000020         (0, 3, 9)      [] [S]
    60     0x00024600       0xFFFFFF80      0x00000010         (0, 2, 8)      [] [SW]
    61     0x00023F00       0xFFFFFF80      0x00100008         (0, 2, 7)      [14] [W]
    62     0x0004AD00       0xFFFFFF00      0x00000010         (0, 4, 5)      [] [SW]
    63     0x00034D00       0xFFFFFF00      0x00000020         (0, 3, 9)      [] [S]
