router contains 817 entries 
 
  Index   Key(hex)    Mask(hex)    Route(hex)    Src. Core -> [Cores][Links]
------------------------------------------------------------------------------
    0     0x00000D00       0xFFFFFF80      0x00000002         (0, 0, 1)      [] [NE]
    1     0x00015F80       0xFFFFFF80      0x00000800         (0, 1, 11)      [5] []
    2     0x00002980       0xFFFFFF80      0x00000002         (0, 0, 5)      [] [NE]
    3     0x0001C080       0xFFFFFF80      0x00000088         (0, 1, 8)      [1] [W]
    4     0x0001ED80       0xFFFFFF80      0x00000400         (0, 1, 13)      [4] []
    5     0x0000F280       0xFFFFFF80      0x00FE003B         (0, 0, 14)      [11, 12, 13, 14, 15, 16, 17] [E, NE, W, SW, S]
    6     0x00008280       0xFFFFFF80      0x00000001         (0, 0, 0)      [] [E]
    7     0x0000AF00       0xFFFFFF80      0x00000003         (0, 0, 5)      [] [E, NE]
    8     0x00002900       0xFFFFFF80      0x00000002         (0, 0, 5)      [] [NE]
    9     0x0000DD00       0xFFFFFF80      0x0000030C         (0, 0, 11)      [2, 3] [N, W]
    10     0x0001C300       0xFFFFFF80      0x00001008         (0, 1, 8)      [6] [W]
    11     0x00005200       0xFFFFFF80      0x00100002         (0, 0, 10)      [14] [NE]
    12     0x0000E900       0xFFFFFF80      0x0001FF8E         (0, 0, 13)      [1, 2, 3, 4, 5, 6, 7, 8, 9, 10] [NE, N, W]
    13     0x0001C100       0xFFFFFF80      0x00000108         (0, 1, 8)      [2] [W]
    14     0x00014B00       0xFFFFFF80      0x00000020         (0, 1, 9)      [] [S]
    15     0x00008C80       0xFFFFFF80      0x00200002         (0, 0, 1)      [15] [NE]
    16     0x00009E80       0xFFFFFF80      0x00000002         (0, 0, 3)      [] [NE]
    17     0x0001FA00       0xFFFFFF80      0x00004000         (0, 1, 15)      [8] []
    18     0x0001A700       0xFFFFFF80      0x00002001         (0, 1, 4)      [7] [E]
    19     0x0000D480       0xFFFFFF80      0x0010000A         (0, 0, 10)      [14] [NE, W]
    20     0x00012280       0xFFFFFF80      0x00000008         (0, 1, 4)      [] [W]
    21     0x00014380       0xFFFFFF80      0x00000420         (0, 1, 8)      [4] [S]
    22     0x00012E80       0xFFFFFF80      0x00000008         (0, 1, 5)      [] [W]
    23     0x00024300       0xFFFFFF80      0x0000800A         (0, 2, 8)      [9] [NE, W]
    24     0x0000FE80       0xFFFFFF80      0x00FF0001         (0, 0, 15)      [10, 11, 12, 13, 14, 15, 16, 17] [E]
    25     0x0000D600       0xFFFFFF80      0x0080000E         (0, 0, 10)      [17] [NE, N, W]
    26     0x00014080       0xFFFFFF80      0x00000030         (0, 1, 8)      [] [SW, S]
    27     0x00015980       0xFFFFFF80      0x00000010         (0, 1, 11)      [] [SW]
    28     0x0001FB00       0xFFFFFF80      0x00010000         (0, 1, 15)      [10] []
    29     0x00009200       0xFFFFFF80      0x00000002         (0, 0, 2)      [] [NE]
    30     0x00011200       0xFFFFFF80      0x00000018         (0, 1, 2)      [] [W, SW]
    31     0x00005400       0xFFFFFF80      0x00000002         (0, 0, 10)      [] [NE]
    32     0x0000BF00       0xFFFFFF80      0x00000001         (0, 0, 7)      [] [E]
    33     0x00010800       0xFFFFFF80      0x000000A1         (0, 1, 1)      [1] [E, S]
    34     0x00014C80       0xFFFFFF80      0x00000020         (0, 1, 9)      [] [S]
    35     0x0000D080       0xFFFFFF80      0x0000100C         (0, 0, 10)      [6] [N, W]
    36     0x00000B80       0xFFFFFF80      0x00000002         (0, 0, 1)      [] [NE]
    37     0x0000E180       0xFFFFFF80      0x0007FF80         (0, 0, 12)      [1, 2, 3, 4, 5, 6, 7, 8, 9, 10, 11, 12] []
    38     0x0001EA80       0xFFFFFF80      0x00010000         (0, 1, 13)      [10] []
    39     0x0000DA80       0xFFFFFF80      0x0000000E         (0, 0, 11)      [] [NE, N, W]
    40     0x00010500       0xFFFFFF80      0x00000021         (0, 1, 0)      [] [E, S]
    41     0x00019B00       0xFFFFFF80      0x00000400         (0, 1, 3)      [4] []
    42     0x00003380       0xFFFFFF80      0x00020000         (0, 0, 6)      [11] []
    43     0x00018680       0xFFFFFF80      0x00004020         (0, 1, 0)      [8] [S]
    44     0x0001A680       0xFFFFFF80      0x00001001         (0, 1, 4)      [6] [E]
    45     0x00006F80       0xFFFFFF80      0x00200000         (0, 0, 13)      [15] []
    46     0x00019080       0xFFFFFF80      0x00000820         (0, 1, 2)      [5] [S]
    47     0x00009480       0xFFFFFF80      0x00000100         (0, 0, 2)      [2] []
    48     0x00016280       0xFFFFFF80      0x00000008         (0, 1, 12)      [] [W]
    49     0x00013A80       0xFFFFFF80      0x00000010         (0, 1, 7)      [] [SW]
    50     0x00004300       0xFFFFFF80      0x00080000         (0, 0, 8)      [13] []
    51     0x00018780       0xFFFFFF80      0x00010000         (0, 1, 0)      [10] []
    52     0x0001C980       0xFFFFFF80      0x00000101         (0, 1, 9)      [2] [E]
    53     0x00009D00       0xFFFFFF80      0x00000002         (0, 0, 3)      [] [NE]
    54     0x00024400       0xFFFFFF80      0x0000000A         (0, 2, 8)      [] [NE, W]
    55     0x00016680       0xFFFFFF80      0x00000008         (0, 1, 12)      [] [W]
    56     0x0000ED80       0xFFFFFF80      0x0001FFBF         (0, 0, 13)      [1, 2, 3, 4, 5, 6, 7, 8, 9, 10] [E, NE, N, W, SW, S]
    57     0x00010100       0xFFFFFF80      0x00600021         (0, 1, 0)      [16, 15] [E, S]
    58     0x00001780       0xFFFFFF80      0x00080000         (0, 0, 2)      [13] []
    59     0x00023800       0xFFFFFF80      0x00400018         (0, 2, 7)      [16] [W, SW]
    60     0x00002C00       0xFFFFFF80      0x00000002         (0, 0, 5)      [] [NE]
    61     0x0001EF00       0xFFFFFF80      0x00002000         (0, 1, 13)      [7] []
    62     0x0000B680       0xFFFFFF80      0x00040000         (0, 0, 6)      [12] []
    63     0x00013E80       0xFFFFFF80      0x00000018         (0, 1, 7)      [] [W, SW]
    64     0x00042C00       0xFFFFFF00      0x00400000         (0, 4, 5)      [16] []
    65     0x0001E780       0xFFFFFF80      0x00000400         (0, 1, 12)      [4] []
    66     0x00009100       0xFFFFFF80      0x00000002         (0, 0, 2)      [] [NE]
    67     0x0001F380       0xFFFFFF80      0x00000818         (0, 1, 14)      [5] [W, SW]
    68     0x00010980       0xFFFFFF80      0x00000421         (0, 1, 1)      [4] [E, S]
    69     0x00010A80       0xFFFFFF80      0x00001021         (0, 1, 1)      [6] [E, S]
    70     0x0001BF80       0xFFFFFF80      0x00000018         (0, 1, 7)      [] [W, SW]
    71     0x00003A00       0xFFFFFF80      0x00000003         (0, 0, 7)      [] [E, NE]
    72     0x00015880       0xFFFFFF80      0x00000010         (0, 1, 11)      [] [SW]
    73     0x0001B280       0xFFFFFF80      0x00010000         (0, 1, 6)      [10] []
    74     0x00006380       0xFFFFFF80      0x00000002         (0, 0, 12)      [] [NE]
    75     0x00013080       0xFFFFFF80      0x00000008         (0, 1, 6)      [] [W]
    76     0x00015900       0xFFFFFF80      0x00000010         (0, 1, 11)      [] [SW]
    77     0x0000B100       0xFFFFFF80      0x00000081         (0, 0, 6)      [1] [E]
    78     0x00004A80       0xFFFFFF80      0x00000001         (0, 0, 9)      [] [E]
    79     0x0000BA80       0xFFFFFF80      0x00000001         (0, 0, 7)      [] [E]
    80     0x00008F80       0xFFFFFF80      0x00000002         (0, 0, 1)      [] [NE]
    81     0x00011300       0xFFFFFF80      0x00000018         (0, 1, 2)      [] [W, SW]
    82     0x00016E00       0xFFFFFF80      0x00004008         (0, 1, 13)      [8] [W]
    83     0x00042500       0xFFFFFF00      0x00008000         (0, 4, 4)      [9] []
    84     0x0000E880       0xFFFFFF80      0x0001FF8E         (0, 0, 13)      [1, 2, 3, 4, 5, 6, 7, 8, 9, 10] [NE, N, W]
    85     0x00023780       0xFFFFFF80      0x00200018         (0, 2, 6)      [15] [W, SW]
    86     0x00012180       0xFFFFFF80      0x00000008         (0, 1, 4)      [] [W]
    87     0x0000F680       0xFFFFFF80      0x00FE0021         (0, 0, 14)      [11, 12, 13, 14, 15, 16, 17] [E, S]
    88     0x00017A00       0xFFFFFF80      0x00002008         (0, 1, 15)      [7] [W]
    89     0x00011F00       0xFFFFFF80      0x00000008         (0, 1, 3)      [] [W]
    90     0x0000A800       0xFFFFFF80      0x00040000         (0, 0, 5)      [12] []
    91     0x00013D80       0xFFFFFF80      0x00000018         (0, 1, 7)      [] [W, SW]
    92     0x00018B80       0xFFFFFF80      0x00000020         (0, 1, 1)      [] [S]
    93     0x0000EF80       0xFFFFFF80      0x0001FFBF         (0, 0, 13)      [1, 2, 3, 4, 5, 6, 7, 8, 9, 10] [E, NE, N, W, SW, S]
    94     0x00024200       0xFFFFFF80      0x00002008         (0, 2, 8)      [7] [W]
    95     0x00005580       0xFFFFFF80      0x00000002         (0, 0, 10)      [] [NE]
    96     0x00012D00       0xFFFFFF80      0x00800008         (0, 1, 5)      [17] [W]
    97     0x00023C80       0xFFFFFF80      0x00000018         (0, 2, 7)      [] [W, SW]
    98     0x00001C80       0xFFFFFF80      0x00000001         (0, 0, 3)      [] [E]
    99     0x00024480       0xFFFFFF80      0x00000002         (0, 2, 8)      [] [NE]
    100     0x00003880       0xFFFFFF80      0x00000003         (0, 0, 7)      [] [E, NE]
    101     0x00008500       0xFFFFFF80      0x00000001         (0, 0, 0)      [] [E]
    102     0x00014180       0xFFFFFF80      0x00000030         (0, 1, 8)      [] [SW, S]
    103     0x00015D00       0xFFFFFF80      0x00000010         (0, 1, 11)      [] [SW]
    104     0x0001BF00       0xFFFFFF80      0x00000018         (0, 1, 7)      [] [W, SW]
    105     0x0000EF00       0xFFFFFF80      0x0001FFBF         (0, 0, 13)      [1, 2, 3, 4, 5, 6, 7, 8, 9, 10] [E, NE, N, W, SW, S]
    106     0x00007000       0xFFFFFF80      0x00400000         (0, 0, 14)      [16] []
    107     0x0000E400       0xFFFFFF80      0x00C1FF8A         (0, 0, 12)      [1, 2, 3, 4, 5, 6, 7, 8, 9, 10, 16, 17] [NE, W]
    108     0x0000AD80       0xFFFFFF80      0x00000003         (0, 0, 5)      [] [E, NE]
    109     0x0000A000       0xFFFFFF80      0x00000002         (0, 0, 4)      [] [NE]
    110     0x00020A00       0xFFFFFF80      0x00010000         (0, 2, 1)      [10] []
    111     0x00003680       0xFFFFFF80      0x00800002         (0, 0, 6)      [17] [NE]
    112     0x0000C900       0xFFFFFF80      0x00000001         (0, 0, 9)      [] [E]
    113     0x00018480       0xFFFFFF80      0x00000420         (0, 1, 0)      [4] [S]
    114     0x00015100       0xFFFFFF80      0x00000220         (0, 1, 10)      [3] [S]
    115     0x00012580       0xFFFFFF80      0x00000108         (0, 1, 4)      [2] [W]
    116     0x0000EE00       0xFFFFFF80      0x0001FFBF         (0, 0, 13)      [1, 2, 3, 4, 5, 6, 7, 8, 9, 10] [E, NE, N, W, SW, S]
    117     0x0000AE00       0xFFFFFF80      0x00000003         (0, 0, 5)      [] [E, NE]
    118     0x00023300       0xFFFFFF80      0x00000010         (0, 2, 6)      [] [SW]
    119     0x00006800       0xFFFFFF80      0x00000001         (0, 0, 13)      [] [E]
    120     0x00015080       0xFFFFFF80      0x00000120         (0, 1, 10)      [2] [S]
    121     0x00002580       0xFFFFFF80      0x00040000         (0, 0, 4)      [12] []
    122     0x00013380       0xFFFFFF80      0x00000088         (0, 1, 6)      [1] [W]
    123     0x0000DE80       0xFFFFFF80      0x0000180E         (0, 0, 11)      [5, 6] [NE, N, W]
    124     0x0000A880       0xFFFFFF80      0x00080002         (0, 0, 5)      [13] [NE]
    125     0x0000F600       0xFFFFFF80      0x00FE0021         (0, 0, 14)      [11, 12, 13, 14, 15, 16, 17] [E, S]
    126     0x00019300       0xFFFFFF80      0x00010000         (0, 1, 2)      [10] []
    127     0x00013780       0xFFFFFF80      0x00008018         (0, 1, 6)      [9] [W, SW]
    128     0x00016780       0xFFFFFF80      0x00000008         (0, 1, 12)      [] [W]
    129     0x00007380       0xFFFFFF80      0x00000001         (0, 0, 14)      [] [E]
    130     0x00008580       0xFFFFFF80      0x00000081         (0, 0, 0)      [1] [E]
    131     0x0001DD00       0xFFFFFF80      0x00010000         (0, 1, 11)      [10] []
    132     0x00023D80       0xFFFFFF80      0x00000008         (0, 2, 7)      [] [W]
    133     0x00017880       0xFFFFFF80      0x00000408         (0, 1, 15)      [4] [W]
    134     0x00017300       0xFFFFFF80      0x00000008         (0, 1, 14)      [] [W]
    135     0x00015B00       0xFFFFFF80      0x00000010         (0, 1, 11)      [] [SW]
    136     0x00001880       0xFFFFFF80      0x00200000         (0, 0, 3)      [15] []
    137     0x00018D80       0xFFFFFF80      0x00000020         (0, 1, 1)      [] [S]
    138     0x00011A80       0xFFFFFF80      0x00008008         (0, 1, 3)      [9] [W]
    139     0x0001AE80       0xFFFFFF80      0x00000100         (0, 1, 5)      [2] []
    140     0x0000CF80       0xFFFFFF80      0x0000040C         (0, 0, 9)      [4] [N, W]
    141     0x00001D00       0xFFFFFF80      0x00000001         (0, 0, 3)      [] [E]
    142     0x0000CD00       0xFFFFFF80      0x0000000C         (0, 0, 9)      [] [N, W]
    143     0x0000CB00       0xFFFFFF80      0x0000000E         (0, 0, 9)      [] [NE, N, W]
    144     0x00003700       0xFFFFFF80      0x00000002         (0, 0, 6)      [] [NE]
    145     0x00013100       0xFFFFFF80      0x00000008         (0, 1, 6)      [] [W]
    146     0x00001700       0xFFFFFF80      0x00040000         (0, 0, 2)      [12] []
    147     0x0001DC00       0xFFFFFF80      0x00004000         (0, 1, 11)      [8] []
    148     0x00013F00       0xFFFFFF80      0x00000018         (0, 1, 7)      [] [W, SW]
    149     0x00024500       0xFFFFFF80      0x00000002         (0, 2, 8)      [] [NE]
    150     0x00023280       0xFFFFFF80      0x00000010         (0, 2, 6)      [] [SW]
    151     0x00019C00       0xFFFFFF80      0x00001000         (0, 1, 3)      [6] []
    152     0x0000B780       0xFFFFFF80      0x00100000         (0, 0, 6)      [14] []
    153     0x00018A80       0xFFFFFF80      0x00000030         (0, 1, 1)      [] [SW, S]
    154     0x00006200       0xFFFFFF80      0x00800002         (0, 0, 12)      [17] [NE]
    155     0x00042200       0xFFFFFF00      0x00001000         (0, 4, 4)      [6] []
    156     0x0001B900       0xFFFFFF80      0x00000400         (0, 1, 7)      [4] []
    157     0x0001CB80       0xFFFFFF80      0x00001001         (0, 1, 9)      [6] [E]
    158     0x0000FB80       0xFFFFFF80      0x00FE0C21         (0, 0, 15)      [4, 5, 11, 12, 13, 14, 15, 16, 17] [E, S]
    159     0x0001C880       0xFFFFFF80      0x00000001         (0, 1, 9)      [] [E]
    160     0x00021C00       0xFFFFFF80      0x0001FF80         (0, 2, 3)      [1, 2, 3, 4, 5, 6, 7, 8, 9, 10] []
    161     0x00017F00       0xFFFFFF80      0x00000008         (0, 1, 15)      [] [W]
    162     0x00042900       0xFFFFFF00      0x00080000         (0, 4, 5)      [13] []
    163     0x00013300       0xFFFFFF80      0x00000008         (0, 1, 6)      [] [W]
    164     0x00014480       0xFFFFFF80      0x00001020         (0, 1, 8)      [6] [S]
    165     0x00023180       0xFFFFFF80      0x00000010         (0, 2, 6)      [] [SW]
    166     0x0001EE00       0xFFFFFF80      0x00000800         (0, 1, 13)      [5] []
    167     0x00002700       0xFFFFFF80      0x00200000         (0, 0, 4)      [15] []
    168     0x00007780       0xFFFFFF80      0x00000101         (0, 0, 14)      [2] [E]
    169     0x0001E180       0xFFFFFF80      0x00000800         (0, 1, 12)      [5] []
    170     0x00019A00       0xFFFFFF80      0x00000100         (0, 1, 3)      [2] []
    171     0x0000F980       0xFFFFFF80      0x00FE00A1         (0, 0, 15)      [1, 11, 12, 13, 14, 15, 16, 17] [E, S]
    172     0x00003400       0xFFFFFF80      0x00040000         (0, 0, 6)      [12] []
    173     0x00010780       0xFFFFFF80      0x00000021         (0, 1, 0)      [] [E, S]
    174     0x0000A380       0xFFFFFF80      0x00000200         (0, 0, 4)      [3] []
    175     0x0001F000       0xFFFFFF80      0x00008000         (0, 1, 14)      [9] []
    176     0x0000D680       0xFFFFFF80      0x0000000E         (0, 0, 10)      [] [NE, N, W]
    177     0x00023400       0xFFFFFF80      0x00000010         (0, 2, 6)      [] [SW]
    178     0x00023680       0xFFFFFF80      0x00080018         (0, 2, 6)      [13] [W, SW]
    179     0x0001C580       0xFFFFFF80      0x00000008         (0, 1, 8)      [] [W]
    180     0x00017C00       0xFFFFFF80      0x00000008         (0, 1, 15)      [] [W]
    181     0x00009F00       0xFFFFFF80      0x00000002         (0, 0, 3)      [] [NE]
    182     0x0000CB80       0xFFFFFF80      0x0000000E         (0, 0, 9)      [] [NE, N, W]
    183     0x0001A600       0xFFFFFF80      0x00000801         (0, 1, 4)      [5] [E]
    184     0x00008080       0xFFFFFF80      0x00000001         (0, 0, 0)      [] [E]
    185     0x00016700       0xFFFFFF80      0x00000008         (0, 1, 12)      [] [W]
    186     0x00005700       0xFFFFFF80      0x00000002         (0, 0, 10)      [] [NE]
    187     0x00019200       0xFFFFFF80      0x00004020         (0, 1, 2)      [8] [S]
    188     0x00011E80       0xFFFFFF80      0x00800008         (0, 1, 3)      [17] [W]
    189     0x00011600       0xFFFFFF80      0x00000008         (0, 1, 2)      [] [W]
    190     0x00019000       0xFFFFFF80      0x00000420         (0, 1, 2)      [4] [S]
    191     0x0000DF80       0xFFFFFF80      0x0000600E         (0, 0, 11)      [8, 7] [NE, N, W]
    192     0x0000C000       0xFFFFFF80      0x00000101         (0, 0, 8)      [2] [E]
    193     0x00011880       0xFFFFFF80      0x00000808         (0, 1, 3)      [5] [W]
    194     0x00020280       0xFFFFFF80      0x00004000         (0, 2, 0)      [8] []
    195     0x00007E00       0xFFFFFF80      0x00200000         (0, 0, 15)      [15] []
    196     0x00014B80       0xFFFFFF80      0x00000020         (0, 1, 9)      [] [S]
    197     0x0001B080       0xFFFFFF80      0x00001000         (0, 1, 6)      [6] []
    198     0x0001B880       0xFFFFFF80      0x00000200         (0, 1, 7)      [3] []
    199     0x00004700       0xFFFFFF80      0x00000001         (0, 0, 8)      [] [E]
    200     0x0001C900       0xFFFFFF80      0x00000081         (0, 1, 9)      [1] [E]
    201     0x00002C80       0xFFFFFF80      0x00000002         (0, 0, 5)      [] [NE]
    202     0x00004380       0xFFFFFF80      0x00100000         (0, 0, 8)      [14] []
    203     0x00008C00       0xFFFFFF80      0x00100002         (0, 0, 1)      [14] [NE]
    204     0x00007F00       0xFFFFFF80      0x00800000         (0, 0, 15)      [17] []
    205     0x00041E00       0xFFFFFF00      0x00000100         (0, 4, 3)      [2] []
    206     0x0000E280       0xFFFFFF80      0x0019FF8A         (0, 0, 12)      [1, 2, 3, 4, 5, 6, 7, 8, 9, 10, 13, 14] [NE, W]
    207     0x00019A80       0xFFFFFF80      0x00000200         (0, 1, 3)      [3] []
    208     0x00045F00       0xFFFFFF00      0x00000008         (0, 4, 11)      [] [W]
    209     0x00002600       0xFFFFFF80      0x00080000         (0, 0, 4)      [13] []
    210     0x0000EC00       0xFFFFFF80      0x0001FFBF         (0, 0, 13)      [1, 2, 3, 4, 5, 6, 7, 8, 9, 10] [E, NE, N, W, SW, S]
    211     0x0001A480       0xFFFFFF80      0x00000100         (0, 1, 4)      [2] []
    212     0x00042A00       0xFFFFFF00      0x00100000         (0, 4, 5)      [14] []
    213     0x00013800       0xFFFFFF80      0x00010018         (0, 1, 7)      [10] [W, SW]
    214     0x00011100       0xFFFFFF80      0x00000018         (0, 1, 2)      [] [W, SW]
    215     0x0001E280       0xFFFFFF80      0x00002000         (0, 1, 12)      [7] []
    216     0x0000DD80       0xFFFFFF80      0x0000060C         (0, 0, 11)      [3, 4] [N, W]
    217     0x00018380       0xFFFFFF80      0x00000120         (0, 1, 0)      [2] [S]
    218     0x0000C780       0xFFFFFF80      0x00800000         (0, 0, 8)      [17] []
    219     0x00017780       0xFFFFFF80      0x00000108         (0, 1, 14)      [2] [W]
    220     0x00015480       0xFFFFFF80      0x00010000         (0, 1, 10)      [10] []
    221     0x0000FC80       0xFFFFFF80      0x00FE3021         (0, 0, 15)      [6, 7, 11, 12, 13, 14, 15, 16, 17] [E, S]
    222     0x0001C800       0xFFFFFF80      0x00000001         (0, 1, 9)      [] [E]
    223     0x00007500       0xFFFFFF80      0x00000001         (0, 0, 14)      [] [E]
    224     0x00014A80       0xFFFFFF80      0x00000020         (0, 1, 9)      [] [S]
    225     0x0000EB00       0xFFFFFF80      0x0001FFBF         (0, 0, 13)      [1, 2, 3, 4, 5, 6, 7, 8, 9, 10] [E, NE, N, W, SW, S]
    226     0x00006180       0xFFFFFF80      0x00400002         (0, 0, 12)      [16] [NE]
    227     0x0001AF00       0xFFFFFF80      0x00000200         (0, 1, 5)      [3] []
    228     0x0001AB80       0xFFFFFF80      0x00000001         (0, 1, 5)      [] [E]
    229     0x0000E480       0xFFFFFF80      0x0081FF8E         (0, 0, 12)      [1, 2, 3, 4, 5, 6, 7, 8, 9, 10, 17] [NE, N, W]
    230     0x0000F500       0xFFFFFF80      0x00FE0021         (0, 0, 14)      [11, 12, 13, 14, 15, 16, 17] [E, S]
    231     0x0001D580       0xFFFFFF80      0x00010000         (0, 1, 10)      [10] []
    232     0x00019980       0xFFFFFF80      0x00000080         (0, 1, 3)      [1] []
    233     0x0000BC80       0xFFFFFF80      0x00000001         (0, 0, 7)      [] [E]
    234     0x00011A00       0xFFFFFF80      0x00004008         (0, 1, 3)      [8] [W]
    235     0x00010F00       0xFFFFFF80      0x00200018         (0, 1, 1)      [15] [W, SW]
    236     0x00018C80       0xFFFFFF80      0x00000020         (0, 1, 1)      [] [S]
    237     0x0000D500       0xFFFFFF80      0x0020000A         (0, 0, 10)      [15] [NE, W]
    238     0x0001DA80       0xFFFFFF80      0x00000800         (0, 1, 11)      [5] []
    239     0x00011980       0xFFFFFF80      0x00002008         (0, 1, 3)      [7] [W]
    240     0x0000DC80       0xFFFFFF80      0x0000018C         (0, 0, 11)      [1, 2] [N, W]
    241     0x00013480       0xFFFFFF80      0x00000208         (0, 1, 6)      [3] [W]
    242     0x00001980       0xFFFFFF80      0x00800000         (0, 0, 3)      [17] []
    243     0x00015800       0xFFFFFF80      0x00000020         (0, 1, 11)      [] [S]
    244     0x00012980       0xFFFFFF80      0x00010008         (0, 1, 5)      [10] [W]
    245     0x00016C00       0xFFFFFF80      0x00000408         (0, 1, 13)      [4] [W]
    246     0x00015200       0xFFFFFF80      0x00000820         (0, 1, 10)      [5] [S]
    247     0x00004500       0xFFFFFF80      0x00800000         (0, 0, 8)      [17] []
    248     0x0000EA80       0xFFFFFF80      0x0001FF8E         (0, 0, 13)      [1, 2, 3, 4, 5, 6, 7, 8, 9, 10] [NE, N, W]
    249     0x00008E00       0xFFFFFF80      0x00000002         (0, 0, 1)      [] [NE]
    250     0x0001B200       0xFFFFFF80      0x00008000         (0, 1, 6)      [9] []
    251     0x00006D80       0xFFFFFF80      0x00020000         (0, 0, 13)      [11] []
    252     0x00012E00       0xFFFFFF80      0x00000008         (0, 1, 5)      [] [W]
    253     0x00000980       0xFFFFFF80      0x00100000         (0, 0, 1)      [14] []
    254     0x0000B200       0xFFFFFF80      0x00000201         (0, 0, 6)      [3] [E]
    255     0x0001F480       0xFFFFFF80      0x00002008         (0, 1, 14)      [7] [W]
    256     0x0000AC80       0xFFFFFF80      0x00000003         (0, 0, 5)      [] [E, NE]
    257     0x00016A00       0xFFFFFF80      0x00000008         (0, 1, 13)      [] [W]
    258     0x00017B80       0xFFFFFF80      0x00010008         (0, 1, 15)      [10] [W]
    259     0x00013E00       0xFFFFFF80      0x00000018         (0, 1, 7)      [] [W, SW]
    260     0x00017980       0xFFFFFF80      0x00001008         (0, 1, 15)      [6] [W]
    261     0x00018700       0xFFFFFF80      0x00008020         (0, 1, 0)      [9] [S]
    262     0x0000F700       0xFFFFFF80      0x00FE0021         (0, 0, 14)      [11, 12, 13, 14, 15, 16, 17] [E, S]
    263     0x0000FD00       0xFFFFFF80      0x00FE6021         (0, 0, 15)      [7, 8, 11, 12, 13, 14, 15, 16, 17] [E, S]
    264     0x00008680       0xFFFFFF80      0x00000200         (0, 0, 0)      [3] []
    265     0x00018600       0xFFFFFF80      0x00002020         (0, 1, 0)      [7] [S]
    266     0x0001AC00       0xFFFFFF80      0x00000001         (0, 1, 5)      [] [E]
    267     0x0000B180       0xFFFFFF80      0x00000101         (0, 0, 6)      [2] [E]
    268     0x00015C00       0xFFFFFF80      0x00000010         (0, 1, 11)      [] [SW]
    269     0x00013C00       0xFFFFFF80      0x00000018         (0, 1, 7)      [] [W, SW]
    270     0x0000A900       0xFFFFFF80      0x00100002         (0, 0, 5)      [14] [NE]
    271     0x0000C280       0xFFFFFF80      0x00002001         (0, 0, 8)      [7] [E]
    272     0x0001E200       0xFFFFFF80      0x00001000         (0, 1, 12)      [6] []
    273     0x00006E00       0xFFFFFF80      0x00040000         (0, 0, 13)      [12] []
    274     0x00023980       0xFFFFFF80      0x00000018         (0, 2, 7)      [] [W, SW]
    275     0x00015400       0xFFFFFF80      0x00008020         (0, 1, 10)      [9] [S]
    276     0x00016D00       0xFFFFFF80      0x00001008         (0, 1, 13)      [6] [W]
    277     0x0001DB00       0xFFFFFF80      0x00001000         (0, 1, 11)      [6] []
    278     0x00024180       0xFFFFFF80      0x00001008         (0, 2, 8)      [6] [W]
    279     0x00023A80       0xFFFFFF80      0x00000018         (0, 2, 7)      [] [W, SW]
    280     0x0000E680       0xFFFFFF80      0x0001FF8E         (0, 0, 12)      [1, 2, 3, 4, 5, 6, 7, 8, 9, 10] [NE, N, W]
    281     0x00018F80       0xFFFFFF80      0x00000220         (0, 1, 1)      [3] [S]
    282     0x00007C00       0xFFFFFF80      0x00020000         (0, 0, 15)      [11] []
    283     0x00023500       0xFFFFFF80      0x00000018         (0, 2, 6)      [] [W, SW]
    284     0x00019D80       0xFFFFFF80      0x00008000         (0, 1, 3)      [9] []
    285     0x0001F900       0xFFFFFF80      0x00001000         (0, 1, 15)      [6] []
    286     0x0000A080       0xFFFFFF80      0x00000002         (0, 0, 4)      [] [NE]
    287     0x00001C00       0xFFFFFF80      0x00000001         (0, 0, 3)      [] [E]
    288     0x0000AA00       0xFFFFFF80      0x00400002         (0, 0, 5)      [16] [NE]
    289     0x0000F380       0xFFFFFF80      0x00FE0021         (0, 0, 14)      [11, 12, 13, 14, 15, 16, 17] [E, S]
    290     0x00016580       0xFFFFFF80      0x00000008         (0, 1, 12)      [] [W]
    291     0x00016200       0xFFFFFF80      0x00010008         (0, 1, 12)      [10] [W]
    292     0x0001BB80       0xFFFFFF80      0x00008000         (0, 1, 7)      [9] []
    293     0x00002680       0xFFFFFF80      0x00100000         (0, 0, 4)      [14] []
    294     0x0000AE80       0xFFFFFF80      0x00000003         (0, 0, 5)      [] [E, NE]
    295     0x00014680       0xFFFFFF80      0x00010000         (0, 1, 8)      [10] []
    296     0x0000F300       0xFFFFFF80      0x00FE003F         (0, 0, 14)      [11, 12, 13, 14, 15, 16, 17] [E, NE, N, W, SW, S]
    297     0x00017280       0xFFFFFF80      0x00000008         (0, 1, 14)      [] [W]
    298     0x00011B80       0xFFFFFF80      0x00000008         (0, 1, 3)      [] [W]
    299     0x00013400       0xFFFFFF80      0x00000108         (0, 1, 6)      [2] [W]
    300     0x0000E980       0xFFFFFF80      0x0001FF8E         (0, 0, 13)      [1, 2, 3, 4, 5, 6, 7, 8, 9, 10] [NE, N, W]
    301     0x00019100       0xFFFFFF80      0x00001020         (0, 1, 2)      [6] [S]
    302     0x0000B700       0xFFFFFF80      0x00080000         (0, 0, 6)      [13] []
    303     0x0000BD80       0xFFFFFF80      0x00000001         (0, 0, 7)      [] [E]
    304     0x00013600       0xFFFFFF80      0x00001008         (0, 1, 6)      [6] [W]
    305     0x00018300       0xFFFFFF80      0x000000B0         (0, 1, 0)      [1] [SW, S]
    306     0x00024380       0xFFFFFF80      0x0001000A         (0, 2, 8)      [10] [NE, W]
    307     0x00005F00       0xFFFFFF80      0x00020000         (0, 0, 11)      [11] []
    308     0x0000AB00       0xFFFFFF80      0x00000002         (0, 0, 5)      [] [NE]
    309     0x0000E800       0xFFFFFF80      0x0001FF8E         (0, 0, 13)      [1, 2, 3, 4, 5, 6, 7, 8, 9, 10] [NE, N, W]
    310     0x00016800       0xFFFFFF80      0x00000008         (0, 1, 13)      [] [W]
    311     0x00015E00       0xFFFFFF80      0x00000100         (0, 1, 11)      [2] []
    312     0x0000AD00       0xFFFFFF80      0x00000003         (0, 0, 5)      [] [E, NE]
    313     0x00011480       0xFFFFFF80      0x00000018         (0, 1, 2)      [] [W, SW]
    314     0x00020700       0xFFFFFF80      0x00010000         (0, 2, 0)      [10] []
    315     0x0000E000       0xFFFFFF80      0x0000C00E         (0, 0, 12)      [8, 9] [NE, N, W]
    316     0x00018D00       0xFFFFFF80      0x00000020         (0, 1, 1)      [] [S]
    317     0x0001E700       0xFFFFFF80      0x00000200         (0, 1, 12)      [3] []
    318     0x0001D280       0xFFFFFF80      0x00000400         (0, 1, 10)      [4] []
    319     0x0000F800       0xFFFFFF80      0x00FE0021         (0, 0, 15)      [11, 12, 13, 14, 15, 16, 17] [E, S]
    320     0x0000C480       0xFFFFFF80      0x00020000         (0, 0, 8)      [11] []
    321     0x0000F780       0xFFFFFF80      0x00FE0021         (0, 0, 14)      [11, 12, 13, 14, 15, 16, 17] [E, S]
    322     0x00005F80       0xFFFFFF80      0x00040000         (0, 0, 11)      [12] []
    323     0x0001AF80       0xFFFFFF80      0x00000400         (0, 1, 5)      [4] []
    324     0x0000BE80       0xFFFFFF80      0x00000001         (0, 0, 7)      [] [E]
    325     0x00042100       0xFFFFFF00      0x00000800         (0, 4, 4)      [5] []
    326     0x0000D980       0xFFFFFF80      0x0000000E         (0, 0, 11)      [] [NE, N, W]
    327     0x00013180       0xFFFFFF80      0x00000008         (0, 1, 6)      [] [W]
    328     0x0000BE00       0xFFFFFF80      0x00000001         (0, 0, 7)      [] [E]
    329     0x00017E80       0xFFFFFF80      0x00000008         (0, 1, 15)      [] [W]
    330     0x00007680       0xFFFFFF80      0x00000001         (0, 0, 14)      [] [E]
    331     0x0001D900       0xFFFFFF80      0x00000100         (0, 1, 11)      [2] []
    332     0x0001A500       0xFFFFFF80      0x00000201         (0, 1, 4)      [3] [E]
    333     0x00014500       0xFFFFFF80      0x00002020         (0, 1, 8)      [7] [S]
    334     0x0001C280       0xFFFFFF80      0x00000808         (0, 1, 8)      [5] [W]
    335     0x0000CA80       0xFFFFFF80      0x0000000E         (0, 0, 9)      [] [NE, N, W]
    336     0x0001DC80       0xFFFFFF80      0x00008000         (0, 1, 11)      [9] []
    337     0x00006500       0xFFFFFF80      0x00000003         (0, 0, 12)      [] [E, NE]
    338     0x0000F880       0xFFFFFF80      0x00FE0021         (0, 0, 15)      [11, 12, 13, 14, 15, 16, 17] [E, S]
    339     0x00006400       0xFFFFFF80      0x00000002         (0, 0, 12)      [] [NE]
    340     0x0000E780       0xFFFFFF80      0x0001FF8E         (0, 0, 12)      [1, 2, 3, 4, 5, 6, 7, 8, 9, 10] [NE, N, W]
    341     0x00002B00       0xFFFFFF80      0x00000002         (0, 0, 5)      [] [NE]
    342     0x00010A00       0xFFFFFF80      0x00000821         (0, 1, 1)      [5] [E, S]
    343     0x0001F100       0xFFFFFF80      0x00000008         (0, 1, 14)      [] [W]
    344     0x0001C200       0xFFFFFF80      0x00000408         (0, 1, 8)      [4] [W]
    345     0x0000F180       0xFFFFFF80      0x00FE003B         (0, 0, 14)      [11, 12, 13, 14, 15, 16, 17] [E, NE, W, SW, S]
    346     0x00012380       0xFFFFFF80      0x00000008         (0, 1, 4)      [] [W]
    347     0x00005280       0xFFFFFF80      0x00200002         (0, 0, 10)      [15] [NE]
    348     0x0001B100       0xFFFFFF80      0x00002000         (0, 1, 6)      [7] []
    349     0x0001CA00       0xFFFFFF80      0x00000201         (0, 1, 9)      [3] [E]
    350     0x0000A400       0xFFFFFF80      0x00000400         (0, 0, 4)      [4] []
    351     0x0000CE00       0xFFFFFF80      0x0000008C         (0, 0, 9)      [1] [N, W]
    352     0x0001E300       0xFFFFFF80      0x00004000         (0, 1, 12)      [8] []
    353     0x00009B80       0xFFFFFF80      0x00400002         (0, 0, 3)      [16] [NE]
    354     0x00042300       0xFFFFFF00      0x00002000         (0, 4, 4)      [7] []
    355     0x0000DE00       0xFFFFFF80      0x00000C0C         (0, 0, 11)      [4, 5] [N, W]
    356     0x0000C680       0xFFFFFF80      0x00200000         (0, 0, 8)      [15] []
    357     0x0000BB00       0xFFFFFF80      0x00000001         (0, 0, 7)      [] [E]
    358     0x00011B00       0xFFFFFF80      0x00010008         (0, 1, 3)      [10] [W]
    359     0x00017A80       0xFFFFFF80      0x00004008         (0, 1, 15)      [8] [W]
    360     0x0000CC80       0xFFFFFF80      0x0000000C         (0, 0, 9)      [] [N, W]
    361     0x00012100       0xFFFFFF80      0x00000008         (0, 1, 4)      [] [W]
    362     0x0000B000       0xFFFFFF80      0x00000001         (0, 0, 6)      [] [E]
    363     0x00019C80       0xFFFFFF80      0x00002000         (0, 1, 3)      [7] []
    364     0x0000D000       0xFFFFFF80      0x0000080C         (0, 0, 10)      [5] [N, W]
    365     0x00009C80       0xFFFFFF80      0x00000002         (0, 0, 3)      [] [NE]
    366     0x00012680       0xFFFFFF80      0x00000408         (0, 1, 4)      [4] [W]
    367     0x00005600       0xFFFFFF80      0x00000002         (0, 0, 10)      [] [NE]
    368     0x0001A580       0xFFFFFF80      0x00000401         (0, 1, 4)      [4] [E]
    369     0x00017900       0xFFFFFF80      0x00000808         (0, 1, 15)      [5] [W]
    370     0x00011D00       0xFFFFFF80      0x00100008         (0, 1, 3)      [14] [W]
    371     0x0000D800       0xFFFFFF80      0x0000000E         (0, 0, 11)      [] [NE, N, W]
    372     0x00009400       0xFFFFFF80      0x00000080         (0, 0, 2)      [1] []
    373     0x00014A00       0xFFFFFF80      0x00000020         (0, 1, 9)      [] [S]
    374     0x00004980       0xFFFFFF80      0x00000001         (0, 0, 9)      [] [E]
    375     0x00005300       0xFFFFFF80      0x00400002         (0, 0, 10)      [16] [NE]
    376     0x00042000       0xFFFFFF00      0x00000400         (0, 4, 4)      [4] []
    377     0x00011380       0xFFFFFF80      0x00000018         (0, 1, 2)      [] [W, SW]
    378     0x0001A800       0xFFFFFF80      0x00008000         (0, 1, 5)      [9] []
    379     0x0000F200       0xFFFFFF80      0x00FE003B         (0, 0, 14)      [11, 12, 13, 14, 15, 16, 17] [E, NE, W, SW, S]
    380     0x00005100       0xFFFFFF80      0x00040000         (0, 0, 10)      [12] []
    381     0x00023F80       0xFFFFFF80      0x00000108         (0, 2, 7)      [2] [W]
    382     0x00007200       0xFFFFFF80      0x00000001         (0, 0, 14)      [] [E]
    383     0x00014280       0xFFFFFF80      0x00000120         (0, 1, 8)      [2] [S]
    384     0x00007580       0xFFFFFF80      0x00000001         (0, 0, 14)      [] [E]
    385     0x0000E500       0xFFFFFF80      0x0001FF8E         (0, 0, 12)      [1, 2, 3, 4, 5, 6, 7, 8, 9, 10] [NE, N, W]
    386     0x0000ED00       0xFFFFFF80      0x0001FFBF         (0, 0, 13)      [1, 2, 3, 4, 5, 6, 7, 8, 9, 10] [E, NE, N, W, SW, S]
    387     0x00002780       0xFFFFFF80      0x00400002         (0, 0, 4)      [16] [NE]
    388     0x0001CD80       0xFFFFFF80      0x00010000         (0, 1, 9)      [10] []
    389     0x00016B80       0xFFFFFF80      0x00000208         (0, 1, 13)      [3] [W]
    390     0x0001CB00       0xFFFFFF80      0x00000801         (0, 1, 9)      [5] [E]
    391     0x00016000       0xFFFFFF80      0x00001000         (0, 1, 12)      [6] []
    392     0x0000B900       0xFFFFFF80      0x00800000         (0, 0, 7)      [17] []
    393     0x00020380       0xFFFFFF80      0x00010000         (0, 2, 0)      [10] []
    394     0x00011780       0xFFFFFF80      0x00000208         (0, 1, 2)      [3] [W]
    395     0x0000D880       0xFFFFFF80      0x0000000E         (0, 0, 11)      [] [NE, N, W]
    396     0x0000C980       0xFFFFFF80      0x00000001         (0, 0, 9)      [] [E]
    397     0x00018E80       0xFFFFFF80      0x000000A0         (0, 1, 1)      [1] [S]
    398     0x0001B980       0xFFFFFF80      0x00000800         (0, 1, 7)      [5] []
    399     0x0000B280       0xFFFFFF80      0x00000401         (0, 0, 6)      [4] [E]
    400     0x00002A80       0xFFFFFF80      0x00000002         (0, 0, 5)      [] [NE]
    401     0x00007C80       0xFFFFFF80      0x00040000         (0, 0, 15)      [12] []
    402     0x0000BD00       0xFFFFFF80      0x00000001         (0, 0, 7)      [] [E]
    403     0x0001D980       0xFFFFFF80      0x00000200         (0, 1, 11)      [3] []
    404     0x00007400       0xFFFFFF80      0x00000001         (0, 0, 14)      [] [E]
    405     0x0001C380       0xFFFFFF80      0x00002008         (0, 1, 8)      [7] [W]
    406     0x0001CD00       0xFFFFFF80      0x00008000         (0, 1, 9)      [9] []
    407     0x00023E80       0xFFFFFF80      0x00000008         (0, 2, 7)      [] [W]
    408     0x0000A300       0xFFFFFF80      0x00000100         (0, 0, 4)      [2] []
    409     0x00023380       0xFFFFFF80      0x00000010         (0, 2, 6)      [] [SW]
    410     0x00016B00       0xFFFFFF80      0x00000108         (0, 1, 13)      [2] [W]
    411     0x00017380       0xFFFFFF80      0x00000008         (0, 1, 14)      [] [W]
    412     0x00010900       0xFFFFFF80      0x00000221         (0, 1, 1)      [3] [E, S]
    413     0x00001B00       0xFFFFFF80      0x00000001         (0, 0, 3)      [] [E]
    414     0x00042700       0xFFFFFF00      0x00020000         (0, 4, 4)      [11] []
    415     0x00002500       0xFFFFFF80      0x00020000         (0, 0, 4)      [11] []
    416     0x00010F80       0xFFFFFF80      0x00400018         (0, 1, 1)      [16] [W, SW]
    417     0x00018000       0xFFFFFF80      0x00000008         (0, 1, 0)      [] [W]
    418     0x00013900       0xFFFFFF80      0x00000010         (0, 1, 7)      [] [SW]
    419     0x00016900       0xFFFFFF80      0x00000008         (0, 1, 13)      [] [W]
    420     0x00012F80       0xFFFFFF80      0x00000008         (0, 1, 5)      [] [W]
    421     0x00006700       0xFFFFFF80      0x00000003         (0, 0, 12)      [] [E, NE]
    422     0x0000C500       0xFFFFFF80      0x00040000         (0, 0, 8)      [12] []
    423     0x00015A00       0xFFFFFF80      0x00000010         (0, 1, 11)      [] [SW]
    424     0x0000FA80       0xFFFFFF80      0x00FE0321         (0, 0, 15)      [2, 3, 11, 12, 13, 14, 15, 16, 17] [E, S]
    425     0x00017200       0xFFFFFF80      0x00000008         (0, 1, 14)      [] [W]
    426     0x00009900       0xFFFFFF80      0x00020000         (0, 0, 3)      [11] []
    427     0x00003A80       0xFFFFFF80      0x00000003         (0, 0, 7)      [] [E, NE]
    428     0x00023700       0xFFFFFF80      0x00100018         (0, 2, 6)      [14] [W, SW]
    429     0x00009D80       0xFFFFFF80      0x00000002         (0, 0, 3)      [] [NE]
    430     0x00015280       0xFFFFFF80      0x00001020         (0, 1, 10)      [6] [S]
    431     0x00004880       0xFFFFFF80      0x00000001         (0, 0, 9)      [] [E]
    432     0x00003500       0xFFFFFF80      0x00100002         (0, 0, 6)      [14] [NE]
    433     0x00010D00       0xFFFFFF80      0x00000018         (0, 1, 1)      [] [W, SW]
    434     0x00006580       0xFFFFFF80      0x00000003         (0, 0, 12)      [] [E, NE]
    435     0x00010E00       0xFFFFFF80      0x00080018         (0, 1, 1)      [13] [W, SW]
    436     0x00010400       0xFFFFFF80      0x00000021         (0, 1, 0)      [] [E, S]
    437     0x00001D80       0xFFFFFF80      0x00000001         (0, 0, 3)      [] [E]
    438     0x00017F80       0xFFFFFF80      0x00000008         (0, 1, 15)      [] [W]
    439     0x00001680       0xFFFFFF80      0x00020000         (0, 0, 2)      [11] []
    440     0x00016F00       0xFFFFFF80      0x00010008         (0, 1, 13)      [10] [W]
    441     0x0001E080       0xFFFFFF80      0x00000200         (0, 1, 12)      [3] []
    442     0x00008380       0xFFFFFF80      0x00000001         (0, 0, 0)      [] [E]
    443     0x00012480       0xFFFFFF80      0x00000008         (0, 1, 4)      [] [W]
    444     0x0000E300       0xFFFFFF80      0x0031FF8A         (0, 0, 12)      [1, 2, 3, 4, 5, 6, 7, 8, 9, 10, 14, 15] [NE, W]
    445     0x00017480       0xFFFFFF80      0x00000008         (0, 1, 14)      [] [W]
    446     0x00010280       0xFFFFFF80      0x00000021         (0, 1, 0)      [] [E, S]
    447     0x00024100       0xFFFFFF80      0x00000808         (0, 2, 8)      [5] [W]
    448     0x00012D80       0xFFFFFF80      0x00000008         (0, 1, 5)      [] [W]
    449     0x00021C80       0xFFFFFF80      0x00FE0000         (0, 2, 3)      [11, 12, 13, 14, 15, 16, 17] []
    450     0x00006000       0xFFFFFF80      0x00080002         (0, 0, 12)      [13] [NE]
    451     0x00003780       0xFFFFFF80      0x00000002         (0, 0, 6)      [] [NE]
    452     0x00008200       0xFFFFFF80      0x00000001         (0, 0, 0)      [] [E]
    453     0x00013500       0xFFFFFF80      0x00000408         (0, 1, 6)      [4] [W]
    454     0x00017700       0xFFFFFF80      0x00000088         (0, 1, 14)      [1] [W]
    455     0x0001D480       0xFFFFFF80      0x00004000         (0, 1, 10)      [8] []
    456     0x00015F00       0xFFFFFF80      0x00000400         (0, 1, 11)      [4] []
    457     0x00008180       0xFFFFFF80      0x00000001         (0, 0, 0)      [] [E]
    458     0x00012900       0xFFFFFF80      0x00008008         (0, 1, 5)      [9] [W]
    459     0x00009000       0xFFFFFF80      0x00000002         (0, 0, 2)      [] [NE]
    460     0x00003580       0xFFFFFF80      0x00200002         (0, 0, 6)      [15] [NE]
    461     0x00014E80       0xFFFFFF80      0x00000020         (0, 1, 9)      [] [S]
    462     0x00014200       0xFFFFFF80      0x000000B0         (0, 1, 8)      [1] [SW, S]
    463     0x00008D00       0xFFFFFF80      0x00400002         (0, 0, 1)      [16] [NE]
    464     0x0001D300       0xFFFFFF80      0x00000800         (0, 1, 10)      [5] []
    465     0x00011900       0xFFFFFF80      0x00001008         (0, 1, 3)      [6] [W]
    466     0x00016A80       0xFFFFFF80      0x00000088         (0, 1, 13)      [1] [W]
    467     0x00019B80       0xFFFFFF80      0x00000800         (0, 1, 3)      [5] []
    468     0x0000FE00       0xFFFFFF80      0x00FF8001         (0, 0, 15)      [9, 10, 11, 12, 13, 14, 15, 16, 17] [E]
    469     0x0000C580       0xFFFFFF80      0x00080000         (0, 0, 8)      [13] []
    470     0x00003980       0xFFFFFF80      0x00000003         (0, 0, 7)      [] [E, NE]
    471     0x00023C00       0xFFFFFF80      0x00000018         (0, 2, 7)      [] [W, SW]
    472     0x00010B00       0xFFFFFF80      0x00002021         (0, 1, 1)      [7] [E, S]
    473     0x00009180       0xFFFFFF80      0x00000002         (0, 0, 2)      [] [NE]
    474     0x00012800       0xFFFFFF80      0x00002008         (0, 1, 5)      [7] [W]
    475     0x00000C80       0xFFFFFF80      0x00000002         (0, 0, 1)      [] [NE]
    476     0x00012C00       0xFFFFFF80      0x00200008         (0, 1, 5)      [15] [W]
    477     0x0000B800       0xFFFFFF80      0x00200000         (0, 0, 7)      [15] []
    478     0x0001E800       0xFFFFFF80      0x00000800         (0, 1, 13)      [5] []
    479     0x00023D00       0xFFFFFF80      0x00000008         (0, 2, 7)      [] [W]
    480     0x00009A80       0xFFFFFF80      0x00100002         (0, 0, 3)      [14] [NE]
    481     0x0000E700       0xFFFFFF80      0x0001FF8E         (0, 0, 12)      [1, 2, 3, 4, 5, 6, 7, 8, 9, 10] [NE, N, W]
    482     0x00013200       0xFFFFFF80      0x00000008         (0, 1, 6)      [] [W]
    483     0x00009580       0xFFFFFF80      0x00000400         (0, 0, 2)      [4] []
    484     0x0001FA80       0xFFFFFF80      0x00008000         (0, 1, 15)      [9] []
    485     0x00015180       0xFFFFFF80      0x00000420         (0, 1, 10)      [4] [S]
    486     0x00018580       0xFFFFFF80      0x00001020         (0, 1, 0)      [6] [S]
    487     0x0001D100       0xFFFFFF80      0x00000080         (0, 1, 10)      [1] []
    488     0x00014600       0xFFFFFF80      0x00008020         (0, 1, 8)      [9] [S]
    489     0x00018180       0xFFFFFF80      0x00000008         (0, 1, 0)      [] [W]
    490     0x00007700       0xFFFFFF80      0x00000081         (0, 0, 14)      [1] [E]
    491     0x00012780       0xFFFFFF80      0x00001008         (0, 1, 4)      [6] [W]
    492     0x0001F080       0xFFFFFF80      0x00010008         (0, 1, 14)      [10] [W]
    493     0x00013580       0xFFFFFF80      0x00000808         (0, 1, 6)      [5] [W]
    494     0x0000FB00       0xFFFFFF80      0x00FE0621         (0, 0, 15)      [3, 4, 11, 12, 13, 14, 15, 16, 17] [E, S]
    495     0x00018280       0xFFFFFF80      0x00000008         (0, 1, 0)      [] [W]
    496     0x00010480       0xFFFFFF80      0x00000021         (0, 1, 0)      [] [E, S]
    497     0x0001A780       0xFFFFFF80      0x00004000         (0, 1, 4)      [8] []
    498     0x0000AF80       0xFFFFFF80      0x00000003         (0, 0, 5)      [] [E, NE]
    499     0x0000A980       0xFFFFFF80      0x00200002         (0, 0, 5)      [15] [NE]
    500     0x00000A00       0xFFFFFF80      0x00200000         (0, 0, 1)      [15] []
    501     0x00011700       0xFFFFFF80      0x00000108         (0, 1, 2)      [2] [W]
    502     0x00017580       0xFFFFFF80      0x00000008         (0, 1, 14)      [] [W]
    503     0x00011D80       0xFFFFFF80      0x00200008         (0, 1, 3)      [15] [W]
    504     0x00014D80       0xFFFFFF80      0x00000020         (0, 1, 9)      [] [S]
    505     0x0000C700       0xFFFFFF80      0x00400000         (0, 0, 8)      [16] []
    506     0x00013C80       0xFFFFFF80      0x00000018         (0, 1, 7)      [] [W, SW]
    507     0x00000880       0xFFFFFF80      0x00040000         (0, 0, 1)      [12] []
    508     0x0001CA80       0xFFFFFF80      0x00000401         (0, 1, 9)      [4] [E]
    509     0x00012300       0xFFFFFF80      0x00000008         (0, 1, 4)      [] [W]
    510     0x0000BB80       0xFFFFFF80      0x00000001         (0, 0, 7)      [] [E]
    511     0x00016600       0xFFFFFF80      0x00000008         (0, 1, 12)      [] [W]
    512     0x00013A00       0xFFFFFF80      0x00000010         (0, 1, 7)      [] [SW]
    513     0x00013880       0xFFFFFF80      0x00000018         (0, 1, 7)      [] [W, SW]
    514     0x0000FF80       0xFFFFFF80      0x000C0020         (0, 0, 15)      [12, 13] [S]
    515     0x0001C400       0xFFFFFF80      0x00004008         (0, 1, 8)      [8] [W]
    516     0x00010700       0xFFFFFF80      0x00000021         (0, 1, 0)      [] [E, S]
    517     0x00003800       0xFFFFFF80      0x00000003         (0, 0, 7)      [] [E, NE]
    518     0x00015E80       0xFFFFFF80      0x00000200         (0, 1, 11)      [3] []
    519     0x0001B000       0xFFFFFF80      0x00000800         (0, 1, 6)      [5] []
    520     0x00011080       0xFFFFFF80      0x00000018         (0, 1, 2)      [] [W, SW]
    521     0x00011E00       0xFFFFFF80      0x00400008         (0, 1, 3)      [16] [W]
    522     0x00004200       0xFFFFFF80      0x00020000         (0, 0, 8)      [11] []
    523     0x00004680       0xFFFFFF80      0x00000001         (0, 0, 8)      [] [E]
    524     0x0000D700       0xFFFFFF80      0x0000000E         (0, 0, 10)      [] [NE, N, W]
    525     0x00000E80       0xFFFFFF80      0x00000002         (0, 0, 1)      [] [NE]
    526     0x0001C480       0xFFFFFF80      0x00008008         (0, 1, 8)      [9] [W]
    527     0x00012200       0xFFFFFF80      0x00000008         (0, 1, 4)      [] [W]
    528     0x0000DB00       0xFFFFFF80      0x0000000C         (0, 0, 11)      [] [N, W]
    529     0x00008A80       0xFFFFFF80      0x00020000         (0, 0, 1)      [11] []
    530     0x00023F00       0xFFFFFF80      0x00000088         (0, 2, 7)      [1] [W]
    531     0x00016E80       0xFFFFFF80      0x00008008         (0, 1, 13)      [9] [W]
    532     0x0001E980       0xFFFFFF80      0x00004000         (0, 1, 13)      [8] []
    533     0x00023B00       0xFFFFFF80      0x00000018         (0, 2, 7)      [] [W, SW]
    534     0x0000B080       0xFFFFFF80      0x00000001         (0, 0, 6)      [] [E]
    535     0x00016500       0xFFFFFF80      0x00000008         (0, 1, 12)      [] [W]
    536     0x0000FF00       0xFFFFFF80      0x00060020         (0, 0, 15)      [11, 12] [S]
    537     0x00009980       0xFFFFFF80      0x00040000         (0, 0, 3)      [12] []
    538     0x00007080       0xFFFFFF80      0x00800000         (0, 0, 14)      [17] []
    539     0x0001B780       0xFFFFFF80      0x00000080         (0, 1, 6)      [1] []
    540     0x0000FC00       0xFFFFFF80      0x00FE1821         (0, 0, 15)      [5, 6, 11, 12, 13, 14, 15, 16, 17] [E, S]
    541     0x00008300       0xFFFFFF80      0x00000001         (0, 0, 0)      [] [E]
    542     0x00024280       0xFFFFFF80      0x0000400A         (0, 2, 8)      [8] [NE, W]
    543     0x00018F00       0xFFFFFF80      0x00000120         (0, 1, 1)      [2] [S]
    544     0x00009F80       0xFFFFFF80      0x00000002         (0, 0, 3)      [] [NE]
    545     0x0001C000       0xFFFFFF80      0x00000008         (0, 1, 8)      [] [W]
    546     0x0001C500       0xFFFFFF80      0x00010008         (0, 1, 8)      [10] [W]
    547     0x00010E80       0xFFFFFF80      0x00100018         (0, 1, 1)      [14] [W, SW]
    548     0x00018080       0xFFFFFF80      0x00000008         (0, 1, 0)      [] [W]
    549     0x00014D00       0xFFFFFF80      0x00000020         (0, 1, 9)      [] [S]
    550     0x00005080       0xFFFFFF80      0x00020000         (0, 0, 10)      [11] []
    551     0x00017B00       0xFFFFFF80      0x00008008         (0, 1, 15)      [9] [W]
    552     0x00010C00       0xFFFFFF80      0x00008021         (0, 1, 1)      [9] [E, S]
    553     0x0001FF80       0xFFFFFF80      0x00010000         (0, 1, 15)      [10] []
    554     0x00017400       0xFFFFFF80      0x00000008         (0, 1, 14)      [] [W]
    555     0x0001EE80       0xFFFFFF80      0x00001000         (0, 1, 13)      [6] []
    556     0x0000F000       0xFFFFFF80      0x00FE0038         (0, 0, 14)      [11, 12, 13, 14, 15, 16, 17] [W, SW, S]
    557     0x00013700       0xFFFFFF80      0x00004018         (0, 1, 6)      [8] [W, SW]
    558     0x00008480       0xFFFFFF80      0x00000001         (0, 0, 0)      [] [E]
    559     0x0001D180       0xFFFFFF80      0x00000100         (0, 1, 10)      [2] []
    560     0x0000E080       0xFFFFFF80      0x0001800E         (0, 0, 12)      [9, 10] [NE, N, W]
    561     0x0000B300       0xFFFFFF80      0x00000801         (0, 0, 6)      [5] [E]
    562     0x00019D00       0xFFFFFF80      0x00004000         (0, 1, 3)      [8] []
    563     0x00009500       0xFFFFFF80      0x00000200         (0, 0, 2)      [3] []
    564     0x00023900       0xFFFFFF80      0x00000018         (0, 2, 7)      [] [W, SW]
    565     0x0000AB80       0xFFFFFF80      0x00000002         (0, 0, 5)      [] [NE]
    566     0x00005780       0xFFFFFF80      0x00000002         (0, 0, 10)      [] [NE]
    567     0x00041D00       0xFFFFFF00      0x00000080         (0, 4, 3)      [1] []
    568     0x00004780       0xFFFFFF80      0x00000001         (0, 0, 8)      [] [E]
    569     0x0001FE80       0xFFFFFF80      0x00004000         (0, 1, 15)      [8] []
    570     0x00009E00       0xFFFFFF80      0x00000002         (0, 0, 3)      [] [NE]
    571     0x00010580       0xFFFFFF80      0x00000021         (0, 1, 0)      [] [E, S]
    572     0x00006080       0xFFFFFF80      0x00100002         (0, 0, 12)      [14] [NE]
    573     0x00010300       0xFFFFFF80      0x00000021         (0, 1, 0)      [] [E, S]
    574     0x00010180       0xFFFFFF80      0x00C00021         (0, 1, 0)      [16, 17] [E, S]
    575     0x00002880       0xFFFFFF80      0x00000002         (0, 0, 5)      [] [NE]
    576     0x00010380       0xFFFFFF80      0x00000021         (0, 1, 0)      [] [E, S]
    577     0x00010600       0xFFFFFF80      0x00000021         (0, 1, 0)      [] [E, S]
    578     0x0001EA00       0xFFFFFF80      0x00008000         (0, 1, 13)      [9] []
    579     0x00011180       0xFFFFFF80      0x00000018         (0, 1, 2)      [] [W, SW]
    580     0x00016880       0xFFFFFF80      0x00000008         (0, 1, 13)      [] [W]
    581     0x0001BA00       0xFFFFFF80      0x00001000         (0, 1, 7)      [6] []
    582     0x00016980       0xFFFFFF80      0x00000008         (0, 1, 13)      [] [W]
    583     0x0001F580       0xFFFFFF80      0x00008008         (0, 1, 14)      [9] [W]
    584     0x0001E100       0xFFFFFF80      0x00000400         (0, 1, 12)      [4] []
    585     0x0001DA00       0xFFFFFF80      0x00000400         (0, 1, 11)      [4] []
    586     0x0000DA00       0xFFFFFF80      0x0000000E         (0, 0, 11)      [] [NE, N, W]
    587     0x00023100       0xFFFFFF80      0x00000010         (0, 2, 6)      [] [SW]
    588     0x00013B00       0xFFFFFF80      0x00400018         (0, 1, 7)      [16] [W, SW]
    589     0x00006E80       0xFFFFFF80      0x00080000         (0, 0, 13)      [13] []
    590     0x00018B00       0xFFFFFF80      0x00000030         (0, 1, 1)      [] [SW, S]
    591     0x0000BF80       0xFFFFFF80      0x00000081         (0, 0, 7)      [1] [E]
    592     0x00018E00       0xFFFFFF80      0x00000020         (0, 1, 1)      [] [S]
    593     0x00009C00       0xFFFFFF80      0x00800002         (0, 0, 3)      [17] [NE]
    594     0x00023880       0xFFFFFF80      0x00800018         (0, 2, 7)      [17] [W, SW]
    595     0x0000B880       0xFFFFFF80      0x00400000         (0, 0, 7)      [16] []
    596     0x00015780       0xFFFFFF80      0x00000020         (0, 1, 10)      [] [S]
    597     0x00012A00       0xFFFFFF80      0x00000008         (0, 1, 5)      [] [W]
    598     0x00006600       0xFFFFFF80      0x00000003         (0, 0, 12)      [] [E, NE]
    599     0x0001FF00       0xFFFFFF80      0x00008000         (0, 1, 15)      [9] []
    600     0x00000800       0xFFFFFF80      0x00020000         (0, 0, 1)      [11] []
    601     0x00007600       0xFFFFFF80      0x00000001         (0, 0, 14)      [] [E]
    602     0x00020300       0xFFFFFF80      0x00008000         (0, 2, 0)      [9] []
    603     0x00015B80       0xFFFFFF80      0x00000010         (0, 1, 11)      [] [SW]
    604     0x00018100       0xFFFFFF80      0x00000008         (0, 1, 0)      [] [W]
    605     0x00006280       0xFFFFFF80      0x00000002         (0, 0, 12)      [] [NE]
    606     0x00013980       0xFFFFFF80      0x00000010         (0, 1, 7)      [] [SW]
    607     0x0000F580       0xFFFFFF80      0x00FE0021         (0, 0, 14)      [11, 12, 13, 14, 15, 16, 17] [E, S]
    608     0x00006880       0xFFFFFF80      0x00000081         (0, 0, 13)      [1] [E]
    609     0x00015A80       0xFFFFFF80      0x00000010         (0, 1, 11)      [] [SW]
    610     0x00005480       0xFFFFFF80      0x00000002         (0, 0, 10)      [] [NE]
    611     0x00012600       0xFFFFFF80      0x00000208         (0, 1, 4)      [3] [W]
    612     0x00016C80       0xFFFFFF80      0x00000808         (0, 1, 13)      [5] [W]
    613     0x00014400       0xFFFFFF80      0x00000820         (0, 1, 8)      [5] [S]
    614     0x00008600       0xFFFFFF80      0x00000100         (0, 0, 0)      [2] []
    615     0x00015C80       0xFFFFFF80      0x00000010         (0, 1, 11)      [] [SW]
    616     0x00007D00       0xFFFFFF80      0x00080000         (0, 0, 15)      [13] []
    617     0x00018400       0xFFFFFF80      0x00000220         (0, 1, 0)      [3] [S]
    618     0x00004280       0xFFFFFF80      0x00040000         (0, 0, 8)      [12] []
    619     0x0000E580       0xFFFFFF80      0x0001FF8E         (0, 0, 12)      [1, 2, 3, 4, 5, 6, 7, 8, 9, 10] [NE, N, W]
    620     0x0001D500       0xFFFFFF80      0x00008000         (0, 1, 10)      [9] []
    621     0x00012F00       0xFFFFFF80      0x00000008         (0, 1, 5)      [] [W]
    622     0x00023600       0xFFFFFF80      0x00040018         (0, 2, 6)      [12] [W, SW]
    623     0x0000C100       0xFFFFFF80      0x00000401         (0, 0, 8)      [4] [E]
    624     0x00012880       0xFFFFFF80      0x00004008         (0, 1, 5)      [8] [W]
    625     0x00011280       0xFFFFFF80      0x00000018         (0, 1, 2)      [] [W, SW]
    626     0x00001B80       0xFFFFFF80      0x00000001         (0, 0, 3)      [] [E]
    627     0x00009080       0xFFFFFF80      0x00000002         (0, 0, 2)      [] [NE]
    628     0x00002800       0xFFFFFF80      0x00800002         (0, 0, 5)      [17] [NE]
    629     0x00014C00       0xFFFFFF80      0x00000020         (0, 1, 9)      [] [S]
    630     0x00016100       0xFFFFFF80      0x00004008         (0, 1, 12)      [8] [W]
    631     0x00016D80       0xFFFFFF80      0x00002008         (0, 1, 13)      [7] [W]
    632     0x00042B00       0xFFFFFF00      0x00200000         (0, 4, 5)      [15] []
    633     0x00005680       0xFFFFFF80      0x00000002         (0, 0, 10)      [] [NE]
    634     0x0001A400       0xFFFFFF80      0x00000080         (0, 1, 4)      [1] []
    635     0x00007280       0xFFFFFF80      0x00000001         (0, 0, 14)      [] [E]
    636     0x0000E100       0xFFFFFF80      0x0003FF80         (0, 0, 12)      [1, 2, 3, 4, 5, 6, 7, 8, 9, 10, 11] []
    637     0x0000D300       0xFFFFFF80      0x00020000         (0, 0, 10)      [11] []
    638     0x00017500       0xFFFFFF80      0x00000008         (0, 1, 14)      [] [W]
    639     0x0000CF00       0xFFFFFF80      0x0000020C         (0, 0, 9)      [3] [N, W]
    640     0x0000CD80       0xFFFFFF80      0x0000000C         (0, 0, 9)      [] [N, W]
    641     0x00016F80       0xFFFFFF80      0x00000008         (0, 1, 13)      [] [W]
    642     0x0001D200       0xFFFFFF80      0x00000200         (0, 1, 10)      [3] []
    643     0x0001AE00       0xFFFFFF80      0x00000080         (0, 1, 5)      [1] []
    644     0x00007E80       0xFFFFFF80      0x00400000         (0, 0, 15)      [16] []
    645     0x00008F00       0xFFFFFF80      0x00000002         (0, 0, 1)      [] [NE]
    646     0x00015380       0xFFFFFF80      0x00004020         (0, 1, 10)      [8] [S]
    647     0x00023E00       0xFFFFFF80      0x00000008         (0, 2, 7)      [] [W]
    648     0x0000B600       0xFFFFFF80      0x00020000         (0, 0, 6)      [11] []
    649     0x00014F00       0xFFFFFF80      0x00000020         (0, 1, 9)      [] [S]
    650     0x0001BC00       0xFFFFFF80      0x00010000         (0, 1, 7)      [10] []
    651     0x00012C80       0xFFFFFF80      0x00400008         (0, 1, 5)      [16] [W]
    652     0x00023580       0xFFFFFF80      0x00020018         (0, 2, 6)      [11] [W, SW]
    653     0x00013D00       0xFFFFFF80      0x00000018         (0, 1, 7)      [] [W, SW]
    654     0x00016180       0xFFFFFF80      0x00008008         (0, 1, 12)      [9] [W]
    655     0x00014100       0xFFFFFF80      0x00000030         (0, 1, 8)      [] [SW, S]
    656     0x00008100       0xFFFFFF80      0x00000001         (0, 0, 0)      [] [E]
    657     0x00008E80       0xFFFFFF80      0x00000002         (0, 0, 1)      [] [NE]
    658     0x00017680       0xFFFFFF80      0x00000008         (0, 1, 14)      [] [W]
    659     0x00014E00       0xFFFFFF80      0x00000020         (0, 1, 9)      [] [S]
    660     0x00011800       0xFFFFFF80      0x00000408         (0, 1, 3)      [4] [W]
    661     0x00007480       0xFFFFFF80      0x00000001         (0, 0, 14)      [] [E]
    662     0x00016080       0xFFFFFF80      0x00002000         (0, 1, 12)      [7] []
    663     0x00013680       0xFFFFFF80      0x00002008         (0, 1, 6)      [7] [W]
    664     0x00010200       0xFFFFFF80      0x00800021         (0, 1, 0)      [17] [E, S]
    665     0x0000CC00       0xFFFFFF80      0x0000000E         (0, 0, 9)      [] [NE, N, W]
    666     0x00014000       0xFFFFFF80      0x00000030         (0, 1, 8)      [] [SW, S]
    667     0x0000D100       0xFFFFFF80      0x0000200C         (0, 0, 10)      [7] [N, W]
    668     0x00023200       0xFFFFFF80      0x00000010         (0, 2, 6)      [] [SW]
    669     0x0000A780       0xFFFFFF80      0x00020000         (0, 0, 4)      [11] []
    670     0x0000D180       0xFFFFFF80      0x0000400E         (0, 0, 10)      [8] [NE, N, W]
    671     0x0001D380       0xFFFFFF80      0x00001000         (0, 1, 10)      [6] []
    672     0x0000EA00       0xFFFFFF80      0x0001FF8E         (0, 0, 13)      [1, 2, 3, 4, 5, 6, 7, 8, 9, 10] [NE, N, W]
    673     0x00006780       0xFFFFFF80      0x00000001         (0, 0, 12)      [] [E]
    674     0x00014300       0xFFFFFF80      0x00000220         (0, 1, 8)      [3] [S]
    675     0x00018C00       0xFFFFFF80      0x00000020         (0, 1, 1)      [] [S]
    676     0x00017600       0xFFFFFF80      0x00000008         (0, 1, 14)      [] [W]
    677     0x00042D00       0xFFFFFF00      0x00800000         (0, 4, 5)      [17] []
    678     0x0001E400       0xFFFFFF80      0x00010000         (0, 1, 12)      [10] []
    679     0x0000F480       0xFFFFFF80      0x00FE0021         (0, 0, 14)      [11, 12, 13, 14, 15, 16, 17] [E, S]
    680     0x0001FE00       0xFFFFFF80      0x00002000         (0, 1, 15)      [7] []
    681     0x0000F080       0xFFFFFF80      0x00FE0038         (0, 0, 14)      [11, 12, 13, 14, 15, 16, 17] [W, SW, S]
    682     0x00000D80       0xFFFFFF80      0x00000002         (0, 0, 1)      [] [NE]
    683     0x0000C080       0xFFFFFF80      0x00000201         (0, 0, 8)      [3] [E]
    684     0x00003B80       0xFFFFFF80      0x00000001         (0, 0, 7)      [] [E]
    685     0x00011580       0xFFFFFF80      0x00000008         (0, 1, 2)      [] [W]
    686     0x00007300       0xFFFFFF80      0x00000001         (0, 0, 14)      [] [E]
    687     0x00004400       0xFFFFFF80      0x00200000         (0, 0, 8)      [15] []
    688     0x00001900       0xFFFFFF80      0x00400000         (0, 0, 3)      [16] []
    689     0x00023480       0xFFFFFF80      0x00000018         (0, 2, 6)      [] [W, SW]
    690     0x00042600       0xFFFFFF00      0x00010000         (0, 4, 4)      [10] []
    691     0x0001E380       0xFFFFFF80      0x00008000         (0, 1, 12)      [9] []
    692     0x0001D880       0xFFFFFF80      0x00000080         (0, 1, 11)      [1] []
    693     0x0000D380       0xFFFFFF80      0x00040008         (0, 0, 10)      [12] [W]
    694     0x00006480       0xFFFFFF80      0x00000002         (0, 0, 12)      [] [NE]
    695     0x00017800       0xFFFFFF80      0x00000208         (0, 1, 15)      [3] [W]
    696     0x00004900       0xFFFFFF80      0x00000001         (0, 0, 9)      [] [E]
    697     0x00010680       0xFFFFFF80      0x00000021         (0, 1, 0)      [] [E, S]
    698     0x00024000       0xFFFFFF80      0x00000208         (0, 2, 8)      [3] [W]
    699     0x0000EC80       0xFFFFFF80      0x0001FFBF         (0, 0, 13)      [1, 2, 3, 4, 5, 6, 7, 8, 9, 10] [E, NE, N, W, SW, S]
    700     0x00009B00       0xFFFFFF80      0x00200002         (0, 0, 3)      [15] [NE]
    701     0x00008D80       0xFFFFFF80      0x00800002         (0, 0, 1)      [17] [NE]
    702     0x0001E900       0xFFFFFF80      0x00002000         (0, 1, 13)      [7] []
    703     0x0000C180       0xFFFFFF80      0x00000801         (0, 0, 8)      [5] [E]
    704     0x00013000       0xFFFFFF80      0x00000008         (0, 1, 6)      [] [W]
    705     0x0000F900       0xFFFFFF80      0x00FE0021         (0, 0, 15)      [11, 12, 13, 14, 15, 16, 17] [E, S]
    706     0x00014F80       0xFFFFFF80      0x00000020         (0, 1, 9)      [] [S]
    707     0x00000B00       0xFFFFFF80      0x00800002         (0, 0, 1)      [17] [NE]
    708     0x00000C00       0xFFFFFF80      0x00000002         (0, 0, 1)      [] [NE]
    709     0x0000F400       0xFFFFFF80      0x00FE0021         (0, 0, 14)      [11, 12, 13, 14, 15, 16, 17] [E, S]
    710     0x0000C600       0xFFFFFF80      0x00100000         (0, 0, 8)      [14] []
    711     0x00011000       0xFFFFFF80      0x00800018         (0, 1, 2)      [17] [W, SW]
    712     0x0001B800       0xFFFFFF80      0x00000100         (0, 1, 7)      [2] []
    713     0x0000AC00       0xFFFFFF80      0x00000003         (0, 0, 5)      [] [E, NE]
    714     0x0001CC00       0xFFFFFF80      0x00002001         (0, 1, 9)      [7] [E]
    715     0x00001800       0xFFFFFF80      0x00100000         (0, 0, 3)      [14] []
    716     0x0000A480       0xFFFFFF80      0x00000802         (0, 0, 4)      [5] [NE]
    717     0x00008400       0xFFFFFF80      0x00000001         (0, 0, 0)      [] [E]
    718     0x00003B00       0xFFFFFF80      0x00000001         (0, 0, 7)      [] [E]
    719     0x0001AD00       0xFFFFFF80      0x00000001         (0, 1, 5)      [] [E]
    720     0x00006100       0xFFFFFF80      0x00200002         (0, 0, 12)      [15] [NE]
    721     0x0001C180       0xFFFFFF80      0x00000208         (0, 1, 8)      [3] [W]
    722     0x00003900       0xFFFFFF80      0x00000003         (0, 0, 7)      [] [E, NE]
    723     0x0000EB80       0xFFFFFF80      0x0001FFBF         (0, 0, 13)      [1, 2, 3, 4, 5, 6, 7, 8, 9, 10] [E, NE, N, W, SW, S]
    724     0x00013B80       0xFFFFFF80      0x00800018         (0, 1, 7)      [17] [W, SW]
    725     0x0001F400       0xFFFFFF80      0x00001018         (0, 1, 14)      [6] [W, SW]
    726     0x0000A280       0xFFFFFF80      0x00000080         (0, 0, 4)      [1] []
    727     0x0001D400       0xFFFFFF80      0x00002000         (0, 1, 10)      [7] []
    728     0x00000900       0xFFFFFF80      0x00080000         (0, 0, 1)      [13] []
    729     0x00006F00       0xFFFFFF80      0x00100000         (0, 0, 13)      [14] []
    730     0x00015D80       0xFFFFFF80      0x00000090         (0, 1, 11)      [1] [SW]
    731     0x00010B80       0xFFFFFF80      0x00004021         (0, 1, 1)      [8] [E, S]
    732     0x00002A00       0xFFFFFF80      0x00000002         (0, 0, 5)      [] [NE]
    733     0x0001B180       0xFFFFFF80      0x00004000         (0, 1, 6)      [8] []
    734     0x00003480       0xFFFFFF80      0x00080002         (0, 0, 6)      [13] [NE]
    735     0x0000B380       0xFFFFFF80      0x00001001         (0, 0, 6)      [6] [E]
    736     0x00005800       0xFFFFFF80      0x00000002         (0, 0, 11)      [] [NE]
    737     0x00024080       0xFFFFFF80      0x00000408         (0, 2, 8)      [4] [W]
    738     0x0001AC80       0xFFFFFF80      0x00000001         (0, 1, 5)      [] [E]
    739     0x00010000       0xFFFFFF80      0x00180021         (0, 1, 0)      [13, 14] [E, S]
    740     0x0000FA00       0xFFFFFF80      0x00FE01A1         (0, 0, 15)      [1, 2, 11, 12, 13, 14, 15, 16, 17] [E, S]
    741     0x0001E000       0xFFFFFF80      0x00000100         (0, 1, 12)      [2] []
    742     0x00011400       0xFFFFFF80      0x00000018         (0, 1, 2)      [] [W, SW]
    743     0x00006300       0xFFFFFF80      0x00000002         (0, 0, 12)      [] [NE]
    744     0x00023B80       0xFFFFFF80      0x00000018         (0, 2, 7)      [] [W, SW]
    745     0x00008B00       0xFFFFFF80      0x00040000         (0, 0, 1)      [12] []
    746     0x00004A00       0xFFFFFF80      0x00000001         (0, 0, 9)      [] [E]
    747     0x0000D580       0xFFFFFF80      0x0040000A         (0, 0, 10)      [16] [NE, W]
    748     0x00007D80       0xFFFFFF80      0x00100000         (0, 0, 15)      [14] []
    749     0x0000CE80       0xFFFFFF80      0x0000010C         (0, 0, 9)      [2] [N, W]
    750     0x00020680       0xFFFFFF80      0x00008000         (0, 2, 0)      [9] []
    751     0x0000D900       0xFFFFFF80      0x0000000E         (0, 0, 11)      [] [NE, N, W]
    752     0x00010C80       0xFFFFFF80      0x00010018         (0, 1, 1)      [10] [W, SW]
    753     0x00005500       0xFFFFFF80      0x00000002         (0, 0, 10)      [] [NE]
    754     0x00019180       0xFFFFFF80      0x00002020         (0, 1, 2)      [7] [S]
    755     0x00006680       0xFFFFFF80      0x00000003         (0, 0, 12)      [] [E, NE]
    756     0x00042800       0xFFFFFF00      0x00040000         (0, 4, 5)      [12] []
    757     0x0000CA00       0xFFFFFF80      0x0000000E         (0, 0, 9)      [] [NE, N, W]
    758     0x00004800       0xFFFFFF80      0x00000001         (0, 0, 9)      [] [E]
    759     0x00013280       0xFFFFFF80      0x00000008         (0, 1, 6)      [] [W]
    760     0x00005380       0xFFFFFF80      0x00800002         (0, 0, 10)      [17] [NE]
    761     0x0001F680       0xFFFFFF80      0x00000008         (0, 1, 14)      [] [W]
    762     0x0000AA80       0xFFFFFF80      0x00800002         (0, 0, 5)      [17] [NE]
    763     0x00012400       0xFFFFFF80      0x00000008         (0, 1, 4)      [] [W]
    764     0x0000DC00       0xFFFFFF80      0x0000008C         (0, 0, 11)      [1] [N, W]
    765     0x00009A00       0xFFFFFF80      0x00080002         (0, 0, 3)      [13] [NE]
    766     0x00010880       0xFFFFFF80      0x00000121         (0, 1, 1)      [2] [E, S]
    767     0x00018500       0xFFFFFF80      0x00000820         (0, 1, 0)      [5] [S]
    768     0x0000BC00       0xFFFFFF80      0x00000001         (0, 0, 7)      [] [E]
    769     0x0000E600       0xFFFFFF80      0x0001FF8E         (0, 0, 12)      [1, 2, 3, 4, 5, 6, 7, 8, 9, 10] [NE, N, W]
    770     0x0001F980       0xFFFFFF80      0x00002000         (0, 1, 15)      [7] []
    771     0x0000E380       0xFFFFFF80      0x0061FF8A         (0, 0, 12)      [1, 2, 3, 4, 5, 6, 7, 8, 9, 10, 15, 16] [NE, W]
    772     0x00008B80       0xFFFFFF80      0x00080002         (0, 0, 1)      [13] [NE]
    773     0x00015300       0xFFFFFF80      0x00002020         (0, 1, 10)      [7] [S]
    774     0x0000EE80       0xFFFFFF80      0x0001FFBF         (0, 0, 13)      [1, 2, 3, 4, 5, 6, 7, 8, 9, 10] [E, NE, N, W, SW, S]
    775     0x0000D780       0xFFFFFF80      0x0000000E         (0, 0, 10)      [] [NE, N, W]
    776     0x0000E200       0xFFFFFF80      0x000DFF88         (0, 0, 12)      [1, 2, 3, 4, 5, 6, 7, 8, 9, 10, 12, 13] [W]
    777     0x00012500       0xFFFFFF80      0x00000088         (0, 1, 4)      [1] [W]
    778     0x00010080       0xFFFFFF80      0x00300021         (0, 1, 0)      [14, 15] [E, S]
    779     0x0001E880       0xFFFFFF80      0x00001000         (0, 1, 13)      [6] []
    780     0x00013F80       0xFFFFFF80      0x00000030         (0, 1, 7)      [] [SW, S]
    781     0x00003600       0xFFFFFF80      0x00400002         (0, 0, 6)      [16] [NE]
    782     0x0001F500       0xFFFFFF80      0x00004008         (0, 1, 14)      [8] [W]
    783     0x0001BB00       0xFFFFFF80      0x00004000         (0, 1, 7)      [8] []
    784     0x00012000       0xFFFFFF80      0x00000008         (0, 1, 4)      [] [W]
    785     0x00011F80       0xFFFFFF80      0x00000008         (0, 1, 3)      [] [W]
    786     0x0000FD80       0xFFFFFF80      0x00FEC021         (0, 0, 15)      [8, 9, 11, 12, 13, 14, 15, 16, 17] [E, S]
    787     0x00014980       0xFFFFFF80      0x00800020         (0, 1, 9)      [17] [S]
    788     0x0001A880       0xFFFFFF80      0x00010000         (0, 1, 5)      [10] []
    789     0x0000D400       0xFFFFFF80      0x0008000A         (0, 0, 10)      [13] [NE, W]
    790     0x0001F600       0xFFFFFF80      0x00010008         (0, 1, 14)      [10] [W]
    791     0x00041F00       0xFFFFFF00      0x00000200         (0, 4, 3)      [3] []
    792     0x0001CC80       0xFFFFFF80      0x00004000         (0, 1, 9)      [8] []
    793     0x00042400       0xFFFFFF00      0x00004000         (0, 4, 4)      [8] []
    794     0x00005180       0xFFFFFF80      0x00080002         (0, 0, 10)      [13] [NE]
    795     0x00004480       0xFFFFFF80      0x00400000         (0, 0, 8)      [16] []
    796     0x00011680       0xFFFFFF80      0x00000088         (0, 1, 2)      [1] [W]
    797     0x00011500       0xFFFFFF80      0x00000008         (0, 1, 2)      [] [W]
    798     0x00010D80       0xFFFFFF80      0x00000018         (0, 1, 1)      [] [W, SW]
    799     0x00000E00       0xFFFFFF80      0x00000002         (0, 0, 1)      [] [NE]
    800     0x00014580       0xFFFFFF80      0x00004020         (0, 1, 8)      [8] [S]
    801     0x00002B80       0xFFFFFF80      0x00000002         (0, 0, 5)      [] [NE]
    802     0x00000A80       0xFFFFFF80      0x00400002         (0, 0, 1)      [16] [NE]
    803     0x0000DB80       0xFFFFFF80      0x0000000C         (0, 0, 11)      [] [N, W]
    804     0x00019E00       0xFFFFFF80      0x00010000         (0, 1, 3)      [10] []
    805     0x0000C200       0xFFFFFF80      0x00001001         (0, 0, 8)      [6] [E]
    806     0x00012700       0xFFFFFF80      0x00000808         (0, 1, 4)      [5] [W]
    807     0x00023A00       0xFFFFFF80      0x00000018         (0, 2, 7)      [] [W, SW]
    808     0x0000F100       0xFFFFFF80      0x00FE003A         (0, 0, 14)      [11, 12, 13, 14, 15, 16, 17] [NE, W, SW, S]
    809     0x00018200       0xFFFFFF80      0x00000008         (0, 1, 0)      [] [W]
    810     0x0000DF00       0xFFFFFF80      0x0000300E         (0, 0, 11)      [6, 7] [NE, N, W]
    811     0x0001EF80       0xFFFFFF80      0x00004000         (0, 1, 13)      [8] []
    812     0x00019280       0xFFFFFF80      0x00008020         (0, 1, 2)      [9] [S]
    813     0x00012080       0xFFFFFF80      0x00000008         (0, 1, 4)      [] [W]
    814     0x0001DB80       0xFFFFFF80      0x00002000         (0, 1, 11)      [7] []
    815     0x00015000       0xFFFFFF80      0x000000A0         (0, 1, 10)      [1] [S]
    816     0x0001BA80       0xFFFFFF80      0x00002000         (0, 1, 7)      [7] []
