router contains 616 entries 
 
  Index   Key(hex)    Mask(hex)    Route(hex)    Src. Core -> [Cores][Links]
------------------------------------------------------------------------------
    0     0x00001C00       0xFFFFFF80      0x00000030         (0, 0, 3)      [] [SW, S]
    1     0x00004C00       0xFFFFFF80      0x00004000         (0, 0, 9)      [8] []
    2     0x00024080       0xFFFFFF80      0x00000008         (0, 2, 8)      [] [W]
    3     0x0000CC00       0xFFFFFF80      0x00000008         (0, 0, 9)      [] [W]
    4     0x00019C80       0xFFFFFF80      0x00000002         (0, 1, 3)      [] [NE]
    5     0x0002B800       0xFFFFFF00      0x00000002         (0, 2, 7)      [] [NE]
    6     0x00005D80       0xFFFFFF80      0x00100000         (0, 0, 11)      [14] []
    7     0x00009280       0xFFFFFF80      0x00000008         (0, 0, 2)      [] [W]
    8     0x00000280       0xFFFFFF80      0x00FFFF87         (0, 0, 0)      [1, 2, 3, 4, 5, 6, 7, 8, 9, 10, 11, 12, 13, 14, 15, 16, 17] [E, NE, N]
    9     0x00005E00       0xFFFFFF80      0x00200000         (0, 0, 11)      [15] []
    10     0x00000380       0xFFFFFF80      0x00FFFF87         (0, 0, 0)      [1, 2, 3, 4, 5, 6, 7, 8, 9, 10, 11, 12, 13, 14, 15, 16, 17] [E, NE, N]
    11     0x0000BE80       0xFFFFFF80      0x00000010         (0, 0, 7)      [] [SW]
    12     0x00001000       0xFFFFFF80      0x00000600         (0, 0, 2)      [3, 4] []
    13     0x0001A380       0xFFFFFF80      0x00000002         (0, 1, 4)      [] [NE]
    14     0x00013000       0xFFFFFF80      0x00000008         (0, 1, 6)      [] [W]
    15     0x00009680       0xFFFFFF80      0x00040000         (0, 0, 2)      [12] []
    16     0x00013380       0xFFFFFF80      0x00000008         (0, 1, 6)      [] [W]
    17     0x00003200       0xFFFFFF80      0x00100000         (0, 0, 6)      [14] []
    18     0x00015300       0xFFFFFF80      0x00000010         (0, 1, 10)      [] [SW]
    19     0x0000E080       0xFFFFFF80      0x00000008         (0, 0, 12)      [] [W]
    20     0x00000600       0xFFFFFF80      0x00FFFF87         (0, 0, 0)      [1, 2, 3, 4, 5, 6, 7, 8, 9, 10, 11, 12, 13, 14, 15, 16, 17] [E, NE, N]
    21     0x00000500       0xFFFFFF80      0x00FFFF87         (0, 0, 0)      [1, 2, 3, 4, 5, 6, 7, 8, 9, 10, 11, 12, 13, 14, 15, 16, 17] [E, NE, N]
    22     0x0001BF00       0xFFFFFF80      0x00000002         (0, 1, 7)      [] [NE]
    23     0x00023700       0xFFFFFF80      0x00000003         (0, 2, 6)      [] [E, NE]
    24     0x00002080       0xFFFFFF80      0x00004000         (0, 0, 4)      [8] []
    25     0x00008700       0xFFFFFF80      0x00010000         (0, 0, 0)      [10] []
    26     0x00023B80       0xFFFFFF80      0x00000003         (0, 2, 7)      [] [E, NE]
    27     0x00008A00       0xFFFFFF80      0x00400000         (0, 0, 1)      [16] []
    28     0x00022E00       0xFFFFFF80      0x00000101         (0, 2, 5)      [2] [E]
    29     0x00010980       0xFFFFFF80      0x00000010         (0, 1, 1)      [] [SW]
    30     0x00008280       0xFFFFFF80      0x00000010         (0, 0, 0)      [] [SW]
    31     0x00002D00       0xFFFFFF80      0x00000400         (0, 0, 5)      [4] []
    32     0x00000700       0xFFFFFF80      0x00FFFF87         (0, 0, 0)      [1, 2, 3, 4, 5, 6, 7, 8, 9, 10, 11, 12, 13, 14, 15, 16, 17] [E, NE, N]
    33     0x00010500       0xFFFFFF80      0x00000010         (0, 1, 0)      [] [SW]
    34     0x0000D080       0xFFFFFF80      0x00000008         (0, 0, 10)      [] [W]
    35     0x0000E900       0xFFFFFF80      0x00000008         (0, 0, 13)      [] [W]
    36     0x00003100       0xFFFFFF80      0x00040000         (0, 0, 6)      [12] []
    37     0x00012280       0xFFFFFF80      0x00000008         (0, 1, 4)      [] [W]
    38     0x00027800       0xFFFFFF00      0x00000002         (0, 2, 15)      [] [NE]
    39     0x00010F00       0xFFFFFF80      0x00000001         (0, 1, 1)      [] [E]
    40     0x00011500       0xFFFFFF80      0x00000008         (0, 1, 2)      [] [W]
    41     0x0002CD00       0xFFFFFF00      0x00000004         (0, 2, 9)      [] [N]
    42     0x00005900       0xFFFFFF80      0x00000008         (0, 0, 11)      [] [W]
    43     0x0000D000       0xFFFFFF80      0x00000008         (0, 0, 10)      [] [W]
    44     0x0002AE00       0xFFFFFF00      0x00000002         (0, 2, 5)      [] [NE]
    45     0x00022D80       0xFFFFFF80      0x00000080         (0, 2, 5)      [1] []
    46     0x00000D80       0xFFFFFF80      0x00FFFF80         (0, 0, 1)      [1, 2, 3, 4, 5, 6, 7, 8, 9, 10, 11, 12, 13, 14, 15, 16, 17] []
    47     0x00028900       0xFFFFFF00      0x00000004         (0, 2, 1)      [] [N]
    48     0x00008680       0xFFFFFF80      0x00000008         (0, 0, 0)      [] [W]
    49     0x0000BD80       0xFFFFFF80      0x00000010         (0, 0, 7)      [] [SW]
    50     0x00009200       0xFFFFFF80      0x00000008         (0, 0, 2)      [] [W]
    51     0x00012B00       0xFFFFFF80      0x00000008         (0, 1, 5)      [] [W]
    52     0x00011000       0xFFFFFF80      0x00000001         (0, 1, 2)      [] [E]
    53     0x00006B80       0xFFFFFF80      0x00080000         (0, 0, 13)      [13] []
    54     0x00013300       0xFFFFFF80      0x00000008         (0, 1, 6)      [] [W]
    55     0x00006C80       0xFFFFFF80      0x00200000         (0, 0, 13)      [15] []
    56     0x00000300       0xFFFFFF80      0x00FFFF87         (0, 0, 0)      [1, 2, 3, 4, 5, 6, 7, 8, 9, 10, 11, 12, 13, 14, 15, 16, 17] [E, NE, N]
    57     0x00001780       0xFFFFFF80      0x00000010         (0, 0, 2)      [] [SW]
    58     0x00023E00       0xFFFFFF80      0x00000008         (0, 2, 7)      [] [W]
    59     0x00024500       0xFFFFFF80      0x00000008         (0, 2, 8)      [] [W]
    60     0x00004C80       0xFFFFFF80      0x00008000         (0, 0, 9)      [9] []
    61     0x0000BF00       0xFFFFFF80      0x00000010         (0, 0, 7)      [] [SW]
    62     0x00001A00       0xFFFFFF80      0x00000010         (0, 0, 3)      [] [SW]
    63     0x00000B00       0xFFFFFF80      0x00FFFF80         (0, 0, 1)      [1, 2, 3, 4, 5, 6, 7, 8, 9, 10, 11, 12, 13, 14, 15, 16, 17] []
    64     0x00001480       0xFFFFFF80      0x000C0000         (0, 0, 2)      [12, 13] []
    65     0x00002E00       0xFFFFFF80      0x00001000         (0, 0, 5)      [6] []
    66     0x00002C00       0xFFFFFF80      0x00000008         (0, 0, 5)      [] [W]
    67     0x0000ED00       0xFFFFFF80      0x00000008         (0, 0, 13)      [] [W]
    68     0x00009700       0xFFFFFF80      0x00080000         (0, 0, 2)      [13] []
    69     0x0002D700       0xFFFFFF00      0x00000004         (0, 2, 10)      [] [N]
    70     0x00010A80       0xFFFFFF80      0x00000010         (0, 1, 1)      [] [SW]
    71     0x00001980       0xFFFFFF80      0x00000010         (0, 0, 3)      [] [SW]
    72     0x00028000       0xFFFFFF00      0x00000004         (0, 2, 0)      [] [N]
    73     0x0000DB80       0xFFFFFF80      0x00000008         (0, 0, 11)      [] [W]
    74     0x00001580       0xFFFFFF80      0x00300000         (0, 0, 2)      [14, 15] []
    75     0x00009480       0xFFFFFF80      0x00000008         (0, 0, 2)      [] [W]
    76     0x00025300       0xFFFFFF00      0x00080000         (0, 2, 10)      [13] []
    77     0x00010A00       0xFFFFFF80      0x00000010         (0, 1, 1)      [] [SW]
    78     0x0000F800       0xFFFFFF80      0x00000010         (0, 0, 15)      [] [SW]
    79     0x0000B180       0xFFFFFF80      0x00000010         (0, 0, 6)      [] [SW]
    80     0x00023500       0xFFFFFF80      0x00400003         (0, 2, 6)      [16] [E, NE]
    81     0x00001280       0xFFFFFF80      0x0000C000         (0, 0, 2)      [8, 9] []
    82     0x00008A80       0xFFFFFF80      0x00800000         (0, 0, 1)      [17] []
    83     0x00011100       0xFFFFFF80      0x00000001         (0, 1, 2)      [] [E]
    84     0x00004800       0xFFFFFF80      0x00000010         (0, 0, 9)      [] [SW]
    85     0x0001A100       0xFFFFFF80      0x00000003         (0, 1, 4)      [] [E, NE]
    86     0x00009780       0xFFFFFF80      0x00100000         (0, 0, 2)      [14] []
    87     0x00009F80       0xFFFFFF80      0x00000008         (0, 0, 3)      [] [W]
    88     0x00005700       0xFFFFFF80      0x00000008         (0, 0, 10)      [] [W]
    89     0x00023300       0xFFFFFF80      0x00040001         (0, 2, 6)      [12] [E]
    90     0x0000C000       0xFFFFFF80      0x00000010         (0, 0, 8)      [] [SW]
    91     0x00001200       0xFFFFFF80      0x00006000         (0, 0, 2)      [8, 7] []
    92     0x00001D00       0xFFFFFF80      0x00000030         (0, 0, 3)      [] [SW, S]
    93     0x00027000       0xFFFFFF00      0x00000002         (0, 2, 14)      [] [NE]
    94     0x00014800       0xFFFFFF80      0x00000010         (0, 1, 9)      [] [SW]
    95     0x0000EC00       0xFFFFFF80      0x00000008         (0, 0, 13)      [] [W]
    96     0x00012A00       0xFFFFFF80      0x00000008         (0, 1, 5)      [] [W]
    97     0x00015400       0xFFFFFF80      0x00000010         (0, 1, 10)      [] [SW]
    98     0x00008780       0xFFFFFF80      0x00020000         (0, 0, 0)      [11] []
    99     0x0002BC00       0xFFFFFF00      0x00000002         (0, 2, 7)      [] [NE]
    100     0x0000A000       0xFFFFFF80      0x00000008         (0, 0, 4)      [] [W]
    101     0x00023800       0xFFFFFF80      0x00000001         (0, 2, 7)      [] [E]
    102     0x0002D100       0xFFFFFF00      0x00000004         (0, 2, 10)      [] [N]
    103     0x00002480       0xFFFFFF80      0x00400000         (0, 0, 4)      [16] []
    104     0x0000DD80       0xFFFFFF80      0x00000008         (0, 0, 11)      [] [W]
    105     0x00004580       0xFFFFFF80      0x00000010         (0, 0, 8)      [] [SW]
    106     0x00012880       0xFFFFFF80      0x00000008         (0, 1, 5)      [] [W]
    107     0x00010B80       0xFFFFFF80      0x00000010         (0, 1, 1)      [] [SW]
    108     0x00004600       0xFFFFFF80      0x00000010         (0, 0, 8)      [] [SW]
    109     0x00022E80       0xFFFFFF80      0x00000201         (0, 2, 5)      [3] [E]
    110     0x0002BB00       0xFFFFFF00      0x00000002         (0, 2, 7)      [] [NE]
    111     0x00008800       0xFFFFFF80      0x00040000         (0, 0, 1)      [12] []
    112     0x00002500       0xFFFFFF80      0x00800000         (0, 0, 4)      [17] []
    113     0x00001880       0xFFFFFF80      0x00000010         (0, 0, 3)      [] [SW]
    114     0x0002B700       0xFFFFFF00      0x00000002         (0, 2, 6)      [] [NE]
    115     0x00001700       0xFFFFFF80      0x00800000         (0, 0, 2)      [17] []
    116     0x0000AE00       0xFFFFFF80      0x00000018         (0, 0, 5)      [] [W, SW]
    117     0x00024900       0xFFFFFF00      0x00000200         (0, 2, 9)      [3] []
    118     0x0001A480       0xFFFFFF80      0x00000003         (0, 1, 4)      [] [E, NE]
    119     0x0000CD00       0xFFFFFF80      0x00000008         (0, 0, 9)      [] [W]
    120     0x00024F00       0xFFFFFF00      0x00008000         (0, 2, 9)      [9] []
    121     0x00010680       0xFFFFFF80      0x00000010         (0, 1, 0)      [] [SW]
    122     0x00007500       0xFFFFFF80      0x00000010         (0, 0, 14)      [] [SW]
    123     0x00011800       0xFFFFFF80      0x00000008         (0, 1, 3)      [] [W]
    124     0x00002100       0xFFFFFF80      0x00008000         (0, 0, 4)      [9] []
    125     0x00026900       0xFFFFFF00      0x00000002         (0, 2, 13)      [] [NE]
    126     0x00023200       0xFFFFFF80      0x00010001         (0, 2, 6)      [10] [E]
    127     0x00026D00       0xFFFFFF00      0x00000002         (0, 2, 13)      [] [NE]
    128     0x00006800       0xFFFFFF80      0x00000018         (0, 0, 13)      [] [W, SW]
    129     0x0002DC00       0xFFFFFF00      0x00000004         (0, 2, 11)      [] [N]
    130     0x00004D00       0xFFFFFF80      0x00010000         (0, 0, 9)      [10] []
    131     0x0000A380       0xFFFFFF80      0x00000008         (0, 0, 4)      [] [W]
    132     0x00006C00       0xFFFFFF80      0x00100000         (0, 0, 13)      [14] []
    133     0x00026A00       0xFFFFFF00      0x00000002         (0, 2, 13)      [] [NE]
    134     0x00006D00       0xFFFFFF80      0x00400000         (0, 0, 13)      [16] []
    135     0x00023080       0xFFFFFF80      0x00002000         (0, 2, 6)      [7] []
    136     0x0000A500       0xFFFFFF80      0x00040000         (0, 0, 4)      [12] []
    137     0x0000C200       0xFFFFFF80      0x00000010         (0, 0, 8)      [] [SW]
    138     0x00013080       0xFFFFFF80      0x00000008         (0, 1, 6)      [] [W]
    139     0x00000C00       0xFFFFFF80      0x00FFFF80         (0, 0, 1)      [1, 2, 3, 4, 5, 6, 7, 8, 9, 10, 11, 12, 13, 14, 15, 16, 17] []
    140     0x00000000       0xFFFFFF80      0x00FFFF81         (0, 0, 0)      [1, 2, 3, 4, 5, 6, 7, 8, 9, 10, 11, 12, 13, 14, 15, 16, 17] [E]
    141     0x00013600       0xFFFFFF80      0x00000008         (0, 1, 6)      [] [W]
    142     0x00002200       0xFFFFFF80      0x00020000         (0, 0, 4)      [11] []
    143     0x00023880       0xFFFFFF80      0x00000001         (0, 2, 7)      [] [E]
    144     0x00007B00       0xFFFFFF80      0x00200000         (0, 0, 15)      [15] []
    145     0x00023180       0xFFFFFF80      0x00008001         (0, 2, 6)      [9] [E]
    146     0x00004380       0xFFFFFF80      0x00000010         (0, 0, 8)      [] [SW]
    147     0x0002B100       0xFFFFFF00      0x00000002         (0, 2, 6)      [] [NE]
    148     0x00001400       0xFFFFFF80      0x00060000         (0, 0, 2)      [11, 12] []
    149     0x00008300       0xFFFFFF80      0x00000010         (0, 0, 0)      [] [SW]
    150     0x00008480       0xFFFFFF80      0x00000010         (0, 0, 0)      [] [SW]
    151     0x00004700       0xFFFFFF80      0x00000010         (0, 0, 8)      [] [SW]
    152     0x00003A00       0xFFFFFF80      0x00000018         (0, 0, 7)      [] [W, SW]
    153     0x00015600       0xFFFFFF80      0x00000010         (0, 1, 10)      [] [SW]
    154     0x00023780       0xFFFFFF80      0x00000003         (0, 2, 6)      [] [E, NE]
    155     0x0000DE80       0xFFFFFF80      0x00000008         (0, 0, 11)      [] [W]
    156     0x00012580       0xFFFFFF80      0x00000008         (0, 1, 4)      [] [W]
    157     0x00027600       0xFFFFFF00      0x00000002         (0, 2, 14)      [] [NE]
    158     0x00007C00       0xFFFFFF80      0x00800000         (0, 0, 15)      [17] []
    159     0x0000AD80       0xFFFFFF80      0x00000008         (0, 0, 5)      [] [W]
    160     0x00011280       0xFFFFFF80      0x00000001         (0, 1, 2)      [] [E]
    161     0x0001A300       0xFFFFFF80      0x00000002         (0, 1, 4)      [] [NE]
    162     0x00000F80       0xFFFFFF80      0x00000300         (0, 0, 1)      [2, 3] []
    163     0x0000B100       0xFFFFFF80      0x00000010         (0, 0, 6)      [] [SW]
    164     0x00012180       0xFFFFFF80      0x00000008         (0, 1, 4)      [] [W]
    165     0x00008900       0xFFFFFF80      0x00100000         (0, 0, 1)      [14] []
    166     0x0000E000       0xFFFFFF80      0x00000008         (0, 0, 12)      [] [W]
    167     0x0000A180       0xFFFFFF80      0x00000008         (0, 0, 4)      [] [W]
    168     0x0002B200       0xFFFFFF00      0x00000002         (0, 2, 6)      [] [NE]
    169     0x0000FD00       0xFFFFFF80      0x00000010         (0, 0, 15)      [] [SW]
    170     0x00005F00       0xFFFFFF80      0x00800000         (0, 0, 11)      [17] []
    171     0x00000900       0xFFFFFF80      0x00FFFF80         (0, 0, 1)      [1, 2, 3, 4, 5, 6, 7, 8, 9, 10, 11, 12, 13, 14, 15, 16, 17] []
    172     0x0000D200       0xFFFFFF80      0x00200000         (0, 0, 10)      [15] []
    173     0x00009300       0xFFFFFF80      0x00000008         (0, 0, 2)      [] [W]
    174     0x00012800       0xFFFFFF80      0x00000008         (0, 1, 5)      [] [W]
    175     0x00023F80       0xFFFFFF80      0x00000008         (0, 2, 7)      [] [W]
    176     0x00004500       0xFFFFFF80      0x00000010         (0, 0, 8)      [] [SW]
    177     0x00019A80       0xFFFFFF80      0x00000001         (0, 1, 3)      [] [E]
    178     0x00015500       0xFFFFFF80      0x00000010         (0, 1, 10)      [] [SW]
    179     0x00023400       0xFFFFFF80      0x00100001         (0, 2, 6)      [14] [E]
    180     0x0000A280       0xFFFFFF80      0x00000008         (0, 0, 4)      [] [W]
    181     0x00003F00       0xFFFFFF80      0x00020000         (0, 0, 7)      [11] []
    182     0x00023D80       0xFFFFFF80      0x00000008         (0, 2, 7)      [] [W]
    183     0x0000C180       0xFFFFFF80      0x00000010         (0, 0, 8)      [] [SW]
    184     0x00009180       0xFFFFFF80      0x00000008         (0, 0, 2)      [] [W]
    185     0x00027B00       0xFFFFFF00      0x00000004         (0, 2, 15)      [] [N]
    186     0x00014D00       0xFFFFFF80      0x00000010         (0, 1, 9)      [] [SW]
    187     0x00004E00       0xFFFFFF80      0x00040000         (0, 0, 9)      [12] []
    188     0x00019D80       0xFFFFFF80      0x00000002         (0, 1, 3)      [] [NE]
    189     0x0002AF00       0xFFFFFF00      0x00000002         (0, 2, 5)      [] [NE]
    190     0x00013500       0xFFFFFF80      0x00000008         (0, 1, 6)      [] [W]
    191     0x00005C80       0xFFFFFF80      0x00040000         (0, 0, 11)      [12] []
    192     0x00023D00       0xFFFFFF80      0x00000008         (0, 2, 7)      [] [W]
    193     0x00019A00       0xFFFFFF80      0x00000001         (0, 1, 3)      [] [E]
    194     0x00010E00       0xFFFFFF80      0x00000001         (0, 1, 1)      [] [E]
    195     0x0000CE80       0xFFFFFF80      0x00000008         (0, 0, 9)      [] [W]
    196     0x00011380       0xFFFFFF80      0x00000001         (0, 1, 2)      [] [E]
    197     0x00012980       0xFFFFFF80      0x00000008         (0, 1, 5)      [] [W]
    198     0x0001A280       0xFFFFFF80      0x00000002         (0, 1, 4)      [] [NE]
    199     0x0000EA80       0xFFFFFF80      0x00000008         (0, 0, 13)      [] [W]
    200     0x00024600       0xFFFFFF80      0x00000008         (0, 2, 8)      [] [W]
    201     0x00003D00       0xFFFFFF80      0x00002000         (0, 0, 7)      [7] []
    202     0x0001C000       0xFFFFFF80      0x00000002         (0, 1, 8)      [] [NE]
    203     0x00003E00       0xFFFFFF80      0x00008000         (0, 0, 7)      [9] []
    204     0x0000B500       0xFFFFFF80      0x00200000         (0, 0, 6)      [15] []
    205     0x00027F00       0xFFFFFF00      0x00000004         (0, 2, 15)      [] [N]
    206     0x00011180       0xFFFFFF80      0x00000001         (0, 1, 2)      [] [E]
    207     0x0000F700       0xFFFFFF80      0x00000010         (0, 0, 14)      [] [SW]
    208     0x00006780       0xFFFFFF80      0x00000018         (0, 0, 12)      [] [W, SW]
    209     0x00005980       0xFFFFFF80      0x00000008         (0, 0, 11)      [] [W]
    210     0x00005E80       0xFFFFFF80      0x00400000         (0, 0, 11)      [16] []
    211     0x00010600       0xFFFFFF80      0x00000010         (0, 1, 0)      [] [SW]
    212     0x0000DC00       0xFFFFFF80      0x00000008         (0, 0, 11)      [] [W]
    213     0x0000A580       0xFFFFFF80      0x00080000         (0, 0, 4)      [13] []
    214     0x0002D300       0xFFFFFF00      0x00000004         (0, 2, 10)      [] [N]
    215     0x0000FC00       0xFFFFFF80      0x00000010         (0, 0, 15)      [] [SW]
    216     0x0000CE00       0xFFFFFF80      0x00000008         (0, 0, 9)      [] [W]
    217     0x00006D80       0xFFFFFF80      0x00800000         (0, 0, 13)      [17] []
    218     0x00017880       0xFFFFFF80      0x00000008         (0, 1, 15)      [] [W]
    219     0x0002D500       0xFFFFFF00      0x00000004         (0, 2, 10)      [] [N]
    220     0x00028100       0xFFFFFF00      0x00000004         (0, 2, 0)      [] [N]
    221     0x00025400       0xFFFFFF00      0x00100000         (0, 2, 10)      [14] []
    222     0x00000580       0xFFFFFF80      0x00FFFF87         (0, 0, 0)      [1, 2, 3, 4, 5, 6, 7, 8, 9, 10, 11, 12, 13, 14, 15, 16, 17] [E, NE, N]
    223     0x00001E80       0xFFFFFF80      0x00000400         (0, 0, 3)      [4] []
    224     0x00026B00       0xFFFFFF00      0x00000002         (0, 2, 13)      [] [NE]
    225     0x00003B80       0xFFFFFF80      0x00000010         (0, 0, 7)      [] [SW]
    226     0x0000EF80       0xFFFFFF80      0x00000018         (0, 0, 13)      [] [W, SW]
    227     0x00011600       0xFFFFFF80      0x00000008         (0, 1, 2)      [] [W]
    228     0x00017580       0xFFFFFF80      0x00000008         (0, 1, 14)      [] [W]
    229     0x00014F80       0xFFFFFF80      0x00000010         (0, 1, 9)      [] [SW]
    230     0x00010580       0xFFFFFF80      0x00000010         (0, 1, 0)      [] [SW]
    231     0x00009400       0xFFFFFF80      0x00000008         (0, 0, 2)      [] [W]
    232     0x00002000       0xFFFFFF80      0x00002000         (0, 0, 4)      [7] []
    233     0x00014E00       0xFFFFFF80      0x00000010         (0, 1, 9)      [] [SW]
    234     0x0000EC80       0xFFFFFF80      0x00000008         (0, 0, 13)      [] [W]
    235     0x00001800       0xFFFFFF80      0x00000010         (0, 0, 3)      [] [SW]
    236     0x0000F980       0xFFFFFF80      0x00000010         (0, 0, 15)      [] [SW]
    237     0x0000A400       0xFFFFFF80      0x00000008         (0, 0, 4)      [] [W]
    238     0x00010F80       0xFFFFFF80      0x00000001         (0, 1, 1)      [] [E]
    239     0x0000E800       0xFFFFFF80      0x00000008         (0, 0, 13)      [] [W]
    240     0x00004B80       0xFFFFFF80      0x00002000         (0, 0, 9)      [7] []
    241     0x0000EE00       0xFFFFFF80      0x00000018         (0, 0, 13)      [] [W, SW]
    242     0x00009100       0xFFFFFF80      0x00000008         (0, 0, 2)      [] [W]
    243     0x0001B880       0xFFFFFF80      0x00000001         (0, 1, 7)      [] [E]
    244     0x0002D600       0xFFFFFF00      0x00000004         (0, 2, 10)      [] [N]
    245     0x00009800       0xFFFFFF80      0x00200000         (0, 0, 3)      [15] []
    246     0x00002300       0xFFFFFF80      0x00080000         (0, 0, 4)      [13] []
    247     0x0000D980       0xFFFFFF80      0x00000008         (0, 0, 11)      [] [W]
    248     0x00004780       0xFFFFFF80      0x00000010         (0, 0, 8)      [] [SW]
    249     0x00012680       0xFFFFFF80      0x00000008         (0, 1, 4)      [] [W]
    250     0x00000F00       0xFFFFFF80      0x00000180         (0, 0, 1)      [1, 2] []
    251     0x00000200       0xFFFFFF80      0x00FFFF87         (0, 0, 0)      [1, 2, 3, 4, 5, 6, 7, 8, 9, 10, 11, 12, 13, 14, 15, 16, 17] [E, NE, N]
    252     0x0000CA80       0xFFFFFF80      0x00000008         (0, 0, 9)      [] [W]
    253     0x00015700       0xFFFFFF80      0x00000010         (0, 1, 10)      [] [SW]
    254     0x0001C400       0xFFFFFF80      0x00000002         (0, 1, 8)      [] [NE]
    255     0x00028400       0xFFFFFF00      0x00000004         (0, 2, 0)      [] [N]
    256     0x00009880       0xFFFFFF80      0x00400000         (0, 0, 3)      [16] []
    257     0x00011C00       0xFFFFFF80      0x00000008         (0, 1, 3)      [] [W]
    258     0x00003C80       0xFFFFFF80      0x00001000         (0, 0, 7)      [6] []
    259     0x00023B00       0xFFFFFF80      0x00000003         (0, 2, 7)      [] [E, NE]
    260     0x00007600       0xFFFFFF80      0x00000010         (0, 0, 14)      [] [SW]
    261     0x00025000       0xFFFFFF00      0x00010000         (0, 2, 10)      [10] []
    262     0x00003F80       0xFFFFFF80      0x00040000         (0, 0, 7)      [12] []
    263     0x00012700       0xFFFFFF80      0x00000008         (0, 1, 4)      [] [W]
    264     0x00004980       0xFFFFFF80      0x00000010         (0, 0, 9)      [] [SW]
    265     0x00008580       0xFFFFFF80      0x00000010         (0, 0, 0)      [] [SW]
    266     0x0000BE00       0xFFFFFF80      0x00000010         (0, 0, 7)      [] [SW]
    267     0x00017980       0xFFFFFF80      0x00000008         (0, 1, 15)      [] [W]
    268     0x0000DD00       0xFFFFFF80      0x00000008         (0, 0, 11)      [] [W]
    269     0x00004F00       0xFFFFFF80      0x00100000         (0, 0, 9)      [14] []
    270     0x00013480       0xFFFFFF80      0x00000008         (0, 1, 6)      [] [W]
    271     0x0000C480       0xFFFFFF80      0x00800000         (0, 0, 8)      [17] []
    272     0x00026C00       0xFFFFFF00      0x00000002         (0, 2, 13)      [] [NE]
    273     0x00003E80       0xFFFFFF80      0x00010000         (0, 0, 7)      [10] []
    274     0x00003A80       0xFFFFFF80      0x00000018         (0, 0, 7)      [] [W, SW]
    275     0x0002D400       0xFFFFFF00      0x00000004         (0, 2, 10)      [] [N]
    276     0x0000E780       0xFFFFFF80      0x00000008         (0, 0, 12)      [] [W]
    277     0x00010900       0xFFFFFF80      0x00000010         (0, 1, 1)      [] [SW]
    278     0x00026E00       0xFFFFFF00      0x00000002         (0, 2, 13)      [] [NE]
    279     0x00006900       0xFFFFFF80      0x00004000         (0, 0, 13)      [8] []
    280     0x00028700       0xFFFFFF00      0x00000004         (0, 2, 0)      [] [N]
    281     0x00002B00       0xFFFFFF80      0x00000008         (0, 0, 5)      [] [W]
    282     0x0000AE80       0xFFFFFF80      0x00000018         (0, 0, 5)      [] [W, SW]
    283     0x00023380       0xFFFFFF80      0x00080001         (0, 2, 6)      [13] [E]
    284     0x0000F880       0xFFFFFF80      0x00000010         (0, 0, 15)      [] [SW]
    285     0x0002B600       0xFFFFFF00      0x00000002         (0, 2, 6)      [] [NE]
    286     0x00003C00       0xFFFFFF80      0x00000800         (0, 0, 7)      [5] []
    287     0x00024A00       0xFFFFFF00      0x00000400         (0, 2, 9)      [4] []
    288     0x00011700       0xFFFFFF80      0x00000008         (0, 1, 2)      [] [W]
    289     0x00001A80       0xFFFFFF80      0x00000030         (0, 0, 3)      [] [SW, S]
    290     0x00023980       0xFFFFFF80      0x00000001         (0, 2, 7)      [] [E]
    291     0x00008380       0xFFFFFF80      0x00000010         (0, 0, 0)      [] [SW]
    292     0x0001A400       0xFFFFFF80      0x00000002         (0, 1, 4)      [] [NE]
    293     0x00023280       0xFFFFFF80      0x00020001         (0, 2, 6)      [11] [E]
    294     0x00008980       0xFFFFFF80      0x00200000         (0, 0, 1)      [15] []
    295     0x00024C00       0xFFFFFF00      0x00001000         (0, 2, 9)      [6] []
    296     0x00012200       0xFFFFFF80      0x00000008         (0, 1, 4)      [] [W]
    297     0x00000780       0xFFFFFF80      0x00FFFF87         (0, 0, 0)      [1, 2, 3, 4, 5, 6, 7, 8, 9, 10, 11, 12, 13, 14, 15, 16, 17] [E, NE, N]
    298     0x0000A600       0xFFFFFF80      0x00100000         (0, 0, 4)      [14] []
    299     0x0000DA80       0xFFFFFF80      0x00000008         (0, 0, 11)      [] [W]
    300     0x00005A80       0xFFFFFF80      0x00004000         (0, 0, 11)      [8] []
    301     0x00003D80       0xFFFFFF80      0x00004000         (0, 0, 7)      [8] []
    302     0x0000B000       0xFFFFFF80      0x00000018         (0, 0, 6)      [] [W, SW]
    303     0x0000F900       0xFFFFFF80      0x00000010         (0, 0, 15)      [] [SW]
    304     0x00004680       0xFFFFFF80      0x00000010         (0, 0, 8)      [] [SW]
    305     0x00008880       0xFFFFFF80      0x00080000         (0, 0, 1)      [13] []
    306     0x0002CF00       0xFFFFFF00      0x00000004         (0, 2, 9)      [] [N]
    307     0x00000480       0xFFFFFF80      0x00FFFF87         (0, 0, 0)      [1, 2, 3, 4, 5, 6, 7, 8, 9, 10, 11, 12, 13, 14, 15, 16, 17] [E, NE, N]
    308     0x0000CB80       0xFFFFFF80      0x00000008         (0, 0, 9)      [] [W]
    309     0x00001300       0xFFFFFF80      0x00018000         (0, 0, 2)      [9, 10] []
    310     0x00017600       0xFFFFFF80      0x00000008         (0, 1, 14)      [] [W]
    311     0x00000A00       0xFFFFFF80      0x00FFFF80         (0, 0, 1)      [1, 2, 3, 4, 5, 6, 7, 8, 9, 10, 11, 12, 13, 14, 15, 16, 17] []
    312     0x00006700       0xFFFFFF80      0x00000018         (0, 0, 12)      [] [W, SW]
    313     0x0000EB80       0xFFFFFF80      0x00000018         (0, 0, 13)      [] [W, SW]
    314     0x00001D80       0xFFFFFF80      0x00000030         (0, 0, 3)      [] [SW, S]
    315     0x00002F80       0xFFFFFF80      0x00008000         (0, 0, 5)      [9] []
    316     0x00001F80       0xFFFFFF80      0x00001000         (0, 0, 3)      [6] []
    317     0x0000B300       0xFFFFFF80      0x00000010         (0, 0, 6)      [] [SW]
    318     0x0002B400       0xFFFFFF00      0x00000002         (0, 2, 6)      [] [NE]
    319     0x00000880       0xFFFFFF80      0x00FFFF80         (0, 0, 1)      [1, 2, 3, 4, 5, 6, 7, 8, 9, 10, 11, 12, 13, 14, 15, 16, 17] []
    320     0x0000E980       0xFFFFFF80      0x00000008         (0, 0, 13)      [] [W]
    321     0x00002380       0xFFFFFF80      0x00100000         (0, 0, 4)      [14] []
    322     0x0002D200       0xFFFFFF00      0x00000004         (0, 2, 10)      [] [N]
    323     0x0000C300       0xFFFFFF80      0x00100000         (0, 0, 8)      [14] []
    324     0x00001B80       0xFFFFFF80      0x00000030         (0, 0, 3)      [] [SW, S]
    325     0x0000C280       0xFFFFFF80      0x00000010         (0, 0, 8)      [] [SW]
    326     0x00005880       0xFFFFFF80      0x00000008         (0, 0, 11)      [] [W]
    327     0x00012300       0xFFFFFF80      0x00000008         (0, 1, 4)      [] [W]
    328     0x00001680       0xFFFFFF80      0x00C00000         (0, 0, 2)      [16, 17] []
    329     0x00023C00       0xFFFFFF80      0x00000003         (0, 2, 7)      [] [E, NE]
    330     0x00000B80       0xFFFFFF80      0x00FFFF80         (0, 0, 1)      [1, 2, 3, 4, 5, 6, 7, 8, 9, 10, 11, 12, 13, 14, 15, 16, 17] []
    331     0x00006500       0xFFFFFF80      0x00000008         (0, 0, 12)      [] [W]
    332     0x00019F80       0xFFFFFF80      0x00000002         (0, 1, 3)      [] [NE]
    333     0x0002CE00       0xFFFFFF00      0x00000004         (0, 2, 9)      [] [N]
    334     0x0000CF80       0xFFFFFF80      0x00000008         (0, 0, 9)      [] [W]
    335     0x00004000       0xFFFFFF80      0x00080000         (0, 0, 8)      [13] []
    336     0x00006580       0xFFFFFF80      0x00000018         (0, 0, 12)      [] [W, SW]
    337     0x00027C00       0xFFFFFF00      0x00000004         (0, 2, 15)      [] [N]
    338     0x00001180       0xFFFFFF80      0x00003000         (0, 0, 2)      [6, 7] []
    339     0x00004100       0xFFFFFF80      0x00200000         (0, 0, 8)      [15] []
    340     0x0000D280       0xFFFFFF80      0x00400000         (0, 0, 10)      [16] []
    341     0x00015080       0xFFFFFF80      0x00000010         (0, 1, 10)      [] [SW]
    342     0x00028600       0xFFFFFF00      0x00000004         (0, 2, 0)      [] [N]
    343     0x00004E80       0xFFFFFF80      0x00080000         (0, 0, 9)      [13] []
    344     0x00014900       0xFFFFFF80      0x00000010         (0, 1, 9)      [] [SW]
    345     0x00017480       0xFFFFFF80      0x00000008         (0, 1, 14)      [] [W]
    346     0x00000D00       0xFFFFFF80      0x00FFFF80         (0, 0, 1)      [1, 2, 3, 4, 5, 6, 7, 8, 9, 10, 11, 12, 13, 14, 15, 16, 17] []
    347     0x00027400       0xFFFFFF00      0x00000002         (0, 2, 14)      [] [NE]
    348     0x0000BF80       0xFFFFFF80      0x00000010         (0, 0, 7)      [] [SW]
    349     0x00005B80       0xFFFFFF80      0x00010000         (0, 0, 11)      [10] []
    350     0x00012480       0xFFFFFF80      0x00000008         (0, 1, 4)      [] [W]
    351     0x00017700       0xFFFFFF80      0x00000008         (0, 1, 14)      [] [W]
    352     0x00010800       0xFFFFFF80      0x00000010         (0, 1, 1)      [] [SW]
    353     0x00010B00       0xFFFFFF80      0x00000010         (0, 1, 1)      [] [SW]
    354     0x0000E100       0xFFFFFF80      0x00400000         (0, 0, 12)      [16] []
    355     0x00005A00       0xFFFFFF80      0x00002000         (0, 0, 11)      [7] []
    356     0x0001B800       0xFFFFFF80      0x00000001         (0, 1, 7)      [] [E]
    357     0x00000680       0xFFFFFF80      0x00FFFF87         (0, 0, 0)      [1, 2, 3, 4, 5, 6, 7, 8, 9, 10, 11, 12, 13, 14, 15, 16, 17] [E, NE, N]
    358     0x00019680       0xFFFFFF80      0x00000001         (0, 1, 2)      [] [E]
    359     0x00002C80       0xFFFFFF80      0x00000008         (0, 0, 5)      [] [W]
    360     0x00010E80       0xFFFFFF80      0x00000001         (0, 1, 1)      [] [E]
    361     0x0002D000       0xFFFFFF00      0x00000004         (0, 2, 10)      [] [N]
    362     0x00004A80       0xFFFFFF80      0x00000010         (0, 0, 9)      [] [SW]
    363     0x0000B480       0xFFFFFF80      0x00100000         (0, 0, 6)      [14] []
    364     0x0000F000       0xFFFFFF80      0x00800000         (0, 0, 14)      [17] []
    365     0x00013200       0xFFFFFF80      0x00000008         (0, 1, 6)      [] [W]
    366     0x0000FA00       0xFFFFFF80      0x00000010         (0, 0, 15)      [] [SW]
    367     0x00002D80       0xFFFFFF80      0x00000800         (0, 0, 5)      [5] []
    368     0x00019E80       0xFFFFFF80      0x00000002         (0, 1, 3)      [] [NE]
    369     0x00023C80       0xFFFFFF80      0x00000002         (0, 2, 7)      [] [NE]
    370     0x00023580       0xFFFFFF80      0x00800003         (0, 2, 6)      [17] [E, NE]
    371     0x0000A300       0xFFFFFF80      0x00000008         (0, 0, 4)      [] [W]
    372     0x00003080       0xFFFFFF80      0x00020000         (0, 0, 6)      [11] []
    373     0x00025100       0xFFFFFF00      0x00020000         (0, 2, 10)      [11] []
    374     0x00019D00       0xFFFFFF80      0x00000002         (0, 1, 3)      [] [NE]
    375     0x0000DE00       0xFFFFFF80      0x00000008         (0, 0, 11)      [] [W]
    376     0x0000A680       0xFFFFFF80      0x00200000         (0, 0, 4)      [15] []
    377     0x00001380       0xFFFFFF80      0x00030000         (0, 0, 2)      [10, 11] []
    378     0x00001B00       0xFFFFFF80      0x00000030         (0, 0, 3)      [] [SW, S]
    379     0x00003000       0xFFFFFF80      0x00010000         (0, 0, 6)      [10] []
    380     0x00011880       0xFFFFFF80      0x00000008         (0, 1, 3)      [] [W]
    381     0x00017780       0xFFFFFF80      0x00000008         (0, 1, 14)      [] [W]
    382     0x00024580       0xFFFFFF80      0x00000008         (0, 2, 8)      [] [W]
    383     0x0000A080       0xFFFFFF80      0x00000008         (0, 0, 4)      [] [W]
    384     0x00024700       0xFFFFFF00      0x00000080         (0, 2, 8)      [1] []
    385     0x00008400       0xFFFFFF80      0x00000010         (0, 0, 0)      [] [SW]
    386     0x0002B500       0xFFFFFF00      0x00000002         (0, 2, 6)      [] [NE]
    387     0x0000A780       0xFFFFFF80      0x00800000         (0, 0, 4)      [17] []
    388     0x00000100       0xFFFFFF80      0x00FFFF85         (0, 0, 0)      [1, 2, 3, 4, 5, 6, 7, 8, 9, 10, 11, 12, 13, 14, 15, 16, 17] [E, N]
    389     0x00005000       0xFFFFFF80      0x00400000         (0, 0, 10)      [16] []
    390     0x00017380       0xFFFFFF80      0x00000008         (0, 1, 14)      [] [W]
    391     0x00007A00       0xFFFFFF80      0x00080000         (0, 0, 15)      [13] []
    392     0x00007580       0xFFFFFF80      0x00000010         (0, 0, 14)      [] [SW]
    393     0x00009F00       0xFFFFFF80      0x00000008         (0, 0, 3)      [] [W]
    394     0x00011780       0xFFFFFF80      0x00000008         (0, 1, 2)      [] [W]
    395     0x0002B000       0xFFFFFF00      0x00000002         (0, 2, 6)      [] [NE]
    396     0x00007480       0xFFFFFF80      0x00000010         (0, 0, 14)      [] [SW]
    397     0x0001A180       0xFFFFFF80      0x00000002         (0, 1, 4)      [] [NE]
    398     0x00007400       0xFFFFFF80      0x00000010         (0, 0, 14)      [] [SW]
    399     0x00015380       0xFFFFFF80      0x00000010         (0, 1, 10)      [] [SW]
    400     0x00007A80       0xFFFFFF80      0x00100000         (0, 0, 15)      [14] []
    401     0x00024180       0xFFFFFF80      0x00000008         (0, 2, 8)      [] [W]
    402     0x00010C00       0xFFFFFF80      0x00000010         (0, 1, 1)      [] [SW]
    403     0x00015580       0xFFFFFF80      0x00000010         (0, 1, 10)      [] [SW]
    404     0x00009580       0xFFFFFF80      0x00000008         (0, 0, 2)      [] [W]
    405     0x0002D900       0xFFFFFF00      0x00000004         (0, 2, 11)      [] [N]
    406     0x00025200       0xFFFFFF00      0x00040000         (0, 2, 10)      [12] []
    407     0x00024B00       0xFFFFFF00      0x00000800         (0, 2, 9)      [5] []
    408     0x0000DB00       0xFFFFFF80      0x00000008         (0, 0, 11)      [] [W]
    409     0x0001C200       0xFFFFFF80      0x00000002         (0, 1, 8)      [] [NE]
    410     0x00000E00       0xFFFFFF80      0x00FFFF88         (0, 0, 1)      [1, 2, 3, 4, 5, 6, 7, 8, 9, 10, 11, 12, 13, 14, 15, 16, 17] [W]
    411     0x00002F00       0xFFFFFF80      0x00004000         (0, 0, 5)      [8] []
    412     0x00000E80       0xFFFFFF80      0x00FFFF88         (0, 0, 1)      [1, 2, 3, 4, 5, 6, 7, 8, 9, 10, 11, 12, 13, 14, 15, 16, 17] [W]
    413     0x0002DA00       0xFFFFFF00      0x00000004         (0, 2, 11)      [] [N]
    414     0x00006880       0xFFFFFF80      0x00000018         (0, 0, 13)      [] [W, SW]
    415     0x00004080       0xFFFFFF80      0x00100000         (0, 0, 8)      [14] []
    416     0x00004F80       0xFFFFFF80      0x00200000         (0, 0, 9)      [15] []
    417     0x0001C280       0xFFFFFF80      0x00000002         (0, 1, 8)      [] [NE]
    418     0x0000FE80       0xFFFFFF80      0x00000010         (0, 0, 15)      [] [SW]
    419     0x00000400       0xFFFFFF80      0x00FFFF87         (0, 0, 0)      [1, 2, 3, 4, 5, 6, 7, 8, 9, 10, 11, 12, 13, 14, 15, 16, 17] [E, NE, N]
    420     0x00012A80       0xFFFFFF80      0x00000008         (0, 1, 5)      [] [W]
    421     0x00009900       0xFFFFFF80      0x00800000         (0, 0, 3)      [17] []
    422     0x0002DB00       0xFFFFFF00      0x00000004         (0, 2, 11)      [] [N]
    423     0x00007680       0xFFFFFF80      0x00000010         (0, 0, 14)      [] [SW]
    424     0x0000B080       0xFFFFFF80      0x00000010         (0, 0, 6)      [] [SW]
    425     0x00028200       0xFFFFFF00      0x00000004         (0, 2, 0)      [] [N]
    426     0x00013100       0xFFFFFF80      0x00000008         (0, 1, 6)      [] [W]
    427     0x00012500       0xFFFFFF80      0x00000008         (0, 1, 4)      [] [W]
    428     0x00009600       0xFFFFFF80      0x00020000         (0, 0, 2)      [11] []
    429     0x0000CC80       0xFFFFFF80      0x00000008         (0, 0, 9)      [] [W]
    430     0x0000D300       0xFFFFFF80      0x00800000         (0, 0, 10)      [17] []
    431     0x0000AF00       0xFFFFFF80      0x00000018         (0, 0, 5)      [] [W, SW]
    432     0x00023F00       0xFFFFFF80      0x00000008         (0, 2, 7)      [] [W]
    433     0x00015680       0xFFFFFF80      0x00000010         (0, 1, 10)      [] [SW]
    434     0x0000A200       0xFFFFFF80      0x00000008         (0, 0, 4)      [] [W]
    435     0x0001C380       0xFFFFFF80      0x00000002         (0, 1, 8)      [] [NE]
    436     0x00000180       0xFFFFFF80      0x00FFFF87         (0, 0, 0)      [1, 2, 3, 4, 5, 6, 7, 8, 9, 10, 11, 12, 13, 14, 15, 16, 17] [E, NE, N]
    437     0x00003180       0xFFFFFF80      0x00080000         (0, 0, 6)      [13] []
    438     0x00021580       0xFFFFFF80      0x00000020         (0, 2, 2)      [] [S]
    439     0x0002DD00       0xFFFFFF00      0x00000004         (0, 2, 11)      [] [N]
    440     0x0000F680       0xFFFFFF80      0x00000010         (0, 0, 14)      [] [SW]
    441     0x0000EF00       0xFFFFFF80      0x00000018         (0, 0, 13)      [] [W, SW]
    442     0x0000E880       0xFFFFFF80      0x00000008         (0, 0, 13)      [] [W]
    443     0x0000ED80       0xFFFFFF80      0x00000008         (0, 0, 13)      [] [W]
    444     0x00023480       0xFFFFFF80      0x00200003         (0, 2, 6)      [15] [E, NE]
    445     0x00000800       0xFFFFFF80      0x00FFFF87         (0, 0, 1)      [1, 2, 3, 4, 5, 6, 7, 8, 9, 10, 11, 12, 13, 14, 15, 16, 17] [E, NE, N]
    446     0x00001C80       0xFFFFFF80      0x00000030         (0, 0, 3)      [] [SW, S]
    447     0x0000DA00       0xFFFFFF80      0x00000008         (0, 0, 11)      [] [W]
    448     0x00010880       0xFFFFFF80      0x00000010         (0, 1, 1)      [] [SW]
    449     0x00023A80       0xFFFFFF80      0x00000003         (0, 2, 7)      [] [E, NE]
    450     0x00021480       0xFFFFFF80      0x00FFFFA1         (0, 2, 2)      [1, 2, 3, 4, 5, 6, 7, 8, 9, 10, 11, 12, 13, 14, 15, 16, 17] [E, S]
    451     0x00028500       0xFFFFFF00      0x00000004         (0, 2, 0)      [] [N]
    452     0x0000B280       0xFFFFFF80      0x00000010         (0, 0, 6)      [] [SW]
    453     0x0000B600       0xFFFFFF80      0x00800000         (0, 0, 6)      [17] []
    454     0x00009500       0xFFFFFF80      0x00000008         (0, 0, 2)      [] [W]
    455     0x00001080       0xFFFFFF80      0x00000C00         (0, 0, 2)      [4, 5] []
    456     0x0000FE00       0xFFFFFF80      0x00000010         (0, 0, 15)      [] [SW]
    457     0x00013580       0xFFFFFF80      0x00000008         (0, 1, 6)      [] [W]
    458     0x00001E00       0xFFFFFF80      0x00000200         (0, 0, 3)      [3] []
    459     0x0001BF80       0xFFFFFF80      0x00000002         (0, 1, 7)      [] [NE]
    460     0x00011580       0xFFFFFF80      0x00000008         (0, 1, 2)      [] [W]
    461     0x0001C080       0xFFFFFF80      0x00000002         (0, 1, 8)      [] [NE]
    462     0x0000BD00       0xFFFFFF80      0x00000010         (0, 0, 7)      [] [SW]
    463     0x00001600       0xFFFFFF80      0x00600000         (0, 0, 2)      [16, 15] []
    464     0x00017900       0xFFFFFF80      0x00000008         (0, 1, 15)      [] [W]
    465     0x00009380       0xFFFFFF80      0x00000008         (0, 0, 2)      [] [W]
    466     0x00014D80       0xFFFFFF80      0x00000010         (0, 1, 9)      [] [SW]
    467     0x00027A00       0xFFFFFF00      0x00000004         (0, 2, 15)      [] [N]
    468     0x0000BC80       0xFFFFFF80      0x00000010         (0, 0, 7)      [] [SW]
    469     0x00017800       0xFFFFFF80      0x00000008         (0, 1, 15)      [] [W]
    470     0x00022F00       0xFFFFFF80      0x00000401         (0, 2, 5)      [4] [E]
    471     0x00007B80       0xFFFFFF80      0x00400000         (0, 0, 15)      [16] []
    472     0x00015480       0xFFFFFF80      0x00000010         (0, 1, 10)      [] [SW]
    473     0x0000B400       0xFFFFFF80      0x00080000         (0, 0, 6)      [13] []
    474     0x0000DF80       0xFFFFFF80      0x00000008         (0, 0, 11)      [] [W]
    475     0x0000F780       0xFFFFFF80      0x00000010         (0, 0, 14)      [] [SW]
    476     0x00002B80       0xFFFFFF80      0x00000008         (0, 0, 5)      [] [W]
    477     0x00012600       0xFFFFFF80      0x00000008         (0, 1, 4)      [] [W]
    478     0x0000A700       0xFFFFFF80      0x00400000         (0, 0, 4)      [16] []
    479     0x00003980       0xFFFFFF80      0x00000008         (0, 0, 7)      [] [W]
    480     0x00012900       0xFFFFFF80      0x00000008         (0, 1, 5)      [] [W]
    481     0x00009080       0xFFFFFF80      0x00000008         (0, 0, 2)      [] [W]
    482     0x0000FC80       0xFFFFFF80      0x00000010         (0, 0, 15)      [] [SW]
    483     0x00025500       0xFFFFFF00      0x00200000         (0, 2, 10)      [15] []
    484     0x00000C80       0xFFFFFF80      0x00FFFF80         (0, 0, 1)      [1, 2, 3, 4, 5, 6, 7, 8, 9, 10, 11, 12, 13, 14, 15, 16, 17] []
    485     0x00028800       0xFFFFFF00      0x00000004         (0, 2, 1)      [] [N]
    486     0x00011200       0xFFFFFF80      0x00000001         (0, 1, 2)      [] [E]
    487     0x00005680       0xFFFFFF80      0x00000008         (0, 0, 10)      [] [W]
    488     0x00014E80       0xFFFFFF80      0x00000010         (0, 1, 9)      [] [SW]
    489     0x00004400       0xFFFFFF80      0x00000010         (0, 0, 8)      [] [SW]
    490     0x00012380       0xFFFFFF80      0x00000008         (0, 1, 4)      [] [W]
    491     0x00004180       0xFFFFFF80      0x00400000         (0, 0, 8)      [16] []
    492     0x00025700       0xFFFFFF00      0x00800000         (0, 2, 10)      [17] []
    493     0x00004A00       0xFFFFFF80      0x00000010         (0, 0, 9)      [] [SW]
    494     0x00003300       0xFFFFFF80      0x00400000         (0, 0, 6)      [16] []
    495     0x00002E80       0xFFFFFF80      0x00002000         (0, 0, 5)      [7] []
    496     0x00002180       0xFFFFFF80      0x00010000         (0, 0, 4)      [10] []
    497     0x00004200       0xFFFFFF80      0x00800000         (0, 0, 8)      [17] []
    498     0x00015000       0xFFFFFF80      0x00000010         (0, 1, 10)      [] [SW]
    499     0x00022F80       0xFFFFFF80      0x00000801         (0, 2, 5)      [5] [E]
    500     0x00023100       0xFFFFFF80      0x00004001         (0, 2, 6)      [8] [E]
    501     0x0002AD00       0xFFFFFF00      0x00000002         (0, 2, 5)      [] [NE]
    502     0x0000A480       0xFFFFFF80      0x00000008         (0, 0, 4)      [] [W]
    503     0x00007800       0xFFFFFF80      0x00008000         (0, 0, 15)      [9] []
    504     0x00012B80       0xFFFFFF80      0x00000008         (0, 1, 5)      [] [W]
    505     0x00025600       0xFFFFFF00      0x00400000         (0, 2, 10)      [16] []
    506     0x0001A200       0xFFFFFF80      0x00000002         (0, 1, 4)      [] [NE]
    507     0x0000C100       0xFFFFFF80      0x00000010         (0, 0, 8)      [] [SW]
    508     0x00006B00       0xFFFFFF80      0x00040000         (0, 0, 13)      [12] []
    509     0x00017680       0xFFFFFF80      0x00000008         (0, 1, 14)      [] [W]
    510     0x00003280       0xFFFFFF80      0x00200000         (0, 0, 6)      [15] []
    511     0x0000EA00       0xFFFFFF80      0x00000008         (0, 0, 13)      [] [W]
    512     0x00008500       0xFFFFFF80      0x00000010         (0, 0, 0)      [] [SW]
    513     0x0000E180       0xFFFFFF80      0x00800000         (0, 0, 12)      [17] []
    514     0x00004900       0xFFFFFF80      0x00000010         (0, 0, 9)      [] [SW]
    515     0x00008600       0xFFFFFF80      0x00000008         (0, 0, 0)      [] [W]
    516     0x00007780       0xFFFFFF80      0x00000010         (0, 0, 14)      [] [SW]
    517     0x00021500       0xFFFFFF80      0x00000021         (0, 2, 2)      [] [E, S]
    518     0x0000CD80       0xFFFFFF80      0x00000008         (0, 0, 9)      [] [W]
    519     0x00011680       0xFFFFFF80      0x00000008         (0, 1, 2)      [] [W]
    520     0x00001900       0xFFFFFF80      0x00000010         (0, 0, 3)      [] [SW]
    521     0x00000A80       0xFFFFFF80      0x00FFFF80         (0, 0, 1)      [1, 2, 3, 4, 5, 6, 7, 8, 9, 10, 11, 12, 13, 14, 15, 16, 17] []
    522     0x00011300       0xFFFFFF80      0x00000001         (0, 1, 2)      [] [E]
    523     0x00001100       0xFFFFFF80      0x00001800         (0, 0, 2)      [5, 6] []
    524     0x0000B580       0xFFFFFF80      0x00400000         (0, 0, 6)      [16] []
    525     0x00007900       0xFFFFFF80      0x00020000         (0, 0, 15)      [11] []
    526     0x00004B00       0xFFFFFF80      0x00001000         (0, 0, 9)      [6] []
    527     0x00001500       0xFFFFFF80      0x00180000         (0, 0, 2)      [13, 14] []
    528     0x00007880       0xFFFFFF80      0x00010000         (0, 0, 15)      [10] []
    529     0x00011900       0xFFFFFF80      0x00000008         (0, 1, 3)      [] [W]
    530     0x00011080       0xFFFFFF80      0x00000001         (0, 1, 2)      [] [E]
    531     0x00003B00       0xFFFFFF80      0x00000010         (0, 0, 7)      [] [SW]
    532     0x0000DF00       0xFFFFFF80      0x00000008         (0, 0, 11)      [] [W]
    533     0x0002B900       0xFFFFFF00      0x00000002         (0, 2, 7)      [] [NE]
    534     0x00014F00       0xFFFFFF80      0x00000010         (0, 1, 9)      [] [SW]
    535     0x00005D00       0xFFFFFF80      0x00080000         (0, 0, 11)      [13] []
    536     0x0000AF80       0xFFFFFF80      0x00000018         (0, 0, 5)      [] [W, SW]
    537     0x00024100       0xFFFFFF80      0x00000008         (0, 2, 8)      [] [W]
    538     0x00006980       0xFFFFFF80      0x00008000         (0, 0, 13)      [9] []
    539     0x00006600       0xFFFFFF80      0x00000018         (0, 0, 12)      [] [W, SW]
    540     0x0002AC00       0xFFFFFF00      0x00000002         (0, 2, 5)      [] [NE]
    541     0x00011C80       0xFFFFFF80      0x00000008         (0, 1, 3)      [] [W]
    542     0x0000C400       0xFFFFFF80      0x00400000         (0, 0, 8)      [16] []
    543     0x00021700       0xFFFFFF80      0x00000020         (0, 2, 2)      [] [S]
    544     0x00002400       0xFFFFFF80      0x00200000         (0, 0, 4)      [15] []
    545     0x00013180       0xFFFFFF80      0x00000008         (0, 1, 6)      [] [W]
    546     0x00023A00       0xFFFFFF80      0x00000001         (0, 2, 7)      [] [E]
    547     0x0000C080       0xFFFFFF80      0x00000010         (0, 0, 8)      [] [SW]
    548     0x00005C00       0xFFFFFF80      0x00020000         (0, 0, 11)      [11] []
    549     0x00024000       0xFFFFFF80      0x00000008         (0, 2, 8)      [] [W]
    550     0x00026F00       0xFFFFFF00      0x00000002         (0, 2, 13)      [] [NE]
    551     0x0000CB00       0xFFFFFF80      0x00000008         (0, 0, 9)      [] [W]
    552     0x00012780       0xFFFFFF80      0x00000008         (0, 1, 4)      [] [W]
    553     0x00010780       0xFFFFFF80      0x00000010         (0, 1, 0)      [] [SW]
    554     0x0000C380       0xFFFFFF80      0x00200000         (0, 0, 8)      [15] []
    555     0x00012400       0xFFFFFF80      0x00000008         (0, 1, 4)      [] [W]
    556     0x00024D00       0xFFFFFF00      0x00002000         (0, 2, 9)      [7] []
    557     0x00023E80       0xFFFFFF80      0x00000008         (0, 2, 7)      [] [W]
    558     0x00013400       0xFFFFFF80      0x00000008         (0, 1, 6)      [] [W]
    559     0x00027D00       0xFFFFFF00      0x00000004         (0, 2, 15)      [] [N]
    560     0x00007700       0xFFFFFF80      0x00000010         (0, 0, 14)      [] [SW]
    561     0x00027500       0xFFFFFF00      0x00000002         (0, 2, 14)      [] [NE]
    562     0x00023000       0xFFFFFF80      0x00001000         (0, 2, 6)      [6] []
    563     0x00004880       0xFFFFFF80      0x00000010         (0, 0, 9)      [] [SW]
    564     0x00014780       0xFFFFFF80      0x00000010         (0, 1, 8)      [] [SW]
    565     0x00028300       0xFFFFFF00      0x00000004         (0, 2, 0)      [] [N]
    566     0x00027100       0xFFFFFF00      0x00000002         (0, 2, 14)      [] [NE]
    567     0x00005B00       0xFFFFFF80      0x00008000         (0, 0, 11)      [9] []
    568     0x00002280       0xFFFFFF80      0x00040000         (0, 0, 4)      [12] []
    569     0x00000080       0xFFFFFF80      0x00FFFF81         (0, 0, 0)      [1, 2, 3, 4, 5, 6, 7, 8, 9, 10, 11, 12, 13, 14, 15, 16, 17] [E]
    570     0x0000EB00       0xFFFFFF80      0x00000018         (0, 0, 13)      [] [W, SW]
    571     0x00023680       0xFFFFFF80      0x00000003         (0, 2, 6)      [] [E, NE]
    572     0x0001C180       0xFFFFFF80      0x00000003         (0, 1, 8)      [] [E, NE]
    573     0x00027200       0xFFFFFF00      0x00000002         (0, 2, 14)      [] [NE]
    574     0x0002B300       0xFFFFFF00      0x00000002         (0, 2, 6)      [] [NE]
    575     0x0000D900       0xFFFFFF80      0x00000008         (0, 0, 11)      [] [W]
    576     0x00017500       0xFFFFFF80      0x00000008         (0, 1, 14)      [] [W]
    577     0x00005080       0xFFFFFF80      0x00800000         (0, 0, 10)      [17] []
    578     0x00019E00       0xFFFFFF80      0x00000002         (0, 1, 3)      [] [NE]
    579     0x00005800       0xFFFFFF80      0x00000008         (0, 0, 11)      [] [W]
    580     0x0000FD80       0xFFFFFF80      0x00000010         (0, 0, 15)      [] [SW]
    581     0x0002D800       0xFFFFFF00      0x00000004         (0, 2, 11)      [] [N]
    582     0x0000A100       0xFFFFFF80      0x00000008         (0, 0, 4)      [] [W]
    583     0x00023900       0xFFFFFF80      0x00000001         (0, 2, 7)      [] [E]
    584     0x00027300       0xFFFFFF00      0x00000002         (0, 2, 14)      [] [NE]
    585     0x0000DC80       0xFFFFFF80      0x00000008         (0, 0, 11)      [] [W]
    586     0x00024800       0xFFFFFF00      0x00000100         (0, 2, 9)      [2] []
    587     0x00003380       0xFFFFFF80      0x00800000         (0, 0, 6)      [17] []
    588     0x0001C100       0xFFFFFF80      0x00000003         (0, 1, 8)      [] [E, NE]
    589     0x00024E00       0xFFFFFF00      0x00004000         (0, 2, 9)      [8] []
    590     0x00001F00       0xFFFFFF80      0x00000800         (0, 0, 3)      [5] []
    591     0x00000980       0xFFFFFF80      0x00FFFF80         (0, 0, 1)      [1, 2, 3, 4, 5, 6, 7, 8, 9, 10, 11, 12, 13, 14, 15, 16, 17] []
    592     0x00004D80       0xFFFFFF80      0x00020000         (0, 0, 9)      [11] []
    593     0x00014880       0xFFFFFF80      0x00000010         (0, 1, 9)      [] [SW]
    594     0x00013280       0xFFFFFF80      0x00000008         (0, 1, 6)      [] [W]
    595     0x0000B380       0xFFFFFF80      0x00000010         (0, 0, 6)      [] [SW]
    596     0x0000EE80       0xFFFFFF80      0x00000018         (0, 0, 13)      [] [W, SW]
    597     0x00005780       0xFFFFFF80      0x00000008         (0, 0, 10)      [] [W]
    598     0x00017400       0xFFFFFF80      0x00000008         (0, 1, 14)      [] [W]
    599     0x00023600       0xFFFFFF80      0x00000003         (0, 2, 6)      [] [E, NE]
    600     0x00019F00       0xFFFFFF80      0x00000002         (0, 1, 3)      [] [NE]
    601     0x0002BA00       0xFFFFFF00      0x00000002         (0, 2, 7)      [] [NE]
    602     0x00006680       0xFFFFFF80      0x00000018         (0, 0, 12)      [] [W, SW]
    603     0x00019600       0xFFFFFF80      0x00000001         (0, 1, 2)      [] [E]
    604     0x00006A80       0xFFFFFF80      0x00020000         (0, 0, 13)      [11] []
    605     0x0000CF00       0xFFFFFF80      0x00000008         (0, 0, 9)      [] [W]
    606     0x00027E00       0xFFFFFF00      0x00000004         (0, 2, 15)      [] [N]
    607     0x00007980       0xFFFFFF80      0x00040000         (0, 0, 15)      [12] []
    608     0x00021680       0xFFFFFF80      0x00000020         (0, 2, 2)      [] [S]
    609     0x00024480       0xFFFFFF80      0x00000008         (0, 2, 8)      [] [W]
    610     0x00010700       0xFFFFFF80      0x00000010         (0, 1, 0)      [] [SW]
    611     0x00004480       0xFFFFFF80      0x00000010         (0, 0, 8)      [] [SW]
    612     0x00006A00       0xFFFFFF80      0x00010000         (0, 0, 13)      [10] []
    613     0x0000B200       0xFFFFFF80      0x00000010         (0, 0, 6)      [] [SW]
    614     0x00027700       0xFFFFFF00      0x00000002         (0, 2, 14)      [] [NE]
    615     0x0001C300       0xFFFFFF80      0x00000002         (0, 1, 8)      [] [NE]
