router contains 780 entries 
 
  Index   Key(hex)    Mask(hex)    Route(hex)    Src. Core -> [Cores][Links]
------------------------------------------------------------------------------
    0     0x00012B80       0xFFFFFF80      0x0000000E         (0, 1, 5)      [] [NE, N, W]
    1     0x0000B880       0xFFFFFF80      0x00000001         (0, 0, 7)      [] [E]
    2     0x0000AF80       0xFFFFFF80      0x00004000         (0, 0, 5)      [8] []
    3     0x00011500       0xFFFFFF80      0x00004008         (0, 1, 2)      [8] [W]
    4     0x0000FA00       0xFFFFFF80      0x00040002         (0, 0, 15)      [12] [NE]
    5     0x00019F00       0xFFFFFF80      0x00000008         (0, 1, 3)      [] [W]
    6     0x00023400       0xFFFFFF80      0x00000010         (0, 2, 6)      [] [SW]
    7     0x00013000       0xFFFFFF80      0x00000408         (0, 1, 6)      [4] [W]
    8     0x0001BC00       0xFFFFFF80      0x00000018         (0, 1, 7)      [] [W, SW]
    9     0x0000E980       0xFFFFFF80      0x00004000         (0, 0, 13)      [8] []
    10     0x00043400       0xFFFFFF00      0x00000010         (0, 4, 6)      [] [SW]
    11     0x00014C80       0xFFFFFF80      0x00000C01         (0, 1, 9)      [4, 5] [E]
    12     0x0000DF80       0xFFFFFF80      0x00800002         (0, 0, 11)      [17] [NE]
    13     0x0001AD80       0xFFFFFF80      0x00010010         (0, 1, 5)      [10] [SW]
    14     0x0004BE00       0xFFFFFF00      0x00000020         (0, 4, 7)      [] [S]
    15     0x0000B900       0xFFFFFF80      0x00000001         (0, 0, 7)      [] [E]
    16     0x00000D00       0xFFFFFF80      0x00000100         (0, 0, 1)      [2] []
    17     0x0001A480       0xFFFFFF80      0x00040008         (0, 1, 4)      [12] [W]
    18     0x00015300       0xFFFFFF80      0x00800000         (0, 1, 10)      [17] []
    19     0x00011880       0xFFFFFF80      0x00200008         (0, 1, 3)      [15] [W]
    20     0x00011A80       0xFFFFFF80      0x00000008         (0, 1, 3)      [] [W]
    21     0x00016A00       0xFFFFFF80      0x00018008         (0, 1, 13)      [9, 10] [W]
    22     0x00012E80       0xFFFFFF80      0x00000080         (0, 1, 5)      [1] []
    23     0x00010680       0xFFFFFF80      0x00004001         (0, 1, 0)      [8] [E]
    24     0x0000C780       0xFFFFFF80      0x00000001         (0, 0, 8)      [] [E]
    25     0x0001C200       0xFFFFFF80      0x00100008         (0, 1, 8)      [14] [W]
    26     0x0000A380       0xFFFFFF80      0x00080000         (0, 0, 4)      [13] []
    27     0x00015C80       0xFFFFFF80      0x00FFFFBF         (0, 1, 11)      [1, 2, 3, 4, 5, 6, 7, 8, 9, 10, 11, 12, 13, 14, 15, 16, 17] [E, NE, N, W, SW, S]
    28     0x00009E80       0xFFFFFF80      0x00000200         (0, 0, 3)      [3] []
    29     0x0000E900       0xFFFFFF80      0x00002000         (0, 0, 13)      [7] []
    30     0x00045900       0xFFFFFF00      0x00000010         (0, 4, 11)      [] [SW]
    31     0x00013200       0xFFFFFF80      0x0000400A         (0, 1, 6)      [8] [NE, W]
    32     0x0000D080       0xFFFFFF80      0x00400000         (0, 0, 10)      [16] []
    33     0x00043700       0xFFFFFF00      0x00000010         (0, 4, 6)      [] [SW]
    34     0x00016180       0xFFFFFF80      0x00FFFF88         (0, 1, 12)      [1, 2, 3, 4, 5, 6, 7, 8, 9, 10, 11, 12, 13, 14, 15, 16, 17] [W]
    35     0x00014000       0xFFFFFF80      0x00002003         (0, 1, 8)      [7] [E, NE]
    36     0x0004B500       0xFFFFFF00      0x00000020         (0, 4, 6)      [] [S]
    37     0x00018B80       0xFFFFFF80      0x00000821         (0, 1, 1)      [5] [E, S]
    38     0x00018E00       0xFFFFFF80      0x00010021         (0, 1, 1)      [10] [E, S]
    39     0x00016900       0xFFFFFF80      0x00006008         (0, 1, 13)      [8, 7] [W]
    40     0x00006F80       0xFFFFFF80      0x00000001         (0, 0, 13)      [] [E]
    41     0x0001E400       0xFFFFFF80      0x00000010         (0, 1, 12)      [] [SW]
    42     0x0000AC80       0xFFFFFF80      0x00000100         (0, 0, 5)      [2] []
    43     0x00024580       0xFFFFFF80      0x00000020         (0, 2, 8)      [] [S]
    44     0x00009200       0xFFFFFF80      0x00002000         (0, 0, 2)      [7] []
    45     0x00014080       0xFFFFFF80      0x00004002         (0, 1, 8)      [8] [NE]
    46     0x0001BC80       0xFFFFFF80      0x00000018         (0, 1, 7)      [] [W, SW]
    47     0x00050700       0xFFFFFF00      0x00400000         (0, 5, 0)      [16] []
    48     0x0000DE80       0xFFFFFF80      0x00200002         (0, 0, 11)      [15] [NE]
    49     0x0001BB80       0xFFFFFF80      0x00000018         (0, 1, 7)      [] [W, SW]
    50     0x00004300       0xFFFFFF80      0x00000001         (0, 0, 8)      [] [E]
    51     0x00012580       0xFFFFFF80      0x00040008         (0, 1, 4)      [12] [W]
    52     0x0000EF80       0xFFFFFF80      0x00000002         (0, 0, 13)      [] [NE]
    53     0x00019C80       0xFFFFFF80      0x00800008         (0, 1, 3)      [17] [W]
    54     0x0001B280       0xFFFFFF80      0x00000010         (0, 1, 6)      [] [SW]
    55     0x0000BD80       0xFFFFFF80      0x00002001         (0, 0, 7)      [7] [E]
    56     0x00012280       0xFFFFFF80      0x00001008         (0, 1, 4)      [6] [W]
    57     0x00006500       0xFFFFFF80      0x00000400         (0, 0, 12)      [4] []
    58     0x0004C000       0xFFFFFF00      0x00000020         (0, 4, 8)      [] [S]
    59     0x0001F800       0xFFFFFF80      0x00000008         (0, 1, 15)      [] [W]
    60     0x00012780       0xFFFFFF80      0x0040000E         (0, 1, 4)      [16] [NE, N, W]
    61     0x00016280       0xFFFFFF80      0x00FFFF88         (0, 1, 12)      [1, 2, 3, 4, 5, 6, 7, 8, 9, 10, 11, 12, 13, 14, 15, 16, 17] [W]
    62     0x00013900       0xFFFFFF80      0x0000000E         (0, 1, 7)      [] [NE, N, W]
    63     0x00011980       0xFFFFFF80      0x00800008         (0, 1, 3)      [17] [W]
    64     0x00017500       0xFFFFFF80      0x00002008         (0, 1, 14)      [7] [W]
    65     0x0000E080       0xFFFFFF80      0x00000002         (0, 0, 12)      [] [NE]
    66     0x00024180       0xFFFFFF80      0x00400000         (0, 2, 8)      [16] []
    67     0x0001E480       0xFFFFFF80      0x00000010         (0, 1, 12)      [] [SW]
    68     0x00011B80       0xFFFFFF80      0x00000008         (0, 1, 3)      [] [W]
    69     0x00023E00       0xFFFFFF80      0x00008000         (0, 2, 7)      [9] []
    70     0x00023E80       0xFFFFFF80      0x00010000         (0, 2, 7)      [10] []
    71     0x00003B80       0xFFFFFF80      0x00004000         (0, 0, 7)      [8] []
    72     0x00023380       0xFFFFFF80      0x00000010         (0, 2, 6)      [] [SW]
    73     0x0001B700       0xFFFFFF80      0x00010018         (0, 1, 6)      [10] [W, SW]
    74     0x00003A00       0xFFFFFF80      0x00000800         (0, 0, 7)      [5] []
    75     0x00006780       0xFFFFFF80      0x00008000         (0, 0, 12)      [9] []
    76     0x00012480       0xFFFFFF80      0x00010008         (0, 1, 4)      [10] [W]
    77     0x00009480       0xFFFFFF80      0x00040000         (0, 0, 2)      [12] []
    78     0x0000EC00       0xFFFFFF80      0x00080002         (0, 0, 13)      [13] [NE]
    79     0x0004BC00       0xFFFFFF00      0x00000020         (0, 4, 7)      [] [S]
    80     0x00010980       0xFFFFFF80      0x00100001         (0, 1, 1)      [14] [E]
    81     0x00018900       0xFFFFFF80      0x00000021         (0, 1, 1)      [] [E, S]
    82     0x00018680       0xFFFFFF80      0x00000021         (0, 1, 0)      [] [E, S]
    83     0x00002A80       0xFFFFFF80      0x00000200         (0, 0, 5)      [3] []
    84     0x00016200       0xFFFFFF80      0x00FFFF88         (0, 1, 12)      [1, 2, 3, 4, 5, 6, 7, 8, 9, 10, 11, 12, 13, 14, 15, 16, 17] [W]
    85     0x00018000       0xFFFFFF80      0x00000808         (0, 1, 0)      [5] [W]
    86     0x00009100       0xFFFFFF80      0x00000800         (0, 0, 2)      [5] []
    87     0x0001F780       0xFFFFFF80      0x00000008         (0, 1, 14)      [] [W]
    88     0x0000B100       0xFFFFFF80      0x00020000         (0, 0, 6)      [11] []
    89     0x00007700       0xFFFFFF80      0x00020000         (0, 0, 14)      [11] []
    90     0x00023B00       0xFFFFFF80      0x00000208         (0, 2, 7)      [3] [W]
    91     0x0001E880       0xFFFFFF80      0x00400018         (0, 1, 13)      [16] [W, SW]
    92     0x0000AE80       0xFFFFFF80      0x00001000         (0, 0, 5)      [6] []
    93     0x0001DC80       0xFFFFFF80      0x00000010         (0, 1, 11)      [] [SW]
    94     0x00016C80       0xFFFFFF80      0x00300008         (0, 1, 13)      [14, 15] [W]
    95     0x00019800       0xFFFFFF80      0x00004018         (0, 1, 3)      [8] [W, SW]
    96     0x00000E00       0xFFFFFF80      0x00000400         (0, 0, 1)      [4] []
    97     0x00045800       0xFFFFFF00      0x00000010         (0, 4, 11)      [] [SW]
    98     0x0000F680       0xFFFFFF80      0x00000801         (0, 0, 14)      [5] [E]
    99     0x0001E800       0xFFFFFF80      0x00200010         (0, 1, 13)      [15] [SW]
    100     0x0004C200       0xFFFFFF00      0x00000020         (0, 4, 8)      [] [S]
    101     0x00008F80       0xFFFFFF80      0x00000100         (0, 0, 1)      [2] []
    102     0x0001F080       0xFFFFFF80      0x00000008         (0, 1, 14)      [] [W]
    103     0x0001F400       0xFFFFFF80      0x00400008         (0, 1, 14)      [16] [W]
    104     0x00008000       0xFFFFFF80      0x00000001         (0, 0, 0)      [] [E]
    105     0x0001A580       0xFFFFFF80      0x00100000         (0, 1, 4)      [14] []
    106     0x00014480       0xFFFFFF80      0x00400002         (0, 1, 8)      [16] [NE]
    107     0x0001B780       0xFFFFFF80      0x00020018         (0, 1, 6)      [11] [W, SW]
    108     0x00014680       0xFFFFFF80      0x00000003         (0, 1, 8)      [] [E, NE]
    109     0x00010500       0xFFFFFF80      0x00000801         (0, 1, 0)      [5] [E]
    110     0x00007180       0xFFFFFF80      0x00000001         (0, 0, 14)      [] [E]
    111     0x00012380       0xFFFFFF80      0x00004008         (0, 1, 4)      [8] [W]
    112     0x00013780       0xFFFFFF80      0x0000000E         (0, 1, 6)      [] [NE, N, W]
    113     0x0000C900       0xFFFFFF80      0x00000081         (0, 0, 9)      [1] [E]
    114     0x0000AE00       0xFFFFFF80      0x00000800         (0, 0, 5)      [5] []
    115     0x0001B600       0xFFFFFF80      0x00004018         (0, 1, 6)      [8] [W, SW]
    116     0x00018F00       0xFFFFFF80      0x00040021         (0, 1, 1)      [12] [E, S]
    117     0x0004FD00       0xFFFFFF00      0x00001000         (0, 4, 15)      [6] []
    118     0x0001E280       0xFFFFFF80      0x00800010         (0, 1, 12)      [17] [SW]
    119     0x00014400       0xFFFFFF80      0x00200002         (0, 1, 8)      [15] [NE]
    120     0x0000D000       0xFFFFFF80      0x00200000         (0, 0, 10)      [15] []
    121     0x0001B880       0xFFFFFF80      0x00080018         (0, 1, 7)      [13] [W, SW]
    122     0x0000F800       0xFFFFFF80      0x00004002         (0, 0, 15)      [8] [NE]
    123     0x0000BE80       0xFFFFFF80      0x00008000         (0, 0, 7)      [9] []
    124     0x00016380       0xFFFFFF80      0x00FFFF88         (0, 1, 12)      [1, 2, 3, 4, 5, 6, 7, 8, 9, 10, 11, 12, 13, 14, 15, 16, 17] [W]
    125     0x00018500       0xFFFFFF80      0x00200021         (0, 1, 0)      [15] [E, S]
    126     0x00018600       0xFFFFFF80      0x00800021         (0, 1, 0)      [17] [E, S]
    127     0x0000CE80       0xFFFFFF80      0x00040000         (0, 0, 9)      [12] []
    128     0x00012000       0xFFFFFF80      0x00000080         (0, 1, 4)      [1] []
    129     0x00012800       0xFFFFFF80      0x0080000E         (0, 1, 5)      [17] [NE, N, W]
    130     0x00015E80       0xFFFFFF80      0x00FFFFBF         (0, 1, 11)      [1, 2, 3, 4, 5, 6, 7, 8, 9, 10, 11, 12, 13, 14, 15, 16, 17] [E, NE, N, W, SW, S]
    131     0x00007380       0xFFFFFF80      0x00000401         (0, 0, 14)      [4] [E]
    132     0x00004800       0xFFFFFF80      0x00000400         (0, 0, 9)      [4] []
    133     0x00016680       0xFFFFFF80      0x00000308         (0, 1, 12)      [2, 3] [W]
    134     0x00019080       0xFFFFFF80      0x00200021         (0, 1, 2)      [15] [E, S]
    135     0x00045B00       0xFFFFFF00      0x00000010         (0, 4, 11)      [] [SW]
    136     0x0001C100       0xFFFFFF80      0x00040008         (0, 1, 8)      [12] [W]
    137     0x00023C80       0xFFFFFF80      0x00001008         (0, 2, 7)      [6] [W]
    138     0x00006800       0xFFFFFF80      0x00010000         (0, 0, 13)      [10] []
    139     0x0000CF80       0xFFFFFF80      0x00100000         (0, 0, 9)      [14] []
    140     0x0000CD00       0xFFFFFF80      0x00008000         (0, 0, 9)      [9] []
    141     0x00012880       0xFFFFFF80      0x0000000E         (0, 1, 5)      [] [NE, N, W]
    142     0x00001D00       0xFFFFFF80      0x00000800         (0, 0, 3)      [5] []
    143     0x0001C180       0xFFFFFF80      0x00080008         (0, 1, 8)      [13] [W]
    144     0x00012500       0xFFFFFF80      0x00020008         (0, 1, 4)      [11] [W]
    145     0x00008580       0xFFFFFF80      0x00020000         (0, 0, 0)      [11] []
    146     0x00014B00       0xFFFFFF80      0x00000181         (0, 1, 9)      [1, 2] [E]
    147     0x00021F00       0xFFFFFF80      0x00000010         (0, 2, 3)      [] [SW]
    148     0x00011800       0xFFFFFF80      0x00100008         (0, 1, 3)      [14] [W]
    149     0x00015200       0xFFFFFF80      0x00600000         (0, 1, 10)      [16, 15] []
    150     0x0001A100       0xFFFFFF80      0x00000808         (0, 1, 4)      [5] [W]
    151     0x00016E00       0xFFFFFF80      0x00800008         (0, 1, 13)      [17] [W]
    152     0x00017300       0xFFFFFF80      0x00000208         (0, 1, 14)      [3] [W]
    153     0x00013980       0xFFFFFF80      0x0000000E         (0, 1, 7)      [] [NE, N, W]
    154     0x00013180       0xFFFFFF80      0x0000200C         (0, 1, 6)      [7] [N, W]
    155     0x0001B100       0xFFFFFF80      0x00800010         (0, 1, 6)      [17] [SW]
    156     0x0000BF80       0xFFFFFF80      0x00020000         (0, 0, 7)      [11] []
    157     0x0001C900       0xFFFFFF80      0x00020000         (0, 1, 9)      [11] []
    158     0x00050200       0xFFFFFF00      0x00020000         (0, 5, 0)      [11] []
    159     0x0001DD00       0xFFFFFF80      0x00000010         (0, 1, 11)      [] [SW]
    160     0x00018200       0xFFFFFF80      0x00008008         (0, 1, 0)      [9] [W]
    161     0x0001EE80       0xFFFFFF80      0x00400018         (0, 1, 13)      [16] [W, SW]
    162     0x00008400       0xFFFFFF80      0x00004000         (0, 0, 0)      [8] []
    163     0x00017E00       0xFFFFFF80      0x00000008         (0, 1, 15)      [] [W]
    164     0x0004FA00       0xFFFFFF00      0x00000200         (0, 4, 15)      [3] []
    165     0x00016D80       0xFFFFFF80      0x00C00008         (0, 1, 13)      [16, 17] [W]
    166     0x00023B80       0xFFFFFF80      0x00000408         (0, 2, 7)      [4] [W]
    167     0x00017F00       0xFFFFFF80      0x00000208         (0, 1, 15)      [3] [W]
    168     0x00007780       0xFFFFFF80      0x00040000         (0, 0, 14)      [12] []
    169     0x00008280       0xFFFFFF80      0x00000801         (0, 0, 0)      [5] [E]
    170     0x00043800       0xFFFFFF00      0x00000010         (0, 4, 7)      [] [SW]
    171     0x00013380       0xFFFFFF80      0x0002000E         (0, 1, 6)      [11] [NE, N, W]
    172     0x00014A00       0xFFFFFF80      0x00000001         (0, 1, 9)      [] [E]
    173     0x0001D400       0xFFFFFF80      0x00800010         (0, 1, 10)      [17] [SW]
    174     0x0001E000       0xFFFFFF80      0x00040010         (0, 1, 12)      [12] [SW]
    175     0x00015180       0xFFFFFF80      0x00300000         (0, 1, 10)      [14, 15] []
    176     0x00017D80       0xFFFFFF80      0x00000008         (0, 1, 15)      [] [W]
    177     0x0000FA80       0xFFFFFF80      0x00080002         (0, 0, 15)      [13] [NE]
    178     0x0001D880       0xFFFFFF80      0x00020010         (0, 1, 11)      [11] [SW]
    179     0x00017900       0xFFFFFF80      0x00200008         (0, 1, 15)      [15] [W]
    180     0x00045D00       0xFFFFFF00      0x00000010         (0, 4, 11)      [] [SW]
    181     0x00007F00       0xFFFFFF80      0x00000001         (0, 0, 15)      [] [E]
    182     0x00011300       0xFFFFFF80      0x00000408         (0, 1, 2)      [4] [W]
    183     0x00010580       0xFFFFFF80      0x00001001         (0, 1, 0)      [6] [E]
    184     0x00024600       0xFFFFFF80      0x00000020         (0, 2, 8)      [] [S]
    185     0x00004780       0xFFFFFF80      0x00000200         (0, 0, 8)      [3] []
    186     0x00016580       0xFFFFFF80      0x00000080         (0, 1, 12)      [1] []
    187     0x00013080       0xFFFFFF80      0x00000808         (0, 1, 6)      [5] [W]
    188     0x00014600       0xFFFFFF80      0x00000002         (0, 1, 8)      [] [NE]
    189     0x0000EE00       0xFFFFFF80      0x00800002         (0, 0, 13)      [17] [NE]
    190     0x00017180       0xFFFFFF80      0x00000008         (0, 1, 14)      [] [W]
    191     0x00010100       0xFFFFFF80      0x00000001         (0, 1, 0)      [] [E]
    192     0x00012600       0xFFFFFF80      0x0008000E         (0, 1, 4)      [13] [NE, N, W]
    193     0x0000C000       0xFFFFFF80      0x00040000         (0, 0, 8)      [12] []
    194     0x00012F00       0xFFFFFF80      0x00000100         (0, 1, 5)      [2] []
    195     0x00023F80       0xFFFFFF80      0x00040000         (0, 2, 7)      [12] []
    196     0x0001AE80       0xFFFFFF80      0x00040010         (0, 1, 5)      [12] [SW]
    197     0x00005700       0xFFFFFF80      0x00000800         (0, 0, 10)      [5] []
    198     0x0001DA80       0xFFFFFF80      0x00200010         (0, 1, 11)      [15] [SW]
    199     0x00006380       0xFFFFFF80      0x00000080         (0, 0, 12)      [1] []
    200     0x00017100       0xFFFFFF80      0x00000008         (0, 1, 14)      [] [W]
    201     0x0000BA80       0xFFFFFF80      0x00000081         (0, 0, 7)      [1] [E]
    202     0x00003880       0xFFFFFF80      0x00000100         (0, 0, 7)      [2] []
    203     0x00019000       0xFFFFFF80      0x00100021         (0, 1, 2)      [14] [E, S]
    204     0x00050000       0xFFFFFF00      0x00008000         (0, 5, 0)      [9] []
    205     0x0001B900       0xFFFFFF80      0x00100018         (0, 1, 7)      [14] [W, SW]
    206     0x0000C180       0xFFFFFF80      0x00200000         (0, 0, 8)      [15] []
    207     0x00012A80       0xFFFFFF80      0x0000000E         (0, 1, 5)      [] [NE, N, W]
    208     0x00015A80       0xFFFFFF80      0x00FFFFBB         (0, 1, 11)      [1, 2, 3, 4, 5, 6, 7, 8, 9, 10, 11, 12, 13, 14, 15, 16, 17] [E, NE, W, SW, S]
    209     0x00013A80       0xFFFFFF80      0x0000000E         (0, 1, 7)      [] [NE, N, W]
    210     0x00014E00       0xFFFFFF80      0x00006001         (0, 1, 9)      [8, 7] [E]
    211     0x00009300       0xFFFFFF80      0x00008000         (0, 0, 2)      [9] []
    212     0x0001BA80       0xFFFFFF80      0x00800018         (0, 1, 7)      [17] [W, SW]
    213     0x0001BA00       0xFFFFFF80      0x00400018         (0, 1, 7)      [16] [W, SW]
    214     0x00005780       0xFFFFFF80      0x00001000         (0, 0, 10)      [6] []
    215     0x0000A180       0xFFFFFF80      0x00008000         (0, 0, 4)      [9] []
    216     0x00005580       0xFFFFFF80      0x00000100         (0, 0, 10)      [2] []
    217     0x0001AC80       0xFFFFFF80      0x00004000         (0, 1, 5)      [8] []
    218     0x00018300       0xFFFFFF80      0x00020021         (0, 1, 0)      [11] [E, S]
    219     0x00018480       0xFFFFFF80      0x00100021         (0, 1, 0)      [14] [E, S]
    220     0x00014A80       0xFFFFFF80      0x00000081         (0, 1, 9)      [1] [E]
    221     0x00043C00       0xFFFFFF00      0x00000010         (0, 4, 7)      [] [SW]
    222     0x00019380       0xFFFFFF80      0x00000021         (0, 1, 2)      [] [E, S]
    223     0x0001BD00       0xFFFFFF80      0x00000018         (0, 1, 7)      [] [W, SW]
    224     0x0000BC80       0xFFFFFF80      0x00000801         (0, 0, 7)      [5] [E]
    225     0x00014180       0xFFFFFF80      0x00010002         (0, 1, 8)      [10] [NE]
    226     0x00017A00       0xFFFFFF80      0x00800008         (0, 1, 15)      [17] [W]
    227     0x0001A200       0xFFFFFF80      0x00002008         (0, 1, 4)      [7] [W]
    228     0x00014B80       0xFFFFFF80      0x00000301         (0, 1, 9)      [2, 3] [E]
    229     0x00017780       0xFFFFFF80      0x00040008         (0, 1, 14)      [12] [W]
    230     0x0001EF80       0xFFFFFF80      0x00000018         (0, 1, 13)      [] [W, SW]
    231     0x0001B300       0xFFFFFF80      0x00000010         (0, 1, 6)      [] [SW]
    232     0x0000F500       0xFFFFFF80      0x00000101         (0, 0, 14)      [2] [E]
    233     0x0001A280       0xFFFFFF80      0x00004008         (0, 1, 4)      [8] [W]
    234     0x0001AB80       0xFFFFFF80      0x00001000         (0, 1, 5)      [6] []
    235     0x00017D00       0xFFFFFF80      0x00000008         (0, 1, 15)      [] [W]
    236     0x00000E80       0xFFFFFF80      0x00000800         (0, 0, 1)      [5] []
    237     0x0001A380       0xFFFFFF80      0x00010008         (0, 1, 4)      [10] [W]
    238     0x00010800       0xFFFFFF80      0x00020001         (0, 1, 1)      [11] [E]
    239     0x0001D900       0xFFFFFF80      0x00040010         (0, 1, 11)      [12] [SW]
    240     0x0001C380       0xFFFFFF80      0x00800008         (0, 1, 8)      [17] [W]
    241     0x00050400       0xFFFFFF00      0x00080000         (0, 5, 0)      [13] []
    242     0x0000FC00       0xFFFFFF80      0x00400000         (0, 0, 15)      [16] []
    243     0x00016480       0xFFFFFF80      0x00FFFF88         (0, 1, 12)      [1, 2, 3, 4, 5, 6, 7, 8, 9, 10, 11, 12, 13, 14, 15, 16, 17] [W]
    244     0x00016980       0xFFFFFF80      0x0000C008         (0, 1, 13)      [8, 9] [W]
    245     0x00018880       0xFFFFFF80      0x00000021         (0, 1, 1)      [] [E, S]
    246     0x0000EA80       0xFFFFFF80      0x00010000         (0, 0, 13)      [10] []
    247     0x0001C400       0xFFFFFF80      0x00000008         (0, 1, 8)      [] [W]
    248     0x0001B580       0xFFFFFF80      0x00002010         (0, 1, 6)      [7] [SW]
    249     0x0001E100       0xFFFFFF80      0x00100010         (0, 1, 12)      [14] [SW]
    250     0x0000CB80       0xFFFFFF80      0x00001000         (0, 0, 9)      [6] []
    251     0x0001F580       0xFFFFFF80      0x00000008         (0, 1, 14)      [] [W]
    252     0x0001AE00       0xFFFFFF80      0x00020010         (0, 1, 5)      [11] [SW]
    253     0x0001D500       0xFFFFFF80      0x00000010         (0, 1, 10)      [] [SW]
    254     0x00013800       0xFFFFFF80      0x0000000E         (0, 1, 7)      [] [NE, N, W]
    255     0x00010D80       0xFFFFFF80      0x00000008         (0, 1, 1)      [] [W]
    256     0x0001C880       0xFFFFFF80      0x00010000         (0, 1, 9)      [10] []
    257     0x00005980       0xFFFFFF80      0x00010000         (0, 0, 11)      [10] []
    258     0x00003900       0xFFFFFF80      0x00000200         (0, 0, 7)      [3] []
    259     0x00011180       0xFFFFFF80      0x00000080         (0, 1, 2)      [1] []
    260     0x0000C080       0xFFFFFF80      0x00080000         (0, 0, 8)      [13] []
    261     0x0001F380       0xFFFFFF80      0x00200008         (0, 1, 14)      [15] [W]
    262     0x0000F700       0xFFFFFF80      0x00001001         (0, 0, 14)      [6] [E]
    263     0x0001C480       0xFFFFFF80      0x00000008         (0, 1, 8)      [] [W]
    264     0x00018800       0xFFFFFF80      0x00000021         (0, 1, 1)      [] [E, S]
    265     0x0000E000       0xFFFFFF80      0x00000002         (0, 0, 12)      [] [NE]
    266     0x00022000       0xFFFFFF80      0x00FFFF80         (0, 2, 4)      [1, 2, 3, 4, 5, 6, 7, 8, 9, 10, 11, 12, 13, 14, 15, 16, 17] []
    267     0x0000F380       0xFFFFFF80      0x00000001         (0, 0, 14)      [] [E]
    268     0x00012A00       0xFFFFFF80      0x0000000E         (0, 1, 5)      [] [NE, N, W]
    269     0x00019500       0xFFFFFF80      0x00000008         (0, 1, 2)      [] [W]
    270     0x0001BD80       0xFFFFFF80      0x00000018         (0, 1, 7)      [] [W, SW]
    271     0x0001A080       0xFFFFFF80      0x00000008         (0, 1, 4)      [] [W]
    272     0x0000DA80       0xFFFFFF80      0x00002000         (0, 0, 11)      [7] []
    273     0x00019600       0xFFFFFF80      0x00000408         (0, 1, 2)      [4] [W]
    274     0x0000C280       0xFFFFFF80      0x00800000         (0, 0, 8)      [17] []
    275     0x0001F880       0xFFFFFF80      0x00000008         (0, 1, 15)      [] [W]
    276     0x00018E80       0xFFFFFF80      0x00020021         (0, 1, 1)      [11] [E, S]
    277     0x00008680       0xFFFFFF80      0x00080000         (0, 0, 0)      [13] []
    278     0x0000C800       0xFFFFFF80      0x00000001         (0, 0, 9)      [] [E]
    279     0x00006E80       0xFFFFFF80      0x00000001         (0, 0, 13)      [] [E]
    280     0x00007000       0xFFFFFF80      0x00000001         (0, 0, 14)      [] [E]
    281     0x00042E00       0xFFFFFF00      0x00000010         (0, 4, 5)      [] [SW]
    282     0x0000A080       0xFFFFFF80      0x00002000         (0, 0, 4)      [7] []
    283     0x00010A80       0xFFFFFF80      0x00400001         (0, 1, 1)      [16] [E]
    284     0x00014E80       0xFFFFFF80      0x0000C000         (0, 1, 9)      [8, 9] []
    285     0x0001C000       0xFFFFFF80      0x00010008         (0, 1, 8)      [10] [W]
    286     0x00012080       0xFFFFFF80      0x00000100         (0, 1, 4)      [2] []
    287     0x0001D600       0xFFFFFF80      0x00000010         (0, 1, 10)      [] [SW]
    288     0x00017880       0xFFFFFF80      0x00100008         (0, 1, 15)      [14] [W]
    289     0x0000B980       0xFFFFFF80      0x00000001         (0, 0, 7)      [] [E]
    290     0x0001E900       0xFFFFFF80      0x00800018         (0, 1, 13)      [17] [W, SW]
    291     0x0001A180       0xFFFFFF80      0x00001008         (0, 1, 4)      [6] [W]
    292     0x00045300       0xFFFFFF00      0x00000010         (0, 4, 10)      [] [SW]
    293     0x0000B700       0xFFFFFF80      0x00000001         (0, 0, 6)      [] [E]
    294     0x00015900       0xFFFFFF80      0x00FFFFB1         (0, 1, 11)      [1, 2, 3, 4, 5, 6, 7, 8, 9, 10, 11, 12, 13, 14, 15, 16, 17] [E, SW, S]
    295     0x00012700       0xFFFFFF80      0x0020000E         (0, 1, 4)      [15] [NE, N, W]
    296     0x0001F480       0xFFFFFF80      0x00800008         (0, 1, 14)      [17] [W]
    297     0x00017A80       0xFFFFFF80      0x00000008         (0, 1, 15)      [] [W]
    298     0x00043000       0xFFFFFF00      0x00000010         (0, 4, 6)      [] [SW]
    299     0x00010D00       0xFFFFFF80      0x00000008         (0, 1, 1)      [] [W]
    300     0x0000E800       0xFFFFFF80      0x00000800         (0, 0, 13)      [5] []
    301     0x0000B380       0xFFFFFF80      0x00400002         (0, 0, 6)      [16] [NE]
    302     0x00011C80       0xFFFFFF80      0x00000008         (0, 1, 3)      [] [W]
    303     0x0001E300       0xFFFFFF80      0x00000010         (0, 1, 12)      [] [SW]
    304     0x0000D980       0xFFFFFF80      0x00000800         (0, 0, 11)      [5] []
    305     0x00020A80       0xFFFFFF80      0x00000010         (0, 2, 1)      [] [SW]
    306     0x00019E00       0xFFFFFF80      0x00000008         (0, 1, 3)      [] [W]
    307     0x0001E980       0xFFFFFF80      0x00000018         (0, 1, 13)      [] [W, SW]
    308     0x00018A80       0xFFFFFF80      0x00000221         (0, 1, 1)      [3] [E, S]
    309     0x00045400       0xFFFFFF00      0x00000010         (0, 4, 10)      [] [SW]
    310     0x00012B00       0xFFFFFF80      0x0000000E         (0, 1, 5)      [] [NE, N, W]
    311     0x00045E00       0xFFFFFF00      0x00000010         (0, 4, 11)      [] [SW]
    312     0x00010900       0xFFFFFF80      0x00080001         (0, 1, 1)      [13] [E]
    313     0x00016600       0xFFFFFF80      0x00000180         (0, 1, 12)      [1, 2] []
    314     0x0000ED00       0xFFFFFF80      0x00200002         (0, 0, 13)      [15] [NE]
    315     0x0004FC00       0xFFFFFF00      0x00000800         (0, 4, 15)      [5] []
    316     0x00007680       0xFFFFFF80      0x00010000         (0, 0, 14)      [10] []
    317     0x00007500       0xFFFFFF80      0x00002001         (0, 0, 14)      [7] [E]
    318     0x0001A700       0xFFFFFF80      0x00800000         (0, 1, 4)      [17] []
    319     0x0000BE00       0xFFFFFF80      0x00004000         (0, 0, 7)      [8] []
    320     0x00023D80       0xFFFFFF80      0x00004000         (0, 2, 7)      [8] []
    321     0x00010280       0xFFFFFF80      0x00000001         (0, 1, 0)      [] [E]
    322     0x00023D00       0xFFFFFF80      0x00002000         (0, 2, 7)      [7] []
    323     0x00013600       0xFFFFFF80      0x0040000E         (0, 1, 6)      [16] [NE, N, W]
    324     0x0000FE00       0xFFFFFF80      0x00000001         (0, 0, 15)      [] [E]
    325     0x0001A600       0xFFFFFF80      0x00200000         (0, 1, 4)      [15] []
    326     0x0001AC00       0xFFFFFF80      0x00002000         (0, 1, 5)      [7] []
    327     0x0001A400       0xFFFFFF80      0x00020008         (0, 1, 4)      [11] [W]
    328     0x0000E680       0xFFFFFF80      0x00000100         (0, 0, 12)      [2] []
    329     0x00013500       0xFFFFFF80      0x0010000E         (0, 1, 6)      [14] [NE, N, W]
    330     0x0000DD00       0xFFFFFF80      0x00040000         (0, 0, 11)      [12] []
    331     0x0000F980       0xFFFFFF80      0x00020002         (0, 0, 15)      [11] [NE]
    332     0x0000D800       0xFFFFFF80      0x00000100         (0, 0, 11)      [2] []
    333     0x0000CE00       0xFFFFFF80      0x00020000         (0, 0, 9)      [11] []
    334     0x00011C00       0xFFFFFF80      0x00000008         (0, 1, 3)      [] [W]
    335     0x00018C80       0xFFFFFF80      0x00002021         (0, 1, 1)      [7] [E, S]
    336     0x00014F80       0xFFFFFF80      0x00030000         (0, 1, 9)      [10, 11] []
    337     0x0000BF00       0xFFFFFF80      0x00010000         (0, 0, 7)      [10] []
    338     0x00014700       0xFFFFFF80      0x00000003         (0, 1, 8)      [] [E, NE]
    339     0x00017200       0xFFFFFF80      0x00000080         (0, 1, 14)      [1] []
    340     0x0000CA80       0xFFFFFF80      0x00000400         (0, 0, 9)      [4] []
    341     0x00003A80       0xFFFFFF80      0x00001000         (0, 0, 7)      [6] []
    342     0x00009F00       0xFFFFFF80      0x00000400         (0, 0, 3)      [4] []
    343     0x0001E200       0xFFFFFF80      0x00400010         (0, 1, 12)      [16] [SW]
    344     0x00006400       0xFFFFFF80      0x00000100         (0, 0, 12)      [2] []
    345     0x0000CC80       0xFFFFFF80      0x00004000         (0, 0, 9)      [8] []
    346     0x0000BB00       0xFFFFFF80      0x00000101         (0, 0, 7)      [2] [E]
    347     0x0001A500       0xFFFFFF80      0x00080000         (0, 1, 4)      [13] []
    348     0x0000EB80       0xFFFFFF80      0x00040002         (0, 0, 13)      [12] [NE]
    349     0x00016000       0xFFFFFF80      0x00FFFFBF         (0, 1, 12)      [1, 2, 3, 4, 5, 6, 7, 8, 9, 10, 11, 12, 13, 14, 15, 16, 17] [E, NE, N, W, SW, S]
    350     0x00004700       0xFFFFFF80      0x00000100         (0, 0, 8)      [2] []
    351     0x00015C00       0xFFFFFF80      0x00FFFFBF         (0, 1, 11)      [1, 2, 3, 4, 5, 6, 7, 8, 9, 10, 11, 12, 13, 14, 15, 16, 17] [E, NE, N, W, SW, S]
    352     0x0001C580       0xFFFFFF80      0x00000008         (0, 1, 8)      [] [W]
    353     0x00013480       0xFFFFFF80      0x0008000E         (0, 1, 6)      [13] [NE, N, W]
    354     0x0001E080       0xFFFFFF80      0x00080010         (0, 1, 12)      [13] [SW]
    355     0x0001DD80       0xFFFFFF80      0x00000010         (0, 1, 11)      [] [SW]
    356     0x00019700       0xFFFFFF80      0x00001018         (0, 1, 2)      [6] [W, SW]
    357     0x00045C00       0xFFFFFF00      0x00000010         (0, 4, 11)      [] [SW]
    358     0x00000C80       0xFFFFFF80      0x00000080         (0, 0, 1)      [1] []
    359     0x00001C00       0xFFFFFF80      0x00000200         (0, 0, 3)      [3] []
    360     0x00010C00       0xFFFFFF80      0x00000001         (0, 1, 1)      [] [E]
    361     0x00043A00       0xFFFFFF00      0x00000010         (0, 4, 7)      [] [SW]
    362     0x00004980       0xFFFFFF80      0x00002000         (0, 0, 9)      [7] []
    363     0x0000B000       0xFFFFFF80      0x00008000         (0, 0, 6)      [9] []
    364     0x00018580       0xFFFFFF80      0x00400021         (0, 1, 0)      [16] [E, S]
    365     0x00011700       0xFFFFFF80      0x00040008         (0, 1, 2)      [12] [W]
    366     0x0001D300       0xFFFFFF80      0x00200010         (0, 1, 10)      [15] [SW]
    367     0x0000C980       0xFFFFFF80      0x00000101         (0, 0, 9)      [2] [E]
    368     0x0004B700       0xFFFFFF00      0x00000020         (0, 4, 6)      [] [S]
    369     0x00005600       0xFFFFFF80      0x00000200         (0, 0, 10)      [3] []
    370     0x0001ED00       0xFFFFFF80      0x00000018         (0, 1, 13)      [] [W, SW]
    371     0x00017080       0xFFFFFF80      0x00000008         (0, 1, 14)      [] [W]
    372     0x0000A400       0xFFFFFF80      0x00100000         (0, 0, 4)      [14] []
    373     0x00009580       0xFFFFFF80      0x00100000         (0, 0, 2)      [14] []
    374     0x0000D880       0xFFFFFF80      0x00000200         (0, 0, 11)      [3] []
    375     0x0000DD80       0xFFFFFF80      0x00080000         (0, 0, 11)      [13] []
    376     0x0000A300       0xFFFFFF80      0x00040000         (0, 0, 4)      [12] []
    377     0x00007200       0xFFFFFF80      0x00000081         (0, 0, 14)      [1] [E]
    378     0x00019580       0xFFFFFF80      0x00000008         (0, 1, 2)      [] [W]
    379     0x00009400       0xFFFFFF80      0x00020000         (0, 0, 2)      [11] []
    380     0x00016D00       0xFFFFFF80      0x00600008         (0, 1, 13)      [16, 15] [W]
    381     0x00016B00       0xFFFFFF80      0x00060008         (0, 1, 13)      [11, 12] [W]
    382     0x0000F580       0xFFFFFF80      0x00000201         (0, 0, 14)      [3] [E]
    383     0x0000BD00       0xFFFFFF80      0x00001001         (0, 0, 7)      [6] [E]
    384     0x0000F880       0xFFFFFF80      0x00008002         (0, 0, 15)      [9] [NE]
    385     0x00011600       0xFFFFFF80      0x00010008         (0, 1, 2)      [10] [W]
    386     0x0000B280       0xFFFFFF80      0x00100000         (0, 0, 6)      [14] []
    387     0x00011B00       0xFFFFFF80      0x00000008         (0, 1, 3)      [] [W]
    388     0x00016B80       0xFFFFFF80      0x000C0008         (0, 1, 13)      [12, 13] [W]
    389     0x0001B180       0xFFFFFF80      0x00000010         (0, 1, 6)      [] [SW]
    390     0x00043500       0xFFFFFF00      0x00000010         (0, 4, 6)      [] [SW]
    391     0x0000C680       0xFFFFFF80      0x00000001         (0, 0, 8)      [] [E]
    392     0x00018400       0xFFFFFF80      0x00080021         (0, 1, 0)      [13] [E, S]
    393     0x0001C600       0xFFFFFF80      0x00000008         (0, 1, 8)      [] [W]
    394     0x0000AD00       0xFFFFFF80      0x00000200         (0, 0, 5)      [3] []
    395     0x00001B80       0xFFFFFF80      0x00000100         (0, 0, 3)      [2] []
    396     0x00024200       0xFFFFFF80      0x00800000         (0, 2, 8)      [17] []
    397     0x00008380       0xFFFFFF80      0x00002001         (0, 0, 0)      [7] [E]
    398     0x0000B780       0xFFFFFF80      0x00000001         (0, 0, 6)      [] [E]
    399     0x00005880       0xFFFFFF80      0x00004000         (0, 0, 11)      [8] []
    400     0x0001D580       0xFFFFFF80      0x00000010         (0, 1, 10)      [] [SW]
    401     0x00013D80       0xFFFFFF80      0x00000100         (0, 1, 7)      [2] []
    402     0x00015D00       0xFFFFFF80      0x00FFFFBF         (0, 1, 11)      [1, 2, 3, 4, 5, 6, 7, 8, 9, 10, 11, 12, 13, 14, 15, 16, 17] [E, NE, N, W, SW, S]
    403     0x00006700       0xFFFFFF80      0x00004000         (0, 0, 12)      [8] []
    404     0x00019480       0xFFFFFF80      0x00000008         (0, 1, 2)      [] [W]
    405     0x00016800       0xFFFFFF80      0x00001808         (0, 1, 13)      [5, 6] [W]
    406     0x0001F980       0xFFFFFF80      0x00800000         (0, 1, 15)      [17] []
    407     0x0004B900       0xFFFFFF00      0x00000020         (0, 4, 7)      [] [S]
    408     0x0000FD80       0xFFFFFF80      0x00000001         (0, 0, 15)      [] [E]
    409     0x0004BF00       0xFFFFFF00      0x00000020         (0, 4, 7)      [] [S]
    410     0x00011480       0xFFFFFF80      0x00002008         (0, 1, 2)      [7] [W]
    411     0x00013F00       0xFFFFFF80      0x0000080A         (0, 1, 7)      [5] [NE, W]
    412     0x00023A80       0xFFFFFF80      0x00000100         (0, 2, 7)      [2] []
    413     0x00023F00       0xFFFFFF80      0x00020000         (0, 2, 7)      [11] []
    414     0x00006580       0xFFFFFF80      0x00000800         (0, 0, 12)      [5] []
    415     0x0001F000       0xFFFFFF80      0x00000018         (0, 1, 14)      [] [W, SW]
    416     0x00004A80       0xFFFFFF80      0x00008000         (0, 0, 9)      [9] []
    417     0x00045600       0xFFFFFF00      0x00000010         (0, 4, 10)      [] [SW]
    418     0x0001D180       0xFFFFFF80      0x00040010         (0, 1, 10)      [12] [SW]
    419     0x00009D80       0xFFFFFF80      0x00000080         (0, 0, 3)      [1] []
    420     0x00050800       0xFFFFFF00      0x00800000         (0, 5, 1)      [17] []
    421     0x00010B00       0xFFFFFF80      0x00800001         (0, 1, 1)      [17] [E]
    422     0x00019680       0xFFFFFF80      0x00000808         (0, 1, 2)      [5] [W]
    423     0x00001D80       0xFFFFFF80      0x00001000         (0, 0, 3)      [6] []
    424     0x00012300       0xFFFFFF80      0x00002008         (0, 1, 4)      [7] [W]
    425     0x00012100       0xFFFFFF80      0x00000208         (0, 1, 4)      [3] [W]
    426     0x00045100       0xFFFFFF00      0x00000010         (0, 4, 10)      [] [SW]
    427     0x0001E780       0xFFFFFF80      0x00100010         (0, 1, 12)      [14] [SW]
    428     0x00019880       0xFFFFFF80      0x00008018         (0, 1, 3)      [9] [W, SW]
    429     0x0001A300       0xFFFFFF80      0x00008008         (0, 1, 4)      [9] [W]
    430     0x00018D00       0xFFFFFF80      0x00004021         (0, 1, 1)      [8] [E, S]
    431     0x00012980       0xFFFFFF80      0x0000000E         (0, 1, 5)      [] [NE, N, W]
    432     0x00019900       0xFFFFFF80      0x00010018         (0, 1, 3)      [10] [W, SW]
    433     0x00007F80       0xFFFFFF80      0x00000001         (0, 0, 15)      [] [E]
    434     0x0001D080       0xFFFFFF80      0x00010010         (0, 1, 10)      [10] [SW]
    435     0x00007E00       0xFFFFFF80      0x00000001         (0, 0, 15)      [] [E]
    436     0x00011A00       0xFFFFFF80      0x00000008         (0, 1, 3)      [] [W]
    437     0x0000D900       0xFFFFFF80      0x00000400         (0, 0, 11)      [4] []
    438     0x00043300       0xFFFFFF00      0x00000010         (0, 4, 6)      [] [SW]
    439     0x00002C80       0xFFFFFF80      0x00002000         (0, 0, 5)      [7] []
    440     0x0000FB00       0xFFFFFF80      0x00100002         (0, 0, 15)      [14] [NE]
    441     0x00013400       0xFFFFFF80      0x0004000E         (0, 1, 6)      [12] [NE, N, W]
    442     0x0000B800       0xFFFFFF80      0x00000001         (0, 0, 7)      [] [E]
    443     0x00019200       0xFFFFFF80      0x00000021         (0, 1, 2)      [] [E, S]
    444     0x00018980       0xFFFFFF80      0x00000021         (0, 1, 1)      [] [E, S]
    445     0x0000C580       0xFFFFFF80      0x00000001         (0, 0, 8)      [] [E]
    446     0x00010480       0xFFFFFF80      0x00000401         (0, 1, 0)      [4] [E]
    447     0x0000DC80       0xFFFFFF80      0x00020000         (0, 0, 11)      [11] []
    448     0x00012F80       0xFFFFFF80      0x00000208         (0, 1, 5)      [3] [W]
    449     0x00017700       0xFFFFFF80      0x00020008         (0, 1, 14)      [11] [W]
    450     0x00017C00       0xFFFFFF80      0x00000008         (0, 1, 15)      [] [W]
    451     0x00020A00       0xFFFFFF80      0x00000010         (0, 2, 1)      [] [SW]
    452     0x0001C980       0xFFFFFF80      0x00040000         (0, 1, 9)      [12] []
    453     0x00017480       0xFFFFFF80      0x00001008         (0, 1, 14)      [6] [W]
    454     0x00008200       0xFFFFFF80      0x00000401         (0, 0, 0)      [4] [E]
    455     0x0004B600       0xFFFFFF00      0x00000020         (0, 4, 6)      [] [S]
    456     0x00009000       0xFFFFFF80      0x00000200         (0, 0, 2)      [3] []
    457     0x00015E00       0xFFFFFF80      0x00FFFFBF         (0, 1, 11)      [1, 2, 3, 4, 5, 6, 7, 8, 9, 10, 11, 12, 13, 14, 15, 16, 17] [E, NE, N, W, SW, S]
    458     0x00008500       0xFFFFFF80      0x00010000         (0, 0, 0)      [10] []
    459     0x00009180       0xFFFFFF80      0x00001000         (0, 0, 2)      [6] []
    460     0x00014500       0xFFFFFF80      0x00800002         (0, 1, 8)      [17] [NE]
    461     0x00019E80       0xFFFFFF80      0x00000008         (0, 1, 3)      [] [W]
    462     0x0001BE00       0xFFFFFF80      0x00000018         (0, 1, 7)      [] [W, SW]
    463     0x00010300       0xFFFFFF80      0x00000081         (0, 1, 0)      [1] [E]
    464     0x00017980       0xFFFFFF80      0x00400008         (0, 1, 15)      [16] [W]
    465     0x00013F80       0xFFFFFF80      0x00001003         (0, 1, 7)      [6] [E, NE]
    466     0x0000C700       0xFFFFFF80      0x00000001         (0, 0, 8)      [] [E]
    467     0x00019B00       0xFFFFFF80      0x00100018         (0, 1, 3)      [14] [W, SW]
    468     0x00014580       0xFFFFFF80      0x00000002         (0, 1, 8)      [] [NE]
    469     0x0000A200       0xFFFFFF80      0x00010000         (0, 0, 4)      [10] []
    470     0x0000FF80       0xFFFFFF80      0x00000001         (0, 0, 15)      [] [E]
    471     0x00002C00       0xFFFFFF80      0x00001000         (0, 0, 5)      [6] []
    472     0x00008180       0xFFFFFF80      0x00000201         (0, 0, 0)      [3] [E]
    473     0x00012180       0xFFFFFF80      0x00000408         (0, 1, 4)      [4] [W]
    474     0x0000E700       0xFFFFFF80      0x00000200         (0, 0, 12)      [3] []
    475     0x00011400       0xFFFFFF80      0x00001008         (0, 1, 2)      [6] [W]
    476     0x00019F80       0xFFFFFF80      0x00000008         (0, 1, 3)      [] [W]
    477     0x00017800       0xFFFFFF80      0x00080008         (0, 1, 15)      [13] [W]
    478     0x0001BF80       0xFFFFFF80      0x00008008         (0, 1, 7)      [9] [W]
    479     0x00018380       0xFFFFFF80      0x00040021         (0, 1, 0)      [12] [E, S]
    480     0x00015580       0xFFFFFF80      0x00000001         (0, 1, 10)      [] [E]
    481     0x00045700       0xFFFFFF00      0x00000010         (0, 4, 10)      [] [SW]
    482     0x0001BB00       0xFFFFFF80      0x00000018         (0, 1, 7)      [] [W, SW]
    483     0x00018F80       0xFFFFFF80      0x00080021         (0, 1, 1)      [13] [E, S]
    484     0x00002B00       0xFFFFFF80      0x00000400         (0, 0, 5)      [4] []
    485     0x00018180       0xFFFFFF80      0x00004008         (0, 1, 0)      [8] [W]
    486     0x00043100       0xFFFFFF00      0x00000010         (0, 4, 6)      [] [SW]
    487     0x00018100       0xFFFFFF80      0x00002008         (0, 1, 0)      [7] [W]
    488     0x00015100       0xFFFFFF80      0x00180000         (0, 1, 10)      [13, 14] []
    489     0x00012400       0xFFFFFF80      0x00008008         (0, 1, 4)      [9] [W]
    490     0x0000FF00       0xFFFFFF80      0x00000001         (0, 0, 15)      [] [E]
    491     0x00018D80       0xFFFFFF80      0x00008021         (0, 1, 1)      [9] [E, S]
    492     0x00011780       0xFFFFFF80      0x00080008         (0, 1, 2)      [13] [W]
    493     0x00008080       0xFFFFFF80      0x00000081         (0, 0, 0)      [1] [E]
    494     0x00015480       0xFFFFFF80      0x00000001         (0, 1, 10)      [] [E]
    495     0x00015800       0xFFFFFF80      0x00FFFF81         (0, 1, 11)      [1, 2, 3, 4, 5, 6, 7, 8, 9, 10, 11, 12, 13, 14, 15, 16, 17] [E]
    496     0x00010700       0xFFFFFF80      0x00008001         (0, 1, 0)      [9] [E]
    497     0x00015F00       0xFFFFFF80      0x00FFFFBF         (0, 1, 11)      [1, 2, 3, 4, 5, 6, 7, 8, 9, 10, 11, 12, 13, 14, 15, 16, 17] [E, NE, N, W, SW, S]
    498     0x00006880       0xFFFFFF80      0x00020000         (0, 0, 13)      [11] []
    499     0x00010080       0xFFFFFF80      0x00000001         (0, 1, 0)      [] [E]
    500     0x00016400       0xFFFFFF80      0x00FFFF88         (0, 1, 12)      [1, 2, 3, 4, 5, 6, 7, 8, 9, 10, 11, 12, 13, 14, 15, 16, 17] [W]
    501     0x00014200       0xFFFFFF80      0x00020002         (0, 1, 8)      [11] [NE]
    502     0x00019A80       0xFFFFFF80      0x00080018         (0, 1, 3)      [13] [W, SW]
    503     0x00011280       0xFFFFFF80      0x00000208         (0, 1, 2)      [3] [W]
    504     0x0000DB00       0xFFFFFF80      0x00004000         (0, 0, 11)      [8] []
    505     0x00015500       0xFFFFFF80      0x00000001         (0, 1, 10)      [] [E]
    506     0x00017380       0xFFFFFF80      0x00000408         (0, 1, 14)      [4] [W]
    507     0x00015F80       0xFFFFFF80      0x00FFFFBF         (0, 1, 11)      [1, 2, 3, 4, 5, 6, 7, 8, 9, 10, 11, 12, 13, 14, 15, 16, 17] [E, NE, N, W, SW, S]
    508     0x0000F400       0xFFFFFF80      0x00000001         (0, 0, 14)      [] [E]
    509     0x0001F600       0xFFFFFF80      0x00000008         (0, 1, 14)      [] [W]
    510     0x00004680       0xFFFFFF80      0x00000080         (0, 0, 8)      [1] []
    511     0x00012680       0xFFFFFF80      0x0010000E         (0, 1, 4)      [14] [NE, N, W]
    512     0x00007080       0xFFFFFF80      0x00000001         (0, 0, 14)      [] [E]
    513     0x0001CB80       0xFFFFFF80      0x00400000         (0, 1, 9)      [16] []
    514     0x00045200       0xFFFFFF00      0x00000010         (0, 4, 10)      [] [SW]
    515     0x0001E380       0xFFFFFF80      0x00000010         (0, 1, 12)      [] [SW]
    516     0x00009280       0xFFFFFF80      0x00004000         (0, 0, 2)      [8] []
    517     0x0000B080       0xFFFFFF80      0x00010000         (0, 0, 6)      [10] []
    518     0x0004FB00       0xFFFFFF00      0x00000400         (0, 4, 15)      [4] []
    519     0x0001C680       0xFFFFFF80      0x00000008         (0, 1, 8)      [] [W]
    520     0x0001D280       0xFFFFFF80      0x00100010         (0, 1, 10)      [14] [SW]
    521     0x00017B80       0xFFFFFF80      0x00000008         (0, 1, 15)      [] [W]
    522     0x00018A00       0xFFFFFF80      0x00000021         (0, 1, 1)      [] [E, S]
    523     0x00018780       0xFFFFFF80      0x00000021         (0, 1, 0)      [] [E, S]
    524     0x0001CC00       0xFFFFFF80      0x00800000         (0, 1, 9)      [17] []
    525     0x00019180       0xFFFFFF80      0x00800021         (0, 1, 2)      [17] [E, S]
    526     0x00013A00       0xFFFFFF80      0x0000000E         (0, 1, 7)      [] [NE, N, W]
    527     0x00020D00       0xFFFFFF80      0x00000010         (0, 2, 1)      [] [SW]
    528     0x00010180       0xFFFFFF80      0x00000001         (0, 1, 0)      [] [E]
    529     0x00021C80       0xFFFFFF80      0x00000010         (0, 2, 3)      [] [SW]
    530     0x0000AF00       0xFFFFFF80      0x00002000         (0, 0, 5)      [7] []
    531     0x0001BF00       0xFFFFFF80      0x00004008         (0, 1, 7)      [8] [W]
    532     0x0001B080       0xFFFFFF80      0x00400010         (0, 1, 6)      [16] [SW]
    533     0x0001B980       0xFFFFFF80      0x00200018         (0, 1, 7)      [15] [W, SW]
    534     0x00016300       0xFFFFFF80      0x00FFFF88         (0, 1, 12)      [1, 2, 3, 4, 5, 6, 7, 8, 9, 10, 11, 12, 13, 14, 15, 16, 17] [W]
    535     0x0001EE00       0xFFFFFF80      0x00200018         (0, 1, 13)      [15] [W, SW]
    536     0x0001CB00       0xFFFFFF80      0x00200000         (0, 1, 9)      [15] []
    537     0x0000BA00       0xFFFFFF80      0x00000001         (0, 0, 7)      [] [E]
    538     0x00009F80       0xFFFFFF80      0x00000800         (0, 0, 3)      [5] []
    539     0x0001F500       0xFFFFFF80      0x00000008         (0, 1, 14)      [] [W]
    540     0x00019400       0xFFFFFF80      0x00000008         (0, 1, 2)      [] [W]
    541     0x00019A00       0xFFFFFF80      0x00040018         (0, 1, 3)      [12] [W, SW]
    542     0x0000AD80       0xFFFFFF80      0x00000400         (0, 0, 5)      [4] []
    543     0x00018700       0xFFFFFF80      0x00000021         (0, 1, 0)      [] [E, S]
    544     0x00013100       0xFFFFFF80      0x00001008         (0, 1, 6)      [6] [W]
    545     0x00015780       0xFFFFFF80      0x00FFFF81         (0, 1, 10)      [1, 2, 3, 4, 5, 6, 7, 8, 9, 10, 11, 12, 13, 14, 15, 16, 17] [E]
    546     0x00009080       0xFFFFFF80      0x00000400         (0, 0, 2)      [4] []
    547     0x00001C80       0xFFFFFF80      0x00000400         (0, 0, 3)      [4] []
    548     0x00007100       0xFFFFFF80      0x00000001         (0, 0, 14)      [] [E]
    549     0x00010400       0xFFFFFF80      0x00000201         (0, 1, 0)      [3] [E]
    550     0x00015A00       0xFFFFFF80      0x00FFFFBB         (0, 1, 11)      [1, 2, 3, 4, 5, 6, 7, 8, 9, 10, 11, 12, 13, 14, 15, 16, 17] [E, NE, W, SW, S]
    551     0x00010600       0xFFFFFF80      0x00002001         (0, 1, 0)      [7] [E]
    552     0x0000E880       0xFFFFFF80      0x00001000         (0, 0, 13)      [6] []
    553     0x0001D980       0xFFFFFF80      0x00080010         (0, 1, 11)      [13] [SW]
    554     0x00017600       0xFFFFFF80      0x00008008         (0, 1, 14)      [9] [W]
    555     0x00008300       0xFFFFFF80      0x00001001         (0, 0, 0)      [6] [E]
    556     0x0001EB00       0xFFFFFF80      0x00000018         (0, 1, 13)      [] [W, SW]
    557     0x00014100       0xFFFFFF80      0x00008002         (0, 1, 8)      [9] [NE]
    558     0x00045000       0xFFFFFF00      0x00000010         (0, 4, 10)      [] [SW]
    559     0x00018C00       0xFFFFFF80      0x00001021         (0, 1, 1)      [6] [E, S]
    560     0x0000DA00       0xFFFFFF80      0x00001000         (0, 0, 11)      [6] []
    561     0x00009E00       0xFFFFFF80      0x00000100         (0, 0, 3)      [2] []
    562     0x0001F100       0xFFFFFF80      0x00000008         (0, 1, 14)      [] [W]
    563     0x00016700       0xFFFFFF80      0x00000608         (0, 1, 12)      [3, 4] [W]
    564     0x00017B00       0xFFFFFF80      0x00000008         (0, 1, 15)      [] [W]
    565     0x0001AF00       0xFFFFFF80      0x00080010         (0, 1, 5)      [13] [SW]
    566     0x00009500       0xFFFFFF80      0x00080000         (0, 0, 2)      [13] []
    567     0x00007280       0xFFFFFF80      0x00000101         (0, 0, 14)      [2] [E]
    568     0x00016E80       0xFFFFFF80      0x00000008         (0, 1, 13)      [] [W]
    569     0x00014300       0xFFFFFF80      0x00080002         (0, 1, 8)      [13] [NE]
    570     0x0000DE00       0xFFFFFF80      0x00100002         (0, 0, 11)      [14] [NE]
    571     0x00005500       0xFFFFFF80      0x00000080         (0, 0, 10)      [1] []
    572     0x00006600       0xFFFFFF80      0x00001000         (0, 0, 12)      [6] []
    573     0x00019300       0xFFFFFF80      0x00000021         (0, 1, 2)      [] [E, S]
    574     0x0000C100       0xFFFFFF80      0x00100000         (0, 0, 8)      [14] []
    575     0x00014780       0xFFFFFF80      0x00000001         (0, 1, 8)      [] [E]
    576     0x0004C100       0xFFFFFF00      0x00000020         (0, 4, 8)      [] [S]
    577     0x00043E00       0xFFFFFF00      0x00000010         (0, 4, 7)      [] [SW]
    578     0x0000DF00       0xFFFFFF80      0x00400002         (0, 0, 11)      [16] [NE]
    579     0x00013300       0xFFFFFF80      0x0001000E         (0, 1, 6)      [10] [NE, N, W]
    580     0x0000ED80       0xFFFFFF80      0x00400002         (0, 0, 13)      [16] [NE]
    581     0x00023C00       0xFFFFFF80      0x00000808         (0, 2, 7)      [5] [W]
    582     0x00015880       0xFFFFFF80      0x00FFFFB1         (0, 1, 11)      [1, 2, 3, 4, 5, 6, 7, 8, 9, 10, 11, 12, 13, 14, 15, 16, 17] [E, SW, S]
    583     0x0001C500       0xFFFFFF80      0x00000008         (0, 1, 8)      [] [W]
    584     0x0000EF00       0xFFFFFF80      0x00000002         (0, 0, 13)      [] [NE]
    585     0x00042F00       0xFFFFFF00      0x00000010         (0, 4, 5)      [] [SW]
    586     0x00011580       0xFFFFFF80      0x00008008         (0, 1, 2)      [9] [W]
    587     0x00013E80       0xFFFFFF80      0x0000040A         (0, 1, 7)      [4] [NE, W]
    588     0x0000BB80       0xFFFFFF80      0x00000201         (0, 0, 7)      [3] [E]
    589     0x0001F300       0xFFFFFF80      0x00000008         (0, 1, 14)      [] [W]
    590     0x00050500       0xFFFFFF00      0x00100000         (0, 5, 0)      [14] []
    591     0x0001EC80       0xFFFFFF80      0x00000018         (0, 1, 13)      [] [W, SW]
    592     0x00002B80       0xFFFFFF80      0x00000800         (0, 0, 5)      [5] []
    593     0x00016A80       0xFFFFFF80      0x00030008         (0, 1, 13)      [10, 11] [W]
    594     0x00004880       0xFFFFFF80      0x00000800         (0, 0, 9)      [5] []
    595     0x00015080       0xFFFFFF80      0x000C0000         (0, 1, 10)      [12, 13] []
    596     0x00016C00       0xFFFFFF80      0x00180008         (0, 1, 13)      [13, 14] [W]
    597     0x00019780       0xFFFFFF80      0x00002018         (0, 1, 2)      [7] [W, SW]
    598     0x00003980       0xFFFFFF80      0x00000400         (0, 0, 7)      [4] []
    599     0x00024000       0xFFFFFF80      0x00080000         (0, 2, 8)      [13] []
    600     0x00011680       0xFFFFFF80      0x00020008         (0, 1, 2)      [11] [W]
    601     0x0000FE80       0xFFFFFF80      0x00000001         (0, 0, 15)      [] [E]
    602     0x0000FC80       0xFFFFFF80      0x00800000         (0, 0, 15)      [17] []
    603     0x0001EC00       0xFFFFFF80      0x00000018         (0, 1, 13)      [] [W, SW]
    604     0x00016F80       0xFFFFFF80      0x00000008         (0, 1, 13)      [] [W]
    605     0x0000CF00       0xFFFFFF80      0x00080000         (0, 0, 9)      [13] []
    606     0x0000F780       0xFFFFFF80      0x00002001         (0, 0, 14)      [7] [E]
    607     0x0001F680       0xFFFFFF80      0x00000008         (0, 1, 14)      [] [W]
    608     0x00007E80       0xFFFFFF80      0x00000001         (0, 0, 15)      [] [E]
    609     0x00018280       0xFFFFFF80      0x00010008         (0, 1, 0)      [10] [W]
    610     0x0000B200       0xFFFFFF80      0x00080000         (0, 0, 6)      [13] []
    611     0x0000C880       0xFFFFFF80      0x00000001         (0, 0, 9)      [] [E]
    612     0x0000EC80       0xFFFFFF80      0x00100002         (0, 0, 13)      [14] [NE]
    613     0x00015000       0xFFFFFF80      0x00060000         (0, 1, 10)      [11, 12] []
    614     0x0000B300       0xFFFFFF80      0x00200002         (0, 0, 6)      [15] [NE]
    615     0x00005680       0xFFFFFF80      0x00000400         (0, 0, 10)      [4] []
    616     0x00016780       0xFFFFFF80      0x00000C08         (0, 1, 12)      [4, 5] [W]
    617     0x0004FE00       0xFFFFFF00      0x00002000         (0, 4, 15)      [7] []
    618     0x0000CD80       0xFFFFFF80      0x00010000         (0, 0, 9)      [10] []
    619     0x00019B80       0xFFFFFF80      0x00200018         (0, 1, 3)      [15] [W, SW]
    620     0x00013700       0xFFFFFF80      0x0000000E         (0, 1, 6)      [] [NE, N, W]
    621     0x00007600       0xFFFFFF80      0x00008000         (0, 0, 14)      [9] []
    622     0x00008600       0xFFFFFF80      0x00040000         (0, 0, 0)      [12] []
    623     0x00007580       0xFFFFFF80      0x00004000         (0, 0, 14)      [8] []
    624     0x00043200       0xFFFFFF00      0x00000010         (0, 4, 6)      [] [SW]
    625     0x00014D80       0xFFFFFF80      0x00003001         (0, 1, 9)      [6, 7] [E]
    626     0x0004F800       0xFFFFFF00      0x00000080         (0, 4, 15)      [1] []
    627     0x00013580       0xFFFFFF80      0x0020000E         (0, 1, 6)      [15] [NE, N, W]
    628     0x0004BA00       0xFFFFFF00      0x00000020         (0, 4, 7)      [] [S]
    629     0x00014C00       0xFFFFFF80      0x00000601         (0, 1, 9)      [3, 4] [E]
    630     0x00019D80       0xFFFFFF80      0x00000008         (0, 1, 3)      [] [W]
    631     0x0000A480       0xFFFFFF80      0x00200000         (0, 0, 4)      [15] []
    632     0x00013D00       0xFFFFFF80      0x00000080         (0, 1, 7)      [1] []
    633     0x0001C080       0xFFFFFF80      0x00020008         (0, 1, 8)      [11] [W]
    634     0x00014380       0xFFFFFF80      0x00100002         (0, 1, 8)      [14] [NE]
    635     0x0000D100       0xFFFFFF80      0x00800000         (0, 0, 10)      [17] []
    636     0x00008F00       0xFFFFFF80      0x00000080         (0, 0, 1)      [1] []
    637     0x00012900       0xFFFFFF80      0x0000000E         (0, 1, 5)      [] [NE, N, W]
    638     0x00007480       0xFFFFFF80      0x00001001         (0, 0, 14)      [6] [E]
    639     0x0000CC00       0xFFFFFF80      0x00002000         (0, 0, 9)      [7] []
    640     0x0001AD00       0xFFFFFF80      0x00008000         (0, 1, 5)      [9] []
    641     0x0001A680       0xFFFFFF80      0x00400000         (0, 1, 4)      [16] []
    642     0x00015D80       0xFFFFFF80      0x00FFFFBF         (0, 1, 11)      [1, 2, 3, 4, 5, 6, 7, 8, 9, 10, 11, 12, 13, 14, 15, 16, 17] [E, NE, N, W, SW, S]
    643     0x0004BB00       0xFFFFFF00      0x00000020         (0, 4, 7)      [] [S]
    644     0x00019D00       0xFFFFFF80      0x00000008         (0, 1, 3)      [] [W]
    645     0x0001B000       0xFFFFFF80      0x00200010         (0, 1, 6)      [15] [SW]
    646     0x00017280       0xFFFFFF80      0x00000100         (0, 1, 14)      [2] []
    647     0x0001F900       0xFFFFFF80      0x00400000         (0, 1, 15)      [16] []
    648     0x00018B00       0xFFFFFF80      0x00000421         (0, 1, 1)      [4] [E, S]
    649     0x0001C800       0xFFFFFF80      0x00008000         (0, 1, 9)      [9] []
    650     0x0001FE00       0xFFFFFF80      0x00800000         (0, 1, 15)      [17] []
    651     0x00015B00       0xFFFFFF80      0x00FFFFBF         (0, 1, 11)      [1, 2, 3, 4, 5, 6, 7, 8, 9, 10, 11, 12, 13, 14, 15, 16, 17] [E, NE, N, W, SW, S]
    652     0x00008480       0xFFFFFF80      0x00008000         (0, 0, 0)      [9] []
    653     0x00050300       0xFFFFFF00      0x00040000         (0, 5, 0)      [12] []
    654     0x00015980       0xFFFFFF80      0x00FFFFB9         (0, 1, 11)      [1, 2, 3, 4, 5, 6, 7, 8, 9, 10, 11, 12, 13, 14, 15, 16, 17] [E, W, SW, S]
    655     0x00017680       0xFFFFFF80      0x00010008         (0, 1, 14)      [10] [W]
    656     0x00011380       0xFFFFFF80      0x00000808         (0, 1, 2)      [5] [W]
    657     0x00017C80       0xFFFFFF80      0x00000008         (0, 1, 15)      [] [W]
    658     0x0001AF80       0xFFFFFF80      0x00100010         (0, 1, 5)      [14] [SW]
    659     0x0001C280       0xFFFFFF80      0x00200008         (0, 1, 8)      [15] [W]
    660     0x00008100       0xFFFFFF80      0x00000101         (0, 0, 0)      [2] [E]
    661     0x00011200       0xFFFFFF80      0x00000100         (0, 1, 2)      [2] []
    662     0x0001DB80       0xFFFFFF80      0x00800010         (0, 1, 11)      [17] [SW]
    663     0x00010200       0xFFFFFF80      0x00000001         (0, 1, 0)      [] [E]
    664     0x0001EF00       0xFFFFFF80      0x00800018         (0, 1, 13)      [17] [W, SW]
    665     0x0000EA00       0xFFFFFF80      0x00008000         (0, 0, 13)      [9] []
    666     0x00019100       0xFFFFFF80      0x00400021         (0, 1, 2)      [16] [E, S]
    667     0x0001ED80       0xFFFFFF80      0x00100018         (0, 1, 13)      [14] [W, SW]
    668     0x00010B80       0xFFFFFF80      0x00000001         (0, 1, 1)      [] [E]
    669     0x00024100       0xFFFFFF80      0x00200000         (0, 2, 8)      [15] []
    670     0x00007300       0xFFFFFF80      0x00000201         (0, 0, 14)      [3] [E]
    671     0x0000E600       0xFFFFFF80      0x00000080         (0, 0, 12)      [1] []
    672     0x00019980       0xFFFFFF80      0x00020018         (0, 1, 3)      [11] [W, SW]
    673     0x00010780       0xFFFFFF80      0x00010001         (0, 1, 0)      [10] [E]
    674     0x00000D80       0xFFFFFF80      0x00000200         (0, 0, 1)      [3] []
    675     0x0000C600       0xFFFFFF80      0x00000001         (0, 0, 8)      [] [E]
    676     0x0000F480       0xFFFFFF80      0x00000081         (0, 0, 14)      [1] [E]
    677     0x00050600       0xFFFFFF00      0x00200000         (0, 5, 0)      [15] []
    678     0x00004900       0xFFFFFF80      0x00001000         (0, 0, 9)      [6] []
    679     0x0004BD00       0xFFFFFF00      0x00000020         (0, 4, 7)      [] [S]
    680     0x00011900       0xFFFFFF80      0x00400008         (0, 1, 3)      [16] [W]
    681     0x0000C200       0xFFFFFF80      0x00400000         (0, 0, 8)      [16] []
    682     0x00043D00       0xFFFFFF00      0x00000010         (0, 4, 7)      [] [SW]
    683     0x00043600       0xFFFFFF00      0x00000010         (0, 4, 6)      [] [SW]
    684     0x0001D380       0xFFFFFF80      0x00400010         (0, 1, 10)      [16] [SW]
    685     0x0001A000       0xFFFFFF80      0x00000008         (0, 1, 4)      [] [W]
    686     0x0000FB80       0xFFFFFF80      0x00200002         (0, 0, 15)      [15] [NE]
    687     0x0000AC00       0xFFFFFF80      0x00000080         (0, 0, 5)      [1] []
    688     0x0000CB00       0xFFFFFF80      0x00000800         (0, 0, 9)      [5] []
    689     0x00015B80       0xFFFFFF80      0x00FFFFBF         (0, 1, 11)      [1, 2, 3, 4, 5, 6, 7, 8, 9, 10, 11, 12, 13, 14, 15, 16, 17] [E, NE, N, W, SW, S]
    690     0x0001E180       0xFFFFFF80      0x00200010         (0, 1, 12)      [15] [SW]
    691     0x00006480       0xFFFFFF80      0x00000200         (0, 0, 12)      [3] []
    692     0x0001F700       0xFFFFFF80      0x00000008         (0, 1, 14)      [] [W]
    693     0x0001BE80       0xFFFFFF80      0x00000008         (0, 1, 7)      [] [W]
    694     0x00016100       0xFFFFFF80      0x00FFFF88         (0, 1, 12)      [1, 2, 3, 4, 5, 6, 7, 8, 9, 10, 11, 12, 13, 14, 15, 16, 17] [W]
    695     0x00007D00       0xFFFFFF80      0x00000001         (0, 0, 15)      [] [E]
    696     0x00019C00       0xFFFFFF80      0x00400018         (0, 1, 3)      [16] [W, SW]
    697     0x00017F80       0xFFFFFF80      0x00000408         (0, 1, 15)      [4] [W]
    698     0x00003B00       0xFFFFFF80      0x00002001         (0, 0, 7)      [7] [E]
    699     0x00010880       0xFFFFFF80      0x00040001         (0, 1, 1)      [12] [E]
    700     0x0001EA00       0xFFFFFF80      0x00000018         (0, 1, 13)      [] [W, SW]
    701     0x00010000       0xFFFFFF80      0x00000001         (0, 1, 0)      [] [E]
    702     0x0001C300       0xFFFFFF80      0x00400008         (0, 1, 8)      [16] [W]
    703     0x00013280       0xFFFFFF80      0x0000800A         (0, 1, 6)      [9] [NE, W]
    704     0x00006F00       0xFFFFFF80      0x00000001         (0, 0, 13)      [] [E]
    705     0x00050100       0xFFFFFF00      0x00010000         (0, 5, 0)      [10] []
    706     0x0001F280       0xFFFFFF80      0x00000008         (0, 1, 14)      [] [W]
    707     0x00017580       0xFFFFFF80      0x00004008         (0, 1, 14)      [8] [W]
    708     0x00013680       0xFFFFFF80      0x0080000E         (0, 1, 6)      [17] [NE, N, W]
    709     0x00001B00       0xFFFFFF80      0x00000080         (0, 0, 3)      [1] []
    710     0x0000A000       0xFFFFFF80      0x00001000         (0, 0, 4)      [6] []
    711     0x00010380       0xFFFFFF80      0x00000101         (0, 1, 0)      [2] [E]
    712     0x00015280       0xFFFFFF80      0x00C00000         (0, 1, 10)      [16, 17] []
    713     0x00007D80       0xFFFFFF80      0x00000001         (0, 0, 15)      [] [E]
    714     0x00017E80       0xFFFFFF80      0x00000108         (0, 1, 15)      [2] [W]
    715     0x00017400       0xFFFFFF80      0x00000808         (0, 1, 14)      [5] [W]
    716     0x00019280       0xFFFFFF80      0x00000021         (0, 1, 2)      [] [E, S]
    717     0x0001B680       0xFFFFFF80      0x00008018         (0, 1, 6)      [9] [W, SW]
    718     0x00002A00       0xFFFFFF80      0x00000100         (0, 0, 5)      [2] []
    719     0x00012200       0xFFFFFF80      0x00000808         (0, 1, 4)      [5] [W]
    720     0x00005800       0xFFFFFF80      0x00002000         (0, 0, 11)      [7] []
    721     0x0001F180       0xFFFFFF80      0x00000008         (0, 1, 14)      [] [W]
    722     0x00043B00       0xFFFFFF00      0x00000010         (0, 4, 7)      [] [SW]
    723     0x0000E780       0xFFFFFF80      0x00000400         (0, 0, 12)      [4] []
    724     0x00004A00       0xFFFFFF80      0x00004000         (0, 0, 9)      [8] []
    725     0x00045500       0xFFFFFF00      0x00000010         (0, 4, 10)      [] [SW]
    726     0x0000F600       0xFFFFFF80      0x00000401         (0, 0, 14)      [4] [E]
    727     0x00023A00       0xFFFFFF80      0x00000080         (0, 2, 7)      [1] []
    728     0x00016880       0xFFFFFF80      0x00003008         (0, 1, 13)      [6, 7] [W]
    729     0x0000A100       0xFFFFFF80      0x00004000         (0, 0, 4)      [8] []
    730     0x00017000       0xFFFFFF80      0x00000008         (0, 1, 14)      [] [W]
    731     0x0001EB80       0xFFFFFF80      0x00000018         (0, 1, 13)      [] [W, SW]
    732     0x00006680       0xFFFFFF80      0x00002000         (0, 0, 12)      [7] []
    733     0x0000CA00       0xFFFFFF80      0x00000200         (0, 0, 9)      [3] []
    734     0x0004FF00       0xFFFFFF00      0x00004000         (0, 4, 15)      [8] []
    735     0x0000A280       0xFFFFFF80      0x00020000         (0, 0, 4)      [11] []
    736     0x0001D100       0xFFFFFF80      0x00020010         (0, 1, 10)      [11] [SW]
    737     0x00003800       0xFFFFFF80      0x00000080         (0, 0, 7)      [1] []
    738     0x00014280       0xFFFFFF80      0x00040002         (0, 1, 8)      [12] [NE]
    739     0x00002980       0xFFFFFF80      0x00000080         (0, 0, 5)      [1] []
    740     0x0001DC00       0xFFFFFF80      0x00000010         (0, 1, 11)      [] [SW]
    741     0x00013E00       0xFFFFFF80      0x00000208         (0, 1, 7)      [3] [W]
    742     0x0000F900       0xFFFFFF80      0x00010002         (0, 0, 15)      [10] [NE]
    743     0x0001F200       0xFFFFFF80      0x00000008         (0, 1, 14)      [] [W]
    744     0x00014F00       0xFFFFFF80      0x00018000         (0, 1, 9)      [9, 10] []
    745     0x0001CA00       0xFFFFFF80      0x00080000         (0, 1, 9)      [13] []
    746     0x00014D00       0xFFFFFF80      0x00001801         (0, 1, 9)      [5, 6] [E]
    747     0x0000EB00       0xFFFFFF80      0x00020002         (0, 0, 13)      [11] [NE]
    748     0x00007400       0xFFFFFF80      0x00000801         (0, 0, 14)      [5] [E]
    749     0x0000BC00       0xFFFFFF80      0x00000401         (0, 0, 7)      [4] [E]
    750     0x0000B180       0xFFFFFF80      0x00040000         (0, 0, 6)      [12] []
    751     0x0000D780       0xFFFFFF80      0x00000080         (0, 0, 10)      [1] []
    752     0x0001B200       0xFFFFFF80      0x00000010         (0, 1, 6)      [] [SW]
    753     0x00045A00       0xFFFFFF00      0x00000010         (0, 4, 11)      [] [SW]
    754     0x0001DB00       0xFFFFFF80      0x00400010         (0, 1, 11)      [16] [SW]
    755     0x0004F900       0xFFFFFF00      0x00000100         (0, 4, 15)      [2] []
    756     0x00044E00       0xFFFFFF00      0x00000010         (0, 4, 9)      [] [SW]
    757     0x0001D200       0xFFFFFF80      0x00080010         (0, 1, 10)      [13] [SW]
    758     0x0000DC00       0xFFFFFF80      0x00010000         (0, 0, 11)      [10] []
    759     0x00010C80       0xFFFFFF80      0x00000008         (0, 1, 1)      [] [W]
    760     0x0000EE80       0xFFFFFF80      0x00000002         (0, 0, 13)      [] [NE]
    761     0x00013880       0xFFFFFF80      0x0000000E         (0, 1, 7)      [] [NE, N, W]
    762     0x00005900       0xFFFFFF80      0x00008000         (0, 0, 11)      [9] []
    763     0x00016F00       0xFFFFFF80      0x00000008         (0, 1, 13)      [] [W]
    764     0x0001B800       0xFFFFFF80      0x00040018         (0, 1, 7)      [12] [W, SW]
    765     0x00010A00       0xFFFFFF80      0x00200001         (0, 1, 1)      [15] [E]
    766     0x00044F00       0xFFFFFF00      0x00000010         (0, 4, 9)      [] [SW]
    767     0x0001CA80       0xFFFFFF80      0x00100000         (0, 1, 9)      [14] []
    768     0x00014980       0xFFFFFF80      0x00000001         (0, 1, 9)      [] [E]
    769     0x00043900       0xFFFFFF00      0x00000010         (0, 4, 7)      [] [SW]
    770     0x0001E700       0xFFFFFF80      0x00080010         (0, 1, 12)      [13] [SW]
    771     0x00018080       0xFFFFFF80      0x00001008         (0, 1, 0)      [6] [W]
    772     0x0000DB80       0xFFFFFF80      0x00008000         (0, 0, 11)      [9] []
    773     0x00009380       0xFFFFFF80      0x00010000         (0, 0, 2)      [10] []
    774     0x0001D480       0xFFFFFF80      0x00000010         (0, 1, 10)      [] [SW]
    775     0x0001EA80       0xFFFFFF80      0x00000018         (0, 1, 13)      [] [W, SW]
    776     0x0004B800       0xFFFFFF00      0x00000020         (0, 4, 7)      [] [S]
    777     0x00024080       0xFFFFFF80      0x00100000         (0, 2, 8)      [14] []
    778     0x0001DA00       0xFFFFFF80      0x00100010         (0, 1, 11)      [14] [SW]
    779     0x00016080       0xFFFFFF80      0x00FFFFBF         (0, 1, 12)      [1, 2, 3, 4, 5, 6, 7, 8, 9, 10, 11, 12, 13, 14, 15, 16, 17] [E, NE, N, W, SW, S]
