router contains 709 entries 
 
  Index   Key(hex)    Mask(hex)    Route(hex)    Src. Core -> [Cores][Links]
------------------------------------------------------------------------------
    0     0x00017A00       0xFFFFFF80      0x00007F8C         (0, 1, 15)      [1, 2, 3, 4, 5, 6, 7, 8] [N, W]
    1     0x00011500       0xFFFFFF80      0x00200000         (0, 1, 2)      [15] []
    2     0x00016280       0xFFFFFF80      0x00000430         (0, 1, 12)      [4] [SW, S]
    3     0x0001BD00       0xFFFFFF80      0x00000810         (0, 1, 7)      [5] [SW]
    4     0x00007480       0xFFFFFF80      0x00080000         (0, 0, 14)      [13] []
    5     0x0001E180       0xFFFFFF80      0x00000010         (0, 1, 12)      [] [SW]
    6     0x00001C00       0xFFFFFF80      0x00010000         (0, 0, 3)      [10] []
    7     0x0001AD00       0xFFFFFF80      0x00400000         (0, 1, 5)      [16] []
    8     0x0004B000       0xFFFFFF00      0x00000008         (0, 4, 6)      [] [W]
    9     0x00023800       0xFFFFFF80      0x00000010         (0, 2, 7)      [] [SW]
    10     0x00016D80       0xFFFFFF80      0x0000008C         (0, 1, 13)      [1] [N, W]
    11     0x00013500       0xFFFFFF80      0x00000020         (0, 1, 6)      [] [S]
    12     0x00020700       0xFFFFFF80      0x00000200         (0, 2, 0)      [3] []
    13     0x0000D180       0xFFFFFF80      0x00000080         (0, 0, 10)      [1] []
    14     0x00014380       0xFFFFFF80      0x00000020         (0, 1, 8)      [] [S]
    15     0x00023A00       0xFFFFFF80      0x00000010         (0, 2, 7)      [] [SW]
    16     0x0000AF80       0xFFFFFF80      0x00200000         (0, 0, 5)      [15] []
    17     0x00019D80       0xFFFFFF80      0x00000110         (0, 1, 3)      [2] [SW]
    18     0x00011A80       0xFFFFFF80      0x00000100         (0, 1, 3)      [2] []
    19     0x0001B300       0xFFFFFF80      0x00000400         (0, 1, 6)      [4] []
    20     0x0001E100       0xFFFFFF80      0x00000010         (0, 1, 12)      [] [SW]
    21     0x00014180       0xFFFFFF80      0x00800020         (0, 1, 8)      [17] [S]
    22     0x00011000       0xFFFFFF80      0x00000030         (0, 1, 2)      [] [SW, S]
    23     0x00005980       0xFFFFFF80      0x00800000         (0, 0, 11)      [17] []
    24     0x0001AD80       0xFFFFFF80      0x00800000         (0, 1, 5)      [17] []
    25     0x00017E80       0xFFFFFF80      0x00FF803C         (0, 1, 15)      [9, 10, 11, 12, 13, 14, 15, 16, 17] [N, W, SW, S]
    26     0x00017D00       0xFFFFFF80      0x00007FB5         (0, 1, 15)      [1, 2, 3, 4, 5, 6, 7, 8] [E, N, SW, S]
    27     0x00014580       0xFFFFFF80      0x000000A0         (0, 1, 8)      [1] [S]
    28     0x0001BB00       0xFFFFFF80      0x00000090         (0, 1, 7)      [1] [SW]
    29     0x00019800       0xFFFFFF80      0x00200000         (0, 1, 3)      [15] []
    30     0x00014800       0xFFFFFF80      0x00001020         (0, 1, 9)      [6] [S]
    31     0x00019C80       0xFFFFFF80      0x00000010         (0, 1, 3)      [] [SW]
    32     0x00000D00       0xFFFFFF80      0x00008000         (0, 0, 1)      [9] []
    33     0x00003900       0xFFFFFF80      0x00010000         (0, 0, 7)      [10] []
    34     0x0004AB00       0xFFFFFF00      0x00000008         (0, 4, 5)      [] [W]
    35     0x00017C80       0xFFFFFF80      0x00007FB5         (0, 1, 15)      [1, 2, 3, 4, 5, 6, 7, 8] [E, N, SW, S]
    36     0x00023980       0xFFFFFF80      0x00000010         (0, 2, 7)      [] [SW]
    37     0x00054B00       0xFFFFFF00      0x00400000         (0, 5, 9)      [16] []
    38     0x0000E900       0xFFFFFF80      0x00100000         (0, 0, 13)      [14] []
    39     0x00018700       0xFFFFFF80      0x00FF81A0         (0, 1, 0)      [1, 2, 9, 10, 11, 12, 13, 14, 15, 16, 17] [S]
    40     0x00015900       0xFFFFFF80      0x00008020         (0, 1, 11)      [9] [S]
    41     0x00009E80       0xFFFFFF80      0x00010000         (0, 0, 3)      [10] []
    42     0x00020300       0xFFFFFF80      0x00000100         (0, 2, 0)      [2] []
    43     0x00012E80       0xFFFFFF80      0x00000020         (0, 1, 5)      [] [S]
    44     0x00014480       0xFFFFFF80      0x00000020         (0, 1, 8)      [] [S]
    45     0x00010980       0xFFFFFF80      0x00000020         (0, 1, 1)      [] [S]
    46     0x0004A500       0xFFFFFF00      0x00000008         (0, 4, 4)      [] [W]
    47     0x00018900       0xFFFFFF80      0x00FF9820         (0, 1, 1)      [5, 6, 9, 10, 11, 12, 13, 14, 15, 16, 17] [S]
    48     0x00017700       0xFFFFFF80      0x00007F8C         (0, 1, 14)      [1, 2, 3, 4, 5, 6, 7, 8] [N, W]
    49     0x0000F700       0xFFFFFF80      0x00080020         (0, 0, 14)      [13] [S]
    50     0x0001C580       0xFFFFFF80      0x00000410         (0, 1, 8)      [4] [SW]
    51     0x00010A80       0xFFFFFF80      0x00000020         (0, 1, 1)      [] [S]
    52     0x0001C200       0xFFFFFF80      0x00000010         (0, 1, 8)      [] [SW]
    53     0x0001E580       0xFFFFFF80      0x00001010         (0, 1, 12)      [6] [SW]
    54     0x0000DA80       0xFFFFFF80      0x00100000         (0, 0, 11)      [14] []
    55     0x00023500       0xFFFFFF80      0x00000010         (0, 2, 6)      [] [SW]
    56     0x0000AC80       0xFFFFFF80      0x00008000         (0, 0, 5)      [9] []
    57     0x00018500       0xFFFFFF80      0x00FF8020         (0, 1, 0)      [9, 10, 11, 12, 13, 14, 15, 16, 17] [S]
    58     0x00015200       0xFFFFFF80      0x00000020         (0, 1, 10)      [] [S]
    59     0x0000BD80       0xFFFFFF80      0x00100000         (0, 0, 7)      [14] []
    60     0x00011B80       0xFFFFFF80      0x00000400         (0, 1, 3)      [4] []
    61     0x0001F800       0xFFFFFF80      0x00002010         (0, 1, 15)      [7] [SW]
    62     0x0001F980       0xFFFFFF80      0x00000008         (0, 1, 15)      [] [W]
    63     0x0000ED00       0xFFFFFF80      0x00000020         (0, 0, 13)      [] [S]
    64     0x00013600       0xFFFFFF80      0x00000020         (0, 1, 6)      [] [S]
    65     0x0001B600       0xFFFFFF80      0x00200000         (0, 1, 6)      [15] []
    66     0x00017780       0xFFFFFF80      0x00007F8C         (0, 1, 14)      [1, 2, 3, 4, 5, 6, 7, 8] [N, W]
    67     0x00014680       0xFFFFFF80      0x00000220         (0, 1, 8)      [3] [S]
    68     0x00012480       0xFFFFFF80      0x00800000         (0, 1, 4)      [17] []
    69     0x00024380       0xFFFFFF80      0x00000202         (0, 2, 8)      [3] [NE]
    70     0x00015300       0xFFFFFF80      0x00000020         (0, 1, 10)      [] [S]
    71     0x0004AE00       0xFFFFFF00      0x00000008         (0, 4, 5)      [] [W]
    72     0x00016B80       0xFFFFFF80      0x0000000C         (0, 1, 13)      [] [N, W]
    73     0x0000FB00       0xFFFFFF80      0x00000020         (0, 0, 15)      [] [S]
    74     0x00003B80       0xFFFFFF80      0x00200000         (0, 0, 7)      [15] []
    75     0x00002C00       0xFFFFFF80      0x00080000         (0, 0, 5)      [13] []
    76     0x00014000       0xFFFFFF80      0x00100020         (0, 1, 8)      [14] [S]
    77     0x00017080       0xFFFFFF80      0x00003004         (0, 1, 14)      [6, 7] [N]
    78     0x00021180       0xFFFFFF80      0x00001000         (0, 2, 2)      [6] []
    79     0x0000E080       0xFFFFFF80      0x00000100         (0, 0, 12)      [2] []
    80     0x00023C80       0xFFFFFF80      0x00080010         (0, 2, 7)      [13] [SW]
    81     0x00018480       0xFFFFFF80      0x00FF8020         (0, 1, 0)      [9, 10, 11, 12, 13, 14, 15, 16, 17] [S]
    82     0x0000F800       0xFFFFFF80      0x00200020         (0, 0, 15)      [15] [S]
    83     0x0001FB00       0xFFFFFF80      0x00000200         (0, 1, 15)      [3] []
    84     0x0001F880       0xFFFFFF80      0x00004000         (0, 1, 15)      [8] []
    85     0x00016380       0xFFFFFF80      0x00001030         (0, 1, 12)      [6] [SW, S]
    86     0x00023480       0xFFFFFF80      0x00000010         (0, 2, 6)      [] [SW]
    87     0x0001DD80       0xFFFFFF80      0x00000400         (0, 1, 11)      [4] []
    88     0x0001D300       0xFFFFFF80      0x00000008         (0, 1, 10)      [] [W]
    89     0x0000DB80       0xFFFFFF80      0x00400000         (0, 0, 11)      [16] []
    90     0x00016B00       0xFFFFFF80      0x0000000C         (0, 1, 13)      [] [N, W]
    91     0x00012880       0xFFFFFF80      0x00000080         (0, 1, 5)      [1] []
    92     0x0001A100       0xFFFFFF80      0x00040000         (0, 1, 4)      [12] []
    93     0x00023F80       0xFFFFFF80      0x00000002         (0, 2, 7)      [] [NE]
    94     0x0000EC00       0xFFFFFF80      0x00000020         (0, 0, 13)      [] [S]
    95     0x00005700       0xFFFFFF80      0x00040000         (0, 0, 10)      [12] []
    96     0x0000F680       0xFFFFFF80      0x00040020         (0, 0, 14)      [12] [S]
    97     0x00018C00       0xFFFFFF80      0x000C0020         (0, 1, 1)      [12, 13] [S]
    98     0x00015100       0xFFFFFF80      0x00000020         (0, 1, 10)      [] [S]
    99     0x00008F80       0xFFFFFF80      0x00008000         (0, 0, 1)      [9] []
    100     0x0000EA00       0xFFFFFF80      0x00400000         (0, 0, 13)      [16] []
    101     0x0001EE00       0xFFFFFF80      0x00000010         (0, 1, 13)      [] [SW]
    102     0x00013180       0xFFFFFF80      0x00100020         (0, 1, 6)      [14] [S]
    103     0x00015C80       0xFFFFFF80      0x00400020         (0, 1, 11)      [16] [S]
    104     0x0000A000       0xFFFFFF80      0x00080000         (0, 0, 4)      [13] []
    105     0x0000CD00       0xFFFFFF80      0x00400000         (0, 0, 9)      [16] []
    106     0x00014B00       0xFFFFFF80      0x00000020         (0, 1, 9)      [] [S]
    107     0x00017E00       0xFFFFFF80      0x00007FB5         (0, 1, 15)      [1, 2, 3, 4, 5, 6, 7, 8] [E, N, SW, S]
    108     0x00010B80       0xFFFFFF80      0x00000080         (0, 1, 1)      [1] []
    109     0x0000FA80       0xFFFFFF80      0x00000020         (0, 0, 15)      [] [S]
    110     0x00019280       0xFFFFFF80      0x00000120         (0, 1, 2)      [2] [S]
    111     0x00016680       0xFFFFFF80      0x00010030         (0, 1, 12)      [10] [SW, S]
    112     0x00017300       0xFFFFFF80      0x00037F8C         (0, 1, 14)      [1, 2, 3, 4, 5, 6, 7, 8, 10, 11] [N, W]
    113     0x00015700       0xFFFFFF80      0x00004020         (0, 1, 10)      [8] [S]
    114     0x00013100       0xFFFFFF80      0x00080020         (0, 1, 6)      [13] [S]
    115     0x0001C180       0xFFFFFF80      0x00000010         (0, 1, 8)      [] [SW]
    116     0x0000EF80       0xFFFFFF80      0x00000220         (0, 0, 13)      [3] [S]
    117     0x0004B100       0xFFFFFF00      0x00000008         (0, 4, 6)      [] [W]
    118     0x00007380       0xFFFFFF80      0x00020000         (0, 0, 14)      [11] []
    119     0x00012300       0xFFFFFF80      0x00100000         (0, 1, 4)      [14] []
    120     0x0000EE00       0xFFFFFF80      0x00000020         (0, 0, 13)      [] [S]
    121     0x00010680       0xFFFFFF80      0x00200020         (0, 1, 0)      [15] [S]
    122     0x00013300       0xFFFFFF80      0x00800020         (0, 1, 6)      [17] [S]
    123     0x00009200       0xFFFFFF80      0x00100000         (0, 0, 2)      [14] []
    124     0x0001BD80       0xFFFFFF80      0x00001010         (0, 1, 7)      [6] [SW]
    125     0x0001DE00       0xFFFFFF80      0x00000800         (0, 1, 11)      [5] []
    126     0x0001E980       0xFFFFFF80      0x00000090         (0, 1, 13)      [1] [SW]
    127     0x0001DC00       0xFFFFFF80      0x00000080         (0, 1, 11)      [1] []
    128     0x00006800       0xFFFFFF80      0x00800000         (0, 0, 13)      [17] []
    129     0x00004800       0xFFFFFF80      0x00020000         (0, 0, 9)      [11] []
    130     0x0001B480       0xFFFFFF80      0x00002000         (0, 1, 6)      [7] []
    131     0x00016100       0xFFFFFF80      0x000000B0         (0, 1, 12)      [1] [SW, S]
    132     0x00023400       0xFFFFFF80      0x00000010         (0, 2, 6)      [] [SW]
    133     0x0001CC80       0xFFFFFF80      0x00000080         (0, 1, 9)      [1] []
    134     0x00019180       0xFFFFFF80      0x00000020         (0, 1, 2)      [] [S]
    135     0x0004AF00       0xFFFFFF00      0x00000008         (0, 4, 5)      [] [W]
    136     0x00000E00       0xFFFFFF80      0x00020000         (0, 0, 1)      [11] []
    137     0x0001FA80       0xFFFFFF80      0x00000100         (0, 1, 15)      [2] []
    138     0x00019080       0xFFFFFF80      0x00000020         (0, 1, 2)      [] [S]
    139     0x00020580       0xFFFFFF80      0x00002000         (0, 2, 0)      [7] []
    140     0x0001D780       0xFFFFFF80      0x00002000         (0, 1, 10)      [7] []
    141     0x00013980       0xFFFFFF80      0x00001020         (0, 1, 7)      [6] [S]
    142     0x00011100       0xFFFFFF80      0x00000030         (0, 1, 2)      [] [SW, S]
    143     0x00021080       0xFFFFFF80      0x00002000         (0, 2, 2)      [7] []
    144     0x00015F80       0xFFFFFF80      0x00000020         (0, 1, 11)      [] [S]
    145     0x00020800       0xFFFFFF80      0x00000800         (0, 2, 1)      [5] []
    146     0x0000FB80       0xFFFFFF80      0x00000020         (0, 0, 15)      [] [S]
    147     0x00001D00       0xFFFFFF80      0x00040000         (0, 0, 3)      [12] []
    148     0x0001CF80       0xFFFFFF80      0x00002000         (0, 1, 9)      [7] []
    149     0x00016800       0xFFFFFF80      0x00080030         (0, 1, 13)      [13] [SW, S]
    150     0x00017F00       0xFFFFFF80      0x00FF803C         (0, 1, 15)      [9, 10, 11, 12, 13, 14, 15, 16, 17] [N, W, SW, S]
    151     0x00020880       0xFFFFFF80      0x00001000         (0, 2, 1)      [6] []
    152     0x00020C00       0xFFFFFF80      0x00002000         (0, 2, 1)      [7] []
    153     0x00021280       0xFFFFFF80      0x00004000         (0, 2, 2)      [8] []
    154     0x0001F200       0xFFFFFF80      0x00001010         (0, 1, 14)      [6] [SW]
    155     0x0000F980       0xFFFFFF80      0x00000020         (0, 0, 15)      [] [S]
    156     0x00016F00       0xFFFFFF80      0x0000060C         (0, 1, 13)      [3, 4] [N, W]
    157     0x00013080       0xFFFFFF80      0x00040020         (0, 1, 6)      [12] [S]
    158     0x00008400       0xFFFFFF80      0x00200000         (0, 0, 0)      [15] []
    159     0x00016580       0xFFFFFF80      0x00000030         (0, 1, 12)      [] [SW, S]
    160     0x00011600       0xFFFFFF80      0x00800000         (0, 1, 2)      [17] []
    161     0x00018A00       0xFFFFFF80      0x00FFE020         (0, 1, 1)      [7, 8, 9, 10, 11, 12, 13, 14, 15, 16, 17] [S]
    162     0x00019900       0xFFFFFF80      0x00800000         (0, 1, 3)      [17] []
    163     0x00015480       0xFFFFFF80      0x00000220         (0, 1, 10)      [3] [S]
    164     0x00012980       0xFFFFFF80      0x00000200         (0, 1, 5)      [3] []
    165     0x0001C080       0xFFFFFF80      0x00000010         (0, 1, 8)      [] [SW]
    166     0x0001F380       0xFFFFFF80      0x00000010         (0, 1, 14)      [] [SW]
    167     0x00010F00       0xFFFFFF80      0x00000030         (0, 1, 1)      [] [SW, S]
    168     0x0000CC80       0xFFFFFF80      0x00200000         (0, 0, 9)      [15] []
    169     0x00002A80       0xFFFFFF80      0x00010000         (0, 0, 5)      [10] []
    170     0x0001C300       0xFFFFFF80      0x00000010         (0, 1, 8)      [] [SW]
    171     0x0001EB80       0xFFFFFF80      0x00000810         (0, 1, 13)      [5] [SW]
    172     0x00024600       0xFFFFFF80      0x00004002         (0, 2, 8)      [8] [NE]
    173     0x00017600       0xFFFFFF80      0x00C07F8C         (0, 1, 14)      [1, 2, 3, 4, 5, 6, 7, 8, 16, 17] [N, W]
    174     0x0004A900       0xFFFFFF00      0x00000008         (0, 4, 5)      [] [W]
    175     0x0001E700       0xFFFFFF80      0x00000010         (0, 1, 12)      [] [SW]
    176     0x00013D80       0xFFFFFF80      0x00008020         (0, 1, 7)      [9] [S]
    177     0x0001A880       0xFFFFFF80      0x00000200         (0, 1, 5)      [3] []
    178     0x00017900       0xFFFFFF80      0x00007F8C         (0, 1, 15)      [1, 2, 3, 4, 5, 6, 7, 8] [N, W]
    179     0x0001E480       0xFFFFFF80      0x00000410         (0, 1, 12)      [4] [SW]
    180     0x0001D600       0xFFFFFF80      0x00000400         (0, 1, 10)      [4] []
    181     0x0001BF80       0xFFFFFF80      0x00400010         (0, 1, 7)      [16] [SW]
    182     0x00003880       0xFFFFFF80      0x00008000         (0, 0, 7)      [9] []
    183     0x00010B00       0xFFFFFF80      0x00000020         (0, 1, 1)      [] [S]
    184     0x00023B80       0xFFFFFF80      0x00020010         (0, 2, 7)      [11] [SW]
    185     0x00018E00       0xFFFFFF80      0x00C00020         (0, 1, 1)      [16, 17] [S]
    186     0x00024280       0xFFFFFF80      0x00000082         (0, 2, 8)      [1] [NE]
    187     0x00009300       0xFFFFFF80      0x00400000         (0, 0, 2)      [16] []
    188     0x00024180       0xFFFFFF80      0x00000002         (0, 2, 8)      [] [NE]
    189     0x00013800       0xFFFFFF80      0x00000220         (0, 1, 7)      [3] [S]
    190     0x0000A180       0xFFFFFF80      0x00400000         (0, 0, 4)      [16] []
    191     0x00017B80       0xFFFFFF80      0x00007FBD         (0, 1, 15)      [1, 2, 3, 4, 5, 6, 7, 8] [E, N, W, SW, S]
    192     0x0004A400       0xFFFFFF00      0x00000008         (0, 4, 4)      [] [W]
    193     0x00019500       0xFFFFFF80      0x00002000         (0, 1, 2)      [7] []
    194     0x00005580       0xFFFFFF80      0x00008000         (0, 0, 10)      [9] []
    195     0x00018600       0xFFFFFF80      0x00FF8020         (0, 1, 0)      [9, 10, 11, 12, 13, 14, 15, 16, 17] [S]
    196     0x00018B80       0xFFFFFF80      0x00060020         (0, 1, 1)      [11, 12] [S]
    197     0x0001FF00       0xFFFFFF80      0x00000100         (0, 1, 15)      [2] []
    198     0x0000BC80       0xFFFFFF80      0x00040000         (0, 0, 7)      [12] []
    199     0x0001C800       0xFFFFFF80      0x00400000         (0, 1, 9)      [16] []
    200     0x0001D800       0xFFFFFF80      0x00004000         (0, 1, 11)      [8] []
    201     0x0001DF00       0xFFFFFF80      0x00002000         (0, 1, 11)      [7] []
    202     0x0001E600       0xFFFFFF80      0x00002010         (0, 1, 12)      [7] [SW]
    203     0x0000FC00       0xFFFFFF80      0x00000020         (0, 0, 15)      [] [S]
    204     0x00011200       0xFFFFFF80      0x00008030         (0, 1, 2)      [9] [SW, S]
    205     0x0001E780       0xFFFFFF80      0x00000010         (0, 1, 12)      [] [SW]
    206     0x00015500       0xFFFFFF80      0x00000420         (0, 1, 10)      [4] [S]
    207     0x0000F500       0xFFFFFF80      0x00008020         (0, 0, 14)      [9] [S]
    208     0x00016C00       0xFFFFFF80      0x0000000C         (0, 1, 13)      [] [N, W]
    209     0x00014E80       0xFFFFFF80      0x00200020         (0, 1, 9)      [15] [S]
    210     0x0001E680       0xFFFFFF80      0x00004000         (0, 1, 12)      [8] []
    211     0x00020900       0xFFFFFF80      0x00002000         (0, 2, 1)      [7] []
    212     0x00019780       0xFFFFFF80      0x00100000         (0, 1, 2)      [14] []
    213     0x00018100       0xFFFFFF80      0x00FF803C         (0, 1, 0)      [9, 10, 11, 12, 13, 14, 15, 16, 17] [N, W, SW, S]
    214     0x0001A000       0xFFFFFF80      0x00002010         (0, 1, 4)      [7] [SW]
    215     0x0001BB80       0xFFFFFF80      0x00000110         (0, 1, 7)      [2] [SW]
    216     0x0001E900       0xFFFFFF80      0x00000010         (0, 1, 13)      [] [SW]
    217     0x00015D00       0xFFFFFF80      0x00800020         (0, 1, 11)      [17] [S]
    218     0x00018180       0xFFFFFF80      0x00FF803C         (0, 1, 0)      [9, 10, 11, 12, 13, 14, 15, 16, 17] [N, W, SW, S]
    219     0x00010800       0xFFFFFF80      0x00000020         (0, 1, 1)      [] [S]
    220     0x0001B580       0xFFFFFF80      0x00100000         (0, 1, 6)      [14] []
    221     0x0001C700       0xFFFFFF80      0x00002000         (0, 1, 8)      [7] []
    222     0x00013700       0xFFFFFF80      0x000000A0         (0, 1, 6)      [1] [S]
    223     0x00016E00       0xFFFFFF80      0x0000018C         (0, 1, 13)      [1, 2] [N, W]
    224     0x00016F80       0xFFFFFF80      0x00000C0C         (0, 1, 13)      [4, 5] [N, W]
    225     0x0004AD00       0xFFFFFF00      0x00000008         (0, 4, 5)      [] [W]
    226     0x00016200       0xFFFFFF80      0x00000230         (0, 1, 12)      [3] [SW, S]
    227     0x00004700       0xFFFFFF80      0x00008000         (0, 0, 8)      [9] []
    228     0x00012B00       0xFFFFFF80      0x00001000         (0, 1, 5)      [6] []
    229     0x0001C480       0xFFFFFF80      0x00000110         (0, 1, 8)      [2] [SW]
    230     0x00010A00       0xFFFFFF80      0x00000020         (0, 1, 1)      [] [S]
    231     0x00018200       0xFFFFFF80      0x00FF803D         (0, 1, 0)      [9, 10, 11, 12, 13, 14, 15, 16, 17] [E, N, W, SW, S]
    232     0x00010500       0xFFFFFF80      0x00040020         (0, 1, 0)      [12] [S]
    233     0x0000DC00       0xFFFFFF80      0x00800000         (0, 0, 11)      [17] []
    234     0x00015B00       0xFFFFFF80      0x00080020         (0, 1, 11)      [13] [S]
    235     0x0000E800       0xFFFFFF80      0x00040000         (0, 0, 13)      [12] []
    236     0x00014F80       0xFFFFFF80      0x00800020         (0, 1, 9)      [17] [S]
    237     0x0001A180       0xFFFFFF80      0x00080000         (0, 1, 4)      [13] []
    238     0x00018080       0xFFFFFF80      0x00FF803C         (0, 1, 0)      [9, 10, 11, 12, 13, 14, 15, 16, 17] [N, W, SW, S]
    239     0x00018C80       0xFFFFFF80      0x00180020         (0, 1, 1)      [13, 14] [S]
    240     0x0001A080       0xFFFFFF80      0x00004000         (0, 1, 4)      [8] []
    241     0x0001CE00       0xFFFFFF80      0x00000400         (0, 1, 9)      [4] []
    242     0x0001B380       0xFFFFFF80      0x00000800         (0, 1, 6)      [5] []
    243     0x00016180       0xFFFFFF80      0x00000130         (0, 1, 12)      [2] [SW, S]
    244     0x00015400       0xFFFFFF80      0x00000120         (0, 1, 10)      [2] [S]
    245     0x00016480       0xFFFFFF80      0x00004020         (0, 1, 12)      [8] [S]
    246     0x00023B00       0xFFFFFF80      0x00010010         (0, 2, 7)      [10] [SW]
    247     0x0001EF80       0xFFFFFF80      0x00000090         (0, 1, 13)      [1] [SW]
    248     0x00054100       0xFFFFFF00      0x00001000         (0, 5, 8)      [6] []
    249     0x0000A080       0xFFFFFF80      0x00100000         (0, 0, 4)      [14] []
    250     0x0001D280       0xFFFFFF80      0x00000008         (0, 1, 10)      [] [W]
    251     0x0000AE80       0xFFFFFF80      0x00080000         (0, 0, 5)      [13] []
    252     0x0001C600       0xFFFFFF80      0x00000810         (0, 1, 8)      [5] [SW]
    253     0x0001A800       0xFFFFFF80      0x00000100         (0, 1, 5)      [2] []
    254     0x00011C80       0xFFFFFF80      0x00001000         (0, 1, 3)      [6] []
    255     0x00012080       0xFFFFFF80      0x00008000         (0, 1, 4)      [9] []
    256     0x0001EC00       0xFFFFFF80      0x00001010         (0, 1, 13)      [6] [SW]
    257     0x00014B80       0xFFFFFF80      0x00008020         (0, 1, 9)      [9] [S]
    258     0x0001B280       0xFFFFFF80      0x00000200         (0, 1, 6)      [3] []
    259     0x00019E00       0xFFFFFF80      0x00000210         (0, 1, 3)      [3] [SW]
    260     0x00009100       0xFFFFFF80      0x00040000         (0, 0, 2)      [12] []
    261     0x00006480       0xFFFFFF80      0x00010000         (0, 0, 12)      [10] []
    262     0x0000FD00       0xFFFFFF80      0x000000A0         (0, 0, 15)      [1] [S]
    263     0x00004900       0xFFFFFF80      0x00080000         (0, 0, 9)      [13] []
    264     0x00012F00       0xFFFFFF80      0x00008020         (0, 1, 5)      [9] [S]
    265     0x00021100       0xFFFFFF80      0x00004000         (0, 2, 2)      [8] []
    266     0x00010900       0xFFFFFF80      0x00000020         (0, 1, 1)      [] [S]
    267     0x0001FC80       0xFFFFFF80      0x00001000         (0, 1, 15)      [6] []
    268     0x0001D080       0xFFFFFF80      0x00800008         (0, 1, 10)      [17] [W]
    269     0x0000E780       0xFFFFFF80      0x00020000         (0, 0, 12)      [11] []
    270     0x00010580       0xFFFFFF80      0x00080020         (0, 1, 0)      [13] [S]
    271     0x0000CA00       0xFFFFFF80      0x00010000         (0, 0, 9)      [10] []
    272     0x0000D980       0xFFFFFF80      0x00040000         (0, 0, 11)      [12] []
    273     0x00018A80       0xFFFFFF80      0x00018020         (0, 1, 1)      [9, 10] [S]
    274     0x0000CB80       0xFFFFFF80      0x00080000         (0, 0, 9)      [13] []
    275     0x00012180       0xFFFFFF80      0x00020000         (0, 1, 4)      [11] []
    276     0x00013480       0xFFFFFF80      0x00000020         (0, 1, 6)      [] [S]
    277     0x00054C00       0xFFFFFF00      0x00800000         (0, 5, 9)      [17] []
    278     0x0001C280       0xFFFFFF80      0x00000010         (0, 1, 8)      [] [SW]
    279     0x0001B880       0xFFFFFF80      0x00000010         (0, 1, 7)      [] [SW]
    280     0x00018800       0xFFFFFF80      0x00FF8620         (0, 1, 1)      [3, 4, 9, 10, 11, 12, 13, 14, 15, 16, 17] [S]
    281     0x00016900       0xFFFFFF80      0x00200030         (0, 1, 13)      [15] [SW, S]
    282     0x00019580       0xFFFFFF80      0x00004000         (0, 1, 2)      [8] []
    283     0x00016D00       0xFFFFFF80      0x0000000C         (0, 1, 13)      [] [N, W]
    284     0x0001D480       0xFFFFFF80      0x00000080         (0, 1, 10)      [1] []
    285     0x00012280       0xFFFFFF80      0x00080000         (0, 1, 4)      [13] []
    286     0x00007500       0xFFFFFF80      0x00100000         (0, 0, 14)      [14] []
    287     0x0000CA80       0xFFFFFF80      0x00020000         (0, 0, 9)      [11] []
    288     0x00023D80       0xFFFFFF80      0x00200002         (0, 2, 7)      [15] [NE]
    289     0x0000BE00       0xFFFFFF80      0x00200000         (0, 0, 7)      [15] []
    290     0x0000EF00       0xFFFFFF80      0x00000120         (0, 0, 13)      [2] [S]
    291     0x00001C80       0xFFFFFF80      0x00020000         (0, 0, 3)      [11] []
    292     0x00053E00       0xFFFFFF00      0x00000200         (0, 5, 7)      [3] []
    293     0x00011C00       0xFFFFFF80      0x00000800         (0, 1, 3)      [5] []
    294     0x00014900       0xFFFFFF80      0x00004020         (0, 1, 9)      [8] [S]
    295     0x0001A980       0xFFFFFF80      0x00000800         (0, 1, 5)      [5] []
    296     0x00007680       0xFFFFFF80      0x00800000         (0, 0, 14)      [17] []
    297     0x00015C00       0xFFFFFF80      0x00200020         (0, 1, 11)      [15] [S]
    298     0x00016300       0xFFFFFF80      0x00000830         (0, 1, 12)      [5] [SW, S]
    299     0x00017200       0xFFFFFF80      0x0000FF8C         (0, 1, 14)      [1, 2, 3, 4, 5, 6, 7, 8, 9] [N, W]
    300     0x00008280       0xFFFFFF80      0x00040000         (0, 0, 0)      [12] []
    301     0x00002C80       0xFFFFFF80      0x00100000         (0, 0, 5)      [14] []
    302     0x0001D700       0xFFFFFF80      0x00001000         (0, 1, 10)      [6] []
    303     0x00023D00       0xFFFFFF80      0x00100002         (0, 2, 7)      [14] [NE]
    304     0x00020F80       0xFFFFFF80      0x00000800         (0, 2, 1)      [5] []
    305     0x00014700       0xFFFFFF80      0x00000420         (0, 1, 8)      [4] [S]
    306     0x0001BE80       0xFFFFFF80      0x00004000         (0, 1, 7)      [8] []
    307     0x00003A80       0xFFFFFF80      0x00080000         (0, 0, 7)      [13] []
    308     0x00014080       0xFFFFFF80      0x00200020         (0, 1, 8)      [15] [S]
    309     0x00023600       0xFFFFFF80      0x00000010         (0, 2, 6)      [] [SW]
    310     0x00013F80       0xFFFFFF80      0x00080020         (0, 1, 7)      [13] [S]
    311     0x0000BB00       0xFFFFFF80      0x00008000         (0, 0, 7)      [9] []
    312     0x00002B00       0xFFFFFF80      0x00020000         (0, 0, 5)      [11] []
    313     0x0001B680       0xFFFFFF80      0x00400000         (0, 1, 6)      [16] []
    314     0x00021000       0xFFFFFF80      0x00001000         (0, 2, 2)      [6] []
    315     0x00006400       0xFFFFFF80      0x00008000         (0, 0, 12)      [9] []
    316     0x00011380       0xFFFFFF80      0x00040030         (0, 1, 2)      [12] [SW, S]
    317     0x0001DC80       0xFFFFFF80      0x00000100         (0, 1, 11)      [2] []
    318     0x0000B000       0xFFFFFF80      0x00400000         (0, 0, 6)      [16] []
    319     0x00019F80       0xFFFFFF80      0x00001010         (0, 1, 3)      [6] [SW]
    320     0x0001B980       0xFFFFFF80      0x00000010         (0, 1, 7)      [] [SW]
    321     0x0001AA80       0xFFFFFF80      0x00002000         (0, 1, 5)      [7] []
    322     0x00014500       0xFFFFFF80      0x00000020         (0, 1, 8)      [] [S]
    323     0x00019380       0xFFFFFF80      0x00000420         (0, 1, 2)      [4] [S]
    324     0x0001F400       0xFFFFFF80      0x00000010         (0, 1, 14)      [] [SW]
    325     0x0001FD80       0xFFFFFF80      0x00004000         (0, 1, 15)      [8] []
    326     0x0001DF80       0xFFFFFF80      0x00004000         (0, 1, 11)      [8] []
    327     0x0001BE00       0xFFFFFF80      0x00002010         (0, 1, 7)      [7] [SW]
    328     0x00019700       0xFFFFFF80      0x00080000         (0, 1, 2)      [13] []
    329     0x00010F80       0xFFFFFF80      0x00000030         (0, 1, 1)      [] [SW, S]
    330     0x00020000       0xFFFFFF80      0x00000400         (0, 2, 0)      [4] []
    331     0x00024100       0xFFFFFF80      0x00000002         (0, 2, 8)      [] [NE]
    332     0x0001C680       0xFFFFFF80      0x00001010         (0, 1, 8)      [6] [SW]
    333     0x0001B200       0xFFFFFF80      0x00000100         (0, 1, 6)      [2] []
    334     0x00054500       0xFFFFFF00      0x00010000         (0, 5, 8)      [10] []
    335     0x00016A00       0xFFFFFF80      0x0080000C         (0, 1, 13)      [17] [N, W]
    336     0x00020180       0xFFFFFF80      0x00002000         (0, 2, 0)      [7] []
    337     0x00012200       0xFFFFFF80      0x00040000         (0, 1, 4)      [12] []
    338     0x00021380       0xFFFFFF80      0x00004000         (0, 2, 2)      [8] []
    339     0x00013900       0xFFFFFF80      0x00000820         (0, 1, 7)      [5] [S]
    340     0x0000D880       0xFFFFFF80      0x00010000         (0, 0, 11)      [10] []
    341     0x00017980       0xFFFFFF80      0x00007F8C         (0, 1, 15)      [1, 2, 3, 4, 5, 6, 7, 8] [N, W]
    342     0x0000D800       0xFFFFFF80      0x00008000         (0, 0, 11)      [9] []
    343     0x0001AC80       0xFFFFFF80      0x00200000         (0, 1, 5)      [15] []
    344     0x00011B00       0xFFFFFF80      0x00000200         (0, 1, 3)      [3] []
    345     0x00019300       0xFFFFFF80      0x00000220         (0, 1, 2)      [3] [S]
    346     0x00016000       0xFFFFFF80      0x00000020         (0, 1, 12)      [] [S]
    347     0x00017280       0xFFFFFF80      0x0001FF8C         (0, 1, 14)      [1, 2, 3, 4, 5, 6, 7, 8, 9, 10] [N, W]
    348     0x00007580       0xFFFFFF80      0x00200000         (0, 0, 14)      [15] []
    349     0x0001E200       0xFFFFFF80      0x00000010         (0, 1, 12)      [] [SW]
    350     0x00010D00       0xFFFFFF80      0x00000430         (0, 1, 1)      [4] [SW, S]
    351     0x00014600       0xFFFFFF80      0x00000120         (0, 1, 8)      [2] [S]
    352     0x00010E00       0xFFFFFF80      0x00000030         (0, 1, 1)      [] [SW, S]
    353     0x00015D80       0xFFFFFF80      0x00000020         (0, 1, 11)      [] [S]
    354     0x0000E980       0xFFFFFF80      0x00200000         (0, 0, 13)      [15] []
    355     0x00011580       0xFFFFFF80      0x00400000         (0, 1, 2)      [16] []
    356     0x00011480       0xFFFFFF80      0x00100030         (0, 1, 2)      [14] [SW, S]
    357     0x0000AD00       0xFFFFFF80      0x00010000         (0, 0, 5)      [10] []
    358     0x00018300       0xFFFFFF80      0x00FF8020         (0, 1, 0)      [9, 10, 11, 12, 13, 14, 15, 16, 17] [S]
    359     0x00015E00       0xFFFFFF80      0x00000020         (0, 1, 11)      [] [S]
    360     0x0001D000       0xFFFFFF80      0x00004000         (0, 1, 10)      [8] []
    361     0x00005880       0xFFFFFF80      0x00200000         (0, 0, 11)      [15] []
    362     0x00012900       0xFFFFFF80      0x00000100         (0, 1, 5)      [2] []
    363     0x0001D100       0xFFFFFF80      0x00000008         (0, 1, 10)      [] [W]
    364     0x00010400       0xFFFFFF80      0x00010020         (0, 1, 0)      [10] [S]
    365     0x00015600       0xFFFFFF80      0x00001020         (0, 1, 10)      [6] [S]
    366     0x00022180       0xFFFFFF80      0x00FF8000         (0, 2, 4)      [9, 10, 11, 12, 13, 14, 15, 16, 17] []
    367     0x00015080       0xFFFFFF80      0x00000020         (0, 1, 10)      [] [S]
    368     0x00054700       0xFFFFFF00      0x00040000         (0, 5, 8)      [12] []
    369     0x00006700       0xFFFFFF80      0x00200000         (0, 0, 12)      [15] []
    370     0x00001B80       0xFFFFFF80      0x00008000         (0, 0, 3)      [9] []
    371     0x00053C00       0xFFFFFF00      0x00000080         (0, 5, 7)      [1] []
    372     0x0001AB00       0xFFFFFF80      0x00004000         (0, 1, 5)      [8] []
    373     0x0001D180       0xFFFFFF80      0x00000008         (0, 1, 10)      [] [W]
    374     0x00024480       0xFFFFFF80      0x00000802         (0, 2, 8)      [5] [NE]
    375     0x00053F00       0xFFFFFF00      0x00000400         (0, 5, 7)      [4] []
    376     0x00015280       0xFFFFFF80      0x00000020         (0, 1, 10)      [] [S]
    377     0x00006580       0xFFFFFF80      0x00040000         (0, 0, 12)      [12] []
    378     0x0000E680       0xFFFFFF80      0x00008000         (0, 0, 12)      [9] []
    379     0x0001B500       0xFFFFFF80      0x00004000         (0, 1, 6)      [8] []
    380     0x00017880       0xFFFFFF80      0x00007F8C         (0, 1, 15)      [1, 2, 3, 4, 5, 6, 7, 8] [N, W]
    381     0x0001B700       0xFFFFFF80      0x00800000         (0, 1, 6)      [17] []
    382     0x00011A00       0xFFFFFF80      0x00000080         (0, 1, 3)      [1] []
    383     0x00006500       0xFFFFFF80      0x00020000         (0, 0, 12)      [11] []
    384     0x00013A00       0xFFFFFF80      0x00002020         (0, 1, 7)      [7] [S]
    385     0x0004AA00       0xFFFFFF00      0x00000008         (0, 4, 5)      [] [W]
    386     0x00020D80       0xFFFFFF80      0x00000800         (0, 2, 1)      [5] []
    387     0x00016780       0xFFFFFF80      0x00040030         (0, 1, 12)      [12] [SW, S]
    388     0x00017B00       0xFFFFFF80      0x00007FBD         (0, 1, 15)      [1, 2, 3, 4, 5, 6, 7, 8] [E, N, W, SW, S]
    389     0x00009000       0xFFFFFF80      0x00010000         (0, 0, 2)      [10] []
    390     0x00017480       0xFFFFFF80      0x00187F8C         (0, 1, 14)      [1, 2, 3, 4, 5, 6, 7, 8, 13, 14] [N, W]
    391     0x00017C00       0xFFFFFF80      0x00007FBD         (0, 1, 15)      [1, 2, 3, 4, 5, 6, 7, 8] [E, N, W, SW, S]
    392     0x00014780       0xFFFFFF80      0x00000820         (0, 1, 8)      [5] [S]
    393     0x0001B400       0xFFFFFF80      0x00001000         (0, 1, 6)      [6] []
    394     0x00004A80       0xFFFFFF80      0x00400000         (0, 0, 9)      [16] []
    395     0x00001D80       0xFFFFFF80      0x00080000         (0, 0, 3)      [13] []
    396     0x00024080       0xFFFFFF80      0x00000002         (0, 2, 8)      [] [NE]
    397     0x00019480       0xFFFFFF80      0x00001000         (0, 1, 2)      [6] []
    398     0x00015F00       0xFFFFFF80      0x00000020         (0, 1, 11)      [] [S]
    399     0x00021300       0xFFFFFF80      0x00002000         (0, 2, 2)      [7] []
    400     0x00020100       0xFFFFFF80      0x00001000         (0, 2, 0)      [6] []
    401     0x00054600       0xFFFFFF00      0x00020000         (0, 5, 8)      [11] []
    402     0x00012F80       0xFFFFFF80      0x00010020         (0, 1, 5)      [10] [S]
    403     0x00016700       0xFFFFFF80      0x00020030         (0, 1, 12)      [11] [SW, S]
    404     0x0004A600       0xFFFFFF00      0x00000008         (0, 4, 4)      [] [W]
    405     0x00024500       0xFFFFFF80      0x00001002         (0, 2, 8)      [6] [NE]
    406     0x00019200       0xFFFFFF80      0x000000A0         (0, 1, 2)      [1] [S]
    407     0x0001F700       0xFFFFFF80      0x00000810         (0, 1, 14)      [5] [SW]
    408     0x00017680       0xFFFFFF80      0x00807F8C         (0, 1, 14)      [1, 2, 3, 4, 5, 6, 7, 8, 17] [N, W]
    409     0x00019E80       0xFFFFFF80      0x00000410         (0, 1, 3)      [4] [SW]
    410     0x00023F00       0xFFFFFF80      0x00000002         (0, 2, 7)      [] [NE]
    411     0x00020A00       0xFFFFFF80      0x00000208         (0, 2, 1)      [3] [W]
    412     0x00014200       0xFFFFFF80      0x00000020         (0, 1, 8)      [] [S]
    413     0x0001C780       0xFFFFFF80      0x00004000         (0, 1, 8)      [8] []
    414     0x0001A900       0xFFFFFF80      0x00000400         (0, 1, 5)      [4] []
    415     0x0001F600       0xFFFFFF80      0x00000210         (0, 1, 14)      [3] [SW]
    416     0x0001AB80       0xFFFFFF80      0x00080000         (0, 1, 5)      [13] []
    417     0x0001E500       0xFFFFFF80      0x00000810         (0, 1, 12)      [5] [SW]
    418     0x00014400       0xFFFFFF80      0x00000020         (0, 1, 8)      [] [S]
    419     0x00009180       0xFFFFFF80      0x00080000         (0, 0, 2)      [13] []
    420     0x0001A380       0xFFFFFF80      0x00800000         (0, 1, 4)      [17] []
    421     0x00018F80       0xFFFFFF80      0x00000020         (0, 1, 1)      [] [S]
    422     0x0004A700       0xFFFFFF00      0x00000008         (0, 4, 4)      [] [W]
    423     0x00010480       0xFFFFFF80      0x00020020         (0, 1, 0)      [11] [S]
    424     0x00014D00       0xFFFFFF80      0x00040020         (0, 1, 9)      [12] [S]
    425     0x00012A80       0xFFFFFF80      0x00000800         (0, 1, 5)      [5] []
    426     0x0001CF00       0xFFFFFF80      0x00001000         (0, 1, 9)      [6] []
    427     0x00008380       0xFFFFFF80      0x00100000         (0, 0, 0)      [14] []
    428     0x00008500       0xFFFFFF80      0x00800000         (0, 0, 0)      [17] []
    429     0x0000A200       0xFFFFFF80      0x00800000         (0, 0, 4)      [17] []
    430     0x0001F000       0xFFFFFF80      0x00000110         (0, 1, 14)      [2] [SW]
    431     0x0001F480       0xFFFFFF80      0x00000010         (0, 1, 14)      [] [SW]
    432     0x00011080       0xFFFFFF80      0x00000030         (0, 1, 2)      [] [SW, S]
    433     0x0000E000       0xFFFFFF80      0x00000080         (0, 0, 12)      [1] []
    434     0x0000E700       0xFFFFFF80      0x00010000         (0, 0, 12)      [10] []
    435     0x0001E400       0xFFFFFF80      0x00000210         (0, 1, 12)      [3] [SW]
    436     0x00015B80       0xFFFFFF80      0x00100020         (0, 1, 11)      [14] [S]
    437     0x0004AC00       0xFFFFFF00      0x00000008         (0, 4, 5)      [] [W]
    438     0x00012400       0xFFFFFF80      0x00400000         (0, 1, 4)      [16] []
    439     0x00020780       0xFFFFFF80      0x00000400         (0, 2, 0)      [4] []
    440     0x00008180       0xFFFFFF80      0x00010000         (0, 0, 0)      [10] []
    441     0x00019600       0xFFFFFF80      0x00020000         (0, 1, 2)      [11] []
    442     0x00019400       0xFFFFFF80      0x00000800         (0, 1, 2)      [5] []
    443     0x0001CE80       0xFFFFFF80      0x00000800         (0, 1, 9)      [5] []
    444     0x00014280       0xFFFFFF80      0x00000020         (0, 1, 8)      [] [S]
    445     0x0000C980       0xFFFFFF80      0x00008000         (0, 0, 9)      [9] []
    446     0x00007400       0xFFFFFF80      0x00040000         (0, 0, 14)      [12] []
    447     0x00018000       0xFFFFFF80      0x00FF803C         (0, 1, 0)      [9, 10, 11, 12, 13, 14, 15, 16, 17] [N, W, SW, S]
    448     0x00016400       0xFFFFFF80      0x00002030         (0, 1, 12)      [7] [SW, S]
    449     0x00018980       0xFFFFFF80      0x00FFB020         (0, 1, 1)      [6, 7, 9, 10, 11, 12, 13, 14, 15, 16, 17] [S]
    450     0x0001F500       0xFFFFFF80      0x00000090         (0, 1, 14)      [1] [SW]
    451     0x00020D00       0xFFFFFF80      0x00000400         (0, 2, 1)      [4] []
    452     0x00015380       0xFFFFFF80      0x000000A0         (0, 1, 10)      [1] [S]
    453     0x00015180       0xFFFFFF80      0x00000020         (0, 1, 10)      [] [S]
    454     0x00017580       0xFFFFFF80      0x00607F8C         (0, 1, 14)      [1, 2, 3, 4, 5, 6, 7, 8, 15, 16] [N, W]
    455     0x00019880       0xFFFFFF80      0x00400000         (0, 1, 3)      [16] []
    456     0x00010C00       0xFFFFFF80      0x00000100         (0, 1, 1)      [2] []
    457     0x0004A800       0xFFFFFF00      0x00000008         (0, 4, 5)      [] [W]
    458     0x00054000       0xFFFFFF00      0x00000800         (0, 5, 8)      [5] []
    459     0x00017100       0xFFFFFF80      0x00006004         (0, 1, 14)      [8, 7] [N]
    460     0x00015580       0xFFFFFF80      0x00000820         (0, 1, 10)      [5] [S]
    461     0x00020400       0xFFFFFF80      0x00000400         (0, 2, 0)      [4] []
    462     0x00010700       0xFFFFFF80      0x00400020         (0, 1, 0)      [16] [S]
    463     0x0001C380       0xFFFFFF80      0x00000010         (0, 1, 8)      [] [SW]
    464     0x0000FC80       0xFFFFFF80      0x00000020         (0, 0, 15)      [] [S]
    465     0x00018D80       0xFFFFFF80      0x00600020         (0, 1, 1)      [16, 15] [S]
    466     0x00014300       0xFFFFFF80      0x00000020         (0, 1, 8)      [] [S]
    467     0x00018880       0xFFFFFF80      0x00FF8C20         (0, 1, 1)      [4, 5, 9, 10, 11, 12, 13, 14, 15, 16, 17] [S]
    468     0x0000DB00       0xFFFFFF80      0x00200000         (0, 0, 11)      [15] []
    469     0x00023900       0xFFFFFF80      0x00000010         (0, 2, 7)      [] [SW]
    470     0x0001F100       0xFFFFFF80      0x00000410         (0, 1, 14)      [4] [SW]
    471     0x00018400       0xFFFFFF80      0x00FF8020         (0, 1, 0)      [9, 10, 11, 12, 13, 14, 15, 16, 17] [S]
    472     0x00000E80       0xFFFFFF80      0x00040000         (0, 0, 1)      [12] []
    473     0x00023780       0xFFFFFF80      0x00000010         (0, 2, 6)      [] [SW]
    474     0x00013A80       0xFFFFFF80      0x00004020         (0, 1, 7)      [8] [S]
    475     0x00023700       0xFFFFFF80      0x00000010         (0, 2, 6)      [] [SW]
    476     0x00009280       0xFFFFFF80      0x00200000         (0, 0, 2)      [15] []
    477     0x00013580       0xFFFFFF80      0x00000020         (0, 1, 6)      [] [S]
    478     0x0000FE80       0xFFFFFF80      0x00000420         (0, 0, 15)      [4] [S]
    479     0x0000B080       0xFFFFFF80      0x00800000         (0, 0, 6)      [17] []
    480     0x0000A100       0xFFFFFF80      0x00200000         (0, 0, 4)      [15] []
    481     0x0001E880       0xFFFFFF80      0x00000010         (0, 1, 13)      [] [SW]
    482     0x0001C400       0xFFFFFF80      0x00000090         (0, 1, 8)      [1] [SW]
    483     0x0001BF00       0xFFFFFF80      0x00200010         (0, 1, 7)      [15] [SW]
    484     0x0001FE80       0xFFFFFF80      0x00000080         (0, 1, 15)      [1] []
    485     0x00003A00       0xFFFFFF80      0x00040000         (0, 0, 7)      [12] []
    486     0x00015A00       0xFFFFFF80      0x00020020         (0, 1, 11)      [11] [S]
    487     0x0001F780       0xFFFFFF80      0x00001010         (0, 1, 14)      [6] [SW]
    488     0x0001BA80       0xFFFFFF80      0x00000010         (0, 1, 7)      [] [SW]
    489     0x0001A280       0xFFFFFF80      0x00200000         (0, 1, 4)      [15] []
    490     0x0000AF00       0xFFFFFF80      0x00100000         (0, 0, 5)      [14] []
    491     0x00015A80       0xFFFFFF80      0x00040020         (0, 1, 11)      [12] [S]
    492     0x00008200       0xFFFFFF80      0x00020000         (0, 0, 0)      [11] []
    493     0x0000ED80       0xFFFFFF80      0x00000020         (0, 0, 13)      [] [S]
    494     0x00014100       0xFFFFFF80      0x00400020         (0, 1, 8)      [16] [S]
    495     0x0001BC80       0xFFFFFF80      0x00000410         (0, 1, 7)      [4] [SW]
    496     0x00020200       0xFFFFFF80      0x00004000         (0, 2, 0)      [8] []
    497     0x00023C00       0xFFFFFF80      0x00040010         (0, 2, 7)      [12] [SW]
    498     0x00015680       0xFFFFFF80      0x00002020         (0, 1, 10)      [7] [S]
    499     0x00015980       0xFFFFFF80      0x00010020         (0, 1, 11)      [10] [S]
    500     0x00009F80       0xFFFFFF80      0x00040000         (0, 0, 3)      [12] []
    501     0x0001EE80       0xFFFFFF80      0x00000010         (0, 1, 13)      [] [SW]
    502     0x0000FE00       0xFFFFFF80      0x00000220         (0, 0, 15)      [3] [S]
    503     0x0000AD80       0xFFFFFF80      0x00020000         (0, 0, 5)      [11] []
    504     0x00023E80       0xFFFFFF80      0x00800002         (0, 2, 7)      [17] [NE]
    505     0x00020480       0xFFFFFF80      0x00000800         (0, 2, 0)      [5] []
    506     0x00014C80       0xFFFFFF80      0x00020020         (0, 1, 9)      [11] [S]
    507     0x00011180       0xFFFFFF80      0x00000030         (0, 1, 2)      [] [SW, S]
    508     0x0000E880       0xFFFFFF80      0x00080000         (0, 0, 13)      [13] []
    509     0x0001AC00       0xFFFFFF80      0x00100000         (0, 1, 5)      [14] []
    510     0x00010600       0xFFFFFF80      0x00100020         (0, 1, 0)      [14] [S]
    511     0x00023A80       0xFFFFFF80      0x00008010         (0, 2, 7)      [9] [SW]
    512     0x0001F680       0xFFFFFF80      0x00000410         (0, 1, 14)      [4] [SW]
    513     0x00005780       0xFFFFFF80      0x00080000         (0, 0, 10)      [13] []
    514     0x00054300       0xFFFFFF00      0x00004000         (0, 5, 8)      [8] []
    515     0x00004780       0xFFFFFF80      0x00010000         (0, 0, 8)      [10] []
    516     0x00024000       0xFFFFFF80      0x00000002         (0, 2, 8)      [] [NE]
    517     0x00007300       0xFFFFFF80      0x00010000         (0, 0, 14)      [10] []
    518     0x0000DA00       0xFFFFFF80      0x00080000         (0, 0, 11)      [13] []
    519     0x0000EC80       0xFFFFFF80      0x00000020         (0, 0, 13)      [] [S]
    520     0x0000F880       0xFFFFFF80      0x00400020         (0, 0, 15)      [16] [S]
    521     0x00008300       0xFFFFFF80      0x00080000         (0, 0, 0)      [13] []
    522     0x00009E00       0xFFFFFF80      0x00008000         (0, 0, 3)      [9] []
    523     0x0000FA00       0xFFFFFF80      0x00000020         (0, 0, 15)      [] [S]
    524     0x00016980       0xFFFFFF80      0x0040000C         (0, 1, 13)      [16] [N, W]
    525     0x0001F300       0xFFFFFF80      0x00004000         (0, 1, 14)      [8] []
    526     0x0001C000       0xFFFFFF80      0x00800010         (0, 1, 8)      [17] [SW]
    527     0x0001FB80       0xFFFFFF80      0x00000400         (0, 1, 15)      [4] []
    528     0x0001DE80       0xFFFFFF80      0x00001000         (0, 1, 11)      [6] []
    529     0x0001E800       0xFFFFFF80      0x00000010         (0, 1, 13)      [] [SW]
    530     0x00023E00       0xFFFFFF80      0x00400002         (0, 2, 7)      [16] [NE]
    531     0x00006600       0xFFFFFF80      0x00080000         (0, 0, 12)      [13] []
    532     0x0000BF00       0xFFFFFF80      0x00800000         (0, 0, 7)      [17] []
    533     0x0000BD00       0xFFFFFF80      0x00080000         (0, 0, 7)      [13] []
    534     0x00009380       0xFFFFFF80      0x00800000         (0, 0, 2)      [17] []
    535     0x00018E80       0xFFFFFF80      0x00800020         (0, 1, 1)      [17] [S]
    536     0x00020A80       0xFFFFFF80      0x00000400         (0, 2, 1)      [4] []
    537     0x0001ED80       0xFFFFFF80      0x00000010         (0, 1, 13)      [] [SW]
    538     0x00010300       0xFFFFFF80      0x00000020         (0, 1, 0)      [] [S]
    539     0x0001B180       0xFFFFFF80      0x00000080         (0, 1, 6)      [1] []
    540     0x00010E80       0xFFFFFF80      0x00000030         (0, 1, 1)      [] [SW, S]
    541     0x0001B900       0xFFFFFF80      0x00000010         (0, 1, 7)      [] [SW]
    542     0x00008480       0xFFFFFF80      0x00400000         (0, 0, 0)      [16] []
    543     0x0001E380       0xFFFFFF80      0x00000110         (0, 1, 12)      [2] [SW]
    544     0x0001FE00       0xFFFFFF80      0x00000008         (0, 1, 15)      [] [W]
    545     0x00006680       0xFFFFFF80      0x00100000         (0, 0, 12)      [14] []
    546     0x0000BB80       0xFFFFFF80      0x00010000         (0, 0, 7)      [10] []
    547     0x0001EB00       0xFFFFFF80      0x00000410         (0, 1, 13)      [4] [SW]
    548     0x00011280       0xFFFFFF80      0x00010030         (0, 1, 2)      [10] [SW, S]
    549     0x00017380       0xFFFFFF80      0x00067F8C         (0, 1, 14)      [1, 2, 3, 4, 5, 6, 7, 8, 11, 12] [N, W]
    550     0x00013E80       0xFFFFFF80      0x00020020         (0, 1, 7)      [11] [S]
    551     0x00019100       0xFFFFFF80      0x00000020         (0, 1, 2)      [] [S]
    552     0x00020280       0xFFFFFF80      0x00000080         (0, 2, 0)      [1] []
    553     0x0001F900       0xFFFFFF80      0x00000008         (0, 1, 15)      [] [W]
    554     0x00002B80       0xFFFFFF80      0x00040000         (0, 0, 5)      [12] []
    555     0x00014D80       0xFFFFFF80      0x00080020         (0, 1, 9)      [13] [S]
    556     0x00009080       0xFFFFFF80      0x00020000         (0, 0, 2)      [11] []
    557     0x00017F80       0xFFFFFF80      0x00FF803C         (0, 1, 15)      [9, 10, 11, 12, 13, 14, 15, 16, 17] [N, W, SW, S]
    558     0x00003980       0xFFFFFF80      0x00020000         (0, 0, 7)      [11] []
    559     0x00013200       0xFFFFFF80      0x00200020         (0, 1, 6)      [15] [S]
    560     0x00004880       0xFFFFFF80      0x00040000         (0, 0, 9)      [12] []
    561     0x0001D200       0xFFFFFF80      0x00000008         (0, 1, 10)      [] [W]
    562     0x0001E280       0xFFFFFF80      0x00000010         (0, 1, 12)      [] [SW]
    563     0x0000F780       0xFFFFFF80      0x00100020         (0, 0, 14)      [14] [S]
    564     0x00016600       0xFFFFFF80      0x00008030         (0, 1, 12)      [9] [SW, S]
    565     0x00054900       0xFFFFFF00      0x00100000         (0, 5, 9)      [14] []
    566     0x00007280       0xFFFFFF80      0x00008000         (0, 0, 14)      [9] []
    567     0x00020380       0xFFFFFF80      0x00000200         (0, 2, 0)      [3] []
    568     0x00016A80       0xFFFFFF80      0x0000000C         (0, 1, 13)      [] [N, W]
    569     0x00022100       0xFFFFFF80      0x00007F80         (0, 2, 4)      [1, 2, 3, 4, 5, 6, 7, 8] []
    570     0x0001F080       0xFFFFFF80      0x00000210         (0, 1, 14)      [3] [SW]
    571     0x00018580       0xFFFFFF80      0x00FF8020         (0, 1, 0)      [9, 10, 11, 12, 13, 14, 15, 16, 17] [S]
    572     0x00015000       0xFFFFFF80      0x00000020         (0, 1, 10)      [] [S]
    573     0x00020080       0xFFFFFF80      0x00000800         (0, 2, 0)      [5] []
    574     0x00013780       0xFFFFFF80      0x00000120         (0, 1, 6)      [2] [S]
    575     0x00013D00       0xFFFFFF80      0x00000020         (0, 1, 7)      [] [S]
    576     0x0001D380       0xFFFFFF80      0x00000008         (0, 1, 10)      [] [W]
    577     0x00005680       0xFFFFFF80      0x00020000         (0, 0, 10)      [11] []
    578     0x00021400       0xFFFFFF80      0x00004000         (0, 2, 2)      [8] []
    579     0x0000CD80       0xFFFFFF80      0x00800000         (0, 0, 9)      [17] []
    580     0x00020500       0xFFFFFF80      0x00001000         (0, 2, 0)      [6] []
    581     0x0001A780       0xFFFFFF80      0x00000080         (0, 1, 4)      [1] []
    582     0x00017180       0xFFFFFF80      0x00004004         (0, 1, 14)      [8] [N]
    583     0x00014C00       0xFFFFFF80      0x00010020         (0, 1, 9)      [10] [S]
    584     0x00018680       0xFFFFFF80      0x00FF80A0         (0, 1, 0)      [1, 9, 10, 11, 12, 13, 14, 15, 16, 17] [S]
    585     0x0001ED00       0xFFFFFF80      0x00004000         (0, 1, 13)      [8] []
    586     0x00018D00       0xFFFFFF80      0x00300020         (0, 1, 1)      [14, 15] [S]
    587     0x0000EE80       0xFFFFFF80      0x000000A0         (0, 0, 13)      [1] [S]
    588     0x0001F180       0xFFFFFF80      0x00000810         (0, 1, 14)      [5] [SW]
    589     0x0001A300       0xFFFFFF80      0x00400000         (0, 1, 4)      [16] []
    590     0x00012B80       0xFFFFFF80      0x00002000         (0, 1, 5)      [7] []
    591     0x0001D580       0xFFFFFF80      0x00000200         (0, 1, 10)      [3] []
    592     0x0001EA00       0xFFFFFF80      0x00000110         (0, 1, 13)      [2] [SW]
    593     0x00054400       0xFFFFFF00      0x00008000         (0, 5, 8)      [9] []
    594     0x00016080       0xFFFFFF80      0x00000020         (0, 1, 12)      [] [S]
    595     0x00024300       0xFFFFFF80      0x00000102         (0, 2, 8)      [2] [NE]
    596     0x00013680       0xFFFFFF80      0x00000020         (0, 1, 6)      [] [S]
    597     0x0001AA00       0xFFFFFF80      0x00001000         (0, 1, 5)      [6] []
    598     0x0000CC00       0xFFFFFF80      0x00100000         (0, 0, 9)      [14] []
    599     0x00007600       0xFFFFFF80      0x00400000         (0, 0, 14)      [16] []
    600     0x00023580       0xFFFFFF80      0x00000010         (0, 2, 6)      [] [SW]
    601     0x00018B00       0xFFFFFF80      0x00030020         (0, 1, 1)      [10, 11] [S]
    602     0x0001DD00       0xFFFFFF80      0x00000200         (0, 1, 11)      [3] []
    603     0x00017A80       0xFFFFFF80      0x00007FBD         (0, 1, 15)      [1, 2, 3, 4, 5, 6, 7, 8] [E, N, W, SW, S]
    604     0x0000BE80       0xFFFFFF80      0x00400000         (0, 0, 7)      [16] []
    605     0x00012380       0xFFFFFF80      0x00200000         (0, 1, 4)      [15] []
    606     0x00016500       0xFFFFFF80      0x00000030         (0, 1, 12)      [] [SW, S]
    607     0x0000FD80       0xFFFFFF80      0x00000120         (0, 0, 15)      [2] [S]
    608     0x00018280       0xFFFFFF80      0x00FF803D         (0, 1, 0)      [9, 10, 11, 12, 13, 14, 15, 16, 17] [E, N, W, SW, S]
    609     0x00018780       0xFFFFFF80      0x00FF8320         (0, 1, 0)      [2, 3, 9, 10, 11, 12, 13, 14, 15, 16, 17] [S]
    610     0x0000F480       0xFFFFFF80      0x00000020         (0, 0, 14)      [] [S]
    611     0x00014E00       0xFFFFFF80      0x00100020         (0, 1, 9)      [14] [S]
    612     0x0001C880       0xFFFFFF80      0x00800000         (0, 1, 9)      [17] []
    613     0x00011300       0xFFFFFF80      0x00020030         (0, 1, 2)      [11] [SW, S]
    614     0x00008100       0xFFFFFF80      0x00008000         (0, 0, 0)      [9] []
    615     0x00023380       0xFFFFFF80      0x00000010         (0, 2, 6)      [] [SW]
    616     0x00010380       0xFFFFFF80      0x00008020         (0, 1, 0)      [9] [S]
    617     0x00006780       0xFFFFFF80      0x00400000         (0, 0, 12)      [16] []
    618     0x00020F00       0xFFFFFF80      0x00004000         (0, 2, 1)      [8] []
    619     0x00020C80       0xFFFFFF80      0x00004000         (0, 2, 1)      [8] []
    620     0x00020680       0xFFFFFF80      0x00000100         (0, 2, 0)      [2] []
    621     0x00000D80       0xFFFFFF80      0x00010000         (0, 0, 1)      [10] []
    622     0x00019680       0xFFFFFF80      0x00040000         (0, 1, 2)      [12] []
    623     0x00010780       0xFFFFFF80      0x00800020         (0, 1, 0)      [17] [S]
    624     0x0001D680       0xFFFFFF80      0x00000800         (0, 1, 10)      [5] []
    625     0x00019F00       0xFFFFFF80      0x00000810         (0, 1, 3)      [5] [SW]
    626     0x0001C500       0xFFFFFF80      0x00000210         (0, 1, 8)      [3] [SW]
    627     0x00020B80       0xFFFFFF80      0x00001000         (0, 2, 1)      [6] []
    628     0x00013880       0xFFFFFF80      0x00000420         (0, 1, 7)      [4] [S]
    629     0x00004980       0xFFFFFF80      0x00100000         (0, 0, 9)      [14] []
    630     0x0000CB00       0xFFFFFF80      0x00040000         (0, 0, 9)      [12] []
    631     0x0001F580       0xFFFFFF80      0x00000110         (0, 1, 14)      [2] [SW]
    632     0x00054200       0xFFFFFF00      0x00002000         (0, 5, 8)      [7] []
    633     0x00053D00       0xFFFFFF00      0x00000100         (0, 5, 7)      [2] []
    634     0x00014F00       0xFFFFFF80      0x00400020         (0, 1, 9)      [16] [S]
    635     0x00013000       0xFFFFFF80      0x00020020         (0, 1, 6)      [11] [S]
    636     0x00005600       0xFFFFFF80      0x00010000         (0, 0, 10)      [10] []
    637     0x00003B00       0xFFFFFF80      0x00100000         (0, 0, 7)      [14] []
    638     0x00017800       0xFFFFFF80      0x00007F8C         (0, 1, 15)      [1, 2, 3, 4, 5, 6, 7, 8] [N, W]
    639     0x0000EB00       0xFFFFFF80      0x00000020         (0, 0, 13)      [] [S]
    640     0x0001CD00       0xFFFFFF80      0x00000100         (0, 1, 9)      [2] []
    641     0x00024580       0xFFFFFF80      0x00002002         (0, 2, 8)      [7] [NE]
    642     0x0001EC80       0xFFFFFF80      0x00002010         (0, 1, 13)      [7] [SW]
    643     0x00015880       0xFFFFFF80      0x00000020         (0, 1, 11)      [] [S]
    644     0x00013400       0xFFFFFF80      0x00000020         (0, 1, 6)      [] [S]
    645     0x0001E300       0xFFFFFF80      0x00000090         (0, 1, 12)      [1] [SW]
    646     0x00016E80       0xFFFFFF80      0x0000030C         (0, 1, 13)      [2, 3] [N, W]
    647     0x0000F900       0xFFFFFF80      0x00800020         (0, 0, 15)      [17] [S]
    648     0x0001FC00       0xFFFFFF80      0x00000800         (0, 1, 15)      [5] []
    649     0x00054A00       0xFFFFFF00      0x00200000         (0, 5, 9)      [15] []
    650     0x00011400       0xFFFFFF80      0x00080030         (0, 1, 2)      [13] [SW, S]
    651     0x00054800       0xFFFFFF00      0x00080000         (0, 5, 9)      [13] []
    652     0x00010880       0xFFFFFF80      0x00000020         (0, 1, 1)      [] [S]
    653     0x0001CD80       0xFFFFFF80      0x00000200         (0, 1, 9)      [3] []
    654     0x0001FA00       0xFFFFFF80      0x00000080         (0, 1, 15)      [1] []
    655     0x00017D80       0xFFFFFF80      0x00007FB5         (0, 1, 15)      [1, 2, 3, 4, 5, 6, 7, 8] [E, N, SW, S]
    656     0x00010C80       0xFFFFFF80      0x00000230         (0, 1, 1)      [3] [SW, S]
    657     0x00009F00       0xFFFFFF80      0x00020000         (0, 0, 3)      [11] []
    658     0x00023880       0xFFFFFF80      0x00000010         (0, 2, 7)      [] [SW]
    659     0x0001A200       0xFFFFFF80      0x00100000         (0, 1, 4)      [14] []
    660     0x00002A00       0xFFFFFF80      0x00008000         (0, 0, 5)      [9] []
    661     0x0001EA80       0xFFFFFF80      0x00000210         (0, 1, 13)      [3] [SW]
    662     0x00005800       0xFFFFFF80      0x00100000         (0, 0, 11)      [14] []
    663     0x0000EA80       0xFFFFFF80      0x00800000         (0, 0, 13)      [17] []
    664     0x0000D900       0xFFFFFF80      0x00020000         (0, 0, 11)      [11] []
    665     0x00021200       0xFFFFFF80      0x00002000         (0, 2, 2)      [7] []
    666     0x00016880       0xFFFFFF80      0x00100030         (0, 1, 13)      [14] [SW, S]
    667     0x00024400       0xFFFFFF80      0x00000402         (0, 2, 8)      [4] [NE]
    668     0x00020E00       0xFFFFFF80      0x00001000         (0, 2, 1)      [6] []
    669     0x0000F600       0xFFFFFF80      0x00020020         (0, 0, 14)      [11] [S]
    670     0x00012A00       0xFFFFFF80      0x00000400         (0, 1, 5)      [4] []
    671     0x00012100       0xFFFFFF80      0x00010000         (0, 1, 4)      [10] []
    672     0x00016C80       0xFFFFFF80      0x0000000C         (0, 1, 13)      [] [N, W]
    673     0x00020980       0xFFFFFF80      0x00004000         (0, 2, 1)      [8] []
    674     0x00020600       0xFFFFFF80      0x00004000         (0, 2, 0)      [8] []
    675     0x00004A00       0xFFFFFF80      0x00200000         (0, 0, 9)      [15] []
    676     0x0001FF80       0xFFFFFF80      0x00000200         (0, 1, 15)      [3] []
    677     0x00019D00       0xFFFFFF80      0x00000090         (0, 1, 3)      [1] [SW]
    678     0x0001FD00       0xFFFFFF80      0x00002000         (0, 1, 15)      [7] []
    679     0x0001F280       0xFFFFFF80      0x00002010         (0, 1, 14)      [7] [SW]
    680     0x00023680       0xFFFFFF80      0x00000010         (0, 2, 6)      [] [SW]
    681     0x0001BA00       0xFFFFFF80      0x00000010         (0, 1, 7)      [] [SW]
    682     0x0001EF00       0xFFFFFF80      0x00000010         (0, 1, 13)      [] [SW]
    683     0x0001D400       0xFFFFFF80      0x00000008         (0, 1, 10)      [] [W]
    684     0x00020E80       0xFFFFFF80      0x00002000         (0, 2, 1)      [7] []
    685     0x0000BC00       0xFFFFFF80      0x00020000         (0, 0, 7)      [11] []
    686     0x0000EB80       0xFFFFFF80      0x00000020         (0, 0, 13)      [] [S]
    687     0x00020B00       0xFFFFFF80      0x00000800         (0, 2, 1)      [5] []
    688     0x00014880       0xFFFFFF80      0x00002020         (0, 1, 9)      [7] [S]
    689     0x00024200       0xFFFFFF80      0x00000002         (0, 2, 8)      [] [NE]
    690     0x00017500       0xFFFFFF80      0x00307F8C         (0, 1, 14)      [1, 2, 3, 4, 5, 6, 7, 8, 14, 15] [N, W]
    691     0x00017400       0xFFFFFF80      0x000C7F8C         (0, 1, 14)      [1, 2, 3, 4, 5, 6, 7, 8, 12, 13] [N, W]
    692     0x00018F00       0xFFFFFF80      0x00000020         (0, 1, 1)      [] [S]
    693     0x00013280       0xFFFFFF80      0x00400020         (0, 1, 6)      [16] [S]
    694     0x00019000       0xFFFFFF80      0x00000020         (0, 1, 2)      [] [S]
    695     0x0001C100       0xFFFFFF80      0x00000010         (0, 1, 8)      [] [SW]
    696     0x00018380       0xFFFFFF80      0x00FF8020         (0, 1, 0)      [9, 10, 11, 12, 13, 14, 15, 16, 17] [S]
    697     0x00013E00       0xFFFFFF80      0x00010020         (0, 1, 7)      [10] [S]
    698     0x00013F00       0xFFFFFF80      0x00040020         (0, 1, 7)      [12] [S]
    699     0x00010D80       0xFFFFFF80      0x00000830         (0, 1, 1)      [5] [SW, S]
    700     0x0001E080       0xFFFFFF80      0x00000010         (0, 1, 12)      [] [SW]
    701     0x00013380       0xFFFFFF80      0x00000020         (0, 1, 6)      [] [S]
    702     0x00015E80       0xFFFFFF80      0x00000020         (0, 1, 11)      [] [S]
    703     0x0000F580       0xFFFFFF80      0x00010020         (0, 0, 14)      [10] [S]
    704     0x00005900       0xFFFFFF80      0x00400000         (0, 0, 11)      [16] []
    705     0x0001BC00       0xFFFFFF80      0x00000210         (0, 1, 7)      [3] [SW]
    706     0x00017000       0xFFFFFF80      0x00001804         (0, 1, 14)      [5, 6] [N]
    707     0x0001D500       0xFFFFFF80      0x00000100         (0, 1, 10)      [2] []
    708     0x0000AE00       0xFFFFFF80      0x00040000         (0, 0, 5)      [12] []
