router contains 186 entries 
 
  Index   Key(hex)    Mask(hex)    Route(hex)    Src. Core -> [Cores][Links]
------------------------------------------------------------------------------
    0     0x00020A00       0xFFFFFF80      0x00000010         (0, 2, 1)      [] [SW]
    1     0x00022200       0xFFFFFF80      0x00000010         (0, 2, 4)      [] [SW]
    2     0x00022C00       0xFFFFFF80      0x00000008         (0, 2, 5)      [] [W]
    3     0x00024000       0xFFFFFF80      0x00000030         (0, 2, 8)      [] [SW, S]
    4     0x0001DC00       0xFFFFFF80      0x00000010         (0, 1, 11)      [] [SW]
    5     0x0004E300       0xFFFFFF00      0x00000020         (0, 4, 12)      [] [S]
    6     0x00024180       0xFFFFFF80      0x00000030         (0, 2, 8)      [] [SW, S]
    7     0x0000EE80       0xFFFFFF80      0x00000002         (0, 0, 13)      [] [NE]
    8     0x00024400       0xFFFFFF80      0x00000030         (0, 2, 8)      [] [SW, S]
    9     0x0001D800       0xFFFFFF80      0x00000010         (0, 1, 11)      [] [SW]
    10     0x00015700       0xFFFFFF80      0x00000002         (0, 1, 10)      [] [NE]
    11     0x0001DB00       0xFFFFFF80      0x00000010         (0, 1, 11)      [] [SW]
    12     0x0004D600       0xFFFFFF00      0x00000020         (0, 4, 10)      [] [S]
    13     0x00018500       0xFFFFFF80      0x00000002         (0, 1, 0)      [] [NE]
    14     0x0004D800       0xFFFFFF00      0x00000020         (0, 4, 11)      [] [S]
    15     0x0001DA80       0xFFFFFF80      0x00000010         (0, 1, 11)      [] [SW]
    16     0x00019080       0xFFFFFF80      0x00000002         (0, 1, 2)      [] [NE]
    17     0x00015100       0xFFFFFF80      0x00000002         (0, 1, 10)      [] [NE]
    18     0x00024480       0xFFFFFF80      0x00000030         (0, 2, 8)      [] [SW, S]
    19     0x00022100       0xFFFFFF80      0x00000010         (0, 2, 4)      [] [SW]
    20     0x00015180       0xFFFFFF80      0x00000002         (0, 1, 10)      [] [NE]
    21     0x0000EF80       0xFFFFFF80      0x00000002         (0, 0, 13)      [] [NE]
    22     0x00019380       0xFFFFFF80      0x00000002         (0, 1, 2)      [] [NE]
    23     0x00015480       0xFFFFFF80      0x00000002         (0, 1, 10)      [] [NE]
    24     0x00014280       0xFFFFFF80      0x00000002         (0, 1, 8)      [] [NE]
    25     0x0000ED80       0xFFFFFF80      0x00000002         (0, 0, 13)      [] [NE]
    26     0x00050800       0xFFFFFF00      0x00000001         (0, 5, 1)      [] [E]
    27     0x0000CF80       0xFFFFFF80      0x00000030         (0, 0, 9)      [] [SW, S]
    28     0x0004DB00       0xFFFFFF00      0x00000020         (0, 4, 11)      [] [S]
    29     0x00023D00       0xFFFFFF80      0x00000030         (0, 2, 7)      [] [SW, S]
    30     0x00010B00       0xFFFFFF80      0x00000002         (0, 1, 1)      [] [NE]
    31     0x00018900       0xFFFFFF80      0x00000006         (0, 1, 1)      [] [NE, N]
    32     0x00018F00       0xFFFFFF80      0x00000002         (0, 1, 1)      [] [NE]
    33     0x00021400       0xFFFFFF80      0x00000010         (0, 2, 2)      [] [SW]
    34     0x00008600       0xFFFFFF80      0x00000020         (0, 0, 0)      [] [S]
    35     0x00023A80       0xFFFFFF80      0x00000008         (0, 2, 7)      [] [W]
    36     0x00018B80       0xFFFFFF80      0x00000002         (0, 1, 1)      [] [NE]
    37     0x00018C00       0xFFFFFF80      0x00000002         (0, 1, 1)      [] [NE]
    38     0x0001DA00       0xFFFFFF80      0x00000010         (0, 1, 11)      [] [SW]
    39     0x0000EC00       0xFFFFFF80      0x00000002         (0, 0, 13)      [] [NE]
    40     0x0004D700       0xFFFFFF00      0x00000020         (0, 4, 10)      [] [S]
    41     0x0004DE00       0xFFFFFF00      0x00000020         (0, 4, 11)      [] [S]
    42     0x00018D00       0xFFFFFF80      0x00000002         (0, 1, 1)      [] [NE]
    43     0x0001DB80       0xFFFFFF80      0x00000010         (0, 1, 11)      [] [SW]
    44     0x0001D080       0xFFFFFF80      0x00000010         (0, 1, 10)      [] [SW]
    45     0x00014500       0xFFFFFF80      0x00000002         (0, 1, 8)      [] [NE]
    46     0x00022180       0xFFFFFF80      0x00000010         (0, 2, 4)      [] [SW]
    47     0x00019000       0xFFFFFF80      0x00000002         (0, 1, 2)      [] [NE]
    48     0x00020A80       0xFFFFFF80      0x00000010         (0, 2, 1)      [] [SW]
    49     0x00018300       0xFFFFFF80      0x00000002         (0, 1, 0)      [] [NE]
    50     0x00018480       0xFFFFFF80      0x00000002         (0, 1, 0)      [] [NE]
    51     0x00014880       0xFFFFFF80      0x00000002         (0, 1, 9)      [] [NE]
    52     0x00018780       0xFFFFFF80      0x00000006         (0, 1, 0)      [] [NE, N]
    53     0x00014600       0xFFFFFF80      0x00000002         (0, 1, 8)      [] [NE]
    54     0x00024500       0xFFFFFF80      0x00000030         (0, 2, 8)      [] [SW, S]
    55     0x00023980       0xFFFFFF80      0x00000008         (0, 2, 7)      [] [W]
    56     0x00022D00       0xFFFFFF80      0x00000008         (0, 2, 5)      [] [W]
    57     0x0000EC80       0xFFFFFF80      0x00000002         (0, 0, 13)      [] [NE]
    58     0x0000D100       0xFFFFFF80      0x00000030         (0, 0, 10)      [] [SW, S]
    59     0x00018880       0xFFFFFF80      0x00000006         (0, 1, 1)      [] [NE, N]
    60     0x0004D400       0xFFFFFF00      0x00000020         (0, 4, 10)      [] [S]
    61     0x00020D00       0xFFFFFF80      0x00000010         (0, 2, 1)      [] [SW]
    62     0x0000CC00       0xFFFFFF80      0x00000010         (0, 0, 9)      [] [SW]
    63     0x00018700       0xFFFFFF80      0x00000002         (0, 1, 0)      [] [NE]
    64     0x00015600       0xFFFFFF80      0x00000002         (0, 1, 10)      [] [NE]
    65     0x0001D380       0xFFFFFF80      0x00000010         (0, 1, 10)      [] [SW]
    66     0x0004E000       0xFFFFFF00      0x00000020         (0, 4, 12)      [] [S]
    67     0x0000D180       0xFFFFFF80      0x00000030         (0, 0, 10)      [] [SW, S]
    68     0x00022B80       0xFFFFFF80      0x00000008         (0, 2, 5)      [] [W]
    69     0x00015300       0xFFFFFF80      0x00000002         (0, 1, 10)      [] [NE]
    70     0x0001D180       0xFFFFFF80      0x00000010         (0, 1, 10)      [] [SW]
    71     0x0001D900       0xFFFFFF80      0x00000010         (0, 1, 11)      [] [SW]
    72     0x0000CD80       0xFFFFFF80      0x00000010         (0, 0, 9)      [] [SW]
    73     0x00018E80       0xFFFFFF80      0x00000002         (0, 1, 1)      [] [NE]
    74     0x00018C80       0xFFFFFF80      0x00000002         (0, 1, 1)      [] [NE]
    75     0x00022080       0xFFFFFF80      0x00000018         (0, 2, 4)      [] [W, SW]
    76     0x00014380       0xFFFFFF80      0x00000002         (0, 1, 8)      [] [NE]
    77     0x00018580       0xFFFFFF80      0x00000002         (0, 1, 0)      [] [NE]
    78     0x0004D900       0xFFFFFF00      0x00000020         (0, 4, 11)      [] [S]
    79     0x00022000       0xFFFFFF80      0x00000018         (0, 2, 4)      [] [W, SW]
    80     0x0001D200       0xFFFFFF80      0x00000010         (0, 1, 10)      [] [SW]
    81     0x00019180       0xFFFFFF80      0x00000002         (0, 1, 2)      [] [NE]
    82     0x00024600       0xFFFFFF80      0x00000020         (0, 2, 8)      [] [S]
    83     0x00018980       0xFFFFFF80      0x00000006         (0, 1, 1)      [] [NE, N]
    84     0x0001DD00       0xFFFFFF80      0x00000010         (0, 1, 11)      [] [SW]
    85     0x00018E00       0xFFFFFF80      0x00000002         (0, 1, 1)      [] [NE]
    86     0x0004E100       0xFFFFFF00      0x00000020         (0, 4, 12)      [] [S]
    87     0x00015280       0xFFFFFF80      0x00000002         (0, 1, 10)      [] [NE]
    88     0x0004DA00       0xFFFFFF00      0x00000020         (0, 4, 11)      [] [S]
    89     0x0004D500       0xFFFFFF00      0x00000020         (0, 4, 10)      [] [S]
    90     0x0004E200       0xFFFFFF00      0x00000020         (0, 4, 12)      [] [S]
    91     0x00050600       0xFFFFFF00      0x00000001         (0, 5, 0)      [] [E]
    92     0x00008680       0xFFFFFF80      0x00000020         (0, 0, 0)      [] [S]
    93     0x00050700       0xFFFFFF00      0x00000001         (0, 5, 0)      [] [E]
    94     0x00014580       0xFFFFFF80      0x00000002         (0, 1, 8)      [] [NE]
    95     0x00023E80       0xFFFFFF80      0x00000030         (0, 2, 7)      [] [SW, S]
    96     0x0001D100       0xFFFFFF80      0x00000010         (0, 1, 10)      [] [SW]
    97     0x0001DF80       0xFFFFFF80      0x00000010         (0, 1, 11)      [] [SW]
    98     0x00021F80       0xFFFFFF80      0x00000010         (0, 2, 3)      [] [SW]
    99     0x00014300       0xFFFFFF80      0x00000002         (0, 1, 8)      [] [NE]
    100     0x00014900       0xFFFFFF80      0x00000002         (0, 1, 9)      [] [NE]
    101     0x00018680       0xFFFFFF80      0x00000002         (0, 1, 0)      [] [NE]
    102     0x00015000       0xFFFFFF80      0x00000002         (0, 1, 10)      [] [NE]
    103     0x00022C80       0xFFFFFF80      0x00000008         (0, 2, 5)      [] [W]
    104     0x00021300       0xFFFFFF80      0x00000010         (0, 2, 2)      [] [SW]
    105     0x0001D600       0xFFFFFF80      0x00000010         (0, 1, 10)      [] [SW]
    106     0x00010B80       0xFFFFFF80      0x00000002         (0, 1, 1)      [] [NE]
    107     0x00024580       0xFFFFFF80      0x00000020         (0, 2, 8)      [] [S]
    108     0x00023F80       0xFFFFFF80      0x00000030         (0, 2, 7)      [] [SW, S]
    109     0x00023A00       0xFFFFFF80      0x00000008         (0, 2, 7)      [] [W]
    110     0x0000CB00       0xFFFFFF80      0x00000010         (0, 0, 9)      [] [SW]
    111     0x0000CA80       0xFFFFFF80      0x00000020         (0, 0, 9)      [] [S]
    112     0x0004DC00       0xFFFFFF00      0x00000020         (0, 4, 11)      [] [S]
    113     0x00015500       0xFFFFFF80      0x00000002         (0, 1, 10)      [] [NE]
    114     0x00018800       0xFFFFFF80      0x00000006         (0, 1, 1)      [] [NE, N]
    115     0x00018D80       0xFFFFFF80      0x00000002         (0, 1, 1)      [] [NE]
    116     0x0001D300       0xFFFFFF80      0x00000010         (0, 1, 10)      [] [SW]
    117     0x00014400       0xFFFFFF80      0x00000002         (0, 1, 8)      [] [NE]
    118     0x0000EE00       0xFFFFFF80      0x00000002         (0, 0, 13)      [] [NE]
    119     0x00019200       0xFFFFFF80      0x00000002         (0, 1, 2)      [] [NE]
    120     0x0001DF00       0xFFFFFF80      0x00000010         (0, 1, 11)      [] [SW]
    121     0x00018380       0xFFFFFF80      0x00000006         (0, 1, 0)      [] [NE, N]
    122     0x0001D500       0xFFFFFF80      0x00000010         (0, 1, 10)      [] [SW]
    123     0x00010A80       0xFFFFFF80      0x00000002         (0, 1, 1)      [] [NE]
    124     0x00021280       0xFFFFFF80      0x00000010         (0, 2, 2)      [] [SW]
    125     0x00021380       0xFFFFFF80      0x00000010         (0, 2, 2)      [] [SW]
    126     0x0000D000       0xFFFFFF80      0x00000030         (0, 0, 10)      [] [SW, S]
    127     0x00018F80       0xFFFFFF80      0x00000002         (0, 1, 1)      [] [NE]
    128     0x0004DF00       0xFFFFFF00      0x00000020         (0, 4, 11)      [] [S]
    129     0x00024080       0xFFFFFF80      0x00000030         (0, 2, 8)      [] [SW, S]
    130     0x00018A00       0xFFFFFF80      0x00000006         (0, 1, 1)      [] [NE, N]
    131     0x00014480       0xFFFFFF80      0x00000002         (0, 1, 8)      [] [NE]
    132     0x00014700       0xFFFFFF80      0x00000006         (0, 1, 8)      [] [NE, N]
    133     0x0000CE80       0xFFFFFF80      0x00000030         (0, 0, 9)      [] [SW, S]
    134     0x0000CC80       0xFFFFFF80      0x00000010         (0, 0, 9)      [] [SW]
    135     0x0001D480       0xFFFFFF80      0x00000010         (0, 1, 10)      [] [SW]
    136     0x0000CE00       0xFFFFFF80      0x00000030         (0, 0, 9)      [] [SW, S]
    137     0x00018600       0xFFFFFF80      0x00000002         (0, 1, 0)      [] [NE]
    138     0x00023B00       0xFFFFFF80      0x00000008         (0, 2, 7)      [] [W]
    139     0x0000ED00       0xFFFFFF80      0x00000002         (0, 0, 13)      [] [NE]
    140     0x00015080       0xFFFFFF80      0x00000002         (0, 1, 10)      [] [NE]
    141     0x00014200       0xFFFFFF80      0x00000002         (0, 1, 8)      [] [NE]
    142     0x00024200       0xFFFFFF80      0x00000030         (0, 2, 8)      [] [SW, S]
    143     0x00023F00       0xFFFFFF80      0x00000030         (0, 2, 7)      [] [SW, S]
    144     0x00015380       0xFFFFFF80      0x00000002         (0, 1, 10)      [] [NE]
    145     0x0000CD00       0xFFFFFF80      0x00000010         (0, 0, 9)      [] [SW]
    146     0x0001DE00       0xFFFFFF80      0x00000010         (0, 1, 11)      [] [SW]
    147     0x00019300       0xFFFFFF80      0x00000002         (0, 1, 2)      [] [NE]
    148     0x00023C00       0xFFFFFF80      0x00000008         (0, 2, 7)      [] [W]
    149     0x00024380       0xFFFFFF80      0x00000030         (0, 2, 8)      [] [SW, S]
    150     0x00014780       0xFFFFFF80      0x00000002         (0, 1, 8)      [] [NE]
    151     0x0000CA00       0xFFFFFF80      0x00000020         (0, 0, 9)      [] [S]
    152     0x0001D280       0xFFFFFF80      0x00000010         (0, 1, 10)      [] [SW]
    153     0x00024100       0xFFFFFF80      0x00000030         (0, 2, 8)      [] [SW, S]
    154     0x0001DC80       0xFFFFFF80      0x00000010         (0, 1, 11)      [] [SW]
    155     0x00021E80       0xFFFFFF80      0x00000010         (0, 2, 3)      [] [SW]
    156     0x00014680       0xFFFFFF80      0x00000006         (0, 1, 8)      [] [NE, N]
    157     0x00023E00       0xFFFFFF80      0x00000030         (0, 2, 7)      [] [SW, S]
    158     0x0001DD80       0xFFFFFF80      0x00000010         (0, 1, 11)      [] [SW]
    159     0x00024280       0xFFFFFF80      0x00000030         (0, 2, 8)      [] [SW, S]
    160     0x0001D400       0xFFFFFF80      0x00000010         (0, 1, 10)      [] [SW]
    161     0x00023D80       0xFFFFFF80      0x00000030         (0, 2, 7)      [] [SW, S]
    162     0x00019100       0xFFFFFF80      0x00000002         (0, 1, 2)      [] [NE]
    163     0x0001D980       0xFFFFFF80      0x00000010         (0, 1, 11)      [] [SW]
    164     0x00015400       0xFFFFFF80      0x00000002         (0, 1, 10)      [] [NE]
    165     0x00023B80       0xFFFFFF80      0x00000008         (0, 2, 7)      [] [W]
    166     0x00010C00       0xFFFFFF80      0x00000002         (0, 1, 1)      [] [NE]
    167     0x0001D580       0xFFFFFF80      0x00000010         (0, 1, 10)      [] [SW]
    168     0x0001DE80       0xFFFFFF80      0x00000010         (0, 1, 11)      [] [SW]
    169     0x00021D00       0xFFFFFF80      0x00000010         (0, 2, 3)      [] [SW]
    170     0x00024300       0xFFFFFF80      0x00000030         (0, 2, 8)      [] [SW, S]
    171     0x0000CB80       0xFFFFFF80      0x00000010         (0, 0, 9)      [] [SW]
    172     0x0000EF00       0xFFFFFF80      0x00000002         (0, 0, 13)      [] [NE]
    173     0x0000EB80       0xFFFFFF80      0x00000002         (0, 0, 13)      [] [NE]
    174     0x0004DD00       0xFFFFFF00      0x00000020         (0, 4, 11)      [] [S]
    175     0x00010A00       0xFFFFFF80      0x00000002         (0, 1, 1)      [] [NE]
    176     0x0001D880       0xFFFFFF80      0x00000010         (0, 1, 11)      [] [SW]
    177     0x00015680       0xFFFFFF80      0x00000002         (0, 1, 10)      [] [NE]
    178     0x00014800       0xFFFFFF80      0x00000002         (0, 1, 9)      [] [NE]
    179     0x0000CF00       0xFFFFFF80      0x00000030         (0, 0, 9)      [] [SW, S]
    180     0x00019280       0xFFFFFF80      0x00000002         (0, 1, 2)      [] [NE]
    181     0x00015580       0xFFFFFF80      0x00000002         (0, 1, 10)      [] [NE]
    182     0x00018400       0xFFFFFF80      0x00000006         (0, 1, 0)      [] [NE, N]
    183     0x0000D080       0xFFFFFF80      0x00000030         (0, 0, 10)      [] [SW, S]
    184     0x0000EB00       0xFFFFFF80      0x00000002         (0, 0, 13)      [] [NE]
    185     0x00015200       0xFFFFFF80      0x00000002         (0, 1, 10)      [] [NE]
