router contains 47 entries 
 
  Index   Key(hex)    Mask(hex)    Route(hex)    Src. Core -> [Cores][Links]
------------------------------------------------------------------------------
    0     0x00024580       0xFFFFFF80      0x00000018         (0, 2, 8)      [] [W, SW]
    1     0x00023580       0xFFFFFF80      0x00800000         (0, 2, 6)      [17] []
    2     0x00021780       0xFFFFFF80      0x00000008         (0, 2, 2)      [] [W]
    3     0x00023500       0xFFFFFF80      0x00400000         (0, 2, 6)      [16] []
    4     0x00024000       0xFFFFFF80      0x00008010         (0, 2, 8)      [9] [SW]
    5     0x00023E00       0xFFFFFF80      0x00000818         (0, 2, 7)      [5] [W, SW]
    6     0x00039400       0xFFFFFF00      0x00000004         (0, 3, 2)      [] [N]
    7     0x00038A00       0xFFFFFF00      0x00000004         (0, 3, 1)      [] [N]
    8     0x00038D00       0xFFFFFF00      0x00000004         (0, 3, 1)      [] [N]
    9     0x00023C00       0xFFFFFF80      0x00000080         (0, 2, 7)      [1] []
    10     0x00039200       0xFFFFFF00      0x00000004         (0, 3, 2)      [] [N]
    11     0x00038600       0xFFFFFF00      0x00000004         (0, 3, 0)      [] [N]
    12     0x00024300       0xFFFFFF80      0x00000010         (0, 2, 8)      [] [SW]
    13     0x00021A00       0xFFFFFF80      0x00FC0000         (0, 2, 3)      [12, 13, 14, 15, 16, 17] []
    14     0x00038900       0xFFFFFF00      0x00000004         (0, 3, 1)      [] [N]
    15     0x00038700       0xFFFFFF00      0x00000004         (0, 3, 0)      [] [N]
    16     0x00023D00       0xFFFFFF80      0x00000218         (0, 2, 7)      [3] [W, SW]
    17     0x00039500       0xFFFFFF00      0x00000004         (0, 3, 2)      [] [N]
    18     0x00024180       0xFFFFFF80      0x00000010         (0, 2, 8)      [] [SW]
    19     0x00024500       0xFFFFFF80      0x00000010         (0, 2, 8)      [] [SW]
    20     0x00023D80       0xFFFFFF80      0x00000418         (0, 2, 7)      [4] [W, SW]
    21     0x00038B00       0xFFFFFF00      0x00000004         (0, 3, 1)      [] [N]
    22     0x00023400       0xFFFFFF80      0x00100000         (0, 2, 6)      [14] []
    23     0x00039000       0xFFFFFF00      0x00000004         (0, 3, 2)      [] [N]
    24     0x00023E80       0xFFFFFF80      0x00001010         (0, 2, 7)      [6] [SW]
    25     0x00039600       0xFFFFFF00      0x00000004         (0, 3, 2)      [] [N]
    26     0x00038C00       0xFFFFFF00      0x00000004         (0, 3, 1)      [] [N]
    27     0x00021980       0xFFFFFF80      0x0003FF80         (0, 2, 3)      [1, 2, 3, 4, 5, 6, 7, 8, 9, 10, 11] []
    28     0x00038800       0xFFFFFF00      0x00000004         (0, 3, 1)      [] [N]
    29     0x00038F00       0xFFFFFF00      0x00000004         (0, 3, 1)      [] [N]
    30     0x00038E00       0xFFFFFF00      0x00000004         (0, 3, 1)      [] [N]
    31     0x00024280       0xFFFFFF80      0x00000010         (0, 2, 8)      [] [SW]
    32     0x00039300       0xFFFFFF00      0x00000004         (0, 3, 2)      [] [N]
    33     0x00024400       0xFFFFFF80      0x00000010         (0, 2, 8)      [] [SW]
    34     0x00023C80       0xFFFFFF80      0x00000100         (0, 2, 7)      [2] []
    35     0x00024200       0xFFFFFF80      0x00000010         (0, 2, 8)      [] [SW]
    36     0x00039100       0xFFFFFF00      0x00000004         (0, 3, 2)      [] [N]
    37     0x00023300       0xFFFFFF80      0x00040000         (0, 2, 6)      [12] []
    38     0x00023F00       0xFFFFFF80      0x00002010         (0, 2, 7)      [7] [SW]
    39     0x00023480       0xFFFFFF80      0x00200000         (0, 2, 6)      [15] []
    40     0x00023380       0xFFFFFF80      0x00080000         (0, 2, 6)      [13] []
    41     0x00024100       0xFFFFFF80      0x00020010         (0, 2, 8)      [11] [SW]
    42     0x00024600       0xFFFFFF80      0x00000018         (0, 2, 8)      [] [W, SW]
    43     0x00024380       0xFFFFFF80      0x00000010         (0, 2, 8)      [] [SW]
    44     0x00024080       0xFFFFFF80      0x00010010         (0, 2, 8)      [10] [SW]
    45     0x00023F80       0xFFFFFF80      0x00004010         (0, 2, 7)      [8] [SW]
    46     0x00024480       0xFFFFFF80      0x00000010         (0, 2, 8)      [] [SW]
