router contains 113 entries 
 
  Index   Key(hex)    Mask(hex)    Route(hex)    Src. Core -> [Cores][Links]
------------------------------------------------------------------------------
    0     0x00035A00       0xFFFFFF00      0x00000002         (0, 3, 11)      [] [NE]
    1     0x00023B00       0xFFFFFF80      0x00000800         (0, 2, 7)      [5] []
    2     0x00035700       0xFFFFFF00      0x00000002         (0, 3, 10)      [] [NE]
    3     0x0002FA00       0xFFFFFF00      0x00000004         (0, 2, 15)      [] [N]
    4     0x00038D00       0xFFFFFF00      0x00000004         (0, 3, 1)      [] [N]
    5     0x00035B00       0xFFFFFF00      0x00000002         (0, 3, 11)      [] [NE]
    6     0x0000CC80       0xFFFFFF80      0x00000008         (0, 0, 9)      [] [W]
    7     0x00011C80       0xFFFFFF80      0x00000008         (0, 1, 3)      [] [W]
    8     0x0002FB00       0xFFFFFF00      0x00000004         (0, 2, 15)      [] [N]
    9     0x00039300       0xFFFFFF00      0x00000004         (0, 3, 2)      [] [N]
    10     0x00038800       0xFFFFFF00      0x00000004         (0, 3, 1)      [] [N]
    11     0x00038E00       0xFFFFFF00      0x00000004         (0, 3, 1)      [] [N]
    12     0x00039200       0xFFFFFF00      0x00000004         (0, 3, 2)      [] [N]
    13     0x00035C00       0xFFFFFF00      0x00000002         (0, 3, 11)      [] [NE]
    14     0x00035500       0xFFFFFF00      0x00000002         (0, 3, 10)      [] [NE]
    15     0x0002FC00       0xFFFFFF00      0x00000004         (0, 2, 15)      [] [N]
    16     0x00024280       0xFFFFFF80      0x00000008         (0, 2, 8)      [] [W]
    17     0x00023C80       0xFFFFFF80      0x00004000         (0, 2, 7)      [8] []
    18     0x00024200       0xFFFFFF80      0x00000008         (0, 2, 8)      [] [W]
    19     0x00011680       0xFFFFFF80      0x00000008         (0, 1, 2)      [] [W]
    20     0x00035D00       0xFFFFFF00      0x00000002         (0, 3, 11)      [] [NE]
    21     0x0002FD00       0xFFFFFF00      0x00000004         (0, 2, 15)      [] [N]
    22     0x00011B00       0xFFFFFF80      0x00000008         (0, 1, 3)      [] [W]
    23     0x00038900       0xFFFFFF00      0x00000004         (0, 3, 1)      [] [N]
    24     0x0002FE00       0xFFFFFF00      0x00000004         (0, 2, 15)      [] [N]
    25     0x00023F80       0xFFFFFF80      0x00000008         (0, 2, 7)      [] [W]
    26     0x00023080       0xFFFFFF80      0x00080000         (0, 2, 6)      [13] []
    27     0x00038A00       0xFFFFFF00      0x00000004         (0, 3, 1)      [] [N]
    28     0x00008680       0xFFFFFF80      0x00000008         (0, 0, 0)      [] [W]
    29     0x00011500       0xFFFFFF80      0x00000008         (0, 1, 2)      [] [W]
    30     0x00011580       0xFFFFFF80      0x00000008         (0, 1, 2)      [] [W]
    31     0x00036100       0xFFFFFF00      0x00000002         (0, 3, 12)      [] [NE]
    32     0x0002FF00       0xFFFFFF00      0x00000004         (0, 2, 15)      [] [N]
    33     0x00011600       0xFFFFFF80      0x00000008         (0, 1, 2)      [] [W]
    34     0x00035600       0xFFFFFF00      0x00000002         (0, 3, 10)      [] [NE]
    35     0x00038F00       0xFFFFFF00      0x00000004         (0, 3, 1)      [] [N]
    36     0x00023180       0xFFFFFF80      0x00200000         (0, 2, 6)      [15] []
    37     0x00039400       0xFFFFFF00      0x00000004         (0, 3, 2)      [] [N]
    38     0x00023E00       0xFFFFFF80      0x00020008         (0, 2, 7)      [11] [W]
    39     0x00039500       0xFFFFFF00      0x00000004         (0, 3, 2)      [] [N]
    40     0x00011A80       0xFFFFFF80      0x00000008         (0, 1, 3)      [] [W]
    41     0x00011800       0xFFFFFF80      0x00000008         (0, 1, 3)      [] [W]
    42     0x00035E00       0xFFFFFF00      0x00000002         (0, 3, 11)      [] [NE]
    43     0x00024300       0xFFFFFF80      0x00000008         (0, 2, 8)      [] [W]
    44     0x00011880       0xFFFFFF80      0x00000008         (0, 1, 3)      [] [W]
    45     0x00023B80       0xFFFFFF80      0x00001000         (0, 2, 7)      [6] []
    46     0x0002F000       0xFFFFFF00      0x00000004         (0, 2, 14)      [] [N]
    47     0x00035800       0xFFFFFF00      0x00000002         (0, 3, 11)      [] [NE]
    48     0x00039000       0xFFFFFF00      0x00000004         (0, 3, 2)      [] [N]
    49     0x0000D000       0xFFFFFF80      0x00000018         (0, 0, 10)      [] [W, SW]
    50     0x00008600       0xFFFFFF80      0x00000008         (0, 0, 0)      [] [W]
    51     0x00024480       0xFFFFFF80      0x00000008         (0, 2, 8)      [] [W]
    52     0x00011A00       0xFFFFFF80      0x00000008         (0, 1, 3)      [] [W]
    53     0x00035900       0xFFFFFF00      0x00000002         (0, 3, 11)      [] [NE]
    54     0x00021700       0xFFFFFF80      0x0007FF80         (0, 2, 2)      [1, 2, 3, 4, 5, 6, 7, 8, 9, 10, 11, 12] []
    55     0x0000CF00       0xFFFFFF80      0x00000008         (0, 0, 9)      [] [W]
    56     0x0000CF80       0xFFFFFF80      0x00000008         (0, 0, 9)      [] [W]
    57     0x00024100       0xFFFFFF80      0x00000008         (0, 2, 8)      [] [W]
    58     0x00036300       0xFFFFFF00      0x00000002         (0, 3, 12)      [] [NE]
    59     0x00038600       0xFFFFFF00      0x00000004         (0, 3, 0)      [] [N]
    60     0x0002EF00       0xFFFFFF00      0x00000004         (0, 2, 13)      [] [N]
    61     0x00039600       0xFFFFFF00      0x00000004         (0, 3, 2)      [] [N]
    62     0x0000CD80       0xFFFFFF80      0x00000008         (0, 0, 9)      [] [W]
    63     0x00011B80       0xFFFFFF80      0x00000008         (0, 1, 3)      [] [W]
    64     0x00038700       0xFFFFFF00      0x00000004         (0, 3, 0)      [] [N]
    65     0x0000CD00       0xFFFFFF80      0x00000008         (0, 0, 9)      [] [W]
    66     0x00011980       0xFFFFFF80      0x00000008         (0, 1, 3)      [] [W]
    67     0x00023C00       0xFFFFFF80      0x00002000         (0, 2, 7)      [7] []
    68     0x00023900       0xFFFFFF80      0x00000080         (0, 2, 7)      [1] []
    69     0x00011700       0xFFFFFF80      0x00000008         (0, 1, 2)      [] [W]
    70     0x00036000       0xFFFFFF00      0x00000002         (0, 3, 12)      [] [NE]
    71     0x00023200       0xFFFFFF80      0x00400000         (0, 2, 6)      [16] []
    72     0x00021780       0xFFFFFF80      0x00F80000         (0, 2, 2)      [16, 17, 13, 14, 15] []
    73     0x00023100       0xFFFFFF80      0x00100000         (0, 2, 6)      [14] []
    74     0x00024380       0xFFFFFF80      0x00000008         (0, 2, 8)      [] [W]
    75     0x00011900       0xFFFFFF80      0x00000008         (0, 1, 3)      [] [W]
    76     0x00023E80       0xFFFFFF80      0x00040008         (0, 2, 7)      [12] [W]
    77     0x0002F200       0xFFFFFF00      0x00000004         (0, 2, 14)      [] [N]
    78     0x00021580       0xFFFFFF80      0x00000008         (0, 2, 2)      [] [W]
    79     0x0002F100       0xFFFFFF00      0x00000004         (0, 2, 14)      [] [N]
    80     0x00038C00       0xFFFFFF00      0x00000004         (0, 3, 1)      [] [N]
    81     0x00036200       0xFFFFFF00      0x00000002         (0, 3, 12)      [] [NE]
    82     0x00023280       0xFFFFFF80      0x00800000         (0, 2, 6)      [17] []
    83     0x00024180       0xFFFFFF80      0x00000008         (0, 2, 8)      [] [W]
    84     0x00024500       0xFFFFFF80      0x00000008         (0, 2, 8)      [] [W]
    85     0x0002F300       0xFFFFFF00      0x00000004         (0, 2, 14)      [] [N]
    86     0x00024600       0xFFFFFF80      0x00000008         (0, 2, 8)      [] [W]
    87     0x00011780       0xFFFFFF80      0x00000008         (0, 1, 2)      [] [W]
    88     0x00023A80       0xFFFFFF80      0x00000400         (0, 2, 7)      [4] []
    89     0x0002F400       0xFFFFFF00      0x00000004         (0, 2, 14)      [] [N]
    90     0x00023980       0xFFFFFF80      0x00000100         (0, 2, 7)      [2] []
    91     0x0000D100       0xFFFFFF80      0x00000018         (0, 0, 10)      [] [W, SW]
    92     0x0000D080       0xFFFFFF80      0x00000018         (0, 0, 10)      [] [W, SW]
    93     0x0002F500       0xFFFFFF00      0x00000004         (0, 2, 14)      [] [N]
    94     0x0000D180       0xFFFFFF80      0x00000018         (0, 0, 10)      [] [W, SW]
    95     0x00023D00       0xFFFFFF80      0x00008008         (0, 2, 7)      [9] [W]
    96     0x00038B00       0xFFFFFF00      0x00000004         (0, 3, 1)      [] [N]
    97     0x0002F600       0xFFFFFF00      0x00000004         (0, 2, 14)      [] [N]
    98     0x0002F700       0xFFFFFF00      0x00000004         (0, 2, 14)      [] [N]
    99     0x00023D80       0xFFFFFF80      0x00010008         (0, 2, 7)      [10] [W]
    100     0x00024400       0xFFFFFF80      0x00000008         (0, 2, 8)      [] [W]
    101     0x0002F800       0xFFFFFF00      0x00000004         (0, 2, 15)      [] [N]
    102     0x00023F00       0xFFFFFF80      0x00000008         (0, 2, 7)      [] [W]
    103     0x00021600       0xFFFFFF80      0x00000008         (0, 2, 2)      [] [W]
    104     0x00039100       0xFFFFFF00      0x00000004         (0, 3, 2)      [] [N]
    105     0x00011C00       0xFFFFFF80      0x00000008         (0, 1, 3)      [] [W]
    106     0x00024000       0xFFFFFF80      0x00000008         (0, 2, 8)      [] [W]
    107     0x0000CE80       0xFFFFFF80      0x00000008         (0, 0, 9)      [] [W]
    108     0x00023A00       0xFFFFFF80      0x00000200         (0, 2, 7)      [3] []
    109     0x00035F00       0xFFFFFF00      0x00000002         (0, 3, 11)      [] [NE]
    110     0x0002F900       0xFFFFFF00      0x00000004         (0, 2, 15)      [] [N]
    111     0x0000CE00       0xFFFFFF80      0x00000008         (0, 0, 9)      [] [W]
    112     0x00024080       0xFFFFFF80      0x00000008         (0, 2, 8)      [] [W]
