router contains 741 entries 
 
  Index   Key(hex)    Mask(hex)    Route(hex)    Src. Core -> [Cores][Links]
------------------------------------------------------------------------------
    0     0x00016900       0xFFFFFF80      0x00080010         (0, 1, 13)      [13] [SW]
    1     0x00011D80       0xFFFFFF80      0x00FFFFBC         (0, 1, 3)      [1, 2, 3, 4, 5, 6, 7, 8, 9, 10, 11, 12, 13, 14, 15, 16, 17] [N, W, SW, S]
    2     0x00014180       0xFFFFFF80      0x00200020         (0, 1, 8)      [15] [S]
    3     0x00049200       0xFFFFFF00      0x00800000         (0, 4, 2)      [17] []
    4     0x00000D00       0xFFFFFF80      0x00002000         (0, 0, 1)      [7] []
    5     0x00015C80       0xFFFFFF80      0x00100030         (0, 1, 11)      [14] [SW, S]
    6     0x00015300       0xFFFFFF80      0x00000020         (0, 1, 10)      [] [S]
    7     0x0000A380       0xFFFFFF80      0x00000021         (0, 0, 4)      [] [E, S]
    8     0x0004C700       0xFFFFFF00      0x00000004         (0, 4, 8)      [] [N]
    9     0x0000B880       0xFFFFFF80      0x00000100         (0, 0, 7)      [2] []
    10     0x0001D980       0xFFFFFF80      0x00000008         (0, 1, 11)      [] [W]
    11     0x00040100       0xFFFFFF00      0x00000008         (0, 4, 0)      [] [W]
    12     0x0000AB00       0xFFFFFF80      0x00000400         (0, 0, 5)      [4] []
    13     0x00002900       0xFFFFFF80      0x00000800         (0, 0, 5)      [5] []
    14     0x00024480       0xFFFFFF80      0x00000002         (0, 2, 8)      [] [NE]
    15     0x00018700       0xFFFFFF80      0x00000020         (0, 1, 0)      [] [S]
    16     0x00002980       0xFFFFFF80      0x00001000         (0, 0, 5)      [6] []
    17     0x0000D600       0xFFFFFF80      0x00000200         (0, 0, 10)      [3] []
    18     0x0000FE00       0xFFFFFF80      0x00000020         (0, 0, 15)      [] [S]
    19     0x0000E900       0xFFFFFF80      0x00040000         (0, 0, 13)      [12] []
    20     0x00014580       0xFFFFFF80      0x00000020         (0, 1, 8)      [] [S]
    21     0x00009E80       0xFFFFFF80      0x00004000         (0, 0, 3)      [8] []
    22     0x00048600       0xFFFFFF00      0x00000800         (0, 4, 0)      [5] []
    23     0x00005780       0xFFFFFF80      0x00020000         (0, 0, 10)      [11] []
    24     0x00013000       0xFFFFFF80      0x0000C030         (0, 1, 6)      [8, 9] [SW, S]
    25     0x00009C80       0xFFFFFF80      0x00000400         (0, 0, 3)      [4] []
    26     0x00019000       0xFFFFFF80      0x00000020         (0, 1, 2)      [] [S]
    27     0x0001FA80       0xFFFFFF80      0x00000008         (0, 1, 15)      [] [W]
    28     0x00014000       0xFFFFFF80      0x00040000         (0, 1, 8)      [12] []
    29     0x00010A80       0xFFFFFF80      0x00000020         (0, 1, 1)      [] [S]
    30     0x0000DA80       0xFFFFFF80      0x00040000         (0, 0, 11)      [12] []
    31     0x0000AC80       0xFFFFFF80      0x00002000         (0, 0, 5)      [7] []
    32     0x00014100       0xFFFFFF80      0x00100020         (0, 1, 8)      [14] [S]
    33     0x0004CB00       0xFFFFFF00      0x00000004         (0, 4, 9)      [] [N]
    34     0x0000D080       0xFFFFFF80      0x00000002         (0, 0, 10)      [] [NE]
    35     0x00019080       0xFFFFFF80      0x00000020         (0, 1, 2)      [] [S]
    36     0x00014680       0xFFFFFF80      0x00000020         (0, 1, 8)      [] [S]
    37     0x00023A00       0xFFFFFF80      0x00001010         (0, 2, 7)      [6] [SW]
    38     0x0000BF00       0xFFFFFF80      0x00200020         (0, 0, 7)      [15] [S]
    39     0x00048400       0xFFFFFF00      0x00000200         (0, 4, 0)      [3] []
    40     0x00011E00       0xFFFFFF80      0x00FFFFBC         (0, 1, 3)      [1, 2, 3, 4, 5, 6, 7, 8, 9, 10, 11, 12, 13, 14, 15, 16, 17] [N, W, SW, S]
    41     0x00005400       0xFFFFFF80      0x00000400         (0, 0, 10)      [4] []
    42     0x00009200       0xFFFFFF80      0x00040002         (0, 0, 2)      [12] [NE]
    43     0x00018100       0xFFFFFF80      0x00040010         (0, 1, 0)      [12] [SW]
    44     0x00006500       0xFFFFFF80      0x00008000         (0, 0, 12)      [9] []
    45     0x00013680       0xFFFFFF80      0x00000020         (0, 1, 6)      [] [S]
    46     0x0001D880       0xFFFFFF80      0x00400008         (0, 1, 11)      [16] [W]
    47     0x0000C780       0xFFFFFF80      0x00000200         (0, 0, 8)      [3] []
    48     0x00012F00       0xFFFFFF80      0x00003010         (0, 1, 5)      [6, 7] [SW]
    49     0x00023C80       0xFFFFFF80      0x00020010         (0, 2, 7)      [11] [SW]
    50     0x00006780       0xFFFFFF80      0x00100021         (0, 0, 12)      [14] [E, S]
    51     0x0001DA80       0xFFFFFF80      0x00000008         (0, 1, 11)      [] [W]
    52     0x00016E00       0xFFFFFF80      0x00000008         (0, 1, 13)      [] [W]
    53     0x00023D00       0xFFFFFF80      0x00040002         (0, 2, 7)      [12] [NE]
    54     0x00004780       0xFFFFFF80      0x00004000         (0, 0, 8)      [8] []
    55     0x00014B80       0xFFFFFF80      0x00002000         (0, 1, 9)      [7] []
    56     0x00013780       0xFFFFFF80      0x00000020         (0, 1, 6)      [] [S]
    57     0x00015900       0xFFFFFF80      0x00002010         (0, 1, 11)      [7] [SW]
    58     0x0000E080       0xFFFFFF80      0x00000021         (0, 0, 12)      [] [E, S]
    59     0x00006F80       0xFFFFFF80      0x00000080         (0, 0, 13)      [1] []
    60     0x0001B700       0xFFFFFF80      0x00200000         (0, 1, 6)      [15] []
    61     0x00002C00       0xFFFFFF80      0x00020000         (0, 0, 5)      [11] []
    62     0x00015600       0xFFFFFF80      0x00000020         (0, 1, 10)      [] [S]
    63     0x00003A00       0xFFFFFF80      0x00010000         (0, 0, 7)      [10] []
    64     0x00009D00       0xFFFFFF80      0x00000800         (0, 0, 3)      [5] []
    65     0x00006580       0xFFFFFF80      0x00010000         (0, 0, 12)      [10] []
    66     0x00014F00       0xFFFFFF80      0x00100020         (0, 1, 9)      [14] [S]
    67     0x0001E180       0xFFFFFF80      0x00000008         (0, 1, 12)      [] [W]
    68     0x00011880       0xFFFFFF80      0x0000000E         (0, 1, 3)      [] [NE, N, W]
    69     0x00018480       0xFFFFFF80      0x00000020         (0, 1, 0)      [] [S]
    70     0x0000EF80       0xFFFFFF80      0x00000020         (0, 0, 13)      [] [S]
    71     0x00016D00       0xFFFFFF80      0x00000008         (0, 1, 13)      [] [W]
    72     0x0000F800       0xFFFFFF80      0x00080020         (0, 0, 15)      [13] [S]
    73     0x00018080       0xFFFFFF80      0x00020010         (0, 1, 0)      [11] [SW]
    74     0x00002A80       0xFFFFFF80      0x00004000         (0, 0, 5)      [8] []
    75     0x00010980       0xFFFFFF80      0x00000020         (0, 1, 1)      [] [S]
    76     0x00010500       0xFFFFFF80      0x00010000         (0, 1, 0)      [10] []
    77     0x00013400       0xFFFFFF80      0x00C00030         (0, 1, 6)      [16, 17] [SW, S]
    78     0x00010400       0xFFFFFF80      0x00004000         (0, 1, 0)      [8] []
    79     0x00023780       0xFFFFFF80      0x00000090         (0, 2, 6)      [1] [SW]
    80     0x00009480       0xFFFFFF80      0x00800003         (0, 0, 2)      [17] [E, NE]
    81     0x00019900       0xFFFFFF80      0x00200000         (0, 1, 3)      [15] []
    82     0x0001A300       0xFFFFFF80      0x00100000         (0, 1, 4)      [14] []
    83     0x0000BA80       0xFFFFFF80      0x00001000         (0, 0, 7)      [6] []
    84     0x00012280       0xFFFFFF80      0x00FFFFBE         (0, 1, 4)      [1, 2, 3, 4, 5, 6, 7, 8, 9, 10, 11, 12, 13, 14, 15, 16, 17] [NE, N, W, SW, S]
    85     0x00006380       0xFFFFFF80      0x00001000         (0, 0, 12)      [6] []
    86     0x00001A00       0xFFFFFF80      0x00000400         (0, 0, 3)      [4] []
    87     0x00048700       0xFFFFFF00      0x00001000         (0, 4, 0)      [6] []
    88     0x00009100       0xFFFFFF80      0x00010002         (0, 0, 2)      [10] [NE]
    89     0x00024180       0xFFFFFF80      0x00000002         (0, 2, 8)      [] [NE]
    90     0x00011080       0xFFFFFF80      0x00000C10         (0, 1, 2)      [4, 5] [SW]
    91     0x00009D80       0xFFFFFF80      0x00001000         (0, 0, 3)      [6] []
    92     0x0001AC80       0xFFFFFF80      0x00080000         (0, 1, 5)      [13] []
    93     0x0001E800       0xFFFFFF80      0x00000008         (0, 1, 13)      [] [W]
    94     0x00017500       0xFFFFFF80      0x00040018         (0, 1, 14)      [12] [W, SW]
    95     0x0001BF80       0xFFFFFF80      0x00100000         (0, 1, 7)      [14] []
    96     0x0000F580       0xFFFFFF80      0x00004000         (0, 0, 14)      [8] []
    97     0x0000B900       0xFFFFFF80      0x00000200         (0, 0, 7)      [3] []
    98     0x0000C900       0xFFFFFF80      0x00001000         (0, 0, 9)      [6] []
    99     0x00001900       0xFFFFFF80      0x00000100         (0, 0, 3)      [2] []
    100     0x00012600       0xFFFFFF80      0x00FFFFB0         (0, 1, 4)      [1, 2, 3, 4, 5, 6, 7, 8, 9, 10, 11, 12, 13, 14, 15, 16, 17] [SW, S]
    101     0x00007F00       0xFFFFFF80      0x00000200         (0, 0, 15)      [3] []
    102     0x00010B00       0xFFFFFF80      0x00000020         (0, 1, 1)      [] [S]
    103     0x0000A000       0xFFFFFF80      0x00020000         (0, 0, 4)      [11] []
    104     0x00020280       0xFFFFFF80      0x00000008         (0, 2, 0)      [] [W]
    105     0x00018F00       0xFFFFFF80      0x00800020         (0, 1, 1)      [17] [S]
    106     0x0000AE00       0xFFFFFF80      0x00010000         (0, 0, 5)      [10] []
    107     0x00003680       0xFFFFFF80      0x00000200         (0, 0, 6)      [3] []
    108     0x0000A480       0xFFFFFF80      0x00000021         (0, 0, 4)      [] [E, S]
    109     0x00008F80       0xFFFFFF80      0x00002002         (0, 0, 1)      [7] [NE]
    110     0x00019200       0xFFFFFF80      0x00000020         (0, 1, 2)      [] [S]
    111     0x00040500       0xFFFFFF00      0x00000008         (0, 4, 0)      [] [W]
    112     0x00048500       0xFFFFFF00      0x00000400         (0, 4, 0)      [4] []
    113     0x00017600       0xFFFFFF80      0x00100018         (0, 1, 14)      [14] [W, SW]
    114     0x00004800       0xFFFFFF80      0x00008000         (0, 0, 9)      [9] []
    115     0x0000AC00       0xFFFFFF80      0x00001000         (0, 0, 5)      [6] []
    116     0x00008000       0xFFFFFF80      0x00000800         (0, 0, 0)      [5] []
    117     0x00010680       0xFFFFFF80      0x00080020         (0, 1, 0)      [13] [S]
    118     0x0000E880       0xFFFFFF80      0x00020000         (0, 0, 13)      [11] []
    119     0x00007380       0xFFFFFF80      0x00008000         (0, 0, 14)      [9] []
    120     0x0000B100       0xFFFFFF80      0x00400020         (0, 0, 6)      [16] [S]
    121     0x0001BF00       0xFFFFFF80      0x00080000         (0, 1, 7)      [13] []
    122     0x00048A00       0xFFFFFF00      0x00008000         (0, 4, 1)      [9] []
    123     0x00010200       0xFFFFFF80      0x00000400         (0, 1, 0)      [4] []
    124     0x00013280       0xFFFFFF80      0x00180030         (0, 1, 6)      [13, 14] [SW, S]
    125     0x00001D00       0xFFFFFF80      0x00010000         (0, 0, 3)      [10] []
    126     0x0001E000       0xFFFFFF80      0x00800008         (0, 1, 12)      [17] [W]
    127     0x00013980       0xFFFFFF80      0x00000020         (0, 1, 7)      [] [S]
    128     0x00000E00       0xFFFFFF80      0x00008000         (0, 0, 1)      [9] []
    129     0x00000B80       0xFFFFFF80      0x00000400         (0, 0, 1)      [4] []
    130     0x00018200       0xFFFFFF80      0x00100010         (0, 1, 0)      [14] [SW]
    131     0x0000E980       0xFFFFFF80      0x00080020         (0, 0, 13)      [13] [S]
    132     0x00006800       0xFFFFFF80      0x00200021         (0, 0, 13)      [15] [E, S]
    133     0x00008580       0xFFFFFF80      0x00400000         (0, 0, 0)      [16] []
    134     0x0003FF00       0xFFFFFF00      0x00000008         (0, 3, 15)      [] [W]
    135     0x00008400       0xFFFFFF80      0x00080000         (0, 0, 0)      [13] []
    136     0x00040A00       0xFFFFFF00      0x00000008         (0, 4, 1)      [] [W]
    137     0x00049100       0xFFFFFF00      0x00400000         (0, 4, 2)      [16] []
    138     0x00017300       0xFFFFFF80      0x00004018         (0, 1, 14)      [8] [W, SW]
    139     0x0001A480       0xFFFFFF80      0x00800000         (0, 1, 4)      [17] []
    140     0x00004600       0xFFFFFF80      0x00000800         (0, 0, 8)      [5] []
    141     0x0000DD80       0xFFFFFF80      0x00000021         (0, 0, 11)      [] [E, S]
    142     0x0000CD00       0xFFFFFF80      0x00100002         (0, 0, 9)      [14] [NE]
    143     0x00006480       0xFFFFFF80      0x00004000         (0, 0, 12)      [8] []
    144     0x00012000       0xFFFFFF80      0x00FFFFBE         (0, 1, 4)      [1, 2, 3, 4, 5, 6, 7, 8, 9, 10, 11, 12, 13, 14, 15, 16, 17] [NE, N, W, SW, S]
    145     0x0004C800       0xFFFFFF00      0x00000004         (0, 4, 9)      [] [N]
    146     0x00013C00       0xFFFFFF80      0x00000430         (0, 1, 7)      [4] [SW, S]
    147     0x00001880       0xFFFFFF80      0x00000080         (0, 0, 3)      [1] []
    148     0x00008280       0xFFFFFF80      0x00010000         (0, 0, 0)      [10] []
    149     0x0001D480       0xFFFFFF80      0x00000008         (0, 1, 10)      [] [W]
    150     0x00003700       0xFFFFFF80      0x00000400         (0, 0, 6)      [4] []
    151     0x00023680       0xFFFFFF80      0x00000010         (0, 2, 6)      [] [SW]
    152     0x00015A80       0xFFFFFF80      0x00010030         (0, 1, 11)      [10] [SW, S]
    153     0x0000FB80       0xFFFFFF80      0x00000020         (0, 0, 15)      [] [S]
    154     0x00004580       0xFFFFFF80      0x00000400         (0, 0, 8)      [4] []
    155     0x00006200       0xFFFFFF80      0x00000200         (0, 0, 12)      [3] []
    156     0x00011B80       0xFFFFFF80      0x00000004         (0, 1, 3)      [] [N]
    157     0x00012380       0xFFFFFF80      0x00FFFFBE         (0, 1, 4)      [1, 2, 3, 4, 5, 6, 7, 8, 9, 10, 11, 12, 13, 14, 15, 16, 17] [NE, N, W, SW, S]
    158     0x0000D680       0xFFFFFF80      0x00000400         (0, 0, 10)      [4] []
    159     0x0000AF80       0xFFFFFF80      0x00080020         (0, 0, 5)      [13] [S]
    160     0x00007780       0xFFFFFF80      0x00800020         (0, 0, 14)      [17] [S]
    161     0x00017F00       0xFFFFFF80      0x00004010         (0, 1, 15)      [8] [SW]
    162     0x00013180       0xFFFFFF80      0x00060030         (0, 1, 6)      [11, 12] [SW, S]
    163     0x00023E80       0xFFFFFF80      0x00200002         (0, 2, 7)      [15] [NE]
    164     0x0001AE80       0xFFFFFF80      0x00800000         (0, 1, 5)      [17] []
    165     0x00011F00       0xFFFFFF80      0x00FFFFBC         (0, 1, 3)      [1, 2, 3, 4, 5, 6, 7, 8, 9, 10, 11, 12, 13, 14, 15, 16, 17] [N, W, SW, S]
    166     0x00010580       0xFFFFFF80      0x00020000         (0, 1, 0)      [11] []
    167     0x00012800       0xFFFFFF80      0x00FFFFA0         (0, 1, 5)      [1, 2, 3, 4, 5, 6, 7, 8, 9, 10, 11, 12, 13, 14, 15, 16, 17] [S]
    168     0x00004700       0xFFFFFF80      0x00002000         (0, 0, 8)      [7] []
    169     0x00011600       0xFFFFFF80      0x0060000E         (0, 1, 2)      [16, 15] [NE, N, W]
    170     0x00014080       0xFFFFFF80      0x00080020         (0, 1, 8)      [13] [S]
    171     0x0000CB80       0xFFFFFF80      0x00020002         (0, 0, 9)      [11] [NE]
    172     0x0004C900       0xFFFFFF00      0x00000004         (0, 4, 9)      [] [N]
    173     0x00008080       0xFFFFFF80      0x00001000         (0, 0, 0)      [6] []
    174     0x00009F00       0xFFFFFF80      0x00008000         (0, 0, 3)      [9] []
    175     0x0000C000       0xFFFFFF80      0x00800020         (0, 0, 8)      [17] [S]
    176     0x00019100       0xFFFFFF80      0x00000020         (0, 1, 2)      [] [S]
    177     0x0004B300       0xFFFFFF00      0x00000004         (0, 4, 6)      [] [N]
    178     0x00005700       0xFFFFFF80      0x00010000         (0, 0, 10)      [10] []
    179     0x0001D100       0xFFFFFF80      0x00400008         (0, 1, 10)      [16] [W]
    180     0x00023F80       0xFFFFFF80      0x00800002         (0, 2, 7)      [17] [NE]
    181     0x00016800       0xFFFFFF80      0x00020010         (0, 1, 13)      [11] [SW]
    182     0x00020300       0xFFFFFF80      0x00000008         (0, 2, 0)      [] [W]
    183     0x0000E800       0xFFFFFF80      0x00010000         (0, 0, 13)      [10] []
    184     0x0004D300       0xFFFFFF00      0x00000004         (0, 4, 10)      [] [N]
    185     0x00018D80       0xFFFFFF80      0x00100020         (0, 1, 1)      [14] [S]
    186     0x00015280       0xFFFFFF80      0x00000020         (0, 1, 10)      [] [S]
    187     0x00010C00       0xFFFFFF80      0x00000020         (0, 1, 1)      [] [S]
    188     0x00024100       0xFFFFFF80      0x00000002         (0, 2, 8)      [] [NE]
    189     0x00010100       0xFFFFFF80      0x00000100         (0, 1, 0)      [2] []
    190     0x00007E00       0xFFFFFF80      0x00000080         (0, 0, 15)      [1] []
    191     0x00021A00       0xFFFFFF80      0x00000008         (0, 2, 3)      [] [W]
    192     0x00012680       0xFFFFFF80      0x00FFFFB0         (0, 1, 4)      [1, 2, 3, 4, 5, 6, 7, 8, 9, 10, 11, 12, 13, 14, 15, 16, 17] [SW, S]
    193     0x00016500       0xFFFFFF80      0x00000810         (0, 1, 12)      [5] [SW]
    194     0x00024300       0xFFFFFF80      0x00000002         (0, 2, 8)      [] [NE]
    195     0x00005580       0xFFFFFF80      0x00002000         (0, 0, 10)      [7] []
    196     0x00011300       0xFFFFFF80      0x00018010         (0, 1, 2)      [9, 10] [SW]
    197     0x00018B80       0xFFFFFF80      0x00010000         (0, 1, 1)      [10] []
    198     0x00009B00       0xFFFFFF80      0x00000080         (0, 0, 3)      [1] []
    199     0x0000FC00       0xFFFFFF80      0x00000020         (0, 0, 15)      [] [S]
    200     0x00015C00       0xFFFFFF80      0x00080030         (0, 1, 11)      [13] [SW, S]
    201     0x0001AD80       0xFFFFFF80      0x00200000         (0, 1, 5)      [15] []
    202     0x00023700       0xFFFFFF80      0x00000010         (0, 2, 6)      [] [SW]
    203     0x0000A180       0xFFFFFF80      0x00100021         (0, 0, 4)      [14] [E, S]
    204     0x0001A100       0xFFFFFF80      0x00010000         (0, 1, 4)      [10] []
    205     0x00011100       0xFFFFFF80      0x00001810         (0, 1, 2)      [5, 6] [SW]
    206     0x00009300       0xFFFFFF80      0x00100003         (0, 0, 2)      [14] [E, NE]
    207     0x0000F300       0xFFFFFF80      0x00000200         (0, 0, 14)      [3] []
    208     0x00023880       0xFFFFFF80      0x00000210         (0, 2, 7)      [3] [SW]
    209     0x00006180       0xFFFFFF80      0x00000100         (0, 0, 12)      [2] []
    210     0x0000EE80       0xFFFFFF80      0x00000020         (0, 0, 13)      [] [S]
    211     0x0000F500       0xFFFFFF80      0x00002000         (0, 0, 14)      [7] []
    212     0x0001B580       0xFFFFFF80      0x00040000         (0, 1, 6)      [12] []
    213     0x00017880       0xFFFFFF80      0x00000018         (0, 1, 15)      [] [W, SW]
    214     0x00018600       0xFFFFFF80      0x00000020         (0, 1, 0)      [] [S]
    215     0x00019380       0xFFFFFF80      0x00000020         (0, 1, 2)      [] [S]
    216     0x00018E80       0xFFFFFF80      0x00400020         (0, 1, 1)      [16] [S]
    217     0x0001FA00       0xFFFFFF80      0x00000008         (0, 1, 15)      [] [W]
    218     0x00011A80       0xFFFFFF80      0x0000000C         (0, 1, 3)      [] [N, W]
    219     0x0000E480       0xFFFFFF80      0x00000200         (0, 0, 12)      [3] []
    220     0x00018A80       0xFFFFFF80      0x00004000         (0, 1, 1)      [8] []
    221     0x00015800       0xFFFFFF80      0x00000800         (0, 1, 11)      [5] []
    222     0x0000ED00       0xFFFFFF80      0x00000020         (0, 0, 13)      [] [S]
    223     0x0000EA80       0xFFFFFF80      0x00200020         (0, 0, 13)      [15] [S]
    224     0x0001E200       0xFFFFFF80      0x00000008         (0, 1, 12)      [] [W]
    225     0x00013800       0xFFFFFF80      0x00000020         (0, 1, 7)      [] [S]
    226     0x0000C080       0xFFFFFF80      0x00000020         (0, 0, 8)      [] [S]
    227     0x00040600       0xFFFFFF00      0x00000008         (0, 4, 0)      [] [W]
    228     0x0000EF00       0xFFFFFF80      0x00000020         (0, 0, 13)      [] [S]
    229     0x00001980       0xFFFFFF80      0x00000200         (0, 0, 3)      [3] []
    230     0x00008E00       0xFFFFFF80      0x00000400         (0, 0, 1)      [4] []
    231     0x00023B00       0xFFFFFF80      0x00004010         (0, 2, 7)      [8] [SW]
    232     0x00006600       0xFFFFFF80      0x00020000         (0, 0, 12)      [11] []
    233     0x00004500       0xFFFFFF80      0x00000200         (0, 0, 8)      [3] []
    234     0x00003900       0xFFFFFF80      0x00004000         (0, 0, 7)      [8] []
    235     0x00013F80       0xFFFFFF80      0x00020000         (0, 1, 7)      [11] []
    236     0x0001A200       0xFFFFFF80      0x00040000         (0, 1, 4)      [12] []
    237     0x00018D00       0xFFFFFF80      0x00080020         (0, 1, 1)      [13] [S]
    238     0x0001FE00       0xFFFFFF80      0x00000008         (0, 1, 15)      [] [W]
    239     0x00012B00       0xFFFFFF80      0x00FFFFA0         (0, 1, 5)      [1, 2, 3, 4, 5, 6, 7, 8, 9, 10, 11, 12, 13, 14, 15, 16, 17] [S]
    240     0x00007500       0xFFFFFF80      0x00040000         (0, 0, 14)      [12] []
    241     0x00013E00       0xFFFFFF80      0x00004030         (0, 1, 7)      [8] [SW, S]
    242     0x0000B180       0xFFFFFF80      0x00800020         (0, 0, 6)      [17] [S]
    243     0x00005980       0xFFFFFF80      0x00200001         (0, 0, 11)      [15] [E]
    244     0x0000BD80       0xFFFFFF80      0x00040000         (0, 0, 7)      [12] []
    245     0x00015400       0xFFFFFF80      0x00000020         (0, 1, 10)      [] [S]
    246     0x00018900       0xFFFFFF80      0x00000020         (0, 1, 1)      [] [S]
    247     0x00023D80       0xFFFFFF80      0x00080002         (0, 2, 7)      [13] [NE]
    248     0x0001E300       0xFFFFFF80      0x00000008         (0, 1, 12)      [] [W]
    249     0x0000DC00       0xFFFFFF80      0x00200021         (0, 0, 11)      [15] [E, S]
    250     0x0001AD00       0xFFFFFF80      0x00100000         (0, 1, 5)      [14] []
    251     0x0000F980       0xFFFFFF80      0x00400020         (0, 0, 15)      [16] [S]
    252     0x0001D200       0xFFFFFF80      0x00000008         (0, 1, 10)      [] [W]
    253     0x00014480       0xFFFFFF80      0x00000020         (0, 1, 8)      [] [S]
    254     0x00021C00       0xFFFFFF80      0x00000008         (0, 2, 3)      [] [W]
    255     0x00023A80       0xFFFFFF80      0x00002010         (0, 2, 7)      [7] [SW]
    256     0x0001AE00       0xFFFFFF80      0x00400000         (0, 1, 5)      [16] []
    257     0x00021B80       0xFFFFFF80      0x00000008         (0, 2, 3)      [] [W]
    258     0x00012480       0xFFFFFF80      0x00FFFFBF         (0, 1, 4)      [1, 2, 3, 4, 5, 6, 7, 8, 9, 10, 11, 12, 13, 14, 15, 16, 17] [E, NE, N, W, SW, S]
    259     0x0000A080       0xFFFFFF80      0x00040000         (0, 0, 4)      [12] []
    260     0x0000AE80       0xFFFFFF80      0x00020000         (0, 0, 5)      [11] []
    261     0x00009500       0xFFFFFF80      0x00000003         (0, 0, 2)      [] [E, NE]
    262     0x00014F80       0xFFFFFF80      0x00200020         (0, 1, 9)      [15] [S]
    263     0x00000A80       0xFFFFFF80      0x00000100         (0, 0, 1)      [2] []
    264     0x00017700       0xFFFFFF80      0x00400018         (0, 1, 14)      [16] [W, SW]
    265     0x00010B80       0xFFFFFF80      0x00000020         (0, 1, 1)      [] [S]
    266     0x0001D500       0xFFFFFF80      0x00000008         (0, 1, 10)      [] [W]
    267     0x00008680       0xFFFFFF80      0x00000002         (0, 0, 0)      [] [NE]
    268     0x0001AC00       0xFFFFFF80      0x00040000         (0, 1, 5)      [12] []
    269     0x0001D400       0xFFFFFF80      0x00000008         (0, 1, 10)      [] [W]
    270     0x00016B80       0xFFFFFF80      0x00000008         (0, 1, 13)      [] [W]
    271     0x0000F380       0xFFFFFF80      0x00000400         (0, 0, 14)      [4] []
    272     0x00048F00       0xFFFFFF00      0x00100000         (0, 4, 1)      [14] []
    273     0x0001A180       0xFFFFFF80      0x00020000         (0, 1, 4)      [11] []
    274     0x00012200       0xFFFFFF80      0x00FFFFBE         (0, 1, 4)      [1, 2, 3, 4, 5, 6, 7, 8, 9, 10, 11, 12, 13, 14, 15, 16, 17] [NE, N, W, SW, S]
    275     0x0000AD00       0xFFFFFF80      0x00004000         (0, 0, 5)      [8] []
    276     0x00013100       0xFFFFFF80      0x00030030         (0, 1, 6)      [10, 11] [SW, S]
    277     0x0000B980       0xFFFFFF80      0x00000400         (0, 0, 7)      [4] []
    278     0x0001D300       0xFFFFFF80      0x00000008         (0, 1, 10)      [] [W]
    279     0x0000DE80       0xFFFFFF80      0x00000021         (0, 0, 11)      [] [E, S]
    280     0x00023800       0xFFFFFF80      0x00000110         (0, 2, 7)      [2] [SW]
    281     0x0000E680       0xFFFFFF80      0x00002000         (0, 0, 12)      [7] []
    282     0x00016A00       0xFFFFFF80      0x00200008         (0, 1, 13)      [15] [W]
    283     0x00007000       0xFFFFFF80      0x00000100         (0, 0, 14)      [2] []
    284     0x00013C80       0xFFFFFF80      0x00000810         (0, 1, 7)      [5] [SW]
    285     0x0001D280       0xFFFFFF80      0x00000008         (0, 1, 10)      [] [W]
    286     0x00024200       0xFFFFFF80      0x00000002         (0, 2, 8)      [] [NE]
    287     0x0000C800       0xFFFFFF80      0x00000400         (0, 0, 9)      [4] []
    288     0x00012E80       0xFFFFFF80      0x00001810         (0, 1, 5)      [5, 6] [SW]
    289     0x0001DC80       0xFFFFFF80      0x00000008         (0, 1, 11)      [] [W]
    290     0x00000A00       0xFFFFFF80      0x00000080         (0, 0, 1)      [1] []
    291     0x00012500       0xFFFFFF80      0x00FFFFBF         (0, 1, 4)      [1, 2, 3, 4, 5, 6, 7, 8, 9, 10, 11, 12, 13, 14, 15, 16, 17] [E, NE, N, W, SW, S]
    292     0x0000EB80       0xFFFFFF80      0x00800020         (0, 0, 13)      [17] [S]
    293     0x0000BE00       0xFFFFFF80      0x00080020         (0, 0, 7)      [13] [S]
    294     0x00012D00       0xFFFFFF80      0x00000330         (0, 1, 5)      [2, 3] [SW, S]
    295     0x00011780       0xFFFFFF80      0x0000000E         (0, 1, 2)      [] [NE, N, W]
    296     0x00007680       0xFFFFFF80      0x00200020         (0, 0, 14)      [15] [S]
    297     0x0000D980       0xFFFFFF80      0x00010002         (0, 0, 11)      [10] [NE]
    298     0x00015D80       0xFFFFFF80      0x00400030         (0, 1, 11)      [16] [SW, S]
    299     0x0000F180       0xFFFFFF80      0x00000020         (0, 0, 14)      [] [S]
    300     0x00013380       0xFFFFFF80      0x00600030         (0, 1, 6)      [16, 15] [SW, S]
    301     0x00018400       0xFFFFFF80      0x00000020         (0, 1, 0)      [] [S]
    302     0x0001A280       0xFFFFFF80      0x00080000         (0, 1, 4)      [13] []
    303     0x00014700       0xFFFFFF80      0x00000020         (0, 1, 8)      [] [S]
    304     0x00008D00       0xFFFFFF80      0x00000100         (0, 0, 1)      [2] []
    305     0x00012580       0xFFFFFF80      0x00FFFFBF         (0, 1, 4)      [1, 2, 3, 4, 5, 6, 7, 8, 9, 10, 11, 12, 13, 14, 15, 16, 17] [E, NE, N, W, SW, S]
    306     0x0000A300       0xFFFFFF80      0x00800021         (0, 0, 4)      [17] [E, S]
    307     0x00006F00       0xFFFFFF80      0x00000020         (0, 0, 13)      [] [S]
    308     0x0000D800       0xFFFFFF80      0x00002002         (0, 0, 11)      [7] [NE]
    309     0x00011180       0xFFFFFF80      0x00003010         (0, 1, 2)      [6, 7] [SW]
    310     0x0000CA80       0xFFFFFF80      0x00008002         (0, 0, 9)      [9] [NE]
    311     0x00024400       0xFFFFFF80      0x00000002         (0, 2, 8)      [] [NE]
    312     0x00002700       0xFFFFFF80      0x00000080         (0, 0, 4)      [1] []
    313     0x00023F00       0xFFFFFF80      0x00400002         (0, 2, 7)      [16] [NE]
    314     0x00003A80       0xFFFFFF80      0x00020000         (0, 0, 7)      [11] []
    315     0x00016700       0xFFFFFF80      0x00008010         (0, 1, 12)      [9] [SW]
    316     0x00012180       0xFFFFFF80      0x00FFFFBE         (0, 1, 4)      [1, 2, 3, 4, 5, 6, 7, 8, 9, 10, 11, 12, 13, 14, 15, 16, 17] [NE, N, W, SW, S]
    317     0x0000BB00       0xFFFFFF80      0x00002000         (0, 0, 7)      [7] []
    318     0x00018000       0xFFFFFF80      0x00010010         (0, 1, 0)      [10] [SW]
    319     0x0000CE00       0xFFFFFF80      0x00400002         (0, 0, 9)      [16] [NE]
    320     0x00006400       0xFFFFFF80      0x00002000         (0, 0, 12)      [7] []
    321     0x00023900       0xFFFFFF80      0x00000410         (0, 2, 7)      [4] [SW]
    322     0x00001A80       0xFFFFFF80      0x00000800         (0, 0, 3)      [5] []
    323     0x00016080       0xFFFFFF80      0x00000020         (0, 1, 12)      [] [S]
    324     0x0000F880       0xFFFFFF80      0x00100020         (0, 0, 15)      [14] [S]
    325     0x00015480       0xFFFFFF80      0x00000020         (0, 1, 10)      [] [S]
    326     0x00014500       0xFFFFFF80      0x00000020         (0, 1, 8)      [] [S]
    327     0x00000C80       0xFFFFFF80      0x00001000         (0, 0, 1)      [6] []
    328     0x00009B80       0xFFFFFF80      0x00000100         (0, 0, 3)      [2] []
    329     0x00011E80       0xFFFFFF80      0x00FFFFBC         (0, 1, 3)      [1, 2, 3, 4, 5, 6, 7, 8, 9, 10, 11, 12, 13, 14, 15, 16, 17] [N, W, SW, S]
    330     0x0004CC00       0xFFFFFF00      0x00000004         (0, 4, 9)      [] [N]
    331     0x00048D00       0xFFFFFF00      0x00040000         (0, 4, 1)      [12] []
    332     0x00013900       0xFFFFFF80      0x00000020         (0, 1, 7)      [] [S]
    333     0x00012B80       0xFFFFFF80      0x00FFFFA0         (0, 1, 5)      [1, 2, 3, 4, 5, 6, 7, 8, 9, 10, 11, 12, 13, 14, 15, 16, 17] [S]
    334     0x00005380       0xFFFFFF80      0x00000200         (0, 0, 10)      [3] []
    335     0x00004980       0xFFFFFF80      0x00040000         (0, 0, 9)      [12] []
    336     0x00018F80       0xFFFFFF80      0x00000020         (0, 1, 1)      [] [S]
    337     0x0000C680       0xFFFFFF80      0x00000080         (0, 0, 8)      [1] []
    338     0x00011D00       0xFFFFFF80      0x00FFFF8C         (0, 1, 3)      [1, 2, 3, 4, 5, 6, 7, 8, 9, 10, 11, 12, 13, 14, 15, 16, 17] [N, W]
    339     0x00003B80       0xFFFFFF80      0x00080000         (0, 0, 7)      [13] []
    340     0x00005600       0xFFFFFF80      0x00004000         (0, 0, 10)      [8] []
    341     0x00015580       0xFFFFFF80      0x00000020         (0, 1, 10)      [] [S]
    342     0x00017200       0xFFFFFF80      0x00001018         (0, 1, 14)      [6] [W, SW]
    343     0x00048B00       0xFFFFFF00      0x00010000         (0, 4, 1)      [10] []
    344     0x00019880       0xFFFFFF80      0x00100000         (0, 1, 3)      [14] []
    345     0x00023B80       0xFFFFFF80      0x00008010         (0, 2, 7)      [9] [SW]
    346     0x00010F80       0xFFFFFF80      0x00000310         (0, 1, 1)      [2, 3] [SW]
    347     0x00005300       0xFFFFFF80      0x00000100         (0, 0, 10)      [2] []
    348     0x0000C980       0xFFFFFF80      0x00002000         (0, 0, 9)      [7] []
    349     0x00018180       0xFFFFFF80      0x00080010         (0, 1, 0)      [13] [SW]
    350     0x0000FD00       0xFFFFFF80      0x00000020         (0, 0, 15)      [] [S]
    351     0x0000A400       0xFFFFFF80      0x00000021         (0, 0, 4)      [] [E, S]
    352     0x0000B280       0xFFFFFF80      0x00000020         (0, 0, 6)      [] [S]
    353     0x00007580       0xFFFFFF80      0x00080020         (0, 0, 14)      [13] [S]
    354     0x00014800       0xFFFFFF80      0x00000020         (0, 1, 9)      [] [S]
    355     0x00018500       0xFFFFFF80      0x00000020         (0, 1, 0)      [] [S]
    356     0x0000E500       0xFFFFFF80      0x00000400         (0, 0, 12)      [4] []
    357     0x00012F80       0xFFFFFF80      0x00006030         (0, 1, 5)      [8, 7] [SW, S]
    358     0x0000D880       0xFFFFFF80      0x00004002         (0, 0, 11)      [8] [NE]
    359     0x00019700       0xFFFFFF80      0x00020000         (0, 1, 2)      [11] []
    360     0x00012C00       0xFFFFFF80      0x000000B0         (0, 1, 5)      [1] [SW, S]
    361     0x00009400       0xFFFFFF80      0x00400003         (0, 0, 2)      [16] [E, NE]
    362     0x00011380       0xFFFFFF80      0x00030010         (0, 1, 2)      [10, 11] [SW]
    363     0x00016B00       0xFFFFFF80      0x00800008         (0, 1, 13)      [17] [W]
    364     0x00019600       0xFFFFFF80      0x00008000         (0, 1, 2)      [9] []
    365     0x00010700       0xFFFFFF80      0x00100020         (0, 1, 0)      [14] [S]
    366     0x00005280       0xFFFFFF80      0x00000080         (0, 0, 10)      [1] []
    367     0x00048800       0xFFFFFF00      0x00002000         (0, 4, 1)      [7] []
    368     0x00008E80       0xFFFFFF80      0x00000800         (0, 0, 1)      [5] []
    369     0x0004CE00       0xFFFFFF00      0x00000004         (0, 4, 9)      [] [N]
    370     0x00004880       0xFFFFFF80      0x00010000         (0, 0, 9)      [10] []
    371     0x0004B400       0xFFFFFF00      0x00000004         (0, 4, 6)      [] [N]
    372     0x00004680       0xFFFFFF80      0x00001000         (0, 0, 8)      [6] []
    373     0x00015880       0xFFFFFF80      0x00001010         (0, 1, 11)      [6] [SW]
    374     0x0001DB00       0xFFFFFF80      0x00000008         (0, 1, 11)      [] [W]
    375     0x0003FC00       0xFFFFFF00      0x00000008         (0, 3, 15)      [] [W]
    376     0x00006700       0xFFFFFF80      0x00080020         (0, 0, 12)      [13] [S]
    377     0x00010E00       0xFFFFFF80      0x00000010         (0, 1, 1)      [] [SW]
    378     0x00016C00       0xFFFFFF80      0x00000008         (0, 1, 13)      [] [W]
    379     0x00040400       0xFFFFFF00      0x00000008         (0, 4, 0)      [] [W]
    380     0x00040900       0xFFFFFF00      0x00000008         (0, 4, 1)      [] [W]
    381     0x00013080       0xFFFFFF80      0x00018030         (0, 1, 6)      [9, 10] [SW, S]
    382     0x00002B00       0xFFFFFF80      0x00008000         (0, 0, 5)      [9] []
    383     0x0000CF80       0xFFFFFF80      0x00000002         (0, 0, 9)      [] [NE]
    384     0x0001FF00       0xFFFFFF80      0x00000008         (0, 1, 15)      [] [W]
    385     0x00004A80       0xFFFFFF80      0x00100000         (0, 0, 9)      [14] []
    386     0x0000FC80       0xFFFFFF80      0x00000020         (0, 0, 15)      [] [S]
    387     0x0001D080       0xFFFFFF80      0x00200008         (0, 1, 10)      [15] [W]
    388     0x0000BF80       0xFFFFFF80      0x00400020         (0, 0, 7)      [16] [S]
    389     0x00014400       0xFFFFFF80      0x00000020         (0, 1, 8)      [] [S]
    390     0x00001D80       0xFFFFFF80      0x00020000         (0, 0, 3)      [11] []
    391     0x0004CA00       0xFFFFFF00      0x00000004         (0, 4, 9)      [] [N]
    392     0x00018680       0xFFFFFF80      0x00000020         (0, 1, 0)      [] [S]
    393     0x00008C80       0xFFFFFF80      0x00000080         (0, 0, 1)      [1] []
    394     0x00010280       0xFFFFFF80      0x00000800         (0, 1, 0)      [5] []
    395     0x0000E300       0xFFFFFF80      0x00000020         (0, 0, 12)      [] [S]
    396     0x00017580       0xFFFFFF80      0x00080018         (0, 1, 14)      [13] [W, SW]
    397     0x00003980       0xFFFFFF80      0x00008000         (0, 0, 7)      [9] []
    398     0x00023980       0xFFFFFF80      0x00000810         (0, 2, 7)      [5] [SW]
    399     0x00017480       0xFFFFFF80      0x00020018         (0, 1, 14)      [11] [W, SW]
    400     0x00017A00       0xFFFFFF80      0x00000008         (0, 1, 15)      [] [W]
    401     0x00015F00       0xFFFFFF80      0x00000030         (0, 1, 11)      [] [SW, S]
    402     0x0000B780       0xFFFFFF80      0x00000020         (0, 0, 6)      [] [S]
    403     0x00048C00       0xFFFFFF00      0x00020000         (0, 4, 1)      [11] []
    404     0x00019280       0xFFFFFF80      0x00000020         (0, 1, 2)      [] [S]
    405     0x00020680       0xFFFFFF80      0x00000008         (0, 2, 0)      [] [W]
    406     0x00017E80       0xFFFFFF80      0x00002010         (0, 1, 15)      [7] [SW]
    407     0x00015500       0xFFFFFF80      0x00000020         (0, 1, 10)      [] [S]
    408     0x00011480       0xFFFFFF80      0x000C0010         (0, 1, 2)      [12, 13] [SW]
    409     0x00002C80       0xFFFFFF80      0x00040000         (0, 0, 5)      [12] []
    410     0x00023C00       0xFFFFFF80      0x00010010         (0, 2, 7)      [10] [SW]
    411     0x00015080       0xFFFFFF80      0x00800020         (0, 1, 10)      [17] [S]
    412     0x00016880       0xFFFFFF80      0x00040010         (0, 1, 13)      [12] [SW]
    413     0x0000D500       0xFFFFFF80      0x00000080         (0, 0, 10)      [1] []
    414     0x00016580       0xFFFFFF80      0x00001010         (0, 1, 12)      [6] [SW]
    415     0x00010480       0xFFFFFF80      0x00008000         (0, 1, 0)      [9] []
    416     0x0001E380       0xFFFFFF80      0x00000008         (0, 1, 12)      [] [W]
    417     0x00019780       0xFFFFFF80      0x00040000         (0, 1, 2)      [12] []
    418     0x00003580       0xFFFFFF80      0x00000080         (0, 0, 6)      [1] []
    419     0x00008500       0xFFFFFF80      0x00200000         (0, 0, 0)      [15] []
    420     0x00015980       0xFFFFFF80      0x00004030         (0, 1, 11)      [8] [SW, S]
    421     0x00040700       0xFFFFFF00      0x00000008         (0, 4, 0)      [] [W]
    422     0x00008380       0xFFFFFF80      0x00040000         (0, 0, 0)      [12] []
    423     0x0001FE80       0xFFFFFF80      0x00000008         (0, 1, 15)      [] [W]
    424     0x0001F980       0xFFFFFF80      0x00000008         (0, 1, 15)      [] [W]
    425     0x00014D80       0xFFFFFF80      0x00020000         (0, 1, 9)      [11] []
    426     0x0000FA00       0xFFFFFF80      0x00800020         (0, 0, 15)      [17] [S]
    427     0x00016D80       0xFFFFFF80      0x00000008         (0, 1, 13)      [] [W]
    428     0x00013580       0xFFFFFF80      0x00000020         (0, 1, 6)      [] [S]
    429     0x00018C00       0xFFFFFF80      0x00020000         (0, 1, 1)      [11] []
    430     0x00008200       0xFFFFFF80      0x00008000         (0, 0, 0)      [9] []
    431     0x0000F200       0xFFFFFF80      0x00000080         (0, 0, 14)      [1] []
    432     0x0000D900       0xFFFFFF80      0x00008002         (0, 0, 11)      [9] [NE]
    433     0x00040800       0xFFFFFF00      0x00000008         (0, 4, 1)      [] [W]
    434     0x00008180       0xFFFFFF80      0x00004000         (0, 0, 0)      [8] []
    435     0x0000BC80       0xFFFFFF80      0x00010000         (0, 0, 7)      [10] []
    436     0x00012D80       0xFFFFFF80      0x00000630         (0, 1, 5)      [3, 4] [SW, S]
    437     0x00007F80       0xFFFFFF80      0x00000400         (0, 0, 15)      [4] []
    438     0x0001C900       0xFFFFFF80      0x00400000         (0, 1, 9)      [16] []
    439     0x00009000       0xFFFFFF80      0x00004002         (0, 0, 2)      [8] [NE]
    440     0x00012A80       0xFFFFFF80      0x00FFFFA0         (0, 1, 5)      [1, 2, 3, 4, 5, 6, 7, 8, 9, 10, 11, 12, 13, 14, 15, 16, 17] [S]
    441     0x00014A00       0xFFFFFF80      0x00000400         (0, 1, 9)      [4] []
    442     0x00009180       0xFFFFFF80      0x00020002         (0, 0, 2)      [11] [NE]
    443     0x00013700       0xFFFFFF80      0x00000020         (0, 1, 6)      [] [S]
    444     0x0000E700       0xFFFFFF80      0x00004000         (0, 0, 12)      [8] []
    445     0x00014600       0xFFFFFF80      0x00000020         (0, 1, 8)      [] [S]
    446     0x00011000       0xFFFFFF80      0x00000610         (0, 1, 2)      [3, 4] [SW]
    447     0x0000B800       0xFFFFFF80      0x00000080         (0, 0, 7)      [1] []
    448     0x0000A200       0xFFFFFF80      0x00200021         (0, 0, 4)      [15] [E, S]
    449     0x00012300       0xFFFFFF80      0x00FFFFBF         (0, 1, 4)      [1, 2, 3, 4, 5, 6, 7, 8, 9, 10, 11, 12, 13, 14, 15, 16, 17] [E, NE, N, W, SW, S]
    450     0x00014200       0xFFFFFF80      0x00400020         (0, 1, 8)      [16] [S]
    451     0x0001C080       0xFFFFFF80      0x00400000         (0, 1, 8)      [16] []
    452     0x0000F780       0xFFFFFF80      0x00040000         (0, 0, 14)      [12] []
    453     0x00015380       0xFFFFFF80      0x00000020         (0, 1, 10)      [] [S]
    454     0x00011580       0xFFFFFF80      0x0030000E         (0, 1, 2)      [14, 15] [NE, N, W]
    455     0x00011B00       0xFFFFFF80      0x00000004         (0, 1, 3)      [] [N]
    456     0x00024500       0xFFFFFF80      0x00000002         (0, 2, 8)      [] [NE]
    457     0x0004D200       0xFFFFFF00      0x00000004         (0, 4, 10)      [] [N]
    458     0x0000A980       0xFFFFFF80      0x00000080         (0, 0, 5)      [1] []
    459     0x0001B800       0xFFFFFF80      0x00800000         (0, 1, 7)      [17] []
    460     0x00017680       0xFFFFFF80      0x00200018         (0, 1, 14)      [15] [W, SW]
    461     0x0000FB00       0xFFFFFF80      0x00000020         (0, 0, 15)      [] [S]
    462     0x00011C80       0xFFFFFF80      0x00000004         (0, 1, 3)      [] [N]
    463     0x00018580       0xFFFFFF80      0x00000020         (0, 1, 0)      [] [S]
    464     0x00011800       0xFFFFFF80      0x0000000E         (0, 1, 3)      [] [NE, N, W]
    465     0x00013D00       0xFFFFFF80      0x00001010         (0, 1, 7)      [6] [SW]
    466     0x00019180       0xFFFFFF80      0x00000020         (0, 1, 2)      [] [S]
    467     0x0000BB80       0xFFFFFF80      0x00004000         (0, 0, 7)      [8] []
    468     0x0004C400       0xFFFFFF00      0x00000004         (0, 4, 8)      [] [N]
    469     0x0001DB80       0xFFFFFF80      0x00000008         (0, 1, 11)      [] [W]
    470     0x00040B00       0xFFFFFF00      0x00000008         (0, 4, 1)      [] [W]
    471     0x00017F80       0xFFFFFF80      0x00008010         (0, 1, 15)      [9] [SW]
    472     0x0001F900       0xFFFFFF80      0x00000008         (0, 1, 15)      [] [W]
    473     0x00009580       0xFFFFFF80      0x00000003         (0, 0, 2)      [] [E, NE]
    474     0x00011F80       0xFFFFFF80      0x00FFFFBC         (0, 1, 3)      [1, 2, 3, 4, 5, 6, 7, 8, 9, 10, 11, 12, 13, 14, 15, 16, 17] [N, W, SW, S]
    475     0x0000CA00       0xFFFFFF80      0x00004002         (0, 0, 9)      [8] [NE]
    476     0x00005480       0xFFFFFF80      0x00000800         (0, 0, 10)      [5] []
    477     0x00012080       0xFFFFFF80      0x00FFFFBE         (0, 1, 4)      [1, 2, 3, 4, 5, 6, 7, 8, 9, 10, 11, 12, 13, 14, 15, 16, 17] [NE, N, W, SW, S]
    478     0x0000D700       0xFFFFFF80      0x00000800         (0, 0, 10)      [5] []
    479     0x0004C600       0xFFFFFF00      0x00000004         (0, 4, 8)      [] [N]
    480     0x00012400       0xFFFFFF80      0x00FFFFBF         (0, 1, 4)      [1, 2, 3, 4, 5, 6, 7, 8, 9, 10, 11, 12, 13, 14, 15, 16, 17] [E, NE, N, W, SW, S]
    481     0x00007700       0xFFFFFF80      0x00400020         (0, 0, 14)      [16] [S]
    482     0x0000FE80       0xFFFFFF80      0x00000020         (0, 0, 15)      [] [S]
    483     0x0001D900       0xFFFFFF80      0x00800008         (0, 1, 11)      [17] [W]
    484     0x0000CC80       0xFFFFFF80      0x00080002         (0, 0, 9)      [13] [NE]
    485     0x0001E280       0xFFFFFF80      0x00000008         (0, 1, 12)      [] [W]
    486     0x00006880       0xFFFFFF80      0x00400021         (0, 0, 13)      [16] [E, S]
    487     0x00016A80       0xFFFFFF80      0x00400008         (0, 1, 13)      [16] [W]
    488     0x0001E780       0xFFFFFF80      0x00000008         (0, 1, 12)      [] [W]
    489     0x0000DB00       0xFFFFFF80      0x00080020         (0, 0, 11)      [13] [S]
    490     0x0000B080       0xFFFFFF80      0x00200020         (0, 0, 6)      [15] [S]
    491     0x00010300       0xFFFFFF80      0x00001000         (0, 1, 0)      [6] []
    492     0x00019A00       0xFFFFFF80      0x00800000         (0, 1, 3)      [17] []
    493     0x00014300       0xFFFFFF80      0x00000020         (0, 1, 8)      [] [S]
    494     0x00017400       0xFFFFFF80      0x00010018         (0, 1, 14)      [10] [W, SW]
    495     0x0000ED80       0xFFFFFF80      0x00000020         (0, 0, 13)      [] [S]
    496     0x0000F400       0xFFFFFF80      0x00000800         (0, 0, 14)      [5] []
    497     0x0000E000       0xFFFFFF80      0x00000021         (0, 0, 12)      [] [E, S]
    498     0x00015A00       0xFFFFFF80      0x00008030         (0, 1, 11)      [9] [SW, S]
    499     0x0000B000       0xFFFFFF80      0x00100020         (0, 0, 6)      [14] [S]
    500     0x0000AF00       0xFFFFFF80      0x00040000         (0, 0, 5)      [12] []
    501     0x0001C000       0xFFFFFF80      0x00200000         (0, 1, 8)      [15] []
    502     0x00016C80       0xFFFFFF80      0x00000008         (0, 1, 13)      [] [W]
    503     0x00011C00       0xFFFFFF80      0x00000004         (0, 1, 3)      [] [N]
    504     0x0000F680       0xFFFFFF80      0x00010000         (0, 0, 14)      [10] []
    505     0x00007080       0xFFFFFF80      0x00000200         (0, 0, 14)      [3] []
    506     0x0000B300       0xFFFFFF80      0x00000020         (0, 0, 6)      [] [S]
    507     0x00017780       0xFFFFFF80      0x00800018         (0, 1, 14)      [17] [W, SW]
    508     0x00010180       0xFFFFFF80      0x00000200         (0, 1, 0)      [3] []
    509     0x00009F80       0xFFFFFF80      0x00010000         (0, 0, 3)      [10] []
    510     0x0001C980       0xFFFFFF80      0x00800000         (0, 1, 9)      [17] []
    511     0x00001C80       0xFFFFFF80      0x00008000         (0, 0, 3)      [9] []
    512     0x00013200       0xFFFFFF80      0x000C0030         (0, 1, 6)      [12, 13] [SW, S]
    513     0x00003880       0xFFFFFF80      0x00002000         (0, 0, 7)      [7] []
    514     0x00024380       0xFFFFFF80      0x00000002         (0, 2, 8)      [] [NE]
    515     0x0000AD80       0xFFFFFF80      0x00008000         (0, 0, 5)      [9] []
    516     0x00012780       0xFFFFFF80      0x00FFFFA0         (0, 1, 4)      [1, 2, 3, 4, 5, 6, 7, 8, 9, 10, 11, 12, 13, 14, 15, 16, 17] [S]
    517     0x00008300       0xFFFFFF80      0x00020000         (0, 0, 0)      [11] []
    518     0x0004CF00       0xFFFFFF00      0x00000004         (0, 4, 9)      [] [N]
    519     0x00018B00       0xFFFFFF80      0x00008000         (0, 1, 1)      [9] []
    520     0x00014780       0xFFFFFF80      0x00000020         (0, 1, 8)      [] [S]
    521     0x00013300       0xFFFFFF80      0x00300030         (0, 1, 6)      [14, 15] [SW, S]
    522     0x0000E380       0xFFFFFF80      0x00000080         (0, 0, 12)      [1] []
    523     0x0001AB80       0xFFFFFF80      0x00020000         (0, 1, 5)      [11] []
    524     0x0001A380       0xFFFFFF80      0x00200000         (0, 1, 4)      [15] []
    525     0x0000EC80       0xFFFFFF80      0x00000020         (0, 0, 13)      [] [S]
    526     0x00011900       0xFFFFFF80      0x0000000E         (0, 1, 3)      [] [NE, N, W]
    527     0x00048E00       0xFFFFFF00      0x00080000         (0, 4, 1)      [13] []
    528     0x00002880       0xFFFFFF80      0x00000400         (0, 0, 5)      [4] []
    529     0x0001D180       0xFFFFFF80      0x00800008         (0, 1, 10)      [17] [W]
    530     0x00048200       0xFFFFFF00      0x00000080         (0, 4, 0)      [1] []
    531     0x00019300       0xFFFFFF80      0x00000020         (0, 1, 2)      [] [S]
    532     0x00009E00       0xFFFFFF80      0x00002000         (0, 0, 3)      [7] []
    533     0x0001C880       0xFFFFFF80      0x00200000         (0, 1, 9)      [15] []
    534     0x00013600       0xFFFFFF80      0x00000020         (0, 1, 6)      [] [S]
    535     0x00016980       0xFFFFFF80      0x00100008         (0, 1, 13)      [14] [W]
    536     0x0000DA00       0xFFFFFF80      0x00020002         (0, 0, 11)      [11] [NE]
    537     0x0004CD00       0xFFFFFF00      0x00000004         (0, 4, 9)      [] [N]
    538     0x0001C100       0xFFFFFF80      0x00800000         (0, 1, 8)      [17] []
    539     0x00014B00       0xFFFFFF80      0x00001000         (0, 1, 9)      [6] []
    540     0x00007100       0xFFFFFF80      0x00000400         (0, 0, 14)      [4] []
    541     0x00010E80       0xFFFFFF80      0x00000090         (0, 1, 1)      [1] [SW]
    542     0x00007600       0xFFFFFF80      0x00100020         (0, 0, 14)      [14] [S]
    543     0x0001E100       0xFFFFFF80      0x00000008         (0, 1, 12)      [] [W]
    544     0x00012900       0xFFFFFF80      0x00FFFFA0         (0, 1, 5)      [1, 2, 3, 4, 5, 6, 7, 8, 9, 10, 11, 12, 13, 14, 15, 16, 17] [S]
    545     0x00009C00       0xFFFFFF80      0x00000200         (0, 0, 3)      [3] []
    546     0x00019800       0xFFFFFF80      0x00080000         (0, 1, 3)      [13] []
    547     0x00014A80       0xFFFFFF80      0x00000800         (0, 1, 9)      [5] []
    548     0x00017980       0xFFFFFF80      0x00000018         (0, 1, 15)      [] [W, SW]
    549     0x0001B780       0xFFFFFF80      0x00400000         (0, 1, 6)      [16] []
    550     0x00015780       0xFFFFFF80      0x00000400         (0, 1, 10)      [4] []
    551     0x00014E80       0xFFFFFF80      0x00080020         (0, 1, 9)      [13] [S]
    552     0x0000DF80       0xFFFFFF80      0x00000021         (0, 0, 11)      [] [E, S]
    553     0x00012980       0xFFFFFF80      0x00FFFFA0         (0, 1, 5)      [1, 2, 3, 4, 5, 6, 7, 8, 9, 10, 11, 12, 13, 14, 15, 16, 17] [S]
    554     0x00010600       0xFFFFFF80      0x00040020         (0, 1, 0)      [12] [S]
    555     0x0000F280       0xFFFFFF80      0x00000100         (0, 0, 14)      [2] []
    556     0x00003780       0xFFFFFF80      0x00000800         (0, 0, 6)      [5] []
    557     0x00012100       0xFFFFFF80      0x00FFFFBE         (0, 1, 4)      [1, 2, 3, 4, 5, 6, 7, 8, 9, 10, 11, 12, 13, 14, 15, 16, 17] [NE, N, W, SW, S]
    558     0x0001B680       0xFFFFFF80      0x00100000         (0, 1, 6)      [14] []
    559     0x00006280       0xFFFFFF80      0x00000400         (0, 0, 12)      [4] []
    560     0x00023600       0xFFFFFF80      0x00000010         (0, 2, 6)      [] [SW]
    561     0x0000C700       0xFFFFFF80      0x00000100         (0, 0, 8)      [2] []
    562     0x0000B200       0xFFFFFF80      0x00000020         (0, 0, 6)      [] [S]
    563     0x00013480       0xFFFFFF80      0x00800030         (0, 1, 6)      [17] [SW, S]
    564     0x00007200       0xFFFFFF80      0x00001000         (0, 0, 14)      [6] []
    565     0x0000C100       0xFFFFFF80      0x00000020         (0, 0, 8)      [] [S]
    566     0x00013E80       0xFFFFFF80      0x00008030         (0, 1, 7)      [9] [SW, S]
    567     0x00021E00       0xFFFFFF80      0x00FFFF80         (0, 2, 3)      [1, 2, 3, 4, 5, 6, 7, 8, 9, 10, 11, 12, 13, 14, 15, 16, 17] []
    568     0x0000CF00       0xFFFFFF80      0x00000002         (0, 0, 9)      [] [NE]
    569     0x00002800       0xFFFFFF80      0x00000200         (0, 0, 5)      [3] []
    570     0x0001A400       0xFFFFFF80      0x00400000         (0, 1, 4)      [16] []
    571     0x00002780       0xFFFFFF80      0x00000100         (0, 0, 4)      [2] []
    572     0x00007280       0xFFFFFF80      0x00002000         (0, 0, 14)      [7] []
    573     0x0001D380       0xFFFFFF80      0x00000008         (0, 1, 10)      [] [W]
    574     0x0000E580       0xFFFFFF80      0x00000800         (0, 0, 12)      [5] []
    575     0x00015F80       0xFFFFFF80      0x00000020         (0, 1, 11)      [] [S]
    576     0x00005680       0xFFFFFF80      0x00008000         (0, 0, 10)      [9] []
    577     0x00000E80       0xFFFFFF80      0x00010000         (0, 0, 1)      [10] []
    578     0x00013500       0xFFFFFF80      0x00000030         (0, 1, 6)      [] [SW, S]
    579     0x0001DC00       0xFFFFFF80      0x00000008         (0, 1, 11)      [] [W]
    580     0x00018280       0xFFFFFF80      0x00200010         (0, 1, 0)      [15] [SW]
    581     0x00018380       0xFFFFFF80      0x00800020         (0, 1, 0)      [17] [S]
    582     0x00023580       0xFFFFFF80      0x00000010         (0, 2, 6)      [] [SW]
    583     0x00016600       0xFFFFFF80      0x00002010         (0, 1, 12)      [7] [SW]
    584     0x00015D00       0xFFFFFF80      0x00200030         (0, 1, 11)      [15] [SW, S]
    585     0x00011280       0xFFFFFF80      0x0000C010         (0, 1, 2)      [8, 9] [SW]
    586     0x00009080       0xFFFFFF80      0x00008002         (0, 0, 2)      [9] [NE]
    587     0x0000EE00       0xFFFFFF80      0x00000020         (0, 0, 13)      [] [S]
    588     0x0001E700       0xFFFFFF80      0x00000008         (0, 1, 12)      [] [W]
    589     0x00015180       0xFFFFFF80      0x00000020         (0, 1, 10)      [] [S]
    590     0x00012A00       0xFFFFFF80      0x00FFFFA0         (0, 1, 5)      [1, 2, 3, 4, 5, 6, 7, 8, 9, 10, 11, 12, 13, 14, 15, 16, 17] [S]
    591     0x00014C00       0xFFFFFF80      0x00004000         (0, 1, 9)      [8] []
    592     0x0000A900       0xFFFFFF80      0x00000020         (0, 0, 5)      [] [S]
    593     0x0000BA00       0xFFFFFF80      0x00000800         (0, 0, 7)      [5] []
    594     0x0000CD80       0xFFFFFF80      0x00200002         (0, 0, 9)      [15] [NE]
    595     0x0000DE00       0xFFFFFF80      0x00000021         (0, 0, 11)      [] [E, S]
    596     0x00048300       0xFFFFFF00      0x00000100         (0, 4, 0)      [2] []
    597     0x00024000       0xFFFFFF80      0x00000002         (0, 2, 8)      [] [NE]
    598     0x00017800       0xFFFFFF80      0x00000018         (0, 1, 15)      [] [W, SW]
    599     0x00008480       0xFFFFFF80      0x00100000         (0, 0, 0)      [14] []
    600     0x00013B00       0xFFFFFF80      0x00000130         (0, 1, 7)      [2] [SW, S]
    601     0x00010F00       0xFFFFFF80      0x00000190         (0, 1, 1)      [1, 2] [SW]
    602     0x00007E80       0xFFFFFF80      0x00000100         (0, 0, 15)      [2] []
    603     0x00018780       0xFFFFFF80      0x00000020         (0, 1, 0)      [] [S]
    604     0x00040C00       0xFFFFFF00      0x00000008         (0, 4, 1)      [] [W]
    605     0x0000C880       0xFFFFFF80      0x00000800         (0, 0, 9)      [5] []
    606     0x00015000       0xFFFFFF80      0x00400020         (0, 1, 10)      [16] [S]
    607     0x0000BD00       0xFFFFFF80      0x00020000         (0, 0, 7)      [11] []
    608     0x00004400       0xFFFFFF80      0x00000080         (0, 0, 8)      [1] []
    609     0x0000D100       0xFFFFFF80      0x00000002         (0, 0, 10)      [] [NE]
    610     0x00010800       0xFFFFFF80      0x00400020         (0, 1, 1)      [16] [S]
    611     0x0004B200       0xFFFFFF00      0x00000004         (0, 4, 6)      [] [N]
    612     0x00018C80       0xFFFFFF80      0x00040000         (0, 1, 1)      [12] []
    613     0x0000CC00       0xFFFFFF80      0x00040002         (0, 0, 9)      [12] [NE]
    614     0x00012C80       0xFFFFFF80      0x000001B0         (0, 1, 5)      [1, 2] [SW, S]
    615     0x0004D100       0xFFFFFF00      0x00000004         (0, 4, 10)      [] [N]
    616     0x00008600       0xFFFFFF80      0x00800002         (0, 0, 0)      [17] [NE]
    617     0x00010780       0xFFFFFF80      0x00200020         (0, 1, 0)      [15] [S]
    618     0x00007480       0xFFFFFF80      0x00020000         (0, 0, 14)      [11] []
    619     0x0000EA00       0xFFFFFF80      0x00100020         (0, 0, 13)      [14] [S]
    620     0x00014E00       0xFFFFFF80      0x00040000         (0, 1, 9)      [12] []
    621     0x0000D000       0xFFFFFF80      0x00000002         (0, 0, 10)      [] [NE]
    622     0x00011680       0xFFFFFF80      0x00C0000E         (0, 1, 2)      [16, 17] [NE, N, W]
    623     0x0004C300       0xFFFFFF00      0x00000004         (0, 4, 8)      [] [N]
    624     0x00012E00       0xFFFFFF80      0x00000C10         (0, 1, 5)      [4, 5] [SW]
    625     0x00004900       0xFFFFFF80      0x00020000         (0, 0, 9)      [11] []
    626     0x0000F480       0xFFFFFF80      0x00001000         (0, 0, 14)      [6] []
    627     0x0000BE80       0xFFFFFF80      0x00100020         (0, 0, 7)      [14] [S]
    628     0x00014D00       0xFFFFFF80      0x00010000         (0, 1, 9)      [10] []
    629     0x0000D580       0xFFFFFF80      0x00000100         (0, 0, 10)      [2] []
    630     0x00016680       0xFFFFFF80      0x00004010         (0, 1, 12)      [8] [SW]
    631     0x00015100       0xFFFFFF80      0x00000020         (0, 1, 10)      [] [S]
    632     0x00007300       0xFFFFFF80      0x00004000         (0, 0, 14)      [8] []
    633     0x00007400       0xFFFFFF80      0x00010000         (0, 0, 14)      [10] []
    634     0x00001B80       0xFFFFFF80      0x00002000         (0, 0, 3)      [7] []
    635     0x0001B600       0xFFFFFF80      0x00080000         (0, 1, 6)      [13] []
    636     0x0000FD80       0xFFFFFF80      0x00000020         (0, 0, 15)      [] [S]
    637     0x00000B00       0xFFFFFF80      0x00000200         (0, 0, 1)      [3] []
    638     0x00011200       0xFFFFFF80      0x00006010         (0, 1, 2)      [8, 7] [SW]
    639     0x00000C00       0xFFFFFF80      0x00000800         (0, 0, 1)      [5] []
    640     0x00049000       0xFFFFFF00      0x00200000         (0, 4, 2)      [15] []
    641     0x00008D80       0xFFFFFF80      0x00000200         (0, 0, 1)      [3] []
    642     0x00003B00       0xFFFFFF80      0x00040000         (0, 0, 7)      [12] []
    643     0x00019680       0xFFFFFF80      0x00010000         (0, 1, 2)      [10] []
    644     0x00016780       0xFFFFFF80      0x00010010         (0, 1, 12)      [10] [SW]
    645     0x00023E00       0xFFFFFF80      0x00100002         (0, 2, 7)      [14] [NE]
    646     0x00016000       0xFFFFFF80      0x00000020         (0, 1, 12)      [] [S]
    647     0x00013D80       0xFFFFFF80      0x00002010         (0, 1, 7)      [7] [SW]
    648     0x00015200       0xFFFFFF80      0x00000020         (0, 1, 10)      [] [S]
    649     0x00015E00       0xFFFFFF80      0x00800030         (0, 1, 11)      [17] [SW, S]
    650     0x00017280       0xFFFFFF80      0x00002018         (0, 1, 14)      [7] [W, SW]
    651     0x00018800       0xFFFFFF80      0x00000020         (0, 1, 1)      [] [S]
    652     0x00008100       0xFFFFFF80      0x00002000         (0, 0, 0)      [7] []
    653     0x00001B00       0xFFFFFF80      0x00001000         (0, 0, 3)      [6] []
    654     0x0004C500       0xFFFFFF00      0x00000004         (0, 4, 8)      [] [N]
    655     0x0000CB00       0xFFFFFF80      0x00010002         (0, 0, 9)      [10] [NE]
    656     0x00016E80       0xFFFFFF80      0x00000008         (0, 1, 13)      [] [W]
    657     0x00010000       0xFFFFFF80      0x00000020         (0, 1, 0)      [] [S]
    658     0x00023500       0xFFFFFF80      0x00000010         (0, 2, 6)      [] [SW]
    659     0x0000F900       0xFFFFFF80      0x00200020         (0, 0, 15)      [15] [S]
    660     0x00012880       0xFFFFFF80      0x00FFFFA0         (0, 1, 5)      [1, 2, 3, 4, 5, 6, 7, 8, 9, 10, 11, 12, 13, 14, 15, 16, 17] [S]
    661     0x00018880       0xFFFFFF80      0x00000020         (0, 1, 1)      [] [S]
    662     0x0001DA00       0xFFFFFF80      0x00000008         (0, 1, 11)      [] [W]
    663     0x00015B80       0xFFFFFF80      0x00040030         (0, 1, 11)      [12] [SW, S]
    664     0x0000F700       0xFFFFFF80      0x00020000         (0, 0, 14)      [11] []
    665     0x00013B80       0xFFFFFF80      0x00000230         (0, 1, 7)      [3] [SW, S]
    666     0x00048900       0xFFFFFF00      0x00004000         (0, 4, 1)      [8] []
    667     0x0000B380       0xFFFFFF80      0x00000020         (0, 0, 6)      [] [S]
    668     0x0000FA80       0xFFFFFF80      0x00000020         (0, 0, 15)      [] [S]
    669     0x0000EB00       0xFFFFFF80      0x00400020         (0, 0, 13)      [16] [S]
    670     0x00017380       0xFFFFFF80      0x00008018         (0, 1, 14)      [9] [W, SW]
    671     0x00010880       0xFFFFFF80      0x00800020         (0, 1, 1)      [17] [S]
    672     0x0000AA00       0xFFFFFF80      0x00000100         (0, 0, 5)      [2] []
    673     0x00008F00       0xFFFFFF80      0x00001002         (0, 0, 1)      [6] [NE]
    674     0x00002A00       0xFFFFFF80      0x00002000         (0, 0, 5)      [7] []
    675     0x00005800       0xFFFFFF80      0x00040000         (0, 0, 11)      [12] []
    676     0x00011980       0xFFFFFF80      0x0000000E         (0, 1, 3)      [] [NE, N, W]
    677     0x00011A00       0xFFFFFF80      0x0000000C         (0, 1, 3)      [] [N, W]
    678     0x0000E780       0xFFFFFF80      0x00008000         (0, 0, 12)      [9] []
    679     0x0000DB80       0xFFFFFF80      0x00100021         (0, 0, 11)      [14] [E, S]
    680     0x00004A00       0xFFFFFF80      0x00080000         (0, 0, 9)      [13] []
    681     0x0003FE00       0xFFFFFF00      0x00000008         (0, 3, 15)      [] [W]
    682     0x00010A00       0xFFFFFF80      0x00000020         (0, 1, 1)      [] [S]
    683     0x0000F600       0xFFFFFF80      0x00008000         (0, 0, 14)      [9] []
    684     0x00019980       0xFFFFFF80      0x00400000         (0, 1, 3)      [16] []
    685     0x00007180       0xFFFFFF80      0x00000800         (0, 0, 14)      [5] []
    686     0x0000A100       0xFFFFFF80      0x00080020         (0, 0, 4)      [13] [S]
    687     0x00006680       0xFFFFFF80      0x00040000         (0, 0, 12)      [12] []
    688     0x00014C80       0xFFFFFF80      0x00008000         (0, 1, 9)      [9] []
    689     0x00010380       0xFFFFFF80      0x00002000         (0, 1, 0)      [7] []
    690     0x00015B00       0xFFFFFF80      0x00020030         (0, 1, 11)      [11] [SW, S]
    691     0x00006300       0xFFFFFF80      0x00000800         (0, 0, 12)      [5] []
    692     0x00003800       0xFFFFFF80      0x00001000         (0, 0, 7)      [6] []
    693     0x00021980       0xFFFFFF80      0x00000008         (0, 2, 3)      [] [W]
    694     0x00017900       0xFFFFFF80      0x00000018         (0, 1, 15)      [] [W, SW]
    695     0x0000DC80       0xFFFFFF80      0x00400021         (0, 0, 11)      [16] [E, S]
    696     0x00009380       0xFFFFFF80      0x00200003         (0, 0, 2)      [15] [E, NE]
    697     0x0000A280       0xFFFFFF80      0x00400021         (0, 0, 4)      [16] [E, S]
    698     0x0000BC00       0xFFFFFF80      0x00008000         (0, 0, 7)      [9] []
    699     0x00005500       0xFFFFFF80      0x00001000         (0, 0, 10)      [6] []
    700     0x00015E80       0xFFFFFF80      0x00000030         (0, 1, 11)      [] [SW, S]
    701     0x00009280       0xFFFFFF80      0x00080002         (0, 0, 2)      [13] [NE]
    702     0x00010080       0xFFFFFF80      0x00000080         (0, 1, 0)      [1] []
    703     0x0001E080       0xFFFFFF80      0x00000008         (0, 1, 12)      [] [W]
    704     0x00040000       0xFFFFFF00      0x00000008         (0, 4, 0)      [] [W]
    705     0x00005880       0xFFFFFF80      0x00080000         (0, 0, 11)      [13] []
    706     0x00014280       0xFFFFFF80      0x00800020         (0, 1, 8)      [17] [S]
    707     0x0000AA80       0xFFFFFF80      0x00000200         (0, 0, 5)      [3] []
    708     0x00001C00       0xFFFFFF80      0x00004000         (0, 0, 3)      [8] []
    709     0x0004D000       0xFFFFFF00      0x00000004         (0, 4, 10)      [] [N]
    710     0x00012700       0xFFFFFF80      0x00FFFFA0         (0, 1, 4)      [1, 2, 3, 4, 5, 6, 7, 8, 9, 10, 11, 12, 13, 14, 15, 16, 17] [S]
    711     0x0000AB80       0xFFFFFF80      0x00000800         (0, 0, 5)      [5] []
    712     0x0000E600       0xFFFFFF80      0x00001000         (0, 0, 12)      [6] []
    713     0x00011400       0xFFFFFF80      0x00060010         (0, 1, 2)      [11, 12] [SW]
    714     0x00013880       0xFFFFFF80      0x00000020         (0, 1, 7)      [] [S]
    715     0x00024280       0xFFFFFF80      0x00000002         (0, 2, 8)      [] [NE]
    716     0x0000D780       0xFFFFFF80      0x00001002         (0, 0, 10)      [6] [NE]
    717     0x0000EC00       0xFFFFFF80      0x00000020         (0, 0, 13)      [] [S]
    718     0x00013F00       0xFFFFFF80      0x00010030         (0, 1, 7)      [10] [SW, S]
    719     0x00003600       0xFFFFFF80      0x00000100         (0, 0, 6)      [2] []
    720     0x0003FD00       0xFFFFFF00      0x00000008         (0, 3, 15)      [] [W]
    721     0x00018E00       0xFFFFFF80      0x00200020         (0, 1, 1)      [15] [S]
    722     0x00005900       0xFFFFFF80      0x00100001         (0, 0, 11)      [14] [E]
    723     0x00040200       0xFFFFFF00      0x00000008         (0, 4, 0)      [] [W]
    724     0x0000DD00       0xFFFFFF80      0x00800021         (0, 0, 11)      [17] [E, S]
    725     0x00010900       0xFFFFFF80      0x00000020         (0, 1, 1)      [] [S]
    726     0x00006100       0xFFFFFF80      0x00000080         (0, 0, 12)      [1] []
    727     0x00011500       0xFFFFFF80      0x0018000E         (0, 1, 2)      [13, 14] [NE, N, W]
    728     0x0000DF00       0xFFFFFF80      0x00000021         (0, 0, 11)      [] [E, S]
    729     0x00024080       0xFFFFFF80      0x00000002         (0, 2, 8)      [] [NE]
    730     0x0001C800       0xFFFFFF80      0x00100000         (0, 1, 9)      [14] []
    731     0x00011700       0xFFFFFF80      0x0080000E         (0, 1, 2)      [17] [NE, N, W]
    732     0x0000E400       0xFFFFFF80      0x00000100         (0, 0, 12)      [2] []
    733     0x00040300       0xFFFFFF00      0x00000008         (0, 4, 0)      [] [W]
    734     0x00014980       0xFFFFFF80      0x00000200         (0, 1, 9)      [3] []
    735     0x00004480       0xFFFFFF80      0x00000100         (0, 0, 8)      [2] []
    736     0x00000D80       0xFFFFFF80      0x00004000         (0, 0, 1)      [8] []
    737     0x00002B80       0xFFFFFF80      0x00010000         (0, 0, 5)      [10] []
    738     0x00018300       0xFFFFFF80      0x00400020         (0, 1, 0)      [16] [S]
    739     0x00014380       0xFFFFFF80      0x00000020         (0, 1, 8)      [] [S]
    740     0x0000CE80       0xFFFFFF80      0x00800002         (0, 0, 9)      [17] [NE]
