router contains 257 entries 
 
  Index   Key(hex)    Mask(hex)    Route(hex)    Src. Core -> [Cores][Links]
------------------------------------------------------------------------------
    0     0x00015D00       0xFFFFFF80      0x00000002         (0, 1, 11)      [] [NE]
    1     0x00015700       0xFFFFFF80      0x00000001         (0, 1, 10)      [] [E]
    2     0x00014780       0xFFFFFF80      0x00000002         (0, 1, 8)      [] [NE]
    3     0x00021280       0xFFFFFF80      0x00000030         (0, 2, 2)      [] [SW, S]
    4     0x0000EF80       0xFFFFFF80      0x00000002         (0, 0, 13)      [] [NE]
    5     0x00018C00       0xFFFFFF80      0x00000001         (0, 1, 1)      [] [E]
    6     0x00020A00       0xFFFFFF80      0x00000010         (0, 2, 1)      [] [SW]
    7     0x0001D900       0xFFFFFF80      0x00000010         (0, 1, 11)      [] [SW]
    8     0x0000ED80       0xFFFFFF80      0x00000002         (0, 0, 13)      [] [NE]
    9     0x00022100       0xFFFFFF80      0x00000034         (0, 2, 4)      [] [N, SW, S]
    10     0x0005E000       0xFFFFFF00      0x00000002         (0, 5, 12)      [] [NE]
    11     0x00019000       0xFFFFFF80      0x00000003         (0, 1, 2)      [] [E, NE]
    12     0x00016200       0xFFFFFF80      0x00000002         (0, 1, 12)      [] [NE]
    13     0x00023200       0xFFFFFF80      0x0000000C         (0, 2, 6)      [] [N, W]
    14     0x00022D00       0xFFFFFF80      0x00000004         (0, 2, 5)      [] [N]
    15     0x00019380       0xFFFFFF80      0x00000003         (0, 1, 2)      [] [E, NE]
    16     0x00022C80       0xFFFFFF80      0x00000004         (0, 2, 5)      [] [N]
    17     0x0001D880       0xFFFFFF80      0x00000010         (0, 1, 11)      [] [SW]
    18     0x0005FD00       0xFFFFFF00      0x00000002         (0, 5, 15)      [] [NE]
    19     0x00022280       0xFFFFFF80      0x00000007         (0, 2, 4)      [] [E, NE, N]
    20     0x0001DA80       0xFFFFFF80      0x00000010         (0, 1, 11)      [] [SW]
    21     0x00014200       0xFFFFFF80      0x00000002         (0, 1, 8)      [] [NE]
    22     0x0005C300       0xFFFFFF00      0x00000001         (0, 5, 8)      [] [E]
    23     0x00023480       0xFFFFFF80      0x00000004         (0, 2, 6)      [] [N]
    24     0x00021300       0xFFFFFF80      0x00000030         (0, 2, 2)      [] [SW, S]
    25     0x0005EC00       0xFFFFFF00      0x00000002         (0, 5, 13)      [] [NE]
    26     0x0005EA00       0xFFFFFF00      0x00000002         (0, 5, 13)      [] [NE]
    27     0x0005DD00       0xFFFFFF00      0x00000002         (0, 5, 11)      [] [NE]
    28     0x00015E00       0xFFFFFF80      0x00000002         (0, 1, 11)      [] [NE]
    29     0x0005BE00       0xFFFFFF00      0x00000001         (0, 5, 7)      [] [E]
    30     0x00022200       0xFFFFFF80      0x00000036         (0, 2, 4)      [] [NE, N, SW, S]
    31     0x0005E800       0xFFFFFF00      0x00000002         (0, 5, 13)      [] [NE]
    32     0x0005DB00       0xFFFFFF00      0x00000002         (0, 5, 11)      [] [NE]
    33     0x00018300       0xFFFFFF80      0x00000002         (0, 1, 0)      [] [NE]
    34     0x00021D00       0xFFFFFF80      0x00000030         (0, 2, 3)      [] [SW, S]
    35     0x00018480       0xFFFFFF80      0x00000002         (0, 1, 0)      [] [NE]
    36     0x0005C200       0xFFFFFF00      0x00000001         (0, 5, 8)      [] [E]
    37     0x0005ED00       0xFFFFFF00      0x00000002         (0, 5, 13)      [] [NE]
    38     0x00015F80       0xFFFFFF80      0x00000002         (0, 1, 11)      [] [NE]
    39     0x00023180       0xFFFFFF80      0x0000000C         (0, 2, 6)      [] [N, W]
    40     0x0005E500       0xFFFFFF00      0x00000002         (0, 5, 12)      [] [NE]
    41     0x00022880       0xFFFFFF80      0x00000004         (0, 2, 5)      [] [N]
    42     0x00016180       0xFFFFFF80      0x00000002         (0, 1, 12)      [] [NE]
    43     0x0005D900       0xFFFFFF00      0x00000002         (0, 5, 11)      [] [NE]
    44     0x00018980       0xFFFFFF80      0x00000002         (0, 1, 1)      [] [NE]
    45     0x0005D700       0xFFFFFF00      0x00000002         (0, 5, 10)      [] [NE]
    46     0x0005EB00       0xFFFFFF00      0x00000002         (0, 5, 13)      [] [NE]
    47     0x0005BB00       0xFFFFFF00      0x00000001         (0, 5, 7)      [] [E]
    48     0x0005DF00       0xFFFFFF00      0x00000002         (0, 5, 11)      [] [NE]
    49     0x00014800       0xFFFFFF80      0x00000002         (0, 1, 9)      [] [NE]
    50     0x00018E80       0xFFFFFF80      0x00000003         (0, 1, 1)      [] [E, NE]
    51     0x00014380       0xFFFFFF80      0x00000002         (0, 1, 8)      [] [NE]
    52     0x00013500       0xFFFFFF80      0x00000002         (0, 1, 6)      [] [NE]
    53     0x00014580       0xFFFFFF80      0x00000002         (0, 1, 8)      [] [NE]
    54     0x00010D00       0xFFFFFF80      0x00000002         (0, 1, 1)      [] [NE]
    55     0x00022480       0xFFFFFF80      0x00000002         (0, 2, 4)      [] [NE]
    56     0x00023980       0xFFFFFF80      0x0000000E         (0, 2, 7)      [] [NE, N, W]
    57     0x00018500       0xFFFFFF80      0x00000002         (0, 1, 0)      [] [NE]
    58     0x00019080       0xFFFFFF80      0x00000003         (0, 1, 2)      [] [E, NE]
    59     0x0005F000       0xFFFFFF00      0x00000002         (0, 5, 14)      [] [NE]
    60     0x0005E100       0xFFFFFF00      0x00000002         (0, 5, 12)      [] [NE]
    61     0x00013600       0xFFFFFF80      0x00000002         (0, 1, 6)      [] [NE]
    62     0x00015300       0xFFFFFF80      0x00000001         (0, 1, 10)      [] [E]
    63     0x0005FB00       0xFFFFFF00      0x00000002         (0, 5, 15)      [] [NE]
    64     0x00023680       0xFFFFFF80      0x0000000C         (0, 2, 6)      [] [N, W]
    65     0x00022080       0xFFFFFF80      0x00000034         (0, 2, 4)      [] [N, SW, S]
    66     0x0001D380       0xFFFFFF80      0x00000010         (0, 1, 10)      [] [SW]
    67     0x00022900       0xFFFFFF80      0x00000004         (0, 2, 5)      [] [N]
    68     0x00018900       0xFFFFFF80      0x00000002         (0, 1, 1)      [] [NE]
    69     0x0005BF00       0xFFFFFF00      0x00000001         (0, 5, 7)      [] [E]
    70     0x00014700       0xFFFFFF80      0x00000002         (0, 1, 8)      [] [NE]
    71     0x00015D80       0xFFFFFF80      0x00000002         (0, 1, 11)      [] [NE]
    72     0x00015F00       0xFFFFFF80      0x00000002         (0, 1, 11)      [] [NE]
    73     0x00022380       0xFFFFFF80      0x0000000C         (0, 2, 4)      [] [N, W]
    74     0x0000EE00       0xFFFFFF80      0x00000002         (0, 0, 13)      [] [NE]
    75     0x0001D800       0xFFFFFF80      0x00000010         (0, 1, 11)      [] [SW]
    76     0x0005F700       0xFFFFFF00      0x00000002         (0, 5, 14)      [] [NE]
    77     0x00016080       0xFFFFFF80      0x00000002         (0, 1, 12)      [] [NE]
    78     0x00016280       0xFFFFFF80      0x00000002         (0, 1, 12)      [] [NE]
    79     0x0005E300       0xFFFFFF00      0x00000002         (0, 5, 12)      [] [NE]
    80     0x00010C80       0xFFFFFF80      0x00000002         (0, 1, 1)      [] [NE]
    81     0x0005DC00       0xFFFFFF00      0x00000002         (0, 5, 11)      [] [NE]
    82     0x00018D80       0xFFFFFF80      0x00000001         (0, 1, 1)      [] [E]
    83     0x00015E80       0xFFFFFF80      0x00000002         (0, 1, 11)      [] [NE]
    84     0x00018380       0xFFFFFF80      0x00000002         (0, 1, 0)      [] [NE]
    85     0x00013900       0xFFFFFF80      0x00000002         (0, 1, 7)      [] [NE]
    86     0x00021D80       0xFFFFFF80      0x00000025         (0, 2, 3)      [] [E, N, S]
    87     0x0005E600       0xFFFFFF00      0x00000002         (0, 5, 12)      [] [NE]
    88     0x00021B80       0xFFFFFF80      0x00000004         (0, 2, 3)      [] [N]
    89     0x00023280       0xFFFFFF80      0x0000000C         (0, 2, 6)      [] [N, W]
    90     0x00018C80       0xFFFFFF80      0x00000003         (0, 1, 1)      [] [E, NE]
    91     0x00060100       0xFFFFFF00      0x00000002         (0, 6, 0)      [] [NE]
    92     0x00022980       0xFFFFFF80      0x00000004         (0, 2, 5)      [] [N]
    93     0x00013880       0xFFFFFF80      0x00000002         (0, 1, 7)      [] [NE]
    94     0x00014880       0xFFFFFF80      0x00000002         (0, 1, 9)      [] [NE]
    95     0x0005F800       0xFFFFFF00      0x00000002         (0, 5, 15)      [] [NE]
    96     0x00024580       0xFFFFFF80      0x00000001         (0, 2, 8)      [] [E]
    97     0x00018E00       0xFFFFFF80      0x00000003         (0, 1, 1)      [] [E, NE]
    98     0x0001DE00       0xFFFFFF80      0x00000010         (0, 1, 11)      [] [SW]
    99     0x00015200       0xFFFFFF80      0x00000001         (0, 1, 10)      [] [E]
    100     0x00023100       0xFFFFFF80      0x0000000C         (0, 2, 6)      [] [N, W]
    101     0x00015400       0xFFFFFF80      0x00000001         (0, 1, 10)      [] [E]
    102     0x00023400       0xFFFFFF80      0x0000000C         (0, 2, 6)      [] [N, W]
    103     0x00023300       0xFFFFFF80      0x0000000C         (0, 2, 6)      [] [N, W]
    104     0x00021F00       0xFFFFFF80      0x0000002C         (0, 2, 3)      [] [N, W, S]
    105     0x00021B00       0xFFFFFF80      0x00000006         (0, 2, 3)      [] [NE, N]
    106     0x00019100       0xFFFFFF80      0x00000003         (0, 1, 2)      [] [E, NE]
    107     0x00023800       0xFFFFFF80      0x0000000E         (0, 2, 7)      [] [NE, N, W]
    108     0x0001DB80       0xFFFFFF80      0x00000010         (0, 1, 11)      [] [SW]
    109     0x0000EC00       0xFFFFFF80      0x00000002         (0, 0, 13)      [] [NE]
    110     0x00023900       0xFFFFFF80      0x0000000E         (0, 2, 7)      [] [NE, N, W]
    111     0x00016400       0xFFFFFF80      0x00000002         (0, 1, 12)      [] [NE]
    112     0x00023C80       0xFFFFFF80      0x0000000E         (0, 2, 7)      [] [NE, N, W]
    113     0x00016100       0xFFFFFF80      0x00000002         (0, 1, 12)      [] [NE]
    114     0x0005C000       0xFFFFFF00      0x00000001         (0, 5, 8)      [] [E]
    115     0x00015380       0xFFFFFF80      0x00000001         (0, 1, 10)      [] [E]
    116     0x00015180       0xFFFFFF80      0x00000001         (0, 1, 10)      [] [E]
    117     0x00021C00       0xFFFFFF80      0x0000002C         (0, 2, 3)      [] [N, W, S]
    118     0x00016380       0xFFFFFF80      0x00000002         (0, 1, 12)      [] [NE]
    119     0x0005FA00       0xFFFFFF00      0x00000002         (0, 5, 15)      [] [NE]
    120     0x00019280       0xFFFFFF80      0x00000003         (0, 1, 2)      [] [E, NE]
    121     0x00015580       0xFFFFFF80      0x00000001         (0, 1, 10)      [] [E]
    122     0x0005FF00       0xFFFFFF00      0x00000002         (0, 5, 15)      [] [NE]
    123     0x00023700       0xFFFFFF80      0x0000000E         (0, 2, 6)      [] [NE, N, W]
    124     0x0001DD00       0xFFFFFF80      0x00000010         (0, 1, 11)      [] [SW]
    125     0x0001D400       0xFFFFFF80      0x00000010         (0, 1, 10)      [] [SW]
    126     0x0001DE80       0xFFFFFF80      0x00000010         (0, 1, 11)      [] [SW]
    127     0x0005E200       0xFFFFFF00      0x00000002         (0, 5, 12)      [] [NE]
    128     0x0001D600       0xFFFFFF80      0x00000010         (0, 1, 10)      [] [SW]
    129     0x00014300       0xFFFFFF80      0x00000002         (0, 1, 8)      [] [NE]
    130     0x0005E900       0xFFFFFF00      0x00000002         (0, 5, 13)      [] [NE]
    131     0x00015100       0xFFFFFF80      0x00000001         (0, 1, 10)      [] [E]
    132     0x0001D200       0xFFFFFF80      0x00000010         (0, 1, 10)      [] [SW]
    133     0x00022600       0xFFFFFF80      0x00000002         (0, 2, 4)      [] [NE]
    134     0x0005E700       0xFFFFFF00      0x00000002         (0, 5, 12)      [] [NE]
    135     0x00023A80       0xFFFFFF80      0x0000000E         (0, 2, 7)      [] [NE, N, W]
    136     0x0005B900       0xFFFFFF00      0x00000001         (0, 5, 7)      [] [E]
    137     0x00018880       0xFFFFFF80      0x00000002         (0, 1, 1)      [] [NE]
    138     0x00013400       0xFFFFFF80      0x00000002         (0, 1, 6)      [] [NE]
    139     0x0000EE80       0xFFFFFF80      0x00000002         (0, 0, 13)      [] [NE]
    140     0x0005B800       0xFFFFFF00      0x00000001         (0, 5, 7)      [] [E]
    141     0x00015080       0xFFFFFF80      0x00000001         (0, 1, 10)      [] [E]
    142     0x00013700       0xFFFFFF80      0x00000002         (0, 1, 6)      [] [NE]
    143     0x00014900       0xFFFFFF80      0x00000002         (0, 1, 9)      [] [NE]
    144     0x0005F900       0xFFFFFF00      0x00000002         (0, 5, 15)      [] [NE]
    145     0x0001D180       0xFFFFFF80      0x00000010         (0, 1, 10)      [] [SW]
    146     0x00018780       0xFFFFFF80      0x00000002         (0, 1, 0)      [] [NE]
    147     0x00013980       0xFFFFFF80      0x00000002         (0, 1, 7)      [] [NE]
    148     0x00014280       0xFFFFFF80      0x00000002         (0, 1, 8)      [] [NE]
    149     0x0001DF00       0xFFFFFF80      0x00000010         (0, 1, 11)      [] [SW]
    150     0x0005BA00       0xFFFFFF00      0x00000001         (0, 5, 7)      [] [E]
    151     0x00019180       0xFFFFFF80      0x00000003         (0, 1, 2)      [] [E, NE]
    152     0x00021E80       0xFFFFFF80      0x00000035         (0, 2, 3)      [] [E, N, SW, S]
    153     0x00018B80       0xFFFFFF80      0x00000001         (0, 1, 1)      [] [E]
    154     0x00014400       0xFFFFFF80      0x00000002         (0, 1, 8)      [] [NE]
    155     0x00021380       0xFFFFFF80      0x00000030         (0, 2, 2)      [] [SW, S]
    156     0x00023880       0xFFFFFF80      0x0000000E         (0, 2, 7)      [] [NE, N, W]
    157     0x00013380       0xFFFFFF80      0x00000002         (0, 1, 6)      [] [NE]
    158     0x00023080       0xFFFFFF80      0x00000008         (0, 2, 6)      [] [W]
    159     0x00018D00       0xFFFFFF80      0x00000001         (0, 1, 1)      [] [E]
    160     0x0001D280       0xFFFFFF80      0x00000010         (0, 1, 10)      [] [SW]
    161     0x0000EC80       0xFFFFFF80      0x00000002         (0, 0, 13)      [] [NE]
    162     0x00016480       0xFFFFFF80      0x00000002         (0, 1, 12)      [] [NE]
    163     0x00015600       0xFFFFFF80      0x00000001         (0, 1, 10)      [] [E]
    164     0x00013A00       0xFFFFFF80      0x00000002         (0, 1, 7)      [] [NE]
    165     0x00021E00       0xFFFFFF80      0x00000005         (0, 2, 3)      [] [E, N]
    166     0x00013580       0xFFFFFF80      0x00000002         (0, 1, 6)      [] [NE]
    167     0x00023580       0xFFFFFF80      0x0000000C         (0, 2, 6)      [] [N, W]
    168     0x0001DA00       0xFFFFFF80      0x00000010         (0, 1, 11)      [] [SW]
    169     0x00022000       0xFFFFFF80      0x00000030         (0, 2, 4)      [] [SW, S]
    170     0x00014480       0xFFFFFF80      0x00000002         (0, 1, 8)      [] [NE]
    171     0x0005B400       0xFFFFFF00      0x00000001         (0, 5, 6)      [] [E]
    172     0x00014600       0xFFFFFF80      0x00000002         (0, 1, 8)      [] [NE]
    173     0x00023B00       0xFFFFFF80      0x0000000E         (0, 2, 7)      [] [NE, N, W]
    174     0x00018580       0xFFFFFF80      0x00000002         (0, 1, 0)      [] [NE]
    175     0x00013800       0xFFFFFF80      0x00000002         (0, 1, 7)      [] [NE]
    176     0x00023780       0xFFFFFF80      0x0000000E         (0, 2, 6)      [] [NE, N, W]
    177     0x0005B500       0xFFFFFF00      0x00000001         (0, 5, 6)      [] [E]
    178     0x00013480       0xFFFFFF80      0x00000002         (0, 1, 6)      [] [NE]
    179     0x0005B600       0xFFFFFF00      0x00000001         (0, 5, 6)      [] [E]
    180     0x00023500       0xFFFFFF80      0x00000004         (0, 2, 6)      [] [N]
    181     0x0005FE00       0xFFFFFF00      0x00000002         (0, 5, 15)      [] [NE]
    182     0x00021F80       0xFFFFFF80      0x00000038         (0, 2, 3)      [] [W, SW, S]
    183     0x00021C80       0xFFFFFF80      0x00000038         (0, 2, 3)      [] [W, SW, S]
    184     0x00060000       0xFFFFFF00      0x00000002         (0, 6, 0)      [] [NE]
    185     0x00013A80       0xFFFFFF80      0x00000002         (0, 1, 7)      [] [NE]
    186     0x00013780       0xFFFFFF80      0x00000002         (0, 1, 6)      [] [NE]
    187     0x0005B700       0xFFFFFF00      0x00000001         (0, 5, 6)      [] [E]
    188     0x00018F00       0xFFFFFF80      0x00000003         (0, 1, 1)      [] [E, NE]
    189     0x00023C00       0xFFFFFF80      0x0000000E         (0, 2, 7)      [] [NE, N, W]
    190     0x00018680       0xFFFFFF80      0x00000002         (0, 1, 0)      [] [NE]
    191     0x00023A00       0xFFFFFF80      0x0000000E         (0, 2, 7)      [] [NE, N, W]
    192     0x00024600       0xFFFFFF80      0x00000001         (0, 2, 8)      [] [E]
    193     0x00014500       0xFFFFFF80      0x00000002         (0, 1, 8)      [] [NE]
    194     0x0005B300       0xFFFFFF00      0x00000001         (0, 5, 6)      [] [E]
    195     0x00016300       0xFFFFFF80      0x00000002         (0, 1, 12)      [] [NE]
    196     0x00013680       0xFFFFFF80      0x00000002         (0, 1, 6)      [] [NE]
    197     0x00022A00       0xFFFFFF80      0x00000004         (0, 2, 5)      [] [N]
    198     0x00015500       0xFFFFFF80      0x00000001         (0, 1, 10)      [] [E]
    199     0x00016000       0xFFFFFF80      0x00000002         (0, 1, 12)      [] [NE]
    200     0x00020D00       0xFFFFFF80      0x00000010         (0, 2, 1)      [] [SW]
    201     0x00015280       0xFFFFFF80      0x00000001         (0, 1, 10)      [] [E]
    202     0x0005C100       0xFFFFFF00      0x00000001         (0, 5, 8)      [] [E]
    203     0x00019200       0xFFFFFF80      0x00000003         (0, 1, 2)      [] [E, NE]
    204     0x00022300       0xFFFFFF80      0x00000007         (0, 2, 4)      [] [E, NE, N]
    205     0x00018F80       0xFFFFFF80      0x00000003         (0, 1, 1)      [] [E, NE]
    206     0x00015680       0xFFFFFF80      0x00000001         (0, 1, 10)      [] [E]
    207     0x00015480       0xFFFFFF80      0x00000001         (0, 1, 10)      [] [E]
    208     0x00018A00       0xFFFFFF80      0x00000002         (0, 1, 1)      [] [NE]
    209     0x00018700       0xFFFFFF80      0x00000002         (0, 1, 0)      [] [NE]
    210     0x00023600       0xFFFFFF80      0x0000000C         (0, 2, 6)      [] [N, W]
    211     0x00023B80       0xFFFFFF80      0x0000000E         (0, 2, 7)      [] [NE, N, W]
    212     0x00022A80       0xFFFFFF80      0x00000004         (0, 2, 5)      [] [N]
    213     0x00022500       0xFFFFFF80      0x00000002         (0, 2, 4)      [] [NE]
    214     0x0000ED00       0xFFFFFF80      0x00000002         (0, 0, 13)      [] [NE]
    215     0x0005EE00       0xFFFFFF00      0x00000002         (0, 5, 13)      [] [NE]
    216     0x00018600       0xFFFFFF80      0x00000002         (0, 1, 0)      [] [NE]
    217     0x0001D100       0xFFFFFF80      0x00000010         (0, 1, 10)      [] [SW]
    218     0x00019300       0xFFFFFF80      0x00000003         (0, 1, 2)      [] [E, NE]
    219     0x00022800       0xFFFFFF80      0x00000004         (0, 2, 5)      [] [N]
    220     0x00022B00       0xFFFFFF80      0x00000004         (0, 2, 5)      [] [N]
    221     0x0001DC00       0xFFFFFF80      0x00000010         (0, 1, 11)      [] [SW]
    222     0x0005FC00       0xFFFFFF00      0x00000002         (0, 5, 15)      [] [NE]
    223     0x0005D600       0xFFFFFF00      0x00000002         (0, 5, 10)      [] [NE]
    224     0x00014680       0xFFFFFF80      0x00000002         (0, 1, 8)      [] [NE]
    225     0x0001D300       0xFFFFFF80      0x00000010         (0, 1, 10)      [] [SW]
    226     0x00021400       0xFFFFFF80      0x00000030         (0, 2, 2)      [] [SW, S]
    227     0x00020A80       0xFFFFFF80      0x00000010         (0, 2, 1)      [] [SW]
    228     0x00010D80       0xFFFFFF80      0x00000002         (0, 1, 1)      [] [NE]
    229     0x0001DF80       0xFFFFFF80      0x00000010         (0, 1, 11)      [] [SW]
    230     0x0005EF00       0xFFFFFF00      0x00000002         (0, 5, 13)      [] [NE]
    231     0x0001D080       0xFFFFFF80      0x00000010         (0, 1, 10)      [] [SW]
    232     0x00022400       0xFFFFFF80      0x00000008         (0, 2, 4)      [] [W]
    233     0x0005E400       0xFFFFFF00      0x00000002         (0, 5, 12)      [] [NE]
    234     0x00023380       0xFFFFFF80      0x0000000C         (0, 2, 6)      [] [N, W]
    235     0x0001D480       0xFFFFFF80      0x00000010         (0, 1, 10)      [] [SW]
    236     0x0000EB80       0xFFFFFF80      0x00000002         (0, 0, 13)      [] [NE]
    237     0x0005DE00       0xFFFFFF00      0x00000002         (0, 5, 11)      [] [NE]
    238     0x0005D800       0xFFFFFF00      0x00000002         (0, 5, 11)      [] [NE]
    239     0x0005BD00       0xFFFFFF00      0x00000001         (0, 5, 7)      [] [E]
    240     0x00018800       0xFFFFFF80      0x00000002         (0, 1, 1)      [] [NE]
    241     0x0001DC80       0xFFFFFF80      0x00000010         (0, 1, 11)      [] [SW]
    242     0x0000EB00       0xFFFFFF80      0x00000002         (0, 0, 13)      [] [NE]
    243     0x00022B80       0xFFFFFF80      0x00000004         (0, 2, 5)      [] [N]
    244     0x00018400       0xFFFFFF80      0x00000002         (0, 1, 0)      [] [NE]
    245     0x0005D500       0xFFFFFF00      0x00000002         (0, 5, 10)      [] [NE]
    246     0x0000EF00       0xFFFFFF80      0x00000002         (0, 0, 13)      [] [NE]
    247     0x0005BC00       0xFFFFFF00      0x00000001         (0, 5, 7)      [] [E]
    248     0x0001D980       0xFFFFFF80      0x00000010         (0, 1, 11)      [] [SW]
    249     0x0001DD80       0xFFFFFF80      0x00000010         (0, 1, 11)      [] [SW]
    250     0x0001DB00       0xFFFFFF80      0x00000010         (0, 1, 11)      [] [SW]
    251     0x00022180       0xFFFFFF80      0x00000034         (0, 2, 4)      [] [N, SW, S]
    252     0x0005DA00       0xFFFFFF00      0x00000002         (0, 5, 11)      [] [NE]
    253     0x00022580       0xFFFFFF80      0x00000002         (0, 2, 4)      [] [NE]
    254     0x00022C00       0xFFFFFF80      0x00000004         (0, 2, 5)      [] [N]
    255     0x0001D580       0xFFFFFF80      0x00000010         (0, 1, 10)      [] [SW]
    256     0x0001D500       0xFFFFFF80      0x00000010         (0, 1, 10)      [] [SW]
