router contains 135 entries 
 
  Index   Key(hex)    Mask(hex)    Route(hex)    Src. Core -> [Cores][Links]
------------------------------------------------------------------------------
    0     0x00005980       0xFFFFFF80      0x00000008         (0, 0, 11)      [] [W]
    1     0x0002DA00       0xFFFFFF00      0x00000004         (0, 2, 11)      [] [N]
    2     0x00002900       0xFFFFFF80      0x00000010         (0, 0, 5)      [] [SW]
    3     0x00023C00       0xFFFFFF80      0x00004001         (0, 2, 7)      [8] [E]
    4     0x00023000       0xFFFFFF80      0x00080001         (0, 2, 6)      [13] [E]
    5     0x0000CC80       0xFFFFFF80      0x00000008         (0, 0, 9)      [] [W]
    6     0x00024200       0xFFFFFF80      0x00000008         (0, 2, 8)      [] [W]
    7     0x0002D000       0xFFFFFF00      0x00000004         (0, 2, 10)      [] [N]
    8     0x00022E80       0xFFFFFF80      0x00010000         (0, 2, 5)      [10] []
    9     0x0002D100       0xFFFFFF00      0x00000004         (0, 2, 10)      [] [N]
    10     0x0002D900       0xFFFFFF00      0x00000004         (0, 2, 11)      [] [N]
    11     0x0000E080       0xFFFFFF80      0x00000008         (0, 0, 12)      [] [W]
    12     0x00011680       0xFFFFFF80      0x00000008         (0, 1, 2)      [] [W]
    13     0x00005900       0xFFFFFF80      0x00000008         (0, 0, 11)      [] [W]
    14     0x00027A00       0xFFFFFF00      0x00000004         (0, 2, 15)      [] [N]
    15     0x00023B80       0xFFFFFF80      0x00002001         (0, 2, 7)      [7] [E]
    16     0x0000E000       0xFFFFFF80      0x00000008         (0, 0, 12)      [] [W]
    17     0x0000DB80       0xFFFFFF80      0x00000008         (0, 0, 11)      [] [W]
    18     0x0000DF80       0xFFFFFF80      0x00000008         (0, 0, 11)      [] [W]
    19     0x00002800       0xFFFFFF80      0x00000010         (0, 0, 5)      [] [SW]
    20     0x0000DE80       0xFFFFFF80      0x00000008         (0, 0, 11)      [] [W]
    21     0x00011880       0xFFFFFF80      0x00000008         (0, 1, 3)      [] [W]
    22     0x00024280       0xFFFFFF80      0x00000008         (0, 2, 8)      [] [W]
    23     0x0002CD00       0xFFFFFF00      0x00000004         (0, 2, 9)      [] [N]
    24     0x00021580       0xFFFFFF80      0x00FF0000         (0, 2, 2)      [10, 11, 12, 13, 14, 15, 16, 17] []
    25     0x0000DC00       0xFFFFFF80      0x00000008         (0, 0, 11)      [] [W]
    26     0x00027B00       0xFFFFFF00      0x00000004         (0, 2, 15)      [] [N]
    27     0x00024500       0xFFFFFF80      0x00000008         (0, 2, 8)      [] [W]
    28     0x00008680       0xFFFFFF80      0x00000008         (0, 0, 0)      [] [W]
    29     0x00011500       0xFFFFFF80      0x00000008         (0, 1, 2)      [] [W]
    30     0x00028200       0xFFFFFF00      0x00000004         (0, 2, 0)      [] [N]
    31     0x00011580       0xFFFFFF80      0x00000008         (0, 1, 2)      [] [W]
    32     0x0002D800       0xFFFFFF00      0x00000004         (0, 2, 11)      [] [N]
    33     0x00023180       0xFFFFFF80      0x00400001         (0, 2, 6)      [16] [E]
    34     0x00005880       0xFFFFFF80      0x00000008         (0, 0, 11)      [] [W]
    35     0x00023400       0xFFFFFF80      0x00000001         (0, 2, 6)      [] [E]
    36     0x00009380       0xFFFFFF80      0x00000008         (0, 0, 2)      [] [W]
    37     0x00022F00       0xFFFFFF80      0x00020001         (0, 2, 5)      [11] [E]
    38     0x00028400       0xFFFFFF00      0x00000004         (0, 2, 0)      [] [N]
    39     0x00023B00       0xFFFFFF80      0x00001001         (0, 2, 7)      [6] [E]
    40     0x00024600       0xFFFFFF80      0x00000008         (0, 2, 8)      [] [W]
    41     0x00011A80       0xFFFFFF80      0x00000008         (0, 1, 3)      [] [W]
    42     0x00011800       0xFFFFFF80      0x00000008         (0, 1, 3)      [] [W]
    43     0x00023F80       0xFFFFFF80      0x00000008         (0, 2, 7)      [] [W]
    44     0x00009300       0xFFFFFF80      0x00000008         (0, 0, 2)      [] [W]
    45     0x00023C80       0xFFFFFF80      0x00008001         (0, 2, 7)      [9] [E]
    46     0x00021700       0xFFFFFF80      0x00000020         (0, 2, 2)      [] [S]
    47     0x00027E00       0xFFFFFF00      0x00000004         (0, 2, 15)      [] [N]
    48     0x00009500       0xFFFFFF80      0x00000008         (0, 0, 2)      [] [W]
    49     0x00023D80       0xFFFFFF80      0x00000008         (0, 2, 7)      [] [W]
    50     0x0002D500       0xFFFFFF00      0x00000004         (0, 2, 10)      [] [N]
    51     0x0002D700       0xFFFFFF00      0x00000004         (0, 2, 10)      [] [N]
    52     0x00027F00       0xFFFFFF00      0x00000004         (0, 2, 15)      [] [N]
    53     0x00023100       0xFFFFFF80      0x00200001         (0, 2, 6)      [15] [E]
    54     0x00011A00       0xFFFFFF80      0x00000008         (0, 1, 3)      [] [W]
    55     0x0002D400       0xFFFFFF00      0x00000004         (0, 2, 10)      [] [N]
    56     0x00023900       0xFFFFFF80      0x00000101         (0, 2, 7)      [2] [E]
    57     0x00028000       0xFFFFFF00      0x00000004         (0, 2, 0)      [] [N]
    58     0x00021500       0xFFFFFF80      0x0000FF80         (0, 2, 2)      [1, 2, 3, 4, 5, 6, 7, 8, 9] []
    59     0x0002D300       0xFFFFFF00      0x00000004         (0, 2, 10)      [] [N]
    60     0x0000CF00       0xFFFFFF80      0x00000008         (0, 0, 9)      [] [W]
    61     0x00002600       0xFFFFFF80      0x00000010         (0, 0, 4)      [] [SW]
    62     0x0000CF80       0xFFFFFF80      0x00000008         (0, 0, 9)      [] [W]
    63     0x00024000       0xFFFFFF80      0x00000008         (0, 2, 8)      [] [W]
    64     0x00028100       0xFFFFFF00      0x00000004         (0, 2, 0)      [] [N]
    65     0x0000CD80       0xFFFFFF80      0x00000008         (0, 0, 9)      [] [W]
    66     0x00027C00       0xFFFFFF00      0x00000004         (0, 2, 15)      [] [N]
    67     0x00023280       0xFFFFFF80      0x00000001         (0, 2, 6)      [] [E]
    68     0x00024480       0xFFFFFF80      0x00000008         (0, 2, 8)      [] [W]
    69     0x0000CD00       0xFFFFFF80      0x00000008         (0, 0, 9)      [] [W]
    70     0x00024080       0xFFFFFF80      0x00000008         (0, 2, 8)      [] [W]
    71     0x00022F80       0xFFFFFF80      0x00040001         (0, 2, 5)      [12] [E]
    72     0x00011980       0xFFFFFF80      0x00000008         (0, 1, 3)      [] [W]
    73     0x00002680       0xFFFFFF80      0x00000010         (0, 0, 4)      [] [SW]
    74     0x00023080       0xFFFFFF80      0x00100001         (0, 2, 6)      [14] [E]
    75     0x0000D080       0xFFFFFF80      0x00000008         (0, 0, 10)      [] [W]
    76     0x0002DB00       0xFFFFFF00      0x00000004         (0, 2, 11)      [] [N]
    77     0x00011700       0xFFFFFF80      0x00000008         (0, 1, 2)      [] [W]
    78     0x00011B80       0xFFFFFF80      0x00000008         (0, 1, 3)      [] [W]
    79     0x00024380       0xFFFFFF80      0x00000008         (0, 2, 8)      [] [W]
    80     0x00011B00       0xFFFFFF80      0x00000008         (0, 1, 3)      [] [W]
    81     0x00008600       0xFFFFFF80      0x00000008         (0, 0, 0)      [] [W]
    82     0x00023F00       0xFFFFFF80      0x00000008         (0, 2, 7)      [] [W]
    83     0x0000D100       0xFFFFFF80      0x00000008         (0, 0, 10)      [] [W]
    84     0x00024180       0xFFFFFF80      0x00000008         (0, 2, 8)      [] [W]
    85     0x00011900       0xFFFFFF80      0x00000008         (0, 1, 3)      [] [W]
    86     0x00023E80       0xFFFFFF80      0x00000008         (0, 2, 7)      [] [W]
    87     0x0000D180       0xFFFFFF80      0x00000008         (0, 0, 10)      [] [W]
    88     0x0002D600       0xFFFFFF00      0x00000004         (0, 2, 10)      [] [N]
    89     0x0002CE00       0xFFFFFF00      0x00000004         (0, 2, 9)      [] [N]
    90     0x00028700       0xFFFFFF00      0x00000004         (0, 2, 0)      [] [N]
    91     0x00009480       0xFFFFFF80      0x00000008         (0, 0, 2)      [] [W]
    92     0x0002D200       0xFFFFFF00      0x00000004         (0, 2, 10)      [] [N]
    93     0x00009400       0xFFFFFF80      0x00000008         (0, 0, 2)      [] [W]
    94     0x00002700       0xFFFFFF80      0x00000010         (0, 0, 4)      [] [SW]
    95     0x0000DF00       0xFFFFFF80      0x00000008         (0, 0, 11)      [] [W]
    96     0x00028500       0xFFFFFF00      0x00000004         (0, 2, 0)      [] [N]
    97     0x00024300       0xFFFFFF80      0x00000008         (0, 2, 8)      [] [W]
    98     0x00011600       0xFFFFFF80      0x00000008         (0, 1, 2)      [] [W]
    99     0x00023E00       0xFFFFFF80      0x00000008         (0, 2, 7)      [] [W]
    100     0x00009580       0xFFFFFF80      0x00000008         (0, 0, 2)      [] [W]
    101     0x00028600       0xFFFFFF00      0x00000004         (0, 2, 0)      [] [N]
    102     0x00002980       0xFFFFFF80      0x00000010         (0, 0, 5)      [] [SW]
    103     0x00023A80       0xFFFFFF80      0x00000801         (0, 2, 7)      [5] [E]
    104     0x00023880       0xFFFFFF80      0x00000080         (0, 2, 7)      [1] []
    105     0x0000DE00       0xFFFFFF80      0x00000008         (0, 0, 11)      [] [W]
    106     0x00002880       0xFFFFFF80      0x00000010         (0, 0, 5)      [] [SW]
    107     0x00023980       0xFFFFFF80      0x00000201         (0, 2, 7)      [3] [E]
    108     0x00027D00       0xFFFFFF00      0x00000004         (0, 2, 15)      [] [N]
    109     0x00024400       0xFFFFFF80      0x00000008         (0, 2, 8)      [] [W]
    110     0x00023300       0xFFFFFF80      0x00000001         (0, 2, 6)      [] [E]
    111     0x00002780       0xFFFFFF80      0x00000010         (0, 0, 4)      [] [SW]
    112     0x00028800       0xFFFFFF00      0x00000004         (0, 2, 1)      [] [N]
    113     0x00011C80       0xFFFFFF80      0x00000008         (0, 1, 3)      [] [W]
    114     0x0000DD80       0xFFFFFF80      0x00000008         (0, 0, 11)      [] [W]
    115     0x00028900       0xFFFFFF00      0x00000004         (0, 2, 1)      [] [N]
    116     0x0000CE00       0xFFFFFF80      0x00000008         (0, 0, 9)      [] [W]
    117     0x0000DD00       0xFFFFFF80      0x00000008         (0, 0, 11)      [] [W]
    118     0x00024100       0xFFFFFF80      0x00000008         (0, 2, 8)      [] [W]
    119     0x00028300       0xFFFFFF00      0x00000004         (0, 2, 0)      [] [N]
    120     0x0000DB00       0xFFFFFF80      0x00000008         (0, 0, 11)      [] [W]
    121     0x00023380       0xFFFFFF80      0x00000001         (0, 2, 6)      [] [E]
    122     0x00009280       0xFFFFFF80      0x00000008         (0, 0, 2)      [] [W]
    123     0x00028A00       0xFFFFFF00      0x00000002         (0, 2, 1)      [] [NE]
    124     0x00023200       0xFFFFFF80      0x00800001         (0, 2, 6)      [17] [E]
    125     0x00023A00       0xFFFFFF80      0x00000401         (0, 2, 7)      [4] [E]
    126     0x0000DC80       0xFFFFFF80      0x00000008         (0, 0, 11)      [] [W]
    127     0x0002DC00       0xFFFFFF00      0x00000004         (0, 2, 11)      [] [N]
    128     0x00011780       0xFFFFFF80      0x00000008         (0, 1, 2)      [] [W]
    129     0x0002DD00       0xFFFFFF00      0x00000004         (0, 2, 11)      [] [N]
    130     0x00011C00       0xFFFFFF80      0x00000008         (0, 1, 3)      [] [W]
    131     0x0000CE80       0xFFFFFF80      0x00000008         (0, 0, 9)      [] [W]
    132     0x00021680       0xFFFFFF80      0x00000020         (0, 2, 2)      [] [S]
    133     0x0000D000       0xFFFFFF80      0x00000008         (0, 0, 10)      [] [W]
    134     0x0002CF00       0xFFFFFF00      0x00000004         (0, 2, 9)      [] [N]
