router contains 71 entries 
 
  Index   Key(hex)    Mask(hex)    Route(hex)    Src. Core -> [Cores][Links]
------------------------------------------------------------------------------
    0     0x0001CA00       0xFFFFFF80      0x00000008         (0, 1, 9)      [] [W]
    1     0x0001D900       0xFFFFFF80      0x00000008         (0, 1, 11)      [] [W]
    2     0x00024180       0xFFFFFF80      0x0000003F         (0, 2, 8)      [] [E, NE, N, W, SW, S]
    3     0x0001E700       0xFFFFFF80      0x00000008         (0, 1, 12)      [] [W]
    4     0x00023680       0xFFFFFF80      0x00000008         (0, 2, 6)      [] [W]
    5     0x0001E080       0xFFFFFF80      0x00000008         (0, 1, 12)      [] [W]
    6     0x00015E80       0xFFFFFF80      0x00000008         (0, 1, 11)      [] [W]
    7     0x00024480       0xFFFFFF80      0x0000003F         (0, 2, 8)      [] [E, NE, N, W, SW, S]
    8     0x00021900       0xFFFFFF80      0x00000008         (0, 2, 3)      [] [W]
    9     0x00024400       0xFFFFFF80      0x00000037         (0, 2, 8)      [] [E, NE, N, SW, S]
    10     0x00023800       0xFFFFFF80      0x00000008         (0, 2, 7)      [] [W]
    11     0x00015E00       0xFFFFFF80      0x00000008         (0, 1, 11)      [] [W]
    12     0x0000CA00       0xFFFFFF80      0x00000020         (0, 0, 9)      [] [S]
    13     0x00021880       0xFFFFFF80      0x00000008         (0, 2, 3)      [] [W]
    14     0x0001E000       0xFFFFFF80      0x00000008         (0, 1, 12)      [] [W]
    15     0x0000CF80       0xFFFFFF80      0x00000020         (0, 0, 9)      [] [S]
    16     0x0001D200       0xFFFFFF80      0x00000008         (0, 1, 10)      [] [W]
    17     0x0000CF00       0xFFFFFF80      0x00000020         (0, 0, 9)      [] [S]
    18     0x0001D980       0xFFFFFF80      0x00000008         (0, 1, 11)      [] [W]
    19     0x00024280       0xFFFFFF80      0x00000037         (0, 2, 8)      [] [E, NE, N, SW, S]
    20     0x00023E00       0xFFFFFF80      0x0000003F         (0, 2, 7)      [] [E, NE, N, W, SW, S]
    21     0x0001AE80       0xFFFFFF80      0x00000008         (0, 1, 5)      [] [W]
    22     0x0000D000       0xFFFFFF80      0x00000020         (0, 0, 10)      [] [S]
    23     0x00023380       0xFFFFFF80      0x00000008         (0, 2, 6)      [] [W]
    24     0x00024000       0xFFFFFF80      0x0000003F         (0, 2, 8)      [] [E, NE, N, W, SW, S]
    25     0x0000CD80       0xFFFFFF80      0x00000020         (0, 0, 9)      [] [S]
    26     0x00024080       0xFFFFFF80      0x0000003F         (0, 2, 8)      [] [E, NE, N, W, SW, S]
    27     0x0000D100       0xFFFFFF80      0x00000020         (0, 0, 10)      [] [S]
    28     0x0001C980       0xFFFFFF80      0x00000008         (0, 1, 9)      [] [W]
    29     0x00008680       0xFFFFFF80      0x00000021         (0, 0, 0)      [] [E, S]
    30     0x0000D180       0xFFFFFF80      0x00000020         (0, 0, 10)      [] [S]
    31     0x0000CC00       0xFFFFFF80      0x00000020         (0, 0, 9)      [] [S]
    32     0x00023F00       0xFFFFFF80      0x0000003F         (0, 2, 7)      [] [E, NE, N, W, SW, S]
    33     0x00023480       0xFFFFFF80      0x00000008         (0, 2, 6)      [] [W]
    34     0x00021580       0xFFFFFF80      0x00000008         (0, 2, 2)      [] [W]
    35     0x00024100       0xFFFFFF80      0x0000003F         (0, 2, 8)      [] [E, NE, N, W, SW, S]
    36     0x00018380       0xFFFFFF80      0x00000008         (0, 1, 0)      [] [W]
    37     0x00023E80       0xFFFFFF80      0x0000003F         (0, 2, 7)      [] [E, NE, N, W, SW, S]
    38     0x00023400       0xFFFFFF80      0x00000008         (0, 2, 6)      [] [W]
    39     0x00018400       0xFFFFFF80      0x00000008         (0, 1, 0)      [] [W]
    40     0x00023700       0xFFFFFF80      0x00000008         (0, 2, 6)      [] [W]
    41     0x00023580       0xFFFFFF80      0x00000008         (0, 2, 6)      [] [W]
    42     0x00023300       0xFFFFFF80      0x00000008         (0, 2, 6)      [] [W]
    43     0x00023780       0xFFFFFF80      0x00000008         (0, 2, 6)      [] [W]
    44     0x0000CB00       0xFFFFFF80      0x00000020         (0, 0, 9)      [] [S]
    45     0x00024200       0xFFFFFF80      0x00000037         (0, 2, 8)      [] [E, NE, N, SW, S]
    46     0x00023880       0xFFFFFF80      0x00000008         (0, 2, 7)      [] [W]
    47     0x00023200       0xFFFFFF80      0x00000008         (0, 2, 6)      [] [W]
    48     0x0000D080       0xFFFFFF80      0x00000020         (0, 0, 10)      [] [S]
    49     0x00023600       0xFFFFFF80      0x00000008         (0, 2, 6)      [] [W]
    50     0x00023F80       0xFFFFFF80      0x0000003F         (0, 2, 7)      [] [E, NE, N, W, SW, S]
    51     0x00024300       0xFFFFFF80      0x00000037         (0, 2, 8)      [] [E, NE, N, SW, S]
    52     0x0000CA80       0xFFFFFF80      0x00000020         (0, 0, 9)      [] [S]
    53     0x00023900       0xFFFFFF80      0x00000008         (0, 2, 7)      [] [W]
    54     0x0000CE80       0xFFFFFF80      0x00000020         (0, 0, 9)      [] [S]
    55     0x0000CE00       0xFFFFFF80      0x00000020         (0, 0, 9)      [] [S]
    56     0x0001AF00       0xFFFFFF80      0x00000008         (0, 1, 5)      [] [W]
    57     0x00008600       0xFFFFFF80      0x00000021         (0, 0, 0)      [] [E, S]
    58     0x00024600       0xFFFFFF80      0x00000003         (0, 2, 8)      [] [E, NE]
    59     0x00023280       0xFFFFFF80      0x00000008         (0, 2, 6)      [] [W]
    60     0x0001D180       0xFFFFFF80      0x00000008         (0, 1, 10)      [] [W]
    61     0x0000CD00       0xFFFFFF80      0x00000020         (0, 0, 9)      [] [S]
    62     0x0000CC80       0xFFFFFF80      0x00000020         (0, 0, 9)      [] [S]
    63     0x00024380       0xFFFFFF80      0x00000037         (0, 2, 8)      [] [E, NE, N, SW, S]
    64     0x00023500       0xFFFFFF80      0x00000008         (0, 2, 6)      [] [W]
    65     0x00024500       0xFFFFFF80      0x0000003F         (0, 2, 8)      [] [E, NE, N, W, SW, S]
    66     0x00021700       0xFFFFFF80      0x00000008         (0, 2, 2)      [] [W]
    67     0x00023D80       0xFFFFFF80      0x0000003F         (0, 2, 7)      [] [E, NE, N, W, SW, S]
    68     0x00024580       0xFFFFFF80      0x00000003         (0, 2, 8)      [] [E, NE]
    69     0x00023D00       0xFFFFFF80      0x0000003F         (0, 2, 7)      [] [E, NE, N, W, SW, S]
    70     0x0000CB80       0xFFFFFF80      0x00000020         (0, 0, 9)      [] [S]
