router contains 717 entries 
 
  Index   Key(hex)    Mask(hex)    Route(hex)    Src. Core -> [Cores][Links]
------------------------------------------------------------------------------
    0     0x0000FA00       0xFFFFFF80      0x00001000         (0, 0, 15)      [6] []
    1     0x0002BC00       0xFFFFFF00      0x00000002         (0, 2, 7)      [] [NE]
    2     0x0001F000       0xFFFFFF80      0x00080000         (0, 1, 14)      [13] []
    3     0x00018580       0xFFFFFF80      0x00010000         (0, 1, 0)      [10] []
    4     0x0000ED80       0xFFFFFF80      0x00010000         (0, 0, 13)      [10] []
    5     0x00061300       0xFFFFFF00      0x00000004         (0, 6, 2)      [] [N]
    6     0x00020A80       0xFFFFFF80      0x00200000         (0, 2, 1)      [15] []
    7     0x0001D400       0xFFFFFF80      0x00020010         (0, 1, 10)      [11] [SW]
    8     0x00061800       0xFFFFFF00      0x00000008         (0, 6, 3)      [] [W]
    9     0x00061900       0xFFFFFF00      0x00000008         (0, 6, 3)      [] [W]
    10     0x0000B000       0xFFFFFF80      0x00000200         (0, 0, 6)      [3] []
    11     0x00020F00       0xFFFFFF80      0x00000080         (0, 2, 1)      [1] []
    12     0x0001FD00       0xFFFFFF80      0x00000010         (0, 1, 15)      [] [SW]
    13     0x00013A80       0xFFFFFF80      0x00000082         (0, 1, 7)      [1] [NE]
    14     0x00008500       0xFFFFFF80      0x00000400         (0, 0, 0)      [4] []
    15     0x00001C80       0xFFFFFF80      0x00000010         (0, 0, 3)      [] [SW]
    16     0x00023700       0xFFFFFF80      0x00000003         (0, 2, 6)      [] [E, NE]
    17     0x00016B80       0xFFFFFF80      0x00002000         (0, 1, 13)      [7] []
    18     0x00019380       0xFFFFFF80      0x00200000         (0, 1, 2)      [15] []
    19     0x00015C80       0xFFFFFF80      0x00000200         (0, 1, 11)      [3] []
    20     0x0001BA80       0xFFFFFF80      0x000600B0         (0, 1, 7)      [1, 11, 12] [SW, S]
    21     0x0001E780       0xFFFFFF80      0x00004000         (0, 1, 12)      [8] []
    22     0x00011680       0xFFFFFF80      0x00000800         (0, 1, 2)      [5] []
    23     0x0005CB00       0xFFFFFF00      0x00004000         (0, 5, 9)      [8] []
    24     0x0000DB80       0xFFFFFF80      0x00000200         (0, 0, 11)      [3] []
    25     0x00005900       0xFFFFFF80      0x00000200         (0, 0, 11)      [3] []
    26     0x0001FE80       0xFFFFFF80      0x00040010         (0, 1, 15)      [12] [SW]
    27     0x0000BE80       0xFFFFFF80      0x00000200         (0, 0, 7)      [3] []
    28     0x0001F600       0xFFFFFF80      0x00100002         (0, 1, 14)      [14] [NE]
    29     0x00016980       0xFFFFFF80      0x00000200         (0, 1, 13)      [3] []
    30     0x00020600       0xFFFFFF80      0x00000090         (0, 2, 0)      [1] [SW]
    31     0x00014180       0xFFFFFF80      0x00000400         (0, 1, 8)      [4] []
    32     0x0000E080       0xFFFFFF80      0x00080000         (0, 0, 12)      [13] []
    33     0x0001D680       0xFFFFFF80      0x00400030         (0, 1, 10)      [16] [SW, S]
    34     0x0001AD80       0xFFFFFF80      0x00000420         (0, 1, 5)      [4] [S]
    35     0x0000AF80       0xFFFFFF80      0x00000100         (0, 0, 5)      [2] []
    36     0x00061F00       0xFFFFFF00      0x00000008         (0, 6, 3)      [] [W]
    37     0x00011880       0xFFFFFF80      0x00008000         (0, 1, 3)      [9] []
    38     0x00018480       0xFFFFFF80      0x00004000         (0, 1, 0)      [8] []
    39     0x0000C180       0xFFFFFF80      0x00008010         (0, 0, 8)      [9] [SW]
    40     0x00033800       0xFFFFFF00      0x00000004         (0, 3, 7)      [] [N]
    41     0x0000A380       0xFFFFFF80      0x00002000         (0, 0, 4)      [7] []
    42     0x00034000       0xFFFFFF00      0x00000004         (0, 3, 8)      [] [N]
    43     0x00014580       0xFFFFFF80      0x00040000         (0, 1, 8)      [12] []
    44     0x00021D80       0xFFFFFF80      0x00000020         (0, 2, 3)      [] [S]
    45     0x00011500       0xFFFFFF80      0x00000100         (0, 1, 2)      [2] []
    46     0x0001AA80       0xFFFFFF80      0x00000010         (0, 1, 5)      [] [SW]
    47     0x0001F500       0xFFFFFF80      0x00040002         (0, 1, 14)      [12] [NE]
    48     0x00016180       0xFFFFFF80      0x00080002         (0, 1, 12)      [13] [NE]
    49     0x0001DC00       0xFFFFFF80      0x00040000         (0, 1, 11)      [12] []
    50     0x0001E280       0xFFFFFF80      0x00020000         (0, 1, 12)      [11] []
    51     0x0001DA80       0xFFFFFF80      0x00008000         (0, 1, 11)      [9] []
    52     0x0001B180       0xFFFFFF80      0x00040030         (0, 1, 6)      [12] [SW, S]
    53     0x0001B800       0xFFFFFF80      0x000030B0         (0, 1, 7)      [1, 6, 7] [SW, S]
    54     0x00013500       0xFFFFFF80      0x00004000         (0, 1, 6)      [8] []
    55     0x0001C700       0xFFFFFF80      0x00FFFF10         (0, 1, 8)      [2, 3, 4, 5, 6, 7, 8, 9, 10, 11, 12, 13, 14, 15, 16, 17] [SW]
    56     0x0000EF80       0xFFFFFF80      0x00100000         (0, 0, 13)      [14] []
    57     0x00010F00       0xFFFFFF80      0x00000002         (0, 1, 1)      [] [NE]
    58     0x00020680       0xFFFFFF80      0x00080010         (0, 2, 0)      [13] [SW]
    59     0x00019980       0xFFFFFF80      0x00000800         (0, 1, 3)      [5] []
    60     0x0001FA80       0xFFFFFF80      0x00080010         (0, 1, 15)      [13] [SW]
    61     0x00015300       0xFFFFFF80      0x00020000         (0, 1, 10)      [11] []
    62     0x00018680       0xFFFFFF80      0x00040000         (0, 1, 0)      [12] []
    63     0x00019080       0xFFFFFF80      0x00008000         (0, 1, 2)      [9] []
    64     0x00001780       0xFFFFFF80      0x00000010         (0, 0, 2)      [] [SW]
    65     0x0001F380       0xFFFFFF80      0x00008000         (0, 1, 14)      [9] []
    66     0x00010700       0xFFFFFF80      0x00000200         (0, 1, 0)      [3] []
    67     0x0001CC80       0xFFFFFF80      0x00060010         (0, 1, 9)      [11, 12] [SW]
    68     0x0001D780       0xFFFFFF80      0x00000030         (0, 1, 10)      [] [SW, S]
    69     0x00011000       0xFFFFFF80      0x00000002         (0, 1, 2)      [] [NE]
    70     0x0005D400       0xFFFFFF00      0x00800000         (0, 5, 10)      [17] []
    71     0x0002AE00       0xFFFFFF00      0x00000002         (0, 2, 5)      [] [NE]
    72     0x00001A00       0xFFFFFF80      0x00000010         (0, 0, 3)      [] [SW]
    73     0x0001E080       0xFFFFFF80      0x00002000         (0, 1, 12)      [7] []
    74     0x00062000       0xFFFFFF00      0x00000008         (0, 6, 4)      [] [W]
    75     0x00012380       0xFFFFFF80      0x00000100         (0, 1, 4)      [2] []
    76     0x0002B500       0xFFFFFF00      0x00000002         (0, 2, 6)      [] [NE]
    77     0x00011480       0xFFFFFF80      0x00000002         (0, 1, 2)      [] [NE]
    78     0x00011180       0xFFFFFF80      0x00000002         (0, 1, 2)      [] [NE]
    79     0x0001B280       0xFFFFFF80      0x00100030         (0, 1, 6)      [14] [SW, S]
    80     0x00011B80       0xFFFFFF80      0x00200000         (0, 1, 3)      [15] []
    81     0x00010C00       0xFFFFFF80      0x00080000         (0, 1, 1)      [13] []
    82     0x00024100       0xFFFFFF80      0x00008000         (0, 2, 8)      [9] []
    83     0x00010A80       0xFFFFFF80      0x00010000         (0, 1, 1)      [10] []
    84     0x0001F280       0xFFFFFF80      0x00000002         (0, 1, 14)      [] [NE]
    85     0x00022400       0xFFFFFF80      0x00000080         (0, 2, 4)      [1] []
    86     0x00014600       0xFFFFFF80      0x00080000         (0, 1, 8)      [13] []
    87     0x00017D00       0xFFFFFF80      0x00800002         (0, 1, 15)      [17] [NE]
    88     0x00015000       0xFFFFFF80      0x00000800         (0, 1, 10)      [5] []
    89     0x0000EC00       0xFFFFFF80      0x00002000         (0, 0, 13)      [7] []
    90     0x0001E900       0xFFFFFF80      0x00020000         (0, 1, 13)      [11] []
    91     0x00033700       0xFFFFFF00      0x00000004         (0, 3, 6)      [] [N]
    92     0x00014080       0xFFFFFF80      0x00000100         (0, 1, 8)      [2] []
    93     0x00011980       0xFFFFFF80      0x00020000         (0, 1, 3)      [11] []
    94     0x0001C000       0xFFFFFF80      0x00FFFF36         (0, 1, 8)      [2, 3, 4, 5, 6, 7, 8, 9, 10, 11, 12, 13, 14, 15, 16, 17] [NE, N, SW, S]
    95     0x00018380       0xFFFFFF80      0x00001000         (0, 1, 0)      [6] []
    96     0x00014480       0xFFFFFF80      0x00010000         (0, 1, 8)      [10] []
    97     0x00062100       0xFFFFFF00      0x00000008         (0, 6, 4)      [] [W]
    98     0x0005CD00       0xFFFFFF00      0x00010000         (0, 5, 9)      [10] []
    99     0x00010C80       0xFFFFFF80      0x00100002         (0, 1, 1)      [14] [NE]
    100     0x0001D200       0xFFFFFF80      0x00002000         (0, 1, 10)      [7] []
    101     0x0001FC00       0xFFFFFF80      0x00400010         (0, 1, 15)      [16] [SW]
    102     0x00013980       0xFFFFFF80      0x00800002         (0, 1, 7)      [17] [NE]
    103     0x0000D100       0xFFFFFF80      0x00020000         (0, 0, 10)      [11] []
    104     0x00015200       0xFFFFFF80      0x00008000         (0, 1, 10)      [9] []
    105     0x0000F800       0xFFFFFF80      0x00000100         (0, 0, 15)      [2] []
    106     0x00013280       0xFFFFFF80      0x00000202         (0, 1, 6)      [3] [NE]
    107     0x0000BF00       0xFFFFFF80      0x00000400         (0, 0, 7)      [4] []
    108     0x00015E80       0xFFFFFF80      0x00002000         (0, 1, 11)      [7] []
    109     0x00019B80       0xFFFFFF80      0x00008010         (0, 1, 3)      [9] [SW]
    110     0x00020780       0xFFFFFF80      0x00200010         (0, 2, 0)      [15] [SW]
    111     0x00010780       0xFFFFFF80      0x00000400         (0, 1, 0)      [4] []
    112     0x00015400       0xFFFFFF80      0x00080000         (0, 1, 10)      [13] []
    113     0x0001FB80       0xFFFFFF80      0x00200010         (0, 1, 15)      [15] [SW]
    114     0x00009480       0xFFFFFF80      0x00001000         (0, 0, 2)      [6] []
    115     0x0001B980       0xFFFFFF80      0x000180B0         (0, 1, 7)      [1, 10, 9] [SW, S]
    116     0x00023280       0xFFFFFF80      0x00000001         (0, 2, 6)      [] [E]
    117     0x0001F080       0xFFFFFF80      0x00100002         (0, 1, 14)      [14] [NE]
    118     0x0001E700       0xFFFFFF80      0x00002000         (0, 1, 12)      [7] []
    119     0x0001F680       0xFFFFFF80      0x00200002         (0, 1, 14)      [15] [NE]
    120     0x00018E00       0xFFFFFF80      0x00000400         (0, 1, 1)      [4] []
    121     0x0001DD80       0xFFFFFF80      0x00200000         (0, 1, 11)      [15] []
    122     0x0002B300       0xFFFFFF00      0x00000002         (0, 2, 6)      [] [NE]
    123     0x00017500       0xFFFFFF80      0x00000002         (0, 1, 14)      [] [NE]
    124     0x0001A200       0xFFFFFF80      0x00000010         (0, 1, 4)      [] [SW]
    125     0x0001C980       0xFFFFFF80      0x00001800         (0, 1, 9)      [5, 6] []
    126     0x0000C000       0xFFFFFF80      0x00001000         (0, 0, 8)      [6] []
    127     0x00012A00       0xFFFFFF80      0x00200000         (0, 1, 5)      [15] []
    128     0x0001AA00       0xFFFFFF80      0x00800010         (0, 1, 5)      [17] [SW]
    129     0x00023000       0xFFFFFF80      0x00000001         (0, 2, 6)      [] [E]
    130     0x00001880       0xFFFFFF80      0x00000010         (0, 0, 3)      [] [SW]
    131     0x0001AB00       0xFFFFFF80      0x00000090         (0, 1, 5)      [1] [SW]
    132     0x0002BB00       0xFFFFFF00      0x00000002         (0, 2, 7)      [] [NE]
    133     0x0001B900       0xFFFFFF80      0x0000C0B0         (0, 1, 7)      [8, 1, 9] [SW, S]
    134     0x00017080       0xFFFFFF80      0x00800000         (0, 1, 14)      [17] []
    135     0x0001E000       0xFFFFFF80      0x00001000         (0, 1, 12)      [6] []
    136     0x00024280       0xFFFFFF80      0x00040000         (0, 2, 8)      [12] []
    137     0x00013100       0xFFFFFF80      0x00000002         (0, 1, 6)      [] [NE]
    138     0x00012880       0xFFFFFF80      0x00040000         (0, 1, 5)      [12] []
    139     0x00033A00       0xFFFFFF00      0x00000004         (0, 3, 7)      [] [N]
    140     0x00012700       0xFFFFFF80      0x00008000         (0, 1, 4)      [9] []
    141     0x0001AD00       0xFFFFFF80      0x00000200         (0, 1, 5)      [3] []
    142     0x0005D200       0xFFFFFF00      0x00200000         (0, 5, 10)      [15] []
    143     0x00016380       0xFFFFFF80      0x00800002         (0, 1, 12)      [17] [NE]
    144     0x0001A580       0xFFFFFF80      0x00004000         (0, 1, 4)      [8] []
    145     0x00024400       0xFFFFFF80      0x00200000         (0, 2, 8)      [15] []
    146     0x0001B600       0xFFFFFF80      0x000003A0         (0, 1, 6)      [1, 2, 3] [S]
    147     0x0001CA00       0xFFFFFF80      0x00003000         (0, 1, 9)      [6, 7] []
    148     0x0000DD80       0xFFFFFF80      0x00002000         (0, 0, 11)      [7] []
    149     0x00024000       0xFFFFFF80      0x00002000         (0, 2, 8)      [7] []
    150     0x00016100       0xFFFFFF80      0x00040002         (0, 1, 12)      [12] [NE]
    151     0x0005C800       0xFFFFFF00      0x00000800         (0, 5, 9)      [5] []
    152     0x00010B80       0xFFFFFF80      0x00040000         (0, 1, 1)      [12] []
    153     0x0000DB00       0xFFFFFF80      0x00000100         (0, 0, 11)      [2] []
    154     0x00021600       0xFFFFFF80      0x00000020         (0, 2, 2)      [] [S]
    155     0x00010680       0xFFFFFF80      0x00000100         (0, 1, 0)      [2] []
    156     0x00023080       0xFFFFFF80      0x00000001         (0, 2, 6)      [] [E]
    157     0x00015100       0xFFFFFF80      0x00002000         (0, 1, 10)      [7] []
    158     0x00020000       0xFFFFFF80      0x00200010         (0, 2, 0)      [15] [SW]
    159     0x0001C180       0xFFFFFF80      0x00FFFF36         (0, 1, 8)      [2, 3, 4, 5, 6, 7, 8, 9, 10, 11, 12, 13, 14, 15, 16, 17] [NE, N, SW, S]
    160     0x0000FA80       0xFFFFFF80      0x00002000         (0, 0, 15)      [7] []
    161     0x00015700       0xFFFFFF80      0x00000080         (0, 1, 10)      [1] []
    162     0x0001DE00       0xFFFFFF80      0x00400000         (0, 1, 11)      [16] []
    163     0x00020B80       0xFFFFFF80      0x00800000         (0, 2, 1)      [17] []
    164     0x00061A00       0xFFFFFF00      0x00000008         (0, 6, 3)      [] [W]
    165     0x00012580       0xFFFFFF80      0x00001000         (0, 1, 4)      [6] []
    166     0x0001EB80       0xFFFFFF80      0x00400000         (0, 1, 13)      [16] []
    167     0x00020880       0xFFFFFF80      0x00800010         (0, 2, 1)      [17] [SW]
    168     0x00016800       0xFFFFFF80      0x00000002         (0, 1, 13)      [] [NE]
    169     0x00013700       0xFFFFFF80      0x00040002         (0, 1, 6)      [12] [NE]
    170     0x00016F00       0xFFFFFF80      0x00100000         (0, 1, 13)      [14] []
    171     0x00020A00       0xFFFFFF80      0x00100000         (0, 2, 1)      [14] []
    172     0x00016080       0xFFFFFF80      0x00020000         (0, 1, 12)      [11] []
    173     0x0001B080       0xFFFFFF80      0x00010030         (0, 1, 6)      [10] [SW, S]
    174     0x0001DB80       0xFFFFFF80      0x00020000         (0, 1, 11)      [11] []
    175     0x00004700       0xFFFFFF80      0x00000010         (0, 0, 8)      [] [SW]
    176     0x00013080       0xFFFFFF80      0x00000002         (0, 1, 6)      [] [NE]
    177     0x00013380       0xFFFFFF80      0x00000802         (0, 1, 6)      [5] [NE]
    178     0x00004380       0xFFFFFF80      0x00000010         (0, 0, 8)      [] [SW]
    179     0x0000D000       0xFFFFFF80      0x00008000         (0, 0, 10)      [9] []
    180     0x00019280       0xFFFFFF80      0x00080000         (0, 1, 2)      [13] []
    181     0x00018200       0xFFFFFF80      0x00000202         (0, 1, 0)      [3] [NE]
    182     0x00019000       0xFFFFFF80      0x00004000         (0, 1, 2)      [8] []
    183     0x00019D00       0xFFFFFF80      0x00040018         (0, 1, 3)      [12] [W, SW]
    184     0x00019780       0xFFFFFF80      0x00000010         (0, 1, 2)      [] [SW]
    185     0x0001B880       0xFFFFFF80      0x000060B0         (0, 1, 7)      [8, 1, 7] [SW, S]
    186     0x0000B080       0xFFFFFF80      0x00000400         (0, 0, 6)      [4] []
    187     0x0000F900       0xFFFFFF80      0x00000400         (0, 0, 15)      [4] []
    188     0x00013F00       0xFFFFFF80      0x00000002         (0, 1, 7)      [] [NE]
    189     0x00023200       0xFFFFFF80      0x00000001         (0, 2, 6)      [] [E]
    190     0x0001F200       0xFFFFFF80      0x00800002         (0, 1, 14)      [17] [NE]
    191     0x00017880       0xFFFFFF80      0x00004000         (0, 1, 15)      [8] []
    192     0x00013800       0xFFFFFF80      0x00100002         (0, 1, 7)      [14] [NE]
    193     0x0001F900       0xFFFFFF80      0x00010010         (0, 1, 15)      [10] [SW]
    194     0x00018A00       0xFFFFFF80      0x00000080         (0, 1, 1)      [1] []
    195     0x00017680       0xFFFFFF80      0x00000402         (0, 1, 14)      [4] [NE]
    196     0x00019F00       0xFFFFFF80      0x00400018         (0, 1, 3)      [16] [W, SW]
    197     0x00017900       0xFFFFFF80      0x00008000         (0, 1, 15)      [9] []
    198     0x00019400       0xFFFFFF80      0x00400010         (0, 1, 2)      [16] [SW]
    199     0x00014400       0xFFFFFF80      0x00008000         (0, 1, 8)      [9] []
    200     0x00023480       0xFFFFFF80      0x00000003         (0, 2, 6)      [] [E, NE]
    201     0x00011280       0xFFFFFF80      0x00000002         (0, 1, 2)      [] [NE]
    202     0x00015480       0xFFFFFF80      0x00100000         (0, 1, 10)      [14] []
    203     0x00019600       0xFFFFFF80      0x00000010         (0, 1, 2)      [] [SW]
    204     0x0000FE00       0xFFFFFF80      0x00100000         (0, 0, 15)      [14] []
    205     0x00019180       0xFFFFFF80      0x00020000         (0, 1, 2)      [11] []
    206     0x00023180       0xFFFFFF80      0x00000001         (0, 2, 6)      [] [E]
    207     0x00016480       0xFFFFFF80      0x00000082         (0, 1, 12)      [1] [NE]
    208     0x00018100       0xFFFFFF80      0x00000002         (0, 1, 0)      [] [NE]
    209     0x00023E80       0xFFFFFF80      0x00000400         (0, 2, 7)      [4] []
    210     0x0005C400       0xFFFFFF00      0x00000080         (0, 5, 8)      [1] []
    211     0x0001BF80       0xFFFFFF80      0x00FFFF36         (0, 1, 7)      [2, 3, 4, 5, 6, 7, 8, 9, 10, 11, 12, 13, 14, 15, 16, 17] [NE, N, SW, S]
    212     0x0000B280       0xFFFFFF80      0x00004000         (0, 0, 6)      [8] []
    213     0x00001980       0xFFFFFF80      0x00000010         (0, 0, 3)      [] [SW]
    214     0x00019D80       0xFFFFFF80      0x00080018         (0, 1, 3)      [13] [W, SW]
    215     0x0000B100       0xFFFFFF80      0x00000800         (0, 0, 6)      [5] []
    216     0x00004500       0xFFFFFF80      0x00000010         (0, 0, 8)      [] [SW]
    217     0x0005D000       0xFFFFFF00      0x00080000         (0, 5, 10)      [13] []
    218     0x00018700       0xFFFFFF80      0x00080000         (0, 1, 0)      [13] []
    219     0x00019100       0xFFFFFF80      0x00010000         (0, 1, 2)      [10] []
    220     0x00021180       0xFFFFFF80      0x00800000         (0, 2, 2)      [17] []
    221     0x00024300       0xFFFFFF80      0x00080000         (0, 2, 8)      [13] []
    222     0x00061B00       0xFFFFFF00      0x00000008         (0, 6, 3)      [] [W]
    223     0x0001FE00       0xFFFFFF80      0x00020010         (0, 1, 15)      [11] [SW]
    224     0x00019B00       0xFFFFFF80      0x00004000         (0, 1, 3)      [8] []
    225     0x0001A600       0xFFFFFF80      0x00008010         (0, 1, 4)      [9] [SW]
    226     0x0001E380       0xFFFFFF80      0x00080000         (0, 1, 12)      [13] []
    227     0x00017C00       0xFFFFFF80      0x00200002         (0, 1, 15)      [15] [NE]
    228     0x00001800       0xFFFFFF80      0x00000010         (0, 0, 3)      [] [SW]
    229     0x0001D800       0xFFFFFF80      0x00000080         (0, 1, 11)      [1] []
    230     0x00001C00       0xFFFFFF80      0x00000010         (0, 0, 3)      [] [SW]
    231     0x0000FE80       0xFFFFFF80      0x00200000         (0, 0, 15)      [15] []
    232     0x0000A180       0xFFFFFF80      0x00000200         (0, 0, 4)      [3] []
    233     0x00016F80       0xFFFFFF80      0x00200000         (0, 1, 13)      [15] []
    234     0x00061600       0xFFFFFF00      0x00000004         (0, 6, 2)      [] [N]
    235     0x0001C800       0xFFFFFF80      0x00000300         (0, 1, 9)      [2, 3] []
    236     0x0001CF00       0xFFFFFF80      0x00C00010         (0, 1, 9)      [16, 17] [SW]
    237     0x0001B200       0xFFFFFF80      0x00080030         (0, 1, 6)      [13] [SW, S]
    238     0x0001A180       0xFFFFFF80      0x00000010         (0, 1, 4)      [] [SW]
    239     0x00061500       0xFFFFFF00      0x00000004         (0, 6, 2)      [] [N]
    240     0x00016E00       0xFFFFFF80      0x00040000         (0, 1, 13)      [12] []
    241     0x00018F80       0xFFFFFF80      0x00002000         (0, 1, 1)      [7] []
    242     0x00009280       0xFFFFFF80      0x00000100         (0, 0, 2)      [2] []
    243     0x00009300       0xFFFFFF80      0x00000200         (0, 0, 2)      [3] []
    244     0x0000FB00       0xFFFFFF80      0x00004000         (0, 0, 15)      [8] []
    245     0x00021000       0xFFFFFF80      0x00800000         (0, 2, 2)      [17] []
    246     0x00010E00       0xFFFFFF80      0x00000002         (0, 1, 1)      [] [NE]
    247     0x00033F00       0xFFFFFF00      0x00000004         (0, 3, 7)      [] [N]
    248     0x00017A00       0xFFFFFF80      0x00020002         (0, 1, 15)      [11] [NE]
    249     0x0001ED00       0xFFFFFF80      0x00000080         (0, 1, 13)      [1] []
    250     0x00006800       0xFFFFFF80      0x00000400         (0, 0, 13)      [4] []
    251     0x0001AC80       0xFFFFFF80      0x00000100         (0, 1, 5)      [2] []
    252     0x00015F00       0xFFFFFF80      0x00004000         (0, 1, 11)      [8] []
    253     0x00017780       0xFFFFFF80      0x00001002         (0, 1, 14)      [6] [NE]
    254     0x00011080       0xFFFFFF80      0x00000002         (0, 1, 2)      [] [NE]
    255     0x0001DD00       0xFFFFFF80      0x00100000         (0, 1, 11)      [14] []
    256     0x0001F580       0xFFFFFF80      0x00080002         (0, 1, 14)      [13] [NE]
    257     0x00020F80       0xFFFFFF80      0x00400000         (0, 2, 1)      [16] []
    258     0x00020900       0xFFFFFF80      0x00000010         (0, 2, 1)      [] [SW]
    259     0x00014E80       0xFFFFFF80      0x00000100         (0, 1, 9)      [2] []
    260     0x00015500       0xFFFFFF80      0x00200000         (0, 1, 10)      [15] []
    261     0x0000FC00       0xFFFFFF80      0x00010000         (0, 0, 15)      [10] []
    262     0x00016C00       0xFFFFFF80      0x00004000         (0, 1, 13)      [8] []
    263     0x0001B480       0xFFFFFF80      0x000000B0         (0, 1, 6)      [1] [SW, S]
    264     0x0001BD80       0xFFFFFF80      0x008000B0         (0, 1, 7)      [1, 17] [SW, S]
    265     0x0000EA80       0xFFFFFF80      0x00000400         (0, 0, 13)      [4] []
    266     0x0001EF00       0xFFFFFF80      0x00020000         (0, 1, 13)      [11] []
    267     0x0001BC00       0xFFFFFF80      0x003000B0         (0, 1, 7)      [1, 14, 15] [SW, S]
    268     0x0001DA00       0xFFFFFF80      0x00004000         (0, 1, 11)      [8] []
    269     0x0001A480       0xFFFFFF80      0x00001010         (0, 1, 4)      [6] [SW]
    270     0x0001C200       0xFFFFFF80      0x00FFFF3E         (0, 1, 8)      [2, 3, 4, 5, 6, 7, 8, 9, 10, 11, 12, 13, 14, 15, 16, 17] [NE, N, W, SW, S]
    271     0x00015D00       0xFFFFFF80      0x00000400         (0, 1, 11)      [4] []
    272     0x00024080       0xFFFFFF80      0x00004000         (0, 2, 8)      [8] []
    273     0x0001BB80       0xFFFFFF80      0x001800B0         (0, 1, 7)      [1, 13, 14] [SW, S]
    274     0x00020B00       0xFFFFFF80      0x00400000         (0, 2, 1)      [16] []
    275     0x00014680       0xFFFFFF80      0x00100000         (0, 1, 8)      [14] []
    276     0x00023800       0xFFFFFF80      0x00000003         (0, 2, 7)      [] [E, NE]
    277     0x0002B700       0xFFFFFF00      0x00000002         (0, 2, 6)      [] [NE]
    278     0x00022F00       0xFFFFFF80      0x00000001         (0, 2, 5)      [] [E]
    279     0x00012480       0xFFFFFF80      0x00000400         (0, 1, 4)      [4] []
    280     0x0001E200       0xFFFFFF80      0x00010000         (0, 1, 12)      [10] []
    281     0x00005980       0xFFFFFF80      0x00000400         (0, 0, 11)      [4] []
    282     0x00033C00       0xFFFFFF00      0x00000004         (0, 3, 7)      [] [N]
    283     0x00005880       0xFFFFFF80      0x00000100         (0, 0, 11)      [2] []
    284     0x00021380       0xFFFFFF80      0x00000080         (0, 2, 2)      [1] []
    285     0x00023B00       0xFFFFFF80      0x00000003         (0, 2, 7)      [] [E, NE]
    286     0x0000CD00       0xFFFFFF80      0x00000200         (0, 0, 9)      [3] []
    287     0x0001AC00       0xFFFFFF80      0x00000010         (0, 1, 5)      [] [SW]
    288     0x00022680       0xFFFFFF80      0x00000020         (0, 2, 4)      [] [S]
    289     0x0001A380       0xFFFFFF80      0x00000410         (0, 1, 4)      [4] [SW]
    290     0x0001C480       0xFFFFFF80      0x00FFFF3E         (0, 1, 8)      [2, 3, 4, 5, 6, 7, 8, 9, 10, 11, 12, 13, 14, 15, 16, 17] [NE, N, W, SW, S]
    291     0x0000D080       0xFFFFFF80      0x00010000         (0, 0, 10)      [10] []
    292     0x00023F00       0xFFFFFF80      0x00000800         (0, 2, 7)      [5] []
    293     0x0005C600       0xFFFFFF00      0x00000200         (0, 5, 8)      [3] []
    294     0x0001AF80       0xFFFFFF80      0x00004030         (0, 1, 5)      [8] [SW, S]
    295     0x00012800       0xFFFFFF80      0x00020000         (0, 1, 5)      [11] []
    296     0x00003B80       0xFFFFFF80      0x00000100         (0, 0, 7)      [2] []
    297     0x00012B00       0xFFFFFF80      0x00800000         (0, 1, 5)      [17] []
    298     0x00062400       0xFFFFFF00      0x00000008         (0, 6, 4)      [] [W]
    299     0x00010F80       0xFFFFFF80      0x00000002         (0, 1, 1)      [] [NE]
    300     0x00022700       0xFFFFFF80      0x00000020         (0, 2, 4)      [] [S]
    301     0x00017E00       0xFFFFFF80      0x00000082         (0, 1, 15)      [1] [NE]
    302     0x00022780       0xFFFFFF80      0x00000021         (0, 2, 4)      [] [E, S]
    303     0x0000ED00       0xFFFFFF80      0x00008000         (0, 0, 13)      [9] []
    304     0x00024380       0xFFFFFF80      0x00100000         (0, 2, 8)      [14] []
    305     0x00016D00       0xFFFFFF80      0x00010000         (0, 1, 13)      [10] []
    306     0x00016000       0xFFFFFF80      0x00010000         (0, 1, 12)      [10] []
    307     0x0001D100       0xFFFFFF80      0x00000800         (0, 1, 10)      [5] []
    308     0x00014F80       0xFFFFFF80      0x00000400         (0, 1, 9)      [4] []
    309     0x00033E00       0xFFFFFF00      0x00000004         (0, 3, 7)      [] [N]
    310     0x00009400       0xFFFFFF80      0x00000800         (0, 0, 2)      [5] []
    311     0x0001E100       0xFFFFFF80      0x00004000         (0, 1, 12)      [8] []
    312     0x00022480       0xFFFFFF80      0x00FFFF00         (0, 2, 4)      [2, 3, 4, 5, 6, 7, 8, 9, 10, 11, 12, 13, 14, 15, 16, 17] []
    313     0x00013600       0xFFFFFF80      0x00010000         (0, 1, 6)      [10] []
    314     0x0001C680       0xFFFFFF80      0x00FFFF3E         (0, 1, 8)      [2, 3, 4, 5, 6, 7, 8, 9, 10, 11, 12, 13, 14, 15, 16, 17] [NE, N, W, SW, S]
    315     0x00001A80       0xFFFFFF80      0x00000010         (0, 0, 3)      [] [SW]
    316     0x00019580       0xFFFFFF80      0x00000090         (0, 1, 2)      [1] [SW]
    317     0x00013900       0xFFFFFF80      0x00400002         (0, 1, 7)      [16] [NE]
    318     0x00023780       0xFFFFFF80      0x00000003         (0, 2, 6)      [] [E, NE]
    319     0x0001E180       0xFFFFFF80      0x00008000         (0, 1, 12)      [9] []
    320     0x0000CE80       0xFFFFFF80      0x00001000         (0, 0, 9)      [6] []
    321     0x00011600       0xFFFFFF80      0x00000400         (0, 1, 2)      [4] []
    322     0x00019E00       0xFFFFFF80      0x00100018         (0, 1, 3)      [14] [W, SW]
    323     0x00023300       0xFFFFFF80      0x00000001         (0, 2, 6)      [] [E]
    324     0x00004980       0xFFFFFF80      0x00000010         (0, 0, 9)      [] [SW]
    325     0x00016900       0xFFFFFF80      0x00000102         (0, 1, 13)      [2] [NE]
    326     0x0000FD00       0xFFFFFF80      0x00040000         (0, 0, 15)      [12] []
    327     0x0001E300       0xFFFFFF80      0x00040000         (0, 1, 12)      [12] []
    328     0x00015C00       0xFFFFFF80      0x00000100         (0, 1, 11)      [2] []
    329     0x0001F800       0xFFFFFF80      0x00000002         (0, 1, 15)      [] [NE]
    330     0x00018800       0xFFFFFF80      0x00200000         (0, 1, 1)      [15] []
    331     0x00014280       0xFFFFFF80      0x00001000         (0, 1, 8)      [6] []
    332     0x0001DC80       0xFFFFFF80      0x00080000         (0, 1, 11)      [13] []
    333     0x0000D180       0xFFFFFF80      0x00040000         (0, 0, 10)      [12] []
    334     0x0001F700       0xFFFFFF80      0x00400002         (0, 1, 14)      [16] [NE]
    335     0x00012680       0xFFFFFF80      0x00004000         (0, 1, 4)      [8] []
    336     0x0001E500       0xFFFFFF80      0x00400000         (0, 1, 12)      [16] []
    337     0x00015F80       0xFFFFFF80      0x00008000         (0, 1, 11)      [9] []
    338     0x0000BE00       0xFFFFFF80      0x00000100         (0, 0, 7)      [2] []
    339     0x00018600       0xFFFFFF80      0x00020000         (0, 1, 0)      [11] []
    340     0x00019A80       0xFFFFFF80      0x00002000         (0, 1, 3)      [7] []
    341     0x0001BB00       0xFFFFFF80      0x000C00B0         (0, 1, 7)      [1, 12, 13] [SW, S]
    342     0x00023980       0xFFFFFF80      0x00000003         (0, 2, 7)      [] [E, NE]
    343     0x00001B00       0xFFFFFF80      0x00000010         (0, 0, 3)      [] [SW]
    344     0x0000A300       0xFFFFFF80      0x00001000         (0, 0, 4)      [6] []
    345     0x0000A480       0xFFFFFF80      0x00008008         (0, 0, 4)      [9] [W]
    346     0x00011A80       0xFFFFFF80      0x00080000         (0, 1, 3)      [13] []
    347     0x00023380       0xFFFFFF80      0x00000001         (0, 2, 6)      [] [E]
    348     0x00014700       0xFFFFFF80      0x00200000         (0, 1, 8)      [15] []
    349     0x00019700       0xFFFFFF80      0x00000010         (0, 1, 2)      [] [SW]
    350     0x00013480       0xFFFFFF80      0x00002000         (0, 1, 6)      [7] []
    351     0x0000EF00       0xFFFFFF80      0x00080000         (0, 0, 13)      [13] []
    352     0x00024180       0xFFFFFF80      0x00010000         (0, 2, 8)      [10] []
    353     0x00020080       0xFFFFFF80      0x00400010         (0, 2, 0)      [16] [SW]
    354     0x00011800       0xFFFFFF80      0x00004000         (0, 1, 3)      [8] []
    355     0x00022800       0xFFFFFF80      0x00000001         (0, 2, 5)      [] [E]
    356     0x0001D480       0xFFFFFF80      0x00040030         (0, 1, 10)      [12] [SW, S]
    357     0x0001C100       0xFFFFFF80      0x00FFFF36         (0, 1, 8)      [2, 3, 4, 5, 6, 7, 8, 9, 10, 11, 12, 13, 14, 15, 16, 17] [NE, N, SW, S]
    358     0x00011B00       0xFFFFFF80      0x00100000         (0, 1, 3)      [14] []
    359     0x00019300       0xFFFFFF80      0x00100000         (0, 1, 2)      [14] []
    360     0x00018400       0xFFFFFF80      0x00002000         (0, 1, 0)      [7] []
    361     0x0001D600       0xFFFFFF80      0x00200030         (0, 1, 10)      [15] [SW, S]
    362     0x0000EE00       0xFFFFFF80      0x00020000         (0, 0, 13)      [11] []
    363     0x00020400       0xFFFFFF80      0x00200010         (0, 2, 0)      [15] [SW]
    364     0x0000F880       0xFFFFFF80      0x00000200         (0, 0, 15)      [3] []
    365     0x00011C00       0xFFFFFF80      0x00400000         (0, 1, 3)      [16] []
    366     0x0001D700       0xFFFFFF80      0x00800030         (0, 1, 10)      [17] [SW, S]
    367     0x00019C00       0xFFFFFF80      0x00010010         (0, 1, 3)      [10] [SW]
    368     0x00004680       0xFFFFFF80      0x00000010         (0, 0, 8)      [] [SW]
    369     0x00033D00       0xFFFFFF00      0x00000004         (0, 3, 7)      [] [N]
    370     0x0001B100       0xFFFFFF80      0x00020030         (0, 1, 6)      [11] [SW, S]
    371     0x00017980       0xFFFFFF80      0x00010000         (0, 1, 15)      [10] []
    372     0x0001A800       0xFFFFFF80      0x00080010         (0, 1, 5)      [13] [SW]
    373     0x00021280       0xFFFFFF80      0x00000080         (0, 2, 2)      [1] []
    374     0x0001F880       0xFFFFFF80      0x00000082         (0, 1, 15)      [1] [NE]
    375     0x0002AD00       0xFFFFFF00      0x00000002         (0, 2, 5)      [] [NE]
    376     0x0000C080       0xFFFFFF80      0x00002000         (0, 0, 8)      [7] []
    377     0x00017B00       0xFFFFFF80      0x00080002         (0, 1, 15)      [13] [NE]
    378     0x00018500       0xFFFFFF80      0x00008000         (0, 1, 0)      [9] []
    379     0x00001D80       0xFFFFFF80      0x00000010         (0, 0, 3)      [] [SW]
    380     0x0001FB00       0xFFFFFF80      0x00100010         (0, 1, 15)      [14] [SW]
    381     0x0001A700       0xFFFFFF80      0x00020010         (0, 1, 4)      [11] [SW]
    382     0x0001EA80       0xFFFFFF80      0x00100000         (0, 1, 13)      [14] []
    383     0x0001CE00       0xFFFFFF80      0x00300010         (0, 1, 9)      [14, 15] [SW]
    384     0x0001B780       0xFFFFFF80      0x000018B0         (0, 1, 6)      [1, 5, 6] [SW, S]
    385     0x00023A80       0xFFFFFF80      0x00000003         (0, 2, 7)      [] [E, NE]
    386     0x00010A00       0xFFFFFF80      0x00008000         (0, 1, 1)      [9] []
    387     0x0001B500       0xFFFFFF80      0x000000B0         (0, 1, 6)      [1] [SW, S]
    388     0x0001AB80       0xFFFFFF80      0x00000010         (0, 1, 5)      [] [SW]
    389     0x00018300       0xFFFFFF80      0x00000800         (0, 1, 0)      [5] []
    390     0x0001FA00       0xFFFFFF80      0x00040010         (0, 1, 15)      [12] [SW]
    391     0x00007780       0xFFFFFF80      0x00001000         (0, 0, 14)      [6] []
    392     0x0005CE00       0xFFFFFF00      0x00020000         (0, 5, 9)      [11] []
    393     0x00019C80       0xFFFFFF80      0x00020018         (0, 1, 3)      [11] [W, SW]
    394     0x0000A400       0xFFFFFF80      0x00004008         (0, 0, 4)      [8] [W]
    395     0x00019800       0xFFFFFF80      0x00000100         (0, 1, 3)      [2] []
    396     0x00016200       0xFFFFFF80      0x00100002         (0, 1, 12)      [14] [NE]
    397     0x00018880       0xFFFFFF80      0x00400000         (0, 1, 1)      [16] []
    398     0x0001C580       0xFFFFFF80      0x00FFFF3E         (0, 1, 8)      [2, 3, 4, 5, 6, 7, 8, 9, 10, 11, 12, 13, 14, 15, 16, 17] [NE, N, W, SW, S]
    399     0x0001E580       0xFFFFFF80      0x00800000         (0, 1, 12)      [17] []
    400     0x0001E980       0xFFFFFF80      0x00040000         (0, 1, 13)      [12] []
    401     0x00013A00       0xFFFFFF80      0x00000002         (0, 1, 7)      [] [NE]
    402     0x00017600       0xFFFFFF80      0x00000202         (0, 1, 14)      [3] [NE]
    403     0x0001B680       0xFFFFFF80      0x000006A0         (0, 1, 6)      [1, 3, 4] [S]
    404     0x0001E680       0xFFFFFF80      0x00000080         (0, 1, 12)      [1] []
    405     0x0001DB00       0xFFFFFF80      0x00010000         (0, 1, 11)      [10] []
    406     0x00018000       0xFFFFFF80      0x00000002         (0, 1, 0)      [] [NE]
    407     0x0000E980       0xFFFFFF80      0x00000100         (0, 0, 13)      [2] []
    408     0x00023600       0xFFFFFF80      0x00000003         (0, 2, 6)      [] [E, NE]
    409     0x0000C280       0xFFFFFF80      0x00020010         (0, 0, 8)      [11] [SW]
    410     0x00014500       0xFFFFFF80      0x00020000         (0, 1, 8)      [11] []
    411     0x0001A000       0xFFFFFF80      0x00000018         (0, 1, 4)      [] [W, SW]
    412     0x00012980       0xFFFFFF80      0x00100000         (0, 1, 5)      [14] []
    413     0x00008680       0xFFFFFF80      0x00002000         (0, 0, 0)      [7] []
    414     0x00015E00       0xFFFFFF80      0x00001000         (0, 1, 11)      [6] []
    415     0x0005C500       0xFFFFFF00      0x00000100         (0, 5, 8)      [2] []
    416     0x00020D80       0xFFFFFF80      0x00400000         (0, 2, 1)      [16] []
    417     0x0001A980       0xFFFFFF80      0x00400010         (0, 1, 5)      [16] [SW]
    418     0x00006700       0xFFFFFF80      0x00000100         (0, 0, 12)      [2] []
    419     0x00014800       0xFFFFFF80      0x00800000         (0, 1, 9)      [17] []
    420     0x00016B00       0xFFFFFF80      0x00001000         (0, 1, 13)      [6] []
    421     0x00033400       0xFFFFFF00      0x00000004         (0, 3, 6)      [] [N]
    422     0x00024480       0xFFFFFF80      0x00400000         (0, 2, 8)      [16] []
    423     0x0001C780       0xFFFFFF80      0x00FFFF90         (0, 1, 8)      [1, 2, 3, 4, 5, 6, 7, 8, 9, 10, 11, 12, 13, 14, 15, 16, 17] [SW]
    424     0x00006880       0xFFFFFF80      0x00000800         (0, 0, 13)      [5] []
    425     0x00017480       0xFFFFFF80      0x00000002         (0, 1, 14)      [] [NE]
    426     0x0002B600       0xFFFFFF00      0x00000002         (0, 2, 6)      [] [NE]
    427     0x0001BA00       0xFFFFFF80      0x000300B0         (0, 1, 7)      [1, 10, 11] [SW, S]
    428     0x00023400       0xFFFFFF80      0x00000001         (0, 2, 6)      [] [E]
    429     0x00009580       0xFFFFFF80      0x00004008         (0, 0, 2)      [8] [W]
    430     0x00020180       0xFFFFFF80      0x00000010         (0, 2, 0)      [] [SW]
    431     0x0000FB80       0xFFFFFF80      0x00008000         (0, 0, 15)      [9] []
    432     0x0000BF80       0xFFFFFF80      0x00000800         (0, 0, 7)      [5] []
    433     0x0005C700       0xFFFFFF00      0x00000400         (0, 5, 8)      [4] []
    434     0x00018900       0xFFFFFF80      0x00800000         (0, 1, 1)      [17] []
    435     0x00033500       0xFFFFFF00      0x00000004         (0, 3, 6)      [] [N]
    436     0x0001D080       0xFFFFFF80      0x00000400         (0, 1, 10)      [4] []
    437     0x0001D280       0xFFFFFF80      0x00004000         (0, 1, 10)      [8] []
    438     0x0002B900       0xFFFFFF00      0x00000002         (0, 2, 7)      [] [NE]
    439     0x00023900       0xFFFFFF80      0x00000003         (0, 2, 7)      [] [E, NE]
    440     0x00018E80       0xFFFFFF80      0x00000800         (0, 1, 1)      [5] []
    441     0x00004A80       0xFFFFFF80      0x00000200         (0, 0, 9)      [3] []
    442     0x00011A00       0xFFFFFF80      0x00040000         (0, 1, 3)      [12] []
    443     0x00020380       0xFFFFFF80      0x00100010         (0, 2, 0)      [14] [SW]
    444     0x00010B00       0xFFFFFF80      0x00020000         (0, 1, 1)      [11] []
    445     0x0001D980       0xFFFFFF80      0x00002000         (0, 1, 11)      [7] []
    446     0x00015080       0xFFFFFF80      0x00001000         (0, 1, 10)      [6] []
    447     0x00023580       0xFFFFFF80      0x00000003         (0, 2, 6)      [] [E, NE]
    448     0x00033900       0xFFFFFF00      0x00000004         (0, 3, 7)      [] [N]
    449     0x00015280       0xFFFFFF80      0x00010000         (0, 1, 10)      [10] []
    450     0x0001C380       0xFFFFFF80      0x00FFFF3E         (0, 1, 8)      [2, 3, 4, 5, 6, 7, 8, 9, 10, 11, 12, 13, 14, 15, 16, 17] [NE, N, W, SW, S]
    451     0x0000CF80       0xFFFFFF80      0x00004000         (0, 0, 9)      [8] []
    452     0x00019480       0xFFFFFF80      0x00800010         (0, 1, 2)      [17] [SW]
    453     0x0001A880       0xFFFFFF80      0x00100010         (0, 1, 5)      [14] [SW]
    454     0x0001EE80       0xFFFFFF80      0x00010000         (0, 1, 13)      [10] []
    455     0x0001BE80       0xFFFFFF80      0x000000BE         (0, 1, 7)      [1] [NE, N, W, SW, S]
    456     0x0005C900       0xFFFFFF00      0x00001000         (0, 5, 9)      [6] []
    457     0x0001BC80       0xFFFFFF80      0x006000B0         (0, 1, 7)      [16, 1, 15] [SW, S]
    458     0x00014900       0xFFFFFF80      0x00000080         (0, 1, 9)      [1] []
    459     0x00008480       0xFFFFFF80      0x00000200         (0, 0, 0)      [3] []
    460     0x00019200       0xFFFFFF80      0x00040000         (0, 1, 2)      [12] []
    461     0x00024200       0xFFFFFF80      0x00020000         (0, 2, 8)      [11] []
    462     0x00010D00       0xFFFFFF80      0x00200002         (0, 1, 1)      [15] [NE]
    463     0x0001B580       0xFFFFFF80      0x000001B0         (0, 1, 6)      [1, 2] [SW, S]
    464     0x0000B180       0xFFFFFF80      0x00001000         (0, 0, 6)      [6] []
    465     0x0001C300       0xFFFFFF80      0x00FFFF3E         (0, 1, 8)      [2, 3, 4, 5, 6, 7, 8, 9, 10, 11, 12, 13, 14, 15, 16, 17] [NE, N, W, SW, S]
    466     0x00017C80       0xFFFFFF80      0x00400002         (0, 1, 15)      [16] [NE]
    467     0x00016A00       0xFFFFFF80      0x00000400         (0, 1, 13)      [4] []
    468     0x00033300       0xFFFFFF00      0x00000004         (0, 3, 6)      [] [N]
    469     0x0001EE00       0xFFFFFF80      0x00008000         (0, 1, 13)      [9] []
    470     0x0001E400       0xFFFFFF80      0x00100000         (0, 1, 12)      [14] []
    471     0x0002B400       0xFFFFFF00      0x00000002         (0, 2, 6)      [] [NE]
    472     0x0001FF00       0xFFFFFF80      0x00080010         (0, 1, 15)      [13] [SW]
    473     0x00011700       0xFFFFFF80      0x00001000         (0, 1, 2)      [6] []
    474     0x0001CB00       0xFFFFFF80      0x0000C010         (0, 1, 9)      [8, 9] [SW]
    475     0x00008600       0xFFFFFF80      0x00001000         (0, 0, 0)      [6] []
    476     0x0002B100       0xFFFFFF00      0x00000002         (0, 2, 6)      [] [NE]
    477     0x00008400       0xFFFFFF80      0x00000100         (0, 0, 0)      [2] []
    478     0x0001B380       0xFFFFFF80      0x00400030         (0, 1, 6)      [16] [SW, S]
    479     0x00023F80       0xFFFFFF80      0x00001000         (0, 2, 7)      [6] []
    480     0x00062600       0xFFFFFF00      0x00000008         (0, 6, 4)      [] [W]
    481     0x00011900       0xFFFFFF80      0x00010000         (0, 1, 3)      [10] []
    482     0x00017580       0xFFFFFF80      0x00000102         (0, 1, 14)      [2] [NE]
    483     0x0001D880       0xFFFFFF80      0x00000800         (0, 1, 11)      [5] []
    484     0x0001AF00       0xFFFFFF80      0x00002030         (0, 1, 5)      [7] [SW, S]
    485     0x0001A080       0xFFFFFF80      0x00000098         (0, 1, 4)      [1] [W, SW]
    486     0x0001AE80       0xFFFFFF80      0x00001030         (0, 1, 5)      [6] [SW, S]
    487     0x00020100       0xFFFFFF80      0x00800010         (0, 2, 0)      [17] [SW]
    488     0x00033600       0xFFFFFF00      0x00000004         (0, 3, 6)      [] [N]
    489     0x00014200       0xFFFFFF80      0x00000800         (0, 1, 8)      [5] []
    490     0x00010D80       0xFFFFFF80      0x00400002         (0, 1, 1)      [16] [NE]
    491     0x00018D80       0xFFFFFF80      0x00000200         (0, 1, 1)      [3] []
    492     0x00062700       0xFFFFFF00      0x00000008         (0, 6, 4)      [] [W]
    493     0x0000DE00       0xFFFFFF80      0x00004000         (0, 0, 11)      [8] []
    494     0x00004780       0xFFFFFF80      0x00000010         (0, 0, 8)      [] [SW]
    495     0x0000EB80       0xFFFFFF80      0x00001000         (0, 0, 13)      [6] []
    496     0x00010900       0xFFFFFF80      0x00002000         (0, 1, 1)      [7] []
    497     0x00020280       0xFFFFFF80      0x00040010         (0, 2, 0)      [12] [SW]
    498     0x00020D00       0xFFFFFF80      0x00200000         (0, 2, 1)      [15] []
    499     0x0001F480       0xFFFFFF80      0x00020002         (0, 1, 14)      [11] [NE]
    500     0x00013200       0xFFFFFF80      0x00000102         (0, 1, 6)      [2] [NE]
    501     0x0001E480       0xFFFFFF80      0x00200000         (0, 1, 12)      [15] []
    502     0x00018F00       0xFFFFFF80      0x00001000         (0, 1, 1)      [6] []
    503     0x00015180       0xFFFFFF80      0x00004000         (0, 1, 10)      [8] []
    504     0x00017700       0xFFFFFF80      0x00000802         (0, 1, 14)      [5] [NE]
    505     0x0001FD80       0xFFFFFF80      0x00000090         (0, 1, 15)      [1] [SW]
    506     0x00021880       0xFFFFFF80      0x00000020         (0, 2, 3)      [] [S]
    507     0x00012780       0xFFFFFF80      0x00010000         (0, 1, 4)      [10] []
    508     0x0001F100       0xFFFFFF80      0x00200002         (0, 1, 14)      [15] [NE]
    509     0x0001B700       0xFFFFFF80      0x00000CA0         (0, 1, 6)      [1, 4, 5] [S]
    510     0x0001CF80       0xFFFFFF80      0x00800030         (0, 1, 9)      [17] [SW, S]
    511     0x0001E800       0xFFFFFF80      0x00008000         (0, 1, 13)      [9] []
    512     0x00020500       0xFFFFFF80      0x00800010         (0, 2, 0)      [17] [SW]
    513     0x00015580       0xFFFFFF80      0x00400000         (0, 1, 10)      [16] []
    514     0x0002B200       0xFFFFFF00      0x00000002         (0, 2, 6)      [] [NE]
    515     0x00018080       0xFFFFFF80      0x00000002         (0, 1, 0)      [] [NE]
    516     0x0001AE00       0xFFFFFF80      0x00000830         (0, 1, 5)      [5] [SW, S]
    517     0x00034100       0xFFFFFF00      0x00000004         (0, 3, 8)      [] [N]
    518     0x0001BF00       0xFFFFFF80      0x00FFFF36         (0, 1, 7)      [2, 3, 4, 5, 6, 7, 8, 9, 10, 11, 12, 13, 14, 15, 16, 17] [NE, N, SW, S]
    519     0x00020480       0xFFFFFF80      0x00400010         (0, 2, 0)      [16] [SW]
    520     0x0001EC00       0xFFFFFF80      0x00800000         (0, 1, 13)      [17] []
    521     0x00014100       0xFFFFFF80      0x00000200         (0, 1, 8)      [3] []
    522     0x0005CC00       0xFFFFFF00      0x00008000         (0, 5, 9)      [9] []
    523     0x00012A80       0xFFFFFF80      0x00400000         (0, 1, 5)      [16] []
    524     0x00019A00       0xFFFFFF80      0x00001000         (0, 1, 3)      [6] []
    525     0x00017B80       0xFFFFFF80      0x00100002         (0, 1, 15)      [14] [NE]
    526     0x00016300       0xFFFFFF80      0x00400002         (0, 1, 12)      [16] [NE]
    527     0x0001D300       0xFFFFFF80      0x00008010         (0, 1, 10)      [9] [SW]
    528     0x0001F300       0xFFFFFF80      0x00000082         (0, 1, 14)      [1] [NE]
    529     0x00011380       0xFFFFFF80      0x00000002         (0, 1, 2)      [] [NE]
    530     0x00014300       0xFFFFFF80      0x00002000         (0, 1, 8)      [7] []
    531     0x00019F80       0xFFFFFF80      0x00800018         (0, 1, 3)      [17] [W, SW]
    532     0x0001D180       0xFFFFFF80      0x00001000         (0, 1, 10)      [6] []
    533     0x0000EE80       0xFFFFFF80      0x00040000         (0, 0, 13)      [12] []
    534     0x0001C600       0xFFFFFF80      0x00FFFF3E         (0, 1, 8)      [2, 3, 4, 5, 6, 7, 8, 9, 10, 11, 12, 13, 14, 15, 16, 17] [NE, N, W, SW, S]
    535     0x00023E00       0xFFFFFF80      0x00000200         (0, 2, 7)      [3] []
    536     0x00012500       0xFFFFFF80      0x00000800         (0, 1, 4)      [5] []
    537     0x00020800       0xFFFFFF80      0x00400010         (0, 2, 1)      [16] [SW]
    538     0x0000B300       0xFFFFFF80      0x00008000         (0, 0, 6)      [9] []
    539     0x00023680       0xFFFFFF80      0x00000003         (0, 2, 6)      [] [E, NE]
    540     0x00015600       0xFFFFFF80      0x00800000         (0, 1, 10)      [17] []
    541     0x00024500       0xFFFFFF80      0x00800000         (0, 2, 8)      [17] []
    542     0x0001BE00       0xFFFFFF80      0x000000B0         (0, 1, 7)      [1] [SW, S]
    543     0x0000DC00       0xFFFFFF80      0x00000400         (0, 0, 11)      [4] []
    544     0x00018780       0xFFFFFF80      0x00100000         (0, 1, 0)      [14] []
    545     0x0002B000       0xFFFFFF00      0x00000002         (0, 2, 6)      [] [NE]
    546     0x0000E000       0xFFFFFF80      0x00040000         (0, 0, 12)      [12] []
    547     0x0000CC80       0xFFFFFF80      0x00000100         (0, 0, 9)      [2] []
    548     0x0005D100       0xFFFFFF00      0x00100000         (0, 5, 10)      [14] []
    549     0x00021800       0xFFFFFF80      0x00000020         (0, 2, 3)      [] [S]
    550     0x00061D00       0xFFFFFF00      0x00000008         (0, 6, 3)      [] [W]
    551     0x00021E00       0xFFFFFF80      0x00000020         (0, 2, 3)      [] [S]
    552     0x00020980       0xFFFFFF80      0x00000090         (0, 2, 1)      [1] [SW]
    553     0x00010E80       0xFFFFFF80      0x00000002         (0, 1, 1)      [] [NE]
    554     0x0001E880       0xFFFFFF80      0x00010000         (0, 1, 13)      [10] []
    555     0x00017D80       0xFFFFFF80      0x00000002         (0, 1, 15)      [] [NE]
    556     0x0000EC80       0xFFFFFF80      0x00004000         (0, 0, 13)      [8] []
    557     0x0001A780       0xFFFFFF80      0x00040010         (0, 1, 4)      [12] [SW]
    558     0x0001F180       0xFFFFFF80      0x00400002         (0, 1, 14)      [16] [NE]
    559     0x00061C00       0xFFFFFF00      0x00000008         (0, 6, 3)      [] [W]
    560     0x0001A680       0xFFFFFF80      0x00010010         (0, 1, 4)      [10] [SW]
    561     0x00008580       0xFFFFFF80      0x00000800         (0, 0, 0)      [5] []
    562     0x00007580       0xFFFFFF80      0x00000100         (0, 0, 14)      [2] []
    563     0x00023C00       0xFFFFFF80      0x00000003         (0, 2, 7)      [] [E, NE]
    564     0x00016780       0xFFFFFF80      0x00000002         (0, 1, 12)      [] [NE]
    565     0x0000DE80       0xFFFFFF80      0x00008000         (0, 0, 11)      [9] []
    566     0x00017A80       0xFFFFFF80      0x00040002         (0, 1, 15)      [12] [NE]
    567     0x00062500       0xFFFFFF00      0x00000008         (0, 6, 4)      [] [W]
    568     0x0001A500       0xFFFFFF80      0x00002000         (0, 1, 4)      [7] []
    569     0x00007680       0xFFFFFF80      0x00000400         (0, 0, 14)      [4] []
    570     0x00009500       0xFFFFFF80      0x00002000         (0, 0, 2)      [7] []
    571     0x0000DF80       0xFFFFFF80      0x00020000         (0, 0, 11)      [11] []
    572     0x00062200       0xFFFFFF00      0x00000008         (0, 6, 4)      [] [W]
    573     0x0001D900       0xFFFFFF80      0x00001000         (0, 1, 11)      [6] []
    574     0x00061400       0xFFFFFF00      0x00000004         (0, 6, 2)      [] [N]
    575     0x00009380       0xFFFFFF80      0x00000400         (0, 0, 2)      [4] []
    576     0x00021100       0xFFFFFF80      0x00000080         (0, 2, 2)      [1] []
    577     0x0001C500       0xFFFFFF80      0x00FFFF3E         (0, 1, 8)      [2, 3, 4, 5, 6, 7, 8, 9, 10, 11, 12, 13, 14, 15, 16, 17] [NE, N, W, SW, S]
    578     0x0000DD00       0xFFFFFF80      0x00001000         (0, 0, 11)      [6] []
    579     0x00004400       0xFFFFFF80      0x00000010         (0, 0, 8)      [] [SW]
    580     0x0001B000       0xFFFFFF80      0x00008030         (0, 1, 6)      [9] [SW, S]
    581     0x00013580       0xFFFFFF80      0x00008000         (0, 1, 6)      [9] []
    582     0x0001BD00       0xFFFFFF80      0x00C000B0         (0, 1, 7)      [16, 1, 17] [SW, S]
    583     0x00012900       0xFFFFFF80      0x00080000         (0, 1, 5)      [13] []
    584     0x00011580       0xFFFFFF80      0x00000200         (0, 1, 2)      [3] []
    585     0x0002B800       0xFFFFFF00      0x00000002         (0, 2, 7)      [] [NE]
    586     0x00011200       0xFFFFFF80      0x00000002         (0, 1, 2)      [] [NE]
    587     0x0001CD00       0xFFFFFF80      0x000C0010         (0, 1, 9)      [12, 13] [SW]
    588     0x0001CE80       0xFFFFFF80      0x00600010         (0, 1, 9)      [16, 15] [SW]
    589     0x00017800       0xFFFFFF80      0x00002000         (0, 1, 15)      [7] []
    590     0x00012600       0xFFFFFF80      0x00002000         (0, 1, 4)      [7] []
    591     0x00023D80       0xFFFFFF80      0x00000100         (0, 2, 7)      [2] []
    592     0x0000B200       0xFFFFFF80      0x00002000         (0, 0, 6)      [7] []
    593     0x00019680       0xFFFFFF80      0x00000010         (0, 1, 2)      [] [SW]
    594     0x0000FC80       0xFFFFFF80      0x00020000         (0, 0, 15)      [11] []
    595     0x00004800       0xFFFFFF80      0x00000010         (0, 0, 9)      [] [SW]
    596     0x0001B300       0xFFFFFF80      0x00200030         (0, 1, 6)      [15] [SW, S]
    597     0x0000C100       0xFFFFFF80      0x00004000         (0, 0, 8)      [8] []
    598     0x00020300       0xFFFFFF80      0x00080010         (0, 2, 0)      [13] [SW]
    599     0x00018280       0xFFFFFF80      0x00000402         (0, 1, 0)      [4] [NE]
    600     0x0000F980       0xFFFFFF80      0x00000800         (0, 0, 15)      [5] []
    601     0x0001D500       0xFFFFFF80      0x00080030         (0, 1, 10)      [13] [SW, S]
    602     0x00020200       0xFFFFFF80      0x00000090         (0, 2, 0)      [1] [SW]
    603     0x00001B80       0xFFFFFF80      0x00000010         (0, 0, 3)      [] [SW]
    604     0x0001A280       0xFFFFFF80      0x00000110         (0, 1, 4)      [2] [SW]
    605     0x0001EA00       0xFFFFFF80      0x00080000         (0, 1, 13)      [13] []
    606     0x00023500       0xFFFFFF80      0x00000003         (0, 2, 6)      [] [E, NE]
    607     0x00016280       0xFFFFFF80      0x00200002         (0, 1, 12)      [15] [NE]
    608     0x00016A80       0xFFFFFF80      0x00000800         (0, 1, 13)      [5] []
    609     0x00023B80       0xFFFFFF80      0x00000003         (0, 2, 7)      [] [E, NE]
    610     0x00023C80       0xFFFFFF80      0x00000003         (0, 2, 7)      [] [E, NE]
    611     0x00033B00       0xFFFFFF00      0x00000004         (0, 3, 7)      [] [N]
    612     0x00001900       0xFFFFFF80      0x00000010         (0, 0, 3)      [] [SW]
    613     0x0001EB00       0xFFFFFF80      0x00200000         (0, 1, 13)      [15] []
    614     0x00004580       0xFFFFFF80      0x00000010         (0, 0, 8)      [] [SW]
    615     0x00061E00       0xFFFFFF00      0x00000008         (0, 6, 3)      [] [W]
    616     0x00022F80       0xFFFFFF80      0x00000001         (0, 2, 5)      [] [E]
    617     0x0000CF00       0xFFFFFF80      0x00002000         (0, 0, 9)      [7] []
    618     0x0001FC80       0xFFFFFF80      0x00800010         (0, 1, 15)      [17] [SW]
    619     0x00013780       0xFFFFFF80      0x00080002         (0, 1, 6)      [13] [NE]
    620     0x0002AF00       0xFFFFFF00      0x00000002         (0, 2, 5)      [] [NE]
    621     0x00017180       0xFFFFFF80      0x00000080         (0, 1, 14)      [1] []
    622     0x00011300       0xFFFFFF80      0x00000002         (0, 1, 2)      [] [NE]
    623     0x00007600       0xFFFFFF80      0x00000200         (0, 0, 14)      [3] []
    624     0x00016400       0xFFFFFF80      0x00000002         (0, 1, 12)      [] [NE]
    625     0x00016D80       0xFFFFFF80      0x00020000         (0, 1, 13)      [11] []
    626     0x0000CD80       0xFFFFFF80      0x00000400         (0, 0, 9)      [4] []
    627     0x00021400       0xFFFFFF80      0x00000080         (0, 2, 2)      [1] []
    628     0x00013300       0xFFFFFF80      0x00000402         (0, 1, 6)      [4] [NE]
    629     0x00010800       0xFFFFFF80      0x00000800         (0, 1, 1)      [5] []
    630     0x0005D300       0xFFFFFF00      0x00400000         (0, 5, 10)      [16] []
    631     0x00022E80       0xFFFFFF80      0x00000001         (0, 2, 5)      [] [E]
    632     0x0000EA00       0xFFFFFF80      0x00000200         (0, 0, 13)      [3] []
    633     0x00019E80       0xFFFFFF80      0x00200018         (0, 1, 3)      [15] [W, SW]
    634     0x0000A100       0xFFFFFF80      0x00000100         (0, 0, 4)      [2] []
    635     0x0005CA00       0xFFFFFF00      0x00002000         (0, 5, 9)      [7] []
    636     0x0001C900       0xFFFFFF80      0x00000C00         (0, 1, 9)      [4, 5] []
    637     0x0001D580       0xFFFFFF80      0x00100030         (0, 1, 10)      [14] [SW, S]
    638     0x0000A200       0xFFFFFF80      0x00000400         (0, 0, 4)      [4] []
    639     0x00006780       0xFFFFFF80      0x00000200         (0, 0, 12)      [3] []
    640     0x00004A00       0xFFFFFF80      0x00000100         (0, 0, 9)      [2] []
    641     0x0001F400       0xFFFFFF80      0x00010000         (0, 1, 14)      [10] []
    642     0x0001C880       0xFFFFFF80      0x00000600         (0, 1, 9)      [3, 4] []
    643     0x0001A300       0xFFFFFF80      0x00000210         (0, 1, 4)      [3] [SW]
    644     0x0000FD80       0xFFFFFF80      0x00080000         (0, 0, 15)      [13] []
    645     0x00019900       0xFFFFFF80      0x00000400         (0, 1, 3)      [4] []
    646     0x0001A900       0xFFFFFF80      0x00200010         (0, 1, 5)      [15] [SW]
    647     0x00016E80       0xFFFFFF80      0x00080000         (0, 1, 13)      [13] []
    648     0x0001DF80       0xFFFFFF80      0x00000080         (0, 1, 11)      [1] []
    649     0x00023A00       0xFFFFFF80      0x00000003         (0, 2, 7)      [] [E, NE]
    650     0x00004880       0xFFFFFF80      0x00000010         (0, 0, 9)      [] [SW]
    651     0x00013680       0xFFFFFF80      0x00020002         (0, 1, 6)      [11] [NE]
    652     0x00023100       0xFFFFFF80      0x00000001         (0, 2, 6)      [] [E]
    653     0x00018180       0xFFFFFF80      0x00000102         (0, 1, 0)      [2] [NE]
    654     0x0002AC00       0xFFFFFF00      0x00000002         (0, 2, 5)      [] [NE]
    655     0x0000DF00       0xFFFFFF80      0x00010000         (0, 0, 11)      [10] []
    656     0x0001D380       0xFFFFFF80      0x00010010         (0, 1, 10)      [10] [SW]
    657     0x00001D00       0xFFFFFF80      0x00000010         (0, 0, 3)      [] [SW]
    658     0x0001C280       0xFFFFFF80      0x00FFFF3E         (0, 1, 8)      [2, 3, 4, 5, 6, 7, 8, 9, 10, 11, 12, 13, 14, 15, 16, 17] [NE, N, W, SW, S]
    659     0x0001CC00       0xFFFFFF80      0x00030010         (0, 1, 9)      [10, 11] [SW]
    660     0x0000A280       0xFFFFFF80      0x00000800         (0, 0, 4)      [5] []
    661     0x00024600       0xFFFFFF80      0x00000080         (0, 2, 8)      [1] []
    662     0x00011400       0xFFFFFF80      0x00000002         (0, 1, 2)      [] [NE]
    663     0x0001EF80       0xFFFFFF80      0x00040000         (0, 1, 13)      [12] []
    664     0x00062300       0xFFFFFF00      0x00000008         (0, 6, 4)      [] [W]
    665     0x0001DE80       0xFFFFFF80      0x00800000         (0, 1, 11)      [17] []
    666     0x0001CA80       0xFFFFFF80      0x00006000         (0, 1, 9)      [8, 7] []
    667     0x0001FF80       0xFFFFFF80      0x00100010         (0, 1, 15)      [14] [SW]
    668     0x00007700       0xFFFFFF80      0x00000800         (0, 0, 14)      [5] []
    669     0x0001C080       0xFFFFFF80      0x00FFFF36         (0, 1, 8)      [2, 3, 4, 5, 6, 7, 8, 9, 10, 11, 12, 13, 14, 15, 16, 17] [NE, N, SW, S]
    670     0x0001C400       0xFFFFFF80      0x00FFFF3E         (0, 1, 8)      [2, 3, 4, 5, 6, 7, 8, 9, 10, 11, 12, 13, 14, 15, 16, 17] [NE, N, W, SW, S]
    671     0x00011100       0xFFFFFF80      0x00000002         (0, 1, 2)      [] [NE]
    672     0x00018D00       0xFFFFFF80      0x00000100         (0, 1, 1)      [2] []
    673     0x0001ED80       0xFFFFFF80      0x00004000         (0, 1, 13)      [8] []
    674     0x00014F00       0xFFFFFF80      0x00000200         (0, 1, 9)      [3] []
    675     0x00023880       0xFFFFFF80      0x00000003         (0, 2, 7)      [] [E, NE]
    676     0x0005CF00       0xFFFFFF00      0x00040000         (0, 5, 9)      [12] []
    677     0x00013880       0xFFFFFF80      0x00200002         (0, 1, 7)      [15] [NE]
    678     0x0001F780       0xFFFFFF80      0x00800002         (0, 1, 14)      [17] [NE]
    679     0x00016C80       0xFFFFFF80      0x00008000         (0, 1, 13)      [9] []
    680     0x00016880       0xFFFFFF80      0x00000002         (0, 1, 13)      [] [NE]
    681     0x0000C200       0xFFFFFF80      0x00010010         (0, 0, 8)      [10] [SW]
    682     0x00015380       0xFFFFFF80      0x00040000         (0, 1, 10)      [12] []
    683     0x00020700       0xFFFFFF80      0x00100010         (0, 2, 0)      [14] [SW]
    684     0x00061700       0xFFFFFF00      0x00000004         (0, 6, 2)      [] [N]
    685     0x00020C80       0xFFFFFF80      0x00000080         (0, 2, 1)      [1] []
    686     0x00011C80       0xFFFFFF80      0x00800000         (0, 1, 3)      [17] []
    687     0x0000CE00       0xFFFFFF80      0x00000800         (0, 0, 9)      [5] []
    688     0x00015D80       0xFFFFFF80      0x00000800         (0, 1, 11)      [5] []
    689     0x0000EB00       0xFFFFFF80      0x00000800         (0, 0, 13)      [5] []
    690     0x00019500       0xFFFFFF80      0x00000010         (0, 1, 2)      [] [SW]
    691     0x0000B380       0xFFFFFF80      0x00010000         (0, 0, 6)      [10] []
    692     0x00013180       0xFFFFFF80      0x00000002         (0, 1, 6)      [] [NE]
    693     0x0001A100       0xFFFFFF80      0x00000010         (0, 1, 4)      [] [SW]
    694     0x0001B400       0xFFFFFF80      0x00800030         (0, 1, 6)      [17] [SW, S]
    695     0x00014780       0xFFFFFF80      0x00400000         (0, 1, 8)      [16] []
    696     0x0001CB80       0xFFFFFF80      0x00018010         (0, 1, 9)      [9, 10] [SW]
    697     0x00020E00       0xFFFFFF80      0x00800000         (0, 2, 1)      [17] []
    698     0x0001D000       0xFFFFFF80      0x000000B0         (0, 1, 10)      [1] [SW, S]
    699     0x00012400       0xFFFFFF80      0x00000200         (0, 1, 4)      [3] []
    700     0x00010880       0xFFFFFF80      0x00001000         (0, 1, 1)      [6] []
    701     0x00020580       0xFFFFFF80      0x00000010         (0, 2, 0)      [] [SW]
    702     0x0001CD80       0xFFFFFF80      0x00180010         (0, 1, 9)      [13, 14] [SW]
    703     0x0000DC80       0xFFFFFF80      0x00000800         (0, 0, 11)      [5] []
    704     0x00011780       0xFFFFFF80      0x00002000         (0, 1, 2)      [7] []
    705     0x00004900       0xFFFFFF80      0x00000010         (0, 0, 9)      [] [SW]
    706     0x00004480       0xFFFFFF80      0x00000010         (0, 0, 8)      [] [SW]
    707     0x00017400       0xFFFFFF80      0x00000002         (0, 1, 14)      [] [NE]
    708     0x00019880       0xFFFFFF80      0x00000200         (0, 1, 3)      [3] []
    709     0x0001F980       0xFFFFFF80      0x00020010         (0, 1, 15)      [11] [SW]
    710     0x00010980       0xFFFFFF80      0x00004000         (0, 1, 1)      [8] []
    711     0x00004600       0xFFFFFF80      0x00000010         (0, 0, 8)      [] [SW]
    712     0x00014380       0xFFFFFF80      0x00004000         (0, 1, 8)      [8] []
    713     0x00017000       0xFFFFFF80      0x00400000         (0, 1, 14)      [16] []
    714     0x00013400       0xFFFFFF80      0x00001002         (0, 1, 6)      [6] [NE]
    715     0x0001A400       0xFFFFFF80      0x00000810         (0, 1, 4)      [5] [SW]
    716     0x0002BA00       0xFFFFFF00      0x00000002         (0, 2, 7)      [] [NE]
