router contains 832 entries 
 
  Index   Key(hex)    Mask(hex)    Route(hex)    Src. Core -> [Cores][Links]
------------------------------------------------------------------------------
    0     0x00015F80       0xFFFFFF80      0x00008000         (0, 1, 11)      [9] []
    1     0x00000D00       0xFFFFFF80      0x00000001         (0, 0, 1)      [] [E]
    2     0x00018100       0xFFFFFF80      0x00000098         (0, 1, 0)      [1] [W, SW]
    3     0x00006780       0xFFFFFF80      0x00000221         (0, 0, 12)      [3] [E, S]
    4     0x0000F380       0xFFFFFF80      0x00000020         (0, 0, 14)      [] [S]
    5     0x0001FA00       0xFFFFFF80      0x00040000         (0, 1, 15)      [12] []
    6     0x00021B80       0xFFFFFF80      0x000FFF80         (0, 2, 3)      [1, 2, 3, 4, 5, 6, 7, 8, 9, 10, 11, 12, 13] []
    7     0x0000C780       0xFFFFFF80      0x00000020         (0, 0, 8)      [] [S]
    8     0x00019080       0xFFFFFF80      0x00008000         (0, 1, 2)      [9] []
    9     0x0000F300       0xFFFFFF80      0x00000030         (0, 0, 14)      [] [SW, S]
    10     0x00010500       0xFFFFFF80      0x00000020         (0, 1, 0)      [] [S]
    11     0x0003FF00       0xFFFFFF00      0x00000400         (0, 3, 15)      [4] []
    12     0x0000AC80       0xFFFFFF80      0x00000020         (0, 0, 5)      [] [S]
    13     0x0001AF80       0xFFFFFF80      0x00004000         (0, 1, 5)      [8] []
    14     0x0000BD80       0xFFFFFF80      0x000000A0         (0, 0, 7)      [1] [S]
    15     0x0000BF00       0xFFFFFF80      0x00000420         (0, 0, 7)      [4] [S]
    16     0x0001BF80       0xFFFFFF80      0x00000200         (0, 1, 7)      [3] []
    17     0x00009C80       0xFFFFFF80      0x00000003         (0, 0, 3)      [] [E, NE]
    18     0x00014280       0xFFFFFF80      0x00001020         (0, 1, 8)      [6] [S]
    19     0x0000E000       0xFFFFFF80      0x000FFFBF         (0, 0, 12)      [1, 2, 3, 4, 5, 6, 7, 8, 9, 10, 11, 12, 13] [E, NE, N, W, SW, S]
    20     0x00018000       0xFFFFFF80      0x00000018         (0, 1, 0)      [] [W, SW]
    21     0x00019980       0xFFFFFF80      0x00000801         (0, 1, 3)      [5] [E]
    22     0x00000B00       0xFFFFFF80      0x00000001         (0, 0, 1)      [] [E]
    23     0x00018F80       0xFFFFFF80      0x00002000         (0, 1, 1)      [7] []
    24     0x0001B180       0xFFFFFF80      0x00040000         (0, 1, 6)      [12] []
    25     0x00019900       0xFFFFFF80      0x00000401         (0, 1, 3)      [4] [E]
    26     0x00002600       0xFFFFFF80      0x00800000         (0, 0, 4)      [17] []
    27     0x0000D080       0xFFFFFF80      0x00030006         (0, 0, 10)      [10, 11] [NE, N]
    28     0x0001FF00       0xFFFFFF80      0x00080000         (0, 1, 15)      [13] []
    29     0x0000EF00       0xFFFFFF80      0x00FC0000         (0, 0, 13)      [12, 13, 14, 15, 16, 17] []
    30     0x00023900       0xFFFFFF80      0x00000010         (0, 2, 7)      [] [SW]
    31     0x00000A80       0xFFFFFF80      0x00000001         (0, 0, 1)      [] [E]
    32     0x00017F00       0xFFFFFF80      0x00000018         (0, 1, 15)      [] [W, SW]
    33     0x00023F80       0xFFFFFF80      0x0000100E         (0, 2, 7)      [6] [NE, N, W]
    34     0x00005400       0xFFFFFF80      0x00000002         (0, 0, 10)      [] [NE]
    35     0x00006500       0xFFFFFF80      0x00000021         (0, 0, 12)      [] [E, S]
    36     0x00040500       0xFFFFFF00      0x00010000         (0, 4, 0)      [10] []
    37     0x0000E300       0xFFFFFF80      0x00F00030         (0, 0, 12)      [16, 17, 14, 15] [SW, S]
    38     0x00019B00       0xFFFFFF80      0x00004000         (0, 1, 3)      [8] []
    39     0x00012480       0xFFFFFF80      0x00000408         (0, 1, 4)      [4] [W]
    40     0x00018D00       0xFFFFFF80      0x00000100         (0, 1, 1)      [2] []
    41     0x00003380       0xFFFFFF80      0x00200000         (0, 0, 6)      [15] []
    42     0x00000C00       0xFFFFFF80      0x00000001         (0, 0, 1)      [] [E]
    43     0x0001B100       0xFFFFFF80      0x00020000         (0, 1, 6)      [11] []
    44     0x00012500       0xFFFFFF80      0x00000808         (0, 1, 4)      [5] [W]
    45     0x00018E80       0xFFFFFF80      0x00000800         (0, 1, 1)      [5] []
    46     0x00012700       0xFFFFFF80      0x00008018         (0, 1, 4)      [9] [W, SW]
    47     0x0001D480       0xFFFFFF80      0x00040000         (0, 1, 10)      [12] []
    48     0x00004300       0xFFFFFF80      0x00800000         (0, 0, 8)      [17] []
    49     0x0000BA80       0xFFFFFF80      0x00000020         (0, 0, 7)      [] [S]
    50     0x00003B80       0xFFFFFF80      0x00000101         (0, 0, 7)      [2] [E]
    51     0x00017780       0xFFFFFF80      0x00001008         (0, 1, 14)      [6] [W]
    52     0x00006F80       0xFFFFFF80      0x00000021         (0, 0, 13)      [] [E, S]
    53     0x00001780       0xFFFFFF80      0x00800000         (0, 0, 2)      [17] []
    54     0x00002C00       0xFFFFFF80      0x00000001         (0, 0, 5)      [] [E]
    55     0x00003A00       0xFFFFFF80      0x00000001         (0, 0, 7)      [] [E]
    56     0x00015A00       0xFFFFFF80      0x00000010         (0, 1, 11)      [] [SW]
    57     0x0000E900       0xFFFFFF80      0x00F000B0         (0, 0, 13)      [16, 17, 15, 14, 1] [SW, S]
    58     0x0000DD00       0xFFFFFF80      0x000FFFBF         (0, 0, 11)      [1, 2, 3, 4, 5, 6, 7, 8, 9, 10, 11, 12, 13] [E, NE, N, W, SW, S]
    59     0x0000D480       0xFFFFFF80      0x000FFF8C         (0, 0, 10)      [1, 2, 3, 4, 5, 6, 7, 8, 9, 10, 11, 12, 13] [N, W]
    60     0x00009200       0xFFFFFF80      0x00000082         (0, 0, 2)      [1] [NE]
    61     0x0001C000       0xFFFFFF80      0x00000400         (0, 1, 8)      [4] []
    62     0x00009D00       0xFFFFFF80      0x00000003         (0, 0, 3)      [] [E, NE]
    63     0x0000D200       0xFFFFFF80      0x001FFF8C         (0, 0, 10)      [1, 2, 3, 4, 5, 6, 7, 8, 9, 10, 11, 12, 13, 14] [N, W]
    64     0x0000B100       0xFFFFFF80      0x00000820         (0, 0, 6)      [5] [S]
    65     0x0001EE00       0xFFFFFF80      0x00008000         (0, 1, 13)      [9] []
    66     0x00002A80       0xFFFFFF80      0x00000001         (0, 0, 5)      [] [E]
    67     0x00011A00       0xFFFFFF80      0x00040000         (0, 1, 3)      [12] []
    68     0x0000B680       0xFFFFFF80      0x00400020         (0, 0, 6)      [16] [S]
    69     0x00024400       0xFFFFFF80      0x00000006         (0, 2, 8)      [] [NE, N]
    70     0x00011300       0xFFFFFF80      0x00000010         (0, 1, 2)      [] [SW]
    71     0x0000C900       0xFFFFFF80      0x00000020         (0, 0, 9)      [] [S]
    72     0x00010980       0xFFFFFF80      0x00004020         (0, 1, 1)      [8] [S]
    73     0x0001E800       0xFFFFFF80      0x00008000         (0, 1, 13)      [9] []
    74     0x00007700       0xFFFFFF80      0x00000821         (0, 0, 14)      [5] [E, S]
    75     0x00001A00       0xFFFFFF80      0x00000001         (0, 0, 3)      [] [E]
    76     0x00006380       0xFFFFFF80      0x00000001         (0, 0, 12)      [] [E]
    77     0x00005880       0xFFFFFF80      0x00000103         (0, 0, 11)      [2] [E, NE]
    78     0x0001A500       0xFFFFFF80      0x00002000         (0, 1, 4)      [7] []
    79     0x0001CB00       0xFFFFFF80      0x00008000         (0, 1, 9)      [9] []
    80     0x00018F00       0xFFFFFF80      0x00001000         (0, 1, 1)      [6] []
    81     0x0001DA00       0xFFFFFF80      0x00004000         (0, 1, 11)      [8] []
    82     0x00003880       0xFFFFFF80      0x00000001         (0, 0, 7)      [] [E]
    83     0x00016E00       0xFFFFFF80      0x00040000         (0, 1, 13)      [12] []
    84     0x0001A600       0xFFFFFF80      0x00008000         (0, 1, 4)      [9] []
    85     0x0000B880       0xFFFFFF80      0x00000020         (0, 0, 7)      [] [S]
    86     0x00013B00       0xFFFFFF80      0x00000010         (0, 1, 7)      [] [SW]
    87     0x0000A800       0xFFFFFF80      0x00400020         (0, 0, 5)      [16] [S]
    88     0x0000B780       0xFFFFFF80      0x00000020         (0, 0, 6)      [] [S]
    89     0x00017A00       0xFFFFFF80      0x00020000         (0, 1, 15)      [11] []
    90     0x0000F100       0xFFFFFF80      0x00C00030         (0, 0, 14)      [16, 17] [SW, S]
    91     0x00011E00       0xFFFFFF80      0x00000008         (0, 1, 3)      [] [W]
    92     0x00017200       0xFFFFFF80      0x00000008         (0, 1, 14)      [] [W]
    93     0x0000DA80       0xFFFFFF80      0x000FFFBF         (0, 0, 11)      [1, 2, 3, 4, 5, 6, 7, 8, 9, 10, 11, 12, 13] [E, NE, N, W, SW, S]
    94     0x00006200       0xFFFFFF80      0x00000001         (0, 0, 12)      [] [E]
    95     0x00017600       0xFFFFFF80      0x00000208         (0, 1, 14)      [3] [W]
    96     0x00014180       0xFFFFFF80      0x00000430         (0, 1, 8)      [4] [SW, S]
    97     0x00002900       0xFFFFFF80      0x00000003         (0, 0, 5)      [] [E, NE]
    98     0x0001F580       0xFFFFFF80      0x00080000         (0, 1, 14)      [13] []
    99     0x00011000       0xFFFFFF80      0x00000010         (0, 1, 2)      [] [SW]
    100     0x00012080       0xFFFFFF80      0x00000008         (0, 1, 4)      [] [W]
    101     0x00016180       0xFFFFFF80      0x00080000         (0, 1, 12)      [13] []
    102     0x0000DB80       0xFFFFFF80      0x000FFFBF         (0, 0, 11)      [1, 2, 3, 4, 5, 6, 7, 8, 9, 10, 11, 12, 13] [E, NE, N, W, SW, S]
    103     0x0000B900       0xFFFFFF80      0x00000020         (0, 0, 7)      [] [S]
    104     0x0000DC80       0xFFFFFF80      0x000FFFBF         (0, 0, 11)      [1, 2, 3, 4, 5, 6, 7, 8, 9, 10, 11, 12, 13] [E, NE, N, W, SW, S]
    105     0x00016100       0xFFFFFF80      0x00040000         (0, 1, 12)      [12] []
    106     0x00015080       0xFFFFFF80      0x00001020         (0, 1, 10)      [6] [S]
    107     0x00005700       0xFFFFFF80      0x00000003         (0, 0, 10)      [] [E, NE]
    108     0x0000A000       0xFFFFFF80      0x00000021         (0, 0, 4)      [] [E, S]
    109     0x00019200       0xFFFFFF80      0x00040000         (0, 1, 2)      [12] []
    110     0x00012280       0xFFFFFF80      0x00000008         (0, 1, 4)      [] [W]
    111     0x00008280       0xFFFFFF80      0x00000020         (0, 0, 0)      [] [S]
    112     0x00019C80       0xFFFFFF80      0x00020000         (0, 1, 3)      [11] []
    113     0x00013380       0xFFFFFF80      0x00000800         (0, 1, 6)      [5] []
    114     0x00003680       0xFFFFFF80      0x00000001         (0, 0, 6)      [] [E]
    115     0x0000FA80       0xFFFFFF80      0x00002020         (0, 0, 15)      [7] [S]
    116     0x00008500       0xFFFFFF80      0x00000400         (0, 0, 0)      [4] []
    117     0x00014600       0xFFFFFF80      0x00080000         (0, 1, 8)      [13] []
    118     0x00010680       0xFFFFFF80      0x00000120         (0, 1, 0)      [2] [S]
    119     0x00008580       0xFFFFFF80      0x00000800         (0, 0, 0)      [5] []
    120     0x0000C600       0xFFFFFF80      0x00000020         (0, 0, 8)      [] [S]
    121     0x00008400       0xFFFFFF80      0x00000100         (0, 0, 0)      [2] []
    122     0x00007180       0xFFFFFF80      0x00000021         (0, 0, 14)      [] [E, S]
    123     0x00011600       0xFFFFFF80      0x00000408         (0, 1, 2)      [4] [W]
    124     0x00000B80       0xFFFFFF80      0x00000001         (0, 0, 1)      [] [E]
    125     0x00018480       0xFFFFFF80      0x00004020         (0, 1, 0)      [8] [S]
    126     0x0000CE80       0xFFFFFF80      0x0000300C         (0, 0, 9)      [6, 7] [N, W]
    127     0x0000EF80       0xFFFFFF80      0x00F80000         (0, 0, 13)      [16, 17, 13, 14, 15] []
    128     0x00023B00       0xFFFFFF80      0x00000010         (0, 2, 7)      [] [SW]
    129     0x00017C80       0xFFFFFF80      0x00000010         (0, 1, 15)      [] [SW]
    130     0x0001AF00       0xFFFFFF80      0x00002000         (0, 1, 5)      [7] []
    131     0x00011480       0xFFFFFF80      0x00000090         (0, 1, 2)      [1] [SW]
    132     0x00001D00       0xFFFFFF80      0x00000001         (0, 0, 3)      [] [E]
    133     0x00006800       0xFFFFFF80      0x00000421         (0, 0, 13)      [4] [E, S]
    134     0x00014A80       0xFFFFFF80      0x00000020         (0, 1, 9)      [] [S]
    135     0x00000E00       0xFFFFFF80      0x00000001         (0, 0, 1)      [] [E]
    136     0x00001700       0xFFFFFF80      0x00400000         (0, 0, 2)      [16] []
    137     0x00010880       0xFFFFFF80      0x00001020         (0, 1, 1)      [6] [S]
    138     0x00018180       0xFFFFFF80      0x00000118         (0, 1, 0)      [2] [W, SW]
    139     0x00001880       0xFFFFFF80      0x00000001         (0, 0, 3)      [] [E]
    140     0x0001BF00       0xFFFFFF80      0x00000100         (0, 1, 7)      [2] []
    141     0x0000DE80       0xFFFFFF80      0x000FFFBF         (0, 0, 11)      [1, 2, 3, 4, 5, 6, 7, 8, 9, 10, 11, 12, 13] [E, NE, N, W, SW, S]
    142     0x0000CD00       0xFFFFFF80      0x0000060E         (0, 0, 9)      [3, 4] [NE, N, W]
    143     0x0000C480       0xFFFFFF80      0x00200020         (0, 0, 8)      [15] [S]
    144     0x0001BA80       0xFFFFFF80      0x00020000         (0, 1, 7)      [11] []
    145     0x00010580       0xFFFFFF80      0x00000020         (0, 1, 0)      [] [S]
    146     0x00023400       0xFFFFFF80      0x00000010         (0, 2, 6)      [] [SW]
    147     0x00003700       0xFFFFFF80      0x00000001         (0, 0, 6)      [] [E]
    148     0x00007B80       0xFFFFFF80      0x00100020         (0, 0, 15)      [14] [S]
    149     0x00012B80       0xFFFFFF80      0x00000010         (0, 1, 5)      [] [SW]
    150     0x00008080       0xFFFFFF80      0x00000020         (0, 0, 0)      [] [S]
    151     0x0001B680       0xFFFFFF80      0x00000200         (0, 1, 6)      [3] []
    152     0x00007780       0xFFFFFF80      0x00001021         (0, 0, 14)      [6] [E, S]
    153     0x0000FB80       0xFFFFFF80      0x00008020         (0, 0, 15)      [9] [S]
    154     0x0001E780       0xFFFFFF80      0x00004000         (0, 1, 12)      [8] []
    155     0x0000C000       0xFFFFFF80      0x00001020         (0, 0, 8)      [6] [S]
    156     0x00011200       0xFFFFFF80      0x00000010         (0, 1, 2)      [] [SW]
    157     0x00023E00       0xFFFFFF80      0x0000020E         (0, 2, 7)      [3] [NE, N, W]
    158     0x00015C00       0xFFFFFF80      0x00000110         (0, 1, 11)      [2] [SW]
    159     0x00003400       0xFFFFFF80      0x00400000         (0, 0, 6)      [16] []
    160     0x00004700       0xFFFFFF80      0x00000001         (0, 0, 8)      [] [E]
    161     0x0001E980       0xFFFFFF80      0x00040000         (0, 1, 13)      [12] []
    162     0x00014080       0xFFFFFF80      0x00000130         (0, 1, 8)      [2] [SW, S]
    163     0x00010100       0xFFFFFF80      0x00000020         (0, 1, 0)      [] [S]
    164     0x00012980       0xFFFFFF80      0x00000010         (0, 1, 5)      [] [SW]
    165     0x0000F980       0xFFFFFF80      0x00000820         (0, 0, 15)      [5] [S]
    166     0x00007E00       0xFFFFFF80      0x00000020         (0, 0, 15)      [] [S]
    167     0x00016900       0xFFFFFF80      0x00000110         (0, 1, 13)      [2] [SW]
    168     0x0000CB80       0xFFFFFF80      0x0000008E         (0, 0, 9)      [1] [NE, N, W]
    169     0x00016700       0xFFFFFF80      0x00000010         (0, 1, 12)      [] [SW]
    170     0x0001FA80       0xFFFFFF80      0x00080000         (0, 1, 15)      [13] []
    171     0x0001B980       0xFFFFFF80      0x00008000         (0, 1, 7)      [9] []
    172     0x0001B080       0xFFFFFF80      0x00010000         (0, 1, 6)      [10] []
    173     0x0000D600       0xFFFFFF80      0x000FFF8E         (0, 0, 10)      [1, 2, 3, 4, 5, 6, 7, 8, 9, 10, 11, 12, 13] [NE, N, W]
    174     0x00005E80       0xFFFFFF80      0x00100000         (0, 0, 11)      [14] []
    175     0x00019100       0xFFFFFF80      0x00010000         (0, 1, 2)      [10] []
    176     0x00019680       0xFFFFFF80      0x00000001         (0, 1, 2)      [] [E]
    177     0x0000A380       0xFFFFFF80      0x00002021         (0, 0, 4)      [7] [E, S]
    178     0x0000CF00       0xFFFFFF80      0x0000600E         (0, 0, 9)      [8, 7] [NE, N, W]
    179     0x00004800       0xFFFFFF80      0x00000001         (0, 0, 9)      [] [E]
    180     0x00016B80       0xFFFFFF80      0x00002008         (0, 1, 13)      [7] [W]
    181     0x0000E280       0xFFFFFF80      0x00F0003C         (0, 0, 12)      [16, 17, 14, 15] [N, W, SW, S]
    182     0x00024000       0xFFFFFF80      0x0000200E         (0, 2, 8)      [7] [NE, N, W]
    183     0x00017B00       0xFFFFFF80      0x00080010         (0, 1, 15)      [13] [SW]
    184     0x00017E00       0xFFFFFF80      0x00000010         (0, 1, 15)      [] [SW]
    185     0x00002480       0xFFFFFF80      0x00100000         (0, 0, 4)      [14] []
    186     0x0000DA00       0xFFFFFF80      0x000FFF8E         (0, 0, 11)      [1, 2, 3, 4, 5, 6, 7, 8, 9, 10, 11, 12, 13] [NE, N, W]
    187     0x00040A00       0xFFFFFF00      0x00200000         (0, 4, 1)      [15] []
    188     0x0000C400       0xFFFFFF80      0x00100020         (0, 0, 8)      [14] [S]
    189     0x0000F200       0xFFFFFF80      0x00000030         (0, 0, 14)      [] [SW, S]
    190     0x00013180       0xFFFFFF80      0x00000090         (0, 1, 6)      [1] [SW]
    191     0x0001B200       0xFFFFFF80      0x00080000         (0, 1, 6)      [13] []
    192     0x00024300       0xFFFFFF80      0x00080006         (0, 2, 8)      [13] [NE, N]
    193     0x00002500       0xFFFFFF80      0x00200000         (0, 0, 4)      [15] []
    194     0x00016980       0xFFFFFF80      0x00000208         (0, 1, 13)      [3] [W]
    195     0x0001C080       0xFFFFFF80      0x00000800         (0, 1, 8)      [5] []
    196     0x00009F00       0xFFFFFF80      0x00000003         (0, 0, 3)      [] [E, NE]
    197     0x00015F00       0xFFFFFF80      0x00004000         (0, 1, 11)      [8] []
    198     0x0001CB80       0xFFFFFF80      0x00010000         (0, 1, 9)      [10] []
    199     0x0001FE00       0xFFFFFF80      0x00020000         (0, 1, 15)      [11] []
    200     0x0000EB00       0xFFFFFF80      0x00F00C20         (0, 0, 13)      [4, 5, 14, 15, 16, 17] [S]
    201     0x0000A180       0xFFFFFF80      0x00000221         (0, 0, 4)      [3] [E, S]
    202     0x0000D980       0xFFFFFF80      0x000FFF8E         (0, 0, 11)      [1, 2, 3, 4, 5, 6, 7, 8, 9, 10, 11, 12, 13] [NE, N, W]
    203     0x0000F500       0xFFFFFF80      0x00000020         (0, 0, 14)      [] [S]
    204     0x00018D80       0xFFFFFF80      0x00000200         (0, 1, 1)      [3] []
    205     0x0001C300       0xFFFFFF80      0x00010000         (0, 1, 8)      [10] []
    206     0x00019780       0xFFFFFF80      0x00000081         (0, 1, 2)      [1] [E]
    207     0x00009E80       0xFFFFFF80      0x00000003         (0, 0, 3)      [] [E, NE]
    208     0x00019180       0xFFFFFF80      0x00020000         (0, 1, 2)      [11] []
    209     0x00013100       0xFFFFFF80      0x00000010         (0, 1, 6)      [] [SW]
    210     0x00004500       0xFFFFFF80      0x00000001         (0, 0, 8)      [] [E]
    211     0x0000EB80       0xFFFFFF80      0x00F01820         (0, 0, 13)      [5, 6, 14, 15, 16, 17] [S]
    212     0x0001F000       0xFFFFFF80      0x00080000         (0, 1, 14)      [13] []
    213     0x00015800       0xFFFFFF80      0x00000020         (0, 1, 11)      [] [S]
    214     0x00009B00       0xFFFFFF80      0x00000003         (0, 0, 3)      [] [E, NE]
    215     0x00019800       0xFFFFFF80      0x00000101         (0, 1, 3)      [2] [E]
    216     0x00006180       0xFFFFFF80      0x00000001         (0, 0, 12)      [] [E]
    217     0x00012B00       0xFFFFFF80      0x00000010         (0, 1, 5)      [] [SW]
    218     0x00014D00       0xFFFFFF80      0x00000020         (0, 1, 9)      [] [S]
    219     0x0001EF00       0xFFFFFF80      0x00020000         (0, 1, 13)      [11] []
    220     0x0000E480       0xFFFFFF80      0x00F00030         (0, 0, 12)      [16, 17, 14, 15] [SW, S]
    221     0x0000FC00       0xFFFFFF80      0x00010020         (0, 0, 15)      [10] [S]
    222     0x00000A00       0xFFFFFF80      0x00000001         (0, 0, 1)      [] [E]
    223     0x0000C080       0xFFFFFF80      0x00002020         (0, 0, 8)      [7] [S]
    224     0x00040C00       0xFFFFFF00      0x00800000         (0, 4, 1)      [17] []
    225     0x00005580       0xFFFFFF80      0x00000003         (0, 0, 10)      [] [E, NE]
    226     0x0000F280       0xFFFFFF80      0x00000030         (0, 0, 14)      [] [SW, S]
    227     0x0000A900       0xFFFFFF80      0x00000020         (0, 0, 5)      [] [S]
    228     0x0001CC00       0xFFFFFF80      0x00020000         (0, 1, 9)      [11] []
    229     0x0001D500       0xFFFFFF80      0x00080000         (0, 1, 10)      [13] []
    230     0x0000E180       0xFFFFFF80      0x00F0003C         (0, 0, 12)      [16, 17, 14, 15] [N, W, SW, S]
    231     0x0000F700       0xFFFFFF80      0x00000020         (0, 0, 14)      [] [S]
    232     0x00001980       0xFFFFFF80      0x00000001         (0, 0, 3)      [] [E]
    233     0x00000900       0xFFFFFF80      0x00800000         (0, 0, 1)      [17] []
    234     0x00013B80       0xFFFFFF80      0x00000010         (0, 1, 7)      [] [SW]
    235     0x0000B180       0xFFFFFF80      0x00001020         (0, 0, 6)      [6] [S]
    236     0x00007B00       0xFFFFFF80      0x00000020         (0, 0, 15)      [] [S]
    237     0x00007F00       0xFFFFFF80      0x00000020         (0, 0, 15)      [] [S]
    238     0x00006D00       0xFFFFFF80      0x00100020         (0, 0, 13)      [14] [S]
    239     0x00008E00       0xFFFFFF80      0x00000002         (0, 0, 1)      [] [NE]
    240     0x0001D100       0xFFFFFF80      0x00000800         (0, 1, 10)      [5] []
    241     0x00010800       0xFFFFFF80      0x00000820         (0, 1, 1)      [5] [S]
    242     0x0000AE80       0xFFFFFF80      0x00000020         (0, 0, 5)      [] [S]
    243     0x00007680       0xFFFFFF80      0x00000421         (0, 0, 14)      [4] [E, S]
    244     0x0001A180       0xFFFFFF80      0x00000001         (0, 1, 4)      [] [E]
    245     0x0000EE80       0xFFFFFF80      0x00F60020         (0, 0, 13)      [11, 12, 14, 15, 16, 17] [S]
    246     0x0001F500       0xFFFFFF80      0x00040000         (0, 1, 14)      [12] []
    247     0x00001C00       0xFFFFFF80      0x00000001         (0, 0, 3)      [] [E]
    248     0x0001A300       0xFFFFFF80      0x00000201         (0, 1, 4)      [3] [E]
    249     0x00014480       0xFFFFFF80      0x00010020         (0, 1, 8)      [10] [S]
    250     0x0001EA00       0xFFFFFF80      0x00080000         (0, 1, 13)      [13] []
    251     0x00008680       0xFFFFFF80      0x00002002         (0, 0, 0)      [7] [NE]
    252     0x00011280       0xFFFFFF80      0x00000010         (0, 1, 2)      [] [SW]
    253     0x0000D900       0xFFFFFF80      0x000FFF8E         (0, 0, 11)      [1, 2, 3, 4, 5, 6, 7, 8, 9, 10, 11, 12, 13] [NE, N, W]
    254     0x00010480       0xFFFFFF80      0x00000020         (0, 1, 0)      [] [S]
    255     0x00010A00       0xFFFFFF80      0x00008020         (0, 1, 1)      [9] [S]
    256     0x00019D80       0xFFFFFF80      0x00080000         (0, 1, 3)      [13] []
    257     0x0000D680       0xFFFFFF80      0x000FFF8E         (0, 0, 10)      [1, 2, 3, 4, 5, 6, 7, 8, 9, 10, 11, 12, 13] [NE, N, W]
    258     0x00014980       0xFFFFFF80      0x00000020         (0, 1, 9)      [] [S]
    259     0x0000B980       0xFFFFFF80      0x00000020         (0, 0, 7)      [] [S]
    260     0x00024180       0xFFFFFF80      0x00010006         (0, 2, 8)      [10] [NE, N]
    261     0x00007C00       0xFFFFFF80      0x00200020         (0, 0, 15)      [15] [S]
    262     0x0001D400       0xFFFFFF80      0x00020000         (0, 1, 10)      [11] []
    263     0x00005980       0xFFFFFF80      0x00000403         (0, 0, 11)      [4] [E, NE]
    264     0x00011D00       0xFFFFFF80      0x00000008         (0, 1, 3)      [] [W]
    265     0x00006E00       0xFFFFFF80      0x00400020         (0, 0, 13)      [16] [S]
    266     0x0000EC00       0xFFFFFF80      0x00F03020         (0, 0, 13)      [6, 7, 14, 15, 16, 17] [S]
    267     0x00024280       0xFFFFFF80      0x00040006         (0, 2, 8)      [12] [NE, N]
    268     0x0000AB00       0xFFFFFF80      0x00000020         (0, 0, 5)      [] [S]
    269     0x00017F80       0xFFFFFF80      0x00000018         (0, 1, 15)      [] [W, SW]
    270     0x00016000       0xFFFFFF80      0x00010000         (0, 1, 12)      [10] []
    271     0x00018B80       0xFFFFFF80      0x00000020         (0, 1, 1)      [] [S]
    272     0x00018080       0xFFFFFF80      0x00000018         (0, 1, 0)      [] [W, SW]
    273     0x0001E300       0xFFFFFF80      0x00040000         (0, 1, 12)      [12] []
    274     0x00017D00       0xFFFFFF80      0x00000010         (0, 1, 15)      [] [SW]
    275     0x00021A00       0xFFFFFF80      0x00000008         (0, 2, 3)      [] [W]
    276     0x0000FD00       0xFFFFFF80      0x00040020         (0, 0, 15)      [12] [S]
    277     0x00011F80       0xFFFFFF80      0x00000008         (0, 1, 3)      [] [W]
    278     0x00006E80       0xFFFFFF80      0x00800020         (0, 0, 13)      [17] [S]
    279     0x00024080       0xFFFFFF80      0x0000400E         (0, 2, 8)      [8] [NE, N, W]
    280     0x00014300       0xFFFFFF80      0x00002020         (0, 1, 8)      [7] [S]
    281     0x00024200       0xFFFFFF80      0x00020006         (0, 2, 8)      [11] [NE, N]
    282     0x0000C800       0xFFFFFF80      0x00000020         (0, 0, 9)      [] [S]
    283     0x00023480       0xFFFFFF80      0x00000010         (0, 2, 6)      [] [SW]
    284     0x00011180       0xFFFFFF80      0x00000010         (0, 1, 2)      [] [SW]
    285     0x00012000       0xFFFFFF80      0x00000008         (0, 1, 4)      [] [W]
    286     0x00005F00       0xFFFFFF80      0x00200000         (0, 0, 11)      [15] []
    287     0x0000F680       0xFFFFFF80      0x00000020         (0, 0, 14)      [] [S]
    288     0x0001A580       0xFFFFFF80      0x00004000         (0, 1, 4)      [8] []
    289     0x00017480       0xFFFFFF80      0x00000008         (0, 1, 14)      [] [W]
    290     0x00010000       0xFFFFFF80      0x00000020         (0, 1, 0)      [] [S]
    291     0x0001D900       0xFFFFFF80      0x00001000         (0, 1, 11)      [6] []
    292     0x0001B900       0xFFFFFF80      0x00004000         (0, 1, 7)      [8] []
    293     0x00040600       0xFFFFFF00      0x00020000         (0, 4, 0)      [11] []
    294     0x00010380       0xFFFFFF80      0x00000020         (0, 1, 0)      [] [S]
    295     0x00007000       0xFFFFFF80      0x00000021         (0, 0, 14)      [] [E, S]
    296     0x00019600       0xFFFFFF80      0x00000001         (0, 1, 2)      [] [E]
    297     0x0000B700       0xFFFFFF80      0x00800020         (0, 0, 6)      [17] [S]
    298     0x0000BC80       0xFFFFFF80      0x00000020         (0, 0, 7)      [] [S]
    299     0x00013E00       0xFFFFFF80      0x00000010         (0, 1, 7)      [] [SW]
    300     0x00010B00       0xFFFFFF80      0x00020020         (0, 1, 1)      [11] [S]
    301     0x0000B800       0xFFFFFF80      0x00000020         (0, 0, 7)      [] [S]
    302     0x00002980       0xFFFFFF80      0x00000003         (0, 0, 5)      [] [E, NE]
    303     0x0000E800       0xFFFFFF80      0x00F00030         (0, 0, 13)      [16, 17, 14, 15] [SW, S]
    304     0x00013480       0xFFFFFF80      0x00002000         (0, 1, 6)      [7] []
    305     0x0001A380       0xFFFFFF80      0x00000401         (0, 1, 4)      [4] [E]
    306     0x0001BB00       0xFFFFFF80      0x00040000         (0, 1, 7)      [12] []
    307     0x00019280       0xFFFFFF80      0x00080000         (0, 1, 2)      [13] []
    308     0x00024480       0xFFFFFF80      0x00000006         (0, 2, 8)      [] [NE, N]
    309     0x00040200       0xFFFFFF00      0x00002000         (0, 4, 0)      [7] []
    310     0x00013E80       0xFFFFFF80      0x00000010         (0, 1, 7)      [] [SW]
    311     0x00003A80       0xFFFFFF80      0x00000001         (0, 0, 7)      [] [E]
    312     0x0001EE80       0xFFFFFF80      0x00010000         (0, 1, 13)      [10] []
    313     0x00005280       0xFFFFFF80      0x00000002         (0, 0, 10)      [] [NE]
    314     0x00023600       0xFFFFFF80      0x00400010         (0, 2, 6)      [16] [SW]
    315     0x00007500       0xFFFFFF80      0x000000A1         (0, 0, 14)      [1] [E, S]
    316     0x0001D980       0xFFFFFF80      0x00002000         (0, 1, 11)      [7] []
    317     0x0001AC00       0xFFFFFF80      0x00000080         (0, 1, 5)      [1] []
    318     0x0000BB00       0xFFFFFF80      0x00000020         (0, 0, 7)      [] [S]
    319     0x00010280       0xFFFFFF80      0x00000020         (0, 1, 0)      [] [S]
    320     0x00013600       0xFFFFFF80      0x00010000         (0, 1, 6)      [10] []
    321     0x0000CA80       0xFFFFFF80      0x0000000E         (0, 0, 9)      [] [NE, N, W]
    322     0x00016B00       0xFFFFFF80      0x00001008         (0, 1, 13)      [6] [W]
    323     0x0001F900       0xFFFFFF80      0x00010000         (0, 1, 15)      [10] []
    324     0x0000A300       0xFFFFFF80      0x00001021         (0, 0, 4)      [6] [E, S]
    325     0x0001C900       0xFFFFFF80      0x00000800         (0, 1, 9)      [5] []
    326     0x00011380       0xFFFFFF80      0x00000010         (0, 1, 2)      [] [SW]
    327     0x00015900       0xFFFFFF80      0x00000010         (0, 1, 11)      [] [SW]
    328     0x0001B580       0xFFFFFF80      0x00000080         (0, 1, 6)      [1] []
    329     0x0001D300       0xFFFFFF80      0x00008000         (0, 1, 10)      [9] []
    330     0x00012200       0xFFFFFF80      0x00000008         (0, 1, 4)      [] [W]
    331     0x00024600       0xFFFFFF80      0x00000002         (0, 2, 8)      [] [NE]
    332     0x00014500       0xFFFFFF80      0x00020020         (0, 1, 8)      [11] [S]
    333     0x00014A00       0xFFFFFF80      0x00000020         (0, 1, 9)      [] [S]
    334     0x00010080       0xFFFFFF80      0x00000020         (0, 1, 0)      [] [S]
    335     0x00024580       0xFFFFFF80      0x00000002         (0, 2, 8)      [] [NE]
    336     0x0001DB00       0xFFFFFF80      0x00010000         (0, 1, 11)      [10] []
    337     0x00006400       0xFFFFFF80      0x00000001         (0, 0, 12)      [] [E]
    338     0x00018E00       0xFFFFFF80      0x00000400         (0, 1, 1)      [4] []
    339     0x0000F880       0xFFFFFF80      0x00000220         (0, 0, 15)      [3] [S]
    340     0x00002B00       0xFFFFFF80      0x00000001         (0, 0, 5)      [] [E]
    341     0x00015200       0xFFFFFF80      0x00008020         (0, 1, 10)      [9] [S]
    342     0x00000C80       0xFFFFFF80      0x00000001         (0, 0, 1)      [] [E]
    343     0x00004980       0xFFFFFF80      0x00000081         (0, 0, 9)      [1] [E]
    344     0x00016880       0xFFFFFF80      0x00000090         (0, 1, 13)      [1] [SW]
    345     0x0000C680       0xFFFFFF80      0x00000020         (0, 0, 8)      [] [S]
    346     0x0000D800       0xFFFFFF80      0x000FFF8E         (0, 0, 11)      [1, 2, 3, 4, 5, 6, 7, 8, 9, 10, 11, 12, 13] [NE, N, W]
    347     0x0001DC00       0xFFFFFF80      0x00040000         (0, 1, 11)      [12] []
    348     0x00010F80       0xFFFFFF80      0x00000010         (0, 1, 1)      [] [SW]
    349     0x0000B000       0xFFFFFF80      0x00000220         (0, 0, 6)      [3] [S]
    350     0x0000ED80       0xFFFFFF80      0x00F18020         (0, 0, 13)      [9, 10, 14, 15, 16, 17] [S]
    351     0x00009B80       0xFFFFFF80      0x00000003         (0, 0, 3)      [] [E, NE]
    352     0x0000A680       0xFFFFFF80      0x00000020         (0, 0, 4)      [] [S]
    353     0x00008B00       0xFFFFFF80      0x00400000         (0, 0, 1)      [16] []
    354     0x0003FC00       0xFFFFFF00      0x00000080         (0, 3, 15)      [1] []
    355     0x0000C980       0xFFFFFF80      0x00000020         (0, 0, 9)      [] [S]
    356     0x0000A400       0xFFFFFF80      0x00004021         (0, 0, 4)      [8] [E, S]
    357     0x0000C180       0xFFFFFF80      0x00008020         (0, 0, 8)      [9] [S]
    358     0x00040800       0xFFFFFF00      0x00080000         (0, 4, 1)      [13] []
    359     0x00009400       0xFFFFFF80      0x00000800         (0, 0, 2)      [5] []
    360     0x00009580       0xFFFFFF80      0x00004002         (0, 0, 2)      [8] [NE]
    361     0x00010A80       0xFFFFFF80      0x00010020         (0, 1, 1)      [10] [S]
    362     0x00013F00       0xFFFFFF80      0x00000010         (0, 1, 7)      [] [SW]
    363     0x00002780       0xFFFFFF80      0x00000003         (0, 0, 4)      [] [E, NE]
    364     0x0001AE00       0xFFFFFF80      0x00000800         (0, 1, 5)      [5] []
    365     0x0000A980       0xFFFFFF80      0x00000020         (0, 0, 5)      [] [S]
    366     0x0001AD00       0xFFFFFF80      0x00000200         (0, 1, 5)      [3] []
    367     0x00007580       0xFFFFFF80      0x00000121         (0, 0, 14)      [2] [E, S]
    368     0x0000F800       0xFFFFFF80      0x00000120         (0, 0, 15)      [2] [S]
    369     0x00018300       0xFFFFFF80      0x00000820         (0, 1, 0)      [5] [S]
    370     0x0001B880       0xFFFFFF80      0x00002000         (0, 1, 7)      [7] []
    371     0x00005300       0xFFFFFF80      0x00000002         (0, 0, 10)      [] [NE]
    372     0x00006680       0xFFFFFF80      0x000000A1         (0, 0, 12)      [1] [E, S]
    373     0x0000E500       0xFFFFFF80      0x00F00030         (0, 0, 12)      [16, 17, 14, 15] [SW, S]
    374     0x0000B280       0xFFFFFF80      0x00004020         (0, 0, 6)      [8] [S]
    375     0x00017D80       0xFFFFFF80      0x00000010         (0, 1, 15)      [] [SW]
    376     0x00012F80       0xFFFFFF80      0x00000010         (0, 1, 5)      [] [SW]
    377     0x00014200       0xFFFFFF80      0x00000820         (0, 1, 8)      [5] [S]
    378     0x00007400       0xFFFFFF80      0x00000021         (0, 0, 14)      [] [E, S]
    379     0x0001A400       0xFFFFFF80      0x00000801         (0, 1, 4)      [5] [E]
    380     0x00005600       0xFFFFFF80      0x00000003         (0, 0, 10)      [] [E, NE]
    381     0x00003480       0xFFFFFF80      0x00800000         (0, 0, 6)      [17] []
    382     0x00007D00       0xFFFFFF80      0x00800020         (0, 0, 15)      [17] [S]
    383     0x00007C80       0xFFFFFF80      0x00400020         (0, 0, 15)      [16] [S]
    384     0x00012880       0xFFFFFF80      0x00040010         (0, 1, 5)      [12] [SW]
    385     0x00023500       0xFFFFFF80      0x00100010         (0, 2, 6)      [14] [SW]
    386     0x00004880       0xFFFFFF80      0x00000001         (0, 0, 9)      [] [E]
    387     0x00012C80       0xFFFFFF80      0x00000018         (0, 1, 5)      [] [W, SW]
    388     0x0000BE00       0xFFFFFF80      0x00000120         (0, 0, 7)      [2] [S]
    389     0x00001A80       0xFFFFFF80      0x00000001         (0, 0, 3)      [] [E]
    390     0x0001DA80       0xFFFFFF80      0x00008000         (0, 1, 11)      [9] []
    391     0x00011800       0xFFFFFF80      0x00004008         (0, 1, 3)      [8] [W]
    392     0x00010700       0xFFFFFF80      0x00000220         (0, 1, 0)      [3] [S]
    393     0x00016D00       0xFFFFFF80      0x00010000         (0, 1, 13)      [10] []
    394     0x00004680       0xFFFFFF80      0x00000001         (0, 0, 8)      [] [E]
    395     0x00023680       0xFFFFFF80      0x00800010         (0, 2, 6)      [17] [SW]
    396     0x00008E80       0xFFFFFF80      0x00000002         (0, 0, 1)      [] [NE]
    397     0x0001E880       0xFFFFFF80      0x00010000         (0, 1, 13)      [10] []
    398     0x0001ED80       0xFFFFFF80      0x00004000         (0, 1, 13)      [8] []
    399     0x00002700       0xFFFFFF80      0x00000003         (0, 0, 4)      [] [E, NE]
    400     0x00009880       0xFFFFFF80      0x00100000         (0, 0, 3)      [14] []
    401     0x00010900       0xFFFFFF80      0x00002020         (0, 1, 1)      [7] [S]
    402     0x00006880       0xFFFFFF80      0x00000821         (0, 0, 13)      [5] [E, S]
    403     0x0001B000       0xFFFFFF80      0x00008000         (0, 1, 6)      [9] []
    404     0x00011080       0xFFFFFF80      0x00000010         (0, 1, 2)      [] [SW]
    405     0x0001A100       0xFFFFFF80      0x00000001         (0, 1, 4)      [] [E]
    406     0x0000D880       0xFFFFFF80      0x000FFF8E         (0, 0, 11)      [1, 2, 3, 4, 5, 6, 7, 8, 9, 10, 11, 12, 13] [NE, N, W]
    407     0x0003FE00       0xFFFFFF00      0x00000200         (0, 3, 15)      [3] []
    408     0x00003300       0xFFFFFF80      0x00100000         (0, 0, 6)      [14] []
    409     0x00014F00       0xFFFFFF80      0x00000220         (0, 1, 9)      [3] [S]
    410     0x00013F80       0xFFFFFF80      0x00000030         (0, 1, 7)      [] [SW, S]
    411     0x00021980       0xFFFFFF80      0x00000008         (0, 2, 3)      [] [W]
    412     0x0000DD80       0xFFFFFF80      0x000FFFBF         (0, 0, 11)      [1, 2, 3, 4, 5, 6, 7, 8, 9, 10, 11, 12, 13] [E, NE, N, W, SW, S]
    413     0x00009900       0xFFFFFF80      0x00200000         (0, 0, 3)      [15] []
    414     0x00020680       0xFFFFFF80      0x00080000         (0, 2, 0)      [13] []
    415     0x0000E080       0xFFFFFF80      0x000FFFBF         (0, 0, 12)      [1, 2, 3, 4, 5, 6, 7, 8, 9, 10, 11, 12, 13] [E, NE, N, W, SW, S]
    416     0x00040400       0xFFFFFF00      0x00008000         (0, 4, 0)      [9] []
    417     0x00017280       0xFFFFFF80      0x00000008         (0, 1, 14)      [] [W]
    418     0x00004A80       0xFFFFFF80      0x00000201         (0, 0, 9)      [3] [E]
    419     0x00008200       0xFFFFFF80      0x00000020         (0, 0, 0)      [] [S]
    420     0x0001D200       0xFFFFFF80      0x00002000         (0, 1, 10)      [7] []
    421     0x00006580       0xFFFFFF80      0x00000021         (0, 0, 12)      [] [E, S]
    422     0x00001D80       0xFFFFFF80      0x00000001         (0, 0, 3)      [] [E]
    423     0x0001A780       0xFFFFFF80      0x00040000         (0, 1, 4)      [12] []
    424     0x00006000       0xFFFFFF80      0x00800000         (0, 0, 12)      [17] []
    425     0x0000E680       0xFFFFFF80      0x00F00030         (0, 0, 12)      [16, 17, 14, 15] [SW, S]
    426     0x00013C80       0xFFFFFF80      0x00000010         (0, 1, 7)      [] [SW]
    427     0x00001680       0xFFFFFF80      0x00200000         (0, 0, 2)      [15] []
    428     0x0001A200       0xFFFFFF80      0x00000081         (0, 1, 4)      [1] [E]
    429     0x00008C80       0xFFFFFF80      0x00000002         (0, 0, 1)      [] [NE]
    430     0x00016680       0xFFFFFF80      0x00000010         (0, 1, 12)      [] [SW]
    431     0x00008380       0xFFFFFF80      0x00000080         (0, 0, 0)      [1] []
    432     0x0001CC80       0xFFFFFF80      0x00040000         (0, 1, 9)      [12] []
    433     0x00012100       0xFFFFFF80      0x00000008         (0, 1, 4)      [] [W]
    434     0x00040900       0xFFFFFF00      0x00100000         (0, 4, 1)      [14] []
    435     0x00008180       0xFFFFFF80      0x00000020         (0, 0, 0)      [] [S]
    436     0x00009E00       0xFFFFFF80      0x00000003         (0, 0, 3)      [] [E, NE]
    437     0x0000C500       0xFFFFFF80      0x00400020         (0, 0, 8)      [16] [S]
    438     0x00011E80       0xFFFFFF80      0x00000008         (0, 1, 3)      [] [W]
    439     0x0000A280       0xFFFFFF80      0x00000821         (0, 0, 4)      [5] [E, S]
    440     0x00002C80       0xFFFFFF80      0x00000081         (0, 0, 5)      [1] [E]
    441     0x0000EA00       0xFFFFFF80      0x00F00330         (0, 0, 13)      [2, 3, 14, 15, 16, 17] [SW, S]
    442     0x00009380       0xFFFFFF80      0x00000402         (0, 0, 2)      [4] [NE]
    443     0x00007F80       0xFFFFFF80      0x00000020         (0, 0, 15)      [] [S]
    444     0x0001DC80       0xFFFFFF80      0x00080000         (0, 1, 11)      [13] []
    445     0x00003580       0xFFFFFF80      0x00000001         (0, 0, 6)      [] [E]
    446     0x00018A80       0xFFFFFF80      0x00000030         (0, 1, 1)      [] [SW, S]
    447     0x00010E00       0xFFFFFF80      0x00800010         (0, 1, 1)      [17] [SW]
    448     0x0000FA00       0xFFFFFF80      0x00001020         (0, 0, 15)      [6] [S]
    449     0x0001C400       0xFFFFFF80      0x00040000         (0, 1, 8)      [12] []
    450     0x00009D80       0xFFFFFF80      0x00000003         (0, 0, 3)      [] [E, NE]
    451     0x0001E180       0xFFFFFF80      0x00008000         (0, 1, 12)      [9] []
    452     0x0000E580       0xFFFFFF80      0x00F00030         (0, 0, 12)      [16, 17, 14, 15] [SW, S]
    453     0x00018580       0xFFFFFF80      0x00010020         (0, 1, 0)      [10] [S]
    454     0x00019B80       0xFFFFFF80      0x00008000         (0, 1, 3)      [9] []
    455     0x00015380       0xFFFFFF80      0x00040020         (0, 1, 10)      [12] [S]
    456     0x0000D500       0xFFFFFF80      0x000FFF8E         (0, 0, 10)      [1, 2, 3, 4, 5, 6, 7, 8, 9, 10, 11, 12, 13] [NE, N, W]
    457     0x00018C00       0xFFFFFF80      0x00000020         (0, 1, 1)      [] [S]
    458     0x0000CC80       0xFFFFFF80      0x0000030E         (0, 0, 9)      [2, 3] [NE, N, W]
    459     0x0001CA80       0xFFFFFF80      0x00004000         (0, 1, 9)      [8] []
    460     0x0001E000       0xFFFFFF80      0x00001000         (0, 1, 12)      [6] []
    461     0x00008D00       0xFFFFFF80      0x00000002         (0, 0, 1)      [] [NE]
    462     0x00013780       0xFFFFFF80      0x00080000         (0, 1, 6)      [13] []
    463     0x0001E280       0xFFFFFF80      0x00020000         (0, 1, 12)      [11] []
    464     0x0000C580       0xFFFFFF80      0x00800020         (0, 0, 8)      [17] [S]
    465     0x00015100       0xFFFFFF80      0x00002020         (0, 1, 10)      [7] [S]
    466     0x0000E980       0xFFFFFF80      0x00F001B0         (0, 0, 13)      [1, 2, 14, 15, 16, 17] [SW, S]
    467     0x0000AF80       0xFFFFFF80      0x00000120         (0, 0, 5)      [2] [S]
    468     0x00010300       0xFFFFFF80      0x00000020         (0, 1, 0)      [] [S]
    469     0x0000E700       0xFFFFFF80      0x00F00030         (0, 0, 12)      [16, 17, 14, 15] [SW, S]
    470     0x00012400       0xFFFFFF80      0x00000208         (0, 1, 4)      [3] [W]
    471     0x00008100       0xFFFFFF80      0x00000020         (0, 0, 0)      [] [S]
    472     0x0001A480       0xFFFFFF80      0x00001001         (0, 1, 4)      [6] [E]
    473     0x00011580       0xFFFFFF80      0x00000208         (0, 1, 2)      [3] [W]
    474     0x00017C00       0xFFFFFF80      0x00000010         (0, 1, 15)      [] [SW]
    475     0x00010400       0xFFFFFF80      0x00000020         (0, 1, 0)      [] [S]
    476     0x0001F980       0xFFFFFF80      0x00020000         (0, 1, 15)      [11] []
    477     0x00013D00       0xFFFFFF80      0x00000010         (0, 1, 7)      [] [SW]
    478     0x00012680       0xFFFFFF80      0x00004018         (0, 1, 4)      [8] [W, SW]
    479     0x0000A200       0xFFFFFF80      0x00000421         (0, 0, 4)      [4] [E, S]
    480     0x00013580       0xFFFFFF80      0x00008000         (0, 1, 6)      [9] []
    481     0x00017A80       0xFFFFFF80      0x00040010         (0, 1, 15)      [12] [SW]
    482     0x0001A280       0xFFFFFF80      0x00000101         (0, 1, 4)      [2] [E]
    483     0x00017680       0xFFFFFF80      0x00000408         (0, 1, 14)      [4] [W]
    484     0x00013200       0xFFFFFF80      0x00000110         (0, 1, 6)      [2] [SW]
    485     0x00014D80       0xFFFFFF80      0x00000020         (0, 1, 9)      [] [S]
    486     0x00014400       0xFFFFFF80      0x00008020         (0, 1, 8)      [9] [S]
    487     0x0000BB80       0xFFFFFF80      0x00000020         (0, 0, 7)      [] [S]
    488     0x0000FF80       0xFFFFFF80      0x00800020         (0, 0, 15)      [17] [S]
    489     0x00009000       0xFFFFFF80      0x00000002         (0, 0, 2)      [] [NE]
    490     0x0000C700       0xFFFFFF80      0x00000020         (0, 0, 8)      [] [S]
    491     0x00009180       0xFFFFFF80      0x00000002         (0, 0, 2)      [] [NE]
    492     0x00011F00       0xFFFFFF80      0x00000008         (0, 1, 3)      [] [W]
    493     0x00015180       0xFFFFFF80      0x00004020         (0, 1, 10)      [8] [S]
    494     0x00017E80       0xFFFFFF80      0x00000018         (0, 1, 15)      [] [W, SW]
    495     0x0000FB00       0xFFFFFF80      0x00004020         (0, 0, 15)      [8] [S]
    496     0x0000FF00       0xFFFFFF80      0x00400020         (0, 0, 15)      [16] [S]
    497     0x0000BF80       0xFFFFFF80      0x00000820         (0, 0, 7)      [5] [S]
    498     0x00000880       0xFFFFFF80      0x00400000         (0, 0, 1)      [16] []
    499     0x0001E100       0xFFFFFF80      0x00004000         (0, 1, 12)      [8] []
    500     0x00007280       0xFFFFFF80      0x00000021         (0, 0, 14)      [] [E, S]
    501     0x00006700       0xFFFFFF80      0x00000121         (0, 0, 12)      [2] [E, S]
    502     0x0000C100       0xFFFFFF80      0x00004020         (0, 0, 8)      [8] [S]
    503     0x00010E80       0xFFFFFF80      0x00000010         (0, 1, 1)      [] [SW]
    504     0x00017580       0xFFFFFF80      0x00000108         (0, 1, 14)      [2] [W]
    505     0x0000D280       0xFFFFFF80      0x003FFF8C         (0, 0, 10)      [1, 2, 3, 4, 5, 6, 7, 8, 9, 10, 11, 12, 13, 14, 15] [N, W]
    506     0x00010C00       0xFFFFFF80      0x00080000         (0, 1, 1)      [13] []
    507     0x00011900       0xFFFFFF80      0x00010000         (0, 1, 3)      [10] []
    508     0x0000EC80       0xFFFFFF80      0x00F06020         (0, 0, 13)      [7, 8, 14, 15, 16, 17] [S]
    509     0x00015E00       0xFFFFFF80      0x00001000         (0, 1, 11)      [6] []
    510     0x00040B00       0xFFFFFF00      0x00400000         (0, 4, 1)      [16] []
    511     0x0000C300       0xFFFFFF80      0x00000020         (0, 0, 8)      [] [S]
    512     0x00005F80       0xFFFFFF80      0x00400000         (0, 0, 11)      [16] []
    513     0x0001A700       0xFFFFFF80      0x00020000         (0, 1, 4)      [11] []
    514     0x00023E80       0xFFFFFF80      0x0000040E         (0, 2, 7)      [4] [NE, N, W]
    515     0x00019D00       0xFFFFFF80      0x00040000         (0, 1, 3)      [12] []
    516     0x00000E80       0xFFFFFF80      0x00000001         (0, 0, 1)      [] [E]
    517     0x0000F580       0xFFFFFF80      0x00000020         (0, 0, 14)      [] [S]
    518     0x00018400       0xFFFFFF80      0x00002020         (0, 1, 0)      [7] [S]
    519     0x0001B780       0xFFFFFF80      0x00000800         (0, 1, 6)      [5] []
    520     0x0000AD80       0xFFFFFF80      0x00000020         (0, 0, 5)      [] [S]
    521     0x0000F400       0xFFFFFF80      0x00000020         (0, 0, 14)      [] [S]
    522     0x00010F00       0xFFFFFF80      0x00000010         (0, 1, 1)      [] [SW]
    523     0x00008A80       0xFFFFFF80      0x00200000         (0, 0, 1)      [15] []
    524     0x00015B80       0xFFFFFF80      0x00000090         (0, 1, 11)      [1] [SW]
    525     0x0001FE80       0xFFFFFF80      0x00040000         (0, 1, 15)      [12] []
    526     0x0001E900       0xFFFFFF80      0x00020000         (0, 1, 13)      [11] []
    527     0x00019A80       0xFFFFFF80      0x00002000         (0, 1, 3)      [7] []
    528     0x00019700       0xFFFFFF80      0x00000001         (0, 1, 2)      [] [E]
    529     0x0000AF00       0xFFFFFF80      0x000000A0         (0, 0, 5)      [1] [S]
    530     0x00015000       0xFFFFFF80      0x00000820         (0, 1, 10)      [5] [S]
    531     0x00005000       0xFFFFFF80      0x00100000         (0, 0, 10)      [14] []
    532     0x00010180       0xFFFFFF80      0x00000020         (0, 1, 0)      [] [S]
    533     0x0001D280       0xFFFFFF80      0x00004000         (0, 1, 10)      [8] []
    534     0x00018280       0xFFFFFF80      0x00000418         (0, 1, 0)      [4] [W, SW]
    535     0x00019A00       0xFFFFFF80      0x00001001         (0, 1, 3)      [6] [E]
    536     0x00013680       0xFFFFFF80      0x00020000         (0, 1, 6)      [11] []
    537     0x00009980       0xFFFFFF80      0x00400000         (0, 0, 3)      [16] []
    538     0x0001C880       0xFFFFFF80      0x00000400         (0, 1, 9)      [4] []
    539     0x0000AB80       0xFFFFFF80      0x00000020         (0, 0, 5)      [] [S]
    540     0x00018380       0xFFFFFF80      0x00001020         (0, 1, 0)      [6] [S]
    541     0x00014100       0xFFFFFF80      0x00000230         (0, 1, 8)      [3] [SW, S]
    542     0x00012C00       0xFFFFFF80      0x00000018         (0, 1, 5)      [] [W, SW]
    543     0x00013300       0xFFFFFF80      0x00000410         (0, 1, 6)      [4] [SW]
    544     0x00004780       0xFFFFFF80      0x00000001         (0, 0, 8)      [] [E]
    545     0x00016580       0xFFFFFF80      0x00000010         (0, 1, 12)      [] [SW]
    546     0x00007080       0xFFFFFF80      0x00000021         (0, 0, 14)      [] [E, S]
    547     0x00023A80       0xFFFFFF80      0x00000010         (0, 2, 7)      [] [SW]
    548     0x00001C80       0xFFFFFF80      0x00000001         (0, 0, 3)      [] [E]
    549     0x00009F80       0xFFFFFF80      0x00000021         (0, 0, 3)      [] [E, S]
    550     0x00008480       0xFFFFFF80      0x00000200         (0, 0, 0)      [3] []
    551     0x0001C800       0xFFFFFF80      0x00000200         (0, 1, 9)      [3] []
    552     0x0001D080       0xFFFFFF80      0x00000400         (0, 1, 10)      [4] []
    553     0x00012780       0xFFFFFF80      0x00010010         (0, 1, 4)      [10] [SW]
    554     0x00012300       0xFFFFFF80      0x00000088         (0, 1, 4)      [1] [W]
    555     0x00009280       0xFFFFFF80      0x00000102         (0, 0, 2)      [2] [NE]
    556     0x0000F000       0xFFFFFF80      0x00300030         (0, 0, 14)      [14, 15] [SW, S]
    557     0x00040000       0xFFFFFF00      0x00000800         (0, 4, 0)      [5] []
    558     0x0000E880       0xFFFFFF80      0x00F00030         (0, 0, 13)      [16, 17, 14, 15] [SW, S]
    559     0x0001AD80       0xFFFFFF80      0x00000400         (0, 1, 5)      [4] []
    560     0x0000E380       0xFFFFFF80      0x00F00030         (0, 0, 12)      [16, 17, 14, 15] [SW, S]
    561     0x00009300       0xFFFFFF80      0x00000202         (0, 0, 2)      [3] [NE]
    562     0x00016E80       0xFFFFFF80      0x00080000         (0, 1, 13)      [13] []
    563     0x00015880       0xFFFFFF80      0x00000010         (0, 1, 11)      [] [SW]
    564     0x00002880       0xFFFFFF80      0x00000003         (0, 0, 5)      [] [E, NE]
    565     0x00011980       0xFFFFFF80      0x00020000         (0, 1, 3)      [11] []
    566     0x00010600       0xFFFFFF80      0x000000A0         (0, 1, 0)      [1] [S]
    567     0x00023880       0xFFFFFF80      0x00000010         (0, 2, 7)      [] [SW]
    568     0x00007200       0xFFFFFF80      0x00000021         (0, 0, 14)      [] [E, S]
    569     0x0000EE00       0xFFFFFF80      0x00F30020         (0, 0, 13)      [10, 11, 14, 15, 16, 17] [S]
    570     0x0001B800       0xFFFFFF80      0x00001000         (0, 1, 7)      [6] []
    571     0x00015B00       0xFFFFFF80      0x00000010         (0, 1, 11)      [] [SW]
    572     0x00015400       0xFFFFFF80      0x00080000         (0, 1, 10)      [13] []
    573     0x0001C200       0xFFFFFF80      0x00004000         (0, 1, 8)      [8] []
    574     0x0001CD00       0xFFFFFF80      0x00080000         (0, 1, 9)      [13] []
    575     0x00017980       0xFFFFFF80      0x00010000         (0, 1, 15)      [10] []
    576     0x00009500       0xFFFFFF80      0x00002002         (0, 0, 2)      [7] [NE]
    577     0x00020300       0xFFFFFF80      0x00080000         (0, 2, 0)      [13] []
    578     0x00017B80       0xFFFFFF80      0x00000010         (0, 1, 15)      [] [SW]
    579     0x0001CA00       0xFFFFFF80      0x00002000         (0, 1, 9)      [7] []
    580     0x0000A700       0xFFFFFF80      0x00100020         (0, 0, 4)      [14] [S]
    581     0x00012800       0xFFFFFF80      0x00020010         (0, 1, 5)      [11] [SW]
    582     0x0000BD00       0xFFFFFF80      0x00000020         (0, 0, 7)      [] [S]
    583     0x0001E080       0xFFFFFF80      0x00002000         (0, 1, 12)      [7] []
    584     0x00021C00       0xFFFFFF80      0x00F00000         (0, 2, 3)      [16, 17, 14, 15] []
    585     0x0000B500       0xFFFFFF80      0x00000020         (0, 0, 6)      [] [S]
    586     0x00006600       0xFFFFFF80      0x00000021         (0, 0, 12)      [] [E, S]
    587     0x00016600       0xFFFFFF80      0x00000010         (0, 1, 12)      [] [SW]
    588     0x00005780       0xFFFFFF80      0x00000003         (0, 0, 10)      [] [E, NE]
    589     0x00009480       0xFFFFFF80      0x00001000         (0, 0, 2)      [6] []
    590     0x00007100       0xFFFFFF80      0x00000021         (0, 0, 14)      [] [E, S]
    591     0x0000DB00       0xFFFFFF80      0x000FFFBF         (0, 0, 11)      [1, 2, 3, 4, 5, 6, 7, 8, 9, 10, 11, 12, 13] [E, NE, N, W, SW, S]
    592     0x0000CE00       0xFFFFFF80      0x0000180C         (0, 0, 9)      [5, 6] [N, W]
    593     0x00018C80       0xFFFFFF80      0x00000080         (0, 1, 1)      [1] []
    594     0x00015780       0xFFFFFF80      0x00000020         (0, 1, 10)      [] [S]
    595     0x0001C380       0xFFFFFF80      0x00020000         (0, 1, 8)      [11] []
    596     0x00015280       0xFFFFFF80      0x00010020         (0, 1, 10)      [10] [S]
    597     0x00000800       0xFFFFFF80      0x00200000         (0, 0, 1)      [15] []
    598     0x00009C00       0xFFFFFF80      0x00000003         (0, 0, 3)      [] [E, NE]
    599     0x00012180       0xFFFFFF80      0x00000008         (0, 1, 4)      [] [W]
    600     0x00013700       0xFFFFFF80      0x00040000         (0, 1, 6)      [12] []
    601     0x0000B080       0xFFFFFF80      0x00000420         (0, 0, 6)      [4] [S]
    602     0x0001F400       0xFFFFFF80      0x00010000         (0, 1, 14)      [10] []
    603     0x00003780       0xFFFFFF80      0x00000001         (0, 0, 6)      [] [E]
    604     0x0001C280       0xFFFFFF80      0x00008000         (0, 1, 8)      [9] []
    605     0x0000ED00       0xFFFFFF80      0x00F0C020         (0, 0, 13)      [8, 9, 14, 15, 16, 17] [S]
    606     0x00006280       0xFFFFFF80      0x00000001         (0, 0, 12)      [] [E]
    607     0x00016C80       0xFFFFFF80      0x00008008         (0, 1, 13)      [9] [W]
    608     0x00012E00       0xFFFFFF80      0x00000018         (0, 1, 5)      [] [W, SW]
    609     0x0000D380       0xFFFFFF80      0x00CFFF8C         (0, 0, 10)      [1, 2, 3, 4, 5, 6, 7, 8, 9, 10, 11, 12, 13, 16, 17] [N, W]
    610     0x0000DE00       0xFFFFFF80      0x000FFFBF         (0, 0, 11)      [1, 2, 3, 4, 5, 6, 7, 8, 9, 10, 11, 12, 13] [E, NE, N, W, SW, S]
    611     0x00017500       0xFFFFFF80      0x00000088         (0, 1, 14)      [1] [W]
    612     0x00008600       0xFFFFFF80      0x00001000         (0, 0, 0)      [6] []
    613     0x00008A00       0xFFFFFF80      0x00100000         (0, 0, 1)      [14] []
    614     0x00023380       0xFFFFFF80      0x00000010         (0, 2, 6)      [] [SW]
    615     0x0000B200       0xFFFFFF80      0x00002020         (0, 0, 6)      [7] [S]
    616     0x0000AA00       0xFFFFFF80      0x00000020         (0, 0, 5)      [] [S]
    617     0x0000DC00       0xFFFFFF80      0x000FFFBF         (0, 0, 11)      [1, 2, 3, 4, 5, 6, 7, 8, 9, 10, 11, 12, 13] [E, NE, N, W, SW, S]
    618     0x00018600       0xFFFFFF80      0x00020020         (0, 1, 0)      [11] [S]
    619     0x00003980       0xFFFFFF80      0x00000001         (0, 0, 7)      [] [E]
    620     0x00011D80       0xFFFFFF80      0x00000008         (0, 1, 3)      [] [W]
    621     0x00014C00       0xFFFFFF80      0x00000020         (0, 1, 9)      [] [S]
    622     0x00004180       0xFFFFFF80      0x00100000         (0, 0, 8)      [14] []
    623     0x00003600       0xFFFFFF80      0x00000001         (0, 0, 6)      [] [E]
    624     0x00005380       0xFFFFFF80      0x00000002         (0, 0, 10)      [] [NE]
    625     0x00001600       0xFFFFFF80      0x00100000         (0, 0, 2)      [14] []
    626     0x00007480       0xFFFFFF80      0x00000021         (0, 0, 14)      [] [E, S]
    627     0x0000BA00       0xFFFFFF80      0x00000020         (0, 0, 7)      [] [S]
    628     0x00023580       0xFFFFFF80      0x00200010         (0, 2, 6)      [15] [SW]
    629     0x00016A80       0xFFFFFF80      0x00000808         (0, 1, 13)      [5] [W]
    630     0x00023700       0xFFFFFF80      0x00000010         (0, 2, 6)      [] [SW]
    631     0x0000C880       0xFFFFFF80      0x00000020         (0, 0, 9)      [] [S]
    632     0x00040700       0xFFFFFF00      0x00040000         (0, 4, 0)      [12] []
    633     0x00004200       0xFFFFFF80      0x00200000         (0, 0, 8)      [15] []
    634     0x00040100       0xFFFFFF00      0x00001000         (0, 4, 0)      [6] []
    635     0x00002800       0xFFFFFF80      0x00000003         (0, 0, 5)      [] [E, NE]
    636     0x0000FC80       0xFFFFFF80      0x00020020         (0, 0, 15)      [11] [S]
    637     0x00003900       0xFFFFFF80      0x00000001         (0, 0, 7)      [] [E]
    638     0x00007E80       0xFFFFFF80      0x00000020         (0, 0, 15)      [] [S]
    639     0x00016D80       0xFFFFFF80      0x00020000         (0, 1, 13)      [11] []
    640     0x00011700       0xFFFFFF80      0x00001008         (0, 1, 2)      [6] [W]
    641     0x00011100       0xFFFFFF80      0x00000010         (0, 1, 2)      [] [SW]
    642     0x0000A480       0xFFFFFF80      0x00008021         (0, 0, 4)      [9] [E, S]
    643     0x0001EF80       0xFFFFFF80      0x00040000         (0, 1, 13)      [12] []
    644     0x0000D300       0xFFFFFF80      0x006FFF8C         (0, 0, 10)      [1, 2, 3, 4, 5, 6, 7, 8, 9, 10, 11, 12, 13, 15, 16] [N, W]
    645     0x00007600       0xFFFFFF80      0x00000221         (0, 0, 14)      [3] [E, S]
    646     0x00004280       0xFFFFFF80      0x00400000         (0, 0, 8)      [16] []
    647     0x0001F480       0xFFFFFF80      0x00020000         (0, 1, 14)      [11] []
    648     0x0001B700       0xFFFFFF80      0x00000400         (0, 1, 6)      [4] []
    649     0x00016A00       0xFFFFFF80      0x00000408         (0, 1, 13)      [4] [W]
    650     0x00018B00       0xFFFFFF80      0x00000030         (0, 1, 1)      [] [SW, S]
    651     0x00012900       0xFFFFFF80      0x00080010         (0, 1, 5)      [13] [SW]
    652     0x00012600       0xFFFFFF80      0x00002018         (0, 1, 4)      [7] [W, SW]
    653     0x0000CD80       0xFFFFFF80      0x00000C0E         (0, 0, 9)      [4, 5] [NE, N, W]
    654     0x00005680       0xFFFFFF80      0x00000003         (0, 0, 10)      [] [E, NE]
    655     0x0000C200       0xFFFFFF80      0x00010020         (0, 0, 8)      [10] [S]
    656     0x0001A800       0xFFFFFF80      0x00080000         (0, 1, 5)      [13] []
    657     0x00016080       0xFFFFFF80      0x00020000         (0, 1, 12)      [11] []
    658     0x00004400       0xFFFFFF80      0x00000001         (0, 0, 8)      [] [E]
    659     0x00009080       0xFFFFFF80      0x00000002         (0, 0, 2)      [] [NE]
    660     0x00008300       0xFFFFFF80      0x00000020         (0, 0, 0)      [] [S]
    661     0x0000B580       0xFFFFFF80      0x00100020         (0, 0, 6)      [14] [S]
    662     0x00011680       0xFFFFFF80      0x00000808         (0, 1, 2)      [5] [W]
    663     0x0000D400       0xFFFFFF80      0x008FFF8C         (0, 0, 10)      [1, 2, 3, 4, 5, 6, 7, 8, 9, 10, 11, 12, 13, 17] [N, W]
    664     0x0000FD80       0xFFFFFF80      0x00080000         (0, 0, 15)      [13] []
    665     0x0000CF80       0xFFFFFF80      0x0000C00E         (0, 0, 9)      [8, 9] [NE, N, W]
    666     0x00016780       0xFFFFFF80      0x00000010         (0, 1, 12)      [] [SW]
    667     0x00023B80       0xFFFFFF80      0x00000010         (0, 2, 7)      [] [SW]
    668     0x0000BE80       0xFFFFFF80      0x00000220         (0, 0, 7)      [3] [S]
    669     0x00023C00       0xFFFFFF80      0x00000010         (0, 2, 7)      [] [SW]
    670     0x0000CC00       0xFFFFFF80      0x0000018E         (0, 0, 9)      [1, 2] [NE, N, W]
    671     0x0001D380       0xFFFFFF80      0x00010000         (0, 1, 10)      [10] []
    672     0x0000A880       0xFFFFFF80      0x00800020         (0, 0, 5)      [17] [S]
    673     0x0000AC00       0xFFFFFF80      0x00000020         (0, 0, 5)      [] [S]
    674     0x00023D80       0xFFFFFF80      0x0000010E         (0, 2, 7)      [2] [NE, N, W]
    675     0x0000B600       0xFFFFFF80      0x00200020         (0, 0, 6)      [15] [S]
    676     0x00017380       0xFFFFFF80      0x00000008         (0, 1, 14)      [] [W]
    677     0x00014E00       0xFFFFFF80      0x000000A0         (0, 1, 9)      [1] [S]
    678     0x00004900       0xFFFFFF80      0x00000001         (0, 0, 9)      [] [E]
    679     0x00013D80       0xFFFFFF80      0x00000010         (0, 1, 7)      [] [SW]
    680     0x00007300       0xFFFFFF80      0x00000021         (0, 0, 14)      [] [E, S]
    681     0x00013080       0xFFFFFF80      0x00000010         (0, 1, 6)      [] [SW]
    682     0x00005480       0xFFFFFF80      0x00000003         (0, 0, 10)      [] [E, NE]
    683     0x0000F480       0xFFFFFF80      0x00000020         (0, 0, 14)      [] [S]
    684     0x00010780       0xFFFFFF80      0x00000420         (0, 1, 0)      [4] [S]
    685     0x0000F080       0xFFFFFF80      0x00600030         (0, 0, 14)      [16, 15] [SW, S]
    686     0x0000AE00       0xFFFFFF80      0x00000020         (0, 0, 5)      [] [S]
    687     0x00017800       0xFFFFFF80      0x00002008         (0, 1, 15)      [7] [W]
    688     0x0000D180       0xFFFFFF80      0x000C0006         (0, 0, 10)      [12, 13] [NE, N]
    689     0x00006D80       0xFFFFFF80      0x00200020         (0, 0, 13)      [15] [S]
    690     0x00001B80       0xFFFFFF80      0x00000001         (0, 0, 3)      [] [E]
    691     0x00014B00       0xFFFFFF80      0x00000020         (0, 1, 9)      [] [S]
    692     0x00017700       0xFFFFFF80      0x00000808         (0, 1, 14)      [5] [W]
    693     0x00016800       0xFFFFFF80      0x00000010         (0, 1, 13)      [] [SW]
    694     0x0000A780       0xFFFFFF80      0x00200020         (0, 0, 4)      [15] [S]
    695     0x00023800       0xFFFFFF80      0x00000010         (0, 2, 7)      [] [SW]
    696     0x0001BB80       0xFFFFFF80      0x00080000         (0, 1, 7)      [13] []
    697     0x00001900       0xFFFFFF80      0x00000001         (0, 0, 3)      [] [E]
    698     0x0000D100       0xFFFFFF80      0x00060006         (0, 0, 10)      [11, 12] [NE, N]
    699     0x00040300       0xFFFFFF00      0x00004000         (0, 4, 0)      [8] []
    700     0x0001B600       0xFFFFFF80      0x00000100         (0, 1, 6)      [2] []
    701     0x00002580       0xFFFFFF80      0x00400000         (0, 0, 4)      [16] []
    702     0x00006480       0xFFFFFF80      0x00000001         (0, 0, 12)      [] [E]
    703     0x00004580       0xFFFFFF80      0x00000001         (0, 0, 8)      [] [E]
    704     0x00003B00       0xFFFFFF80      0x00000081         (0, 0, 7)      [1] [E]
    705     0x0000C280       0xFFFFFF80      0x00020020         (0, 0, 8)      [11] [S]
    706     0x00024380       0xFFFFFF80      0x00000006         (0, 2, 8)      [] [NE, N]
    707     0x00013500       0xFFFFFF80      0x00004000         (0, 1, 6)      [8] []
    708     0x00005100       0xFFFFFF80      0x00400000         (0, 0, 10)      [16] []
    709     0x0000D580       0xFFFFFF80      0x000FFF8E         (0, 0, 10)      [1, 2, 3, 4, 5, 6, 7, 8, 9, 10, 11, 12, 13] [NE, N, W]
    710     0x00008D80       0xFFFFFF80      0x00000002         (0, 0, 1)      [] [NE]
    711     0x0000EA80       0xFFFFFF80      0x00F00630         (0, 0, 13)      [3, 4, 14, 15, 16, 17] [SW, S]
    712     0x0000CB00       0xFFFFFF80      0x0000000E         (0, 0, 9)      [] [NE, N, W]
    713     0x00014000       0xFFFFFF80      0x000000B0         (0, 1, 8)      [1] [SW, S]
    714     0x00004480       0xFFFFFF80      0x00000001         (0, 0, 8)      [] [E]
    715     0x00010B80       0xFFFFFF80      0x00040020         (0, 1, 1)      [12] [S]
    716     0x0000F900       0xFFFFFF80      0x00000420         (0, 0, 15)      [4] [S]
    717     0x00011880       0xFFFFFF80      0x00008008         (0, 1, 3)      [9] [W]
    718     0x00012F00       0xFFFFFF80      0x00000010         (0, 1, 5)      [] [SW]
    719     0x00016C00       0xFFFFFF80      0x00004008         (0, 1, 13)      [8] [W]
    720     0x0000F780       0xFFFFFF80      0x000000A0         (0, 0, 14)      [1] [S]
    721     0x0000DF80       0xFFFFFF80      0x000FFFBF         (0, 0, 11)      [1, 2, 3, 4, 5, 6, 7, 8, 9, 10, 11, 12, 13] [E, NE, N, W, SW, S]
    722     0x00018700       0xFFFFFF80      0x00080000         (0, 1, 0)      [13] []
    723     0x00023780       0xFFFFFF80      0x00000010         (0, 2, 6)      [] [SW]
    724     0x00001B00       0xFFFFFF80      0x00000001         (0, 0, 3)      [] [E]
    725     0x00000D80       0xFFFFFF80      0x00000001         (0, 0, 1)      [] [E]
    726     0x0001D880       0xFFFFFF80      0x00000800         (0, 1, 11)      [5] []
    727     0x0000AA80       0xFFFFFF80      0x00000020         (0, 0, 5)      [] [S]
    728     0x0000B380       0xFFFFFF80      0x00010020         (0, 0, 6)      [10] [S]
    729     0x0000D000       0xFFFFFF80      0x0001800E         (0, 0, 10)      [9, 10] [NE, N, W]
    730     0x00013400       0xFFFFFF80      0x00001000         (0, 1, 6)      [6] []
    731     0x00007D80       0xFFFFFF80      0x00000020         (0, 0, 15)      [] [S]
    732     0x00015D80       0xFFFFFF80      0x00000800         (0, 1, 11)      [5] []
    733     0x00017300       0xFFFFFF80      0x00000008         (0, 1, 14)      [] [W]
    734     0x00009100       0xFFFFFF80      0x00000002         (0, 0, 2)      [] [NE]
    735     0x0000F600       0xFFFFFF80      0x00000020         (0, 0, 14)      [] [S]
    736     0x00017400       0xFFFFFF80      0x00000008         (0, 1, 14)      [] [W]
    737     0x0000E780       0xFFFFFF80      0x00F00030         (0, 0, 12)      [16, 17, 14, 15] [SW, S]
    738     0x00008F80       0xFFFFFF80      0x00000002         (0, 0, 1)      [] [NE]
    739     0x00011780       0xFFFFFF80      0x00002008         (0, 1, 2)      [7] [W]
    740     0x0001E700       0xFFFFFF80      0x00002000         (0, 1, 12)      [7] []
    741     0x00011A80       0xFFFFFF80      0x00080000         (0, 1, 3)      [13] []
    742     0x00014B80       0xFFFFFF80      0x00000020         (0, 1, 9)      [] [S]
    743     0x0003FD00       0xFFFFFF00      0x00000100         (0, 3, 15)      [2] []
    744     0x0001AC80       0xFFFFFF80      0x00000100         (0, 1, 5)      [2] []
    745     0x00023980       0xFFFFFF80      0x00000010         (0, 2, 7)      [] [SW]
    746     0x0000F180       0xFFFFFF80      0x00800030         (0, 0, 14)      [17] [SW, S]
    747     0x00016500       0xFFFFFF80      0x00000010         (0, 1, 12)      [] [SW]
    748     0x00015A80       0xFFFFFF80      0x00000010         (0, 1, 11)      [] [SW]
    749     0x0000A100       0xFFFFFF80      0x00000121         (0, 0, 4)      [2] [E, S]
    750     0x0001C100       0xFFFFFF80      0x00001000         (0, 1, 8)      [6] []
    751     0x00002A00       0xFFFFFF80      0x00000001         (0, 0, 5)      [] [E]
    752     0x00007380       0xFFFFFF80      0x00000021         (0, 0, 14)      [] [E, S]
    753     0x0000C380       0xFFFFFF80      0x00000020         (0, 0, 8)      [] [S]
    754     0x00004A00       0xFFFFFF80      0x00000101         (0, 0, 9)      [2] [E]
    755     0x00002B80       0xFFFFFF80      0x00000001         (0, 0, 5)      [] [E]
    756     0x00006F00       0xFFFFFF80      0x00000021         (0, 0, 13)      [] [E, S]
    757     0x00006300       0xFFFFFF80      0x00000001         (0, 0, 12)      [] [E]
    758     0x00010200       0xFFFFFF80      0x00000020         (0, 1, 0)      [] [S]
    759     0x0001F380       0xFFFFFF80      0x00008000         (0, 1, 14)      [9] []
    760     0x0000BC00       0xFFFFFF80      0x00000020         (0, 0, 7)      [] [S]
    761     0x00003800       0xFFFFFF80      0x00000001         (0, 0, 7)      [] [E]
    762     0x00006C80       0xFFFFFF80      0x00000020         (0, 0, 13)      [] [S]
    763     0x00018200       0xFFFFFF80      0x00000218         (0, 1, 0)      [3] [W, SW]
    764     0x00005800       0xFFFFFF80      0x00000083         (0, 0, 11)      [1] [E, NE]
    765     0x00009A00       0xFFFFFF80      0x00800000         (0, 0, 3)      [17] []
    766     0x0001DB80       0xFFFFFF80      0x00020000         (0, 1, 11)      [11] []
    767     0x00023C80       0xFFFFFF80      0x00000010         (0, 2, 7)      [] [SW]
    768     0x00014F80       0xFFFFFF80      0x00000420         (0, 1, 9)      [4] [S]
    769     0x0000CA00       0xFFFFFF80      0x0000000E         (0, 0, 9)      [] [NE, N, W]
    770     0x00008B80       0xFFFFFF80      0x00800000         (0, 0, 1)      [17] []
    771     0x00020280       0xFFFFFF80      0x00040000         (0, 2, 0)      [12] []
    772     0x0001BA00       0xFFFFFF80      0x00010000         (0, 1, 7)      [10] []
    773     0x00012D00       0xFFFFFF80      0x00000018         (0, 1, 5)      [] [W, SW]
    774     0x00023D00       0xFFFFFF80      0x0000008E         (0, 2, 7)      [1] [NE, N, W]
    775     0x0000E200       0xFFFFFF80      0x00F0003C         (0, 0, 12)      [16, 17, 14, 15] [N, W, SW, S]
    776     0x00023F00       0xFFFFFF80      0x0000080E         (0, 2, 7)      [5] [NE, N, W]
    777     0x0000AD00       0xFFFFFF80      0x00000020         (0, 0, 5)      [] [S]
    778     0x00013280       0xFFFFFF80      0x00000210         (0, 1, 6)      [3] [SW]
    779     0x00014E80       0xFFFFFF80      0x00000120         (0, 1, 9)      [2] [S]
    780     0x00014C80       0xFFFFFF80      0x00000020         (0, 1, 9)      [] [S]
    781     0x00015D00       0xFFFFFF80      0x00000410         (0, 1, 11)      [4] [SW]
    782     0x0000E600       0xFFFFFF80      0x00F00030         (0, 0, 12)      [16, 17, 14, 15] [SW, S]
    783     0x00024100       0xFFFFFF80      0x0000800E         (0, 2, 8)      [9] [NE, N, W]
    784     0x00019C00       0xFFFFFF80      0x00010000         (0, 1, 3)      [10] []
    785     0x00019880       0xFFFFFF80      0x00000201         (0, 1, 3)      [3] [E]
    786     0x0001E380       0xFFFFFF80      0x00080000         (0, 1, 12)      [13] []
    787     0x00011500       0xFFFFFF80      0x00000108         (0, 1, 2)      [2] [W]
    788     0x0000A080       0xFFFFFF80      0x000000A1         (0, 0, 4)      [1] [E, S]
    789     0x0001D180       0xFFFFFF80      0x00001000         (0, 1, 10)      [6] []
    790     0x00012E80       0xFFFFFF80      0x00000010         (0, 1, 5)      [] [SW]
    791     0x00005180       0xFFFFFF80      0x00800000         (0, 0, 10)      [17] []
    792     0x0001E200       0xFFFFFF80      0x00010000         (0, 1, 12)      [10] []
    793     0x00015E80       0xFFFFFF80      0x00002000         (0, 1, 11)      [7] []
    794     0x00000780       0xFFFFFF80      0x00100000         (0, 0, 0)      [14] []
    795     0x00005080       0xFFFFFF80      0x00200000         (0, 0, 10)      [15] []
    796     0x00023A00       0xFFFFFF80      0x00000010         (0, 2, 7)      [] [SW]
    797     0x00015980       0xFFFFFF80      0x00000010         (0, 1, 11)      [] [SW]
    798     0x0000D700       0xFFFFFF80      0x000FFF8E         (0, 0, 10)      [1, 2, 3, 4, 5, 6, 7, 8, 9, 10, 11, 12, 13] [NE, N, W]
    799     0x00018500       0xFFFFFF80      0x00008020         (0, 1, 0)      [9] [S]
    800     0x0001C180       0xFFFFFF80      0x00002000         (0, 1, 8)      [7] []
    801     0x00005500       0xFFFFFF80      0x00000003         (0, 0, 10)      [] [E, NE]
    802     0x00015300       0xFFFFFF80      0x00020020         (0, 1, 10)      [11] [S]
    803     0x00012A00       0xFFFFFF80      0x00000010         (0, 1, 5)      [] [SW]
    804     0x00012380       0xFFFFFF80      0x00000108         (0, 1, 4)      [2] [W]
    805     0x00006100       0xFFFFFF80      0x00000001         (0, 0, 12)      [] [E]
    806     0x0000D780       0xFFFFFF80      0x000FFF8C         (0, 0, 10)      [1, 2, 3, 4, 5, 6, 7, 8, 9, 10, 11, 12, 13] [N, W]
    807     0x00012580       0xFFFFFF80      0x00001008         (0, 1, 4)      [6] [W]
    808     0x0000E400       0xFFFFFF80      0x00F00030         (0, 0, 12)      [16, 17, 14, 15] [SW, S]
    809     0x00013000       0xFFFFFF80      0x00000010         (0, 1, 6)      [] [SW]
    810     0x0001AE80       0xFFFFFF80      0x00001000         (0, 1, 5)      [6] []
    811     0x00005900       0xFFFFFF80      0x00000203         (0, 0, 11)      [3] [E, NE]
    812     0x0001A680       0xFFFFFF80      0x00010000         (0, 1, 4)      [10] []
    813     0x00011400       0xFFFFFF80      0x00000010         (0, 1, 2)      [] [SW]
    814     0x0000E100       0xFFFFFF80      0x00F0003C         (0, 0, 12)      [16, 17, 14, 15] [N, W, SW, S]
    815     0x00019000       0xFFFFFF80      0x00004000         (0, 1, 2)      [8] []
    816     0x00015C80       0xFFFFFF80      0x00000210         (0, 1, 11)      [3] [SW]
    817     0x00017880       0xFFFFFF80      0x00004008         (0, 1, 15)      [8] [W]
    818     0x00008000       0xFFFFFF80      0x00000020         (0, 0, 0)      [] [S]
    819     0x00012D80       0xFFFFFF80      0x00000018         (0, 1, 5)      [] [W, SW]
    820     0x0001C480       0xFFFFFF80      0x00080000         (0, 1, 8)      [13] []
    821     0x00004600       0xFFFFFF80      0x00000001         (0, 0, 8)      [] [E]
    822     0x00014380       0xFFFFFF80      0x00004020         (0, 1, 8)      [8] [S]
    823     0x00014580       0xFFFFFF80      0x00040020         (0, 1, 8)      [12] [S]
    824     0x0000DF00       0xFFFFFF80      0x000FFFBF         (0, 0, 11)      [1, 2, 3, 4, 5, 6, 7, 8, 9, 10, 11, 12, 13] [E, NE, N, W, SW, S]
    825     0x00013C00       0xFFFFFF80      0x00000010         (0, 1, 7)      [] [SW]
    826     0x00017900       0xFFFFFF80      0x00008008         (0, 1, 15)      [9] [W]
    827     0x00024500       0xFFFFFF80      0x00000006         (0, 2, 8)      [] [NE, N]
    828     0x0001C980       0xFFFFFF80      0x00001000         (0, 1, 9)      [6] []
    829     0x00012A80       0xFFFFFF80      0x00000010         (0, 1, 5)      [] [SW]
    830     0x00018680       0xFFFFFF80      0x00040020         (0, 1, 0)      [12] [S]
    831     0x0000B300       0xFFFFFF80      0x00008020         (0, 0, 6)      [9] [S]
