router contains 242 entries 
 
  Index   Key(hex)    Mask(hex)    Route(hex)    Src. Core -> [Cores][Links]
------------------------------------------------------------------------------
    0     0x0001F280       0xFFFFFF80      0x00000030         (0, 1, 14)      [] [SW, S]
    1     0x00023500       0xFFFFFF80      0x00000001         (0, 2, 6)      [] [E]
    2     0x00000C00       0xFFFFFF80      0x00000010         (0, 0, 1)      [] [SW]
    3     0x0001F500       0xFFFFFF80      0x00000030         (0, 1, 14)      [] [SW, S]
    4     0x00060E00       0xFFFFFF00      0x00000004         (0, 6, 1)      [] [N]
    5     0x0001EB80       0xFFFFFF80      0x00000030         (0, 1, 13)      [] [SW, S]
    6     0x0001B300       0xFFFFFF80      0x00000010         (0, 1, 6)      [] [SW]
    7     0x0001A800       0xFFFFFF80      0x00000010         (0, 1, 5)      [] [SW]
    8     0x00023A00       0xFFFFFF80      0x00010001         (0, 2, 7)      [10] [E]
    9     0x00001B80       0xFFFFFF80      0x00000010         (0, 0, 3)      [] [SW]
    10     0x0001C380       0xFFFFFF80      0x00000010         (0, 1, 8)      [] [SW]
    11     0x0001DC00       0xFFFFFF80      0x00000010         (0, 1, 11)      [] [SW]
    12     0x0001B080       0xFFFFFF80      0x00000010         (0, 1, 6)      [] [SW]
    13     0x00032800       0xFFFFFF00      0x00000010         (0, 3, 5)      [] [SW]
    14     0x0001D700       0xFFFFFF80      0x00000010         (0, 1, 10)      [] [SW]
    15     0x0001A000       0xFFFFFF80      0x00000010         (0, 1, 4)      [] [SW]
    16     0x0001E680       0xFFFFFF80      0x00000030         (0, 1, 12)      [] [SW, S]
    17     0x00023680       0xFFFFFF80      0x00000201         (0, 2, 6)      [3] [E]
    18     0x0001A480       0xFFFFFF80      0x00000010         (0, 1, 4)      [] [SW]
    19     0x00061000       0xFFFFFF00      0x00000004         (0, 6, 2)      [] [N]
    20     0x00000A80       0xFFFFFF80      0x00000010         (0, 0, 1)      [] [SW]
    21     0x0001EF00       0xFFFFFF80      0x00000030         (0, 1, 13)      [] [SW, S]
    22     0x00019480       0xFFFFFF80      0x00000010         (0, 1, 2)      [] [SW]
    23     0x00032200       0xFFFFFF00      0x00000010         (0, 3, 4)      [] [SW]
    24     0x0001E080       0xFFFFFF80      0x00000030         (0, 1, 12)      [] [SW, S]
    25     0x0001C480       0xFFFFFF80      0x00000010         (0, 1, 8)      [] [SW]
    26     0x0001F600       0xFFFFFF80      0x00000030         (0, 1, 14)      [] [SW, S]
    27     0x0001A380       0xFFFFFF80      0x00000010         (0, 1, 4)      [] [SW]
    28     0x0001BE00       0xFFFFFF80      0x00000010         (0, 1, 7)      [] [SW]
    29     0x0001E800       0xFFFFFF80      0x00000030         (0, 1, 13)      [] [SW, S]
    30     0x00019C80       0xFFFFFF80      0x00000010         (0, 1, 3)      [] [SW]
    31     0x00001B00       0xFFFFFF80      0x00000010         (0, 0, 3)      [] [SW]
    32     0x0001A900       0xFFFFFF80      0x00000010         (0, 1, 5)      [] [SW]
    33     0x00060F00       0xFFFFFF00      0x00000004         (0, 6, 1)      [] [N]
    34     0x00061200       0xFFFFFF00      0x00000004         (0, 6, 2)      [] [N]
    35     0x0001E600       0xFFFFFF80      0x00000030         (0, 1, 12)      [] [SW, S]
    36     0x00023D00       0xFFFFFF80      0x00400000         (0, 2, 7)      [16] []
    37     0x00019400       0xFFFFFF80      0x00000010         (0, 1, 2)      [] [SW]
    38     0x0001E880       0xFFFFFF80      0x00000030         (0, 1, 13)      [] [SW, S]
    39     0x00019600       0xFFFFFF80      0x00000010         (0, 1, 2)      [] [SW]
    40     0x0001F680       0xFFFFFF80      0x00000030         (0, 1, 14)      [] [SW, S]
    41     0x0001BB00       0xFFFFFF80      0x00000010         (0, 1, 7)      [] [SW]
    42     0x0001E380       0xFFFFFF80      0x00000030         (0, 1, 12)      [] [SW, S]
    43     0x00019F80       0xFFFFFF80      0x00000010         (0, 1, 3)      [] [SW]
    44     0x00033100       0xFFFFFF00      0x00000010         (0, 3, 6)      [] [SW]
    45     0x0001F380       0xFFFFFF80      0x00000030         (0, 1, 14)      [] [SW, S]
    46     0x0001D880       0xFFFFFF80      0x00000010         (0, 1, 11)      [] [SW]
    47     0x0001EE00       0xFFFFFF80      0x00000030         (0, 1, 13)      [] [SW, S]
    48     0x0001AD80       0xFFFFFF80      0x00000010         (0, 1, 5)      [] [SW]
    49     0x0001A280       0xFFFFFF80      0x00000010         (0, 1, 4)      [] [SW]
    50     0x0001F480       0xFFFFFF80      0x00000030         (0, 1, 14)      [] [SW, S]
    51     0x0001D900       0xFFFFFF80      0x00000010         (0, 1, 11)      [] [SW]
    52     0x0001C600       0xFFFFFF80      0x00000010         (0, 1, 8)      [] [SW]
    53     0x00000A00       0xFFFFFF80      0x00000010         (0, 0, 1)      [] [SW]
    54     0x0001B480       0xFFFFFF80      0x00000010         (0, 1, 6)      [] [SW]
    55     0x00032900       0xFFFFFF00      0x00000010         (0, 3, 5)      [] [SW]
    56     0x0001DA80       0xFFFFFF80      0x00000010         (0, 1, 11)      [] [SW]
    57     0x0001CF80       0xFFFFFF80      0x00000010         (0, 1, 9)      [] [SW]
    58     0x00032A00       0xFFFFFF00      0x00000010         (0, 3, 5)      [] [SW]
    59     0x0001C080       0xFFFFFF80      0x00000010         (0, 1, 8)      [] [SW]
    60     0x00023780       0xFFFFFF80      0x00000801         (0, 2, 6)      [5] [E]
    61     0x0001E280       0xFFFFFF80      0x00000030         (0, 1, 12)      [] [SW, S]
    62     0x00023800       0xFFFFFF80      0x00001001         (0, 2, 7)      [6] [E]
    63     0x00060700       0xFFFFFF00      0x00000004         (0, 6, 0)      [] [N]
    64     0x0001E900       0xFFFFFF80      0x00000030         (0, 1, 13)      [] [SW, S]
    65     0x00019F00       0xFFFFFF80      0x00000010         (0, 1, 3)      [] [SW]
    66     0x0001C180       0xFFFFFF80      0x00000010         (0, 1, 8)      [] [SW]
    67     0x00000E00       0xFFFFFF80      0x00000010         (0, 0, 1)      [] [SW]
    68     0x00019D80       0xFFFFFF80      0x00000010         (0, 1, 3)      [] [SW]
    69     0x0001F000       0xFFFFFF80      0x00000030         (0, 1, 14)      [] [SW, S]
    70     0x0001C680       0xFFFFFF80      0x00000010         (0, 1, 8)      [] [SW]
    71     0x00021D80       0xFFFFFF80      0x00000020         (0, 2, 3)      [] [S]
    72     0x0001B680       0xFFFFFF80      0x00000010         (0, 1, 6)      [] [SW]
    73     0x00023700       0xFFFFFF80      0x00000401         (0, 2, 6)      [4] [E]
    74     0x0001E580       0xFFFFFF80      0x00000030         (0, 1, 12)      [] [SW, S]
    75     0x00032C00       0xFFFFFF00      0x00000010         (0, 3, 5)      [] [SW]
    76     0x0001C000       0xFFFFFF80      0x00000010         (0, 1, 8)      [] [SW]
    77     0x0001DB80       0xFFFFFF80      0x00000010         (0, 1, 11)      [] [SW]
    78     0x0001BD80       0xFFFFFF80      0x00000010         (0, 1, 7)      [] [SW]
    79     0x0001B500       0xFFFFFF80      0x00000010         (0, 1, 6)      [] [SW]
    80     0x0001DE00       0xFFFFFF80      0x00000010         (0, 1, 11)      [] [SW]
    81     0x0001E480       0xFFFFFF80      0x00000030         (0, 1, 12)      [] [SW, S]
    82     0x0001F200       0xFFFFFF80      0x00000030         (0, 1, 14)      [] [SW, S]
    83     0x00060C00       0xFFFFFF00      0x00000004         (0, 6, 1)      [] [N]
    84     0x00032D00       0xFFFFFF00      0x00000010         (0, 3, 5)      [] [SW]
    85     0x00019900       0xFFFFFF80      0x00000010         (0, 1, 3)      [] [SW]
    86     0x0001B180       0xFFFFFF80      0x00000010         (0, 1, 6)      [] [SW]
    87     0x0001BF00       0xFFFFFF80      0x00000010         (0, 1, 7)      [] [SW]
    88     0x00001D00       0xFFFFFF80      0x00000010         (0, 0, 3)      [] [SW]
    89     0x0001C580       0xFFFFFF80      0x00000010         (0, 1, 8)      [] [SW]
    90     0x0001B780       0xFFFFFF80      0x00000010         (0, 1, 6)      [] [SW]
    91     0x0001E980       0xFFFFFF80      0x00000030         (0, 1, 13)      [] [SW, S]
    92     0x00060D00       0xFFFFFF00      0x00000004         (0, 6, 1)      [] [N]
    93     0x00019C00       0xFFFFFF80      0x00000010         (0, 1, 3)      [] [SW]
    94     0x00022600       0xFFFFFF80      0x00000020         (0, 2, 4)      [] [S]
    95     0x00019580       0xFFFFFF80      0x00000010         (0, 1, 2)      [] [SW]
    96     0x00033200       0xFFFFFF00      0x00000004         (0, 3, 6)      [] [N]
    97     0x0001D800       0xFFFFFF80      0x00000010         (0, 1, 11)      [] [SW]
    98     0x0001EA80       0xFFFFFF80      0x00000030         (0, 1, 13)      [] [SW, S]
    99     0x00001C80       0xFFFFFF80      0x00000010         (0, 0, 3)      [] [SW]
    100     0x0001BA80       0xFFFFFF80      0x00000010         (0, 1, 7)      [] [SW]
    101     0x00019B80       0xFFFFFF80      0x00000010         (0, 1, 3)      [] [SW]
    102     0x0001AE80       0xFFFFFF80      0x00000010         (0, 1, 5)      [] [SW]
    103     0x0001EC80       0xFFFFFF80      0x00000030         (0, 1, 13)      [] [SW, S]
    104     0x0001E780       0xFFFFFF80      0x00000030         (0, 1, 12)      [] [SW, S]
    105     0x0001E700       0xFFFFFF80      0x00000030         (0, 1, 12)      [] [SW, S]
    106     0x0001E400       0xFFFFFF80      0x00000030         (0, 1, 12)      [] [SW, S]
    107     0x00001D80       0xFFFFFF80      0x00000010         (0, 0, 3)      [] [SW]
    108     0x0001DE80       0xFFFFFF80      0x00000010         (0, 1, 11)      [] [SW]
    109     0x00060800       0xFFFFFF00      0x00000004         (0, 6, 1)      [] [N]
    110     0x0001EE80       0xFFFFFF80      0x00000030         (0, 1, 13)      [] [SW, S]
    111     0x00000B80       0xFFFFFF80      0x00000010         (0, 0, 1)      [] [SW]
    112     0x0001AA00       0xFFFFFF80      0x00000010         (0, 1, 5)      [] [SW]
    113     0x0001E100       0xFFFFFF80      0x00000030         (0, 1, 12)      [] [SW, S]
    114     0x0001F700       0xFFFFFF80      0x00000030         (0, 1, 14)      [] [SW, S]
    115     0x0001AF80       0xFFFFFF80      0x00000010         (0, 1, 5)      [] [SW]
    116     0x00060A00       0xFFFFFF00      0x00000004         (0, 6, 1)      [] [N]
    117     0x0001C200       0xFFFFFF80      0x00000010         (0, 1, 8)      [] [SW]
    118     0x0001EA00       0xFFFFFF80      0x00000030         (0, 1, 13)      [] [SW, S]
    119     0x00021800       0xFFFFFF80      0x00FFFF80         (0, 2, 3)      [1, 2, 3, 4, 5, 6, 7, 8, 9, 10, 11, 12, 13, 14, 15, 16, 17] []
    120     0x0001AC80       0xFFFFFF80      0x00000010         (0, 1, 5)      [] [SW]
    121     0x0001EB00       0xFFFFFF80      0x00000030         (0, 1, 13)      [] [SW, S]
    122     0x0001AE00       0xFFFFFF80      0x00000010         (0, 1, 5)      [] [SW]
    123     0x00019500       0xFFFFFF80      0x00000010         (0, 1, 2)      [] [SW]
    124     0x0001B100       0xFFFFFF80      0x00000010         (0, 1, 6)      [] [SW]
    125     0x00019780       0xFFFFFF80      0x00000010         (0, 1, 2)      [] [SW]
    126     0x0001B200       0xFFFFFF80      0x00000010         (0, 1, 6)      [] [SW]
    127     0x00022680       0xFFFFFF80      0x00000020         (0, 2, 4)      [] [S]
    128     0x0001F300       0xFFFFFF80      0x00000030         (0, 1, 14)      [] [SW, S]
    129     0x00060900       0xFFFFFF00      0x00000004         (0, 6, 1)      [] [N]
    130     0x00023880       0xFFFFFF80      0x00002001         (0, 2, 7)      [7] [E]
    131     0x0001B580       0xFFFFFF80      0x00000010         (0, 1, 6)      [] [SW]
    132     0x0001F180       0xFFFFFF80      0x00000030         (0, 1, 14)      [] [SW, S]
    133     0x0001F580       0xFFFFFF80      0x00000030         (0, 1, 14)      [] [SW, S]
    134     0x0001DF00       0xFFFFFF80      0x00000010         (0, 1, 11)      [] [SW]
    135     0x0001A780       0xFFFFFF80      0x00000010         (0, 1, 4)      [] [SW]
    136     0x0001B280       0xFFFFFF80      0x00000010         (0, 1, 6)      [] [SW]
    137     0x00019D00       0xFFFFFF80      0x00000010         (0, 1, 3)      [] [SW]
    138     0x0001DD00       0xFFFFFF80      0x00000010         (0, 1, 11)      [] [SW]
    139     0x0001C400       0xFFFFFF80      0x00000010         (0, 1, 8)      [] [SW]
    140     0x00023A80       0xFFFFFF80      0x00020001         (0, 2, 7)      [11] [E]
    141     0x00032400       0xFFFFFF00      0x00000010         (0, 3, 4)      [] [SW]
    142     0x00023B00       0xFFFFFF80      0x00040001         (0, 2, 7)      [12] [E]
    143     0x0001D980       0xFFFFFF80      0x00000010         (0, 1, 11)      [] [SW]
    144     0x0001B700       0xFFFFFF80      0x00000010         (0, 1, 6)      [] [SW]
    145     0x0001BB80       0xFFFFFF80      0x00000010         (0, 1, 7)      [] [SW]
    146     0x00023D80       0xFFFFFF80      0x00800000         (0, 2, 7)      [17] []
    147     0x0001A180       0xFFFFFF80      0x00000010         (0, 1, 4)      [] [SW]
    148     0x0001C300       0xFFFFFF80      0x00000010         (0, 1, 8)      [] [SW]
    149     0x0001A100       0xFFFFFF80      0x00000010         (0, 1, 4)      [] [SW]
    150     0x00000D80       0xFFFFFF80      0x00000010         (0, 0, 1)      [] [SW]
    151     0x00019680       0xFFFFFF80      0x00000010         (0, 1, 2)      [] [SW]
    152     0x00000980       0xFFFFFF80      0x00000010         (0, 0, 1)      [] [SW]
    153     0x0001EC00       0xFFFFFF80      0x00000030         (0, 1, 13)      [] [SW, S]
    154     0x0001A300       0xFFFFFF80      0x00000010         (0, 1, 4)      [] [SW]
    155     0x0001B900       0xFFFFFF80      0x00000010         (0, 1, 7)      [] [SW]
    156     0x0001A080       0xFFFFFF80      0x00000010         (0, 1, 4)      [] [SW]
    157     0x00060B00       0xFFFFFF00      0x00000004         (0, 6, 1)      [] [N]
    158     0x0001AF00       0xFFFFFF80      0x00000010         (0, 1, 5)      [] [SW]
    159     0x0001B380       0xFFFFFF80      0x00000010         (0, 1, 6)      [] [SW]
    160     0x0001B000       0xFFFFFF80      0x00000010         (0, 1, 6)      [] [SW]
    161     0x00000B00       0xFFFFFF80      0x00000010         (0, 0, 1)      [] [SW]
    162     0x0001DA00       0xFFFFFF80      0x00000010         (0, 1, 11)      [] [SW]
    163     0x0001D780       0xFFFFFF80      0x00000010         (0, 1, 10)      [] [SW]
    164     0x0001F880       0xFFFFFF80      0x00000030         (0, 1, 15)      [] [SW, S]
    165     0x0001D680       0xFFFFFF80      0x00000010         (0, 1, 10)      [] [SW]
    166     0x00032600       0xFFFFFF00      0x00000010         (0, 3, 4)      [] [SW]
    167     0x00032300       0xFFFFFF00      0x00000010         (0, 3, 4)      [] [SW]
    168     0x0001F080       0xFFFFFF80      0x00000030         (0, 1, 14)      [] [SW, S]
    169     0x00000D00       0xFFFFFF80      0x00000010         (0, 0, 1)      [] [SW]
    170     0x00001C00       0xFFFFFF80      0x00000010         (0, 0, 3)      [] [SW]
    171     0x0001BC00       0xFFFFFF80      0x00000010         (0, 1, 7)      [] [SW]
    172     0x0001F780       0xFFFFFF80      0x00000030         (0, 1, 14)      [] [SW, S]
    173     0x00019B00       0xFFFFFF80      0x00000010         (0, 1, 3)      [] [SW]
    174     0x00019700       0xFFFFFF80      0x00000010         (0, 1, 2)      [] [SW]
    175     0x0001BE80       0xFFFFFF80      0x00000010         (0, 1, 7)      [] [SW]
    176     0x0001ED00       0xFFFFFF80      0x00000030         (0, 1, 13)      [] [SW, S]
    177     0x0001D500       0xFFFFFF80      0x00000010         (0, 1, 10)      [] [SW]
    178     0x0001F100       0xFFFFFF80      0x00000030         (0, 1, 14)      [] [SW, S]
    179     0x0001A200       0xFFFFFF80      0x00000010         (0, 1, 4)      [] [SW]
    180     0x0001F800       0xFFFFFF80      0x00000030         (0, 1, 15)      [] [SW, S]
    181     0x0001A880       0xFFFFFF80      0x00000010         (0, 1, 5)      [] [SW]
    182     0x00061100       0xFFFFFF00      0x00000004         (0, 6, 2)      [] [N]
    183     0x0001AB00       0xFFFFFF80      0x00000010         (0, 1, 5)      [] [SW]
    184     0x0001E500       0xFFFFFF80      0x00000030         (0, 1, 12)      [] [SW, S]
    185     0x00019A80       0xFFFFFF80      0x00000010         (0, 1, 3)      [] [SW]
    186     0x00023600       0xFFFFFF80      0x00000101         (0, 2, 6)      [2] [E]
    187     0x0001D000       0xFFFFFF80      0x00000010         (0, 1, 10)      [] [SW]
    188     0x00023C00       0xFFFFFF80      0x00100021         (0, 2, 7)      [14] [E, S]
    189     0x00032500       0xFFFFFF00      0x00000010         (0, 3, 4)      [] [SW]
    190     0x00000900       0xFFFFFF80      0x00000010         (0, 0, 1)      [] [SW]
    191     0x0001B980       0xFFFFFF80      0x00000010         (0, 1, 7)      [] [SW]
    192     0x0001A980       0xFFFFFF80      0x00000010         (0, 1, 5)      [] [SW]
    193     0x00032E00       0xFFFFFF00      0x00000010         (0, 3, 5)      [] [SW]
    194     0x00023480       0xFFFFFF80      0x00000001         (0, 2, 6)      [] [E]
    195     0x00019E80       0xFFFFFF80      0x00000010         (0, 1, 3)      [] [SW]
    196     0x0001B400       0xFFFFFF80      0x00000010         (0, 1, 6)      [] [SW]
    197     0x00000C80       0xFFFFFF80      0x00000010         (0, 0, 1)      [] [SW]
    198     0x00019800       0xFFFFFF80      0x00000010         (0, 1, 3)      [] [SW]
    199     0x0001C100       0xFFFFFF80      0x00000010         (0, 1, 8)      [] [SW]
    200     0x00019980       0xFFFFFF80      0x00000010         (0, 1, 3)      [] [SW]
    201     0x0001AB80       0xFFFFFF80      0x00000010         (0, 1, 5)      [] [SW]
    202     0x00023900       0xFFFFFF80      0x00004001         (0, 2, 7)      [8] [E]
    203     0x0001F400       0xFFFFFF80      0x00000030         (0, 1, 14)      [] [SW, S]
    204     0x0001A400       0xFFFFFF80      0x00000010         (0, 1, 4)      [] [SW]
    205     0x0001AC00       0xFFFFFF80      0x00000010         (0, 1, 5)      [] [SW]
    206     0x00032B00       0xFFFFFF00      0x00000010         (0, 3, 5)      [] [SW]
    207     0x0001BC80       0xFFFFFF80      0x00000010         (0, 1, 7)      [] [SW]
    208     0x00023B80       0xFFFFFF80      0x00080001         (0, 2, 7)      [13] [E]
    209     0x0001E200       0xFFFFFF80      0x00000030         (0, 1, 12)      [] [SW, S]
    210     0x00019A00       0xFFFFFF80      0x00000010         (0, 1, 3)      [] [SW]
    211     0x00032700       0xFFFFFF00      0x00000010         (0, 3, 4)      [] [SW]
    212     0x0001B880       0xFFFFFF80      0x00000010         (0, 1, 7)      [] [SW]
    213     0x0001B800       0xFFFFFF80      0x00000010         (0, 1, 7)      [] [SW]
    214     0x0001DF80       0xFFFFFF80      0x00000010         (0, 1, 11)      [] [SW]
    215     0x0001E300       0xFFFFFF80      0x00000030         (0, 1, 12)      [] [SW, S]
    216     0x0001D580       0xFFFFFF80      0x00000010         (0, 1, 10)      [] [SW]
    217     0x0001ED80       0xFFFFFF80      0x00000030         (0, 1, 13)      [] [SW, S]
    218     0x0001AA80       0xFFFFFF80      0x00000010         (0, 1, 5)      [] [SW]
    219     0x00001A80       0xFFFFFF80      0x00000010         (0, 0, 3)      [] [SW]
    220     0x00023980       0xFFFFFF80      0x00008001         (0, 2, 7)      [9] [E]
    221     0x0001BF80       0xFFFFFF80      0x00000010         (0, 1, 7)      [] [SW]
    222     0x00019880       0xFFFFFF80      0x00000010         (0, 1, 3)      [] [SW]
    223     0x0001BD00       0xFFFFFF80      0x00000010         (0, 1, 7)      [] [SW]
    224     0x0001DB00       0xFFFFFF80      0x00000010         (0, 1, 11)      [] [SW]
    225     0x0001B600       0xFFFFFF80      0x00000010         (0, 1, 6)      [] [SW]
    226     0x00023580       0xFFFFFF80      0x00000081         (0, 2, 6)      [1] [E]
    227     0x00033000       0xFFFFFF00      0x00000010         (0, 3, 6)      [] [SW]
    228     0x0001C280       0xFFFFFF80      0x00000010         (0, 1, 8)      [] [SW]
    229     0x00023C80       0xFFFFFF80      0x00200021         (0, 2, 7)      [15] [E, S]
    230     0x0001D600       0xFFFFFF80      0x00000010         (0, 1, 10)      [] [SW]
    231     0x0001DC80       0xFFFFFF80      0x00000010         (0, 1, 11)      [] [SW]
    232     0x0001E180       0xFFFFFF80      0x00000030         (0, 1, 12)      [] [SW, S]
    233     0x0001EF80       0xFFFFFF80      0x00000030         (0, 1, 13)      [] [SW, S]
    234     0x00019E00       0xFFFFFF80      0x00000010         (0, 1, 3)      [] [SW]
    235     0x00000E80       0xFFFFFF80      0x00000010         (0, 0, 1)      [] [SW]
    236     0x0001C500       0xFFFFFF80      0x00000010         (0, 1, 8)      [] [SW]
    237     0x0001DD80       0xFFFFFF80      0x00000010         (0, 1, 11)      [] [SW]
    238     0x0001BA00       0xFFFFFF80      0x00000010         (0, 1, 7)      [] [SW]
    239     0x0001E000       0xFFFFFF80      0x00000010         (0, 1, 12)      [] [SW]
    240     0x00032F00       0xFFFFFF00      0x00000010         (0, 3, 5)      [] [SW]
    241     0x0001D480       0xFFFFFF80      0x00000010         (0, 1, 10)      [] [SW]
