router contains 637 entries 
 
  Index   Key(hex)    Mask(hex)    Route(hex)    Src. Core -> [Cores][Links]
------------------------------------------------------------------------------
    0     0x00020400       0xFFFFFF80      0x00200020         (0, 2, 0)      [15] [S]
    1     0x00017980       0xFFFFFF80      0x00010020         (0, 1, 15)      [10] [S]
    2     0x0001E880       0xFFFFFF80      0x00010002         (0, 1, 13)      [10] [NE]
    3     0x0001DF80       0xFFFFFF80      0x00000100         (0, 1, 11)      [2] []
    4     0x00012B80       0xFFFFFF80      0x00000080         (0, 1, 5)      [1] []
    5     0x0001BB80       0xFFFFFF80      0x00080002         (0, 1, 7)      [13] [NE]
    6     0x0001F600       0xFFFFFF80      0x00100000         (0, 1, 14)      [14] []
    7     0x0001F000       0xFFFFFF80      0x00080000         (0, 1, 14)      [13] []
    8     0x00014200       0xFFFFFF80      0x00000800         (0, 1, 8)      [5] []
    9     0x0000FA00       0xFFFFFF80      0x00001000         (0, 0, 15)      [6] []
    10     0x00022500       0xFFFFFF80      0x00FFFE00         (0, 2, 4)      [3, 4, 5, 6, 7, 8, 9, 10, 11, 12, 13, 14, 15, 16, 17] []
    11     0x0001D280       0xFFFFFF80      0x00006002         (0, 1, 10)      [8, 7] [NE]
    12     0x0001B200       0xFFFFFF80      0x00080002         (0, 1, 6)      [13] [NE]
    13     0x00057100       0xFFFFFF00      0x00000020         (0, 5, 14)      [] [S]
    14     0x0000FE80       0xFFFFFF80      0x00200008         (0, 0, 15)      [15] [W]
    15     0x0001EF80       0xFFFFFF80      0x00040000         (0, 1, 13)      [12] []
    16     0x0000C600       0xFFFFFF80      0x00000008         (0, 0, 8)      [] [W]
    17     0x0001BC00       0xFFFFFF80      0x00100000         (0, 1, 7)      [14] []
    18     0x0005E500       0xFFFFFF00      0x00800000         (0, 5, 12)      [17] []
    19     0x00020F00       0xFFFFFF80      0x00000100         (0, 2, 1)      [2] []
    20     0x0001BD00       0xFFFFFF80      0x00400000         (0, 1, 7)      [16] []
    21     0x00014580       0xFFFFFF80      0x00040008         (0, 1, 8)      [12] [W]
    22     0x00015C80       0xFFFFFF80      0x00000200         (0, 1, 11)      [3] []
    23     0x00016E80       0xFFFFFF80      0x00080020         (0, 1, 13)      [13] [S]
    24     0x0000EF00       0xFFFFFF80      0x00080008         (0, 0, 13)      [13] [W]
    25     0x00016B80       0xFFFFFF80      0x00002020         (0, 1, 13)      [7] [S]
    26     0x00013700       0xFFFFFF80      0x00040008         (0, 1, 6)      [12] [W]
    27     0x00011500       0xFFFFFF80      0x00000020         (0, 1, 2)      [] [S]
    28     0x00018900       0xFFFFFF80      0x00800008         (0, 1, 1)      [17] [W]
    29     0x00017B00       0xFFFFFF80      0x00080000         (0, 1, 15)      [13] []
    30     0x0000BE80       0xFFFFFF80      0x00000200         (0, 0, 7)      [3] []
    31     0x00019B80       0xFFFFFF80      0x0000800E         (0, 1, 3)      [9] [NE, N, W]
    32     0x00009300       0xFFFFFF80      0x00000200         (0, 0, 2)      [3] []
    33     0x00005900       0xFFFFFF80      0x00000200         (0, 0, 11)      [3] []
    34     0x00059700       0xFFFFFF00      0x00000020         (0, 5, 2)      [] [S]
    35     0x00008400       0xFFFFFF80      0x00000018         (0, 0, 0)      [] [W, SW]
    36     0x00016980       0xFFFFFF80      0x00000220         (0, 1, 13)      [3] [S]
    37     0x00019380       0xFFFFFF80      0x00200018         (0, 1, 2)      [15] [W, SW]
    38     0x0000E080       0xFFFFFF80      0x00080000         (0, 0, 12)      [13] []
    39     0x0001ED00       0xFFFFFF80      0x00000100         (0, 1, 13)      [2] []
    40     0x00024100       0xFFFFFF80      0x00008000         (0, 2, 8)      [9] []
    41     0x00018480       0xFFFFFF80      0x00004000         (0, 1, 0)      [8] []
    42     0x00057900       0xFFFFFF00      0x00000020         (0, 5, 15)      [] [S]
    43     0x0001AD80       0xFFFFFF80      0x00000402         (0, 1, 5)      [4] [NE]
    44     0x00020000       0xFFFFFF80      0x00200030         (0, 2, 0)      [15] [SW, S]
    45     0x00010980       0xFFFFFF80      0x00004010         (0, 1, 1)      [8] [SW]
    46     0x00011880       0xFFFFFF80      0x00008020         (0, 1, 3)      [9] [S]
    47     0x00023A00       0xFFFFFF80      0x00000002         (0, 2, 7)      [] [NE]
    48     0x00016180       0xFFFFFF80      0x00080000         (0, 1, 12)      [13] []
    49     0x0001E980       0xFFFFFF80      0x00040000         (0, 1, 13)      [12] []
    50     0x0001E100       0xFFFFFF80      0x00004002         (0, 1, 12)      [8] [NE]
    51     0x00014180       0xFFFFFF80      0x00000400         (0, 1, 8)      [4] []
    52     0x0001AB80       0xFFFFFF80      0x00000006         (0, 1, 5)      [] [NE, N]
    53     0x0001DC00       0xFFFFFF80      0x00040002         (0, 1, 11)      [12] [NE]
    54     0x00011C00       0xFFFFFF80      0x00400020         (0, 1, 3)      [16] [S]
    55     0x00015F80       0xFFFFFF80      0x00008000         (0, 1, 11)      [9] []
    56     0x0001DA80       0xFFFFFF80      0x00008002         (0, 1, 11)      [9] [NE]
    57     0x0001A300       0xFFFFFF80      0x00000206         (0, 1, 4)      [3] [NE, N]
    58     0x0001D880       0xFFFFFF80      0x00000802         (0, 1, 11)      [5] [NE]
    59     0x0001CD80       0xFFFFFF80      0x00FFFE3E         (0, 1, 9)      [3, 4, 5, 6, 7, 8, 9, 10, 11, 12, 13, 14, 15, 16, 17] [NE, N, W, SW, S]
    60     0x00013500       0xFFFFFF80      0x00004000         (0, 1, 6)      [8] []
    61     0x0001A700       0xFFFFFF80      0x0002000E         (0, 1, 4)      [11] [NE, N, W]
    62     0x00011A80       0xFFFFFF80      0x00080020         (0, 1, 3)      [13] [S]
    63     0x00024400       0xFFFFFF80      0x00200000         (0, 2, 8)      [15] []
    64     0x00019080       0xFFFFFF80      0x00008010         (0, 1, 2)      [9] [SW]
    65     0x00009580       0xFFFFFF80      0x00004000         (0, 0, 2)      [8] []
    66     0x0001EE80       0xFFFFFF80      0x00010002         (0, 1, 13)      [10] [NE]
    67     0x0001C880       0xFFFFFF80      0x00FFFE3F         (0, 1, 9)      [3, 4, 5, 6, 7, 8, 9, 10, 11, 12, 13, 14, 15, 16, 17] [E, NE, N, W, SW, S]
    68     0x0001C380       0xFFFFFF80      0x00060182         (0, 1, 8)      [1, 2, 11, 12] [NE]
    69     0x00059B00       0xFFFFFF00      0x00000020         (0, 5, 3)      [] [S]
    70     0x0001F180       0xFFFFFF80      0x00400000         (0, 1, 14)      [16] []
    71     0x0001B280       0xFFFFFF80      0x00100002         (0, 1, 6)      [14] [NE]
    72     0x0001E080       0xFFFFFF80      0x00002002         (0, 1, 12)      [7] [NE]
    73     0x00015300       0xFFFFFF80      0x00020010         (0, 1, 10)      [11] [SW]
    74     0x00059500       0xFFFFFF00      0x00000020         (0, 5, 2)      [] [S]
    75     0x00058400       0xFFFFFF00      0x00000020         (0, 5, 0)      [] [S]
    76     0x0001EB80       0xFFFFFF80      0x00400000         (0, 1, 13)      [16] []
    77     0x0001FD80       0xFFFFFF80      0x00000130         (0, 1, 15)      [2] [SW, S]
    78     0x00059C00       0xFFFFFF00      0x00000020         (0, 5, 3)      [] [S]
    79     0x0000ED80       0xFFFFFF80      0x00010000         (0, 0, 13)      [10] []
    80     0x0001F800       0xFFFFFF80      0x00000080         (0, 1, 15)      [1] []
    81     0x00015600       0xFFFFFF80      0x00800018         (0, 1, 10)      [17] [W, SW]
    82     0x0000CF00       0xFFFFFF80      0x00002000         (0, 0, 9)      [7] []
    83     0x0001C680       0xFFFFFF80      0x00800180         (0, 1, 8)      [1, 2, 17] []
    84     0x00010C80       0xFFFFFF80      0x00100000         (0, 1, 1)      [14] []
    85     0x00010780       0xFFFFFF80      0x00000410         (0, 1, 0)      [4] [SW]
    86     0x0001CC80       0xFFFFFF80      0x00FFFE3E         (0, 1, 9)      [3, 4, 5, 6, 7, 8, 9, 10, 11, 12, 13, 14, 15, 16, 17] [NE, N, W, SW, S]
    87     0x00013780       0xFFFFFF80      0x00080008         (0, 1, 6)      [13] [W]
    88     0x0000CD80       0xFFFFFF80      0x00000400         (0, 0, 9)      [4] []
    89     0x00010A80       0xFFFFFF80      0x00010010         (0, 1, 1)      [10] [SW]
    90     0x0001BF00       0xFFFFFF80      0x00000382         (0, 1, 7)      [1, 2, 3] [NE]
    91     0x00021100       0xFFFFFF80      0x00000100         (0, 2, 2)      [2] []
    92     0x00015000       0xFFFFFF80      0x00000810         (0, 1, 10)      [5] [SW]
    93     0x00014480       0xFFFFFF80      0x00010000         (0, 1, 8)      [10] []
    94     0x0001F080       0xFFFFFF80      0x00100000         (0, 1, 14)      [14] []
    95     0x00013280       0xFFFFFF80      0x00000200         (0, 1, 6)      [3] []
    96     0x00009500       0xFFFFFF80      0x00002000         (0, 0, 2)      [7] []
    97     0x00008280       0xFFFFFF80      0x00000010         (0, 0, 0)      [] [SW]
    98     0x0005E400       0xFFFFFF00      0x00400000         (0, 5, 12)      [16] []
    99     0x00015E80       0xFFFFFF80      0x00002000         (0, 1, 11)      [7] []
    100     0x0000D100       0xFFFFFF80      0x00020000         (0, 0, 10)      [11] []
    101     0x0001DE80       0xFFFFFF80      0x00800000         (0, 1, 11)      [17] []
    102     0x00016D80       0xFFFFFF80      0x00020020         (0, 1, 13)      [11] [S]
    103     0x00023E80       0xFFFFFF80      0x00000400         (0, 2, 7)      [4] []
    104     0x0001FE80       0xFFFFFF80      0x00040030         (0, 1, 15)      [12] [SW, S]
    105     0x00018F00       0xFFFFFF80      0x00001010         (0, 1, 1)      [6] [SW]
    106     0x0001D580       0xFFFFFF80      0x00180002         (0, 1, 10)      [13, 14] [NE]
    107     0x00057800       0xFFFFFF00      0x00000020         (0, 5, 15)      [] [S]
    108     0x00015200       0xFFFFFF80      0x00008010         (0, 1, 10)      [9] [SW]
    109     0x0001B180       0xFFFFFF80      0x00040002         (0, 1, 6)      [12] [NE]
    110     0x00020180       0xFFFFFF80      0x000000A0         (0, 2, 0)      [1] [S]
    111     0x00016C00       0xFFFFFF80      0x00004020         (0, 1, 13)      [8] [S]
    112     0x00009480       0xFFFFFF80      0x00001000         (0, 0, 2)      [6] []
    113     0x00014500       0xFFFFFF80      0x00020000         (0, 1, 8)      [11] []
    114     0x00017500       0xFFFFFF80      0x00000020         (0, 1, 14)      [] [S]
    115     0x0001B980       0xFFFFFF80      0x00008002         (0, 1, 7)      [9] [NE]
    116     0x00013980       0xFFFFFF80      0x00800008         (0, 1, 7)      [17] [W]
    117     0x00020280       0xFFFFFF80      0x00040020         (0, 2, 0)      [12] [S]
    118     0x0000DB80       0xFFFFFF80      0x00000200         (0, 0, 11)      [3] []
    119     0x00012A00       0xFFFFFF80      0x00200000         (0, 1, 5)      [15] []
    120     0x0001B580       0xFFFFFF80      0x00000002         (0, 1, 6)      [] [NE]
    121     0x00014680       0xFFFFFF80      0x00100008         (0, 1, 8)      [14] [W]
    122     0x0001DC80       0xFFFFFF80      0x00080002         (0, 1, 11)      [13] [NE]
    123     0x0001D680       0xFFFFFF80      0x00600002         (0, 1, 10)      [16, 15] [NE]
    124     0x00059600       0xFFFFFF00      0x00000020         (0, 5, 2)      [] [S]
    125     0x0001E680       0xFFFFFF80      0x00000100         (0, 1, 12)      [2] []
    126     0x00017080       0xFFFFFF80      0x00800020         (0, 1, 14)      [17] [S]
    127     0x0001E900       0xFFFFFF80      0x00020002         (0, 1, 13)      [11] [NE]
    128     0x0001FF80       0xFFFFFF80      0x00100030         (0, 1, 15)      [14] [SW, S]
    129     0x0001DA00       0xFFFFFF80      0x00004002         (0, 1, 11)      [8] [NE]
    130     0x0001E700       0xFFFFFF80      0x00002002         (0, 1, 12)      [7] [NE]
    131     0x0001AD00       0xFFFFFF80      0x0000020E         (0, 1, 5)      [3] [NE, N, W]
    132     0x00012880       0xFFFFFF80      0x00040000         (0, 1, 5)      [12] []
    133     0x0000EC00       0xFFFFFF80      0x00002000         (0, 0, 13)      [7] []
    134     0x0001A580       0xFFFFFF80      0x0000400E         (0, 1, 4)      [8] [NE, N, W]
    135     0x00016400       0xFFFFFF80      0x00000080         (0, 1, 12)      [1] []
    136     0x00019C80       0xFFFFFF80      0x00020006         (0, 1, 3)      [11] [NE, N]
    137     0x00012700       0xFFFFFF80      0x00008000         (0, 1, 4)      [9] []
    138     0x0001A100       0xFFFFFF80      0x00000002         (0, 1, 4)      [] [NE]
    139     0x0001FE00       0xFFFFFF80      0x00020030         (0, 1, 15)      [11] [SW, S]
    140     0x00014880       0xFFFFFF80      0x00000088         (0, 1, 9)      [1] [W]
    141     0x00016100       0xFFFFFF80      0x00040000         (0, 1, 12)      [12] []
    142     0x0001F380       0xFFFFFF80      0x00008002         (0, 1, 14)      [9] [NE]
    143     0x00015180       0xFFFFFF80      0x00004010         (0, 1, 10)      [8] [SW]
    144     0x00015400       0xFFFFFF80      0x00080018         (0, 1, 10)      [13] [W, SW]
    145     0x00016380       0xFFFFFF80      0x00800000         (0, 1, 12)      [17] []
    146     0x00010A00       0xFFFFFF80      0x00008010         (0, 1, 1)      [9] [SW]
    147     0x00013380       0xFFFFFF80      0x00000800         (0, 1, 6)      [5] []
    148     0x0001C180       0xFFFFFF80      0x00006182         (0, 1, 8)      [8, 1, 2, 7] [NE]
    149     0x0001AA00       0xFFFFFF80      0x0080000E         (0, 1, 5)      [17] [NE, N, W]
    150     0x0001CA00       0xFFFFFF80      0x00FFFE3F         (0, 1, 9)      [3, 4, 5, 6, 7, 8, 9, 10, 11, 12, 13, 14, 15, 16, 17] [E, NE, N, W, SW, S]
    151     0x0001F280       0xFFFFFF80      0x00000080         (0, 1, 14)      [1] []
    152     0x00006800       0xFFFFFF80      0x00000400         (0, 0, 13)      [4] []
    153     0x0000FA80       0xFFFFFF80      0x00002000         (0, 0, 15)      [7] []
    154     0x00020600       0xFFFFFF80      0x00000120         (0, 2, 0)      [2] [S]
    155     0x00018200       0xFFFFFF80      0x00000200         (0, 1, 0)      [3] []
    156     0x0001D400       0xFFFFFF80      0x00030002         (0, 1, 10)      [10, 11] [NE]
    157     0x00010B80       0xFFFFFF80      0x00040018         (0, 1, 1)      [12] [W, SW]
    158     0x00016F00       0xFFFFFF80      0x00100020         (0, 1, 13)      [14] [S]
    159     0x00058000       0xFFFFFF00      0x00000020         (0, 5, 0)      [] [S]
    160     0x0001DB80       0xFFFFFF80      0x00020002         (0, 1, 11)      [11] [NE]
    161     0x0001A180       0xFFFFFF80      0x00000002         (0, 1, 4)      [] [NE]
    162     0x00021080       0xFFFFFF80      0x00000080         (0, 2, 2)      [1] []
    163     0x00057B00       0xFFFFFF00      0x00000020         (0, 5, 15)      [] [S]
    164     0x0001AC00       0xFFFFFF80      0x00000006         (0, 1, 5)      [] [NE, N]
    165     0x0000CE80       0xFFFFFF80      0x00001000         (0, 0, 9)      [6] []
    166     0x0001C580       0xFFFFFF80      0x00600180         (0, 1, 8)      [16, 1, 2, 15] []
    167     0x0001CF00       0xFFFFFF80      0x00FFFE3E         (0, 1, 9)      [3, 4, 5, 6, 7, 8, 9, 10, 11, 12, 13, 14, 15, 16, 17] [NE, N, W, SW, S]
    168     0x00019D00       0xFFFFFF80      0x0004000E         (0, 1, 3)      [12] [NE, N, W]
    169     0x00019180       0xFFFFFF80      0x00020010         (0, 1, 2)      [11] [SW]
    170     0x00020980       0xFFFFFF80      0x00000120         (0, 2, 1)      [2] [S]
    171     0x0001F200       0xFFFFFF80      0x00800000         (0, 1, 14)      [17] []
    172     0x00013A80       0xFFFFFF80      0x00000108         (0, 1, 7)      [2] [W]
    173     0x0000C280       0xFFFFFF80      0x00020018         (0, 0, 8)      [11] [W, SW]
    174     0x0001F900       0xFFFFFF80      0x00010030         (0, 1, 15)      [10] [SW, S]
    175     0x00019400       0xFFFFFF80      0x0040000E         (0, 1, 2)      [16] [NE, N, W]
    176     0x00018E00       0xFFFFFF80      0x00000410         (0, 1, 1)      [4] [SW]
    177     0x0001FB00       0xFFFFFF80      0x00100030         (0, 1, 15)      [14] [SW, S]
    178     0x0000B080       0xFFFFFF80      0x00000400         (0, 0, 6)      [4] []
    179     0x00017680       0xFFFFFF80      0x00000400         (0, 1, 14)      [4] []
    180     0x00008480       0xFFFFFF80      0x00000218         (0, 0, 0)      [3] [W, SW]
    181     0x00011680       0xFFFFFF80      0x00000800         (0, 1, 2)      [5] []
    182     0x00013300       0xFFFFFF80      0x00000400         (0, 1, 6)      [4] []
    183     0x00022480       0xFFFFFF80      0x00000180         (0, 2, 4)      [1, 2] []
    184     0x0001BA80       0xFFFFFF80      0x00020002         (0, 1, 7)      [11] [NE]
    185     0x00023B00       0xFFFFFF80      0x00000002         (0, 2, 7)      [] [NE]
    186     0x00020B80       0xFFFFFF80      0x00800000         (0, 2, 1)      [17] []
    187     0x00019F00       0xFFFFFF80      0x0040000E         (0, 1, 3)      [16] [NE, N, W]
    188     0x00016480       0xFFFFFF80      0x00000100         (0, 1, 12)      [2] []
    189     0x00020A00       0xFFFFFF80      0x00100000         (0, 2, 1)      [14] []
    190     0x0001BF80       0xFFFFFF80      0x00000782         (0, 1, 7)      [1, 2, 3, 4] [NE]
    191     0x0000DD80       0xFFFFFF80      0x00002000         (0, 0, 11)      [7] []
    192     0x0000EE80       0xFFFFFF80      0x00040008         (0, 0, 13)      [12] [W]
    193     0x0000B100       0xFFFFFF80      0x00000800         (0, 0, 6)      [5] []
    194     0x0001A600       0xFFFFFF80      0x0000800E         (0, 1, 4)      [9] [NE, N, W]
    195     0x0000E000       0xFFFFFF80      0x00040000         (0, 0, 12)      [12] []
    196     0x0000B280       0xFFFFFF80      0x00004000         (0, 0, 6)      [8] []
    197     0x0000DE80       0xFFFFFF80      0x00008000         (0, 0, 11)      [9] []
    198     0x0001BA00       0xFFFFFF80      0x00010002         (0, 1, 7)      [10] [NE]
    199     0x0001D600       0xFFFFFF80      0x00300002         (0, 1, 10)      [14, 15] [NE]
    200     0x00019780       0xFFFFFF80      0x00000006         (0, 1, 2)      [] [NE, N]
    201     0x00024200       0xFFFFFF80      0x00020000         (0, 2, 8)      [11] []
    202     0x0001D780       0xFFFFFF80      0x00800082         (0, 1, 10)      [1, 17] [NE]
    203     0x00012500       0xFFFFFF80      0x00000800         (0, 1, 4)      [5] []
    204     0x00019B00       0xFFFFFF80      0x0000400E         (0, 1, 3)      [8] [NE, N, W]
    205     0x0005DC00       0xFFFFFF00      0x00004000         (0, 5, 11)      [8] []
    206     0x0001E380       0xFFFFFF80      0x00080002         (0, 1, 12)      [13] [NE]
    207     0x0000A180       0xFFFFFF80      0x00000200         (0, 0, 4)      [3] []
    208     0x00016D00       0xFFFFFF80      0x00010020         (0, 1, 13)      [10] [S]
    209     0x0001D800       0xFFFFFF80      0x00000100         (0, 1, 11)      [2] []
    210     0x0001C800       0xFFFFFF80      0x00FFFE3F         (0, 1, 9)      [3, 4, 5, 6, 7, 8, 9, 10, 11, 12, 13, 14, 15, 16, 17] [E, NE, N, W, SW, S]
    211     0x0000C180       0xFFFFFF80      0x00008018         (0, 0, 8)      [9] [W, SW]
    212     0x0005E200       0xFFFFFF00      0x00100000         (0, 5, 12)      [14] []
    213     0x00016E00       0xFFFFFF80      0x00040020         (0, 1, 13)      [12] [S]
    214     0x00010800       0xFFFFFF80      0x00000810         (0, 1, 1)      [5] [SW]
    215     0x00019500       0xFFFFFF80      0x0000008E         (0, 1, 2)      [1] [NE, N, W]
    216     0x00020300       0xFFFFFF80      0x00080020         (0, 2, 0)      [13] [S]
    217     0x00017A00       0xFFFFFF80      0x00020020         (0, 1, 15)      [11] [S]
    218     0x00017D00       0xFFFFFF80      0x00800000         (0, 1, 15)      [17] []
    219     0x0001F500       0xFFFFFF80      0x00040000         (0, 1, 14)      [12] []
    220     0x00017780       0xFFFFFF80      0x00001000         (0, 1, 14)      [6] []
    221     0x0001FA80       0xFFFFFF80      0x00080030         (0, 1, 15)      [13] [SW, S]
    222     0x00021700       0xFFFFFF80      0x00000001         (0, 2, 2)      [] [E]
    223     0x0001DD00       0xFFFFFF80      0x00100002         (0, 1, 11)      [14] [NE]
    224     0x00059800       0xFFFFFF00      0x00000020         (0, 5, 3)      [] [S]
    225     0x00059900       0xFFFFFF00      0x00000020         (0, 5, 3)      [] [S]
    226     0x00023B80       0xFFFFFF80      0x00000002         (0, 2, 7)      [] [NE]
    227     0x00057C00       0xFFFFFF00      0x00000020         (0, 5, 15)      [] [S]
    228     0x00018700       0xFFFFFF80      0x00080008         (0, 1, 0)      [13] [W]
    229     0x0001CB80       0xFFFFFF80      0x00FFFE3E         (0, 1, 9)      [3, 4, 5, 6, 7, 8, 9, 10, 11, 12, 13, 14, 15, 16, 17] [NE, N, W, SW, S]
    230     0x00015D00       0xFFFFFF80      0x00000400         (0, 1, 11)      [4] []
    231     0x0000FC00       0xFFFFFF80      0x00010000         (0, 0, 15)      [10] []
    232     0x00015E00       0xFFFFFF80      0x00001000         (0, 1, 11)      [6] []
    233     0x0000EA80       0xFFFFFF80      0x00000400         (0, 0, 13)      [4] []
    234     0x0001A380       0xFFFFFF80      0x00000406         (0, 1, 4)      [4] [NE, N]
    235     0x0001C980       0xFFFFFF80      0x00FFFE3F         (0, 1, 9)      [3, 4, 5, 6, 7, 8, 9, 10, 11, 12, 13, 14, 15, 16, 17] [E, NE, N, W, SW, S]
    236     0x00020E80       0xFFFFFF80      0x00000080         (0, 2, 1)      [1] []
    237     0x00023F00       0xFFFFFF80      0x00000800         (0, 2, 7)      [5] []
    238     0x00007600       0xFFFFFF80      0x00000200         (0, 0, 14)      [3] []
    239     0x0001CF80       0xFFFFFF80      0x00FFFE82         (0, 1, 9)      [1, 3, 4, 5, 6, 7, 8, 9, 10, 11, 12, 13, 14, 15, 16, 17] [NE]
    240     0x0000A380       0xFFFFFF80      0x00002000         (0, 0, 4)      [7] []
    241     0x0001C480       0xFFFFFF80      0x00180182         (0, 1, 8)      [1, 2, 13, 14] [NE]
    242     0x0000EF80       0xFFFFFF80      0x00100008         (0, 0, 13)      [14] [W]
    243     0x00057F00       0xFFFFFF00      0x00000020         (0, 5, 15)      [] [S]
    244     0x00021380       0xFFFFFF80      0x00000100         (0, 2, 2)      [2] []
    245     0x00018800       0xFFFFFF80      0x00200008         (0, 1, 1)      [15] [W]
    246     0x0001E600       0xFFFFFF80      0x00000080         (0, 1, 12)      [1] []
    247     0x0001B300       0xFFFFFF80      0x00200002         (0, 1, 6)      [15] [NE]
    248     0x0000CD00       0xFFFFFF80      0x00000200         (0, 0, 9)      [3] []
    249     0x00021000       0xFFFFFF80      0x00800000         (0, 2, 2)      [17] []
    250     0x00014780       0xFFFFFF80      0x00400008         (0, 1, 8)      [16] [W]
    251     0x0001AF80       0xFFFFFF80      0x00004002         (0, 1, 5)      [8] [NE]
    252     0x00058D00       0xFFFFFF00      0x00000020         (0, 5, 1)      [] [S]
    253     0x00023900       0xFFFFFF80      0x00000002         (0, 2, 7)      [] [NE]
    254     0x00015380       0xFFFFFF80      0x00040018         (0, 1, 10)      [12] [W, SW]
    255     0x0000D080       0xFFFFFF80      0x00010000         (0, 0, 10)      [10] []
    256     0x00058500       0xFFFFFF00      0x00000020         (0, 5, 0)      [] [S]
    257     0x00017E00       0xFFFFFF80      0x00000100         (0, 1, 15)      [2] []
    258     0x00008680       0xFFFFFF80      0x00002000         (0, 0, 0)      [7] []
    259     0x00012480       0xFFFFFF80      0x00000400         (0, 1, 4)      [4] []
    260     0x00020F80       0xFFFFFF80      0x00400000         (0, 2, 1)      [16] []
    261     0x00012B00       0xFFFFFF80      0x00800000         (0, 1, 5)      [17] []
    262     0x00019280       0xFFFFFF80      0x00080018         (0, 1, 2)      [13] [W, SW]
    263     0x00024180       0xFFFFFF80      0x00010000         (0, 2, 8)      [10] []
    264     0x00016000       0xFFFFFF80      0x00010000         (0, 1, 12)      [10] []
    265     0x00015500       0xFFFFFF80      0x00200018         (0, 1, 10)      [15] [W, SW]
    266     0x00016B00       0xFFFFFF80      0x00001020         (0, 1, 13)      [6] [S]
    267     0x0000ED00       0xFFFFFF80      0x00008000         (0, 0, 13)      [9] []
    268     0x0001C700       0xFFFFFF80      0x000001BE         (0, 1, 8)      [1, 2] [NE, N, W, SW, S]
    269     0x0000A200       0xFFFFFF80      0x00000400         (0, 0, 4)      [4] []
    270     0x00018600       0xFFFFFF80      0x00020000         (0, 1, 0)      [11] []
    271     0x0000F980       0xFFFFFF80      0x00000800         (0, 0, 15)      [5] []
    272     0x00057A00       0xFFFFFF00      0x00000020         (0, 5, 15)      [] [S]
    273     0x00013600       0xFFFFFF80      0x00010000         (0, 1, 6)      [10] []
    274     0x00020B00       0xFFFFFF80      0x00400000         (0, 2, 1)      [16] []
    275     0x00009400       0xFFFFFF80      0x00000800         (0, 0, 2)      [5] []
    276     0x0000C000       0xFFFFFF80      0x00001000         (0, 0, 8)      [6] []
    277     0x00004A00       0xFFFFFF80      0x00000008         (0, 0, 9)      [] [W]
    278     0x00019E00       0xFFFFFF80      0x0010000E         (0, 1, 3)      [14] [NE, N, W]
    279     0x00011600       0xFFFFFF80      0x00000400         (0, 1, 2)      [4] []
    280     0x00016300       0xFFFFFF80      0x00400000         (0, 1, 12)      [16] []
    281     0x00011580       0xFFFFFF80      0x00000220         (0, 1, 2)      [3] [S]
    282     0x0001C200       0xFFFFFF80      0x0000C182         (0, 1, 8)      [8, 1, 2, 9] [NE]
    283     0x0001D100       0xFFFFFF80      0x00000C02         (0, 1, 10)      [4, 5] [NE]
    284     0x0001B100       0xFFFFFF80      0x00020002         (0, 1, 6)      [11] [NE]
    285     0x0001A880       0xFFFFFF80      0x0010000E         (0, 1, 5)      [14] [NE, N, W]
    286     0x0001A680       0xFFFFFF80      0x0001000E         (0, 1, 4)      [10] [NE, N, W]
    287     0x00020080       0xFFFFFF80      0x00400030         (0, 2, 0)      [16] [SW, S]
    288     0x0001D500       0xFFFFFF80      0x000C0002         (0, 1, 10)      [12, 13] [NE]
    289     0x00058200       0xFFFFFF00      0x00000020         (0, 5, 0)      [] [S]
    290     0x0005D700       0xFFFFFF00      0x00000200         (0, 5, 10)      [3] []
    291     0x00013900       0xFFFFFF80      0x00400008         (0, 1, 7)      [16] [W]
    292     0x0001DB00       0xFFFFFF80      0x00010002         (0, 1, 11)      [10] [NE]
    293     0x0001B780       0xFFFFFF80      0x00000802         (0, 1, 6)      [5] [NE]
    294     0x00012680       0xFFFFFF80      0x00004000         (0, 1, 4)      [8] []
    295     0x0001E500       0xFFFFFF80      0x00400000         (0, 1, 12)      [16] []
    296     0x00018E80       0xFFFFFF80      0x00000810         (0, 1, 1)      [5] [SW]
    297     0x00059100       0xFFFFFF00      0x00000020         (0, 5, 2)      [] [S]
    298     0x0001BC80       0xFFFFFF80      0x00200000         (0, 1, 7)      [15] []
    299     0x0001EF00       0xFFFFFF80      0x00020002         (0, 1, 13)      [11] [NE]
    300     0x0001F700       0xFFFFFF80      0x00400000         (0, 1, 14)      [16] []
    301     0x00019A80       0xFFFFFF80      0x0000200E         (0, 1, 3)      [7] [NE, N, W]
    302     0x0001F880       0xFFFFFF80      0x00000100         (0, 1, 15)      [2] []
    303     0x00019700       0xFFFFFF80      0x00000006         (0, 1, 2)      [] [NE, N]
    304     0x0001E480       0xFFFFFF80      0x00200000         (0, 1, 12)      [15] []
    305     0x0000FD00       0xFFFFFF80      0x00040008         (0, 0, 15)      [12] [W]
    306     0x00007680       0xFFFFFF80      0x00000400         (0, 0, 14)      [4] []
    307     0x00024500       0xFFFFFF80      0x00800000         (0, 2, 8)      [17] []
    308     0x00013480       0xFFFFFF80      0x00002000         (0, 1, 6)      [7] []
    309     0x0000DD00       0xFFFFFF80      0x00001000         (0, 0, 11)      [6] []
    310     0x00020380       0xFFFFFF80      0x00100020         (0, 2, 0)      [14] [S]
    311     0x0001C100       0xFFFFFF80      0x00003182         (0, 1, 8)      [1, 2, 6, 7] [NE]
    312     0x0001E180       0xFFFFFF80      0x00008002         (0, 1, 12)      [9] [NE]
    313     0x00018400       0xFFFFFF80      0x00002000         (0, 1, 0)      [7] []
    314     0x0001E780       0xFFFFFF80      0x00004002         (0, 1, 12)      [8] [NE]
    315     0x00020500       0xFFFFFF80      0x00800020         (0, 2, 0)      [17] [S]
    316     0x00016080       0xFFFFFF80      0x00020000         (0, 1, 12)      [11] []
    317     0x0001C280       0xFFFFFF80      0x00018182         (0, 1, 8)      [1, 2, 10, 9] [NE]
    318     0x0001E200       0xFFFFFF80      0x00010002         (0, 1, 12)      [10] [NE]
    319     0x00018680       0xFFFFFF80      0x00040008         (0, 1, 0)      [12] [W]
    320     0x0001C080       0xFFFFFF80      0x00001982         (0, 1, 8)      [1, 2, 5, 6] [NE]
    321     0x0000F880       0xFFFFFF80      0x00000200         (0, 0, 15)      [3] []
    322     0x00014380       0xFFFFFF80      0x00004000         (0, 1, 8)      [8] []
    323     0x00015100       0xFFFFFF80      0x00002010         (0, 1, 10)      [7] [SW]
    324     0x0001D300       0xFFFFFF80      0x0000C002         (0, 1, 10)      [8, 9] [NE]
    325     0x00057400       0xFFFFFF00      0x00000020         (0, 5, 14)      [] [S]
    326     0x0001BD80       0xFFFFFF80      0x00800080         (0, 1, 7)      [17, 1] []
    327     0x0000BF00       0xFFFFFF80      0x00000400         (0, 0, 7)      [4] []
    328     0x0000B000       0xFFFFFF80      0x00000200         (0, 0, 6)      [3] []
    329     0x00005980       0xFFFFFF80      0x00000400         (0, 0, 11)      [4] []
    330     0x0001D380       0xFFFFFF80      0x00018002         (0, 1, 10)      [9, 10] [NE]
    331     0x00059400       0xFFFFFF00      0x00000020         (0, 5, 2)      [] [S]
    332     0x00018500       0xFFFFFF80      0x00008000         (0, 1, 0)      [9] []
    333     0x0005D500       0xFFFFFF00      0x00000080         (0, 5, 10)      [1] []
    334     0x00014F80       0xFFFFFF80      0x00000400         (0, 1, 9)      [4] []
    335     0x0000C080       0xFFFFFF80      0x00002000         (0, 0, 8)      [7] []
    336     0x00019600       0xFFFFFF80      0x00000006         (0, 1, 2)      [] [NE, N]
    337     0x00008500       0xFFFFFF80      0x00000418         (0, 0, 0)      [4] [W, SW]
    338     0x00056F00       0xFFFFFF00      0x00000020         (0, 5, 13)      [] [S]
    339     0x00059A00       0xFFFFFF00      0x00000020         (0, 5, 3)      [] [S]
    340     0x00004380       0xFFFFFF80      0x00000008         (0, 0, 8)      [] [W]
    341     0x00008380       0xFFFFFF80      0x00000010         (0, 0, 0)      [] [SW]
    342     0x00020880       0xFFFFFF80      0x00800020         (0, 2, 1)      [17] [S]
    343     0x00024480       0xFFFFFF80      0x00400000         (0, 2, 8)      [16] []
    344     0x0001A780       0xFFFFFF80      0x0004000E         (0, 1, 4)      [12] [NE, N, W]
    345     0x0000A400       0xFFFFFF80      0x00004000         (0, 0, 4)      [8] []
    346     0x00008200       0xFFFFFF80      0x00000010         (0, 0, 0)      [] [SW]
    347     0x00021280       0xFFFFFF80      0x00000100         (0, 2, 2)      [2] []
    348     0x0001EA80       0xFFFFFF80      0x00100000         (0, 1, 13)      [14] []
    349     0x00015700       0xFFFFFF80      0x00000118         (0, 1, 10)      [2] [W, SW]
    350     0x00008180       0xFFFFFF80      0x00000010         (0, 0, 0)      [] [SW]
    351     0x00016200       0xFFFFFF80      0x00100000         (0, 1, 12)      [14] []
    352     0x00013800       0xFFFFFF80      0x00100008         (0, 1, 7)      [14] [W]
    353     0x00058700       0xFFFFFF00      0x00000020         (0, 5, 0)      [] [S]
    354     0x0001A280       0xFFFFFF80      0x00000002         (0, 1, 4)      [] [NE]
    355     0x00057600       0xFFFFFF00      0x00000020         (0, 5, 14)      [] [S]
    356     0x00023E00       0xFFFFFF80      0x00000200         (0, 2, 7)      [3] []
    357     0x0001EC80       0xFFFFFF80      0x00000080         (0, 1, 13)      [1] []
    358     0x0000FE00       0xFFFFFF80      0x00100008         (0, 0, 15)      [14] [W]
    359     0x00017600       0xFFFFFF80      0x00000220         (0, 1, 14)      [3] [S]
    360     0x00023800       0xFFFFFF80      0x00000002         (0, 2, 7)      [] [NE]
    361     0x00017880       0xFFFFFF80      0x00004020         (0, 1, 15)      [8] [S]
    362     0x0001E800       0xFFFFFF80      0x00008002         (0, 1, 13)      [9] [NE]
    363     0x00018300       0xFFFFFF80      0x00000800         (0, 1, 0)      [5] []
    364     0x00058300       0xFFFFFF00      0x00000020         (0, 5, 0)      [] [S]
    365     0x00011B00       0xFFFFFF80      0x00100020         (0, 1, 3)      [14] [S]
    366     0x00023C80       0xFFFFFF80      0x00000002         (0, 2, 7)      [] [NE]
    367     0x00007780       0xFFFFFF80      0x00001000         (0, 0, 14)      [6] []
    368     0x0001BE80       0xFFFFFF80      0x00000100         (0, 1, 7)      [2] []
    369     0x00016F80       0xFFFFFF80      0x00200020         (0, 1, 13)      [15] [S]
    370     0x00017C00       0xFFFFFF80      0x00200000         (0, 1, 15)      [15] []
    371     0x00057200       0xFFFFFF00      0x00000020         (0, 5, 14)      [] [S]
    372     0x00012980       0xFFFFFF80      0x00100000         (0, 1, 5)      [14] []
    373     0x00020D80       0xFFFFFF80      0x00400000         (0, 2, 1)      [16] []
    374     0x0000FB00       0xFFFFFF80      0x00004000         (0, 0, 15)      [8] []
    375     0x0001FA00       0xFFFFFF80      0x00040030         (0, 1, 15)      [12] [SW, S]
    376     0x0001B500       0xFFFFFF80      0x00000102         (0, 1, 6)      [2] [NE]
    377     0x00058900       0xFFFFFF00      0x00000020         (0, 5, 1)      [] [S]
    378     0x00012800       0xFFFFFF80      0x00020000         (0, 1, 5)      [11] []
    379     0x00021180       0xFFFFFF80      0x00800000         (0, 2, 2)      [17] []
    380     0x00017480       0xFFFFFF80      0x00000020         (0, 1, 14)      [] [S]
    381     0x0001CE00       0xFFFFFF80      0x00FFFE3E         (0, 1, 9)      [3, 4, 5, 6, 7, 8, 9, 10, 11, 12, 13, 14, 15, 16, 17] [NE, N, W, SW, S]
    382     0x00057300       0xFFFFFF00      0x00000020         (0, 5, 14)      [] [S]
    383     0x00020900       0xFFFFFF80      0x000000A0         (0, 2, 1)      [1] [S]
    384     0x0005E000       0xFFFFFF00      0x00040000         (0, 5, 12)      [12] []
    385     0x0001D080       0xFFFFFF80      0x00000602         (0, 1, 10)      [3, 4] [NE]
    386     0x0000B300       0xFFFFFF80      0x00008000         (0, 0, 6)      [9] []
    387     0x00018880       0xFFFFFF80      0x00400008         (0, 1, 1)      [16] [W]
    388     0x0000BF80       0xFFFFFF80      0x00000800         (0, 0, 7)      [5] []
    389     0x0001C780       0xFFFFFF80      0x000001BE         (0, 1, 8)      [1, 2] [NE, N, W, SW, S]
    390     0x0001B080       0xFFFFFF80      0x00010002         (0, 1, 6)      [10] [NE]
    391     0x00011800       0xFFFFFF80      0x00004020         (0, 1, 3)      [8] [S]
    392     0x0001FC80       0xFFFFFF80      0x00800030         (0, 1, 15)      [17] [SW, S]
    393     0x00010D00       0xFFFFFF80      0x00200000         (0, 1, 1)      [15] []
    394     0x0001A480       0xFFFFFF80      0x00001006         (0, 1, 4)      [6] [NE, N]
    395     0x00024000       0xFFFFFF80      0x00002000         (0, 2, 8)      [7] []
    396     0x00014600       0xFFFFFF80      0x00080008         (0, 1, 8)      [13] [W]
    397     0x0005E100       0xFFFFFF00      0x00080000         (0, 5, 12)      [13] []
    398     0x0001A800       0xFFFFFF80      0x0008000E         (0, 1, 5)      [13] [NE, N, W]
    399     0x00004A80       0xFFFFFF80      0x00000208         (0, 0, 9)      [3] [W]
    400     0x00024280       0xFFFFFF80      0x00040000         (0, 2, 8)      [12] []
    401     0x00014800       0xFFFFFF80      0x00800008         (0, 1, 9)      [17] [W]
    402     0x00018980       0xFFFFFF80      0x00000088         (0, 1, 1)      [1] [W]
    403     0x00014280       0xFFFFFF80      0x00001000         (0, 1, 8)      [6] []
    404     0x0001E280       0xFFFFFF80      0x00020002         (0, 1, 12)      [11] [NE]
    405     0x00058B00       0xFFFFFF00      0x00000020         (0, 5, 1)      [] [S]
    406     0x00021300       0xFFFFFF80      0x00000080         (0, 2, 2)      [1] []
    407     0x0001A000       0xFFFFFF80      0x0000008E         (0, 1, 4)      [1] [NE, N, W]
    408     0x00010B00       0xFFFFFF80      0x00020010         (0, 1, 1)      [11] [SW]
    409     0x00015F00       0xFFFFFF80      0x00004000         (0, 1, 11)      [8] []
    410     0x00017700       0xFFFFFF80      0x00000800         (0, 1, 14)      [5] []
    411     0x0001E400       0xFFFFFF80      0x00100000         (0, 1, 12)      [14] []
    412     0x0000EC80       0xFFFFFF80      0x00004000         (0, 0, 13)      [8] []
    413     0x00057700       0xFFFFFF00      0x00000020         (0, 5, 14)      [] [S]
    414     0x00017100       0xFFFFFF80      0x000000A0         (0, 1, 14)      [1] [S]
    415     0x00057000       0xFFFFFF00      0x00000020         (0, 5, 14)      [] [S]
    416     0x0001FF00       0xFFFFFF80      0x00080030         (0, 1, 15)      [13] [SW, S]
    417     0x0000C200       0xFFFFFF80      0x00010018         (0, 0, 8)      [10] [W, SW]
    418     0x00023700       0xFFFFFF80      0x00000002         (0, 2, 6)      [] [NE]
    419     0x00019000       0xFFFFFF80      0x00004010         (0, 1, 2)      [8] [SW]
    420     0x0000B180       0xFFFFFF80      0x00001000         (0, 0, 6)      [6] []
    421     0x00018A00       0xFFFFFF80      0x00000108         (0, 1, 1)      [2] [W]
    422     0x00008580       0xFFFFFF80      0x00000818         (0, 0, 0)      [5] [W, SW]
    423     0x0000EE00       0xFFFFFF80      0x00020000         (0, 0, 13)      [11] []
    424     0x0001CA80       0xFFFFFF80      0x00FFFE3F         (0, 1, 9)      [3, 4, 5, 6, 7, 8, 9, 10, 11, 12, 13, 14, 15, 16, 17] [E, NE, N, W, SW, S]
    425     0x00016A00       0xFFFFFF80      0x00000420         (0, 1, 13)      [4] [S]
    426     0x0001EB00       0xFFFFFF80      0x00200000         (0, 1, 13)      [15] []
    427     0x0001C300       0xFFFFFF80      0x00030182         (0, 1, 8)      [1, 2, 11, 10] [NE]
    428     0x0001CB00       0xFFFFFF80      0x00FFFE3E         (0, 1, 9)      [3, 4, 5, 6, 7, 8, 9, 10, 11, 12, 13, 14, 15, 16, 17] [NE, N, W, SW, S]
    429     0x0001AC80       0xFFFFFF80      0x0000000E         (0, 1, 5)      [] [NE, N, W]
    430     0x00008300       0xFFFFFF80      0x00000010         (0, 0, 0)      [] [SW]
    431     0x00019900       0xFFFFFF80      0x0000040E         (0, 1, 3)      [4] [NE, N, W]
    432     0x0001EE00       0xFFFFFF80      0x00008002         (0, 1, 13)      [9] [NE]
    433     0x0001EC00       0xFFFFFF80      0x00800000         (0, 1, 13)      [17] []
    434     0x00008600       0xFFFFFF80      0x00001000         (0, 0, 0)      [6] []
    435     0x0001DE00       0xFFFFFF80      0x00400000         (0, 1, 11)      [16] []
    436     0x00014700       0xFFFFFF80      0x00200008         (0, 1, 8)      [15] [W]
    437     0x00013A00       0xFFFFFF80      0x00000088         (0, 1, 7)      [1] [W]
    438     0x0001F100       0xFFFFFF80      0x00200000         (0, 1, 14)      [15] []
    439     0x0001A080       0xFFFFFF80      0x0000010E         (0, 1, 4)      [2] [NE, N, W]
    440     0x0001AE80       0xFFFFFF80      0x00001002         (0, 1, 5)      [6] [NE]
    441     0x00017900       0xFFFFFF80      0x00008020         (0, 1, 15)      [9] [S]
    442     0x00019880       0xFFFFFF80      0x0000020E         (0, 1, 3)      [3] [NE, N, W]
    443     0x00018D80       0xFFFFFF80      0x00000200         (0, 1, 1)      [3] []
    444     0x00057500       0xFFFFFF00      0x00000020         (0, 5, 14)      [] [S]
    445     0x00012400       0xFFFFFF80      0x00000200         (0, 1, 4)      [3] []
    446     0x00007D80       0xFFFFFF80      0x00000008         (0, 0, 15)      [] [W]
    447     0x0001AA80       0xFFFFFF80      0x0000008E         (0, 1, 5)      [1] [NE, N, W]
    448     0x00019100       0xFFFFFF80      0x00010010         (0, 1, 2)      [10] [SW]
    449     0x0001C600       0xFFFFFF80      0x00C00180         (0, 1, 8)      [16, 1, 2, 17] []
    450     0x00011A00       0xFFFFFF80      0x00040020         (0, 1, 3)      [12] [S]
    451     0x00010700       0xFFFFFF80      0x00000200         (0, 1, 0)      [3] []
    452     0x00006880       0xFFFFFF80      0x00000800         (0, 0, 13)      [5] []
    453     0x00058F00       0xFFFFFF00      0x00000020         (0, 5, 1)      [] [S]
    454     0x0000DE00       0xFFFFFF80      0x00004000         (0, 0, 11)      [8] []
    455     0x00012780       0xFFFFFF80      0x00010000         (0, 1, 4)      [10] []
    456     0x00023F80       0xFFFFFF80      0x00001000         (0, 2, 7)      [6] []
    457     0x00017B80       0xFFFFFF80      0x00100000         (0, 1, 15)      [14] []
    458     0x00023A80       0xFFFFFF80      0x00000002         (0, 2, 7)      [] [NE]
    459     0x00019480       0xFFFFFF80      0x0080000E         (0, 1, 2)      [17] [NE, N, W]
    460     0x00058C00       0xFFFFFF00      0x00000020         (0, 5, 1)      [] [S]
    461     0x00010C00       0xFFFFFF80      0x00080018         (0, 1, 1)      [13] [W, SW]
    462     0x0001F780       0xFFFFFF80      0x00800000         (0, 1, 14)      [17] []
    463     0x00019D80       0xFFFFFF80      0x0008000E         (0, 1, 3)      [13] [NE, N, W]
    464     0x0001ED80       0xFFFFFF80      0x00004000         (0, 1, 13)      [8] []
    465     0x00019A00       0xFFFFFF80      0x0000100E         (0, 1, 3)      [6] [NE, N, W]
    466     0x00020580       0xFFFFFF80      0x000000A0         (0, 2, 0)      [1] [S]
    467     0x00014100       0xFFFFFF80      0x00000200         (0, 1, 8)      [3] []
    468     0x0005D800       0xFFFFFF00      0x00000400         (0, 5, 11)      [4] []
    469     0x00020800       0xFFFFFF80      0x00400020         (0, 2, 1)      [16] [S]
    470     0x00016280       0xFFFFFF80      0x00200000         (0, 1, 12)      [15] []
    471     0x00058A00       0xFFFFFF00      0x00000020         (0, 5, 1)      [] [S]
    472     0x00014300       0xFFFFFF80      0x00002000         (0, 1, 8)      [7] []
    473     0x00058100       0xFFFFFF00      0x00000020         (0, 5, 0)      [] [S]
    474     0x0000EB80       0xFFFFFF80      0x00001000         (0, 0, 13)      [6] []
    475     0x0001D700       0xFFFFFF80      0x00C00002         (0, 1, 10)      [16, 17] [NE]
    476     0x00015080       0xFFFFFF80      0x00001010         (0, 1, 10)      [6] [SW]
    477     0x0000CE00       0xFFFFFF80      0x00000800         (0, 0, 9)      [5] []
    478     0x00015D80       0xFFFFFF80      0x00000800         (0, 1, 11)      [5] []
    479     0x0001E000       0xFFFFFF80      0x00001002         (0, 1, 12)      [6] [NE]
    480     0x0001AE00       0xFFFFFF80      0x00000802         (0, 1, 5)      [5] [NE]
    481     0x0000DC00       0xFFFFFF80      0x00000400         (0, 0, 11)      [4] []
    482     0x00058E00       0xFFFFFF00      0x00000020         (0, 5, 1)      [] [S]
    483     0x00017000       0xFFFFFF80      0x00400020         (0, 1, 14)      [16] [S]
    484     0x00021400       0xFFFFFF80      0x00000100         (0, 2, 2)      [2] []
    485     0x00017C80       0xFFFFFF80      0x00400000         (0, 1, 15)      [16] []
    486     0x0001D180       0xFFFFFF80      0x00001802         (0, 1, 10)      [5, 6] [NE]
    487     0x0001D000       0xFFFFFF80      0x00FFFF82         (0, 1, 10)      [1, 2, 3, 4, 5, 6, 7, 8, 9, 10, 11, 12, 13, 14, 15, 16, 17] [NE]
    488     0x0001D980       0xFFFFFF80      0x00002002         (0, 1, 11)      [7] [NE]
    489     0x0001B700       0xFFFFFF80      0x00000402         (0, 1, 6)      [4] [NE]
    490     0x00010900       0xFFFFFF80      0x00002010         (0, 1, 1)      [7] [SW]
    491     0x0005DE00       0xFFFFFF00      0x00010000         (0, 5, 11)      [10] []
    492     0x00017A80       0xFFFFFF80      0x00040000         (0, 1, 15)      [12] []
    493     0x00015580       0xFFFFFF80      0x00400018         (0, 1, 10)      [16] [W, SW]
    494     0x00024600       0xFFFFFF80      0x00000100         (0, 2, 8)      [2] []
    495     0x0000A300       0xFFFFFF80      0x00001000         (0, 0, 4)      [6] []
    496     0x00012A80       0xFFFFFF80      0x00400000         (0, 1, 5)      [16] []
    497     0x0001E580       0xFFFFFF80      0x00800000         (0, 1, 12)      [17] []
    498     0x00024080       0xFFFFFF80      0x00004000         (0, 2, 8)      [8] []
    499     0x00018380       0xFFFFFF80      0x00001000         (0, 1, 0)      [6] []
    500     0x0001BB00       0xFFFFFF80      0x00040002         (0, 1, 7)      [12] [NE]
    501     0x00021600       0xFFFFFF80      0x00000001         (0, 2, 2)      [] [E]
    502     0x0001F300       0xFFFFFF80      0x00000100         (0, 1, 14)      [2] []
    503     0x0000DF80       0xFFFFFF80      0x00020000         (0, 0, 11)      [11] []
    504     0x00024380       0xFFFFFF80      0x00100000         (0, 2, 8)      [14] []
    505     0x00020A80       0xFFFFFF80      0x00200000         (0, 2, 1)      [15] []
    506     0x00020780       0xFFFFFF80      0x00200020         (0, 2, 0)      [15] [S]
    507     0x0001BE00       0xFFFFFF80      0x00000180         (0, 1, 7)      [1, 2] []
    508     0x0001B600       0xFFFFFF80      0x00000002         (0, 1, 6)      [] [NE]
    509     0x00014400       0xFFFFFF80      0x00008000         (0, 1, 8)      [9] []
    510     0x0005DF00       0xFFFFFF00      0x00020000         (0, 5, 11)      [11] []
    511     0x00009380       0xFFFFFF80      0x00000400         (0, 0, 2)      [4] []
    512     0x0001B380       0xFFFFFF80      0x00400002         (0, 1, 6)      [16] [NE]
    513     0x0001C500       0xFFFFFF80      0x00300180         (0, 1, 8)      [1, 2, 14, 15] []
    514     0x00013580       0xFFFFFF80      0x00008000         (0, 1, 6)      [9] []
    515     0x0001A500       0xFFFFFF80      0x0000200E         (0, 1, 4)      [7] [NE, N, W]
    516     0x0001F580       0xFFFFFF80      0x00080000         (0, 1, 14)      [13] []
    517     0x0001D900       0xFFFFFF80      0x00001002         (0, 1, 11)      [6] [NE]
    518     0x00059000       0xFFFFFF00      0x00000020         (0, 5, 2)      [] [S]
    519     0x00012900       0xFFFFFF80      0x00080000         (0, 1, 5)      [13] []
    520     0x0001C000       0xFFFFFF80      0x00000D82         (0, 1, 8)      [1, 2, 4, 5] [NE]
    521     0x00018280       0xFFFFFF80      0x00000400         (0, 1, 0)      [4] []
    522     0x0001D200       0xFFFFFF80      0x00003002         (0, 1, 10)      [6, 7] [NE]
    523     0x00024580       0xFFFFFF80      0x00000080         (0, 2, 8)      [1] []
    524     0x00017800       0xFFFFFF80      0x00002020         (0, 1, 15)      [7] [S]
    525     0x0005D900       0xFFFFFF00      0x00000800         (0, 5, 11)      [5] []
    526     0x00021200       0xFFFFFF80      0x00000080         (0, 2, 2)      [1] []
    527     0x00023C00       0xFFFFFF80      0x00000002         (0, 2, 7)      [] [NE]
    528     0x00057D00       0xFFFFFF00      0x00000020         (0, 5, 15)      [] [S]
    529     0x0001A200       0xFFFFFF80      0x00000002         (0, 1, 4)      [] [NE]
    530     0x00014900       0xFFFFFF80      0x00000108         (0, 1, 9)      [2] [W]
    531     0x0000D000       0xFFFFFF80      0x00008000         (0, 0, 10)      [9] []
    532     0x00012600       0xFFFFFF80      0x00002000         (0, 1, 4)      [7] []
    533     0x0001DD80       0xFFFFFF80      0x00200002         (0, 1, 11)      [15] [NE]
    534     0x00018580       0xFFFFFF80      0x00010000         (0, 1, 0)      [10] []
    535     0x00020E00       0xFFFFFF80      0x00800000         (0, 2, 1)      [17] []
    536     0x0000FC80       0xFFFFFF80      0x00020000         (0, 0, 15)      [11] []
    537     0x00018780       0xFFFFFF80      0x00100008         (0, 1, 0)      [14] [W]
    538     0x0000B200       0xFFFFFF80      0x00002000         (0, 0, 6)      [7] []
    539     0x0000C100       0xFFFFFF80      0x00004000         (0, 0, 8)      [8] []
    540     0x00020680       0xFFFFFF80      0x00080020         (0, 2, 0)      [13] [S]
    541     0x0001B900       0xFFFFFF80      0x00004002         (0, 1, 7)      [8] [NE]
    542     0x00059200       0xFFFFFF00      0x00000020         (0, 5, 2)      [] [S]
    543     0x0001FC00       0xFFFFFF80      0x00400030         (0, 1, 15)      [16] [SW, S]
    544     0x00016A80       0xFFFFFF80      0x00000820         (0, 1, 13)      [5] [S]
    545     0x0005DA00       0xFFFFFF00      0x00001000         (0, 5, 11)      [6] []
    546     0x00011980       0xFFFFFF80      0x00020020         (0, 1, 3)      [11] [S]
    547     0x0001EA00       0xFFFFFF80      0x00080000         (0, 1, 13)      [13] []
    548     0x0001CD00       0xFFFFFF80      0x00FFFE3E         (0, 1, 9)      [3, 4, 5, 6, 7, 8, 9, 10, 11, 12, 13, 14, 15, 16, 17] [NE, N, W, SW, S]
    549     0x00019680       0xFFFFFF80      0x00000006         (0, 1, 2)      [] [NE, N]
    550     0x00017D80       0xFFFFFF80      0x00000080         (0, 1, 15)      [1] []
    551     0x0001B000       0xFFFFFF80      0x00008002         (0, 1, 6)      [9] [NE]
    552     0x0000A480       0xFFFFFF80      0x00008000         (0, 0, 4)      [9] []
    553     0x0005DD00       0xFFFFFF00      0x00008000         (0, 5, 11)      [9] []
    554     0x0001F480       0xFFFFFF80      0x00020002         (0, 1, 14)      [11] [NE]
    555     0x00020100       0xFFFFFF80      0x00800030         (0, 2, 0)      [17] [SW, S]
    556     0x00020C80       0xFFFFFF80      0x00000100         (0, 2, 1)      [2] []
    557     0x00019C00       0xFFFFFF80      0x0001000E         (0, 1, 3)      [10] [NE, N, W]
    558     0x0000CF80       0xFFFFFF80      0x00004000         (0, 0, 9)      [8] []
    559     0x0001F680       0xFFFFFF80      0x00200000         (0, 1, 14)      [15] []
    560     0x00015280       0xFFFFFF80      0x00010010         (0, 1, 10)      [10] [SW]
    561     0x00020700       0xFFFFFF80      0x00100020         (0, 2, 0)      [14] [S]
    562     0x00024300       0xFFFFFF80      0x00080000         (0, 2, 8)      [13] []
    563     0x00020C00       0xFFFFFF80      0x00000080         (0, 2, 1)      [1] []
    564     0x0001E300       0xFFFFFF80      0x00040002         (0, 1, 12)      [12] [NE]
    565     0x00019E80       0xFFFFFF80      0x0020000E         (0, 1, 3)      [15] [NE, N, W]
    566     0x00019800       0xFFFFFF80      0x0000000E         (0, 1, 3)      [] [NE, N, W]
    567     0x0001FB80       0xFFFFFF80      0x00200030         (0, 1, 15)      [15] [SW, S]
    568     0x00023880       0xFFFFFF80      0x00000002         (0, 2, 7)      [] [NE]
    569     0x00011700       0xFFFFFF80      0x00001000         (0, 1, 2)      [6] []
    570     0x0001C900       0xFFFFFF80      0x00FFFE3F         (0, 1, 9)      [3, 4, 5, 6, 7, 8, 9, 10, 11, 12, 13, 14, 15, 16, 17] [E, NE, N, W, SW, S]
    571     0x00006780       0xFFFFFF80      0x00000200         (0, 0, 12)      [3] []
    572     0x00017580       0xFFFFFF80      0x00000020         (0, 1, 14)      [] [S]
    573     0x00015480       0xFFFFFF80      0x00100018         (0, 1, 10)      [14] [W, SW]
    574     0x00011B80       0xFFFFFF80      0x00200020         (0, 1, 3)      [15] [S]
    575     0x00013680       0xFFFFFF80      0x00020000         (0, 1, 6)      [11] []
    576     0x00019200       0xFFFFFF80      0x00040018         (0, 1, 2)      [12] [W, SW]
    577     0x00057E00       0xFFFFFF00      0x00000020         (0, 5, 15)      [] [S]
    578     0x00019580       0xFFFFFF80      0x0000010E         (0, 1, 2)      [2] [NE, N, W]
    579     0x00018F80       0xFFFFFF80      0x00002010         (0, 1, 1)      [7] [SW]
    580     0x00019F80       0xFFFFFF80      0x0080000E         (0, 1, 3)      [17] [NE, N, W]
    581     0x0000FB80       0xFFFFFF80      0x00008000         (0, 0, 15)      [9] []
    582     0x0000D180       0xFFFFFF80      0x00040000         (0, 0, 10)      [12] []
    583     0x00010880       0xFFFFFF80      0x00001010         (0, 1, 1)      [6] [SW]
    584     0x0000DF00       0xFFFFFF80      0x00010000         (0, 0, 11)      [10] []
    585     0x00017180       0xFFFFFF80      0x00000120         (0, 1, 14)      [2] [S]
    586     0x0001B680       0xFFFFFF80      0x00000202         (0, 1, 6)      [3] [NE]
    587     0x0001B480       0xFFFFFF80      0x00000082         (0, 1, 6)      [1] [NE]
    588     0x00058600       0xFFFFFF00      0x00000020         (0, 5, 0)      [] [S]
    589     0x0001F980       0xFFFFFF80      0x00020030         (0, 1, 15)      [11] [SW, S]
    590     0x0001CC00       0xFFFFFF80      0x00FFFE3E         (0, 1, 9)      [3, 4, 5, 6, 7, 8, 9, 10, 11, 12, 13, 14, 15, 16, 17] [NE, N, W, SW, S]
    591     0x0005DB00       0xFFFFFF00      0x00002000         (0, 5, 11)      [7] []
    592     0x0000DC80       0xFFFFFF80      0x00000800         (0, 0, 11)      [5] []
    593     0x00021B00       0xFFFFFF80      0x00000002         (0, 2, 3)      [] [NE]
    594     0x00023780       0xFFFFFF80      0x00000002         (0, 2, 6)      [] [NE]
    595     0x0001C400       0xFFFFFF80      0x000C0182         (0, 1, 8)      [1, 2, 12, 13] [NE]
    596     0x00007700       0xFFFFFF80      0x00000800         (0, 0, 14)      [5] []
    597     0x00010D80       0xFFFFFF80      0x00400000         (0, 1, 1)      [16] []
    598     0x0000EA00       0xFFFFFF80      0x00000200         (0, 0, 13)      [3] []
    599     0x00015680       0xFFFFFF80      0x00000098         (0, 1, 10)      [1] [W, SW]
    600     0x0001D480       0xFFFFFF80      0x00060002         (0, 1, 10)      [11, 12] [NE]
    601     0x00019300       0xFFFFFF80      0x00100018         (0, 1, 2)      [14] [W, SW]
    602     0x00014F00       0xFFFFFF80      0x00000200         (0, 1, 9)      [3] []
    603     0x0001CE80       0xFFFFFF80      0x00FFFE3E         (0, 1, 9)      [3, 4, 5, 6, 7, 8, 9, 10, 11, 12, 13, 14, 15, 16, 17] [NE, N, W, SW, S]
    604     0x0000FD80       0xFFFFFF80      0x00080008         (0, 0, 15)      [13] [W]
    605     0x00020480       0xFFFFFF80      0x00400020         (0, 2, 0)      [16] [S]
    606     0x00016C80       0xFFFFFF80      0x00008020         (0, 1, 13)      [9] [S]
    607     0x0001A900       0xFFFFFF80      0x0020000E         (0, 1, 5)      [15] [NE, N, W]
    608     0x0000F900       0xFFFFFF80      0x00000400         (0, 0, 15)      [4] []
    609     0x0001B400       0xFFFFFF80      0x00800002         (0, 1, 6)      [17] [NE]
    610     0x0001A980       0xFFFFFF80      0x0040000E         (0, 1, 5)      [16] [NE, N, W]
    611     0x00013400       0xFFFFFF80      0x00001000         (0, 1, 6)      [6] []
    612     0x00020200       0xFFFFFF80      0x00000120         (0, 2, 0)      [2] [S]
    613     0x00023980       0xFFFFFF80      0x00000002         (0, 2, 7)      [] [NE]
    614     0x0001AF00       0xFFFFFF80      0x00002002         (0, 1, 5)      [7] [NE]
    615     0x00011C80       0xFFFFFF80      0x00800020         (0, 1, 3)      [17] [S]
    616     0x00012580       0xFFFFFF80      0x00001000         (0, 1, 4)      [6] []
    617     0x0005E300       0xFFFFFF00      0x00200000         (0, 5, 12)      [15] []
    618     0x0000A280       0xFFFFFF80      0x00000800         (0, 0, 4)      [5] []
    619     0x0001F400       0xFFFFFF80      0x00010002         (0, 1, 14)      [10] [NE]
    620     0x00058800       0xFFFFFF00      0x00000020         (0, 5, 1)      [] [S]
    621     0x0000EB00       0xFFFFFF80      0x00000800         (0, 0, 13)      [5] []
    622     0x00020D00       0xFFFFFF80      0x00200000         (0, 2, 1)      [15] []
    623     0x00013880       0xFFFFFF80      0x00200008         (0, 1, 7)      [15] [W]
    624     0x0001AB00       0xFFFFFF80      0x0000010E         (0, 1, 5)      [2] [NE, N, W]
    625     0x0000B380       0xFFFFFF80      0x00010000         (0, 0, 6)      [10] []
    626     0x0005D600       0xFFFFFF00      0x00000100         (0, 5, 10)      [2] []
    627     0x00021680       0xFFFFFF80      0x00000001         (0, 2, 2)      [] [E]
    628     0x0001FD00       0xFFFFFF80      0x000000B0         (0, 1, 15)      [1] [SW, S]
    629     0x0001DF00       0xFFFFFF80      0x00000080         (0, 1, 11)      [1] []
    630     0x0001A400       0xFFFFFF80      0x00000806         (0, 1, 4)      [5] [NE, N]
    631     0x00011900       0xFFFFFF80      0x00010020         (0, 1, 3)      [10] [S]
    632     0x0001B880       0xFFFFFF80      0x00002002         (0, 1, 7)      [7] [NE]
    633     0x0001B800       0xFFFFFF80      0x00001002         (0, 1, 7)      [6] [NE]
    634     0x00059300       0xFFFFFF00      0x00000020         (0, 5, 2)      [] [S]
    635     0x00019980       0xFFFFFF80      0x0000080E         (0, 1, 3)      [5] [NE, N, W]
    636     0x00011780       0xFFFFFF80      0x00002020         (0, 1, 2)      [7] [S]
